1.4656 	WARNING 	We strongly recommend you activate the PTB sound engine in PsychoPy prefs as the preferred audio engine. Its timing is vastly superior. Your prefs are currently set to use ['sounddevice', 'PTB', 'pyo', 'pygame'] (in that order).
14.7941 	WARNING 	Couldn't measure a consistent frame rate.
  - Is your graphics card set to sync to vertical blank?
  - Are you running other processes on your computer?

14.7945 	EXP 	Created window1 = Window(allowGUI=False, allowStencil=False, autoLog=True, backendConf=UNKNOWN, bitsMode=UNKNOWN, blendMode='avg', bpc=(8, 8, 8), color=array([0, 0, 0]), colorSpace='rgb', depthBits=8, fullscr=<method-wrapper '__getattribute__' of attributeSetter object at 0x000001AEDF1A6438>, gamma=None, gammaErrorPolicy='raise', lms=UNKNOWN, monitor=<psychopy.monitors.calibTools.Monitor object at 0x000001AEDF2BE7B8>, multiSample=False, name='window1', numSamples=2, pos=[0.0, 0.0], screen=0, size=array([1920, 1080]), stencilBits=0, stereo=False, units='height', useFBO=True, useRetina=False, viewOri=0.0, viewPos=None, viewScale=None, waitBlanking=True, winType='pyglet')
14.7948 	EXP 	window1: mouseVisible = True
14.7948 	EXP 	window1: recordFrameIntervals = False
14.9937 	EXP 	window1: recordFrameIntervals = True
15.1579 	WARNING 	t of last frame was 31.76ms (=1/31)
15.2031 	WARNING 	t of last frame was 27.55ms (=1/36)
15.2254 	WARNING 	t of last frame was 22.33ms (=1/44)
15.2911 	WARNING 	t of last frame was 32.46ms (=1/30)
15.3749 	WARNING 	Multiple dropped frames have occurred - I'll stop bothering you about them!
17.0448 	WARNING 	Couldn't measure a consistent frame rate.
  - Is your graphics card set to sync to vertical blank?
  - Are you running other processes on your computer?

17.9423 	EXP 	Created WelcomeText = TextStim(__class__=<class 'psychopy.visual.text.TextStim'>, alignHoriz=method-wrapper(...), alignText='center', alignVert=method-wrapper(...), anchorHoriz='center', anchorVert='center', antialias=True, autoLog=True, bold=False, color=array([1, 1, 1]), colorSpace='rgb', contrast=1.0, depth=0.0, flipHoriz=False, flipVert=False, font='Open Sans', fontFiles=[], height=0.1, italic=False, languageStyle='LTR', name='WelcomeText', opacity=1, ori=0.0, pos=array([0., 0.]), rgb=UNKNOWN, text='Welcome to our Study!', units='height', win=Window(...), wrapWidth=1)
17.9900 	EXP 	Imported depression.xlsx as conditions, 2 conditions, 12 params
17.9955 	EXP 	Question text: Sadness
18.0458 	EXP 	window1: mouseVisible = True
18.1447 	EXP 	Question text: Pessimism
18.1582 	EXP 	window1: mouseVisible = True
18.2193 	EXP 	window1: mouseVisible = True
18.2276 	EXP 	Created unnamed Rect = Rect(__class__=<class 'psychopy.visual.rect.Rect'>, autoDraw=False, autoLog=True, closeShape=True, color=method-wrapper(...), colorSpace='rgb', contrast=None, depth=0, fillColor=array([0, 0, 0]), fillColorSpace='rgb', fillRGB=UNKNOWN, interpolate=True, lineColor=array([0, 0, 0]), lineColorSpace='rgb', lineRGB=UNKNOWN, lineWidth=1.5, name='unnamed Rect', opacity=0, ori=0.0, pos=array([0., 0.]), size=array([0., 0.]), units='height', vertices=ndarray(...), win=Window(...))
18.2520 	EXP 	Created DepressionQuestionnaire = <psychopy.visual.form.Form object at 0x000001AEE1EF3390>
18.2909 	EXP 	window1: mouseVisible = True
18.3888 	EXP 	Created instructionsText = TextStim(__class__=<class 'psychopy.visual.text.TextStim'>, alignHoriz=method-wrapper(...), alignText='center', alignVert=method-wrapper(...), anchorHoriz='center', anchorVert='center', antialias=True, autoLog=True, bold=False, color=array([1, 1, 1]), colorSpace='rgb', contrast=1.0, depth=0.0, flipHoriz=False, flipVert=False, font='Open Sans', fontFiles=[], height=0.04, italic=False, languageStyle='LTR', name='instructionsText', opacity=1, ori=0.0, pos=array([0., 0.]), rgb=UNKNOWN, text=str(...), units='height', win=Window(...), wrapWidth=1)
18.3992 	EXP 	Created hasPeriphery = ImageStim(__class__=<class 'psychopy.visual.image.ImageStim'>, autoLog=True, color=array([1, 1, 1]), colorSpace='rgb', contrast=1.0, depth=0.0, flipHoriz=False, flipVert=False, image='sin', interpolate=True, mask=None, maskParams=None, name='hasPeriphery', opacity=1.0, ori=0.0, pos=array([0., 0.]), size=array([0.5, 0.5]), texRes=128.0, units='height', win=Window(...))
18.4060 	EXP 	Created noPeriphery = ImageStim(__class__=<class 'psychopy.visual.image.ImageStim'>, autoLog=True, color=array([1, 1, 1]), colorSpace='rgb', contrast=1.0, depth=-2.0, flipHoriz=False, flipVert=False, image='sin', interpolate=True, mask=None, maskParams=None, name='noPeriphery', opacity=1.0, ori=0.0, pos=array([0., 0.]), size=array([0.5, 0.5]), texRes=128.0, units='height', win=Window(...))
18.4124 	EXP 	Created text = TextStim(__class__=<class 'psychopy.visual.text.TextStim'>, alignHoriz=method-wrapper(...), alignText='center', alignVert=method-wrapper(...), anchorHoriz='center', anchorVert='center', antialias=True, autoLog=True, bold=False, color=array([ 1, -1, -1]), colorSpace='rgb', contrast=1.0, depth=-3.0, flipHoriz=False, flipVert=False, font='Open Sans', fontFiles=[], height=0.1, italic=False, languageStyle='LTR', name='text', opacity=1, ori=0.0, pos=array([0., 0.]), rgb=UNKNOWN, text='+', units='height', win=Window(...), wrapWidth=1)
18.4282 	EXP 	Created WelcomeText = TextStim(__class__=<class 'psychopy.visual.text.TextStim'>, alignHoriz=method-wrapper(...), alignText='center', alignVert=method-wrapper(...), anchorHoriz='center', anchorVert='center', antialias=True, autoLog=True, bold=False, color=array([1, 1, 1]), colorSpace='rgb', contrast=1.0, depth=0.0, flipHoriz=False, flipVert=False, font='Open Sans', fontFiles=[], height=0.1, italic=False, languageStyle='LTR', name='WelcomeText', opacity=1, ori=0.0, pos=array([0., 0.]), rgb=UNKNOWN, text='Welcome to our Study!', units='height', win=Window(...), wrapWidth=1)
18.4314 	EXP 	Created hasPeriphery_2 = ImageStim(__class__=<class 'psychopy.visual.image.ImageStim'>, autoLog=True, color=array([1, 1, 1]), colorSpace='rgb', contrast=1.0, depth=0.0, flipHoriz=False, flipVert=False, image='sin', interpolate=True, mask=None, maskParams=None, name='hasPeriphery_2', opacity=1.0, ori=0.0, pos=array([0., 0.]), size=array([0.5, 0.5]), texRes=128.0, units='height', win=Window(...))
18.4343 	EXP 	Created noPeriphery_2 = ImageStim(__class__=<class 'psychopy.visual.image.ImageStim'>, autoLog=True, color=array([1, 1, 1]), colorSpace='rgb', contrast=1.0, depth=-2.0, flipHoriz=False, flipVert=False, image='sin', interpolate=True, mask=None, maskParams=None, name='noPeriphery_2', opacity=1.0, ori=0.0, pos=array([0., 0.]), size=array([0.5, 0.5]), texRes=128.0, units='height', win=Window(...))
18.4394 	EXP 	Created text_2 = TextStim(__class__=<class 'psychopy.visual.text.TextStim'>, alignHoriz=method-wrapper(...), alignText='center', alignVert=method-wrapper(...), anchorHoriz='center', anchorVert='center', antialias=True, autoLog=True, bold=False, color=array([ 1, -1, -1]), colorSpace='rgb', contrast=1.0, depth=-3.0, flipHoriz=False, flipVert=False, font='Open Sans', fontFiles=[], height=0.1, italic=False, languageStyle='LTR', name='text_2', opacity=1, ori=0.0, pos=array([0., 0.]), rgb=UNKNOWN, text='+', units='height', win=Window(...), wrapWidth=1)
19.4910 	EXP 	unnamed Form: autoLog = True
19.4910 	EXP 	DepressionQuestionnaire: name = 'DepressionQuestionnaire'
19.4910 	EXP 	DepressionQuestionnaire: size = (3.5, 1)
19.4910 	EXP 	DepressionQuestionnaire: size = array([3.5, 1. ])
19.4910 	EXP 	DepressionQuestionnaire: units = 'height'
19.4910 	EXP 	DepressionQuestionnaire: depth = 0
19.4910 	EXP 	WelcomeText: autoDraw = True
20.4944 	EXP 	WelcomeText: autoDraw = False
20.4944 	EXP 	DepressionQuestionnaire: autoDraw = True
28.8764 	DATA 	Mouse: Left button down, pos=(786,69)
28.9238 	EXP 	DepressionQuestionnaire: autoDraw = False
28.9238 	EXP 	instructionsText: autoDraw = True
28.9640 	DATA 	Mouse:  Left button up, pos=(786,69)
31.0329 	EXP 	Imported picPaths.xlsx as conditions, 6 conditions, 3 params
31.0333 	EXP 	Created sequence: sequential, trialTypes=6, nReps=1, seed=None
31.0338 	EXP 	New trial (rep=0, index=0): {'startImage': 'C:\\Users\\hesselmann\\Desktop\\PsychoPyUniformityIllusion\\UniformityIllusionPsychoPy\\Pics\\1start.png', 'endImage': 'C:\\Users\\hesselmann\\Desktop\\PsychoPyUniformityIllusion\\UniformityIllusionPsychoPy\\Pics\\1a.png', 'AB': 'a'}
31.3610 	DATA 	Keypress: space
31.4182 	EXP 	instructionsText: autoDraw = False
31.4182 	EXP 	hasPeriphery: size = array([1.77777778, 1.        ])
31.4182 	EXP 	hasPeriphery: image = 'C:\\Users\\hesselmann\\Desktop\\PsychoPyUniformityIllusion\\UniformityIllusionPsychoPy\\Pics\\1a.png'
31.4182 	EXP 	noPeriphery: size = array([1.77777778, 1.        ])
31.4182 	EXP 	noPeriphery: image = 'C:\\Users\\hesselmann\\Desktop\\PsychoPyUniformityIllusion\\UniformityIllusionPsychoPy\\Pics\\1start.png'
31.4182 	EXP 	hasPeriphery: autoDraw = True
31.4182 	EXP 	hasPeriphery: texRes = 128.0
31.4182 	EXP 	noPeriphery: autoDraw = True
31.4182 	EXP 	noPeriphery: texRes = 128.0
31.4182 	EXP 	text: autoDraw = True
31.6163 	EXP 	hasPeriphery: texRes = 128.0
31.6163 	EXP 	noPeriphery: texRes = 128.0
31.8563 	EXP 	hasPeriphery: texRes = 128.0
31.8563 	EXP 	noPeriphery: texRes = 128.0
32.0191 	EXP 	New trial (rep=0, index=1): {'startImage': 'C:\\Users\\hesselmann\\Desktop\\PsychoPyUniformityIllusion\\UniformityIllusionPsychoPy\\Pics\\1start.png', 'endImage': 'C:\\Users\\hesselmann\\Desktop\\PsychoPyUniformityIllusion\\UniformityIllusionPsychoPy\\Pics\\1b.png', 'AB': 'b'}
32.2707 	EXP 	New trial (rep=0, index=2): {'startImage': 'C:\\Users\\hesselmann\\Desktop\\PsychoPyUniformityIllusion\\UniformityIllusionPsychoPy\\Pics\\2start.png', 'endImage': 'C:\\Users\\hesselmann\\Desktop\\PsychoPyUniformityIllusion\\UniformityIllusionPsychoPy\\Pics\\2a.png', 'AB': 'a'}
32.5046 	EXP 	New trial (rep=0, index=3): {'startImage': 'C:\\Users\\hesselmann\\Desktop\\PsychoPyUniformityIllusion\\UniformityIllusionPsychoPy\\Pics\\2start.png', 'endImage': 'C:\\Users\\hesselmann\\Desktop\\PsychoPyUniformityIllusion\\UniformityIllusionPsychoPy\\Pics\\2b.png', 'AB': 'b'}
32.6859 	EXP 	New trial (rep=0, index=4): {'startImage': 'C:\\Users\\hesselmann\\Desktop\\PsychoPyUniformityIllusion\\UniformityIllusionPsychoPy\\Pics\\3start.png', 'endImage': 'C:\\Users\\hesselmann\\Desktop\\PsychoPyUniformityIllusion\\UniformityIllusionPsychoPy\\Pics\\3a.png', 'AB': 'a'}
32.9216 	EXP 	New trial (rep=0, index=5): {'startImage': 'C:\\Users\\hesselmann\\Desktop\\PsychoPyUniformityIllusion\\UniformityIllusionPsychoPy\\Pics\\3start.png', 'endImage': 'C:\\Users\\hesselmann\\Desktop\\PsychoPyUniformityIllusion\\UniformityIllusionPsychoPy\\Pics\\3b.png', 'AB': 'b'}
33.1571 	EXP 	hasPeriphery: texRes = 128.0
33.1571 	EXP 	noPeriphery: texRes = 128.0
33.1571 	EXP 	hasPeriphery: autoDraw = False
33.1571 	EXP 	noPeriphery: autoDraw = False
33.1571 	EXP 	text: autoDraw = False
33.1571 	EXP 	hasPeriphery: size = array([1.77777778, 1.        ])
33.1571 	EXP 	hasPeriphery: image = 'C:\\Users\\hesselmann\\Desktop\\PsychoPyUniformityIllusion\\UniformityIllusionPsychoPy\\Pics\\1b.png'
33.1571 	EXP 	noPeriphery: size = array([1.77777778, 1.        ])
33.1571 	EXP 	noPeriphery: image = 'C:\\Users\\hesselmann\\Desktop\\PsychoPyUniformityIllusion\\UniformityIllusionPsychoPy\\Pics\\1start.png'
33.1571 	EXP 	hasPeriphery: autoDraw = True
33.1571 	EXP 	hasPeriphery: texRes = 128.0
33.1571 	EXP 	noPeriphery: autoDraw = True
33.1571 	EXP 	noPeriphery: texRes = 128.0
33.1571 	EXP 	text: autoDraw = True
33.1571 	EXP 	hasPeriphery: autoDraw = False
33.1571 	EXP 	noPeriphery: autoDraw = False
33.1571 	EXP 	text: autoDraw = False
33.1571 	EXP 	hasPeriphery: size = array([1.77777778, 1.        ])
33.1571 	EXP 	hasPeriphery: image = 'C:\\Users\\hesselmann\\Desktop\\PsychoPyUniformityIllusion\\UniformityIllusionPsychoPy\\Pics\\2a.png'
33.1571 	EXP 	noPeriphery: size = array([1.77777778, 1.        ])
33.1571 	EXP 	noPeriphery: image = 'C:\\Users\\hesselmann\\Desktop\\PsychoPyUniformityIllusion\\UniformityIllusionPsychoPy\\Pics\\2start.png'
33.1571 	EXP 	hasPeriphery: autoDraw = True
33.1571 	EXP 	hasPeriphery: texRes = 128.0
33.1571 	EXP 	noPeriphery: autoDraw = True
33.1571 	EXP 	noPeriphery: texRes = 128.0
33.1571 	EXP 	text: autoDraw = True
33.1571 	EXP 	hasPeriphery: autoDraw = False
33.1571 	EXP 	noPeriphery: autoDraw = False
33.1571 	EXP 	text: autoDraw = False
33.1571 	EXP 	hasPeriphery: size = array([1.77777778, 1.        ])
33.1571 	EXP 	hasPeriphery: image = 'C:\\Users\\hesselmann\\Desktop\\PsychoPyUniformityIllusion\\UniformityIllusionPsychoPy\\Pics\\2b.png'
33.1571 	EXP 	noPeriphery: size = array([1.77777778, 1.        ])
33.1571 	EXP 	noPeriphery: image = 'C:\\Users\\hesselmann\\Desktop\\PsychoPyUniformityIllusion\\UniformityIllusionPsychoPy\\Pics\\2start.png'
33.1571 	EXP 	hasPeriphery: autoDraw = True
33.1571 	EXP 	hasPeriphery: texRes = 128.0
33.1571 	EXP 	noPeriphery: autoDraw = True
33.1571 	EXP 	noPeriphery: texRes = 128.0
33.1571 	EXP 	text: autoDraw = True
33.1571 	EXP 	hasPeriphery: autoDraw = False
33.1571 	EXP 	noPeriphery: autoDraw = False
33.1571 	EXP 	text: autoDraw = False
33.1571 	EXP 	hasPeriphery: size = array([1.77777778, 1.        ])
33.1571 	EXP 	hasPeriphery: image = 'C:\\Users\\hesselmann\\Desktop\\PsychoPyUniformityIllusion\\UniformityIllusionPsychoPy\\Pics\\3a.png'
33.1571 	EXP 	noPeriphery: size = array([1.77777778, 1.        ])
33.1571 	EXP 	noPeriphery: image = 'C:\\Users\\hesselmann\\Desktop\\PsychoPyUniformityIllusion\\UniformityIllusionPsychoPy\\Pics\\3start.png'
33.1571 	EXP 	hasPeriphery: autoDraw = True
33.1571 	EXP 	hasPeriphery: texRes = 128.0
33.1571 	EXP 	noPeriphery: autoDraw = True
33.1571 	EXP 	noPeriphery: texRes = 128.0
33.1571 	EXP 	text: autoDraw = True
33.1571 	EXP 	hasPeriphery: autoDraw = False
33.1571 	EXP 	noPeriphery: autoDraw = False
33.1571 	EXP 	text: autoDraw = False
33.1571 	EXP 	hasPeriphery: size = array([1.77777778, 1.        ])
33.1571 	EXP 	hasPeriphery: image = 'C:\\Users\\hesselmann\\Desktop\\PsychoPyUniformityIllusion\\UniformityIllusionPsychoPy\\Pics\\3b.png'
33.1571 	EXP 	noPeriphery: size = array([1.77777778, 1.        ])
33.1571 	EXP 	noPeriphery: image = 'C:\\Users\\hesselmann\\Desktop\\PsychoPyUniformityIllusion\\UniformityIllusionPsychoPy\\Pics\\3start.png'
33.1571 	EXP 	hasPeriphery: autoDraw = True
33.1571 	EXP 	hasPeriphery: texRes = 128.0
33.1571 	EXP 	noPeriphery: autoDraw = True
33.1571 	EXP 	noPeriphery: texRes = 128.0
33.1571 	EXP 	text: autoDraw = True
33.1571 	EXP 	hasPeriphery: autoDraw = False
33.1571 	EXP 	noPeriphery: autoDraw = False
33.1571 	EXP 	text: autoDraw = False
33.1571 	EXP 	WelcomeText: autoDraw = True
35.1813 	EXP 	Imported picPaths.xlsx as conditions, 24 conditions, 3 params
35.1817 	EXP 	Created sequence: sequential, trialTypes=24, nReps=1, seed=None
35.1843 	EXP 	New trial (rep=0, index=0): {'startImage': 'C:\\Users\\hesselmann\\Desktop\\PsychoPyUniformityIllusion\\UniformityIllusionPsychoPy\\Pics\\4start.png', 'endImage': 'C:\\Users\\hesselmann\\Desktop\\PsychoPyUniformityIllusion\\UniformityIllusionPsychoPy\\Pics\\4a.png', 'AB': 'a'}
35.4146 	EXP 	New trial (rep=0, index=1): {'startImage': 'C:\\Users\\hesselmann\\Desktop\\PsychoPyUniformityIllusion\\UniformityIllusionPsychoPy\\Pics\\4start.png', 'endImage': 'C:\\Users\\hesselmann\\Desktop\\PsychoPyUniformityIllusion\\UniformityIllusionPsychoPy\\Pics\\4b.png', 'AB': 'b'}
35.6128 	EXP 	New trial (rep=0, index=2): {'startImage': 'C:\\Users\\hesselmann\\Desktop\\PsychoPyUniformityIllusion\\UniformityIllusionPsychoPy\\Pics\\5start.png', 'endImage': 'C:\\Users\\hesselmann\\Desktop\\PsychoPyUniformityIllusion\\UniformityIllusionPsychoPy\\Pics\\5a.png', 'AB': 'a'}
35.9190 	EXP 	New trial (rep=0, index=3): {'startImage': 'C:\\Users\\hesselmann\\Desktop\\PsychoPyUniformityIllusion\\UniformityIllusionPsychoPy\\Pics\\5start.png', 'endImage': 'C:\\Users\\hesselmann\\Desktop\\PsychoPyUniformityIllusion\\UniformityIllusionPsychoPy\\Pics\\5b.png', 'AB': 'b'}
36.1911 	EXP 	New trial (rep=0, index=4): {'startImage': 'C:\\Users\\hesselmann\\Desktop\\PsychoPyUniformityIllusion\\UniformityIllusionPsychoPy\\Pics\\6start.png', 'endImage': 'C:\\Users\\hesselmann\\Desktop\\PsychoPyUniformityIllusion\\UniformityIllusionPsychoPy\\Pics\\6a.png', 'AB': 'a'}
36.4301 	EXP 	New trial (rep=0, index=5): {'startImage': 'C:\\Users\\hesselmann\\Desktop\\PsychoPyUniformityIllusion\\UniformityIllusionPsychoPy\\Pics\\6start.png', 'endImage': 'C:\\Users\\hesselmann\\Desktop\\PsychoPyUniformityIllusion\\UniformityIllusionPsychoPy\\Pics\\6b.png', 'AB': 'b'}
36.6529 	EXP 	New trial (rep=0, index=6): {'startImage': 'C:\\Users\\hesselmann\\Desktop\\PsychoPyUniformityIllusion\\UniformityIllusionPsychoPy\\Pics\\7start.png', 'endImage': 'C:\\Users\\hesselmann\\Desktop\\PsychoPyUniformityIllusion\\UniformityIllusionPsychoPy\\Pics\\7a.png', 'AB': None}
36.9210 	EXP 	New trial (rep=0, index=7): {'startImage': 'C:\\Users\\hesselmann\\Desktop\\PsychoPyUniformityIllusion\\UniformityIllusionPsychoPy\\Pics\\7start.png', 'endImage': 'C:\\Users\\hesselmann\\Desktop\\PsychoPyUniformityIllusion\\UniformityIllusionPsychoPy\\Pics\\7b.png', 'AB': None}
37.1891 	EXP 	New trial (rep=0, index=8): {'startImage': 'C:\\Users\\hesselmann\\Desktop\\PsychoPyUniformityIllusion\\UniformityIllusionPsychoPy\\Pics\\8start.png', 'endImage': 'C:\\Users\\hesselmann\\Desktop\\PsychoPyUniformityIllusion\\UniformityIllusionPsychoPy\\Pics\\8a.png', 'AB': None}
37.4330 	EXP 	New trial (rep=0, index=9): {'startImage': 'C:\\Users\\hesselmann\\Desktop\\PsychoPyUniformityIllusion\\UniformityIllusionPsychoPy\\Pics\\8start.png', 'endImage': 'C:\\Users\\hesselmann\\Desktop\\PsychoPyUniformityIllusion\\UniformityIllusionPsychoPy\\Pics\\8b.png', 'AB': None}
37.6350 	EXP 	New trial (rep=0, index=10): {'startImage': 'C:\\Users\\hesselmann\\Desktop\\PsychoPyUniformityIllusion\\UniformityIllusionPsychoPy\\Pics\\9start.png', 'endImage': 'C:\\Users\\hesselmann\\Desktop\\PsychoPyUniformityIllusion\\UniformityIllusionPsychoPy\\Pics\\9a.png', 'AB': None}
37.8672 	EXP 	New trial (rep=0, index=11): {'startImage': 'C:\\Users\\hesselmann\\Desktop\\PsychoPyUniformityIllusion\\UniformityIllusionPsychoPy\\Pics\\9start.png', 'endImage': 'C:\\Users\\hesselmann\\Desktop\\PsychoPyUniformityIllusion\\UniformityIllusionPsychoPy\\Pics\\9b.png', 'AB': None}
38.0864 	EXP 	New trial (rep=0, index=12): {'startImage': 'C:\\Users\\hesselmann\\Desktop\\PsychoPyUniformityIllusion\\UniformityIllusionPsychoPy\\Pics\\10start.png', 'endImage': 'C:\\Users\\hesselmann\\Desktop\\PsychoPyUniformityIllusion\\UniformityIllusionPsychoPy\\Pics\\10a.png', 'AB': None}
38.3561 	EXP 	New trial (rep=0, index=13): {'startImage': 'C:\\Users\\hesselmann\\Desktop\\PsychoPyUniformityIllusion\\UniformityIllusionPsychoPy\\Pics\\10start.png', 'endImage': 'C:\\Users\\hesselmann\\Desktop\\PsychoPyUniformityIllusion\\UniformityIllusionPsychoPy\\Pics\\10b.png', 'AB': None}
38.6061 	EXP 	New trial (rep=0, index=14): {'startImage': 'C:\\Users\\hesselmann\\Desktop\\PsychoPyUniformityIllusion\\UniformityIllusionPsychoPy\\Pics\\11start.png', 'endImage': 'C:\\Users\\hesselmann\\Desktop\\PsychoPyUniformityIllusion\\UniformityIllusionPsychoPy\\Pics\\11a.png', 'AB': None}
38.9023 	EXP 	New trial (rep=0, index=15): {'startImage': 'C:\\Users\\hesselmann\\Desktop\\PsychoPyUniformityIllusion\\UniformityIllusionPsychoPy\\Pics\\11start.png', 'endImage': 'C:\\Users\\hesselmann\\Desktop\\PsychoPyUniformityIllusion\\UniformityIllusionPsychoPy\\Pics\\11b.png', 'AB': None}
39.1703 	EXP 	New trial (rep=0, index=16): {'startImage': 'C:\\Users\\hesselmann\\Desktop\\PsychoPyUniformityIllusion\\UniformityIllusionPsychoPy\\Pics\\12start.png', 'endImage': 'C:\\Users\\hesselmann\\Desktop\\PsychoPyUniformityIllusion\\UniformityIllusionPsychoPy\\Pics\\12a.png', 'AB': None}
39.3852 	EXP 	New trial (rep=0, index=17): {'startImage': 'C:\\Users\\hesselmann\\Desktop\\PsychoPyUniformityIllusion\\UniformityIllusionPsychoPy\\Pics\\12start.png', 'endImage': 'C:\\Users\\hesselmann\\Desktop\\PsychoPyUniformityIllusion\\UniformityIllusionPsychoPy\\Pics\\12b.png', 'AB': None}
39.5973 	EXP 	New trial (rep=0, index=18): {'startImage': 'C:\\Users\\hesselmann\\Desktop\\PsychoPyUniformityIllusion\\UniformityIllusionPsychoPy\\Pics\\13start.png', 'endImage': 'C:\\Users\\hesselmann\\Desktop\\PsychoPyUniformityIllusion\\UniformityIllusionPsychoPy\\Pics\\13a.png', 'AB': None}
39.8862 	EXP 	New trial (rep=0, index=19): {'startImage': 'C:\\Users\\hesselmann\\Desktop\\PsychoPyUniformityIllusion\\UniformityIllusionPsychoPy\\Pics\\13start.png', 'endImage': 'C:\\Users\\hesselmann\\Desktop\\PsychoPyUniformityIllusion\\UniformityIllusionPsychoPy\\Pics\\13b.png', 'AB': None}
40.1802 	EXP 	New trial (rep=0, index=20): {'startImage': 'C:\\Users\\hesselmann\\Desktop\\PsychoPyUniformityIllusion\\UniformityIllusionPsychoPy\\Pics\\14start.png', 'endImage': 'C:\\Users\\hesselmann\\Desktop\\PsychoPyUniformityIllusion\\UniformityIllusionPsychoPy\\Pics\\14a.png', 'AB': None}
40.4333 	EXP 	New trial (rep=0, index=21): {'startImage': 'C:\\Users\\hesselmann\\Desktop\\PsychoPyUniformityIllusion\\UniformityIllusionPsychoPy\\Pics\\14start.png', 'endImage': 'C:\\Users\\hesselmann\\Desktop\\PsychoPyUniformityIllusion\\UniformityIllusionPsychoPy\\Pics\\14b.png', 'AB': None}
40.6240 	EXP 	New trial (rep=0, index=22): {'startImage': 'C:\\Users\\hesselmann\\Desktop\\PsychoPyUniformityIllusion\\UniformityIllusionPsychoPy\\Pics\\15start.png', 'endImage': 'C:\\Users\\hesselmann\\Desktop\\PsychoPyUniformityIllusion\\UniformityIllusionPsychoPy\\Pics\\15a.png', 'AB': None}
40.8043 	EXP 	New trial (rep=0, index=23): {'startImage': 'C:\\Users\\hesselmann\\Desktop\\PsychoPyUniformityIllusion\\UniformityIllusionPsychoPy\\Pics\\15start.png', 'endImage': 'C:\\Users\\hesselmann\\Desktop\\PsychoPyUniformityIllusion\\UniformityIllusionPsychoPy\\Pics\\15b.png', 'AB': None}
41.0069 	EXP 	WelcomeText: autoDraw = False
41.0069 	EXP 	hasPeriphery_2: size = array([1.77777778, 1.        ])
41.0069 	EXP 	hasPeriphery_2: image = 'C:\\Users\\hesselmann\\Desktop\\PsychoPyUniformityIllusion\\UniformityIllusionPsychoPy\\Pics\\4a.png'
41.0069 	EXP 	noPeriphery_2: size = array([1.77777778, 1.        ])
41.0069 	EXP 	noPeriphery_2: image = 'C:\\Users\\hesselmann\\Desktop\\PsychoPyUniformityIllusion\\UniformityIllusionPsychoPy\\Pics\\4start.png'
41.0069 	EXP 	hasPeriphery_2: autoDraw = True
41.0069 	EXP 	hasPeriphery_2: texRes = 128.0
41.0069 	EXP 	noPeriphery_2: autoDraw = True
41.0069 	EXP 	noPeriphery_2: texRes = 128.0
41.0069 	EXP 	text_2: autoDraw = True
41.0069 	EXP 	hasPeriphery_2: autoDraw = False
41.0069 	EXP 	noPeriphery_2: autoDraw = False
41.0069 	EXP 	text_2: autoDraw = False
41.0069 	EXP 	hasPeriphery_2: size = array([1.77777778, 1.        ])
41.0069 	EXP 	hasPeriphery_2: image = 'C:\\Users\\hesselmann\\Desktop\\PsychoPyUniformityIllusion\\UniformityIllusionPsychoPy\\Pics\\4b.png'
41.0069 	EXP 	noPeriphery_2: size = array([1.77777778, 1.        ])
41.0069 	EXP 	noPeriphery_2: image = 'C:\\Users\\hesselmann\\Desktop\\PsychoPyUniformityIllusion\\UniformityIllusionPsychoPy\\Pics\\4start.png'
41.0069 	EXP 	hasPeriphery_2: autoDraw = True
41.0069 	EXP 	hasPeriphery_2: texRes = 128.0
41.0069 	EXP 	noPeriphery_2: autoDraw = True
41.0069 	EXP 	noPeriphery_2: texRes = 128.0
41.0069 	EXP 	text_2: autoDraw = True
41.0069 	EXP 	hasPeriphery_2: autoDraw = False
41.0069 	EXP 	noPeriphery_2: autoDraw = False
41.0069 	EXP 	text_2: autoDraw = False
41.0069 	EXP 	hasPeriphery_2: size = array([1.77777778, 1.        ])
41.0069 	EXP 	hasPeriphery_2: image = 'C:\\Users\\hesselmann\\Desktop\\PsychoPyUniformityIllusion\\UniformityIllusionPsychoPy\\Pics\\5a.png'
41.0069 	EXP 	noPeriphery_2: size = array([1.77777778, 1.        ])
41.0069 	EXP 	noPeriphery_2: image = 'C:\\Users\\hesselmann\\Desktop\\PsychoPyUniformityIllusion\\UniformityIllusionPsychoPy\\Pics\\5start.png'
41.0069 	EXP 	hasPeriphery_2: autoDraw = True
41.0069 	EXP 	hasPeriphery_2: texRes = 128.0
41.0069 	EXP 	noPeriphery_2: autoDraw = True
41.0069 	EXP 	noPeriphery_2: texRes = 128.0
41.0069 	EXP 	text_2: autoDraw = True
41.0069 	EXP 	hasPeriphery_2: autoDraw = False
41.0069 	EXP 	noPeriphery_2: autoDraw = False
41.0069 	EXP 	text_2: autoDraw = False
41.0069 	EXP 	hasPeriphery_2: size = array([1.77777778, 1.        ])
41.0069 	EXP 	hasPeriphery_2: image = 'C:\\Users\\hesselmann\\Desktop\\PsychoPyUniformityIllusion\\UniformityIllusionPsychoPy\\Pics\\5b.png'
41.0069 	EXP 	noPeriphery_2: size = array([1.77777778, 1.        ])
41.0069 	EXP 	noPeriphery_2: image = 'C:\\Users\\hesselmann\\Desktop\\PsychoPyUniformityIllusion\\UniformityIllusionPsychoPy\\Pics\\5start.png'
41.0069 	EXP 	hasPeriphery_2: autoDraw = True
41.0069 	EXP 	hasPeriphery_2: texRes = 128.0
41.0069 	EXP 	noPeriphery_2: autoDraw = True
41.0069 	EXP 	noPeriphery_2: texRes = 128.0
41.0069 	EXP 	text_2: autoDraw = True
41.0069 	EXP 	hasPeriphery_2: autoDraw = False
41.0069 	EXP 	noPeriphery_2: autoDraw = False
41.0069 	EXP 	text_2: autoDraw = False
41.0069 	EXP 	hasPeriphery_2: size = array([1.77777778, 1.        ])
41.0069 	EXP 	hasPeriphery_2: image = 'C:\\Users\\hesselmann\\Desktop\\PsychoPyUniformityIllusion\\UniformityIllusionPsychoPy\\Pics\\6a.png'
41.0069 	EXP 	noPeriphery_2: size = array([1.77777778, 1.        ])
41.0069 	EXP 	noPeriphery_2: image = 'C:\\Users\\hesselmann\\Desktop\\PsychoPyUniformityIllusion\\UniformityIllusionPsychoPy\\Pics\\6start.png'
41.0069 	EXP 	hasPeriphery_2: autoDraw = True
41.0069 	EXP 	hasPeriphery_2: texRes = 128.0
41.0069 	EXP 	noPeriphery_2: autoDraw = True
41.0069 	EXP 	noPeriphery_2: texRes = 128.0
41.0069 	EXP 	text_2: autoDraw = True
41.0069 	EXP 	hasPeriphery_2: autoDraw = False
41.0069 	EXP 	noPeriphery_2: autoDraw = False
41.0069 	EXP 	text_2: autoDraw = False
41.0069 	EXP 	hasPeriphery_2: size = array([1.77777778, 1.        ])
41.0069 	EXP 	hasPeriphery_2: image = 'C:\\Users\\hesselmann\\Desktop\\PsychoPyUniformityIllusion\\UniformityIllusionPsychoPy\\Pics\\6b.png'
41.0069 	EXP 	noPeriphery_2: size = array([1.77777778, 1.        ])
41.0069 	EXP 	noPeriphery_2: image = 'C:\\Users\\hesselmann\\Desktop\\PsychoPyUniformityIllusion\\UniformityIllusionPsychoPy\\Pics\\6start.png'
41.0069 	EXP 	hasPeriphery_2: autoDraw = True
41.0069 	EXP 	hasPeriphery_2: texRes = 128.0
41.0069 	EXP 	noPeriphery_2: autoDraw = True
41.0069 	EXP 	noPeriphery_2: texRes = 128.0
41.0069 	EXP 	text_2: autoDraw = True
41.0069 	EXP 	hasPeriphery_2: autoDraw = False
41.0069 	EXP 	noPeriphery_2: autoDraw = False
41.0069 	EXP 	text_2: autoDraw = False
41.0069 	EXP 	hasPeriphery_2: size = array([1.77777778, 1.        ])
41.0069 	EXP 	hasPeriphery_2: image = 'C:\\Users\\hesselmann\\Desktop\\PsychoPyUniformityIllusion\\UniformityIllusionPsychoPy\\Pics\\7a.png'
41.0069 	EXP 	noPeriphery_2: size = array([1.77777778, 1.        ])
41.0069 	EXP 	noPeriphery_2: image = 'C:\\Users\\hesselmann\\Desktop\\PsychoPyUniformityIllusion\\UniformityIllusionPsychoPy\\Pics\\7start.png'
41.0069 	EXP 	hasPeriphery_2: autoDraw = True
41.0069 	EXP 	hasPeriphery_2: texRes = 128.0
41.0069 	EXP 	noPeriphery_2: autoDraw = True
41.0069 	EXP 	noPeriphery_2: texRes = 128.0
41.0069 	EXP 	text_2: autoDraw = True
41.0069 	EXP 	hasPeriphery_2: autoDraw = False
41.0069 	EXP 	noPeriphery_2: autoDraw = False
41.0069 	EXP 	text_2: autoDraw = False
41.0069 	EXP 	hasPeriphery_2: size = array([1.77777778, 1.        ])
41.0069 	EXP 	hasPeriphery_2: image = 'C:\\Users\\hesselmann\\Desktop\\PsychoPyUniformityIllusion\\UniformityIllusionPsychoPy\\Pics\\7b.png'
41.0069 	EXP 	noPeriphery_2: size = array([1.77777778, 1.        ])
41.0069 	EXP 	noPeriphery_2: image = 'C:\\Users\\hesselmann\\Desktop\\PsychoPyUniformityIllusion\\UniformityIllusionPsychoPy\\Pics\\7start.png'
41.0069 	EXP 	hasPeriphery_2: autoDraw = True
41.0069 	EXP 	hasPeriphery_2: texRes = 128.0
41.0069 	EXP 	noPeriphery_2: autoDraw = True
41.0069 	EXP 	noPeriphery_2: texRes = 128.0
41.0069 	EXP 	text_2: autoDraw = True
41.0069 	EXP 	hasPeriphery_2: autoDraw = False
41.0069 	EXP 	noPeriphery_2: autoDraw = False
41.0069 	EXP 	text_2: autoDraw = False
41.0069 	EXP 	hasPeriphery_2: size = array([1.77777778, 1.        ])
41.0069 	EXP 	hasPeriphery_2: image = 'C:\\Users\\hesselmann\\Desktop\\PsychoPyUniformityIllusion\\UniformityIllusionPsychoPy\\Pics\\8a.png'
41.0069 	EXP 	noPeriphery_2: size = array([1.77777778, 1.        ])
41.0069 	EXP 	noPeriphery_2: image = 'C:\\Users\\hesselmann\\Desktop\\PsychoPyUniformityIllusion\\UniformityIllusionPsychoPy\\Pics\\8start.png'
41.0069 	EXP 	hasPeriphery_2: autoDraw = True
41.0069 	EXP 	hasPeriphery_2: texRes = 128.0
41.0069 	EXP 	noPeriphery_2: autoDraw = True
41.0069 	EXP 	noPeriphery_2: texRes = 128.0
41.0069 	EXP 	text_2: autoDraw = True
41.0069 	EXP 	hasPeriphery_2: autoDraw = False
41.0069 	EXP 	noPeriphery_2: autoDraw = False
41.0069 	EXP 	text_2: autoDraw = False
41.0069 	EXP 	hasPeriphery_2: size = array([1.77777778, 1.        ])
41.0069 	EXP 	hasPeriphery_2: image = 'C:\\Users\\hesselmann\\Desktop\\PsychoPyUniformityIllusion\\UniformityIllusionPsychoPy\\Pics\\8b.png'
41.0069 	EXP 	noPeriphery_2: size = array([1.77777778, 1.        ])
41.0069 	EXP 	noPeriphery_2: image = 'C:\\Users\\hesselmann\\Desktop\\PsychoPyUniformityIllusion\\UniformityIllusionPsychoPy\\Pics\\8start.png'
41.0069 	EXP 	hasPeriphery_2: autoDraw = True
41.0069 	EXP 	hasPeriphery_2: texRes = 128.0
41.0069 	EXP 	noPeriphery_2: autoDraw = True
41.0069 	EXP 	noPeriphery_2: texRes = 128.0
41.0069 	EXP 	text_2: autoDraw = True
41.0069 	EXP 	hasPeriphery_2: autoDraw = False
41.0069 	EXP 	noPeriphery_2: autoDraw = False
41.0069 	EXP 	text_2: autoDraw = False
41.0069 	EXP 	hasPeriphery_2: size = array([1.77777778, 1.        ])
41.0069 	EXP 	hasPeriphery_2: image = 'C:\\Users\\hesselmann\\Desktop\\PsychoPyUniformityIllusion\\UniformityIllusionPsychoPy\\Pics\\9a.png'
41.0069 	EXP 	noPeriphery_2: size = array([1.77777778, 1.        ])
41.0069 	EXP 	noPeriphery_2: image = 'C:\\Users\\hesselmann\\Desktop\\PsychoPyUniformityIllusion\\UniformityIllusionPsychoPy\\Pics\\9start.png'
41.0069 	EXP 	hasPeriphery_2: autoDraw = True
41.0069 	EXP 	hasPeriphery_2: texRes = 128.0
41.0069 	EXP 	noPeriphery_2: autoDraw = True
41.0069 	EXP 	noPeriphery_2: texRes = 128.0
41.0069 	EXP 	text_2: autoDraw = True
41.0069 	EXP 	hasPeriphery_2: autoDraw = False
41.0069 	EXP 	noPeriphery_2: autoDraw = False
41.0069 	EXP 	text_2: autoDraw = False
41.0069 	EXP 	hasPeriphery_2: size = array([1.77777778, 1.        ])
41.0069 	EXP 	hasPeriphery_2: image = 'C:\\Users\\hesselmann\\Desktop\\PsychoPyUniformityIllusion\\UniformityIllusionPsychoPy\\Pics\\9b.png'
41.0069 	EXP 	noPeriphery_2: size = array([1.77777778, 1.        ])
41.0069 	EXP 	noPeriphery_2: image = 'C:\\Users\\hesselmann\\Desktop\\PsychoPyUniformityIllusion\\UniformityIllusionPsychoPy\\Pics\\9start.png'
41.0069 	EXP 	hasPeriphery_2: autoDraw = True
41.0069 	EXP 	hasPeriphery_2: texRes = 128.0
41.0069 	EXP 	noPeriphery_2: autoDraw = True
41.0069 	EXP 	noPeriphery_2: texRes = 128.0
41.0069 	EXP 	text_2: autoDraw = True
41.0069 	EXP 	hasPeriphery_2: autoDraw = False
41.0069 	EXP 	noPeriphery_2: autoDraw = False
41.0069 	EXP 	text_2: autoDraw = False
41.0069 	EXP 	hasPeriphery_2: size = array([1.77777778, 1.        ])
41.0069 	EXP 	hasPeriphery_2: image = 'C:\\Users\\hesselmann\\Desktop\\PsychoPyUniformityIllusion\\UniformityIllusionPsychoPy\\Pics\\10a.png'
41.0069 	EXP 	noPeriphery_2: size = array([1.77777778, 1.        ])
41.0069 	EXP 	noPeriphery_2: image = 'C:\\Users\\hesselmann\\Desktop\\PsychoPyUniformityIllusion\\UniformityIllusionPsychoPy\\Pics\\10start.png'
41.0069 	EXP 	hasPeriphery_2: autoDraw = True
41.0069 	EXP 	hasPeriphery_2: texRes = 128.0
41.0069 	EXP 	noPeriphery_2: autoDraw = True
41.0069 	EXP 	noPeriphery_2: texRes = 128.0
41.0069 	EXP 	text_2: autoDraw = True
41.0069 	EXP 	hasPeriphery_2: autoDraw = False
41.0069 	EXP 	noPeriphery_2: autoDraw = False
41.0069 	EXP 	text_2: autoDraw = False
41.0069 	EXP 	hasPeriphery_2: size = array([1.77777778, 1.        ])
41.0069 	EXP 	hasPeriphery_2: image = 'C:\\Users\\hesselmann\\Desktop\\PsychoPyUniformityIllusion\\UniformityIllusionPsychoPy\\Pics\\10b.png'
41.0069 	EXP 	noPeriphery_2: size = array([1.77777778, 1.        ])
41.0069 	EXP 	noPeriphery_2: image = 'C:\\Users\\hesselmann\\Desktop\\PsychoPyUniformityIllusion\\UniformityIllusionPsychoPy\\Pics\\10start.png'
41.0069 	EXP 	hasPeriphery_2: autoDraw = True
41.0069 	EXP 	hasPeriphery_2: texRes = 128.0
41.0069 	EXP 	noPeriphery_2: autoDraw = True
41.0069 	EXP 	noPeriphery_2: texRes = 128.0
41.0069 	EXP 	text_2: autoDraw = True
41.0069 	EXP 	hasPeriphery_2: autoDraw = False
41.0069 	EXP 	noPeriphery_2: autoDraw = False
41.0069 	EXP 	text_2: autoDraw = False
41.0069 	EXP 	hasPeriphery_2: size = array([1.77777778, 1.        ])
41.0069 	EXP 	hasPeriphery_2: image = 'C:\\Users\\hesselmann\\Desktop\\PsychoPyUniformityIllusion\\UniformityIllusionPsychoPy\\Pics\\11a.png'
41.0069 	EXP 	noPeriphery_2: size = array([1.77777778, 1.        ])
41.0069 	EXP 	noPeriphery_2: image = 'C:\\Users\\hesselmann\\Desktop\\PsychoPyUniformityIllusion\\UniformityIllusionPsychoPy\\Pics\\11start.png'
41.0069 	EXP 	hasPeriphery_2: autoDraw = True
41.0069 	EXP 	hasPeriphery_2: texRes = 128.0
41.0069 	EXP 	noPeriphery_2: autoDraw = True
41.0069 	EXP 	noPeriphery_2: texRes = 128.0
41.0069 	EXP 	text_2: autoDraw = True
41.0069 	EXP 	hasPeriphery_2: autoDraw = False
41.0069 	EXP 	noPeriphery_2: autoDraw = False
41.0069 	EXP 	text_2: autoDraw = False
41.0069 	EXP 	hasPeriphery_2: size = array([1.77777778, 1.        ])
41.0069 	EXP 	hasPeriphery_2: image = 'C:\\Users\\hesselmann\\Desktop\\PsychoPyUniformityIllusion\\UniformityIllusionPsychoPy\\Pics\\11b.png'
41.0069 	EXP 	noPeriphery_2: size = array([1.77777778, 1.        ])
41.0069 	EXP 	noPeriphery_2: image = 'C:\\Users\\hesselmann\\Desktop\\PsychoPyUniformityIllusion\\UniformityIllusionPsychoPy\\Pics\\11start.png'
41.0069 	EXP 	hasPeriphery_2: autoDraw = True
41.0069 	EXP 	hasPeriphery_2: texRes = 128.0
41.0069 	EXP 	noPeriphery_2: autoDraw = True
41.0069 	EXP 	noPeriphery_2: texRes = 128.0
41.0069 	EXP 	text_2: autoDraw = True
41.0069 	EXP 	hasPeriphery_2: autoDraw = False
41.0069 	EXP 	noPeriphery_2: autoDraw = False
41.0069 	EXP 	text_2: autoDraw = False
41.0069 	EXP 	hasPeriphery_2: size = array([1.77777778, 1.        ])
41.0069 	EXP 	hasPeriphery_2: image = 'C:\\Users\\hesselmann\\Desktop\\PsychoPyUniformityIllusion\\UniformityIllusionPsychoPy\\Pics\\12a.png'
41.0069 	EXP 	noPeriphery_2: size = array([1.77777778, 1.        ])
41.0069 	EXP 	noPeriphery_2: image = 'C:\\Users\\hesselmann\\Desktop\\PsychoPyUniformityIllusion\\UniformityIllusionPsychoPy\\Pics\\12start.png'
41.0069 	EXP 	hasPeriphery_2: autoDraw = True
41.0069 	EXP 	hasPeriphery_2: texRes = 128.0
41.0069 	EXP 	noPeriphery_2: autoDraw = True
41.0069 	EXP 	noPeriphery_2: texRes = 128.0
41.0069 	EXP 	text_2: autoDraw = True
41.0069 	EXP 	hasPeriphery_2: autoDraw = False
41.0069 	EXP 	noPeriphery_2: autoDraw = False
41.0069 	EXP 	text_2: autoDraw = False
41.0069 	EXP 	hasPeriphery_2: size = array([1.77777778, 1.        ])
41.0069 	EXP 	hasPeriphery_2: image = 'C:\\Users\\hesselmann\\Desktop\\PsychoPyUniformityIllusion\\UniformityIllusionPsychoPy\\Pics\\12b.png'
41.0069 	EXP 	noPeriphery_2: size = array([1.77777778, 1.        ])
41.0069 	EXP 	noPeriphery_2: image = 'C:\\Users\\hesselmann\\Desktop\\PsychoPyUniformityIllusion\\UniformityIllusionPsychoPy\\Pics\\12start.png'
41.0069 	EXP 	hasPeriphery_2: autoDraw = True
41.0069 	EXP 	hasPeriphery_2: texRes = 128.0
41.0069 	EXP 	noPeriphery_2: autoDraw = True
41.0069 	EXP 	noPeriphery_2: texRes = 128.0
41.0069 	EXP 	text_2: autoDraw = True
41.0069 	EXP 	hasPeriphery_2: autoDraw = False
41.0069 	EXP 	noPeriphery_2: autoDraw = False
41.0069 	EXP 	text_2: autoDraw = False
41.0069 	EXP 	hasPeriphery_2: size = array([1.77777778, 1.        ])
41.0069 	EXP 	hasPeriphery_2: image = 'C:\\Users\\hesselmann\\Desktop\\PsychoPyUniformityIllusion\\UniformityIllusionPsychoPy\\Pics\\13a.png'
41.0069 	EXP 	noPeriphery_2: size = array([1.77777778, 1.        ])
41.0069 	EXP 	noPeriphery_2: image = 'C:\\Users\\hesselmann\\Desktop\\PsychoPyUniformityIllusion\\UniformityIllusionPsychoPy\\Pics\\13start.png'
41.0069 	EXP 	hasPeriphery_2: autoDraw = True
41.0069 	EXP 	hasPeriphery_2: texRes = 128.0
41.0069 	EXP 	noPeriphery_2: autoDraw = True
41.0069 	EXP 	noPeriphery_2: texRes = 128.0
41.0069 	EXP 	text_2: autoDraw = True
41.0069 	EXP 	hasPeriphery_2: autoDraw = False
41.0069 	EXP 	noPeriphery_2: autoDraw = False
41.0069 	EXP 	text_2: autoDraw = False
41.0069 	EXP 	hasPeriphery_2: size = array([1.77777778, 1.        ])
41.0069 	EXP 	hasPeriphery_2: image = 'C:\\Users\\hesselmann\\Desktop\\PsychoPyUniformityIllusion\\UniformityIllusionPsychoPy\\Pics\\13b.png'
41.0069 	EXP 	noPeriphery_2: size = array([1.77777778, 1.        ])
41.0069 	EXP 	noPeriphery_2: image = 'C:\\Users\\hesselmann\\Desktop\\PsychoPyUniformityIllusion\\UniformityIllusionPsychoPy\\Pics\\13start.png'
41.0069 	EXP 	hasPeriphery_2: autoDraw = True
41.0069 	EXP 	hasPeriphery_2: texRes = 128.0
41.0069 	EXP 	noPeriphery_2: autoDraw = True
41.0069 	EXP 	noPeriphery_2: texRes = 128.0
41.0069 	EXP 	text_2: autoDraw = True
41.0069 	EXP 	hasPeriphery_2: autoDraw = False
41.0069 	EXP 	noPeriphery_2: autoDraw = False
41.0069 	EXP 	text_2: autoDraw = False
41.0069 	EXP 	hasPeriphery_2: size = array([1.77777778, 1.        ])
41.0069 	EXP 	hasPeriphery_2: image = 'C:\\Users\\hesselmann\\Desktop\\PsychoPyUniformityIllusion\\UniformityIllusionPsychoPy\\Pics\\14a.png'
41.0069 	EXP 	noPeriphery_2: size = array([1.77777778, 1.        ])
41.0069 	EXP 	noPeriphery_2: image = 'C:\\Users\\hesselmann\\Desktop\\PsychoPyUniformityIllusion\\UniformityIllusionPsychoPy\\Pics\\14start.png'
41.0069 	EXP 	hasPeriphery_2: autoDraw = True
41.0069 	EXP 	hasPeriphery_2: texRes = 128.0
41.0069 	EXP 	noPeriphery_2: autoDraw = True
41.0069 	EXP 	noPeriphery_2: texRes = 128.0
41.0069 	EXP 	text_2: autoDraw = True
41.0069 	EXP 	hasPeriphery_2: autoDraw = False
41.0069 	EXP 	noPeriphery_2: autoDraw = False
41.0069 	EXP 	text_2: autoDraw = False
41.0069 	EXP 	hasPeriphery_2: size = array([1.77777778, 1.        ])
41.0069 	EXP 	hasPeriphery_2: image = 'C:\\Users\\hesselmann\\Desktop\\PsychoPyUniformityIllusion\\UniformityIllusionPsychoPy\\Pics\\14b.png'
41.0069 	EXP 	noPeriphery_2: size = array([1.77777778, 1.        ])
41.0069 	EXP 	noPeriphery_2: image = 'C:\\Users\\hesselmann\\Desktop\\PsychoPyUniformityIllusion\\UniformityIllusionPsychoPy\\Pics\\14start.png'
41.0069 	EXP 	hasPeriphery_2: autoDraw = True
41.0069 	EXP 	hasPeriphery_2: texRes = 128.0
41.0069 	EXP 	noPeriphery_2: autoDraw = True
41.0069 	EXP 	noPeriphery_2: texRes = 128.0
41.0069 	EXP 	text_2: autoDraw = True
41.0069 	EXP 	hasPeriphery_2: autoDraw = False
41.0069 	EXP 	noPeriphery_2: autoDraw = False
41.0069 	EXP 	text_2: autoDraw = False
41.0069 	EXP 	hasPeriphery_2: size = array([1.77777778, 1.        ])
41.0069 	EXP 	hasPeriphery_2: image = 'C:\\Users\\hesselmann\\Desktop\\PsychoPyUniformityIllusion\\UniformityIllusionPsychoPy\\Pics\\15a.png'
41.0069 	EXP 	noPeriphery_2: size = array([1.77777778, 1.        ])
41.0069 	EXP 	noPeriphery_2: image = 'C:\\Users\\hesselmann\\Desktop\\PsychoPyUniformityIllusion\\UniformityIllusionPsychoPy\\Pics\\15start.png'
41.0069 	EXP 	hasPeriphery_2: autoDraw = True
41.0069 	EXP 	hasPeriphery_2: texRes = 128.0
41.0069 	EXP 	noPeriphery_2: autoDraw = True
41.0069 	EXP 	noPeriphery_2: texRes = 128.0
41.0069 	EXP 	text_2: autoDraw = True
41.0069 	EXP 	hasPeriphery_2: autoDraw = False
41.0069 	EXP 	noPeriphery_2: autoDraw = False
41.0069 	EXP 	text_2: autoDraw = False
41.0069 	EXP 	hasPeriphery_2: size = array([1.77777778, 1.        ])
41.0069 	EXP 	hasPeriphery_2: image = 'C:\\Users\\hesselmann\\Desktop\\PsychoPyUniformityIllusion\\UniformityIllusionPsychoPy\\Pics\\15b.png'
41.0069 	EXP 	noPeriphery_2: size = array([1.77777778, 1.        ])
41.0069 	EXP 	noPeriphery_2: image = 'C:\\Users\\hesselmann\\Desktop\\PsychoPyUniformityIllusion\\UniformityIllusionPsychoPy\\Pics\\15start.png'
41.0069 	EXP 	hasPeriphery_2: autoDraw = True
41.0069 	EXP 	hasPeriphery_2: texRes = 128.0
41.0069 	EXP 	noPeriphery_2: autoDraw = True
41.0069 	EXP 	noPeriphery_2: texRes = 128.0
41.0069 	EXP 	text_2: autoDraw = True
41.0069 	EXP 	hasPeriphery_2: autoDraw = False
41.0069 	EXP 	noPeriphery_2: autoDraw = False
41.0069 	EXP 	text_2: autoDraw = False
41.5970 	EXP 	window1: mouseVisible = True
