1.0486 	WARNING 	We strongly recommend you activate the PTB sound engine in PsychoPy prefs as the preferred audio engine. Its timing is vastly superior. Your prefs are currently set to use ['sounddevice', 'PTB', 'pyo', 'pygame'] (in that order).
6.5389 	EXP 	Created window1 = Window(allowGUI=False, allowStencil=False, autoLog=True, backendConf=UNKNOWN, bitsMode=UNKNOWN, blendMode='avg', bpc=(8, 8, 8), color=array([0, 0, 0]), colorSpace='rgb', depthBits=8, fullscr=<method-wrapper '__getattribute__' of attributeSetter object at 0x000001FE052B4EB8>, gamma=None, gammaErrorPolicy='raise', lms=UNKNOWN, monitor=<psychopy.monitors.calibTools.Monitor object at 0x000001FE052D4550>, multiSample=False, name='window1', numSamples=2, pos=[0.0, 0.0], screen=0, size=array([1920, 1080]), stencilBits=0, stereo=False, units='height', useFBO=True, useRetina=False, viewOri=0.0, viewPos=None, viewScale=None, waitBlanking=True, winType='pyglet')
6.5391 	EXP 	window1: mouseVisible = True
6.5391 	EXP 	window1: recordFrameIntervals = False
6.7040 	EXP 	window1: recordFrameIntervals = True
6.8884 	EXP 	window1: recordFrameIntervals = False
7.2757 	EXP 	Created WelcomeText = TextStim(__class__=<class 'psychopy.visual.text.TextStim'>, alignHoriz=method-wrapper(...), alignText='center', alignVert=method-wrapper(...), anchorHoriz='center', anchorVert='center', antialias=True, autoLog=True, bold=False, color=array([1, 1, 1]), colorSpace='rgb', contrast=1.0, depth=0.0, flipHoriz=False, flipVert=False, font='Open Sans', fontFiles=[], height=0.1, italic=False, languageStyle='LTR', name='WelcomeText', opacity=1, ori=0.0, pos=array([0., 0.]), rgb=UNKNOWN, text='Welcome to our Study!', units='height', win=Window(...), wrapWidth=1)
7.2892 	EXP 	Imported depression.xlsx as conditions, 2 conditions, 12 params
7.2902 	EXP 	Question text: Sadness
7.3092 	EXP 	window1: mouseVisible = True
7.3427 	EXP 	Question text: Pessimism
7.3530 	EXP 	window1: mouseVisible = True
7.3812 	EXP 	window1: mouseVisible = True
7.3854 	EXP 	Created unnamed Rect = Rect(__class__=<class 'psychopy.visual.rect.Rect'>, autoDraw=False, autoLog=True, closeShape=True, color=method-wrapper(...), colorSpace='rgb', contrast=None, depth=0, fillColor=array([0, 0, 0]), fillColorSpace='rgb', fillRGB=UNKNOWN, interpolate=True, lineColor=array([0, 0, 0]), lineColorSpace='rgb', lineRGB=UNKNOWN, lineWidth=1.5, name='unnamed Rect', opacity=0, ori=0.0, pos=array([0., 0.]), size=array([0., 0.]), units='height', vertices=ndarray(...), win=Window(...))
7.3932 	EXP 	Created DepressionQuestionnaire = <psychopy.visual.form.Form object at 0x000001FE07D5F7B8>
7.4165 	EXP 	window1: mouseVisible = True
7.4595 	EXP 	Created instructionsText = TextStim(__class__=<class 'psychopy.visual.text.TextStim'>, alignHoriz=method-wrapper(...), alignText='center', alignVert=method-wrapper(...), anchorHoriz='center', anchorVert='center', antialias=True, autoLog=True, bold=False, color=array([1, 1, 1]), colorSpace='rgb', contrast=1.0, depth=0.0, flipHoriz=False, flipVert=False, font='Open Sans', fontFiles=[], height=0.04, italic=False, languageStyle='LTR', name='instructionsText', opacity=1, ori=0.0, pos=array([0., 0.]), rgb=UNKNOWN, text=str(...), units='height', win=Window(...), wrapWidth=1)
7.4607 	EXP 	Created blank_screen = Rect(__class__=<class 'psychopy.visual.rect.Rect'>, autoDraw=False, autoLog=True, closeShape=True, color=method-wrapper(...), colorSpace='rgb', contrast=None, depth=-1.0, fillColor=array([1, 1, 1]), fillColorSpace='rgb', fillRGB=UNKNOWN, interpolate=True, lineColor=array([1, 1, 1]), lineColorSpace='rgb', lineRGB=UNKNOWN, lineWidth=1.0, name='blank_screen', opacity=1, ori=0.0, pos=array([0., 0.]), size=array([2., 2.]), units='height', vertices=ndarray(...), win=Window(...))
7.4636 	EXP 	Created hasPeriphery = ImageStim(__class__=<class 'psychopy.visual.image.ImageStim'>, autoLog=True, color=array([1, 1, 1]), colorSpace='rgb', contrast=1.0, depth=-2.0, flipHoriz=False, flipVert=False, image='sin', interpolate=True, mask=None, maskParams=None, name='hasPeriphery', opacity=1.0, ori=0.0, pos=array([0., 0.]), size=array([0.5, 0.5]), texRes=128.0, units='height', win=Window(...))
7.4661 	EXP 	Created noPeriphery = ImageStim(__class__=<class 'psychopy.visual.image.ImageStim'>, autoLog=True, color=array([1, 1, 1]), colorSpace='rgb', contrast=1.0, depth=-4.0, flipHoriz=False, flipVert=False, image='sin', interpolate=True, mask=None, maskParams=None, name='noPeriphery', opacity=1.0, ori=0.0, pos=array([0., 0.]), size=array([0.5, 0.5]), texRes=128.0, units='height', win=Window(...))
7.4715 	EXP 	Created text = TextStim(__class__=<class 'psychopy.visual.text.TextStim'>, alignHoriz=method-wrapper(...), alignText='center', alignVert=method-wrapper(...), anchorHoriz='center', anchorVert='center', antialias=True, autoLog=True, bold=False, color=array([ 1, -1, -1]), colorSpace='rgb', contrast=1.0, depth=-5.0, flipHoriz=False, flipVert=False, font='Open Sans', fontFiles=[], height=0.1, italic=False, languageStyle='LTR', name='text', opacity=1, ori=0.0, pos=array([0., 0.]), rgb=UNKNOWN, text='+', units='height', win=Window(...), wrapWidth=1)
7.4824 	EXP 	Created WelcomeText = TextStim(__class__=<class 'psychopy.visual.text.TextStim'>, alignHoriz=method-wrapper(...), alignText='center', alignVert=method-wrapper(...), anchorHoriz='center', anchorVert='center', antialias=True, autoLog=True, bold=False, color=array([1, 1, 1]), colorSpace='rgb', contrast=1.0, depth=0.0, flipHoriz=False, flipVert=False, font='Open Sans', fontFiles=[], height=0.1, italic=False, languageStyle='LTR', name='WelcomeText', opacity=1, ori=0.0, pos=array([0., 0.]), rgb=UNKNOWN, text='Welcome to our Study!', units='height', win=Window(...), wrapWidth=1)
7.4849 	EXP 	Created hasPeriphery_2 = ImageStim(__class__=<class 'psychopy.visual.image.ImageStim'>, autoLog=True, color=array([1, 1, 1]), colorSpace='rgb', contrast=1.0, depth=-1.0, flipHoriz=False, flipVert=False, image='sin', interpolate=True, mask=None, maskParams=None, name='hasPeriphery_2', opacity=1.0, ori=0.0, pos=array([0., 0.]), size=array([0.5, 0.5]), texRes=128.0, units='height', win=Window(...))
7.4872 	EXP 	Created noPeriphery_2 = ImageStim(__class__=<class 'psychopy.visual.image.ImageStim'>, autoLog=True, color=array([1, 1, 1]), colorSpace='rgb', contrast=1.0, depth=-3.0, flipHoriz=False, flipVert=False, image='sin', interpolate=True, mask=None, maskParams=None, name='noPeriphery_2', opacity=1.0, ori=0.0, pos=array([0., 0.]), size=array([0.5, 0.5]), texRes=128.0, units='height', win=Window(...))
7.4889 	EXP 	Created text_2 = TextStim(__class__=<class 'psychopy.visual.text.TextStim'>, alignHoriz=method-wrapper(...), alignText='center', alignVert=method-wrapper(...), anchorHoriz='center', anchorVert='center', antialias=True, autoLog=True, bold=False, color=array([ 1, -1, -1]), colorSpace='rgb', contrast=1.0, depth=-4.0, flipHoriz=False, flipVert=False, font='Open Sans', fontFiles=[], height=0.1, italic=False, languageStyle='LTR', name='text_2', opacity=1, ori=0.0, pos=array([0., 0.]), rgb=UNKNOWN, text='+', units='height', win=Window(...), wrapWidth=1)
7.5374 	EXP 	unnamed Form: autoLog = True
7.5374 	EXP 	DepressionQuestionnaire: name = 'DepressionQuestionnaire'
7.5374 	EXP 	DepressionQuestionnaire: size = (3.5, 1)
7.5374 	EXP 	DepressionQuestionnaire: size = array([3.5, 1. ])
7.5374 	EXP 	DepressionQuestionnaire: units = 'height'
7.5374 	EXP 	DepressionQuestionnaire: depth = 0
7.5374 	EXP 	WelcomeText: autoDraw = True
9.5542 	EXP 	WelcomeText: autoDraw = False
9.5542 	EXP 	DepressionQuestionnaire: autoDraw = True
9.9319 	DATA 	Keypress: space
10.4546 	DATA 	Mouse: Left button down, pos=(668,99)
10.4865 	EXP 	DepressionQuestionnaire: autoDraw = False
10.4865 	EXP 	instructionsText: autoDraw = True
10.5752 	DATA 	Mouse:  Left button up, pos=(665,96)
10.8487 	EXP 	Imported picPaths.xlsx as conditions, 6 conditions, 3 params
10.8490 	EXP 	Created sequence: sequential, trialTypes=6, nReps=1, seed=None
10.8493 	EXP 	New trial (rep=0, index=0): {'startImage': 'C:\\Users\\hesselmann\\Desktop\\PsychoPyUniformityIllusion\\UniformityIllusionPsychoPy\\Pics\\1start.png', 'endImage': 'C:\\Users\\hesselmann\\Desktop\\PsychoPyUniformityIllusion\\UniformityIllusionPsychoPy\\Pics\\1a.png', 'AB': 'a'}
11.0552 	DATA 	Keypress: space
11.1036 	EXP 	instructionsText: autoDraw = False
11.1036 	EXP 	hasPeriphery: size = array([1.77777778, 1.        ])
11.1036 	EXP 	hasPeriphery: image = 'C:\\Users\\hesselmann\\Desktop\\PsychoPyUniformityIllusion\\UniformityIllusionPsychoPy\\Pics\\1a.png'
11.1036 	EXP 	noPeriphery: size = array([1.77777778, 1.        ])
11.1036 	EXP 	noPeriphery: image = 'C:\\Users\\hesselmann\\Desktop\\PsychoPyUniformityIllusion\\UniformityIllusionPsychoPy\\Pics\\1start.png'
11.1036 	EXP 	blank_screen: autoDraw = True
11.1036 	EXP 	hasPeriphery: autoDraw = True
11.1036 	EXP 	hasPeriphery: texRes = 128.0
11.1036 	EXP 	noPeriphery: autoDraw = True
11.1036 	EXP 	noPeriphery: texRes = 128.0
11.1036 	EXP 	text: autoDraw = True
11.2533 	EXP 	hasPeriphery: texRes = 128.0
11.2533 	EXP 	noPeriphery: texRes = 128.0
11.3866 	EXP 	hasPeriphery: texRes = 128.0
11.3866 	EXP 	noPeriphery: texRes = 128.0
11.5370 	EXP 	hasPeriphery: texRes = 128.0
11.5370 	EXP 	noPeriphery: texRes = 128.0
11.6700 	EXP 	hasPeriphery: texRes = 128.0
11.6700 	EXP 	noPeriphery: texRes = 128.0
11.8032 	EXP 	hasPeriphery: texRes = 128.0
11.8032 	EXP 	noPeriphery: texRes = 128.0
11.9533 	EXP 	hasPeriphery: texRes = 128.0
11.9533 	EXP 	noPeriphery: texRes = 128.0
12.0873 	EXP 	hasPeriphery: texRes = 128.0
12.0873 	EXP 	noPeriphery: texRes = 128.0
12.2203 	EXP 	blank_screen: autoDraw = False
12.2203 	EXP 	hasPeriphery: texRes = 128.0
12.2203 	EXP 	noPeriphery: texRes = 128.0
12.3536 	EXP 	hasPeriphery: texRes = 128.0
12.3536 	EXP 	noPeriphery: texRes = 128.0
12.4865 	EXP 	hasPeriphery: texRes = 128.0
12.4865 	EXP 	noPeriphery: texRes = 128.0
12.6204 	EXP 	hasPeriphery: texRes = 128.0
12.6204 	EXP 	noPeriphery: texRes = 128.0
12.7693 	EXP 	hasPeriphery: texRes = 128.0
12.7693 	EXP 	noPeriphery: texRes = 128.0
12.9031 	EXP 	hasPeriphery: texRes = 128.0
12.9031 	EXP 	noPeriphery: texRes = 128.0
13.0364 	EXP 	hasPeriphery: texRes = 128.0
13.0364 	EXP 	noPeriphery: texRes = 128.0
13.1699 	EXP 	hasPeriphery: texRes = 128.0
13.1699 	EXP 	noPeriphery: texRes = 128.0
13.3196 	EXP 	hasPeriphery: texRes = 128.0
13.3196 	EXP 	noPeriphery: texRes = 128.0
13.4533 	EXP 	hasPeriphery: texRes = 128.0
13.4533 	EXP 	noPeriphery: texRes = 128.0
13.5859 	EXP 	hasPeriphery: texRes = 128.0
13.5859 	EXP 	noPeriphery: texRes = 128.0
13.7204 	EXP 	hasPeriphery: texRes = 128.0
13.7204 	EXP 	noPeriphery: texRes = 128.0
13.8700 	EXP 	hasPeriphery: texRes = 128.0
13.8700 	EXP 	noPeriphery: texRes = 128.0
14.0195 	EXP 	hasPeriphery: texRes = 128.0
14.0195 	EXP 	noPeriphery: texRes = 128.0
14.1532 	EXP 	hasPeriphery: texRes = 128.0
14.1532 	EXP 	noPeriphery: texRes = 128.0
14.2584 	EXP 	New trial (rep=0, index=1): {'startImage': 'C:\\Users\\hesselmann\\Desktop\\PsychoPyUniformityIllusion\\UniformityIllusionPsychoPy\\Pics\\1start.png', 'endImage': 'C:\\Users\\hesselmann\\Desktop\\PsychoPyUniformityIllusion\\UniformityIllusionPsychoPy\\Pics\\1b.png', 'AB': 'b'}
14.4467 	DATA 	Keypress: space
14.4868 	EXP 	hasPeriphery: texRes = 128.0
14.4868 	EXP 	noPeriphery: texRes = 128.0
14.4868 	EXP 	blank_screen: autoDraw = False
14.4868 	EXP 	hasPeriphery: autoDraw = False
14.4868 	EXP 	noPeriphery: autoDraw = False
14.4868 	EXP 	text: autoDraw = False
14.4868 	EXP 	hasPeriphery: size = array([1.77777778, 1.        ])
14.4868 	EXP 	hasPeriphery: image = 'C:\\Users\\hesselmann\\Desktop\\PsychoPyUniformityIllusion\\UniformityIllusionPsychoPy\\Pics\\1b.png'
14.4868 	EXP 	noPeriphery: size = array([1.77777778, 1.        ])
14.4868 	EXP 	noPeriphery: image = 'C:\\Users\\hesselmann\\Desktop\\PsychoPyUniformityIllusion\\UniformityIllusionPsychoPy\\Pics\\1start.png'
14.4868 	EXP 	blank_screen: autoDraw = True
14.4868 	EXP 	hasPeriphery: autoDraw = True
14.4868 	EXP 	hasPeriphery: texRes = 128.0
14.4868 	EXP 	noPeriphery: autoDraw = True
14.4868 	EXP 	noPeriphery: texRes = 128.0
14.4868 	EXP 	text: autoDraw = True
14.6357 	EXP 	hasPeriphery: texRes = 128.0
14.6357 	EXP 	noPeriphery: texRes = 128.0
14.7691 	EXP 	hasPeriphery: texRes = 128.0
14.7691 	EXP 	noPeriphery: texRes = 128.0
14.9026 	EXP 	hasPeriphery: texRes = 128.0
14.9026 	EXP 	noPeriphery: texRes = 128.0
15.0535 	EXP 	hasPeriphery: texRes = 128.0
15.0535 	EXP 	noPeriphery: texRes = 128.0
15.2026 	EXP 	hasPeriphery: texRes = 128.0
15.2026 	EXP 	noPeriphery: texRes = 128.0
15.3355 	EXP 	hasPeriphery: texRes = 128.0
15.3355 	EXP 	noPeriphery: texRes = 128.0
15.4859 	EXP 	hasPeriphery: texRes = 128.0
15.4859 	EXP 	noPeriphery: texRes = 128.0
15.6188 	EXP 	blank_screen: autoDraw = False
15.6188 	EXP 	hasPeriphery: texRes = 128.0
15.6188 	EXP 	noPeriphery: texRes = 128.0
15.7525 	EXP 	hasPeriphery: texRes = 128.0
15.7525 	EXP 	noPeriphery: texRes = 128.0
15.8855 	EXP 	hasPeriphery: texRes = 128.0
15.8855 	EXP 	noPeriphery: texRes = 128.0
16.0191 	EXP 	hasPeriphery: texRes = 128.0
16.0191 	EXP 	noPeriphery: texRes = 128.0
16.1524 	EXP 	hasPeriphery: texRes = 128.0
16.1524 	EXP 	noPeriphery: texRes = 128.0
16.2858 	EXP 	hasPeriphery: texRes = 128.0
16.2858 	EXP 	noPeriphery: texRes = 128.0
16.4353 	EXP 	hasPeriphery: texRes = 128.0
16.4353 	EXP 	noPeriphery: texRes = 128.0
16.5686 	EXP 	hasPeriphery: texRes = 128.0
16.5686 	EXP 	noPeriphery: texRes = 128.0
16.7021 	EXP 	hasPeriphery: texRes = 128.0
16.7021 	EXP 	noPeriphery: texRes = 128.0
16.8353 	EXP 	hasPeriphery: texRes = 128.0
16.8353 	EXP 	noPeriphery: texRes = 128.0
16.9697 	EXP 	hasPeriphery: texRes = 128.0
16.9697 	EXP 	noPeriphery: texRes = 128.0
17.1023 	EXP 	hasPeriphery: texRes = 128.0
17.1023 	EXP 	noPeriphery: texRes = 128.0
17.2357 	EXP 	hasPeriphery: texRes = 128.0
17.2357 	EXP 	noPeriphery: texRes = 128.0
17.3694 	EXP 	hasPeriphery: texRes = 128.0
17.3694 	EXP 	noPeriphery: texRes = 128.0
17.5018 	EXP 	hasPeriphery: texRes = 128.0
17.5018 	EXP 	noPeriphery: texRes = 128.0
17.6351 	EXP 	hasPeriphery: texRes = 128.0
17.6351 	EXP 	noPeriphery: texRes = 128.0
17.7692 	EXP 	hasPeriphery: texRes = 128.0
17.7692 	EXP 	noPeriphery: texRes = 128.0
17.9022 	EXP 	hasPeriphery: texRes = 128.0
17.9022 	EXP 	noPeriphery: texRes = 128.0
18.0350 	EXP 	hasPeriphery: texRes = 128.0
18.0350 	EXP 	noPeriphery: texRes = 128.0
18.1687 	EXP 	hasPeriphery: texRes = 128.0
18.1687 	EXP 	noPeriphery: texRes = 128.0
18.3020 	EXP 	hasPeriphery: texRes = 128.0
18.3020 	EXP 	noPeriphery: texRes = 128.0
18.4349 	EXP 	hasPeriphery: texRes = 128.0
18.4349 	EXP 	noPeriphery: texRes = 128.0
18.5688 	EXP 	hasPeriphery: texRes = 128.0
18.5688 	EXP 	noPeriphery: texRes = 128.0
18.7023 	EXP 	hasPeriphery: texRes = 128.0
18.7023 	EXP 	noPeriphery: texRes = 128.0
18.8352 	EXP 	hasPeriphery: texRes = 128.0
18.8352 	EXP 	noPeriphery: texRes = 128.0
18.9681 	EXP 	hasPeriphery: texRes = 128.0
18.9681 	EXP 	noPeriphery: texRes = 128.0
19.1014 	EXP 	hasPeriphery: texRes = 128.0
19.1014 	EXP 	noPeriphery: texRes = 128.0
19.2348 	EXP 	hasPeriphery: texRes = 128.0
19.2348 	EXP 	noPeriphery: texRes = 128.0
19.3685 	EXP 	hasPeriphery: texRes = 128.0
19.3685 	EXP 	noPeriphery: texRes = 128.0
19.5018 	EXP 	hasPeriphery: texRes = 128.0
19.5018 	EXP 	noPeriphery: texRes = 128.0
19.5924 	DATA 	Keypress: escape
19.6354 	EXP 	hasPeriphery: texRes = 128.0
19.6354 	EXP 	noPeriphery: texRes = 128.0
19.8601 	EXP 	window1: mouseVisible = True
1.0307 	WARNING 	We strongly recommend you activate the PTB sound engine in PsychoPy prefs as the preferred audio engine. Its timing is vastly superior. Your prefs are currently set to use ['sounddevice', 'PTB', 'pyo', 'pygame'] (in that order).
6.4568 	EXP 	Created window1 = Window(allowGUI=False, allowStencil=False, autoLog=True, backendConf=UNKNOWN, bitsMode=UNKNOWN, blendMode='avg', bpc=(8, 8, 8), color=array([0, 0, 0]), colorSpace='rgb', depthBits=8, fullscr=<method-wrapper '__getattribute__' of attributeSetter object at 0x000001BF17984EB8>, gamma=None, gammaErrorPolicy='raise', lms=UNKNOWN, monitor=<psychopy.monitors.calibTools.Monitor object at 0x000001BF179A4550>, multiSample=False, name='window1', numSamples=2, pos=[0.0, 0.0], screen=0, size=array([1920, 1080]), stencilBits=0, stereo=False, units='height', useFBO=True, useRetina=False, viewOri=0.0, viewPos=None, viewScale=None, waitBlanking=True, winType='pyglet')
6.4571 	EXP 	window1: mouseVisible = True
6.4571 	EXP 	window1: recordFrameIntervals = False
6.6234 	EXP 	window1: recordFrameIntervals = True
6.8070 	EXP 	window1: recordFrameIntervals = False
7.1947 	EXP 	Created WelcomeText = TextStim(__class__=<class 'psychopy.visual.text.TextStim'>, alignHoriz=method-wrapper(...), alignText='center', alignVert=method-wrapper(...), anchorHoriz='center', anchorVert='center', antialias=True, autoLog=True, bold=False, color=array([1, 1, 1]), colorSpace='rgb', contrast=1.0, depth=0.0, flipHoriz=False, flipVert=False, font='Open Sans', fontFiles=[], height=0.1, italic=False, languageStyle='LTR', name='WelcomeText', opacity=1, ori=0.0, pos=array([0., 0.]), rgb=UNKNOWN, text='Welcome to our Study!', units='height', win=Window(...), wrapWidth=1)
7.2087 	EXP 	Imported depression.xlsx as conditions, 2 conditions, 12 params
7.2097 	EXP 	Question text: Sadness
7.2350 	EXP 	window1: mouseVisible = True
7.2725 	EXP 	Question text: Pessimism
7.2836 	EXP 	window1: mouseVisible = True
7.3054 	EXP 	window1: mouseVisible = True
7.3096 	EXP 	Created unnamed Rect = Rect(__class__=<class 'psychopy.visual.rect.Rect'>, autoDraw=False, autoLog=True, closeShape=True, color=method-wrapper(...), colorSpace='rgb', contrast=None, depth=0, fillColor=array([0, 0, 0]), fillColorSpace='rgb', fillRGB=UNKNOWN, interpolate=True, lineColor=array([0, 0, 0]), lineColorSpace='rgb', lineRGB=UNKNOWN, lineWidth=1.5, name='unnamed Rect', opacity=0, ori=0.0, pos=array([0., 0.]), size=array([0., 0.]), units='height', vertices=ndarray(...), win=Window(...))
7.3170 	EXP 	Created DepressionQuestionnaire = <psychopy.visual.form.Form object at 0x000001BF1A7BE7B8>
7.3404 	EXP 	window1: mouseVisible = True
7.3979 	EXP 	Created instructionsText = TextStim(__class__=<class 'psychopy.visual.text.TextStim'>, alignHoriz=method-wrapper(...), alignText='center', alignVert=method-wrapper(...), anchorHoriz='center', anchorVert='center', antialias=True, autoLog=True, bold=False, color=array([1, 1, 1]), colorSpace='rgb', contrast=1.0, depth=0.0, flipHoriz=False, flipVert=False, font='Open Sans', fontFiles=[], height=0.04, italic=False, languageStyle='LTR', name='instructionsText', opacity=1, ori=0.0, pos=array([0., 0.]), rgb=UNKNOWN, text=str(...), units='height', win=Window(...), wrapWidth=1)
7.3993 	EXP 	Created blank_screen = Rect(__class__=<class 'psychopy.visual.rect.Rect'>, autoDraw=False, autoLog=True, closeShape=True, color=method-wrapper(...), colorSpace='rgb', contrast=None, depth=-1.0, fillColor=array([1, 1, 1]), fillColorSpace='rgb', fillRGB=UNKNOWN, interpolate=True, lineColor=array([1, 1, 1]), lineColorSpace='rgb', lineRGB=UNKNOWN, lineWidth=1.0, name='blank_screen', opacity=1, ori=0.0, pos=array([0., 0.]), size=array([2., 2.]), units='height', vertices=ndarray(...), win=Window(...))
7.4029 	EXP 	Created hasPeriphery = ImageStim(__class__=<class 'psychopy.visual.image.ImageStim'>, autoLog=True, color=array([1, 1, 1]), colorSpace='rgb', contrast=1.0, depth=-2.0, flipHoriz=False, flipVert=False, image='sin', interpolate=True, mask=None, maskParams=None, name='hasPeriphery', opacity=1.0, ori=0.0, pos=array([0., 0.]), size=array([0.5, 0.5]), texRes=128.0, units='height', win=Window(...))
7.4055 	EXP 	Created noPeriphery = ImageStim(__class__=<class 'psychopy.visual.image.ImageStim'>, autoLog=True, color=array([1, 1, 1]), colorSpace='rgb', contrast=1.0, depth=-4.0, flipHoriz=False, flipVert=False, image='sin', interpolate=True, mask=None, maskParams=None, name='noPeriphery', opacity=1.0, ori=0.0, pos=array([0., 0.]), size=array([0.5, 0.5]), texRes=128.0, units='height', win=Window(...))
7.4109 	EXP 	Created text = TextStim(__class__=<class 'psychopy.visual.text.TextStim'>, alignHoriz=method-wrapper(...), alignText='center', alignVert=method-wrapper(...), anchorHoriz='center', anchorVert='center', antialias=True, autoLog=True, bold=False, color=array([ 1, -1, -1]), colorSpace='rgb', contrast=1.0, depth=-5.0, flipHoriz=False, flipVert=False, font='Open Sans', fontFiles=[], height=0.1, italic=False, languageStyle='LTR', name='text', opacity=1, ori=0.0, pos=array([0., 0.]), rgb=UNKNOWN, text='+', units='height', win=Window(...), wrapWidth=1)
7.4217 	EXP 	Created WelcomeText = TextStim(__class__=<class 'psychopy.visual.text.TextStim'>, alignHoriz=method-wrapper(...), alignText='center', alignVert=method-wrapper(...), anchorHoriz='center', anchorVert='center', antialias=True, autoLog=True, bold=False, color=array([1, 1, 1]), colorSpace='rgb', contrast=1.0, depth=0.0, flipHoriz=False, flipVert=False, font='Open Sans', fontFiles=[], height=0.1, italic=False, languageStyle='LTR', name='WelcomeText', opacity=1, ori=0.0, pos=array([0., 0.]), rgb=UNKNOWN, text='Welcome to our Study!', units='height', win=Window(...), wrapWidth=1)
7.4243 	EXP 	Created hasPeriphery_2 = ImageStim(__class__=<class 'psychopy.visual.image.ImageStim'>, autoLog=True, color=array([1, 1, 1]), colorSpace='rgb', contrast=1.0, depth=-1.0, flipHoriz=False, flipVert=False, image='sin', interpolate=True, mask=None, maskParams=None, name='hasPeriphery_2', opacity=1.0, ori=0.0, pos=array([0., 0.]), size=array([0.5, 0.5]), texRes=128.0, units='height', win=Window(...))
7.4266 	EXP 	Created noPeriphery_2 = ImageStim(__class__=<class 'psychopy.visual.image.ImageStim'>, autoLog=True, color=array([1, 1, 1]), colorSpace='rgb', contrast=1.0, depth=-3.0, flipHoriz=False, flipVert=False, image='sin', interpolate=True, mask=None, maskParams=None, name='noPeriphery_2', opacity=1.0, ori=0.0, pos=array([0., 0.]), size=array([0.5, 0.5]), texRes=128.0, units='height', win=Window(...))
7.4283 	EXP 	Created text_2 = TextStim(__class__=<class 'psychopy.visual.text.TextStim'>, alignHoriz=method-wrapper(...), alignText='center', alignVert=method-wrapper(...), anchorHoriz='center', anchorVert='center', antialias=True, autoLog=True, bold=False, color=array([ 1, -1, -1]), colorSpace='rgb', contrast=1.0, depth=-4.0, flipHoriz=False, flipVert=False, font='Open Sans', fontFiles=[], height=0.1, italic=False, languageStyle='LTR', name='text_2', opacity=1, ori=0.0, pos=array([0., 0.]), rgb=UNKNOWN, text='+', units='height', win=Window(...), wrapWidth=1)
7.4727 	EXP 	unnamed Form: autoLog = True
7.4727 	EXP 	DepressionQuestionnaire: name = 'DepressionQuestionnaire'
7.4727 	EXP 	DepressionQuestionnaire: size = (3.5, 1)
7.4727 	EXP 	DepressionQuestionnaire: size = array([3.5, 1. ])
7.4727 	EXP 	DepressionQuestionnaire: units = 'height'
7.4727 	EXP 	DepressionQuestionnaire: depth = 0
7.4727 	EXP 	WelcomeText: autoDraw = True
8.9599 	DATA 	Keypress: space
9.4886 	EXP 	WelcomeText: autoDraw = False
9.4886 	EXP 	DepressionQuestionnaire: autoDraw = True
10.4061 	DATA 	Mouse: Left button down, pos=(676,57)
10.4394 	EXP 	DepressionQuestionnaire: autoDraw = False
10.4394 	EXP 	instructionsText: autoDraw = True
10.5762 	DATA 	Mouse:  Left button up, pos=(676,57)
12.4338 	EXP 	Imported picPaths.xlsx as conditions, 6 conditions, 3 params
12.4341 	EXP 	Created sequence: sequential, trialTypes=6, nReps=1, seed=None
12.4344 	EXP 	New trial (rep=0, index=0): {'startImage': 'C:\\Users\\hesselmann\\Desktop\\PsychoPyUniformityIllusion\\UniformityIllusionPsychoPy\\Pics\\1start.png', 'endImage': 'C:\\Users\\hesselmann\\Desktop\\PsychoPyUniformityIllusion\\UniformityIllusionPsychoPy\\Pics\\1a.png', 'AB': 'a'}
12.6209 	DATA 	Keypress: space
12.6725 	EXP 	instructionsText: autoDraw = False
12.6725 	EXP 	hasPeriphery: size = array([1.77777778, 1.        ])
12.6725 	EXP 	hasPeriphery: image = 'C:\\Users\\hesselmann\\Desktop\\PsychoPyUniformityIllusion\\UniformityIllusionPsychoPy\\Pics\\1a.png'
12.6725 	EXP 	noPeriphery: size = array([1.77777778, 1.        ])
12.6725 	EXP 	noPeriphery: image = 'C:\\Users\\hesselmann\\Desktop\\PsychoPyUniformityIllusion\\UniformityIllusionPsychoPy\\Pics\\1start.png'
12.6725 	EXP 	blank_screen: autoDraw = True
12.6725 	EXP 	hasPeriphery: autoDraw = True
12.6725 	EXP 	hasPeriphery: texRes = 128.0
12.6725 	EXP 	noPeriphery: autoDraw = True
12.6725 	EXP 	noPeriphery: texRes = 128.0
12.6725 	EXP 	text: autoDraw = True
12.8214 	EXP 	hasPeriphery: texRes = 128.0
12.8214 	EXP 	noPeriphery: texRes = 128.0
12.9547 	EXP 	hasPeriphery: texRes = 128.0
12.9547 	EXP 	noPeriphery: texRes = 128.0
13.1054 	EXP 	hasPeriphery: texRes = 128.0
13.1054 	EXP 	noPeriphery: texRes = 128.0
13.2379 	EXP 	hasPeriphery: texRes = 128.0
13.2379 	EXP 	noPeriphery: texRes = 128.0
13.3721 	EXP 	hasPeriphery: texRes = 128.0
13.3721 	EXP 	noPeriphery: texRes = 128.0
13.5049 	EXP 	hasPeriphery: texRes = 128.0
13.5049 	EXP 	noPeriphery: texRes = 128.0
13.6382 	EXP 	hasPeriphery: texRes = 128.0
13.6382 	EXP 	noPeriphery: texRes = 128.0
13.7719 	EXP 	hasPeriphery: texRes = 128.0
13.7719 	EXP 	noPeriphery: texRes = 128.0
13.9047 	EXP 	blank_screen: autoDraw = False
13.9047 	EXP 	hasPeriphery: texRes = 128.0
13.9047 	EXP 	noPeriphery: texRes = 128.0
14.0389 	EXP 	hasPeriphery: texRes = 128.0
14.0389 	EXP 	noPeriphery: texRes = 128.0
14.1713 	EXP 	hasPeriphery: texRes = 128.0
14.1713 	EXP 	noPeriphery: texRes = 128.0
14.3047 	EXP 	hasPeriphery: texRes = 128.0
14.3047 	EXP 	noPeriphery: texRes = 128.0
14.4378 	EXP 	hasPeriphery: texRes = 128.0
14.4378 	EXP 	noPeriphery: texRes = 128.0
14.5885 	EXP 	hasPeriphery: texRes = 128.0
14.5885 	EXP 	noPeriphery: texRes = 128.0
14.7378 	EXP 	hasPeriphery: texRes = 128.0
14.7378 	EXP 	noPeriphery: texRes = 128.0
14.8875 	EXP 	hasPeriphery: texRes = 128.0
14.8875 	EXP 	noPeriphery: texRes = 128.0
15.0376 	EXP 	hasPeriphery: texRes = 128.0
15.0376 	EXP 	noPeriphery: texRes = 128.0
15.1713 	EXP 	hasPeriphery: texRes = 128.0
15.1713 	EXP 	noPeriphery: texRes = 128.0
15.3214 	EXP 	hasPeriphery: texRes = 128.0
15.3214 	EXP 	noPeriphery: texRes = 128.0
15.4551 	EXP 	hasPeriphery: texRes = 128.0
15.4551 	EXP 	noPeriphery: texRes = 128.0
15.6048 	EXP 	hasPeriphery: texRes = 128.0
15.6048 	EXP 	noPeriphery: texRes = 128.0
15.7374 	EXP 	hasPeriphery: texRes = 128.0
15.7374 	EXP 	noPeriphery: texRes = 128.0
15.8707 	EXP 	hasPeriphery: texRes = 128.0
15.8707 	EXP 	noPeriphery: texRes = 128.0
16.0044 	EXP 	hasPeriphery: texRes = 128.0
16.0044 	EXP 	noPeriphery: texRes = 128.0
16.1542 	EXP 	hasPeriphery: texRes = 128.0
16.1542 	EXP 	noPeriphery: texRes = 128.0
16.3046 	EXP 	hasPeriphery: texRes = 128.0
16.3046 	EXP 	noPeriphery: texRes = 128.0
16.4377 	EXP 	hasPeriphery: texRes = 128.0
16.4377 	EXP 	noPeriphery: texRes = 128.0
16.5711 	EXP 	hasPeriphery: texRes = 128.0
16.5711 	EXP 	noPeriphery: texRes = 128.0
16.7045 	EXP 	hasPeriphery: texRes = 128.0
16.7045 	EXP 	noPeriphery: texRes = 128.0
16.8376 	EXP 	hasPeriphery: texRes = 128.0
16.8376 	EXP 	noPeriphery: texRes = 128.0
16.9297 	DATA 	Keypress: space
16.9709 	EXP 	hasPeriphery: texRes = 128.0
16.9709 	EXP 	noPeriphery: texRes = 128.0
17.0578 	EXP 	New trial (rep=0, index=1): {'startImage': 'C:\\Users\\hesselmann\\Desktop\\PsychoPyUniformityIllusion\\UniformityIllusionPsychoPy\\Pics\\1start.png', 'endImage': 'C:\\Users\\hesselmann\\Desktop\\PsychoPyUniformityIllusion\\UniformityIllusionPsychoPy\\Pics\\1b.png', 'AB': 'b'}
17.2878 	EXP 	hasPeriphery: texRes = 128.0
17.2878 	EXP 	noPeriphery: texRes = 128.0
17.2878 	EXP 	blank_screen: autoDraw = False
17.2878 	EXP 	hasPeriphery: autoDraw = False
17.2878 	EXP 	noPeriphery: autoDraw = False
17.2878 	EXP 	text: autoDraw = False
17.2878 	EXP 	hasPeriphery: size = array([1.77777778, 1.        ])
17.2878 	EXP 	hasPeriphery: image = 'C:\\Users\\hesselmann\\Desktop\\PsychoPyUniformityIllusion\\UniformityIllusionPsychoPy\\Pics\\1b.png'
17.2878 	EXP 	noPeriphery: size = array([1.77777778, 1.        ])
17.2878 	EXP 	noPeriphery: image = 'C:\\Users\\hesselmann\\Desktop\\PsychoPyUniformityIllusion\\UniformityIllusionPsychoPy\\Pics\\1start.png'
17.2878 	EXP 	blank_screen: autoDraw = True
17.2878 	EXP 	hasPeriphery: autoDraw = True
17.2878 	EXP 	hasPeriphery: texRes = 128.0
17.2878 	EXP 	noPeriphery: autoDraw = True
17.2878 	EXP 	noPeriphery: texRes = 128.0
17.2878 	EXP 	text: autoDraw = True
17.4375 	EXP 	hasPeriphery: texRes = 128.0
17.4375 	EXP 	noPeriphery: texRes = 128.0
17.5703 	EXP 	hasPeriphery: texRes = 128.0
17.5703 	EXP 	noPeriphery: texRes = 128.0
17.7036 	EXP 	hasPeriphery: texRes = 128.0
17.7036 	EXP 	noPeriphery: texRes = 128.0
17.8377 	EXP 	hasPeriphery: texRes = 128.0
17.8377 	EXP 	noPeriphery: texRes = 128.0
17.9711 	EXP 	hasPeriphery: texRes = 128.0
17.9711 	EXP 	noPeriphery: texRes = 128.0
18.1206 	EXP 	hasPeriphery: texRes = 128.0
18.1206 	EXP 	noPeriphery: texRes = 128.0
18.2707 	EXP 	hasPeriphery: texRes = 128.0
18.2707 	EXP 	noPeriphery: texRes = 128.0
18.4045 	EXP 	blank_screen: autoDraw = False
18.4045 	EXP 	hasPeriphery: texRes = 128.0
18.4045 	EXP 	noPeriphery: texRes = 128.0
18.5368 	EXP 	hasPeriphery: texRes = 128.0
18.5368 	EXP 	noPeriphery: texRes = 128.0
18.6707 	EXP 	hasPeriphery: texRes = 128.0
18.6707 	EXP 	noPeriphery: texRes = 128.0
18.8042 	EXP 	hasPeriphery: texRes = 128.0
18.8042 	EXP 	noPeriphery: texRes = 128.0
18.9534 	EXP 	hasPeriphery: texRes = 128.0
18.9534 	EXP 	noPeriphery: texRes = 128.0
19.0871 	EXP 	hasPeriphery: texRes = 128.0
19.0871 	EXP 	noPeriphery: texRes = 128.0
19.2203 	EXP 	hasPeriphery: texRes = 128.0
19.2203 	EXP 	noPeriphery: texRes = 128.0
19.3541 	EXP 	hasPeriphery: texRes = 128.0
19.3541 	EXP 	noPeriphery: texRes = 128.0
19.5033 	EXP 	hasPeriphery: texRes = 128.0
19.5033 	EXP 	noPeriphery: texRes = 128.0
19.6370 	EXP 	hasPeriphery: texRes = 128.0
19.6370 	EXP 	noPeriphery: texRes = 128.0
19.7704 	EXP 	hasPeriphery: texRes = 128.0
19.7704 	EXP 	noPeriphery: texRes = 128.0
19.9036 	EXP 	hasPeriphery: texRes = 128.0
19.9036 	EXP 	noPeriphery: texRes = 128.0
20.0370 	EXP 	hasPeriphery: texRes = 128.0
20.0370 	EXP 	noPeriphery: texRes = 128.0
20.1702 	EXP 	hasPeriphery: texRes = 128.0
20.1702 	EXP 	noPeriphery: texRes = 128.0
20.3035 	EXP 	hasPeriphery: texRes = 128.0
20.3035 	EXP 	noPeriphery: texRes = 128.0
20.4365 	EXP 	hasPeriphery: texRes = 128.0
20.4365 	EXP 	noPeriphery: texRes = 128.0
20.5702 	EXP 	hasPeriphery: texRes = 128.0
20.5702 	EXP 	noPeriphery: texRes = 128.0
20.7034 	EXP 	hasPeriphery: texRes = 128.0
20.7034 	EXP 	noPeriphery: texRes = 128.0
20.8535 	EXP 	hasPeriphery: texRes = 128.0
20.8535 	EXP 	noPeriphery: texRes = 128.0
21.0042 	EXP 	hasPeriphery: texRes = 128.0
21.0042 	EXP 	noPeriphery: texRes = 128.0
21.1367 	EXP 	hasPeriphery: texRes = 128.0
21.1367 	EXP 	noPeriphery: texRes = 128.0
21.2269 	DATA 	Keypress: escape
21.2710 	EXP 	hasPeriphery: texRes = 128.0
21.2710 	EXP 	noPeriphery: texRes = 128.0
21.5196 	EXP 	window1: mouseVisible = True
