1.0354 	WARNING 	We strongly recommend you activate the PTB sound engine in PsychoPy prefs as the preferred audio engine. Its timing is vastly superior. Your prefs are currently set to use ['sounddevice', 'PTB', 'pyo', 'pygame'] (in that order).
6.2900 	EXP 	Created window1 = Window(allowGUI=False, allowStencil=False, autoLog=True, backendConf=UNKNOWN, bitsMode=UNKNOWN, blendMode='avg', bpc=(8, 8, 8), color=array([0, 0, 0]), colorSpace='rgb', depthBits=8, fullscr=<method-wrapper '__getattribute__' of attributeSetter object at 0x0000020F62AE4E10>, gamma=None, gammaErrorPolicy='raise', lms=UNKNOWN, monitor=<psychopy.monitors.calibTools.Monitor object at 0x0000020F62ABE4A8>, multiSample=False, name='window1', numSamples=2, pos=[0.0, 0.0], screen=0, size=array([1920, 1080]), stencilBits=0, stereo=False, units='height', useFBO=True, useRetina=False, viewOri=0.0, viewPos=None, viewScale=None, waitBlanking=True, winType='pyglet')
6.2902 	EXP 	window1: mouseVisible = True
6.2903 	EXP 	window1: recordFrameIntervals = False
6.4561 	EXP 	window1: recordFrameIntervals = True
6.6402 	EXP 	window1: recordFrameIntervals = False
7.1282 	EXP 	Created WelcomeText = TextStim(__class__=<class 'psychopy.visual.text.TextStim'>, alignHoriz=method-wrapper(...), alignText='center', alignVert=method-wrapper(...), anchorHoriz='center', anchorVert='center', antialias=True, autoLog=True, bold=False, color=array([1, 1, 1]), colorSpace='rgb', contrast=1.0, depth=0.0, flipHoriz=False, flipVert=False, font='Open Sans', fontFiles=[], height=0.1, italic=False, languageStyle='LTR', name='WelcomeText', opacity=1, ori=0.0, pos=array([0., 0.]), rgb=UNKNOWN, text='Welcome to our Study!', units='height', win=Window(...), wrapWidth=1)
7.1420 	EXP 	Imported depression.xlsx as conditions, 2 conditions, 12 params
7.1430 	EXP 	Question text: Sadness
7.1625 	EXP 	window1: mouseVisible = True
7.1958 	EXP 	Question text: Pessimism
7.2032 	EXP 	window1: mouseVisible = True
7.2260 	EXP 	window1: mouseVisible = True
7.2302 	EXP 	Created unnamed Rect = Rect(__class__=<class 'psychopy.visual.rect.Rect'>, autoDraw=False, autoLog=True, closeShape=True, color=method-wrapper(...), colorSpace='rgb', contrast=None, depth=0, fillColor=array([0, 0, 0]), fillColorSpace='rgb', fillRGB=UNKNOWN, interpolate=True, lineColor=array([0, 0, 0]), lineColorSpace='rgb', lineRGB=UNKNOWN, lineWidth=1.5, name='unnamed Rect', opacity=0, ori=0.0, pos=array([0., 0.]), size=array([0., 0.]), units='height', vertices=ndarray(...), win=Window(...))
7.2383 	EXP 	Created DepressionQuestionnaire = <psychopy.visual.form.Form object at 0x0000020F6555F710>
7.2616 	EXP 	window1: mouseVisible = True
7.3044 	EXP 	Created instructionsText = TextStim(__class__=<class 'psychopy.visual.text.TextStim'>, alignHoriz=method-wrapper(...), alignText='center', alignVert=method-wrapper(...), anchorHoriz='center', anchorVert='center', antialias=True, autoLog=True, bold=False, color=array([1, 1, 1]), colorSpace='rgb', contrast=1.0, depth=0.0, flipHoriz=False, flipVert=False, font='Open Sans', fontFiles=[], height=0.04, italic=False, languageStyle='LTR', name='instructionsText', opacity=1, ori=0.0, pos=array([0., 0.]), rgb=UNKNOWN, text=str(...), units='height', win=Window(...), wrapWidth=1)
7.3080 	EXP 	Created hasPeriphery = ImageStim(__class__=<class 'psychopy.visual.image.ImageStim'>, autoLog=True, color=array([1, 1, 1]), colorSpace='rgb', contrast=1.0, depth=-1.0, flipHoriz=False, flipVert=False, image='sin', interpolate=True, mask=None, maskParams=None, name='hasPeriphery', opacity=1.0, ori=0.0, pos=array([0., 0.]), size=array([0.5, 0.5]), texRes=128.0, units='height', win=Window(...))
7.3105 	EXP 	Created noPeriphery = ImageStim(__class__=<class 'psychopy.visual.image.ImageStim'>, autoLog=True, color=array([1, 1, 1]), colorSpace='rgb', contrast=1.0, depth=-3.0, flipHoriz=False, flipVert=False, image='sin', interpolate=True, mask=None, maskParams=None, name='noPeriphery', opacity=1.0, ori=0.0, pos=array([0., 0.]), size=array([0.5, 0.5]), texRes=128.0, units='height', win=Window(...))
7.3164 	EXP 	Created text = TextStim(__class__=<class 'psychopy.visual.text.TextStim'>, alignHoriz=method-wrapper(...), alignText='center', alignVert=method-wrapper(...), anchorHoriz='center', anchorVert='center', antialias=True, autoLog=True, bold=False, color=array([ 1, -1, -1]), colorSpace='rgb', contrast=1.0, depth=-4.0, flipHoriz=False, flipVert=False, font='Open Sans', fontFiles=[], height=0.1, italic=False, languageStyle='LTR', name='text', opacity=1, ori=0.0, pos=array([0., 0.]), rgb=UNKNOWN, text='+', units='height', win=Window(...), wrapWidth=1)
7.3273 	EXP 	Created WelcomeText = TextStim(__class__=<class 'psychopy.visual.text.TextStim'>, alignHoriz=method-wrapper(...), alignText='center', alignVert=method-wrapper(...), anchorHoriz='center', anchorVert='center', antialias=True, autoLog=True, bold=False, color=array([1, 1, 1]), colorSpace='rgb', contrast=1.0, depth=0.0, flipHoriz=False, flipVert=False, font='Open Sans', fontFiles=[], height=0.1, italic=False, languageStyle='LTR', name='WelcomeText', opacity=1, ori=0.0, pos=array([0., 0.]), rgb=UNKNOWN, text='Welcome to our Study!', units='height', win=Window(...), wrapWidth=1)
7.3299 	EXP 	Created hasPeriphery_2 = ImageStim(__class__=<class 'psychopy.visual.image.ImageStim'>, autoLog=True, color=array([1, 1, 1]), colorSpace='rgb', contrast=1.0, depth=-1.0, flipHoriz=False, flipVert=False, image='sin', interpolate=True, mask=None, maskParams=None, name='hasPeriphery_2', opacity=1.0, ori=0.0, pos=array([0., 0.]), size=array([0.5, 0.5]), texRes=128.0, units='height', win=Window(...))
7.3321 	EXP 	Created noPeriphery_2 = ImageStim(__class__=<class 'psychopy.visual.image.ImageStim'>, autoLog=True, color=array([1, 1, 1]), colorSpace='rgb', contrast=1.0, depth=-3.0, flipHoriz=False, flipVert=False, image='sin', interpolate=True, mask=None, maskParams=None, name='noPeriphery_2', opacity=1.0, ori=0.0, pos=array([0., 0.]), size=array([0.5, 0.5]), texRes=128.0, units='height', win=Window(...))
7.3339 	EXP 	Created text_2 = TextStim(__class__=<class 'psychopy.visual.text.TextStim'>, alignHoriz=method-wrapper(...), alignText='center', alignVert=method-wrapper(...), anchorHoriz='center', anchorVert='center', antialias=True, autoLog=True, bold=False, color=array([ 1, -1, -1]), colorSpace='rgb', contrast=1.0, depth=-4.0, flipHoriz=False, flipVert=False, font='Open Sans', fontFiles=[], height=0.1, italic=False, languageStyle='LTR', name='text_2', opacity=1, ori=0.0, pos=array([0., 0.]), rgb=UNKNOWN, text='+', units='height', win=Window(...), wrapWidth=1)
7.3893 	EXP 	unnamed Form: autoLog = True
7.3893 	EXP 	DepressionQuestionnaire: name = 'DepressionQuestionnaire'
7.3893 	EXP 	DepressionQuestionnaire: size = (3.5, 1)
7.3893 	EXP 	DepressionQuestionnaire: size = array([3.5, 1. ])
7.3893 	EXP 	DepressionQuestionnaire: units = 'height'
7.3893 	EXP 	DepressionQuestionnaire: depth = 0
7.3893 	EXP 	WelcomeText: autoDraw = True
9.3899 	EXP 	WelcomeText: autoDraw = False
9.3899 	EXP 	DepressionQuestionnaire: autoDraw = True
11.4564 	DATA 	Mouse: Left button down, pos=(730,89)
11.4885 	EXP 	DepressionQuestionnaire: autoDraw = False
11.4885 	EXP 	instructionsText: autoDraw = True
11.5273 	DATA 	Mouse:  Left button up, pos=(730,89)
12.0185 	EXP 	Imported picPaths.xlsx as conditions, 6 conditions, 3 params
12.0188 	EXP 	Created sequence: sequential, trialTypes=6, nReps=1, seed=None
12.0191 	EXP 	New trial (rep=0, index=0): {'startImage': 'C:\\Users\\hesselmann\\Desktop\\PsychoPyUniformityIllusion\\UniformityIllusionPsychoPy\\Pics\\1start.png', 'endImage': 'C:\\Users\\hesselmann\\Desktop\\PsychoPyUniformityIllusion\\UniformityIllusionPsychoPy\\Pics\\1a.png', 'AB': 'a'}
12.1975 	DATA 	Keypress: space
12.2395 	EXP 	instructionsText: autoDraw = False
12.2395 	EXP 	hasPeriphery: size = array([1.77777778, 1.        ])
12.2395 	EXP 	hasPeriphery: image = 'C:\\Users\\hesselmann\\Desktop\\PsychoPyUniformityIllusion\\UniformityIllusionPsychoPy\\Pics\\1a.png'
12.2395 	EXP 	noPeriphery: size = array([1.77777778, 1.        ])
12.2395 	EXP 	noPeriphery: image = 'C:\\Users\\hesselmann\\Desktop\\PsychoPyUniformityIllusion\\UniformityIllusionPsychoPy\\Pics\\1start.png'
12.2395 	EXP 	hasPeriphery: autoDraw = True
12.2395 	EXP 	hasPeriphery: texRes = 128.0
12.2395 	EXP 	noPeriphery: autoDraw = True
12.2395 	EXP 	noPeriphery: texRes = 128.0
12.2395 	EXP 	text: autoDraw = True
12.3733 	EXP 	hasPeriphery: texRes = 128.0
12.3733 	EXP 	noPeriphery: texRes = 128.0
12.5217 	EXP 	hasPeriphery: texRes = 128.0
12.5217 	EXP 	noPeriphery: texRes = 128.0
12.6553 	EXP 	hasPeriphery: texRes = 128.0
12.6553 	EXP 	noPeriphery: texRes = 128.0
12.7888 	EXP 	hasPeriphery: texRes = 128.0
12.7888 	EXP 	noPeriphery: texRes = 128.0
12.9220 	EXP 	hasPeriphery: texRes = 128.0
12.9220 	EXP 	noPeriphery: texRes = 128.0
13.0552 	EXP 	hasPeriphery: texRes = 128.0
13.0552 	EXP 	noPeriphery: texRes = 128.0
13.1888 	EXP 	hasPeriphery: texRes = 128.0
13.1888 	EXP 	noPeriphery: texRes = 128.0
13.3218 	EXP 	hasPeriphery: texRes = 128.0
13.3218 	EXP 	noPeriphery: texRes = 128.0
13.4552 	EXP 	hasPeriphery: texRes = 128.0
13.4552 	EXP 	noPeriphery: texRes = 128.0
13.5884 	EXP 	hasPeriphery: texRes = 128.0
13.5884 	EXP 	noPeriphery: texRes = 128.0
13.7222 	EXP 	hasPeriphery: texRes = 128.0
13.7222 	EXP 	noPeriphery: texRes = 128.0
13.8561 	EXP 	hasPeriphery: texRes = 128.0
13.8561 	EXP 	noPeriphery: texRes = 128.0
14.0050 	EXP 	hasPeriphery: texRes = 128.0
14.0050 	EXP 	noPeriphery: texRes = 128.0
14.1383 	EXP 	hasPeriphery: texRes = 128.0
14.1383 	EXP 	noPeriphery: texRes = 128.0
14.2717 	EXP 	hasPeriphery: texRes = 128.0
14.2717 	EXP 	noPeriphery: texRes = 128.0
14.4052 	EXP 	hasPeriphery: texRes = 128.0
14.4052 	EXP 	noPeriphery: texRes = 128.0
14.5385 	EXP 	hasPeriphery: texRes = 128.0
14.5385 	EXP 	noPeriphery: texRes = 128.0
14.6887 	EXP 	hasPeriphery: texRes = 128.0
14.6887 	EXP 	noPeriphery: texRes = 128.0
14.8216 	EXP 	hasPeriphery: texRes = 128.0
14.8216 	EXP 	noPeriphery: texRes = 128.0
14.9088 	EXP 	New trial (rep=0, index=1): {'startImage': 'C:\\Users\\hesselmann\\Desktop\\PsychoPyUniformityIllusion\\UniformityIllusionPsychoPy\\Pics\\1start.png', 'endImage': 'C:\\Users\\hesselmann\\Desktop\\PsychoPyUniformityIllusion\\UniformityIllusionPsychoPy\\Pics\\1b.png', 'AB': 'b'}
15.0815 	DATA 	Keypress: space
15.1216 	EXP 	hasPeriphery: texRes = 128.0
15.1216 	EXP 	noPeriphery: texRes = 128.0
15.1216 	EXP 	hasPeriphery: autoDraw = False
15.1216 	EXP 	noPeriphery: autoDraw = False
15.1216 	EXP 	text: autoDraw = False
15.1216 	EXP 	hasPeriphery: size = array([1.77777778, 1.        ])
15.1216 	EXP 	hasPeriphery: image = 'C:\\Users\\hesselmann\\Desktop\\PsychoPyUniformityIllusion\\UniformityIllusionPsychoPy\\Pics\\1b.png'
15.1216 	EXP 	noPeriphery: size = array([1.77777778, 1.        ])
15.1216 	EXP 	noPeriphery: image = 'C:\\Users\\hesselmann\\Desktop\\PsychoPyUniformityIllusion\\UniformityIllusionPsychoPy\\Pics\\1start.png'
15.1216 	EXP 	hasPeriphery: autoDraw = True
15.1216 	EXP 	hasPeriphery: texRes = 128.0
15.1216 	EXP 	noPeriphery: autoDraw = True
15.1216 	EXP 	noPeriphery: texRes = 128.0
15.1216 	EXP 	text: autoDraw = True
15.2559 	EXP 	hasPeriphery: texRes = 128.0
15.2559 	EXP 	noPeriphery: texRes = 128.0
15.3890 	EXP 	hasPeriphery: texRes = 128.0
15.3890 	EXP 	noPeriphery: texRes = 128.0
15.4756 	EXP 	New trial (rep=0, index=2): {'startImage': 'C:\\Users\\hesselmann\\Desktop\\PsychoPyUniformityIllusion\\UniformityIllusionPsychoPy\\Pics\\2start.png', 'endImage': 'C:\\Users\\hesselmann\\Desktop\\PsychoPyUniformityIllusion\\UniformityIllusionPsychoPy\\Pics\\2a.png', 'AB': 'a'}
15.6149 	DATA 	Keypress: space
15.6549 	EXP 	hasPeriphery: texRes = 128.0
15.6549 	EXP 	noPeriphery: texRes = 128.0
15.6549 	EXP 	hasPeriphery: autoDraw = False
15.6549 	EXP 	noPeriphery: autoDraw = False
15.6549 	EXP 	text: autoDraw = False
15.6549 	EXP 	hasPeriphery: size = array([1.77777778, 1.        ])
15.6549 	EXP 	hasPeriphery: image = 'C:\\Users\\hesselmann\\Desktop\\PsychoPyUniformityIllusion\\UniformityIllusionPsychoPy\\Pics\\2a.png'
15.6549 	EXP 	noPeriphery: size = array([1.77777778, 1.        ])
15.6549 	EXP 	noPeriphery: image = 'C:\\Users\\hesselmann\\Desktop\\PsychoPyUniformityIllusion\\UniformityIllusionPsychoPy\\Pics\\2start.png'
15.6549 	EXP 	hasPeriphery: autoDraw = True
15.6549 	EXP 	hasPeriphery: texRes = 128.0
15.6549 	EXP 	noPeriphery: autoDraw = True
15.6549 	EXP 	noPeriphery: texRes = 128.0
15.6549 	EXP 	text: autoDraw = True
15.7724 	EXP 	hasPeriphery: texRes = 128.0
15.7724 	EXP 	noPeriphery: texRes = 128.0
15.8882 	EXP 	hasPeriphery: texRes = 128.0
15.8882 	EXP 	noPeriphery: texRes = 128.0
15.9584 	EXP 	New trial (rep=0, index=3): {'startImage': 'C:\\Users\\hesselmann\\Desktop\\PsychoPyUniformityIllusion\\UniformityIllusionPsychoPy\\Pics\\2start.png', 'endImage': 'C:\\Users\\hesselmann\\Desktop\\PsychoPyUniformityIllusion\\UniformityIllusionPsychoPy\\Pics\\2b.png', 'AB': 'b'}
16.0880 	DATA 	Keypress: space
16.1224 	EXP 	hasPeriphery: texRes = 128.0
16.1224 	EXP 	noPeriphery: texRes = 128.0
16.1224 	EXP 	hasPeriphery: autoDraw = False
16.1224 	EXP 	noPeriphery: autoDraw = False
16.1224 	EXP 	text: autoDraw = False
16.1224 	EXP 	hasPeriphery: size = array([1.77777778, 1.        ])
16.1224 	EXP 	hasPeriphery: image = 'C:\\Users\\hesselmann\\Desktop\\PsychoPyUniformityIllusion\\UniformityIllusionPsychoPy\\Pics\\2b.png'
16.1224 	EXP 	noPeriphery: size = array([1.77777778, 1.        ])
16.1224 	EXP 	noPeriphery: image = 'C:\\Users\\hesselmann\\Desktop\\PsychoPyUniformityIllusion\\UniformityIllusionPsychoPy\\Pics\\2start.png'
16.1224 	EXP 	hasPeriphery: autoDraw = True
16.1224 	EXP 	hasPeriphery: texRes = 128.0
16.1224 	EXP 	noPeriphery: autoDraw = True
16.1224 	EXP 	noPeriphery: texRes = 128.0
16.1224 	EXP 	text: autoDraw = True
16.2382 	EXP 	hasPeriphery: texRes = 128.0
16.2382 	EXP 	noPeriphery: texRes = 128.0
16.3556 	EXP 	hasPeriphery: texRes = 128.0
16.3556 	EXP 	noPeriphery: texRes = 128.0
16.4723 	EXP 	hasPeriphery: texRes = 128.0
16.4723 	EXP 	noPeriphery: texRes = 128.0
16.5883 	EXP 	hasPeriphery: texRes = 128.0
16.5883 	EXP 	noPeriphery: texRes = 128.0
16.6538 	EXP 	New trial (rep=0, index=4): {'startImage': 'C:\\Users\\hesselmann\\Desktop\\PsychoPyUniformityIllusion\\UniformityIllusionPsychoPy\\Pics\\3start.png', 'endImage': 'C:\\Users\\hesselmann\\Desktop\\PsychoPyUniformityIllusion\\UniformityIllusionPsychoPy\\Pics\\3a.png', 'AB': 'a'}
16.7998 	DATA 	Keypress: space
16.8382 	EXP 	hasPeriphery: texRes = 128.0
16.8382 	EXP 	noPeriphery: texRes = 128.0
16.8382 	EXP 	hasPeriphery: autoDraw = False
16.8382 	EXP 	noPeriphery: autoDraw = False
16.8382 	EXP 	text: autoDraw = False
16.8382 	EXP 	hasPeriphery: size = array([1.77777778, 1.        ])
16.8382 	EXP 	hasPeriphery: image = 'C:\\Users\\hesselmann\\Desktop\\PsychoPyUniformityIllusion\\UniformityIllusionPsychoPy\\Pics\\3a.png'
16.8382 	EXP 	noPeriphery: size = array([1.77777778, 1.        ])
16.8382 	EXP 	noPeriphery: image = 'C:\\Users\\hesselmann\\Desktop\\PsychoPyUniformityIllusion\\UniformityIllusionPsychoPy\\Pics\\3start.png'
16.8382 	EXP 	hasPeriphery: autoDraw = True
16.8382 	EXP 	hasPeriphery: texRes = 128.0
16.8382 	EXP 	noPeriphery: autoDraw = True
16.8382 	EXP 	noPeriphery: texRes = 128.0
16.8382 	EXP 	text: autoDraw = True
16.9552 	EXP 	hasPeriphery: texRes = 128.0
16.9552 	EXP 	noPeriphery: texRes = 128.0
17.0722 	EXP 	hasPeriphery: texRes = 128.0
17.0722 	EXP 	noPeriphery: texRes = 128.0
17.1891 	EXP 	hasPeriphery: texRes = 128.0
17.1891 	EXP 	noPeriphery: texRes = 128.0
17.2657 	EXP 	New trial (rep=0, index=5): {'startImage': 'C:\\Users\\hesselmann\\Desktop\\PsychoPyUniformityIllusion\\UniformityIllusionPsychoPy\\Pics\\3start.png', 'endImage': 'C:\\Users\\hesselmann\\Desktop\\PsychoPyUniformityIllusion\\UniformityIllusionPsychoPy\\Pics\\3b.png', 'AB': 'b'}
17.4128 	DATA 	Keypress: space
17.4555 	EXP 	hasPeriphery: texRes = 128.0
17.4555 	EXP 	noPeriphery: texRes = 128.0
17.4555 	EXP 	hasPeriphery: autoDraw = False
17.4555 	EXP 	noPeriphery: autoDraw = False
17.4555 	EXP 	text: autoDraw = False
17.4555 	EXP 	hasPeriphery: size = array([1.77777778, 1.        ])
17.4555 	EXP 	hasPeriphery: image = 'C:\\Users\\hesselmann\\Desktop\\PsychoPyUniformityIllusion\\UniformityIllusionPsychoPy\\Pics\\3b.png'
17.4555 	EXP 	noPeriphery: size = array([1.77777778, 1.        ])
17.4555 	EXP 	noPeriphery: image = 'C:\\Users\\hesselmann\\Desktop\\PsychoPyUniformityIllusion\\UniformityIllusionPsychoPy\\Pics\\3start.png'
17.4555 	EXP 	hasPeriphery: autoDraw = True
17.4555 	EXP 	hasPeriphery: texRes = 128.0
17.4555 	EXP 	noPeriphery: autoDraw = True
17.4555 	EXP 	noPeriphery: texRes = 128.0
17.4555 	EXP 	text: autoDraw = True
17.5726 	EXP 	hasPeriphery: texRes = 128.0
17.5726 	EXP 	noPeriphery: texRes = 128.0
17.6890 	EXP 	hasPeriphery: texRes = 128.0
17.6890 	EXP 	noPeriphery: texRes = 128.0
17.8064 	EXP 	hasPeriphery: texRes = 128.0
17.8064 	EXP 	noPeriphery: texRes = 128.0
17.8954 	DATA 	Keypress: space
17.9387 	EXP 	hasPeriphery: texRes = 128.0
17.9387 	EXP 	noPeriphery: texRes = 128.0
18.0387 	EXP 	hasPeriphery: texRes = 128.0
18.0387 	EXP 	noPeriphery: texRes = 128.0
18.0387 	EXP 	hasPeriphery: autoDraw = False
18.0387 	EXP 	noPeriphery: autoDraw = False
18.0387 	EXP 	text: autoDraw = False
18.0387 	EXP 	WelcomeText: autoDraw = True
18.3913 	DATA 	Keypress: space
20.0304 	EXP 	Imported picPaths.xlsx as conditions, 24 conditions, 3 params
20.0307 	EXP 	Created sequence: sequential, trialTypes=24, nReps=1, seed=None
20.0310 	EXP 	New trial (rep=0, index=0): {'startImage': 'C:\\Users\\hesselmann\\Desktop\\PsychoPyUniformityIllusion\\UniformityIllusionPsychoPy\\Pics\\4start.png', 'endImage': 'C:\\Users\\hesselmann\\Desktop\\PsychoPyUniformityIllusion\\UniformityIllusionPsychoPy\\Pics\\4a.png', 'AB': 'a'}
20.2216 	EXP 	WelcomeText: autoDraw = False
20.2216 	EXP 	hasPeriphery_2: size = array([1.77777778, 1.        ])
20.2216 	EXP 	hasPeriphery_2: image = 'C:\\Users\\hesselmann\\Desktop\\PsychoPyUniformityIllusion\\UniformityIllusionPsychoPy\\Pics\\4a.png'
20.2216 	EXP 	noPeriphery_2: size = array([1.77777778, 1.        ])
20.2216 	EXP 	noPeriphery_2: image = 'C:\\Users\\hesselmann\\Desktop\\PsychoPyUniformityIllusion\\UniformityIllusionPsychoPy\\Pics\\4start.png'
20.2216 	EXP 	hasPeriphery_2: autoDraw = True
20.2216 	EXP 	hasPeriphery_2: texRes = 128.0
20.2216 	EXP 	noPeriphery_2: autoDraw = True
20.2216 	EXP 	noPeriphery_2: texRes = 128.0
20.2216 	EXP 	text_2: autoDraw = True
20.3394 	EXP 	hasPeriphery_2: texRes = 128.0
20.3394 	EXP 	noPeriphery_2: texRes = 128.0
20.4556 	EXP 	hasPeriphery_2: texRes = 128.0
20.4556 	EXP 	noPeriphery_2: texRes = 128.0
20.5716 	EXP 	hasPeriphery_2: texRes = 128.0
20.5716 	EXP 	noPeriphery_2: texRes = 128.0
20.6886 	EXP 	hasPeriphery_2: texRes = 128.0
20.6886 	EXP 	noPeriphery_2: texRes = 128.0
20.8050 	EXP 	hasPeriphery_2: texRes = 128.0
20.8050 	EXP 	noPeriphery_2: texRes = 128.0
20.9219 	EXP 	hasPeriphery_2: texRes = 128.0
20.9219 	EXP 	noPeriphery_2: texRes = 128.0
21.0379 	EXP 	hasPeriphery_2: texRes = 128.0
21.0379 	EXP 	noPeriphery_2: texRes = 128.0
21.1548 	EXP 	hasPeriphery_2: texRes = 128.0
21.1548 	EXP 	noPeriphery_2: texRes = 128.0
21.2719 	EXP 	hasPeriphery_2: texRes = 128.0
21.2719 	EXP 	noPeriphery_2: texRes = 128.0
21.4047 	EXP 	hasPeriphery_2: texRes = 128.0
21.4047 	EXP 	noPeriphery_2: texRes = 128.0
21.5215 	EXP 	hasPeriphery_2: texRes = 128.0
21.5215 	EXP 	noPeriphery_2: texRes = 128.0
21.6381 	EXP 	hasPeriphery_2: texRes = 128.0
21.6381 	EXP 	noPeriphery_2: texRes = 128.0
21.7557 	EXP 	hasPeriphery_2: texRes = 128.0
21.7557 	EXP 	noPeriphery_2: texRes = 128.0
21.8894 	EXP 	hasPeriphery_2: texRes = 128.0
21.8894 	EXP 	noPeriphery_2: texRes = 128.0
22.0216 	EXP 	hasPeriphery_2: texRes = 128.0
22.0216 	EXP 	noPeriphery_2: texRes = 128.0
22.1384 	EXP 	hasPeriphery_2: texRes = 128.0
22.1384 	EXP 	noPeriphery_2: texRes = 128.0
22.2547 	EXP 	hasPeriphery_2: texRes = 128.0
22.2547 	EXP 	noPeriphery_2: texRes = 128.0
22.3714 	EXP 	hasPeriphery_2: texRes = 128.0
22.3714 	EXP 	noPeriphery_2: texRes = 128.0
22.4880 	EXP 	hasPeriphery_2: texRes = 128.0
22.4880 	EXP 	noPeriphery_2: texRes = 128.0
22.6044 	EXP 	hasPeriphery_2: texRes = 128.0
22.6044 	EXP 	noPeriphery_2: texRes = 128.0
22.7218 	EXP 	hasPeriphery_2: texRes = 128.0
22.7218 	EXP 	noPeriphery_2: texRes = 128.0
22.8376 	EXP 	hasPeriphery_2: texRes = 128.0
22.8376 	EXP 	noPeriphery_2: texRes = 128.0
22.9543 	EXP 	hasPeriphery_2: texRes = 128.0
22.9543 	EXP 	noPeriphery_2: texRes = 128.0
23.0713 	EXP 	hasPeriphery_2: texRes = 128.0
23.0713 	EXP 	noPeriphery_2: texRes = 128.0
23.1882 	EXP 	hasPeriphery_2: texRes = 128.0
23.1882 	EXP 	noPeriphery_2: texRes = 128.0
23.3212 	EXP 	hasPeriphery_2: texRes = 128.0
23.3212 	EXP 	noPeriphery_2: texRes = 128.0
23.4376 	EXP 	hasPeriphery_2: texRes = 128.0
23.4376 	EXP 	noPeriphery_2: texRes = 128.0
23.5547 	EXP 	hasPeriphery_2: texRes = 128.0
23.5547 	EXP 	noPeriphery_2: texRes = 128.0
23.6716 	EXP 	hasPeriphery_2: texRes = 128.0
23.6716 	EXP 	noPeriphery_2: texRes = 128.0
23.7880 	EXP 	hasPeriphery_2: texRes = 128.0
23.7880 	EXP 	noPeriphery_2: texRes = 128.0
23.9042 	EXP 	hasPeriphery_2: texRes = 128.0
23.9042 	EXP 	noPeriphery_2: texRes = 128.0
24.0209 	EXP 	hasPeriphery_2: texRes = 128.0
24.0209 	EXP 	noPeriphery_2: texRes = 128.0
24.1383 	EXP 	hasPeriphery_2: texRes = 128.0
24.1383 	EXP 	noPeriphery_2: texRes = 128.0
24.2546 	EXP 	hasPeriphery_2: texRes = 128.0
24.2546 	EXP 	noPeriphery_2: texRes = 128.0
24.3876 	EXP 	hasPeriphery_2: texRes = 128.0
24.3876 	EXP 	noPeriphery_2: texRes = 128.0
24.5053 	EXP 	hasPeriphery_2: texRes = 128.0
24.5053 	EXP 	noPeriphery_2: texRes = 128.0
24.6209 	EXP 	hasPeriphery_2: texRes = 128.0
24.6209 	EXP 	noPeriphery_2: texRes = 128.0
24.7379 	EXP 	hasPeriphery_2: texRes = 128.0
24.7379 	EXP 	noPeriphery_2: texRes = 128.0
24.8547 	EXP 	hasPeriphery_2: texRes = 128.0
24.8547 	EXP 	noPeriphery_2: texRes = 128.0
24.9877 	EXP 	hasPeriphery_2: texRes = 128.0
24.9877 	EXP 	noPeriphery_2: texRes = 128.0
25.1041 	EXP 	hasPeriphery_2: texRes = 128.0
25.1041 	EXP 	noPeriphery_2: texRes = 128.0
25.2210 	EXP 	hasPeriphery_2: texRes = 128.0
25.2210 	EXP 	noPeriphery_2: texRes = 128.0
25.3375 	EXP 	hasPeriphery_2: texRes = 128.0
25.3375 	EXP 	noPeriphery_2: texRes = 128.0
25.4542 	EXP 	hasPeriphery_2: texRes = 128.0
25.4542 	EXP 	noPeriphery_2: texRes = 128.0
25.5711 	EXP 	hasPeriphery_2: texRes = 128.0
25.5711 	EXP 	noPeriphery_2: texRes = 128.0
25.6874 	EXP 	hasPeriphery_2: texRes = 128.0
25.6874 	EXP 	noPeriphery_2: texRes = 128.0
25.8042 	EXP 	hasPeriphery_2: texRes = 128.0
25.8042 	EXP 	noPeriphery_2: texRes = 128.0
25.9218 	EXP 	hasPeriphery_2: texRes = 128.0
25.9218 	EXP 	noPeriphery_2: texRes = 128.0
26.0377 	EXP 	hasPeriphery_2: texRes = 128.0
26.0377 	EXP 	noPeriphery_2: texRes = 128.0
26.1548 	EXP 	hasPeriphery_2: texRes = 128.0
26.1548 	EXP 	noPeriphery_2: texRes = 128.0
26.2711 	EXP 	hasPeriphery_2: texRes = 128.0
26.2711 	EXP 	noPeriphery_2: texRes = 128.0
26.3881 	EXP 	hasPeriphery_2: texRes = 128.0
26.3881 	EXP 	noPeriphery_2: texRes = 128.0
26.4641 	EXP 	New trial (rep=0, index=1): {'startImage': 'C:\\Users\\hesselmann\\Desktop\\PsychoPyUniformityIllusion\\UniformityIllusionPsychoPy\\Pics\\4start.png', 'endImage': 'C:\\Users\\hesselmann\\Desktop\\PsychoPyUniformityIllusion\\UniformityIllusionPsychoPy\\Pics\\4b.png', 'AB': 'b'}
26.6019 	DATA 	Keypress: space
26.6381 	EXP 	hasPeriphery_2: texRes = 128.0
26.6381 	EXP 	noPeriphery_2: texRes = 128.0
26.6381 	EXP 	hasPeriphery_2: autoDraw = False
26.6381 	EXP 	noPeriphery_2: autoDraw = False
26.6381 	EXP 	text_2: autoDraw = False
26.6381 	EXP 	hasPeriphery_2: size = array([1.77777778, 1.        ])
26.6381 	EXP 	hasPeriphery_2: image = 'C:\\Users\\hesselmann\\Desktop\\PsychoPyUniformityIllusion\\UniformityIllusionPsychoPy\\Pics\\4b.png'
26.6381 	EXP 	noPeriphery_2: size = array([1.77777778, 1.        ])
26.6381 	EXP 	noPeriphery_2: image = 'C:\\Users\\hesselmann\\Desktop\\PsychoPyUniformityIllusion\\UniformityIllusionPsychoPy\\Pics\\4start.png'
26.6381 	EXP 	hasPeriphery_2: autoDraw = True
26.6381 	EXP 	hasPeriphery_2: texRes = 128.0
26.6381 	EXP 	noPeriphery_2: autoDraw = True
26.6381 	EXP 	noPeriphery_2: texRes = 128.0
26.6381 	EXP 	text_2: autoDraw = True
26.7542 	EXP 	hasPeriphery_2: texRes = 128.0
26.7542 	EXP 	noPeriphery_2: texRes = 128.0
26.8714 	EXP 	hasPeriphery_2: texRes = 128.0
26.8714 	EXP 	noPeriphery_2: texRes = 128.0
26.9876 	EXP 	hasPeriphery_2: texRes = 128.0
26.9876 	EXP 	noPeriphery_2: texRes = 128.0
27.1207 	EXP 	hasPeriphery_2: texRes = 128.0
27.1207 	EXP 	noPeriphery_2: texRes = 128.0
27.2373 	EXP 	hasPeriphery_2: texRes = 128.0
27.2373 	EXP 	noPeriphery_2: texRes = 128.0
27.3540 	EXP 	hasPeriphery_2: texRes = 128.0
27.3540 	EXP 	noPeriphery_2: texRes = 128.0
27.4706 	EXP 	hasPeriphery_2: texRes = 128.0
27.4706 	EXP 	noPeriphery_2: texRes = 128.0
27.5880 	EXP 	hasPeriphery_2: texRes = 128.0
27.5880 	EXP 	noPeriphery_2: texRes = 128.0
27.7043 	EXP 	hasPeriphery_2: texRes = 128.0
27.7043 	EXP 	noPeriphery_2: texRes = 128.0
27.8210 	EXP 	hasPeriphery_2: texRes = 128.0
27.8210 	EXP 	noPeriphery_2: texRes = 128.0
27.9374 	EXP 	hasPeriphery_2: texRes = 128.0
27.9374 	EXP 	noPeriphery_2: texRes = 128.0
28.0542 	EXP 	hasPeriphery_2: texRes = 128.0
28.0542 	EXP 	noPeriphery_2: texRes = 128.0
28.1706 	EXP 	hasPeriphery_2: texRes = 128.0
28.1706 	EXP 	noPeriphery_2: texRes = 128.0
28.3046 	EXP 	hasPeriphery_2: texRes = 128.0
28.3046 	EXP 	noPeriphery_2: texRes = 128.0
28.4209 	EXP 	hasPeriphery_2: texRes = 128.0
28.4209 	EXP 	noPeriphery_2: texRes = 128.0
28.5373 	EXP 	hasPeriphery_2: texRes = 128.0
28.5373 	EXP 	noPeriphery_2: texRes = 128.0
28.6538 	EXP 	hasPeriphery_2: texRes = 128.0
28.6538 	EXP 	noPeriphery_2: texRes = 128.0
28.7709 	EXP 	hasPeriphery_2: texRes = 128.0
28.7709 	EXP 	noPeriphery_2: texRes = 128.0
28.8875 	EXP 	hasPeriphery_2: texRes = 128.0
28.8875 	EXP 	noPeriphery_2: texRes = 128.0
29.0040 	EXP 	hasPeriphery_2: texRes = 128.0
29.0040 	EXP 	noPeriphery_2: texRes = 128.0
29.1207 	EXP 	hasPeriphery_2: texRes = 128.0
29.1207 	EXP 	noPeriphery_2: texRes = 128.0
29.2375 	EXP 	hasPeriphery_2: texRes = 128.0
29.2375 	EXP 	noPeriphery_2: texRes = 128.0
29.3056 	EXP 	New trial (rep=0, index=2): {'startImage': 'C:\\Users\\hesselmann\\Desktop\\PsychoPyUniformityIllusion\\UniformityIllusionPsychoPy\\Pics\\5start.png', 'endImage': 'C:\\Users\\hesselmann\\Desktop\\PsychoPyUniformityIllusion\\UniformityIllusionPsychoPy\\Pics\\5a.png', 'AB': 'a'}
29.4919 	DATA 	Keypress: space
29.5371 	EXP 	hasPeriphery_2: texRes = 128.0
29.5371 	EXP 	noPeriphery_2: texRes = 128.0
29.5371 	EXP 	hasPeriphery_2: autoDraw = False
29.5371 	EXP 	noPeriphery_2: autoDraw = False
29.5371 	EXP 	text_2: autoDraw = False
29.5371 	EXP 	hasPeriphery_2: size = array([1.77777778, 1.        ])
29.5371 	EXP 	hasPeriphery_2: image = 'C:\\Users\\hesselmann\\Desktop\\PsychoPyUniformityIllusion\\UniformityIllusionPsychoPy\\Pics\\5a.png'
29.5371 	EXP 	noPeriphery_2: size = array([1.77777778, 1.        ])
29.5371 	EXP 	noPeriphery_2: image = 'C:\\Users\\hesselmann\\Desktop\\PsychoPyUniformityIllusion\\UniformityIllusionPsychoPy\\Pics\\5start.png'
29.5371 	EXP 	hasPeriphery_2: autoDraw = True
29.5371 	EXP 	hasPeriphery_2: texRes = 128.0
29.5371 	EXP 	noPeriphery_2: autoDraw = True
29.5371 	EXP 	noPeriphery_2: texRes = 128.0
29.5371 	EXP 	text_2: autoDraw = True
29.6875 	EXP 	hasPeriphery_2: texRes = 128.0
29.6875 	EXP 	noPeriphery_2: texRes = 128.0
29.8371 	EXP 	hasPeriphery_2: texRes = 128.0
29.8371 	EXP 	noPeriphery_2: texRes = 128.0
29.9708 	EXP 	hasPeriphery_2: texRes = 128.0
29.9708 	EXP 	noPeriphery_2: texRes = 128.0
30.1043 	EXP 	hasPeriphery_2: texRes = 128.0
30.1043 	EXP 	noPeriphery_2: texRes = 128.0
30.2371 	EXP 	hasPeriphery_2: texRes = 128.0
30.2371 	EXP 	noPeriphery_2: texRes = 128.0
30.3707 	EXP 	hasPeriphery_2: texRes = 128.0
30.3707 	EXP 	noPeriphery_2: texRes = 128.0
30.5041 	EXP 	hasPeriphery_2: texRes = 128.0
30.5041 	EXP 	noPeriphery_2: texRes = 128.0
30.6370 	EXP 	hasPeriphery_2: texRes = 128.0
30.6370 	EXP 	noPeriphery_2: texRes = 128.0
30.7708 	EXP 	hasPeriphery_2: texRes = 128.0
30.7708 	EXP 	noPeriphery_2: texRes = 128.0
30.9203 	EXP 	hasPeriphery_2: texRes = 128.0
30.9203 	EXP 	noPeriphery_2: texRes = 128.0
31.0544 	EXP 	hasPeriphery_2: texRes = 128.0
31.0544 	EXP 	noPeriphery_2: texRes = 128.0
31.1878 	EXP 	hasPeriphery_2: texRes = 128.0
31.1878 	EXP 	noPeriphery_2: texRes = 128.0
31.3372 	EXP 	hasPeriphery_2: texRes = 128.0
31.3372 	EXP 	noPeriphery_2: texRes = 128.0
31.4710 	EXP 	hasPeriphery_2: texRes = 128.0
31.4710 	EXP 	noPeriphery_2: texRes = 128.0
31.6209 	EXP 	hasPeriphery_2: texRes = 128.0
31.6209 	EXP 	noPeriphery_2: texRes = 128.0
31.7707 	EXP 	hasPeriphery_2: texRes = 128.0
31.7707 	EXP 	noPeriphery_2: texRes = 128.0
31.9037 	EXP 	hasPeriphery_2: texRes = 128.0
31.9037 	EXP 	noPeriphery_2: texRes = 128.0
32.0374 	EXP 	hasPeriphery_2: texRes = 128.0
32.0374 	EXP 	noPeriphery_2: texRes = 128.0
32.1705 	EXP 	hasPeriphery_2: texRes = 128.0
32.1705 	EXP 	noPeriphery_2: texRes = 128.0
32.3202 	EXP 	hasPeriphery_2: texRes = 128.0
32.3202 	EXP 	noPeriphery_2: texRes = 128.0
32.4543 	EXP 	hasPeriphery_2: texRes = 128.0
32.4543 	EXP 	noPeriphery_2: texRes = 128.0
32.6038 	EXP 	hasPeriphery_2: texRes = 128.0
32.6038 	EXP 	noPeriphery_2: texRes = 128.0
32.7536 	EXP 	hasPeriphery_2: texRes = 128.0
32.7536 	EXP 	noPeriphery_2: texRes = 128.0
32.8869 	EXP 	hasPeriphery_2: texRes = 128.0
32.8869 	EXP 	noPeriphery_2: texRes = 128.0
33.0202 	EXP 	hasPeriphery_2: texRes = 128.0
33.0202 	EXP 	noPeriphery_2: texRes = 128.0
33.1551 	EXP 	hasPeriphery_2: texRes = 128.0
33.1551 	EXP 	noPeriphery_2: texRes = 128.0
33.3034 	EXP 	hasPeriphery_2: texRes = 128.0
33.3034 	EXP 	noPeriphery_2: texRes = 128.0
33.4373 	EXP 	hasPeriphery_2: texRes = 128.0
33.4373 	EXP 	noPeriphery_2: texRes = 128.0
33.5701 	EXP 	hasPeriphery_2: texRes = 128.0
33.5701 	EXP 	noPeriphery_2: texRes = 128.0
33.7201 	EXP 	hasPeriphery_2: texRes = 128.0
33.7201 	EXP 	noPeriphery_2: texRes = 128.0
33.8538 	EXP 	hasPeriphery_2: texRes = 128.0
33.8538 	EXP 	noPeriphery_2: texRes = 128.0
33.9867 	EXP 	hasPeriphery_2: texRes = 128.0
33.9867 	EXP 	noPeriphery_2: texRes = 128.0
34.1367 	EXP 	hasPeriphery_2: texRes = 128.0
34.1367 	EXP 	noPeriphery_2: texRes = 128.0
34.2710 	EXP 	hasPeriphery_2: texRes = 128.0
34.2710 	EXP 	noPeriphery_2: texRes = 128.0
34.4200 	EXP 	hasPeriphery_2: texRes = 128.0
34.4200 	EXP 	noPeriphery_2: texRes = 128.0
34.5700 	EXP 	hasPeriphery_2: texRes = 128.0
34.5700 	EXP 	noPeriphery_2: texRes = 128.0
34.7041 	EXP 	hasPeriphery_2: texRes = 128.0
34.7041 	EXP 	noPeriphery_2: texRes = 128.0
34.8373 	EXP 	hasPeriphery_2: texRes = 128.0
34.8373 	EXP 	noPeriphery_2: texRes = 128.0
34.9702 	EXP 	hasPeriphery_2: texRes = 128.0
34.9702 	EXP 	noPeriphery_2: texRes = 128.0
35.1204 	EXP 	hasPeriphery_2: texRes = 128.0
35.1204 	EXP 	noPeriphery_2: texRes = 128.0
35.2870 	EXP 	hasPeriphery_2: texRes = 128.0
35.2870 	EXP 	noPeriphery_2: texRes = 128.0
35.4366 	EXP 	hasPeriphery_2: texRes = 128.0
35.4366 	EXP 	noPeriphery_2: texRes = 128.0
35.5698 	EXP 	hasPeriphery_2: texRes = 128.0
35.5698 	EXP 	noPeriphery_2: texRes = 128.0
35.7199 	EXP 	hasPeriphery_2: texRes = 128.0
35.7199 	EXP 	noPeriphery_2: texRes = 128.0
35.8540 	EXP 	hasPeriphery_2: texRes = 128.0
35.8540 	EXP 	noPeriphery_2: texRes = 128.0
35.9866 	EXP 	hasPeriphery_2: texRes = 128.0
35.9866 	EXP 	noPeriphery_2: texRes = 128.0
36.1209 	EXP 	hasPeriphery_2: texRes = 128.0
36.1209 	EXP 	noPeriphery_2: texRes = 128.0
36.2539 	EXP 	hasPeriphery_2: texRes = 128.0
36.2539 	EXP 	noPeriphery_2: texRes = 128.0
36.3873 	EXP 	hasPeriphery_2: texRes = 128.0
36.3873 	EXP 	noPeriphery_2: texRes = 128.0
36.5370 	EXP 	hasPeriphery_2: texRes = 128.0
36.5370 	EXP 	noPeriphery_2: texRes = 128.0
36.6869 	EXP 	hasPeriphery_2: texRes = 128.0
36.6869 	EXP 	noPeriphery_2: texRes = 128.0
36.8198 	EXP 	hasPeriphery_2: texRes = 128.0
36.8198 	EXP 	noPeriphery_2: texRes = 128.0
36.9532 	EXP 	hasPeriphery_2: texRes = 128.0
36.9532 	EXP 	noPeriphery_2: texRes = 128.0
37.0869 	EXP 	hasPeriphery_2: texRes = 128.0
37.0869 	EXP 	noPeriphery_2: texRes = 128.0
37.2202 	EXP 	hasPeriphery_2: texRes = 128.0
37.2202 	EXP 	noPeriphery_2: texRes = 128.0
37.3705 	EXP 	hasPeriphery_2: texRes = 128.0
37.3705 	EXP 	noPeriphery_2: texRes = 128.0
37.5031 	EXP 	hasPeriphery_2: texRes = 128.0
37.5031 	EXP 	noPeriphery_2: texRes = 128.0
37.6368 	EXP 	hasPeriphery_2: texRes = 128.0
37.6368 	EXP 	noPeriphery_2: texRes = 128.0
37.7870 	EXP 	hasPeriphery_2: texRes = 128.0
37.7870 	EXP 	noPeriphery_2: texRes = 128.0
37.9197 	EXP 	hasPeriphery_2: texRes = 128.0
37.9197 	EXP 	noPeriphery_2: texRes = 128.0
38.0872 	EXP 	hasPeriphery_2: texRes = 128.0
38.0872 	EXP 	noPeriphery_2: texRes = 128.0
38.2204 	EXP 	hasPeriphery_2: texRes = 128.0
38.2204 	EXP 	noPeriphery_2: texRes = 128.0
38.3531 	EXP 	hasPeriphery_2: texRes = 128.0
38.3531 	EXP 	noPeriphery_2: texRes = 128.0
38.4867 	EXP 	hasPeriphery_2: texRes = 128.0
38.4867 	EXP 	noPeriphery_2: texRes = 128.0
38.6201 	EXP 	hasPeriphery_2: texRes = 128.0
38.6201 	EXP 	noPeriphery_2: texRes = 128.0
38.7534 	EXP 	hasPeriphery_2: texRes = 128.0
38.7534 	EXP 	noPeriphery_2: texRes = 128.0
38.8864 	EXP 	hasPeriphery_2: texRes = 128.0
38.8864 	EXP 	noPeriphery_2: texRes = 128.0
39.0197 	EXP 	hasPeriphery_2: texRes = 128.0
39.0197 	EXP 	noPeriphery_2: texRes = 128.0
39.1534 	EXP 	hasPeriphery_2: texRes = 128.0
39.1534 	EXP 	noPeriphery_2: texRes = 128.0
39.2863 	EXP 	hasPeriphery_2: texRes = 128.0
39.2863 	EXP 	noPeriphery_2: texRes = 128.0
39.4205 	EXP 	hasPeriphery_2: texRes = 128.0
39.4205 	EXP 	noPeriphery_2: texRes = 128.0
39.5537 	EXP 	hasPeriphery_2: texRes = 128.0
39.5537 	EXP 	noPeriphery_2: texRes = 128.0
39.5703 	EXP 	hasPeriphery_2: autoDraw = False
39.5703 	EXP 	noPeriphery_2: autoDraw = False
40.4571 	EXP 	New trial (rep=0, index=3): {'startImage': 'C:\\Users\\hesselmann\\Desktop\\PsychoPyUniformityIllusion\\UniformityIllusionPsychoPy\\Pics\\5start.png', 'endImage': 'C:\\Users\\hesselmann\\Desktop\\PsychoPyUniformityIllusion\\UniformityIllusionPsychoPy\\Pics\\5b.png', 'AB': 'b'}
40.6345 	DATA 	Keypress: space
40.6699 	EXP 	hasPeriphery_2: autoDraw = False
40.6699 	EXP 	noPeriphery_2: autoDraw = False
40.6699 	EXP 	text_2: autoDraw = False
40.6699 	EXP 	hasPeriphery_2: size = array([1.77777778, 1.        ])
40.6699 	EXP 	hasPeriphery_2: image = 'C:\\Users\\hesselmann\\Desktop\\PsychoPyUniformityIllusion\\UniformityIllusionPsychoPy\\Pics\\5b.png'
40.6699 	EXP 	noPeriphery_2: size = array([1.77777778, 1.        ])
40.6699 	EXP 	noPeriphery_2: image = 'C:\\Users\\hesselmann\\Desktop\\PsychoPyUniformityIllusion\\UniformityIllusionPsychoPy\\Pics\\5start.png'
40.6699 	EXP 	hasPeriphery_2: autoDraw = True
40.6699 	EXP 	hasPeriphery_2: texRes = 128.0
40.6699 	EXP 	noPeriphery_2: autoDraw = True
40.6699 	EXP 	noPeriphery_2: texRes = 128.0
40.6699 	EXP 	text_2: autoDraw = True
40.8034 	EXP 	hasPeriphery_2: texRes = 128.0
40.8034 	EXP 	noPeriphery_2: texRes = 128.0
40.9368 	EXP 	hasPeriphery_2: texRes = 128.0
40.9368 	EXP 	noPeriphery_2: texRes = 128.0
41.0696 	EXP 	hasPeriphery_2: texRes = 128.0
41.0696 	EXP 	noPeriphery_2: texRes = 128.0
41.2032 	EXP 	hasPeriphery_2: texRes = 128.0
41.2032 	EXP 	noPeriphery_2: texRes = 128.0
41.3369 	EXP 	hasPeriphery_2: texRes = 128.0
41.3369 	EXP 	noPeriphery_2: texRes = 128.0
41.4867 	EXP 	hasPeriphery_2: texRes = 128.0
41.4867 	EXP 	noPeriphery_2: texRes = 128.0
41.6361 	EXP 	hasPeriphery_2: texRes = 128.0
41.6361 	EXP 	noPeriphery_2: texRes = 128.0
41.7702 	EXP 	hasPeriphery_2: texRes = 128.0
41.7702 	EXP 	noPeriphery_2: texRes = 128.0
41.9031 	EXP 	hasPeriphery_2: texRes = 128.0
41.9031 	EXP 	noPeriphery_2: texRes = 128.0
42.0361 	EXP 	hasPeriphery_2: texRes = 128.0
42.0361 	EXP 	noPeriphery_2: texRes = 128.0
42.1704 	EXP 	hasPeriphery_2: texRes = 128.0
42.1704 	EXP 	noPeriphery_2: texRes = 128.0
42.3194 	EXP 	hasPeriphery_2: texRes = 128.0
42.3194 	EXP 	noPeriphery_2: texRes = 128.0
42.4528 	EXP 	hasPeriphery_2: texRes = 128.0
42.4528 	EXP 	noPeriphery_2: texRes = 128.0
42.6034 	EXP 	hasPeriphery_2: texRes = 128.0
42.6034 	EXP 	noPeriphery_2: texRes = 128.0
42.7695 	EXP 	hasPeriphery_2: texRes = 128.0
42.7695 	EXP 	noPeriphery_2: texRes = 128.0
42.9027 	EXP 	hasPeriphery_2: texRes = 128.0
42.9027 	EXP 	noPeriphery_2: texRes = 128.0
43.0367 	EXP 	hasPeriphery_2: texRes = 128.0
43.0367 	EXP 	noPeriphery_2: texRes = 128.0
43.1693 	EXP 	hasPeriphery_2: texRes = 128.0
43.1693 	EXP 	noPeriphery_2: texRes = 128.0
43.3030 	EXP 	hasPeriphery_2: texRes = 128.0
43.3030 	EXP 	noPeriphery_2: texRes = 128.0
43.4360 	EXP 	hasPeriphery_2: texRes = 128.0
43.4360 	EXP 	noPeriphery_2: texRes = 128.0
43.5700 	EXP 	hasPeriphery_2: texRes = 128.0
43.5700 	EXP 	noPeriphery_2: texRes = 128.0
43.7031 	EXP 	hasPeriphery_2: texRes = 128.0
43.7031 	EXP 	noPeriphery_2: texRes = 128.0
43.8363 	EXP 	hasPeriphery_2: texRes = 128.0
43.8363 	EXP 	noPeriphery_2: texRes = 128.0
43.9697 	EXP 	hasPeriphery_2: texRes = 128.0
43.9697 	EXP 	noPeriphery_2: texRes = 128.0
44.1026 	EXP 	hasPeriphery_2: texRes = 128.0
44.1026 	EXP 	noPeriphery_2: texRes = 128.0
44.2363 	EXP 	hasPeriphery_2: texRes = 128.0
44.2363 	EXP 	noPeriphery_2: texRes = 128.0
44.3706 	EXP 	hasPeriphery_2: texRes = 128.0
44.3706 	EXP 	noPeriphery_2: texRes = 128.0
44.5192 	EXP 	hasPeriphery_2: texRes = 128.0
44.5192 	EXP 	noPeriphery_2: texRes = 128.0
44.6526 	EXP 	hasPeriphery_2: texRes = 128.0
44.6526 	EXP 	noPeriphery_2: texRes = 128.0
44.7864 	EXP 	hasPeriphery_2: texRes = 128.0
44.7864 	EXP 	noPeriphery_2: texRes = 128.0
44.9195 	EXP 	hasPeriphery_2: texRes = 128.0
44.9195 	EXP 	noPeriphery_2: texRes = 128.0
45.0525 	EXP 	hasPeriphery_2: texRes = 128.0
45.0525 	EXP 	noPeriphery_2: texRes = 128.0
45.1858 	EXP 	hasPeriphery_2: texRes = 128.0
45.1858 	EXP 	noPeriphery_2: texRes = 128.0
45.3191 	EXP 	hasPeriphery_2: texRes = 128.0
45.3191 	EXP 	noPeriphery_2: texRes = 128.0
45.4528 	EXP 	hasPeriphery_2: texRes = 128.0
45.4528 	EXP 	noPeriphery_2: texRes = 128.0
45.5858 	EXP 	hasPeriphery_2: texRes = 128.0
45.5858 	EXP 	noPeriphery_2: texRes = 128.0
45.7196 	EXP 	hasPeriphery_2: texRes = 128.0
45.7196 	EXP 	noPeriphery_2: texRes = 128.0
45.8857 	EXP 	hasPeriphery_2: texRes = 128.0
45.8857 	EXP 	noPeriphery_2: texRes = 128.0
46.0198 	EXP 	hasPeriphery_2: texRes = 128.0
46.0198 	EXP 	noPeriphery_2: texRes = 128.0
46.1524 	EXP 	hasPeriphery_2: texRes = 128.0
46.1524 	EXP 	noPeriphery_2: texRes = 128.0
46.2857 	EXP 	hasPeriphery_2: texRes = 128.0
46.2857 	EXP 	noPeriphery_2: texRes = 128.0
46.3763 	EXP 	New trial (rep=0, index=4): {'startImage': 'C:\\Users\\hesselmann\\Desktop\\PsychoPyUniformityIllusion\\UniformityIllusionPsychoPy\\Pics\\6start.png', 'endImage': 'C:\\Users\\hesselmann\\Desktop\\PsychoPyUniformityIllusion\\UniformityIllusionPsychoPy\\Pics\\6a.png', 'AB': 'a'}
46.5305 	DATA 	Keypress: space
46.5690 	EXP 	hasPeriphery_2: texRes = 128.0
46.5690 	EXP 	noPeriphery_2: texRes = 128.0
46.5690 	EXP 	hasPeriphery_2: autoDraw = False
46.5690 	EXP 	noPeriphery_2: autoDraw = False
46.5690 	EXP 	text_2: autoDraw = False
46.5690 	EXP 	hasPeriphery_2: size = array([1.77777778, 1.        ])
46.5690 	EXP 	hasPeriphery_2: image = 'C:\\Users\\hesselmann\\Desktop\\PsychoPyUniformityIllusion\\UniformityIllusionPsychoPy\\Pics\\6a.png'
46.5690 	EXP 	noPeriphery_2: size = array([1.77777778, 1.        ])
46.5690 	EXP 	noPeriphery_2: image = 'C:\\Users\\hesselmann\\Desktop\\PsychoPyUniformityIllusion\\UniformityIllusionPsychoPy\\Pics\\6start.png'
46.5690 	EXP 	hasPeriphery_2: autoDraw = True
46.5690 	EXP 	hasPeriphery_2: texRes = 128.0
46.5690 	EXP 	noPeriphery_2: autoDraw = True
46.5690 	EXP 	noPeriphery_2: texRes = 128.0
46.5690 	EXP 	text_2: autoDraw = True
46.7027 	EXP 	hasPeriphery_2: texRes = 128.0
46.7027 	EXP 	noPeriphery_2: texRes = 128.0
46.8364 	EXP 	hasPeriphery_2: texRes = 128.0
46.8364 	EXP 	noPeriphery_2: texRes = 128.0
46.9690 	EXP 	hasPeriphery_2: texRes = 128.0
46.9690 	EXP 	noPeriphery_2: texRes = 128.0
47.0864 	EXP 	hasPeriphery_2: texRes = 128.0
47.0864 	EXP 	noPeriphery_2: texRes = 128.0
47.2034 	EXP 	hasPeriphery_2: texRes = 128.0
47.2034 	EXP 	noPeriphery_2: texRes = 128.0
47.3360 	EXP 	hasPeriphery_2: texRes = 128.0
47.3360 	EXP 	noPeriphery_2: texRes = 128.0
47.4701 	EXP 	hasPeriphery_2: texRes = 128.0
47.4701 	EXP 	noPeriphery_2: texRes = 128.0
47.6025 	EXP 	hasPeriphery_2: texRes = 128.0
47.6025 	EXP 	noPeriphery_2: texRes = 128.0
47.7200 	EXP 	hasPeriphery_2: texRes = 128.0
47.7200 	EXP 	noPeriphery_2: texRes = 128.0
47.8525 	EXP 	hasPeriphery_2: texRes = 128.0
47.8525 	EXP 	noPeriphery_2: texRes = 128.0
47.9856 	EXP 	hasPeriphery_2: texRes = 128.0
47.9856 	EXP 	noPeriphery_2: texRes = 128.0
48.1196 	EXP 	hasPeriphery_2: texRes = 128.0
48.1196 	EXP 	noPeriphery_2: texRes = 128.0
48.2369 	EXP 	hasPeriphery_2: texRes = 128.0
48.2369 	EXP 	noPeriphery_2: texRes = 128.0
48.3693 	EXP 	hasPeriphery_2: texRes = 128.0
48.3693 	EXP 	noPeriphery_2: texRes = 128.0
48.5025 	EXP 	hasPeriphery_2: texRes = 128.0
48.5025 	EXP 	noPeriphery_2: texRes = 128.0
48.6363 	EXP 	hasPeriphery_2: texRes = 128.0
48.6363 	EXP 	noPeriphery_2: texRes = 128.0
48.7529 	EXP 	hasPeriphery_2: texRes = 128.0
48.7529 	EXP 	noPeriphery_2: texRes = 128.0
48.8856 	EXP 	hasPeriphery_2: texRes = 128.0
48.8856 	EXP 	noPeriphery_2: texRes = 128.0
49.0192 	EXP 	hasPeriphery_2: texRes = 128.0
49.0192 	EXP 	noPeriphery_2: texRes = 128.0
49.1532 	EXP 	hasPeriphery_2: texRes = 128.0
49.1532 	EXP 	noPeriphery_2: texRes = 128.0
49.2855 	EXP 	hasPeriphery_2: texRes = 128.0
49.2855 	EXP 	noPeriphery_2: texRes = 128.0
49.4027 	EXP 	hasPeriphery_2: texRes = 128.0
49.4027 	EXP 	noPeriphery_2: texRes = 128.0
49.5354 	EXP 	hasPeriphery_2: texRes = 128.0
49.5354 	EXP 	noPeriphery_2: texRes = 128.0
49.6691 	EXP 	hasPeriphery_2: texRes = 128.0
49.6691 	EXP 	noPeriphery_2: texRes = 128.0
49.7856 	EXP 	hasPeriphery_2: texRes = 128.0
49.7856 	EXP 	noPeriphery_2: texRes = 128.0
49.9030 	EXP 	hasPeriphery_2: texRes = 128.0
49.9030 	EXP 	noPeriphery_2: texRes = 128.0
50.0354 	EXP 	hasPeriphery_2: texRes = 128.0
50.0354 	EXP 	noPeriphery_2: texRes = 128.0
50.1691 	EXP 	hasPeriphery_2: texRes = 128.0
50.1691 	EXP 	noPeriphery_2: texRes = 128.0
50.3020 	EXP 	hasPeriphery_2: texRes = 128.0
50.3020 	EXP 	noPeriphery_2: texRes = 128.0
50.4194 	EXP 	hasPeriphery_2: texRes = 128.0
50.4194 	EXP 	noPeriphery_2: texRes = 128.0
50.5353 	EXP 	hasPeriphery_2: texRes = 128.0
50.5353 	EXP 	noPeriphery_2: texRes = 128.0
50.6690 	EXP 	hasPeriphery_2: texRes = 128.0
50.6690 	EXP 	noPeriphery_2: texRes = 128.0
50.8028 	EXP 	hasPeriphery_2: texRes = 128.0
50.8028 	EXP 	noPeriphery_2: texRes = 128.0
50.9357 	EXP 	hasPeriphery_2: texRes = 128.0
50.9357 	EXP 	noPeriphery_2: texRes = 128.0
51.0525 	EXP 	hasPeriphery_2: texRes = 128.0
51.0525 	EXP 	noPeriphery_2: texRes = 128.0
51.1692 	EXP 	hasPeriphery_2: texRes = 128.0
51.1692 	EXP 	noPeriphery_2: texRes = 128.0
51.3023 	EXP 	hasPeriphery_2: texRes = 128.0
51.3023 	EXP 	noPeriphery_2: texRes = 128.0
51.4357 	EXP 	hasPeriphery_2: texRes = 128.0
51.4357 	EXP 	noPeriphery_2: texRes = 128.0
51.5690 	EXP 	hasPeriphery_2: texRes = 128.0
51.5690 	EXP 	noPeriphery_2: texRes = 128.0
51.6856 	EXP 	hasPeriphery_2: texRes = 128.0
51.6856 	EXP 	noPeriphery_2: texRes = 128.0
51.8023 	EXP 	hasPeriphery_2: texRes = 128.0
51.8023 	EXP 	noPeriphery_2: texRes = 128.0
51.9356 	EXP 	hasPeriphery_2: texRes = 128.0
51.9356 	EXP 	noPeriphery_2: texRes = 128.0
52.0693 	EXP 	hasPeriphery_2: texRes = 128.0
52.0693 	EXP 	noPeriphery_2: texRes = 128.0
52.2020 	EXP 	hasPeriphery_2: texRes = 128.0
52.2020 	EXP 	noPeriphery_2: texRes = 128.0
52.3185 	EXP 	hasPeriphery_2: texRes = 128.0
52.3185 	EXP 	noPeriphery_2: texRes = 128.0
52.3977 	EXP 	New trial (rep=0, index=5): {'startImage': 'C:\\Users\\hesselmann\\Desktop\\PsychoPyUniformityIllusion\\UniformityIllusionPsychoPy\\Pics\\6start.png', 'endImage': 'C:\\Users\\hesselmann\\Desktop\\PsychoPyUniformityIllusion\\UniformityIllusionPsychoPy\\Pics\\6b.png', 'AB': 'b'}
52.5537 	DATA 	Keypress: space
52.6018 	EXP 	hasPeriphery_2: texRes = 128.0
52.6018 	EXP 	noPeriphery_2: texRes = 128.0
52.6018 	EXP 	hasPeriphery_2: autoDraw = False
52.6018 	EXP 	noPeriphery_2: autoDraw = False
52.6018 	EXP 	text_2: autoDraw = False
52.6018 	EXP 	hasPeriphery_2: size = array([1.77777778, 1.        ])
52.6018 	EXP 	hasPeriphery_2: image = 'C:\\Users\\hesselmann\\Desktop\\PsychoPyUniformityIllusion\\UniformityIllusionPsychoPy\\Pics\\6b.png'
52.6018 	EXP 	noPeriphery_2: size = array([1.77777778, 1.        ])
52.6018 	EXP 	noPeriphery_2: image = 'C:\\Users\\hesselmann\\Desktop\\PsychoPyUniformityIllusion\\UniformityIllusionPsychoPy\\Pics\\6start.png'
52.6018 	EXP 	hasPeriphery_2: autoDraw = True
52.6018 	EXP 	hasPeriphery_2: texRes = 128.0
52.6018 	EXP 	noPeriphery_2: autoDraw = True
52.6018 	EXP 	noPeriphery_2: texRes = 128.0
52.6018 	EXP 	text_2: autoDraw = True
52.7355 	EXP 	hasPeriphery_2: texRes = 128.0
52.7355 	EXP 	noPeriphery_2: texRes = 128.0
52.8700 	EXP 	hasPeriphery_2: texRes = 128.0
52.8700 	EXP 	noPeriphery_2: texRes = 128.0
53.0018 	EXP 	hasPeriphery_2: texRes = 128.0
53.0018 	EXP 	noPeriphery_2: texRes = 128.0
53.1184 	EXP 	hasPeriphery_2: texRes = 128.0
53.1184 	EXP 	noPeriphery_2: texRes = 128.0
53.2351 	EXP 	hasPeriphery_2: texRes = 128.0
53.2351 	EXP 	noPeriphery_2: texRes = 128.0
53.3521 	EXP 	hasPeriphery_2: texRes = 128.0
53.3521 	EXP 	noPeriphery_2: texRes = 128.0
53.4858 	EXP 	hasPeriphery_2: texRes = 128.0
53.4858 	EXP 	noPeriphery_2: texRes = 128.0
53.6184 	EXP 	hasPeriphery_2: texRes = 128.0
53.6184 	EXP 	noPeriphery_2: texRes = 128.0
53.7355 	EXP 	hasPeriphery_2: texRes = 128.0
53.7355 	EXP 	noPeriphery_2: texRes = 128.0
53.8521 	EXP 	hasPeriphery_2: texRes = 128.0
53.8521 	EXP 	noPeriphery_2: texRes = 128.0
53.9684 	EXP 	hasPeriphery_2: texRes = 128.0
53.9684 	EXP 	noPeriphery_2: texRes = 128.0
54.1022 	EXP 	hasPeriphery_2: texRes = 128.0
54.1022 	EXP 	noPeriphery_2: texRes = 128.0
54.2358 	EXP 	hasPeriphery_2: texRes = 128.0
54.2358 	EXP 	noPeriphery_2: texRes = 128.0
54.3684 	EXP 	hasPeriphery_2: texRes = 128.0
54.3684 	EXP 	noPeriphery_2: texRes = 128.0
54.4857 	EXP 	hasPeriphery_2: texRes = 128.0
54.4857 	EXP 	noPeriphery_2: texRes = 128.0
54.6031 	EXP 	hasPeriphery_2: texRes = 128.0
54.6031 	EXP 	noPeriphery_2: texRes = 128.0
54.7191 	EXP 	hasPeriphery_2: texRes = 128.0
54.7191 	EXP 	noPeriphery_2: texRes = 128.0
54.8355 	EXP 	hasPeriphery_2: texRes = 128.0
54.8355 	EXP 	noPeriphery_2: texRes = 128.0
54.9698 	EXP 	hasPeriphery_2: texRes = 128.0
54.9698 	EXP 	noPeriphery_2: texRes = 128.0
55.1020 	EXP 	hasPeriphery_2: texRes = 128.0
55.1020 	EXP 	noPeriphery_2: texRes = 128.0
55.2191 	EXP 	hasPeriphery_2: texRes = 128.0
55.2191 	EXP 	noPeriphery_2: texRes = 128.0
55.3356 	EXP 	hasPeriphery_2: texRes = 128.0
55.3356 	EXP 	noPeriphery_2: texRes = 128.0
55.4520 	EXP 	hasPeriphery_2: texRes = 128.0
55.4520 	EXP 	noPeriphery_2: texRes = 128.0
55.5682 	EXP 	hasPeriphery_2: texRes = 128.0
55.5682 	EXP 	noPeriphery_2: texRes = 128.0
55.7016 	EXP 	hasPeriphery_2: texRes = 128.0
55.7016 	EXP 	noPeriphery_2: texRes = 128.0
55.8353 	EXP 	hasPeriphery_2: texRes = 128.0
55.8353 	EXP 	noPeriphery_2: texRes = 128.0
55.9694 	EXP 	hasPeriphery_2: texRes = 128.0
55.9694 	EXP 	noPeriphery_2: texRes = 128.0
56.1019 	EXP 	hasPeriphery_2: texRes = 128.0
56.1019 	EXP 	noPeriphery_2: texRes = 128.0
56.2189 	EXP 	hasPeriphery_2: texRes = 128.0
56.2189 	EXP 	noPeriphery_2: texRes = 128.0
56.3515 	EXP 	hasPeriphery_2: texRes = 128.0
56.3515 	EXP 	noPeriphery_2: texRes = 128.0
56.4852 	EXP 	hasPeriphery_2: texRes = 128.0
56.4852 	EXP 	noPeriphery_2: texRes = 128.0
56.6186 	EXP 	hasPeriphery_2: texRes = 128.0
56.6186 	EXP 	noPeriphery_2: texRes = 128.0
56.7519 	EXP 	hasPeriphery_2: texRes = 128.0
56.7519 	EXP 	noPeriphery_2: texRes = 128.0
56.8323 	DATA 	Keypress: space
56.8682 	EXP 	hasPeriphery_2: texRes = 128.0
56.8682 	EXP 	noPeriphery_2: texRes = 128.0
56.9444 	EXP 	New trial (rep=0, index=6): {'startImage': 'C:\\Users\\hesselmann\\Desktop\\PsychoPyUniformityIllusion\\UniformityIllusionPsychoPy\\Pics\\7start.png', 'endImage': 'C:\\Users\\hesselmann\\Desktop\\PsychoPyUniformityIllusion\\UniformityIllusionPsychoPy\\Pics\\7a.png', 'AB': None}
57.1681 	EXP 	hasPeriphery_2: texRes = 128.0
57.1681 	EXP 	noPeriphery_2: texRes = 128.0
57.1681 	EXP 	hasPeriphery_2: autoDraw = False
57.1681 	EXP 	noPeriphery_2: autoDraw = False
57.1681 	EXP 	text_2: autoDraw = False
57.1681 	EXP 	hasPeriphery_2: size = array([1.77777778, 1.        ])
57.1681 	EXP 	hasPeriphery_2: image = 'C:\\Users\\hesselmann\\Desktop\\PsychoPyUniformityIllusion\\UniformityIllusionPsychoPy\\Pics\\7a.png'
57.1681 	EXP 	noPeriphery_2: size = array([1.77777778, 1.        ])
57.1681 	EXP 	noPeriphery_2: image = 'C:\\Users\\hesselmann\\Desktop\\PsychoPyUniformityIllusion\\UniformityIllusionPsychoPy\\Pics\\7start.png'
57.1681 	EXP 	hasPeriphery_2: autoDraw = True
57.1681 	EXP 	hasPeriphery_2: texRes = 128.0
57.1681 	EXP 	noPeriphery_2: autoDraw = True
57.1681 	EXP 	noPeriphery_2: texRes = 128.0
57.1681 	EXP 	text_2: autoDraw = True
57.3019 	EXP 	hasPeriphery_2: texRes = 128.0
57.3019 	EXP 	noPeriphery_2: texRes = 128.0
57.4351 	EXP 	hasPeriphery_2: texRes = 128.0
57.4351 	EXP 	noPeriphery_2: texRes = 128.0
57.5683 	EXP 	hasPeriphery_2: texRes = 128.0
57.5683 	EXP 	noPeriphery_2: texRes = 128.0
57.7189 	EXP 	hasPeriphery_2: texRes = 128.0
57.7189 	EXP 	noPeriphery_2: texRes = 128.0
57.8682 	EXP 	hasPeriphery_2: texRes = 128.0
57.8682 	EXP 	noPeriphery_2: texRes = 128.0
58.0018 	EXP 	hasPeriphery_2: texRes = 128.0
58.0018 	EXP 	noPeriphery_2: texRes = 128.0
58.1351 	EXP 	hasPeriphery_2: texRes = 128.0
58.1351 	EXP 	noPeriphery_2: texRes = 128.0
58.2688 	EXP 	hasPeriphery_2: texRes = 128.0
58.2688 	EXP 	noPeriphery_2: texRes = 128.0
58.4017 	EXP 	hasPeriphery_2: texRes = 128.0
58.4017 	EXP 	noPeriphery_2: texRes = 128.0
58.5346 	EXP 	hasPeriphery_2: texRes = 128.0
58.5346 	EXP 	noPeriphery_2: texRes = 128.0
58.6687 	EXP 	hasPeriphery_2: texRes = 128.0
58.6687 	EXP 	noPeriphery_2: texRes = 128.0
58.8020 	EXP 	hasPeriphery_2: texRes = 128.0
58.8020 	EXP 	noPeriphery_2: texRes = 128.0
58.9346 	EXP 	hasPeriphery_2: texRes = 128.0
58.9346 	EXP 	noPeriphery_2: texRes = 128.0
59.0691 	EXP 	hasPeriphery_2: texRes = 128.0
59.0691 	EXP 	noPeriphery_2: texRes = 128.0
59.2183 	EXP 	hasPeriphery_2: texRes = 128.0
59.2183 	EXP 	noPeriphery_2: texRes = 128.0
59.3517 	EXP 	hasPeriphery_2: texRes = 128.0
59.3517 	EXP 	noPeriphery_2: texRes = 128.0
59.4850 	EXP 	hasPeriphery_2: texRes = 128.0
59.4850 	EXP 	noPeriphery_2: texRes = 128.0
59.6179 	EXP 	hasPeriphery_2: texRes = 128.0
59.6179 	EXP 	noPeriphery_2: texRes = 128.0
59.7516 	EXP 	hasPeriphery_2: texRes = 128.0
59.7516 	EXP 	noPeriphery_2: texRes = 128.0
59.9014 	EXP 	hasPeriphery_2: texRes = 128.0
59.9014 	EXP 	noPeriphery_2: texRes = 128.0
60.0352 	EXP 	hasPeriphery_2: texRes = 128.0
60.0352 	EXP 	noPeriphery_2: texRes = 128.0
60.1680 	EXP 	hasPeriphery_2: texRes = 128.0
60.1680 	EXP 	noPeriphery_2: texRes = 128.0
60.3182 	EXP 	hasPeriphery_2: texRes = 128.0
60.3182 	EXP 	noPeriphery_2: texRes = 128.0
60.4511 	EXP 	hasPeriphery_2: texRes = 128.0
60.4511 	EXP 	noPeriphery_2: texRes = 128.0
60.5845 	EXP 	hasPeriphery_2: texRes = 128.0
60.5845 	EXP 	noPeriphery_2: texRes = 128.0
60.7182 	EXP 	hasPeriphery_2: texRes = 128.0
60.7182 	EXP 	noPeriphery_2: texRes = 128.0
60.8519 	EXP 	hasPeriphery_2: texRes = 128.0
60.8519 	EXP 	noPeriphery_2: texRes = 128.0
61.0015 	EXP 	hasPeriphery_2: texRes = 128.0
61.0015 	EXP 	noPeriphery_2: texRes = 128.0
61.1348 	EXP 	hasPeriphery_2: texRes = 128.0
61.1348 	EXP 	noPeriphery_2: texRes = 128.0
61.2684 	EXP 	hasPeriphery_2: texRes = 128.0
61.2684 	EXP 	noPeriphery_2: texRes = 128.0
61.4014 	EXP 	hasPeriphery_2: texRes = 128.0
61.4014 	EXP 	noPeriphery_2: texRes = 128.0
61.5344 	EXP 	hasPeriphery_2: texRes = 128.0
61.5344 	EXP 	noPeriphery_2: texRes = 128.0
61.6678 	EXP 	hasPeriphery_2: texRes = 128.0
61.6678 	EXP 	noPeriphery_2: texRes = 128.0
61.8011 	EXP 	hasPeriphery_2: texRes = 128.0
61.8011 	EXP 	noPeriphery_2: texRes = 128.0
61.9344 	EXP 	hasPeriphery_2: texRes = 128.0
61.9344 	EXP 	noPeriphery_2: texRes = 128.0
62.0682 	EXP 	hasPeriphery_2: texRes = 128.0
62.0682 	EXP 	noPeriphery_2: texRes = 128.0
62.2344 	EXP 	hasPeriphery_2: texRes = 128.0
62.2344 	EXP 	noPeriphery_2: texRes = 128.0
62.3683 	EXP 	hasPeriphery_2: texRes = 128.0
62.3683 	EXP 	noPeriphery_2: texRes = 128.0
62.5018 	EXP 	hasPeriphery_2: texRes = 128.0
62.5018 	EXP 	noPeriphery_2: texRes = 128.0
62.6351 	EXP 	hasPeriphery_2: texRes = 128.0
62.6351 	EXP 	noPeriphery_2: texRes = 128.0
62.7676 	EXP 	hasPeriphery_2: texRes = 128.0
62.7676 	EXP 	noPeriphery_2: texRes = 128.0
62.9011 	EXP 	hasPeriphery_2: texRes = 128.0
62.9011 	EXP 	noPeriphery_2: texRes = 128.0
63.0346 	EXP 	hasPeriphery_2: texRes = 128.0
63.0346 	EXP 	noPeriphery_2: texRes = 128.0
63.1680 	EXP 	hasPeriphery_2: texRes = 128.0
63.1680 	EXP 	noPeriphery_2: texRes = 128.0
63.3013 	EXP 	hasPeriphery_2: texRes = 128.0
63.3013 	EXP 	noPeriphery_2: texRes = 128.0
63.4342 	EXP 	hasPeriphery_2: texRes = 128.0
63.4342 	EXP 	noPeriphery_2: texRes = 128.0
63.5676 	EXP 	hasPeriphery_2: texRes = 128.0
63.5676 	EXP 	noPeriphery_2: texRes = 128.0
63.7010 	EXP 	hasPeriphery_2: texRes = 128.0
63.7010 	EXP 	noPeriphery_2: texRes = 128.0
63.8343 	EXP 	hasPeriphery_2: texRes = 128.0
63.8343 	EXP 	noPeriphery_2: texRes = 128.0
63.9680 	EXP 	hasPeriphery_2: texRes = 128.0
63.9680 	EXP 	noPeriphery_2: texRes = 128.0
64.1009 	EXP 	hasPeriphery_2: texRes = 128.0
64.1009 	EXP 	noPeriphery_2: texRes = 128.0
64.2346 	EXP 	hasPeriphery_2: texRes = 128.0
64.2346 	EXP 	noPeriphery_2: texRes = 128.0
64.3675 	EXP 	hasPeriphery_2: texRes = 128.0
64.3675 	EXP 	noPeriphery_2: texRes = 128.0
64.5009 	EXP 	hasPeriphery_2: texRes = 128.0
64.5009 	EXP 	noPeriphery_2: texRes = 128.0
64.6342 	EXP 	hasPeriphery_2: texRes = 128.0
64.6342 	EXP 	noPeriphery_2: texRes = 128.0
64.7675 	EXP 	hasPeriphery_2: texRes = 128.0
64.7675 	EXP 	noPeriphery_2: texRes = 128.0
64.9182 	EXP 	hasPeriphery_2: texRes = 128.0
64.9182 	EXP 	noPeriphery_2: texRes = 128.0
65.0675 	EXP 	hasPeriphery_2: texRes = 128.0
65.0675 	EXP 	noPeriphery_2: texRes = 128.0
65.2012 	EXP 	hasPeriphery_2: texRes = 128.0
65.2012 	EXP 	noPeriphery_2: texRes = 128.0
65.3341 	EXP 	hasPeriphery_2: texRes = 128.0
65.3341 	EXP 	noPeriphery_2: texRes = 128.0
65.4678 	EXP 	hasPeriphery_2: texRes = 128.0
65.4678 	EXP 	noPeriphery_2: texRes = 128.0
65.6017 	EXP 	hasPeriphery_2: texRes = 128.0
65.6017 	EXP 	noPeriphery_2: texRes = 128.0
65.7519 	EXP 	hasPeriphery_2: texRes = 128.0
65.7519 	EXP 	noPeriphery_2: texRes = 128.0
65.8846 	EXP 	hasPeriphery_2: texRes = 128.0
65.8846 	EXP 	noPeriphery_2: texRes = 128.0
66.0178 	EXP 	hasPeriphery_2: texRes = 128.0
66.0178 	EXP 	noPeriphery_2: texRes = 128.0
66.1516 	EXP 	hasPeriphery_2: texRes = 128.0
66.1516 	EXP 	noPeriphery_2: texRes = 128.0
66.2841 	EXP 	hasPeriphery_2: texRes = 128.0
66.2841 	EXP 	noPeriphery_2: texRes = 128.0
66.4173 	EXP 	hasPeriphery_2: texRes = 128.0
66.4173 	EXP 	noPeriphery_2: texRes = 128.0
66.5512 	EXP 	hasPeriphery_2: texRes = 128.0
66.5512 	EXP 	noPeriphery_2: texRes = 128.0
66.6851 	EXP 	hasPeriphery_2: texRes = 128.0
66.6851 	EXP 	noPeriphery_2: texRes = 128.0
66.8183 	EXP 	hasPeriphery_2: texRes = 128.0
66.8183 	EXP 	noPeriphery_2: texRes = 128.0
66.9673 	EXP 	hasPeriphery_2: texRes = 128.0
66.9673 	EXP 	noPeriphery_2: texRes = 128.0
67.0560 	EXP 	New trial (rep=0, index=7): {'startImage': 'C:\\Users\\hesselmann\\Desktop\\PsychoPyUniformityIllusion\\UniformityIllusionPsychoPy\\Pics\\7start.png', 'endImage': 'C:\\Users\\hesselmann\\Desktop\\PsychoPyUniformityIllusion\\UniformityIllusionPsychoPy\\Pics\\7b.png', 'AB': None}
67.2462 	DATA 	Keypress: space
67.2843 	EXP 	hasPeriphery_2: texRes = 128.0
67.2843 	EXP 	noPeriphery_2: texRes = 128.0
67.2843 	EXP 	hasPeriphery_2: autoDraw = False
67.2843 	EXP 	noPeriphery_2: autoDraw = False
67.2843 	EXP 	text_2: autoDraw = False
67.2843 	EXP 	hasPeriphery_2: size = array([1.77777778, 1.        ])
67.2843 	EXP 	hasPeriphery_2: image = 'C:\\Users\\hesselmann\\Desktop\\PsychoPyUniformityIllusion\\UniformityIllusionPsychoPy\\Pics\\7b.png'
67.2843 	EXP 	noPeriphery_2: size = array([1.77777778, 1.        ])
67.2843 	EXP 	noPeriphery_2: image = 'C:\\Users\\hesselmann\\Desktop\\PsychoPyUniformityIllusion\\UniformityIllusionPsychoPy\\Pics\\7start.png'
67.2843 	EXP 	hasPeriphery_2: autoDraw = True
67.2843 	EXP 	hasPeriphery_2: texRes = 128.0
67.2843 	EXP 	noPeriphery_2: autoDraw = True
67.2843 	EXP 	noPeriphery_2: texRes = 128.0
67.2843 	EXP 	text_2: autoDraw = True
67.4180 	EXP 	hasPeriphery_2: texRes = 128.0
67.4180 	EXP 	noPeriphery_2: texRes = 128.0
67.5510 	EXP 	hasPeriphery_2: texRes = 128.0
67.5510 	EXP 	noPeriphery_2: texRes = 128.0
67.6847 	EXP 	hasPeriphery_2: texRes = 128.0
67.6847 	EXP 	noPeriphery_2: texRes = 128.0
67.8180 	EXP 	hasPeriphery_2: texRes = 128.0
67.8180 	EXP 	noPeriphery_2: texRes = 128.0
67.9506 	EXP 	hasPeriphery_2: texRes = 128.0
67.9506 	EXP 	noPeriphery_2: texRes = 128.0
68.0843 	EXP 	hasPeriphery_2: texRes = 128.0
68.0843 	EXP 	noPeriphery_2: texRes = 128.0
68.2184 	EXP 	hasPeriphery_2: texRes = 128.0
68.2184 	EXP 	noPeriphery_2: texRes = 128.0
68.3680 	EXP 	hasPeriphery_2: texRes = 128.0
68.3680 	EXP 	noPeriphery_2: texRes = 128.0
68.5006 	EXP 	hasPeriphery_2: texRes = 128.0
68.5006 	EXP 	noPeriphery_2: texRes = 128.0
68.6346 	EXP 	hasPeriphery_2: texRes = 128.0
68.6346 	EXP 	noPeriphery_2: texRes = 128.0
68.7680 	EXP 	hasPeriphery_2: texRes = 128.0
68.7680 	EXP 	noPeriphery_2: texRes = 128.0
68.9005 	EXP 	hasPeriphery_2: texRes = 128.0
68.9005 	EXP 	noPeriphery_2: texRes = 128.0
69.0342 	EXP 	hasPeriphery_2: texRes = 128.0
69.0342 	EXP 	noPeriphery_2: texRes = 128.0
69.1680 	EXP 	hasPeriphery_2: texRes = 128.0
69.1680 	EXP 	noPeriphery_2: texRes = 128.0
69.3015 	EXP 	hasPeriphery_2: texRes = 128.0
69.3015 	EXP 	noPeriphery_2: texRes = 128.0
69.4350 	EXP 	hasPeriphery_2: texRes = 128.0
69.4350 	EXP 	noPeriphery_2: texRes = 128.0
69.5845 	EXP 	hasPeriphery_2: texRes = 128.0
69.5845 	EXP 	noPeriphery_2: texRes = 128.0
69.7178 	EXP 	hasPeriphery_2: texRes = 128.0
69.7178 	EXP 	noPeriphery_2: texRes = 128.0
69.8510 	EXP 	hasPeriphery_2: texRes = 128.0
69.8510 	EXP 	noPeriphery_2: texRes = 128.0
69.9841 	EXP 	hasPeriphery_2: texRes = 128.0
69.9841 	EXP 	noPeriphery_2: texRes = 128.0
70.1182 	EXP 	hasPeriphery_2: texRes = 128.0
70.1182 	EXP 	noPeriphery_2: texRes = 128.0
70.2504 	EXP 	hasPeriphery_2: texRes = 128.0
70.2504 	EXP 	noPeriphery_2: texRes = 128.0
70.3843 	EXP 	hasPeriphery_2: texRes = 128.0
70.3843 	EXP 	noPeriphery_2: texRes = 128.0
70.5176 	EXP 	hasPeriphery_2: texRes = 128.0
70.5176 	EXP 	noPeriphery_2: texRes = 128.0
70.6507 	EXP 	hasPeriphery_2: texRes = 128.0
70.6507 	EXP 	noPeriphery_2: texRes = 128.0
70.8004 	EXP 	hasPeriphery_2: texRes = 128.0
70.8004 	EXP 	noPeriphery_2: texRes = 128.0
70.9340 	EXP 	hasPeriphery_2: texRes = 128.0
70.9340 	EXP 	noPeriphery_2: texRes = 128.0
71.0675 	EXP 	hasPeriphery_2: texRes = 128.0
71.0675 	EXP 	noPeriphery_2: texRes = 128.0
71.2175 	EXP 	hasPeriphery_2: texRes = 128.0
71.2175 	EXP 	noPeriphery_2: texRes = 128.0
71.3506 	EXP 	hasPeriphery_2: texRes = 128.0
71.3506 	EXP 	noPeriphery_2: texRes = 128.0
71.4843 	EXP 	hasPeriphery_2: texRes = 128.0
71.4843 	EXP 	noPeriphery_2: texRes = 128.0
71.6169 	EXP 	hasPeriphery_2: texRes = 128.0
71.6169 	EXP 	noPeriphery_2: texRes = 128.0
71.7503 	EXP 	hasPeriphery_2: texRes = 128.0
71.7503 	EXP 	noPeriphery_2: texRes = 128.0
71.8839 	EXP 	hasPeriphery_2: texRes = 128.0
71.8839 	EXP 	noPeriphery_2: texRes = 128.0
72.0169 	EXP 	hasPeriphery_2: texRes = 128.0
72.0169 	EXP 	noPeriphery_2: texRes = 128.0
72.1510 	EXP 	hasPeriphery_2: texRes = 128.0
72.1510 	EXP 	noPeriphery_2: texRes = 128.0
72.2840 	EXP 	hasPeriphery_2: texRes = 128.0
72.2840 	EXP 	noPeriphery_2: texRes = 128.0
72.4176 	EXP 	hasPeriphery_2: texRes = 128.0
72.4176 	EXP 	noPeriphery_2: texRes = 128.0
72.5517 	EXP 	hasPeriphery_2: texRes = 128.0
72.5517 	EXP 	noPeriphery_2: texRes = 128.0
72.7002 	EXP 	hasPeriphery_2: texRes = 128.0
72.7002 	EXP 	noPeriphery_2: texRes = 128.0
72.8339 	EXP 	hasPeriphery_2: texRes = 128.0
72.8339 	EXP 	noPeriphery_2: texRes = 128.0
72.9672 	EXP 	hasPeriphery_2: texRes = 128.0
72.9672 	EXP 	noPeriphery_2: texRes = 128.0
73.1002 	EXP 	hasPeriphery_2: texRes = 128.0
73.1002 	EXP 	noPeriphery_2: texRes = 128.0
73.2335 	EXP 	hasPeriphery_2: texRes = 128.0
73.2335 	EXP 	noPeriphery_2: texRes = 128.0
73.3668 	EXP 	hasPeriphery_2: texRes = 128.0
73.3668 	EXP 	noPeriphery_2: texRes = 128.0
73.5002 	EXP 	hasPeriphery_2: texRes = 128.0
73.5002 	EXP 	noPeriphery_2: texRes = 128.0
73.6335 	EXP 	hasPeriphery_2: texRes = 128.0
73.6335 	EXP 	noPeriphery_2: texRes = 128.0
73.7838 	EXP 	hasPeriphery_2: texRes = 128.0
73.7838 	EXP 	noPeriphery_2: texRes = 128.0
73.9168 	EXP 	hasPeriphery_2: texRes = 128.0
73.9168 	EXP 	noPeriphery_2: texRes = 128.0
74.0048 	EXP 	New trial (rep=0, index=8): {'startImage': 'C:\\Users\\hesselmann\\Desktop\\PsychoPyUniformityIllusion\\UniformityIllusionPsychoPy\\Pics\\8start.png', 'endImage': 'C:\\Users\\hesselmann\\Desktop\\PsychoPyUniformityIllusion\\UniformityIllusionPsychoPy\\Pics\\8a.png', 'AB': None}
74.1848 	DATA 	Keypress: space
74.2342 	EXP 	hasPeriphery_2: texRes = 128.0
74.2342 	EXP 	noPeriphery_2: texRes = 128.0
74.2342 	EXP 	hasPeriphery_2: autoDraw = False
74.2342 	EXP 	noPeriphery_2: autoDraw = False
74.2342 	EXP 	text_2: autoDraw = False
74.2342 	EXP 	hasPeriphery_2: size = array([1.77777778, 1.        ])
74.2342 	EXP 	hasPeriphery_2: image = 'C:\\Users\\hesselmann\\Desktop\\PsychoPyUniformityIllusion\\UniformityIllusionPsychoPy\\Pics\\8a.png'
74.2342 	EXP 	noPeriphery_2: size = array([1.77777778, 1.        ])
74.2342 	EXP 	noPeriphery_2: image = 'C:\\Users\\hesselmann\\Desktop\\PsychoPyUniformityIllusion\\UniformityIllusionPsychoPy\\Pics\\8start.png'
74.2342 	EXP 	hasPeriphery_2: autoDraw = True
74.2342 	EXP 	hasPeriphery_2: texRes = 128.0
74.2342 	EXP 	noPeriphery_2: autoDraw = True
74.2342 	EXP 	noPeriphery_2: texRes = 128.0
74.2342 	EXP 	text_2: autoDraw = True
74.3678 	EXP 	hasPeriphery_2: texRes = 128.0
74.3678 	EXP 	noPeriphery_2: texRes = 128.0
74.5000 	EXP 	hasPeriphery_2: texRes = 128.0
74.5000 	EXP 	noPeriphery_2: texRes = 128.0
74.6334 	EXP 	hasPeriphery_2: texRes = 128.0
74.6334 	EXP 	noPeriphery_2: texRes = 128.0
74.7667 	EXP 	hasPeriphery_2: texRes = 128.0
74.7667 	EXP 	noPeriphery_2: texRes = 128.0
74.9000 	EXP 	hasPeriphery_2: texRes = 128.0
74.9000 	EXP 	noPeriphery_2: texRes = 128.0
75.0170 	EXP 	hasPeriphery_2: texRes = 128.0
75.0170 	EXP 	noPeriphery_2: texRes = 128.0
75.1507 	EXP 	hasPeriphery_2: texRes = 128.0
75.1507 	EXP 	noPeriphery_2: texRes = 128.0
75.2833 	EXP 	hasPeriphery_2: texRes = 128.0
75.2833 	EXP 	noPeriphery_2: texRes = 128.0
75.4166 	EXP 	hasPeriphery_2: texRes = 128.0
75.4166 	EXP 	noPeriphery_2: texRes = 128.0
75.5508 	EXP 	hasPeriphery_2: texRes = 128.0
75.5508 	EXP 	noPeriphery_2: texRes = 128.0
75.6841 	EXP 	hasPeriphery_2: texRes = 128.0
75.6841 	EXP 	noPeriphery_2: texRes = 128.0
75.8001 	EXP 	hasPeriphery_2: texRes = 128.0
75.8001 	EXP 	noPeriphery_2: texRes = 128.0
75.9168 	EXP 	hasPeriphery_2: texRes = 128.0
75.9168 	EXP 	noPeriphery_2: texRes = 128.0
76.0503 	EXP 	hasPeriphery_2: texRes = 128.0
76.0503 	EXP 	noPeriphery_2: texRes = 128.0
76.1833 	EXP 	hasPeriphery_2: texRes = 128.0
76.1833 	EXP 	noPeriphery_2: texRes = 128.0
76.3166 	EXP 	hasPeriphery_2: texRes = 128.0
76.3166 	EXP 	noPeriphery_2: texRes = 128.0
76.4336 	EXP 	hasPeriphery_2: texRes = 128.0
76.4336 	EXP 	noPeriphery_2: texRes = 128.0
76.5665 	EXP 	hasPeriphery_2: texRes = 128.0
76.5665 	EXP 	noPeriphery_2: texRes = 128.0
76.7004 	EXP 	hasPeriphery_2: texRes = 128.0
76.7004 	EXP 	noPeriphery_2: texRes = 128.0
76.8336 	EXP 	hasPeriphery_2: texRes = 128.0
76.8336 	EXP 	noPeriphery_2: texRes = 128.0
76.9665 	EXP 	hasPeriphery_2: texRes = 128.0
76.9665 	EXP 	noPeriphery_2: texRes = 128.0
77.0832 	EXP 	hasPeriphery_2: texRes = 128.0
77.0832 	EXP 	noPeriphery_2: texRes = 128.0
77.2013 	EXP 	hasPeriphery_2: texRes = 128.0
77.2013 	EXP 	noPeriphery_2: texRes = 128.0
77.3339 	EXP 	hasPeriphery_2: texRes = 128.0
77.3339 	EXP 	noPeriphery_2: texRes = 128.0
77.4665 	EXP 	hasPeriphery_2: texRes = 128.0
77.4665 	EXP 	noPeriphery_2: texRes = 128.0
77.6002 	EXP 	hasPeriphery_2: texRes = 128.0
77.6002 	EXP 	noPeriphery_2: texRes = 128.0
77.7335 	EXP 	hasPeriphery_2: texRes = 128.0
77.7335 	EXP 	noPeriphery_2: texRes = 128.0
77.8668 	EXP 	hasPeriphery_2: texRes = 128.0
77.8668 	EXP 	noPeriphery_2: texRes = 128.0
77.9998 	EXP 	hasPeriphery_2: texRes = 128.0
77.9998 	EXP 	noPeriphery_2: texRes = 128.0
78.1331 	EXP 	hasPeriphery_2: texRes = 128.0
78.1331 	EXP 	noPeriphery_2: texRes = 128.0
78.2664 	EXP 	hasPeriphery_2: texRes = 128.0
78.2664 	EXP 	noPeriphery_2: texRes = 128.0
78.3997 	EXP 	hasPeriphery_2: texRes = 128.0
78.3997 	EXP 	noPeriphery_2: texRes = 128.0
78.5335 	EXP 	hasPeriphery_2: texRes = 128.0
78.5335 	EXP 	noPeriphery_2: texRes = 128.0
78.6664 	EXP 	hasPeriphery_2: texRes = 128.0
78.6664 	EXP 	noPeriphery_2: texRes = 128.0
78.7832 	EXP 	hasPeriphery_2: texRes = 128.0
78.7832 	EXP 	noPeriphery_2: texRes = 128.0
78.9331 	EXP 	hasPeriphery_2: texRes = 128.0
78.9331 	EXP 	noPeriphery_2: texRes = 128.0
79.0664 	EXP 	hasPeriphery_2: texRes = 128.0
79.0664 	EXP 	noPeriphery_2: texRes = 128.0
79.2010 	EXP 	hasPeriphery_2: texRes = 128.0
79.2010 	EXP 	noPeriphery_2: texRes = 128.0
79.3334 	EXP 	hasPeriphery_2: texRes = 128.0
79.3334 	EXP 	noPeriphery_2: texRes = 128.0
79.4670 	EXP 	hasPeriphery_2: texRes = 128.0
79.4670 	EXP 	noPeriphery_2: texRes = 128.0
79.5459 	EXP 	New trial (rep=0, index=9): {'startImage': 'C:\\Users\\hesselmann\\Desktop\\PsychoPyUniformityIllusion\\UniformityIllusionPsychoPy\\Pics\\8start.png', 'endImage': 'C:\\Users\\hesselmann\\Desktop\\PsychoPyUniformityIllusion\\UniformityIllusionPsychoPy\\Pics\\8b.png', 'AB': None}
79.7029 	DATA 	Keypress: space
79.7500 	EXP 	hasPeriphery_2: texRes = 128.0
79.7500 	EXP 	noPeriphery_2: texRes = 128.0
79.7500 	EXP 	hasPeriphery_2: autoDraw = False
79.7500 	EXP 	noPeriphery_2: autoDraw = False
79.7500 	EXP 	text_2: autoDraw = False
79.7500 	EXP 	hasPeriphery_2: size = array([1.77777778, 1.        ])
79.7500 	EXP 	hasPeriphery_2: image = 'C:\\Users\\hesselmann\\Desktop\\PsychoPyUniformityIllusion\\UniformityIllusionPsychoPy\\Pics\\8b.png'
79.7500 	EXP 	noPeriphery_2: size = array([1.77777778, 1.        ])
79.7500 	EXP 	noPeriphery_2: image = 'C:\\Users\\hesselmann\\Desktop\\PsychoPyUniformityIllusion\\UniformityIllusionPsychoPy\\Pics\\8start.png'
79.7500 	EXP 	hasPeriphery_2: autoDraw = True
79.7500 	EXP 	hasPeriphery_2: texRes = 128.0
79.7500 	EXP 	noPeriphery_2: autoDraw = True
79.7500 	EXP 	noPeriphery_2: texRes = 128.0
79.7500 	EXP 	text_2: autoDraw = True
79.8662 	EXP 	hasPeriphery_2: texRes = 128.0
79.8662 	EXP 	noPeriphery_2: texRes = 128.0
79.9829 	EXP 	hasPeriphery_2: texRes = 128.0
79.9829 	EXP 	noPeriphery_2: texRes = 128.0
80.1000 	EXP 	hasPeriphery_2: texRes = 128.0
80.1000 	EXP 	noPeriphery_2: texRes = 128.0
80.2333 	EXP 	hasPeriphery_2: texRes = 128.0
80.2333 	EXP 	noPeriphery_2: texRes = 128.0
80.3497 	EXP 	hasPeriphery_2: texRes = 128.0
80.3497 	EXP 	noPeriphery_2: texRes = 128.0
80.4670 	EXP 	hasPeriphery_2: texRes = 128.0
80.4670 	EXP 	noPeriphery_2: texRes = 128.0
80.5840 	EXP 	hasPeriphery_2: texRes = 128.0
80.5840 	EXP 	noPeriphery_2: texRes = 128.0
80.7000 	EXP 	hasPeriphery_2: texRes = 128.0
80.7000 	EXP 	noPeriphery_2: texRes = 128.0
80.8162 	EXP 	hasPeriphery_2: texRes = 128.0
80.8162 	EXP 	noPeriphery_2: texRes = 128.0
80.9328 	EXP 	hasPeriphery_2: texRes = 128.0
80.9328 	EXP 	noPeriphery_2: texRes = 128.0
81.0495 	EXP 	hasPeriphery_2: texRes = 128.0
81.0495 	EXP 	noPeriphery_2: texRes = 128.0
81.1669 	EXP 	hasPeriphery_2: texRes = 128.0
81.1669 	EXP 	noPeriphery_2: texRes = 128.0
81.2828 	EXP 	hasPeriphery_2: texRes = 128.0
81.2828 	EXP 	noPeriphery_2: texRes = 128.0
81.4002 	EXP 	hasPeriphery_2: texRes = 128.0
81.4002 	EXP 	noPeriphery_2: texRes = 128.0
81.5169 	EXP 	hasPeriphery_2: texRes = 128.0
81.5169 	EXP 	noPeriphery_2: texRes = 128.0
81.6332 	EXP 	hasPeriphery_2: texRes = 128.0
81.6332 	EXP 	noPeriphery_2: texRes = 128.0
81.7494 	EXP 	hasPeriphery_2: texRes = 128.0
81.7494 	EXP 	noPeriphery_2: texRes = 128.0
81.8661 	EXP 	hasPeriphery_2: texRes = 128.0
81.8661 	EXP 	noPeriphery_2: texRes = 128.0
81.9832 	EXP 	hasPeriphery_2: texRes = 128.0
81.9832 	EXP 	noPeriphery_2: texRes = 128.0
82.0998 	EXP 	hasPeriphery_2: texRes = 128.0
82.0998 	EXP 	noPeriphery_2: texRes = 128.0
82.2160 	EXP 	hasPeriphery_2: texRes = 128.0
82.2160 	EXP 	noPeriphery_2: texRes = 128.0
82.3331 	EXP 	hasPeriphery_2: texRes = 128.0
82.3331 	EXP 	noPeriphery_2: texRes = 128.0
82.4496 	EXP 	hasPeriphery_2: texRes = 128.0
82.4496 	EXP 	noPeriphery_2: texRes = 128.0
82.5670 	EXP 	hasPeriphery_2: texRes = 128.0
82.5670 	EXP 	noPeriphery_2: texRes = 128.0
82.6831 	EXP 	hasPeriphery_2: texRes = 128.0
82.6831 	EXP 	noPeriphery_2: texRes = 128.0
82.7993 	EXP 	hasPeriphery_2: texRes = 128.0
82.7993 	EXP 	noPeriphery_2: texRes = 128.0
82.9164 	EXP 	hasPeriphery_2: texRes = 128.0
82.9164 	EXP 	noPeriphery_2: texRes = 128.0
83.0330 	EXP 	hasPeriphery_2: texRes = 128.0
83.0330 	EXP 	noPeriphery_2: texRes = 128.0
83.1036 	EXP 	New trial (rep=0, index=10): {'startImage': 'C:\\Users\\hesselmann\\Desktop\\PsychoPyUniformityIllusion\\UniformityIllusionPsychoPy\\Pics\\9start.png', 'endImage': 'C:\\Users\\hesselmann\\Desktop\\PsychoPyUniformityIllusion\\UniformityIllusionPsychoPy\\Pics\\9a.png', 'AB': None}
83.2774 	DATA 	Keypress: space
83.3160 	EXP 	hasPeriphery_2: texRes = 128.0
83.3160 	EXP 	noPeriphery_2: texRes = 128.0
83.3160 	EXP 	hasPeriphery_2: autoDraw = False
83.3160 	EXP 	noPeriphery_2: autoDraw = False
83.3160 	EXP 	text_2: autoDraw = False
83.3160 	EXP 	hasPeriphery_2: size = array([1.77777778, 1.        ])
83.3160 	EXP 	hasPeriphery_2: image = 'C:\\Users\\hesselmann\\Desktop\\PsychoPyUniformityIllusion\\UniformityIllusionPsychoPy\\Pics\\9a.png'
83.3160 	EXP 	noPeriphery_2: size = array([1.77777778, 1.        ])
83.3160 	EXP 	noPeriphery_2: image = 'C:\\Users\\hesselmann\\Desktop\\PsychoPyUniformityIllusion\\UniformityIllusionPsychoPy\\Pics\\9start.png'
83.3160 	EXP 	hasPeriphery_2: autoDraw = True
83.3160 	EXP 	hasPeriphery_2: texRes = 128.0
83.3160 	EXP 	noPeriphery_2: autoDraw = True
83.3160 	EXP 	noPeriphery_2: texRes = 128.0
83.3160 	EXP 	text_2: autoDraw = True
83.4334 	EXP 	hasPeriphery_2: texRes = 128.0
83.4334 	EXP 	noPeriphery_2: texRes = 128.0
83.5497 	EXP 	hasPeriphery_2: texRes = 128.0
83.5497 	EXP 	noPeriphery_2: texRes = 128.0
83.6660 	EXP 	hasPeriphery_2: texRes = 128.0
83.6660 	EXP 	noPeriphery_2: texRes = 128.0
83.8000 	EXP 	hasPeriphery_2: texRes = 128.0
83.8000 	EXP 	noPeriphery_2: texRes = 128.0
83.9159 	EXP 	hasPeriphery_2: texRes = 128.0
83.9159 	EXP 	noPeriphery_2: texRes = 128.0
84.0333 	EXP 	hasPeriphery_2: texRes = 128.0
84.0333 	EXP 	noPeriphery_2: texRes = 128.0
84.1492 	EXP 	hasPeriphery_2: texRes = 128.0
84.1492 	EXP 	noPeriphery_2: texRes = 128.0
84.2663 	EXP 	hasPeriphery_2: texRes = 128.0
84.2663 	EXP 	noPeriphery_2: texRes = 128.0
84.3826 	EXP 	hasPeriphery_2: texRes = 128.0
84.3826 	EXP 	noPeriphery_2: texRes = 128.0
84.4996 	EXP 	hasPeriphery_2: texRes = 128.0
84.4996 	EXP 	noPeriphery_2: texRes = 128.0
84.6159 	EXP 	hasPeriphery_2: texRes = 128.0
84.6159 	EXP 	noPeriphery_2: texRes = 128.0
84.7326 	EXP 	hasPeriphery_2: texRes = 128.0
84.7326 	EXP 	noPeriphery_2: texRes = 128.0
84.8496 	EXP 	hasPeriphery_2: texRes = 128.0
84.8496 	EXP 	noPeriphery_2: texRes = 128.0
84.9662 	EXP 	hasPeriphery_2: texRes = 128.0
84.9662 	EXP 	noPeriphery_2: texRes = 128.0
85.0840 	EXP 	hasPeriphery_2: texRes = 128.0
85.0840 	EXP 	noPeriphery_2: texRes = 128.0
85.2160 	EXP 	hasPeriphery_2: texRes = 128.0
85.2160 	EXP 	noPeriphery_2: texRes = 128.0
85.3337 	EXP 	hasPeriphery_2: texRes = 128.0
85.3337 	EXP 	noPeriphery_2: texRes = 128.0
85.4662 	EXP 	hasPeriphery_2: texRes = 128.0
85.4662 	EXP 	noPeriphery_2: texRes = 128.0
85.5825 	EXP 	hasPeriphery_2: texRes = 128.0
85.5825 	EXP 	noPeriphery_2: texRes = 128.0
85.7169 	EXP 	hasPeriphery_2: texRes = 128.0
85.7169 	EXP 	noPeriphery_2: texRes = 128.0
85.8495 	EXP 	hasPeriphery_2: texRes = 128.0
85.8495 	EXP 	noPeriphery_2: texRes = 128.0
85.9660 	EXP 	hasPeriphery_2: texRes = 128.0
85.9660 	EXP 	noPeriphery_2: texRes = 128.0
86.0828 	EXP 	hasPeriphery_2: texRes = 128.0
86.0828 	EXP 	noPeriphery_2: texRes = 128.0
86.1997 	EXP 	hasPeriphery_2: texRes = 128.0
86.1997 	EXP 	noPeriphery_2: texRes = 128.0
86.3324 	EXP 	hasPeriphery_2: texRes = 128.0
86.3324 	EXP 	noPeriphery_2: texRes = 128.0
86.4490 	EXP 	hasPeriphery_2: texRes = 128.0
86.4490 	EXP 	noPeriphery_2: texRes = 128.0
86.5661 	EXP 	hasPeriphery_2: texRes = 128.0
86.5661 	EXP 	noPeriphery_2: texRes = 128.0
86.6825 	EXP 	hasPeriphery_2: texRes = 128.0
86.6825 	EXP 	noPeriphery_2: texRes = 128.0
86.8165 	EXP 	hasPeriphery_2: texRes = 128.0
86.8165 	EXP 	noPeriphery_2: texRes = 128.0
86.9500 	EXP 	hasPeriphery_2: texRes = 128.0
86.9500 	EXP 	noPeriphery_2: texRes = 128.0
87.0827 	EXP 	hasPeriphery_2: texRes = 128.0
87.0827 	EXP 	noPeriphery_2: texRes = 128.0
87.2157 	EXP 	hasPeriphery_2: texRes = 128.0
87.2157 	EXP 	noPeriphery_2: texRes = 128.0
87.3323 	EXP 	hasPeriphery_2: texRes = 128.0
87.3323 	EXP 	noPeriphery_2: texRes = 128.0
87.4497 	EXP 	hasPeriphery_2: texRes = 128.0
87.4497 	EXP 	noPeriphery_2: texRes = 128.0
87.5656 	EXP 	hasPeriphery_2: texRes = 128.0
87.5656 	EXP 	noPeriphery_2: texRes = 128.0
87.6827 	EXP 	hasPeriphery_2: texRes = 128.0
87.6827 	EXP 	noPeriphery_2: texRes = 128.0
87.8159 	EXP 	hasPeriphery_2: texRes = 128.0
87.8159 	EXP 	noPeriphery_2: texRes = 128.0
87.9490 	EXP 	hasPeriphery_2: texRes = 128.0
87.9490 	EXP 	noPeriphery_2: texRes = 128.0
88.0662 	EXP 	hasPeriphery_2: texRes = 128.0
88.0662 	EXP 	noPeriphery_2: texRes = 128.0
88.1826 	EXP 	hasPeriphery_2: texRes = 128.0
88.1826 	EXP 	noPeriphery_2: texRes = 128.0
88.3162 	EXP 	hasPeriphery_2: texRes = 128.0
88.3162 	EXP 	noPeriphery_2: texRes = 128.0
88.4495 	EXP 	hasPeriphery_2: texRes = 128.0
88.4495 	EXP 	noPeriphery_2: texRes = 128.0
88.5658 	EXP 	hasPeriphery_2: texRes = 128.0
88.5658 	EXP 	noPeriphery_2: texRes = 128.0
88.6822 	EXP 	hasPeriphery_2: texRes = 128.0
88.6822 	EXP 	noPeriphery_2: texRes = 128.0
88.8164 	EXP 	hasPeriphery_2: texRes = 128.0
88.8164 	EXP 	noPeriphery_2: texRes = 128.0
88.9325 	EXP 	hasPeriphery_2: texRes = 128.0
88.9325 	EXP 	noPeriphery_2: texRes = 128.0
89.0495 	EXP 	hasPeriphery_2: texRes = 128.0
89.0495 	EXP 	noPeriphery_2: texRes = 128.0
89.1291 	DATA 	Keypress: escape
89.1659 	EXP 	hasPeriphery_2: texRes = 128.0
89.1659 	EXP 	noPeriphery_2: texRes = 128.0
89.2827 	EXP 	hasPeriphery_2: texRes = 128.0
89.2827 	EXP 	noPeriphery_2: texRes = 128.0
89.5073 	EXP 	window1: mouseVisible = True
