1.4170 	WARNING 	We strongly recommend you activate the PTB sound engine in PsychoPy prefs as the preferred audio engine. Its timing is vastly superior. Your prefs are currently set to use ['sounddevice', 'PTB', 'pyo', 'pygame'] (in that order).
9.8794 	WARNING 	Couldn't measure a consistent frame rate.
  - Is your graphics card set to sync to vertical blank?
  - Are you running other processes on your computer?

9.8798 	EXP 	Created window1 = Window(allowGUI=False, allowStencil=False, autoLog=True, backendConf=UNKNOWN, bitsMode=UNKNOWN, blendMode='avg', bpc=(8, 8, 8), color=array([0, 0, 0]), colorSpace='rgb', depthBits=8, fullscr=<method-wrapper '__getattribute__' of attributeSetter object at 0x000001A86915A748>, gamma=None, gammaErrorPolicy='raise', lms=UNKNOWN, monitor=<psychopy.monitors.calibTools.Monitor object at 0x000001A86917EB00>, multiSample=False, name='window1', numSamples=2, pos=[0.0, 0.0], screen=0, size=array([1920, 1080]), stencilBits=0, stereo=False, units='height', useFBO=True, useRetina=False, viewOri=0.0, viewPos=None, viewScale=None, waitBlanking=True, winType='pyglet')
9.8801 	EXP 	window1: mouseVisible = True
9.8801 	EXP 	window1: recordFrameIntervals = False
10.0408 	EXP 	window1: recordFrameIntervals = True
10.1301 	WARNING 	t of last frame was 25.76ms (=1/38)
10.1987 	WARNING 	t of last frame was 21.40ms (=1/46)
10.2244 	WARNING 	t of last frame was 25.61ms (=1/39)
10.2499 	WARNING 	t of last frame was 25.50ms (=1/39)
10.3294 	WARNING 	Multiple dropped frames have occurred - I'll stop bothering you about them!
11.7831 	WARNING 	Couldn't measure a consistent frame rate.
  - Is your graphics card set to sync to vertical blank?
  - Are you running other processes on your computer?

12.3785 	EXP 	Created WelcomeText = TextStim(__class__=<class 'psychopy.visual.text.TextStim'>, alignHoriz=method-wrapper(...), alignText='center', alignVert=method-wrapper(...), anchorHoriz='center', anchorVert='center', antialias=True, autoLog=True, bold=False, color=array([1, 1, 1]), colorSpace='rgb', contrast=1.0, depth=0.0, flipHoriz=False, flipVert=False, font='Open Sans', fontFiles=[], height=0.1, italic=False, languageStyle='LTR', name='WelcomeText', opacity=1, ori=0.0, pos=array([0., 0.]), rgb=UNKNOWN, text='Welcome to our Study!', units='height', win=Window(...), wrapWidth=1)
12.3974 	EXP 	Imported depression.xlsx as conditions, 2 conditions, 12 params
12.3987 	EXP 	Question text: Sadness
12.4415 	EXP 	window1: mouseVisible = True
12.4973 	EXP 	Question text: Pessimism
12.5108 	EXP 	window1: mouseVisible = True
12.5559 	EXP 	window1: mouseVisible = True
12.5612 	EXP 	Created unnamed Rect = Rect(__class__=<class 'psychopy.visual.rect.Rect'>, autoDraw=False, autoLog=True, closeShape=True, color=method-wrapper(...), colorSpace='rgb', contrast=None, depth=0, fillColor=array([0, 0, 0]), fillColorSpace='rgb', fillRGB=UNKNOWN, interpolate=True, lineColor=array([0, 0, 0]), lineColorSpace='rgb', lineRGB=UNKNOWN, lineWidth=1.5, name='unnamed Rect', opacity=0, ori=0.0, pos=array([0., 0.]), size=array([0., 0.]), units='height', vertices=ndarray(...), win=Window(...))
12.5688 	EXP 	Created DepressionQuestionnaire = <psychopy.visual.form.Form object at 0x000001A86B77E6A0>
12.6094 	EXP 	window1: mouseVisible = True
12.6979 	EXP 	Created instructionsText = TextStim(__class__=<class 'psychopy.visual.text.TextStim'>, alignHoriz=method-wrapper(...), alignText='center', alignVert=method-wrapper(...), anchorHoriz='center', anchorVert='center', antialias=True, autoLog=True, bold=False, color=array([1, 1, 1]), colorSpace='rgb', contrast=1.0, depth=0.0, flipHoriz=False, flipVert=False, font='Open Sans', fontFiles=[], height=0.04, italic=False, languageStyle='LTR', name='instructionsText', opacity=1, ori=0.0, pos=array([0., 0.]), rgb=UNKNOWN, text=str(...), units='height', win=Window(...), wrapWidth=1)
12.7015 	EXP 	Created hasPeriphery = ImageStim(__class__=<class 'psychopy.visual.image.ImageStim'>, autoLog=True, color=array([1, 1, 1]), colorSpace='rgb', contrast=1.0, depth=-1.0, flipHoriz=False, flipVert=False, image='sin', interpolate=True, mask=None, maskParams=None, name='hasPeriphery', opacity=1.0, ori=0.0, pos=array([0., 0.]), size=array([0.5, 0.5]), texRes=128.0, units='height', win=Window(...))
12.7052 	EXP 	Created noPeriphery = ImageStim(__class__=<class 'psychopy.visual.image.ImageStim'>, autoLog=True, color=array([1, 1, 1]), colorSpace='rgb', contrast=1.0, depth=-3.0, flipHoriz=False, flipVert=False, image='sin', interpolate=True, mask=None, maskParams=None, name='noPeriphery', opacity=1.0, ori=0.0, pos=array([0., 0.]), size=array([0.5, 0.5]), texRes=128.0, units='height', win=Window(...))
12.7087 	EXP 	Created final = ImageStim(__class__=<class 'psychopy.visual.image.ImageStim'>, autoLog=True, color=array([1, 1, 1]), colorSpace='rgb', contrast=1.0, depth=-4.0, flipHoriz=False, flipVert=False, image='sin', interpolate=True, mask=None, maskParams=None, name='final', opacity=1.0, ori=0.0, pos=array([0., 0.]), size=array([0.5, 0.5]), texRes=128.0, units='height', win=Window(...))
12.7102 	EXP 	Created blank_screen = Rect(__class__=<class 'psychopy.visual.rect.Rect'>, autoDraw=False, autoLog=True, closeShape=True, color=method-wrapper(...), colorSpace='rgb', contrast=None, depth=-5.0, fillColor=array([1, 1, 1]), fillColorSpace='rgb', fillRGB=UNKNOWN, interpolate=True, lineColor=array([1, 1, 1]), lineColorSpace='rgb', lineRGB=UNKNOWN, lineWidth=1.0, name='blank_screen', opacity=1.0, ori=0.0, pos=array([0., 0.]), size=array([2., 2.]), units='height', vertices=ndarray(...), win=Window(...))
12.7261 	EXP 	Created text = TextStim(__class__=<class 'psychopy.visual.text.TextStim'>, alignHoriz=method-wrapper(...), alignText='center', alignVert=method-wrapper(...), anchorHoriz='center', anchorVert='center', antialias=True, autoLog=True, bold=False, color=array([ 1, -1, -1]), colorSpace='rgb', contrast=1.0, depth=-6.0, flipHoriz=False, flipVert=False, font='Open Sans', fontFiles=[], height=0.1, italic=False, languageStyle='LTR', name='text', opacity=1, ori=0.0, pos=array([0., 0.]), rgb=UNKNOWN, text='+', units='height', win=Window(...), wrapWidth=1)
12.7449 	EXP 	Created WelcomeText = TextStim(__class__=<class 'psychopy.visual.text.TextStim'>, alignHoriz=method-wrapper(...), alignText='center', alignVert=method-wrapper(...), anchorHoriz='center', anchorVert='center', antialias=True, autoLog=True, bold=False, color=array([1, 1, 1]), colorSpace='rgb', contrast=1.0, depth=0.0, flipHoriz=False, flipVert=False, font='Open Sans', fontFiles=[], height=0.1, italic=False, languageStyle='LTR', name='WelcomeText', opacity=1, ori=0.0, pos=array([0., 0.]), rgb=UNKNOWN, text='Welcome to our Study!', units='height', win=Window(...), wrapWidth=1)
12.7483 	EXP 	Created hasPeriphery = ImageStim(__class__=<class 'psychopy.visual.image.ImageStim'>, autoLog=True, color=array([1, 1, 1]), colorSpace='rgb', contrast=1.0, depth=-1.0, flipHoriz=False, flipVert=False, image='sin', interpolate=True, mask=None, maskParams=None, name='hasPeriphery', opacity=1.0, ori=0.0, pos=array([0., 0.]), size=array([0.5, 0.5]), texRes=128.0, units='height', win=Window(...))
12.7518 	EXP 	Created noPeriphery = ImageStim(__class__=<class 'psychopy.visual.image.ImageStim'>, autoLog=True, color=array([1, 1, 1]), colorSpace='rgb', contrast=1.0, depth=-3.0, flipHoriz=False, flipVert=False, image='sin', interpolate=True, mask=None, maskParams=None, name='noPeriphery', opacity=1.0, ori=0.0, pos=array([0., 0.]), size=array([0.5, 0.5]), texRes=128.0, units='height', win=Window(...))
12.7556 	EXP 	Created final = ImageStim(__class__=<class 'psychopy.visual.image.ImageStim'>, autoLog=True, color=array([1, 1, 1]), colorSpace='rgb', contrast=1.0, depth=-4.0, flipHoriz=False, flipVert=False, image='sin', interpolate=True, mask=None, maskParams=None, name='final', opacity=1.0, ori=0.0, pos=array([0., 0.]), size=array([0.5, 0.5]), texRes=128.0, units='height', win=Window(...))
12.7571 	EXP 	Created blank_screen = Rect(__class__=<class 'psychopy.visual.rect.Rect'>, autoDraw=False, autoLog=True, closeShape=True, color=method-wrapper(...), colorSpace='rgb', contrast=None, depth=-5.0, fillColor=array([1, 1, 1]), fillColorSpace='rgb', fillRGB=UNKNOWN, interpolate=True, lineColor=array([1, 1, 1]), lineColorSpace='rgb', lineRGB=UNKNOWN, lineWidth=1.0, name='blank_screen', opacity=1.0, ori=0.0, pos=array([0., 0.]), size=array([2., 2.]), units='height', vertices=ndarray(...), win=Window(...))
12.7611 	EXP 	Created text = TextStim(__class__=<class 'psychopy.visual.text.TextStim'>, alignHoriz=method-wrapper(...), alignText='center', alignVert=method-wrapper(...), anchorHoriz='center', anchorVert='center', antialias=True, autoLog=True, bold=False, color=array([ 1, -1, -1]), colorSpace='rgb', contrast=1.0, depth=-6.0, flipHoriz=False, flipVert=False, font='Open Sans', fontFiles=[], height=0.1, italic=False, languageStyle='LTR', name='text', opacity=1, ori=0.0, pos=array([0., 0.]), rgb=UNKNOWN, text='+', units='height', win=Window(...), wrapWidth=1)
13.8110 	EXP 	unnamed Form: autoLog = True
13.8110 	EXP 	DepressionQuestionnaire: name = 'DepressionQuestionnaire'
13.8110 	EXP 	DepressionQuestionnaire: size = (3.5, 1)
13.8110 	EXP 	DepressionQuestionnaire: size = array([3.5, 1. ])
13.8110 	EXP 	DepressionQuestionnaire: units = 'height'
13.8110 	EXP 	DepressionQuestionnaire: depth = 0
13.8110 	EXP 	WelcomeText: autoDraw = True
14.8104 	EXP 	WelcomeText: autoDraw = False
14.8104 	EXP 	DepressionQuestionnaire: autoDraw = True
15.8694 	DATA 	Mouse: Left button down, pos=(805,74)
15.9317 	EXP 	DepressionQuestionnaire: autoDraw = False
15.9317 	EXP 	instructionsText: autoDraw = True
15.9888 	DATA 	Mouse:  Left button up, pos=(805,74)
16.8353 	EXP 	Imported picPaths.xlsx as conditions, 6 conditions, 4 params
16.8357 	EXP 	Created sequence: random, trialTypes=6, nReps=1, seed=None
16.8361 	EXP 	New trial (rep=0, index=0): {'startImage': 'C:\\Users\\hesselmann\\Desktop\\PsychoPyUniformityIllusion\\UniformityIllusionPsychoPy\\Pics\\2start.png', 'midImage': 'C:\\Users\\hesselmann\\Desktop\\PsychoPyUniformityIllusion\\UniformityIllusionPsychoPy\\Pics\\2a.png', 'endImage': 'C:\\Users\\hesselmann\\Desktop\\PsychoPyUniformityIllusion\\UniformityIllusionPsychoPy\\Pics\\2a.png', 'AB': 'a'}
17.1261 	DATA 	Keypress: space
17.1772 	EXP 	instructionsText: autoDraw = False
17.1772 	EXP 	hasPeriphery: size = array([1.77777778, 1.        ])
17.1772 	EXP 	hasPeriphery: image = 'C:\\Users\\hesselmann\\Desktop\\PsychoPyUniformityIllusion\\UniformityIllusionPsychoPy\\Pics\\2a.png'
17.1772 	EXP 	noPeriphery: size = array([1.77777778, 1.        ])
17.1772 	EXP 	noPeriphery: image = 'C:\\Users\\hesselmann\\Desktop\\PsychoPyUniformityIllusion\\UniformityIllusionPsychoPy\\Pics\\2start.png'
17.1772 	EXP 	final: size = array([1.77777778, 1.        ])
17.1772 	EXP 	final: image = 'C:\\Users\\hesselmann\\Desktop\\PsychoPyUniformityIllusion\\UniformityIllusionPsychoPy\\Pics\\2a.png'
17.1772 	EXP 	hasPeriphery: autoDraw = True
17.1772 	EXP 	hasPeriphery: texRes = 128.0
17.1772 	EXP 	noPeriphery: autoDraw = True
17.1772 	EXP 	noPeriphery: texRes = 128.0
17.1772 	EXP 	text: autoDraw = True
17.3178 	EXP 	hasPeriphery: texRes = 128.0
17.3178 	EXP 	noPeriphery: texRes = 128.0
17.4915 	EXP 	hasPeriphery: texRes = 128.0
17.4915 	EXP 	noPeriphery: texRes = 128.0
17.6773 	EXP 	hasPeriphery: texRes = 128.0
17.6773 	EXP 	noPeriphery: texRes = 128.0
17.8399 	EXP 	hasPeriphery: texRes = 128.0
17.8399 	EXP 	noPeriphery: texRes = 128.0
18.0244 	EXP 	hasPeriphery: texRes = 128.0
18.0244 	EXP 	noPeriphery: texRes = 128.0
18.2120 	EXP 	hasPeriphery: texRes = 128.0
18.2120 	EXP 	noPeriphery: texRes = 128.0
18.3981 	EXP 	hasPeriphery: texRes = 128.0
18.3981 	EXP 	noPeriphery: texRes = 128.0
18.6102 	EXP 	hasPeriphery: texRes = 128.0
18.6102 	EXP 	noPeriphery: texRes = 128.0
18.7970 	EXP 	hasPeriphery: texRes = 128.0
18.7970 	EXP 	noPeriphery: texRes = 128.0
18.9703 	EXP 	hasPeriphery: texRes = 128.0
18.9703 	EXP 	noPeriphery: texRes = 128.0
19.1330 	EXP 	hasPeriphery: texRes = 128.0
19.1330 	EXP 	noPeriphery: texRes = 128.0
19.3049 	EXP 	hasPeriphery: texRes = 128.0
19.3049 	EXP 	noPeriphery: texRes = 128.0
19.4650 	EXP 	hasPeriphery: texRes = 128.0
19.4650 	EXP 	noPeriphery: texRes = 128.0
19.6236 	EXP 	hasPeriphery: texRes = 128.0
19.6236 	EXP 	noPeriphery: texRes = 128.0
19.7973 	EXP 	hasPeriphery: texRes = 128.0
19.7973 	EXP 	noPeriphery: texRes = 128.0
19.9847 	EXP 	hasPeriphery: texRes = 128.0
19.9847 	EXP 	noPeriphery: texRes = 128.0
20.1703 	EXP 	hasPeriphery: texRes = 128.0
20.1703 	EXP 	noPeriphery: texRes = 128.0
20.3455 	EXP 	hasPeriphery: texRes = 128.0
20.3455 	EXP 	noPeriphery: texRes = 128.0
20.4825 	EXP 	hasPeriphery: texRes = 128.0
20.4825 	EXP 	noPeriphery: texRes = 128.0
20.6641 	EXP 	hasPeriphery: texRes = 128.0
20.6641 	EXP 	noPeriphery: texRes = 128.0
20.8375 	EXP 	hasPeriphery: texRes = 128.0
20.8375 	EXP 	noPeriphery: texRes = 128.0
21.0248 	EXP 	hasPeriphery: texRes = 128.0
21.0248 	EXP 	noPeriphery: texRes = 128.0
21.2032 	EXP 	hasPeriphery: texRes = 128.0
21.2032 	EXP 	noPeriphery: texRes = 128.0
21.3704 	EXP 	hasPeriphery: texRes = 128.0
21.3704 	EXP 	noPeriphery: texRes = 128.0
21.5489 	EXP 	hasPeriphery: texRes = 128.0
21.5489 	EXP 	noPeriphery: texRes = 128.0
21.7228 	EXP 	hasPeriphery: texRes = 128.0
21.7228 	EXP 	noPeriphery: texRes = 128.0
21.9051 	EXP 	hasPeriphery: texRes = 128.0
21.9051 	EXP 	noPeriphery: texRes = 128.0
22.1043 	EXP 	hasPeriphery: texRes = 128.0
22.1043 	EXP 	noPeriphery: texRes = 128.0
22.2778 	EXP 	hasPeriphery: texRes = 128.0
22.2778 	EXP 	noPeriphery: texRes = 128.0
22.4372 	EXP 	hasPeriphery: texRes = 128.0
22.4372 	EXP 	noPeriphery: texRes = 128.0
22.6253 	EXP 	hasPeriphery: texRes = 128.0
22.6253 	EXP 	noPeriphery: texRes = 128.0
22.8264 	EXP 	hasPeriphery: texRes = 128.0
22.8264 	EXP 	noPeriphery: texRes = 128.0
23.0273 	EXP 	hasPeriphery: texRes = 128.0
23.0273 	EXP 	noPeriphery: texRes = 128.0
23.2120 	EXP 	hasPeriphery: texRes = 128.0
23.2120 	EXP 	noPeriphery: texRes = 128.0
23.3977 	EXP 	hasPeriphery: texRes = 128.0
23.3977 	EXP 	noPeriphery: texRes = 128.0
23.3977 	EXP 	blank_screen: autoDraw = True
23.6259 	EXP 	hasPeriphery: texRes = 128.0
23.6259 	EXP 	noPeriphery: texRes = 128.0
23.6259 	EXP 	final: autoDraw = True
23.6259 	EXP 	final: texRes = 128.0
23.8507 	EXP 	hasPeriphery: texRes = 128.0
23.8507 	EXP 	noPeriphery: texRes = 128.0
23.8507 	EXP 	final: texRes = 128.0
23.8507 	EXP 	blank_screen: autoDraw = False
24.0944 	EXP 	hasPeriphery: texRes = 128.0
24.0944 	EXP 	noPeriphery: texRes = 128.0
24.0944 	EXP 	final: texRes = 128.0
24.3225 	EXP 	hasPeriphery: texRes = 128.0
24.3225 	EXP 	noPeriphery: texRes = 128.0
24.3225 	EXP 	final: texRes = 128.0
24.5583 	EXP 	hasPeriphery: texRes = 128.0
24.5583 	EXP 	noPeriphery: texRes = 128.0
24.5583 	EXP 	final: texRes = 128.0
24.8114 	EXP 	hasPeriphery: texRes = 128.0
24.8114 	EXP 	noPeriphery: texRes = 128.0
24.8114 	EXP 	final: texRes = 128.0
25.0940 	EXP 	hasPeriphery: texRes = 128.0
25.0940 	EXP 	noPeriphery: texRes = 128.0
25.0940 	EXP 	final: texRes = 128.0
25.0940 	EXP 	blank_screen: autoDraw = True
25.3463 	EXP 	hasPeriphery: texRes = 128.0
25.3463 	EXP 	noPeriphery: texRes = 128.0
25.3463 	EXP 	final: texRes = 128.0
25.5855 	EXP 	hasPeriphery: texRes = 128.0
25.5855 	EXP 	noPeriphery: texRes = 128.0
25.5855 	EXP 	final: texRes = 128.0
25.5855 	EXP 	blank_screen: autoDraw = False
25.8275 	EXP 	hasPeriphery: texRes = 128.0
25.8275 	EXP 	noPeriphery: texRes = 128.0
25.8275 	EXP 	final: texRes = 128.0
26.0909 	EXP 	hasPeriphery: texRes = 128.0
26.0909 	EXP 	noPeriphery: texRes = 128.0
26.0909 	EXP 	final: texRes = 128.0
26.3312 	EXP 	hasPeriphery: texRes = 128.0
26.3312 	EXP 	noPeriphery: texRes = 128.0
26.3312 	EXP 	final: texRes = 128.0
26.5843 	EXP 	hasPeriphery: texRes = 128.0
26.5843 	EXP 	noPeriphery: texRes = 128.0
26.5843 	EXP 	final: texRes = 128.0
26.8643 	EXP 	hasPeriphery: texRes = 128.0
26.8643 	EXP 	noPeriphery: texRes = 128.0
26.8643 	EXP 	final: texRes = 128.0
26.8643 	EXP 	blank_screen: autoDraw = True
27.1316 	EXP 	hasPeriphery: texRes = 128.0
27.1316 	EXP 	noPeriphery: texRes = 128.0
27.1316 	EXP 	final: texRes = 128.0
27.3577 	EXP 	hasPeriphery: texRes = 128.0
27.3577 	EXP 	noPeriphery: texRes = 128.0
27.3577 	EXP 	final: texRes = 128.0
27.3577 	EXP 	blank_screen: autoDraw = False
27.4391 	EXP 	hasPeriphery: autoDraw = False
27.4391 	EXP 	noPeriphery: autoDraw = False
27.4391 	EXP 	final: texRes = 128.0
27.5194 	EXP 	final: texRes = 128.0
27.5984 	EXP 	final: texRes = 128.0
27.6779 	EXP 	final: texRes = 128.0
27.7631 	EXP 	final: texRes = 128.0
27.8415 	EXP 	final: texRes = 128.0
27.9338 	EXP 	final: texRes = 128.0
28.0151 	EXP 	final: texRes = 128.0
28.1054 	EXP 	final: texRes = 128.0
28.1844 	EXP 	final: texRes = 128.0
28.2792 	EXP 	final: texRes = 128.0
28.3599 	EXP 	final: texRes = 128.0
28.4515 	EXP 	final: texRes = 128.0
28.5317 	EXP 	final: texRes = 128.0
28.6268 	EXP 	final: texRes = 128.0
28.7093 	EXP 	final: texRes = 128.0
28.7978 	EXP 	final: texRes = 128.0
28.8790 	EXP 	final: texRes = 128.0
28.9610 	EXP 	final: texRes = 128.0
29.0396 	EXP 	final: texRes = 128.0
29.0906 	EXP 	New trial (rep=0, index=1): {'startImage': 'C:\\Users\\hesselmann\\Desktop\\PsychoPyUniformityIllusion\\UniformityIllusionPsychoPy\\Pics\\3start.png', 'midImage': 'C:\\Users\\hesselmann\\Desktop\\PsychoPyUniformityIllusion\\UniformityIllusionPsychoPy\\Pics\\3a.png', 'endImage': 'C:\\Users\\hesselmann\\Desktop\\PsychoPyUniformityIllusion\\UniformityIllusionPsychoPy\\Pics\\3a.png', 'AB': 'a'}
29.3862 	EXP 	final: texRes = 128.0
29.3862 	EXP 	hasPeriphery: autoDraw = False
29.3862 	EXP 	noPeriphery: autoDraw = False
29.3862 	EXP 	final: autoDraw = False
29.3862 	EXP 	blank_screen: autoDraw = False
29.3862 	EXP 	text: autoDraw = False
29.3862 	EXP 	hasPeriphery: size = array([1.77777778, 1.        ])
29.3862 	EXP 	hasPeriphery: image = 'C:\\Users\\hesselmann\\Desktop\\PsychoPyUniformityIllusion\\UniformityIllusionPsychoPy\\Pics\\3a.png'
29.3862 	EXP 	noPeriphery: size = array([1.77777778, 1.        ])
29.3862 	EXP 	noPeriphery: image = 'C:\\Users\\hesselmann\\Desktop\\PsychoPyUniformityIllusion\\UniformityIllusionPsychoPy\\Pics\\3start.png'
29.3862 	EXP 	final: size = array([1.77777778, 1.        ])
29.3862 	EXP 	final: image = 'C:\\Users\\hesselmann\\Desktop\\PsychoPyUniformityIllusion\\UniformityIllusionPsychoPy\\Pics\\3a.png'
29.3862 	EXP 	hasPeriphery: autoDraw = True
29.3862 	EXP 	hasPeriphery: texRes = 128.0
29.3862 	EXP 	noPeriphery: autoDraw = True
29.3862 	EXP 	noPeriphery: texRes = 128.0
29.3862 	EXP 	text: autoDraw = True
29.5396 	EXP 	hasPeriphery: texRes = 128.0
29.5396 	EXP 	noPeriphery: texRes = 128.0
29.7374 	EXP 	hasPeriphery: texRes = 128.0
29.7374 	EXP 	noPeriphery: texRes = 128.0
29.9183 	EXP 	hasPeriphery: texRes = 128.0
29.9183 	EXP 	noPeriphery: texRes = 128.0
30.1048 	EXP 	hasPeriphery: texRes = 128.0
30.1048 	EXP 	noPeriphery: texRes = 128.0
30.2918 	EXP 	hasPeriphery: texRes = 128.0
30.2918 	EXP 	noPeriphery: texRes = 128.0
30.4681 	EXP 	hasPeriphery: texRes = 128.0
30.4681 	EXP 	noPeriphery: texRes = 128.0
30.6113 	EXP 	hasPeriphery: texRes = 128.0
30.6113 	EXP 	noPeriphery: texRes = 128.0
30.8024 	EXP 	hasPeriphery: texRes = 128.0
30.8024 	EXP 	noPeriphery: texRes = 128.0
31.0135 	EXP 	hasPeriphery: texRes = 128.0
31.0135 	EXP 	noPeriphery: texRes = 128.0
31.2381 	EXP 	hasPeriphery: texRes = 128.0
31.2381 	EXP 	noPeriphery: texRes = 128.0
31.4293 	EXP 	hasPeriphery: texRes = 128.0
31.4293 	EXP 	noPeriphery: texRes = 128.0
31.6254 	EXP 	hasPeriphery: texRes = 128.0
31.6254 	EXP 	noPeriphery: texRes = 128.0
31.8250 	EXP 	hasPeriphery: texRes = 128.0
31.8250 	EXP 	noPeriphery: texRes = 128.0
32.0149 	EXP 	hasPeriphery: texRes = 128.0
32.0149 	EXP 	noPeriphery: texRes = 128.0
32.2382 	EXP 	hasPeriphery: texRes = 128.0
32.2382 	EXP 	noPeriphery: texRes = 128.0
32.4427 	EXP 	hasPeriphery: texRes = 128.0
32.4427 	EXP 	noPeriphery: texRes = 128.0
32.6520 	EXP 	hasPeriphery: texRes = 128.0
32.6520 	EXP 	noPeriphery: texRes = 128.0
32.8399 	EXP 	hasPeriphery: texRes = 128.0
32.8399 	EXP 	noPeriphery: texRes = 128.0
33.0516 	EXP 	hasPeriphery: texRes = 128.0
33.0516 	EXP 	noPeriphery: texRes = 128.0
33.2520 	EXP 	hasPeriphery: texRes = 128.0
33.2520 	EXP 	noPeriphery: texRes = 128.0
33.4537 	EXP 	hasPeriphery: texRes = 128.0
33.4537 	EXP 	noPeriphery: texRes = 128.0
33.6661 	EXP 	hasPeriphery: texRes = 128.0
33.6661 	EXP 	noPeriphery: texRes = 128.0
33.8663 	EXP 	hasPeriphery: texRes = 128.0
33.8663 	EXP 	noPeriphery: texRes = 128.0
34.0917 	EXP 	hasPeriphery: texRes = 128.0
34.0917 	EXP 	noPeriphery: texRes = 128.0
34.3052 	EXP 	hasPeriphery: texRes = 128.0
34.3052 	EXP 	noPeriphery: texRes = 128.0
34.4917 	EXP 	hasPeriphery: texRes = 128.0
34.4917 	EXP 	noPeriphery: texRes = 128.0
34.6937 	EXP 	hasPeriphery: texRes = 128.0
34.6937 	EXP 	noPeriphery: texRes = 128.0
34.8924 	EXP 	hasPeriphery: texRes = 128.0
34.8924 	EXP 	noPeriphery: texRes = 128.0
35.1002 	EXP 	hasPeriphery: texRes = 128.0
35.1002 	EXP 	noPeriphery: texRes = 128.0
35.2918 	EXP 	hasPeriphery: texRes = 128.0
35.2918 	EXP 	noPeriphery: texRes = 128.0
35.4921 	EXP 	hasPeriphery: texRes = 128.0
35.4921 	EXP 	noPeriphery: texRes = 128.0
35.6876 	EXP 	hasPeriphery: texRes = 128.0
35.6876 	EXP 	noPeriphery: texRes = 128.0
35.8655 	EXP 	hasPeriphery: texRes = 128.0
35.8655 	EXP 	noPeriphery: texRes = 128.0
36.0394 	EXP 	hasPeriphery: texRes = 128.0
36.0394 	EXP 	noPeriphery: texRes = 128.0
36.2466 	EXP 	hasPeriphery: texRes = 128.0
36.2466 	EXP 	noPeriphery: texRes = 128.0
36.2466 	EXP 	blank_screen: autoDraw = True
36.5063 	EXP 	hasPeriphery: texRes = 128.0
36.5063 	EXP 	noPeriphery: texRes = 128.0
36.5063 	EXP 	final: autoDraw = True
36.5063 	EXP 	final: texRes = 128.0
36.7470 	EXP 	hasPeriphery: texRes = 128.0
36.7470 	EXP 	noPeriphery: texRes = 128.0
36.7470 	EXP 	final: texRes = 128.0
36.7470 	EXP 	blank_screen: autoDraw = False
37.0120 	EXP 	hasPeriphery: texRes = 128.0
37.0120 	EXP 	noPeriphery: texRes = 128.0
37.0120 	EXP 	final: texRes = 128.0
37.2270 	EXP 	hasPeriphery: texRes = 128.0
37.2270 	EXP 	noPeriphery: texRes = 128.0
37.2270 	EXP 	final: texRes = 128.0
37.4921 	EXP 	hasPeriphery: texRes = 128.0
37.4921 	EXP 	noPeriphery: texRes = 128.0
37.4921 	EXP 	final: texRes = 128.0
37.7463 	EXP 	hasPeriphery: texRes = 128.0
37.7463 	EXP 	noPeriphery: texRes = 128.0
37.7463 	EXP 	final: texRes = 128.0
37.9993 	EXP 	hasPeriphery: texRes = 128.0
37.9993 	EXP 	noPeriphery: texRes = 128.0
37.9993 	EXP 	final: texRes = 128.0
37.9993 	EXP 	blank_screen: autoDraw = True
38.2594 	EXP 	hasPeriphery: texRes = 128.0
38.2594 	EXP 	noPeriphery: texRes = 128.0
38.2594 	EXP 	final: texRes = 128.0
38.5067 	EXP 	hasPeriphery: texRes = 128.0
38.5067 	EXP 	noPeriphery: texRes = 128.0
38.5067 	EXP 	final: texRes = 128.0
38.5067 	EXP 	blank_screen: autoDraw = False
38.7721 	EXP 	hasPeriphery: texRes = 128.0
38.7721 	EXP 	noPeriphery: texRes = 128.0
38.7721 	EXP 	final: texRes = 128.0
39.0390 	EXP 	hasPeriphery: texRes = 128.0
39.0390 	EXP 	noPeriphery: texRes = 128.0
39.0390 	EXP 	final: texRes = 128.0
39.2941 	EXP 	hasPeriphery: texRes = 128.0
39.2941 	EXP 	noPeriphery: texRes = 128.0
39.2941 	EXP 	final: texRes = 128.0
39.5324 	EXP 	hasPeriphery: texRes = 128.0
39.5324 	EXP 	noPeriphery: texRes = 128.0
39.5324 	EXP 	final: texRes = 128.0
39.6122 	EXP 	hasPeriphery: autoDraw = False
39.6122 	EXP 	noPeriphery: autoDraw = False
39.6122 	EXP 	final: texRes = 128.0
39.6922 	EXP 	final: texRes = 128.0
39.7722 	EXP 	final: texRes = 128.0
39.8524 	EXP 	final: texRes = 128.0
39.9327 	EXP 	final: texRes = 128.0
40.0122 	EXP 	final: texRes = 128.0
40.0948 	EXP 	final: texRes = 128.0
40.1856 	EXP 	final: texRes = 128.0
40.2657 	EXP 	final: texRes = 128.0
40.3595 	EXP 	final: texRes = 128.0
40.4430 	EXP 	final: texRes = 128.0
40.5324 	EXP 	final: texRes = 128.0
40.6123 	EXP 	final: texRes = 128.0
40.6923 	EXP 	final: texRes = 128.0
40.7726 	EXP 	final: texRes = 128.0
40.8628 	EXP 	final: texRes = 128.0
40.9148 	DATA 	Keypress: space
40.9498 	EXP 	final: texRes = 128.0
40.9992 	EXP 	New trial (rep=0, index=2): {'startImage': 'C:\\Users\\hesselmann\\Desktop\\PsychoPyUniformityIllusion\\UniformityIllusionPsychoPy\\Pics\\1start.png', 'midImage': 'C:\\Users\\hesselmann\\Desktop\\PsychoPyUniformityIllusion\\UniformityIllusionPsychoPy\\Pics\\1a.png', 'endImage': 'C:\\Users\\hesselmann\\Desktop\\PsychoPyUniformityIllusion\\UniformityIllusionPsychoPy\\Pics\\1a.png', 'AB': 'a'}
41.3591 	EXP 	final: texRes = 128.0
41.3591 	EXP 	hasPeriphery: autoDraw = False
41.3591 	EXP 	noPeriphery: autoDraw = False
41.3591 	EXP 	final: autoDraw = False
41.3591 	EXP 	blank_screen: autoDraw = False
41.3591 	EXP 	text: autoDraw = False
41.3591 	EXP 	hasPeriphery: size = array([1.77777778, 1.        ])
41.3591 	EXP 	hasPeriphery: image = 'C:\\Users\\hesselmann\\Desktop\\PsychoPyUniformityIllusion\\UniformityIllusionPsychoPy\\Pics\\1a.png'
41.3591 	EXP 	noPeriphery: size = array([1.77777778, 1.        ])
41.3591 	EXP 	noPeriphery: image = 'C:\\Users\\hesselmann\\Desktop\\PsychoPyUniformityIllusion\\UniformityIllusionPsychoPy\\Pics\\1start.png'
41.3591 	EXP 	final: size = array([1.77777778, 1.        ])
41.3591 	EXP 	final: image = 'C:\\Users\\hesselmann\\Desktop\\PsychoPyUniformityIllusion\\UniformityIllusionPsychoPy\\Pics\\1a.png'
41.3591 	EXP 	hasPeriphery: autoDraw = True
41.3591 	EXP 	hasPeriphery: texRes = 128.0
41.3591 	EXP 	noPeriphery: autoDraw = True
41.3591 	EXP 	noPeriphery: texRes = 128.0
41.3591 	EXP 	text: autoDraw = True
41.5207 	EXP 	hasPeriphery: texRes = 128.0
41.5207 	EXP 	noPeriphery: texRes = 128.0
41.7725 	EXP 	hasPeriphery: texRes = 128.0
41.7725 	EXP 	noPeriphery: texRes = 128.0
41.9877 	EXP 	hasPeriphery: texRes = 128.0
41.9877 	EXP 	noPeriphery: texRes = 128.0
42.2166 	EXP 	hasPeriphery: texRes = 128.0
42.2166 	EXP 	noPeriphery: texRes = 128.0
42.4392 	EXP 	hasPeriphery: texRes = 128.0
42.4392 	EXP 	noPeriphery: texRes = 128.0
42.6530 	EXP 	hasPeriphery: texRes = 128.0
42.6530 	EXP 	noPeriphery: texRes = 128.0
42.8676 	EXP 	hasPeriphery: texRes = 128.0
42.8676 	EXP 	noPeriphery: texRes = 128.0
43.0977 	EXP 	hasPeriphery: texRes = 128.0
43.0977 	EXP 	noPeriphery: texRes = 128.0
43.3070 	EXP 	hasPeriphery: texRes = 128.0
43.3070 	EXP 	noPeriphery: texRes = 128.0
43.5196 	EXP 	hasPeriphery: texRes = 128.0
43.5196 	EXP 	noPeriphery: texRes = 128.0
43.7061 	EXP 	hasPeriphery: texRes = 128.0
43.7061 	EXP 	noPeriphery: texRes = 128.0
43.9235 	EXP 	hasPeriphery: texRes = 128.0
43.9235 	EXP 	noPeriphery: texRes = 128.0
44.0809 	EXP 	hasPeriphery: texRes = 128.0
44.0809 	EXP 	noPeriphery: texRes = 128.0
44.3145 	EXP 	hasPeriphery: texRes = 128.0
44.3145 	EXP 	noPeriphery: texRes = 128.0
44.5484 	EXP 	hasPeriphery: texRes = 128.0
44.5484 	EXP 	noPeriphery: texRes = 128.0
44.7728 	EXP 	hasPeriphery: texRes = 128.0
44.7728 	EXP 	noPeriphery: texRes = 128.0
45.0271 	EXP 	hasPeriphery: texRes = 128.0
45.0271 	EXP 	noPeriphery: texRes = 128.0
45.2399 	EXP 	hasPeriphery: texRes = 128.0
45.2399 	EXP 	noPeriphery: texRes = 128.0
45.4527 	EXP 	hasPeriphery: texRes = 128.0
45.4527 	EXP 	noPeriphery: texRes = 128.0
45.6691 	EXP 	hasPeriphery: texRes = 128.0
45.6691 	EXP 	noPeriphery: texRes = 128.0
45.8930 	EXP 	hasPeriphery: texRes = 128.0
45.8930 	EXP 	noPeriphery: texRes = 128.0
45.8930 	EXP 	blank_screen: autoDraw = True
46.1875 	EXP 	hasPeriphery: texRes = 128.0
46.1875 	EXP 	noPeriphery: texRes = 128.0
46.1875 	EXP 	final: autoDraw = True
46.1875 	EXP 	final: texRes = 128.0
46.5089 	EXP 	hasPeriphery: texRes = 128.0
46.5089 	EXP 	noPeriphery: texRes = 128.0
46.5089 	EXP 	final: texRes = 128.0
46.5089 	EXP 	blank_screen: autoDraw = False
46.7879 	EXP 	hasPeriphery: texRes = 128.0
46.7879 	EXP 	noPeriphery: texRes = 128.0
46.7879 	EXP 	final: texRes = 128.0
47.0646 	EXP 	hasPeriphery: texRes = 128.0
47.0646 	EXP 	noPeriphery: texRes = 128.0
47.0646 	EXP 	final: texRes = 128.0
47.2767 	EXP 	New trial (rep=0, index=3): {'startImage': 'C:\\Users\\hesselmann\\Desktop\\PsychoPyUniformityIllusion\\UniformityIllusionPsychoPy\\Pics\\3start.png', 'midImage': 'C:\\Users\\hesselmann\\Desktop\\PsychoPyUniformityIllusion\\UniformityIllusionPsychoPy\\Pics\\3a.png', 'endImage': 'C:\\Users\\hesselmann\\Desktop\\PsychoPyUniformityIllusion\\UniformityIllusionPsychoPy\\Pics\\3b.png', 'AB': 'b'}
47.5119 	DATA 	Keypress: space
47.5597 	EXP 	hasPeriphery: texRes = 128.0
47.5597 	EXP 	noPeriphery: texRes = 128.0
47.5597 	EXP 	final: texRes = 128.0
47.5597 	EXP 	hasPeriphery: autoDraw = False
47.5597 	EXP 	noPeriphery: autoDraw = False
47.5597 	EXP 	final: autoDraw = False
47.5597 	EXP 	blank_screen: autoDraw = False
47.5597 	EXP 	text: autoDraw = False
47.5597 	EXP 	hasPeriphery: size = array([1.77777778, 1.        ])
47.5597 	EXP 	hasPeriphery: image = 'C:\\Users\\hesselmann\\Desktop\\PsychoPyUniformityIllusion\\UniformityIllusionPsychoPy\\Pics\\3a.png'
47.5597 	EXP 	noPeriphery: size = array([1.77777778, 1.        ])
47.5597 	EXP 	noPeriphery: image = 'C:\\Users\\hesselmann\\Desktop\\PsychoPyUniformityIllusion\\UniformityIllusionPsychoPy\\Pics\\3start.png'
47.5597 	EXP 	final: size = array([1.77777778, 1.        ])
47.5597 	EXP 	final: image = 'C:\\Users\\hesselmann\\Desktop\\PsychoPyUniformityIllusion\\UniformityIllusionPsychoPy\\Pics\\3b.png'
47.5597 	EXP 	hasPeriphery: autoDraw = True
47.5597 	EXP 	hasPeriphery: texRes = 128.0
47.5597 	EXP 	noPeriphery: autoDraw = True
47.5597 	EXP 	noPeriphery: texRes = 128.0
47.5597 	EXP 	text: autoDraw = True
47.7066 	EXP 	hasPeriphery: texRes = 128.0
47.7066 	EXP 	noPeriphery: texRes = 128.0
47.9096 	EXP 	hasPeriphery: texRes = 128.0
47.9096 	EXP 	noPeriphery: texRes = 128.0
48.0797 	EXP 	hasPeriphery: texRes = 128.0
48.0797 	EXP 	noPeriphery: texRes = 128.0
48.2799 	EXP 	hasPeriphery: texRes = 128.0
48.2799 	EXP 	noPeriphery: texRes = 128.0
48.4602 	EXP 	hasPeriphery: texRes = 128.0
48.4602 	EXP 	noPeriphery: texRes = 128.0
48.6472 	EXP 	hasPeriphery: texRes = 128.0
48.6472 	EXP 	noPeriphery: texRes = 128.0
48.8399 	EXP 	hasPeriphery: texRes = 128.0
48.8399 	EXP 	noPeriphery: texRes = 128.0
49.0434 	EXP 	hasPeriphery: texRes = 128.0
49.0434 	EXP 	noPeriphery: texRes = 128.0
49.1760 	EXP 	New trial (rep=0, index=4): {'startImage': 'C:\\Users\\hesselmann\\Desktop\\PsychoPyUniformityIllusion\\UniformityIllusionPsychoPy\\Pics\\1start.png', 'midImage': 'C:\\Users\\hesselmann\\Desktop\\PsychoPyUniformityIllusion\\UniformityIllusionPsychoPy\\Pics\\1a.png', 'endImage': 'C:\\Users\\hesselmann\\Desktop\\PsychoPyUniformityIllusion\\UniformityIllusionPsychoPy\\Pics\\1b.png', 'AB': 'b'}
49.4519 	EXP 	New trial (rep=0, index=5): {'startImage': 'C:\\Users\\hesselmann\\Desktop\\PsychoPyUniformityIllusion\\UniformityIllusionPsychoPy\\Pics\\2start.png', 'midImage': 'C:\\Users\\hesselmann\\Desktop\\PsychoPyUniformityIllusion\\UniformityIllusionPsychoPy\\Pics\\2a.png', 'endImage': 'C:\\Users\\hesselmann\\Desktop\\PsychoPyUniformityIllusion\\UniformityIllusionPsychoPy\\Pics\\2b.png', 'AB': 'b'}
49.7250 	EXP 	hasPeriphery: texRes = 128.0
49.7250 	EXP 	noPeriphery: texRes = 128.0
49.7250 	EXP 	hasPeriphery: autoDraw = False
49.7250 	EXP 	noPeriphery: autoDraw = False
49.7250 	EXP 	final: autoDraw = False
49.7250 	EXP 	blank_screen: autoDraw = False
49.7250 	EXP 	text: autoDraw = False
49.7250 	EXP 	hasPeriphery: size = array([1.77777778, 1.        ])
49.7250 	EXP 	hasPeriphery: image = 'C:\\Users\\hesselmann\\Desktop\\PsychoPyUniformityIllusion\\UniformityIllusionPsychoPy\\Pics\\1a.png'
49.7250 	EXP 	noPeriphery: size = array([1.77777778, 1.        ])
49.7250 	EXP 	noPeriphery: image = 'C:\\Users\\hesselmann\\Desktop\\PsychoPyUniformityIllusion\\UniformityIllusionPsychoPy\\Pics\\1start.png'
49.7250 	EXP 	final: size = array([1.77777778, 1.        ])
49.7250 	EXP 	final: image = 'C:\\Users\\hesselmann\\Desktop\\PsychoPyUniformityIllusion\\UniformityIllusionPsychoPy\\Pics\\1b.png'
49.7250 	EXP 	hasPeriphery: autoDraw = True
49.7250 	EXP 	hasPeriphery: texRes = 128.0
49.7250 	EXP 	noPeriphery: autoDraw = True
49.7250 	EXP 	noPeriphery: texRes = 128.0
49.7250 	EXP 	text: autoDraw = True
49.7250 	EXP 	hasPeriphery: autoDraw = False
49.7250 	EXP 	noPeriphery: autoDraw = False
49.7250 	EXP 	final: autoDraw = False
49.7250 	EXP 	blank_screen: autoDraw = False
49.7250 	EXP 	text: autoDraw = False
49.7250 	EXP 	hasPeriphery: size = array([1.77777778, 1.        ])
49.7250 	EXP 	hasPeriphery: image = 'C:\\Users\\hesselmann\\Desktop\\PsychoPyUniformityIllusion\\UniformityIllusionPsychoPy\\Pics\\2a.png'
49.7250 	EXP 	noPeriphery: size = array([1.77777778, 1.        ])
49.7250 	EXP 	noPeriphery: image = 'C:\\Users\\hesselmann\\Desktop\\PsychoPyUniformityIllusion\\UniformityIllusionPsychoPy\\Pics\\2start.png'
49.7250 	EXP 	final: size = array([1.77777778, 1.        ])
49.7250 	EXP 	final: image = 'C:\\Users\\hesselmann\\Desktop\\PsychoPyUniformityIllusion\\UniformityIllusionPsychoPy\\Pics\\2b.png'
49.7250 	EXP 	hasPeriphery: autoDraw = True
49.7250 	EXP 	hasPeriphery: texRes = 128.0
49.7250 	EXP 	noPeriphery: autoDraw = True
49.7250 	EXP 	noPeriphery: texRes = 128.0
49.7250 	EXP 	text: autoDraw = True
49.8612 	EXP 	hasPeriphery: texRes = 128.0
49.8612 	EXP 	noPeriphery: texRes = 128.0
50.0007 	EXP 	hasPeriphery: texRes = 128.0
50.0007 	EXP 	noPeriphery: texRes = 128.0
50.0007 	EXP 	hasPeriphery: autoDraw = False
50.0007 	EXP 	noPeriphery: autoDraw = False
50.0007 	EXP 	final: autoDraw = False
50.0007 	EXP 	blank_screen: autoDraw = False
50.0007 	EXP 	text: autoDraw = False
50.0007 	EXP 	WelcomeText: autoDraw = True
52.0201 	EXP 	Imported picPaths.xlsx as conditions, 24 conditions, 4 params
52.0205 	EXP 	Created sequence: random, trialTypes=24, nReps=1, seed=None
52.0209 	EXP 	New trial (rep=0, index=0): {'startImage': 'C:\\Users\\hesselmann\\Desktop\\PsychoPyUniformityIllusion\\UniformityIllusionPsychoPy\\Pics\\13start.png', 'midImage': 'C:\\Users\\hesselmann\\Desktop\\PsychoPyUniformityIllusion\\UniformityIllusionPsychoPy\\Pics\\13a.png', 'endImage': 'C:\\Users\\hesselmann\\Desktop\\PsychoPyUniformityIllusion\\UniformityIllusionPsychoPy\\Pics\\13b.png', 'AB': None}
52.4255 	EXP 	New trial (rep=0, index=1): {'startImage': 'C:\\Users\\hesselmann\\Desktop\\PsychoPyUniformityIllusion\\UniformityIllusionPsychoPy\\Pics\\5start.png', 'midImage': 'C:\\Users\\hesselmann\\Desktop\\PsychoPyUniformityIllusion\\UniformityIllusionPsychoPy\\Pics\\5a.png', 'endImage': 'C:\\Users\\hesselmann\\Desktop\\PsychoPyUniformityIllusion\\UniformityIllusionPsychoPy\\Pics\\5b.png', 'AB': 'b'}
52.8288 	EXP 	WelcomeText: autoDraw = False
52.8288 	EXP 	hasPeriphery: size = array([1.77777778, 1.        ])
52.8288 	EXP 	hasPeriphery: image = 'C:\\Users\\hesselmann\\Desktop\\PsychoPyUniformityIllusion\\UniformityIllusionPsychoPy\\Pics\\13a.png'
52.8288 	EXP 	noPeriphery: size = array([1.77777778, 1.        ])
52.8288 	EXP 	noPeriphery: image = 'C:\\Users\\hesselmann\\Desktop\\PsychoPyUniformityIllusion\\UniformityIllusionPsychoPy\\Pics\\13start.png'
52.8288 	EXP 	final: size = array([1.77777778, 1.        ])
52.8288 	EXP 	final: image = 'C:\\Users\\hesselmann\\Desktop\\PsychoPyUniformityIllusion\\UniformityIllusionPsychoPy\\Pics\\13b.png'
52.8288 	EXP 	hasPeriphery: autoDraw = True
52.8288 	EXP 	hasPeriphery: texRes = 128.0
52.8288 	EXP 	noPeriphery: autoDraw = True
52.8288 	EXP 	noPeriphery: texRes = 128.0
52.8288 	EXP 	text: autoDraw = True
52.8288 	EXP 	hasPeriphery: autoDraw = False
52.8288 	EXP 	noPeriphery: autoDraw = False
52.8288 	EXP 	final: autoDraw = False
52.8288 	EXP 	blank_screen: autoDraw = False
52.8288 	EXP 	text: autoDraw = False
52.8288 	EXP 	hasPeriphery: size = array([1.77777778, 1.        ])
52.8288 	EXP 	hasPeriphery: image = 'C:\\Users\\hesselmann\\Desktop\\PsychoPyUniformityIllusion\\UniformityIllusionPsychoPy\\Pics\\5a.png'
52.8288 	EXP 	noPeriphery: size = array([1.77777778, 1.        ])
52.8288 	EXP 	noPeriphery: image = 'C:\\Users\\hesselmann\\Desktop\\PsychoPyUniformityIllusion\\UniformityIllusionPsychoPy\\Pics\\5start.png'
52.8288 	EXP 	final: size = array([1.77777778, 1.        ])
52.8288 	EXP 	final: image = 'C:\\Users\\hesselmann\\Desktop\\PsychoPyUniformityIllusion\\UniformityIllusionPsychoPy\\Pics\\5b.png'
52.8288 	EXP 	hasPeriphery: autoDraw = True
52.8288 	EXP 	hasPeriphery: texRes = 128.0
52.8288 	EXP 	noPeriphery: autoDraw = True
52.8288 	EXP 	noPeriphery: texRes = 128.0
52.8288 	EXP 	text: autoDraw = True
53.0282 	EXP 	hasPeriphery: texRes = 128.0
53.0282 	EXP 	noPeriphery: texRes = 128.0
53.2535 	EXP 	hasPeriphery: texRes = 128.0
53.2535 	EXP 	noPeriphery: texRes = 128.0
53.4669 	EXP 	hasPeriphery: texRes = 128.0
53.4669 	EXP 	noPeriphery: texRes = 128.0
53.7098 	EXP 	hasPeriphery: texRes = 128.0
53.7098 	EXP 	noPeriphery: texRes = 128.0
53.9432 	EXP 	hasPeriphery: texRes = 128.0
53.9432 	EXP 	noPeriphery: texRes = 128.0
54.1892 	EXP 	hasPeriphery: texRes = 128.0
54.1892 	EXP 	noPeriphery: texRes = 128.0
54.4175 	EXP 	hasPeriphery: texRes = 128.0
54.4175 	EXP 	noPeriphery: texRes = 128.0
54.6538 	EXP 	hasPeriphery: texRes = 128.0
54.6538 	EXP 	noPeriphery: texRes = 128.0
54.8864 	EXP 	hasPeriphery: texRes = 128.0
54.8864 	EXP 	noPeriphery: texRes = 128.0
55.1275 	EXP 	hasPeriphery: texRes = 128.0
55.1275 	EXP 	noPeriphery: texRes = 128.0
55.3605 	EXP 	hasPeriphery: texRes = 128.0
55.3605 	EXP 	noPeriphery: texRes = 128.0
55.5898 	EXP 	hasPeriphery: texRes = 128.0
55.5898 	EXP 	noPeriphery: texRes = 128.0
55.8234 	EXP 	hasPeriphery: texRes = 128.0
55.8234 	EXP 	noPeriphery: texRes = 128.0
56.0750 	EXP 	hasPeriphery: texRes = 128.0
56.0750 	EXP 	noPeriphery: texRes = 128.0
56.3076 	EXP 	hasPeriphery: texRes = 128.0
56.3076 	EXP 	noPeriphery: texRes = 128.0
56.5403 	EXP 	hasPeriphery: texRes = 128.0
56.5403 	EXP 	noPeriphery: texRes = 128.0
56.7664 	EXP 	hasPeriphery: texRes = 128.0
56.7664 	EXP 	noPeriphery: texRes = 128.0
57.0008 	EXP 	hasPeriphery: texRes = 128.0
57.0008 	EXP 	noPeriphery: texRes = 128.0
57.2564 	EXP 	hasPeriphery: texRes = 128.0
57.2564 	EXP 	noPeriphery: texRes = 128.0
57.4483 	EXP 	New trial (rep=0, index=2): {'startImage': 'C:\\Users\\hesselmann\\Desktop\\PsychoPyUniformityIllusion\\UniformityIllusionPsychoPy\\Pics\\6start.png', 'midImage': 'C:\\Users\\hesselmann\\Desktop\\PsychoPyUniformityIllusion\\UniformityIllusionPsychoPy\\Pics\\6a.png', 'endImage': 'C:\\Users\\hesselmann\\Desktop\\PsychoPyUniformityIllusion\\UniformityIllusionPsychoPy\\Pics\\6a.png', 'AB': 'a'}
57.7705 	EXP 	New trial (rep=0, index=3): {'startImage': 'C:\\Users\\hesselmann\\Desktop\\PsychoPyUniformityIllusion\\UniformityIllusionPsychoPy\\Pics\\9start.png', 'midImage': 'C:\\Users\\hesselmann\\Desktop\\PsychoPyUniformityIllusion\\UniformityIllusionPsychoPy\\Pics\\9a.png', 'endImage': 'C:\\Users\\hesselmann\\Desktop\\PsychoPyUniformityIllusion\\UniformityIllusionPsychoPy\\Pics\\9a.png', 'AB': None}
58.1215 	EXP 	hasPeriphery: texRes = 128.0
58.1215 	EXP 	noPeriphery: texRes = 128.0
58.1215 	EXP 	hasPeriphery: autoDraw = False
58.1215 	EXP 	noPeriphery: autoDraw = False
58.1215 	EXP 	final: autoDraw = False
58.1215 	EXP 	blank_screen: autoDraw = False
58.1215 	EXP 	text: autoDraw = False
58.1215 	EXP 	hasPeriphery: size = array([1.77777778, 1.        ])
58.1215 	EXP 	hasPeriphery: image = 'C:\\Users\\hesselmann\\Desktop\\PsychoPyUniformityIllusion\\UniformityIllusionPsychoPy\\Pics\\6a.png'
58.1215 	EXP 	noPeriphery: size = array([1.77777778, 1.        ])
58.1215 	EXP 	noPeriphery: image = 'C:\\Users\\hesselmann\\Desktop\\PsychoPyUniformityIllusion\\UniformityIllusionPsychoPy\\Pics\\6start.png'
58.1215 	EXP 	final: size = array([1.77777778, 1.        ])
58.1215 	EXP 	final: image = 'C:\\Users\\hesselmann\\Desktop\\PsychoPyUniformityIllusion\\UniformityIllusionPsychoPy\\Pics\\6a.png'
58.1215 	EXP 	hasPeriphery: autoDraw = True
58.1215 	EXP 	hasPeriphery: texRes = 128.0
58.1215 	EXP 	noPeriphery: autoDraw = True
58.1215 	EXP 	noPeriphery: texRes = 128.0
58.1215 	EXP 	text: autoDraw = True
58.1215 	EXP 	hasPeriphery: autoDraw = False
58.1215 	EXP 	noPeriphery: autoDraw = False
58.1215 	EXP 	final: autoDraw = False
58.1215 	EXP 	blank_screen: autoDraw = False
58.1215 	EXP 	text: autoDraw = False
58.1215 	EXP 	hasPeriphery: size = array([1.77777778, 1.        ])
58.1215 	EXP 	hasPeriphery: image = 'C:\\Users\\hesselmann\\Desktop\\PsychoPyUniformityIllusion\\UniformityIllusionPsychoPy\\Pics\\9a.png'
58.1215 	EXP 	noPeriphery: size = array([1.77777778, 1.        ])
58.1215 	EXP 	noPeriphery: image = 'C:\\Users\\hesselmann\\Desktop\\PsychoPyUniformityIllusion\\UniformityIllusionPsychoPy\\Pics\\9start.png'
58.1215 	EXP 	final: size = array([1.77777778, 1.        ])
58.1215 	EXP 	final: image = 'C:\\Users\\hesselmann\\Desktop\\PsychoPyUniformityIllusion\\UniformityIllusionPsychoPy\\Pics\\9a.png'
58.1215 	EXP 	hasPeriphery: autoDraw = True
58.1215 	EXP 	hasPeriphery: texRes = 128.0
58.1215 	EXP 	noPeriphery: autoDraw = True
58.1215 	EXP 	noPeriphery: texRes = 128.0
58.1215 	EXP 	text: autoDraw = True
58.2962 	EXP 	hasPeriphery: texRes = 128.0
58.2962 	EXP 	noPeriphery: texRes = 128.0
58.4941 	EXP 	hasPeriphery: texRes = 128.0
58.4941 	EXP 	noPeriphery: texRes = 128.0
58.6714 	EXP 	hasPeriphery: texRes = 128.0
58.6714 	EXP 	noPeriphery: texRes = 128.0
58.8676 	EXP 	hasPeriphery: texRes = 128.0
58.8676 	EXP 	noPeriphery: texRes = 128.0
59.0858 	EXP 	hasPeriphery: texRes = 128.0
59.0858 	EXP 	noPeriphery: texRes = 128.0
59.2226 	EXP 	New trial (rep=0, index=4): {'startImage': 'C:\\Users\\hesselmann\\Desktop\\PsychoPyUniformityIllusion\\UniformityIllusionPsychoPy\\Pics\\14start.png', 'midImage': 'C:\\Users\\hesselmann\\Desktop\\PsychoPyUniformityIllusion\\UniformityIllusionPsychoPy\\Pics\\14a.png', 'endImage': 'C:\\Users\\hesselmann\\Desktop\\PsychoPyUniformityIllusion\\UniformityIllusionPsychoPy\\Pics\\14a.png', 'AB': None}
59.5727 	EXP 	New trial (rep=0, index=5): {'startImage': 'C:\\Users\\hesselmann\\Desktop\\PsychoPyUniformityIllusion\\UniformityIllusionPsychoPy\\Pics\\14start.png', 'midImage': 'C:\\Users\\hesselmann\\Desktop\\PsychoPyUniformityIllusion\\UniformityIllusionPsychoPy\\Pics\\14a.png', 'endImage': 'C:\\Users\\hesselmann\\Desktop\\PsychoPyUniformityIllusion\\UniformityIllusionPsychoPy\\Pics\\14b.png', 'AB': None}
59.9367 	EXP 	New trial (rep=0, index=6): {'startImage': 'C:\\Users\\hesselmann\\Desktop\\PsychoPyUniformityIllusion\\UniformityIllusionPsychoPy\\Pics\\11start.png', 'midImage': 'C:\\Users\\hesselmann\\Desktop\\PsychoPyUniformityIllusion\\UniformityIllusionPsychoPy\\Pics\\11a.png', 'endImage': 'C:\\Users\\hesselmann\\Desktop\\PsychoPyUniformityIllusion\\UniformityIllusionPsychoPy\\Pics\\11b.png', 'AB': None}
60.3384 	EXP 	New trial (rep=0, index=7): {'startImage': 'C:\\Users\\hesselmann\\Desktop\\PsychoPyUniformityIllusion\\UniformityIllusionPsychoPy\\Pics\\8start.png', 'midImage': 'C:\\Users\\hesselmann\\Desktop\\PsychoPyUniformityIllusion\\UniformityIllusionPsychoPy\\Pics\\8a.png', 'endImage': 'C:\\Users\\hesselmann\\Desktop\\PsychoPyUniformityIllusion\\UniformityIllusionPsychoPy\\Pics\\8a.png', 'AB': None}
60.7439 	EXP 	hasPeriphery: texRes = 128.0
60.7439 	EXP 	noPeriphery: texRes = 128.0
60.7439 	EXP 	hasPeriphery: autoDraw = False
60.7439 	EXP 	noPeriphery: autoDraw = False
60.7439 	EXP 	final: autoDraw = False
60.7439 	EXP 	blank_screen: autoDraw = False
60.7439 	EXP 	text: autoDraw = False
60.7439 	EXP 	hasPeriphery: size = array([1.77777778, 1.        ])
60.7439 	EXP 	hasPeriphery: image = 'C:\\Users\\hesselmann\\Desktop\\PsychoPyUniformityIllusion\\UniformityIllusionPsychoPy\\Pics\\14a.png'
60.7439 	EXP 	noPeriphery: size = array([1.77777778, 1.        ])
60.7439 	EXP 	noPeriphery: image = 'C:\\Users\\hesselmann\\Desktop\\PsychoPyUniformityIllusion\\UniformityIllusionPsychoPy\\Pics\\14start.png'
60.7439 	EXP 	final: size = array([1.77777778, 1.        ])
60.7439 	EXP 	final: image = 'C:\\Users\\hesselmann\\Desktop\\PsychoPyUniformityIllusion\\UniformityIllusionPsychoPy\\Pics\\14a.png'
60.7439 	EXP 	hasPeriphery: autoDraw = True
60.7439 	EXP 	hasPeriphery: texRes = 128.0
60.7439 	EXP 	noPeriphery: autoDraw = True
60.7439 	EXP 	noPeriphery: texRes = 128.0
60.7439 	EXP 	text: autoDraw = True
60.7439 	EXP 	hasPeriphery: autoDraw = False
60.7439 	EXP 	noPeriphery: autoDraw = False
60.7439 	EXP 	final: autoDraw = False
60.7439 	EXP 	blank_screen: autoDraw = False
60.7439 	EXP 	text: autoDraw = False
60.7439 	EXP 	hasPeriphery: size = array([1.77777778, 1.        ])
60.7439 	EXP 	hasPeriphery: image = 'C:\\Users\\hesselmann\\Desktop\\PsychoPyUniformityIllusion\\UniformityIllusionPsychoPy\\Pics\\14a.png'
60.7439 	EXP 	noPeriphery: size = array([1.77777778, 1.        ])
60.7439 	EXP 	noPeriphery: image = 'C:\\Users\\hesselmann\\Desktop\\PsychoPyUniformityIllusion\\UniformityIllusionPsychoPy\\Pics\\14start.png'
60.7439 	EXP 	final: size = array([1.77777778, 1.        ])
60.7439 	EXP 	final: image = 'C:\\Users\\hesselmann\\Desktop\\PsychoPyUniformityIllusion\\UniformityIllusionPsychoPy\\Pics\\14b.png'
60.7439 	EXP 	hasPeriphery: autoDraw = True
60.7439 	EXP 	hasPeriphery: texRes = 128.0
60.7439 	EXP 	noPeriphery: autoDraw = True
60.7439 	EXP 	noPeriphery: texRes = 128.0
60.7439 	EXP 	text: autoDraw = True
60.7439 	EXP 	hasPeriphery: autoDraw = False
60.7439 	EXP 	noPeriphery: autoDraw = False
60.7439 	EXP 	final: autoDraw = False
60.7439 	EXP 	blank_screen: autoDraw = False
60.7439 	EXP 	text: autoDraw = False
60.7439 	EXP 	hasPeriphery: size = array([1.77777778, 1.        ])
60.7439 	EXP 	hasPeriphery: image = 'C:\\Users\\hesselmann\\Desktop\\PsychoPyUniformityIllusion\\UniformityIllusionPsychoPy\\Pics\\11a.png'
60.7439 	EXP 	noPeriphery: size = array([1.77777778, 1.        ])
60.7439 	EXP 	noPeriphery: image = 'C:\\Users\\hesselmann\\Desktop\\PsychoPyUniformityIllusion\\UniformityIllusionPsychoPy\\Pics\\11start.png'
60.7439 	EXP 	final: size = array([1.77777778, 1.        ])
60.7439 	EXP 	final: image = 'C:\\Users\\hesselmann\\Desktop\\PsychoPyUniformityIllusion\\UniformityIllusionPsychoPy\\Pics\\11b.png'
60.7439 	EXP 	hasPeriphery: autoDraw = True
60.7439 	EXP 	hasPeriphery: texRes = 128.0
60.7439 	EXP 	noPeriphery: autoDraw = True
60.7439 	EXP 	noPeriphery: texRes = 128.0
60.7439 	EXP 	text: autoDraw = True
60.7439 	EXP 	hasPeriphery: autoDraw = False
60.7439 	EXP 	noPeriphery: autoDraw = False
60.7439 	EXP 	final: autoDraw = False
60.7439 	EXP 	blank_screen: autoDraw = False
60.7439 	EXP 	text: autoDraw = False
60.7439 	EXP 	hasPeriphery: size = array([1.77777778, 1.        ])
60.7439 	EXP 	hasPeriphery: image = 'C:\\Users\\hesselmann\\Desktop\\PsychoPyUniformityIllusion\\UniformityIllusionPsychoPy\\Pics\\8a.png'
60.7439 	EXP 	noPeriphery: size = array([1.77777778, 1.        ])
60.7439 	EXP 	noPeriphery: image = 'C:\\Users\\hesselmann\\Desktop\\PsychoPyUniformityIllusion\\UniformityIllusionPsychoPy\\Pics\\8start.png'
60.7439 	EXP 	final: size = array([1.77777778, 1.        ])
60.7439 	EXP 	final: image = 'C:\\Users\\hesselmann\\Desktop\\PsychoPyUniformityIllusion\\UniformityIllusionPsychoPy\\Pics\\8a.png'
60.7439 	EXP 	hasPeriphery: autoDraw = True
60.7439 	EXP 	hasPeriphery: texRes = 128.0
60.7439 	EXP 	noPeriphery: autoDraw = True
60.7439 	EXP 	noPeriphery: texRes = 128.0
60.7439 	EXP 	text: autoDraw = True
60.9414 	EXP 	hasPeriphery: texRes = 128.0
60.9414 	EXP 	noPeriphery: texRes = 128.0
61.1626 	EXP 	hasPeriphery: texRes = 128.0
61.1626 	EXP 	noPeriphery: texRes = 128.0
61.3755 	EXP 	hasPeriphery: texRes = 128.0
61.3755 	EXP 	noPeriphery: texRes = 128.0
61.6010 	EXP 	hasPeriphery: texRes = 128.0
61.6010 	EXP 	noPeriphery: texRes = 128.0
61.8158 	EXP 	hasPeriphery: texRes = 128.0
61.8158 	EXP 	noPeriphery: texRes = 128.0
61.9696 	EXP 	New trial (rep=0, index=8): {'startImage': 'C:\\Users\\hesselmann\\Desktop\\PsychoPyUniformityIllusion\\UniformityIllusionPsychoPy\\Pics\\12start.png', 'midImage': 'C:\\Users\\hesselmann\\Desktop\\PsychoPyUniformityIllusion\\UniformityIllusionPsychoPy\\Pics\\12bapng', 'endImage': 'C:\\Users\\hesselmann\\Desktop\\PsychoPyUniformityIllusion\\UniformityIllusionPsychoPy\\Pics\\12b.png', 'AB': None}
61.9703 	ERROR 	Couldn't find image C:\Users\hesselmann\Desktop\PsychoPyUniformityIllusion\UniformityIllusionPsychoPy\Pics\12bapng; check path? (tried: C:\Users\hesselmann\Desktop\PsychoPyUniformityIllusion\UniformityIllusionPsychoPy\Pics\12bapng)
62.2968 	EXP 	window1: mouseVisible = True
