1.3381 	WARNING 	We strongly recommend you activate the PTB sound engine in PsychoPy prefs as the preferred audio engine. Its timing is vastly superior. Your prefs are currently set to use ['sounddevice', 'PTB', 'pyo', 'pygame'] (in that order).
9.7021 	WARNING 	Couldn't measure a consistent frame rate.
  - Is your graphics card set to sync to vertical blank?
  - Are you running other processes on your computer?

9.7024 	EXP 	Created window1 = Window(allowGUI=False, allowStencil=False, autoLog=True, backendConf=UNKNOWN, bitsMode=UNKNOWN, blendMode='avg', bpc=(8, 8, 8), color=array([0, 0, 0]), colorSpace='rgb', depthBits=8, fullscr=<method-wrapper '__getattribute__' of attributeSetter object at 0x000001731161A748>, gamma=None, gammaErrorPolicy='raise', lms=UNKNOWN, monitor=<psychopy.monitors.calibTools.Monitor object at 0x000001731163EB00>, multiSample=False, name='window1', numSamples=2, pos=[0.0, 0.0], screen=0, size=array([1920, 1080]), stencilBits=0, stereo=False, units='height', useFBO=True, useRetina=False, viewOri=0.0, viewPos=None, viewScale=None, waitBlanking=True, winType='pyglet')
9.7026 	EXP 	window1: mouseVisible = True
9.7026 	EXP 	window1: recordFrameIntervals = False
9.8872 	EXP 	window1: recordFrameIntervals = True
9.9334 	WARNING 	t of last frame was 25.47ms (=1/39)
9.9535 	WARNING 	t of last frame was 20.08ms (=1/49)
9.9900 	WARNING 	t of last frame was 20.39ms (=1/49)
10.0486 	WARNING 	t of last frame was 26.67ms (=1/37)
10.1298 	WARNING 	Multiple dropped frames have occurred - I'll stop bothering you about them!
11.6693 	WARNING 	Couldn't measure a consistent frame rate.
  - Is your graphics card set to sync to vertical blank?
  - Are you running other processes on your computer?

12.2941 	EXP 	Created WelcomeText = TextStim(__class__=<class 'psychopy.visual.text.TextStim'>, alignHoriz=method-wrapper(...), alignText='center', alignVert=method-wrapper(...), anchorHoriz='center', anchorVert='center', antialias=True, autoLog=True, bold=False, color=array([1, 1, 1]), colorSpace='rgb', contrast=1.0, depth=0.0, flipHoriz=False, flipVert=False, font='Open Sans', fontFiles=[], height=0.1, italic=False, languageStyle='LTR', name='WelcomeText', opacity=1, ori=0.0, pos=array([0., 0.]), rgb=UNKNOWN, text='Welcome to our Study!', units='height', win=Window(...), wrapWidth=1)
12.3070 	EXP 	Imported depression.xlsx as conditions, 2 conditions, 12 params
12.3082 	EXP 	Question text: Sadness
12.3436 	EXP 	window1: mouseVisible = True
12.4145 	EXP 	Question text: Pessimism
12.4234 	EXP 	window1: mouseVisible = True
12.4705 	EXP 	window1: mouseVisible = True
12.4791 	EXP 	Created unnamed Rect = Rect(__class__=<class 'psychopy.visual.rect.Rect'>, autoDraw=False, autoLog=True, closeShape=True, color=method-wrapper(...), colorSpace='rgb', contrast=None, depth=0, fillColor=array([0, 0, 0]), fillColorSpace='rgb', fillRGB=UNKNOWN, interpolate=True, lineColor=array([0, 0, 0]), lineColorSpace='rgb', lineRGB=UNKNOWN, lineWidth=1.5, name='unnamed Rect', opacity=0, ori=0.0, pos=array([0., 0.]), size=array([0., 0.]), units='height', vertices=ndarray(...), win=Window(...))
12.4880 	EXP 	Created DepressionQuestionnaire = <psychopy.visual.form.Form object at 0x000001731441C6A0>
12.5349 	EXP 	window1: mouseVisible = True
12.6224 	EXP 	Created instructionsText = TextStim(__class__=<class 'psychopy.visual.text.TextStim'>, alignHoriz=method-wrapper(...), alignText='center', alignVert=method-wrapper(...), anchorHoriz='center', anchorVert='center', antialias=True, autoLog=True, bold=False, color=array([1, 1, 1]), colorSpace='rgb', contrast=1.0, depth=0.0, flipHoriz=False, flipVert=False, font='Open Sans', fontFiles=[], height=0.04, italic=False, languageStyle='LTR', name='instructionsText', opacity=1, ori=0.0, pos=array([0., 0.]), rgb=UNKNOWN, text=str(...), units='height', win=Window(...), wrapWidth=1)
12.6266 	EXP 	Created hasPeriphery = ImageStim(__class__=<class 'psychopy.visual.image.ImageStim'>, autoLog=True, color=array([1, 1, 1]), colorSpace='rgb', contrast=1.0, depth=-1.0, flipHoriz=False, flipVert=False, image='sin', interpolate=True, mask=None, maskParams=None, name='hasPeriphery', opacity=1.0, ori=0.0, pos=array([0., 0.]), size=array([0.5, 0.5]), texRes=128.0, units='height', win=Window(...))
12.6375 	EXP 	Created noPeriphery = ImageStim(__class__=<class 'psychopy.visual.image.ImageStim'>, autoLog=True, color=array([1, 1, 1]), colorSpace='rgb', contrast=1.0, depth=-3.0, flipHoriz=False, flipVert=False, image='sin', interpolate=True, mask=None, maskParams=None, name='noPeriphery', opacity=1.0, ori=0.0, pos=array([0., 0.]), size=array([0.5, 0.5]), texRes=128.0, units='height', win=Window(...))
12.6447 	EXP 	Created final = ImageStim(__class__=<class 'psychopy.visual.image.ImageStim'>, autoLog=True, color=array([1, 1, 1]), colorSpace='rgb', contrast=1.0, depth=-4.0, flipHoriz=False, flipVert=False, image='sin', interpolate=True, mask=None, maskParams=None, name='final', opacity=1.0, ori=0.0, pos=array([0., 0.]), size=array([0.5, 0.5]), texRes=128.0, units='height', win=Window(...))
12.6504 	EXP 	Created blank_screen = Rect(__class__=<class 'psychopy.visual.rect.Rect'>, autoDraw=False, autoLog=True, closeShape=True, color=method-wrapper(...), colorSpace='rgb', contrast=None, depth=-5.0, fillColor=array([1, 1, 1]), fillColorSpace='rgb', fillRGB=UNKNOWN, interpolate=True, lineColor=array([1, 1, 1]), lineColorSpace='rgb', lineRGB=UNKNOWN, lineWidth=1.0, name='blank_screen', opacity=1.0, ori=0.0, pos=array([0., 0.]), size=array([2., 2.]), units='height', vertices=ndarray(...), win=Window(...))
12.6600 	EXP 	Created text = TextStim(__class__=<class 'psychopy.visual.text.TextStim'>, alignHoriz=method-wrapper(...), alignText='center', alignVert=method-wrapper(...), anchorHoriz='center', anchorVert='center', antialias=True, autoLog=True, bold=False, color=array([ 1, -1, -1]), colorSpace='rgb', contrast=1.0, depth=-6.0, flipHoriz=False, flipVert=False, font='Open Sans', fontFiles=[], height=0.1, italic=False, languageStyle='LTR', name='text', opacity=1, ori=0.0, pos=array([0., 0.]), rgb=UNKNOWN, text='+', units='height', win=Window(...), wrapWidth=1)
12.6739 	EXP 	Created WelcomeText = TextStim(__class__=<class 'psychopy.visual.text.TextStim'>, alignHoriz=method-wrapper(...), alignText='center', alignVert=method-wrapper(...), anchorHoriz='center', anchorVert='center', antialias=True, autoLog=True, bold=False, color=array([1, 1, 1]), colorSpace='rgb', contrast=1.0, depth=0.0, flipHoriz=False, flipVert=False, font='Open Sans', fontFiles=[], height=0.1, italic=False, languageStyle='LTR', name='WelcomeText', opacity=1, ori=0.0, pos=array([0., 0.]), rgb=UNKNOWN, text='Welcome to our Study!', units='height', win=Window(...), wrapWidth=1)
12.6789 	EXP 	Created hasPeriphery = ImageStim(__class__=<class 'psychopy.visual.image.ImageStim'>, autoLog=True, color=array([1, 1, 1]), colorSpace='rgb', contrast=1.0, depth=-1.0, flipHoriz=False, flipVert=False, image='sin', interpolate=True, mask=None, maskParams=None, name='hasPeriphery', opacity=1.0, ori=0.0, pos=array([0., 0.]), size=array([0.5, 0.5]), texRes=128.0, units='height', win=Window(...))
12.6889 	EXP 	Created noPeriphery = ImageStim(__class__=<class 'psychopy.visual.image.ImageStim'>, autoLog=True, color=array([1, 1, 1]), colorSpace='rgb', contrast=1.0, depth=-3.0, flipHoriz=False, flipVert=False, image='sin', interpolate=True, mask=None, maskParams=None, name='noPeriphery', opacity=1.0, ori=0.0, pos=array([0., 0.]), size=array([0.5, 0.5]), texRes=128.0, units='height', win=Window(...))
12.7019 	EXP 	Created final = ImageStim(__class__=<class 'psychopy.visual.image.ImageStim'>, autoLog=True, color=array([1, 1, 1]), colorSpace='rgb', contrast=1.0, depth=-4.0, flipHoriz=False, flipVert=False, image='sin', interpolate=True, mask=None, maskParams=None, name='final', opacity=1.0, ori=0.0, pos=array([0., 0.]), size=array([0.5, 0.5]), texRes=128.0, units='height', win=Window(...))
12.7036 	EXP 	Created blank_screen = Rect(__class__=<class 'psychopy.visual.rect.Rect'>, autoDraw=False, autoLog=True, closeShape=True, color=method-wrapper(...), colorSpace='rgb', contrast=None, depth=-5.0, fillColor=array([1, 1, 1]), fillColorSpace='rgb', fillRGB=UNKNOWN, interpolate=True, lineColor=array([1, 1, 1]), lineColorSpace='rgb', lineRGB=UNKNOWN, lineWidth=1.0, name='blank_screen', opacity=1.0, ori=0.0, pos=array([0., 0.]), size=array([2., 2.]), units='height', vertices=ndarray(...), win=Window(...))
12.7059 	EXP 	Created text = TextStim(__class__=<class 'psychopy.visual.text.TextStim'>, alignHoriz=method-wrapper(...), alignText='center', alignVert=method-wrapper(...), anchorHoriz='center', anchorVert='center', antialias=True, autoLog=True, bold=False, color=array([ 1, -1, -1]), colorSpace='rgb', contrast=1.0, depth=-6.0, flipHoriz=False, flipVert=False, font='Open Sans', fontFiles=[], height=0.1, italic=False, languageStyle='LTR', name='text', opacity=1, ori=0.0, pos=array([0., 0.]), rgb=UNKNOWN, text='+', units='height', win=Window(...), wrapWidth=1)
13.7621 	EXP 	unnamed Form: autoLog = True
13.7621 	EXP 	DepressionQuestionnaire: name = 'DepressionQuestionnaire'
13.7621 	EXP 	DepressionQuestionnaire: size = (3.5, 1)
13.7621 	EXP 	DepressionQuestionnaire: size = array([3.5, 1. ])
13.7621 	EXP 	DepressionQuestionnaire: units = 'height'
13.7621 	EXP 	DepressionQuestionnaire: depth = 0
13.7621 	EXP 	WelcomeText: autoDraw = True
14.7541 	EXP 	WelcomeText: autoDraw = False
14.7541 	EXP 	DepressionQuestionnaire: autoDraw = True
15.8137 	DATA 	Mouse: Left button down, pos=(728,76)
15.8475 	EXP 	DepressionQuestionnaire: autoDraw = False
15.8475 	EXP 	instructionsText: autoDraw = True
15.9068 	DATA 	Mouse:  Left button up, pos=(728,76)
16.8142 	EXP 	Imported picPaths.xlsx as conditions, 6 conditions, 4 params
16.8146 	EXP 	Created sequence: random, trialTypes=6, nReps=1, seed=None
16.8150 	EXP 	New trial (rep=0, index=0): {'startImage': 'C:\\Users\\hesselmann\\Desktop\\PsychoPyUniformityIllusion\\UniformityIllusionPsychoPy\\Pics\\1start.png', 'midImage': 'C:\\Users\\hesselmann\\Desktop\\PsychoPyUniformityIllusion\\UniformityIllusionPsychoPy\\Pics\\1a.png', 'endImage': 'C:\\Users\\hesselmann\\Desktop\\PsychoPyUniformityIllusion\\UniformityIllusionPsychoPy\\Pics\\1a.png', 'AB': 'a'}
17.1835 	DATA 	Keypress: space
17.2342 	EXP 	instructionsText: autoDraw = False
17.2342 	EXP 	hasPeriphery: size = array([1.77777778, 1.        ])
17.2342 	EXP 	hasPeriphery: image = 'C:\\Users\\hesselmann\\Desktop\\PsychoPyUniformityIllusion\\UniformityIllusionPsychoPy\\Pics\\1a.png'
17.2342 	EXP 	noPeriphery: size = array([1.77777778, 1.        ])
17.2342 	EXP 	noPeriphery: image = 'C:\\Users\\hesselmann\\Desktop\\PsychoPyUniformityIllusion\\UniformityIllusionPsychoPy\\Pics\\1start.png'
17.2342 	EXP 	final: size = array([1.77777778, 1.        ])
17.2342 	EXP 	final: image = 'C:\\Users\\hesselmann\\Desktop\\PsychoPyUniformityIllusion\\UniformityIllusionPsychoPy\\Pics\\1a.png'
17.2342 	EXP 	hasPeriphery: autoDraw = True
17.2342 	EXP 	hasPeriphery: texRes = 128.0
17.2342 	EXP 	noPeriphery: autoDraw = True
17.2342 	EXP 	noPeriphery: texRes = 128.0
17.2342 	EXP 	text: autoDraw = True
17.4030 	EXP 	hasPeriphery: texRes = 128.0
17.4030 	EXP 	noPeriphery: texRes = 128.0
17.6340 	EXP 	hasPeriphery: texRes = 128.0
17.6340 	EXP 	noPeriphery: texRes = 128.0
17.8507 	EXP 	hasPeriphery: texRes = 128.0
17.8507 	EXP 	noPeriphery: texRes = 128.0
18.0616 	EXP 	hasPeriphery: texRes = 128.0
18.0616 	EXP 	noPeriphery: texRes = 128.0
18.2642 	EXP 	hasPeriphery: texRes = 128.0
18.2642 	EXP 	noPeriphery: texRes = 128.0
18.4761 	EXP 	hasPeriphery: texRes = 128.0
18.4761 	EXP 	noPeriphery: texRes = 128.0
18.6878 	EXP 	hasPeriphery: texRes = 128.0
18.6878 	EXP 	noPeriphery: texRes = 128.0
18.9025 	EXP 	hasPeriphery: texRes = 128.0
18.9025 	EXP 	noPeriphery: texRes = 128.0
19.1113 	EXP 	hasPeriphery: texRes = 128.0
19.1113 	EXP 	noPeriphery: texRes = 128.0
19.3384 	EXP 	hasPeriphery: texRes = 128.0
19.3384 	EXP 	noPeriphery: texRes = 128.0
19.5497 	EXP 	hasPeriphery: texRes = 128.0
19.5497 	EXP 	noPeriphery: texRes = 128.0
19.7973 	EXP 	hasPeriphery: texRes = 128.0
19.7973 	EXP 	noPeriphery: texRes = 128.0
20.0421 	EXP 	hasPeriphery: texRes = 128.0
20.0421 	EXP 	noPeriphery: texRes = 128.0
20.2628 	EXP 	hasPeriphery: texRes = 128.0
20.2628 	EXP 	noPeriphery: texRes = 128.0
20.4626 	EXP 	hasPeriphery: texRes = 128.0
20.4626 	EXP 	noPeriphery: texRes = 128.0
20.6896 	EXP 	hasPeriphery: texRes = 128.0
20.6896 	EXP 	noPeriphery: texRes = 128.0
20.9072 	EXP 	hasPeriphery: texRes = 128.0
20.9072 	EXP 	noPeriphery: texRes = 128.0
21.1076 	EXP 	hasPeriphery: texRes = 128.0
21.1076 	EXP 	noPeriphery: texRes = 128.0
21.3170 	EXP 	hasPeriphery: texRes = 128.0
21.3170 	EXP 	noPeriphery: texRes = 128.0
21.5197 	EXP 	hasPeriphery: texRes = 128.0
21.5197 	EXP 	noPeriphery: texRes = 128.0
21.7353 	EXP 	hasPeriphery: texRes = 128.0
21.7353 	EXP 	noPeriphery: texRes = 128.0
21.9621 	EXP 	hasPeriphery: texRes = 128.0
21.9621 	EXP 	noPeriphery: texRes = 128.0
22.1710 	EXP 	hasPeriphery: texRes = 128.0
22.1710 	EXP 	noPeriphery: texRes = 128.0
22.3830 	EXP 	hasPeriphery: texRes = 128.0
22.3830 	EXP 	noPeriphery: texRes = 128.0
22.5840 	EXP 	hasPeriphery: texRes = 128.0
22.5840 	EXP 	noPeriphery: texRes = 128.0
22.8259 	EXP 	hasPeriphery: texRes = 128.0
22.8259 	EXP 	noPeriphery: texRes = 128.0
23.0388 	EXP 	hasPeriphery: texRes = 128.0
23.0388 	EXP 	noPeriphery: texRes = 128.0
23.2560 	EXP 	hasPeriphery: texRes = 128.0
23.2560 	EXP 	noPeriphery: texRes = 128.0
23.4585 	EXP 	hasPeriphery: texRes = 128.0
23.4585 	EXP 	noPeriphery: texRes = 128.0
23.6750 	EXP 	hasPeriphery: texRes = 128.0
23.6750 	EXP 	noPeriphery: texRes = 128.0
23.9016 	EXP 	hasPeriphery: texRes = 128.0
23.9016 	EXP 	noPeriphery: texRes = 128.0
24.1568 	EXP 	hasPeriphery: texRes = 128.0
24.1568 	EXP 	noPeriphery: texRes = 128.0
24.3357 	EXP 	New trial (rep=0, index=1): {'startImage': 'C:\\Users\\hesselmann\\Desktop\\PsychoPyUniformityIllusion\\UniformityIllusionPsychoPy\\Pics\\3start.png', 'midImage': 'C:\\Users\\hesselmann\\Desktop\\PsychoPyUniformityIllusion\\UniformityIllusionPsychoPy\\Pics\\3a.png', 'endImage': 'C:\\Users\\hesselmann\\Desktop\\PsychoPyUniformityIllusion\\UniformityIllusionPsychoPy\\Pics\\3a.png', 'AB': 'a'}
24.6037 	DATA 	Keypress: space
24.6484 	EXP 	hasPeriphery: texRes = 128.0
24.6484 	EXP 	noPeriphery: texRes = 128.0
24.6484 	EXP 	hasPeriphery: autoDraw = False
24.6484 	EXP 	noPeriphery: autoDraw = False
24.6484 	EXP 	final: autoDraw = False
24.6484 	EXP 	blank_screen: autoDraw = False
24.6484 	EXP 	text: autoDraw = False
24.6484 	EXP 	hasPeriphery: size = array([1.77777778, 1.        ])
24.6484 	EXP 	hasPeriphery: image = 'C:\\Users\\hesselmann\\Desktop\\PsychoPyUniformityIllusion\\UniformityIllusionPsychoPy\\Pics\\3a.png'
24.6484 	EXP 	noPeriphery: size = array([1.77777778, 1.        ])
24.6484 	EXP 	noPeriphery: image = 'C:\\Users\\hesselmann\\Desktop\\PsychoPyUniformityIllusion\\UniformityIllusionPsychoPy\\Pics\\3start.png'
24.6484 	EXP 	final: size = array([1.77777778, 1.        ])
24.6484 	EXP 	final: image = 'C:\\Users\\hesselmann\\Desktop\\PsychoPyUniformityIllusion\\UniformityIllusionPsychoPy\\Pics\\3a.png'
24.6484 	EXP 	hasPeriphery: autoDraw = True
24.6484 	EXP 	hasPeriphery: texRes = 128.0
24.6484 	EXP 	noPeriphery: autoDraw = True
24.6484 	EXP 	noPeriphery: texRes = 128.0
24.6484 	EXP 	text: autoDraw = True
24.8016 	EXP 	hasPeriphery: texRes = 128.0
24.8016 	EXP 	noPeriphery: texRes = 128.0
25.0086 	EXP 	hasPeriphery: texRes = 128.0
25.0086 	EXP 	noPeriphery: texRes = 128.0
25.2117 	EXP 	hasPeriphery: texRes = 128.0
25.2117 	EXP 	noPeriphery: texRes = 128.0
25.4035 	EXP 	hasPeriphery: texRes = 128.0
25.4035 	EXP 	noPeriphery: texRes = 128.0
25.6089 	EXP 	hasPeriphery: texRes = 128.0
25.6089 	EXP 	noPeriphery: texRes = 128.0
25.8039 	EXP 	hasPeriphery: texRes = 128.0
25.8039 	EXP 	noPeriphery: texRes = 128.0
25.9819 	EXP 	hasPeriphery: texRes = 128.0
25.9819 	EXP 	noPeriphery: texRes = 128.0
26.1688 	EXP 	hasPeriphery: texRes = 128.0
26.1688 	EXP 	noPeriphery: texRes = 128.0
26.3835 	EXP 	hasPeriphery: texRes = 128.0
26.3835 	EXP 	noPeriphery: texRes = 128.0
26.5696 	EXP 	hasPeriphery: texRes = 128.0
26.5696 	EXP 	noPeriphery: texRes = 128.0
26.7595 	EXP 	hasPeriphery: texRes = 128.0
26.7595 	EXP 	noPeriphery: texRes = 128.0
26.9293 	EXP 	hasPeriphery: texRes = 128.0
26.9293 	EXP 	noPeriphery: texRes = 128.0
27.1064 	EXP 	hasPeriphery: texRes = 128.0
27.1064 	EXP 	noPeriphery: texRes = 128.0
27.3288 	EXP 	hasPeriphery: texRes = 128.0
27.3288 	EXP 	noPeriphery: texRes = 128.0
27.5286 	EXP 	hasPeriphery: texRes = 128.0
27.5286 	EXP 	noPeriphery: texRes = 128.0
27.7065 	EXP 	hasPeriphery: texRes = 128.0
27.7065 	EXP 	noPeriphery: texRes = 128.0
27.9021 	EXP 	hasPeriphery: texRes = 128.0
27.9021 	EXP 	noPeriphery: texRes = 128.0
28.1034 	EXP 	hasPeriphery: texRes = 128.0
28.1034 	EXP 	noPeriphery: texRes = 128.0
28.2887 	EXP 	hasPeriphery: texRes = 128.0
28.2887 	EXP 	noPeriphery: texRes = 128.0
28.4809 	EXP 	hasPeriphery: texRes = 128.0
28.4809 	EXP 	noPeriphery: texRes = 128.0
28.6632 	EXP 	hasPeriphery: texRes = 128.0
28.6632 	EXP 	noPeriphery: texRes = 128.0
28.8552 	EXP 	hasPeriphery: texRes = 128.0
28.8552 	EXP 	noPeriphery: texRes = 128.0
29.0658 	EXP 	hasPeriphery: texRes = 128.0
29.0658 	EXP 	noPeriphery: texRes = 128.0
29.2542 	EXP 	hasPeriphery: texRes = 128.0
29.2542 	EXP 	noPeriphery: texRes = 128.0
29.4448 	EXP 	hasPeriphery: texRes = 128.0
29.4448 	EXP 	noPeriphery: texRes = 128.0
29.6263 	EXP 	hasPeriphery: texRes = 128.0
29.6263 	EXP 	noPeriphery: texRes = 128.0
29.8299 	EXP 	hasPeriphery: texRes = 128.0
29.8299 	EXP 	noPeriphery: texRes = 128.0
30.0150 	EXP 	hasPeriphery: texRes = 128.0
30.0150 	EXP 	noPeriphery: texRes = 128.0
30.1993 	EXP 	hasPeriphery: texRes = 128.0
30.1993 	EXP 	noPeriphery: texRes = 128.0
30.3956 	EXP 	hasPeriphery: texRes = 128.0
30.3956 	EXP 	noPeriphery: texRes = 128.0
30.6130 	EXP 	hasPeriphery: texRes = 128.0
30.6130 	EXP 	noPeriphery: texRes = 128.0
30.8117 	EXP 	hasPeriphery: texRes = 128.0
30.8117 	EXP 	noPeriphery: texRes = 128.0
31.0191 	EXP 	hasPeriphery: texRes = 128.0
31.0191 	EXP 	noPeriphery: texRes = 128.0
31.2275 	EXP 	hasPeriphery: texRes = 128.0
31.2275 	EXP 	noPeriphery: texRes = 128.0
31.3918 	DATA 	Keypress: space
31.4544 	EXP 	hasPeriphery: texRes = 128.0
31.4544 	EXP 	noPeriphery: texRes = 128.0
31.4544 	EXP 	blank_screen: autoDraw = True
31.6455 	EXP 	New trial (rep=0, index=2): {'startImage': 'C:\\Users\\hesselmann\\Desktop\\PsychoPyUniformityIllusion\\UniformityIllusionPsychoPy\\Pics\\1start.png', 'midImage': 'C:\\Users\\hesselmann\\Desktop\\PsychoPyUniformityIllusion\\UniformityIllusionPsychoPy\\Pics\\1a.png', 'endImage': 'C:\\Users\\hesselmann\\Desktop\\PsychoPyUniformityIllusion\\UniformityIllusionPsychoPy\\Pics\\1b.png', 'AB': 'b'}
31.9723 	EXP 	hasPeriphery: texRes = 128.0
31.9723 	EXP 	noPeriphery: texRes = 128.0
31.9723 	EXP 	final: autoDraw = True
31.9723 	EXP 	final: texRes = 128.0
31.9723 	EXP 	hasPeriphery: autoDraw = False
31.9723 	EXP 	noPeriphery: autoDraw = False
31.9723 	EXP 	final: autoDraw = False
31.9723 	EXP 	blank_screen: autoDraw = False
31.9723 	EXP 	text: autoDraw = False
31.9723 	EXP 	hasPeriphery: size = array([1.77777778, 1.        ])
31.9723 	EXP 	hasPeriphery: image = 'C:\\Users\\hesselmann\\Desktop\\PsychoPyUniformityIllusion\\UniformityIllusionPsychoPy\\Pics\\1a.png'
31.9723 	EXP 	noPeriphery: size = array([1.77777778, 1.        ])
31.9723 	EXP 	noPeriphery: image = 'C:\\Users\\hesselmann\\Desktop\\PsychoPyUniformityIllusion\\UniformityIllusionPsychoPy\\Pics\\1start.png'
31.9723 	EXP 	final: size = array([1.77777778, 1.        ])
31.9723 	EXP 	final: image = 'C:\\Users\\hesselmann\\Desktop\\PsychoPyUniformityIllusion\\UniformityIllusionPsychoPy\\Pics\\1b.png'
31.9723 	EXP 	hasPeriphery: autoDraw = True
31.9723 	EXP 	hasPeriphery: texRes = 128.0
31.9723 	EXP 	noPeriphery: autoDraw = True
31.9723 	EXP 	noPeriphery: texRes = 128.0
31.9723 	EXP 	text: autoDraw = True
32.1559 	EXP 	hasPeriphery: texRes = 128.0
32.1559 	EXP 	noPeriphery: texRes = 128.0
32.3915 	EXP 	hasPeriphery: texRes = 128.0
32.3915 	EXP 	noPeriphery: texRes = 128.0
32.6225 	EXP 	hasPeriphery: texRes = 128.0
32.6225 	EXP 	noPeriphery: texRes = 128.0
32.8402 	EXP 	hasPeriphery: texRes = 128.0
32.8402 	EXP 	noPeriphery: texRes = 128.0
33.0573 	EXP 	hasPeriphery: texRes = 128.0
33.0573 	EXP 	noPeriphery: texRes = 128.0
33.2670 	EXP 	hasPeriphery: texRes = 128.0
33.2670 	EXP 	noPeriphery: texRes = 128.0
33.4774 	EXP 	hasPeriphery: texRes = 128.0
33.4774 	EXP 	noPeriphery: texRes = 128.0
33.6521 	EXP 	hasPeriphery: texRes = 128.0
33.6521 	EXP 	noPeriphery: texRes = 128.0
33.8916 	EXP 	hasPeriphery: texRes = 128.0
33.8916 	EXP 	noPeriphery: texRes = 128.0
34.1078 	EXP 	hasPeriphery: texRes = 128.0
34.1078 	EXP 	noPeriphery: texRes = 128.0
34.3159 	EXP 	hasPeriphery: texRes = 128.0
34.3159 	EXP 	noPeriphery: texRes = 128.0
34.5391 	EXP 	hasPeriphery: texRes = 128.0
34.5391 	EXP 	noPeriphery: texRes = 128.0
34.7657 	EXP 	hasPeriphery: texRes = 128.0
34.7657 	EXP 	noPeriphery: texRes = 128.0
34.9694 	EXP 	hasPeriphery: texRes = 128.0
34.9694 	EXP 	noPeriphery: texRes = 128.0
35.1723 	EXP 	hasPeriphery: texRes = 128.0
35.1723 	EXP 	noPeriphery: texRes = 128.0
35.3944 	EXP 	hasPeriphery: texRes = 128.0
35.3944 	EXP 	noPeriphery: texRes = 128.0
35.5962 	EXP 	hasPeriphery: texRes = 128.0
35.5962 	EXP 	noPeriphery: texRes = 128.0
35.8362 	EXP 	hasPeriphery: texRes = 128.0
35.8362 	EXP 	noPeriphery: texRes = 128.0
36.0410 	EXP 	hasPeriphery: texRes = 128.0
36.0410 	EXP 	noPeriphery: texRes = 128.0
36.2629 	EXP 	hasPeriphery: texRes = 128.0
36.2629 	EXP 	noPeriphery: texRes = 128.0
36.4907 	EXP 	hasPeriphery: texRes = 128.0
36.4907 	EXP 	noPeriphery: texRes = 128.0
36.4907 	EXP 	blank_screen: autoDraw = True
36.8175 	EXP 	hasPeriphery: texRes = 128.0
36.8175 	EXP 	noPeriphery: texRes = 128.0
36.8175 	EXP 	final: autoDraw = True
36.8175 	EXP 	final: texRes = 128.0
37.1114 	EXP 	hasPeriphery: texRes = 128.0
37.1114 	EXP 	noPeriphery: texRes = 128.0
37.1114 	EXP 	final: texRes = 128.0
37.1114 	EXP 	blank_screen: autoDraw = False
37.4152 	EXP 	hasPeriphery: texRes = 128.0
37.4152 	EXP 	noPeriphery: texRes = 128.0
37.4152 	EXP 	final: texRes = 128.0
37.7292 	EXP 	hasPeriphery: texRes = 128.0
37.7292 	EXP 	noPeriphery: texRes = 128.0
37.7292 	EXP 	final: texRes = 128.0
38.0443 	EXP 	hasPeriphery: texRes = 128.0
38.0443 	EXP 	noPeriphery: texRes = 128.0
38.0443 	EXP 	final: texRes = 128.0
38.3320 	EXP 	hasPeriphery: texRes = 128.0
38.3320 	EXP 	noPeriphery: texRes = 128.0
38.3320 	EXP 	final: texRes = 128.0
38.6660 	EXP 	hasPeriphery: texRes = 128.0
38.6660 	EXP 	noPeriphery: texRes = 128.0
38.6660 	EXP 	final: texRes = 128.0
38.6660 	EXP 	blank_screen: autoDraw = True
38.9566 	EXP 	hasPeriphery: texRes = 128.0
38.9566 	EXP 	noPeriphery: texRes = 128.0
38.9566 	EXP 	final: texRes = 128.0
39.2116 	EXP 	hasPeriphery: texRes = 128.0
39.2116 	EXP 	noPeriphery: texRes = 128.0
39.2116 	EXP 	final: texRes = 128.0
39.2116 	EXP 	blank_screen: autoDraw = False
39.5168 	EXP 	hasPeriphery: texRes = 128.0
39.5168 	EXP 	noPeriphery: texRes = 128.0
39.5168 	EXP 	final: texRes = 128.0
39.7698 	EXP 	hasPeriphery: texRes = 128.0
39.7698 	EXP 	noPeriphery: texRes = 128.0
39.7698 	EXP 	final: texRes = 128.0
40.0765 	EXP 	hasPeriphery: texRes = 128.0
40.0765 	EXP 	noPeriphery: texRes = 128.0
40.0765 	EXP 	final: texRes = 128.0
40.3966 	EXP 	hasPeriphery: texRes = 128.0
40.3966 	EXP 	noPeriphery: texRes = 128.0
40.3966 	EXP 	final: texRes = 128.0
40.7092 	EXP 	hasPeriphery: texRes = 128.0
40.7092 	EXP 	noPeriphery: texRes = 128.0
40.7092 	EXP 	final: texRes = 128.0
40.7092 	EXP 	blank_screen: autoDraw = True
41.0360 	EXP 	hasPeriphery: texRes = 128.0
41.0360 	EXP 	noPeriphery: texRes = 128.0
41.0360 	EXP 	final: texRes = 128.0
41.3587 	EXP 	hasPeriphery: texRes = 128.0
41.3587 	EXP 	noPeriphery: texRes = 128.0
41.3587 	EXP 	final: texRes = 128.0
41.3587 	EXP 	blank_screen: autoDraw = False
41.6854 	EXP 	hasPeriphery: texRes = 128.0
41.6854 	EXP 	noPeriphery: texRes = 128.0
41.6854 	EXP 	final: texRes = 128.0
41.9729 	EXP 	hasPeriphery: texRes = 128.0
41.9729 	EXP 	noPeriphery: texRes = 128.0
41.9729 	EXP 	final: texRes = 128.0
42.0637 	EXP 	hasPeriphery: autoDraw = False
42.0637 	EXP 	noPeriphery: autoDraw = False
42.0637 	EXP 	final: texRes = 128.0
42.1476 	EXP 	final: texRes = 128.0
42.2410 	EXP 	final: texRes = 128.0
42.3315 	EXP 	final: texRes = 128.0
42.4248 	EXP 	final: texRes = 128.0
42.5177 	EXP 	final: texRes = 128.0
42.6239 	EXP 	final: texRes = 128.0
42.7173 	EXP 	final: texRes = 128.0
42.8110 	EXP 	final: texRes = 128.0
42.9040 	EXP 	final: texRes = 128.0
42.9990 	EXP 	final: texRes = 128.0
43.0928 	EXP 	final: texRes = 128.0
43.2009 	EXP 	final: texRes = 128.0
43.2905 	EXP 	final: texRes = 128.0
43.3853 	EXP 	final: texRes = 128.0
43.4814 	EXP 	final: texRes = 128.0
43.5897 	EXP 	final: texRes = 128.0
43.6803 	EXP 	final: texRes = 128.0
43.7837 	EXP 	final: texRes = 128.0
43.8819 	EXP 	final: texRes = 128.0
43.9424 	EXP 	New trial (rep=0, index=3): {'startImage': 'C:\\Users\\hesselmann\\Desktop\\PsychoPyUniformityIllusion\\UniformityIllusionPsychoPy\\Pics\\2start.png', 'midImage': 'C:\\Users\\hesselmann\\Desktop\\PsychoPyUniformityIllusion\\UniformityIllusionPsychoPy\\Pics\\2a.png', 'endImage': 'C:\\Users\\hesselmann\\Desktop\\PsychoPyUniformityIllusion\\UniformityIllusionPsychoPy\\Pics\\2b.png', 'AB': 'b'}
44.2113 	EXP 	final: texRes = 128.0
44.2113 	EXP 	hasPeriphery: autoDraw = False
44.2113 	EXP 	noPeriphery: autoDraw = False
44.2113 	EXP 	final: autoDraw = False
44.2113 	EXP 	blank_screen: autoDraw = False
44.2113 	EXP 	text: autoDraw = False
44.2113 	EXP 	hasPeriphery: size = array([1.77777778, 1.        ])
44.2113 	EXP 	hasPeriphery: image = 'C:\\Users\\hesselmann\\Desktop\\PsychoPyUniformityIllusion\\UniformityIllusionPsychoPy\\Pics\\2a.png'
44.2113 	EXP 	noPeriphery: size = array([1.77777778, 1.        ])
44.2113 	EXP 	noPeriphery: image = 'C:\\Users\\hesselmann\\Desktop\\PsychoPyUniformityIllusion\\UniformityIllusionPsychoPy\\Pics\\2start.png'
44.2113 	EXP 	final: size = array([1.77777778, 1.        ])
44.2113 	EXP 	final: image = 'C:\\Users\\hesselmann\\Desktop\\PsychoPyUniformityIllusion\\UniformityIllusionPsychoPy\\Pics\\2b.png'
44.2113 	EXP 	hasPeriphery: autoDraw = True
44.2113 	EXP 	hasPeriphery: texRes = 128.0
44.2113 	EXP 	noPeriphery: autoDraw = True
44.2113 	EXP 	noPeriphery: texRes = 128.0
44.2113 	EXP 	text: autoDraw = True
44.3610 	EXP 	hasPeriphery: texRes = 128.0
44.3610 	EXP 	noPeriphery: texRes = 128.0
44.5740 	EXP 	hasPeriphery: texRes = 128.0
44.5740 	EXP 	noPeriphery: texRes = 128.0
44.7740 	EXP 	hasPeriphery: texRes = 128.0
44.7740 	EXP 	noPeriphery: texRes = 128.0
44.9735 	EXP 	hasPeriphery: texRes = 128.0
44.9735 	EXP 	noPeriphery: texRes = 128.0
45.1617 	EXP 	hasPeriphery: texRes = 128.0
45.1617 	EXP 	noPeriphery: texRes = 128.0
45.3337 	EXP 	hasPeriphery: texRes = 128.0
45.3337 	EXP 	noPeriphery: texRes = 128.0
45.5336 	EXP 	hasPeriphery: texRes = 128.0
45.5336 	EXP 	noPeriphery: texRes = 128.0
45.7187 	EXP 	hasPeriphery: texRes = 128.0
45.7187 	EXP 	noPeriphery: texRes = 128.0
45.9173 	EXP 	hasPeriphery: texRes = 128.0
45.9173 	EXP 	noPeriphery: texRes = 128.0
46.1053 	EXP 	hasPeriphery: texRes = 128.0
46.1053 	EXP 	noPeriphery: texRes = 128.0
46.2984 	EXP 	hasPeriphery: texRes = 128.0
46.2984 	EXP 	noPeriphery: texRes = 128.0
46.4917 	EXP 	hasPeriphery: texRes = 128.0
46.4917 	EXP 	noPeriphery: texRes = 128.0
46.6912 	EXP 	hasPeriphery: texRes = 128.0
46.6912 	EXP 	noPeriphery: texRes = 128.0
46.8781 	EXP 	hasPeriphery: texRes = 128.0
46.8781 	EXP 	noPeriphery: texRes = 128.0
47.0596 	EXP 	hasPeriphery: texRes = 128.0
47.0596 	EXP 	noPeriphery: texRes = 128.0
47.2441 	EXP 	hasPeriphery: texRes = 128.0
47.2441 	EXP 	noPeriphery: texRes = 128.0
47.4415 	EXP 	hasPeriphery: texRes = 128.0
47.4415 	EXP 	noPeriphery: texRes = 128.0
47.6533 	EXP 	hasPeriphery: texRes = 128.0
47.6533 	EXP 	noPeriphery: texRes = 128.0
47.8650 	EXP 	hasPeriphery: texRes = 128.0
47.8650 	EXP 	noPeriphery: texRes = 128.0
48.0506 	EXP 	hasPeriphery: texRes = 128.0
48.0506 	EXP 	noPeriphery: texRes = 128.0
48.2507 	EXP 	hasPeriphery: texRes = 128.0
48.2507 	EXP 	noPeriphery: texRes = 128.0
48.2507 	EXP 	blank_screen: autoDraw = True
48.5250 	EXP 	hasPeriphery: texRes = 128.0
48.5250 	EXP 	noPeriphery: texRes = 128.0
48.5250 	EXP 	final: autoDraw = True
48.5250 	EXP 	final: texRes = 128.0
48.8013 	EXP 	hasPeriphery: texRes = 128.0
48.8013 	EXP 	noPeriphery: texRes = 128.0
48.8013 	EXP 	final: texRes = 128.0
48.8013 	EXP 	blank_screen: autoDraw = False
49.0646 	EXP 	hasPeriphery: texRes = 128.0
49.0646 	EXP 	noPeriphery: texRes = 128.0
49.0646 	EXP 	final: texRes = 128.0
49.3333 	EXP 	hasPeriphery: texRes = 128.0
49.3333 	EXP 	noPeriphery: texRes = 128.0
49.3333 	EXP 	final: texRes = 128.0
49.6027 	EXP 	hasPeriphery: texRes = 128.0
49.6027 	EXP 	noPeriphery: texRes = 128.0
49.6027 	EXP 	final: texRes = 128.0
49.8663 	EXP 	hasPeriphery: texRes = 128.0
49.8663 	EXP 	noPeriphery: texRes = 128.0
49.8663 	EXP 	final: texRes = 128.0
50.1460 	EXP 	hasPeriphery: texRes = 128.0
50.1460 	EXP 	noPeriphery: texRes = 128.0
50.1460 	EXP 	final: texRes = 128.0
50.1460 	EXP 	blank_screen: autoDraw = True
50.4125 	EXP 	hasPeriphery: texRes = 128.0
50.4125 	EXP 	noPeriphery: texRes = 128.0
50.4125 	EXP 	final: texRes = 128.0
50.6801 	EXP 	hasPeriphery: texRes = 128.0
50.6801 	EXP 	noPeriphery: texRes = 128.0
50.6801 	EXP 	final: texRes = 128.0
50.6801 	EXP 	blank_screen: autoDraw = False
50.9334 	EXP 	hasPeriphery: texRes = 128.0
50.9334 	EXP 	noPeriphery: texRes = 128.0
50.9334 	EXP 	final: texRes = 128.0
51.1856 	EXP 	hasPeriphery: texRes = 128.0
51.1856 	EXP 	noPeriphery: texRes = 128.0
51.1856 	EXP 	final: texRes = 128.0
51.4425 	EXP 	hasPeriphery: texRes = 128.0
51.4425 	EXP 	noPeriphery: texRes = 128.0
51.4425 	EXP 	final: texRes = 128.0
51.7099 	EXP 	hasPeriphery: texRes = 128.0
51.7099 	EXP 	noPeriphery: texRes = 128.0
51.7099 	EXP 	final: texRes = 128.0
51.9728 	EXP 	hasPeriphery: texRes = 128.0
51.9728 	EXP 	noPeriphery: texRes = 128.0
51.9728 	EXP 	final: texRes = 128.0
51.9728 	EXP 	blank_screen: autoDraw = True
52.2403 	EXP 	hasPeriphery: texRes = 128.0
52.2403 	EXP 	noPeriphery: texRes = 128.0
52.2403 	EXP 	final: texRes = 128.0
52.5176 	EXP 	hasPeriphery: texRes = 128.0
52.5176 	EXP 	noPeriphery: texRes = 128.0
52.5176 	EXP 	final: texRes = 128.0
52.5176 	EXP 	blank_screen: autoDraw = False
52.7911 	EXP 	hasPeriphery: texRes = 128.0
52.7911 	EXP 	noPeriphery: texRes = 128.0
52.7911 	EXP 	final: texRes = 128.0
52.9491 	EXP 	New trial (rep=0, index=4): {'startImage': 'C:\\Users\\hesselmann\\Desktop\\PsychoPyUniformityIllusion\\UniformityIllusionPsychoPy\\Pics\\3start.png', 'midImage': 'C:\\Users\\hesselmann\\Desktop\\PsychoPyUniformityIllusion\\UniformityIllusionPsychoPy\\Pics\\3a.png', 'endImage': 'C:\\Users\\hesselmann\\Desktop\\PsychoPyUniformityIllusion\\UniformityIllusionPsychoPy\\Pics\\3b.png', 'AB': 'b'}
53.2299 	EXP 	New trial (rep=0, index=5): {'startImage': 'C:\\Users\\hesselmann\\Desktop\\PsychoPyUniformityIllusion\\UniformityIllusionPsychoPy\\Pics\\2start.png', 'midImage': 'C:\\Users\\hesselmann\\Desktop\\PsychoPyUniformityIllusion\\UniformityIllusionPsychoPy\\Pics\\2a.png', 'endImage': 'C:\\Users\\hesselmann\\Desktop\\PsychoPyUniformityIllusion\\UniformityIllusionPsychoPy\\Pics\\2a.png', 'AB': 'a'}
53.5455 	EXP 	hasPeriphery: texRes = 128.0
53.5455 	EXP 	noPeriphery: texRes = 128.0
53.5455 	EXP 	final: texRes = 128.0
53.5455 	EXP 	hasPeriphery: autoDraw = False
53.5455 	EXP 	noPeriphery: autoDraw = False
53.5455 	EXP 	final: autoDraw = False
53.5455 	EXP 	blank_screen: autoDraw = False
53.5455 	EXP 	text: autoDraw = False
53.5455 	EXP 	hasPeriphery: size = array([1.77777778, 1.        ])
53.5455 	EXP 	hasPeriphery: image = 'C:\\Users\\hesselmann\\Desktop\\PsychoPyUniformityIllusion\\UniformityIllusionPsychoPy\\Pics\\3a.png'
53.5455 	EXP 	noPeriphery: size = array([1.77777778, 1.        ])
53.5455 	EXP 	noPeriphery: image = 'C:\\Users\\hesselmann\\Desktop\\PsychoPyUniformityIllusion\\UniformityIllusionPsychoPy\\Pics\\3start.png'
53.5455 	EXP 	final: size = array([1.77777778, 1.        ])
53.5455 	EXP 	final: image = 'C:\\Users\\hesselmann\\Desktop\\PsychoPyUniformityIllusion\\UniformityIllusionPsychoPy\\Pics\\3b.png'
53.5455 	EXP 	hasPeriphery: autoDraw = True
53.5455 	EXP 	hasPeriphery: texRes = 128.0
53.5455 	EXP 	noPeriphery: autoDraw = True
53.5455 	EXP 	noPeriphery: texRes = 128.0
53.5455 	EXP 	text: autoDraw = True
53.5455 	EXP 	hasPeriphery: autoDraw = False
53.5455 	EXP 	noPeriphery: autoDraw = False
53.5455 	EXP 	final: autoDraw = False
53.5455 	EXP 	blank_screen: autoDraw = False
53.5455 	EXP 	text: autoDraw = False
53.5455 	EXP 	hasPeriphery: size = array([1.77777778, 1.        ])
53.5455 	EXP 	hasPeriphery: image = 'C:\\Users\\hesselmann\\Desktop\\PsychoPyUniformityIllusion\\UniformityIllusionPsychoPy\\Pics\\2a.png'
53.5455 	EXP 	noPeriphery: size = array([1.77777778, 1.        ])
53.5455 	EXP 	noPeriphery: image = 'C:\\Users\\hesselmann\\Desktop\\PsychoPyUniformityIllusion\\UniformityIllusionPsychoPy\\Pics\\2start.png'
53.5455 	EXP 	final: size = array([1.77777778, 1.        ])
53.5455 	EXP 	final: image = 'C:\\Users\\hesselmann\\Desktop\\PsychoPyUniformityIllusion\\UniformityIllusionPsychoPy\\Pics\\2a.png'
53.5455 	EXP 	hasPeriphery: autoDraw = True
53.5455 	EXP 	hasPeriphery: texRes = 128.0
53.5455 	EXP 	noPeriphery: autoDraw = True
53.5455 	EXP 	noPeriphery: texRes = 128.0
53.5455 	EXP 	text: autoDraw = True
53.5455 	EXP 	hasPeriphery: autoDraw = False
53.5455 	EXP 	noPeriphery: autoDraw = False
53.5455 	EXP 	final: autoDraw = False
53.5455 	EXP 	blank_screen: autoDraw = False
53.5455 	EXP 	text: autoDraw = False
53.5455 	EXP 	WelcomeText: autoDraw = True
55.5532 	EXP 	Imported picPaths.xlsx as conditions, 24 conditions, 4 params
55.5538 	EXP 	Created sequence: random, trialTypes=24, nReps=1, seed=None
55.5542 	EXP 	New trial (rep=0, index=0): {'startImage': 'C:\\Users\\hesselmann\\Desktop\\PsychoPyUniformityIllusion\\UniformityIllusionPsychoPy\\Pics\\10start.png', 'midImage': 'C:\\Users\\hesselmann\\Desktop\\PsychoPyUniformityIllusion\\UniformityIllusionPsychoPy\\Pics\\10a.png', 'endImage': 'C:\\Users\\hesselmann\\Desktop\\PsychoPyUniformityIllusion\\UniformityIllusionPsychoPy\\Pics\\10a.png', 'AB': None}
55.9641 	EXP 	New trial (rep=0, index=1): {'startImage': 'C:\\Users\\hesselmann\\Desktop\\PsychoPyUniformityIllusion\\UniformityIllusionPsychoPy\\Pics\\8start.png', 'midImage': 'C:\\Users\\hesselmann\\Desktop\\PsychoPyUniformityIllusion\\UniformityIllusionPsychoPy\\Pics\\8a.png', 'endImage': 'C:\\Users\\hesselmann\\Desktop\\PsychoPyUniformityIllusion\\UniformityIllusionPsychoPy\\Pics\\8a.png', 'AB': None}
56.3152 	EXP 	New trial (rep=0, index=2): {'startImage': 'C:\\Users\\hesselmann\\Desktop\\PsychoPyUniformityIllusion\\UniformityIllusionPsychoPy\\Pics\\15start.png', 'midImage': 'C:\\Users\\hesselmann\\Desktop\\PsychoPyUniformityIllusion\\UniformityIllusionPsychoPy\\Pics\\15a.png', 'endImage': 'C:\\Users\\hesselmann\\Desktop\\PsychoPyUniformityIllusion\\UniformityIllusionPsychoPy\\Pics\\15a.png', 'AB': None}
56.5592 	EXP 	New trial (rep=0, index=3): {'startImage': 'C:\\Users\\hesselmann\\Desktop\\PsychoPyUniformityIllusion\\UniformityIllusionPsychoPy\\Pics\\9start.png', 'midImage': 'C:\\Users\\hesselmann\\Desktop\\PsychoPyUniformityIllusion\\UniformityIllusionPsychoPy\\Pics\\9a.png', 'endImage': 'C:\\Users\\hesselmann\\Desktop\\PsychoPyUniformityIllusion\\UniformityIllusionPsychoPy\\Pics\\9b.png', 'AB': None}
56.8593 	EXP 	New trial (rep=0, index=4): {'startImage': 'C:\\Users\\hesselmann\\Desktop\\PsychoPyUniformityIllusion\\UniformityIllusionPsychoPy\\Pics\\4start.png', 'midImage': 'C:\\Users\\hesselmann\\Desktop\\PsychoPyUniformityIllusion\\UniformityIllusionPsychoPy\\Pics\\4a.png', 'endImage': 'C:\\Users\\hesselmann\\Desktop\\PsychoPyUniformityIllusion\\UniformityIllusionPsychoPy\\Pics\\4a.png', 'AB': 'a'}
57.1494 	EXP 	New trial (rep=0, index=5): {'startImage': 'C:\\Users\\hesselmann\\Desktop\\PsychoPyUniformityIllusion\\UniformityIllusionPsychoPy\\Pics\\10start.png', 'midImage': 'C:\\Users\\hesselmann\\Desktop\\PsychoPyUniformityIllusion\\UniformityIllusionPsychoPy\\Pics\\10a.png', 'endImage': 'C:\\Users\\hesselmann\\Desktop\\PsychoPyUniformityIllusion\\UniformityIllusionPsychoPy\\Pics\\10b.png', 'AB': None}
57.5423 	EXP 	New trial (rep=0, index=6): {'startImage': 'C:\\Users\\hesselmann\\Desktop\\PsychoPyUniformityIllusion\\UniformityIllusionPsychoPy\\Pics\\4start.png', 'midImage': 'C:\\Users\\hesselmann\\Desktop\\PsychoPyUniformityIllusion\\UniformityIllusionPsychoPy\\Pics\\4a.png', 'endImage': 'C:\\Users\\hesselmann\\Desktop\\PsychoPyUniformityIllusion\\UniformityIllusionPsychoPy\\Pics\\4b.png', 'AB': 'b'}
57.8095 	EXP 	New trial (rep=0, index=7): {'startImage': 'C:\\Users\\hesselmann\\Desktop\\PsychoPyUniformityIllusion\\UniformityIllusionPsychoPy\\Pics\\7start.png', 'midImage': 'C:\\Users\\hesselmann\\Desktop\\PsychoPyUniformityIllusion\\UniformityIllusionPsychoPy\\Pics\\7a.png', 'endImage': 'C:\\Users\\hesselmann\\Desktop\\PsychoPyUniformityIllusion\\UniformityIllusionPsychoPy\\Pics\\7b.png', 'AB': None}
58.1534 	EXP 	New trial (rep=0, index=8): {'startImage': 'C:\\Users\\hesselmann\\Desktop\\PsychoPyUniformityIllusion\\UniformityIllusionPsychoPy\\Pics\\12start.png', 'midImage': 'C:\\Users\\hesselmann\\Desktop\\PsychoPyUniformityIllusion\\UniformityIllusionPsychoPy\\Pics\\12a.png', 'endImage': 'C:\\Users\\hesselmann\\Desktop\\PsychoPyUniformityIllusion\\UniformityIllusionPsychoPy\\Pics\\12a.png', 'AB': None}
58.4425 	EXP 	New trial (rep=0, index=9): {'startImage': 'C:\\Users\\hesselmann\\Desktop\\PsychoPyUniformityIllusion\\UniformityIllusionPsychoPy\\Pics\\11start.png', 'midImage': 'C:\\Users\\hesselmann\\Desktop\\PsychoPyUniformityIllusion\\UniformityIllusionPsychoPy\\Pics\\11a.png', 'endImage': 'C:\\Users\\hesselmann\\Desktop\\PsychoPyUniformityIllusion\\UniformityIllusionPsychoPy\\Pics\\11a.png', 'AB': None}
58.8406 	EXP 	New trial (rep=0, index=10): {'startImage': 'C:\\Users\\hesselmann\\Desktop\\PsychoPyUniformityIllusion\\UniformityIllusionPsychoPy\\Pics\\5start.png', 'midImage': 'C:\\Users\\hesselmann\\Desktop\\PsychoPyUniformityIllusion\\UniformityIllusionPsychoPy\\Pics\\5a.png', 'endImage': 'C:\\Users\\hesselmann\\Desktop\\PsychoPyUniformityIllusion\\UniformityIllusionPsychoPy\\Pics\\5a.png', 'AB': 'a'}
59.1965 	EXP 	New trial (rep=0, index=11): {'startImage': 'C:\\Users\\hesselmann\\Desktop\\PsychoPyUniformityIllusion\\UniformityIllusionPsychoPy\\Pics\\5start.png', 'midImage': 'C:\\Users\\hesselmann\\Desktop\\PsychoPyUniformityIllusion\\UniformityIllusionPsychoPy\\Pics\\5a.png', 'endImage': 'C:\\Users\\hesselmann\\Desktop\\PsychoPyUniformityIllusion\\UniformityIllusionPsychoPy\\Pics\\5b.png', 'AB': 'b'}
59.5854 	EXP 	New trial (rep=0, index=12): {'startImage': 'C:\\Users\\hesselmann\\Desktop\\PsychoPyUniformityIllusion\\UniformityIllusionPsychoPy\\Pics\\13start.png', 'midImage': 'C:\\Users\\hesselmann\\Desktop\\PsychoPyUniformityIllusion\\UniformityIllusionPsychoPy\\Pics\\13a.png', 'endImage': 'C:\\Users\\hesselmann\\Desktop\\PsychoPyUniformityIllusion\\UniformityIllusionPsychoPy\\Pics\\13a.png', 'AB': None}
60.2476 	EXP 	New trial (rep=0, index=13): {'startImage': 'C:\\Users\\hesselmann\\Desktop\\PsychoPyUniformityIllusion\\UniformityIllusionPsychoPy\\Pics\\7start.png', 'midImage': 'C:\\Users\\hesselmann\\Desktop\\PsychoPyUniformityIllusion\\UniformityIllusionPsychoPy\\Pics\\7a.png', 'endImage': 'C:\\Users\\hesselmann\\Desktop\\PsychoPyUniformityIllusion\\UniformityIllusionPsychoPy\\Pics\\7a.png', 'AB': None}
60.9109 	EXP 	WelcomeText: autoDraw = False
60.9109 	EXP 	hasPeriphery: size = array([1.77777778, 1.        ])
60.9109 	EXP 	hasPeriphery: image = 'C:\\Users\\hesselmann\\Desktop\\PsychoPyUniformityIllusion\\UniformityIllusionPsychoPy\\Pics\\10a.png'
60.9109 	EXP 	noPeriphery: size = array([1.77777778, 1.        ])
60.9109 	EXP 	noPeriphery: image = 'C:\\Users\\hesselmann\\Desktop\\PsychoPyUniformityIllusion\\UniformityIllusionPsychoPy\\Pics\\10start.png'
60.9109 	EXP 	final: size = array([1.77777778, 1.        ])
60.9109 	EXP 	final: image = 'C:\\Users\\hesselmann\\Desktop\\PsychoPyUniformityIllusion\\UniformityIllusionPsychoPy\\Pics\\10a.png'
60.9109 	EXP 	hasPeriphery: autoDraw = True
60.9109 	EXP 	hasPeriphery: texRes = 128.0
60.9109 	EXP 	noPeriphery: autoDraw = True
60.9109 	EXP 	noPeriphery: texRes = 128.0
60.9109 	EXP 	text: autoDraw = True
60.9109 	EXP 	hasPeriphery: autoDraw = False
60.9109 	EXP 	noPeriphery: autoDraw = False
60.9109 	EXP 	final: autoDraw = False
60.9109 	EXP 	blank_screen: autoDraw = False
60.9109 	EXP 	text: autoDraw = False
60.9109 	EXP 	hasPeriphery: size = array([1.77777778, 1.        ])
60.9109 	EXP 	hasPeriphery: image = 'C:\\Users\\hesselmann\\Desktop\\PsychoPyUniformityIllusion\\UniformityIllusionPsychoPy\\Pics\\8a.png'
60.9109 	EXP 	noPeriphery: size = array([1.77777778, 1.        ])
60.9109 	EXP 	noPeriphery: image = 'C:\\Users\\hesselmann\\Desktop\\PsychoPyUniformityIllusion\\UniformityIllusionPsychoPy\\Pics\\8start.png'
60.9109 	EXP 	final: size = array([1.77777778, 1.        ])
60.9109 	EXP 	final: image = 'C:\\Users\\hesselmann\\Desktop\\PsychoPyUniformityIllusion\\UniformityIllusionPsychoPy\\Pics\\8a.png'
60.9109 	EXP 	hasPeriphery: autoDraw = True
60.9109 	EXP 	hasPeriphery: texRes = 128.0
60.9109 	EXP 	noPeriphery: autoDraw = True
60.9109 	EXP 	noPeriphery: texRes = 128.0
60.9109 	EXP 	text: autoDraw = True
60.9109 	EXP 	hasPeriphery: autoDraw = False
60.9109 	EXP 	noPeriphery: autoDraw = False
60.9109 	EXP 	final: autoDraw = False
60.9109 	EXP 	blank_screen: autoDraw = False
60.9109 	EXP 	text: autoDraw = False
60.9109 	EXP 	hasPeriphery: size = array([1.77777778, 1.        ])
60.9109 	EXP 	hasPeriphery: image = 'C:\\Users\\hesselmann\\Desktop\\PsychoPyUniformityIllusion\\UniformityIllusionPsychoPy\\Pics\\15a.png'
60.9109 	EXP 	noPeriphery: size = array([1.77777778, 1.        ])
60.9109 	EXP 	noPeriphery: image = 'C:\\Users\\hesselmann\\Desktop\\PsychoPyUniformityIllusion\\UniformityIllusionPsychoPy\\Pics\\15start.png'
60.9109 	EXP 	final: size = array([1.77777778, 1.        ])
60.9109 	EXP 	final: image = 'C:\\Users\\hesselmann\\Desktop\\PsychoPyUniformityIllusion\\UniformityIllusionPsychoPy\\Pics\\15a.png'
60.9109 	EXP 	hasPeriphery: autoDraw = True
60.9109 	EXP 	hasPeriphery: texRes = 128.0
60.9109 	EXP 	noPeriphery: autoDraw = True
60.9109 	EXP 	noPeriphery: texRes = 128.0
60.9109 	EXP 	text: autoDraw = True
60.9109 	EXP 	hasPeriphery: autoDraw = False
60.9109 	EXP 	noPeriphery: autoDraw = False
60.9109 	EXP 	final: autoDraw = False
60.9109 	EXP 	blank_screen: autoDraw = False
60.9109 	EXP 	text: autoDraw = False
60.9109 	EXP 	hasPeriphery: size = array([1.77777778, 1.        ])
60.9109 	EXP 	hasPeriphery: image = 'C:\\Users\\hesselmann\\Desktop\\PsychoPyUniformityIllusion\\UniformityIllusionPsychoPy\\Pics\\9a.png'
60.9109 	EXP 	noPeriphery: size = array([1.77777778, 1.        ])
60.9109 	EXP 	noPeriphery: image = 'C:\\Users\\hesselmann\\Desktop\\PsychoPyUniformityIllusion\\UniformityIllusionPsychoPy\\Pics\\9start.png'
60.9109 	EXP 	final: size = array([1.77777778, 1.        ])
60.9109 	EXP 	final: image = 'C:\\Users\\hesselmann\\Desktop\\PsychoPyUniformityIllusion\\UniformityIllusionPsychoPy\\Pics\\9b.png'
60.9109 	EXP 	hasPeriphery: autoDraw = True
60.9109 	EXP 	hasPeriphery: texRes = 128.0
60.9109 	EXP 	noPeriphery: autoDraw = True
60.9109 	EXP 	noPeriphery: texRes = 128.0
60.9109 	EXP 	text: autoDraw = True
60.9109 	EXP 	hasPeriphery: autoDraw = False
60.9109 	EXP 	noPeriphery: autoDraw = False
60.9109 	EXP 	final: autoDraw = False
60.9109 	EXP 	blank_screen: autoDraw = False
60.9109 	EXP 	text: autoDraw = False
60.9109 	EXP 	hasPeriphery: size = array([1.77777778, 1.        ])
60.9109 	EXP 	hasPeriphery: image = 'C:\\Users\\hesselmann\\Desktop\\PsychoPyUniformityIllusion\\UniformityIllusionPsychoPy\\Pics\\4a.png'
60.9109 	EXP 	noPeriphery: size = array([1.77777778, 1.        ])
60.9109 	EXP 	noPeriphery: image = 'C:\\Users\\hesselmann\\Desktop\\PsychoPyUniformityIllusion\\UniformityIllusionPsychoPy\\Pics\\4start.png'
60.9109 	EXP 	final: size = array([1.77777778, 1.        ])
60.9109 	EXP 	final: image = 'C:\\Users\\hesselmann\\Desktop\\PsychoPyUniformityIllusion\\UniformityIllusionPsychoPy\\Pics\\4a.png'
60.9109 	EXP 	hasPeriphery: autoDraw = True
60.9109 	EXP 	hasPeriphery: texRes = 128.0
60.9109 	EXP 	noPeriphery: autoDraw = True
60.9109 	EXP 	noPeriphery: texRes = 128.0
60.9109 	EXP 	text: autoDraw = True
60.9109 	EXP 	hasPeriphery: autoDraw = False
60.9109 	EXP 	noPeriphery: autoDraw = False
60.9109 	EXP 	final: autoDraw = False
60.9109 	EXP 	blank_screen: autoDraw = False
60.9109 	EXP 	text: autoDraw = False
60.9109 	EXP 	hasPeriphery: size = array([1.77777778, 1.        ])
60.9109 	EXP 	hasPeriphery: image = 'C:\\Users\\hesselmann\\Desktop\\PsychoPyUniformityIllusion\\UniformityIllusionPsychoPy\\Pics\\10a.png'
60.9109 	EXP 	noPeriphery: size = array([1.77777778, 1.        ])
60.9109 	EXP 	noPeriphery: image = 'C:\\Users\\hesselmann\\Desktop\\PsychoPyUniformityIllusion\\UniformityIllusionPsychoPy\\Pics\\10start.png'
60.9109 	EXP 	final: size = array([1.77777778, 1.        ])
60.9109 	EXP 	final: image = 'C:\\Users\\hesselmann\\Desktop\\PsychoPyUniformityIllusion\\UniformityIllusionPsychoPy\\Pics\\10b.png'
60.9109 	EXP 	hasPeriphery: autoDraw = True
60.9109 	EXP 	hasPeriphery: texRes = 128.0
60.9109 	EXP 	noPeriphery: autoDraw = True
60.9109 	EXP 	noPeriphery: texRes = 128.0
60.9109 	EXP 	text: autoDraw = True
60.9109 	EXP 	hasPeriphery: autoDraw = False
60.9109 	EXP 	noPeriphery: autoDraw = False
60.9109 	EXP 	final: autoDraw = False
60.9109 	EXP 	blank_screen: autoDraw = False
60.9109 	EXP 	text: autoDraw = False
60.9109 	EXP 	hasPeriphery: size = array([1.77777778, 1.        ])
60.9109 	EXP 	hasPeriphery: image = 'C:\\Users\\hesselmann\\Desktop\\PsychoPyUniformityIllusion\\UniformityIllusionPsychoPy\\Pics\\4a.png'
60.9109 	EXP 	noPeriphery: size = array([1.77777778, 1.        ])
60.9109 	EXP 	noPeriphery: image = 'C:\\Users\\hesselmann\\Desktop\\PsychoPyUniformityIllusion\\UniformityIllusionPsychoPy\\Pics\\4start.png'
60.9109 	EXP 	final: size = array([1.77777778, 1.        ])
60.9109 	EXP 	final: image = 'C:\\Users\\hesselmann\\Desktop\\PsychoPyUniformityIllusion\\UniformityIllusionPsychoPy\\Pics\\4b.png'
60.9109 	EXP 	hasPeriphery: autoDraw = True
60.9109 	EXP 	hasPeriphery: texRes = 128.0
60.9109 	EXP 	noPeriphery: autoDraw = True
60.9109 	EXP 	noPeriphery: texRes = 128.0
60.9109 	EXP 	text: autoDraw = True
60.9109 	EXP 	hasPeriphery: autoDraw = False
60.9109 	EXP 	noPeriphery: autoDraw = False
60.9109 	EXP 	final: autoDraw = False
60.9109 	EXP 	blank_screen: autoDraw = False
60.9109 	EXP 	text: autoDraw = False
60.9109 	EXP 	hasPeriphery: size = array([1.77777778, 1.        ])
60.9109 	EXP 	hasPeriphery: image = 'C:\\Users\\hesselmann\\Desktop\\PsychoPyUniformityIllusion\\UniformityIllusionPsychoPy\\Pics\\7a.png'
60.9109 	EXP 	noPeriphery: size = array([1.77777778, 1.        ])
60.9109 	EXP 	noPeriphery: image = 'C:\\Users\\hesselmann\\Desktop\\PsychoPyUniformityIllusion\\UniformityIllusionPsychoPy\\Pics\\7start.png'
60.9109 	EXP 	final: size = array([1.77777778, 1.        ])
60.9109 	EXP 	final: image = 'C:\\Users\\hesselmann\\Desktop\\PsychoPyUniformityIllusion\\UniformityIllusionPsychoPy\\Pics\\7b.png'
60.9109 	EXP 	hasPeriphery: autoDraw = True
60.9109 	EXP 	hasPeriphery: texRes = 128.0
60.9109 	EXP 	noPeriphery: autoDraw = True
60.9109 	EXP 	noPeriphery: texRes = 128.0
60.9109 	EXP 	text: autoDraw = True
60.9109 	EXP 	hasPeriphery: autoDraw = False
60.9109 	EXP 	noPeriphery: autoDraw = False
60.9109 	EXP 	final: autoDraw = False
60.9109 	EXP 	blank_screen: autoDraw = False
60.9109 	EXP 	text: autoDraw = False
60.9109 	EXP 	hasPeriphery: size = array([1.77777778, 1.        ])
60.9109 	EXP 	hasPeriphery: image = 'C:\\Users\\hesselmann\\Desktop\\PsychoPyUniformityIllusion\\UniformityIllusionPsychoPy\\Pics\\12a.png'
60.9109 	EXP 	noPeriphery: size = array([1.77777778, 1.        ])
60.9109 	EXP 	noPeriphery: image = 'C:\\Users\\hesselmann\\Desktop\\PsychoPyUniformityIllusion\\UniformityIllusionPsychoPy\\Pics\\12start.png'
60.9109 	EXP 	final: size = array([1.77777778, 1.        ])
60.9109 	EXP 	final: image = 'C:\\Users\\hesselmann\\Desktop\\PsychoPyUniformityIllusion\\UniformityIllusionPsychoPy\\Pics\\12a.png'
60.9109 	EXP 	hasPeriphery: autoDraw = True
60.9109 	EXP 	hasPeriphery: texRes = 128.0
60.9109 	EXP 	noPeriphery: autoDraw = True
60.9109 	EXP 	noPeriphery: texRes = 128.0
60.9109 	EXP 	text: autoDraw = True
60.9109 	EXP 	hasPeriphery: autoDraw = False
60.9109 	EXP 	noPeriphery: autoDraw = False
60.9109 	EXP 	final: autoDraw = False
60.9109 	EXP 	blank_screen: autoDraw = False
60.9109 	EXP 	text: autoDraw = False
60.9109 	EXP 	hasPeriphery: size = array([1.77777778, 1.        ])
60.9109 	EXP 	hasPeriphery: image = 'C:\\Users\\hesselmann\\Desktop\\PsychoPyUniformityIllusion\\UniformityIllusionPsychoPy\\Pics\\11a.png'
60.9109 	EXP 	noPeriphery: size = array([1.77777778, 1.        ])
60.9109 	EXP 	noPeriphery: image = 'C:\\Users\\hesselmann\\Desktop\\PsychoPyUniformityIllusion\\UniformityIllusionPsychoPy\\Pics\\11start.png'
60.9109 	EXP 	final: size = array([1.77777778, 1.        ])
60.9109 	EXP 	final: image = 'C:\\Users\\hesselmann\\Desktop\\PsychoPyUniformityIllusion\\UniformityIllusionPsychoPy\\Pics\\11a.png'
60.9109 	EXP 	hasPeriphery: autoDraw = True
60.9109 	EXP 	hasPeriphery: texRes = 128.0
60.9109 	EXP 	noPeriphery: autoDraw = True
60.9109 	EXP 	noPeriphery: texRes = 128.0
60.9109 	EXP 	text: autoDraw = True
60.9109 	EXP 	hasPeriphery: autoDraw = False
60.9109 	EXP 	noPeriphery: autoDraw = False
60.9109 	EXP 	final: autoDraw = False
60.9109 	EXP 	blank_screen: autoDraw = False
60.9109 	EXP 	text: autoDraw = False
60.9109 	EXP 	hasPeriphery: size = array([1.77777778, 1.        ])
60.9109 	EXP 	hasPeriphery: image = 'C:\\Users\\hesselmann\\Desktop\\PsychoPyUniformityIllusion\\UniformityIllusionPsychoPy\\Pics\\5a.png'
60.9109 	EXP 	noPeriphery: size = array([1.77777778, 1.        ])
60.9109 	EXP 	noPeriphery: image = 'C:\\Users\\hesselmann\\Desktop\\PsychoPyUniformityIllusion\\UniformityIllusionPsychoPy\\Pics\\5start.png'
60.9109 	EXP 	final: size = array([1.77777778, 1.        ])
60.9109 	EXP 	final: image = 'C:\\Users\\hesselmann\\Desktop\\PsychoPyUniformityIllusion\\UniformityIllusionPsychoPy\\Pics\\5a.png'
60.9109 	EXP 	hasPeriphery: autoDraw = True
60.9109 	EXP 	hasPeriphery: texRes = 128.0
60.9109 	EXP 	noPeriphery: autoDraw = True
60.9109 	EXP 	noPeriphery: texRes = 128.0
60.9109 	EXP 	text: autoDraw = True
60.9109 	EXP 	hasPeriphery: autoDraw = False
60.9109 	EXP 	noPeriphery: autoDraw = False
60.9109 	EXP 	final: autoDraw = False
60.9109 	EXP 	blank_screen: autoDraw = False
60.9109 	EXP 	text: autoDraw = False
60.9109 	EXP 	hasPeriphery: size = array([1.77777778, 1.        ])
60.9109 	EXP 	hasPeriphery: image = 'C:\\Users\\hesselmann\\Desktop\\PsychoPyUniformityIllusion\\UniformityIllusionPsychoPy\\Pics\\5a.png'
60.9109 	EXP 	noPeriphery: size = array([1.77777778, 1.        ])
60.9109 	EXP 	noPeriphery: image = 'C:\\Users\\hesselmann\\Desktop\\PsychoPyUniformityIllusion\\UniformityIllusionPsychoPy\\Pics\\5start.png'
60.9109 	EXP 	final: size = array([1.77777778, 1.        ])
60.9109 	EXP 	final: image = 'C:\\Users\\hesselmann\\Desktop\\PsychoPyUniformityIllusion\\UniformityIllusionPsychoPy\\Pics\\5b.png'
60.9109 	EXP 	hasPeriphery: autoDraw = True
60.9109 	EXP 	hasPeriphery: texRes = 128.0
60.9109 	EXP 	noPeriphery: autoDraw = True
60.9109 	EXP 	noPeriphery: texRes = 128.0
60.9109 	EXP 	text: autoDraw = True
60.9109 	EXP 	hasPeriphery: autoDraw = False
60.9109 	EXP 	noPeriphery: autoDraw = False
60.9109 	EXP 	final: autoDraw = False
60.9109 	EXP 	blank_screen: autoDraw = False
60.9109 	EXP 	text: autoDraw = False
60.9109 	EXP 	hasPeriphery: size = array([1.77777778, 1.        ])
60.9109 	EXP 	hasPeriphery: image = 'C:\\Users\\hesselmann\\Desktop\\PsychoPyUniformityIllusion\\UniformityIllusionPsychoPy\\Pics\\13a.png'
60.9109 	EXP 	noPeriphery: size = array([1.77777778, 1.        ])
60.9109 	EXP 	noPeriphery: image = 'C:\\Users\\hesselmann\\Desktop\\PsychoPyUniformityIllusion\\UniformityIllusionPsychoPy\\Pics\\13start.png'
60.9109 	EXP 	final: size = array([1.77777778, 1.        ])
60.9109 	EXP 	final: image = 'C:\\Users\\hesselmann\\Desktop\\PsychoPyUniformityIllusion\\UniformityIllusionPsychoPy\\Pics\\13a.png'
60.9109 	EXP 	hasPeriphery: autoDraw = True
60.9109 	EXP 	hasPeriphery: texRes = 128.0
60.9109 	EXP 	noPeriphery: autoDraw = True
60.9109 	EXP 	noPeriphery: texRes = 128.0
60.9109 	EXP 	text: autoDraw = True
60.9109 	EXP 	hasPeriphery: autoDraw = False
60.9109 	EXP 	noPeriphery: autoDraw = False
60.9109 	EXP 	final: autoDraw = False
60.9109 	EXP 	blank_screen: autoDraw = False
60.9109 	EXP 	text: autoDraw = False
60.9109 	EXP 	hasPeriphery: size = array([1.77777778, 1.        ])
60.9109 	EXP 	hasPeriphery: image = 'C:\\Users\\hesselmann\\Desktop\\PsychoPyUniformityIllusion\\UniformityIllusionPsychoPy\\Pics\\7a.png'
60.9109 	EXP 	noPeriphery: size = array([1.77777778, 1.        ])
60.9109 	EXP 	noPeriphery: image = 'C:\\Users\\hesselmann\\Desktop\\PsychoPyUniformityIllusion\\UniformityIllusionPsychoPy\\Pics\\7start.png'
60.9109 	EXP 	final: size = array([1.77777778, 1.        ])
60.9109 	EXP 	final: image = 'C:\\Users\\hesselmann\\Desktop\\PsychoPyUniformityIllusion\\UniformityIllusionPsychoPy\\Pics\\7a.png'
60.9109 	EXP 	hasPeriphery: autoDraw = True
60.9109 	EXP 	hasPeriphery: texRes = 128.0
60.9109 	EXP 	noPeriphery: autoDraw = True
60.9109 	EXP 	noPeriphery: texRes = 128.0
60.9109 	EXP 	text: autoDraw = True
61.2658 	EXP 	hasPeriphery: texRes = 128.0
61.2658 	EXP 	noPeriphery: texRes = 128.0
61.4911 	EXP 	New trial (rep=0, index=14): {'startImage': 'C:\\Users\\hesselmann\\Desktop\\PsychoPyUniformityIllusion\\UniformityIllusionPsychoPy\\Pics\\15start.png', 'midImage': 'C:\\Users\\hesselmann\\Desktop\\PsychoPyUniformityIllusion\\UniformityIllusionPsychoPy\\Pics\\15a.png', 'endImage': 'C:\\Users\\hesselmann\\Desktop\\PsychoPyUniformityIllusion\\UniformityIllusionPsychoPy\\Pics\\15b.png', 'AB': None}
62.2996 	EXP 	window1: mouseVisible = True
