1.0078 	WARNING 	We strongly recommend you activate the PTB sound engine in PsychoPy prefs as the preferred audio engine. Its timing is vastly superior. Your prefs are currently set to use ['sounddevice', 'PTB', 'pyo', 'pygame'] (in that order).
5.9776 	EXP 	Created window1 = Window(allowGUI=False, allowStencil=False, autoLog=True, backendConf=UNKNOWN, bitsMode=UNKNOWN, blendMode='avg', bpc=(8, 8, 8), color=array([0, 0, 0]), colorSpace='rgb', depthBits=8, fullscr=<method-wrapper '__getattribute__' of attributeSetter object at 0x00000248D6C66EF0>, gamma=None, gammaErrorPolicy='raise', lms=UNKNOWN, monitor=<psychopy.monitors.calibTools.Monitor object at 0x00000248D6B8F550>, multiSample=False, name='window1', numSamples=2, pos=[0.0, 0.0], screen=0, size=array([1920, 1080]), stencilBits=0, stereo=False, units='height', useFBO=True, useRetina=False, viewOri=0.0, viewPos=None, viewScale=None, waitBlanking=True, winType='pyglet')
5.9778 	EXP 	window1: mouseVisible = True
5.9778 	EXP 	window1: recordFrameIntervals = False
6.1096 	EXP 	window1: recordFrameIntervals = True
6.2564 	EXP 	window1: recordFrameIntervals = False
6.7518 	EXP 	Created WelcomeText = TextStim(__class__=<class 'psychopy.visual.text.TextStim'>, alignHoriz=method-wrapper(...), alignText='center', alignVert=method-wrapper(...), anchorHoriz='center', anchorVert='center', antialias=True, autoLog=True, bold=False, color=array([1, 1, 1]), colorSpace='rgb', contrast=1.0, depth=0.0, flipHoriz=False, flipVert=False, font='Open Sans', fontFiles=[], height=0.1, italic=False, languageStyle='LTR', name='WelcomeText', opacity=1, ori=0.0, pos=array([0., 0.]), rgb=UNKNOWN, text='Welcome to our Study!', units='height', win=Window(...), wrapWidth=1)
6.7688 	EXP 	Imported depression.xlsx as conditions, 2 conditions, 12 params
6.7702 	EXP 	Question text: Sadness
6.7927 	EXP 	window1: mouseVisible = True
6.8261 	EXP 	Question text: Pessimism
6.8340 	EXP 	window1: mouseVisible = True
6.8562 	EXP 	window1: mouseVisible = True
6.8604 	EXP 	Created unnamed Rect = Rect(__class__=<class 'psychopy.visual.rect.Rect'>, autoDraw=False, autoLog=True, closeShape=True, color=method-wrapper(...), colorSpace='rgb', contrast=None, depth=0, fillColor=array([0, 0, 0]), fillColorSpace='rgb', fillRGB=UNKNOWN, interpolate=True, lineColor=array([0, 0, 0]), lineColorSpace='rgb', lineRGB=UNKNOWN, lineWidth=1.5, name='unnamed Rect', opacity=0, ori=0.0, pos=array([0., 0.]), size=array([0., 0.]), units='height', vertices=ndarray(...), win=Window(...))
6.8677 	EXP 	Created DepressionQuestionnaire = <psychopy.visual.form.Form object at 0x00000248D99DA7B8>
6.8913 	EXP 	window1: mouseVisible = True
6.9347 	EXP 	Created instructionsText = TextStim(__class__=<class 'psychopy.visual.text.TextStim'>, alignHoriz=method-wrapper(...), alignText='center', alignVert=method-wrapper(...), anchorHoriz='center', anchorVert='center', antialias=True, autoLog=True, bold=False, color=array([1, 1, 1]), colorSpace='rgb', contrast=1.0, depth=0.0, flipHoriz=False, flipVert=False, font='Open Sans', fontFiles=[], height=0.04, italic=False, languageStyle='LTR', name='instructionsText', opacity=1, ori=0.0, pos=array([0., 0.]), rgb=UNKNOWN, text=str(...), units='height', win=Window(...), wrapWidth=1)
6.9380 	EXP 	Created hasPeriphery = ImageStim(__class__=<class 'psychopy.visual.image.ImageStim'>, autoLog=True, color=array([1, 1, 1]), colorSpace='rgb', contrast=1.0, depth=-1.0, flipHoriz=False, flipVert=False, image='sin', interpolate=True, mask=None, maskParams=None, name='hasPeriphery', opacity=1.0, ori=0.0, pos=array([0., 0.]), size=array([0.5, 0.5]), texRes=128.0, units='height', win=Window(...))
6.9406 	EXP 	Created noPeriphery = ImageStim(__class__=<class 'psychopy.visual.image.ImageStim'>, autoLog=True, color=array([1, 1, 1]), colorSpace='rgb', contrast=1.0, depth=-3.0, flipHoriz=False, flipVert=False, image='sin', interpolate=True, mask=None, maskParams=None, name='noPeriphery', opacity=1.0, ori=0.0, pos=array([0., 0.]), size=array([0.5, 0.5]), texRes=128.0, units='height', win=Window(...))
6.9428 	EXP 	Created final = ImageStim(__class__=<class 'psychopy.visual.image.ImageStim'>, autoLog=True, color=array([1, 1, 1]), colorSpace='rgb', contrast=1.0, depth=-4.0, flipHoriz=False, flipVert=False, image='sin', interpolate=True, mask=None, maskParams=None, name='final', opacity=1.0, ori=0.0, pos=array([0., 0.]), size=array([0.5, 0.5]), texRes=128.0, units='height', win=Window(...))
6.9439 	EXP 	Created blank_screen = Rect(__class__=<class 'psychopy.visual.rect.Rect'>, autoDraw=False, autoLog=True, closeShape=True, color=method-wrapper(...), colorSpace='rgb', contrast=None, depth=-5.0, fillColor=array([1, 1, 1]), fillColorSpace='rgb', fillRGB=UNKNOWN, interpolate=True, lineColor=array([1, 1, 1]), lineColorSpace='rgb', lineRGB=UNKNOWN, lineWidth=1.0, name='blank_screen', opacity=1.0, ori=0.0, pos=array([0., 0.]), size=array([2., 2.]), units='height', vertices=ndarray(...), win=Window(...))
6.9493 	EXP 	Created text = TextStim(__class__=<class 'psychopy.visual.text.TextStim'>, alignHoriz=method-wrapper(...), alignText='center', alignVert=method-wrapper(...), anchorHoriz='center', anchorVert='center', antialias=True, autoLog=True, bold=False, color=array([ 1, -1, -1]), colorSpace='rgb', contrast=1.0, depth=-6.0, flipHoriz=False, flipVert=False, font='Open Sans', fontFiles=[], height=0.1, italic=False, languageStyle='LTR', name='text', opacity=1, ori=0.0, pos=array([0., 0.]), rgb=UNKNOWN, text='+', units='height', win=Window(...), wrapWidth=1)
6.9599 	EXP 	Created WelcomeText = TextStim(__class__=<class 'psychopy.visual.text.TextStim'>, alignHoriz=method-wrapper(...), alignText='center', alignVert=method-wrapper(...), anchorHoriz='center', anchorVert='center', antialias=True, autoLog=True, bold=False, color=array([1, 1, 1]), colorSpace='rgb', contrast=1.0, depth=0.0, flipHoriz=False, flipVert=False, font='Open Sans', fontFiles=[], height=0.1, italic=False, languageStyle='LTR', name='WelcomeText', opacity=1, ori=0.0, pos=array([0., 0.]), rgb=UNKNOWN, text='Welcome to our Study!', units='height', win=Window(...), wrapWidth=1)
6.9626 	EXP 	Created hasPeriphery_2 = ImageStim(__class__=<class 'psychopy.visual.image.ImageStim'>, autoLog=True, color=array([1, 1, 1]), colorSpace='rgb', contrast=1.0, depth=-1.0, flipHoriz=False, flipVert=False, image='sin', interpolate=True, mask=None, maskParams=None, name='hasPeriphery_2', opacity=1.0, ori=0.0, pos=array([0., 0.]), size=array([0.5, 0.5]), texRes=128.0, units='height', win=Window(...))
6.9650 	EXP 	Created noPeriphery_2 = ImageStim(__class__=<class 'psychopy.visual.image.ImageStim'>, autoLog=True, color=array([1, 1, 1]), colorSpace='rgb', contrast=1.0, depth=-3.0, flipHoriz=False, flipVert=False, image='sin', interpolate=True, mask=None, maskParams=None, name='noPeriphery_2', opacity=1.0, ori=0.0, pos=array([0., 0.]), size=array([0.5, 0.5]), texRes=128.0, units='height', win=Window(...))
6.9667 	EXP 	Created text_2 = TextStim(__class__=<class 'psychopy.visual.text.TextStim'>, alignHoriz=method-wrapper(...), alignText='center', alignVert=method-wrapper(...), anchorHoriz='center', anchorVert='center', antialias=True, autoLog=True, bold=False, color=array([ 1, -1, -1]), colorSpace='rgb', contrast=1.0, depth=-4.0, flipHoriz=False, flipVert=False, font='Open Sans', fontFiles=[], height=0.1, italic=False, languageStyle='LTR', name='text_2', opacity=1, ori=0.0, pos=array([0., 0.]), rgb=UNKNOWN, text='+', units='height', win=Window(...), wrapWidth=1)
7.0159 	EXP 	unnamed Form: autoLog = True
7.0159 	EXP 	DepressionQuestionnaire: name = 'DepressionQuestionnaire'
7.0159 	EXP 	DepressionQuestionnaire: size = (3.5, 1)
7.0159 	EXP 	DepressionQuestionnaire: size = array([3.5, 1. ])
7.0159 	EXP 	DepressionQuestionnaire: units = 'height'
7.0159 	EXP 	DepressionQuestionnaire: depth = 0
7.0159 	EXP 	WelcomeText: autoDraw = True
8.7134 	DATA 	Keypress: space
9.0293 	EXP 	WelcomeText: autoDraw = False
9.0293 	EXP 	DepressionQuestionnaire: autoDraw = True
9.8841 	DATA 	Mouse: Left button down, pos=(664,61)
9.9092 	EXP 	DepressionQuestionnaire: autoDraw = False
9.9092 	EXP 	instructionsText: autoDraw = True
9.9940 	DATA 	Mouse:  Left button up, pos=(664,61)
10.3239 	EXP 	Imported picPaths.xlsx as conditions, 6 conditions, 4 params
10.3242 	EXP 	Created sequence: sequential, trialTypes=6, nReps=1, seed=None
10.3246 	EXP 	New trial (rep=0, index=0): {'startImage': 'C:\\Users\\hesselmann\\Desktop\\PsychoPyUniformityIllusion\\UniformityIllusionPsychoPy\\Pics\\1start.png', 'midImage': 'C:\\Users\\hesselmann\\Desktop\\PsychoPyUniformityIllusion\\UniformityIllusionPsychoPy\\Pics\\1a.png', 'endImage': 'C:\\Users\\hesselmann\\Desktop\\PsychoPyUniformityIllusion\\UniformityIllusionPsychoPy\\Pics\\1a.png', 'AB': 'a'}
10.5592 	DATA 	Keypress: space
10.6031 	EXP 	instructionsText: autoDraw = False
10.6031 	EXP 	hasPeriphery: size = array([1.77777778, 1.        ])
10.6031 	EXP 	hasPeriphery: image = 'C:\\Users\\hesselmann\\Desktop\\PsychoPyUniformityIllusion\\UniformityIllusionPsychoPy\\Pics\\1a.png'
10.6031 	EXP 	noPeriphery: size = array([1.77777778, 1.        ])
10.6031 	EXP 	noPeriphery: image = 'C:\\Users\\hesselmann\\Desktop\\PsychoPyUniformityIllusion\\UniformityIllusionPsychoPy\\Pics\\1start.png'
10.6031 	EXP 	final: size = array([1.77777778, 1.        ])
10.6031 	EXP 	final: image = 'C:\\Users\\hesselmann\\Desktop\\PsychoPyUniformityIllusion\\UniformityIllusionPsychoPy\\Pics\\1a.png'
10.6031 	EXP 	hasPeriphery: autoDraw = True
10.6031 	EXP 	hasPeriphery: texRes = 128.0
10.6031 	EXP 	noPeriphery: autoDraw = True
10.6031 	EXP 	noPeriphery: texRes = 128.0
10.6031 	EXP 	text: autoDraw = True
10.7499 	EXP 	hasPeriphery: texRes = 128.0
10.7499 	EXP 	noPeriphery: texRes = 128.0
10.8969 	EXP 	hasPeriphery: texRes = 128.0
10.8969 	EXP 	noPeriphery: texRes = 128.0
11.0429 	EXP 	hasPeriphery: texRes = 128.0
11.0429 	EXP 	noPeriphery: texRes = 128.0
11.1901 	EXP 	hasPeriphery: texRes = 128.0
11.1901 	EXP 	noPeriphery: texRes = 128.0
11.3360 	EXP 	hasPeriphery: texRes = 128.0
11.3360 	EXP 	noPeriphery: texRes = 128.0
11.4831 	EXP 	hasPeriphery: texRes = 128.0
11.4831 	EXP 	noPeriphery: texRes = 128.0
11.6294 	EXP 	hasPeriphery: texRes = 128.0
11.6294 	EXP 	noPeriphery: texRes = 128.0
11.7894 	EXP 	hasPeriphery: texRes = 128.0
11.7894 	EXP 	noPeriphery: texRes = 128.0
11.9361 	EXP 	hasPeriphery: texRes = 128.0
11.9361 	EXP 	noPeriphery: texRes = 128.0
12.0694 	EXP 	hasPeriphery: texRes = 128.0
12.0694 	EXP 	noPeriphery: texRes = 128.0
12.2169 	EXP 	hasPeriphery: texRes = 128.0
12.2169 	EXP 	noPeriphery: texRes = 128.0
12.3627 	EXP 	hasPeriphery: texRes = 128.0
12.3627 	EXP 	noPeriphery: texRes = 128.0
12.5102 	EXP 	hasPeriphery: texRes = 128.0
12.5102 	EXP 	noPeriphery: texRes = 128.0
12.6428 	EXP 	hasPeriphery: texRes = 128.0
12.6428 	EXP 	noPeriphery: texRes = 128.0
12.7900 	EXP 	hasPeriphery: texRes = 128.0
12.7900 	EXP 	noPeriphery: texRes = 128.0
12.9496 	EXP 	hasPeriphery: texRes = 128.0
12.9496 	EXP 	noPeriphery: texRes = 128.0
13.0963 	EXP 	hasPeriphery: texRes = 128.0
13.0963 	EXP 	noPeriphery: texRes = 128.0
13.2428 	EXP 	hasPeriphery: texRes = 128.0
13.2428 	EXP 	noPeriphery: texRes = 128.0
13.3896 	EXP 	hasPeriphery: texRes = 128.0
13.3896 	EXP 	noPeriphery: texRes = 128.0
13.5895 	EXP 	hasPeriphery: texRes = 128.0
13.5895 	EXP 	noPeriphery: texRes = 128.0
13.5895 	EXP 	final: autoDraw = True
13.5895 	EXP 	final: texRes = 128.0
13.7649 	DATA 	Keypress: space
13.8171 	EXP 	hasPeriphery: texRes = 128.0
13.8171 	EXP 	noPeriphery: texRes = 128.0
13.8171 	EXP 	final: texRes = 128.0
13.8171 	EXP 	blank_screen: autoDraw = True
13.9670 	EXP 	New trial (rep=0, index=1): {'startImage': 'C:\\Users\\hesselmann\\Desktop\\PsychoPyUniformityIllusion\\UniformityIllusionPsychoPy\\Pics\\1start.png', 'midImage': 'C:\\Users\\hesselmann\\Desktop\\PsychoPyUniformityIllusion\\UniformityIllusionPsychoPy\\Pics\\1a.png', 'endImage': 'C:\\Users\\hesselmann\\Desktop\\PsychoPyUniformityIllusion\\UniformityIllusionPsychoPy\\Pics\\1b.png', 'AB': 'b'}
14.2430 	EXP 	hasPeriphery: texRes = 128.0
14.2430 	EXP 	noPeriphery: texRes = 128.0
14.2430 	EXP 	final: texRes = 128.0
14.2430 	EXP 	hasPeriphery: autoDraw = False
14.2430 	EXP 	noPeriphery: autoDraw = False
14.2430 	EXP 	final: autoDraw = False
14.2430 	EXP 	blank_screen: autoDraw = False
14.2430 	EXP 	text: autoDraw = False
14.2430 	EXP 	hasPeriphery: size = array([1.77777778, 1.        ])
14.2430 	EXP 	hasPeriphery: image = 'C:\\Users\\hesselmann\\Desktop\\PsychoPyUniformityIllusion\\UniformityIllusionPsychoPy\\Pics\\1a.png'
14.2430 	EXP 	noPeriphery: size = array([1.77777778, 1.        ])
14.2430 	EXP 	noPeriphery: image = 'C:\\Users\\hesselmann\\Desktop\\PsychoPyUniformityIllusion\\UniformityIllusionPsychoPy\\Pics\\1start.png'
14.2430 	EXP 	final: size = array([1.77777778, 1.        ])
14.2430 	EXP 	final: image = 'C:\\Users\\hesselmann\\Desktop\\PsychoPyUniformityIllusion\\UniformityIllusionPsychoPy\\Pics\\1b.png'
14.2430 	EXP 	hasPeriphery: autoDraw = True
14.2430 	EXP 	hasPeriphery: texRes = 128.0
14.2430 	EXP 	noPeriphery: autoDraw = True
14.2430 	EXP 	noPeriphery: texRes = 128.0
14.2430 	EXP 	text: autoDraw = True
14.3904 	EXP 	hasPeriphery: texRes = 128.0
14.3904 	EXP 	noPeriphery: texRes = 128.0
14.5364 	EXP 	hasPeriphery: texRes = 128.0
14.5364 	EXP 	noPeriphery: texRes = 128.0
14.6697 	EXP 	hasPeriphery: texRes = 128.0
14.6697 	EXP 	noPeriphery: texRes = 128.0
14.8164 	EXP 	hasPeriphery: texRes = 128.0
14.8164 	EXP 	noPeriphery: texRes = 128.0
14.9636 	EXP 	hasPeriphery: texRes = 128.0
14.9636 	EXP 	noPeriphery: texRes = 128.0
15.1101 	EXP 	hasPeriphery: texRes = 128.0
15.1101 	EXP 	noPeriphery: texRes = 128.0
15.2572 	EXP 	hasPeriphery: texRes = 128.0
15.2572 	EXP 	noPeriphery: texRes = 128.0
15.4033 	EXP 	hasPeriphery: texRes = 128.0
15.4033 	EXP 	noPeriphery: texRes = 128.0
15.5631 	EXP 	hasPeriphery: texRes = 128.0
15.5631 	EXP 	noPeriphery: texRes = 128.0
15.7105 	EXP 	hasPeriphery: texRes = 128.0
15.7105 	EXP 	noPeriphery: texRes = 128.0
15.8702 	EXP 	hasPeriphery: texRes = 128.0
15.8702 	EXP 	noPeriphery: texRes = 128.0
16.0172 	EXP 	hasPeriphery: texRes = 128.0
16.0172 	EXP 	noPeriphery: texRes = 128.0
16.1765 	EXP 	hasPeriphery: texRes = 128.0
16.1765 	EXP 	noPeriphery: texRes = 128.0
16.3237 	EXP 	hasPeriphery: texRes = 128.0
16.3237 	EXP 	noPeriphery: texRes = 128.0
16.4833 	EXP 	hasPeriphery: texRes = 128.0
16.4833 	EXP 	noPeriphery: texRes = 128.0
16.6299 	EXP 	hasPeriphery: texRes = 128.0
16.6299 	EXP 	noPeriphery: texRes = 128.0
16.7777 	EXP 	hasPeriphery: texRes = 128.0
16.7777 	EXP 	noPeriphery: texRes = 128.0
16.9374 	EXP 	hasPeriphery: texRes = 128.0
16.9374 	EXP 	noPeriphery: texRes = 128.0
17.0840 	EXP 	hasPeriphery: texRes = 128.0
17.0840 	EXP 	noPeriphery: texRes = 128.0
17.2966 	EXP 	hasPeriphery: texRes = 128.0
17.2966 	EXP 	noPeriphery: texRes = 128.0
17.2966 	EXP 	final: autoDraw = True
17.2966 	EXP 	final: texRes = 128.0
17.5109 	EXP 	hasPeriphery: texRes = 128.0
17.5109 	EXP 	noPeriphery: texRes = 128.0
17.5109 	EXP 	final: texRes = 128.0
17.5109 	EXP 	blank_screen: autoDraw = True
17.7374 	EXP 	hasPeriphery: texRes = 128.0
17.7374 	EXP 	noPeriphery: texRes = 128.0
17.7374 	EXP 	final: texRes = 128.0
17.9646 	EXP 	hasPeriphery: texRes = 128.0
17.9646 	EXP 	noPeriphery: texRes = 128.0
17.9646 	EXP 	final: texRes = 128.0
17.9646 	EXP 	blank_screen: autoDraw = False
18.1913 	EXP 	hasPeriphery: texRes = 128.0
18.1913 	EXP 	noPeriphery: texRes = 128.0
18.1913 	EXP 	final: texRes = 128.0
18.4041 	EXP 	hasPeriphery: texRes = 128.0
18.4041 	EXP 	noPeriphery: texRes = 128.0
18.4041 	EXP 	final: texRes = 128.0
18.6171 	EXP 	hasPeriphery: texRes = 128.0
18.6171 	EXP 	noPeriphery: texRes = 128.0
18.6171 	EXP 	final: texRes = 128.0
18.8181 	EXP 	hasPeriphery: texRes = 128.0
18.8181 	EXP 	noPeriphery: texRes = 128.0
18.8181 	EXP 	final: texRes = 128.0
19.0436 	EXP 	hasPeriphery: texRes = 128.0
19.0436 	EXP 	noPeriphery: texRes = 128.0
19.0436 	EXP 	final: texRes = 128.0
19.2452 	EXP 	hasPeriphery: texRes = 128.0
19.2452 	EXP 	noPeriphery: texRes = 128.0
19.2452 	EXP 	final: texRes = 128.0
19.4708 	EXP 	hasPeriphery: texRes = 128.0
19.4708 	EXP 	noPeriphery: texRes = 128.0
19.4708 	EXP 	final: texRes = 128.0
19.6708 	EXP 	hasPeriphery: texRes = 128.0
19.6708 	EXP 	noPeriphery: texRes = 128.0
19.6708 	EXP 	final: texRes = 128.0
19.8705 	EXP 	hasPeriphery: texRes = 128.0
19.8705 	EXP 	noPeriphery: texRes = 128.0
19.8705 	EXP 	final: texRes = 128.0
20.0836 	EXP 	hasPeriphery: texRes = 128.0
20.0836 	EXP 	noPeriphery: texRes = 128.0
20.0836 	EXP 	final: texRes = 128.0
20.2843 	EXP 	hasPeriphery: texRes = 128.0
20.2843 	EXP 	noPeriphery: texRes = 128.0
20.2843 	EXP 	final: texRes = 128.0
20.4844 	EXP 	hasPeriphery: texRes = 128.0
20.4844 	EXP 	noPeriphery: texRes = 128.0
20.4844 	EXP 	final: texRes = 128.0
20.6836 	EXP 	hasPeriphery: texRes = 128.0
20.6836 	EXP 	noPeriphery: texRes = 128.0
20.6836 	EXP 	final: texRes = 128.0
20.8840 	EXP 	hasPeriphery: texRes = 128.0
20.8840 	EXP 	noPeriphery: texRes = 128.0
20.8840 	EXP 	final: texRes = 128.0
21.0840 	EXP 	hasPeriphery: texRes = 128.0
21.0840 	EXP 	noPeriphery: texRes = 128.0
21.0840 	EXP 	final: texRes = 128.0
21.2840 	EXP 	hasPeriphery: texRes = 128.0
21.2840 	EXP 	noPeriphery: texRes = 128.0
21.2840 	EXP 	final: texRes = 128.0
21.4970 	EXP 	hasPeriphery: texRes = 128.0
21.4970 	EXP 	noPeriphery: texRes = 128.0
21.4970 	EXP 	final: texRes = 128.0
21.6980 	EXP 	hasPeriphery: texRes = 128.0
21.6980 	EXP 	noPeriphery: texRes = 128.0
21.6980 	EXP 	final: texRes = 128.0
21.8982 	EXP 	hasPeriphery: texRes = 128.0
21.8982 	EXP 	noPeriphery: texRes = 128.0
21.8982 	EXP 	final: texRes = 128.0
22.1111 	EXP 	hasPeriphery: texRes = 128.0
22.1111 	EXP 	noPeriphery: texRes = 128.0
22.1111 	EXP 	final: texRes = 128.0
22.3242 	EXP 	hasPeriphery: texRes = 128.0
22.3242 	EXP 	noPeriphery: texRes = 128.0
22.3242 	EXP 	final: texRes = 128.0
22.5240 	EXP 	hasPeriphery: texRes = 128.0
22.5240 	EXP 	noPeriphery: texRes = 128.0
22.5240 	EXP 	final: texRes = 128.0
22.7371 	EXP 	hasPeriphery: texRes = 128.0
22.7371 	EXP 	noPeriphery: texRes = 128.0
22.7371 	EXP 	final: texRes = 128.0
22.9383 	EXP 	hasPeriphery: texRes = 128.0
22.9383 	EXP 	noPeriphery: texRes = 128.0
22.9383 	EXP 	final: texRes = 128.0
23.1642 	EXP 	hasPeriphery: texRes = 128.0
23.1642 	EXP 	noPeriphery: texRes = 128.0
23.1642 	EXP 	final: texRes = 128.0
23.3644 	EXP 	hasPeriphery: texRes = 128.0
23.3644 	EXP 	noPeriphery: texRes = 128.0
23.3644 	EXP 	final: texRes = 128.0
23.5643 	EXP 	hasPeriphery: texRes = 128.0
23.5643 	EXP 	noPeriphery: texRes = 128.0
23.5643 	EXP 	final: texRes = 128.0
23.7643 	EXP 	hasPeriphery: texRes = 128.0
23.7643 	EXP 	noPeriphery: texRes = 128.0
23.7643 	EXP 	final: texRes = 128.0
23.9781 	EXP 	hasPeriphery: texRes = 128.0
23.9781 	EXP 	noPeriphery: texRes = 128.0
23.9781 	EXP 	final: texRes = 128.0
24.1910 	EXP 	hasPeriphery: texRes = 128.0
24.1910 	EXP 	noPeriphery: texRes = 128.0
24.1910 	EXP 	final: texRes = 128.0
24.3907 	EXP 	hasPeriphery: texRes = 128.0
24.3907 	EXP 	noPeriphery: texRes = 128.0
24.3907 	EXP 	final: texRes = 128.0
24.4714 	EXP 	hasPeriphery: autoDraw = False
24.4714 	EXP 	noPeriphery: autoDraw = False
24.4714 	EXP 	final: texRes = 128.0
24.5507 	EXP 	final: texRes = 128.0
24.6309 	EXP 	final: texRes = 128.0
24.7109 	EXP 	final: texRes = 128.0
24.7913 	EXP 	final: texRes = 128.0
24.8718 	EXP 	final: texRes = 128.0
24.9518 	EXP 	final: texRes = 128.0
25.0313 	EXP 	final: texRes = 128.0
25.1107 	EXP 	final: texRes = 128.0
25.1918 	EXP 	final: texRes = 128.0
25.2715 	EXP 	final: texRes = 128.0
25.3518 	EXP 	final: texRes = 128.0
25.4313 	EXP 	final: texRes = 128.0
25.5113 	EXP 	final: texRes = 128.0
25.5908 	EXP 	final: texRes = 128.0
25.6708 	EXP 	final: texRes = 128.0
25.7518 	EXP 	final: texRes = 128.0
25.8319 	EXP 	final: texRes = 128.0
25.9112 	EXP 	final: texRes = 128.0
26.0042 	EXP 	final: texRes = 128.0
26.0847 	EXP 	final: texRes = 128.0
26.1779 	EXP 	final: texRes = 128.0
26.2575 	EXP 	final: texRes = 128.0
26.3379 	EXP 	final: texRes = 128.0
26.4183 	EXP 	final: texRes = 128.0
26.4982 	EXP 	final: texRes = 128.0
26.5779 	EXP 	final: texRes = 128.0
26.6582 	EXP 	final: texRes = 128.0
26.7379 	EXP 	final: texRes = 128.0
26.8176 	EXP 	final: texRes = 128.0
26.8985 	EXP 	final: texRes = 128.0
26.9786 	EXP 	final: texRes = 128.0
27.0580 	EXP 	final: texRes = 128.0
27.1382 	EXP 	final: texRes = 128.0
27.2321 	EXP 	final: texRes = 128.0
27.3248 	EXP 	final: texRes = 128.0
27.4048 	EXP 	final: texRes = 128.0
27.4845 	EXP 	final: texRes = 128.0
27.5643 	EXP 	final: texRes = 128.0
27.6443 	EXP 	final: texRes = 128.0
27.7247 	EXP 	final: texRes = 128.0
27.8047 	EXP 	final: texRes = 128.0
27.8849 	EXP 	final: texRes = 128.0
27.9647 	EXP 	final: texRes = 128.0
28.0447 	EXP 	final: texRes = 128.0
28.1247 	EXP 	final: texRes = 128.0
28.2044 	EXP 	final: texRes = 128.0
28.2844 	EXP 	final: texRes = 128.0
28.3648 	EXP 	final: texRes = 128.0
28.4449 	EXP 	final: texRes = 128.0
28.5244 	EXP 	final: texRes = 128.0
28.6048 	EXP 	final: texRes = 128.0
28.6852 	EXP 	final: texRes = 128.0
28.7783 	EXP 	final: texRes = 128.0
28.8711 	EXP 	final: texRes = 128.0
28.9518 	EXP 	final: texRes = 128.0
29.0444 	EXP 	final: texRes = 128.0
29.1248 	EXP 	final: texRes = 128.0
29.2049 	EXP 	final: texRes = 128.0
29.2845 	EXP 	final: texRes = 128.0
29.3519 	EXP 	final: texRes = 128.0
29.3519 	EXP 	final: autoDraw = False
29.8634 	EXP 	New trial (rep=0, index=2): {'startImage': 'C:\\Users\\hesselmann\\Desktop\\PsychoPyUniformityIllusion\\UniformityIllusionPsychoPy\\Pics\\2start.png', 'midImage': 'C:\\Users\\hesselmann\\Desktop\\PsychoPyUniformityIllusion\\UniformityIllusionPsychoPy\\Pics\\2a.png', 'endImage': 'C:\\Users\\hesselmann\\Desktop\\PsychoPyUniformityIllusion\\UniformityIllusionPsychoPy\\Pics\\2a.png', 'AB': 'a'}
30.0754 	DATA 	Keypress: space
30.1116 	EXP 	hasPeriphery: autoDraw = False
30.1116 	EXP 	noPeriphery: autoDraw = False
30.1116 	EXP 	final: autoDraw = False
30.1116 	EXP 	blank_screen: autoDraw = False
30.1116 	EXP 	text: autoDraw = False
30.1116 	EXP 	hasPeriphery: size = array([1.77777778, 1.        ])
30.1116 	EXP 	hasPeriphery: image = 'C:\\Users\\hesselmann\\Desktop\\PsychoPyUniformityIllusion\\UniformityIllusionPsychoPy\\Pics\\2a.png'
30.1116 	EXP 	noPeriphery: size = array([1.77777778, 1.        ])
30.1116 	EXP 	noPeriphery: image = 'C:\\Users\\hesselmann\\Desktop\\PsychoPyUniformityIllusion\\UniformityIllusionPsychoPy\\Pics\\2start.png'
30.1116 	EXP 	final: size = array([1.77777778, 1.        ])
30.1116 	EXP 	final: image = 'C:\\Users\\hesselmann\\Desktop\\PsychoPyUniformityIllusion\\UniformityIllusionPsychoPy\\Pics\\2a.png'
30.1116 	EXP 	hasPeriphery: autoDraw = True
30.1116 	EXP 	hasPeriphery: texRes = 128.0
30.1116 	EXP 	noPeriphery: autoDraw = True
30.1116 	EXP 	noPeriphery: texRes = 128.0
30.1116 	EXP 	text: autoDraw = True
30.2316 	EXP 	hasPeriphery: texRes = 128.0
30.2316 	EXP 	noPeriphery: texRes = 128.0
30.3650 	EXP 	hasPeriphery: texRes = 128.0
30.3650 	EXP 	noPeriphery: texRes = 128.0
30.4855 	EXP 	hasPeriphery: texRes = 128.0
30.4855 	EXP 	noPeriphery: texRes = 128.0
30.6049 	EXP 	hasPeriphery: texRes = 128.0
30.6049 	EXP 	noPeriphery: texRes = 128.0
30.7385 	EXP 	hasPeriphery: texRes = 128.0
30.7385 	EXP 	noPeriphery: texRes = 128.0
30.8721 	EXP 	hasPeriphery: texRes = 128.0
30.8721 	EXP 	noPeriphery: texRes = 128.0
31.0053 	EXP 	hasPeriphery: texRes = 128.0
31.0053 	EXP 	noPeriphery: texRes = 128.0
31.1521 	EXP 	hasPeriphery: texRes = 128.0
31.1521 	EXP 	noPeriphery: texRes = 128.0
31.2721 	EXP 	hasPeriphery: texRes = 128.0
31.2721 	EXP 	noPeriphery: texRes = 128.0
31.4056 	EXP 	hasPeriphery: texRes = 128.0
31.4056 	EXP 	noPeriphery: texRes = 128.0
31.5518 	EXP 	hasPeriphery: texRes = 128.0
31.5518 	EXP 	noPeriphery: texRes = 128.0
31.6722 	EXP 	hasPeriphery: texRes = 128.0
31.6722 	EXP 	noPeriphery: texRes = 128.0
31.7917 	EXP 	hasPeriphery: texRes = 128.0
31.7917 	EXP 	noPeriphery: texRes = 128.0
31.9251 	EXP 	hasPeriphery: texRes = 128.0
31.9251 	EXP 	noPeriphery: texRes = 128.0
32.0454 	EXP 	hasPeriphery: texRes = 128.0
32.0454 	EXP 	noPeriphery: texRes = 128.0
32.1787 	EXP 	hasPeriphery: texRes = 128.0
32.1787 	EXP 	noPeriphery: texRes = 128.0
32.3121 	EXP 	hasPeriphery: texRes = 128.0
32.3121 	EXP 	noPeriphery: texRes = 128.0
32.4448 	EXP 	hasPeriphery: texRes = 128.0
32.4448 	EXP 	noPeriphery: texRes = 128.0
32.5782 	EXP 	hasPeriphery: texRes = 128.0
32.5782 	EXP 	noPeriphery: texRes = 128.0
32.7519 	EXP 	hasPeriphery: texRes = 128.0
32.7519 	EXP 	noPeriphery: texRes = 128.0
32.7519 	EXP 	final: autoDraw = True
32.7519 	EXP 	final: texRes = 128.0
32.9389 	EXP 	hasPeriphery: texRes = 128.0
32.9389 	EXP 	noPeriphery: texRes = 128.0
32.9389 	EXP 	final: texRes = 128.0
32.9389 	EXP 	blank_screen: autoDraw = True
33.1386 	EXP 	hasPeriphery: texRes = 128.0
33.1386 	EXP 	noPeriphery: texRes = 128.0
33.1386 	EXP 	final: texRes = 128.0
33.3252 	EXP 	hasPeriphery: texRes = 128.0
33.3252 	EXP 	noPeriphery: texRes = 128.0
33.3252 	EXP 	final: texRes = 128.0
33.3252 	EXP 	blank_screen: autoDraw = False
33.5123 	EXP 	hasPeriphery: texRes = 128.0
33.5123 	EXP 	noPeriphery: texRes = 128.0
33.5123 	EXP 	final: texRes = 128.0
33.6986 	EXP 	hasPeriphery: texRes = 128.0
33.6986 	EXP 	noPeriphery: texRes = 128.0
33.6986 	EXP 	final: texRes = 128.0
33.8716 	EXP 	hasPeriphery: texRes = 128.0
33.8716 	EXP 	noPeriphery: texRes = 128.0
33.8716 	EXP 	final: texRes = 128.0
34.0586 	EXP 	hasPeriphery: texRes = 128.0
34.0586 	EXP 	noPeriphery: texRes = 128.0
34.0586 	EXP 	final: texRes = 128.0
34.2324 	EXP 	hasPeriphery: texRes = 128.0
34.2324 	EXP 	noPeriphery: texRes = 128.0
34.2324 	EXP 	final: texRes = 128.0
34.4187 	EXP 	hasPeriphery: texRes = 128.0
34.4187 	EXP 	noPeriphery: texRes = 128.0
34.4187 	EXP 	final: texRes = 128.0
34.5921 	EXP 	hasPeriphery: texRes = 128.0
34.5921 	EXP 	noPeriphery: texRes = 128.0
34.5921 	EXP 	final: texRes = 128.0
34.7650 	EXP 	hasPeriphery: texRes = 128.0
34.7650 	EXP 	noPeriphery: texRes = 128.0
34.7650 	EXP 	final: texRes = 128.0
34.9518 	EXP 	hasPeriphery: texRes = 128.0
34.9518 	EXP 	noPeriphery: texRes = 128.0
34.9518 	EXP 	final: texRes = 128.0
35.1517 	EXP 	hasPeriphery: texRes = 128.0
35.1517 	EXP 	noPeriphery: texRes = 128.0
35.1517 	EXP 	final: texRes = 128.0
35.3388 	EXP 	hasPeriphery: texRes = 128.0
35.3388 	EXP 	noPeriphery: texRes = 128.0
35.3388 	EXP 	final: texRes = 128.0
35.4902 	DATA 	Keypress: space
35.5255 	EXP 	hasPeriphery: texRes = 128.0
35.5255 	EXP 	noPeriphery: texRes = 128.0
35.5255 	EXP 	final: texRes = 128.0
35.6399 	EXP 	New trial (rep=0, index=3): {'startImage': 'C:\\Users\\hesselmann\\Desktop\\PsychoPyUniformityIllusion\\UniformityIllusionPsychoPy\\Pics\\2start.png', 'midImage': 'C:\\Users\\hesselmann\\Desktop\\PsychoPyUniformityIllusion\\UniformityIllusionPsychoPy\\Pics\\2a.png', 'endImage': 'C:\\Users\\hesselmann\\Desktop\\PsychoPyUniformityIllusion\\UniformityIllusionPsychoPy\\Pics\\2b.png', 'AB': 'b'}
35.8729 	EXP 	hasPeriphery: texRes = 128.0
35.8729 	EXP 	noPeriphery: texRes = 128.0
35.8729 	EXP 	final: texRes = 128.0
35.8729 	EXP 	hasPeriphery: autoDraw = False
35.8729 	EXP 	noPeriphery: autoDraw = False
35.8729 	EXP 	final: autoDraw = False
35.8729 	EXP 	blank_screen: autoDraw = False
35.8729 	EXP 	text: autoDraw = False
35.8729 	EXP 	hasPeriphery: size = array([1.77777778, 1.        ])
35.8729 	EXP 	hasPeriphery: image = 'C:\\Users\\hesselmann\\Desktop\\PsychoPyUniformityIllusion\\UniformityIllusionPsychoPy\\Pics\\2a.png'
35.8729 	EXP 	noPeriphery: size = array([1.77777778, 1.        ])
35.8729 	EXP 	noPeriphery: image = 'C:\\Users\\hesselmann\\Desktop\\PsychoPyUniformityIllusion\\UniformityIllusionPsychoPy\\Pics\\2start.png'
35.8729 	EXP 	final: size = array([1.77777778, 1.        ])
35.8729 	EXP 	final: image = 'C:\\Users\\hesselmann\\Desktop\\PsychoPyUniformityIllusion\\UniformityIllusionPsychoPy\\Pics\\2b.png'
35.8729 	EXP 	hasPeriphery: autoDraw = True
35.8729 	EXP 	hasPeriphery: texRes = 128.0
35.8729 	EXP 	noPeriphery: autoDraw = True
35.8729 	EXP 	noPeriphery: texRes = 128.0
35.8729 	EXP 	text: autoDraw = True
36.0052 	EXP 	hasPeriphery: texRes = 128.0
36.0052 	EXP 	noPeriphery: texRes = 128.0
36.1255 	EXP 	hasPeriphery: texRes = 128.0
36.1255 	EXP 	noPeriphery: texRes = 128.0
36.2588 	EXP 	hasPeriphery: texRes = 128.0
36.2588 	EXP 	noPeriphery: texRes = 128.0
36.4056 	EXP 	hasPeriphery: texRes = 128.0
36.4056 	EXP 	noPeriphery: texRes = 128.0
36.5398 	EXP 	hasPeriphery: texRes = 128.0
36.5398 	EXP 	noPeriphery: texRes = 128.0
36.6589 	EXP 	hasPeriphery: texRes = 128.0
36.6589 	EXP 	noPeriphery: texRes = 128.0
36.7919 	EXP 	hasPeriphery: texRes = 128.0
36.7919 	EXP 	noPeriphery: texRes = 128.0
36.9120 	EXP 	hasPeriphery: texRes = 128.0
36.9120 	EXP 	noPeriphery: texRes = 128.0
37.0453 	EXP 	hasPeriphery: texRes = 128.0
37.0453 	EXP 	noPeriphery: texRes = 128.0
37.1786 	EXP 	hasPeriphery: texRes = 128.0
37.1786 	EXP 	noPeriphery: texRes = 128.0
37.3122 	EXP 	hasPeriphery: texRes = 128.0
37.3122 	EXP 	noPeriphery: texRes = 128.0
37.4171 	DATA 	Keypress: escape
37.4454 	EXP 	hasPeriphery: texRes = 128.0
37.4454 	EXP 	noPeriphery: texRes = 128.0
37.6751 	EXP 	window1: mouseVisible = True
