1.0441 	WARNING 	We strongly recommend you activate the PTB sound engine in PsychoPy prefs as the preferred audio engine. Its timing is vastly superior. Your prefs are currently set to use ['sounddevice', 'PTB', 'pyo', 'pygame'] (in that order).
5.9339 	EXP 	Created window1 = Window(allowGUI=False, allowStencil=False, autoLog=True, backendConf=UNKNOWN, bitsMode=UNKNOWN, blendMode='avg', bpc=(8, 8, 8), color=array([0, 0, 0]), colorSpace='rgb', depthBits=8, fullscr=<method-wrapper '__getattribute__' of attributeSetter object at 0x000001ED2DB96F60>, gamma=None, gammaErrorPolicy='raise', lms=UNKNOWN, monitor=<psychopy.monitors.calibTools.Monitor object at 0x000001ED2DAB75F8>, multiSample=False, name='window1', numSamples=2, pos=[0.0, 0.0], screen=0, size=array([1920, 1080]), stencilBits=0, stereo=False, units='height', useFBO=True, useRetina=False, viewOri=0.0, viewPos=None, viewScale=None, waitBlanking=True, winType='pyglet')
5.9342 	EXP 	window1: mouseVisible = True
5.9342 	EXP 	window1: recordFrameIntervals = False
6.0655 	EXP 	window1: recordFrameIntervals = True
6.2129 	EXP 	window1: recordFrameIntervals = False
6.6945 	EXP 	Created WelcomeText = TextStim(__class__=<class 'psychopy.visual.text.TextStim'>, alignHoriz=method-wrapper(...), alignText='center', alignVert=method-wrapper(...), anchorHoriz='center', anchorVert='center', antialias=True, autoLog=True, bold=False, color=array([1, 1, 1]), colorSpace='rgb', contrast=1.0, depth=0.0, flipHoriz=False, flipVert=False, font='Open Sans', fontFiles=[], height=0.1, italic=False, languageStyle='LTR', name='WelcomeText', opacity=1, ori=0.0, pos=array([0., 0.]), rgb=UNKNOWN, text='Welcome to our Study!', units='height', win=Window(...), wrapWidth=1)
6.7126 	EXP 	Imported depression.xlsx as conditions, 2 conditions, 12 params
6.7139 	EXP 	Question text: Sadness
6.7460 	EXP 	window1: mouseVisible = True
6.7768 	EXP 	Question text: Pessimism
6.7878 	EXP 	window1: mouseVisible = True
6.8102 	EXP 	window1: mouseVisible = True
6.8144 	EXP 	Created unnamed Rect = Rect(__class__=<class 'psychopy.visual.rect.Rect'>, autoDraw=False, autoLog=True, closeShape=True, color=method-wrapper(...), colorSpace='rgb', contrast=None, depth=0, fillColor=array([0, 0, 0]), fillColorSpace='rgb', fillRGB=UNKNOWN, interpolate=True, lineColor=array([0, 0, 0]), lineColorSpace='rgb', lineRGB=UNKNOWN, lineWidth=1.5, name='unnamed Rect', opacity=0, ori=0.0, pos=array([0., 0.]), size=array([0., 0.]), units='height', vertices=ndarray(...), win=Window(...))
6.8216 	EXP 	Created DepressionQuestionnaire = <psychopy.visual.form.Form object at 0x000001ED3085B3C8>
6.8455 	EXP 	window1: mouseVisible = True
6.8900 	EXP 	Created instructionsText = TextStim(__class__=<class 'psychopy.visual.text.TextStim'>, alignHoriz=method-wrapper(...), alignText='center', alignVert=method-wrapper(...), anchorHoriz='center', anchorVert='center', antialias=True, autoLog=True, bold=False, color=array([1, 1, 1]), colorSpace='rgb', contrast=1.0, depth=0.0, flipHoriz=False, flipVert=False, font='Open Sans', fontFiles=[], height=0.04, italic=False, languageStyle='LTR', name='instructionsText', opacity=1, ori=0.0, pos=array([0., 0.]), rgb=UNKNOWN, text=str(...), units='height', win=Window(...), wrapWidth=1)
6.8931 	EXP 	Created hasPeriphery = ImageStim(__class__=<class 'psychopy.visual.image.ImageStim'>, autoLog=True, color=array([1, 1, 1]), colorSpace='rgb', contrast=1.0, depth=-1.0, flipHoriz=False, flipVert=False, image='sin', interpolate=True, mask=None, maskParams=None, name='hasPeriphery', opacity=1.0, ori=0.0, pos=array([0., 0.]), size=array([0.5, 0.5]), texRes=128.0, units='height', win=Window(...))
6.8960 	EXP 	Created noPeriphery = ImageStim(__class__=<class 'psychopy.visual.image.ImageStim'>, autoLog=True, color=array([1, 1, 1]), colorSpace='rgb', contrast=1.0, depth=-3.0, flipHoriz=False, flipVert=False, image='sin', interpolate=True, mask=None, maskParams=None, name='noPeriphery', opacity=1.0, ori=0.0, pos=array([0., 0.]), size=array([0.5, 0.5]), texRes=128.0, units='height', win=Window(...))
6.8982 	EXP 	Created final = ImageStim(__class__=<class 'psychopy.visual.image.ImageStim'>, autoLog=True, color=array([1, 1, 1]), colorSpace='rgb', contrast=1.0, depth=-4.0, flipHoriz=False, flipVert=False, image='sin', interpolate=True, mask=None, maskParams=None, name='final', opacity=1.0, ori=0.0, pos=array([0., 0.]), size=array([0.5, 0.5]), texRes=128.0, units='height', win=Window(...))
6.8993 	EXP 	Created blank_screen = Rect(__class__=<class 'psychopy.visual.rect.Rect'>, autoDraw=False, autoLog=True, closeShape=True, color=method-wrapper(...), colorSpace='rgb', contrast=None, depth=-5.0, fillColor=array([1, 1, 1]), fillColorSpace='rgb', fillRGB=UNKNOWN, interpolate=True, lineColor=array([1, 1, 1]), lineColorSpace='rgb', lineRGB=UNKNOWN, lineWidth=1.0, name='blank_screen', opacity=1.0, ori=0.0, pos=array([0., 0.]), size=array([2., 2.]), units='height', vertices=ndarray(...), win=Window(...))
6.9046 	EXP 	Created text = TextStim(__class__=<class 'psychopy.visual.text.TextStim'>, alignHoriz=method-wrapper(...), alignText='center', alignVert=method-wrapper(...), anchorHoriz='center', anchorVert='center', antialias=True, autoLog=True, bold=False, color=array([ 1, -1, -1]), colorSpace='rgb', contrast=1.0, depth=-6.0, flipHoriz=False, flipVert=False, font='Open Sans', fontFiles=[], height=0.1, italic=False, languageStyle='LTR', name='text', opacity=1, ori=0.0, pos=array([0., 0.]), rgb=UNKNOWN, text='+', units='height', win=Window(...), wrapWidth=1)
6.9153 	EXP 	Created WelcomeText = TextStim(__class__=<class 'psychopy.visual.text.TextStim'>, alignHoriz=method-wrapper(...), alignText='center', alignVert=method-wrapper(...), anchorHoriz='center', anchorVert='center', antialias=True, autoLog=True, bold=False, color=array([1, 1, 1]), colorSpace='rgb', contrast=1.0, depth=0.0, flipHoriz=False, flipVert=False, font='Open Sans', fontFiles=[], height=0.1, italic=False, languageStyle='LTR', name='WelcomeText', opacity=1, ori=0.0, pos=array([0., 0.]), rgb=UNKNOWN, text='Welcome to our Study!', units='height', win=Window(...), wrapWidth=1)
6.9179 	EXP 	Created hasPeriphery_2 = ImageStim(__class__=<class 'psychopy.visual.image.ImageStim'>, autoLog=True, color=array([1, 1, 1]), colorSpace='rgb', contrast=1.0, depth=-1.0, flipHoriz=False, flipVert=False, image='sin', interpolate=True, mask=None, maskParams=None, name='hasPeriphery_2', opacity=1.0, ori=0.0, pos=array([0., 0.]), size=array([0.5, 0.5]), texRes=128.0, units='height', win=Window(...))
6.9203 	EXP 	Created noPeriphery_2 = ImageStim(__class__=<class 'psychopy.visual.image.ImageStim'>, autoLog=True, color=array([1, 1, 1]), colorSpace='rgb', contrast=1.0, depth=-3.0, flipHoriz=False, flipVert=False, image='sin', interpolate=True, mask=None, maskParams=None, name='noPeriphery_2', opacity=1.0, ori=0.0, pos=array([0., 0.]), size=array([0.5, 0.5]), texRes=128.0, units='height', win=Window(...))
6.9221 	EXP 	Created text_2 = TextStim(__class__=<class 'psychopy.visual.text.TextStim'>, alignHoriz=method-wrapper(...), alignText='center', alignVert=method-wrapper(...), anchorHoriz='center', anchorVert='center', antialias=True, autoLog=True, bold=False, color=array([ 1, -1, -1]), colorSpace='rgb', contrast=1.0, depth=-4.0, flipHoriz=False, flipVert=False, font='Open Sans', fontFiles=[], height=0.1, italic=False, languageStyle='LTR', name='text_2', opacity=1, ori=0.0, pos=array([0., 0.]), rgb=UNKNOWN, text='+', units='height', win=Window(...), wrapWidth=1)
6.9731 	EXP 	unnamed Form: autoLog = True
6.9731 	EXP 	DepressionQuestionnaire: name = 'DepressionQuestionnaire'
6.9731 	EXP 	DepressionQuestionnaire: size = (3.5, 1)
6.9731 	EXP 	DepressionQuestionnaire: size = array([3.5, 1. ])
6.9731 	EXP 	DepressionQuestionnaire: units = 'height'
6.9731 	EXP 	DepressionQuestionnaire: depth = 0
6.9731 	EXP 	WelcomeText: autoDraw = True
8.9863 	EXP 	WelcomeText: autoDraw = False
8.9863 	EXP 	DepressionQuestionnaire: autoDraw = True
9.8167 	DATA 	Mouse: Left button down, pos=(687,21)
9.8659 	EXP 	DepressionQuestionnaire: autoDraw = False
9.8659 	EXP 	instructionsText: autoDraw = True
9.8717 	DATA 	Mouse:  Left button up, pos=(687,21)
10.3597 	EXP 	Imported picPaths.xlsx as conditions, 6 conditions, 4 params
10.3600 	EXP 	Created sequence: sequential, trialTypes=6, nReps=1, seed=None
10.3603 	EXP 	New trial (rep=0, index=0): {'startImage': 'C:\\Users\\hesselmann\\Desktop\\PsychoPyUniformityIllusion\\UniformityIllusionPsychoPy\\Pics\\1start.png', 'midImage': 'C:\\Users\\hesselmann\\Desktop\\PsychoPyUniformityIllusion\\UniformityIllusionPsychoPy\\Pics\\1a.png', 'endImage': 'C:\\Users\\hesselmann\\Desktop\\PsychoPyUniformityIllusion\\UniformityIllusionPsychoPy\\Pics\\1a.png', 'AB': 'a'}
10.5967 	DATA 	Keypress: space
10.6529 	EXP 	instructionsText: autoDraw = False
10.6529 	EXP 	hasPeriphery: size = array([1.77777778, 1.        ])
10.6529 	EXP 	hasPeriphery: image = 'C:\\Users\\hesselmann\\Desktop\\PsychoPyUniformityIllusion\\UniformityIllusionPsychoPy\\Pics\\1a.png'
10.6529 	EXP 	noPeriphery: size = array([1.77777778, 1.        ])
10.6529 	EXP 	noPeriphery: image = 'C:\\Users\\hesselmann\\Desktop\\PsychoPyUniformityIllusion\\UniformityIllusionPsychoPy\\Pics\\1start.png'
10.6529 	EXP 	final: size = array([1.77777778, 1.        ])
10.6529 	EXP 	final: image = 'C:\\Users\\hesselmann\\Desktop\\PsychoPyUniformityIllusion\\UniformityIllusionPsychoPy\\Pics\\1a.png'
10.6529 	EXP 	hasPeriphery: autoDraw = True
10.6529 	EXP 	hasPeriphery: texRes = 128.0
10.6529 	EXP 	noPeriphery: autoDraw = True
10.6529 	EXP 	noPeriphery: texRes = 128.0
10.6529 	EXP 	blank_screen: autoDraw = True
10.6529 	EXP 	text: autoDraw = True
10.8267 	EXP 	hasPeriphery: texRes = 128.0
10.8267 	EXP 	noPeriphery: texRes = 128.0
10.9731 	EXP 	hasPeriphery: texRes = 128.0
10.9731 	EXP 	noPeriphery: texRes = 128.0
10.9731 	EXP 	blank_screen: autoDraw = False
11.1196 	EXP 	hasPeriphery: texRes = 128.0
11.1196 	EXP 	noPeriphery: texRes = 128.0
11.2663 	EXP 	hasPeriphery: texRes = 128.0
11.2663 	EXP 	noPeriphery: texRes = 128.0
11.4131 	EXP 	hasPeriphery: texRes = 128.0
11.4131 	EXP 	noPeriphery: texRes = 128.0
11.5599 	EXP 	hasPeriphery: texRes = 128.0
11.5599 	EXP 	noPeriphery: texRes = 128.0
11.7198 	EXP 	hasPeriphery: texRes = 128.0
11.7198 	EXP 	noPeriphery: texRes = 128.0
11.8524 	EXP 	hasPeriphery: texRes = 128.0
11.8524 	EXP 	noPeriphery: texRes = 128.0
11.9995 	EXP 	hasPeriphery: texRes = 128.0
11.9995 	EXP 	noPeriphery: texRes = 128.0
12.1462 	EXP 	hasPeriphery: texRes = 128.0
12.1462 	EXP 	noPeriphery: texRes = 128.0
12.2930 	EXP 	hasPeriphery: texRes = 128.0
12.2930 	EXP 	noPeriphery: texRes = 128.0
12.4392 	EXP 	hasPeriphery: texRes = 128.0
12.4392 	EXP 	noPeriphery: texRes = 128.0
12.5863 	EXP 	hasPeriphery: texRes = 128.0
12.5863 	EXP 	noPeriphery: texRes = 128.0
12.7329 	EXP 	hasPeriphery: texRes = 128.0
12.7329 	EXP 	noPeriphery: texRes = 128.0
12.8662 	EXP 	hasPeriphery: texRes = 128.0
12.8662 	EXP 	noPeriphery: texRes = 128.0
13.0133 	EXP 	hasPeriphery: texRes = 128.0
13.0133 	EXP 	noPeriphery: texRes = 128.0
13.1598 	EXP 	hasPeriphery: texRes = 128.0
13.1598 	EXP 	noPeriphery: texRes = 128.0
13.3193 	EXP 	hasPeriphery: texRes = 128.0
13.3193 	EXP 	noPeriphery: texRes = 128.0
13.4663 	EXP 	hasPeriphery: texRes = 128.0
13.4663 	EXP 	noPeriphery: texRes = 128.0
13.6130 	EXP 	hasPeriphery: texRes = 128.0
13.6130 	EXP 	noPeriphery: texRes = 128.0
13.7603 	EXP 	hasPeriphery: texRes = 128.0
13.7603 	EXP 	noPeriphery: texRes = 128.0
13.9060 	EXP 	hasPeriphery: texRes = 128.0
13.9060 	EXP 	noPeriphery: texRes = 128.0
14.0528 	EXP 	hasPeriphery: texRes = 128.0
14.0528 	EXP 	noPeriphery: texRes = 128.0
14.1993 	EXP 	hasPeriphery: texRes = 128.0
14.1993 	EXP 	noPeriphery: texRes = 128.0
14.3598 	EXP 	hasPeriphery: texRes = 128.0
14.3598 	EXP 	noPeriphery: texRes = 128.0
14.5068 	EXP 	hasPeriphery: texRes = 128.0
14.5068 	EXP 	noPeriphery: texRes = 128.0
14.6527 	EXP 	hasPeriphery: texRes = 128.0
14.6527 	EXP 	noPeriphery: texRes = 128.0
14.7998 	EXP 	hasPeriphery: texRes = 128.0
14.7998 	EXP 	noPeriphery: texRes = 128.0
14.9468 	EXP 	hasPeriphery: texRes = 128.0
14.9468 	EXP 	noPeriphery: texRes = 128.0
15.1601 	EXP 	hasPeriphery: texRes = 128.0
15.1601 	EXP 	noPeriphery: texRes = 128.0
15.1601 	EXP 	final: autoDraw = True
15.1601 	EXP 	final: texRes = 128.0
15.3867 	EXP 	hasPeriphery: texRes = 128.0
15.3867 	EXP 	noPeriphery: texRes = 128.0
15.3867 	EXP 	final: texRes = 128.0
15.6001 	EXP 	hasPeriphery: texRes = 128.0
15.6001 	EXP 	noPeriphery: texRes = 128.0
15.6001 	EXP 	final: texRes = 128.0
15.7998 	EXP 	hasPeriphery: texRes = 128.0
15.7998 	EXP 	noPeriphery: texRes = 128.0
15.7998 	EXP 	final: texRes = 128.0
16.0132 	EXP 	hasPeriphery: texRes = 128.0
16.0132 	EXP 	noPeriphery: texRes = 128.0
16.0132 	EXP 	final: texRes = 128.0
16.2266 	EXP 	hasPeriphery: texRes = 128.0
16.2266 	EXP 	noPeriphery: texRes = 128.0
16.2266 	EXP 	final: texRes = 128.0
16.4396 	EXP 	hasPeriphery: texRes = 128.0
16.4396 	EXP 	noPeriphery: texRes = 128.0
16.4396 	EXP 	final: texRes = 128.0
16.6665 	EXP 	hasPeriphery: texRes = 128.0
16.6665 	EXP 	noPeriphery: texRes = 128.0
16.6665 	EXP 	final: texRes = 128.0
16.8799 	EXP 	hasPeriphery: texRes = 128.0
16.8799 	EXP 	noPeriphery: texRes = 128.0
16.8799 	EXP 	final: texRes = 128.0
17.0936 	EXP 	hasPeriphery: texRes = 128.0
17.0936 	EXP 	noPeriphery: texRes = 128.0
17.0936 	EXP 	final: texRes = 128.0
17.3067 	EXP 	hasPeriphery: texRes = 128.0
17.3067 	EXP 	noPeriphery: texRes = 128.0
17.3067 	EXP 	final: texRes = 128.0
17.5197 	EXP 	hasPeriphery: texRes = 128.0
17.5197 	EXP 	noPeriphery: texRes = 128.0
17.5197 	EXP 	final: texRes = 128.0
17.7338 	EXP 	hasPeriphery: texRes = 128.0
17.7338 	EXP 	noPeriphery: texRes = 128.0
17.7338 	EXP 	final: texRes = 128.0
17.9334 	EXP 	hasPeriphery: texRes = 128.0
17.9334 	EXP 	noPeriphery: texRes = 128.0
17.9334 	EXP 	final: texRes = 128.0
18.1464 	EXP 	hasPeriphery: texRes = 128.0
18.1464 	EXP 	noPeriphery: texRes = 128.0
18.1464 	EXP 	final: texRes = 128.0
18.3468 	EXP 	hasPeriphery: texRes = 128.0
18.3468 	EXP 	noPeriphery: texRes = 128.0
18.3468 	EXP 	final: texRes = 128.0
18.5468 	EXP 	hasPeriphery: texRes = 128.0
18.5468 	EXP 	noPeriphery: texRes = 128.0
18.5468 	EXP 	final: texRes = 128.0
18.7605 	EXP 	hasPeriphery: texRes = 128.0
18.7605 	EXP 	noPeriphery: texRes = 128.0
18.7605 	EXP 	final: texRes = 128.0
18.9735 	EXP 	hasPeriphery: texRes = 128.0
18.9735 	EXP 	noPeriphery: texRes = 128.0
18.9735 	EXP 	final: texRes = 128.0
19.1735 	EXP 	hasPeriphery: texRes = 128.0
19.1735 	EXP 	noPeriphery: texRes = 128.0
19.1735 	EXP 	final: texRes = 128.0
19.3869 	EXP 	hasPeriphery: texRes = 128.0
19.3869 	EXP 	noPeriphery: texRes = 128.0
19.3869 	EXP 	final: texRes = 128.0
19.5873 	EXP 	hasPeriphery: texRes = 128.0
19.5873 	EXP 	noPeriphery: texRes = 128.0
19.5873 	EXP 	final: texRes = 128.0
19.7998 	EXP 	hasPeriphery: texRes = 128.0
19.7998 	EXP 	noPeriphery: texRes = 128.0
19.7998 	EXP 	final: texRes = 128.0
20.0003 	EXP 	hasPeriphery: texRes = 128.0
20.0003 	EXP 	noPeriphery: texRes = 128.0
20.0003 	EXP 	final: texRes = 128.0
20.1942 	DATA 	Mouse: Left button down, pos=(992,411)
20.2271 	EXP 	hasPeriphery: texRes = 128.0
20.2271 	EXP 	noPeriphery: texRes = 128.0
20.2271 	EXP 	final: texRes = 128.0
20.3876 	DATA 	Mouse:  Left button up, pos=(992,411)
20.4278 	EXP 	hasPeriphery: texRes = 128.0
20.4278 	EXP 	noPeriphery: texRes = 128.0
20.4278 	EXP 	final: texRes = 128.0
20.6537 	EXP 	hasPeriphery: texRes = 128.0
20.6537 	EXP 	noPeriphery: texRes = 128.0
20.6537 	EXP 	final: texRes = 128.0
20.7335 	EXP 	hasPeriphery: autoDraw = False
20.7335 	EXP 	noPeriphery: autoDraw = False
20.7335 	EXP 	final: texRes = 128.0
20.8134 	EXP 	final: texRes = 128.0
20.8941 	EXP 	final: texRes = 128.0
20.9738 	EXP 	final: texRes = 128.0
21.0542 	EXP 	final: texRes = 128.0
21.1341 	EXP 	final: texRes = 128.0
21.2141 	EXP 	final: texRes = 128.0
21.2938 	EXP 	final: texRes = 128.0
21.3741 	EXP 	final: texRes = 128.0
21.4533 	EXP 	final: texRes = 128.0
21.5334 	EXP 	final: texRes = 128.0
21.6271 	EXP 	final: texRes = 128.0
21.7071 	EXP 	final: texRes = 128.0
21.7875 	EXP 	final: texRes = 128.0
21.8668 	EXP 	final: texRes = 128.0
21.9476 	EXP 	final: texRes = 128.0
22.0271 	EXP 	final: texRes = 128.0
22.1072 	EXP 	final: texRes = 128.0
22.1875 	EXP 	final: texRes = 128.0
22.2809 	EXP 	final: texRes = 128.0
22.3609 	EXP 	final: texRes = 128.0
22.4405 	EXP 	final: texRes = 128.0
22.5217 	EXP 	final: texRes = 128.0
22.5741 	EXP 	New trial (rep=0, index=1): {'startImage': 'C:\\Users\\hesselmann\\Desktop\\PsychoPyUniformityIllusion\\UniformityIllusionPsychoPy\\Pics\\1start.png', 'midImage': 'C:\\Users\\hesselmann\\Desktop\\PsychoPyUniformityIllusion\\UniformityIllusionPsychoPy\\Pics\\1a.png', 'endImage': 'C:\\Users\\hesselmann\\Desktop\\PsychoPyUniformityIllusion\\UniformityIllusionPsychoPy\\Pics\\1b.png', 'AB': 'b'}
22.8539 	EXP 	final: texRes = 128.0
22.8539 	EXP 	hasPeriphery: autoDraw = False
22.8539 	EXP 	noPeriphery: autoDraw = False
22.8539 	EXP 	final: autoDraw = False
22.8539 	EXP 	blank_screen: autoDraw = False
22.8539 	EXP 	text: autoDraw = False
22.8539 	EXP 	hasPeriphery: size = array([1.77777778, 1.        ])
22.8539 	EXP 	hasPeriphery: image = 'C:\\Users\\hesselmann\\Desktop\\PsychoPyUniformityIllusion\\UniformityIllusionPsychoPy\\Pics\\1a.png'
22.8539 	EXP 	noPeriphery: size = array([1.77777778, 1.        ])
22.8539 	EXP 	noPeriphery: image = 'C:\\Users\\hesselmann\\Desktop\\PsychoPyUniformityIllusion\\UniformityIllusionPsychoPy\\Pics\\1start.png'
22.8539 	EXP 	final: size = array([1.77777778, 1.        ])
22.8539 	EXP 	final: image = 'C:\\Users\\hesselmann\\Desktop\\PsychoPyUniformityIllusion\\UniformityIllusionPsychoPy\\Pics\\1b.png'
22.8539 	EXP 	hasPeriphery: autoDraw = True
22.8539 	EXP 	hasPeriphery: texRes = 128.0
22.8539 	EXP 	noPeriphery: autoDraw = True
22.8539 	EXP 	noPeriphery: texRes = 128.0
22.8539 	EXP 	blank_screen: autoDraw = True
22.8539 	EXP 	text: autoDraw = True
23.0013 	EXP 	hasPeriphery: texRes = 128.0
23.0013 	EXP 	noPeriphery: texRes = 128.0
23.1736 	EXP 	hasPeriphery: texRes = 128.0
23.1736 	EXP 	noPeriphery: texRes = 128.0
23.1736 	EXP 	blank_screen: autoDraw = False
23.3069 	EXP 	hasPeriphery: texRes = 128.0
23.3069 	EXP 	noPeriphery: texRes = 128.0
23.4543 	EXP 	hasPeriphery: texRes = 128.0
23.4543 	EXP 	noPeriphery: texRes = 128.0
23.5873 	EXP 	hasPeriphery: texRes = 128.0
23.5873 	EXP 	noPeriphery: texRes = 128.0
23.7343 	EXP 	hasPeriphery: texRes = 128.0
23.7343 	EXP 	noPeriphery: texRes = 128.0
23.8673 	EXP 	hasPeriphery: texRes = 128.0
23.8673 	EXP 	noPeriphery: texRes = 128.0
24.0003 	EXP 	hasPeriphery: texRes = 128.0
24.0003 	EXP 	noPeriphery: texRes = 128.0
24.1477 	EXP 	hasPeriphery: texRes = 128.0
24.1477 	EXP 	noPeriphery: texRes = 128.0
24.2937 	EXP 	hasPeriphery: texRes = 128.0
24.2937 	EXP 	noPeriphery: texRes = 128.0
24.4407 	EXP 	hasPeriphery: texRes = 128.0
24.4407 	EXP 	noPeriphery: texRes = 128.0
24.5878 	EXP 	hasPeriphery: texRes = 128.0
24.5878 	EXP 	noPeriphery: texRes = 128.0
24.7342 	EXP 	hasPeriphery: texRes = 128.0
24.7342 	EXP 	noPeriphery: texRes = 128.0
24.8812 	EXP 	hasPeriphery: texRes = 128.0
24.8812 	EXP 	noPeriphery: texRes = 128.0
25.0275 	EXP 	hasPeriphery: texRes = 128.0
25.0275 	EXP 	noPeriphery: texRes = 128.0
25.1608 	EXP 	hasPeriphery: texRes = 128.0
25.1608 	EXP 	noPeriphery: texRes = 128.0
25.3076 	EXP 	hasPeriphery: texRes = 128.0
25.3076 	EXP 	noPeriphery: texRes = 128.0
25.4411 	EXP 	hasPeriphery: texRes = 128.0
25.4411 	EXP 	noPeriphery: texRes = 128.0
25.5875 	EXP 	hasPeriphery: texRes = 128.0
25.5875 	EXP 	noPeriphery: texRes = 128.0
25.7212 	EXP 	hasPeriphery: texRes = 128.0
25.7212 	EXP 	noPeriphery: texRes = 128.0
25.8545 	EXP 	hasPeriphery: texRes = 128.0
25.8545 	EXP 	noPeriphery: texRes = 128.0
26.0138 	EXP 	hasPeriphery: texRes = 128.0
26.0138 	EXP 	noPeriphery: texRes = 128.0
26.1472 	EXP 	hasPeriphery: texRes = 128.0
26.1472 	EXP 	noPeriphery: texRes = 128.0
26.2943 	EXP 	hasPeriphery: texRes = 128.0
26.2943 	EXP 	noPeriphery: texRes = 128.0
26.4280 	EXP 	hasPeriphery: texRes = 128.0
26.4280 	EXP 	noPeriphery: texRes = 128.0
26.5739 	EXP 	hasPeriphery: texRes = 128.0
26.5739 	EXP 	noPeriphery: texRes = 128.0
26.7210 	EXP 	hasPeriphery: texRes = 128.0
26.7210 	EXP 	noPeriphery: texRes = 128.0
26.8676 	EXP 	hasPeriphery: texRes = 128.0
26.8676 	EXP 	noPeriphery: texRes = 128.0
27.0006 	EXP 	hasPeriphery: texRes = 128.0
27.0006 	EXP 	noPeriphery: texRes = 128.0
27.2006 	EXP 	hasPeriphery: texRes = 128.0
27.2006 	EXP 	noPeriphery: texRes = 128.0
27.2006 	EXP 	final: autoDraw = True
27.2006 	EXP 	final: texRes = 128.0
27.4014 	EXP 	hasPeriphery: texRes = 128.0
27.4014 	EXP 	noPeriphery: texRes = 128.0
27.4014 	EXP 	final: texRes = 128.0
27.6007 	EXP 	hasPeriphery: texRes = 128.0
27.6007 	EXP 	noPeriphery: texRes = 128.0
27.6007 	EXP 	final: texRes = 128.0
27.8147 	EXP 	hasPeriphery: texRes = 128.0
27.8147 	EXP 	noPeriphery: texRes = 128.0
27.8147 	EXP 	final: texRes = 128.0
28.0140 	EXP 	hasPeriphery: texRes = 128.0
28.0140 	EXP 	noPeriphery: texRes = 128.0
28.0140 	EXP 	final: texRes = 128.0
28.2278 	EXP 	hasPeriphery: texRes = 128.0
28.2278 	EXP 	noPeriphery: texRes = 128.0
28.2278 	EXP 	final: texRes = 128.0
28.4545 	EXP 	hasPeriphery: texRes = 128.0
28.4545 	EXP 	noPeriphery: texRes = 128.0
28.4545 	EXP 	final: texRes = 128.0
28.6541 	EXP 	hasPeriphery: texRes = 128.0
28.6541 	EXP 	noPeriphery: texRes = 128.0
28.6541 	EXP 	final: texRes = 128.0
28.8553 	EXP 	hasPeriphery: texRes = 128.0
28.8553 	EXP 	noPeriphery: texRes = 128.0
28.8553 	EXP 	final: texRes = 128.0
29.0808 	EXP 	hasPeriphery: texRes = 128.0
29.0808 	EXP 	noPeriphery: texRes = 128.0
29.0808 	EXP 	final: texRes = 128.0
29.2808 	EXP 	hasPeriphery: texRes = 128.0
29.2808 	EXP 	noPeriphery: texRes = 128.0
29.2808 	EXP 	final: texRes = 128.0
29.5079 	EXP 	hasPeriphery: texRes = 128.0
29.5079 	EXP 	noPeriphery: texRes = 128.0
29.5079 	EXP 	final: texRes = 128.0
29.7083 	EXP 	hasPeriphery: texRes = 128.0
29.7083 	EXP 	noPeriphery: texRes = 128.0
29.7083 	EXP 	final: texRes = 128.0
29.9076 	EXP 	hasPeriphery: texRes = 128.0
29.9076 	EXP 	noPeriphery: texRes = 128.0
29.9076 	EXP 	final: texRes = 128.0
30.1091 	EXP 	hasPeriphery: texRes = 128.0
30.1091 	EXP 	noPeriphery: texRes = 128.0
30.1091 	EXP 	final: texRes = 128.0
30.3210 	EXP 	hasPeriphery: texRes = 128.0
30.3210 	EXP 	noPeriphery: texRes = 128.0
30.3210 	EXP 	final: texRes = 128.0
30.5344 	EXP 	hasPeriphery: texRes = 128.0
30.5344 	EXP 	noPeriphery: texRes = 128.0
30.5344 	EXP 	final: texRes = 128.0
30.7344 	EXP 	hasPeriphery: texRes = 128.0
30.7344 	EXP 	noPeriphery: texRes = 128.0
30.7344 	EXP 	final: texRes = 128.0
30.9347 	EXP 	hasPeriphery: texRes = 128.0
30.9347 	EXP 	noPeriphery: texRes = 128.0
30.9347 	EXP 	final: texRes = 128.0
31.1344 	EXP 	hasPeriphery: texRes = 128.0
31.1344 	EXP 	noPeriphery: texRes = 128.0
31.1344 	EXP 	final: texRes = 128.0
31.3344 	EXP 	hasPeriphery: texRes = 128.0
31.3344 	EXP 	noPeriphery: texRes = 128.0
31.3344 	EXP 	final: texRes = 128.0
31.5477 	EXP 	hasPeriphery: texRes = 128.0
31.5477 	EXP 	noPeriphery: texRes = 128.0
31.5477 	EXP 	final: texRes = 128.0
31.7478 	EXP 	hasPeriphery: texRes = 128.0
31.7478 	EXP 	noPeriphery: texRes = 128.0
31.7478 	EXP 	final: texRes = 128.0
31.9612 	EXP 	hasPeriphery: texRes = 128.0
31.9612 	EXP 	noPeriphery: texRes = 128.0
31.9612 	EXP 	final: texRes = 128.0
32.1612 	EXP 	hasPeriphery: texRes = 128.0
32.1612 	EXP 	noPeriphery: texRes = 128.0
32.1612 	EXP 	final: texRes = 128.0
32.3615 	EXP 	hasPeriphery: texRes = 128.0
32.3615 	EXP 	noPeriphery: texRes = 128.0
32.3615 	EXP 	final: texRes = 128.0
32.5750 	EXP 	hasPeriphery: texRes = 128.0
32.5750 	EXP 	noPeriphery: texRes = 128.0
32.5750 	EXP 	final: texRes = 128.0
32.7884 	EXP 	hasPeriphery: texRes = 128.0
32.7884 	EXP 	noPeriphery: texRes = 128.0
32.7884 	EXP 	final: texRes = 128.0
33.0013 	EXP 	hasPeriphery: texRes = 128.0
33.0013 	EXP 	noPeriphery: texRes = 128.0
33.0013 	EXP 	final: texRes = 128.0
33.0812 	EXP 	hasPeriphery: autoDraw = False
33.0812 	EXP 	noPeriphery: autoDraw = False
33.0812 	EXP 	final: texRes = 128.0
33.1613 	EXP 	final: texRes = 128.0
33.2550 	EXP 	final: texRes = 128.0
33.3487 	EXP 	final: texRes = 128.0
33.4279 	EXP 	final: texRes = 128.0
33.5087 	EXP 	final: texRes = 128.0
33.5881 	EXP 	final: texRes = 128.0
33.6817 	EXP 	final: texRes = 128.0
33.7617 	EXP 	final: texRes = 128.0
33.8413 	EXP 	final: texRes = 128.0
33.9221 	EXP 	final: texRes = 128.0
34.0014 	EXP 	final: texRes = 128.0
34.0821 	EXP 	final: texRes = 128.0
34.1621 	EXP 	final: texRes = 128.0
34.2547 	EXP 	final: texRes = 128.0
34.3347 	EXP 	final: texRes = 128.0
34.4146 	EXP 	final: texRes = 128.0
34.4956 	EXP 	final: texRes = 128.0
34.5754 	EXP 	final: texRes = 128.0
34.6557 	EXP 	final: texRes = 128.0
34.7351 	EXP 	final: texRes = 128.0
34.7822 	EXP 	New trial (rep=0, index=2): {'startImage': 'C:\\Users\\hesselmann\\Desktop\\PsychoPyUniformityIllusion\\UniformityIllusionPsychoPy\\Pics\\2start.png', 'midImage': 'C:\\Users\\hesselmann\\Desktop\\PsychoPyUniformityIllusion\\UniformityIllusionPsychoPy\\Pics\\2a.png', 'endImage': 'C:\\Users\\hesselmann\\Desktop\\PsychoPyUniformityIllusion\\UniformityIllusionPsychoPy\\Pics\\2a.png', 'AB': 'a'}
35.0147 	EXP 	final: texRes = 128.0
35.0147 	EXP 	hasPeriphery: autoDraw = False
35.0147 	EXP 	noPeriphery: autoDraw = False
35.0147 	EXP 	final: autoDraw = False
35.0147 	EXP 	blank_screen: autoDraw = False
35.0147 	EXP 	text: autoDraw = False
35.0147 	EXP 	hasPeriphery: size = array([1.77777778, 1.        ])
35.0147 	EXP 	hasPeriphery: image = 'C:\\Users\\hesselmann\\Desktop\\PsychoPyUniformityIllusion\\UniformityIllusionPsychoPy\\Pics\\2a.png'
35.0147 	EXP 	noPeriphery: size = array([1.77777778, 1.        ])
35.0147 	EXP 	noPeriphery: image = 'C:\\Users\\hesselmann\\Desktop\\PsychoPyUniformityIllusion\\UniformityIllusionPsychoPy\\Pics\\2start.png'
35.0147 	EXP 	final: size = array([1.77777778, 1.        ])
35.0147 	EXP 	final: image = 'C:\\Users\\hesselmann\\Desktop\\PsychoPyUniformityIllusion\\UniformityIllusionPsychoPy\\Pics\\2a.png'
35.0147 	EXP 	hasPeriphery: autoDraw = True
35.0147 	EXP 	hasPeriphery: texRes = 128.0
35.0147 	EXP 	noPeriphery: autoDraw = True
35.0147 	EXP 	noPeriphery: texRes = 128.0
35.0147 	EXP 	blank_screen: autoDraw = True
35.0147 	EXP 	text: autoDraw = True
35.1489 	EXP 	hasPeriphery: texRes = 128.0
35.1489 	EXP 	noPeriphery: texRes = 128.0
35.2822 	EXP 	hasPeriphery: texRes = 128.0
35.2822 	EXP 	noPeriphery: texRes = 128.0
35.2822 	EXP 	blank_screen: autoDraw = False
35.4151 	EXP 	hasPeriphery: texRes = 128.0
35.4151 	EXP 	noPeriphery: texRes = 128.0
35.5355 	EXP 	hasPeriphery: texRes = 128.0
35.5355 	EXP 	noPeriphery: texRes = 128.0
35.6548 	EXP 	hasPeriphery: texRes = 128.0
35.6548 	EXP 	noPeriphery: texRes = 128.0
35.8023 	EXP 	hasPeriphery: texRes = 128.0
35.8023 	EXP 	noPeriphery: texRes = 128.0
35.9217 	EXP 	hasPeriphery: texRes = 128.0
35.9217 	EXP 	noPeriphery: texRes = 128.0
36.0561 	EXP 	hasPeriphery: texRes = 128.0
36.0561 	EXP 	noPeriphery: texRes = 128.0
36.1888 	EXP 	hasPeriphery: texRes = 128.0
36.1888 	EXP 	noPeriphery: texRes = 128.0
36.3219 	EXP 	hasPeriphery: texRes = 128.0
36.3219 	EXP 	noPeriphery: texRes = 128.0
36.4423 	EXP 	hasPeriphery: texRes = 128.0
36.4423 	EXP 	noPeriphery: texRes = 128.0
36.5621 	EXP 	hasPeriphery: texRes = 128.0
36.5621 	EXP 	noPeriphery: texRes = 128.0
36.6954 	EXP 	hasPeriphery: texRes = 128.0
36.6954 	EXP 	noPeriphery: texRes = 128.0
36.7890 	DATA 	Keypress: escape
36.8286 	EXP 	hasPeriphery: texRes = 128.0
36.8286 	EXP 	noPeriphery: texRes = 128.0
37.0732 	EXP 	window1: mouseVisible = True
