1.0134 	WARNING 	We strongly recommend you activate the PTB sound engine in PsychoPy prefs as the preferred audio engine. Its timing is vastly superior. Your prefs are currently set to use ['sounddevice', 'PTB', 'pyo', 'pygame'] (in that order).
6.4640 	EXP 	Created window1 = Window(allowGUI=False, allowStencil=False, autoLog=True, backendConf=UNKNOWN, bitsMode=UNKNOWN, blendMode='avg', bpc=(8, 8, 8), color=array([0, 0, 0]), colorSpace='rgb', depthBits=8, fullscr=<method-wrapper '__getattribute__' of attributeSetter object at 0x0000024CAFF34EB8>, gamma=None, gammaErrorPolicy='raise', lms=UNKNOWN, monitor=<psychopy.monitors.calibTools.Monitor object at 0x0000024CAFF57550>, multiSample=False, name='window1', numSamples=2, pos=[0.0, 0.0], screen=0, size=array([1920, 1080]), stencilBits=0, stereo=False, units='height', useFBO=True, useRetina=False, viewOri=0.0, viewPos=None, viewScale=None, waitBlanking=True, winType='pyglet')
6.4642 	EXP 	window1: mouseVisible = True
6.4642 	EXP 	window1: recordFrameIntervals = False
6.6303 	EXP 	window1: recordFrameIntervals = True
6.8136 	EXP 	window1: recordFrameIntervals = False
7.1873 	EXP 	Created WelcomeText = TextStim(__class__=<class 'psychopy.visual.text.TextStim'>, alignHoriz=method-wrapper(...), alignText='center', alignVert=method-wrapper(...), anchorHoriz='center', anchorVert='center', antialias=True, autoLog=True, bold=False, color=array([1, 1, 1]), colorSpace='rgb', contrast=1.0, depth=0.0, flipHoriz=False, flipVert=False, font='Open Sans', fontFiles=[], height=0.1, italic=False, languageStyle='LTR', name='WelcomeText', opacity=1, ori=0.0, pos=array([0., 0.]), rgb=UNKNOWN, text='Welcome to our Study!', units='height', win=Window(...), wrapWidth=1)
7.2013 	EXP 	Imported depression.xlsx as conditions, 2 conditions, 12 params
7.2023 	EXP 	Question text: Sadness
7.2284 	EXP 	window1: mouseVisible = True
7.2583 	EXP 	Question text: Pessimism
7.2693 	EXP 	window1: mouseVisible = True
7.2928 	EXP 	window1: mouseVisible = True
7.2969 	EXP 	Created unnamed Rect = Rect(__class__=<class 'psychopy.visual.rect.Rect'>, autoDraw=False, autoLog=True, closeShape=True, color=method-wrapper(...), colorSpace='rgb', contrast=None, depth=0, fillColor=array([0, 0, 0]), fillColorSpace='rgb', fillRGB=UNKNOWN, interpolate=True, lineColor=array([0, 0, 0]), lineColorSpace='rgb', lineRGB=UNKNOWN, lineWidth=1.5, name='unnamed Rect', opacity=0, ori=0.0, pos=array([0., 0.]), size=array([0., 0.]), units='height', vertices=ndarray(...), win=Window(...))
7.3048 	EXP 	Created DepressionQuestionnaire = <psychopy.visual.form.Form object at 0x0000024CB299A748>
7.3281 	EXP 	window1: mouseVisible = True
7.3729 	EXP 	Created instructionsText = TextStim(__class__=<class 'psychopy.visual.text.TextStim'>, alignHoriz=method-wrapper(...), alignText='center', alignVert=method-wrapper(...), anchorHoriz='center', anchorVert='center', antialias=True, autoLog=True, bold=False, color=array([1, 1, 1]), colorSpace='rgb', contrast=1.0, depth=0.0, flipHoriz=False, flipVert=False, font='Open Sans', fontFiles=[], height=0.04, italic=False, languageStyle='LTR', name='instructionsText', opacity=1, ori=0.0, pos=array([0., 0.]), rgb=UNKNOWN, text=str(...), units='height', win=Window(...), wrapWidth=1)
7.3763 	EXP 	Created hasPeriphery = ImageStim(__class__=<class 'psychopy.visual.image.ImageStim'>, autoLog=True, color=array([1, 1, 1]), colorSpace='rgb', contrast=1.0, depth=-1.0, flipHoriz=False, flipVert=False, image='sin', interpolate=True, mask=None, maskParams=None, name='hasPeriphery', opacity=1.0, ori=0.0, pos=array([0., 0.]), size=array([0.5, 0.5]), texRes=128.0, units='height', win=Window(...))
7.3788 	EXP 	Created noPeriphery = ImageStim(__class__=<class 'psychopy.visual.image.ImageStim'>, autoLog=True, color=array([1, 1, 1]), colorSpace='rgb', contrast=1.0, depth=-3.0, flipHoriz=False, flipVert=False, image='sin', interpolate=True, mask=None, maskParams=None, name='noPeriphery', opacity=1.0, ori=0.0, pos=array([0., 0.]), size=array([0.5, 0.5]), texRes=128.0, units='height', win=Window(...))
7.3798 	EXP 	Created blank_screen = Rect(__class__=<class 'psychopy.visual.rect.Rect'>, autoDraw=False, autoLog=True, closeShape=True, color=method-wrapper(...), colorSpace='rgb', contrast=None, depth=-4.0, fillColor=array([1, 1, 1]), fillColorSpace='rgb', fillRGB=UNKNOWN, interpolate=True, lineColor=array([1, 1, 1]), lineColorSpace='rgb', lineRGB=UNKNOWN, lineWidth=1.0, name='blank_screen', opacity=1.0, ori=0.0, pos=array([0., 0.]), size=array([2., 2.]), units='height', vertices=ndarray(...), win=Window(...))
7.3852 	EXP 	Created text = TextStim(__class__=<class 'psychopy.visual.text.TextStim'>, alignHoriz=method-wrapper(...), alignText='center', alignVert=method-wrapper(...), anchorHoriz='center', anchorVert='center', antialias=True, autoLog=True, bold=False, color=array([ 1, -1, -1]), colorSpace='rgb', contrast=1.0, depth=-5.0, flipHoriz=False, flipVert=False, font='Open Sans', fontFiles=[], height=0.1, italic=False, languageStyle='LTR', name='text', opacity=1, ori=0.0, pos=array([0., 0.]), rgb=UNKNOWN, text='+', units='height', win=Window(...), wrapWidth=1)
7.3958 	EXP 	Created WelcomeText = TextStim(__class__=<class 'psychopy.visual.text.TextStim'>, alignHoriz=method-wrapper(...), alignText='center', alignVert=method-wrapper(...), anchorHoriz='center', anchorVert='center', antialias=True, autoLog=True, bold=False, color=array([1, 1, 1]), colorSpace='rgb', contrast=1.0, depth=0.0, flipHoriz=False, flipVert=False, font='Open Sans', fontFiles=[], height=0.1, italic=False, languageStyle='LTR', name='WelcomeText', opacity=1, ori=0.0, pos=array([0., 0.]), rgb=UNKNOWN, text='Welcome to our Study!', units='height', win=Window(...), wrapWidth=1)
7.3983 	EXP 	Created hasPeriphery_2 = ImageStim(__class__=<class 'psychopy.visual.image.ImageStim'>, autoLog=True, color=array([1, 1, 1]), colorSpace='rgb', contrast=1.0, depth=-1.0, flipHoriz=False, flipVert=False, image='sin', interpolate=True, mask=None, maskParams=None, name='hasPeriphery_2', opacity=1.0, ori=0.0, pos=array([0., 0.]), size=array([0.5, 0.5]), texRes=128.0, units='height', win=Window(...))
7.4005 	EXP 	Created noPeriphery_2 = ImageStim(__class__=<class 'psychopy.visual.image.ImageStim'>, autoLog=True, color=array([1, 1, 1]), colorSpace='rgb', contrast=1.0, depth=-3.0, flipHoriz=False, flipVert=False, image='sin', interpolate=True, mask=None, maskParams=None, name='noPeriphery_2', opacity=1.0, ori=0.0, pos=array([0., 0.]), size=array([0.5, 0.5]), texRes=128.0, units='height', win=Window(...))
7.4022 	EXP 	Created text_2 = TextStim(__class__=<class 'psychopy.visual.text.TextStim'>, alignHoriz=method-wrapper(...), alignText='center', alignVert=method-wrapper(...), anchorHoriz='center', anchorVert='center', antialias=True, autoLog=True, bold=False, color=array([ 1, -1, -1]), colorSpace='rgb', contrast=1.0, depth=-4.0, flipHoriz=False, flipVert=False, font='Open Sans', fontFiles=[], height=0.1, italic=False, languageStyle='LTR', name='text_2', opacity=1, ori=0.0, pos=array([0., 0.]), rgb=UNKNOWN, text='+', units='height', win=Window(...), wrapWidth=1)
7.4458 	EXP 	unnamed Form: autoLog = True
7.4458 	EXP 	DepressionQuestionnaire: name = 'DepressionQuestionnaire'
7.4458 	EXP 	DepressionQuestionnaire: size = (3.5, 1)
7.4458 	EXP 	DepressionQuestionnaire: size = array([3.5, 1. ])
7.4458 	EXP 	DepressionQuestionnaire: units = 'height'
7.4458 	EXP 	DepressionQuestionnaire: depth = 0
7.4458 	EXP 	WelcomeText: autoDraw = True
9.4625 	EXP 	WelcomeText: autoDraw = False
9.4625 	EXP 	DepressionQuestionnaire: autoDraw = True
9.8718 	DATA 	Keypress: space
10.2631 	DATA 	Mouse: Left button down, pos=(776,53)
10.2951 	EXP 	DepressionQuestionnaire: autoDraw = False
10.2951 	EXP 	instructionsText: autoDraw = True
10.3670 	DATA 	Mouse:  Left button up, pos=(775,53)
10.6577 	EXP 	Imported picPaths.xlsx as conditions, 6 conditions, 3 params
10.6580 	EXP 	Created sequence: sequential, trialTypes=6, nReps=1, seed=None
10.6582 	EXP 	New trial (rep=0, index=0): {'startImage': 'C:\\Users\\hesselmann\\Desktop\\PsychoPyUniformityIllusion\\UniformityIllusionPsychoPy\\Pics\\1start.png', 'endImage': 'C:\\Users\\hesselmann\\Desktop\\PsychoPyUniformityIllusion\\UniformityIllusionPsychoPy\\Pics\\1a.png', 'AB': 'a'}
10.8568 	DATA 	Keypress: space
10.9121 	EXP 	instructionsText: autoDraw = False
10.9121 	EXP 	hasPeriphery: size = array([1.77777778, 1.        ])
10.9121 	EXP 	hasPeriphery: image = 'C:\\Users\\hesselmann\\Desktop\\PsychoPyUniformityIllusion\\UniformityIllusionPsychoPy\\Pics\\1a.png'
10.9121 	EXP 	noPeriphery: size = array([1.77777778, 1.        ])
10.9121 	EXP 	noPeriphery: image = 'C:\\Users\\hesselmann\\Desktop\\PsychoPyUniformityIllusion\\UniformityIllusionPsychoPy\\Pics\\1start.png'
10.9121 	EXP 	hasPeriphery: autoDraw = True
10.9121 	EXP 	hasPeriphery: texRes = 128.0
10.9121 	EXP 	noPeriphery: autoDraw = True
10.9121 	EXP 	noPeriphery: texRes = 128.0
10.9121 	EXP 	blank_screen: autoDraw = True
10.9121 	EXP 	text: autoDraw = True
11.0622 	EXP 	hasPeriphery: texRes = 128.0
11.0622 	EXP 	noPeriphery: texRes = 128.0
11.1952 	EXP 	hasPeriphery: texRes = 128.0
11.1952 	EXP 	noPeriphery: texRes = 128.0
11.1952 	EXP 	blank_screen: autoDraw = False
11.3285 	EXP 	hasPeriphery: texRes = 128.0
11.3285 	EXP 	noPeriphery: texRes = 128.0
11.4616 	EXP 	hasPeriphery: texRes = 128.0
11.4616 	EXP 	noPeriphery: texRes = 128.0
11.5954 	EXP 	hasPeriphery: texRes = 128.0
11.5954 	EXP 	noPeriphery: texRes = 128.0
11.7459 	EXP 	hasPeriphery: texRes = 128.0
11.7459 	EXP 	noPeriphery: texRes = 128.0
11.8953 	EXP 	hasPeriphery: texRes = 128.0
11.8953 	EXP 	noPeriphery: texRes = 128.0
12.0287 	EXP 	hasPeriphery: texRes = 128.0
12.0287 	EXP 	noPeriphery: texRes = 128.0
12.1624 	EXP 	hasPeriphery: texRes = 128.0
12.1624 	EXP 	noPeriphery: texRes = 128.0
12.2955 	EXP 	hasPeriphery: texRes = 128.0
12.2955 	EXP 	noPeriphery: texRes = 128.0
12.4281 	EXP 	hasPeriphery: texRes = 128.0
12.4281 	EXP 	noPeriphery: texRes = 128.0
12.5615 	EXP 	hasPeriphery: texRes = 128.0
12.5615 	EXP 	noPeriphery: texRes = 128.0
12.6951 	EXP 	hasPeriphery: texRes = 128.0
12.6951 	EXP 	noPeriphery: texRes = 128.0
12.8282 	EXP 	hasPeriphery: texRes = 128.0
12.8282 	EXP 	noPeriphery: texRes = 128.0
12.9613 	EXP 	hasPeriphery: texRes = 128.0
12.9613 	EXP 	noPeriphery: texRes = 128.0
13.0949 	EXP 	hasPeriphery: texRes = 128.0
13.0949 	EXP 	noPeriphery: texRes = 128.0
13.2282 	EXP 	hasPeriphery: texRes = 128.0
13.2282 	EXP 	noPeriphery: texRes = 128.0
13.3612 	EXP 	hasPeriphery: texRes = 128.0
13.3612 	EXP 	noPeriphery: texRes = 128.0
13.4948 	EXP 	hasPeriphery: texRes = 128.0
13.4948 	EXP 	noPeriphery: texRes = 128.0
13.6454 	EXP 	hasPeriphery: texRes = 128.0
13.6454 	EXP 	noPeriphery: texRes = 128.0
13.7947 	EXP 	hasPeriphery: texRes = 128.0
13.7947 	EXP 	noPeriphery: texRes = 128.0
13.9282 	EXP 	hasPeriphery: texRes = 128.0
13.9282 	EXP 	noPeriphery: texRes = 128.0
14.0611 	EXP 	hasPeriphery: texRes = 128.0
14.0611 	EXP 	noPeriphery: texRes = 128.0
14.1944 	EXP 	hasPeriphery: texRes = 128.0
14.1944 	EXP 	noPeriphery: texRes = 128.0
14.3281 	EXP 	hasPeriphery: texRes = 128.0
14.3281 	EXP 	noPeriphery: texRes = 128.0
14.4618 	EXP 	hasPeriphery: texRes = 128.0
14.4618 	EXP 	noPeriphery: texRes = 128.0
14.5943 	EXP 	hasPeriphery: texRes = 128.0
14.5943 	EXP 	noPeriphery: texRes = 128.0
14.7280 	EXP 	hasPeriphery: texRes = 128.0
14.7280 	EXP 	noPeriphery: texRes = 128.0
14.8617 	EXP 	hasPeriphery: texRes = 128.0
14.8617 	EXP 	noPeriphery: texRes = 128.0
14.9943 	EXP 	hasPeriphery: texRes = 128.0
14.9943 	EXP 	noPeriphery: texRes = 128.0
15.1276 	EXP 	hasPeriphery: texRes = 128.0
15.1276 	EXP 	noPeriphery: texRes = 128.0
15.2613 	EXP 	hasPeriphery: texRes = 128.0
15.2613 	EXP 	noPeriphery: texRes = 128.0
15.3945 	EXP 	hasPeriphery: texRes = 128.0
15.3945 	EXP 	noPeriphery: texRes = 128.0
15.5279 	EXP 	hasPeriphery: texRes = 128.0
15.5279 	EXP 	noPeriphery: texRes = 128.0
15.6608 	EXP 	hasPeriphery: texRes = 128.0
15.6608 	EXP 	noPeriphery: texRes = 128.0
15.7940 	EXP 	hasPeriphery: texRes = 128.0
15.7940 	EXP 	noPeriphery: texRes = 128.0
15.9442 	EXP 	hasPeriphery: texRes = 128.0
15.9442 	EXP 	noPeriphery: texRes = 128.0
16.0785 	EXP 	hasPeriphery: texRes = 128.0
16.0785 	EXP 	noPeriphery: texRes = 128.0
16.2273 	EXP 	hasPeriphery: texRes = 128.0
16.2273 	EXP 	noPeriphery: texRes = 128.0
16.3610 	EXP 	hasPeriphery: texRes = 128.0
16.3610 	EXP 	noPeriphery: texRes = 128.0
16.4944 	EXP 	hasPeriphery: texRes = 128.0
16.4944 	EXP 	noPeriphery: texRes = 128.0
16.6282 	EXP 	hasPeriphery: texRes = 128.0
16.6282 	EXP 	noPeriphery: texRes = 128.0
16.7609 	EXP 	hasPeriphery: texRes = 128.0
16.7609 	EXP 	noPeriphery: texRes = 128.0
16.8941 	EXP 	hasPeriphery: texRes = 128.0
16.8941 	EXP 	noPeriphery: texRes = 128.0
16.9845 	EXP 	New trial (rep=0, index=1): {'startImage': 'C:\\Users\\hesselmann\\Desktop\\PsychoPyUniformityIllusion\\UniformityIllusionPsychoPy\\Pics\\1start.png', 'endImage': 'C:\\Users\\hesselmann\\Desktop\\PsychoPyUniformityIllusion\\UniformityIllusionPsychoPy\\Pics\\1b.png', 'AB': 'b'}
17.1609 	DATA 	Keypress: space
17.2111 	EXP 	hasPeriphery: texRes = 128.0
17.2111 	EXP 	noPeriphery: texRes = 128.0
17.2111 	EXP 	hasPeriphery: autoDraw = False
17.2111 	EXP 	noPeriphery: autoDraw = False
17.2111 	EXP 	blank_screen: autoDraw = False
17.2111 	EXP 	text: autoDraw = False
17.2111 	EXP 	hasPeriphery: size = array([1.77777778, 1.        ])
17.2111 	EXP 	hasPeriphery: image = 'C:\\Users\\hesselmann\\Desktop\\PsychoPyUniformityIllusion\\UniformityIllusionPsychoPy\\Pics\\1b.png'
17.2111 	EXP 	noPeriphery: size = array([1.77777778, 1.        ])
17.2111 	EXP 	noPeriphery: image = 'C:\\Users\\hesselmann\\Desktop\\PsychoPyUniformityIllusion\\UniformityIllusionPsychoPy\\Pics\\1start.png'
17.2111 	EXP 	hasPeriphery: autoDraw = True
17.2111 	EXP 	hasPeriphery: texRes = 128.0
17.2111 	EXP 	noPeriphery: autoDraw = True
17.2111 	EXP 	noPeriphery: texRes = 128.0
17.2111 	EXP 	blank_screen: autoDraw = True
17.2111 	EXP 	text: autoDraw = True
17.3605 	EXP 	hasPeriphery: texRes = 128.0
17.3605 	EXP 	noPeriphery: texRes = 128.0
17.4938 	EXP 	hasPeriphery: texRes = 128.0
17.4938 	EXP 	noPeriphery: texRes = 128.0
17.4938 	EXP 	blank_screen: autoDraw = False
17.6274 	EXP 	hasPeriphery: texRes = 128.0
17.6274 	EXP 	noPeriphery: texRes = 128.0
17.7604 	EXP 	hasPeriphery: texRes = 128.0
17.7604 	EXP 	noPeriphery: texRes = 128.0
17.8941 	EXP 	hasPeriphery: texRes = 128.0
17.8941 	EXP 	noPeriphery: texRes = 128.0
18.0282 	EXP 	hasPeriphery: texRes = 128.0
18.0282 	EXP 	noPeriphery: texRes = 128.0
18.1607 	EXP 	hasPeriphery: texRes = 128.0
18.1607 	EXP 	noPeriphery: texRes = 128.0
18.2938 	EXP 	hasPeriphery: texRes = 128.0
18.2938 	EXP 	noPeriphery: texRes = 128.0
18.4269 	EXP 	hasPeriphery: texRes = 128.0
18.4269 	EXP 	noPeriphery: texRes = 128.0
18.5607 	EXP 	hasPeriphery: texRes = 128.0
18.5607 	EXP 	noPeriphery: texRes = 128.0
18.6942 	EXP 	hasPeriphery: texRes = 128.0
18.6942 	EXP 	noPeriphery: texRes = 128.0
18.8276 	EXP 	hasPeriphery: texRes = 128.0
18.8276 	EXP 	noPeriphery: texRes = 128.0
18.9605 	EXP 	hasPeriphery: texRes = 128.0
18.9605 	EXP 	noPeriphery: texRes = 128.0
19.0939 	EXP 	hasPeriphery: texRes = 128.0
19.0939 	EXP 	noPeriphery: texRes = 128.0
19.2271 	EXP 	hasPeriphery: texRes = 128.0
19.2271 	EXP 	noPeriphery: texRes = 128.0
19.3600 	EXP 	hasPeriphery: texRes = 128.0
19.3600 	EXP 	noPeriphery: texRes = 128.0
19.4935 	EXP 	hasPeriphery: texRes = 128.0
19.4935 	EXP 	noPeriphery: texRes = 128.0
19.6269 	EXP 	hasPeriphery: texRes = 128.0
19.6269 	EXP 	noPeriphery: texRes = 128.0
19.7600 	EXP 	hasPeriphery: texRes = 128.0
19.7600 	EXP 	noPeriphery: texRes = 128.0
19.8933 	EXP 	hasPeriphery: texRes = 128.0
19.8933 	EXP 	noPeriphery: texRes = 128.0
20.0269 	EXP 	hasPeriphery: texRes = 128.0
20.0269 	EXP 	noPeriphery: texRes = 128.0
20.1599 	EXP 	hasPeriphery: texRes = 128.0
20.1599 	EXP 	noPeriphery: texRes = 128.0
20.2932 	EXP 	hasPeriphery: texRes = 128.0
20.2932 	EXP 	noPeriphery: texRes = 128.0
20.4280 	EXP 	hasPeriphery: texRes = 128.0
20.4280 	EXP 	noPeriphery: texRes = 128.0
20.5601 	EXP 	hasPeriphery: texRes = 128.0
20.5601 	EXP 	noPeriphery: texRes = 128.0
20.6941 	EXP 	hasPeriphery: texRes = 128.0
20.6941 	EXP 	noPeriphery: texRes = 128.0
20.8435 	EXP 	hasPeriphery: texRes = 128.0
20.8435 	EXP 	noPeriphery: texRes = 128.0
20.9764 	EXP 	hasPeriphery: texRes = 128.0
20.9764 	EXP 	noPeriphery: texRes = 128.0
21.1097 	EXP 	hasPeriphery: texRes = 128.0
21.1097 	EXP 	noPeriphery: texRes = 128.0
21.2440 	EXP 	hasPeriphery: texRes = 128.0
21.2440 	EXP 	noPeriphery: texRes = 128.0
21.3763 	EXP 	hasPeriphery: texRes = 128.0
21.3763 	EXP 	noPeriphery: texRes = 128.0
21.5100 	EXP 	hasPeriphery: texRes = 128.0
21.5100 	EXP 	noPeriphery: texRes = 128.0
21.6430 	EXP 	hasPeriphery: texRes = 128.0
21.6430 	EXP 	noPeriphery: texRes = 128.0
21.7766 	EXP 	hasPeriphery: texRes = 128.0
21.7766 	EXP 	noPeriphery: texRes = 128.0
21.9099 	EXP 	hasPeriphery: texRes = 128.0
21.9099 	EXP 	noPeriphery: texRes = 128.0
22.0595 	EXP 	hasPeriphery: texRes = 128.0
22.0595 	EXP 	noPeriphery: texRes = 128.0
22.1929 	EXP 	hasPeriphery: texRes = 128.0
22.1929 	EXP 	noPeriphery: texRes = 128.0
22.3261 	EXP 	hasPeriphery: texRes = 128.0
22.3261 	EXP 	noPeriphery: texRes = 128.0
22.4598 	EXP 	hasPeriphery: texRes = 128.0
22.4598 	EXP 	noPeriphery: texRes = 128.0
22.5935 	EXP 	hasPeriphery: texRes = 128.0
22.5935 	EXP 	noPeriphery: texRes = 128.0
22.7261 	EXP 	hasPeriphery: texRes = 128.0
22.7261 	EXP 	noPeriphery: texRes = 128.0
22.8289 	EXP 	New trial (rep=0, index=2): {'startImage': 'C:\\Users\\hesselmann\\Desktop\\PsychoPyUniformityIllusion\\UniformityIllusionPsychoPy\\Pics\\2start.png', 'endImage': 'C:\\Users\\hesselmann\\Desktop\\PsychoPyUniformityIllusion\\UniformityIllusionPsychoPy\\Pics\\2a.png', 'AB': 'a'}
22.9656 	DATA 	Keypress: space
23.0093 	EXP 	hasPeriphery: texRes = 128.0
23.0093 	EXP 	noPeriphery: texRes = 128.0
23.0093 	EXP 	hasPeriphery: autoDraw = False
23.0093 	EXP 	noPeriphery: autoDraw = False
23.0093 	EXP 	blank_screen: autoDraw = False
23.0093 	EXP 	text: autoDraw = False
23.0093 	EXP 	hasPeriphery: size = array([1.77777778, 1.        ])
23.0093 	EXP 	hasPeriphery: image = 'C:\\Users\\hesselmann\\Desktop\\PsychoPyUniformityIllusion\\UniformityIllusionPsychoPy\\Pics\\2a.png'
23.0093 	EXP 	noPeriphery: size = array([1.77777778, 1.        ])
23.0093 	EXP 	noPeriphery: image = 'C:\\Users\\hesselmann\\Desktop\\PsychoPyUniformityIllusion\\UniformityIllusionPsychoPy\\Pics\\2start.png'
23.0093 	EXP 	hasPeriphery: autoDraw = True
23.0093 	EXP 	hasPeriphery: texRes = 128.0
23.0093 	EXP 	noPeriphery: autoDraw = True
23.0093 	EXP 	noPeriphery: texRes = 128.0
23.0093 	EXP 	blank_screen: autoDraw = True
23.0093 	EXP 	text: autoDraw = True
23.1267 	EXP 	hasPeriphery: texRes = 128.0
23.1267 	EXP 	noPeriphery: texRes = 128.0
23.2435 	EXP 	hasPeriphery: texRes = 128.0
23.2435 	EXP 	noPeriphery: texRes = 128.0
23.2435 	EXP 	blank_screen: autoDraw = False
23.3596 	EXP 	hasPeriphery: texRes = 128.0
23.3596 	EXP 	noPeriphery: texRes = 128.0
23.4759 	EXP 	hasPeriphery: texRes = 128.0
23.4759 	EXP 	noPeriphery: texRes = 128.0
23.5929 	EXP 	hasPeriphery: texRes = 128.0
23.5929 	EXP 	noPeriphery: texRes = 128.0
23.7258 	EXP 	hasPeriphery: texRes = 128.0
23.7258 	EXP 	noPeriphery: texRes = 128.0
23.8429 	EXP 	hasPeriphery: texRes = 128.0
23.8429 	EXP 	noPeriphery: texRes = 128.0
23.9592 	EXP 	hasPeriphery: texRes = 128.0
23.9592 	EXP 	noPeriphery: texRes = 128.0
24.0757 	EXP 	hasPeriphery: texRes = 128.0
24.0757 	EXP 	noPeriphery: texRes = 128.0
24.1928 	EXP 	hasPeriphery: texRes = 128.0
24.1928 	EXP 	noPeriphery: texRes = 128.0
24.3102 	EXP 	hasPeriphery: texRes = 128.0
24.3102 	EXP 	noPeriphery: texRes = 128.0
24.4257 	EXP 	hasPeriphery: texRes = 128.0
24.4257 	EXP 	noPeriphery: texRes = 128.0
24.5441 	EXP 	hasPeriphery: texRes = 128.0
24.5441 	EXP 	noPeriphery: texRes = 128.0
24.6590 	EXP 	hasPeriphery: texRes = 128.0
24.6590 	EXP 	noPeriphery: texRes = 128.0
24.7760 	EXP 	hasPeriphery: texRes = 128.0
24.7760 	EXP 	noPeriphery: texRes = 128.0
24.8932 	EXP 	hasPeriphery: texRes = 128.0
24.8932 	EXP 	noPeriphery: texRes = 128.0
24.9788 	DATA 	Keypress: space
25.0260 	EXP 	hasPeriphery: texRes = 128.0
25.0260 	EXP 	noPeriphery: texRes = 128.0
25.0953 	EXP 	New trial (rep=0, index=3): {'startImage': 'C:\\Users\\hesselmann\\Desktop\\PsychoPyUniformityIllusion\\UniformityIllusionPsychoPy\\Pics\\2start.png', 'endImage': 'C:\\Users\\hesselmann\\Desktop\\PsychoPyUniformityIllusion\\UniformityIllusionPsychoPy\\Pics\\2b.png', 'AB': 'b'}
25.2758 	EXP 	hasPeriphery: texRes = 128.0
25.2758 	EXP 	noPeriphery: texRes = 128.0
25.2758 	EXP 	hasPeriphery: autoDraw = False
25.2758 	EXP 	noPeriphery: autoDraw = False
25.2758 	EXP 	blank_screen: autoDraw = False
25.2758 	EXP 	text: autoDraw = False
25.2758 	EXP 	hasPeriphery: size = array([1.77777778, 1.        ])
25.2758 	EXP 	hasPeriphery: image = 'C:\\Users\\hesselmann\\Desktop\\PsychoPyUniformityIllusion\\UniformityIllusionPsychoPy\\Pics\\2b.png'
25.2758 	EXP 	noPeriphery: size = array([1.77777778, 1.        ])
25.2758 	EXP 	noPeriphery: image = 'C:\\Users\\hesselmann\\Desktop\\PsychoPyUniformityIllusion\\UniformityIllusionPsychoPy\\Pics\\2start.png'
25.2758 	EXP 	hasPeriphery: autoDraw = True
25.2758 	EXP 	hasPeriphery: texRes = 128.0
25.2758 	EXP 	noPeriphery: autoDraw = True
25.2758 	EXP 	noPeriphery: texRes = 128.0
25.2758 	EXP 	blank_screen: autoDraw = True
25.2758 	EXP 	text: autoDraw = True
25.3925 	EXP 	hasPeriphery: texRes = 128.0
25.3925 	EXP 	noPeriphery: texRes = 128.0
25.4922 	EXP 	hasPeriphery: texRes = 128.0
25.4922 	EXP 	noPeriphery: texRes = 128.0
25.4922 	EXP 	blank_screen: autoDraw = False
25.6095 	EXP 	hasPeriphery: texRes = 128.0
25.6095 	EXP 	noPeriphery: texRes = 128.0
25.7256 	EXP 	hasPeriphery: texRes = 128.0
25.7256 	EXP 	noPeriphery: texRes = 128.0
25.8424 	EXP 	hasPeriphery: texRes = 128.0
25.8424 	EXP 	noPeriphery: texRes = 128.0
25.9588 	EXP 	hasPeriphery: texRes = 128.0
25.9588 	EXP 	noPeriphery: texRes = 128.0
26.0754 	EXP 	hasPeriphery: texRes = 128.0
26.0754 	EXP 	noPeriphery: texRes = 128.0
26.1753 	EXP 	hasPeriphery: texRes = 128.0
26.1753 	EXP 	noPeriphery: texRes = 128.0
26.2920 	EXP 	hasPeriphery: texRes = 128.0
26.2920 	EXP 	noPeriphery: texRes = 128.0
26.3920 	EXP 	hasPeriphery: texRes = 128.0
26.3920 	EXP 	noPeriphery: texRes = 128.0
26.4920 	EXP 	hasPeriphery: texRes = 128.0
26.4920 	EXP 	noPeriphery: texRes = 128.0
26.6090 	EXP 	hasPeriphery: texRes = 128.0
26.6090 	EXP 	noPeriphery: texRes = 128.0
26.7252 	EXP 	hasPeriphery: texRes = 128.0
26.7252 	EXP 	noPeriphery: texRes = 128.0
26.8428 	EXP 	hasPeriphery: texRes = 128.0
26.8428 	EXP 	noPeriphery: texRes = 128.0
26.9585 	EXP 	hasPeriphery: texRes = 128.0
26.9585 	EXP 	noPeriphery: texRes = 128.0
27.0585 	EXP 	hasPeriphery: texRes = 128.0
27.0585 	EXP 	noPeriphery: texRes = 128.0
27.1754 	EXP 	hasPeriphery: texRes = 128.0
27.1754 	EXP 	noPeriphery: texRes = 128.0
27.2929 	EXP 	hasPeriphery: texRes = 128.0
27.2929 	EXP 	noPeriphery: texRes = 128.0
27.4088 	EXP 	hasPeriphery: texRes = 128.0
27.4088 	EXP 	noPeriphery: texRes = 128.0
27.5259 	EXP 	hasPeriphery: texRes = 128.0
27.5259 	EXP 	noPeriphery: texRes = 128.0
27.6417 	EXP 	hasPeriphery: texRes = 128.0
27.6417 	EXP 	noPeriphery: texRes = 128.0
27.7422 	EXP 	hasPeriphery: texRes = 128.0
27.7422 	EXP 	noPeriphery: texRes = 128.0
27.8591 	EXP 	hasPeriphery: texRes = 128.0
27.8591 	EXP 	noPeriphery: texRes = 128.0
27.9754 	EXP 	hasPeriphery: texRes = 128.0
27.9754 	EXP 	noPeriphery: texRes = 128.0
28.0916 	EXP 	hasPeriphery: texRes = 128.0
28.0916 	EXP 	noPeriphery: texRes = 128.0
28.2087 	EXP 	hasPeriphery: texRes = 128.0
28.2087 	EXP 	noPeriphery: texRes = 128.0
28.3256 	EXP 	hasPeriphery: texRes = 128.0
28.3256 	EXP 	noPeriphery: texRes = 128.0
28.4590 	EXP 	hasPeriphery: texRes = 128.0
28.4590 	EXP 	noPeriphery: texRes = 128.0
28.5749 	EXP 	hasPeriphery: texRes = 128.0
28.5749 	EXP 	noPeriphery: texRes = 128.0
28.6748 	EXP 	hasPeriphery: texRes = 128.0
28.6748 	EXP 	noPeriphery: texRes = 128.0
28.7921 	EXP 	hasPeriphery: texRes = 128.0
28.7921 	EXP 	noPeriphery: texRes = 128.0
28.9083 	EXP 	hasPeriphery: texRes = 128.0
28.9083 	EXP 	noPeriphery: texRes = 128.0
29.0248 	EXP 	hasPeriphery: texRes = 128.0
29.0248 	EXP 	noPeriphery: texRes = 128.0
29.1247 	EXP 	hasPeriphery: texRes = 128.0
29.1247 	EXP 	noPeriphery: texRes = 128.0
29.1920 	DATA 	Keypress: escape
29.2252 	EXP 	hasPeriphery: texRes = 128.0
29.2252 	EXP 	noPeriphery: texRes = 128.0
29.3416 	EXP 	hasPeriphery: texRes = 128.0
29.3416 	EXP 	noPeriphery: texRes = 128.0
29.5238 	EXP 	window1: mouseVisible = True
