0.9907 	WARNING 	We strongly recommend you activate the PTB sound engine in PsychoPy prefs as the preferred audio engine. Its timing is vastly superior. Your prefs are currently set to use ['sounddevice', 'PTB', 'pyo', 'pygame'] (in that order).
6.1860 	EXP 	Created window1 = Window(allowGUI=False, allowStencil=False, autoLog=True, backendConf=UNKNOWN, bitsMode=UNKNOWN, blendMode='avg', bpc=(8, 8, 8), color=array([0, 0, 0]), colorSpace='rgb', depthBits=8, fullscr=<method-wrapper '__getattribute__' of attributeSetter object at 0x000002111AB76F60>, gamma=None, gammaErrorPolicy='raise', lms=UNKNOWN, monitor=<psychopy.monitors.calibTools.Monitor object at 0x000002111AA9F5F8>, multiSample=False, name='window1', numSamples=2, pos=[0.0, 0.0], screen=0, size=array([1920, 1080]), stencilBits=0, stereo=False, units='height', useFBO=True, useRetina=False, viewOri=0.0, viewPos=None, viewScale=None, waitBlanking=True, winType='pyglet')
6.1862 	EXP 	window1: mouseVisible = True
6.1862 	EXP 	window1: recordFrameIntervals = False
6.3180 	EXP 	window1: recordFrameIntervals = True
6.4644 	EXP 	window1: recordFrameIntervals = False
6.9726 	EXP 	Created WelcomeText = TextStim(__class__=<class 'psychopy.visual.text.TextStim'>, alignHoriz=method-wrapper(...), alignText='center', alignVert=method-wrapper(...), anchorHoriz='center', anchorVert='center', antialias=True, autoLog=True, bold=False, color=array([1, 1, 1]), colorSpace='rgb', contrast=1.0, depth=0.0, flipHoriz=False, flipVert=False, font='Open Sans', fontFiles=[], height=0.1, italic=False, languageStyle='LTR', name='WelcomeText', opacity=1, ori=0.0, pos=array([0., 0.]), rgb=UNKNOWN, text='Welcome to our Study!', units='height', win=Window(...), wrapWidth=1)
6.9882 	EXP 	Imported depression.xlsx as conditions, 2 conditions, 12 params
6.9892 	EXP 	Question text: Sadness
7.0073 	EXP 	window1: mouseVisible = True
7.0380 	EXP 	Question text: Pessimism
7.0453 	EXP 	window1: mouseVisible = True
7.0679 	EXP 	window1: mouseVisible = True
7.0722 	EXP 	Created unnamed Rect = Rect(__class__=<class 'psychopy.visual.rect.Rect'>, autoDraw=False, autoLog=True, closeShape=True, color=method-wrapper(...), colorSpace='rgb', contrast=None, depth=0, fillColor=array([0, 0, 0]), fillColorSpace='rgb', fillRGB=UNKNOWN, interpolate=True, lineColor=array([0, 0, 0]), lineColorSpace='rgb', lineRGB=UNKNOWN, lineWidth=1.5, name='unnamed Rect', opacity=0, ori=0.0, pos=array([0., 0.]), size=array([0., 0.]), units='height', vertices=ndarray(...), win=Window(...))
7.0794 	EXP 	Created DepressionQuestionnaire = <psychopy.visual.form.Form object at 0x000002111D81E3C8>
7.1030 	EXP 	window1: mouseVisible = True
7.1465 	EXP 	Created instructionsText = TextStim(__class__=<class 'psychopy.visual.text.TextStim'>, alignHoriz=method-wrapper(...), alignText='center', alignVert=method-wrapper(...), anchorHoriz='center', anchorVert='center', antialias=True, autoLog=True, bold=False, color=array([1, 1, 1]), colorSpace='rgb', contrast=1.0, depth=0.0, flipHoriz=False, flipVert=False, font='Open Sans', fontFiles=[], height=0.04, italic=False, languageStyle='LTR', name='instructionsText', opacity=1, ori=0.0, pos=array([0., 0.]), rgb=UNKNOWN, text=str(...), units='height', win=Window(...), wrapWidth=1)
7.1496 	EXP 	Created hasPeriphery = ImageStim(__class__=<class 'psychopy.visual.image.ImageStim'>, autoLog=True, color=array([1, 1, 1]), colorSpace='rgb', contrast=1.0, depth=-1.0, flipHoriz=False, flipVert=False, image='sin', interpolate=True, mask=None, maskParams=None, name='hasPeriphery', opacity=1.0, ori=0.0, pos=array([0., 0.]), size=array([0.5, 0.5]), texRes=128.0, units='height', win=Window(...))
7.1522 	EXP 	Created noPeriphery = ImageStim(__class__=<class 'psychopy.visual.image.ImageStim'>, autoLog=True, color=array([1, 1, 1]), colorSpace='rgb', contrast=1.0, depth=-3.0, flipHoriz=False, flipVert=False, image='sin', interpolate=True, mask=None, maskParams=None, name='noPeriphery', opacity=1.0, ori=0.0, pos=array([0., 0.]), size=array([0.5, 0.5]), texRes=128.0, units='height', win=Window(...))
7.1545 	EXP 	Created final = ImageStim(__class__=<class 'psychopy.visual.image.ImageStim'>, autoLog=True, color=array([1, 1, 1]), colorSpace='rgb', contrast=1.0, depth=-4.0, flipHoriz=False, flipVert=False, image='sin', interpolate=True, mask=None, maskParams=None, name='final', opacity=1.0, ori=0.0, pos=array([0., 0.]), size=array([0.5, 0.5]), texRes=128.0, units='height', win=Window(...))
7.1556 	EXP 	Created blank_screen = Rect(__class__=<class 'psychopy.visual.rect.Rect'>, autoDraw=False, autoLog=True, closeShape=True, color=method-wrapper(...), colorSpace='rgb', contrast=None, depth=-5.0, fillColor=array([1, 1, 1]), fillColorSpace='rgb', fillRGB=UNKNOWN, interpolate=True, lineColor=array([1, 1, 1]), lineColorSpace='rgb', lineRGB=UNKNOWN, lineWidth=1.0, name='blank_screen', opacity=1.0, ori=0.0, pos=array([0., 0.]), size=array([2., 2.]), units='height', vertices=ndarray(...), win=Window(...))
7.1617 	EXP 	Created text = TextStim(__class__=<class 'psychopy.visual.text.TextStim'>, alignHoriz=method-wrapper(...), alignText='center', alignVert=method-wrapper(...), anchorHoriz='center', anchorVert='center', antialias=True, autoLog=True, bold=False, color=array([ 1, -1, -1]), colorSpace='rgb', contrast=1.0, depth=-6.0, flipHoriz=False, flipVert=False, font='Open Sans', fontFiles=[], height=0.1, italic=False, languageStyle='LTR', name='text', opacity=1, ori=0.0, pos=array([0., 0.]), rgb=UNKNOWN, text='+', units='height', win=Window(...), wrapWidth=1)
7.1724 	EXP 	Created WelcomeText = TextStim(__class__=<class 'psychopy.visual.text.TextStim'>, alignHoriz=method-wrapper(...), alignText='center', alignVert=method-wrapper(...), anchorHoriz='center', anchorVert='center', antialias=True, autoLog=True, bold=False, color=array([1, 1, 1]), colorSpace='rgb', contrast=1.0, depth=0.0, flipHoriz=False, flipVert=False, font='Open Sans', fontFiles=[], height=0.1, italic=False, languageStyle='LTR', name='WelcomeText', opacity=1, ori=0.0, pos=array([0., 0.]), rgb=UNKNOWN, text='Welcome to our Study!', units='height', win=Window(...), wrapWidth=1)
7.1750 	EXP 	Created hasPeriphery_2 = ImageStim(__class__=<class 'psychopy.visual.image.ImageStim'>, autoLog=True, color=array([1, 1, 1]), colorSpace='rgb', contrast=1.0, depth=-1.0, flipHoriz=False, flipVert=False, image='sin', interpolate=True, mask=None, maskParams=None, name='hasPeriphery_2', opacity=1.0, ori=0.0, pos=array([0., 0.]), size=array([0.5, 0.5]), texRes=128.0, units='height', win=Window(...))
7.1773 	EXP 	Created noPeriphery_2 = ImageStim(__class__=<class 'psychopy.visual.image.ImageStim'>, autoLog=True, color=array([1, 1, 1]), colorSpace='rgb', contrast=1.0, depth=-3.0, flipHoriz=False, flipVert=False, image='sin', interpolate=True, mask=None, maskParams=None, name='noPeriphery_2', opacity=1.0, ori=0.0, pos=array([0., 0.]), size=array([0.5, 0.5]), texRes=128.0, units='height', win=Window(...))
7.1791 	EXP 	Created text_2 = TextStim(__class__=<class 'psychopy.visual.text.TextStim'>, alignHoriz=method-wrapper(...), alignText='center', alignVert=method-wrapper(...), anchorHoriz='center', anchorVert='center', antialias=True, autoLog=True, bold=False, color=array([ 1, -1, -1]), colorSpace='rgb', contrast=1.0, depth=-4.0, flipHoriz=False, flipVert=False, font='Open Sans', fontFiles=[], height=0.1, italic=False, languageStyle='LTR', name='text_2', opacity=1, ori=0.0, pos=array([0., 0.]), rgb=UNKNOWN, text='+', units='height', win=Window(...), wrapWidth=1)
7.2247 	EXP 	unnamed Form: autoLog = True
7.2247 	EXP 	DepressionQuestionnaire: name = 'DepressionQuestionnaire'
7.2247 	EXP 	DepressionQuestionnaire: size = (3.5, 1)
7.2247 	EXP 	DepressionQuestionnaire: size = array([3.5, 1. ])
7.2247 	EXP 	DepressionQuestionnaire: units = 'height'
7.2247 	EXP 	DepressionQuestionnaire: depth = 0
7.2247 	EXP 	WelcomeText: autoDraw = True
9.2247 	EXP 	WelcomeText: autoDraw = False
9.2247 	EXP 	DepressionQuestionnaire: autoDraw = True
10.4218 	DATA 	Mouse: Left button down, pos=(590,74)
10.4790 	EXP 	DepressionQuestionnaire: autoDraw = False
10.4790 	EXP 	instructionsText: autoDraw = True
10.4857 	DATA 	Mouse:  Left button up, pos=(590,74)
11.2921 	EXP 	Imported picPaths.xlsx as conditions, 6 conditions, 4 params
11.2924 	EXP 	Created sequence: sequential, trialTypes=6, nReps=1, seed=None
11.2928 	EXP 	New trial (rep=0, index=0): {'startImage': 'C:\\Users\\hesselmann\\Desktop\\PsychoPyUniformityIllusion\\UniformityIllusionPsychoPy\\Pics\\1start.png', 'midImage': 'C:\\Users\\hesselmann\\Desktop\\PsychoPyUniformityIllusion\\UniformityIllusionPsychoPy\\Pics\\1a.png', 'endImage': 'C:\\Users\\hesselmann\\Desktop\\PsychoPyUniformityIllusion\\UniformityIllusionPsychoPy\\Pics\\1a.png', 'AB': 'a'}
11.5306 	DATA 	Keypress: space
11.5854 	EXP 	instructionsText: autoDraw = False
11.5854 	EXP 	hasPeriphery: size = array([1.77777778, 1.        ])
11.5854 	EXP 	hasPeriphery: image = 'C:\\Users\\hesselmann\\Desktop\\PsychoPyUniformityIllusion\\UniformityIllusionPsychoPy\\Pics\\1a.png'
11.5854 	EXP 	noPeriphery: size = array([1.77777778, 1.        ])
11.5854 	EXP 	noPeriphery: image = 'C:\\Users\\hesselmann\\Desktop\\PsychoPyUniformityIllusion\\UniformityIllusionPsychoPy\\Pics\\1start.png'
11.5854 	EXP 	final: size = array([1.77777778, 1.        ])
11.5854 	EXP 	final: image = 'C:\\Users\\hesselmann\\Desktop\\PsychoPyUniformityIllusion\\UniformityIllusionPsychoPy\\Pics\\1a.png'
11.5854 	EXP 	hasPeriphery: autoDraw = True
11.5854 	EXP 	hasPeriphery: texRes = 128.0
11.5854 	EXP 	noPeriphery: autoDraw = True
11.5854 	EXP 	noPeriphery: texRes = 128.0
11.5854 	EXP 	text: autoDraw = True
11.7313 	EXP 	hasPeriphery: texRes = 128.0
11.7313 	EXP 	noPeriphery: texRes = 128.0
11.8783 	EXP 	hasPeriphery: texRes = 128.0
11.8783 	EXP 	noPeriphery: texRes = 128.0
12.0252 	EXP 	hasPeriphery: texRes = 128.0
12.0252 	EXP 	noPeriphery: texRes = 128.0
12.1726 	EXP 	hasPeriphery: texRes = 128.0
12.1726 	EXP 	noPeriphery: texRes = 128.0
12.3185 	EXP 	hasPeriphery: texRes = 128.0
12.3185 	EXP 	noPeriphery: texRes = 128.0
12.4648 	EXP 	hasPeriphery: texRes = 128.0
12.4648 	EXP 	noPeriphery: texRes = 128.0
12.6118 	EXP 	hasPeriphery: texRes = 128.0
12.6118 	EXP 	noPeriphery: texRes = 128.0
12.7450 	EXP 	hasPeriphery: texRes = 128.0
12.7450 	EXP 	noPeriphery: texRes = 128.0
12.8915 	EXP 	hasPeriphery: texRes = 128.0
12.8915 	EXP 	noPeriphery: texRes = 128.0
13.0389 	EXP 	hasPeriphery: texRes = 128.0
13.0389 	EXP 	noPeriphery: texRes = 128.0
13.1854 	EXP 	hasPeriphery: texRes = 128.0
13.1854 	EXP 	noPeriphery: texRes = 128.0
13.3316 	EXP 	hasPeriphery: texRes = 128.0
13.3316 	EXP 	noPeriphery: texRes = 128.0
13.4789 	EXP 	hasPeriphery: texRes = 128.0
13.4789 	EXP 	noPeriphery: texRes = 128.0
13.6249 	EXP 	hasPeriphery: texRes = 128.0
13.6249 	EXP 	noPeriphery: texRes = 128.0
13.7587 	EXP 	hasPeriphery: texRes = 128.0
13.7587 	EXP 	noPeriphery: texRes = 128.0
13.9054 	EXP 	hasPeriphery: texRes = 128.0
13.9054 	EXP 	noPeriphery: texRes = 128.0
14.0649 	EXP 	hasPeriphery: texRes = 128.0
14.0649 	EXP 	noPeriphery: texRes = 128.0
14.2123 	EXP 	hasPeriphery: texRes = 128.0
14.2123 	EXP 	noPeriphery: texRes = 128.0
14.3717 	EXP 	hasPeriphery: texRes = 128.0
14.3717 	EXP 	noPeriphery: texRes = 128.0
14.5126 	EXP 	New trial (rep=0, index=1): {'startImage': 'C:\\Users\\hesselmann\\Desktop\\PsychoPyUniformityIllusion\\UniformityIllusionPsychoPy\\Pics\\1start.png', 'midImage': 'C:\\Users\\hesselmann\\Desktop\\PsychoPyUniformityIllusion\\UniformityIllusionPsychoPy\\Pics\\1a.png', 'endImage': 'C:\\Users\\hesselmann\\Desktop\\PsychoPyUniformityIllusion\\UniformityIllusionPsychoPy\\Pics\\1b.png', 'AB': 'b'}
14.7393 	DATA 	Keypress: space
14.7850 	EXP 	hasPeriphery: texRes = 128.0
14.7850 	EXP 	noPeriphery: texRes = 128.0
14.7850 	EXP 	final: autoDraw = True
14.7850 	EXP 	final: texRes = 128.0
14.7850 	EXP 	hasPeriphery: autoDraw = False
14.7850 	EXP 	noPeriphery: autoDraw = False
14.7850 	EXP 	final: autoDraw = False
14.7850 	EXP 	blank_screen: autoDraw = False
14.7850 	EXP 	text: autoDraw = False
14.7850 	EXP 	hasPeriphery: size = array([1.77777778, 1.        ])
14.7850 	EXP 	hasPeriphery: image = 'C:\\Users\\hesselmann\\Desktop\\PsychoPyUniformityIllusion\\UniformityIllusionPsychoPy\\Pics\\1a.png'
14.7850 	EXP 	noPeriphery: size = array([1.77777778, 1.        ])
14.7850 	EXP 	noPeriphery: image = 'C:\\Users\\hesselmann\\Desktop\\PsychoPyUniformityIllusion\\UniformityIllusionPsychoPy\\Pics\\1start.png'
14.7850 	EXP 	final: size = array([1.77777778, 1.        ])
14.7850 	EXP 	final: image = 'C:\\Users\\hesselmann\\Desktop\\PsychoPyUniformityIllusion\\UniformityIllusionPsychoPy\\Pics\\1b.png'
14.7850 	EXP 	hasPeriphery: autoDraw = True
14.7850 	EXP 	hasPeriphery: texRes = 128.0
14.7850 	EXP 	noPeriphery: autoDraw = True
14.7850 	EXP 	noPeriphery: texRes = 128.0
14.7850 	EXP 	text: autoDraw = True
14.9324 	EXP 	hasPeriphery: texRes = 128.0
14.9324 	EXP 	noPeriphery: texRes = 128.0
15.0920 	EXP 	hasPeriphery: texRes = 128.0
15.0920 	EXP 	noPeriphery: texRes = 128.0
15.2388 	EXP 	hasPeriphery: texRes = 128.0
15.2388 	EXP 	noPeriphery: texRes = 128.0
15.3851 	EXP 	hasPeriphery: texRes = 128.0
15.3851 	EXP 	noPeriphery: texRes = 128.0
15.5318 	EXP 	hasPeriphery: texRes = 128.0
15.5318 	EXP 	noPeriphery: texRes = 128.0
15.6788 	EXP 	hasPeriphery: texRes = 128.0
15.6788 	EXP 	noPeriphery: texRes = 128.0
15.8255 	EXP 	hasPeriphery: texRes = 128.0
15.8255 	EXP 	noPeriphery: texRes = 128.0
15.9727 	EXP 	hasPeriphery: texRes = 128.0
15.9727 	EXP 	noPeriphery: texRes = 128.0
16.1189 	EXP 	hasPeriphery: texRes = 128.0
16.1189 	EXP 	noPeriphery: texRes = 128.0
16.2652 	EXP 	hasPeriphery: texRes = 128.0
16.2652 	EXP 	noPeriphery: texRes = 128.0
16.4118 	EXP 	hasPeriphery: texRes = 128.0
16.4118 	EXP 	noPeriphery: texRes = 128.0
16.5589 	EXP 	hasPeriphery: texRes = 128.0
16.5589 	EXP 	noPeriphery: texRes = 128.0
16.7052 	EXP 	hasPeriphery: texRes = 128.0
16.7052 	EXP 	noPeriphery: texRes = 128.0
16.8524 	EXP 	hasPeriphery: texRes = 128.0
16.8524 	EXP 	noPeriphery: texRes = 128.0
16.9986 	EXP 	hasPeriphery: texRes = 128.0
16.9986 	EXP 	noPeriphery: texRes = 128.0
17.1456 	EXP 	hasPeriphery: texRes = 128.0
17.1456 	EXP 	noPeriphery: texRes = 128.0
17.2923 	EXP 	hasPeriphery: texRes = 128.0
17.2923 	EXP 	noPeriphery: texRes = 128.0
17.4390 	EXP 	hasPeriphery: texRes = 128.0
17.4390 	EXP 	noPeriphery: texRes = 128.0
17.5863 	EXP 	hasPeriphery: texRes = 128.0
17.5863 	EXP 	noPeriphery: texRes = 128.0
17.7326 	EXP 	hasPeriphery: texRes = 128.0
17.7326 	EXP 	noPeriphery: texRes = 128.0
17.8924 	EXP 	hasPeriphery: texRes = 128.0
17.8924 	EXP 	noPeriphery: texRes = 128.0
18.0387 	EXP 	hasPeriphery: texRes = 128.0
18.0387 	EXP 	noPeriphery: texRes = 128.0
18.1858 	EXP 	hasPeriphery: texRes = 128.0
18.1858 	EXP 	noPeriphery: texRes = 128.0
18.3323 	EXP 	hasPeriphery: texRes = 128.0
18.3323 	EXP 	noPeriphery: texRes = 128.0
18.4928 	EXP 	hasPeriphery: texRes = 128.0
18.4928 	EXP 	noPeriphery: texRes = 128.0
18.6389 	EXP 	hasPeriphery: texRes = 128.0
18.6389 	EXP 	noPeriphery: texRes = 128.0
18.7855 	EXP 	hasPeriphery: texRes = 128.0
18.7855 	EXP 	noPeriphery: texRes = 128.0
18.9333 	EXP 	hasPeriphery: texRes = 128.0
18.9333 	EXP 	noPeriphery: texRes = 128.0
19.0925 	EXP 	hasPeriphery: texRes = 128.0
19.0925 	EXP 	noPeriphery: texRes = 128.0
19.3055 	EXP 	hasPeriphery: texRes = 128.0
19.3055 	EXP 	noPeriphery: texRes = 128.0
19.3055 	EXP 	final: autoDraw = True
19.3055 	EXP 	final: texRes = 128.0
19.5061 	EXP 	hasPeriphery: texRes = 128.0
19.5061 	EXP 	noPeriphery: texRes = 128.0
19.5061 	EXP 	final: texRes = 128.0
19.7062 	EXP 	hasPeriphery: texRes = 128.0
19.7062 	EXP 	noPeriphery: texRes = 128.0
19.7062 	EXP 	final: texRes = 128.0
19.9059 	EXP 	hasPeriphery: texRes = 128.0
19.9059 	EXP 	noPeriphery: texRes = 128.0
19.9059 	EXP 	final: texRes = 128.0
20.1063 	EXP 	hasPeriphery: texRes = 128.0
20.1063 	EXP 	noPeriphery: texRes = 128.0
20.1063 	EXP 	final: texRes = 128.0
20.3190 	EXP 	hasPeriphery: texRes = 128.0
20.3190 	EXP 	noPeriphery: texRes = 128.0
20.3190 	EXP 	blank_screen: autoDraw = True
20.3190 	EXP 	final: texRes = 128.0
20.5330 	EXP 	hasPeriphery: texRes = 128.0
20.5330 	EXP 	noPeriphery: texRes = 128.0
20.5330 	EXP 	final: texRes = 128.0
20.7325 	EXP 	hasPeriphery: texRes = 128.0
20.7325 	EXP 	noPeriphery: texRes = 128.0
20.7325 	EXP 	blank_screen: autoDraw = False
20.7325 	EXP 	final: texRes = 128.0
20.9460 	EXP 	hasPeriphery: texRes = 128.0
20.9460 	EXP 	noPeriphery: texRes = 128.0
20.9460 	EXP 	final: texRes = 128.0
21.1456 	EXP 	hasPeriphery: texRes = 128.0
21.1456 	EXP 	noPeriphery: texRes = 128.0
21.1456 	EXP 	final: texRes = 128.0
21.3460 	EXP 	hasPeriphery: texRes = 128.0
21.3460 	EXP 	noPeriphery: texRes = 128.0
21.3460 	EXP 	final: texRes = 128.0
21.5457 	EXP 	hasPeriphery: texRes = 128.0
21.5457 	EXP 	noPeriphery: texRes = 128.0
21.5457 	EXP 	final: texRes = 128.0
21.7596 	EXP 	hasPeriphery: texRes = 128.0
21.7596 	EXP 	noPeriphery: texRes = 128.0
21.7596 	EXP 	blank_screen: autoDraw = True
21.7596 	EXP 	final: texRes = 128.0
21.9734 	EXP 	hasPeriphery: texRes = 128.0
21.9734 	EXP 	noPeriphery: texRes = 128.0
21.9734 	EXP 	final: texRes = 128.0
22.1869 	EXP 	hasPeriphery: texRes = 128.0
22.1869 	EXP 	noPeriphery: texRes = 128.0
22.1869 	EXP 	blank_screen: autoDraw = False
22.1869 	EXP 	final: texRes = 128.0
22.3858 	EXP 	hasPeriphery: texRes = 128.0
22.3858 	EXP 	noPeriphery: texRes = 128.0
22.3858 	EXP 	final: texRes = 128.0
22.5874 	EXP 	hasPeriphery: texRes = 128.0
22.5874 	EXP 	noPeriphery: texRes = 128.0
22.5874 	EXP 	final: texRes = 128.0
22.7996 	EXP 	hasPeriphery: texRes = 128.0
22.7996 	EXP 	noPeriphery: texRes = 128.0
22.7996 	EXP 	final: texRes = 128.0
22.9995 	EXP 	hasPeriphery: texRes = 128.0
22.9995 	EXP 	noPeriphery: texRes = 128.0
22.9995 	EXP 	final: texRes = 128.0
23.2125 	EXP 	hasPeriphery: texRes = 128.0
23.2125 	EXP 	noPeriphery: texRes = 128.0
23.2125 	EXP 	blank_screen: autoDraw = True
23.2125 	EXP 	final: texRes = 128.0
23.4265 	EXP 	hasPeriphery: texRes = 128.0
23.4265 	EXP 	noPeriphery: texRes = 128.0
23.4265 	EXP 	final: texRes = 128.0
23.6401 	EXP 	hasPeriphery: texRes = 128.0
23.6401 	EXP 	noPeriphery: texRes = 128.0
23.6401 	EXP 	blank_screen: autoDraw = False
23.6401 	EXP 	final: texRes = 128.0
23.8534 	EXP 	hasPeriphery: texRes = 128.0
23.8534 	EXP 	noPeriphery: texRes = 128.0
23.8534 	EXP 	final: texRes = 128.0
24.0534 	EXP 	hasPeriphery: texRes = 128.0
24.0534 	EXP 	noPeriphery: texRes = 128.0
24.0534 	EXP 	final: texRes = 128.0
24.2664 	EXP 	hasPeriphery: texRes = 128.0
24.2664 	EXP 	noPeriphery: texRes = 128.0
24.2664 	EXP 	final: texRes = 128.0
24.4331 	DATA 	Keypress: space
24.4795 	EXP 	hasPeriphery: texRes = 128.0
24.4795 	EXP 	noPeriphery: texRes = 128.0
24.4795 	EXP 	final: texRes = 128.0
24.6418 	EXP 	New trial (rep=0, index=2): {'startImage': 'C:\\Users\\hesselmann\\Desktop\\PsychoPyUniformityIllusion\\UniformityIllusionPsychoPy\\Pics\\2start.png', 'midImage': 'C:\\Users\\hesselmann\\Desktop\\PsychoPyUniformityIllusion\\UniformityIllusionPsychoPy\\Pics\\2a.png', 'endImage': 'C:\\Users\\hesselmann\\Desktop\\PsychoPyUniformityIllusion\\UniformityIllusionPsychoPy\\Pics\\2a.png', 'AB': 'a'}
24.8669 	EXP 	hasPeriphery: texRes = 128.0
24.8669 	EXP 	noPeriphery: texRes = 128.0
24.8669 	EXP 	blank_screen: autoDraw = True
24.8669 	EXP 	final: texRes = 128.0
24.8669 	EXP 	hasPeriphery: autoDraw = False
24.8669 	EXP 	noPeriphery: autoDraw = False
24.8669 	EXP 	final: autoDraw = False
24.8669 	EXP 	blank_screen: autoDraw = False
24.8669 	EXP 	text: autoDraw = False
24.8669 	EXP 	hasPeriphery: size = array([1.77777778, 1.        ])
24.8669 	EXP 	hasPeriphery: image = 'C:\\Users\\hesselmann\\Desktop\\PsychoPyUniformityIllusion\\UniformityIllusionPsychoPy\\Pics\\2a.png'
24.8669 	EXP 	noPeriphery: size = array([1.77777778, 1.        ])
24.8669 	EXP 	noPeriphery: image = 'C:\\Users\\hesselmann\\Desktop\\PsychoPyUniformityIllusion\\UniformityIllusionPsychoPy\\Pics\\2start.png'
24.8669 	EXP 	final: size = array([1.77777778, 1.        ])
24.8669 	EXP 	final: image = 'C:\\Users\\hesselmann\\Desktop\\PsychoPyUniformityIllusion\\UniformityIllusionPsychoPy\\Pics\\2a.png'
24.8669 	EXP 	hasPeriphery: autoDraw = True
24.8669 	EXP 	hasPeriphery: texRes = 128.0
24.8669 	EXP 	noPeriphery: autoDraw = True
24.8669 	EXP 	noPeriphery: texRes = 128.0
24.8669 	EXP 	text: autoDraw = True
25.0001 	EXP 	hasPeriphery: texRes = 128.0
25.0001 	EXP 	noPeriphery: texRes = 128.0
25.1208 	EXP 	hasPeriphery: texRes = 128.0
25.1208 	EXP 	noPeriphery: texRes = 128.0
25.2401 	EXP 	hasPeriphery: texRes = 128.0
25.2401 	EXP 	noPeriphery: texRes = 128.0
25.3731 	EXP 	hasPeriphery: texRes = 128.0
25.3731 	EXP 	noPeriphery: texRes = 128.0
25.4932 	EXP 	hasPeriphery: texRes = 128.0
25.4932 	EXP 	noPeriphery: texRes = 128.0
25.6265 	EXP 	hasPeriphery: texRes = 128.0
25.6265 	EXP 	noPeriphery: texRes = 128.0
25.7465 	EXP 	hasPeriphery: texRes = 128.0
25.7465 	EXP 	noPeriphery: texRes = 128.0
25.8669 	EXP 	hasPeriphery: texRes = 128.0
25.8669 	EXP 	noPeriphery: texRes = 128.0
25.9465 	DATA 	Keypress: space
25.9862 	EXP 	hasPeriphery: texRes = 128.0
25.9862 	EXP 	noPeriphery: texRes = 128.0
26.0654 	EXP 	New trial (rep=0, index=3): {'startImage': 'C:\\Users\\hesselmann\\Desktop\\PsychoPyUniformityIllusion\\UniformityIllusionPsychoPy\\Pics\\2start.png', 'midImage': 'C:\\Users\\hesselmann\\Desktop\\PsychoPyUniformityIllusion\\UniformityIllusionPsychoPy\\Pics\\2a.png', 'endImage': 'C:\\Users\\hesselmann\\Desktop\\PsychoPyUniformityIllusion\\UniformityIllusionPsychoPy\\Pics\\2b.png', 'AB': 'b'}
26.2938 	EXP 	hasPeriphery: texRes = 128.0
26.2938 	EXP 	noPeriphery: texRes = 128.0
26.2938 	EXP 	hasPeriphery: autoDraw = False
26.2938 	EXP 	noPeriphery: autoDraw = False
26.2938 	EXP 	final: autoDraw = False
26.2938 	EXP 	blank_screen: autoDraw = False
26.2938 	EXP 	text: autoDraw = False
26.2938 	EXP 	hasPeriphery: size = array([1.77777778, 1.        ])
26.2938 	EXP 	hasPeriphery: image = 'C:\\Users\\hesselmann\\Desktop\\PsychoPyUniformityIllusion\\UniformityIllusionPsychoPy\\Pics\\2a.png'
26.2938 	EXP 	noPeriphery: size = array([1.77777778, 1.        ])
26.2938 	EXP 	noPeriphery: image = 'C:\\Users\\hesselmann\\Desktop\\PsychoPyUniformityIllusion\\UniformityIllusionPsychoPy\\Pics\\2start.png'
26.2938 	EXP 	final: size = array([1.77777778, 1.        ])
26.2938 	EXP 	final: image = 'C:\\Users\\hesselmann\\Desktop\\PsychoPyUniformityIllusion\\UniformityIllusionPsychoPy\\Pics\\2b.png'
26.2938 	EXP 	hasPeriphery: autoDraw = True
26.2938 	EXP 	hasPeriphery: texRes = 128.0
26.2938 	EXP 	noPeriphery: autoDraw = True
26.2938 	EXP 	noPeriphery: texRes = 128.0
26.2938 	EXP 	text: autoDraw = True
26.4271 	EXP 	hasPeriphery: texRes = 128.0
26.4271 	EXP 	noPeriphery: texRes = 128.0
26.5599 	EXP 	hasPeriphery: texRes = 128.0
26.5599 	EXP 	noPeriphery: texRes = 128.0
26.6795 	EXP 	hasPeriphery: texRes = 128.0
26.6795 	EXP 	noPeriphery: texRes = 128.0
26.8003 	EXP 	hasPeriphery: texRes = 128.0
26.8003 	EXP 	noPeriphery: texRes = 128.0
26.9203 	EXP 	hasPeriphery: texRes = 128.0
26.9203 	EXP 	noPeriphery: texRes = 128.0
27.0406 	EXP 	hasPeriphery: texRes = 128.0
27.0406 	EXP 	noPeriphery: texRes = 128.0
27.1600 	EXP 	hasPeriphery: texRes = 128.0
27.1600 	EXP 	noPeriphery: texRes = 128.0
27.2798 	EXP 	hasPeriphery: texRes = 128.0
27.2798 	EXP 	noPeriphery: texRes = 128.0
27.4133 	EXP 	hasPeriphery: texRes = 128.0
27.4133 	EXP 	noPeriphery: texRes = 128.0
27.5337 	EXP 	hasPeriphery: texRes = 128.0
27.5337 	EXP 	noPeriphery: texRes = 128.0
27.6797 	EXP 	hasPeriphery: texRes = 128.0
27.6797 	EXP 	noPeriphery: texRes = 128.0
27.8000 	EXP 	hasPeriphery: texRes = 128.0
27.8000 	EXP 	noPeriphery: texRes = 128.0
27.9198 	EXP 	hasPeriphery: texRes = 128.0
27.9198 	EXP 	noPeriphery: texRes = 128.0
28.0535 	EXP 	hasPeriphery: texRes = 128.0
28.0535 	EXP 	noPeriphery: texRes = 128.0
28.1871 	EXP 	hasPeriphery: texRes = 128.0
28.1871 	EXP 	noPeriphery: texRes = 128.0
28.3202 	EXP 	hasPeriphery: texRes = 128.0
28.3202 	EXP 	noPeriphery: texRes = 128.0
28.4534 	EXP 	hasPeriphery: texRes = 128.0
28.4534 	EXP 	noPeriphery: texRes = 128.0
28.5742 	EXP 	hasPeriphery: texRes = 128.0
28.5742 	EXP 	noPeriphery: texRes = 128.0
28.7065 	EXP 	hasPeriphery: texRes = 128.0
28.7065 	EXP 	noPeriphery: texRes = 128.0
28.8797 	EXP 	hasPeriphery: texRes = 128.0
28.8797 	EXP 	noPeriphery: texRes = 128.0
28.8797 	EXP 	final: autoDraw = True
28.8797 	EXP 	final: texRes = 128.0
29.0535 	EXP 	hasPeriphery: texRes = 128.0
29.0535 	EXP 	noPeriphery: texRes = 128.0
29.0535 	EXP 	blank_screen: autoDraw = True
29.0535 	EXP 	final: texRes = 128.0
29.2535 	EXP 	hasPeriphery: texRes = 128.0
29.2535 	EXP 	noPeriphery: texRes = 128.0
29.2535 	EXP 	final: texRes = 128.0
29.4271 	EXP 	hasPeriphery: texRes = 128.0
29.4271 	EXP 	noPeriphery: texRes = 128.0
29.4271 	EXP 	blank_screen: autoDraw = False
29.4271 	EXP 	final: texRes = 128.0
29.6266 	EXP 	hasPeriphery: texRes = 128.0
29.6266 	EXP 	noPeriphery: texRes = 128.0
29.6266 	EXP 	final: texRes = 128.0
29.7865 	EXP 	hasPeriphery: texRes = 128.0
29.7865 	EXP 	noPeriphery: texRes = 128.0
29.7865 	EXP 	final: texRes = 128.0
29.9602 	EXP 	hasPeriphery: texRes = 128.0
29.9602 	EXP 	noPeriphery: texRes = 128.0
29.9602 	EXP 	final: texRes = 128.0
30.1334 	EXP 	hasPeriphery: texRes = 128.0
30.1334 	EXP 	noPeriphery: texRes = 128.0
30.1334 	EXP 	final: texRes = 128.0
30.3203 	EXP 	hasPeriphery: texRes = 128.0
30.3203 	EXP 	noPeriphery: texRes = 128.0
30.3203 	EXP 	blank_screen: autoDraw = True
30.3203 	EXP 	final: texRes = 128.0
30.5199 	EXP 	hasPeriphery: texRes = 128.0
30.5199 	EXP 	noPeriphery: texRes = 128.0
30.5199 	EXP 	final: texRes = 128.0
30.6932 	EXP 	hasPeriphery: texRes = 128.0
30.6932 	EXP 	noPeriphery: texRes = 128.0
30.6932 	EXP 	blank_screen: autoDraw = False
30.6932 	EXP 	final: texRes = 128.0
30.8666 	EXP 	hasPeriphery: texRes = 128.0
30.8666 	EXP 	noPeriphery: texRes = 128.0
30.8666 	EXP 	final: texRes = 128.0
31.0400 	EXP 	hasPeriphery: texRes = 128.0
31.0400 	EXP 	noPeriphery: texRes = 128.0
31.0400 	EXP 	final: texRes = 128.0
31.2133 	EXP 	hasPeriphery: texRes = 128.0
31.2133 	EXP 	noPeriphery: texRes = 128.0
31.2133 	EXP 	final: texRes = 128.0
31.3874 	EXP 	hasPeriphery: texRes = 128.0
31.3874 	EXP 	noPeriphery: texRes = 128.0
31.3874 	EXP 	final: texRes = 128.0
31.5604 	EXP 	hasPeriphery: texRes = 128.0
31.5604 	EXP 	noPeriphery: texRes = 128.0
31.5604 	EXP 	blank_screen: autoDraw = True
31.5604 	EXP 	final: texRes = 128.0
31.7470 	EXP 	hasPeriphery: texRes = 128.0
31.7470 	EXP 	noPeriphery: texRes = 128.0
31.7470 	EXP 	final: texRes = 128.0
31.9203 	EXP 	hasPeriphery: texRes = 128.0
31.9203 	EXP 	noPeriphery: texRes = 128.0
31.9203 	EXP 	blank_screen: autoDraw = False
31.9203 	EXP 	final: texRes = 128.0
32.0934 	EXP 	hasPeriphery: texRes = 128.0
32.0934 	EXP 	noPeriphery: texRes = 128.0
32.0934 	EXP 	final: texRes = 128.0
32.2672 	EXP 	hasPeriphery: texRes = 128.0
32.2672 	EXP 	noPeriphery: texRes = 128.0
32.2672 	EXP 	final: texRes = 128.0
32.4407 	EXP 	hasPeriphery: texRes = 128.0
32.4407 	EXP 	noPeriphery: texRes = 128.0
32.4407 	EXP 	final: texRes = 128.0
32.6139 	EXP 	hasPeriphery: texRes = 128.0
32.6139 	EXP 	noPeriphery: texRes = 128.0
32.6139 	EXP 	final: texRes = 128.0
32.8007 	EXP 	hasPeriphery: texRes = 128.0
32.8007 	EXP 	noPeriphery: texRes = 128.0
32.8007 	EXP 	blank_screen: autoDraw = True
32.8007 	EXP 	final: texRes = 128.0
32.9878 	EXP 	hasPeriphery: texRes = 128.0
32.9878 	EXP 	noPeriphery: texRes = 128.0
32.9878 	EXP 	final: texRes = 128.0
33.1613 	EXP 	hasPeriphery: texRes = 128.0
33.1613 	EXP 	noPeriphery: texRes = 128.0
33.1613 	EXP 	blank_screen: autoDraw = False
33.1613 	EXP 	final: texRes = 128.0
33.3469 	EXP 	hasPeriphery: texRes = 128.0
33.3469 	EXP 	noPeriphery: texRes = 128.0
33.3469 	EXP 	final: texRes = 128.0
33.5206 	EXP 	hasPeriphery: texRes = 128.0
33.5206 	EXP 	noPeriphery: texRes = 128.0
33.5206 	EXP 	final: texRes = 128.0
33.6940 	EXP 	hasPeriphery: texRes = 128.0
33.6940 	EXP 	noPeriphery: texRes = 128.0
33.6940 	EXP 	final: texRes = 128.0
33.8669 	EXP 	hasPeriphery: texRes = 128.0
33.8669 	EXP 	noPeriphery: texRes = 128.0
33.8669 	EXP 	final: texRes = 128.0
34.0678 	EXP 	hasPeriphery: texRes = 128.0
34.0678 	EXP 	noPeriphery: texRes = 128.0
34.0678 	EXP 	blank_screen: autoDraw = True
34.0678 	EXP 	final: texRes = 128.0
34.2670 	EXP 	hasPeriphery: texRes = 128.0
34.2670 	EXP 	noPeriphery: texRes = 128.0
34.2670 	EXP 	final: texRes = 128.0
34.4404 	EXP 	hasPeriphery: texRes = 128.0
34.4404 	EXP 	noPeriphery: texRes = 128.0
34.4404 	EXP 	blank_screen: autoDraw = False
34.4404 	EXP 	final: texRes = 128.0
34.6137 	EXP 	hasPeriphery: texRes = 128.0
34.6137 	EXP 	noPeriphery: texRes = 128.0
34.6137 	EXP 	final: texRes = 128.0
34.7875 	EXP 	hasPeriphery: texRes = 128.0
34.7875 	EXP 	noPeriphery: texRes = 128.0
34.7875 	EXP 	final: texRes = 128.0
34.9607 	EXP 	hasPeriphery: texRes = 128.0
34.9607 	EXP 	noPeriphery: texRes = 128.0
34.9607 	EXP 	final: texRes = 128.0
35.1348 	EXP 	hasPeriphery: texRes = 128.0
35.1348 	EXP 	noPeriphery: texRes = 128.0
35.1348 	EXP 	final: texRes = 128.0
35.3349 	EXP 	hasPeriphery: texRes = 128.0
35.3349 	EXP 	noPeriphery: texRes = 128.0
35.3349 	EXP 	blank_screen: autoDraw = True
35.3349 	EXP 	final: texRes = 128.0
35.5204 	EXP 	hasPeriphery: texRes = 128.0
35.5204 	EXP 	noPeriphery: texRes = 128.0
35.5204 	EXP 	final: texRes = 128.0
35.6941 	EXP 	hasPeriphery: texRes = 128.0
35.6941 	EXP 	noPeriphery: texRes = 128.0
35.6941 	EXP 	blank_screen: autoDraw = False
35.6941 	EXP 	final: texRes = 128.0
35.8676 	EXP 	hasPeriphery: texRes = 128.0
35.8676 	EXP 	noPeriphery: texRes = 128.0
35.8676 	EXP 	final: texRes = 128.0
36.0412 	EXP 	hasPeriphery: texRes = 128.0
36.0412 	EXP 	noPeriphery: texRes = 128.0
36.0412 	EXP 	final: texRes = 128.0
36.2139 	EXP 	hasPeriphery: texRes = 128.0
36.2139 	EXP 	noPeriphery: texRes = 128.0
36.2139 	EXP 	final: texRes = 128.0
36.3875 	EXP 	hasPeriphery: texRes = 128.0
36.3875 	EXP 	noPeriphery: texRes = 128.0
36.3875 	EXP 	final: texRes = 128.0
36.4546 	EXP 	hasPeriphery: autoDraw = False
36.4546 	EXP 	noPeriphery: autoDraw = False
36.4546 	EXP 	final: texRes = 128.0
36.5213 	EXP 	final: texRes = 128.0
36.5876 	EXP 	final: texRes = 128.0
36.6540 	EXP 	final: texRes = 128.0
36.7209 	EXP 	final: texRes = 128.0
36.7881 	EXP 	final: texRes = 128.0
36.8546 	EXP 	final: texRes = 128.0
36.9210 	EXP 	final: texRes = 128.0
36.9885 	EXP 	final: texRes = 128.0
37.0675 	EXP 	final: texRes = 128.0
37.1347 	EXP 	final: texRes = 128.0
37.2017 	EXP 	final: texRes = 128.0
37.2680 	EXP 	final: texRes = 128.0
37.3343 	EXP 	final: texRes = 128.0
37.4014 	EXP 	final: texRes = 128.0
37.4677 	EXP 	final: texRes = 128.0
37.5347 	EXP 	final: texRes = 128.0
37.6013 	EXP 	final: texRes = 128.0
37.6673 	EXP 	final: texRes = 128.0
37.7351 	EXP 	final: texRes = 128.0
37.8014 	EXP 	final: texRes = 128.0
37.8677 	EXP 	final: texRes = 128.0
37.9481 	EXP 	final: texRes = 128.0
38.0148 	EXP 	final: texRes = 128.0
38.0807 	EXP 	final: texRes = 128.0
38.1478 	EXP 	final: texRes = 128.0
38.2141 	EXP 	final: texRes = 128.0
38.2548 	EXP 	New trial (rep=0, index=4): {'startImage': 'C:\\Users\\hesselmann\\Desktop\\PsychoPyUniformityIllusion\\UniformityIllusionPsychoPy\\Pics\\3start.png', 'midImage': 'C:\\Users\\hesselmann\\Desktop\\PsychoPyUniformityIllusion\\UniformityIllusionPsychoPy\\Pics\\3a.png', 'endImage': 'C:\\Users\\hesselmann\\Desktop\\PsychoPyUniformityIllusion\\UniformityIllusionPsychoPy\\Pics\\3a.png', 'AB': 'a'}
38.4944 	EXP 	final: texRes = 128.0
38.4944 	EXP 	hasPeriphery: autoDraw = False
38.4944 	EXP 	noPeriphery: autoDraw = False
38.4944 	EXP 	final: autoDraw = False
38.4944 	EXP 	blank_screen: autoDraw = False
38.4944 	EXP 	text: autoDraw = False
38.4944 	EXP 	hasPeriphery: size = array([1.77777778, 1.        ])
38.4944 	EXP 	hasPeriphery: image = 'C:\\Users\\hesselmann\\Desktop\\PsychoPyUniformityIllusion\\UniformityIllusionPsychoPy\\Pics\\3a.png'
38.4944 	EXP 	noPeriphery: size = array([1.77777778, 1.        ])
38.4944 	EXP 	noPeriphery: image = 'C:\\Users\\hesselmann\\Desktop\\PsychoPyUniformityIllusion\\UniformityIllusionPsychoPy\\Pics\\3start.png'
38.4944 	EXP 	final: size = array([1.77777778, 1.        ])
38.4944 	EXP 	final: image = 'C:\\Users\\hesselmann\\Desktop\\PsychoPyUniformityIllusion\\UniformityIllusionPsychoPy\\Pics\\3a.png'
38.4944 	EXP 	hasPeriphery: autoDraw = True
38.4944 	EXP 	hasPeriphery: texRes = 128.0
38.4944 	EXP 	noPeriphery: autoDraw = True
38.4944 	EXP 	noPeriphery: texRes = 128.0
38.4944 	EXP 	text: autoDraw = True
38.6278 	EXP 	hasPeriphery: texRes = 128.0
38.6278 	EXP 	noPeriphery: texRes = 128.0
38.7611 	EXP 	hasPeriphery: texRes = 128.0
38.7611 	EXP 	noPeriphery: texRes = 128.0
38.8941 	EXP 	hasPeriphery: texRes = 128.0
38.8941 	EXP 	noPeriphery: texRes = 128.0
39.0142 	EXP 	hasPeriphery: texRes = 128.0
39.0142 	EXP 	noPeriphery: texRes = 128.0
39.1475 	EXP 	hasPeriphery: texRes = 128.0
39.1475 	EXP 	noPeriphery: texRes = 128.0
39.2813 	EXP 	hasPeriphery: texRes = 128.0
39.2813 	EXP 	noPeriphery: texRes = 128.0
39.4149 	EXP 	hasPeriphery: texRes = 128.0
39.4149 	EXP 	noPeriphery: texRes = 128.0
39.5475 	EXP 	hasPeriphery: texRes = 128.0
39.5475 	EXP 	noPeriphery: texRes = 128.0
39.6816 	EXP 	hasPeriphery: texRes = 128.0
39.6816 	EXP 	noPeriphery: texRes = 128.0
39.8149 	EXP 	hasPeriphery: texRes = 128.0
39.8149 	EXP 	noPeriphery: texRes = 128.0
39.9476 	EXP 	hasPeriphery: texRes = 128.0
39.9476 	EXP 	noPeriphery: texRes = 128.0
40.0809 	EXP 	hasPeriphery: texRes = 128.0
40.0809 	EXP 	noPeriphery: texRes = 128.0
40.2150 	EXP 	hasPeriphery: texRes = 128.0
40.2150 	EXP 	noPeriphery: texRes = 128.0
40.3343 	EXP 	hasPeriphery: texRes = 128.0
40.3343 	EXP 	noPeriphery: texRes = 128.0
40.4676 	EXP 	hasPeriphery: texRes = 128.0
40.4676 	EXP 	noPeriphery: texRes = 128.0
40.5876 	EXP 	hasPeriphery: texRes = 128.0
40.5876 	EXP 	noPeriphery: texRes = 128.0
40.7076 	EXP 	hasPeriphery: texRes = 128.0
40.7076 	EXP 	noPeriphery: texRes = 128.0
40.8411 	EXP 	hasPeriphery: texRes = 128.0
40.8411 	EXP 	noPeriphery: texRes = 128.0
40.9744 	EXP 	hasPeriphery: texRes = 128.0
40.9744 	EXP 	noPeriphery: texRes = 128.0
41.1081 	EXP 	hasPeriphery: texRes = 128.0
41.1081 	EXP 	noPeriphery: texRes = 128.0
41.2417 	EXP 	hasPeriphery: texRes = 128.0
41.2417 	EXP 	noPeriphery: texRes = 128.0
41.3747 	EXP 	hasPeriphery: texRes = 128.0
41.3747 	EXP 	noPeriphery: texRes = 128.0
41.5211 	EXP 	hasPeriphery: texRes = 128.0
41.5211 	EXP 	noPeriphery: texRes = 128.0
41.6681 	EXP 	hasPeriphery: texRes = 128.0
41.6681 	EXP 	noPeriphery: texRes = 128.0
41.8011 	EXP 	hasPeriphery: texRes = 128.0
41.8011 	EXP 	noPeriphery: texRes = 128.0
41.9345 	EXP 	hasPeriphery: texRes = 128.0
41.9345 	EXP 	noPeriphery: texRes = 128.0
42.0548 	EXP 	hasPeriphery: texRes = 128.0
42.0548 	EXP 	noPeriphery: texRes = 128.0
42.1890 	EXP 	hasPeriphery: texRes = 128.0
42.1890 	EXP 	noPeriphery: texRes = 128.0
42.3345 	EXP 	hasPeriphery: texRes = 128.0
42.3345 	EXP 	noPeriphery: texRes = 128.0
42.5220 	EXP 	hasPeriphery: texRes = 128.0
42.5220 	EXP 	noPeriphery: texRes = 128.0
42.5220 	EXP 	final: autoDraw = True
42.5220 	EXP 	final: texRes = 128.0
42.7212 	EXP 	hasPeriphery: texRes = 128.0
42.7212 	EXP 	noPeriphery: texRes = 128.0
42.7212 	EXP 	final: texRes = 128.0
42.9088 	EXP 	hasPeriphery: texRes = 128.0
42.9088 	EXP 	noPeriphery: texRes = 128.0
42.9088 	EXP 	final: texRes = 128.0
43.0948 	EXP 	hasPeriphery: texRes = 128.0
43.0948 	EXP 	noPeriphery: texRes = 128.0
43.0948 	EXP 	final: texRes = 128.0
43.2814 	EXP 	hasPeriphery: texRes = 128.0
43.2814 	EXP 	noPeriphery: texRes = 128.0
43.2814 	EXP 	final: texRes = 128.0
43.4820 	EXP 	hasPeriphery: texRes = 128.0
43.4820 	EXP 	noPeriphery: texRes = 128.0
43.4820 	EXP 	blank_screen: autoDraw = True
43.4820 	EXP 	final: texRes = 128.0
43.6820 	EXP 	hasPeriphery: texRes = 128.0
43.6820 	EXP 	noPeriphery: texRes = 128.0
43.6820 	EXP 	final: texRes = 128.0
43.8550 	EXP 	hasPeriphery: texRes = 128.0
43.8550 	EXP 	noPeriphery: texRes = 128.0
43.8550 	EXP 	blank_screen: autoDraw = False
43.8550 	EXP 	final: texRes = 128.0
44.0424 	EXP 	hasPeriphery: texRes = 128.0
44.0424 	EXP 	noPeriphery: texRes = 128.0
44.0424 	EXP 	final: texRes = 128.0
44.2419 	EXP 	hasPeriphery: texRes = 128.0
44.2419 	EXP 	noPeriphery: texRes = 128.0
44.2419 	EXP 	final: texRes = 128.0
44.4287 	EXP 	hasPeriphery: texRes = 128.0
44.4287 	EXP 	noPeriphery: texRes = 128.0
44.4287 	EXP 	final: texRes = 128.0
44.6151 	EXP 	hasPeriphery: texRes = 128.0
44.6151 	EXP 	noPeriphery: texRes = 128.0
44.6151 	EXP 	final: texRes = 128.0
44.8017 	EXP 	hasPeriphery: texRes = 128.0
44.8017 	EXP 	noPeriphery: texRes = 128.0
44.8017 	EXP 	blank_screen: autoDraw = True
44.8017 	EXP 	final: texRes = 128.0
45.0018 	EXP 	hasPeriphery: texRes = 128.0
45.0018 	EXP 	noPeriphery: texRes = 128.0
45.0018 	EXP 	final: texRes = 128.0
45.1881 	EXP 	hasPeriphery: texRes = 128.0
45.1881 	EXP 	noPeriphery: texRes = 128.0
45.1881 	EXP 	blank_screen: autoDraw = False
45.1881 	EXP 	final: texRes = 128.0
45.3751 	EXP 	hasPeriphery: texRes = 128.0
45.3751 	EXP 	noPeriphery: texRes = 128.0
45.3751 	EXP 	final: texRes = 128.0
45.5614 	EXP 	hasPeriphery: texRes = 128.0
45.5614 	EXP 	noPeriphery: texRes = 128.0
45.5614 	EXP 	final: texRes = 128.0
45.7485 	EXP 	hasPeriphery: texRes = 128.0
45.7485 	EXP 	noPeriphery: texRes = 128.0
45.7485 	EXP 	final: texRes = 128.0
45.9348 	EXP 	hasPeriphery: texRes = 128.0
45.9348 	EXP 	noPeriphery: texRes = 128.0
45.9348 	EXP 	final: texRes = 128.0
46.1215 	EXP 	hasPeriphery: texRes = 128.0
46.1215 	EXP 	noPeriphery: texRes = 128.0
46.1215 	EXP 	blank_screen: autoDraw = True
46.1215 	EXP 	final: texRes = 128.0
46.3090 	EXP 	hasPeriphery: texRes = 128.0
46.3090 	EXP 	noPeriphery: texRes = 128.0
46.3090 	EXP 	final: texRes = 128.0
46.4952 	EXP 	hasPeriphery: texRes = 128.0
46.4952 	EXP 	noPeriphery: texRes = 128.0
46.4952 	EXP 	blank_screen: autoDraw = False
46.4952 	EXP 	final: texRes = 128.0
46.6819 	EXP 	hasPeriphery: texRes = 128.0
46.6819 	EXP 	noPeriphery: texRes = 128.0
46.6819 	EXP 	final: texRes = 128.0
46.8683 	EXP 	hasPeriphery: texRes = 128.0
46.8683 	EXP 	noPeriphery: texRes = 128.0
46.8683 	EXP 	final: texRes = 128.0
47.0549 	EXP 	hasPeriphery: texRes = 128.0
47.0549 	EXP 	noPeriphery: texRes = 128.0
47.0549 	EXP 	final: texRes = 128.0
47.2419 	EXP 	hasPeriphery: texRes = 128.0
47.2419 	EXP 	noPeriphery: texRes = 128.0
47.2419 	EXP 	final: texRes = 128.0
47.4282 	EXP 	hasPeriphery: texRes = 128.0
47.4282 	EXP 	noPeriphery: texRes = 128.0
47.4282 	EXP 	blank_screen: autoDraw = True
47.4282 	EXP 	final: texRes = 128.0
47.6154 	EXP 	hasPeriphery: texRes = 128.0
47.6154 	EXP 	noPeriphery: texRes = 128.0
47.6154 	EXP 	final: texRes = 128.0
47.7883 	EXP 	hasPeriphery: texRes = 128.0
47.7883 	EXP 	noPeriphery: texRes = 128.0
47.7883 	EXP 	blank_screen: autoDraw = False
47.7883 	EXP 	final: texRes = 128.0
47.9762 	EXP 	hasPeriphery: texRes = 128.0
47.9762 	EXP 	noPeriphery: texRes = 128.0
47.9762 	EXP 	final: texRes = 128.0
48.1617 	EXP 	hasPeriphery: texRes = 128.0
48.1617 	EXP 	noPeriphery: texRes = 128.0
48.1617 	EXP 	final: texRes = 128.0
48.3490 	EXP 	hasPeriphery: texRes = 128.0
48.3490 	EXP 	noPeriphery: texRes = 128.0
48.3490 	EXP 	final: texRes = 128.0
48.5355 	EXP 	hasPeriphery: texRes = 128.0
48.5355 	EXP 	noPeriphery: texRes = 128.0
48.5355 	EXP 	final: texRes = 128.0
48.6156 	EXP 	hasPeriphery: autoDraw = False
48.6156 	EXP 	noPeriphery: autoDraw = False
48.6156 	EXP 	final: texRes = 128.0
48.6822 	EXP 	final: texRes = 128.0
48.7623 	EXP 	final: texRes = 128.0
48.8418 	EXP 	final: texRes = 128.0
48.9085 	EXP 	final: texRes = 128.0
48.9885 	EXP 	final: texRes = 128.0
49.0688 	EXP 	final: texRes = 128.0
49.1485 	EXP 	final: texRes = 128.0
49.2285 	EXP 	final: texRes = 128.0
49.3088 	EXP 	final: texRes = 128.0
49.3885 	EXP 	final: texRes = 128.0
49.4693 	EXP 	final: texRes = 128.0
49.5489 	EXP 	final: texRes = 128.0
49.6288 	EXP 	final: texRes = 128.0
49.6956 	EXP 	final: texRes = 128.0
49.7761 	EXP 	final: texRes = 128.0
49.8552 	EXP 	final: texRes = 128.0
49.9356 	EXP 	final: texRes = 128.0
50.0153 	EXP 	final: texRes = 128.0
50.0952 	EXP 	final: texRes = 128.0
50.1756 	EXP 	final: texRes = 128.0
50.2553 	EXP 	final: texRes = 128.0
50.3353 	EXP 	final: texRes = 128.0
50.4156 	EXP 	final: texRes = 128.0
50.4615 	EXP 	New trial (rep=0, index=5): {'startImage': 'C:\\Users\\hesselmann\\Desktop\\PsychoPyUniformityIllusion\\UniformityIllusionPsychoPy\\Pics\\3start.png', 'midImage': 'C:\\Users\\hesselmann\\Desktop\\PsychoPyUniformityIllusion\\UniformityIllusionPsychoPy\\Pics\\3a.png', 'endImage': 'C:\\Users\\hesselmann\\Desktop\\PsychoPyUniformityIllusion\\UniformityIllusionPsychoPy\\Pics\\3b.png', 'AB': 'b'}
50.6956 	EXP 	final: texRes = 128.0
50.6956 	EXP 	hasPeriphery: autoDraw = False
50.6956 	EXP 	noPeriphery: autoDraw = False
50.6956 	EXP 	final: autoDraw = False
50.6956 	EXP 	blank_screen: autoDraw = False
50.6956 	EXP 	text: autoDraw = False
50.6956 	EXP 	hasPeriphery: size = array([1.77777778, 1.        ])
50.6956 	EXP 	hasPeriphery: image = 'C:\\Users\\hesselmann\\Desktop\\PsychoPyUniformityIllusion\\UniformityIllusionPsychoPy\\Pics\\3a.png'
50.6956 	EXP 	noPeriphery: size = array([1.77777778, 1.        ])
50.6956 	EXP 	noPeriphery: image = 'C:\\Users\\hesselmann\\Desktop\\PsychoPyUniformityIllusion\\UniformityIllusionPsychoPy\\Pics\\3start.png'
50.6956 	EXP 	final: size = array([1.77777778, 1.        ])
50.6956 	EXP 	final: image = 'C:\\Users\\hesselmann\\Desktop\\PsychoPyUniformityIllusion\\UniformityIllusionPsychoPy\\Pics\\3b.png'
50.6956 	EXP 	hasPeriphery: autoDraw = True
50.6956 	EXP 	hasPeriphery: texRes = 128.0
50.6956 	EXP 	noPeriphery: autoDraw = True
50.6956 	EXP 	noPeriphery: texRes = 128.0
50.6956 	EXP 	text: autoDraw = True
50.8286 	EXP 	hasPeriphery: texRes = 128.0
50.8286 	EXP 	noPeriphery: texRes = 128.0
50.9620 	EXP 	hasPeriphery: texRes = 128.0
50.9620 	EXP 	noPeriphery: texRes = 128.0
51.0954 	EXP 	hasPeriphery: texRes = 128.0
51.0954 	EXP 	noPeriphery: texRes = 128.0
51.2292 	EXP 	hasPeriphery: texRes = 128.0
51.2292 	EXP 	noPeriphery: texRes = 128.0
51.3621 	EXP 	hasPeriphery: texRes = 128.0
51.3621 	EXP 	noPeriphery: texRes = 128.0
51.4958 	EXP 	hasPeriphery: texRes = 128.0
51.4958 	EXP 	noPeriphery: texRes = 128.0
51.6287 	EXP 	hasPeriphery: texRes = 128.0
51.6287 	EXP 	noPeriphery: texRes = 128.0
51.7491 	EXP 	hasPeriphery: texRes = 128.0
51.7491 	EXP 	noPeriphery: texRes = 128.0
51.8821 	EXP 	hasPeriphery: texRes = 128.0
51.8821 	EXP 	noPeriphery: texRes = 128.0
52.0158 	EXP 	hasPeriphery: texRes = 128.0
52.0158 	EXP 	noPeriphery: texRes = 128.0
52.1495 	EXP 	hasPeriphery: texRes = 128.0
52.1495 	EXP 	noPeriphery: texRes = 128.0
52.2829 	EXP 	hasPeriphery: texRes = 128.0
52.2829 	EXP 	noPeriphery: texRes = 128.0
52.4155 	EXP 	hasPeriphery: texRes = 128.0
52.4155 	EXP 	noPeriphery: texRes = 128.0
52.5489 	EXP 	hasPeriphery: texRes = 128.0
52.5489 	EXP 	noPeriphery: texRes = 128.0
52.6692 	EXP 	hasPeriphery: texRes = 128.0
52.6692 	EXP 	noPeriphery: texRes = 128.0
52.8034 	EXP 	hasPeriphery: texRes = 128.0
52.8034 	EXP 	noPeriphery: texRes = 128.0
52.9355 	EXP 	hasPeriphery: texRes = 128.0
52.9355 	EXP 	noPeriphery: texRes = 128.0
53.0689 	EXP 	hasPeriphery: texRes = 128.0
53.0689 	EXP 	noPeriphery: texRes = 128.0
53.2023 	EXP 	hasPeriphery: texRes = 128.0
53.2023 	EXP 	noPeriphery: texRes = 128.0
53.3363 	EXP 	hasPeriphery: texRes = 128.0
53.3363 	EXP 	noPeriphery: texRes = 128.0
53.4693 	EXP 	hasPeriphery: texRes = 128.0
53.4693 	EXP 	noPeriphery: texRes = 128.0
53.6027 	EXP 	hasPeriphery: texRes = 128.0
53.6027 	EXP 	noPeriphery: texRes = 128.0
53.7360 	EXP 	hasPeriphery: texRes = 128.0
53.7360 	EXP 	noPeriphery: texRes = 128.0
53.8690 	EXP 	hasPeriphery: texRes = 128.0
53.8690 	EXP 	noPeriphery: texRes = 128.0
54.0023 	EXP 	hasPeriphery: texRes = 128.0
54.0023 	EXP 	noPeriphery: texRes = 128.0
54.1360 	EXP 	hasPeriphery: texRes = 128.0
54.1360 	EXP 	noPeriphery: texRes = 128.0
54.2694 	EXP 	hasPeriphery: texRes = 128.0
54.2694 	EXP 	noPeriphery: texRes = 128.0
54.4029 	EXP 	hasPeriphery: texRes = 128.0
54.4029 	EXP 	noPeriphery: texRes = 128.0
54.5360 	EXP 	hasPeriphery: texRes = 128.0
54.5360 	EXP 	noPeriphery: texRes = 128.0
54.7228 	EXP 	hasPeriphery: texRes = 128.0
54.7228 	EXP 	noPeriphery: texRes = 128.0
54.7228 	EXP 	final: autoDraw = True
54.7228 	EXP 	final: texRes = 128.0
54.9090 	EXP 	hasPeriphery: texRes = 128.0
54.9090 	EXP 	noPeriphery: texRes = 128.0
54.9090 	EXP 	final: texRes = 128.0
55.0965 	EXP 	hasPeriphery: texRes = 128.0
55.0965 	EXP 	noPeriphery: texRes = 128.0
55.0965 	EXP 	final: texRes = 128.0
55.2828 	EXP 	hasPeriphery: texRes = 128.0
55.2828 	EXP 	noPeriphery: texRes = 128.0
55.2828 	EXP 	final: texRes = 128.0
55.4699 	EXP 	hasPeriphery: texRes = 128.0
55.4699 	EXP 	noPeriphery: texRes = 128.0
55.4699 	EXP 	final: texRes = 128.0
55.6703 	EXP 	hasPeriphery: texRes = 128.0
55.6703 	EXP 	noPeriphery: texRes = 128.0
55.6703 	EXP 	blank_screen: autoDraw = True
55.6703 	EXP 	final: texRes = 128.0
55.8694 	EXP 	hasPeriphery: texRes = 128.0
55.8694 	EXP 	noPeriphery: texRes = 128.0
55.8694 	EXP 	final: texRes = 128.0
56.0558 	EXP 	hasPeriphery: texRes = 128.0
56.0558 	EXP 	noPeriphery: texRes = 128.0
56.0558 	EXP 	blank_screen: autoDraw = False
56.0558 	EXP 	final: texRes = 128.0
56.2559 	EXP 	hasPeriphery: texRes = 128.0
56.2559 	EXP 	noPeriphery: texRes = 128.0
56.2559 	EXP 	final: texRes = 128.0
56.4433 	EXP 	hasPeriphery: texRes = 128.0
56.4433 	EXP 	noPeriphery: texRes = 128.0
56.4433 	EXP 	final: texRes = 128.0
56.6296 	EXP 	hasPeriphery: texRes = 128.0
56.6296 	EXP 	noPeriphery: texRes = 128.0
56.6296 	EXP 	final: texRes = 128.0
56.8033 	EXP 	hasPeriphery: texRes = 128.0
56.8033 	EXP 	noPeriphery: texRes = 128.0
56.8033 	EXP 	final: texRes = 128.0
57.0030 	EXP 	hasPeriphery: texRes = 128.0
57.0030 	EXP 	noPeriphery: texRes = 128.0
57.0030 	EXP 	blank_screen: autoDraw = True
57.0030 	EXP 	final: texRes = 128.0
57.2160 	EXP 	hasPeriphery: texRes = 128.0
57.2160 	EXP 	noPeriphery: texRes = 128.0
57.2160 	EXP 	final: texRes = 128.0
57.4030 	EXP 	hasPeriphery: texRes = 128.0
57.4030 	EXP 	noPeriphery: texRes = 128.0
57.4030 	EXP 	blank_screen: autoDraw = False
57.4030 	EXP 	final: texRes = 128.0
57.6033 	EXP 	hasPeriphery: texRes = 128.0
57.6033 	EXP 	noPeriphery: texRes = 128.0
57.6033 	EXP 	final: texRes = 128.0
57.7894 	EXP 	hasPeriphery: texRes = 128.0
57.7894 	EXP 	noPeriphery: texRes = 128.0
57.7894 	EXP 	final: texRes = 128.0
57.9894 	EXP 	hasPeriphery: texRes = 128.0
57.9894 	EXP 	noPeriphery: texRes = 128.0
57.9894 	EXP 	final: texRes = 128.0
58.1768 	EXP 	hasPeriphery: texRes = 128.0
58.1768 	EXP 	noPeriphery: texRes = 128.0
58.1768 	EXP 	final: texRes = 128.0
58.3634 	EXP 	hasPeriphery: texRes = 128.0
58.3634 	EXP 	noPeriphery: texRes = 128.0
58.3634 	EXP 	blank_screen: autoDraw = True
58.3634 	EXP 	final: texRes = 128.0
58.5494 	EXP 	hasPeriphery: texRes = 128.0
58.5494 	EXP 	noPeriphery: texRes = 128.0
58.5494 	EXP 	final: texRes = 128.0
58.7227 	EXP 	hasPeriphery: texRes = 128.0
58.7227 	EXP 	noPeriphery: texRes = 128.0
58.7227 	EXP 	blank_screen: autoDraw = False
58.7227 	EXP 	final: texRes = 128.0
58.9102 	EXP 	hasPeriphery: texRes = 128.0
58.9102 	EXP 	noPeriphery: texRes = 128.0
58.9102 	EXP 	final: texRes = 128.0
59.0961 	EXP 	hasPeriphery: texRes = 128.0
59.0961 	EXP 	noPeriphery: texRes = 128.0
59.0961 	EXP 	final: texRes = 128.0
59.2969 	EXP 	hasPeriphery: texRes = 128.0
59.2969 	EXP 	noPeriphery: texRes = 128.0
59.2969 	EXP 	final: texRes = 128.0
59.4970 	EXP 	hasPeriphery: texRes = 128.0
59.4970 	EXP 	noPeriphery: texRes = 128.0
59.4970 	EXP 	final: texRes = 128.0
59.6965 	EXP 	hasPeriphery: texRes = 128.0
59.6965 	EXP 	noPeriphery: texRes = 128.0
59.6965 	EXP 	blank_screen: autoDraw = True
59.6965 	EXP 	final: texRes = 128.0
59.8829 	EXP 	hasPeriphery: texRes = 128.0
59.8829 	EXP 	noPeriphery: texRes = 128.0
59.8829 	EXP 	final: texRes = 128.0
60.0703 	EXP 	hasPeriphery: texRes = 128.0
60.0703 	EXP 	noPeriphery: texRes = 128.0
60.0703 	EXP 	blank_screen: autoDraw = False
60.0703 	EXP 	final: texRes = 128.0
60.2562 	EXP 	hasPeriphery: texRes = 128.0
60.2562 	EXP 	noPeriphery: texRes = 128.0
60.2562 	EXP 	final: texRes = 128.0
60.4433 	EXP 	hasPeriphery: texRes = 128.0
60.4433 	EXP 	noPeriphery: texRes = 128.0
60.4433 	EXP 	final: texRes = 128.0
60.6300 	EXP 	hasPeriphery: texRes = 128.0
60.6300 	EXP 	noPeriphery: texRes = 128.0
60.6300 	EXP 	final: texRes = 128.0
60.8030 	EXP 	hasPeriphery: texRes = 128.0
60.8030 	EXP 	noPeriphery: texRes = 128.0
60.8030 	EXP 	final: texRes = 128.0
60.8837 	EXP 	hasPeriphery: autoDraw = False
60.8837 	EXP 	noPeriphery: autoDraw = False
60.8837 	EXP 	final: texRes = 128.0
60.9633 	EXP 	final: texRes = 128.0
61.0437 	EXP 	final: texRes = 128.0
61.1230 	EXP 	final: texRes = 128.0
61.2034 	EXP 	final: texRes = 128.0
61.2830 	EXP 	final: texRes = 128.0
61.3634 	EXP 	final: texRes = 128.0
61.4441 	EXP 	final: texRes = 128.0
61.5240 	EXP 	final: texRes = 128.0
61.6035 	EXP 	final: texRes = 128.0
61.6701 	EXP 	final: texRes = 128.0
61.7501 	EXP 	final: texRes = 128.0
61.8305 	EXP 	final: texRes = 128.0
61.9098 	EXP 	final: texRes = 128.0
61.9901 	EXP 	final: texRes = 128.0
62.0698 	EXP 	final: texRes = 128.0
62.1498 	EXP 	final: texRes = 128.0
62.2305 	EXP 	final: texRes = 128.0
62.3101 	EXP 	final: texRes = 128.0
62.3898 	EXP 	final: texRes = 128.0
62.4704 	EXP 	final: texRes = 128.0
62.5498 	EXP 	final: texRes = 128.0
62.6298 	EXP 	final: texRes = 128.0
62.6839 	EXP 	final: texRes = 128.0
62.6839 	EXP 	hasPeriphery: autoDraw = False
62.6839 	EXP 	noPeriphery: autoDraw = False
62.6839 	EXP 	final: autoDraw = False
62.6839 	EXP 	blank_screen: autoDraw = False
62.6839 	EXP 	text: autoDraw = False
62.6839 	EXP 	WelcomeText: autoDraw = True
62.8197 	DATA 	Keypress: escape
63.1307 	EXP 	window1: mouseVisible = True
