1.8720 	WARNING 	We strongly recommend you activate the PTB sound engine in PsychoPy prefs as the preferred audio engine. Its timing is vastly superior. Your prefs are currently set to use ['sounddevice', 'PTB', 'pyo', 'pygame'] (in that order).
11.6970 	WARNING 	Couldn't measure a consistent frame rate.
  - Is your graphics card set to sync to vertical blank?
  - Are you running other processes on your computer?

11.6973 	EXP 	Created window1 = Window(allowGUI=False, allowStencil=False, autoLog=True, backendConf=UNKNOWN, bitsMode=UNKNOWN, blendMode='avg', bpc=(8, 8, 8), color=array([0, 0, 0]), colorSpace='rgb', depthBits=8, fullscr=<method-wrapper '__getattribute__' of attributeSetter object at 0x0000023C24149748>, gamma=None, gammaErrorPolicy='raise', lms=UNKNOWN, monitor=<psychopy.monitors.calibTools.Monitor object at 0x0000023C2416EB00>, multiSample=False, name='window1', numSamples=2, pos=[0.0, 0.0], screen=0, size=array([1920, 1080]), stencilBits=0, stereo=False, units='height', useFBO=True, useRetina=False, viewOri=0.0, viewPos=None, viewScale=None, waitBlanking=True, winType='pyglet')
11.6976 	EXP 	window1: mouseVisible = True
11.6976 	EXP 	window1: recordFrameIntervals = False
11.8686 	EXP 	window1: recordFrameIntervals = True
11.9214 	WARNING 	t of last frame was 22.17ms (=1/45)
11.9745 	WARNING 	t of last frame was 26.10ms (=1/38)
12.0413 	WARNING 	t of last frame was 25.72ms (=1/38)
12.0970 	WARNING 	t of last frame was 28.32ms (=1/35)
12.1745 	WARNING 	Multiple dropped frames have occurred - I'll stop bothering you about them!
13.5383 	WARNING 	Couldn't measure a consistent frame rate.
  - Is your graphics card set to sync to vertical blank?
  - Are you running other processes on your computer?

14.1488 	EXP 	Created WelcomeText = TextStim(__class__=<class 'psychopy.visual.text.TextStim'>, alignHoriz=method-wrapper(...), alignText='center', alignVert=method-wrapper(...), anchorHoriz='center', anchorVert='center', antialias=True, autoLog=True, bold=False, color=array([1, 1, 1]), colorSpace='rgb', contrast=1.0, depth=0.0, flipHoriz=False, flipVert=False, font='Open Sans', fontFiles=[], height=0.1, italic=False, languageStyle='LTR', name='WelcomeText', opacity=1, ori=0.0, pos=array([0., 0.]), rgb=UNKNOWN, text='Welcome to our Study!', units='height', win=Window(...), wrapWidth=1)
14.1742 	EXP 	Imported depression.xlsx as conditions, 2 conditions, 12 params
14.1758 	EXP 	Question text: Sadness
14.2049 	EXP 	window1: mouseVisible = True
14.2791 	EXP 	Question text: Pessimism
14.2980 	EXP 	window1: mouseVisible = True
14.3499 	EXP 	window1: mouseVisible = True
14.3561 	EXP 	Created unnamed Rect = Rect(__class__=<class 'psychopy.visual.rect.Rect'>, autoDraw=False, autoLog=True, closeShape=True, color=method-wrapper(...), colorSpace='rgb', contrast=None, depth=0, fillColor=array([0, 0, 0]), fillColorSpace='rgb', fillRGB=UNKNOWN, interpolate=True, lineColor=array([0, 0, 0]), lineColorSpace='rgb', lineRGB=UNKNOWN, lineWidth=1.5, name='unnamed Rect', opacity=0, ori=0.0, pos=array([0., 0.]), size=array([0., 0.]), units='height', vertices=ndarray(...), win=Window(...))
14.3650 	EXP 	Created DepressionQuestionnaire = <psychopy.visual.form.Form object at 0x0000023C2675C6A0>
14.4074 	EXP 	window1: mouseVisible = True
14.5018 	EXP 	Created instructionsText = TextStim(__class__=<class 'psychopy.visual.text.TextStim'>, alignHoriz=method-wrapper(...), alignText='center', alignVert=method-wrapper(...), anchorHoriz='center', anchorVert='center', antialias=True, autoLog=True, bold=False, color=array([1, 1, 1]), colorSpace='rgb', contrast=1.0, depth=0.0, flipHoriz=False, flipVert=False, font='Open Sans', fontFiles=[], height=0.04, italic=False, languageStyle='LTR', name='instructionsText', opacity=1, ori=0.0, pos=array([0., 0.]), rgb=UNKNOWN, text=str(...), units='height', win=Window(...), wrapWidth=1)
14.5055 	EXP 	Created hasPeriphery = ImageStim(__class__=<class 'psychopy.visual.image.ImageStim'>, autoLog=True, color=array([1, 1, 1]), colorSpace='rgb', contrast=1.0, depth=-1.0, flipHoriz=False, flipVert=False, image='sin', interpolate=True, mask=None, maskParams=None, name='hasPeriphery', opacity=1.0, ori=0.0, pos=array([0., 0.]), size=array([0.5, 0.5]), texRes=128.0, units='height', win=Window(...))
14.5088 	EXP 	Created noPeriphery = ImageStim(__class__=<class 'psychopy.visual.image.ImageStim'>, autoLog=True, color=array([1, 1, 1]), colorSpace='rgb', contrast=1.0, depth=-3.0, flipHoriz=False, flipVert=False, image='sin', interpolate=True, mask=None, maskParams=None, name='noPeriphery', opacity=1.0, ori=0.0, pos=array([0., 0.]), size=array([0.5, 0.5]), texRes=128.0, units='height', win=Window(...))
14.5119 	EXP 	Created final = ImageStim(__class__=<class 'psychopy.visual.image.ImageStim'>, autoLog=True, color=array([1, 1, 1]), colorSpace='rgb', contrast=1.0, depth=-4.0, flipHoriz=False, flipVert=False, image='sin', interpolate=True, mask=None, maskParams=None, name='final', opacity=1.0, ori=0.0, pos=array([0., 0.]), size=array([0.5, 0.5]), texRes=128.0, units='height', win=Window(...))
14.5134 	EXP 	Created blank_screen = Rect(__class__=<class 'psychopy.visual.rect.Rect'>, autoDraw=False, autoLog=True, closeShape=True, color=method-wrapper(...), colorSpace='rgb', contrast=None, depth=-5.0, fillColor=array([1, 1, 1]), fillColorSpace='rgb', fillRGB=UNKNOWN, interpolate=True, lineColor=array([1, 1, 1]), lineColorSpace='rgb', lineRGB=UNKNOWN, lineWidth=1.0, name='blank_screen', opacity=1.0, ori=0.0, pos=array([0., 0.]), size=array([2., 2.]), units='height', vertices=ndarray(...), win=Window(...))
14.5239 	EXP 	Created text = TextStim(__class__=<class 'psychopy.visual.text.TextStim'>, alignHoriz=method-wrapper(...), alignText='center', alignVert=method-wrapper(...), anchorHoriz='center', anchorVert='center', antialias=True, autoLog=True, bold=False, color=array([ 1, -1, -1]), colorSpace='rgb', contrast=1.0, depth=-6.0, flipHoriz=False, flipVert=False, font='Open Sans', fontFiles=[], height=0.1, italic=False, languageStyle='LTR', name='text', opacity=1, ori=0.0, pos=array([0., 0.]), rgb=UNKNOWN, text='+', units='height', win=Window(...), wrapWidth=1)
14.5614 	EXP 	Created WelcomeText = TextStim(__class__=<class 'psychopy.visual.text.TextStim'>, alignHoriz=method-wrapper(...), alignText='center', alignVert=method-wrapper(...), anchorHoriz='center', anchorVert='center', antialias=True, autoLog=True, bold=False, color=array([1, 1, 1]), colorSpace='rgb', contrast=1.0, depth=0.0, flipHoriz=False, flipVert=False, font='Open Sans', fontFiles=[], height=0.1, italic=False, languageStyle='LTR', name='WelcomeText', opacity=1, ori=0.0, pos=array([0., 0.]), rgb=UNKNOWN, text='Welcome to our Study!', units='height', win=Window(...), wrapWidth=1)
14.5645 	EXP 	Created hasPeriphery = ImageStim(__class__=<class 'psychopy.visual.image.ImageStim'>, autoLog=True, color=array([1, 1, 1]), colorSpace='rgb', contrast=1.0, depth=-1.0, flipHoriz=False, flipVert=False, image='sin', interpolate=True, mask=None, maskParams=None, name='hasPeriphery', opacity=1.0, ori=0.0, pos=array([0., 0.]), size=array([0.5, 0.5]), texRes=128.0, units='height', win=Window(...))
14.5674 	EXP 	Created noPeriphery = ImageStim(__class__=<class 'psychopy.visual.image.ImageStim'>, autoLog=True, color=array([1, 1, 1]), colorSpace='rgb', contrast=1.0, depth=-3.0, flipHoriz=False, flipVert=False, image='sin', interpolate=True, mask=None, maskParams=None, name='noPeriphery', opacity=1.0, ori=0.0, pos=array([0., 0.]), size=array([0.5, 0.5]), texRes=128.0, units='height', win=Window(...))
14.5705 	EXP 	Created final = ImageStim(__class__=<class 'psychopy.visual.image.ImageStim'>, autoLog=True, color=array([1, 1, 1]), colorSpace='rgb', contrast=1.0, depth=-4.0, flipHoriz=False, flipVert=False, image='sin', interpolate=True, mask=None, maskParams=None, name='final', opacity=1.0, ori=0.0, pos=array([0., 0.]), size=array([0.5, 0.5]), texRes=128.0, units='height', win=Window(...))
14.5719 	EXP 	Created blank_screen = Rect(__class__=<class 'psychopy.visual.rect.Rect'>, autoDraw=False, autoLog=True, closeShape=True, color=method-wrapper(...), colorSpace='rgb', contrast=None, depth=-5.0, fillColor=array([1, 1, 1]), fillColorSpace='rgb', fillRGB=UNKNOWN, interpolate=True, lineColor=array([1, 1, 1]), lineColorSpace='rgb', lineRGB=UNKNOWN, lineWidth=1.0, name='blank_screen', opacity=1.0, ori=0.0, pos=array([0., 0.]), size=array([2., 2.]), units='height', vertices=ndarray(...), win=Window(...))
14.5744 	EXP 	Created text = TextStim(__class__=<class 'psychopy.visual.text.TextStim'>, alignHoriz=method-wrapper(...), alignText='center', alignVert=method-wrapper(...), anchorHoriz='center', anchorVert='center', antialias=True, autoLog=True, bold=False, color=array([ 1, -1, -1]), colorSpace='rgb', contrast=1.0, depth=-6.0, flipHoriz=False, flipVert=False, font='Open Sans', fontFiles=[], height=0.1, italic=False, languageStyle='LTR', name='text', opacity=1, ori=0.0, pos=array([0., 0.]), rgb=UNKNOWN, text='+', units='height', win=Window(...), wrapWidth=1)
15.6156 	EXP 	unnamed Form: autoLog = True
15.6156 	EXP 	DepressionQuestionnaire: name = 'DepressionQuestionnaire'
15.6156 	EXP 	DepressionQuestionnaire: size = (3.5, 1)
15.6156 	EXP 	DepressionQuestionnaire: size = array([3.5, 1. ])
15.6156 	EXP 	DepressionQuestionnaire: units = 'height'
15.6156 	EXP 	DepressionQuestionnaire: depth = 0
15.6156 	EXP 	WelcomeText: autoDraw = True
16.6342 	EXP 	WelcomeText: autoDraw = False
16.6342 	EXP 	DepressionQuestionnaire: autoDraw = True
17.4085 	DATA 	Mouse: Left button down, pos=(799,57)
17.4549 	EXP 	DepressionQuestionnaire: autoDraw = False
17.4549 	EXP 	instructionsText: autoDraw = True
17.4894 	DATA 	Mouse:  Left button up, pos=(799,57)
18.1910 	EXP 	Imported picPaths.xlsx as conditions, 6 conditions, 4 params
18.1914 	EXP 	Created sequence: random, trialTypes=6, nReps=1, seed=None
18.1917 	EXP 	New trial (rep=0, index=0): {'startImage': 'C:\\Users\\hesselmann\\Desktop\\PsychoPyUniformityIllusion\\UniformityIllusionPsychoPy\\Pics\\1start.png', 'midImage': 'C:\\Users\\hesselmann\\Desktop\\PsychoPyUniformityIllusion\\UniformityIllusionPsychoPy\\Pics\\1a.png', 'endImage': 'C:\\Users\\hesselmann\\Desktop\\PsychoPyUniformityIllusion\\UniformityIllusionPsychoPy\\Pics\\1b.png', 'AB': 'b'}
18.5691 	DATA 	Keypress: space
18.6151 	EXP 	instructionsText: autoDraw = False
18.6151 	EXP 	hasPeriphery: size = array([1.77777778, 1.        ])
18.6151 	EXP 	hasPeriphery: image = 'C:\\Users\\hesselmann\\Desktop\\PsychoPyUniformityIllusion\\UniformityIllusionPsychoPy\\Pics\\1a.png'
18.6151 	EXP 	noPeriphery: size = array([1.77777778, 1.        ])
18.6151 	EXP 	noPeriphery: image = 'C:\\Users\\hesselmann\\Desktop\\PsychoPyUniformityIllusion\\UniformityIllusionPsychoPy\\Pics\\1start.png'
18.6151 	EXP 	final: size = array([1.77777778, 1.        ])
18.6151 	EXP 	final: image = 'C:\\Users\\hesselmann\\Desktop\\PsychoPyUniformityIllusion\\UniformityIllusionPsychoPy\\Pics\\1b.png'
18.6151 	EXP 	hasPeriphery: autoDraw = True
18.6151 	EXP 	hasPeriphery: texRes = 128.0
18.6151 	EXP 	noPeriphery: autoDraw = True
18.6151 	EXP 	noPeriphery: texRes = 128.0
18.6151 	EXP 	text: autoDraw = True
18.7789 	EXP 	hasPeriphery: texRes = 128.0
18.7789 	EXP 	noPeriphery: texRes = 128.0
18.9887 	EXP 	hasPeriphery: texRes = 128.0
18.9887 	EXP 	noPeriphery: texRes = 128.0
19.2151 	EXP 	hasPeriphery: texRes = 128.0
19.2151 	EXP 	noPeriphery: texRes = 128.0
19.4295 	EXP 	hasPeriphery: texRes = 128.0
19.4295 	EXP 	noPeriphery: texRes = 128.0
19.6152 	EXP 	hasPeriphery: texRes = 128.0
19.6152 	EXP 	noPeriphery: texRes = 128.0
19.7938 	EXP 	New trial (rep=0, index=1): {'startImage': 'C:\\Users\\hesselmann\\Desktop\\PsychoPyUniformityIllusion\\UniformityIllusionPsychoPy\\Pics\\3start.png', 'midImage': 'C:\\Users\\hesselmann\\Desktop\\PsychoPyUniformityIllusion\\UniformityIllusionPsychoPy\\Pics\\3a.png', 'endImage': 'C:\\Users\\hesselmann\\Desktop\\PsychoPyUniformityIllusion\\UniformityIllusionPsychoPy\\Pics\\3a.png', 'AB': 'a'}
20.0290 	EXP 	New trial (rep=0, index=2): {'startImage': 'C:\\Users\\hesselmann\\Desktop\\PsychoPyUniformityIllusion\\UniformityIllusionPsychoPy\\Pics\\1start.png', 'midImage': 'C:\\Users\\hesselmann\\Desktop\\PsychoPyUniformityIllusion\\UniformityIllusionPsychoPy\\Pics\\1a.png', 'endImage': 'C:\\Users\\hesselmann\\Desktop\\PsychoPyUniformityIllusion\\UniformityIllusionPsychoPy\\Pics\\1a.png', 'AB': 'a'}
20.2781 	EXP 	New trial (rep=0, index=3): {'startImage': 'C:\\Users\\hesselmann\\Desktop\\PsychoPyUniformityIllusion\\UniformityIllusionPsychoPy\\Pics\\2start.png', 'midImage': 'C:\\Users\\hesselmann\\Desktop\\PsychoPyUniformityIllusion\\UniformityIllusionPsychoPy\\Pics\\2a.png', 'endImage': 'C:\\Users\\hesselmann\\Desktop\\PsychoPyUniformityIllusion\\UniformityIllusionPsychoPy\\Pics\\2a.png', 'AB': 'a'}
20.4850 	EXP 	New trial (rep=0, index=4): {'startImage': 'C:\\Users\\hesselmann\\Desktop\\PsychoPyUniformityIllusion\\UniformityIllusionPsychoPy\\Pics\\3start.png', 'midImage': 'C:\\Users\\hesselmann\\Desktop\\PsychoPyUniformityIllusion\\UniformityIllusionPsychoPy\\Pics\\3a.png', 'endImage': 'C:\\Users\\hesselmann\\Desktop\\PsychoPyUniformityIllusion\\UniformityIllusionPsychoPy\\Pics\\3b.png', 'AB': 'b'}
20.7111 	EXP 	New trial (rep=0, index=5): {'startImage': 'C:\\Users\\hesselmann\\Desktop\\PsychoPyUniformityIllusion\\UniformityIllusionPsychoPy\\Pics\\2start.png', 'midImage': 'C:\\Users\\hesselmann\\Desktop\\PsychoPyUniformityIllusion\\UniformityIllusionPsychoPy\\Pics\\2a.png', 'endImage': 'C:\\Users\\hesselmann\\Desktop\\PsychoPyUniformityIllusion\\UniformityIllusionPsychoPy\\Pics\\2b.png', 'AB': 'b'}
20.9494 	EXP 	hasPeriphery: texRes = 128.0
20.9494 	EXP 	noPeriphery: texRes = 128.0
20.9494 	EXP 	hasPeriphery: autoDraw = False
20.9494 	EXP 	noPeriphery: autoDraw = False
20.9494 	EXP 	final: autoDraw = False
20.9494 	EXP 	blank_screen: autoDraw = False
20.9494 	EXP 	text: autoDraw = False
20.9494 	EXP 	hasPeriphery: size = array([1.77777778, 1.        ])
20.9494 	EXP 	hasPeriphery: image = 'C:\\Users\\hesselmann\\Desktop\\PsychoPyUniformityIllusion\\UniformityIllusionPsychoPy\\Pics\\3a.png'
20.9494 	EXP 	noPeriphery: size = array([1.77777778, 1.        ])
20.9494 	EXP 	noPeriphery: image = 'C:\\Users\\hesselmann\\Desktop\\PsychoPyUniformityIllusion\\UniformityIllusionPsychoPy\\Pics\\3start.png'
20.9494 	EXP 	final: size = array([1.77777778, 1.        ])
20.9494 	EXP 	final: image = 'C:\\Users\\hesselmann\\Desktop\\PsychoPyUniformityIllusion\\UniformityIllusionPsychoPy\\Pics\\3a.png'
20.9494 	EXP 	hasPeriphery: autoDraw = True
20.9494 	EXP 	hasPeriphery: texRes = 128.0
20.9494 	EXP 	noPeriphery: autoDraw = True
20.9494 	EXP 	noPeriphery: texRes = 128.0
20.9494 	EXP 	text: autoDraw = True
20.9494 	EXP 	hasPeriphery: autoDraw = False
20.9494 	EXP 	noPeriphery: autoDraw = False
20.9494 	EXP 	final: autoDraw = False
20.9494 	EXP 	blank_screen: autoDraw = False
20.9494 	EXP 	text: autoDraw = False
20.9494 	EXP 	hasPeriphery: size = array([1.77777778, 1.        ])
20.9494 	EXP 	hasPeriphery: image = 'C:\\Users\\hesselmann\\Desktop\\PsychoPyUniformityIllusion\\UniformityIllusionPsychoPy\\Pics\\1a.png'
20.9494 	EXP 	noPeriphery: size = array([1.77777778, 1.        ])
20.9494 	EXP 	noPeriphery: image = 'C:\\Users\\hesselmann\\Desktop\\PsychoPyUniformityIllusion\\UniformityIllusionPsychoPy\\Pics\\1start.png'
20.9494 	EXP 	final: size = array([1.77777778, 1.        ])
20.9494 	EXP 	final: image = 'C:\\Users\\hesselmann\\Desktop\\PsychoPyUniformityIllusion\\UniformityIllusionPsychoPy\\Pics\\1a.png'
20.9494 	EXP 	hasPeriphery: autoDraw = True
20.9494 	EXP 	hasPeriphery: texRes = 128.0
20.9494 	EXP 	noPeriphery: autoDraw = True
20.9494 	EXP 	noPeriphery: texRes = 128.0
20.9494 	EXP 	text: autoDraw = True
20.9494 	EXP 	hasPeriphery: autoDraw = False
20.9494 	EXP 	noPeriphery: autoDraw = False
20.9494 	EXP 	final: autoDraw = False
20.9494 	EXP 	blank_screen: autoDraw = False
20.9494 	EXP 	text: autoDraw = False
20.9494 	EXP 	hasPeriphery: size = array([1.77777778, 1.        ])
20.9494 	EXP 	hasPeriphery: image = 'C:\\Users\\hesselmann\\Desktop\\PsychoPyUniformityIllusion\\UniformityIllusionPsychoPy\\Pics\\2a.png'
20.9494 	EXP 	noPeriphery: size = array([1.77777778, 1.        ])
20.9494 	EXP 	noPeriphery: image = 'C:\\Users\\hesselmann\\Desktop\\PsychoPyUniformityIllusion\\UniformityIllusionPsychoPy\\Pics\\2start.png'
20.9494 	EXP 	final: size = array([1.77777778, 1.        ])
20.9494 	EXP 	final: image = 'C:\\Users\\hesselmann\\Desktop\\PsychoPyUniformityIllusion\\UniformityIllusionPsychoPy\\Pics\\2a.png'
20.9494 	EXP 	hasPeriphery: autoDraw = True
20.9494 	EXP 	hasPeriphery: texRes = 128.0
20.9494 	EXP 	noPeriphery: autoDraw = True
20.9494 	EXP 	noPeriphery: texRes = 128.0
20.9494 	EXP 	text: autoDraw = True
20.9494 	EXP 	hasPeriphery: autoDraw = False
20.9494 	EXP 	noPeriphery: autoDraw = False
20.9494 	EXP 	final: autoDraw = False
20.9494 	EXP 	blank_screen: autoDraw = False
20.9494 	EXP 	text: autoDraw = False
20.9494 	EXP 	hasPeriphery: size = array([1.77777778, 1.        ])
20.9494 	EXP 	hasPeriphery: image = 'C:\\Users\\hesselmann\\Desktop\\PsychoPyUniformityIllusion\\UniformityIllusionPsychoPy\\Pics\\3a.png'
20.9494 	EXP 	noPeriphery: size = array([1.77777778, 1.        ])
20.9494 	EXP 	noPeriphery: image = 'C:\\Users\\hesselmann\\Desktop\\PsychoPyUniformityIllusion\\UniformityIllusionPsychoPy\\Pics\\3start.png'
20.9494 	EXP 	final: size = array([1.77777778, 1.        ])
20.9494 	EXP 	final: image = 'C:\\Users\\hesselmann\\Desktop\\PsychoPyUniformityIllusion\\UniformityIllusionPsychoPy\\Pics\\3b.png'
20.9494 	EXP 	hasPeriphery: autoDraw = True
20.9494 	EXP 	hasPeriphery: texRes = 128.0
20.9494 	EXP 	noPeriphery: autoDraw = True
20.9494 	EXP 	noPeriphery: texRes = 128.0
20.9494 	EXP 	text: autoDraw = True
20.9494 	EXP 	hasPeriphery: autoDraw = False
20.9494 	EXP 	noPeriphery: autoDraw = False
20.9494 	EXP 	final: autoDraw = False
20.9494 	EXP 	blank_screen: autoDraw = False
20.9494 	EXP 	text: autoDraw = False
20.9494 	EXP 	hasPeriphery: size = array([1.77777778, 1.        ])
20.9494 	EXP 	hasPeriphery: image = 'C:\\Users\\hesselmann\\Desktop\\PsychoPyUniformityIllusion\\UniformityIllusionPsychoPy\\Pics\\2a.png'
20.9494 	EXP 	noPeriphery: size = array([1.77777778, 1.        ])
20.9494 	EXP 	noPeriphery: image = 'C:\\Users\\hesselmann\\Desktop\\PsychoPyUniformityIllusion\\UniformityIllusionPsychoPy\\Pics\\2start.png'
20.9494 	EXP 	final: size = array([1.77777778, 1.        ])
20.9494 	EXP 	final: image = 'C:\\Users\\hesselmann\\Desktop\\PsychoPyUniformityIllusion\\UniformityIllusionPsychoPy\\Pics\\2b.png'
20.9494 	EXP 	hasPeriphery: autoDraw = True
20.9494 	EXP 	hasPeriphery: texRes = 128.0
20.9494 	EXP 	noPeriphery: autoDraw = True
20.9494 	EXP 	noPeriphery: texRes = 128.0
20.9494 	EXP 	text: autoDraw = True
20.9494 	EXP 	hasPeriphery: autoDraw = False
20.9494 	EXP 	noPeriphery: autoDraw = False
20.9494 	EXP 	final: autoDraw = False
20.9494 	EXP 	blank_screen: autoDraw = False
20.9494 	EXP 	text: autoDraw = False
20.9494 	EXP 	WelcomeText: autoDraw = True
22.4870 	DATA 	Keypress: space
22.9757 	EXP 	Imported picPaths.xlsx as conditions, 24 conditions, 4 params
22.9779 	EXP 	Created sequence: random, trialTypes=24, nReps=1, seed=None
22.9786 	EXP 	New trial (rep=0, index=0): {'startImage': 'C:\\Users\\hesselmann\\Desktop\\PsychoPyUniformityIllusion\\UniformityIllusionPsychoPy\\Pics\\7start.png', 'midImage': 'C:\\Users\\hesselmann\\Desktop\\PsychoPyUniformityIllusion\\UniformityIllusionPsychoPy\\Pics\\7a.png', 'endImage': 'C:\\Users\\hesselmann\\Desktop\\PsychoPyUniformityIllusion\\UniformityIllusionPsychoPy\\Pics\\7a.png', 'AB': None}
23.3289 	EXP 	New trial (rep=0, index=1): {'startImage': 'C:\\Users\\hesselmann\\Desktop\\PsychoPyUniformityIllusion\\UniformityIllusionPsychoPy\\Pics\\14start.png', 'midImage': 'C:\\Users\\hesselmann\\Desktop\\PsychoPyUniformityIllusion\\UniformityIllusionPsychoPy\\Pics\\14a.png', 'endImage': 'C:\\Users\\hesselmann\\Desktop\\PsychoPyUniformityIllusion\\UniformityIllusionPsychoPy\\Pics\\14b.png', 'AB': None}
23.6297 	EXP 	WelcomeText: autoDraw = False
23.6297 	EXP 	hasPeriphery: size = array([1.77777778, 1.        ])
23.6297 	EXP 	hasPeriphery: image = 'C:\\Users\\hesselmann\\Desktop\\PsychoPyUniformityIllusion\\UniformityIllusionPsychoPy\\Pics\\7a.png'
23.6297 	EXP 	noPeriphery: size = array([1.77777778, 1.        ])
23.6297 	EXP 	noPeriphery: image = 'C:\\Users\\hesselmann\\Desktop\\PsychoPyUniformityIllusion\\UniformityIllusionPsychoPy\\Pics\\7start.png'
23.6297 	EXP 	final: size = array([1.77777778, 1.        ])
23.6297 	EXP 	final: image = 'C:\\Users\\hesselmann\\Desktop\\PsychoPyUniformityIllusion\\UniformityIllusionPsychoPy\\Pics\\7a.png'
23.6297 	EXP 	hasPeriphery: autoDraw = True
23.6297 	EXP 	hasPeriphery: texRes = 128.0
23.6297 	EXP 	noPeriphery: autoDraw = True
23.6297 	EXP 	noPeriphery: texRes = 128.0
23.6297 	EXP 	text: autoDraw = True
23.6297 	EXP 	hasPeriphery: autoDraw = False
23.6297 	EXP 	noPeriphery: autoDraw = False
23.6297 	EXP 	final: autoDraw = False
23.6297 	EXP 	blank_screen: autoDraw = False
23.6297 	EXP 	text: autoDraw = False
23.6297 	EXP 	hasPeriphery: size = array([1.77777778, 1.        ])
23.6297 	EXP 	hasPeriphery: image = 'C:\\Users\\hesselmann\\Desktop\\PsychoPyUniformityIllusion\\UniformityIllusionPsychoPy\\Pics\\14a.png'
23.6297 	EXP 	noPeriphery: size = array([1.77777778, 1.        ])
23.6297 	EXP 	noPeriphery: image = 'C:\\Users\\hesselmann\\Desktop\\PsychoPyUniformityIllusion\\UniformityIllusionPsychoPy\\Pics\\14start.png'
23.6297 	EXP 	final: size = array([1.77777778, 1.        ])
23.6297 	EXP 	final: image = 'C:\\Users\\hesselmann\\Desktop\\PsychoPyUniformityIllusion\\UniformityIllusionPsychoPy\\Pics\\14b.png'
23.6297 	EXP 	hasPeriphery: autoDraw = True
23.6297 	EXP 	hasPeriphery: texRes = 128.0
23.6297 	EXP 	noPeriphery: autoDraw = True
23.6297 	EXP 	noPeriphery: texRes = 128.0
23.6297 	EXP 	text: autoDraw = True
23.7906 	EXP 	hasPeriphery: texRes = 128.0
23.7906 	EXP 	noPeriphery: texRes = 128.0
24.0297 	EXP 	hasPeriphery: texRes = 128.0
24.0297 	EXP 	noPeriphery: texRes = 128.0
24.2823 	EXP 	hasPeriphery: texRes = 128.0
24.2823 	EXP 	noPeriphery: texRes = 128.0
24.4956 	EXP 	hasPeriphery: texRes = 128.0
24.4956 	EXP 	noPeriphery: texRes = 128.0
24.7096 	EXP 	hasPeriphery: texRes = 128.0
24.7096 	EXP 	noPeriphery: texRes = 128.0
24.9228 	EXP 	hasPeriphery: texRes = 128.0
24.9228 	EXP 	noPeriphery: texRes = 128.0
25.1424 	EXP 	hasPeriphery: texRes = 128.0
25.1424 	EXP 	noPeriphery: texRes = 128.0
25.2935 	EXP 	New trial (rep=0, index=2): {'startImage': 'C:\\Users\\hesselmann\\Desktop\\PsychoPyUniformityIllusion\\UniformityIllusionPsychoPy\\Pics\\11start.png', 'midImage': 'C:\\Users\\hesselmann\\Desktop\\PsychoPyUniformityIllusion\\UniformityIllusionPsychoPy\\Pics\\11a.png', 'endImage': 'C:\\Users\\hesselmann\\Desktop\\PsychoPyUniformityIllusion\\UniformityIllusionPsychoPy\\Pics\\11b.png', 'AB': None}
25.6236 	EXP 	New trial (rep=0, index=3): {'startImage': 'C:\\Users\\hesselmann\\Desktop\\PsychoPyUniformityIllusion\\UniformityIllusionPsychoPy\\Pics\\12start.png', 'midImage': 'C:\\Users\\hesselmann\\Desktop\\PsychoPyUniformityIllusion\\UniformityIllusionPsychoPy\\Pics\\12a.png', 'endImage': 'C:\\Users\\hesselmann\\Desktop\\PsychoPyUniformityIllusion\\UniformityIllusionPsychoPy\\Pics\\12a.png', 'AB': None}
25.8467 	EXP 	New trial (rep=0, index=4): {'startImage': 'C:\\Users\\hesselmann\\Desktop\\PsychoPyUniformityIllusion\\UniformityIllusionPsychoPy\\Pics\\13start.png', 'midImage': 'C:\\Users\\hesselmann\\Desktop\\PsychoPyUniformityIllusion\\UniformityIllusionPsychoPy\\Pics\\13a.png', 'endImage': 'C:\\Users\\hesselmann\\Desktop\\PsychoPyUniformityIllusion\\UniformityIllusionPsychoPy\\Pics\\13b.png', 'AB': None}
26.1725 	EXP 	New trial (rep=0, index=5): {'startImage': 'C:\\Users\\hesselmann\\Desktop\\PsychoPyUniformityIllusion\\UniformityIllusionPsychoPy\\Pics\\8start.png', 'midImage': 'C:\\Users\\hesselmann\\Desktop\\PsychoPyUniformityIllusion\\UniformityIllusionPsychoPy\\Pics\\8a.png', 'endImage': 'C:\\Users\\hesselmann\\Desktop\\PsychoPyUniformityIllusion\\UniformityIllusionPsychoPy\\Pics\\8a.png', 'AB': None}
26.4135 	EXP 	New trial (rep=0, index=6): {'startImage': 'C:\\Users\\hesselmann\\Desktop\\PsychoPyUniformityIllusion\\UniformityIllusionPsychoPy\\Pics\\15start.png', 'midImage': 'C:\\Users\\hesselmann\\Desktop\\PsychoPyUniformityIllusion\\UniformityIllusionPsychoPy\\Pics\\15a.png', 'endImage': 'C:\\Users\\hesselmann\\Desktop\\PsychoPyUniformityIllusion\\UniformityIllusionPsychoPy\\Pics\\15a.png', 'AB': None}
26.6108 	EXP 	New trial (rep=0, index=7): {'startImage': 'C:\\Users\\hesselmann\\Desktop\\PsychoPyUniformityIllusion\\UniformityIllusionPsychoPy\\Pics\\5start.png', 'midImage': 'C:\\Users\\hesselmann\\Desktop\\PsychoPyUniformityIllusion\\UniformityIllusionPsychoPy\\Pics\\5a.png', 'endImage': 'C:\\Users\\hesselmann\\Desktop\\PsychoPyUniformityIllusion\\UniformityIllusionPsychoPy\\Pics\\5b.png', 'AB': 'b'}
26.9359 	EXP 	hasPeriphery: texRes = 128.0
26.9359 	EXP 	noPeriphery: texRes = 128.0
26.9359 	EXP 	hasPeriphery: autoDraw = False
26.9359 	EXP 	noPeriphery: autoDraw = False
26.9359 	EXP 	final: autoDraw = False
26.9359 	EXP 	blank_screen: autoDraw = False
26.9359 	EXP 	text: autoDraw = False
26.9359 	EXP 	hasPeriphery: size = array([1.77777778, 1.        ])
26.9359 	EXP 	hasPeriphery: image = 'C:\\Users\\hesselmann\\Desktop\\PsychoPyUniformityIllusion\\UniformityIllusionPsychoPy\\Pics\\11a.png'
26.9359 	EXP 	noPeriphery: size = array([1.77777778, 1.        ])
26.9359 	EXP 	noPeriphery: image = 'C:\\Users\\hesselmann\\Desktop\\PsychoPyUniformityIllusion\\UniformityIllusionPsychoPy\\Pics\\11start.png'
26.9359 	EXP 	final: size = array([1.77777778, 1.        ])
26.9359 	EXP 	final: image = 'C:\\Users\\hesselmann\\Desktop\\PsychoPyUniformityIllusion\\UniformityIllusionPsychoPy\\Pics\\11b.png'
26.9359 	EXP 	hasPeriphery: autoDraw = True
26.9359 	EXP 	hasPeriphery: texRes = 128.0
26.9359 	EXP 	noPeriphery: autoDraw = True
26.9359 	EXP 	noPeriphery: texRes = 128.0
26.9359 	EXP 	text: autoDraw = True
26.9359 	EXP 	hasPeriphery: autoDraw = False
26.9359 	EXP 	noPeriphery: autoDraw = False
26.9359 	EXP 	final: autoDraw = False
26.9359 	EXP 	blank_screen: autoDraw = False
26.9359 	EXP 	text: autoDraw = False
26.9359 	EXP 	hasPeriphery: size = array([1.77777778, 1.        ])
26.9359 	EXP 	hasPeriphery: image = 'C:\\Users\\hesselmann\\Desktop\\PsychoPyUniformityIllusion\\UniformityIllusionPsychoPy\\Pics\\12a.png'
26.9359 	EXP 	noPeriphery: size = array([1.77777778, 1.        ])
26.9359 	EXP 	noPeriphery: image = 'C:\\Users\\hesselmann\\Desktop\\PsychoPyUniformityIllusion\\UniformityIllusionPsychoPy\\Pics\\12start.png'
26.9359 	EXP 	final: size = array([1.77777778, 1.        ])
26.9359 	EXP 	final: image = 'C:\\Users\\hesselmann\\Desktop\\PsychoPyUniformityIllusion\\UniformityIllusionPsychoPy\\Pics\\12a.png'
26.9359 	EXP 	hasPeriphery: autoDraw = True
26.9359 	EXP 	hasPeriphery: texRes = 128.0
26.9359 	EXP 	noPeriphery: autoDraw = True
26.9359 	EXP 	noPeriphery: texRes = 128.0
26.9359 	EXP 	text: autoDraw = True
26.9359 	EXP 	hasPeriphery: autoDraw = False
26.9359 	EXP 	noPeriphery: autoDraw = False
26.9359 	EXP 	final: autoDraw = False
26.9359 	EXP 	blank_screen: autoDraw = False
26.9359 	EXP 	text: autoDraw = False
26.9359 	EXP 	hasPeriphery: size = array([1.77777778, 1.        ])
26.9359 	EXP 	hasPeriphery: image = 'C:\\Users\\hesselmann\\Desktop\\PsychoPyUniformityIllusion\\UniformityIllusionPsychoPy\\Pics\\13a.png'
26.9359 	EXP 	noPeriphery: size = array([1.77777778, 1.        ])
26.9359 	EXP 	noPeriphery: image = 'C:\\Users\\hesselmann\\Desktop\\PsychoPyUniformityIllusion\\UniformityIllusionPsychoPy\\Pics\\13start.png'
26.9359 	EXP 	final: size = array([1.77777778, 1.        ])
26.9359 	EXP 	final: image = 'C:\\Users\\hesselmann\\Desktop\\PsychoPyUniformityIllusion\\UniformityIllusionPsychoPy\\Pics\\13b.png'
26.9359 	EXP 	hasPeriphery: autoDraw = True
26.9359 	EXP 	hasPeriphery: texRes = 128.0
26.9359 	EXP 	noPeriphery: autoDraw = True
26.9359 	EXP 	noPeriphery: texRes = 128.0
26.9359 	EXP 	text: autoDraw = True
26.9359 	EXP 	hasPeriphery: autoDraw = False
26.9359 	EXP 	noPeriphery: autoDraw = False
26.9359 	EXP 	final: autoDraw = False
26.9359 	EXP 	blank_screen: autoDraw = False
26.9359 	EXP 	text: autoDraw = False
26.9359 	EXP 	hasPeriphery: size = array([1.77777778, 1.        ])
26.9359 	EXP 	hasPeriphery: image = 'C:\\Users\\hesselmann\\Desktop\\PsychoPyUniformityIllusion\\UniformityIllusionPsychoPy\\Pics\\8a.png'
26.9359 	EXP 	noPeriphery: size = array([1.77777778, 1.        ])
26.9359 	EXP 	noPeriphery: image = 'C:\\Users\\hesselmann\\Desktop\\PsychoPyUniformityIllusion\\UniformityIllusionPsychoPy\\Pics\\8start.png'
26.9359 	EXP 	final: size = array([1.77777778, 1.        ])
26.9359 	EXP 	final: image = 'C:\\Users\\hesselmann\\Desktop\\PsychoPyUniformityIllusion\\UniformityIllusionPsychoPy\\Pics\\8a.png'
26.9359 	EXP 	hasPeriphery: autoDraw = True
26.9359 	EXP 	hasPeriphery: texRes = 128.0
26.9359 	EXP 	noPeriphery: autoDraw = True
26.9359 	EXP 	noPeriphery: texRes = 128.0
26.9359 	EXP 	text: autoDraw = True
26.9359 	EXP 	hasPeriphery: autoDraw = False
26.9359 	EXP 	noPeriphery: autoDraw = False
26.9359 	EXP 	final: autoDraw = False
26.9359 	EXP 	blank_screen: autoDraw = False
26.9359 	EXP 	text: autoDraw = False
26.9359 	EXP 	hasPeriphery: size = array([1.77777778, 1.        ])
26.9359 	EXP 	hasPeriphery: image = 'C:\\Users\\hesselmann\\Desktop\\PsychoPyUniformityIllusion\\UniformityIllusionPsychoPy\\Pics\\15a.png'
26.9359 	EXP 	noPeriphery: size = array([1.77777778, 1.        ])
26.9359 	EXP 	noPeriphery: image = 'C:\\Users\\hesselmann\\Desktop\\PsychoPyUniformityIllusion\\UniformityIllusionPsychoPy\\Pics\\15start.png'
26.9359 	EXP 	final: size = array([1.77777778, 1.        ])
26.9359 	EXP 	final: image = 'C:\\Users\\hesselmann\\Desktop\\PsychoPyUniformityIllusion\\UniformityIllusionPsychoPy\\Pics\\15a.png'
26.9359 	EXP 	hasPeriphery: autoDraw = True
26.9359 	EXP 	hasPeriphery: texRes = 128.0
26.9359 	EXP 	noPeriphery: autoDraw = True
26.9359 	EXP 	noPeriphery: texRes = 128.0
26.9359 	EXP 	text: autoDraw = True
26.9359 	EXP 	hasPeriphery: autoDraw = False
26.9359 	EXP 	noPeriphery: autoDraw = False
26.9359 	EXP 	final: autoDraw = False
26.9359 	EXP 	blank_screen: autoDraw = False
26.9359 	EXP 	text: autoDraw = False
26.9359 	EXP 	hasPeriphery: size = array([1.77777778, 1.        ])
26.9359 	EXP 	hasPeriphery: image = 'C:\\Users\\hesselmann\\Desktop\\PsychoPyUniformityIllusion\\UniformityIllusionPsychoPy\\Pics\\5a.png'
26.9359 	EXP 	noPeriphery: size = array([1.77777778, 1.        ])
26.9359 	EXP 	noPeriphery: image = 'C:\\Users\\hesselmann\\Desktop\\PsychoPyUniformityIllusion\\UniformityIllusionPsychoPy\\Pics\\5start.png'
26.9359 	EXP 	final: size = array([1.77777778, 1.        ])
26.9359 	EXP 	final: image = 'C:\\Users\\hesselmann\\Desktop\\PsychoPyUniformityIllusion\\UniformityIllusionPsychoPy\\Pics\\5b.png'
26.9359 	EXP 	hasPeriphery: autoDraw = True
26.9359 	EXP 	hasPeriphery: texRes = 128.0
26.9359 	EXP 	noPeriphery: autoDraw = True
26.9359 	EXP 	noPeriphery: texRes = 128.0
26.9359 	EXP 	text: autoDraw = True
27.1244 	EXP 	hasPeriphery: texRes = 128.0
27.1244 	EXP 	noPeriphery: texRes = 128.0
27.3557 	EXP 	hasPeriphery: texRes = 128.0
27.3557 	EXP 	noPeriphery: texRes = 128.0
27.6194 	EXP 	hasPeriphery: texRes = 128.0
27.6194 	EXP 	noPeriphery: texRes = 128.0
27.7977 	EXP 	New trial (rep=0, index=8): {'startImage': 'C:\\Users\\hesselmann\\Desktop\\PsychoPyUniformityIllusion\\UniformityIllusionPsychoPy\\Pics\\6start.png', 'midImage': 'C:\\Users\\hesselmann\\Desktop\\PsychoPyUniformityIllusion\\UniformityIllusionPsychoPy\\Pics\\6a.png', 'endImage': 'C:\\Users\\hesselmann\\Desktop\\PsychoPyUniformityIllusion\\UniformityIllusionPsychoPy\\Pics\\6a.png', 'AB': 'a'}
28.0347 	EXP 	New trial (rep=0, index=9): {'startImage': 'C:\\Users\\hesselmann\\Desktop\\PsychoPyUniformityIllusion\\UniformityIllusionPsychoPy\\Pics\\8start.png', 'midImage': 'C:\\Users\\hesselmann\\Desktop\\PsychoPyUniformityIllusion\\UniformityIllusionPsychoPy\\Pics\\8a.png', 'endImage': 'C:\\Users\\hesselmann\\Desktop\\PsychoPyUniformityIllusion\\UniformityIllusionPsychoPy\\Pics\\8b.png', 'AB': None}
28.3231 	EXP 	hasPeriphery: texRes = 128.0
28.3231 	EXP 	noPeriphery: texRes = 128.0
28.3231 	EXP 	hasPeriphery: autoDraw = False
28.3231 	EXP 	noPeriphery: autoDraw = False
28.3231 	EXP 	final: autoDraw = False
28.3231 	EXP 	blank_screen: autoDraw = False
28.3231 	EXP 	text: autoDraw = False
28.3231 	EXP 	hasPeriphery: size = array([1.77777778, 1.        ])
28.3231 	EXP 	hasPeriphery: image = 'C:\\Users\\hesselmann\\Desktop\\PsychoPyUniformityIllusion\\UniformityIllusionPsychoPy\\Pics\\6a.png'
28.3231 	EXP 	noPeriphery: size = array([1.77777778, 1.        ])
28.3231 	EXP 	noPeriphery: image = 'C:\\Users\\hesselmann\\Desktop\\PsychoPyUniformityIllusion\\UniformityIllusionPsychoPy\\Pics\\6start.png'
28.3231 	EXP 	final: size = array([1.77777778, 1.        ])
28.3231 	EXP 	final: image = 'C:\\Users\\hesselmann\\Desktop\\PsychoPyUniformityIllusion\\UniformityIllusionPsychoPy\\Pics\\6a.png'
28.3231 	EXP 	hasPeriphery: autoDraw = True
28.3231 	EXP 	hasPeriphery: texRes = 128.0
28.3231 	EXP 	noPeriphery: autoDraw = True
28.3231 	EXP 	noPeriphery: texRes = 128.0
28.3231 	EXP 	text: autoDraw = True
28.3231 	EXP 	hasPeriphery: autoDraw = False
28.3231 	EXP 	noPeriphery: autoDraw = False
28.3231 	EXP 	final: autoDraw = False
28.3231 	EXP 	blank_screen: autoDraw = False
28.3231 	EXP 	text: autoDraw = False
28.3231 	EXP 	hasPeriphery: size = array([1.77777778, 1.        ])
28.3231 	EXP 	hasPeriphery: image = 'C:\\Users\\hesselmann\\Desktop\\PsychoPyUniformityIllusion\\UniformityIllusionPsychoPy\\Pics\\8a.png'
28.3231 	EXP 	noPeriphery: size = array([1.77777778, 1.        ])
28.3231 	EXP 	noPeriphery: image = 'C:\\Users\\hesselmann\\Desktop\\PsychoPyUniformityIllusion\\UniformityIllusionPsychoPy\\Pics\\8start.png'
28.3231 	EXP 	final: size = array([1.77777778, 1.        ])
28.3231 	EXP 	final: image = 'C:\\Users\\hesselmann\\Desktop\\PsychoPyUniformityIllusion\\UniformityIllusionPsychoPy\\Pics\\8b.png'
28.3231 	EXP 	hasPeriphery: autoDraw = True
28.3231 	EXP 	hasPeriphery: texRes = 128.0
28.3231 	EXP 	noPeriphery: autoDraw = True
28.3231 	EXP 	noPeriphery: texRes = 128.0
28.3231 	EXP 	text: autoDraw = True
28.4695 	EXP 	hasPeriphery: texRes = 128.0
28.4695 	EXP 	noPeriphery: texRes = 128.0
28.6725 	EXP 	hasPeriphery: texRes = 128.0
28.6725 	EXP 	noPeriphery: texRes = 128.0
28.8970 	EXP 	hasPeriphery: texRes = 128.0
28.8970 	EXP 	noPeriphery: texRes = 128.0
29.0964 	EXP 	hasPeriphery: texRes = 128.0
29.0964 	EXP 	noPeriphery: texRes = 128.0
29.2961 	EXP 	hasPeriphery: texRes = 128.0
29.2961 	EXP 	noPeriphery: texRes = 128.0
29.5248 	EXP 	hasPeriphery: texRes = 128.0
29.5248 	EXP 	noPeriphery: texRes = 128.0
29.7583 	EXP 	hasPeriphery: texRes = 128.0
29.7583 	EXP 	noPeriphery: texRes = 128.0
29.9384 	EXP 	hasPeriphery: texRes = 128.0
29.9384 	EXP 	noPeriphery: texRes = 128.0
30.1228 	EXP 	hasPeriphery: texRes = 128.0
30.1228 	EXP 	noPeriphery: texRes = 128.0
30.3362 	EXP 	hasPeriphery: texRes = 128.0
30.3362 	EXP 	noPeriphery: texRes = 128.0
30.5362 	EXP 	hasPeriphery: texRes = 128.0
30.5362 	EXP 	noPeriphery: texRes = 128.0
30.7442 	EXP 	hasPeriphery: texRes = 128.0
30.7442 	EXP 	noPeriphery: texRes = 128.0
30.9371 	EXP 	hasPeriphery: texRes = 128.0
30.9371 	EXP 	noPeriphery: texRes = 128.0
31.1229 	EXP 	hasPeriphery: texRes = 128.0
31.1229 	EXP 	noPeriphery: texRes = 128.0
31.2963 	EXP 	hasPeriphery: texRes = 128.0
31.2963 	EXP 	noPeriphery: texRes = 128.0
31.4916 	EXP 	hasPeriphery: texRes = 128.0
31.4916 	EXP 	noPeriphery: texRes = 128.0
31.6726 	EXP 	hasPeriphery: texRes = 128.0
31.6726 	EXP 	noPeriphery: texRes = 128.0
31.8712 	EXP 	hasPeriphery: texRes = 128.0
31.8712 	EXP 	noPeriphery: texRes = 128.0
32.0708 	EXP 	hasPeriphery: texRes = 128.0
32.0708 	EXP 	noPeriphery: texRes = 128.0
32.2565 	EXP 	hasPeriphery: texRes = 128.0
32.2565 	EXP 	noPeriphery: texRes = 128.0
32.4716 	EXP 	hasPeriphery: texRes = 128.0
32.4716 	EXP 	noPeriphery: texRes = 128.0
32.4716 	EXP 	blank_screen: autoDraw = True
32.7364 	EXP 	hasPeriphery: texRes = 128.0
32.7364 	EXP 	noPeriphery: texRes = 128.0
32.7364 	EXP 	final: autoDraw = True
32.7364 	EXP 	final: texRes = 128.0
33.0031 	EXP 	hasPeriphery: texRes = 128.0
33.0031 	EXP 	noPeriphery: texRes = 128.0
33.0031 	EXP 	final: texRes = 128.0
33.0031 	EXP 	blank_screen: autoDraw = False
33.2832 	EXP 	hasPeriphery: texRes = 128.0
33.2832 	EXP 	noPeriphery: texRes = 128.0
33.2832 	EXP 	final: texRes = 128.0
33.5525 	EXP 	hasPeriphery: texRes = 128.0
33.5525 	EXP 	noPeriphery: texRes = 128.0
33.5525 	EXP 	final: texRes = 128.0
33.8565 	EXP 	hasPeriphery: texRes = 128.0
33.8565 	EXP 	noPeriphery: texRes = 128.0
33.8565 	EXP 	final: texRes = 128.0
34.1367 	EXP 	hasPeriphery: texRes = 128.0
34.1367 	EXP 	noPeriphery: texRes = 128.0
34.1367 	EXP 	final: texRes = 128.0
34.4042 	EXP 	hasPeriphery: texRes = 128.0
34.4042 	EXP 	noPeriphery: texRes = 128.0
34.4042 	EXP 	final: texRes = 128.0
34.4042 	EXP 	blank_screen: autoDraw = True
34.6851 	EXP 	hasPeriphery: texRes = 128.0
34.6851 	EXP 	noPeriphery: texRes = 128.0
34.6851 	EXP 	final: texRes = 128.0
34.9505 	EXP 	hasPeriphery: texRes = 128.0
34.9505 	EXP 	noPeriphery: texRes = 128.0
34.9505 	EXP 	final: texRes = 128.0
34.9505 	EXP 	blank_screen: autoDraw = False
35.2078 	EXP 	hasPeriphery: texRes = 128.0
35.2078 	EXP 	noPeriphery: texRes = 128.0
35.2078 	EXP 	final: texRes = 128.0
35.4703 	EXP 	hasPeriphery: texRes = 128.0
35.4703 	EXP 	noPeriphery: texRes = 128.0
35.4703 	EXP 	final: texRes = 128.0
35.7413 	EXP 	hasPeriphery: texRes = 128.0
35.7413 	EXP 	noPeriphery: texRes = 128.0
35.7413 	EXP 	final: texRes = 128.0
36.0313 	EXP 	hasPeriphery: texRes = 128.0
36.0313 	EXP 	noPeriphery: texRes = 128.0
36.0313 	EXP 	final: texRes = 128.0
36.3149 	EXP 	hasPeriphery: texRes = 128.0
36.3149 	EXP 	noPeriphery: texRes = 128.0
36.3149 	EXP 	final: texRes = 128.0
36.3149 	EXP 	blank_screen: autoDraw = True
36.5949 	EXP 	hasPeriphery: texRes = 128.0
36.5949 	EXP 	noPeriphery: texRes = 128.0
36.5949 	EXP 	final: texRes = 128.0
36.8714 	EXP 	hasPeriphery: texRes = 128.0
36.8714 	EXP 	noPeriphery: texRes = 128.0
36.8714 	EXP 	final: texRes = 128.0
36.8714 	EXP 	blank_screen: autoDraw = False
37.1402 	EXP 	hasPeriphery: texRes = 128.0
37.1402 	EXP 	noPeriphery: texRes = 128.0
37.1402 	EXP 	final: texRes = 128.0
37.3427 	EXP 	New trial (rep=0, index=10): {'startImage': 'C:\\Users\\hesselmann\\Desktop\\PsychoPyUniformityIllusion\\UniformityIllusionPsychoPy\\Pics\\14start.png', 'midImage': 'C:\\Users\\hesselmann\\Desktop\\PsychoPyUniformityIllusion\\UniformityIllusionPsychoPy\\Pics\\14a.png', 'endImage': 'C:\\Users\\hesselmann\\Desktop\\PsychoPyUniformityIllusion\\UniformityIllusionPsychoPy\\Pics\\14a.png', 'AB': None}
37.6812 	DATA 	Keypress: space
37.7106 	EXP 	hasPeriphery: texRes = 128.0
37.7106 	EXP 	noPeriphery: texRes = 128.0
37.7106 	EXP 	final: texRes = 128.0
37.7106 	EXP 	hasPeriphery: autoDraw = False
37.7106 	EXP 	noPeriphery: autoDraw = False
37.7106 	EXP 	final: autoDraw = False
37.7106 	EXP 	blank_screen: autoDraw = False
37.7106 	EXP 	text: autoDraw = False
37.7106 	EXP 	hasPeriphery: size = array([1.77777778, 1.        ])
37.7106 	EXP 	hasPeriphery: image = 'C:\\Users\\hesselmann\\Desktop\\PsychoPyUniformityIllusion\\UniformityIllusionPsychoPy\\Pics\\14a.png'
37.7106 	EXP 	noPeriphery: size = array([1.77777778, 1.        ])
37.7106 	EXP 	noPeriphery: image = 'C:\\Users\\hesselmann\\Desktop\\PsychoPyUniformityIllusion\\UniformityIllusionPsychoPy\\Pics\\14start.png'
37.7106 	EXP 	final: size = array([1.77777778, 1.        ])
37.7106 	EXP 	final: image = 'C:\\Users\\hesselmann\\Desktop\\PsychoPyUniformityIllusion\\UniformityIllusionPsychoPy\\Pics\\14a.png'
37.7106 	EXP 	hasPeriphery: autoDraw = True
37.7106 	EXP 	hasPeriphery: texRes = 128.0
37.7106 	EXP 	noPeriphery: autoDraw = True
37.7106 	EXP 	noPeriphery: texRes = 128.0
37.7106 	EXP 	text: autoDraw = True
37.8970 	EXP 	hasPeriphery: texRes = 128.0
37.8970 	EXP 	noPeriphery: texRes = 128.0
38.0971 	EXP 	hasPeriphery: texRes = 128.0
38.0971 	EXP 	noPeriphery: texRes = 128.0
38.3236 	EXP 	hasPeriphery: texRes = 128.0
38.3236 	EXP 	noPeriphery: texRes = 128.0
38.5369 	EXP 	hasPeriphery: texRes = 128.0
38.5369 	EXP 	noPeriphery: texRes = 128.0
38.7527 	EXP 	hasPeriphery: texRes = 128.0
38.7527 	EXP 	noPeriphery: texRes = 128.0
38.9677 	EXP 	hasPeriphery: texRes = 128.0
38.9677 	EXP 	noPeriphery: texRes = 128.0
39.2037 	EXP 	hasPeriphery: texRes = 128.0
39.2037 	EXP 	noPeriphery: texRes = 128.0
39.4095 	EXP 	hasPeriphery: texRes = 128.0
39.4095 	EXP 	noPeriphery: texRes = 128.0
39.6305 	EXP 	hasPeriphery: texRes = 128.0
39.6305 	EXP 	noPeriphery: texRes = 128.0
39.8438 	EXP 	hasPeriphery: texRes = 128.0
39.8438 	EXP 	noPeriphery: texRes = 128.0
40.0710 	EXP 	hasPeriphery: texRes = 128.0
40.0710 	EXP 	noPeriphery: texRes = 128.0
40.3008 	EXP 	hasPeriphery: texRes = 128.0
40.3008 	EXP 	noPeriphery: texRes = 128.0
40.5271 	EXP 	hasPeriphery: texRes = 128.0
40.5271 	EXP 	noPeriphery: texRes = 128.0
40.7530 	EXP 	hasPeriphery: texRes = 128.0
40.7530 	EXP 	noPeriphery: texRes = 128.0
40.9849 	EXP 	hasPeriphery: texRes = 128.0
40.9849 	EXP 	noPeriphery: texRes = 128.0
41.1958 	EXP 	hasPeriphery: texRes = 128.0
41.1958 	EXP 	noPeriphery: texRes = 128.0
41.4198 	EXP 	hasPeriphery: texRes = 128.0
41.4198 	EXP 	noPeriphery: texRes = 128.0
41.6319 	EXP 	hasPeriphery: texRes = 128.0
41.6319 	EXP 	noPeriphery: texRes = 128.0
41.8574 	EXP 	hasPeriphery: texRes = 128.0
41.8574 	EXP 	noPeriphery: texRes = 128.0
42.0841 	EXP 	hasPeriphery: texRes = 128.0
42.0841 	EXP 	noPeriphery: texRes = 128.0
42.3376 	EXP 	hasPeriphery: texRes = 128.0
42.3376 	EXP 	noPeriphery: texRes = 128.0
42.5572 	EXP 	hasPeriphery: texRes = 128.0
42.5572 	EXP 	noPeriphery: texRes = 128.0
42.7775 	EXP 	hasPeriphery: texRes = 128.0
42.7775 	EXP 	noPeriphery: texRes = 128.0
42.9925 	EXP 	hasPeriphery: texRes = 128.0
42.9925 	EXP 	noPeriphery: texRes = 128.0
43.2498 	EXP 	hasPeriphery: texRes = 128.0
43.2498 	EXP 	noPeriphery: texRes = 128.0
43.4725 	EXP 	hasPeriphery: texRes = 128.0
43.4725 	EXP 	noPeriphery: texRes = 128.0
43.6728 	EXP 	hasPeriphery: texRes = 128.0
43.6728 	EXP 	noPeriphery: texRes = 128.0
43.8854 	EXP 	hasPeriphery: texRes = 128.0
43.8854 	EXP 	noPeriphery: texRes = 128.0
44.0821 	EXP 	New trial (rep=0, index=11): {'startImage': 'C:\\Users\\hesselmann\\Desktop\\PsychoPyUniformityIllusion\\UniformityIllusionPsychoPy\\Pics\\9start.png', 'midImage': 'C:\\Users\\hesselmann\\Desktop\\PsychoPyUniformityIllusion\\UniformityIllusionPsychoPy\\Pics\\9a.png', 'endImage': 'C:\\Users\\hesselmann\\Desktop\\PsychoPyUniformityIllusion\\UniformityIllusionPsychoPy\\Pics\\9b.png', 'AB': None}
44.3574 	DATA 	Keypress: space
44.3924 	EXP 	hasPeriphery: texRes = 128.0
44.3924 	EXP 	noPeriphery: texRes = 128.0
44.3924 	EXP 	hasPeriphery: autoDraw = False
44.3924 	EXP 	noPeriphery: autoDraw = False
44.3924 	EXP 	final: autoDraw = False
44.3924 	EXP 	blank_screen: autoDraw = False
44.3924 	EXP 	text: autoDraw = False
44.3924 	EXP 	hasPeriphery: size = array([1.77777778, 1.        ])
44.3924 	EXP 	hasPeriphery: image = 'C:\\Users\\hesselmann\\Desktop\\PsychoPyUniformityIllusion\\UniformityIllusionPsychoPy\\Pics\\9a.png'
44.3924 	EXP 	noPeriphery: size = array([1.77777778, 1.        ])
44.3924 	EXP 	noPeriphery: image = 'C:\\Users\\hesselmann\\Desktop\\PsychoPyUniformityIllusion\\UniformityIllusionPsychoPy\\Pics\\9start.png'
44.3924 	EXP 	final: size = array([1.77777778, 1.        ])
44.3924 	EXP 	final: image = 'C:\\Users\\hesselmann\\Desktop\\PsychoPyUniformityIllusion\\UniformityIllusionPsychoPy\\Pics\\9b.png'
44.3924 	EXP 	hasPeriphery: autoDraw = True
44.3924 	EXP 	hasPeriphery: texRes = 128.0
44.3924 	EXP 	noPeriphery: autoDraw = True
44.3924 	EXP 	noPeriphery: texRes = 128.0
44.3924 	EXP 	text: autoDraw = True
44.5515 	EXP 	hasPeriphery: texRes = 128.0
44.5515 	EXP 	noPeriphery: texRes = 128.0
44.7376 	EXP 	hasPeriphery: texRes = 128.0
44.7376 	EXP 	noPeriphery: texRes = 128.0
44.9141 	EXP 	hasPeriphery: texRes = 128.0
44.9141 	EXP 	noPeriphery: texRes = 128.0
45.1136 	EXP 	hasPeriphery: texRes = 128.0
45.1136 	EXP 	noPeriphery: texRes = 128.0
45.3000 	EXP 	hasPeriphery: texRes = 128.0
45.3000 	EXP 	noPeriphery: texRes = 128.0
45.4847 	EXP 	hasPeriphery: texRes = 128.0
45.4847 	EXP 	noPeriphery: texRes = 128.0
45.6732 	EXP 	hasPeriphery: texRes = 128.0
45.6732 	EXP 	noPeriphery: texRes = 128.0
45.8581 	EXP 	hasPeriphery: texRes = 128.0
45.8581 	EXP 	noPeriphery: texRes = 128.0
46.0710 	EXP 	hasPeriphery: texRes = 128.0
46.0710 	EXP 	noPeriphery: texRes = 128.0
46.2720 	EXP 	hasPeriphery: texRes = 128.0
46.2720 	EXP 	noPeriphery: texRes = 128.0
46.4726 	EXP 	hasPeriphery: texRes = 128.0
46.4726 	EXP 	noPeriphery: texRes = 128.0
46.6855 	EXP 	hasPeriphery: texRes = 128.0
46.6855 	EXP 	noPeriphery: texRes = 128.0
46.8986 	EXP 	hasPeriphery: texRes = 128.0
46.8986 	EXP 	noPeriphery: texRes = 128.0
47.0845 	EXP 	hasPeriphery: texRes = 128.0
47.0845 	EXP 	noPeriphery: texRes = 128.0
47.2633 	EXP 	hasPeriphery: texRes = 128.0
47.2633 	EXP 	noPeriphery: texRes = 128.0
47.4616 	EXP 	hasPeriphery: texRes = 128.0
47.4616 	EXP 	noPeriphery: texRes = 128.0
47.6459 	EXP 	hasPeriphery: texRes = 128.0
47.6459 	EXP 	noPeriphery: texRes = 128.0
47.8180 	EXP 	hasPeriphery: texRes = 128.0
47.8180 	EXP 	noPeriphery: texRes = 128.0
47.9912 	EXP 	hasPeriphery: texRes = 128.0
47.9912 	EXP 	noPeriphery: texRes = 128.0
48.1781 	EXP 	hasPeriphery: texRes = 128.0
48.1781 	EXP 	noPeriphery: texRes = 128.0
48.3646 	EXP 	hasPeriphery: texRes = 128.0
48.3646 	EXP 	noPeriphery: texRes = 128.0
48.5648 	EXP 	hasPeriphery: texRes = 128.0
48.5648 	EXP 	noPeriphery: texRes = 128.0
48.7528 	EXP 	hasPeriphery: texRes = 128.0
48.7528 	EXP 	noPeriphery: texRes = 128.0
48.9409 	EXP 	hasPeriphery: texRes = 128.0
48.9409 	EXP 	noPeriphery: texRes = 128.0
49.1380 	EXP 	hasPeriphery: texRes = 128.0
49.1380 	EXP 	noPeriphery: texRes = 128.0
49.3122 	EXP 	hasPeriphery: texRes = 128.0
49.3122 	EXP 	noPeriphery: texRes = 128.0
49.5127 	EXP 	hasPeriphery: texRes = 128.0
49.5127 	EXP 	noPeriphery: texRes = 128.0
49.6982 	EXP 	hasPeriphery: texRes = 128.0
49.6982 	EXP 	noPeriphery: texRes = 128.0
49.8850 	EXP 	hasPeriphery: texRes = 128.0
49.8850 	EXP 	noPeriphery: texRes = 128.0
50.0741 	EXP 	hasPeriphery: texRes = 128.0
50.0741 	EXP 	noPeriphery: texRes = 128.0
50.2858 	EXP 	hasPeriphery: texRes = 128.0
50.2858 	EXP 	noPeriphery: texRes = 128.0
50.4849 	EXP 	hasPeriphery: texRes = 128.0
50.4849 	EXP 	noPeriphery: texRes = 128.0
50.6723 	EXP 	hasPeriphery: texRes = 128.0
50.6723 	EXP 	noPeriphery: texRes = 128.0
50.8848 	EXP 	hasPeriphery: texRes = 128.0
50.8848 	EXP 	noPeriphery: texRes = 128.0
51.0853 	EXP 	hasPeriphery: texRes = 128.0
51.0853 	EXP 	noPeriphery: texRes = 128.0
51.0853 	EXP 	blank_screen: autoDraw = True
51.3452 	EXP 	hasPeriphery: texRes = 128.0
51.3452 	EXP 	noPeriphery: texRes = 128.0
51.3452 	EXP 	final: autoDraw = True
51.3452 	EXP 	final: texRes = 128.0
51.6062 	EXP 	hasPeriphery: texRes = 128.0
51.6062 	EXP 	noPeriphery: texRes = 128.0
51.6062 	EXP 	final: texRes = 128.0
51.6062 	EXP 	blank_screen: autoDraw = False
51.8614 	EXP 	hasPeriphery: texRes = 128.0
51.8614 	EXP 	noPeriphery: texRes = 128.0
51.8614 	EXP 	final: texRes = 128.0
52.1252 	EXP 	hasPeriphery: texRes = 128.0
52.1252 	EXP 	noPeriphery: texRes = 128.0
52.1252 	EXP 	final: texRes = 128.0
52.3941 	EXP 	hasPeriphery: texRes = 128.0
52.3941 	EXP 	noPeriphery: texRes = 128.0
52.3941 	EXP 	final: texRes = 128.0
52.6850 	EXP 	hasPeriphery: texRes = 128.0
52.6850 	EXP 	noPeriphery: texRes = 128.0
52.6850 	EXP 	final: texRes = 128.0
52.9251 	EXP 	hasPeriphery: texRes = 128.0
52.9251 	EXP 	noPeriphery: texRes = 128.0
52.9251 	EXP 	final: texRes = 128.0
52.9251 	EXP 	blank_screen: autoDraw = True
53.1940 	EXP 	hasPeriphery: texRes = 128.0
53.1940 	EXP 	noPeriphery: texRes = 128.0
53.1940 	EXP 	final: texRes = 128.0
53.4654 	EXP 	hasPeriphery: texRes = 128.0
53.4654 	EXP 	noPeriphery: texRes = 128.0
53.4654 	EXP 	final: texRes = 128.0
53.4654 	EXP 	blank_screen: autoDraw = False
53.7129 	EXP 	hasPeriphery: texRes = 128.0
53.7129 	EXP 	noPeriphery: texRes = 128.0
53.7129 	EXP 	final: texRes = 128.0
53.9663 	EXP 	hasPeriphery: texRes = 128.0
53.9663 	EXP 	noPeriphery: texRes = 128.0
53.9663 	EXP 	final: texRes = 128.0
54.2238 	EXP 	hasPeriphery: texRes = 128.0
54.2238 	EXP 	noPeriphery: texRes = 128.0
54.2238 	EXP 	final: texRes = 128.0
54.4856 	EXP 	hasPeriphery: texRes = 128.0
54.4856 	EXP 	noPeriphery: texRes = 128.0
54.4856 	EXP 	final: texRes = 128.0
54.5652 	EXP 	hasPeriphery: autoDraw = False
54.5652 	EXP 	noPeriphery: autoDraw = False
54.5652 	EXP 	final: texRes = 128.0
54.6380 	EXP 	final: texRes = 128.0
54.7121 	EXP 	final: texRes = 128.0
54.8053 	EXP 	final: texRes = 128.0
54.8872 	EXP 	final: texRes = 128.0
54.9677 	EXP 	final: texRes = 128.0
55.0455 	EXP 	final: texRes = 128.0
55.1254 	EXP 	final: texRes = 128.0
55.2188 	EXP 	final: texRes = 128.0
55.3017 	EXP 	final: texRes = 128.0
55.3923 	EXP 	final: texRes = 128.0
55.4719 	EXP 	final: texRes = 128.0
55.5519 	EXP 	final: texRes = 128.0
55.6340 	EXP 	final: texRes = 128.0
55.7267 	EXP 	final: texRes = 128.0
55.8193 	EXP 	final: texRes = 128.0
55.9255 	EXP 	final: texRes = 128.0
56.0186 	EXP 	final: texRes = 128.0
56.0991 	EXP 	final: texRes = 128.0
56.1791 	EXP 	final: texRes = 128.0
56.2587 	EXP 	final: texRes = 128.0
56.3138 	EXP 	New trial (rep=0, index=12): {'startImage': 'C:\\Users\\hesselmann\\Desktop\\PsychoPyUniformityIllusion\\UniformityIllusionPsychoPy\\Pics\\4start.png', 'midImage': 'C:\\Users\\hesselmann\\Desktop\\PsychoPyUniformityIllusion\\UniformityIllusionPsychoPy\\Pics\\4a.png', 'endImage': 'C:\\Users\\hesselmann\\Desktop\\PsychoPyUniformityIllusion\\UniformityIllusionPsychoPy\\Pics\\4a.png', 'AB': 'a'}
56.6324 	EXP 	final: texRes = 128.0
56.6324 	EXP 	hasPeriphery: autoDraw = False
56.6324 	EXP 	noPeriphery: autoDraw = False
56.6324 	EXP 	final: autoDraw = False
56.6324 	EXP 	blank_screen: autoDraw = False
56.6324 	EXP 	text: autoDraw = False
56.6324 	EXP 	hasPeriphery: size = array([1.77777778, 1.        ])
56.6324 	EXP 	hasPeriphery: image = 'C:\\Users\\hesselmann\\Desktop\\PsychoPyUniformityIllusion\\UniformityIllusionPsychoPy\\Pics\\4a.png'
56.6324 	EXP 	noPeriphery: size = array([1.77777778, 1.        ])
56.6324 	EXP 	noPeriphery: image = 'C:\\Users\\hesselmann\\Desktop\\PsychoPyUniformityIllusion\\UniformityIllusionPsychoPy\\Pics\\4start.png'
56.6324 	EXP 	final: size = array([1.77777778, 1.        ])
56.6324 	EXP 	final: image = 'C:\\Users\\hesselmann\\Desktop\\PsychoPyUniformityIllusion\\UniformityIllusionPsychoPy\\Pics\\4a.png'
56.6324 	EXP 	hasPeriphery: autoDraw = True
56.6324 	EXP 	hasPeriphery: texRes = 128.0
56.6324 	EXP 	noPeriphery: autoDraw = True
56.6324 	EXP 	noPeriphery: texRes = 128.0
56.6324 	EXP 	text: autoDraw = True
56.8063 	EXP 	hasPeriphery: texRes = 128.0
56.8063 	EXP 	noPeriphery: texRes = 128.0
57.0056 	EXP 	hasPeriphery: texRes = 128.0
57.0056 	EXP 	noPeriphery: texRes = 128.0
57.2061 	EXP 	hasPeriphery: texRes = 128.0
57.2061 	EXP 	noPeriphery: texRes = 128.0
57.4055 	EXP 	hasPeriphery: texRes = 128.0
57.4055 	EXP 	noPeriphery: texRes = 128.0
57.5952 	EXP 	hasPeriphery: texRes = 128.0
57.5952 	EXP 	noPeriphery: texRes = 128.0
57.8107 	EXP 	hasPeriphery: texRes = 128.0
57.8107 	EXP 	noPeriphery: texRes = 128.0
58.0198 	EXP 	hasPeriphery: texRes = 128.0
58.0198 	EXP 	noPeriphery: texRes = 128.0
58.2056 	EXP 	hasPeriphery: texRes = 128.0
58.2056 	EXP 	noPeriphery: texRes = 128.0
58.3791 	EXP 	hasPeriphery: texRes = 128.0
58.3791 	EXP 	noPeriphery: texRes = 128.0
58.5692 	EXP 	hasPeriphery: texRes = 128.0
58.5692 	EXP 	noPeriphery: texRes = 128.0
58.7549 	EXP 	hasPeriphery: texRes = 128.0
58.7549 	EXP 	noPeriphery: texRes = 128.0
58.9256 	EXP 	hasPeriphery: texRes = 128.0
58.9256 	EXP 	noPeriphery: texRes = 128.0
59.0610 	EXP 	New trial (rep=0, index=13): {'startImage': 'C:\\Users\\hesselmann\\Desktop\\PsychoPyUniformityIllusion\\UniformityIllusionPsychoPy\\Pics\\13start.png', 'midImage': 'C:\\Users\\hesselmann\\Desktop\\PsychoPyUniformityIllusion\\UniformityIllusionPsychoPy\\Pics\\13a.png', 'endImage': 'C:\\Users\\hesselmann\\Desktop\\PsychoPyUniformityIllusion\\UniformityIllusionPsychoPy\\Pics\\13a.png', 'AB': None}
59.5070 	EXP 	New trial (rep=0, index=14): {'startImage': 'C:\\Users\\hesselmann\\Desktop\\PsychoPyUniformityIllusion\\UniformityIllusionPsychoPy\\Pics\\5start.png', 'midImage': 'C:\\Users\\hesselmann\\Desktop\\PsychoPyUniformityIllusion\\UniformityIllusionPsychoPy\\Pics\\5a.png', 'endImage': 'C:\\Users\\hesselmann\\Desktop\\PsychoPyUniformityIllusion\\UniformityIllusionPsychoPy\\Pics\\5a.png', 'AB': 'a'}
59.9263 	EXP 	hasPeriphery: texRes = 128.0
59.9263 	EXP 	noPeriphery: texRes = 128.0
59.9263 	EXP 	hasPeriphery: autoDraw = False
59.9263 	EXP 	noPeriphery: autoDraw = False
59.9263 	EXP 	final: autoDraw = False
59.9263 	EXP 	blank_screen: autoDraw = False
59.9263 	EXP 	text: autoDraw = False
59.9263 	EXP 	hasPeriphery: size = array([1.77777778, 1.        ])
59.9263 	EXP 	hasPeriphery: image = 'C:\\Users\\hesselmann\\Desktop\\PsychoPyUniformityIllusion\\UniformityIllusionPsychoPy\\Pics\\13a.png'
59.9263 	EXP 	noPeriphery: size = array([1.77777778, 1.        ])
59.9263 	EXP 	noPeriphery: image = 'C:\\Users\\hesselmann\\Desktop\\PsychoPyUniformityIllusion\\UniformityIllusionPsychoPy\\Pics\\13start.png'
59.9263 	EXP 	final: size = array([1.77777778, 1.        ])
59.9263 	EXP 	final: image = 'C:\\Users\\hesselmann\\Desktop\\PsychoPyUniformityIllusion\\UniformityIllusionPsychoPy\\Pics\\13a.png'
59.9263 	EXP 	hasPeriphery: autoDraw = True
59.9263 	EXP 	hasPeriphery: texRes = 128.0
59.9263 	EXP 	noPeriphery: autoDraw = True
59.9263 	EXP 	noPeriphery: texRes = 128.0
59.9263 	EXP 	text: autoDraw = True
59.9263 	EXP 	hasPeriphery: autoDraw = False
59.9263 	EXP 	noPeriphery: autoDraw = False
59.9263 	EXP 	final: autoDraw = False
59.9263 	EXP 	blank_screen: autoDraw = False
59.9263 	EXP 	text: autoDraw = False
59.9263 	EXP 	hasPeriphery: size = array([1.77777778, 1.        ])
59.9263 	EXP 	hasPeriphery: image = 'C:\\Users\\hesselmann\\Desktop\\PsychoPyUniformityIllusion\\UniformityIllusionPsychoPy\\Pics\\5a.png'
59.9263 	EXP 	noPeriphery: size = array([1.77777778, 1.        ])
59.9263 	EXP 	noPeriphery: image = 'C:\\Users\\hesselmann\\Desktop\\PsychoPyUniformityIllusion\\UniformityIllusionPsychoPy\\Pics\\5start.png'
59.9263 	EXP 	final: size = array([1.77777778, 1.        ])
59.9263 	EXP 	final: image = 'C:\\Users\\hesselmann\\Desktop\\PsychoPyUniformityIllusion\\UniformityIllusionPsychoPy\\Pics\\5a.png'
59.9263 	EXP 	hasPeriphery: autoDraw = True
59.9263 	EXP 	hasPeriphery: texRes = 128.0
59.9263 	EXP 	noPeriphery: autoDraw = True
59.9263 	EXP 	noPeriphery: texRes = 128.0
59.9263 	EXP 	text: autoDraw = True
60.1257 	EXP 	hasPeriphery: texRes = 128.0
60.1257 	EXP 	noPeriphery: texRes = 128.0
60.3013 	EXP 	New trial (rep=0, index=15): {'startImage': 'C:\\Users\\hesselmann\\Desktop\\PsychoPyUniformityIllusion\\UniformityIllusionPsychoPy\\Pics\\10start.png', 'midImage': 'C:\\Users\\hesselmann\\Desktop\\PsychoPyUniformityIllusion\\UniformityIllusionPsychoPy\\Pics\\10a.png', 'endImage': 'C:\\Users\\hesselmann\\Desktop\\PsychoPyUniformityIllusion\\UniformityIllusionPsychoPy\\Pics\\10b.png', 'AB': None}
60.6481 	EXP 	New trial (rep=0, index=16): {'startImage': 'C:\\Users\\hesselmann\\Desktop\\PsychoPyUniformityIllusion\\UniformityIllusionPsychoPy\\Pics\\7start.png', 'midImage': 'C:\\Users\\hesselmann\\Desktop\\PsychoPyUniformityIllusion\\UniformityIllusionPsychoPy\\Pics\\7a.png', 'endImage': 'C:\\Users\\hesselmann\\Desktop\\PsychoPyUniformityIllusion\\UniformityIllusionPsychoPy\\Pics\\7b.png', 'AB': None}
61.0808 	EXP 	hasPeriphery: texRes = 128.0
61.0808 	EXP 	noPeriphery: texRes = 128.0
61.0808 	EXP 	hasPeriphery: autoDraw = False
61.0808 	EXP 	noPeriphery: autoDraw = False
61.0808 	EXP 	final: autoDraw = False
61.0808 	EXP 	blank_screen: autoDraw = False
61.0808 	EXP 	text: autoDraw = False
61.0808 	EXP 	hasPeriphery: size = array([1.77777778, 1.        ])
61.0808 	EXP 	hasPeriphery: image = 'C:\\Users\\hesselmann\\Desktop\\PsychoPyUniformityIllusion\\UniformityIllusionPsychoPy\\Pics\\10a.png'
61.0808 	EXP 	noPeriphery: size = array([1.77777778, 1.        ])
61.0808 	EXP 	noPeriphery: image = 'C:\\Users\\hesselmann\\Desktop\\PsychoPyUniformityIllusion\\UniformityIllusionPsychoPy\\Pics\\10start.png'
61.0808 	EXP 	final: size = array([1.77777778, 1.        ])
61.0808 	EXP 	final: image = 'C:\\Users\\hesselmann\\Desktop\\PsychoPyUniformityIllusion\\UniformityIllusionPsychoPy\\Pics\\10b.png'
61.0808 	EXP 	hasPeriphery: autoDraw = True
61.0808 	EXP 	hasPeriphery: texRes = 128.0
61.0808 	EXP 	noPeriphery: autoDraw = True
61.0808 	EXP 	noPeriphery: texRes = 128.0
61.0808 	EXP 	text: autoDraw = True
61.0808 	EXP 	hasPeriphery: autoDraw = False
61.0808 	EXP 	noPeriphery: autoDraw = False
61.0808 	EXP 	final: autoDraw = False
61.0808 	EXP 	blank_screen: autoDraw = False
61.0808 	EXP 	text: autoDraw = False
61.0808 	EXP 	hasPeriphery: size = array([1.77777778, 1.        ])
61.0808 	EXP 	hasPeriphery: image = 'C:\\Users\\hesselmann\\Desktop\\PsychoPyUniformityIllusion\\UniformityIllusionPsychoPy\\Pics\\7a.png'
61.0808 	EXP 	noPeriphery: size = array([1.77777778, 1.        ])
61.0808 	EXP 	noPeriphery: image = 'C:\\Users\\hesselmann\\Desktop\\PsychoPyUniformityIllusion\\UniformityIllusionPsychoPy\\Pics\\7start.png'
61.0808 	EXP 	final: size = array([1.77777778, 1.        ])
61.0808 	EXP 	final: image = 'C:\\Users\\hesselmann\\Desktop\\PsychoPyUniformityIllusion\\UniformityIllusionPsychoPy\\Pics\\7b.png'
61.0808 	EXP 	hasPeriphery: autoDraw = True
61.0808 	EXP 	hasPeriphery: texRes = 128.0
61.0808 	EXP 	noPeriphery: autoDraw = True
61.0808 	EXP 	noPeriphery: texRes = 128.0
61.0808 	EXP 	text: autoDraw = True
61.2737 	EXP 	hasPeriphery: texRes = 128.0
61.2737 	EXP 	noPeriphery: texRes = 128.0
61.4992 	EXP 	hasPeriphery: texRes = 128.0
61.4992 	EXP 	noPeriphery: texRes = 128.0
61.7263 	EXP 	hasPeriphery: texRes = 128.0
61.7263 	EXP 	noPeriphery: texRes = 128.0
61.8973 	EXP 	New trial (rep=0, index=17): {'startImage': 'C:\\Users\\hesselmann\\Desktop\\PsychoPyUniformityIllusion\\UniformityIllusionPsychoPy\\Pics\\10start.png', 'midImage': 'C:\\Users\\hesselmann\\Desktop\\PsychoPyUniformityIllusion\\UniformityIllusionPsychoPy\\Pics\\10a.png', 'endImage': 'C:\\Users\\hesselmann\\Desktop\\PsychoPyUniformityIllusion\\UniformityIllusionPsychoPy\\Pics\\10a.png', 'AB': None}
62.2572 	EXP 	New trial (rep=0, index=18): {'startImage': 'C:\\Users\\hesselmann\\Desktop\\PsychoPyUniformityIllusion\\UniformityIllusionPsychoPy\\Pics\\4start.png', 'midImage': 'C:\\Users\\hesselmann\\Desktop\\PsychoPyUniformityIllusion\\UniformityIllusionPsychoPy\\Pics\\4a.png', 'endImage': 'C:\\Users\\hesselmann\\Desktop\\PsychoPyUniformityIllusion\\UniformityIllusionPsychoPy\\Pics\\4b.png', 'AB': 'b'}
62.4992 	EXP 	New trial (rep=0, index=19): {'startImage': 'C:\\Users\\hesselmann\\Desktop\\PsychoPyUniformityIllusion\\UniformityIllusionPsychoPy\\Pics\\11start.png', 'midImage': 'C:\\Users\\hesselmann\\Desktop\\PsychoPyUniformityIllusion\\UniformityIllusionPsychoPy\\Pics\\11a.png', 'endImage': 'C:\\Users\\hesselmann\\Desktop\\PsychoPyUniformityIllusion\\UniformityIllusionPsychoPy\\Pics\\11a.png', 'AB': None}
62.9373 	EXP 	New trial (rep=0, index=20): {'startImage': 'C:\\Users\\hesselmann\\Desktop\\PsychoPyUniformityIllusion\\UniformityIllusionPsychoPy\\Pics\\9start.png', 'midImage': 'C:\\Users\\hesselmann\\Desktop\\PsychoPyUniformityIllusion\\UniformityIllusionPsychoPy\\Pics\\9a.png', 'endImage': 'C:\\Users\\hesselmann\\Desktop\\PsychoPyUniformityIllusion\\UniformityIllusionPsychoPy\\Pics\\9a.png', 'AB': None}
63.3004 	EXP 	hasPeriphery: texRes = 128.0
63.3004 	EXP 	noPeriphery: texRes = 128.0
63.3004 	EXP 	hasPeriphery: autoDraw = False
63.3004 	EXP 	noPeriphery: autoDraw = False
63.3004 	EXP 	final: autoDraw = False
63.3004 	EXP 	blank_screen: autoDraw = False
63.3004 	EXP 	text: autoDraw = False
63.3004 	EXP 	hasPeriphery: size = array([1.77777778, 1.        ])
63.3004 	EXP 	hasPeriphery: image = 'C:\\Users\\hesselmann\\Desktop\\PsychoPyUniformityIllusion\\UniformityIllusionPsychoPy\\Pics\\10a.png'
63.3004 	EXP 	noPeriphery: size = array([1.77777778, 1.        ])
63.3004 	EXP 	noPeriphery: image = 'C:\\Users\\hesselmann\\Desktop\\PsychoPyUniformityIllusion\\UniformityIllusionPsychoPy\\Pics\\10start.png'
63.3004 	EXP 	final: size = array([1.77777778, 1.        ])
63.3004 	EXP 	final: image = 'C:\\Users\\hesselmann\\Desktop\\PsychoPyUniformityIllusion\\UniformityIllusionPsychoPy\\Pics\\10a.png'
63.3004 	EXP 	hasPeriphery: autoDraw = True
63.3004 	EXP 	hasPeriphery: texRes = 128.0
63.3004 	EXP 	noPeriphery: autoDraw = True
63.3004 	EXP 	noPeriphery: texRes = 128.0
63.3004 	EXP 	text: autoDraw = True
63.3004 	EXP 	hasPeriphery: autoDraw = False
63.3004 	EXP 	noPeriphery: autoDraw = False
63.3004 	EXP 	final: autoDraw = False
63.3004 	EXP 	blank_screen: autoDraw = False
63.3004 	EXP 	text: autoDraw = False
63.3004 	EXP 	hasPeriphery: size = array([1.77777778, 1.        ])
63.3004 	EXP 	hasPeriphery: image = 'C:\\Users\\hesselmann\\Desktop\\PsychoPyUniformityIllusion\\UniformityIllusionPsychoPy\\Pics\\4a.png'
63.3004 	EXP 	noPeriphery: size = array([1.77777778, 1.        ])
63.3004 	EXP 	noPeriphery: image = 'C:\\Users\\hesselmann\\Desktop\\PsychoPyUniformityIllusion\\UniformityIllusionPsychoPy\\Pics\\4start.png'
63.3004 	EXP 	final: size = array([1.77777778, 1.        ])
63.3004 	EXP 	final: image = 'C:\\Users\\hesselmann\\Desktop\\PsychoPyUniformityIllusion\\UniformityIllusionPsychoPy\\Pics\\4b.png'
63.3004 	EXP 	hasPeriphery: autoDraw = True
63.3004 	EXP 	hasPeriphery: texRes = 128.0
63.3004 	EXP 	noPeriphery: autoDraw = True
63.3004 	EXP 	noPeriphery: texRes = 128.0
63.3004 	EXP 	text: autoDraw = True
63.3004 	EXP 	hasPeriphery: autoDraw = False
63.3004 	EXP 	noPeriphery: autoDraw = False
63.3004 	EXP 	final: autoDraw = False
63.3004 	EXP 	blank_screen: autoDraw = False
63.3004 	EXP 	text: autoDraw = False
63.3004 	EXP 	hasPeriphery: size = array([1.77777778, 1.        ])
63.3004 	EXP 	hasPeriphery: image = 'C:\\Users\\hesselmann\\Desktop\\PsychoPyUniformityIllusion\\UniformityIllusionPsychoPy\\Pics\\11a.png'
63.3004 	EXP 	noPeriphery: size = array([1.77777778, 1.        ])
63.3004 	EXP 	noPeriphery: image = 'C:\\Users\\hesselmann\\Desktop\\PsychoPyUniformityIllusion\\UniformityIllusionPsychoPy\\Pics\\11start.png'
63.3004 	EXP 	final: size = array([1.77777778, 1.        ])
63.3004 	EXP 	final: image = 'C:\\Users\\hesselmann\\Desktop\\PsychoPyUniformityIllusion\\UniformityIllusionPsychoPy\\Pics\\11a.png'
63.3004 	EXP 	hasPeriphery: autoDraw = True
63.3004 	EXP 	hasPeriphery: texRes = 128.0
63.3004 	EXP 	noPeriphery: autoDraw = True
63.3004 	EXP 	noPeriphery: texRes = 128.0
63.3004 	EXP 	text: autoDraw = True
63.3004 	EXP 	hasPeriphery: autoDraw = False
63.3004 	EXP 	noPeriphery: autoDraw = False
63.3004 	EXP 	final: autoDraw = False
63.3004 	EXP 	blank_screen: autoDraw = False
63.3004 	EXP 	text: autoDraw = False
63.3004 	EXP 	hasPeriphery: size = array([1.77777778, 1.        ])
63.3004 	EXP 	hasPeriphery: image = 'C:\\Users\\hesselmann\\Desktop\\PsychoPyUniformityIllusion\\UniformityIllusionPsychoPy\\Pics\\9a.png'
63.3004 	EXP 	noPeriphery: size = array([1.77777778, 1.        ])
63.3004 	EXP 	noPeriphery: image = 'C:\\Users\\hesselmann\\Desktop\\PsychoPyUniformityIllusion\\UniformityIllusionPsychoPy\\Pics\\9start.png'
63.3004 	EXP 	final: size = array([1.77777778, 1.        ])
63.3004 	EXP 	final: image = 'C:\\Users\\hesselmann\\Desktop\\PsychoPyUniformityIllusion\\UniformityIllusionPsychoPy\\Pics\\9a.png'
63.3004 	EXP 	hasPeriphery: autoDraw = True
63.3004 	EXP 	hasPeriphery: texRes = 128.0
63.3004 	EXP 	noPeriphery: autoDraw = True
63.3004 	EXP 	noPeriphery: texRes = 128.0
63.3004 	EXP 	text: autoDraw = True
63.4742 	EXP 	hasPeriphery: texRes = 128.0
63.4742 	EXP 	noPeriphery: texRes = 128.0
63.6166 	EXP 	New trial (rep=0, index=21): {'startImage': 'C:\\Users\\hesselmann\\Desktop\\PsychoPyUniformityIllusion\\UniformityIllusionPsychoPy\\Pics\\12start.png', 'midImage': 'C:\\Users\\hesselmann\\Desktop\\PsychoPyUniformityIllusion\\UniformityIllusionPsychoPy\\Pics\\12bapng', 'endImage': 'C:\\Users\\hesselmann\\Desktop\\PsychoPyUniformityIllusion\\UniformityIllusionPsychoPy\\Pics\\12b.png', 'AB': None}
63.6172 	ERROR 	Couldn't find image C:\Users\hesselmann\Desktop\PsychoPyUniformityIllusion\UniformityIllusionPsychoPy\Pics\12bapng; check path? (tried: C:\Users\hesselmann\Desktop\PsychoPyUniformityIllusion\UniformityIllusionPsychoPy\Pics\12bapng)
63.8444 	EXP 	window1: mouseVisible = True
