1.0267 	WARNING 	We strongly recommend you activate the PTB sound engine in PsychoPy prefs as the preferred audio engine. Its timing is vastly superior. Your prefs are currently set to use ['sounddevice', 'PTB', 'pyo', 'pygame'] (in that order).
6.2975 	EXP 	Created window1 = Window(allowGUI=False, allowStencil=False, autoLog=True, backendConf=UNKNOWN, bitsMode=UNKNOWN, blendMode='avg', bpc=(8, 8, 8), color=array([0, 0, 0]), colorSpace='rgb', depthBits=8, fullscr=<method-wrapper '__getattribute__' of attributeSetter object at 0x0000020A71904EB8>, gamma=None, gammaErrorPolicy='raise', lms=UNKNOWN, monitor=<psychopy.monitors.calibTools.Monitor object at 0x0000020A71926518>, multiSample=False, name='window1', numSamples=2, pos=[0.0, 0.0], screen=0, size=array([1920, 1080]), stencilBits=0, stereo=False, units='height', useFBO=True, useRetina=False, viewOri=0.0, viewPos=None, viewScale=None, waitBlanking=True, winType='pyglet')
6.2977 	EXP 	window1: mouseVisible = True
6.2977 	EXP 	window1: recordFrameIntervals = False
6.4631 	EXP 	window1: recordFrameIntervals = True
6.6465 	EXP 	window1: recordFrameIntervals = False
7.0221 	EXP 	Created WelcomeText = TextStim(__class__=<class 'psychopy.visual.text.TextStim'>, alignHoriz=method-wrapper(...), alignText='center', alignVert=method-wrapper(...), anchorHoriz='center', anchorVert='center', antialias=True, autoLog=True, bold=False, color=array([1, 1, 1]), colorSpace='rgb', contrast=1.0, depth=0.0, flipHoriz=False, flipVert=False, font='Open Sans', fontFiles=[], height=0.1, italic=False, languageStyle='LTR', name='WelcomeText', opacity=1, ori=0.0, pos=array([0., 0.]), rgb=UNKNOWN, text='Welcome to our Study!', units='height', win=Window(...), wrapWidth=1)
7.0360 	EXP 	Imported depression.xlsx as conditions, 2 conditions, 12 params
7.0370 	EXP 	Question text: Sadness
7.0552 	EXP 	window1: mouseVisible = True
7.0855 	EXP 	Question text: Pessimism
7.0930 	EXP 	window1: mouseVisible = True
7.1155 	EXP 	window1: mouseVisible = True
7.1198 	EXP 	Created unnamed Rect = Rect(__class__=<class 'psychopy.visual.rect.Rect'>, autoDraw=False, autoLog=True, closeShape=True, color=method-wrapper(...), colorSpace='rgb', contrast=None, depth=0, fillColor=array([0, 0, 0]), fillColorSpace='rgb', fillRGB=UNKNOWN, interpolate=True, lineColor=array([0, 0, 0]), lineColorSpace='rgb', lineRGB=UNKNOWN, lineWidth=1.5, name='unnamed Rect', opacity=0, ori=0.0, pos=array([0., 0.]), size=array([0., 0.]), units='height', vertices=ndarray(...), win=Window(...))
7.1281 	EXP 	Created DepressionQuestionnaire = <psychopy.visual.form.Form object at 0x0000020A746F07B8>
7.1518 	EXP 	window1: mouseVisible = True
7.1965 	EXP 	Created instructionsText = TextStim(__class__=<class 'psychopy.visual.text.TextStim'>, alignHoriz=method-wrapper(...), alignText='center', alignVert=method-wrapper(...), anchorHoriz='center', anchorVert='center', antialias=True, autoLog=True, bold=False, color=array([1, 1, 1]), colorSpace='rgb', contrast=1.0, depth=0.0, flipHoriz=False, flipVert=False, font='Open Sans', fontFiles=[], height=0.04, italic=False, languageStyle='LTR', name='instructionsText', opacity=1, ori=0.0, pos=array([0., 0.]), rgb=UNKNOWN, text=str(...), units='height', win=Window(...), wrapWidth=1)
7.1976 	EXP 	Created blank_screen = Rect(__class__=<class 'psychopy.visual.rect.Rect'>, autoDraw=False, autoLog=True, closeShape=True, color=method-wrapper(...), colorSpace='rgb', contrast=None, depth=-1.0, fillColor=array([1, 1, 1]), fillColorSpace='rgb', fillRGB=UNKNOWN, interpolate=True, lineColor=array([1, 1, 1]), lineColorSpace='rgb', lineRGB=UNKNOWN, lineWidth=1.0, name='blank_screen', opacity=1.0, ori=0.0, pos=array([0., 0.]), size=array([2., 2.]), units='height', vertices=ndarray(...), win=Window(...))
7.2007 	EXP 	Created hasPeriphery = ImageStim(__class__=<class 'psychopy.visual.image.ImageStim'>, autoLog=True, color=array([1, 1, 1]), colorSpace='rgb', contrast=1.0, depth=-2.0, flipHoriz=False, flipVert=False, image='sin', interpolate=True, mask=None, maskParams=None, name='hasPeriphery', opacity=1.0, ori=0.0, pos=array([0., 0.]), size=array([0.5, 0.5]), texRes=128.0, units='height', win=Window(...))
7.2033 	EXP 	Created noPeriphery = ImageStim(__class__=<class 'psychopy.visual.image.ImageStim'>, autoLog=True, color=array([1, 1, 1]), colorSpace='rgb', contrast=1.0, depth=-4.0, flipHoriz=False, flipVert=False, image='sin', interpolate=True, mask=None, maskParams=None, name='noPeriphery', opacity=1.0, ori=0.0, pos=array([0., 0.]), size=array([0.5, 0.5]), texRes=128.0, units='height', win=Window(...))
7.2088 	EXP 	Created text = TextStim(__class__=<class 'psychopy.visual.text.TextStim'>, alignHoriz=method-wrapper(...), alignText='center', alignVert=method-wrapper(...), anchorHoriz='center', anchorVert='center', antialias=True, autoLog=True, bold=False, color=array([ 1, -1, -1]), colorSpace='rgb', contrast=1.0, depth=-5.0, flipHoriz=False, flipVert=False, font='Open Sans', fontFiles=[], height=0.1, italic=False, languageStyle='LTR', name='text', opacity=1, ori=0.0, pos=array([0., 0.]), rgb=UNKNOWN, text='+', units='height', win=Window(...), wrapWidth=1)
7.2194 	EXP 	Created WelcomeText = TextStim(__class__=<class 'psychopy.visual.text.TextStim'>, alignHoriz=method-wrapper(...), alignText='center', alignVert=method-wrapper(...), anchorHoriz='center', anchorVert='center', antialias=True, autoLog=True, bold=False, color=array([1, 1, 1]), colorSpace='rgb', contrast=1.0, depth=0.0, flipHoriz=False, flipVert=False, font='Open Sans', fontFiles=[], height=0.1, italic=False, languageStyle='LTR', name='WelcomeText', opacity=1, ori=0.0, pos=array([0., 0.]), rgb=UNKNOWN, text='Welcome to our Study!', units='height', win=Window(...), wrapWidth=1)
7.2219 	EXP 	Created hasPeriphery_2 = ImageStim(__class__=<class 'psychopy.visual.image.ImageStim'>, autoLog=True, color=array([1, 1, 1]), colorSpace='rgb', contrast=1.0, depth=-1.0, flipHoriz=False, flipVert=False, image='sin', interpolate=True, mask=None, maskParams=None, name='hasPeriphery_2', opacity=1.0, ori=0.0, pos=array([0., 0.]), size=array([0.5, 0.5]), texRes=128.0, units='height', win=Window(...))
7.2242 	EXP 	Created noPeriphery_2 = ImageStim(__class__=<class 'psychopy.visual.image.ImageStim'>, autoLog=True, color=array([1, 1, 1]), colorSpace='rgb', contrast=1.0, depth=-3.0, flipHoriz=False, flipVert=False, image='sin', interpolate=True, mask=None, maskParams=None, name='noPeriphery_2', opacity=1.0, ori=0.0, pos=array([0., 0.]), size=array([0.5, 0.5]), texRes=128.0, units='height', win=Window(...))
7.2259 	EXP 	Created text_2 = TextStim(__class__=<class 'psychopy.visual.text.TextStim'>, alignHoriz=method-wrapper(...), alignText='center', alignVert=method-wrapper(...), anchorHoriz='center', anchorVert='center', antialias=True, autoLog=True, bold=False, color=array([ 1, -1, -1]), colorSpace='rgb', contrast=1.0, depth=-4.0, flipHoriz=False, flipVert=False, font='Open Sans', fontFiles=[], height=0.1, italic=False, languageStyle='LTR', name='text_2', opacity=1, ori=0.0, pos=array([0., 0.]), rgb=UNKNOWN, text='+', units='height', win=Window(...), wrapWidth=1)
7.2796 	EXP 	unnamed Form: autoLog = True
7.2796 	EXP 	DepressionQuestionnaire: name = 'DepressionQuestionnaire'
7.2796 	EXP 	DepressionQuestionnaire: size = (3.5, 1)
7.2796 	EXP 	DepressionQuestionnaire: size = array([3.5, 1. ])
7.2796 	EXP 	DepressionQuestionnaire: units = 'height'
7.2796 	EXP 	DepressionQuestionnaire: depth = 0
7.2796 	EXP 	WelcomeText: autoDraw = True
9.2795 	EXP 	WelcomeText: autoDraw = False
9.2795 	EXP 	DepressionQuestionnaire: autoDraw = True
10.9132 	DATA 	Mouse: Left button down, pos=(866,101)
10.9455 	EXP 	DepressionQuestionnaire: autoDraw = False
10.9455 	EXP 	instructionsText: autoDraw = True
11.0172 	DATA 	Mouse:  Left button up, pos=(866,101)
11.4595 	EXP 	Imported picPaths.xlsx as conditions, 6 conditions, 3 params
11.4598 	EXP 	Created sequence: sequential, trialTypes=6, nReps=1, seed=None
11.4601 	EXP 	New trial (rep=0, index=0): {'startImage': 'C:\\Users\\hesselmann\\Desktop\\PsychoPyUniformityIllusion\\UniformityIllusionPsychoPy\\Pics\\1start.png', 'endImage': 'C:\\Users\\hesselmann\\Desktop\\PsychoPyUniformityIllusion\\UniformityIllusionPsychoPy\\Pics\\1a.png', 'AB': 'a'}
11.6489 	DATA 	Keypress: space
11.6961 	EXP 	instructionsText: autoDraw = False
11.6961 	EXP 	hasPeriphery: size = array([1.77777778, 1.        ])
11.6961 	EXP 	hasPeriphery: image = 'C:\\Users\\hesselmann\\Desktop\\PsychoPyUniformityIllusion\\UniformityIllusionPsychoPy\\Pics\\1a.png'
11.6961 	EXP 	noPeriphery: size = array([1.77777778, 1.        ])
11.6961 	EXP 	noPeriphery: image = 'C:\\Users\\hesselmann\\Desktop\\PsychoPyUniformityIllusion\\UniformityIllusionPsychoPy\\Pics\\1start.png'
11.6961 	EXP 	blank_screen: autoDraw = True
11.6961 	EXP 	hasPeriphery: autoDraw = True
11.6961 	EXP 	hasPeriphery: texRes = 128.0
11.6961 	EXP 	noPeriphery: autoDraw = True
11.6961 	EXP 	noPeriphery: texRes = 128.0
11.6961 	EXP 	text: autoDraw = True
11.8457 	EXP 	hasPeriphery: texRes = 128.0
11.8457 	EXP 	noPeriphery: texRes = 128.0
11.9955 	EXP 	hasPeriphery: texRes = 128.0
11.9955 	EXP 	noPeriphery: texRes = 128.0
12.1454 	EXP 	blank_screen: autoDraw = False
12.1454 	EXP 	hasPeriphery: texRes = 128.0
12.1454 	EXP 	noPeriphery: texRes = 128.0
12.2787 	EXP 	hasPeriphery: texRes = 128.0
12.2787 	EXP 	noPeriphery: texRes = 128.0
12.4295 	EXP 	hasPeriphery: texRes = 128.0
12.4295 	EXP 	noPeriphery: texRes = 128.0
12.5788 	EXP 	hasPeriphery: texRes = 128.0
12.5788 	EXP 	noPeriphery: texRes = 128.0
12.7130 	EXP 	hasPeriphery: texRes = 128.0
12.7130 	EXP 	noPeriphery: texRes = 128.0
12.8451 	EXP 	hasPeriphery: texRes = 128.0
12.8451 	EXP 	noPeriphery: texRes = 128.0
12.9788 	EXP 	hasPeriphery: texRes = 128.0
12.9788 	EXP 	noPeriphery: texRes = 128.0
13.1123 	EXP 	hasPeriphery: texRes = 128.0
13.1123 	EXP 	noPeriphery: texRes = 128.0
13.2620 	EXP 	hasPeriphery: texRes = 128.0
13.2620 	EXP 	noPeriphery: texRes = 128.0
13.4121 	EXP 	hasPeriphery: texRes = 128.0
13.4121 	EXP 	noPeriphery: texRes = 128.0
13.5453 	EXP 	hasPeriphery: texRes = 128.0
13.5453 	EXP 	noPeriphery: texRes = 128.0
13.6790 	EXP 	hasPeriphery: texRes = 128.0
13.6790 	EXP 	noPeriphery: texRes = 128.0
13.8282 	EXP 	hasPeriphery: texRes = 128.0
13.8282 	EXP 	noPeriphery: texRes = 128.0
13.9623 	EXP 	hasPeriphery: texRes = 128.0
13.9623 	EXP 	noPeriphery: texRes = 128.0
14.0952 	EXP 	hasPeriphery: texRes = 128.0
14.0952 	EXP 	noPeriphery: texRes = 128.0
14.2285 	EXP 	hasPeriphery: texRes = 128.0
14.2285 	EXP 	noPeriphery: texRes = 128.0
14.3615 	EXP 	hasPeriphery: texRes = 128.0
14.3615 	EXP 	noPeriphery: texRes = 128.0
14.4958 	EXP 	hasPeriphery: texRes = 128.0
14.4958 	EXP 	noPeriphery: texRes = 128.0
14.6451 	EXP 	hasPeriphery: texRes = 128.0
14.6451 	EXP 	noPeriphery: texRes = 128.0
14.7789 	EXP 	hasPeriphery: texRes = 128.0
14.7789 	EXP 	noPeriphery: texRes = 128.0
14.9284 	EXP 	hasPeriphery: texRes = 128.0
14.9284 	EXP 	noPeriphery: texRes = 128.0
15.0614 	EXP 	hasPeriphery: texRes = 128.0
15.0614 	EXP 	noPeriphery: texRes = 128.0
15.1542 	DATA 	Keypress: space
15.1949 	EXP 	hasPeriphery: texRes = 128.0
15.1949 	EXP 	noPeriphery: texRes = 128.0
15.2965 	EXP 	New trial (rep=0, index=1): {'startImage': 'C:\\Users\\hesselmann\\Desktop\\PsychoPyUniformityIllusion\\UniformityIllusionPsychoPy\\Pics\\1start.png', 'endImage': 'C:\\Users\\hesselmann\\Desktop\\PsychoPyUniformityIllusion\\UniformityIllusionPsychoPy\\Pics\\1b.png', 'AB': 'b'}
15.5279 	EXP 	hasPeriphery: texRes = 128.0
15.5279 	EXP 	noPeriphery: texRes = 128.0
15.5279 	EXP 	blank_screen: autoDraw = False
15.5279 	EXP 	hasPeriphery: autoDraw = False
15.5279 	EXP 	noPeriphery: autoDraw = False
15.5279 	EXP 	text: autoDraw = False
15.5279 	EXP 	hasPeriphery: size = array([1.77777778, 1.        ])
15.5279 	EXP 	hasPeriphery: image = 'C:\\Users\\hesselmann\\Desktop\\PsychoPyUniformityIllusion\\UniformityIllusionPsychoPy\\Pics\\1b.png'
15.5279 	EXP 	noPeriphery: size = array([1.77777778, 1.        ])
15.5279 	EXP 	noPeriphery: image = 'C:\\Users\\hesselmann\\Desktop\\PsychoPyUniformityIllusion\\UniformityIllusionPsychoPy\\Pics\\1start.png'
15.5279 	EXP 	blank_screen: autoDraw = True
15.5279 	EXP 	hasPeriphery: autoDraw = True
15.5279 	EXP 	hasPeriphery: texRes = 128.0
15.5279 	EXP 	noPeriphery: autoDraw = True
15.5279 	EXP 	noPeriphery: texRes = 128.0
15.5279 	EXP 	text: autoDraw = True
15.6789 	EXP 	hasPeriphery: texRes = 128.0
15.6789 	EXP 	noPeriphery: texRes = 128.0
15.8282 	EXP 	hasPeriphery: texRes = 128.0
15.8282 	EXP 	noPeriphery: texRes = 128.0
15.9783 	EXP 	blank_screen: autoDraw = False
15.9783 	EXP 	hasPeriphery: texRes = 128.0
15.9783 	EXP 	noPeriphery: texRes = 128.0
16.1119 	EXP 	hasPeriphery: texRes = 128.0
16.1119 	EXP 	noPeriphery: texRes = 128.0
16.2617 	EXP 	hasPeriphery: texRes = 128.0
16.2617 	EXP 	noPeriphery: texRes = 128.0
16.3948 	EXP 	hasPeriphery: texRes = 128.0
16.3948 	EXP 	noPeriphery: texRes = 128.0
16.5282 	EXP 	hasPeriphery: texRes = 128.0
16.5282 	EXP 	noPeriphery: texRes = 128.0
16.6780 	EXP 	hasPeriphery: texRes = 128.0
16.6780 	EXP 	noPeriphery: texRes = 128.0
16.8114 	EXP 	hasPeriphery: texRes = 128.0
16.8114 	EXP 	noPeriphery: texRes = 128.0
16.9447 	EXP 	hasPeriphery: texRes = 128.0
16.9447 	EXP 	noPeriphery: texRes = 128.0
17.0780 	EXP 	hasPeriphery: texRes = 128.0
17.0780 	EXP 	noPeriphery: texRes = 128.0
17.2110 	EXP 	hasPeriphery: texRes = 128.0
17.2110 	EXP 	noPeriphery: texRes = 128.0
17.3449 	EXP 	hasPeriphery: texRes = 128.0
17.3449 	EXP 	noPeriphery: texRes = 128.0
17.4789 	EXP 	hasPeriphery: texRes = 128.0
17.4789 	EXP 	noPeriphery: texRes = 128.0
17.6280 	EXP 	hasPeriphery: texRes = 128.0
17.6280 	EXP 	noPeriphery: texRes = 128.0
17.7614 	EXP 	hasPeriphery: texRes = 128.0
17.7614 	EXP 	noPeriphery: texRes = 128.0
17.8941 	EXP 	hasPeriphery: texRes = 128.0
17.8941 	EXP 	noPeriphery: texRes = 128.0
18.0275 	EXP 	hasPeriphery: texRes = 128.0
18.0275 	EXP 	noPeriphery: texRes = 128.0
18.1616 	EXP 	hasPeriphery: texRes = 128.0
18.1616 	EXP 	noPeriphery: texRes = 128.0
18.2950 	EXP 	hasPeriphery: texRes = 128.0
18.2950 	EXP 	noPeriphery: texRes = 128.0
18.3895 	EXP 	New trial (rep=0, index=2): {'startImage': 'C:\\Users\\hesselmann\\Desktop\\PsychoPyUniformityIllusion\\UniformityIllusionPsychoPy\\Pics\\2start.png', 'endImage': 'C:\\Users\\hesselmann\\Desktop\\PsychoPyUniformityIllusion\\UniformityIllusionPsychoPy\\Pics\\2a.png', 'AB': 'a'}
18.5487 	DATA 	Keypress: space
18.5949 	EXP 	hasPeriphery: texRes = 128.0
18.5949 	EXP 	noPeriphery: texRes = 128.0
18.5949 	EXP 	blank_screen: autoDraw = False
18.5949 	EXP 	hasPeriphery: autoDraw = False
18.5949 	EXP 	noPeriphery: autoDraw = False
18.5949 	EXP 	text: autoDraw = False
18.5949 	EXP 	hasPeriphery: size = array([1.77777778, 1.        ])
18.5949 	EXP 	hasPeriphery: image = 'C:\\Users\\hesselmann\\Desktop\\PsychoPyUniformityIllusion\\UniformityIllusionPsychoPy\\Pics\\2a.png'
18.5949 	EXP 	noPeriphery: size = array([1.77777778, 1.        ])
18.5949 	EXP 	noPeriphery: image = 'C:\\Users\\hesselmann\\Desktop\\PsychoPyUniformityIllusion\\UniformityIllusionPsychoPy\\Pics\\2start.png'
18.5949 	EXP 	blank_screen: autoDraw = True
18.5949 	EXP 	hasPeriphery: autoDraw = True
18.5949 	EXP 	hasPeriphery: texRes = 128.0
18.5949 	EXP 	noPeriphery: autoDraw = True
18.5949 	EXP 	noPeriphery: texRes = 128.0
18.5949 	EXP 	text: autoDraw = True
18.7275 	EXP 	hasPeriphery: texRes = 128.0
18.7275 	EXP 	noPeriphery: texRes = 128.0
18.8606 	EXP 	hasPeriphery: texRes = 128.0
18.8606 	EXP 	noPeriphery: texRes = 128.0
18.9773 	EXP 	blank_screen: autoDraw = False
18.9773 	EXP 	hasPeriphery: texRes = 128.0
18.9773 	EXP 	noPeriphery: texRes = 128.0
19.0944 	EXP 	hasPeriphery: texRes = 128.0
19.0944 	EXP 	noPeriphery: texRes = 128.0
19.2114 	EXP 	hasPeriphery: texRes = 128.0
19.2114 	EXP 	noPeriphery: texRes = 128.0
19.3438 	EXP 	hasPeriphery: texRes = 128.0
19.3438 	EXP 	noPeriphery: texRes = 128.0
19.4611 	EXP 	hasPeriphery: texRes = 128.0
19.4611 	EXP 	noPeriphery: texRes = 128.0
19.5942 	EXP 	hasPeriphery: texRes = 128.0
19.5942 	EXP 	noPeriphery: texRes = 128.0
19.7279 	EXP 	hasPeriphery: texRes = 128.0
19.7279 	EXP 	noPeriphery: texRes = 128.0
19.8608 	EXP 	hasPeriphery: texRes = 128.0
19.8608 	EXP 	noPeriphery: texRes = 128.0
19.9941 	EXP 	hasPeriphery: texRes = 128.0
19.9941 	EXP 	noPeriphery: texRes = 128.0
20.1104 	EXP 	hasPeriphery: texRes = 128.0
20.1104 	EXP 	noPeriphery: texRes = 128.0
20.2274 	EXP 	hasPeriphery: texRes = 128.0
20.2274 	EXP 	noPeriphery: texRes = 128.0
20.3611 	EXP 	hasPeriphery: texRes = 128.0
20.3611 	EXP 	noPeriphery: texRes = 128.0
20.4781 	EXP 	hasPeriphery: texRes = 128.0
20.4781 	EXP 	noPeriphery: texRes = 128.0
20.6107 	EXP 	hasPeriphery: texRes = 128.0
20.6107 	EXP 	noPeriphery: texRes = 128.0
20.7275 	EXP 	hasPeriphery: texRes = 128.0
20.7275 	EXP 	noPeriphery: texRes = 128.0
20.8602 	EXP 	hasPeriphery: texRes = 128.0
20.8602 	EXP 	noPeriphery: texRes = 128.0
20.9769 	EXP 	hasPeriphery: texRes = 128.0
20.9769 	EXP 	noPeriphery: texRes = 128.0
21.0942 	EXP 	hasPeriphery: texRes = 128.0
21.0942 	EXP 	noPeriphery: texRes = 128.0
21.2114 	EXP 	hasPeriphery: texRes = 128.0
21.2114 	EXP 	noPeriphery: texRes = 128.0
21.3435 	EXP 	hasPeriphery: texRes = 128.0
21.3435 	EXP 	noPeriphery: texRes = 128.0
21.4605 	EXP 	hasPeriphery: texRes = 128.0
21.4605 	EXP 	noPeriphery: texRes = 128.0
21.5275 	EXP 	New trial (rep=0, index=3): {'startImage': 'C:\\Users\\hesselmann\\Desktop\\PsychoPyUniformityIllusion\\UniformityIllusionPsychoPy\\Pics\\2start.png', 'endImage': 'C:\\Users\\hesselmann\\Desktop\\PsychoPyUniformityIllusion\\UniformityIllusionPsychoPy\\Pics\\2b.png', 'AB': 'b'}
21.6611 	DATA 	Keypress: space
21.7100 	EXP 	hasPeriphery: texRes = 128.0
21.7100 	EXP 	noPeriphery: texRes = 128.0
21.7100 	EXP 	blank_screen: autoDraw = False
21.7100 	EXP 	hasPeriphery: autoDraw = False
21.7100 	EXP 	noPeriphery: autoDraw = False
21.7100 	EXP 	text: autoDraw = False
21.7100 	EXP 	hasPeriphery: size = array([1.77777778, 1.        ])
21.7100 	EXP 	hasPeriphery: image = 'C:\\Users\\hesselmann\\Desktop\\PsychoPyUniformityIllusion\\UniformityIllusionPsychoPy\\Pics\\2b.png'
21.7100 	EXP 	noPeriphery: size = array([1.77777778, 1.        ])
21.7100 	EXP 	noPeriphery: image = 'C:\\Users\\hesselmann\\Desktop\\PsychoPyUniformityIllusion\\UniformityIllusionPsychoPy\\Pics\\2start.png'
21.7100 	EXP 	blank_screen: autoDraw = True
21.7100 	EXP 	hasPeriphery: autoDraw = True
21.7100 	EXP 	hasPeriphery: texRes = 128.0
21.7100 	EXP 	noPeriphery: autoDraw = True
21.7100 	EXP 	noPeriphery: texRes = 128.0
21.7100 	EXP 	text: autoDraw = True
21.8282 	EXP 	hasPeriphery: texRes = 128.0
21.8282 	EXP 	noPeriphery: texRes = 128.0
21.9611 	EXP 	hasPeriphery: texRes = 128.0
21.9611 	EXP 	noPeriphery: texRes = 128.0
22.0766 	EXP 	blank_screen: autoDraw = False
22.0766 	EXP 	hasPeriphery: texRes = 128.0
22.0766 	EXP 	noPeriphery: texRes = 128.0
22.1936 	EXP 	hasPeriphery: texRes = 128.0
22.1936 	EXP 	noPeriphery: texRes = 128.0
22.3104 	EXP 	hasPeriphery: texRes = 128.0
22.3104 	EXP 	noPeriphery: texRes = 128.0
22.4266 	EXP 	hasPeriphery: texRes = 128.0
22.4266 	EXP 	noPeriphery: texRes = 128.0
22.5432 	EXP 	hasPeriphery: texRes = 128.0
22.5432 	EXP 	noPeriphery: texRes = 128.0
22.6599 	EXP 	hasPeriphery: texRes = 128.0
22.6599 	EXP 	noPeriphery: texRes = 128.0
22.7769 	EXP 	hasPeriphery: texRes = 128.0
22.7769 	EXP 	noPeriphery: texRes = 128.0
22.8932 	EXP 	hasPeriphery: texRes = 128.0
22.8932 	EXP 	noPeriphery: texRes = 128.0
23.0100 	EXP 	hasPeriphery: texRes = 128.0
23.0100 	EXP 	noPeriphery: texRes = 128.0
23.1265 	EXP 	hasPeriphery: texRes = 128.0
23.1265 	EXP 	noPeriphery: texRes = 128.0
23.2434 	EXP 	hasPeriphery: texRes = 128.0
23.2434 	EXP 	noPeriphery: texRes = 128.0
23.3602 	EXP 	hasPeriphery: texRes = 128.0
23.3602 	EXP 	noPeriphery: texRes = 128.0
23.4764 	EXP 	hasPeriphery: texRes = 128.0
23.4764 	EXP 	noPeriphery: texRes = 128.0
23.5932 	EXP 	hasPeriphery: texRes = 128.0
23.5932 	EXP 	noPeriphery: texRes = 128.0
23.7096 	EXP 	hasPeriphery: texRes = 128.0
23.7096 	EXP 	noPeriphery: texRes = 128.0
23.8267 	EXP 	hasPeriphery: texRes = 128.0
23.8267 	EXP 	noPeriphery: texRes = 128.0
23.9437 	EXP 	hasPeriphery: texRes = 128.0
23.9437 	EXP 	noPeriphery: texRes = 128.0
24.0596 	EXP 	hasPeriphery: texRes = 128.0
24.0596 	EXP 	noPeriphery: texRes = 128.0
24.1766 	EXP 	hasPeriphery: texRes = 128.0
24.1766 	EXP 	noPeriphery: texRes = 128.0
24.2390 	EXP 	New trial (rep=0, index=4): {'startImage': 'C:\\Users\\hesselmann\\Desktop\\PsychoPyUniformityIllusion\\UniformityIllusionPsychoPy\\Pics\\3start.png', 'endImage': 'C:\\Users\\hesselmann\\Desktop\\PsychoPyUniformityIllusion\\UniformityIllusionPsychoPy\\Pics\\3a.png', 'AB': 'a'}
24.3888 	DATA 	Keypress: space
24.4273 	EXP 	hasPeriphery: texRes = 128.0
24.4273 	EXP 	noPeriphery: texRes = 128.0
24.4273 	EXP 	blank_screen: autoDraw = False
24.4273 	EXP 	hasPeriphery: autoDraw = False
24.4273 	EXP 	noPeriphery: autoDraw = False
24.4273 	EXP 	text: autoDraw = False
24.4273 	EXP 	hasPeriphery: size = array([1.77777778, 1.        ])
24.4273 	EXP 	hasPeriphery: image = 'C:\\Users\\hesselmann\\Desktop\\PsychoPyUniformityIllusion\\UniformityIllusionPsychoPy\\Pics\\3a.png'
24.4273 	EXP 	noPeriphery: size = array([1.77777778, 1.        ])
24.4273 	EXP 	noPeriphery: image = 'C:\\Users\\hesselmann\\Desktop\\PsychoPyUniformityIllusion\\UniformityIllusionPsychoPy\\Pics\\3start.png'
24.4273 	EXP 	blank_screen: autoDraw = True
24.4273 	EXP 	hasPeriphery: autoDraw = True
24.4273 	EXP 	hasPeriphery: texRes = 128.0
24.4273 	EXP 	noPeriphery: autoDraw = True
24.4273 	EXP 	noPeriphery: texRes = 128.0
24.4273 	EXP 	text: autoDraw = True
24.5597 	EXP 	hasPeriphery: texRes = 128.0
24.5597 	EXP 	noPeriphery: texRes = 128.0
24.6932 	EXP 	hasPeriphery: texRes = 128.0
24.6932 	EXP 	noPeriphery: texRes = 128.0
24.8096 	EXP 	blank_screen: autoDraw = False
24.8096 	EXP 	hasPeriphery: texRes = 128.0
24.8096 	EXP 	noPeriphery: texRes = 128.0
24.9269 	EXP 	hasPeriphery: texRes = 128.0
24.9269 	EXP 	noPeriphery: texRes = 128.0
25.0599 	EXP 	hasPeriphery: texRes = 128.0
25.0599 	EXP 	noPeriphery: texRes = 128.0
25.1765 	EXP 	hasPeriphery: texRes = 128.0
25.1765 	EXP 	noPeriphery: texRes = 128.0
25.3097 	EXP 	hasPeriphery: texRes = 128.0
25.3097 	EXP 	noPeriphery: texRes = 128.0
25.4260 	EXP 	hasPeriphery: texRes = 128.0
25.4260 	EXP 	noPeriphery: texRes = 128.0
25.5426 	EXP 	hasPeriphery: texRes = 128.0
25.5426 	EXP 	noPeriphery: texRes = 128.0
25.6321 	DATA 	Keypress: escape
25.6765 	EXP 	hasPeriphery: texRes = 128.0
25.6765 	EXP 	noPeriphery: texRes = 128.0
25.8816 	EXP 	window1: mouseVisible = True
