1.6953 	WARNING 	We strongly recommend you activate the PTB sound engine in PsychoPy prefs as the preferred audio engine. Its timing is vastly superior. Your prefs are currently set to use ['sounddevice', 'PTB', 'pyo', 'pygame'] (in that order).
10.8747 	WARNING 	Couldn't measure a consistent frame rate.
  - Is your graphics card set to sync to vertical blank?
  - Are you running other processes on your computer?

10.8752 	EXP 	Created window1 = Window(allowGUI=False, allowStencil=False, autoLog=True, backendConf=UNKNOWN, bitsMode=UNKNOWN, blendMode='avg', bpc=(8, 8, 8), color=array([0, 0, 0]), colorSpace='rgb', depthBits=8, fullscr=<method-wrapper '__getattribute__' of attributeSetter object at 0x000002AAA7869748>, gamma=None, gammaErrorPolicy='raise', lms=UNKNOWN, monitor=<psychopy.monitors.calibTools.Monitor object at 0x000002AAA788EB00>, multiSample=False, name='window1', numSamples=2, pos=[0.0, 0.0], screen=0, size=array([1920, 1080]), stencilBits=0, stereo=False, units='height', useFBO=True, useRetina=False, viewOri=0.0, viewPos=None, viewScale=None, waitBlanking=True, winType='pyglet')
10.8754 	EXP 	window1: mouseVisible = True
10.8755 	EXP 	window1: recordFrameIntervals = False
11.0856 	EXP 	window1: recordFrameIntervals = True
11.2075 	WARNING 	t of last frame was 23.17ms (=1/43)
11.2485 	WARNING 	t of last frame was 23.32ms (=1/42)
11.2886 	WARNING 	t of last frame was 28.66ms (=1/34)
11.3143 	WARNING 	t of last frame was 25.67ms (=1/38)
11.3472 	WARNING 	Multiple dropped frames have occurred - I'll stop bothering you about them!
13.4478 	WARNING 	Couldn't measure a consistent frame rate.
  - Is your graphics card set to sync to vertical blank?
  - Are you running other processes on your computer?

14.0806 	EXP 	Created WelcomeText = TextStim(__class__=<class 'psychopy.visual.text.TextStim'>, alignHoriz=method-wrapper(...), alignText='center', alignVert=method-wrapper(...), anchorHoriz='center', anchorVert='center', antialias=True, autoLog=True, bold=False, color=array([1, 1, 1]), colorSpace='rgb', contrast=1.0, depth=0.0, flipHoriz=False, flipVert=False, font='Open Sans', fontFiles=[], height=0.1, italic=False, languageStyle='LTR', name='WelcomeText', opacity=1, ori=0.0, pos=array([0., 0.]), rgb=UNKNOWN, text='Welcome to our Study!', units='height', win=Window(...), wrapWidth=1)
14.1029 	EXP 	Imported depression.xlsx as conditions, 2 conditions, 12 params
14.1040 	EXP 	Question text: Sadness
14.1459 	EXP 	window1: mouseVisible = True
14.1914 	EXP 	Question text: Pessimism
14.2079 	EXP 	window1: mouseVisible = True
14.2369 	EXP 	window1: mouseVisible = True
14.2424 	EXP 	Created unnamed Rect = Rect(__class__=<class 'psychopy.visual.rect.Rect'>, autoDraw=False, autoLog=True, closeShape=True, color=method-wrapper(...), colorSpace='rgb', contrast=None, depth=0, fillColor=array([0, 0, 0]), fillColorSpace='rgb', fillRGB=UNKNOWN, interpolate=True, lineColor=array([0, 0, 0]), lineColorSpace='rgb', lineRGB=UNKNOWN, lineWidth=1.5, name='unnamed Rect', opacity=0, ori=0.0, pos=array([0., 0.]), size=array([0., 0.]), units='height', vertices=ndarray(...), win=Window(...))
14.2609 	EXP 	Created DepressionQuestionnaire = <psychopy.visual.form.Form object at 0x000002AAAA68C6A0>
14.3005 	EXP 	window1: mouseVisible = True
14.3775 	EXP 	Created instructionsText = TextStim(__class__=<class 'psychopy.visual.text.TextStim'>, alignHoriz=method-wrapper(...), alignText='center', alignVert=method-wrapper(...), anchorHoriz='center', anchorVert='center', antialias=True, autoLog=True, bold=False, color=array([1, 1, 1]), colorSpace='rgb', contrast=1.0, depth=0.0, flipHoriz=False, flipVert=False, font='Open Sans', fontFiles=[], height=0.04, italic=False, languageStyle='LTR', name='instructionsText', opacity=1, ori=0.0, pos=array([0., 0.]), rgb=UNKNOWN, text=str(...), units='height', win=Window(...), wrapWidth=1)
14.3818 	EXP 	Created hasPeriphery = ImageStim(__class__=<class 'psychopy.visual.image.ImageStim'>, autoLog=True, color=array([1, 1, 1]), colorSpace='rgb', contrast=1.0, depth=-1.0, flipHoriz=False, flipVert=False, image='sin', interpolate=True, mask=None, maskParams=None, name='hasPeriphery', opacity=1.0, ori=0.0, pos=array([0., 0.]), size=array([0.5, 0.5]), texRes=128.0, units='height', win=Window(...))
14.3905 	EXP 	Created noPeriphery = ImageStim(__class__=<class 'psychopy.visual.image.ImageStim'>, autoLog=True, color=array([1, 1, 1]), colorSpace='rgb', contrast=1.0, depth=-3.0, flipHoriz=False, flipVert=False, image='sin', interpolate=True, mask=None, maskParams=None, name='noPeriphery', opacity=1.0, ori=0.0, pos=array([0., 0.]), size=array([0.5, 0.5]), texRes=128.0, units='height', win=Window(...))
14.3945 	EXP 	Created final = ImageStim(__class__=<class 'psychopy.visual.image.ImageStim'>, autoLog=True, color=array([1, 1, 1]), colorSpace='rgb', contrast=1.0, depth=-4.0, flipHoriz=False, flipVert=False, image='sin', interpolate=True, mask=None, maskParams=None, name='final', opacity=1.0, ori=0.0, pos=array([0., 0.]), size=array([0.5, 0.5]), texRes=128.0, units='height', win=Window(...))
14.3984 	EXP 	Created blank_screen = Rect(__class__=<class 'psychopy.visual.rect.Rect'>, autoDraw=False, autoLog=True, closeShape=True, color=method-wrapper(...), colorSpace='rgb', contrast=None, depth=-5.0, fillColor=array([1, 1, 1]), fillColorSpace='rgb', fillRGB=UNKNOWN, interpolate=True, lineColor=array([1, 1, 1]), lineColorSpace='rgb', lineRGB=UNKNOWN, lineWidth=1.0, name='blank_screen', opacity=1.0, ori=0.0, pos=array([0., 0.]), size=array([2., 2.]), units='height', vertices=ndarray(...), win=Window(...))
14.4055 	EXP 	Created text = TextStim(__class__=<class 'psychopy.visual.text.TextStim'>, alignHoriz=method-wrapper(...), alignText='center', alignVert=method-wrapper(...), anchorHoriz='center', anchorVert='center', antialias=True, autoLog=True, bold=False, color=array([ 1, -1, -1]), colorSpace='rgb', contrast=1.0, depth=-6.0, flipHoriz=False, flipVert=False, font='Open Sans', fontFiles=[], height=0.1, italic=False, languageStyle='LTR', name='text', opacity=1, ori=0.0, pos=array([0., 0.]), rgb=UNKNOWN, text='+', units='height', win=Window(...), wrapWidth=1)
14.4207 	EXP 	Created WelcomeText = TextStim(__class__=<class 'psychopy.visual.text.TextStim'>, alignHoriz=method-wrapper(...), alignText='center', alignVert=method-wrapper(...), anchorHoriz='center', anchorVert='center', antialias=True, autoLog=True, bold=False, color=array([1, 1, 1]), colorSpace='rgb', contrast=1.0, depth=0.0, flipHoriz=False, flipVert=False, font='Open Sans', fontFiles=[], height=0.1, italic=False, languageStyle='LTR', name='WelcomeText', opacity=1, ori=0.0, pos=array([0., 0.]), rgb=UNKNOWN, text='Welcome to our Study!', units='height', win=Window(...), wrapWidth=1)
14.4239 	EXP 	Created hasPeriphery = ImageStim(__class__=<class 'psychopy.visual.image.ImageStim'>, autoLog=True, color=array([1, 1, 1]), colorSpace='rgb', contrast=1.0, depth=-1.0, flipHoriz=False, flipVert=False, image='sin', interpolate=True, mask=None, maskParams=None, name='hasPeriphery', opacity=1.0, ori=0.0, pos=array([0., 0.]), size=array([0.5, 0.5]), texRes=128.0, units='height', win=Window(...))
14.4317 	EXP 	Created noPeriphery = ImageStim(__class__=<class 'psychopy.visual.image.ImageStim'>, autoLog=True, color=array([1, 1, 1]), colorSpace='rgb', contrast=1.0, depth=-3.0, flipHoriz=False, flipVert=False, image='sin', interpolate=True, mask=None, maskParams=None, name='noPeriphery', opacity=1.0, ori=0.0, pos=array([0., 0.]), size=array([0.5, 0.5]), texRes=128.0, units='height', win=Window(...))
14.4430 	EXP 	Created final = ImageStim(__class__=<class 'psychopy.visual.image.ImageStim'>, autoLog=True, color=array([1, 1, 1]), colorSpace='rgb', contrast=1.0, depth=-4.0, flipHoriz=False, flipVert=False, image='sin', interpolate=True, mask=None, maskParams=None, name='final', opacity=1.0, ori=0.0, pos=array([0., 0.]), size=array([0.5, 0.5]), texRes=128.0, units='height', win=Window(...))
14.4447 	EXP 	Created blank_screen = Rect(__class__=<class 'psychopy.visual.rect.Rect'>, autoDraw=False, autoLog=True, closeShape=True, color=method-wrapper(...), colorSpace='rgb', contrast=None, depth=-5.0, fillColor=array([1, 1, 1]), fillColorSpace='rgb', fillRGB=UNKNOWN, interpolate=True, lineColor=array([1, 1, 1]), lineColorSpace='rgb', lineRGB=UNKNOWN, lineWidth=1.0, name='blank_screen', opacity=1.0, ori=0.0, pos=array([0., 0.]), size=array([2., 2.]), units='height', vertices=ndarray(...), win=Window(...))
14.4474 	EXP 	Created text = TextStim(__class__=<class 'psychopy.visual.text.TextStim'>, alignHoriz=method-wrapper(...), alignText='center', alignVert=method-wrapper(...), anchorHoriz='center', anchorVert='center', antialias=True, autoLog=True, bold=False, color=array([ 1, -1, -1]), colorSpace='rgb', contrast=1.0, depth=-6.0, flipHoriz=False, flipVert=False, font='Open Sans', fontFiles=[], height=0.1, italic=False, languageStyle='LTR', name='text', opacity=1, ori=0.0, pos=array([0., 0.]), rgb=UNKNOWN, text='+', units='height', win=Window(...), wrapWidth=1)
15.5106 	EXP 	unnamed Form: autoLog = True
15.5106 	EXP 	DepressionQuestionnaire: name = 'DepressionQuestionnaire'
15.5106 	EXP 	DepressionQuestionnaire: size = (3.5, 1)
15.5106 	EXP 	DepressionQuestionnaire: size = array([3.5, 1. ])
15.5106 	EXP 	DepressionQuestionnaire: units = 'height'
15.5106 	EXP 	DepressionQuestionnaire: depth = 0
15.5106 	EXP 	WelcomeText: autoDraw = True
16.5130 	EXP 	WelcomeText: autoDraw = False
16.5130 	EXP 	DepressionQuestionnaire: autoDraw = True
17.4730 	DATA 	Mouse: Left button down, pos=(870,96)
17.4998 	EXP 	DepressionQuestionnaire: autoDraw = False
17.4998 	EXP 	instructionsText: autoDraw = True
17.5611 	DATA 	Mouse:  Left button up, pos=(870,96)
17.8083 	EXP 	Imported picPaths.xlsx as conditions, 6 conditions, 4 params
17.8087 	EXP 	Created sequence: random, trialTypes=6, nReps=1, seed=None
17.8090 	EXP 	New trial (rep=0, index=0): {'startImage': 'C:\\Users\\hesselmann\\Desktop\\PsychoPyUniformityIllusion\\UniformityIllusionPsychoPy\\Pics\\2start.png', 'midImage': 'C:\\Users\\hesselmann\\Desktop\\PsychoPyUniformityIllusion\\UniformityIllusionPsychoPy\\Pics\\2a.png', 'endImage': 'C:\\Users\\hesselmann\\Desktop\\PsychoPyUniformityIllusion\\UniformityIllusionPsychoPy\\Pics\\2a.png', 'AB': 'a'}
18.1404 	DATA 	Keypress: space
18.1978 	EXP 	instructionsText: autoDraw = False
18.1978 	EXP 	hasPeriphery: size = array([1.77777778, 1.        ])
18.1978 	EXP 	hasPeriphery: image = 'C:\\Users\\hesselmann\\Desktop\\PsychoPyUniformityIllusion\\UniformityIllusionPsychoPy\\Pics\\2a.png'
18.1978 	EXP 	noPeriphery: size = array([1.77777778, 1.        ])
18.1978 	EXP 	noPeriphery: image = 'C:\\Users\\hesselmann\\Desktop\\PsychoPyUniformityIllusion\\UniformityIllusionPsychoPy\\Pics\\2start.png'
18.1978 	EXP 	final: size = array([1.77777778, 1.        ])
18.1978 	EXP 	final: image = 'C:\\Users\\hesselmann\\Desktop\\PsychoPyUniformityIllusion\\UniformityIllusionPsychoPy\\Pics\\2a.png'
18.1978 	EXP 	hasPeriphery: autoDraw = True
18.1978 	EXP 	hasPeriphery: texRes = 128.0
18.1978 	EXP 	noPeriphery: autoDraw = True
18.1978 	EXP 	noPeriphery: texRes = 128.0
18.1978 	EXP 	text: autoDraw = True
18.3009 	EXP 	New trial (rep=0, index=1): {'startImage': 'C:\\Users\\hesselmann\\Desktop\\PsychoPyUniformityIllusion\\UniformityIllusionPsychoPy\\Pics\\3start.png', 'midImage': 'C:\\Users\\hesselmann\\Desktop\\PsychoPyUniformityIllusion\\UniformityIllusionPsychoPy\\Pics\\3a.png', 'endImage': 'C:\\Users\\hesselmann\\Desktop\\PsychoPyUniformityIllusion\\UniformityIllusionPsychoPy\\Pics\\3b.png', 'AB': 'b'}
18.6270 	EXP 	hasPeriphery: texRes = 128.0
18.6270 	EXP 	noPeriphery: texRes = 128.0
18.6270 	EXP 	hasPeriphery: autoDraw = False
18.6270 	EXP 	noPeriphery: autoDraw = False
18.6270 	EXP 	final: autoDraw = False
18.6270 	EXP 	blank_screen: autoDraw = False
18.6270 	EXP 	text: autoDraw = False
18.6270 	EXP 	hasPeriphery: size = array([1.77777778, 1.        ])
18.6270 	EXP 	hasPeriphery: image = 'C:\\Users\\hesselmann\\Desktop\\PsychoPyUniformityIllusion\\UniformityIllusionPsychoPy\\Pics\\3a.png'
18.6270 	EXP 	noPeriphery: size = array([1.77777778, 1.        ])
18.6270 	EXP 	noPeriphery: image = 'C:\\Users\\hesselmann\\Desktop\\PsychoPyUniformityIllusion\\UniformityIllusionPsychoPy\\Pics\\3start.png'
18.6270 	EXP 	final: size = array([1.77777778, 1.        ])
18.6270 	EXP 	final: image = 'C:\\Users\\hesselmann\\Desktop\\PsychoPyUniformityIllusion\\UniformityIllusionPsychoPy\\Pics\\3b.png'
18.6270 	EXP 	hasPeriphery: autoDraw = True
18.6270 	EXP 	hasPeriphery: texRes = 128.0
18.6270 	EXP 	noPeriphery: autoDraw = True
18.6270 	EXP 	noPeriphery: texRes = 128.0
18.6270 	EXP 	text: autoDraw = True
18.7309 	EXP 	New trial (rep=0, index=2): {'startImage': 'C:\\Users\\hesselmann\\Desktop\\PsychoPyUniformityIllusion\\UniformityIllusionPsychoPy\\Pics\\1start.png', 'midImage': 'C:\\Users\\hesselmann\\Desktop\\PsychoPyUniformityIllusion\\UniformityIllusionPsychoPy\\Pics\\1a.png', 'endImage': 'C:\\Users\\hesselmann\\Desktop\\PsychoPyUniformityIllusion\\UniformityIllusionPsychoPy\\Pics\\1a.png', 'AB': 'a'}
19.0922 	EXP 	hasPeriphery: texRes = 128.0
19.0922 	EXP 	noPeriphery: texRes = 128.0
19.0922 	EXP 	hasPeriphery: autoDraw = False
19.0922 	EXP 	noPeriphery: autoDraw = False
19.0922 	EXP 	final: autoDraw = False
19.0922 	EXP 	blank_screen: autoDraw = False
19.0922 	EXP 	text: autoDraw = False
19.0922 	EXP 	hasPeriphery: size = array([1.77777778, 1.        ])
19.0922 	EXP 	hasPeriphery: image = 'C:\\Users\\hesselmann\\Desktop\\PsychoPyUniformityIllusion\\UniformityIllusionPsychoPy\\Pics\\1a.png'
19.0922 	EXP 	noPeriphery: size = array([1.77777778, 1.        ])
19.0922 	EXP 	noPeriphery: image = 'C:\\Users\\hesselmann\\Desktop\\PsychoPyUniformityIllusion\\UniformityIllusionPsychoPy\\Pics\\1start.png'
19.0922 	EXP 	final: size = array([1.77777778, 1.        ])
19.0922 	EXP 	final: image = 'C:\\Users\\hesselmann\\Desktop\\PsychoPyUniformityIllusion\\UniformityIllusionPsychoPy\\Pics\\1a.png'
19.0922 	EXP 	hasPeriphery: autoDraw = True
19.0922 	EXP 	hasPeriphery: texRes = 128.0
19.0922 	EXP 	noPeriphery: autoDraw = True
19.0922 	EXP 	noPeriphery: texRes = 128.0
19.0922 	EXP 	text: autoDraw = True
19.2169 	EXP 	New trial (rep=0, index=3): {'startImage': 'C:\\Users\\hesselmann\\Desktop\\PsychoPyUniformityIllusion\\UniformityIllusionPsychoPy\\Pics\\3start.png', 'midImage': 'C:\\Users\\hesselmann\\Desktop\\PsychoPyUniformityIllusion\\UniformityIllusionPsychoPy\\Pics\\3a.png', 'endImage': 'C:\\Users\\hesselmann\\Desktop\\PsychoPyUniformityIllusion\\UniformityIllusionPsychoPy\\Pics\\3a.png', 'AB': 'a'}
19.5402 	EXP 	hasPeriphery: texRes = 128.0
19.5402 	EXP 	noPeriphery: texRes = 128.0
19.5402 	EXP 	hasPeriphery: autoDraw = False
19.5402 	EXP 	noPeriphery: autoDraw = False
19.5402 	EXP 	final: autoDraw = False
19.5402 	EXP 	blank_screen: autoDraw = False
19.5402 	EXP 	text: autoDraw = False
19.5402 	EXP 	hasPeriphery: size = array([1.77777778, 1.        ])
19.5402 	EXP 	hasPeriphery: image = 'C:\\Users\\hesselmann\\Desktop\\PsychoPyUniformityIllusion\\UniformityIllusionPsychoPy\\Pics\\3a.png'
19.5402 	EXP 	noPeriphery: size = array([1.77777778, 1.        ])
19.5402 	EXP 	noPeriphery: image = 'C:\\Users\\hesselmann\\Desktop\\PsychoPyUniformityIllusion\\UniformityIllusionPsychoPy\\Pics\\3start.png'
19.5402 	EXP 	final: size = array([1.77777778, 1.        ])
19.5402 	EXP 	final: image = 'C:\\Users\\hesselmann\\Desktop\\PsychoPyUniformityIllusion\\UniformityIllusionPsychoPy\\Pics\\3a.png'
19.5402 	EXP 	hasPeriphery: autoDraw = True
19.5402 	EXP 	hasPeriphery: texRes = 128.0
19.5402 	EXP 	noPeriphery: autoDraw = True
19.5402 	EXP 	noPeriphery: texRes = 128.0
19.5402 	EXP 	text: autoDraw = True
19.6403 	EXP 	New trial (rep=0, index=4): {'startImage': 'C:\\Users\\hesselmann\\Desktop\\PsychoPyUniformityIllusion\\UniformityIllusionPsychoPy\\Pics\\1start.png', 'midImage': 'C:\\Users\\hesselmann\\Desktop\\PsychoPyUniformityIllusion\\UniformityIllusionPsychoPy\\Pics\\1a.png', 'endImage': 'C:\\Users\\hesselmann\\Desktop\\PsychoPyUniformityIllusion\\UniformityIllusionPsychoPy\\Pics\\1b.png', 'AB': 'b'}
20.0106 	EXP 	hasPeriphery: texRes = 128.0
20.0106 	EXP 	noPeriphery: texRes = 128.0
20.0106 	EXP 	hasPeriphery: autoDraw = False
20.0106 	EXP 	noPeriphery: autoDraw = False
20.0106 	EXP 	final: autoDraw = False
20.0106 	EXP 	blank_screen: autoDraw = False
20.0106 	EXP 	text: autoDraw = False
20.0106 	EXP 	hasPeriphery: size = array([1.77777778, 1.        ])
20.0106 	EXP 	hasPeriphery: image = 'C:\\Users\\hesselmann\\Desktop\\PsychoPyUniformityIllusion\\UniformityIllusionPsychoPy\\Pics\\1a.png'
20.0106 	EXP 	noPeriphery: size = array([1.77777778, 1.        ])
20.0106 	EXP 	noPeriphery: image = 'C:\\Users\\hesselmann\\Desktop\\PsychoPyUniformityIllusion\\UniformityIllusionPsychoPy\\Pics\\1start.png'
20.0106 	EXP 	final: size = array([1.77777778, 1.        ])
20.0106 	EXP 	final: image = 'C:\\Users\\hesselmann\\Desktop\\PsychoPyUniformityIllusion\\UniformityIllusionPsychoPy\\Pics\\1b.png'
20.0106 	EXP 	hasPeriphery: autoDraw = True
20.0106 	EXP 	hasPeriphery: texRes = 128.0
20.0106 	EXP 	noPeriphery: autoDraw = True
20.0106 	EXP 	noPeriphery: texRes = 128.0
20.0106 	EXP 	text: autoDraw = True
20.1332 	EXP 	New trial (rep=0, index=5): {'startImage': 'C:\\Users\\hesselmann\\Desktop\\PsychoPyUniformityIllusion\\UniformityIllusionPsychoPy\\Pics\\2start.png', 'midImage': 'C:\\Users\\hesselmann\\Desktop\\PsychoPyUniformityIllusion\\UniformityIllusionPsychoPy\\Pics\\2a.png', 'endImage': 'C:\\Users\\hesselmann\\Desktop\\PsychoPyUniformityIllusion\\UniformityIllusionPsychoPy\\Pics\\2b.png', 'AB': 'b'}
20.4347 	EXP 	hasPeriphery: texRes = 128.0
20.4347 	EXP 	noPeriphery: texRes = 128.0
20.4347 	EXP 	hasPeriphery: autoDraw = False
20.4347 	EXP 	noPeriphery: autoDraw = False
20.4347 	EXP 	final: autoDraw = False
20.4347 	EXP 	blank_screen: autoDraw = False
20.4347 	EXP 	text: autoDraw = False
20.4347 	EXP 	hasPeriphery: size = array([1.77777778, 1.        ])
20.4347 	EXP 	hasPeriphery: image = 'C:\\Users\\hesselmann\\Desktop\\PsychoPyUniformityIllusion\\UniformityIllusionPsychoPy\\Pics\\2a.png'
20.4347 	EXP 	noPeriphery: size = array([1.77777778, 1.        ])
20.4347 	EXP 	noPeriphery: image = 'C:\\Users\\hesselmann\\Desktop\\PsychoPyUniformityIllusion\\UniformityIllusionPsychoPy\\Pics\\2start.png'
20.4347 	EXP 	final: size = array([1.77777778, 1.        ])
20.4347 	EXP 	final: image = 'C:\\Users\\hesselmann\\Desktop\\PsychoPyUniformityIllusion\\UniformityIllusionPsychoPy\\Pics\\2b.png'
20.4347 	EXP 	hasPeriphery: autoDraw = True
20.4347 	EXP 	hasPeriphery: texRes = 128.0
20.4347 	EXP 	noPeriphery: autoDraw = True
20.4347 	EXP 	noPeriphery: texRes = 128.0
20.4347 	EXP 	text: autoDraw = True
20.5533 	EXP 	hasPeriphery: texRes = 128.0
20.5533 	EXP 	noPeriphery: texRes = 128.0
20.5533 	EXP 	hasPeriphery: autoDraw = False
20.5533 	EXP 	noPeriphery: autoDraw = False
20.5533 	EXP 	final: autoDraw = False
20.5533 	EXP 	blank_screen: autoDraw = False
20.5533 	EXP 	text: autoDraw = False
20.5533 	EXP 	WelcomeText: autoDraw = True
22.5482 	EXP 	Imported picPaths.xlsx as conditions, 24 conditions, 4 params
22.5487 	EXP 	Created sequence: random, trialTypes=24, nReps=1, seed=None
22.5491 	EXP 	New trial (rep=0, index=0): {'startImage': 'C:\\Users\\hesselmann\\Desktop\\PsychoPyUniformityIllusion\\UniformityIllusionPsychoPy\\Pics\\6start.png', 'midImage': 'C:\\Users\\hesselmann\\Desktop\\PsychoPyUniformityIllusion\\UniformityIllusionPsychoPy\\Pics\\6a.png', 'endImage': 'C:\\Users\\hesselmann\\Desktop\\PsychoPyUniformityIllusion\\UniformityIllusionPsychoPy\\Pics\\6a.png', 'AB': 'a'}
22.9138 	EXP 	New trial (rep=0, index=1): {'startImage': 'C:\\Users\\hesselmann\\Desktop\\PsychoPyUniformityIllusion\\UniformityIllusionPsychoPy\\Pics\\14start.png', 'midImage': 'C:\\Users\\hesselmann\\Desktop\\PsychoPyUniformityIllusion\\UniformityIllusionPsychoPy\\Pics\\14a.png', 'endImage': 'C:\\Users\\hesselmann\\Desktop\\PsychoPyUniformityIllusion\\UniformityIllusionPsychoPy\\Pics\\14a.png', 'AB': None}
23.2711 	EXP 	New trial (rep=0, index=2): {'startImage': 'C:\\Users\\hesselmann\\Desktop\\PsychoPyUniformityIllusion\\UniformityIllusionPsychoPy\\Pics\\15start.png', 'midImage': 'C:\\Users\\hesselmann\\Desktop\\PsychoPyUniformityIllusion\\UniformityIllusionPsychoPy\\Pics\\15a.png', 'endImage': 'C:\\Users\\hesselmann\\Desktop\\PsychoPyUniformityIllusion\\UniformityIllusionPsychoPy\\Pics\\15b.png', 'AB': None}
23.5072 	EXP 	New trial (rep=0, index=3): {'startImage': 'C:\\Users\\hesselmann\\Desktop\\PsychoPyUniformityIllusion\\UniformityIllusionPsychoPy\\Pics\\4start.png', 'midImage': 'C:\\Users\\hesselmann\\Desktop\\PsychoPyUniformityIllusion\\UniformityIllusionPsychoPy\\Pics\\4a.png', 'endImage': 'C:\\Users\\hesselmann\\Desktop\\PsychoPyUniformityIllusion\\UniformityIllusionPsychoPy\\Pics\\4b.png', 'AB': 'b'}
23.7963 	EXP 	New trial (rep=0, index=4): {'startImage': 'C:\\Users\\hesselmann\\Desktop\\PsychoPyUniformityIllusion\\UniformityIllusionPsychoPy\\Pics\\10start.png', 'midImage': 'C:\\Users\\hesselmann\\Desktop\\PsychoPyUniformityIllusion\\UniformityIllusionPsychoPy\\Pics\\10a.png', 'endImage': 'C:\\Users\\hesselmann\\Desktop\\PsychoPyUniformityIllusion\\UniformityIllusionPsychoPy\\Pics\\10b.png', 'AB': None}
24.2032 	EXP 	New trial (rep=0, index=5): {'startImage': 'C:\\Users\\hesselmann\\Desktop\\PsychoPyUniformityIllusion\\UniformityIllusionPsychoPy\\Pics\\5start.png', 'midImage': 'C:\\Users\\hesselmann\\Desktop\\PsychoPyUniformityIllusion\\UniformityIllusionPsychoPy\\Pics\\5a.png', 'endImage': 'C:\\Users\\hesselmann\\Desktop\\PsychoPyUniformityIllusion\\UniformityIllusionPsychoPy\\Pics\\5a.png', 'AB': 'a'}
24.5833 	EXP 	New trial (rep=0, index=6): {'startImage': 'C:\\Users\\hesselmann\\Desktop\\PsychoPyUniformityIllusion\\UniformityIllusionPsychoPy\\Pics\\13start.png', 'midImage': 'C:\\Users\\hesselmann\\Desktop\\PsychoPyUniformityIllusion\\UniformityIllusionPsychoPy\\Pics\\13a.png', 'endImage': 'C:\\Users\\hesselmann\\Desktop\\PsychoPyUniformityIllusion\\UniformityIllusionPsychoPy\\Pics\\13b.png', 'AB': None}
25.0104 	EXP 	New trial (rep=0, index=7): {'startImage': 'C:\\Users\\hesselmann\\Desktop\\PsychoPyUniformityIllusion\\UniformityIllusionPsychoPy\\Pics\\12start.png', 'midImage': 'C:\\Users\\hesselmann\\Desktop\\PsychoPyUniformityIllusion\\UniformityIllusionPsychoPy\\Pics\\12a.png', 'endImage': 'C:\\Users\\hesselmann\\Desktop\\PsychoPyUniformityIllusion\\UniformityIllusionPsychoPy\\Pics\\12a.png', 'AB': None}
25.3074 	EXP 	New trial (rep=0, index=8): {'startImage': 'C:\\Users\\hesselmann\\Desktop\\PsychoPyUniformityIllusion\\UniformityIllusionPsychoPy\\Pics\\11start.png', 'midImage': 'C:\\Users\\hesselmann\\Desktop\\PsychoPyUniformityIllusion\\UniformityIllusionPsychoPy\\Pics\\11a.png', 'endImage': 'C:\\Users\\hesselmann\\Desktop\\PsychoPyUniformityIllusion\\UniformityIllusionPsychoPy\\Pics\\11a.png', 'AB': None}
25.7434 	EXP 	New trial (rep=0, index=9): {'startImage': 'C:\\Users\\hesselmann\\Desktop\\PsychoPyUniformityIllusion\\UniformityIllusionPsychoPy\\Pics\\12start.png', 'midImage': 'C:\\Users\\hesselmann\\Desktop\\PsychoPyUniformityIllusion\\UniformityIllusionPsychoPy\\Pics\\12a.png', 'endImage': 'C:\\Users\\hesselmann\\Desktop\\PsychoPyUniformityIllusion\\UniformityIllusionPsychoPy\\Pics\\12b.png', 'AB': None}
26.0255 	EXP 	New trial (rep=0, index=10): {'startImage': 'C:\\Users\\hesselmann\\Desktop\\PsychoPyUniformityIllusion\\UniformityIllusionPsychoPy\\Pics\\8start.png', 'midImage': 'C:\\Users\\hesselmann\\Desktop\\PsychoPyUniformityIllusion\\UniformityIllusionPsychoPy\\Pics\\8a.png', 'endImage': 'C:\\Users\\hesselmann\\Desktop\\PsychoPyUniformityIllusion\\UniformityIllusionPsychoPy\\Pics\\8b.png', 'AB': None}
26.3464 	EXP 	New trial (rep=0, index=11): {'startImage': 'C:\\Users\\hesselmann\\Desktop\\PsychoPyUniformityIllusion\\UniformityIllusionPsychoPy\\Pics\\7start.png', 'midImage': 'C:\\Users\\hesselmann\\Desktop\\PsychoPyUniformityIllusion\\UniformityIllusionPsychoPy\\Pics\\7a.png', 'endImage': 'C:\\Users\\hesselmann\\Desktop\\PsychoPyUniformityIllusion\\UniformityIllusionPsychoPy\\Pics\\7a.png', 'AB': None}
26.7096 	EXP 	New trial (rep=0, index=12): {'startImage': 'C:\\Users\\hesselmann\\Desktop\\PsychoPyUniformityIllusion\\UniformityIllusionPsychoPy\\Pics\\9start.png', 'midImage': 'C:\\Users\\hesselmann\\Desktop\\PsychoPyUniformityIllusion\\UniformityIllusionPsychoPy\\Pics\\9a.png', 'endImage': 'C:\\Users\\hesselmann\\Desktop\\PsychoPyUniformityIllusion\\UniformityIllusionPsychoPy\\Pics\\9b.png', 'AB': None}
27.0097 	EXP 	New trial (rep=0, index=13): {'startImage': 'C:\\Users\\hesselmann\\Desktop\\PsychoPyUniformityIllusion\\UniformityIllusionPsychoPy\\Pics\\15start.png', 'midImage': 'C:\\Users\\hesselmann\\Desktop\\PsychoPyUniformityIllusion\\UniformityIllusionPsychoPy\\Pics\\15a.png', 'endImage': 'C:\\Users\\hesselmann\\Desktop\\PsychoPyUniformityIllusion\\UniformityIllusionPsychoPy\\Pics\\15a.png', 'AB': None}
27.2834 	EXP 	New trial (rep=0, index=14): {'startImage': 'C:\\Users\\hesselmann\\Desktop\\PsychoPyUniformityIllusion\\UniformityIllusionPsychoPy\\Pics\\13start.png', 'midImage': 'C:\\Users\\hesselmann\\Desktop\\PsychoPyUniformityIllusion\\UniformityIllusionPsychoPy\\Pics\\13a.png', 'endImage': 'C:\\Users\\hesselmann\\Desktop\\PsychoPyUniformityIllusion\\UniformityIllusionPsychoPy\\Pics\\13a.png', 'AB': None}
27.7158 	EXP 	New trial (rep=0, index=15): {'startImage': 'C:\\Users\\hesselmann\\Desktop\\PsychoPyUniformityIllusion\\UniformityIllusionPsychoPy\\Pics\\11start.png', 'midImage': 'C:\\Users\\hesselmann\\Desktop\\PsychoPyUniformityIllusion\\UniformityIllusionPsychoPy\\Pics\\11a.png', 'endImage': 'C:\\Users\\hesselmann\\Desktop\\PsychoPyUniformityIllusion\\UniformityIllusionPsychoPy\\Pics\\11b.png', 'AB': None}
28.0925 	EXP 	New trial (rep=0, index=16): {'startImage': 'C:\\Users\\hesselmann\\Desktop\\PsychoPyUniformityIllusion\\UniformityIllusionPsychoPy\\Pics\\14start.png', 'midImage': 'C:\\Users\\hesselmann\\Desktop\\PsychoPyUniformityIllusion\\UniformityIllusionPsychoPy\\Pics\\14a.png', 'endImage': 'C:\\Users\\hesselmann\\Desktop\\PsychoPyUniformityIllusion\\UniformityIllusionPsychoPy\\Pics\\14b.png', 'AB': None}
28.4056 	EXP 	New trial (rep=0, index=17): {'startImage': 'C:\\Users\\hesselmann\\Desktop\\PsychoPyUniformityIllusion\\UniformityIllusionPsychoPy\\Pics\\4start.png', 'midImage': 'C:\\Users\\hesselmann\\Desktop\\PsychoPyUniformityIllusion\\UniformityIllusionPsychoPy\\Pics\\4a.png', 'endImage': 'C:\\Users\\hesselmann\\Desktop\\PsychoPyUniformityIllusion\\UniformityIllusionPsychoPy\\Pics\\4a.png', 'AB': 'a'}
28.7148 	EXP 	New trial (rep=0, index=18): {'startImage': 'C:\\Users\\hesselmann\\Desktop\\PsychoPyUniformityIllusion\\UniformityIllusionPsychoPy\\Pics\\9start.png', 'midImage': 'C:\\Users\\hesselmann\\Desktop\\PsychoPyUniformityIllusion\\UniformityIllusionPsychoPy\\Pics\\9a.png', 'endImage': 'C:\\Users\\hesselmann\\Desktop\\PsychoPyUniformityIllusion\\UniformityIllusionPsychoPy\\Pics\\9a.png', 'AB': None}
29.0017 	EXP 	New trial (rep=0, index=19): {'startImage': 'C:\\Users\\hesselmann\\Desktop\\PsychoPyUniformityIllusion\\UniformityIllusionPsychoPy\\Pics\\5start.png', 'midImage': 'C:\\Users\\hesselmann\\Desktop\\PsychoPyUniformityIllusion\\UniformityIllusionPsychoPy\\Pics\\5a.png', 'endImage': 'C:\\Users\\hesselmann\\Desktop\\PsychoPyUniformityIllusion\\UniformityIllusionPsychoPy\\Pics\\5b.png', 'AB': 'b'}
29.3886 	EXP 	New trial (rep=0, index=20): {'startImage': 'C:\\Users\\hesselmann\\Desktop\\PsychoPyUniformityIllusion\\UniformityIllusionPsychoPy\\Pics\\7start.png', 'midImage': 'C:\\Users\\hesselmann\\Desktop\\PsychoPyUniformityIllusion\\UniformityIllusionPsychoPy\\Pics\\7a.png', 'endImage': 'C:\\Users\\hesselmann\\Desktop\\PsychoPyUniformityIllusion\\UniformityIllusionPsychoPy\\Pics\\7b.png', 'AB': None}
29.7357 	EXP 	New trial (rep=0, index=21): {'startImage': 'C:\\Users\\hesselmann\\Desktop\\PsychoPyUniformityIllusion\\UniformityIllusionPsychoPy\\Pics\\8start.png', 'midImage': 'C:\\Users\\hesselmann\\Desktop\\PsychoPyUniformityIllusion\\UniformityIllusionPsychoPy\\Pics\\8a.png', 'endImage': 'C:\\Users\\hesselmann\\Desktop\\PsychoPyUniformityIllusion\\UniformityIllusionPsychoPy\\Pics\\8a.png', 'AB': None}
30.0507 	EXP 	New trial (rep=0, index=22): {'startImage': 'C:\\Users\\hesselmann\\Desktop\\PsychoPyUniformityIllusion\\UniformityIllusionPsychoPy\\Pics\\10start.png', 'midImage': 'C:\\Users\\hesselmann\\Desktop\\PsychoPyUniformityIllusion\\UniformityIllusionPsychoPy\\Pics\\10a.png', 'endImage': 'C:\\Users\\hesselmann\\Desktop\\PsychoPyUniformityIllusion\\UniformityIllusionPsychoPy\\Pics\\10a.png', 'AB': None}
30.4398 	EXP 	New trial (rep=0, index=23): {'startImage': 'C:\\Users\\hesselmann\\Desktop\\PsychoPyUniformityIllusion\\UniformityIllusionPsychoPy\\Pics\\6start.png', 'midImage': 'C:\\Users\\hesselmann\\Desktop\\PsychoPyUniformityIllusion\\UniformityIllusionPsychoPy\\Pics\\6a.png', 'endImage': 'C:\\Users\\hesselmann\\Desktop\\PsychoPyUniformityIllusion\\UniformityIllusionPsychoPy\\Pics\\6b.png', 'AB': 'b'}
30.7594 	DATA 	Mouse: Left button down, pos=(916,357)
30.7595 	DATA 	Mouse:  Left button up, pos=(916,357)
30.7816 	EXP 	WelcomeText: autoDraw = False
30.7816 	EXP 	hasPeriphery: size = array([1.77777778, 1.        ])
30.7816 	EXP 	hasPeriphery: image = 'C:\\Users\\hesselmann\\Desktop\\PsychoPyUniformityIllusion\\UniformityIllusionPsychoPy\\Pics\\6a.png'
30.7816 	EXP 	noPeriphery: size = array([1.77777778, 1.        ])
30.7816 	EXP 	noPeriphery: image = 'C:\\Users\\hesselmann\\Desktop\\PsychoPyUniformityIllusion\\UniformityIllusionPsychoPy\\Pics\\6start.png'
30.7816 	EXP 	final: size = array([1.77777778, 1.        ])
30.7816 	EXP 	final: image = 'C:\\Users\\hesselmann\\Desktop\\PsychoPyUniformityIllusion\\UniformityIllusionPsychoPy\\Pics\\6a.png'
30.7816 	EXP 	hasPeriphery: autoDraw = True
30.7816 	EXP 	hasPeriphery: texRes = 128.0
30.7816 	EXP 	noPeriphery: autoDraw = True
30.7816 	EXP 	noPeriphery: texRes = 128.0
30.7816 	EXP 	text: autoDraw = True
30.7816 	EXP 	hasPeriphery: autoDraw = False
30.7816 	EXP 	noPeriphery: autoDraw = False
30.7816 	EXP 	final: autoDraw = False
30.7816 	EXP 	blank_screen: autoDraw = False
30.7816 	EXP 	text: autoDraw = False
30.7816 	EXP 	hasPeriphery: size = array([1.77777778, 1.        ])
30.7816 	EXP 	hasPeriphery: image = 'C:\\Users\\hesselmann\\Desktop\\PsychoPyUniformityIllusion\\UniformityIllusionPsychoPy\\Pics\\14a.png'
30.7816 	EXP 	noPeriphery: size = array([1.77777778, 1.        ])
30.7816 	EXP 	noPeriphery: image = 'C:\\Users\\hesselmann\\Desktop\\PsychoPyUniformityIllusion\\UniformityIllusionPsychoPy\\Pics\\14start.png'
30.7816 	EXP 	final: size = array([1.77777778, 1.        ])
30.7816 	EXP 	final: image = 'C:\\Users\\hesselmann\\Desktop\\PsychoPyUniformityIllusion\\UniformityIllusionPsychoPy\\Pics\\14a.png'
30.7816 	EXP 	hasPeriphery: autoDraw = True
30.7816 	EXP 	hasPeriphery: texRes = 128.0
30.7816 	EXP 	noPeriphery: autoDraw = True
30.7816 	EXP 	noPeriphery: texRes = 128.0
30.7816 	EXP 	text: autoDraw = True
30.7816 	EXP 	hasPeriphery: autoDraw = False
30.7816 	EXP 	noPeriphery: autoDraw = False
30.7816 	EXP 	final: autoDraw = False
30.7816 	EXP 	blank_screen: autoDraw = False
30.7816 	EXP 	text: autoDraw = False
30.7816 	EXP 	hasPeriphery: size = array([1.77777778, 1.        ])
30.7816 	EXP 	hasPeriphery: image = 'C:\\Users\\hesselmann\\Desktop\\PsychoPyUniformityIllusion\\UniformityIllusionPsychoPy\\Pics\\15a.png'
30.7816 	EXP 	noPeriphery: size = array([1.77777778, 1.        ])
30.7816 	EXP 	noPeriphery: image = 'C:\\Users\\hesselmann\\Desktop\\PsychoPyUniformityIllusion\\UniformityIllusionPsychoPy\\Pics\\15start.png'
30.7816 	EXP 	final: size = array([1.77777778, 1.        ])
30.7816 	EXP 	final: image = 'C:\\Users\\hesselmann\\Desktop\\PsychoPyUniformityIllusion\\UniformityIllusionPsychoPy\\Pics\\15b.png'
30.7816 	EXP 	hasPeriphery: autoDraw = True
30.7816 	EXP 	hasPeriphery: texRes = 128.0
30.7816 	EXP 	noPeriphery: autoDraw = True
30.7816 	EXP 	noPeriphery: texRes = 128.0
30.7816 	EXP 	text: autoDraw = True
30.7816 	EXP 	hasPeriphery: autoDraw = False
30.7816 	EXP 	noPeriphery: autoDraw = False
30.7816 	EXP 	final: autoDraw = False
30.7816 	EXP 	blank_screen: autoDraw = False
30.7816 	EXP 	text: autoDraw = False
30.7816 	EXP 	hasPeriphery: size = array([1.77777778, 1.        ])
30.7816 	EXP 	hasPeriphery: image = 'C:\\Users\\hesselmann\\Desktop\\PsychoPyUniformityIllusion\\UniformityIllusionPsychoPy\\Pics\\4a.png'
30.7816 	EXP 	noPeriphery: size = array([1.77777778, 1.        ])
30.7816 	EXP 	noPeriphery: image = 'C:\\Users\\hesselmann\\Desktop\\PsychoPyUniformityIllusion\\UniformityIllusionPsychoPy\\Pics\\4start.png'
30.7816 	EXP 	final: size = array([1.77777778, 1.        ])
30.7816 	EXP 	final: image = 'C:\\Users\\hesselmann\\Desktop\\PsychoPyUniformityIllusion\\UniformityIllusionPsychoPy\\Pics\\4b.png'
30.7816 	EXP 	hasPeriphery: autoDraw = True
30.7816 	EXP 	hasPeriphery: texRes = 128.0
30.7816 	EXP 	noPeriphery: autoDraw = True
30.7816 	EXP 	noPeriphery: texRes = 128.0
30.7816 	EXP 	text: autoDraw = True
30.7816 	EXP 	hasPeriphery: autoDraw = False
30.7816 	EXP 	noPeriphery: autoDraw = False
30.7816 	EXP 	final: autoDraw = False
30.7816 	EXP 	blank_screen: autoDraw = False
30.7816 	EXP 	text: autoDraw = False
30.7816 	EXP 	hasPeriphery: size = array([1.77777778, 1.        ])
30.7816 	EXP 	hasPeriphery: image = 'C:\\Users\\hesselmann\\Desktop\\PsychoPyUniformityIllusion\\UniformityIllusionPsychoPy\\Pics\\10a.png'
30.7816 	EXP 	noPeriphery: size = array([1.77777778, 1.        ])
30.7816 	EXP 	noPeriphery: image = 'C:\\Users\\hesselmann\\Desktop\\PsychoPyUniformityIllusion\\UniformityIllusionPsychoPy\\Pics\\10start.png'
30.7816 	EXP 	final: size = array([1.77777778, 1.        ])
30.7816 	EXP 	final: image = 'C:\\Users\\hesselmann\\Desktop\\PsychoPyUniformityIllusion\\UniformityIllusionPsychoPy\\Pics\\10b.png'
30.7816 	EXP 	hasPeriphery: autoDraw = True
30.7816 	EXP 	hasPeriphery: texRes = 128.0
30.7816 	EXP 	noPeriphery: autoDraw = True
30.7816 	EXP 	noPeriphery: texRes = 128.0
30.7816 	EXP 	text: autoDraw = True
30.7816 	EXP 	hasPeriphery: autoDraw = False
30.7816 	EXP 	noPeriphery: autoDraw = False
30.7816 	EXP 	final: autoDraw = False
30.7816 	EXP 	blank_screen: autoDraw = False
30.7816 	EXP 	text: autoDraw = False
30.7816 	EXP 	hasPeriphery: size = array([1.77777778, 1.        ])
30.7816 	EXP 	hasPeriphery: image = 'C:\\Users\\hesselmann\\Desktop\\PsychoPyUniformityIllusion\\UniformityIllusionPsychoPy\\Pics\\5a.png'
30.7816 	EXP 	noPeriphery: size = array([1.77777778, 1.        ])
30.7816 	EXP 	noPeriphery: image = 'C:\\Users\\hesselmann\\Desktop\\PsychoPyUniformityIllusion\\UniformityIllusionPsychoPy\\Pics\\5start.png'
30.7816 	EXP 	final: size = array([1.77777778, 1.        ])
30.7816 	EXP 	final: image = 'C:\\Users\\hesselmann\\Desktop\\PsychoPyUniformityIllusion\\UniformityIllusionPsychoPy\\Pics\\5a.png'
30.7816 	EXP 	hasPeriphery: autoDraw = True
30.7816 	EXP 	hasPeriphery: texRes = 128.0
30.7816 	EXP 	noPeriphery: autoDraw = True
30.7816 	EXP 	noPeriphery: texRes = 128.0
30.7816 	EXP 	text: autoDraw = True
30.7816 	EXP 	hasPeriphery: autoDraw = False
30.7816 	EXP 	noPeriphery: autoDraw = False
30.7816 	EXP 	final: autoDraw = False
30.7816 	EXP 	blank_screen: autoDraw = False
30.7816 	EXP 	text: autoDraw = False
30.7816 	EXP 	hasPeriphery: size = array([1.77777778, 1.        ])
30.7816 	EXP 	hasPeriphery: image = 'C:\\Users\\hesselmann\\Desktop\\PsychoPyUniformityIllusion\\UniformityIllusionPsychoPy\\Pics\\13a.png'
30.7816 	EXP 	noPeriphery: size = array([1.77777778, 1.        ])
30.7816 	EXP 	noPeriphery: image = 'C:\\Users\\hesselmann\\Desktop\\PsychoPyUniformityIllusion\\UniformityIllusionPsychoPy\\Pics\\13start.png'
30.7816 	EXP 	final: size = array([1.77777778, 1.        ])
30.7816 	EXP 	final: image = 'C:\\Users\\hesselmann\\Desktop\\PsychoPyUniformityIllusion\\UniformityIllusionPsychoPy\\Pics\\13b.png'
30.7816 	EXP 	hasPeriphery: autoDraw = True
30.7816 	EXP 	hasPeriphery: texRes = 128.0
30.7816 	EXP 	noPeriphery: autoDraw = True
30.7816 	EXP 	noPeriphery: texRes = 128.0
30.7816 	EXP 	text: autoDraw = True
30.7816 	EXP 	hasPeriphery: autoDraw = False
30.7816 	EXP 	noPeriphery: autoDraw = False
30.7816 	EXP 	final: autoDraw = False
30.7816 	EXP 	blank_screen: autoDraw = False
30.7816 	EXP 	text: autoDraw = False
30.7816 	EXP 	hasPeriphery: size = array([1.77777778, 1.        ])
30.7816 	EXP 	hasPeriphery: image = 'C:\\Users\\hesselmann\\Desktop\\PsychoPyUniformityIllusion\\UniformityIllusionPsychoPy\\Pics\\12a.png'
30.7816 	EXP 	noPeriphery: size = array([1.77777778, 1.        ])
30.7816 	EXP 	noPeriphery: image = 'C:\\Users\\hesselmann\\Desktop\\PsychoPyUniformityIllusion\\UniformityIllusionPsychoPy\\Pics\\12start.png'
30.7816 	EXP 	final: size = array([1.77777778, 1.        ])
30.7816 	EXP 	final: image = 'C:\\Users\\hesselmann\\Desktop\\PsychoPyUniformityIllusion\\UniformityIllusionPsychoPy\\Pics\\12a.png'
30.7816 	EXP 	hasPeriphery: autoDraw = True
30.7816 	EXP 	hasPeriphery: texRes = 128.0
30.7816 	EXP 	noPeriphery: autoDraw = True
30.7816 	EXP 	noPeriphery: texRes = 128.0
30.7816 	EXP 	text: autoDraw = True
30.7816 	EXP 	hasPeriphery: autoDraw = False
30.7816 	EXP 	noPeriphery: autoDraw = False
30.7816 	EXP 	final: autoDraw = False
30.7816 	EXP 	blank_screen: autoDraw = False
30.7816 	EXP 	text: autoDraw = False
30.7816 	EXP 	hasPeriphery: size = array([1.77777778, 1.        ])
30.7816 	EXP 	hasPeriphery: image = 'C:\\Users\\hesselmann\\Desktop\\PsychoPyUniformityIllusion\\UniformityIllusionPsychoPy\\Pics\\11a.png'
30.7816 	EXP 	noPeriphery: size = array([1.77777778, 1.        ])
30.7816 	EXP 	noPeriphery: image = 'C:\\Users\\hesselmann\\Desktop\\PsychoPyUniformityIllusion\\UniformityIllusionPsychoPy\\Pics\\11start.png'
30.7816 	EXP 	final: size = array([1.77777778, 1.        ])
30.7816 	EXP 	final: image = 'C:\\Users\\hesselmann\\Desktop\\PsychoPyUniformityIllusion\\UniformityIllusionPsychoPy\\Pics\\11a.png'
30.7816 	EXP 	hasPeriphery: autoDraw = True
30.7816 	EXP 	hasPeriphery: texRes = 128.0
30.7816 	EXP 	noPeriphery: autoDraw = True
30.7816 	EXP 	noPeriphery: texRes = 128.0
30.7816 	EXP 	text: autoDraw = True
30.7816 	EXP 	hasPeriphery: autoDraw = False
30.7816 	EXP 	noPeriphery: autoDraw = False
30.7816 	EXP 	final: autoDraw = False
30.7816 	EXP 	blank_screen: autoDraw = False
30.7816 	EXP 	text: autoDraw = False
30.7816 	EXP 	hasPeriphery: size = array([1.77777778, 1.        ])
30.7816 	EXP 	hasPeriphery: image = 'C:\\Users\\hesselmann\\Desktop\\PsychoPyUniformityIllusion\\UniformityIllusionPsychoPy\\Pics\\12a.png'
30.7816 	EXP 	noPeriphery: size = array([1.77777778, 1.        ])
30.7816 	EXP 	noPeriphery: image = 'C:\\Users\\hesselmann\\Desktop\\PsychoPyUniformityIllusion\\UniformityIllusionPsychoPy\\Pics\\12start.png'
30.7816 	EXP 	final: size = array([1.77777778, 1.        ])
30.7816 	EXP 	final: image = 'C:\\Users\\hesselmann\\Desktop\\PsychoPyUniformityIllusion\\UniformityIllusionPsychoPy\\Pics\\12b.png'
30.7816 	EXP 	hasPeriphery: autoDraw = True
30.7816 	EXP 	hasPeriphery: texRes = 128.0
30.7816 	EXP 	noPeriphery: autoDraw = True
30.7816 	EXP 	noPeriphery: texRes = 128.0
30.7816 	EXP 	text: autoDraw = True
30.7816 	EXP 	hasPeriphery: autoDraw = False
30.7816 	EXP 	noPeriphery: autoDraw = False
30.7816 	EXP 	final: autoDraw = False
30.7816 	EXP 	blank_screen: autoDraw = False
30.7816 	EXP 	text: autoDraw = False
30.7816 	EXP 	hasPeriphery: size = array([1.77777778, 1.        ])
30.7816 	EXP 	hasPeriphery: image = 'C:\\Users\\hesselmann\\Desktop\\PsychoPyUniformityIllusion\\UniformityIllusionPsychoPy\\Pics\\8a.png'
30.7816 	EXP 	noPeriphery: size = array([1.77777778, 1.        ])
30.7816 	EXP 	noPeriphery: image = 'C:\\Users\\hesselmann\\Desktop\\PsychoPyUniformityIllusion\\UniformityIllusionPsychoPy\\Pics\\8start.png'
30.7816 	EXP 	final: size = array([1.77777778, 1.        ])
30.7816 	EXP 	final: image = 'C:\\Users\\hesselmann\\Desktop\\PsychoPyUniformityIllusion\\UniformityIllusionPsychoPy\\Pics\\8b.png'
30.7816 	EXP 	hasPeriphery: autoDraw = True
30.7816 	EXP 	hasPeriphery: texRes = 128.0
30.7816 	EXP 	noPeriphery: autoDraw = True
30.7816 	EXP 	noPeriphery: texRes = 128.0
30.7816 	EXP 	text: autoDraw = True
30.7816 	EXP 	hasPeriphery: autoDraw = False
30.7816 	EXP 	noPeriphery: autoDraw = False
30.7816 	EXP 	final: autoDraw = False
30.7816 	EXP 	blank_screen: autoDraw = False
30.7816 	EXP 	text: autoDraw = False
30.7816 	EXP 	hasPeriphery: size = array([1.77777778, 1.        ])
30.7816 	EXP 	hasPeriphery: image = 'C:\\Users\\hesselmann\\Desktop\\PsychoPyUniformityIllusion\\UniformityIllusionPsychoPy\\Pics\\7a.png'
30.7816 	EXP 	noPeriphery: size = array([1.77777778, 1.        ])
30.7816 	EXP 	noPeriphery: image = 'C:\\Users\\hesselmann\\Desktop\\PsychoPyUniformityIllusion\\UniformityIllusionPsychoPy\\Pics\\7start.png'
30.7816 	EXP 	final: size = array([1.77777778, 1.        ])
30.7816 	EXP 	final: image = 'C:\\Users\\hesselmann\\Desktop\\PsychoPyUniformityIllusion\\UniformityIllusionPsychoPy\\Pics\\7a.png'
30.7816 	EXP 	hasPeriphery: autoDraw = True
30.7816 	EXP 	hasPeriphery: texRes = 128.0
30.7816 	EXP 	noPeriphery: autoDraw = True
30.7816 	EXP 	noPeriphery: texRes = 128.0
30.7816 	EXP 	text: autoDraw = True
30.7816 	EXP 	hasPeriphery: autoDraw = False
30.7816 	EXP 	noPeriphery: autoDraw = False
30.7816 	EXP 	final: autoDraw = False
30.7816 	EXP 	blank_screen: autoDraw = False
30.7816 	EXP 	text: autoDraw = False
30.7816 	EXP 	hasPeriphery: size = array([1.77777778, 1.        ])
30.7816 	EXP 	hasPeriphery: image = 'C:\\Users\\hesselmann\\Desktop\\PsychoPyUniformityIllusion\\UniformityIllusionPsychoPy\\Pics\\9a.png'
30.7816 	EXP 	noPeriphery: size = array([1.77777778, 1.        ])
30.7816 	EXP 	noPeriphery: image = 'C:\\Users\\hesselmann\\Desktop\\PsychoPyUniformityIllusion\\UniformityIllusionPsychoPy\\Pics\\9start.png'
30.7816 	EXP 	final: size = array([1.77777778, 1.        ])
30.7816 	EXP 	final: image = 'C:\\Users\\hesselmann\\Desktop\\PsychoPyUniformityIllusion\\UniformityIllusionPsychoPy\\Pics\\9b.png'
30.7816 	EXP 	hasPeriphery: autoDraw = True
30.7816 	EXP 	hasPeriphery: texRes = 128.0
30.7816 	EXP 	noPeriphery: autoDraw = True
30.7816 	EXP 	noPeriphery: texRes = 128.0
30.7816 	EXP 	text: autoDraw = True
30.7816 	EXP 	hasPeriphery: autoDraw = False
30.7816 	EXP 	noPeriphery: autoDraw = False
30.7816 	EXP 	final: autoDraw = False
30.7816 	EXP 	blank_screen: autoDraw = False
30.7816 	EXP 	text: autoDraw = False
30.7816 	EXP 	hasPeriphery: size = array([1.77777778, 1.        ])
30.7816 	EXP 	hasPeriphery: image = 'C:\\Users\\hesselmann\\Desktop\\PsychoPyUniformityIllusion\\UniformityIllusionPsychoPy\\Pics\\15a.png'
30.7816 	EXP 	noPeriphery: size = array([1.77777778, 1.        ])
30.7816 	EXP 	noPeriphery: image = 'C:\\Users\\hesselmann\\Desktop\\PsychoPyUniformityIllusion\\UniformityIllusionPsychoPy\\Pics\\15start.png'
30.7816 	EXP 	final: size = array([1.77777778, 1.        ])
30.7816 	EXP 	final: image = 'C:\\Users\\hesselmann\\Desktop\\PsychoPyUniformityIllusion\\UniformityIllusionPsychoPy\\Pics\\15a.png'
30.7816 	EXP 	hasPeriphery: autoDraw = True
30.7816 	EXP 	hasPeriphery: texRes = 128.0
30.7816 	EXP 	noPeriphery: autoDraw = True
30.7816 	EXP 	noPeriphery: texRes = 128.0
30.7816 	EXP 	text: autoDraw = True
30.7816 	EXP 	hasPeriphery: autoDraw = False
30.7816 	EXP 	noPeriphery: autoDraw = False
30.7816 	EXP 	final: autoDraw = False
30.7816 	EXP 	blank_screen: autoDraw = False
30.7816 	EXP 	text: autoDraw = False
30.7816 	EXP 	hasPeriphery: size = array([1.77777778, 1.        ])
30.7816 	EXP 	hasPeriphery: image = 'C:\\Users\\hesselmann\\Desktop\\PsychoPyUniformityIllusion\\UniformityIllusionPsychoPy\\Pics\\13a.png'
30.7816 	EXP 	noPeriphery: size = array([1.77777778, 1.        ])
30.7816 	EXP 	noPeriphery: image = 'C:\\Users\\hesselmann\\Desktop\\PsychoPyUniformityIllusion\\UniformityIllusionPsychoPy\\Pics\\13start.png'
30.7816 	EXP 	final: size = array([1.77777778, 1.        ])
30.7816 	EXP 	final: image = 'C:\\Users\\hesselmann\\Desktop\\PsychoPyUniformityIllusion\\UniformityIllusionPsychoPy\\Pics\\13a.png'
30.7816 	EXP 	hasPeriphery: autoDraw = True
30.7816 	EXP 	hasPeriphery: texRes = 128.0
30.7816 	EXP 	noPeriphery: autoDraw = True
30.7816 	EXP 	noPeriphery: texRes = 128.0
30.7816 	EXP 	text: autoDraw = True
30.7816 	EXP 	hasPeriphery: autoDraw = False
30.7816 	EXP 	noPeriphery: autoDraw = False
30.7816 	EXP 	final: autoDraw = False
30.7816 	EXP 	blank_screen: autoDraw = False
30.7816 	EXP 	text: autoDraw = False
30.7816 	EXP 	hasPeriphery: size = array([1.77777778, 1.        ])
30.7816 	EXP 	hasPeriphery: image = 'C:\\Users\\hesselmann\\Desktop\\PsychoPyUniformityIllusion\\UniformityIllusionPsychoPy\\Pics\\11a.png'
30.7816 	EXP 	noPeriphery: size = array([1.77777778, 1.        ])
30.7816 	EXP 	noPeriphery: image = 'C:\\Users\\hesselmann\\Desktop\\PsychoPyUniformityIllusion\\UniformityIllusionPsychoPy\\Pics\\11start.png'
30.7816 	EXP 	final: size = array([1.77777778, 1.        ])
30.7816 	EXP 	final: image = 'C:\\Users\\hesselmann\\Desktop\\PsychoPyUniformityIllusion\\UniformityIllusionPsychoPy\\Pics\\11b.png'
30.7816 	EXP 	hasPeriphery: autoDraw = True
30.7816 	EXP 	hasPeriphery: texRes = 128.0
30.7816 	EXP 	noPeriphery: autoDraw = True
30.7816 	EXP 	noPeriphery: texRes = 128.0
30.7816 	EXP 	text: autoDraw = True
30.7816 	EXP 	hasPeriphery: autoDraw = False
30.7816 	EXP 	noPeriphery: autoDraw = False
30.7816 	EXP 	final: autoDraw = False
30.7816 	EXP 	blank_screen: autoDraw = False
30.7816 	EXP 	text: autoDraw = False
30.7816 	EXP 	hasPeriphery: size = array([1.77777778, 1.        ])
30.7816 	EXP 	hasPeriphery: image = 'C:\\Users\\hesselmann\\Desktop\\PsychoPyUniformityIllusion\\UniformityIllusionPsychoPy\\Pics\\14a.png'
30.7816 	EXP 	noPeriphery: size = array([1.77777778, 1.        ])
30.7816 	EXP 	noPeriphery: image = 'C:\\Users\\hesselmann\\Desktop\\PsychoPyUniformityIllusion\\UniformityIllusionPsychoPy\\Pics\\14start.png'
30.7816 	EXP 	final: size = array([1.77777778, 1.        ])
30.7816 	EXP 	final: image = 'C:\\Users\\hesselmann\\Desktop\\PsychoPyUniformityIllusion\\UniformityIllusionPsychoPy\\Pics\\14b.png'
30.7816 	EXP 	hasPeriphery: autoDraw = True
30.7816 	EXP 	hasPeriphery: texRes = 128.0
30.7816 	EXP 	noPeriphery: autoDraw = True
30.7816 	EXP 	noPeriphery: texRes = 128.0
30.7816 	EXP 	text: autoDraw = True
30.7816 	EXP 	hasPeriphery: autoDraw = False
30.7816 	EXP 	noPeriphery: autoDraw = False
30.7816 	EXP 	final: autoDraw = False
30.7816 	EXP 	blank_screen: autoDraw = False
30.7816 	EXP 	text: autoDraw = False
30.7816 	EXP 	hasPeriphery: size = array([1.77777778, 1.        ])
30.7816 	EXP 	hasPeriphery: image = 'C:\\Users\\hesselmann\\Desktop\\PsychoPyUniformityIllusion\\UniformityIllusionPsychoPy\\Pics\\4a.png'
30.7816 	EXP 	noPeriphery: size = array([1.77777778, 1.        ])
30.7816 	EXP 	noPeriphery: image = 'C:\\Users\\hesselmann\\Desktop\\PsychoPyUniformityIllusion\\UniformityIllusionPsychoPy\\Pics\\4start.png'
30.7816 	EXP 	final: size = array([1.77777778, 1.        ])
30.7816 	EXP 	final: image = 'C:\\Users\\hesselmann\\Desktop\\PsychoPyUniformityIllusion\\UniformityIllusionPsychoPy\\Pics\\4a.png'
30.7816 	EXP 	hasPeriphery: autoDraw = True
30.7816 	EXP 	hasPeriphery: texRes = 128.0
30.7816 	EXP 	noPeriphery: autoDraw = True
30.7816 	EXP 	noPeriphery: texRes = 128.0
30.7816 	EXP 	text: autoDraw = True
30.7816 	EXP 	hasPeriphery: autoDraw = False
30.7816 	EXP 	noPeriphery: autoDraw = False
30.7816 	EXP 	final: autoDraw = False
30.7816 	EXP 	blank_screen: autoDraw = False
30.7816 	EXP 	text: autoDraw = False
30.7816 	EXP 	hasPeriphery: size = array([1.77777778, 1.        ])
30.7816 	EXP 	hasPeriphery: image = 'C:\\Users\\hesselmann\\Desktop\\PsychoPyUniformityIllusion\\UniformityIllusionPsychoPy\\Pics\\9a.png'
30.7816 	EXP 	noPeriphery: size = array([1.77777778, 1.        ])
30.7816 	EXP 	noPeriphery: image = 'C:\\Users\\hesselmann\\Desktop\\PsychoPyUniformityIllusion\\UniformityIllusionPsychoPy\\Pics\\9start.png'
30.7816 	EXP 	final: size = array([1.77777778, 1.        ])
30.7816 	EXP 	final: image = 'C:\\Users\\hesselmann\\Desktop\\PsychoPyUniformityIllusion\\UniformityIllusionPsychoPy\\Pics\\9a.png'
30.7816 	EXP 	hasPeriphery: autoDraw = True
30.7816 	EXP 	hasPeriphery: texRes = 128.0
30.7816 	EXP 	noPeriphery: autoDraw = True
30.7816 	EXP 	noPeriphery: texRes = 128.0
30.7816 	EXP 	text: autoDraw = True
30.7816 	EXP 	hasPeriphery: autoDraw = False
30.7816 	EXP 	noPeriphery: autoDraw = False
30.7816 	EXP 	final: autoDraw = False
30.7816 	EXP 	blank_screen: autoDraw = False
30.7816 	EXP 	text: autoDraw = False
30.7816 	EXP 	hasPeriphery: size = array([1.77777778, 1.        ])
30.7816 	EXP 	hasPeriphery: image = 'C:\\Users\\hesselmann\\Desktop\\PsychoPyUniformityIllusion\\UniformityIllusionPsychoPy\\Pics\\5a.png'
30.7816 	EXP 	noPeriphery: size = array([1.77777778, 1.        ])
30.7816 	EXP 	noPeriphery: image = 'C:\\Users\\hesselmann\\Desktop\\PsychoPyUniformityIllusion\\UniformityIllusionPsychoPy\\Pics\\5start.png'
30.7816 	EXP 	final: size = array([1.77777778, 1.        ])
30.7816 	EXP 	final: image = 'C:\\Users\\hesselmann\\Desktop\\PsychoPyUniformityIllusion\\UniformityIllusionPsychoPy\\Pics\\5b.png'
30.7816 	EXP 	hasPeriphery: autoDraw = True
30.7816 	EXP 	hasPeriphery: texRes = 128.0
30.7816 	EXP 	noPeriphery: autoDraw = True
30.7816 	EXP 	noPeriphery: texRes = 128.0
30.7816 	EXP 	text: autoDraw = True
30.7816 	EXP 	hasPeriphery: autoDraw = False
30.7816 	EXP 	noPeriphery: autoDraw = False
30.7816 	EXP 	final: autoDraw = False
30.7816 	EXP 	blank_screen: autoDraw = False
30.7816 	EXP 	text: autoDraw = False
30.7816 	EXP 	hasPeriphery: size = array([1.77777778, 1.        ])
30.7816 	EXP 	hasPeriphery: image = 'C:\\Users\\hesselmann\\Desktop\\PsychoPyUniformityIllusion\\UniformityIllusionPsychoPy\\Pics\\7a.png'
30.7816 	EXP 	noPeriphery: size = array([1.77777778, 1.        ])
30.7816 	EXP 	noPeriphery: image = 'C:\\Users\\hesselmann\\Desktop\\PsychoPyUniformityIllusion\\UniformityIllusionPsychoPy\\Pics\\7start.png'
30.7816 	EXP 	final: size = array([1.77777778, 1.        ])
30.7816 	EXP 	final: image = 'C:\\Users\\hesselmann\\Desktop\\PsychoPyUniformityIllusion\\UniformityIllusionPsychoPy\\Pics\\7b.png'
30.7816 	EXP 	hasPeriphery: autoDraw = True
30.7816 	EXP 	hasPeriphery: texRes = 128.0
30.7816 	EXP 	noPeriphery: autoDraw = True
30.7816 	EXP 	noPeriphery: texRes = 128.0
30.7816 	EXP 	text: autoDraw = True
30.7816 	EXP 	hasPeriphery: autoDraw = False
30.7816 	EXP 	noPeriphery: autoDraw = False
30.7816 	EXP 	final: autoDraw = False
30.7816 	EXP 	blank_screen: autoDraw = False
30.7816 	EXP 	text: autoDraw = False
30.7816 	EXP 	hasPeriphery: size = array([1.77777778, 1.        ])
30.7816 	EXP 	hasPeriphery: image = 'C:\\Users\\hesselmann\\Desktop\\PsychoPyUniformityIllusion\\UniformityIllusionPsychoPy\\Pics\\8a.png'
30.7816 	EXP 	noPeriphery: size = array([1.77777778, 1.        ])
30.7816 	EXP 	noPeriphery: image = 'C:\\Users\\hesselmann\\Desktop\\PsychoPyUniformityIllusion\\UniformityIllusionPsychoPy\\Pics\\8start.png'
30.7816 	EXP 	final: size = array([1.77777778, 1.        ])
30.7816 	EXP 	final: image = 'C:\\Users\\hesselmann\\Desktop\\PsychoPyUniformityIllusion\\UniformityIllusionPsychoPy\\Pics\\8a.png'
30.7816 	EXP 	hasPeriphery: autoDraw = True
30.7816 	EXP 	hasPeriphery: texRes = 128.0
30.7816 	EXP 	noPeriphery: autoDraw = True
30.7816 	EXP 	noPeriphery: texRes = 128.0
30.7816 	EXP 	text: autoDraw = True
30.7816 	EXP 	hasPeriphery: autoDraw = False
30.7816 	EXP 	noPeriphery: autoDraw = False
30.7816 	EXP 	final: autoDraw = False
30.7816 	EXP 	blank_screen: autoDraw = False
30.7816 	EXP 	text: autoDraw = False
30.7816 	EXP 	hasPeriphery: size = array([1.77777778, 1.        ])
30.7816 	EXP 	hasPeriphery: image = 'C:\\Users\\hesselmann\\Desktop\\PsychoPyUniformityIllusion\\UniformityIllusionPsychoPy\\Pics\\10a.png'
30.7816 	EXP 	noPeriphery: size = array([1.77777778, 1.        ])
30.7816 	EXP 	noPeriphery: image = 'C:\\Users\\hesselmann\\Desktop\\PsychoPyUniformityIllusion\\UniformityIllusionPsychoPy\\Pics\\10start.png'
30.7816 	EXP 	final: size = array([1.77777778, 1.        ])
30.7816 	EXP 	final: image = 'C:\\Users\\hesselmann\\Desktop\\PsychoPyUniformityIllusion\\UniformityIllusionPsychoPy\\Pics\\10a.png'
30.7816 	EXP 	hasPeriphery: autoDraw = True
30.7816 	EXP 	hasPeriphery: texRes = 128.0
30.7816 	EXP 	noPeriphery: autoDraw = True
30.7816 	EXP 	noPeriphery: texRes = 128.0
30.7816 	EXP 	text: autoDraw = True
30.7816 	EXP 	hasPeriphery: autoDraw = False
30.7816 	EXP 	noPeriphery: autoDraw = False
30.7816 	EXP 	final: autoDraw = False
30.7816 	EXP 	blank_screen: autoDraw = False
30.7816 	EXP 	text: autoDraw = False
30.7816 	EXP 	hasPeriphery: size = array([1.77777778, 1.        ])
30.7816 	EXP 	hasPeriphery: image = 'C:\\Users\\hesselmann\\Desktop\\PsychoPyUniformityIllusion\\UniformityIllusionPsychoPy\\Pics\\6a.png'
30.7816 	EXP 	noPeriphery: size = array([1.77777778, 1.        ])
30.7816 	EXP 	noPeriphery: image = 'C:\\Users\\hesselmann\\Desktop\\PsychoPyUniformityIllusion\\UniformityIllusionPsychoPy\\Pics\\6start.png'
30.7816 	EXP 	final: size = array([1.77777778, 1.        ])
30.7816 	EXP 	final: image = 'C:\\Users\\hesselmann\\Desktop\\PsychoPyUniformityIllusion\\UniformityIllusionPsychoPy\\Pics\\6b.png'
30.7816 	EXP 	hasPeriphery: autoDraw = True
30.7816 	EXP 	hasPeriphery: texRes = 128.0
30.7816 	EXP 	noPeriphery: autoDraw = True
30.7816 	EXP 	noPeriphery: texRes = 128.0
30.7816 	EXP 	text: autoDraw = True
30.7816 	EXP 	hasPeriphery: autoDraw = False
30.7816 	EXP 	noPeriphery: autoDraw = False
30.7816 	EXP 	final: autoDraw = False
30.7816 	EXP 	blank_screen: autoDraw = False
30.7816 	EXP 	text: autoDraw = False
31.0691 	EXP 	window1: mouseVisible = True
