1.7288 	WARNING 	We strongly recommend you activate the PTB sound engine in PsychoPy prefs as the preferred audio engine. Its timing is vastly superior. Your prefs are currently set to use ['sounddevice', 'PTB', 'pyo', 'pygame'] (in that order).
15.2134 	WARNING 	Couldn't measure a consistent frame rate.
  - Is your graphics card set to sync to vertical blank?
  - Are you running other processes on your computer?

15.2137 	EXP 	Created window1 = Window(allowGUI=False, allowStencil=False, autoLog=True, backendConf=UNKNOWN, bitsMode=UNKNOWN, blendMode='avg', bpc=(8, 8, 8), color=array([0, 0, 0]), colorSpace='rgb', depthBits=8, fullscr=<method-wrapper '__getattribute__' of attributeSetter object at 0x000001FE91DB6438>, gamma=None, gammaErrorPolicy='raise', lms=UNKNOWN, monitor=<psychopy.monitors.calibTools.Monitor object at 0x000001FE91D8F7F0>, multiSample=False, name='window1', numSamples=2, pos=[0.0, 0.0], screen=0, size=array([1920, 1080]), stencilBits=0, stereo=False, units='height', useFBO=True, useRetina=False, viewOri=0.0, viewPos=None, viewScale=None, waitBlanking=True, winType='pyglet')
15.2139 	EXP 	window1: mouseVisible = True
15.2139 	EXP 	window1: recordFrameIntervals = False
15.4336 	EXP 	window1: recordFrameIntervals = True
15.5065 	WARNING 	t of last frame was 28.13ms (=1/35)
15.5335 	WARNING 	t of last frame was 26.93ms (=1/37)
15.6222 	WARNING 	t of last frame was 23.94ms (=1/41)
15.6457 	WARNING 	t of last frame was 23.44ms (=1/42)
15.6843 	WARNING 	Multiple dropped frames have occurred - I'll stop bothering you about them!
17.4956 	WARNING 	Couldn't measure a consistent frame rate.
  - Is your graphics card set to sync to vertical blank?
  - Are you running other processes on your computer?

18.1308 	EXP 	Created WelcomeText = TextStim(__class__=<class 'psychopy.visual.text.TextStim'>, alignHoriz=method-wrapper(...), alignText='center', alignVert=method-wrapper(...), anchorHoriz='center', anchorVert='center', antialias=True, autoLog=True, bold=False, color=array([1, 1, 1]), colorSpace='rgb', contrast=1.0, depth=0.0, flipHoriz=False, flipVert=False, font='Open Sans', fontFiles=[], height=0.1, italic=False, languageStyle='LTR', name='WelcomeText', opacity=1, ori=0.0, pos=array([0., 0.]), rgb=UNKNOWN, text='Welcome to our Study!', units='height', win=Window(...), wrapWidth=1)
18.1539 	EXP 	Imported depression.xlsx as conditions, 2 conditions, 12 params
18.1550 	EXP 	Question text: Sadness
18.2041 	EXP 	window1: mouseVisible = True
18.3126 	EXP 	Question text: Pessimism
18.3255 	EXP 	window1: mouseVisible = True
18.3858 	EXP 	window1: mouseVisible = True
18.3913 	EXP 	Created unnamed Rect = Rect(__class__=<class 'psychopy.visual.rect.Rect'>, autoDraw=False, autoLog=True, closeShape=True, color=method-wrapper(...), colorSpace='rgb', contrast=None, depth=0, fillColor=array([0, 0, 0]), fillColorSpace='rgb', fillRGB=UNKNOWN, interpolate=True, lineColor=array([0, 0, 0]), lineColorSpace='rgb', lineRGB=UNKNOWN, lineWidth=1.5, name='unnamed Rect', opacity=0, ori=0.0, pos=array([0., 0.]), size=array([0., 0.]), units='height', vertices=ndarray(...), win=Window(...))
18.4058 	EXP 	Created DepressionQuestionnaire = <psychopy.visual.form.Form object at 0x000001FE94967390>
18.4406 	EXP 	window1: mouseVisible = True
18.5774 	EXP 	Created instructionsText = TextStim(__class__=<class 'psychopy.visual.text.TextStim'>, alignHoriz=method-wrapper(...), alignText='center', alignVert=method-wrapper(...), anchorHoriz='center', anchorVert='center', antialias=True, autoLog=True, bold=False, color=array([1, 1, 1]), colorSpace='rgb', contrast=1.0, depth=0.0, flipHoriz=False, flipVert=False, font='Open Sans', fontFiles=[], height=0.04, italic=False, languageStyle='LTR', name='instructionsText', opacity=1, ori=0.0, pos=array([0., 0.]), rgb=UNKNOWN, text=str(...), units='height', win=Window(...), wrapWidth=1)
18.5811 	EXP 	Created hasPeriphery = ImageStim(__class__=<class 'psychopy.visual.image.ImageStim'>, autoLog=True, color=array([1, 1, 1]), colorSpace='rgb', contrast=1.0, depth=0.0, flipHoriz=False, flipVert=False, image='sin', interpolate=True, mask=None, maskParams=None, name='hasPeriphery', opacity=1.0, ori=0.0, pos=array([0., 0.]), size=array([0.5, 0.5]), texRes=128.0, units='height', win=Window(...))
18.5848 	EXP 	Created noPeriphery = ImageStim(__class__=<class 'psychopy.visual.image.ImageStim'>, autoLog=True, color=array([1, 1, 1]), colorSpace='rgb', contrast=1.0, depth=-2.0, flipHoriz=False, flipVert=False, image='sin', interpolate=True, mask=None, maskParams=None, name='noPeriphery', opacity=1.0, ori=0.0, pos=array([0., 0.]), size=array([0.5, 0.5]), texRes=128.0, units='height', win=Window(...))
18.6026 	EXP 	Created text = TextStim(__class__=<class 'psychopy.visual.text.TextStim'>, alignHoriz=method-wrapper(...), alignText='center', alignVert=method-wrapper(...), anchorHoriz='center', anchorVert='center', antialias=True, autoLog=True, bold=False, color=array([ 1, -1, -1]), colorSpace='rgb', contrast=1.0, depth=-3.0, flipHoriz=False, flipVert=False, font='Open Sans', fontFiles=[], height=0.1, italic=False, languageStyle='LTR', name='text', opacity=1, ori=0.0, pos=array([0., 0.]), rgb=UNKNOWN, text='+', units='height', win=Window(...), wrapWidth=1)
18.6335 	EXP 	Created WelcomeText = TextStim(__class__=<class 'psychopy.visual.text.TextStim'>, alignHoriz=method-wrapper(...), alignText='center', alignVert=method-wrapper(...), anchorHoriz='center', anchorVert='center', antialias=True, autoLog=True, bold=False, color=array([1, 1, 1]), colorSpace='rgb', contrast=1.0, depth=0.0, flipHoriz=False, flipVert=False, font='Open Sans', fontFiles=[], height=0.1, italic=False, languageStyle='LTR', name='WelcomeText', opacity=1, ori=0.0, pos=array([0., 0.]), rgb=UNKNOWN, text='Welcome to our Study!', units='height', win=Window(...), wrapWidth=1)
18.6366 	EXP 	Created hasPeriphery_2 = ImageStim(__class__=<class 'psychopy.visual.image.ImageStim'>, autoLog=True, color=array([1, 1, 1]), colorSpace='rgb', contrast=1.0, depth=0.0, flipHoriz=False, flipVert=False, image='sin', interpolate=True, mask=None, maskParams=None, name='hasPeriphery_2', opacity=1.0, ori=0.0, pos=array([0., 0.]), size=array([0.5, 0.5]), texRes=128.0, units='height', win=Window(...))
18.6397 	EXP 	Created noPeriphery_2 = ImageStim(__class__=<class 'psychopy.visual.image.ImageStim'>, autoLog=True, color=array([1, 1, 1]), colorSpace='rgb', contrast=1.0, depth=-2.0, flipHoriz=False, flipVert=False, image='sin', interpolate=True, mask=None, maskParams=None, name='noPeriphery_2', opacity=1.0, ori=0.0, pos=array([0., 0.]), size=array([0.5, 0.5]), texRes=128.0, units='height', win=Window(...))
18.6418 	EXP 	Created text_2 = TextStim(__class__=<class 'psychopy.visual.text.TextStim'>, alignHoriz=method-wrapper(...), alignText='center', alignVert=method-wrapper(...), anchorHoriz='center', anchorVert='center', antialias=True, autoLog=True, bold=False, color=array([ 1, -1, -1]), colorSpace='rgb', contrast=1.0, depth=-3.0, flipHoriz=False, flipVert=False, font='Open Sans', fontFiles=[], height=0.1, italic=False, languageStyle='LTR', name='text_2', opacity=1, ori=0.0, pos=array([0., 0.]), rgb=UNKNOWN, text='+', units='height', win=Window(...), wrapWidth=1)
19.6960 	EXP 	unnamed Form: autoLog = True
19.6960 	EXP 	DepressionQuestionnaire: name = 'DepressionQuestionnaire'
19.6960 	EXP 	DepressionQuestionnaire: size = (3.5, 1)
19.6960 	EXP 	DepressionQuestionnaire: size = array([3.5, 1. ])
19.6960 	EXP 	DepressionQuestionnaire: units = 'height'
19.6960 	EXP 	DepressionQuestionnaire: depth = 0
19.6960 	EXP 	WelcomeText: autoDraw = True
20.6984 	EXP 	WelcomeText: autoDraw = False
20.6984 	EXP 	DepressionQuestionnaire: autoDraw = True
21.8899 	DATA 	Mouse: Left button down, pos=(697,76)
21.9279 	EXP 	DepressionQuestionnaire: autoDraw = False
21.9279 	EXP 	instructionsText: autoDraw = True
22.0026 	DATA 	Mouse:  Left button up, pos=(697,76)
23.3327 	EXP 	Imported picPaths.xlsx as conditions, 6 conditions, 3 params
23.3330 	EXP 	Created sequence: sequential, trialTypes=6, nReps=1, seed=None
23.3334 	EXP 	New trial (rep=0, index=0): {'startImage': 'C:\\Users\\hesselmann\\Desktop\\PsychoPyUniformityIllusion\\UniformityIllusionPsychoPy\\Pics\\1start.png', 'endImage': 'C:\\Users\\hesselmann\\Desktop\\PsychoPyUniformityIllusion\\UniformityIllusionPsychoPy\\Pics\\1a.png', 'AB': 'a'}
23.6730 	DATA 	Keypress: space
23.7306 	EXP 	instructionsText: autoDraw = False
23.7306 	EXP 	hasPeriphery: size = array([1.77777778, 1.        ])
23.7306 	EXP 	hasPeriphery: image = 'C:\\Users\\hesselmann\\Desktop\\PsychoPyUniformityIllusion\\UniformityIllusionPsychoPy\\Pics\\1a.png'
23.7306 	EXP 	noPeriphery: size = array([1.77777778, 1.        ])
23.7306 	EXP 	noPeriphery: image = 'C:\\Users\\hesselmann\\Desktop\\PsychoPyUniformityIllusion\\UniformityIllusionPsychoPy\\Pics\\1start.png'
23.7306 	EXP 	hasPeriphery: autoDraw = True
23.7306 	EXP 	hasPeriphery: texRes = 128.0
23.7306 	EXP 	noPeriphery: autoDraw = True
23.7306 	EXP 	noPeriphery: texRes = 128.0
23.7306 	EXP 	text: autoDraw = True
23.9271 	EXP 	hasPeriphery: texRes = 128.0
23.9271 	EXP 	noPeriphery: texRes = 128.0
24.1643 	EXP 	hasPeriphery: texRes = 128.0
24.1643 	EXP 	noPeriphery: texRes = 128.0
24.3937 	EXP 	hasPeriphery: texRes = 128.0
24.3937 	EXP 	noPeriphery: texRes = 128.0
24.6608 	EXP 	hasPeriphery: texRes = 128.0
24.6608 	EXP 	noPeriphery: texRes = 128.0
24.8938 	EXP 	hasPeriphery: texRes = 128.0
24.8938 	EXP 	noPeriphery: texRes = 128.0
25.0771 	EXP 	hasPeriphery: texRes = 128.0
25.0771 	EXP 	noPeriphery: texRes = 128.0
25.3173 	EXP 	hasPeriphery: texRes = 128.0
25.3173 	EXP 	noPeriphery: texRes = 128.0
25.5462 	EXP 	hasPeriphery: texRes = 128.0
25.5462 	EXP 	noPeriphery: texRes = 128.0
25.7945 	EXP 	hasPeriphery: texRes = 128.0
25.7945 	EXP 	noPeriphery: texRes = 128.0
26.0289 	EXP 	hasPeriphery: texRes = 128.0
26.0289 	EXP 	noPeriphery: texRes = 128.0
27.2010 	EXP 	New trial (rep=0, index=1): {'startImage': 'C:\\Users\\hesselmann\\Desktop\\PsychoPyUniformityIllusion\\UniformityIllusionPsychoPy\\Pics\\1start.png', 'endImage': 'C:\\Users\\hesselmann\\Desktop\\PsychoPyUniformityIllusion\\UniformityIllusionPsychoPy\\Pics\\1b.png', 'AB': 'b'}
27.4603 	DATA 	Keypress: space
27.4608 	DATA 	Keypress: space
27.5101 	EXP 	hasPeriphery: texRes = 128.0
27.5101 	EXP 	noPeriphery: texRes = 128.0
27.5101 	EXP 	hasPeriphery: autoDraw = False
27.5101 	EXP 	noPeriphery: autoDraw = False
27.5101 	EXP 	text: autoDraw = False
27.5101 	EXP 	hasPeriphery: size = array([1.77777778, 1.        ])
27.5101 	EXP 	hasPeriphery: image = 'C:\\Users\\hesselmann\\Desktop\\PsychoPyUniformityIllusion\\UniformityIllusionPsychoPy\\Pics\\1b.png'
27.5101 	EXP 	noPeriphery: size = array([1.77777778, 1.        ])
27.5101 	EXP 	noPeriphery: image = 'C:\\Users\\hesselmann\\Desktop\\PsychoPyUniformityIllusion\\UniformityIllusionPsychoPy\\Pics\\1start.png'
27.5101 	EXP 	hasPeriphery: autoDraw = True
27.5101 	EXP 	hasPeriphery: texRes = 128.0
27.5101 	EXP 	noPeriphery: autoDraw = True
27.5101 	EXP 	noPeriphery: texRes = 128.0
27.5101 	EXP 	text: autoDraw = True
27.6614 	DATA 	Mouse: Left button down, pos=(958,520)
27.7102 	EXP 	hasPeriphery: texRes = 128.0
27.7102 	EXP 	noPeriphery: texRes = 128.0
27.8865 	DATA 	Mouse:  Left button up, pos=(958,520)
27.9268 	EXP 	hasPeriphery: texRes = 128.0
27.9268 	EXP 	noPeriphery: texRes = 128.0
29.1249 	EXP 	New trial (rep=0, index=2): {'startImage': 'C:\\Users\\hesselmann\\Desktop\\PsychoPyUniformityIllusion\\UniformityIllusionPsychoPy\\Pics\\2start.png', 'endImage': 'C:\\Users\\hesselmann\\Desktop\\PsychoPyUniformityIllusion\\UniformityIllusionPsychoPy\\Pics\\2a.png', 'AB': 'a'}
29.3442 	DATA 	Keypress: space
29.3988 	EXP 	hasPeriphery: texRes = 128.0
29.3988 	EXP 	noPeriphery: texRes = 128.0
29.3988 	EXP 	hasPeriphery: autoDraw = False
29.3988 	EXP 	noPeriphery: autoDraw = False
29.3988 	EXP 	text: autoDraw = False
29.3988 	EXP 	hasPeriphery: size = array([1.77777778, 1.        ])
29.3988 	EXP 	hasPeriphery: image = 'C:\\Users\\hesselmann\\Desktop\\PsychoPyUniformityIllusion\\UniformityIllusionPsychoPy\\Pics\\2a.png'
29.3988 	EXP 	noPeriphery: size = array([1.77777778, 1.        ])
29.3988 	EXP 	noPeriphery: image = 'C:\\Users\\hesselmann\\Desktop\\PsychoPyUniformityIllusion\\UniformityIllusionPsychoPy\\Pics\\2start.png'
29.3988 	EXP 	hasPeriphery: autoDraw = True
29.3988 	EXP 	hasPeriphery: texRes = 128.0
29.3988 	EXP 	noPeriphery: autoDraw = True
29.3988 	EXP 	noPeriphery: texRes = 128.0
29.3988 	EXP 	text: autoDraw = True
29.4984 	DATA 	Keypress: space
29.5517 	EXP 	hasPeriphery: texRes = 128.0
29.5517 	EXP 	noPeriphery: texRes = 128.0
29.7467 	EXP 	hasPeriphery: texRes = 128.0
29.7467 	EXP 	noPeriphery: texRes = 128.0
29.9327 	EXP 	hasPeriphery: texRes = 128.0
29.9327 	EXP 	noPeriphery: texRes = 128.0
30.1297 	EXP 	hasPeriphery: texRes = 128.0
30.1297 	EXP 	noPeriphery: texRes = 128.0
30.2683 	DATA 	Keypress: space
30.3134 	EXP 	hasPeriphery: texRes = 128.0
30.3134 	EXP 	noPeriphery: texRes = 128.0
31.4522 	EXP 	New trial (rep=0, index=3): {'startImage': 'C:\\Users\\hesselmann\\Desktop\\PsychoPyUniformityIllusion\\UniformityIllusionPsychoPy\\Pics\\2start.png', 'endImage': 'C:\\Users\\hesselmann\\Desktop\\PsychoPyUniformityIllusion\\UniformityIllusionPsychoPy\\Pics\\2b.png', 'AB': 'b'}
31.6511 	DATA 	Keypress: space
31.6939 	EXP 	hasPeriphery: texRes = 128.0
31.6939 	EXP 	noPeriphery: texRes = 128.0
31.6939 	EXP 	hasPeriphery: autoDraw = False
31.6939 	EXP 	noPeriphery: autoDraw = False
31.6939 	EXP 	text: autoDraw = False
31.6939 	EXP 	hasPeriphery: size = array([1.77777778, 1.        ])
31.6939 	EXP 	hasPeriphery: image = 'C:\\Users\\hesselmann\\Desktop\\PsychoPyUniformityIllusion\\UniformityIllusionPsychoPy\\Pics\\2b.png'
31.6939 	EXP 	noPeriphery: size = array([1.77777778, 1.        ])
31.6939 	EXP 	noPeriphery: image = 'C:\\Users\\hesselmann\\Desktop\\PsychoPyUniformityIllusion\\UniformityIllusionPsychoPy\\Pics\\2start.png'
31.6939 	EXP 	hasPeriphery: autoDraw = True
31.6939 	EXP 	hasPeriphery: texRes = 128.0
31.6939 	EXP 	noPeriphery: autoDraw = True
31.6939 	EXP 	noPeriphery: texRes = 128.0
31.6939 	EXP 	text: autoDraw = True
31.8433 	EXP 	hasPeriphery: texRes = 128.0
31.8433 	EXP 	noPeriphery: texRes = 128.0
32.0120 	EXP 	hasPeriphery: texRes = 128.0
32.0120 	EXP 	noPeriphery: texRes = 128.0
32.1816 	EXP 	hasPeriphery: texRes = 128.0
32.1816 	EXP 	noPeriphery: texRes = 128.0
32.3779 	EXP 	hasPeriphery: texRes = 128.0
32.3779 	EXP 	noPeriphery: texRes = 128.0
32.5218 	DATA 	Keypress: space
32.5713 	EXP 	hasPeriphery: texRes = 128.0
32.5713 	EXP 	noPeriphery: texRes = 128.0
33.6871 	EXP 	New trial (rep=0, index=4): {'startImage': 'C:\\Users\\hesselmann\\Desktop\\PsychoPyUniformityIllusion\\UniformityIllusionPsychoPy\\Pics\\3start.png', 'endImage': 'C:\\Users\\hesselmann\\Desktop\\PsychoPyUniformityIllusion\\UniformityIllusionPsychoPy\\Pics\\3a.png', 'AB': 'a'}
33.9215 	DATA 	Keypress: space
33.9218 	DATA 	Keypress: space
33.9757 	EXP 	hasPeriphery: texRes = 128.0
33.9757 	EXP 	noPeriphery: texRes = 128.0
33.9757 	EXP 	hasPeriphery: autoDraw = False
33.9757 	EXP 	noPeriphery: autoDraw = False
33.9757 	EXP 	text: autoDraw = False
33.9757 	EXP 	hasPeriphery: size = array([1.77777778, 1.        ])
33.9757 	EXP 	hasPeriphery: image = 'C:\\Users\\hesselmann\\Desktop\\PsychoPyUniformityIllusion\\UniformityIllusionPsychoPy\\Pics\\3a.png'
33.9757 	EXP 	noPeriphery: size = array([1.77777778, 1.        ])
33.9757 	EXP 	noPeriphery: image = 'C:\\Users\\hesselmann\\Desktop\\PsychoPyUniformityIllusion\\UniformityIllusionPsychoPy\\Pics\\3start.png'
33.9757 	EXP 	hasPeriphery: autoDraw = True
33.9757 	EXP 	hasPeriphery: texRes = 128.0
33.9757 	EXP 	noPeriphery: autoDraw = True
33.9757 	EXP 	noPeriphery: texRes = 128.0
33.9757 	EXP 	text: autoDraw = True
34.1267 	EXP 	hasPeriphery: texRes = 128.0
34.1267 	EXP 	noPeriphery: texRes = 128.0
34.3432 	EXP 	hasPeriphery: texRes = 128.0
34.3432 	EXP 	noPeriphery: texRes = 128.0
34.5341 	EXP 	hasPeriphery: texRes = 128.0
34.5341 	EXP 	noPeriphery: texRes = 128.0
34.7098 	EXP 	hasPeriphery: texRes = 128.0
34.7098 	EXP 	noPeriphery: texRes = 128.0
34.8950 	EXP 	hasPeriphery: texRes = 128.0
34.8950 	EXP 	noPeriphery: texRes = 128.0
35.0778 	EXP 	hasPeriphery: texRes = 128.0
35.0778 	EXP 	noPeriphery: texRes = 128.0
35.2707 	EXP 	hasPeriphery: texRes = 128.0
35.2707 	EXP 	noPeriphery: texRes = 128.0
35.3905 	DATA 	Keypress: space
35.4320 	EXP 	hasPeriphery: texRes = 128.0
35.4320 	EXP 	noPeriphery: texRes = 128.0
36.6116 	EXP 	New trial (rep=0, index=5): {'startImage': 'C:\\Users\\hesselmann\\Desktop\\PsychoPyUniformityIllusion\\UniformityIllusionPsychoPy\\Pics\\3start.png', 'endImage': 'C:\\Users\\hesselmann\\Desktop\\PsychoPyUniformityIllusion\\UniformityIllusionPsychoPy\\Pics\\3b.png', 'AB': 'b'}
36.8191 	DATA 	Keypress: space
36.8197 	DATA 	Keypress: space
36.8615 	EXP 	hasPeriphery: texRes = 128.0
36.8615 	EXP 	noPeriphery: texRes = 128.0
36.8615 	EXP 	hasPeriphery: autoDraw = False
36.8615 	EXP 	noPeriphery: autoDraw = False
36.8615 	EXP 	text: autoDraw = False
36.8615 	EXP 	hasPeriphery: size = array([1.77777778, 1.        ])
36.8615 	EXP 	hasPeriphery: image = 'C:\\Users\\hesselmann\\Desktop\\PsychoPyUniformityIllusion\\UniformityIllusionPsychoPy\\Pics\\3b.png'
36.8615 	EXP 	noPeriphery: size = array([1.77777778, 1.        ])
36.8615 	EXP 	noPeriphery: image = 'C:\\Users\\hesselmann\\Desktop\\PsychoPyUniformityIllusion\\UniformityIllusionPsychoPy\\Pics\\3start.png'
36.8615 	EXP 	hasPeriphery: autoDraw = True
36.8615 	EXP 	hasPeriphery: texRes = 128.0
36.8615 	EXP 	noPeriphery: autoDraw = True
36.8615 	EXP 	noPeriphery: texRes = 128.0
36.8615 	EXP 	text: autoDraw = True
37.0266 	EXP 	hasPeriphery: texRes = 128.0
37.0266 	EXP 	noPeriphery: texRes = 128.0
37.2276 	EXP 	hasPeriphery: texRes = 128.0
37.2276 	EXP 	noPeriphery: texRes = 128.0
37.4296 	EXP 	hasPeriphery: texRes = 128.0
37.4296 	EXP 	noPeriphery: texRes = 128.0
37.5958 	EXP 	hasPeriphery: texRes = 128.0
37.5958 	EXP 	noPeriphery: texRes = 128.0
37.7661 	EXP 	hasPeriphery: texRes = 128.0
37.7661 	EXP 	noPeriphery: texRes = 128.0
37.9448 	EXP 	hasPeriphery: texRes = 128.0
37.9448 	EXP 	noPeriphery: texRes = 128.0
38.1273 	EXP 	hasPeriphery: texRes = 128.0
38.1273 	EXP 	noPeriphery: texRes = 128.0
38.3109 	EXP 	hasPeriphery: texRes = 128.0
38.3109 	EXP 	noPeriphery: texRes = 128.0
38.4992 	EXP 	hasPeriphery: texRes = 128.0
38.4992 	EXP 	noPeriphery: texRes = 128.0
38.6797 	EXP 	hasPeriphery: texRes = 128.0
38.6797 	EXP 	noPeriphery: texRes = 128.0
38.8352 	DATA 	Keypress: space
38.8782 	EXP 	hasPeriphery: texRes = 128.0
38.8782 	EXP 	noPeriphery: texRes = 128.0
40.0167 	DATA 	Keypress: space
40.0438 	EXP 	hasPeriphery: texRes = 128.0
40.0438 	EXP 	noPeriphery: texRes = 128.0
40.0438 	EXP 	hasPeriphery: autoDraw = False
40.0438 	EXP 	noPeriphery: autoDraw = False
40.0438 	EXP 	text: autoDraw = False
40.0438 	EXP 	WelcomeText: autoDraw = True
41.4655 	DATA 	Keypress: space
42.0569 	EXP 	Imported picPaths.xlsx as conditions, 24 conditions, 3 params
42.0574 	EXP 	Created sequence: sequential, trialTypes=24, nReps=1, seed=None
42.0578 	EXP 	New trial (rep=0, index=0): {'startImage': 'C:\\Users\\hesselmann\\Desktop\\PsychoPyUniformityIllusion\\UniformityIllusionPsychoPy\\Pics\\4start.png', 'endImage': 'C:\\Users\\hesselmann\\Desktop\\PsychoPyUniformityIllusion\\UniformityIllusionPsychoPy\\Pics\\4a.png', 'AB': 'a'}
42.3122 	EXP 	New trial (rep=0, index=1): {'startImage': 'C:\\Users\\hesselmann\\Desktop\\PsychoPyUniformityIllusion\\UniformityIllusionPsychoPy\\Pics\\4start.png', 'endImage': 'C:\\Users\\hesselmann\\Desktop\\PsychoPyUniformityIllusion\\UniformityIllusionPsychoPy\\Pics\\4b.png', 'AB': 'b'}
42.4757 	EXP 	New trial (rep=0, index=2): {'startImage': 'C:\\Users\\hesselmann\\Desktop\\PsychoPyUniformityIllusion\\UniformityIllusionPsychoPy\\Pics\\5start.png', 'endImage': 'C:\\Users\\hesselmann\\Desktop\\PsychoPyUniformityIllusion\\UniformityIllusionPsychoPy\\Pics\\5a.png', 'AB': 'a'}
42.7417 	EXP 	New trial (rep=0, index=3): {'startImage': 'C:\\Users\\hesselmann\\Desktop\\PsychoPyUniformityIllusion\\UniformityIllusionPsychoPy\\Pics\\5start.png', 'endImage': 'C:\\Users\\hesselmann\\Desktop\\PsychoPyUniformityIllusion\\UniformityIllusionPsychoPy\\Pics\\5b.png', 'AB': 'b'}
42.9899 	EXP 	New trial (rep=0, index=4): {'startImage': 'C:\\Users\\hesselmann\\Desktop\\PsychoPyUniformityIllusion\\UniformityIllusionPsychoPy\\Pics\\6start.png', 'endImage': 'C:\\Users\\hesselmann\\Desktop\\PsychoPyUniformityIllusion\\UniformityIllusionPsychoPy\\Pics\\6a.png', 'AB': 'a'}
43.2187 	EXP 	New trial (rep=0, index=5): {'startImage': 'C:\\Users\\hesselmann\\Desktop\\PsychoPyUniformityIllusion\\UniformityIllusionPsychoPy\\Pics\\6start.png', 'endImage': 'C:\\Users\\hesselmann\\Desktop\\PsychoPyUniformityIllusion\\UniformityIllusionPsychoPy\\Pics\\6b.png', 'AB': 'b'}
43.4328 	EXP 	New trial (rep=0, index=6): {'startImage': 'C:\\Users\\hesselmann\\Desktop\\PsychoPyUniformityIllusion\\UniformityIllusionPsychoPy\\Pics\\7start.png', 'endImage': 'C:\\Users\\hesselmann\\Desktop\\PsychoPyUniformityIllusion\\UniformityIllusionPsychoPy\\Pics\\7a.png', 'AB': None}
43.6848 	EXP 	New trial (rep=0, index=7): {'startImage': 'C:\\Users\\hesselmann\\Desktop\\PsychoPyUniformityIllusion\\UniformityIllusionPsychoPy\\Pics\\7start.png', 'endImage': 'C:\\Users\\hesselmann\\Desktop\\PsychoPyUniformityIllusion\\UniformityIllusionPsychoPy\\Pics\\7b.png', 'AB': None}
43.9228 	EXP 	New trial (rep=0, index=8): {'startImage': 'C:\\Users\\hesselmann\\Desktop\\PsychoPyUniformityIllusion\\UniformityIllusionPsychoPy\\Pics\\8start.png', 'endImage': 'C:\\Users\\hesselmann\\Desktop\\PsychoPyUniformityIllusion\\UniformityIllusionPsychoPy\\Pics\\8a.png', 'AB': None}
44.1398 	EXP 	New trial (rep=0, index=9): {'startImage': 'C:\\Users\\hesselmann\\Desktop\\PsychoPyUniformityIllusion\\UniformityIllusionPsychoPy\\Pics\\8start.png', 'endImage': 'C:\\Users\\hesselmann\\Desktop\\PsychoPyUniformityIllusion\\UniformityIllusionPsychoPy\\Pics\\8b.png', 'AB': None}
44.3559 	EXP 	New trial (rep=0, index=10): {'startImage': 'C:\\Users\\hesselmann\\Desktop\\PsychoPyUniformityIllusion\\UniformityIllusionPsychoPy\\Pics\\9start.png', 'endImage': 'C:\\Users\\hesselmann\\Desktop\\PsychoPyUniformityIllusion\\UniformityIllusionPsychoPy\\Pics\\9a.png', 'AB': None}
44.5649 	EXP 	New trial (rep=0, index=11): {'startImage': 'C:\\Users\\hesselmann\\Desktop\\PsychoPyUniformityIllusion\\UniformityIllusionPsychoPy\\Pics\\9start.png', 'endImage': 'C:\\Users\\hesselmann\\Desktop\\PsychoPyUniformityIllusion\\UniformityIllusionPsychoPy\\Pics\\9b.png', 'AB': None}
44.7670 	EXP 	New trial (rep=0, index=12): {'startImage': 'C:\\Users\\hesselmann\\Desktop\\PsychoPyUniformityIllusion\\UniformityIllusionPsychoPy\\Pics\\10start.png', 'endImage': 'C:\\Users\\hesselmann\\Desktop\\PsychoPyUniformityIllusion\\UniformityIllusionPsychoPy\\Pics\\10a.png', 'AB': None}
45.0229 	EXP 	New trial (rep=0, index=13): {'startImage': 'C:\\Users\\hesselmann\\Desktop\\PsychoPyUniformityIllusion\\UniformityIllusionPsychoPy\\Pics\\10start.png', 'endImage': 'C:\\Users\\hesselmann\\Desktop\\PsychoPyUniformityIllusion\\UniformityIllusionPsychoPy\\Pics\\10b.png', 'AB': None}
45.2710 	EXP 	New trial (rep=0, index=14): {'startImage': 'C:\\Users\\hesselmann\\Desktop\\PsychoPyUniformityIllusion\\UniformityIllusionPsychoPy\\Pics\\11start.png', 'endImage': 'C:\\Users\\hesselmann\\Desktop\\PsychoPyUniformityIllusion\\UniformityIllusionPsychoPy\\Pics\\11a.png', 'AB': None}
45.5470 	EXP 	New trial (rep=0, index=15): {'startImage': 'C:\\Users\\hesselmann\\Desktop\\PsychoPyUniformityIllusion\\UniformityIllusionPsychoPy\\Pics\\11start.png', 'endImage': 'C:\\Users\\hesselmann\\Desktop\\PsychoPyUniformityIllusion\\UniformityIllusionPsychoPy\\Pics\\11b.png', 'AB': None}
45.7880 	EXP 	New trial (rep=0, index=16): {'startImage': 'C:\\Users\\hesselmann\\Desktop\\PsychoPyUniformityIllusion\\UniformityIllusionPsychoPy\\Pics\\12start.png', 'endImage': 'C:\\Users\\hesselmann\\Desktop\\PsychoPyUniformityIllusion\\UniformityIllusionPsychoPy\\Pics\\12a.png', 'AB': None}
45.9930 	EXP 	New trial (rep=0, index=17): {'startImage': 'C:\\Users\\hesselmann\\Desktop\\PsychoPyUniformityIllusion\\UniformityIllusionPsychoPy\\Pics\\12start.png', 'endImage': 'C:\\Users\\hesselmann\\Desktop\\PsychoPyUniformityIllusion\\UniformityIllusionPsychoPy\\Pics\\12b.png', 'AB': None}
46.1900 	EXP 	New trial (rep=0, index=18): {'startImage': 'C:\\Users\\hesselmann\\Desktop\\PsychoPyUniformityIllusion\\UniformityIllusionPsychoPy\\Pics\\13start.png', 'endImage': 'C:\\Users\\hesselmann\\Desktop\\PsychoPyUniformityIllusion\\UniformityIllusionPsychoPy\\Pics\\13a.png', 'AB': None}
46.4681 	EXP 	New trial (rep=0, index=19): {'startImage': 'C:\\Users\\hesselmann\\Desktop\\PsychoPyUniformityIllusion\\UniformityIllusionPsychoPy\\Pics\\13start.png', 'endImage': 'C:\\Users\\hesselmann\\Desktop\\PsychoPyUniformityIllusion\\UniformityIllusionPsychoPy\\Pics\\13b.png', 'AB': None}
46.7383 	EXP 	New trial (rep=0, index=20): {'startImage': 'C:\\Users\\hesselmann\\Desktop\\PsychoPyUniformityIllusion\\UniformityIllusionPsychoPy\\Pics\\14start.png', 'endImage': 'C:\\Users\\hesselmann\\Desktop\\PsychoPyUniformityIllusion\\UniformityIllusionPsychoPy\\Pics\\14a.png', 'AB': None}
46.9991 	EXP 	New trial (rep=0, index=21): {'startImage': 'C:\\Users\\hesselmann\\Desktop\\PsychoPyUniformityIllusion\\UniformityIllusionPsychoPy\\Pics\\14start.png', 'endImage': 'C:\\Users\\hesselmann\\Desktop\\PsychoPyUniformityIllusion\\UniformityIllusionPsychoPy\\Pics\\14b.png', 'AB': None}
47.2071 	EXP 	New trial (rep=0, index=22): {'startImage': 'C:\\Users\\hesselmann\\Desktop\\PsychoPyUniformityIllusion\\UniformityIllusionPsychoPy\\Pics\\15start.png', 'endImage': 'C:\\Users\\hesselmann\\Desktop\\PsychoPyUniformityIllusion\\UniformityIllusionPsychoPy\\Pics\\15a.png', 'AB': None}
47.3881 	EXP 	New trial (rep=0, index=23): {'startImage': 'C:\\Users\\hesselmann\\Desktop\\PsychoPyUniformityIllusion\\UniformityIllusionPsychoPy\\Pics\\15start.png', 'endImage': 'C:\\Users\\hesselmann\\Desktop\\PsychoPyUniformityIllusion\\UniformityIllusionPsychoPy\\Pics\\15b.png', 'AB': None}
47.5820 	DATA 	Keypress: space
47.5824 	DATA 	Keypress: space
47.5916 	EXP 	WelcomeText: autoDraw = False
47.5916 	EXP 	hasPeriphery_2: size = array([1.77777778, 1.        ])
47.5916 	EXP 	hasPeriphery_2: image = 'C:\\Users\\hesselmann\\Desktop\\PsychoPyUniformityIllusion\\UniformityIllusionPsychoPy\\Pics\\4a.png'
47.5916 	EXP 	noPeriphery_2: size = array([1.77777778, 1.        ])
47.5916 	EXP 	noPeriphery_2: image = 'C:\\Users\\hesselmann\\Desktop\\PsychoPyUniformityIllusion\\UniformityIllusionPsychoPy\\Pics\\4start.png'
47.5916 	EXP 	hasPeriphery_2: autoDraw = True
47.5916 	EXP 	hasPeriphery_2: texRes = 128.0
47.5916 	EXP 	noPeriphery_2: autoDraw = True
47.5916 	EXP 	noPeriphery_2: texRes = 128.0
47.5916 	EXP 	text_2: autoDraw = True
47.5916 	EXP 	hasPeriphery_2: autoDraw = False
47.5916 	EXP 	noPeriphery_2: autoDraw = False
47.5916 	EXP 	text_2: autoDraw = False
47.5916 	EXP 	hasPeriphery_2: size = array([1.77777778, 1.        ])
47.5916 	EXP 	hasPeriphery_2: image = 'C:\\Users\\hesselmann\\Desktop\\PsychoPyUniformityIllusion\\UniformityIllusionPsychoPy\\Pics\\4b.png'
47.5916 	EXP 	noPeriphery_2: size = array([1.77777778, 1.        ])
47.5916 	EXP 	noPeriphery_2: image = 'C:\\Users\\hesselmann\\Desktop\\PsychoPyUniformityIllusion\\UniformityIllusionPsychoPy\\Pics\\4start.png'
47.5916 	EXP 	hasPeriphery_2: autoDraw = True
47.5916 	EXP 	hasPeriphery_2: texRes = 128.0
47.5916 	EXP 	noPeriphery_2: autoDraw = True
47.5916 	EXP 	noPeriphery_2: texRes = 128.0
47.5916 	EXP 	text_2: autoDraw = True
47.5916 	EXP 	hasPeriphery_2: autoDraw = False
47.5916 	EXP 	noPeriphery_2: autoDraw = False
47.5916 	EXP 	text_2: autoDraw = False
47.5916 	EXP 	hasPeriphery_2: size = array([1.77777778, 1.        ])
47.5916 	EXP 	hasPeriphery_2: image = 'C:\\Users\\hesselmann\\Desktop\\PsychoPyUniformityIllusion\\UniformityIllusionPsychoPy\\Pics\\5a.png'
47.5916 	EXP 	noPeriphery_2: size = array([1.77777778, 1.        ])
47.5916 	EXP 	noPeriphery_2: image = 'C:\\Users\\hesselmann\\Desktop\\PsychoPyUniformityIllusion\\UniformityIllusionPsychoPy\\Pics\\5start.png'
47.5916 	EXP 	hasPeriphery_2: autoDraw = True
47.5916 	EXP 	hasPeriphery_2: texRes = 128.0
47.5916 	EXP 	noPeriphery_2: autoDraw = True
47.5916 	EXP 	noPeriphery_2: texRes = 128.0
47.5916 	EXP 	text_2: autoDraw = True
47.5916 	EXP 	hasPeriphery_2: autoDraw = False
47.5916 	EXP 	noPeriphery_2: autoDraw = False
47.5916 	EXP 	text_2: autoDraw = False
47.5916 	EXP 	hasPeriphery_2: size = array([1.77777778, 1.        ])
47.5916 	EXP 	hasPeriphery_2: image = 'C:\\Users\\hesselmann\\Desktop\\PsychoPyUniformityIllusion\\UniformityIllusionPsychoPy\\Pics\\5b.png'
47.5916 	EXP 	noPeriphery_2: size = array([1.77777778, 1.        ])
47.5916 	EXP 	noPeriphery_2: image = 'C:\\Users\\hesselmann\\Desktop\\PsychoPyUniformityIllusion\\UniformityIllusionPsychoPy\\Pics\\5start.png'
47.5916 	EXP 	hasPeriphery_2: autoDraw = True
47.5916 	EXP 	hasPeriphery_2: texRes = 128.0
47.5916 	EXP 	noPeriphery_2: autoDraw = True
47.5916 	EXP 	noPeriphery_2: texRes = 128.0
47.5916 	EXP 	text_2: autoDraw = True
47.5916 	EXP 	hasPeriphery_2: autoDraw = False
47.5916 	EXP 	noPeriphery_2: autoDraw = False
47.5916 	EXP 	text_2: autoDraw = False
47.5916 	EXP 	hasPeriphery_2: size = array([1.77777778, 1.        ])
47.5916 	EXP 	hasPeriphery_2: image = 'C:\\Users\\hesselmann\\Desktop\\PsychoPyUniformityIllusion\\UniformityIllusionPsychoPy\\Pics\\6a.png'
47.5916 	EXP 	noPeriphery_2: size = array([1.77777778, 1.        ])
47.5916 	EXP 	noPeriphery_2: image = 'C:\\Users\\hesselmann\\Desktop\\PsychoPyUniformityIllusion\\UniformityIllusionPsychoPy\\Pics\\6start.png'
47.5916 	EXP 	hasPeriphery_2: autoDraw = True
47.5916 	EXP 	hasPeriphery_2: texRes = 128.0
47.5916 	EXP 	noPeriphery_2: autoDraw = True
47.5916 	EXP 	noPeriphery_2: texRes = 128.0
47.5916 	EXP 	text_2: autoDraw = True
47.5916 	EXP 	hasPeriphery_2: autoDraw = False
47.5916 	EXP 	noPeriphery_2: autoDraw = False
47.5916 	EXP 	text_2: autoDraw = False
47.5916 	EXP 	hasPeriphery_2: size = array([1.77777778, 1.        ])
47.5916 	EXP 	hasPeriphery_2: image = 'C:\\Users\\hesselmann\\Desktop\\PsychoPyUniformityIllusion\\UniformityIllusionPsychoPy\\Pics\\6b.png'
47.5916 	EXP 	noPeriphery_2: size = array([1.77777778, 1.        ])
47.5916 	EXP 	noPeriphery_2: image = 'C:\\Users\\hesselmann\\Desktop\\PsychoPyUniformityIllusion\\UniformityIllusionPsychoPy\\Pics\\6start.png'
47.5916 	EXP 	hasPeriphery_2: autoDraw = True
47.5916 	EXP 	hasPeriphery_2: texRes = 128.0
47.5916 	EXP 	noPeriphery_2: autoDraw = True
47.5916 	EXP 	noPeriphery_2: texRes = 128.0
47.5916 	EXP 	text_2: autoDraw = True
47.5916 	EXP 	hasPeriphery_2: autoDraw = False
47.5916 	EXP 	noPeriphery_2: autoDraw = False
47.5916 	EXP 	text_2: autoDraw = False
47.5916 	EXP 	hasPeriphery_2: size = array([1.77777778, 1.        ])
47.5916 	EXP 	hasPeriphery_2: image = 'C:\\Users\\hesselmann\\Desktop\\PsychoPyUniformityIllusion\\UniformityIllusionPsychoPy\\Pics\\7a.png'
47.5916 	EXP 	noPeriphery_2: size = array([1.77777778, 1.        ])
47.5916 	EXP 	noPeriphery_2: image = 'C:\\Users\\hesselmann\\Desktop\\PsychoPyUniformityIllusion\\UniformityIllusionPsychoPy\\Pics\\7start.png'
47.5916 	EXP 	hasPeriphery_2: autoDraw = True
47.5916 	EXP 	hasPeriphery_2: texRes = 128.0
47.5916 	EXP 	noPeriphery_2: autoDraw = True
47.5916 	EXP 	noPeriphery_2: texRes = 128.0
47.5916 	EXP 	text_2: autoDraw = True
47.5916 	EXP 	hasPeriphery_2: autoDraw = False
47.5916 	EXP 	noPeriphery_2: autoDraw = False
47.5916 	EXP 	text_2: autoDraw = False
47.5916 	EXP 	hasPeriphery_2: size = array([1.77777778, 1.        ])
47.5916 	EXP 	hasPeriphery_2: image = 'C:\\Users\\hesselmann\\Desktop\\PsychoPyUniformityIllusion\\UniformityIllusionPsychoPy\\Pics\\7b.png'
47.5916 	EXP 	noPeriphery_2: size = array([1.77777778, 1.        ])
47.5916 	EXP 	noPeriphery_2: image = 'C:\\Users\\hesselmann\\Desktop\\PsychoPyUniformityIllusion\\UniformityIllusionPsychoPy\\Pics\\7start.png'
47.5916 	EXP 	hasPeriphery_2: autoDraw = True
47.5916 	EXP 	hasPeriphery_2: texRes = 128.0
47.5916 	EXP 	noPeriphery_2: autoDraw = True
47.5916 	EXP 	noPeriphery_2: texRes = 128.0
47.5916 	EXP 	text_2: autoDraw = True
47.5916 	EXP 	hasPeriphery_2: autoDraw = False
47.5916 	EXP 	noPeriphery_2: autoDraw = False
47.5916 	EXP 	text_2: autoDraw = False
47.5916 	EXP 	hasPeriphery_2: size = array([1.77777778, 1.        ])
47.5916 	EXP 	hasPeriphery_2: image = 'C:\\Users\\hesselmann\\Desktop\\PsychoPyUniformityIllusion\\UniformityIllusionPsychoPy\\Pics\\8a.png'
47.5916 	EXP 	noPeriphery_2: size = array([1.77777778, 1.        ])
47.5916 	EXP 	noPeriphery_2: image = 'C:\\Users\\hesselmann\\Desktop\\PsychoPyUniformityIllusion\\UniformityIllusionPsychoPy\\Pics\\8start.png'
47.5916 	EXP 	hasPeriphery_2: autoDraw = True
47.5916 	EXP 	hasPeriphery_2: texRes = 128.0
47.5916 	EXP 	noPeriphery_2: autoDraw = True
47.5916 	EXP 	noPeriphery_2: texRes = 128.0
47.5916 	EXP 	text_2: autoDraw = True
47.5916 	EXP 	hasPeriphery_2: autoDraw = False
47.5916 	EXP 	noPeriphery_2: autoDraw = False
47.5916 	EXP 	text_2: autoDraw = False
47.5916 	EXP 	hasPeriphery_2: size = array([1.77777778, 1.        ])
47.5916 	EXP 	hasPeriphery_2: image = 'C:\\Users\\hesselmann\\Desktop\\PsychoPyUniformityIllusion\\UniformityIllusionPsychoPy\\Pics\\8b.png'
47.5916 	EXP 	noPeriphery_2: size = array([1.77777778, 1.        ])
47.5916 	EXP 	noPeriphery_2: image = 'C:\\Users\\hesselmann\\Desktop\\PsychoPyUniformityIllusion\\UniformityIllusionPsychoPy\\Pics\\8start.png'
47.5916 	EXP 	hasPeriphery_2: autoDraw = True
47.5916 	EXP 	hasPeriphery_2: texRes = 128.0
47.5916 	EXP 	noPeriphery_2: autoDraw = True
47.5916 	EXP 	noPeriphery_2: texRes = 128.0
47.5916 	EXP 	text_2: autoDraw = True
47.5916 	EXP 	hasPeriphery_2: autoDraw = False
47.5916 	EXP 	noPeriphery_2: autoDraw = False
47.5916 	EXP 	text_2: autoDraw = False
47.5916 	EXP 	hasPeriphery_2: size = array([1.77777778, 1.        ])
47.5916 	EXP 	hasPeriphery_2: image = 'C:\\Users\\hesselmann\\Desktop\\PsychoPyUniformityIllusion\\UniformityIllusionPsychoPy\\Pics\\9a.png'
47.5916 	EXP 	noPeriphery_2: size = array([1.77777778, 1.        ])
47.5916 	EXP 	noPeriphery_2: image = 'C:\\Users\\hesselmann\\Desktop\\PsychoPyUniformityIllusion\\UniformityIllusionPsychoPy\\Pics\\9start.png'
47.5916 	EXP 	hasPeriphery_2: autoDraw = True
47.5916 	EXP 	hasPeriphery_2: texRes = 128.0
47.5916 	EXP 	noPeriphery_2: autoDraw = True
47.5916 	EXP 	noPeriphery_2: texRes = 128.0
47.5916 	EXP 	text_2: autoDraw = True
47.5916 	EXP 	hasPeriphery_2: autoDraw = False
47.5916 	EXP 	noPeriphery_2: autoDraw = False
47.5916 	EXP 	text_2: autoDraw = False
47.5916 	EXP 	hasPeriphery_2: size = array([1.77777778, 1.        ])
47.5916 	EXP 	hasPeriphery_2: image = 'C:\\Users\\hesselmann\\Desktop\\PsychoPyUniformityIllusion\\UniformityIllusionPsychoPy\\Pics\\9b.png'
47.5916 	EXP 	noPeriphery_2: size = array([1.77777778, 1.        ])
47.5916 	EXP 	noPeriphery_2: image = 'C:\\Users\\hesselmann\\Desktop\\PsychoPyUniformityIllusion\\UniformityIllusionPsychoPy\\Pics\\9start.png'
47.5916 	EXP 	hasPeriphery_2: autoDraw = True
47.5916 	EXP 	hasPeriphery_2: texRes = 128.0
47.5916 	EXP 	noPeriphery_2: autoDraw = True
47.5916 	EXP 	noPeriphery_2: texRes = 128.0
47.5916 	EXP 	text_2: autoDraw = True
47.5916 	EXP 	hasPeriphery_2: autoDraw = False
47.5916 	EXP 	noPeriphery_2: autoDraw = False
47.5916 	EXP 	text_2: autoDraw = False
47.5916 	EXP 	hasPeriphery_2: size = array([1.77777778, 1.        ])
47.5916 	EXP 	hasPeriphery_2: image = 'C:\\Users\\hesselmann\\Desktop\\PsychoPyUniformityIllusion\\UniformityIllusionPsychoPy\\Pics\\10a.png'
47.5916 	EXP 	noPeriphery_2: size = array([1.77777778, 1.        ])
47.5916 	EXP 	noPeriphery_2: image = 'C:\\Users\\hesselmann\\Desktop\\PsychoPyUniformityIllusion\\UniformityIllusionPsychoPy\\Pics\\10start.png'
47.5916 	EXP 	hasPeriphery_2: autoDraw = True
47.5916 	EXP 	hasPeriphery_2: texRes = 128.0
47.5916 	EXP 	noPeriphery_2: autoDraw = True
47.5916 	EXP 	noPeriphery_2: texRes = 128.0
47.5916 	EXP 	text_2: autoDraw = True
47.5916 	EXP 	hasPeriphery_2: autoDraw = False
47.5916 	EXP 	noPeriphery_2: autoDraw = False
47.5916 	EXP 	text_2: autoDraw = False
47.5916 	EXP 	hasPeriphery_2: size = array([1.77777778, 1.        ])
47.5916 	EXP 	hasPeriphery_2: image = 'C:\\Users\\hesselmann\\Desktop\\PsychoPyUniformityIllusion\\UniformityIllusionPsychoPy\\Pics\\10b.png'
47.5916 	EXP 	noPeriphery_2: size = array([1.77777778, 1.        ])
47.5916 	EXP 	noPeriphery_2: image = 'C:\\Users\\hesselmann\\Desktop\\PsychoPyUniformityIllusion\\UniformityIllusionPsychoPy\\Pics\\10start.png'
47.5916 	EXP 	hasPeriphery_2: autoDraw = True
47.5916 	EXP 	hasPeriphery_2: texRes = 128.0
47.5916 	EXP 	noPeriphery_2: autoDraw = True
47.5916 	EXP 	noPeriphery_2: texRes = 128.0
47.5916 	EXP 	text_2: autoDraw = True
47.5916 	EXP 	hasPeriphery_2: autoDraw = False
47.5916 	EXP 	noPeriphery_2: autoDraw = False
47.5916 	EXP 	text_2: autoDraw = False
47.5916 	EXP 	hasPeriphery_2: size = array([1.77777778, 1.        ])
47.5916 	EXP 	hasPeriphery_2: image = 'C:\\Users\\hesselmann\\Desktop\\PsychoPyUniformityIllusion\\UniformityIllusionPsychoPy\\Pics\\11a.png'
47.5916 	EXP 	noPeriphery_2: size = array([1.77777778, 1.        ])
47.5916 	EXP 	noPeriphery_2: image = 'C:\\Users\\hesselmann\\Desktop\\PsychoPyUniformityIllusion\\UniformityIllusionPsychoPy\\Pics\\11start.png'
47.5916 	EXP 	hasPeriphery_2: autoDraw = True
47.5916 	EXP 	hasPeriphery_2: texRes = 128.0
47.5916 	EXP 	noPeriphery_2: autoDraw = True
47.5916 	EXP 	noPeriphery_2: texRes = 128.0
47.5916 	EXP 	text_2: autoDraw = True
47.5916 	EXP 	hasPeriphery_2: autoDraw = False
47.5916 	EXP 	noPeriphery_2: autoDraw = False
47.5916 	EXP 	text_2: autoDraw = False
47.5916 	EXP 	hasPeriphery_2: size = array([1.77777778, 1.        ])
47.5916 	EXP 	hasPeriphery_2: image = 'C:\\Users\\hesselmann\\Desktop\\PsychoPyUniformityIllusion\\UniformityIllusionPsychoPy\\Pics\\11b.png'
47.5916 	EXP 	noPeriphery_2: size = array([1.77777778, 1.        ])
47.5916 	EXP 	noPeriphery_2: image = 'C:\\Users\\hesselmann\\Desktop\\PsychoPyUniformityIllusion\\UniformityIllusionPsychoPy\\Pics\\11start.png'
47.5916 	EXP 	hasPeriphery_2: autoDraw = True
47.5916 	EXP 	hasPeriphery_2: texRes = 128.0
47.5916 	EXP 	noPeriphery_2: autoDraw = True
47.5916 	EXP 	noPeriphery_2: texRes = 128.0
47.5916 	EXP 	text_2: autoDraw = True
47.5916 	EXP 	hasPeriphery_2: autoDraw = False
47.5916 	EXP 	noPeriphery_2: autoDraw = False
47.5916 	EXP 	text_2: autoDraw = False
47.5916 	EXP 	hasPeriphery_2: size = array([1.77777778, 1.        ])
47.5916 	EXP 	hasPeriphery_2: image = 'C:\\Users\\hesselmann\\Desktop\\PsychoPyUniformityIllusion\\UniformityIllusionPsychoPy\\Pics\\12a.png'
47.5916 	EXP 	noPeriphery_2: size = array([1.77777778, 1.        ])
47.5916 	EXP 	noPeriphery_2: image = 'C:\\Users\\hesselmann\\Desktop\\PsychoPyUniformityIllusion\\UniformityIllusionPsychoPy\\Pics\\12start.png'
47.5916 	EXP 	hasPeriphery_2: autoDraw = True
47.5916 	EXP 	hasPeriphery_2: texRes = 128.0
47.5916 	EXP 	noPeriphery_2: autoDraw = True
47.5916 	EXP 	noPeriphery_2: texRes = 128.0
47.5916 	EXP 	text_2: autoDraw = True
47.5916 	EXP 	hasPeriphery_2: autoDraw = False
47.5916 	EXP 	noPeriphery_2: autoDraw = False
47.5916 	EXP 	text_2: autoDraw = False
47.5916 	EXP 	hasPeriphery_2: size = array([1.77777778, 1.        ])
47.5916 	EXP 	hasPeriphery_2: image = 'C:\\Users\\hesselmann\\Desktop\\PsychoPyUniformityIllusion\\UniformityIllusionPsychoPy\\Pics\\12b.png'
47.5916 	EXP 	noPeriphery_2: size = array([1.77777778, 1.        ])
47.5916 	EXP 	noPeriphery_2: image = 'C:\\Users\\hesselmann\\Desktop\\PsychoPyUniformityIllusion\\UniformityIllusionPsychoPy\\Pics\\12start.png'
47.5916 	EXP 	hasPeriphery_2: autoDraw = True
47.5916 	EXP 	hasPeriphery_2: texRes = 128.0
47.5916 	EXP 	noPeriphery_2: autoDraw = True
47.5916 	EXP 	noPeriphery_2: texRes = 128.0
47.5916 	EXP 	text_2: autoDraw = True
47.5916 	EXP 	hasPeriphery_2: autoDraw = False
47.5916 	EXP 	noPeriphery_2: autoDraw = False
47.5916 	EXP 	text_2: autoDraw = False
47.5916 	EXP 	hasPeriphery_2: size = array([1.77777778, 1.        ])
47.5916 	EXP 	hasPeriphery_2: image = 'C:\\Users\\hesselmann\\Desktop\\PsychoPyUniformityIllusion\\UniformityIllusionPsychoPy\\Pics\\13a.png'
47.5916 	EXP 	noPeriphery_2: size = array([1.77777778, 1.        ])
47.5916 	EXP 	noPeriphery_2: image = 'C:\\Users\\hesselmann\\Desktop\\PsychoPyUniformityIllusion\\UniformityIllusionPsychoPy\\Pics\\13start.png'
47.5916 	EXP 	hasPeriphery_2: autoDraw = True
47.5916 	EXP 	hasPeriphery_2: texRes = 128.0
47.5916 	EXP 	noPeriphery_2: autoDraw = True
47.5916 	EXP 	noPeriphery_2: texRes = 128.0
47.5916 	EXP 	text_2: autoDraw = True
47.5916 	EXP 	hasPeriphery_2: autoDraw = False
47.5916 	EXP 	noPeriphery_2: autoDraw = False
47.5916 	EXP 	text_2: autoDraw = False
47.5916 	EXP 	hasPeriphery_2: size = array([1.77777778, 1.        ])
47.5916 	EXP 	hasPeriphery_2: image = 'C:\\Users\\hesselmann\\Desktop\\PsychoPyUniformityIllusion\\UniformityIllusionPsychoPy\\Pics\\13b.png'
47.5916 	EXP 	noPeriphery_2: size = array([1.77777778, 1.        ])
47.5916 	EXP 	noPeriphery_2: image = 'C:\\Users\\hesselmann\\Desktop\\PsychoPyUniformityIllusion\\UniformityIllusionPsychoPy\\Pics\\13start.png'
47.5916 	EXP 	hasPeriphery_2: autoDraw = True
47.5916 	EXP 	hasPeriphery_2: texRes = 128.0
47.5916 	EXP 	noPeriphery_2: autoDraw = True
47.5916 	EXP 	noPeriphery_2: texRes = 128.0
47.5916 	EXP 	text_2: autoDraw = True
47.5916 	EXP 	hasPeriphery_2: autoDraw = False
47.5916 	EXP 	noPeriphery_2: autoDraw = False
47.5916 	EXP 	text_2: autoDraw = False
47.5916 	EXP 	hasPeriphery_2: size = array([1.77777778, 1.        ])
47.5916 	EXP 	hasPeriphery_2: image = 'C:\\Users\\hesselmann\\Desktop\\PsychoPyUniformityIllusion\\UniformityIllusionPsychoPy\\Pics\\14a.png'
47.5916 	EXP 	noPeriphery_2: size = array([1.77777778, 1.        ])
47.5916 	EXP 	noPeriphery_2: image = 'C:\\Users\\hesselmann\\Desktop\\PsychoPyUniformityIllusion\\UniformityIllusionPsychoPy\\Pics\\14start.png'
47.5916 	EXP 	hasPeriphery_2: autoDraw = True
47.5916 	EXP 	hasPeriphery_2: texRes = 128.0
47.5916 	EXP 	noPeriphery_2: autoDraw = True
47.5916 	EXP 	noPeriphery_2: texRes = 128.0
47.5916 	EXP 	text_2: autoDraw = True
47.5916 	EXP 	hasPeriphery_2: autoDraw = False
47.5916 	EXP 	noPeriphery_2: autoDraw = False
47.5916 	EXP 	text_2: autoDraw = False
47.5916 	EXP 	hasPeriphery_2: size = array([1.77777778, 1.        ])
47.5916 	EXP 	hasPeriphery_2: image = 'C:\\Users\\hesselmann\\Desktop\\PsychoPyUniformityIllusion\\UniformityIllusionPsychoPy\\Pics\\14b.png'
47.5916 	EXP 	noPeriphery_2: size = array([1.77777778, 1.        ])
47.5916 	EXP 	noPeriphery_2: image = 'C:\\Users\\hesselmann\\Desktop\\PsychoPyUniformityIllusion\\UniformityIllusionPsychoPy\\Pics\\14start.png'
47.5916 	EXP 	hasPeriphery_2: autoDraw = True
47.5916 	EXP 	hasPeriphery_2: texRes = 128.0
47.5916 	EXP 	noPeriphery_2: autoDraw = True
47.5916 	EXP 	noPeriphery_2: texRes = 128.0
47.5916 	EXP 	text_2: autoDraw = True
47.5916 	EXP 	hasPeriphery_2: autoDraw = False
47.5916 	EXP 	noPeriphery_2: autoDraw = False
47.5916 	EXP 	text_2: autoDraw = False
47.5916 	EXP 	hasPeriphery_2: size = array([1.77777778, 1.        ])
47.5916 	EXP 	hasPeriphery_2: image = 'C:\\Users\\hesselmann\\Desktop\\PsychoPyUniformityIllusion\\UniformityIllusionPsychoPy\\Pics\\15a.png'
47.5916 	EXP 	noPeriphery_2: size = array([1.77777778, 1.        ])
47.5916 	EXP 	noPeriphery_2: image = 'C:\\Users\\hesselmann\\Desktop\\PsychoPyUniformityIllusion\\UniformityIllusionPsychoPy\\Pics\\15start.png'
47.5916 	EXP 	hasPeriphery_2: autoDraw = True
47.5916 	EXP 	hasPeriphery_2: texRes = 128.0
47.5916 	EXP 	noPeriphery_2: autoDraw = True
47.5916 	EXP 	noPeriphery_2: texRes = 128.0
47.5916 	EXP 	text_2: autoDraw = True
47.5916 	EXP 	hasPeriphery_2: autoDraw = False
47.5916 	EXP 	noPeriphery_2: autoDraw = False
47.5916 	EXP 	text_2: autoDraw = False
47.5916 	EXP 	hasPeriphery_2: size = array([1.77777778, 1.        ])
47.5916 	EXP 	hasPeriphery_2: image = 'C:\\Users\\hesselmann\\Desktop\\PsychoPyUniformityIllusion\\UniformityIllusionPsychoPy\\Pics\\15b.png'
47.5916 	EXP 	noPeriphery_2: size = array([1.77777778, 1.        ])
47.5916 	EXP 	noPeriphery_2: image = 'C:\\Users\\hesselmann\\Desktop\\PsychoPyUniformityIllusion\\UniformityIllusionPsychoPy\\Pics\\15start.png'
47.5916 	EXP 	hasPeriphery_2: autoDraw = True
47.5916 	EXP 	hasPeriphery_2: texRes = 128.0
47.5916 	EXP 	noPeriphery_2: autoDraw = True
47.5916 	EXP 	noPeriphery_2: texRes = 128.0
47.5916 	EXP 	text_2: autoDraw = True
47.5916 	EXP 	hasPeriphery_2: autoDraw = False
47.5916 	EXP 	noPeriphery_2: autoDraw = False
47.5916 	EXP 	text_2: autoDraw = False
48.3719 	EXP 	window1: mouseVisible = True
