0.9949 	WARNING 	We strongly recommend you activate the PTB sound engine in PsychoPy prefs as the preferred audio engine. Its timing is vastly superior. Your prefs are currently set to use ['sounddevice', 'PTB', 'pyo', 'pygame'] (in that order).
6.7779 	EXP 	Created window1 = Window(allowGUI=False, allowStencil=False, autoLog=True, backendConf=UNKNOWN, bitsMode=UNKNOWN, blendMode='avg', bpc=(8, 8, 8), color=array([0, 0, 0]), colorSpace='rgb', depthBits=8, fullscr=<method-wrapper '__getattribute__' of attributeSetter object at 0x000001B6230C6EB8>, gamma=None, gammaErrorPolicy='raise', lms=UNKNOWN, monitor=<psychopy.monitors.calibTools.Monitor object at 0x000001B6230A0550>, multiSample=False, name='window1', numSamples=2, pos=[0.0, 0.0], screen=0, size=array([1920, 1080]), stencilBits=0, stereo=False, units='height', useFBO=True, useRetina=False, viewOri=0.0, viewPos=None, viewScale=None, waitBlanking=True, winType='pyglet')
6.7781 	EXP 	window1: mouseVisible = True
6.7781 	EXP 	window1: recordFrameIntervals = False
6.9436 	EXP 	window1: recordFrameIntervals = True
7.1264 	EXP 	window1: recordFrameIntervals = False
7.5147 	EXP 	Created WelcomeText = TextStim(__class__=<class 'psychopy.visual.text.TextStim'>, alignHoriz=method-wrapper(...), alignText='center', alignVert=method-wrapper(...), anchorHoriz='center', anchorVert='center', antialias=True, autoLog=True, bold=False, color=array([1, 1, 1]), colorSpace='rgb', contrast=1.0, depth=0.0, flipHoriz=False, flipVert=False, font='Open Sans', fontFiles=[], height=0.1, italic=False, languageStyle='LTR', name='WelcomeText', opacity=1, ori=0.0, pos=array([0., 0.]), rgb=UNKNOWN, text='Welcome to our Study!', units='height', win=Window(...), wrapWidth=1)
7.5331 	EXP 	Imported depression.xlsx as conditions, 2 conditions, 12 params
7.5344 	EXP 	Question text: Sadness
7.5562 	EXP 	window1: mouseVisible = True
7.5924 	EXP 	Question text: Pessimism
7.5997 	EXP 	window1: mouseVisible = True
7.6218 	EXP 	window1: mouseVisible = True
7.6260 	EXP 	Created unnamed Rect = Rect(__class__=<class 'psychopy.visual.rect.Rect'>, autoDraw=False, autoLog=True, closeShape=True, color=method-wrapper(...), colorSpace='rgb', contrast=None, depth=0, fillColor=array([0, 0, 0]), fillColorSpace='rgb', fillRGB=UNKNOWN, interpolate=True, lineColor=array([0, 0, 0]), lineColorSpace='rgb', lineRGB=UNKNOWN, lineWidth=1.5, name='unnamed Rect', opacity=0, ori=0.0, pos=array([0., 0.]), size=array([0., 0.]), units='height', vertices=ndarray(...), win=Window(...))
7.6330 	EXP 	Created DepressionQuestionnaire = <psychopy.visual.form.Form object at 0x000001B625B617B8>
7.6560 	EXP 	window1: mouseVisible = True
7.6988 	EXP 	Created instructionsText = TextStim(__class__=<class 'psychopy.visual.text.TextStim'>, alignHoriz=method-wrapper(...), alignText='center', alignVert=method-wrapper(...), anchorHoriz='center', anchorVert='center', antialias=True, autoLog=True, bold=False, color=array([1, 1, 1]), colorSpace='rgb', contrast=1.0, depth=0.0, flipHoriz=False, flipVert=False, font='Open Sans', fontFiles=[], height=0.04, italic=False, languageStyle='LTR', name='instructionsText', opacity=1, ori=0.0, pos=array([0., 0.]), rgb=UNKNOWN, text=str(...), units='height', win=Window(...), wrapWidth=1)
7.7019 	EXP 	Created hasPeriphery = ImageStim(__class__=<class 'psychopy.visual.image.ImageStim'>, autoLog=True, color=array([1, 1, 1]), colorSpace='rgb', contrast=1.0, depth=-1.0, flipHoriz=False, flipVert=False, image='sin', interpolate=True, mask=None, maskParams=None, name='hasPeriphery', opacity=1.0, ori=0.0, pos=array([0., 0.]), size=array([0.5, 0.5]), texRes=128.0, units='height', win=Window(...))
7.7044 	EXP 	Created noPeriphery = ImageStim(__class__=<class 'psychopy.visual.image.ImageStim'>, autoLog=True, color=array([1, 1, 1]), colorSpace='rgb', contrast=1.0, depth=-3.0, flipHoriz=False, flipVert=False, image='sin', interpolate=True, mask=None, maskParams=None, name='noPeriphery', opacity=1.0, ori=0.0, pos=array([0., 0.]), size=array([0.5, 0.5]), texRes=128.0, units='height', win=Window(...))
7.7055 	EXP 	Created blank_screen = Rect(__class__=<class 'psychopy.visual.rect.Rect'>, autoDraw=False, autoLog=True, closeShape=True, color=method-wrapper(...), colorSpace='rgb', contrast=None, depth=-4.0, fillColor=array([1, 1, 1]), fillColorSpace='rgb', fillRGB=UNKNOWN, interpolate=True, lineColor=array([1, 1, 1]), lineColorSpace='rgb', lineRGB=UNKNOWN, lineWidth=1.0, name='blank_screen', opacity=1.0, ori=0.0, pos=array([0., 0.]), size=array([2., 1.]), units='height', vertices=ndarray(...), win=Window(...))
7.7108 	EXP 	Created text = TextStim(__class__=<class 'psychopy.visual.text.TextStim'>, alignHoriz=method-wrapper(...), alignText='center', alignVert=method-wrapper(...), anchorHoriz='center', anchorVert='center', antialias=True, autoLog=True, bold=False, color=array([ 1, -1, -1]), colorSpace='rgb', contrast=1.0, depth=-5.0, flipHoriz=False, flipVert=False, font='Open Sans', fontFiles=[], height=0.1, italic=False, languageStyle='LTR', name='text', opacity=1, ori=0.0, pos=array([0., 0.]), rgb=UNKNOWN, text='+', units='height', win=Window(...), wrapWidth=1)
7.7214 	EXP 	Created WelcomeText = TextStim(__class__=<class 'psychopy.visual.text.TextStim'>, alignHoriz=method-wrapper(...), alignText='center', alignVert=method-wrapper(...), anchorHoriz='center', anchorVert='center', antialias=True, autoLog=True, bold=False, color=array([1, 1, 1]), colorSpace='rgb', contrast=1.0, depth=0.0, flipHoriz=False, flipVert=False, font='Open Sans', fontFiles=[], height=0.1, italic=False, languageStyle='LTR', name='WelcomeText', opacity=1, ori=0.0, pos=array([0., 0.]), rgb=UNKNOWN, text='Welcome to our Study!', units='height', win=Window(...), wrapWidth=1)
7.7239 	EXP 	Created hasPeriphery_2 = ImageStim(__class__=<class 'psychopy.visual.image.ImageStim'>, autoLog=True, color=array([1, 1, 1]), colorSpace='rgb', contrast=1.0, depth=-1.0, flipHoriz=False, flipVert=False, image='sin', interpolate=True, mask=None, maskParams=None, name='hasPeriphery_2', opacity=1.0, ori=0.0, pos=array([0., 0.]), size=array([0.5, 0.5]), texRes=128.0, units='height', win=Window(...))
7.7262 	EXP 	Created noPeriphery_2 = ImageStim(__class__=<class 'psychopy.visual.image.ImageStim'>, autoLog=True, color=array([1, 1, 1]), colorSpace='rgb', contrast=1.0, depth=-3.0, flipHoriz=False, flipVert=False, image='sin', interpolate=True, mask=None, maskParams=None, name='noPeriphery_2', opacity=1.0, ori=0.0, pos=array([0., 0.]), size=array([0.5, 0.5]), texRes=128.0, units='height', win=Window(...))
7.7279 	EXP 	Created text_2 = TextStim(__class__=<class 'psychopy.visual.text.TextStim'>, alignHoriz=method-wrapper(...), alignText='center', alignVert=method-wrapper(...), anchorHoriz='center', anchorVert='center', antialias=True, autoLog=True, bold=False, color=array([ 1, -1, -1]), colorSpace='rgb', contrast=1.0, depth=-4.0, flipHoriz=False, flipVert=False, font='Open Sans', fontFiles=[], height=0.1, italic=False, languageStyle='LTR', name='text_2', opacity=1, ori=0.0, pos=array([0., 0.]), rgb=UNKNOWN, text='+', units='height', win=Window(...), wrapWidth=1)
7.7762 	EXP 	unnamed Form: autoLog = True
7.7762 	EXP 	DepressionQuestionnaire: name = 'DepressionQuestionnaire'
7.7762 	EXP 	DepressionQuestionnaire: size = (3.5, 1)
7.7762 	EXP 	DepressionQuestionnaire: size = array([3.5, 1. ])
7.7762 	EXP 	DepressionQuestionnaire: units = 'height'
7.7762 	EXP 	DepressionQuestionnaire: depth = 0
7.7762 	EXP 	WelcomeText: autoDraw = True
9.7932 	EXP 	WelcomeText: autoDraw = False
9.7932 	EXP 	DepressionQuestionnaire: autoDraw = True
10.5695 	DATA 	Mouse: Left button down, pos=(647,84)
10.6259 	EXP 	DepressionQuestionnaire: autoDraw = False
10.6259 	EXP 	instructionsText: autoDraw = True
10.6805 	DATA 	Mouse:  Left button up, pos=(647,84)
10.9642 	DATA 	Keypress: space
11.0058 	EXP 	Imported picPaths.xlsx as conditions, 6 conditions, 4 params
11.0061 	EXP 	Created sequence: sequential, trialTypes=6, nReps=1, seed=None
11.0063 	EXP 	New trial (rep=0, index=0): {'startImage': 'C:\\Users\\hesselmann\\Desktop\\PsychoPyUniformityIllusion\\UniformityIllusionPsychoPy\\Pics\\1start.png', 'midImage': 'C:\\Users\\hesselmann\\Desktop\\PsychoPyUniformityIllusion\\UniformityIllusionPsychoPy\\Pics\\1a.png', 'endImage': 'C:\\Users\\hesselmann\\Desktop\\PsychoPyUniformityIllusion\\UniformityIllusionPsychoPy\\Pics\\1a.png', 'AB': 'a'}
11.2258 	EXP 	instructionsText: autoDraw = False
11.2258 	EXP 	hasPeriphery: size = array([1.77777778, 1.        ])
11.2258 	EXP 	hasPeriphery: image = 'C:\\Users\\hesselmann\\Desktop\\PsychoPyUniformityIllusion\\UniformityIllusionPsychoPy\\Pics\\1a.png'
11.2258 	EXP 	noPeriphery: size = array([1.77777778, 1.        ])
11.2258 	EXP 	noPeriphery: image = 'C:\\Users\\hesselmann\\Desktop\\PsychoPyUniformityIllusion\\UniformityIllusionPsychoPy\\Pics\\1start.png'
11.2258 	EXP 	hasPeriphery: autoDraw = True
11.2258 	EXP 	hasPeriphery: texRes = 128.0
11.2258 	EXP 	noPeriphery: autoDraw = True
11.2258 	EXP 	noPeriphery: texRes = 128.0
11.2258 	EXP 	text: autoDraw = True
11.3587 	EXP 	hasPeriphery: texRes = 128.0
11.3587 	EXP 	noPeriphery: texRes = 128.0
11.4924 	EXP 	hasPeriphery: texRes = 128.0
11.4924 	EXP 	noPeriphery: texRes = 128.0
11.6257 	EXP 	hasPeriphery: texRes = 128.0
11.6257 	EXP 	noPeriphery: texRes = 128.0
11.7594 	EXP 	hasPeriphery: texRes = 128.0
11.7594 	EXP 	noPeriphery: texRes = 128.0
11.9090 	EXP 	hasPeriphery: texRes = 128.0
11.9090 	EXP 	noPeriphery: texRes = 128.0
11.9090 	EXP 	blank_screen: autoDraw = True
12.0423 	EXP 	hasPeriphery: texRes = 128.0
12.0423 	EXP 	noPeriphery: texRes = 128.0
12.0423 	EXP 	blank_screen: autoDraw = False
12.1760 	EXP 	hasPeriphery: texRes = 128.0
12.1760 	EXP 	noPeriphery: texRes = 128.0
12.3090 	EXP 	hasPeriphery: texRes = 128.0
12.3090 	EXP 	noPeriphery: texRes = 128.0
12.4422 	EXP 	hasPeriphery: texRes = 128.0
12.4422 	EXP 	noPeriphery: texRes = 128.0
12.5921 	EXP 	hasPeriphery: texRes = 128.0
12.5921 	EXP 	noPeriphery: texRes = 128.0
12.5921 	EXP 	blank_screen: autoDraw = True
12.7422 	EXP 	hasPeriphery: texRes = 128.0
12.7422 	EXP 	noPeriphery: texRes = 128.0
12.7422 	EXP 	blank_screen: autoDraw = False
12.8756 	EXP 	hasPeriphery: texRes = 128.0
12.8756 	EXP 	noPeriphery: texRes = 128.0
13.0091 	EXP 	hasPeriphery: texRes = 128.0
13.0091 	EXP 	noPeriphery: texRes = 128.0
13.1420 	EXP 	hasPeriphery: texRes = 128.0
13.1420 	EXP 	noPeriphery: texRes = 128.0
13.2753 	EXP 	hasPeriphery: texRes = 128.0
13.2753 	EXP 	noPeriphery: texRes = 128.0
13.4086 	EXP 	hasPeriphery: texRes = 128.0
13.4086 	EXP 	noPeriphery: texRes = 128.0
13.5419 	EXP 	hasPeriphery: texRes = 128.0
13.5419 	EXP 	noPeriphery: texRes = 128.0
13.6916 	EXP 	hasPeriphery: texRes = 128.0
13.6916 	EXP 	noPeriphery: texRes = 128.0
13.8248 	EXP 	hasPeriphery: texRes = 128.0
13.8248 	EXP 	noPeriphery: texRes = 128.0
13.9586 	EXP 	hasPeriphery: texRes = 128.0
13.9586 	EXP 	noPeriphery: texRes = 128.0
14.0916 	EXP 	hasPeriphery: texRes = 128.0
14.0916 	EXP 	noPeriphery: texRes = 128.0
14.2252 	EXP 	hasPeriphery: texRes = 128.0
14.2252 	EXP 	noPeriphery: texRes = 128.0
14.3592 	EXP 	hasPeriphery: texRes = 128.0
14.3592 	EXP 	noPeriphery: texRes = 128.0
14.4918 	EXP 	hasPeriphery: texRes = 128.0
14.4918 	EXP 	noPeriphery: texRes = 128.0
14.6247 	EXP 	hasPeriphery: texRes = 128.0
14.6247 	EXP 	noPeriphery: texRes = 128.0
14.7583 	EXP 	hasPeriphery: texRes = 128.0
14.7583 	EXP 	noPeriphery: texRes = 128.0
14.8917 	EXP 	hasPeriphery: texRes = 128.0
14.8917 	EXP 	noPeriphery: texRes = 128.0
15.0253 	EXP 	hasPeriphery: texRes = 128.0
15.0253 	EXP 	noPeriphery: texRes = 128.0
15.1579 	EXP 	hasPeriphery: texRes = 128.0
15.1579 	EXP 	noPeriphery: texRes = 128.0
15.2915 	EXP 	hasPeriphery: texRes = 128.0
15.2915 	EXP 	noPeriphery: texRes = 128.0
15.4413 	EXP 	hasPeriphery: texRes = 128.0
15.4413 	EXP 	noPeriphery: texRes = 128.0
15.5745 	EXP 	hasPeriphery: texRes = 128.0
15.5745 	EXP 	noPeriphery: texRes = 128.0
15.7085 	EXP 	hasPeriphery: texRes = 128.0
15.7085 	EXP 	noPeriphery: texRes = 128.0
15.8577 	EXP 	hasPeriphery: texRes = 128.0
15.8577 	EXP 	noPeriphery: texRes = 128.0
15.9912 	EXP 	hasPeriphery: texRes = 128.0
15.9912 	EXP 	noPeriphery: texRes = 128.0
16.1248 	EXP 	hasPeriphery: texRes = 128.0
16.1248 	EXP 	noPeriphery: texRes = 128.0
16.2747 	EXP 	hasPeriphery: texRes = 128.0
16.2747 	EXP 	noPeriphery: texRes = 128.0
16.4244 	EXP 	hasPeriphery: texRes = 128.0
16.4244 	EXP 	noPeriphery: texRes = 128.0
16.5581 	EXP 	hasPeriphery: texRes = 128.0
16.5581 	EXP 	noPeriphery: texRes = 128.0
16.6912 	EXP 	hasPeriphery: texRes = 128.0
16.6912 	EXP 	noPeriphery: texRes = 128.0
16.8245 	EXP 	hasPeriphery: texRes = 128.0
16.8245 	EXP 	noPeriphery: texRes = 128.0
16.9583 	EXP 	hasPeriphery: texRes = 128.0
16.9583 	EXP 	noPeriphery: texRes = 128.0
17.0910 	EXP 	hasPeriphery: texRes = 128.0
17.0910 	EXP 	noPeriphery: texRes = 128.0
17.2258 	EXP 	hasPeriphery: texRes = 128.0
17.2258 	EXP 	noPeriphery: texRes = 128.0
17.3747 	EXP 	hasPeriphery: texRes = 128.0
17.3747 	EXP 	noPeriphery: texRes = 128.0
17.5079 	EXP 	hasPeriphery: texRes = 128.0
17.5079 	EXP 	noPeriphery: texRes = 128.0
17.6407 	EXP 	hasPeriphery: texRes = 128.0
17.6407 	EXP 	noPeriphery: texRes = 128.0
17.7742 	EXP 	hasPeriphery: texRes = 128.0
17.7742 	EXP 	noPeriphery: texRes = 128.0
17.9080 	EXP 	hasPeriphery: texRes = 128.0
17.9080 	EXP 	noPeriphery: texRes = 128.0
18.0573 	EXP 	hasPeriphery: texRes = 128.0
18.0573 	EXP 	noPeriphery: texRes = 128.0
18.1910 	EXP 	hasPeriphery: texRes = 128.0
18.1910 	EXP 	noPeriphery: texRes = 128.0
18.3244 	EXP 	hasPeriphery: texRes = 128.0
18.3244 	EXP 	noPeriphery: texRes = 128.0
18.4740 	EXP 	hasPeriphery: texRes = 128.0
18.4740 	EXP 	noPeriphery: texRes = 128.0
18.6246 	EXP 	hasPeriphery: texRes = 128.0
18.6246 	EXP 	noPeriphery: texRes = 128.0
18.7575 	EXP 	hasPeriphery: texRes = 128.0
18.7575 	EXP 	noPeriphery: texRes = 128.0
18.8910 	EXP 	hasPeriphery: texRes = 128.0
18.8910 	EXP 	noPeriphery: texRes = 128.0
19.0242 	EXP 	hasPeriphery: texRes = 128.0
19.0242 	EXP 	noPeriphery: texRes = 128.0
19.1571 	EXP 	hasPeriphery: texRes = 128.0
19.1571 	EXP 	noPeriphery: texRes = 128.0
19.2910 	EXP 	hasPeriphery: texRes = 128.0
19.2910 	EXP 	noPeriphery: texRes = 128.0
19.4237 	EXP 	hasPeriphery: texRes = 128.0
19.4237 	EXP 	noPeriphery: texRes = 128.0
19.5571 	EXP 	hasPeriphery: texRes = 128.0
19.5571 	EXP 	noPeriphery: texRes = 128.0
19.7074 	EXP 	hasPeriphery: texRes = 128.0
19.7074 	EXP 	noPeriphery: texRes = 128.0
19.8409 	EXP 	hasPeriphery: texRes = 128.0
19.8409 	EXP 	noPeriphery: texRes = 128.0
19.9903 	EXP 	hasPeriphery: texRes = 128.0
19.9903 	EXP 	noPeriphery: texRes = 128.0
20.1236 	EXP 	hasPeriphery: texRes = 128.0
20.1236 	EXP 	noPeriphery: texRes = 128.0
20.2577 	EXP 	hasPeriphery: texRes = 128.0
20.2577 	EXP 	noPeriphery: texRes = 128.0
20.4077 	EXP 	hasPeriphery: texRes = 128.0
20.4077 	EXP 	noPeriphery: texRes = 128.0
20.5576 	EXP 	hasPeriphery: texRes = 128.0
20.5576 	EXP 	noPeriphery: texRes = 128.0
20.6908 	EXP 	hasPeriphery: texRes = 128.0
20.6908 	EXP 	noPeriphery: texRes = 128.0
20.8236 	EXP 	hasPeriphery: texRes = 128.0
20.8236 	EXP 	noPeriphery: texRes = 128.0
20.9573 	EXP 	hasPeriphery: texRes = 128.0
20.9573 	EXP 	noPeriphery: texRes = 128.0
21.0904 	EXP 	hasPeriphery: texRes = 128.0
21.0904 	EXP 	noPeriphery: texRes = 128.0
21.2242 	EXP 	hasPeriphery: texRes = 128.0
21.2242 	EXP 	noPeriphery: texRes = 128.0
21.2405 	EXP 	hasPeriphery: autoDraw = False
21.2405 	EXP 	noPeriphery: autoDraw = False
21.7782 	DATA 	Keypress: escape
22.0466 	EXP 	window1: mouseVisible = True
