1.0023 	WARNING 	We strongly recommend you activate the PTB sound engine in PsychoPy prefs as the preferred audio engine. Its timing is vastly superior. Your prefs are currently set to use ['sounddevice', 'PTB', 'pyo', 'pygame'] (in that order).
6.0820 	EXP 	Created window1 = Window(allowGUI=False, allowStencil=False, autoLog=True, backendConf=UNKNOWN, bitsMode=UNKNOWN, blendMode='avg', bpc=(8, 8, 8), color=array([0, 0, 0]), colorSpace='rgb', depthBits=8, fullscr=<method-wrapper '__getattribute__' of attributeSetter object at 0x0000029A3B995080>, gamma=None, gammaErrorPolicy='raise', lms=UNKNOWN, monitor=<psychopy.monitors.calibTools.Monitor object at 0x0000029A3B9276D8>, multiSample=False, name='window1', numSamples=2, pos=[0.0, 0.0], screen=0, size=array([1920, 1080]), stencilBits=0, stereo=False, units='height', useFBO=True, useRetina=False, viewOri=0.0, viewPos=None, viewScale=None, waitBlanking=True, winType='pyglet')
6.0822 	EXP 	window1: mouseVisible = True
6.0822 	EXP 	window1: recordFrameIntervals = False
6.2140 	EXP 	window1: recordFrameIntervals = True
6.3607 	EXP 	window1: recordFrameIntervals = False
6.8671 	EXP 	Created WelcomeText = TextStim(__class__=<class 'psychopy.visual.text.TextStim'>, alignHoriz=method-wrapper(...), alignText='center', alignVert=method-wrapper(...), anchorHoriz='center', anchorVert='center', antialias=True, autoLog=True, bold=False, color=array([1, 1, 1]), colorSpace='rgb', contrast=1.0, depth=0.0, flipHoriz=False, flipVert=False, font='Open Sans', fontFiles=[], height=0.1, italic=False, languageStyle='LTR', name='WelcomeText', opacity=1, ori=0.0, pos=array([0., 0.]), rgb=UNKNOWN, text='Welcome to our Study!', units='height', win=Window(...), wrapWidth=1)
6.8801 	EXP 	Imported depression.xlsx as conditions, 2 conditions, 12 params
6.8811 	EXP 	Question text: Sadness
6.8991 	EXP 	window1: mouseVisible = True
6.9286 	EXP 	Question text: Pessimism
6.9363 	EXP 	window1: mouseVisible = True
6.9585 	EXP 	window1: mouseVisible = True
6.9626 	EXP 	Created unnamed Rect = Rect(__class__=<class 'psychopy.visual.rect.Rect'>, autoDraw=False, autoLog=True, closeShape=True, color=method-wrapper(...), colorSpace='rgb', contrast=None, depth=0, fillColor=array([0, 0, 0]), fillColorSpace='rgb', fillRGB=UNKNOWN, interpolate=True, lineColor=array([0, 0, 0]), lineColorSpace='rgb', lineRGB=UNKNOWN, lineWidth=1.5, name='unnamed Rect', opacity=0, ori=0.0, pos=array([0., 0.]), size=array([0., 0.]), units='height', vertices=ndarray(...), win=Window(...))
6.9697 	EXP 	Created DepressionQuestionnaire = <psychopy.visual.form.Form object at 0x0000029A3EF62BA8>
6.9935 	EXP 	window1: mouseVisible = True
7.0372 	EXP 	Created instructionsText = TextStim(__class__=<class 'psychopy.visual.text.TextStim'>, alignHoriz=method-wrapper(...), alignText='center', alignVert=method-wrapper(...), anchorHoriz='center', anchorVert='center', antialias=True, autoLog=True, bold=False, color=array([1, 1, 1]), colorSpace='rgb', contrast=1.0, depth=0.0, flipHoriz=False, flipVert=False, font='Open Sans', fontFiles=[], height=0.04, italic=False, languageStyle='LTR', name='instructionsText', opacity=1, ori=0.0, pos=array([0., 0.]), rgb=UNKNOWN, text=str(...), units='height', win=Window(...), wrapWidth=1)
7.0402 	EXP 	Created hasPeriphery = ImageStim(__class__=<class 'psychopy.visual.image.ImageStim'>, autoLog=True, color=array([1, 1, 1]), colorSpace='rgb', contrast=1.0, depth=-1.0, flipHoriz=False, flipVert=False, image='sin', interpolate=True, mask=None, maskParams=None, name='hasPeriphery', opacity=1.0, ori=0.0, pos=array([0., 0.]), size=array([0.5, 0.5]), texRes=128.0, units='height', win=Window(...))
7.0427 	EXP 	Created noPeriphery = ImageStim(__class__=<class 'psychopy.visual.image.ImageStim'>, autoLog=True, color=array([1, 1, 1]), colorSpace='rgb', contrast=1.0, depth=-3.0, flipHoriz=False, flipVert=False, image='sin', interpolate=True, mask=None, maskParams=None, name='noPeriphery', opacity=1.0, ori=0.0, pos=array([0., 0.]), size=array([0.5, 0.5]), texRes=128.0, units='height', win=Window(...))
7.0451 	EXP 	Created final = ImageStim(__class__=<class 'psychopy.visual.image.ImageStim'>, autoLog=True, color=array([1, 1, 1]), colorSpace='rgb', contrast=1.0, depth=-4.0, flipHoriz=False, flipVert=False, image='sin', interpolate=True, mask=None, maskParams=None, name='final', opacity=1.0, ori=0.0, pos=array([0., 0.]), size=array([0.5, 0.5]), texRes=128.0, units='height', win=Window(...))
7.0464 	EXP 	Created blank_screen = Rect(__class__=<class 'psychopy.visual.rect.Rect'>, autoDraw=False, autoLog=True, closeShape=True, color=method-wrapper(...), colorSpace='rgb', contrast=None, depth=-5.0, fillColor=array([1, 1, 1]), fillColorSpace='rgb', fillRGB=UNKNOWN, interpolate=True, lineColor=array([1, 1, 1]), lineColorSpace='rgb', lineRGB=UNKNOWN, lineWidth=1.0, name='blank_screen', opacity=1.0, ori=0.0, pos=array([0., 0.]), size=array([2., 2.]), units='height', vertices=ndarray(...), win=Window(...))
7.0527 	EXP 	Created text = TextStim(__class__=<class 'psychopy.visual.text.TextStim'>, alignHoriz=method-wrapper(...), alignText='center', alignVert=method-wrapper(...), anchorHoriz='center', anchorVert='center', antialias=True, autoLog=True, bold=False, color=array([ 1, -1, -1]), colorSpace='rgb', contrast=1.0, depth=-6.0, flipHoriz=False, flipVert=False, font='Open Sans', fontFiles=[], height=0.1, italic=False, languageStyle='LTR', name='text', opacity=1, ori=0.0, pos=array([0., 0.]), rgb=UNKNOWN, text='+', units='height', win=Window(...), wrapWidth=1)
7.0632 	EXP 	Created WelcomeText = TextStim(__class__=<class 'psychopy.visual.text.TextStim'>, alignHoriz=method-wrapper(...), alignText='center', alignVert=method-wrapper(...), anchorHoriz='center', anchorVert='center', antialias=True, autoLog=True, bold=False, color=array([1, 1, 1]), colorSpace='rgb', contrast=1.0, depth=0.0, flipHoriz=False, flipVert=False, font='Open Sans', fontFiles=[], height=0.1, italic=False, languageStyle='LTR', name='WelcomeText', opacity=1, ori=0.0, pos=array([0., 0.]), rgb=UNKNOWN, text='Welcome to our Study!', units='height', win=Window(...), wrapWidth=1)
7.0659 	EXP 	Created hasPeriphery = ImageStim(__class__=<class 'psychopy.visual.image.ImageStim'>, autoLog=True, color=array([1, 1, 1]), colorSpace='rgb', contrast=1.0, depth=-1.0, flipHoriz=False, flipVert=False, image='sin', interpolate=True, mask=None, maskParams=None, name='hasPeriphery', opacity=1.0, ori=0.0, pos=array([0., 0.]), size=array([0.5, 0.5]), texRes=128.0, units='height', win=Window(...))
7.0684 	EXP 	Created noPeriphery = ImageStim(__class__=<class 'psychopy.visual.image.ImageStim'>, autoLog=True, color=array([1, 1, 1]), colorSpace='rgb', contrast=1.0, depth=-3.0, flipHoriz=False, flipVert=False, image='sin', interpolate=True, mask=None, maskParams=None, name='noPeriphery', opacity=1.0, ori=0.0, pos=array([0., 0.]), size=array([0.5, 0.5]), texRes=128.0, units='height', win=Window(...))
7.0707 	EXP 	Created final = ImageStim(__class__=<class 'psychopy.visual.image.ImageStim'>, autoLog=True, color=array([1, 1, 1]), colorSpace='rgb', contrast=1.0, depth=-4.0, flipHoriz=False, flipVert=False, image='sin', interpolate=True, mask=None, maskParams=None, name='final', opacity=1.0, ori=0.0, pos=array([0., 0.]), size=array([0.5, 0.5]), texRes=128.0, units='height', win=Window(...))
7.0718 	EXP 	Created blank_screen = Rect(__class__=<class 'psychopy.visual.rect.Rect'>, autoDraw=False, autoLog=True, closeShape=True, color=method-wrapper(...), colorSpace='rgb', contrast=None, depth=-5.0, fillColor=array([1, 1, 1]), fillColorSpace='rgb', fillRGB=UNKNOWN, interpolate=True, lineColor=array([1, 1, 1]), lineColorSpace='rgb', lineRGB=UNKNOWN, lineWidth=1.0, name='blank_screen', opacity=1.0, ori=0.0, pos=array([0., 0.]), size=array([2., 2.]), units='height', vertices=ndarray(...), win=Window(...))
7.0734 	EXP 	Created text = TextStim(__class__=<class 'psychopy.visual.text.TextStim'>, alignHoriz=method-wrapper(...), alignText='center', alignVert=method-wrapper(...), anchorHoriz='center', anchorVert='center', antialias=True, autoLog=True, bold=False, color=array([ 1, -1, -1]), colorSpace='rgb', contrast=1.0, depth=-6.0, flipHoriz=False, flipVert=False, font='Open Sans', fontFiles=[], height=0.1, italic=False, languageStyle='LTR', name='text', opacity=1, ori=0.0, pos=array([0., 0.]), rgb=UNKNOWN, text='+', units='height', win=Window(...), wrapWidth=1)
7.1205 	EXP 	unnamed Form: autoLog = True
7.1205 	EXP 	DepressionQuestionnaire: name = 'DepressionQuestionnaire'
7.1205 	EXP 	DepressionQuestionnaire: size = (3.5, 1)
7.1205 	EXP 	DepressionQuestionnaire: size = array([3.5, 1. ])
7.1205 	EXP 	DepressionQuestionnaire: units = 'height'
7.1205 	EXP 	DepressionQuestionnaire: depth = 0
7.1205 	EXP 	WelcomeText: autoDraw = True
9.1218 	EXP 	WelcomeText: autoDraw = False
9.1218 	EXP 	DepressionQuestionnaire: autoDraw = True
9.8655 	DATA 	Mouse: Left button down, pos=(729,12)
9.9214 	EXP 	DepressionQuestionnaire: autoDraw = False
9.9214 	EXP 	instructionsText: autoDraw = True
9.9529 	DATA 	Mouse:  Left button up, pos=(729,12)
10.2018 	EXP 	Imported picPaths.xlsx as conditions, 6 conditions, 4 params
10.2021 	EXP 	Created sequence: sequential, trialTypes=6, nReps=1, seed=None
10.2024 	EXP 	New trial (rep=0, index=0): {'startImage': 'C:\\Users\\hesselmann\\Desktop\\PsychoPyUniformityIllusion\\UniformityIllusionPsychoPy\\Pics\\1start.png', 'midImage': 'C:\\Users\\hesselmann\\Desktop\\PsychoPyUniformityIllusion\\UniformityIllusionPsychoPy\\Pics\\1a.png', 'endImage': 'C:\\Users\\hesselmann\\Desktop\\PsychoPyUniformityIllusion\\UniformityIllusionPsychoPy\\Pics\\1a.png', 'AB': 'a'}
10.4402 	DATA 	Keypress: space
10.4812 	EXP 	instructionsText: autoDraw = False
10.4812 	EXP 	hasPeriphery: size = array([1.77777778, 1.        ])
10.4812 	EXP 	hasPeriphery: image = 'C:\\Users\\hesselmann\\Desktop\\PsychoPyUniformityIllusion\\UniformityIllusionPsychoPy\\Pics\\1a.png'
10.4812 	EXP 	noPeriphery: size = array([1.77777778, 1.        ])
10.4812 	EXP 	noPeriphery: image = 'C:\\Users\\hesselmann\\Desktop\\PsychoPyUniformityIllusion\\UniformityIllusionPsychoPy\\Pics\\1start.png'
10.4812 	EXP 	final: size = array([1.77777778, 1.        ])
10.4812 	EXP 	final: image = 'C:\\Users\\hesselmann\\Desktop\\PsychoPyUniformityIllusion\\UniformityIllusionPsychoPy\\Pics\\1a.png'
10.4812 	EXP 	hasPeriphery: autoDraw = True
10.4812 	EXP 	hasPeriphery: texRes = 128.0
10.4812 	EXP 	noPeriphery: autoDraw = True
10.4812 	EXP 	noPeriphery: texRes = 128.0
10.4812 	EXP 	text: autoDraw = True
10.6282 	EXP 	hasPeriphery: texRes = 128.0
10.6282 	EXP 	noPeriphery: texRes = 128.0
10.7746 	EXP 	hasPeriphery: texRes = 128.0
10.7746 	EXP 	noPeriphery: texRes = 128.0
10.9217 	EXP 	hasPeriphery: texRes = 128.0
10.9217 	EXP 	noPeriphery: texRes = 128.0
11.0679 	EXP 	hasPeriphery: texRes = 128.0
11.0679 	EXP 	noPeriphery: texRes = 128.0
11.2143 	EXP 	hasPeriphery: texRes = 128.0
11.2143 	EXP 	noPeriphery: texRes = 128.0
11.3745 	EXP 	hasPeriphery: texRes = 128.0
11.3745 	EXP 	noPeriphery: texRes = 128.0
11.5080 	EXP 	hasPeriphery: texRes = 128.0
11.5080 	EXP 	noPeriphery: texRes = 128.0
11.6410 	EXP 	hasPeriphery: texRes = 128.0
11.6410 	EXP 	noPeriphery: texRes = 128.0
11.7880 	EXP 	hasPeriphery: texRes = 128.0
11.7880 	EXP 	noPeriphery: texRes = 128.0
11.9348 	EXP 	hasPeriphery: texRes = 128.0
11.9348 	EXP 	noPeriphery: texRes = 128.0
12.0810 	EXP 	hasPeriphery: texRes = 128.0
12.0810 	EXP 	noPeriphery: texRes = 128.0
12.2144 	EXP 	hasPeriphery: texRes = 128.0
12.2144 	EXP 	noPeriphery: texRes = 128.0
12.3620 	EXP 	hasPeriphery: texRes = 128.0
12.3620 	EXP 	noPeriphery: texRes = 128.0
12.5089 	EXP 	hasPeriphery: texRes = 128.0
12.5089 	EXP 	noPeriphery: texRes = 128.0
12.6678 	EXP 	hasPeriphery: texRes = 128.0
12.6678 	EXP 	noPeriphery: texRes = 128.0
12.8154 	EXP 	hasPeriphery: texRes = 128.0
12.8154 	EXP 	noPeriphery: texRes = 128.0
12.9619 	EXP 	hasPeriphery: texRes = 128.0
12.9619 	EXP 	noPeriphery: texRes = 128.0
13.0955 	EXP 	hasPeriphery: texRes = 128.0
13.0955 	EXP 	noPeriphery: texRes = 128.0
13.2285 	EXP 	hasPeriphery: texRes = 128.0
13.2285 	EXP 	noPeriphery: texRes = 128.0
13.3749 	EXP 	hasPeriphery: texRes = 128.0
13.3749 	EXP 	noPeriphery: texRes = 128.0
13.5219 	EXP 	hasPeriphery: texRes = 128.0
13.5219 	EXP 	noPeriphery: texRes = 128.0
13.6686 	EXP 	hasPeriphery: texRes = 128.0
13.6686 	EXP 	noPeriphery: texRes = 128.0
13.8149 	EXP 	hasPeriphery: texRes = 128.0
13.8149 	EXP 	noPeriphery: texRes = 128.0
13.9484 	EXP 	hasPeriphery: texRes = 128.0
13.9484 	EXP 	noPeriphery: texRes = 128.0
14.0813 	EXP 	hasPeriphery: texRes = 128.0
14.0813 	EXP 	noPeriphery: texRes = 128.0
14.2280 	EXP 	hasPeriphery: texRes = 128.0
14.2280 	EXP 	noPeriphery: texRes = 128.0
14.3746 	EXP 	hasPeriphery: texRes = 128.0
14.3746 	EXP 	noPeriphery: texRes = 128.0
14.5224 	EXP 	hasPeriphery: texRes = 128.0
14.5224 	EXP 	noPeriphery: texRes = 128.0
14.6687 	EXP 	hasPeriphery: texRes = 128.0
14.6687 	EXP 	noPeriphery: texRes = 128.0
14.8283 	EXP 	hasPeriphery: texRes = 128.0
14.8283 	EXP 	noPeriphery: texRes = 128.0
14.9754 	EXP 	hasPeriphery: texRes = 128.0
14.9754 	EXP 	noPeriphery: texRes = 128.0
15.1088 	EXP 	hasPeriphery: texRes = 128.0
15.1088 	EXP 	noPeriphery: texRes = 128.0
15.2414 	EXP 	hasPeriphery: texRes = 128.0
15.2414 	EXP 	noPeriphery: texRes = 128.0
15.3884 	EXP 	hasPeriphery: texRes = 128.0
15.3884 	EXP 	noPeriphery: texRes = 128.0
15.5355 	EXP 	hasPeriphery: texRes = 128.0
15.5355 	EXP 	noPeriphery: texRes = 128.0
15.5355 	EXP 	blank_screen: autoDraw = True
15.7488 	EXP 	hasPeriphery: texRes = 128.0
15.7488 	EXP 	noPeriphery: texRes = 128.0
15.7488 	EXP 	final: autoDraw = True
15.7488 	EXP 	final: texRes = 128.0
15.9627 	EXP 	hasPeriphery: texRes = 128.0
15.9627 	EXP 	noPeriphery: texRes = 128.0
15.9627 	EXP 	final: texRes = 128.0
15.9627 	EXP 	blank_screen: autoDraw = False
16.1755 	EXP 	hasPeriphery: texRes = 128.0
16.1755 	EXP 	noPeriphery: texRes = 128.0
16.1755 	EXP 	final: texRes = 128.0
16.3888 	EXP 	hasPeriphery: texRes = 128.0
16.3888 	EXP 	noPeriphery: texRes = 128.0
16.3888 	EXP 	final: texRes = 128.0
16.5352 	EXP 	New trial (rep=0, index=1): {'startImage': 'C:\\Users\\hesselmann\\Desktop\\PsychoPyUniformityIllusion\\UniformityIllusionPsychoPy\\Pics\\1start.png', 'midImage': 'C:\\Users\\hesselmann\\Desktop\\PsychoPyUniformityIllusion\\UniformityIllusionPsychoPy\\Pics\\1a.png', 'endImage': 'C:\\Users\\hesselmann\\Desktop\\PsychoPyUniformityIllusion\\UniformityIllusionPsychoPy\\Pics\\1b.png', 'AB': 'b'}
16.7675 	DATA 	Keypress: space
16.8152 	EXP 	hasPeriphery: texRes = 128.0
16.8152 	EXP 	noPeriphery: texRes = 128.0
16.8152 	EXP 	final: texRes = 128.0
16.8152 	EXP 	hasPeriphery: autoDraw = False
16.8152 	EXP 	noPeriphery: autoDraw = False
16.8152 	EXP 	final: autoDraw = False
16.8152 	EXP 	blank_screen: autoDraw = False
16.8152 	EXP 	text: autoDraw = False
16.8152 	EXP 	hasPeriphery: size = array([1.77777778, 1.        ])
16.8152 	EXP 	hasPeriphery: image = 'C:\\Users\\hesselmann\\Desktop\\PsychoPyUniformityIllusion\\UniformityIllusionPsychoPy\\Pics\\1a.png'
16.8152 	EXP 	noPeriphery: size = array([1.77777778, 1.        ])
16.8152 	EXP 	noPeriphery: image = 'C:\\Users\\hesselmann\\Desktop\\PsychoPyUniformityIllusion\\UniformityIllusionPsychoPy\\Pics\\1start.png'
16.8152 	EXP 	final: size = array([1.77777778, 1.        ])
16.8152 	EXP 	final: image = 'C:\\Users\\hesselmann\\Desktop\\PsychoPyUniformityIllusion\\UniformityIllusionPsychoPy\\Pics\\1b.png'
16.8152 	EXP 	hasPeriphery: autoDraw = True
16.8152 	EXP 	hasPeriphery: texRes = 128.0
16.8152 	EXP 	noPeriphery: autoDraw = True
16.8152 	EXP 	noPeriphery: texRes = 128.0
16.8152 	EXP 	text: autoDraw = True
16.9621 	EXP 	hasPeriphery: texRes = 128.0
16.9621 	EXP 	noPeriphery: texRes = 128.0
17.0952 	EXP 	hasPeriphery: texRes = 128.0
17.0952 	EXP 	noPeriphery: texRes = 128.0
17.2423 	EXP 	hasPeriphery: texRes = 128.0
17.2423 	EXP 	noPeriphery: texRes = 128.0
17.3886 	EXP 	hasPeriphery: texRes = 128.0
17.3886 	EXP 	noPeriphery: texRes = 128.0
17.5358 	EXP 	hasPeriphery: texRes = 128.0
17.5358 	EXP 	noPeriphery: texRes = 128.0
17.6816 	EXP 	hasPeriphery: texRes = 128.0
17.6816 	EXP 	noPeriphery: texRes = 128.0
17.8288 	EXP 	hasPeriphery: texRes = 128.0
17.8288 	EXP 	noPeriphery: texRes = 128.0
17.9761 	EXP 	hasPeriphery: texRes = 128.0
17.9761 	EXP 	noPeriphery: texRes = 128.0
18.1354 	EXP 	hasPeriphery: texRes = 128.0
18.1354 	EXP 	noPeriphery: texRes = 128.0
18.2820 	EXP 	hasPeriphery: texRes = 128.0
18.2820 	EXP 	noPeriphery: texRes = 128.0
18.4284 	EXP 	hasPeriphery: texRes = 128.0
18.4284 	EXP 	noPeriphery: texRes = 128.0
18.5754 	EXP 	hasPeriphery: texRes = 128.0
18.5754 	EXP 	noPeriphery: texRes = 128.0
18.7225 	EXP 	hasPeriphery: texRes = 128.0
18.7225 	EXP 	noPeriphery: texRes = 128.0
18.8684 	EXP 	hasPeriphery: texRes = 128.0
18.8684 	EXP 	noPeriphery: texRes = 128.0
19.0157 	EXP 	hasPeriphery: texRes = 128.0
19.0157 	EXP 	noPeriphery: texRes = 128.0
19.1622 	EXP 	hasPeriphery: texRes = 128.0
19.1622 	EXP 	noPeriphery: texRes = 128.0
19.3091 	EXP 	hasPeriphery: texRes = 128.0
19.3091 	EXP 	noPeriphery: texRes = 128.0
19.4554 	EXP 	hasPeriphery: texRes = 128.0
19.4554 	EXP 	noPeriphery: texRes = 128.0
19.6022 	EXP 	hasPeriphery: texRes = 128.0
19.6022 	EXP 	noPeriphery: texRes = 128.0
19.7497 	EXP 	hasPeriphery: texRes = 128.0
19.7497 	EXP 	noPeriphery: texRes = 128.0
19.8959 	EXP 	hasPeriphery: texRes = 128.0
19.8959 	EXP 	noPeriphery: texRes = 128.0
20.0425 	EXP 	hasPeriphery: texRes = 128.0
20.0425 	EXP 	noPeriphery: texRes = 128.0
20.1892 	EXP 	hasPeriphery: texRes = 128.0
20.1892 	EXP 	noPeriphery: texRes = 128.0
20.3352 	EXP 	hasPeriphery: texRes = 128.0
20.3352 	EXP 	noPeriphery: texRes = 128.0
20.4822 	EXP 	hasPeriphery: texRes = 128.0
20.4822 	EXP 	noPeriphery: texRes = 128.0
20.6286 	EXP 	hasPeriphery: texRes = 128.0
20.6286 	EXP 	noPeriphery: texRes = 128.0
20.7764 	EXP 	hasPeriphery: texRes = 128.0
20.7764 	EXP 	noPeriphery: texRes = 128.0
20.9226 	EXP 	hasPeriphery: texRes = 128.0
20.9226 	EXP 	noPeriphery: texRes = 128.0
21.0686 	EXP 	hasPeriphery: texRes = 128.0
21.0686 	EXP 	noPeriphery: texRes = 128.0
21.2153 	EXP 	hasPeriphery: texRes = 128.0
21.2153 	EXP 	noPeriphery: texRes = 128.0
21.3628 	EXP 	hasPeriphery: texRes = 128.0
21.3628 	EXP 	noPeriphery: texRes = 128.0
21.5096 	EXP 	hasPeriphery: texRes = 128.0
21.5096 	EXP 	noPeriphery: texRes = 128.0
21.6556 	EXP 	hasPeriphery: texRes = 128.0
21.6556 	EXP 	noPeriphery: texRes = 128.0
21.8024 	EXP 	hasPeriphery: texRes = 128.0
21.8024 	EXP 	noPeriphery: texRes = 128.0
21.9622 	EXP 	hasPeriphery: texRes = 128.0
21.9622 	EXP 	noPeriphery: texRes = 128.0
21.9622 	EXP 	blank_screen: autoDraw = True
22.1754 	EXP 	hasPeriphery: texRes = 128.0
22.1754 	EXP 	noPeriphery: texRes = 128.0
22.1754 	EXP 	final: autoDraw = True
22.1754 	EXP 	final: texRes = 128.0
22.3887 	EXP 	hasPeriphery: texRes = 128.0
22.3887 	EXP 	noPeriphery: texRes = 128.0
22.3887 	EXP 	final: texRes = 128.0
22.3887 	EXP 	blank_screen: autoDraw = False
22.6034 	EXP 	hasPeriphery: texRes = 128.0
22.6034 	EXP 	noPeriphery: texRes = 128.0
22.6034 	EXP 	final: texRes = 128.0
22.8158 	EXP 	hasPeriphery: texRes = 128.0
22.8158 	EXP 	noPeriphery: texRes = 128.0
22.8158 	EXP 	final: texRes = 128.0
23.0291 	EXP 	hasPeriphery: texRes = 128.0
23.0291 	EXP 	noPeriphery: texRes = 128.0
23.0291 	EXP 	final: texRes = 128.0
23.2291 	EXP 	hasPeriphery: texRes = 128.0
23.2291 	EXP 	noPeriphery: texRes = 128.0
23.2291 	EXP 	final: texRes = 128.0
23.4425 	EXP 	hasPeriphery: texRes = 128.0
23.4425 	EXP 	noPeriphery: texRes = 128.0
23.4425 	EXP 	final: texRes = 128.0
23.4425 	EXP 	blank_screen: autoDraw = True
23.6559 	EXP 	hasPeriphery: texRes = 128.0
23.6559 	EXP 	noPeriphery: texRes = 128.0
23.6559 	EXP 	final: texRes = 128.0
23.8702 	EXP 	hasPeriphery: texRes = 128.0
23.8702 	EXP 	noPeriphery: texRes = 128.0
23.8702 	EXP 	final: texRes = 128.0
23.8702 	EXP 	blank_screen: autoDraw = False
24.0826 	EXP 	hasPeriphery: texRes = 128.0
24.0826 	EXP 	noPeriphery: texRes = 128.0
24.0826 	EXP 	final: texRes = 128.0
24.3093 	EXP 	hasPeriphery: texRes = 128.0
24.3093 	EXP 	noPeriphery: texRes = 128.0
24.3093 	EXP 	final: texRes = 128.0
24.5230 	EXP 	hasPeriphery: texRes = 128.0
24.5230 	EXP 	noPeriphery: texRes = 128.0
24.5230 	EXP 	final: texRes = 128.0
24.7356 	EXP 	hasPeriphery: texRes = 128.0
24.7356 	EXP 	noPeriphery: texRes = 128.0
24.7356 	EXP 	final: texRes = 128.0
24.9490 	EXP 	hasPeriphery: texRes = 128.0
24.9490 	EXP 	noPeriphery: texRes = 128.0
24.9490 	EXP 	final: texRes = 128.0
24.9490 	EXP 	blank_screen: autoDraw = True
25.1624 	EXP 	hasPeriphery: texRes = 128.0
25.1624 	EXP 	noPeriphery: texRes = 128.0
25.1624 	EXP 	final: texRes = 128.0
25.3624 	EXP 	hasPeriphery: texRes = 128.0
25.3624 	EXP 	noPeriphery: texRes = 128.0
25.3624 	EXP 	final: texRes = 128.0
25.3624 	EXP 	blank_screen: autoDraw = False
25.5767 	EXP 	hasPeriphery: texRes = 128.0
25.5767 	EXP 	noPeriphery: texRes = 128.0
25.5767 	EXP 	final: texRes = 128.0
25.8038 	EXP 	hasPeriphery: texRes = 128.0
25.8038 	EXP 	noPeriphery: texRes = 128.0
25.8038 	EXP 	final: texRes = 128.0
26.0165 	EXP 	hasPeriphery: texRes = 128.0
26.0165 	EXP 	noPeriphery: texRes = 128.0
26.0165 	EXP 	final: texRes = 128.0
26.2165 	EXP 	hasPeriphery: texRes = 128.0
26.2165 	EXP 	noPeriphery: texRes = 128.0
26.2165 	EXP 	final: texRes = 128.0
26.4291 	EXP 	hasPeriphery: texRes = 128.0
26.4291 	EXP 	noPeriphery: texRes = 128.0
26.4291 	EXP 	final: texRes = 128.0
26.4291 	EXP 	blank_screen: autoDraw = True
26.6429 	EXP 	hasPeriphery: texRes = 128.0
26.6429 	EXP 	noPeriphery: texRes = 128.0
26.6429 	EXP 	final: texRes = 128.0
26.8702 	EXP 	hasPeriphery: texRes = 128.0
26.8702 	EXP 	noPeriphery: texRes = 128.0
26.8702 	EXP 	final: texRes = 128.0
26.8702 	EXP 	blank_screen: autoDraw = False
26.9628 	EXP 	hasPeriphery: autoDraw = False
26.9628 	EXP 	noPeriphery: autoDraw = False
26.9628 	EXP 	final: texRes = 128.0
27.0433 	EXP 	final: texRes = 128.0
27.1228 	EXP 	final: texRes = 128.0
27.2026 	EXP 	final: texRes = 128.0
27.2832 	EXP 	final: texRes = 128.0
27.3629 	EXP 	final: texRes = 128.0
27.4433 	EXP 	final: texRes = 128.0
27.5226 	EXP 	final: texRes = 128.0
27.6029 	EXP 	final: texRes = 128.0
27.6833 	EXP 	final: texRes = 128.0
27.7626 	EXP 	final: texRes = 128.0
27.8426 	EXP 	final: texRes = 128.0
27.9232 	EXP 	final: texRes = 128.0
28.0163 	EXP 	final: texRes = 128.0
28.0960 	EXP 	final: texRes = 128.0
28.1771 	EXP 	final: texRes = 128.0
28.2695 	EXP 	final: texRes = 128.0
28.3501 	EXP 	final: texRes = 128.0
28.4301 	EXP 	final: texRes = 128.0
28.5227 	EXP 	final: texRes = 128.0
28.6030 	EXP 	final: texRes = 128.0
28.6827 	EXP 	final: texRes = 128.0
28.7334 	EXP 	New trial (rep=0, index=2): {'startImage': 'C:\\Users\\hesselmann\\Desktop\\PsychoPyUniformityIllusion\\UniformityIllusionPsychoPy\\Pics\\2start.png', 'midImage': 'C:\\Users\\hesselmann\\Desktop\\PsychoPyUniformityIllusion\\UniformityIllusionPsychoPy\\Pics\\2a.png', 'endImage': 'C:\\Users\\hesselmann\\Desktop\\PsychoPyUniformityIllusion\\UniformityIllusionPsychoPy\\Pics\\2a.png', 'AB': 'a'}
29.0538 	EXP 	window1: mouseVisible = True
