1.0230 	WARNING 	We strongly recommend you activate the PTB sound engine in PsychoPy prefs as the preferred audio engine. Its timing is vastly superior. Your prefs are currently set to use ['sounddevice', 'PTB', 'pyo', 'pygame'] (in that order).
8.1124 	EXP 	Created window1 = Window(allowGUI=False, allowStencil=False, autoLog=True, backendConf=UNKNOWN, bitsMode=UNKNOWN, blendMode='avg', bpc=(8, 8, 8), color=array([0, 0, 0]), colorSpace='rgb', depthBits=8, fullscr=<method-wrapper '__getattribute__' of attributeSetter object at 0x000001B128086F60>, gamma=None, gammaErrorPolicy='raise', lms=UNKNOWN, monitor=<psychopy.monitors.calibTools.Monitor object at 0x000001B127FAF5F8>, multiSample=False, name='window1', numSamples=2, pos=[0.0, 0.0], screen=0, size=array([1920, 1080]), stencilBits=0, stereo=False, units='height', useFBO=True, useRetina=False, viewOri=0.0, viewPos=None, viewScale=None, waitBlanking=True, winType='pyglet')
8.1127 	EXP 	window1: mouseVisible = True
8.1127 	EXP 	window1: recordFrameIntervals = False
8.2458 	EXP 	window1: recordFrameIntervals = True
8.3922 	EXP 	window1: recordFrameIntervals = False
9.2685 	EXP 	Created WelcomeText = TextStim(__class__=<class 'psychopy.visual.text.TextStim'>, alignHoriz=method-wrapper(...), alignText='center', alignVert=method-wrapper(...), anchorHoriz='center', anchorVert='center', antialias=True, autoLog=True, bold=False, color=array([1, 1, 1]), colorSpace='rgb', contrast=1.0, depth=0.0, flipHoriz=False, flipVert=False, font='Open Sans', fontFiles=[], height=0.1, italic=False, languageStyle='LTR', name='WelcomeText', opacity=1, ori=0.0, pos=array([0., 0.]), rgb=UNKNOWN, text='Welcome to our Study!', units='height', win=Window(...), wrapWidth=1)
9.3016 	EXP 	Imported depression.xlsx as conditions, 2 conditions, 12 params
9.3028 	EXP 	Question text: Sadness
9.3355 	EXP 	window1: mouseVisible = True
9.3690 	EXP 	Question text: Pessimism
9.3767 	EXP 	window1: mouseVisible = True
9.3997 	EXP 	window1: mouseVisible = True
9.4038 	EXP 	Created unnamed Rect = Rect(__class__=<class 'psychopy.visual.rect.Rect'>, autoDraw=False, autoLog=True, closeShape=True, color=method-wrapper(...), colorSpace='rgb', contrast=None, depth=0, fillColor=array([0, 0, 0]), fillColorSpace='rgb', fillRGB=UNKNOWN, interpolate=True, lineColor=array([0, 0, 0]), lineColorSpace='rgb', lineRGB=UNKNOWN, lineWidth=1.5, name='unnamed Rect', opacity=0, ori=0.0, pos=array([0., 0.]), size=array([0., 0.]), units='height', vertices=ndarray(...), win=Window(...))
9.4221 	EXP 	Created DepressionQuestionnaire = <psychopy.visual.form.Form object at 0x000001B12AD4A3C8>
9.4460 	EXP 	window1: mouseVisible = True
9.4903 	EXP 	Created instructionsText = TextStim(__class__=<class 'psychopy.visual.text.TextStim'>, alignHoriz=method-wrapper(...), alignText='center', alignVert=method-wrapper(...), anchorHoriz='center', anchorVert='center', antialias=True, autoLog=True, bold=False, color=array([1, 1, 1]), colorSpace='rgb', contrast=1.0, depth=0.0, flipHoriz=False, flipVert=False, font='Open Sans', fontFiles=[], height=0.04, italic=False, languageStyle='LTR', name='instructionsText', opacity=1, ori=0.0, pos=array([0., 0.]), rgb=UNKNOWN, text=str(...), units='height', win=Window(...), wrapWidth=1)
9.4936 	EXP 	Created hasPeriphery = ImageStim(__class__=<class 'psychopy.visual.image.ImageStim'>, autoLog=True, color=array([1, 1, 1]), colorSpace='rgb', contrast=1.0, depth=-1.0, flipHoriz=False, flipVert=False, image='sin', interpolate=True, mask=None, maskParams=None, name='hasPeriphery', opacity=1.0, ori=0.0, pos=array([0., 0.]), size=array([0.5, 0.5]), texRes=128.0, units='height', win=Window(...))
9.4961 	EXP 	Created noPeriphery = ImageStim(__class__=<class 'psychopy.visual.image.ImageStim'>, autoLog=True, color=array([1, 1, 1]), colorSpace='rgb', contrast=1.0, depth=-3.0, flipHoriz=False, flipVert=False, image='sin', interpolate=True, mask=None, maskParams=None, name='noPeriphery', opacity=1.0, ori=0.0, pos=array([0., 0.]), size=array([0.5, 0.5]), texRes=128.0, units='height', win=Window(...))
9.4984 	EXP 	Created final = ImageStim(__class__=<class 'psychopy.visual.image.ImageStim'>, autoLog=True, color=array([1, 1, 1]), colorSpace='rgb', contrast=1.0, depth=-4.0, flipHoriz=False, flipVert=False, image='sin', interpolate=True, mask=None, maskParams=None, name='final', opacity=1.0, ori=0.0, pos=array([0., 0.]), size=array([0.5, 0.5]), texRes=128.0, units='height', win=Window(...))
9.4994 	EXP 	Created blank_screen = Rect(__class__=<class 'psychopy.visual.rect.Rect'>, autoDraw=False, autoLog=True, closeShape=True, color=method-wrapper(...), colorSpace='rgb', contrast=None, depth=-5.0, fillColor=array([1, 1, 1]), fillColorSpace='rgb', fillRGB=UNKNOWN, interpolate=True, lineColor=array([1, 1, 1]), lineColorSpace='rgb', lineRGB=UNKNOWN, lineWidth=1.0, name='blank_screen', opacity=1.0, ori=0.0, pos=array([0., 0.]), size=array([2., 2.]), units='height', vertices=ndarray(...), win=Window(...))
9.5047 	EXP 	Created text = TextStim(__class__=<class 'psychopy.visual.text.TextStim'>, alignHoriz=method-wrapper(...), alignText='center', alignVert=method-wrapper(...), anchorHoriz='center', anchorVert='center', antialias=True, autoLog=True, bold=False, color=array([ 1, -1, -1]), colorSpace='rgb', contrast=1.0, depth=-6.0, flipHoriz=False, flipVert=False, font='Open Sans', fontFiles=[], height=0.1, italic=False, languageStyle='LTR', name='text', opacity=1, ori=0.0, pos=array([0., 0.]), rgb=UNKNOWN, text='+', units='height', win=Window(...), wrapWidth=1)
9.5154 	EXP 	Created WelcomeText = TextStim(__class__=<class 'psychopy.visual.text.TextStim'>, alignHoriz=method-wrapper(...), alignText='center', alignVert=method-wrapper(...), anchorHoriz='center', anchorVert='center', antialias=True, autoLog=True, bold=False, color=array([1, 1, 1]), colorSpace='rgb', contrast=1.0, depth=0.0, flipHoriz=False, flipVert=False, font='Open Sans', fontFiles=[], height=0.1, italic=False, languageStyle='LTR', name='WelcomeText', opacity=1, ori=0.0, pos=array([0., 0.]), rgb=UNKNOWN, text='Welcome to our Study!', units='height', win=Window(...), wrapWidth=1)
9.5180 	EXP 	Created hasPeriphery_2 = ImageStim(__class__=<class 'psychopy.visual.image.ImageStim'>, autoLog=True, color=array([1, 1, 1]), colorSpace='rgb', contrast=1.0, depth=-1.0, flipHoriz=False, flipVert=False, image='sin', interpolate=True, mask=None, maskParams=None, name='hasPeriphery_2', opacity=1.0, ori=0.0, pos=array([0., 0.]), size=array([0.5, 0.5]), texRes=128.0, units='height', win=Window(...))
9.5205 	EXP 	Created noPeriphery_2 = ImageStim(__class__=<class 'psychopy.visual.image.ImageStim'>, autoLog=True, color=array([1, 1, 1]), colorSpace='rgb', contrast=1.0, depth=-3.0, flipHoriz=False, flipVert=False, image='sin', interpolate=True, mask=None, maskParams=None, name='noPeriphery_2', opacity=1.0, ori=0.0, pos=array([0., 0.]), size=array([0.5, 0.5]), texRes=128.0, units='height', win=Window(...))
9.5223 	EXP 	Created text_2 = TextStim(__class__=<class 'psychopy.visual.text.TextStim'>, alignHoriz=method-wrapper(...), alignText='center', alignVert=method-wrapper(...), anchorHoriz='center', anchorVert='center', antialias=True, autoLog=True, bold=False, color=array([ 1, -1, -1]), colorSpace='rgb', contrast=1.0, depth=-4.0, flipHoriz=False, flipVert=False, font='Open Sans', fontFiles=[], height=0.1, italic=False, languageStyle='LTR', name='text_2', opacity=1, ori=0.0, pos=array([0., 0.]), rgb=UNKNOWN, text='+', units='height', win=Window(...), wrapWidth=1)
9.5654 	EXP 	unnamed Form: autoLog = True
9.5654 	EXP 	DepressionQuestionnaire: name = 'DepressionQuestionnaire'
9.5654 	EXP 	DepressionQuestionnaire: size = (3.5, 1)
9.5654 	EXP 	DepressionQuestionnaire: size = array([3.5, 1. ])
9.5654 	EXP 	DepressionQuestionnaire: units = 'height'
9.5654 	EXP 	DepressionQuestionnaire: depth = 0
9.5654 	EXP 	WelcomeText: autoDraw = True
11.5656 	EXP 	WelcomeText: autoDraw = False
11.5656 	EXP 	DepressionQuestionnaire: autoDraw = True
12.2899 	DATA 	Mouse: Left button down, pos=(626,4)
12.3394 	EXP 	DepressionQuestionnaire: autoDraw = False
12.3394 	EXP 	instructionsText: autoDraw = True
12.3966 	DATA 	Mouse:  Left button up, pos=(626,4)
12.8419 	EXP 	Imported picPaths.xlsx as conditions, 6 conditions, 4 params
12.8422 	EXP 	Created sequence: sequential, trialTypes=6, nReps=1, seed=None
12.8425 	EXP 	New trial (rep=0, index=0): {'startImage': 'C:\\Users\\hesselmann\\Desktop\\PsychoPyUniformityIllusion\\UniformityIllusionPsychoPy\\Pics\\1start.png', 'midImage': 'C:\\Users\\hesselmann\\Desktop\\PsychoPyUniformityIllusion\\UniformityIllusionPsychoPy\\Pics\\1a.png', 'endImage': 'C:\\Users\\hesselmann\\Desktop\\PsychoPyUniformityIllusion\\UniformityIllusionPsychoPy\\Pics\\1a.png', 'AB': 'a'}
13.1026 	DATA 	Keypress: space
13.1527 	EXP 	instructionsText: autoDraw = False
13.1527 	EXP 	hasPeriphery: size = array([1.77777778, 1.        ])
13.1527 	EXP 	hasPeriphery: image = 'C:\\Users\\hesselmann\\Desktop\\PsychoPyUniformityIllusion\\UniformityIllusionPsychoPy\\Pics\\1a.png'
13.1527 	EXP 	noPeriphery: size = array([1.77777778, 1.        ])
13.1527 	EXP 	noPeriphery: image = 'C:\\Users\\hesselmann\\Desktop\\PsychoPyUniformityIllusion\\UniformityIllusionPsychoPy\\Pics\\1start.png'
13.1527 	EXP 	final: size = array([1.77777778, 1.        ])
13.1527 	EXP 	final: image = 'C:\\Users\\hesselmann\\Desktop\\PsychoPyUniformityIllusion\\UniformityIllusionPsychoPy\\Pics\\1a.png'
13.1527 	EXP 	hasPeriphery: autoDraw = True
13.1527 	EXP 	hasPeriphery: texRes = 128.0
13.1527 	EXP 	noPeriphery: autoDraw = True
13.1527 	EXP 	noPeriphery: texRes = 128.0
13.1527 	EXP 	blank_screen: autoDraw = True
13.1527 	EXP 	text: autoDraw = True
13.3121 	EXP 	hasPeriphery: texRes = 128.0
13.3121 	EXP 	noPeriphery: texRes = 128.0
13.4588 	EXP 	hasPeriphery: texRes = 128.0
13.4588 	EXP 	noPeriphery: texRes = 128.0
13.4588 	EXP 	blank_screen: autoDraw = False
13.5929 	EXP 	hasPeriphery: texRes = 128.0
13.5929 	EXP 	noPeriphery: texRes = 128.0
13.7388 	EXP 	hasPeriphery: texRes = 128.0
13.7388 	EXP 	noPeriphery: texRes = 128.0
13.8861 	EXP 	hasPeriphery: texRes = 128.0
13.8861 	EXP 	noPeriphery: texRes = 128.0
14.0322 	EXP 	hasPeriphery: texRes = 128.0
14.0322 	EXP 	noPeriphery: texRes = 128.0
14.1795 	EXP 	hasPeriphery: texRes = 128.0
14.1795 	EXP 	noPeriphery: texRes = 128.0
14.3392 	EXP 	hasPeriphery: texRes = 128.0
14.3392 	EXP 	noPeriphery: texRes = 128.0
14.4865 	EXP 	hasPeriphery: texRes = 128.0
14.4865 	EXP 	noPeriphery: texRes = 128.0
14.6193 	EXP 	hasPeriphery: texRes = 128.0
14.6193 	EXP 	noPeriphery: texRes = 128.0
14.7665 	EXP 	hasPeriphery: texRes = 128.0
14.7665 	EXP 	noPeriphery: texRes = 128.0
14.9259 	EXP 	hasPeriphery: texRes = 128.0
14.9259 	EXP 	noPeriphery: texRes = 128.0
15.0722 	EXP 	hasPeriphery: texRes = 128.0
15.0722 	EXP 	noPeriphery: texRes = 128.0
15.2194 	EXP 	hasPeriphery: texRes = 128.0
15.2194 	EXP 	noPeriphery: texRes = 128.0
15.3657 	EXP 	hasPeriphery: texRes = 128.0
15.3657 	EXP 	noPeriphery: texRes = 128.0
15.5123 	EXP 	hasPeriphery: texRes = 128.0
15.5123 	EXP 	noPeriphery: texRes = 128.0
15.6590 	EXP 	hasPeriphery: texRes = 128.0
15.6590 	EXP 	noPeriphery: texRes = 128.0
15.8065 	EXP 	hasPeriphery: texRes = 128.0
15.8065 	EXP 	noPeriphery: texRes = 128.0
15.9657 	EXP 	hasPeriphery: texRes = 128.0
15.9657 	EXP 	noPeriphery: texRes = 128.0
16.1791 	EXP 	hasPeriphery: texRes = 128.0
16.1791 	EXP 	noPeriphery: texRes = 128.0
16.1791 	EXP 	final: autoDraw = True
16.1791 	EXP 	final: texRes = 128.0
16.3229 	EXP 	New trial (rep=0, index=1): {'startImage': 'C:\\Users\\hesselmann\\Desktop\\PsychoPyUniformityIllusion\\UniformityIllusionPsychoPy\\Pics\\1start.png', 'midImage': 'C:\\Users\\hesselmann\\Desktop\\PsychoPyUniformityIllusion\\UniformityIllusionPsychoPy\\Pics\\1a.png', 'endImage': 'C:\\Users\\hesselmann\\Desktop\\PsychoPyUniformityIllusion\\UniformityIllusionPsychoPy\\Pics\\1b.png', 'AB': 'b'}
16.5750 	DATA 	Keypress: space
16.6198 	EXP 	hasPeriphery: texRes = 128.0
16.6198 	EXP 	noPeriphery: texRes = 128.0
16.6198 	EXP 	final: texRes = 128.0
16.6198 	EXP 	hasPeriphery: autoDraw = False
16.6198 	EXP 	noPeriphery: autoDraw = False
16.6198 	EXP 	final: autoDraw = False
16.6198 	EXP 	blank_screen: autoDraw = False
16.6198 	EXP 	text: autoDraw = False
16.6198 	EXP 	hasPeriphery: size = array([1.77777778, 1.        ])
16.6198 	EXP 	hasPeriphery: image = 'C:\\Users\\hesselmann\\Desktop\\PsychoPyUniformityIllusion\\UniformityIllusionPsychoPy\\Pics\\1a.png'
16.6198 	EXP 	noPeriphery: size = array([1.77777778, 1.        ])
16.6198 	EXP 	noPeriphery: image = 'C:\\Users\\hesselmann\\Desktop\\PsychoPyUniformityIllusion\\UniformityIllusionPsychoPy\\Pics\\1start.png'
16.6198 	EXP 	final: size = array([1.77777778, 1.        ])
16.6198 	EXP 	final: image = 'C:\\Users\\hesselmann\\Desktop\\PsychoPyUniformityIllusion\\UniformityIllusionPsychoPy\\Pics\\1b.png'
16.6198 	EXP 	hasPeriphery: autoDraw = True
16.6198 	EXP 	hasPeriphery: texRes = 128.0
16.6198 	EXP 	noPeriphery: autoDraw = True
16.6198 	EXP 	noPeriphery: texRes = 128.0
16.6198 	EXP 	blank_screen: autoDraw = True
16.6198 	EXP 	text: autoDraw = True
16.7791 	EXP 	hasPeriphery: texRes = 128.0
16.7791 	EXP 	noPeriphery: texRes = 128.0
16.9258 	EXP 	hasPeriphery: texRes = 128.0
16.9258 	EXP 	noPeriphery: texRes = 128.0
16.9258 	EXP 	blank_screen: autoDraw = False
17.0728 	EXP 	hasPeriphery: texRes = 128.0
17.0728 	EXP 	noPeriphery: texRes = 128.0
17.2199 	EXP 	hasPeriphery: texRes = 128.0
17.2199 	EXP 	noPeriphery: texRes = 128.0
17.3659 	EXP 	hasPeriphery: texRes = 128.0
17.3659 	EXP 	noPeriphery: texRes = 128.0
17.5125 	EXP 	hasPeriphery: texRes = 128.0
17.5125 	EXP 	noPeriphery: texRes = 128.0
17.6596 	EXP 	hasPeriphery: texRes = 128.0
17.6596 	EXP 	noPeriphery: texRes = 128.0
17.8062 	EXP 	hasPeriphery: texRes = 128.0
17.8062 	EXP 	noPeriphery: texRes = 128.0
17.9525 	EXP 	hasPeriphery: texRes = 128.0
17.9525 	EXP 	noPeriphery: texRes = 128.0
18.0993 	EXP 	hasPeriphery: texRes = 128.0
18.0993 	EXP 	noPeriphery: texRes = 128.0
18.2459 	EXP 	hasPeriphery: texRes = 128.0
18.2459 	EXP 	noPeriphery: texRes = 128.0
18.3930 	EXP 	hasPeriphery: texRes = 128.0
18.3930 	EXP 	noPeriphery: texRes = 128.0
18.5396 	EXP 	hasPeriphery: texRes = 128.0
18.5396 	EXP 	noPeriphery: texRes = 128.0
18.6859 	EXP 	hasPeriphery: texRes = 128.0
18.6859 	EXP 	noPeriphery: texRes = 128.0
18.8334 	EXP 	hasPeriphery: texRes = 128.0
18.8334 	EXP 	noPeriphery: texRes = 128.0
18.9793 	EXP 	hasPeriphery: texRes = 128.0
18.9793 	EXP 	noPeriphery: texRes = 128.0
19.1269 	EXP 	hasPeriphery: texRes = 128.0
19.1269 	EXP 	noPeriphery: texRes = 128.0
19.2730 	EXP 	hasPeriphery: texRes = 128.0
19.2730 	EXP 	noPeriphery: texRes = 128.0
19.4330 	EXP 	hasPeriphery: texRes = 128.0
19.4330 	EXP 	noPeriphery: texRes = 128.0
19.5794 	EXP 	hasPeriphery: texRes = 128.0
19.5794 	EXP 	noPeriphery: texRes = 128.0
19.7268 	EXP 	hasPeriphery: texRes = 128.0
19.7268 	EXP 	noPeriphery: texRes = 128.0
19.8727 	EXP 	hasPeriphery: texRes = 128.0
19.8727 	EXP 	noPeriphery: texRes = 128.0
20.0195 	EXP 	hasPeriphery: texRes = 128.0
20.0195 	EXP 	noPeriphery: texRes = 128.0
20.1668 	EXP 	hasPeriphery: texRes = 128.0
20.1668 	EXP 	noPeriphery: texRes = 128.0
20.3136 	EXP 	hasPeriphery: texRes = 128.0
20.3136 	EXP 	noPeriphery: texRes = 128.0
20.4738 	EXP 	hasPeriphery: texRes = 128.0
20.4738 	EXP 	noPeriphery: texRes = 128.0
20.6071 	EXP 	hasPeriphery: texRes = 128.0
20.6071 	EXP 	noPeriphery: texRes = 128.0
20.7535 	EXP 	hasPeriphery: texRes = 128.0
20.7535 	EXP 	noPeriphery: texRes = 128.0
20.9003 	EXP 	hasPeriphery: texRes = 128.0
20.9003 	EXP 	noPeriphery: texRes = 128.0
21.0999 	EXP 	hasPeriphery: texRes = 128.0
21.0999 	EXP 	noPeriphery: texRes = 128.0
21.0999 	EXP 	final: autoDraw = True
21.0999 	EXP 	final: texRes = 128.0
21.3003 	EXP 	hasPeriphery: texRes = 128.0
21.3003 	EXP 	noPeriphery: texRes = 128.0
21.3003 	EXP 	final: texRes = 128.0
21.5133 	EXP 	hasPeriphery: texRes = 128.0
21.5133 	EXP 	noPeriphery: texRes = 128.0
21.5133 	EXP 	final: texRes = 128.0
21.7133 	EXP 	hasPeriphery: texRes = 128.0
21.7133 	EXP 	noPeriphery: texRes = 128.0
21.7133 	EXP 	final: texRes = 128.0
21.9270 	EXP 	hasPeriphery: texRes = 128.0
21.9270 	EXP 	noPeriphery: texRes = 128.0
21.9270 	EXP 	final: texRes = 128.0
22.1270 	EXP 	hasPeriphery: texRes = 128.0
22.1270 	EXP 	noPeriphery: texRes = 128.0
22.1270 	EXP 	final: texRes = 128.0
22.3400 	EXP 	hasPeriphery: texRes = 128.0
22.3400 	EXP 	noPeriphery: texRes = 128.0
22.3400 	EXP 	final: texRes = 128.0
22.5537 	EXP 	hasPeriphery: texRes = 128.0
22.5537 	EXP 	noPeriphery: texRes = 128.0
22.5537 	EXP 	final: texRes = 128.0
22.7534 	EXP 	hasPeriphery: texRes = 128.0
22.7534 	EXP 	noPeriphery: texRes = 128.0
22.7534 	EXP 	final: texRes = 128.0
22.9674 	EXP 	hasPeriphery: texRes = 128.0
22.9674 	EXP 	noPeriphery: texRes = 128.0
22.9674 	EXP 	final: texRes = 128.0
23.1797 	EXP 	hasPeriphery: texRes = 128.0
23.1797 	EXP 	noPeriphery: texRes = 128.0
23.1797 	EXP 	final: texRes = 128.0
23.3801 	EXP 	hasPeriphery: texRes = 128.0
23.3801 	EXP 	noPeriphery: texRes = 128.0
23.3801 	EXP 	final: texRes = 128.0
23.5799 	EXP 	hasPeriphery: texRes = 128.0
23.5799 	EXP 	noPeriphery: texRes = 128.0
23.5799 	EXP 	final: texRes = 128.0
23.8070 	EXP 	hasPeriphery: texRes = 128.0
23.8070 	EXP 	noPeriphery: texRes = 128.0
23.8070 	EXP 	final: texRes = 128.0
24.0206 	EXP 	hasPeriphery: texRes = 128.0
24.0206 	EXP 	noPeriphery: texRes = 128.0
24.0206 	EXP 	final: texRes = 128.0
24.2198 	EXP 	hasPeriphery: texRes = 128.0
24.2198 	EXP 	noPeriphery: texRes = 128.0
24.2198 	EXP 	final: texRes = 128.0
24.4202 	EXP 	hasPeriphery: texRes = 128.0
24.4202 	EXP 	noPeriphery: texRes = 128.0
24.4202 	EXP 	final: texRes = 128.0
24.6203 	EXP 	hasPeriphery: texRes = 128.0
24.6203 	EXP 	noPeriphery: texRes = 128.0
24.6203 	EXP 	final: texRes = 128.0
24.8203 	EXP 	hasPeriphery: texRes = 128.0
24.8203 	EXP 	noPeriphery: texRes = 128.0
24.8203 	EXP 	final: texRes = 128.0
25.0208 	EXP 	hasPeriphery: texRes = 128.0
25.0208 	EXP 	noPeriphery: texRes = 128.0
25.0208 	EXP 	final: texRes = 128.0
25.2333 	EXP 	hasPeriphery: texRes = 128.0
25.2333 	EXP 	noPeriphery: texRes = 128.0
25.2333 	EXP 	final: texRes = 128.0
25.4342 	EXP 	hasPeriphery: texRes = 128.0
25.4342 	EXP 	noPeriphery: texRes = 128.0
25.4342 	EXP 	final: texRes = 128.0
25.6340 	EXP 	hasPeriphery: texRes = 128.0
25.6340 	EXP 	noPeriphery: texRes = 128.0
25.6340 	EXP 	final: texRes = 128.0
25.8337 	EXP 	hasPeriphery: texRes = 128.0
25.8337 	EXP 	noPeriphery: texRes = 128.0
25.8337 	EXP 	final: texRes = 128.0
26.0604 	EXP 	hasPeriphery: texRes = 128.0
26.0604 	EXP 	noPeriphery: texRes = 128.0
26.0604 	EXP 	final: texRes = 128.0
26.2604 	EXP 	hasPeriphery: texRes = 128.0
26.2604 	EXP 	noPeriphery: texRes = 128.0
26.2604 	EXP 	final: texRes = 128.0
26.4606 	EXP 	hasPeriphery: texRes = 128.0
26.4606 	EXP 	noPeriphery: texRes = 128.0
26.4606 	EXP 	final: texRes = 128.0
26.6608 	EXP 	hasPeriphery: texRes = 128.0
26.6608 	EXP 	noPeriphery: texRes = 128.0
26.6608 	EXP 	final: texRes = 128.0
26.7408 	EXP 	hasPeriphery: autoDraw = False
26.7408 	EXP 	noPeriphery: autoDraw = False
26.7408 	EXP 	final: texRes = 128.0
26.8206 	EXP 	final: texRes = 128.0
26.9008 	EXP 	final: texRes = 128.0
26.9942 	EXP 	final: texRes = 128.0
27.0740 	EXP 	final: texRes = 128.0
27.1538 	EXP 	final: texRes = 128.0
27.2472 	EXP 	final: texRes = 128.0
27.3403 	EXP 	final: texRes = 128.0
27.4205 	EXP 	final: texRes = 128.0
27.5006 	EXP 	final: texRes = 128.0
27.5809 	EXP 	final: texRes = 128.0
27.6609 	EXP 	final: texRes = 128.0
27.7403 	EXP 	final: texRes = 128.0
27.8206 	EXP 	final: texRes = 128.0
27.9003 	EXP 	final: texRes = 128.0
27.9810 	EXP 	final: texRes = 128.0
28.0610 	EXP 	final: texRes = 128.0
28.1406 	EXP 	final: texRes = 128.0
28.2206 	EXP 	final: texRes = 128.0
28.3010 	EXP 	final: texRes = 128.0
28.3803 	EXP 	final: texRes = 128.0
28.4869 	EXP 	final: texRes = 128.0
28.5674 	EXP 	final: texRes = 128.0
28.6236 	DATA 	Keypress: escape
28.6477 	EXP 	final: texRes = 128.0
28.7280 	EXP 	final: texRes = 128.0
28.9384 	EXP 	window1: mouseVisible = True
