1.0127 	WARNING 	We strongly recommend you activate the PTB sound engine in PsychoPy prefs as the preferred audio engine. Its timing is vastly superior. Your prefs are currently set to use ['sounddevice', 'PTB', 'pyo', 'pygame'] (in that order).
26.0760 	EXP 	Created window1 = Window(allowGUI=False, allowStencil=False, autoLog=True, backendConf=UNKNOWN, bitsMode=UNKNOWN, blendMode='avg', bpc=(8, 8, 8), color=array([0, 0, 0]), colorSpace='rgb', depthBits=8, fullscr=<method-wrapper '__getattribute__' of attributeSetter object at 0x00000211B0786FD0>, gamma=None, gammaErrorPolicy='raise', lms=UNKNOWN, monitor=<psychopy.monitors.calibTools.Monitor object at 0x00000211B06AF668>, multiSample=False, name='window1', numSamples=2, pos=[0.0, 0.0], screen=0, size=array([1920, 1080]), stencilBits=0, stereo=False, units='height', useFBO=True, useRetina=False, viewOri=0.0, viewPos=None, viewScale=None, waitBlanking=True, winType='pyglet')
26.0762 	EXP 	window1: mouseVisible = True
26.0763 	EXP 	window1: recordFrameIntervals = False
26.2085 	EXP 	window1: recordFrameIntervals = True
26.3556 	EXP 	window1: recordFrameIntervals = False
26.8503 	EXP 	Created WelcomeText = TextStim(__class__=<class 'psychopy.visual.text.TextStim'>, alignHoriz=method-wrapper(...), alignText='center', alignVert=method-wrapper(...), anchorHoriz='center', anchorVert='center', antialias=True, autoLog=True, bold=False, color=array([1, 1, 1]), colorSpace='rgb', contrast=1.0, depth=0.0, flipHoriz=False, flipVert=False, font='Open Sans', fontFiles=[], height=0.1, italic=False, languageStyle='LTR', name='WelcomeText', opacity=1, ori=0.0, pos=array([0., 0.]), rgb=UNKNOWN, text='Welcome to our Study!', units='height', win=Window(...), wrapWidth=1)
26.8664 	EXP 	Imported depression.xlsx as conditions, 2 conditions, 12 params
26.8676 	EXP 	Question text: Sadness
26.8971 	EXP 	window1: mouseVisible = True
26.9315 	EXP 	Question text: Pessimism
26.9473 	EXP 	window1: mouseVisible = True
26.9715 	EXP 	window1: mouseVisible = True
26.9757 	EXP 	Created unnamed Rect = Rect(__class__=<class 'psychopy.visual.rect.Rect'>, autoDraw=False, autoLog=True, closeShape=True, color=method-wrapper(...), colorSpace='rgb', contrast=None, depth=0, fillColor=array([0, 0, 0]), fillColorSpace='rgb', fillRGB=UNKNOWN, interpolate=True, lineColor=array([0, 0, 0]), lineColorSpace='rgb', lineRGB=UNKNOWN, lineWidth=1.5, name='unnamed Rect', opacity=0, ori=0.0, pos=array([0., 0.]), size=array([0., 0.]), units='height', vertices=ndarray(...), win=Window(...))
26.9830 	EXP 	Created DepressionQuestionnaire = <psychopy.visual.form.Form object at 0x00000211B34DE438>
27.0060 	EXP 	window1: mouseVisible = True
27.0489 	EXP 	Created instructionsText = TextStim(__class__=<class 'psychopy.visual.text.TextStim'>, alignHoriz=method-wrapper(...), alignText='center', alignVert=method-wrapper(...), anchorHoriz='center', anchorVert='center', antialias=True, autoLog=True, bold=False, color=array([1, 1, 1]), colorSpace='rgb', contrast=1.0, depth=0.0, flipHoriz=False, flipVert=False, font='Open Sans', fontFiles=[], height=0.04, italic=False, languageStyle='LTR', name='instructionsText', opacity=1, ori=0.0, pos=array([0., 0.]), rgb=UNKNOWN, text=str(...), units='height', win=Window(...), wrapWidth=1)
27.0520 	EXP 	Created hasPeriphery = ImageStim(__class__=<class 'psychopy.visual.image.ImageStim'>, autoLog=True, color=array([1, 1, 1]), colorSpace='rgb', contrast=1.0, depth=-1.0, flipHoriz=False, flipVert=False, image='sin', interpolate=True, mask=None, maskParams=None, name='hasPeriphery', opacity=1.0, ori=0.0, pos=array([0., 0.]), size=array([0.5, 0.5]), texRes=128.0, units='height', win=Window(...))
27.0545 	EXP 	Created noPeriphery = ImageStim(__class__=<class 'psychopy.visual.image.ImageStim'>, autoLog=True, color=array([1, 1, 1]), colorSpace='rgb', contrast=1.0, depth=-3.0, flipHoriz=False, flipVert=False, image='sin', interpolate=True, mask=None, maskParams=None, name='noPeriphery', opacity=1.0, ori=0.0, pos=array([0., 0.]), size=array([0.5, 0.5]), texRes=128.0, units='height', win=Window(...))
27.0567 	EXP 	Created final = ImageStim(__class__=<class 'psychopy.visual.image.ImageStim'>, autoLog=True, color=array([1, 1, 1]), colorSpace='rgb', contrast=1.0, depth=-4.0, flipHoriz=False, flipVert=False, image='sin', interpolate=True, mask=None, maskParams=None, name='final', opacity=1.0, ori=0.0, pos=array([0., 0.]), size=array([0.5, 0.5]), texRes=128.0, units='height', win=Window(...))
27.0578 	EXP 	Created blank_screen = Rect(__class__=<class 'psychopy.visual.rect.Rect'>, autoDraw=False, autoLog=True, closeShape=True, color=method-wrapper(...), colorSpace='rgb', contrast=None, depth=-5.0, fillColor=array([1, 1, 1]), fillColorSpace='rgb', fillRGB=UNKNOWN, interpolate=True, lineColor=array([1, 1, 1]), lineColorSpace='rgb', lineRGB=UNKNOWN, lineWidth=1.0, name='blank_screen', opacity=1.0, ori=0.0, pos=array([0., 0.]), size=array([2., 2.]), units='height', vertices=ndarray(...), win=Window(...))
27.0630 	EXP 	Created text = TextStim(__class__=<class 'psychopy.visual.text.TextStim'>, alignHoriz=method-wrapper(...), alignText='center', alignVert=method-wrapper(...), anchorHoriz='center', anchorVert='center', antialias=True, autoLog=True, bold=False, color=array([ 1, -1, -1]), colorSpace='rgb', contrast=1.0, depth=-6.0, flipHoriz=False, flipVert=False, font='Open Sans', fontFiles=[], height=0.1, italic=False, languageStyle='LTR', name='text', opacity=1, ori=0.0, pos=array([0., 0.]), rgb=UNKNOWN, text='+', units='height', win=Window(...), wrapWidth=1)
27.0737 	EXP 	Created WelcomeText = TextStim(__class__=<class 'psychopy.visual.text.TextStim'>, alignHoriz=method-wrapper(...), alignText='center', alignVert=method-wrapper(...), anchorHoriz='center', anchorVert='center', antialias=True, autoLog=True, bold=False, color=array([1, 1, 1]), colorSpace='rgb', contrast=1.0, depth=0.0, flipHoriz=False, flipVert=False, font='Open Sans', fontFiles=[], height=0.1, italic=False, languageStyle='LTR', name='WelcomeText', opacity=1, ori=0.0, pos=array([0., 0.]), rgb=UNKNOWN, text='Welcome to our Study!', units='height', win=Window(...), wrapWidth=1)
27.0763 	EXP 	Created hasPeriphery_2 = ImageStim(__class__=<class 'psychopy.visual.image.ImageStim'>, autoLog=True, color=array([1, 1, 1]), colorSpace='rgb', contrast=1.0, depth=-1.0, flipHoriz=False, flipVert=False, image='sin', interpolate=True, mask=None, maskParams=None, name='hasPeriphery_2', opacity=1.0, ori=0.0, pos=array([0., 0.]), size=array([0.5, 0.5]), texRes=128.0, units='height', win=Window(...))
27.0787 	EXP 	Created noPeriphery_2 = ImageStim(__class__=<class 'psychopy.visual.image.ImageStim'>, autoLog=True, color=array([1, 1, 1]), colorSpace='rgb', contrast=1.0, depth=-3.0, flipHoriz=False, flipVert=False, image='sin', interpolate=True, mask=None, maskParams=None, name='noPeriphery_2', opacity=1.0, ori=0.0, pos=array([0., 0.]), size=array([0.5, 0.5]), texRes=128.0, units='height', win=Window(...))
27.0804 	EXP 	Created text_2 = TextStim(__class__=<class 'psychopy.visual.text.TextStim'>, alignHoriz=method-wrapper(...), alignText='center', alignVert=method-wrapper(...), anchorHoriz='center', anchorVert='center', antialias=True, autoLog=True, bold=False, color=array([ 1, -1, -1]), colorSpace='rgb', contrast=1.0, depth=-4.0, flipHoriz=False, flipVert=False, font='Open Sans', fontFiles=[], height=0.1, italic=False, languageStyle='LTR', name='text_2', opacity=1, ori=0.0, pos=array([0., 0.]), rgb=UNKNOWN, text='+', units='height', win=Window(...), wrapWidth=1)
27.1287 	EXP 	unnamed Form: autoLog = True
27.1287 	EXP 	DepressionQuestionnaire: name = 'DepressionQuestionnaire'
27.1287 	EXP 	DepressionQuestionnaire: size = (3.5, 1)
27.1287 	EXP 	DepressionQuestionnaire: size = array([3.5, 1. ])
27.1287 	EXP 	DepressionQuestionnaire: units = 'height'
27.1287 	EXP 	DepressionQuestionnaire: depth = 0
27.1287 	EXP 	WelcomeText: autoDraw = True
29.1425 	EXP 	WelcomeText: autoDraw = False
29.1425 	EXP 	DepressionQuestionnaire: autoDraw = True
29.7388 	DATA 	Mouse: Left button down, pos=(840,123)
29.8360 	DATA 	Mouse:  Left button up, pos=(839,135)
30.1034 	DATA 	Mouse: Left button down, pos=(804,80)
30.1294 	EXP 	DepressionQuestionnaire: autoDraw = False
30.1294 	EXP 	instructionsText: autoDraw = True
30.1882 	DATA 	Mouse:  Left button up, pos=(804,80)
30.4098 	EXP 	Imported picPaths.xlsx as conditions, 6 conditions, 4 params
30.4108 	EXP 	Created sequence: random, trialTypes=6, nReps=1, seed=None
30.4111 	EXP 	New trial (rep=0, index=0): {'startImage': 'C:\\Users\\hesselmann\\Desktop\\PsychoPyUniformityIllusion\\UniformityIllusionPsychoPy\\Pics\\2start.png', 'midImage': 'C:\\Users\\hesselmann\\Desktop\\PsychoPyUniformityIllusion\\UniformityIllusionPsychoPy\\Pics\\2a.png', 'endImage': 'C:\\Users\\hesselmann\\Desktop\\PsychoPyUniformityIllusion\\UniformityIllusionPsychoPy\\Pics\\2a.png', 'AB': 'a'}
30.6177 	DATA 	Keypress: space
30.6763 	EXP 	instructionsText: autoDraw = False
30.6763 	EXP 	hasPeriphery: size = array([1.77777778, 1.        ])
30.6763 	EXP 	hasPeriphery: image = 'C:\\Users\\hesselmann\\Desktop\\PsychoPyUniformityIllusion\\UniformityIllusionPsychoPy\\Pics\\2a.png'
30.6763 	EXP 	noPeriphery: size = array([1.77777778, 1.        ])
30.6763 	EXP 	noPeriphery: image = 'C:\\Users\\hesselmann\\Desktop\\PsychoPyUniformityIllusion\\UniformityIllusionPsychoPy\\Pics\\2start.png'
30.6763 	EXP 	final: size = array([1.77777778, 1.        ])
30.6763 	EXP 	final: image = 'C:\\Users\\hesselmann\\Desktop\\PsychoPyUniformityIllusion\\UniformityIllusionPsychoPy\\Pics\\2a.png'
30.6763 	EXP 	hasPeriphery: autoDraw = True
30.6763 	EXP 	hasPeriphery: texRes = 128.0
30.6763 	EXP 	noPeriphery: autoDraw = True
30.6763 	EXP 	noPeriphery: texRes = 128.0
30.6763 	EXP 	blank_screen: autoDraw = True
30.6763 	EXP 	text: autoDraw = True
30.8222 	EXP 	hasPeriphery: texRes = 128.0
30.8222 	EXP 	noPeriphery: texRes = 128.0
30.9563 	EXP 	hasPeriphery: texRes = 128.0
30.9563 	EXP 	noPeriphery: texRes = 128.0
30.9563 	EXP 	blank_screen: autoDraw = False
31.0756 	EXP 	hasPeriphery: texRes = 128.0
31.0756 	EXP 	noPeriphery: texRes = 128.0
31.1960 	EXP 	hasPeriphery: texRes = 128.0
31.1960 	EXP 	noPeriphery: texRes = 128.0
31.3159 	EXP 	hasPeriphery: texRes = 128.0
31.3159 	EXP 	noPeriphery: texRes = 128.0
31.4492 	EXP 	hasPeriphery: texRes = 128.0
31.4492 	EXP 	noPeriphery: texRes = 128.0
31.5693 	EXP 	hasPeriphery: texRes = 128.0
31.5693 	EXP 	noPeriphery: texRes = 128.0
31.6889 	EXP 	hasPeriphery: texRes = 128.0
31.6889 	EXP 	noPeriphery: texRes = 128.0
31.8222 	EXP 	hasPeriphery: texRes = 128.0
31.8222 	EXP 	noPeriphery: texRes = 128.0
31.9564 	EXP 	hasPeriphery: texRes = 128.0
31.9564 	EXP 	noPeriphery: texRes = 128.0
32.0896 	EXP 	hasPeriphery: texRes = 128.0
32.0896 	EXP 	noPeriphery: texRes = 128.0
32.2223 	EXP 	hasPeriphery: texRes = 128.0
32.2223 	EXP 	noPeriphery: texRes = 128.0
32.3428 	EXP 	hasPeriphery: texRes = 128.0
32.3428 	EXP 	noPeriphery: texRes = 128.0
32.4632 	EXP 	hasPeriphery: texRes = 128.0
32.4632 	EXP 	noPeriphery: texRes = 128.0
32.5961 	EXP 	hasPeriphery: texRes = 128.0
32.5961 	EXP 	noPeriphery: texRes = 128.0
32.7294 	EXP 	hasPeriphery: texRes = 128.0
32.7294 	EXP 	noPeriphery: texRes = 128.0
32.8630 	EXP 	hasPeriphery: texRes = 128.0
32.8630 	EXP 	noPeriphery: texRes = 128.0
32.9962 	EXP 	hasPeriphery: texRes = 128.0
32.9962 	EXP 	noPeriphery: texRes = 128.0
33.1299 	EXP 	hasPeriphery: texRes = 128.0
33.1299 	EXP 	noPeriphery: texRes = 128.0
33.2631 	EXP 	hasPeriphery: texRes = 128.0
33.2631 	EXP 	noPeriphery: texRes = 128.0
33.3829 	EXP 	hasPeriphery: texRes = 128.0
33.3829 	EXP 	noPeriphery: texRes = 128.0
33.5164 	EXP 	hasPeriphery: texRes = 128.0
33.5164 	EXP 	noPeriphery: texRes = 128.0
33.6357 	EXP 	hasPeriphery: texRes = 128.0
33.6357 	EXP 	noPeriphery: texRes = 128.0
33.7699 	EXP 	hasPeriphery: texRes = 128.0
33.7699 	EXP 	noPeriphery: texRes = 128.0
33.9029 	EXP 	hasPeriphery: texRes = 128.0
33.9029 	EXP 	noPeriphery: texRes = 128.0
34.0358 	EXP 	hasPeriphery: texRes = 128.0
34.0358 	EXP 	noPeriphery: texRes = 128.0
34.1558 	EXP 	hasPeriphery: texRes = 128.0
34.1558 	EXP 	noPeriphery: texRes = 128.0
34.2770 	EXP 	hasPeriphery: texRes = 128.0
34.2770 	EXP 	noPeriphery: texRes = 128.0
34.4095 	EXP 	hasPeriphery: texRes = 128.0
34.4095 	EXP 	noPeriphery: texRes = 128.0
34.5969 	EXP 	hasPeriphery: texRes = 128.0
34.5969 	EXP 	noPeriphery: texRes = 128.0
34.5969 	EXP 	final: autoDraw = True
34.5969 	EXP 	final: texRes = 128.0
34.7961 	EXP 	hasPeriphery: texRes = 128.0
34.7961 	EXP 	noPeriphery: texRes = 128.0
34.7961 	EXP 	final: texRes = 128.0
34.9832 	EXP 	hasPeriphery: texRes = 128.0
34.9832 	EXP 	noPeriphery: texRes = 128.0
34.9832 	EXP 	final: texRes = 128.0
35.1692 	EXP 	hasPeriphery: texRes = 128.0
35.1692 	EXP 	noPeriphery: texRes = 128.0
35.1692 	EXP 	final: texRes = 128.0
35.3562 	EXP 	hasPeriphery: texRes = 128.0
35.3562 	EXP 	noPeriphery: texRes = 128.0
35.3562 	EXP 	final: texRes = 128.0
35.5297 	EXP 	hasPeriphery: texRes = 128.0
35.5297 	EXP 	noPeriphery: texRes = 128.0
35.5297 	EXP 	final: texRes = 128.0
35.7164 	EXP 	hasPeriphery: texRes = 128.0
35.7164 	EXP 	noPeriphery: texRes = 128.0
35.7164 	EXP 	final: texRes = 128.0
35.9030 	EXP 	hasPeriphery: texRes = 128.0
35.9030 	EXP 	noPeriphery: texRes = 128.0
35.9030 	EXP 	final: texRes = 128.0
36.0896 	EXP 	hasPeriphery: texRes = 128.0
36.0896 	EXP 	noPeriphery: texRes = 128.0
36.0896 	EXP 	final: texRes = 128.0
36.2764 	EXP 	hasPeriphery: texRes = 128.0
36.2764 	EXP 	noPeriphery: texRes = 128.0
36.2764 	EXP 	final: texRes = 128.0
36.4497 	EXP 	hasPeriphery: texRes = 128.0
36.4497 	EXP 	noPeriphery: texRes = 128.0
36.4497 	EXP 	final: texRes = 128.0
36.6368 	EXP 	hasPeriphery: texRes = 128.0
36.6368 	EXP 	noPeriphery: texRes = 128.0
36.6368 	EXP 	final: texRes = 128.0
36.8232 	EXP 	hasPeriphery: texRes = 128.0
36.8232 	EXP 	noPeriphery: texRes = 128.0
36.8232 	EXP 	final: texRes = 128.0
37.0097 	EXP 	hasPeriphery: texRes = 128.0
37.0097 	EXP 	noPeriphery: texRes = 128.0
37.0097 	EXP 	final: texRes = 128.0
37.2773 	EXP 	window1: mouseVisible = True
