1.0552 	WARNING 	We strongly recommend you activate the PTB sound engine in PsychoPy prefs as the preferred audio engine. Its timing is vastly superior. Your prefs are currently set to use ['sounddevice', 'PTB', 'pyo', 'pygame'] (in that order).
8.0015 	EXP 	Created window1 = Window(allowGUI=False, allowStencil=False, autoLog=True, backendConf=UNKNOWN, bitsMode=UNKNOWN, blendMode='avg', bpc=(8, 8, 8), color=array([0, 0, 0]), colorSpace='rgb', depthBits=8, fullscr=<method-wrapper '__getattribute__' of attributeSetter object at 0x00000165B4A54EB8>, gamma=None, gammaErrorPolicy='raise', lms=UNKNOWN, monitor=<psychopy.monitors.calibTools.Monitor object at 0x00000165B4A30550>, multiSample=False, name='window1', numSamples=2, pos=[0.0, 0.0], screen=0, size=array([1920, 1080]), stencilBits=0, stereo=False, units='height', useFBO=True, useRetina=False, viewOri=0.0, viewPos=None, viewScale=None, waitBlanking=True, winType='pyglet')
8.0017 	EXP 	window1: mouseVisible = True
8.0017 	EXP 	window1: recordFrameIntervals = False
8.1671 	EXP 	window1: recordFrameIntervals = True
8.3507 	EXP 	window1: recordFrameIntervals = False
9.0446 	EXP 	Created WelcomeText = TextStim(__class__=<class 'psychopy.visual.text.TextStim'>, alignHoriz=method-wrapper(...), alignText='center', alignVert=method-wrapper(...), anchorHoriz='center', anchorVert='center', antialias=True, autoLog=True, bold=False, color=array([1, 1, 1]), colorSpace='rgb', contrast=1.0, depth=0.0, flipHoriz=False, flipVert=False, font='Open Sans', fontFiles=[], height=0.1, italic=False, languageStyle='LTR', name='WelcomeText', opacity=1, ori=0.0, pos=array([0., 0.]), rgb=UNKNOWN, text='Welcome to our Study!', units='height', win=Window(...), wrapWidth=1)
9.0673 	EXP 	Imported depression.xlsx as conditions, 2 conditions, 12 params
9.0683 	EXP 	Question text: Sadness
9.1019 	EXP 	window1: mouseVisible = True
9.1376 	EXP 	Question text: Pessimism
9.1491 	EXP 	window1: mouseVisible = True
9.1734 	EXP 	window1: mouseVisible = True
9.1783 	EXP 	Created unnamed Rect = Rect(__class__=<class 'psychopy.visual.rect.Rect'>, autoDraw=False, autoLog=True, closeShape=True, color=method-wrapper(...), colorSpace='rgb', contrast=None, depth=0, fillColor=array([0, 0, 0]), fillColorSpace='rgb', fillRGB=UNKNOWN, interpolate=True, lineColor=array([0, 0, 0]), lineColorSpace='rgb', lineRGB=UNKNOWN, lineWidth=1.5, name='unnamed Rect', opacity=0, ori=0.0, pos=array([0., 0.]), size=array([0., 0.]), units='height', vertices=ndarray(...), win=Window(...))
9.1964 	EXP 	Created DepressionQuestionnaire = <psychopy.visual.form.Form object at 0x00000165B78807B8>
9.2202 	EXP 	window1: mouseVisible = True
9.2646 	EXP 	Created instructionsText = TextStim(__class__=<class 'psychopy.visual.text.TextStim'>, alignHoriz=method-wrapper(...), alignText='center', alignVert=method-wrapper(...), anchorHoriz='center', anchorVert='center', antialias=True, autoLog=True, bold=False, color=array([1, 1, 1]), colorSpace='rgb', contrast=1.0, depth=0.0, flipHoriz=False, flipVert=False, font='Open Sans', fontFiles=[], height=0.04, italic=False, languageStyle='LTR', name='instructionsText', opacity=1, ori=0.0, pos=array([0., 0.]), rgb=UNKNOWN, text=str(...), units='height', win=Window(...), wrapWidth=1)
9.2745 	EXP 	Created hasPeriphery = ImageStim(__class__=<class 'psychopy.visual.image.ImageStim'>, autoLog=True, color=array([1, 1, 1]), colorSpace='rgb', contrast=1.0, depth=-1.0, flipHoriz=False, flipVert=False, image='sin', interpolate=True, mask=None, maskParams=None, name='hasPeriphery', opacity=1.0, ori=0.0, pos=array([0., 0.]), size=array([0.5, 0.5]), texRes=128.0, units='height', win=Window(...))
9.2771 	EXP 	Created noPeriphery = ImageStim(__class__=<class 'psychopy.visual.image.ImageStim'>, autoLog=True, color=array([1, 1, 1]), colorSpace='rgb', contrast=1.0, depth=-3.0, flipHoriz=False, flipVert=False, image='sin', interpolate=True, mask=None, maskParams=None, name='noPeriphery', opacity=1.0, ori=0.0, pos=array([0., 0.]), size=array([0.5, 0.5]), texRes=128.0, units='height', win=Window(...))
9.2781 	EXP 	Created blank_screen = Rect(__class__=<class 'psychopy.visual.rect.Rect'>, autoDraw=False, autoLog=True, closeShape=True, color=method-wrapper(...), colorSpace='rgb', contrast=None, depth=-4.0, fillColor=array([1, 1, 1]), fillColorSpace='rgb', fillRGB=UNKNOWN, interpolate=True, lineColor=array([1, 1, 1]), lineColorSpace='rgb', lineRGB=UNKNOWN, lineWidth=1.0, name='blank_screen', opacity=1.0, ori=0.0, pos=array([0., 0.]), size=array([2., 2.]), units='height', vertices=ndarray(...), win=Window(...))
9.2842 	EXP 	Created text = TextStim(__class__=<class 'psychopy.visual.text.TextStim'>, alignHoriz=method-wrapper(...), alignText='center', alignVert=method-wrapper(...), anchorHoriz='center', anchorVert='center', antialias=True, autoLog=True, bold=False, color=array([ 1, -1, -1]), colorSpace='rgb', contrast=1.0, depth=-5.0, flipHoriz=False, flipVert=False, font='Open Sans', fontFiles=[], height=0.1, italic=False, languageStyle='LTR', name='text', opacity=1, ori=0.0, pos=array([0., 0.]), rgb=UNKNOWN, text='+', units='height', win=Window(...), wrapWidth=1)
9.2949 	EXP 	Created WelcomeText = TextStim(__class__=<class 'psychopy.visual.text.TextStim'>, alignHoriz=method-wrapper(...), alignText='center', alignVert=method-wrapper(...), anchorHoriz='center', anchorVert='center', antialias=True, autoLog=True, bold=False, color=array([1, 1, 1]), colorSpace='rgb', contrast=1.0, depth=0.0, flipHoriz=False, flipVert=False, font='Open Sans', fontFiles=[], height=0.1, italic=False, languageStyle='LTR', name='WelcomeText', opacity=1, ori=0.0, pos=array([0., 0.]), rgb=UNKNOWN, text='Welcome to our Study!', units='height', win=Window(...), wrapWidth=1)
9.2975 	EXP 	Created hasPeriphery_2 = ImageStim(__class__=<class 'psychopy.visual.image.ImageStim'>, autoLog=True, color=array([1, 1, 1]), colorSpace='rgb', contrast=1.0, depth=-1.0, flipHoriz=False, flipVert=False, image='sin', interpolate=True, mask=None, maskParams=None, name='hasPeriphery_2', opacity=1.0, ori=0.0, pos=array([0., 0.]), size=array([0.5, 0.5]), texRes=128.0, units='height', win=Window(...))
9.2997 	EXP 	Created noPeriphery_2 = ImageStim(__class__=<class 'psychopy.visual.image.ImageStim'>, autoLog=True, color=array([1, 1, 1]), colorSpace='rgb', contrast=1.0, depth=-3.0, flipHoriz=False, flipVert=False, image='sin', interpolate=True, mask=None, maskParams=None, name='noPeriphery_2', opacity=1.0, ori=0.0, pos=array([0., 0.]), size=array([0.5, 0.5]), texRes=128.0, units='height', win=Window(...))
9.3015 	EXP 	Created text_2 = TextStim(__class__=<class 'psychopy.visual.text.TextStim'>, alignHoriz=method-wrapper(...), alignText='center', alignVert=method-wrapper(...), anchorHoriz='center', anchorVert='center', antialias=True, autoLog=True, bold=False, color=array([ 1, -1, -1]), colorSpace='rgb', contrast=1.0, depth=-4.0, flipHoriz=False, flipVert=False, font='Open Sans', fontFiles=[], height=0.1, italic=False, languageStyle='LTR', name='text_2', opacity=1, ori=0.0, pos=array([0., 0.]), rgb=UNKNOWN, text='+', units='height', win=Window(...), wrapWidth=1)
9.3501 	EXP 	unnamed Form: autoLog = True
9.3501 	EXP 	DepressionQuestionnaire: name = 'DepressionQuestionnaire'
9.3501 	EXP 	DepressionQuestionnaire: size = (3.5, 1)
9.3501 	EXP 	DepressionQuestionnaire: size = array([3.5, 1. ])
9.3501 	EXP 	DepressionQuestionnaire: units = 'height'
9.3501 	EXP 	DepressionQuestionnaire: depth = 0
9.3501 	EXP 	WelcomeText: autoDraw = True
11.3667 	EXP 	WelcomeText: autoDraw = False
11.3667 	EXP 	DepressionQuestionnaire: autoDraw = True
14.7424 	DATA 	Mouse: Left button down, pos=(860,79)
14.7993 	EXP 	DepressionQuestionnaire: autoDraw = False
14.7993 	EXP 	instructionsText: autoDraw = True
14.8379 	DATA 	Mouse:  Left button up, pos=(859,79)
15.5043 	DATA 	Mouse: wheel shift=(0,-1), pos=(1069,642)
15.6606 	EXP 	Imported picPaths.xlsx as conditions, 6 conditions, 3 params
15.6611 	EXP 	Created sequence: sequential, trialTypes=6, nReps=1, seed=None
15.6615 	EXP 	New trial (rep=0, index=0): {'startImage': 'C:\\Users\\hesselmann\\Desktop\\PsychoPyUniformityIllusion\\UniformityIllusionPsychoPy\\Pics\\1start.png', 'endImage': 'C:\\Users\\hesselmann\\Desktop\\PsychoPyUniformityIllusion\\UniformityIllusionPsychoPy\\Pics\\1a.png', 'AB': 'a'}
15.8522 	DATA 	Keypress: space
15.8984 	EXP 	instructionsText: autoDraw = False
15.8984 	EXP 	hasPeriphery: size = array([1.77777778, 1.        ])
15.8984 	EXP 	hasPeriphery: image = 'C:\\Users\\hesselmann\\Desktop\\PsychoPyUniformityIllusion\\UniformityIllusionPsychoPy\\Pics\\1a.png'
15.8984 	EXP 	noPeriphery: size = array([1.77777778, 1.        ])
15.8984 	EXP 	noPeriphery: image = 'C:\\Users\\hesselmann\\Desktop\\PsychoPyUniformityIllusion\\UniformityIllusionPsychoPy\\Pics\\1start.png'
15.8984 	EXP 	hasPeriphery: autoDraw = True
15.8984 	EXP 	hasPeriphery: texRes = 128.0
15.8984 	EXP 	noPeriphery: autoDraw = True
15.8984 	EXP 	noPeriphery: texRes = 128.0
15.8984 	EXP 	text: autoDraw = True
16.0325 	EXP 	hasPeriphery: texRes = 128.0
16.0325 	EXP 	noPeriphery: texRes = 128.0
16.1823 	EXP 	hasPeriphery: texRes = 128.0
16.1823 	EXP 	noPeriphery: texRes = 128.0
16.3321 	EXP 	hasPeriphery: texRes = 128.0
16.3321 	EXP 	noPeriphery: texRes = 128.0
16.4654 	EXP 	hasPeriphery: texRes = 128.0
16.4654 	EXP 	noPeriphery: texRes = 128.0
16.5983 	EXP 	hasPeriphery: texRes = 128.0
16.5983 	EXP 	noPeriphery: texRes = 128.0
16.7319 	EXP 	hasPeriphery: texRes = 128.0
16.7319 	EXP 	noPeriphery: texRes = 128.0
16.8661 	EXP 	hasPeriphery: texRes = 128.0
16.8661 	EXP 	noPeriphery: texRes = 128.0
16.9985 	EXP 	hasPeriphery: texRes = 128.0
16.9985 	EXP 	noPeriphery: texRes = 128.0
17.1485 	EXP 	hasPeriphery: texRes = 128.0
17.1485 	EXP 	noPeriphery: texRes = 128.0
17.2823 	EXP 	hasPeriphery: texRes = 128.0
17.2823 	EXP 	noPeriphery: texRes = 128.0
17.4155 	EXP 	hasPeriphery: texRes = 128.0
17.4155 	EXP 	noPeriphery: texRes = 128.0
17.5481 	EXP 	hasPeriphery: texRes = 128.0
17.5481 	EXP 	noPeriphery: texRes = 128.0
17.6985 	EXP 	hasPeriphery: texRes = 128.0
17.6985 	EXP 	noPeriphery: texRes = 128.0
17.8320 	EXP 	hasPeriphery: texRes = 128.0
17.8320 	EXP 	noPeriphery: texRes = 128.0
17.9647 	EXP 	hasPeriphery: texRes = 128.0
17.9647 	EXP 	noPeriphery: texRes = 128.0
18.1147 	EXP 	hasPeriphery: texRes = 128.0
18.1147 	EXP 	noPeriphery: texRes = 128.0
18.2646 	EXP 	hasPeriphery: texRes = 128.0
18.2646 	EXP 	noPeriphery: texRes = 128.0
18.3983 	EXP 	hasPeriphery: texRes = 128.0
18.3983 	EXP 	noPeriphery: texRes = 128.0
18.5317 	EXP 	hasPeriphery: texRes = 128.0
18.5317 	EXP 	noPeriphery: texRes = 128.0
18.6648 	EXP 	hasPeriphery: texRes = 128.0
18.6648 	EXP 	noPeriphery: texRes = 128.0
18.7982 	EXP 	hasPeriphery: texRes = 128.0
18.7982 	EXP 	noPeriphery: texRes = 128.0
18.9318 	EXP 	hasPeriphery: texRes = 128.0
18.9318 	EXP 	noPeriphery: texRes = 128.0
19.0812 	EXP 	hasPeriphery: texRes = 128.0
19.0812 	EXP 	noPeriphery: texRes = 128.0
19.2312 	EXP 	hasPeriphery: texRes = 128.0
19.2312 	EXP 	noPeriphery: texRes = 128.0
19.3654 	EXP 	hasPeriphery: texRes = 128.0
19.3654 	EXP 	noPeriphery: texRes = 128.0
19.4981 	EXP 	hasPeriphery: texRes = 128.0
19.4981 	EXP 	noPeriphery: texRes = 128.0
19.6313 	EXP 	hasPeriphery: texRes = 128.0
19.6313 	EXP 	noPeriphery: texRes = 128.0
19.7235 	EXP 	New trial (rep=0, index=1): {'startImage': 'C:\\Users\\hesselmann\\Desktop\\PsychoPyUniformityIllusion\\UniformityIllusionPsychoPy\\Pics\\1start.png', 'endImage': 'C:\\Users\\hesselmann\\Desktop\\PsychoPyUniformityIllusion\\UniformityIllusionPsychoPy\\Pics\\1b.png', 'AB': 'b'}
19.9300 	DATA 	Keypress: space
19.9809 	EXP 	hasPeriphery: texRes = 128.0
19.9809 	EXP 	noPeriphery: texRes = 128.0
19.9809 	EXP 	hasPeriphery: autoDraw = False
19.9809 	EXP 	noPeriphery: autoDraw = False
19.9809 	EXP 	blank_screen: autoDraw = False
19.9809 	EXP 	text: autoDraw = False
19.9809 	EXP 	hasPeriphery: size = array([1.77777778, 1.        ])
19.9809 	EXP 	hasPeriphery: image = 'C:\\Users\\hesselmann\\Desktop\\PsychoPyUniformityIllusion\\UniformityIllusionPsychoPy\\Pics\\1b.png'
19.9809 	EXP 	noPeriphery: size = array([1.77777778, 1.        ])
19.9809 	EXP 	noPeriphery: image = 'C:\\Users\\hesselmann\\Desktop\\PsychoPyUniformityIllusion\\UniformityIllusionPsychoPy\\Pics\\1start.png'
19.9809 	EXP 	hasPeriphery: autoDraw = True
19.9809 	EXP 	hasPeriphery: texRes = 128.0
19.9809 	EXP 	noPeriphery: autoDraw = True
19.9809 	EXP 	noPeriphery: texRes = 128.0
19.9809 	EXP 	text: autoDraw = True
20.1477 	EXP 	hasPeriphery: texRes = 128.0
20.1477 	EXP 	noPeriphery: texRes = 128.0
20.2809 	EXP 	hasPeriphery: texRes = 128.0
20.2809 	EXP 	noPeriphery: texRes = 128.0
20.4142 	EXP 	hasPeriphery: texRes = 128.0
20.4142 	EXP 	noPeriphery: texRes = 128.0
20.5491 	EXP 	hasPeriphery: texRes = 128.0
20.5491 	EXP 	noPeriphery: texRes = 128.0
20.6976 	EXP 	hasPeriphery: texRes = 128.0
20.6976 	EXP 	noPeriphery: texRes = 128.0
20.8319 	EXP 	hasPeriphery: texRes = 128.0
20.8319 	EXP 	noPeriphery: texRes = 128.0
20.9807 	EXP 	hasPeriphery: texRes = 128.0
20.9807 	EXP 	noPeriphery: texRes = 128.0
21.1140 	EXP 	hasPeriphery: texRes = 128.0
21.1140 	EXP 	noPeriphery: texRes = 128.0
21.2640 	EXP 	hasPeriphery: texRes = 128.0
21.2640 	EXP 	noPeriphery: texRes = 128.0
21.4148 	EXP 	hasPeriphery: texRes = 128.0
21.4148 	EXP 	noPeriphery: texRes = 128.0
21.5640 	EXP 	hasPeriphery: texRes = 128.0
21.5640 	EXP 	noPeriphery: texRes = 128.0
21.6977 	EXP 	hasPeriphery: texRes = 128.0
21.6977 	EXP 	noPeriphery: texRes = 128.0
21.8309 	EXP 	hasPeriphery: texRes = 128.0
21.8309 	EXP 	noPeriphery: texRes = 128.0
21.9638 	EXP 	hasPeriphery: texRes = 128.0
21.9638 	EXP 	noPeriphery: texRes = 128.0
22.0973 	EXP 	hasPeriphery: texRes = 128.0
22.0973 	EXP 	noPeriphery: texRes = 128.0
22.2476 	EXP 	hasPeriphery: texRes = 128.0
22.2476 	EXP 	noPeriphery: texRes = 128.0
22.3816 	EXP 	hasPeriphery: texRes = 128.0
22.3816 	EXP 	noPeriphery: texRes = 128.0
22.5148 	EXP 	hasPeriphery: texRes = 128.0
22.5148 	EXP 	noPeriphery: texRes = 128.0
22.6474 	EXP 	hasPeriphery: texRes = 128.0
22.6474 	EXP 	noPeriphery: texRes = 128.0
22.7338 	EXP 	New trial (rep=0, index=2): {'startImage': 'C:\\Users\\hesselmann\\Desktop\\PsychoPyUniformityIllusion\\UniformityIllusionPsychoPy\\Pics\\2start.png', 'endImage': 'C:\\Users\\hesselmann\\Desktop\\PsychoPyUniformityIllusion\\UniformityIllusionPsychoPy\\Pics\\2a.png', 'AB': 'a'}
22.9020 	DATA 	Keypress: space
22.9470 	EXP 	hasPeriphery: texRes = 128.0
22.9470 	EXP 	noPeriphery: texRes = 128.0
22.9470 	EXP 	hasPeriphery: autoDraw = False
22.9470 	EXP 	noPeriphery: autoDraw = False
22.9470 	EXP 	blank_screen: autoDraw = False
22.9470 	EXP 	text: autoDraw = False
22.9470 	EXP 	hasPeriphery: size = array([1.77777778, 1.        ])
22.9470 	EXP 	hasPeriphery: image = 'C:\\Users\\hesselmann\\Desktop\\PsychoPyUniformityIllusion\\UniformityIllusionPsychoPy\\Pics\\2a.png'
22.9470 	EXP 	noPeriphery: size = array([1.77777778, 1.        ])
22.9470 	EXP 	noPeriphery: image = 'C:\\Users\\hesselmann\\Desktop\\PsychoPyUniformityIllusion\\UniformityIllusionPsychoPy\\Pics\\2start.png'
22.9470 	EXP 	hasPeriphery: autoDraw = True
22.9470 	EXP 	hasPeriphery: texRes = 128.0
22.9470 	EXP 	noPeriphery: autoDraw = True
22.9470 	EXP 	noPeriphery: texRes = 128.0
22.9470 	EXP 	text: autoDraw = True
23.0811 	EXP 	hasPeriphery: texRes = 128.0
23.0811 	EXP 	noPeriphery: texRes = 128.0
23.1973 	EXP 	hasPeriphery: texRes = 128.0
23.1973 	EXP 	noPeriphery: texRes = 128.0
23.3140 	EXP 	hasPeriphery: texRes = 128.0
23.3140 	EXP 	noPeriphery: texRes = 128.0
23.4306 	EXP 	hasPeriphery: texRes = 128.0
23.4306 	EXP 	noPeriphery: texRes = 128.0
23.5468 	EXP 	hasPeriphery: texRes = 128.0
23.5468 	EXP 	noPeriphery: texRes = 128.0
23.6635 	EXP 	hasPeriphery: texRes = 128.0
23.6635 	EXP 	noPeriphery: texRes = 128.0
23.7801 	EXP 	hasPeriphery: texRes = 128.0
23.7801 	EXP 	noPeriphery: texRes = 128.0
23.8973 	EXP 	hasPeriphery: texRes = 128.0
23.8973 	EXP 	noPeriphery: texRes = 128.0
24.0138 	EXP 	hasPeriphery: texRes = 128.0
24.0138 	EXP 	noPeriphery: texRes = 128.0
24.1300 	EXP 	hasPeriphery: texRes = 128.0
24.1300 	EXP 	noPeriphery: texRes = 128.0
24.2467 	EXP 	hasPeriphery: texRes = 128.0
24.2467 	EXP 	noPeriphery: texRes = 128.0
24.3637 	EXP 	hasPeriphery: texRes = 128.0
24.3637 	EXP 	noPeriphery: texRes = 128.0
24.4804 	EXP 	hasPeriphery: texRes = 128.0
24.4804 	EXP 	noPeriphery: texRes = 128.0
24.5971 	EXP 	hasPeriphery: texRes = 128.0
24.5971 	EXP 	noPeriphery: texRes = 128.0
24.7133 	EXP 	hasPeriphery: texRes = 128.0
24.7133 	EXP 	noPeriphery: texRes = 128.0
24.8311 	EXP 	hasPeriphery: texRes = 128.0
24.8311 	EXP 	noPeriphery: texRes = 128.0
24.9465 	EXP 	hasPeriphery: texRes = 128.0
24.9465 	EXP 	noPeriphery: texRes = 128.0
25.0252 	DATA 	Keypress: space
25.0634 	EXP 	hasPeriphery: texRes = 128.0
25.0634 	EXP 	noPeriphery: texRes = 128.0
25.1307 	EXP 	New trial (rep=0, index=3): {'startImage': 'C:\\Users\\hesselmann\\Desktop\\PsychoPyUniformityIllusion\\UniformityIllusionPsychoPy\\Pics\\2start.png', 'endImage': 'C:\\Users\\hesselmann\\Desktop\\PsychoPyUniformityIllusion\\UniformityIllusionPsychoPy\\Pics\\2b.png', 'AB': 'b'}
25.3132 	EXP 	hasPeriphery: texRes = 128.0
25.3132 	EXP 	noPeriphery: texRes = 128.0
25.3132 	EXP 	hasPeriphery: autoDraw = False
25.3132 	EXP 	noPeriphery: autoDraw = False
25.3132 	EXP 	blank_screen: autoDraw = False
25.3132 	EXP 	text: autoDraw = False
25.3132 	EXP 	hasPeriphery: size = array([1.77777778, 1.        ])
25.3132 	EXP 	hasPeriphery: image = 'C:\\Users\\hesselmann\\Desktop\\PsychoPyUniformityIllusion\\UniformityIllusionPsychoPy\\Pics\\2b.png'
25.3132 	EXP 	noPeriphery: size = array([1.77777778, 1.        ])
25.3132 	EXP 	noPeriphery: image = 'C:\\Users\\hesselmann\\Desktop\\PsychoPyUniformityIllusion\\UniformityIllusionPsychoPy\\Pics\\2start.png'
25.3132 	EXP 	hasPeriphery: autoDraw = True
25.3132 	EXP 	hasPeriphery: texRes = 128.0
25.3132 	EXP 	noPeriphery: autoDraw = True
25.3132 	EXP 	noPeriphery: texRes = 128.0
25.3132 	EXP 	text: autoDraw = True
25.4298 	EXP 	hasPeriphery: texRes = 128.0
25.4298 	EXP 	noPeriphery: texRes = 128.0
25.5476 	EXP 	hasPeriphery: texRes = 128.0
25.5476 	EXP 	noPeriphery: texRes = 128.0
25.6640 	EXP 	hasPeriphery: texRes = 128.0
25.6640 	EXP 	noPeriphery: texRes = 128.0
25.7802 	EXP 	hasPeriphery: texRes = 128.0
25.7802 	EXP 	noPeriphery: texRes = 128.0
25.8968 	EXP 	hasPeriphery: texRes = 128.0
25.8968 	EXP 	noPeriphery: texRes = 128.0
26.0134 	EXP 	hasPeriphery: texRes = 128.0
26.0134 	EXP 	noPeriphery: texRes = 128.0
26.1296 	EXP 	hasPeriphery: texRes = 128.0
26.1296 	EXP 	noPeriphery: texRes = 128.0
26.2463 	EXP 	hasPeriphery: texRes = 128.0
26.2463 	EXP 	noPeriphery: texRes = 128.0
26.3629 	EXP 	hasPeriphery: texRes = 128.0
26.3629 	EXP 	noPeriphery: texRes = 128.0
26.4801 	EXP 	hasPeriphery: texRes = 128.0
26.4801 	EXP 	noPeriphery: texRes = 128.0
26.5970 	EXP 	hasPeriphery: texRes = 128.0
26.5970 	EXP 	noPeriphery: texRes = 128.0
26.7137 	EXP 	hasPeriphery: texRes = 128.0
26.7137 	EXP 	noPeriphery: texRes = 128.0
26.8301 	EXP 	hasPeriphery: texRes = 128.0
26.8301 	EXP 	noPeriphery: texRes = 128.0
26.9470 	EXP 	hasPeriphery: texRes = 128.0
26.9470 	EXP 	noPeriphery: texRes = 128.0
27.0629 	EXP 	hasPeriphery: texRes = 128.0
27.0629 	EXP 	noPeriphery: texRes = 128.0
27.1803 	EXP 	hasPeriphery: texRes = 128.0
27.1803 	EXP 	noPeriphery: texRes = 128.0
27.2961 	EXP 	hasPeriphery: texRes = 128.0
27.2961 	EXP 	noPeriphery: texRes = 128.0
27.4134 	EXP 	hasPeriphery: texRes = 128.0
27.4134 	EXP 	noPeriphery: texRes = 128.0
27.5300 	EXP 	hasPeriphery: texRes = 128.0
27.5300 	EXP 	noPeriphery: texRes = 128.0
27.6470 	EXP 	hasPeriphery: texRes = 128.0
27.6470 	EXP 	noPeriphery: texRes = 128.0
27.7631 	EXP 	hasPeriphery: texRes = 128.0
27.7631 	EXP 	noPeriphery: texRes = 128.0
27.8798 	EXP 	hasPeriphery: texRes = 128.0
27.8798 	EXP 	noPeriphery: texRes = 128.0
27.9964 	EXP 	hasPeriphery: texRes = 128.0
27.9964 	EXP 	noPeriphery: texRes = 128.0
28.1128 	EXP 	hasPeriphery: texRes = 128.0
28.1128 	EXP 	noPeriphery: texRes = 128.0
28.2296 	EXP 	hasPeriphery: texRes = 128.0
28.2296 	EXP 	noPeriphery: texRes = 128.0
28.3470 	EXP 	hasPeriphery: texRes = 128.0
28.3470 	EXP 	noPeriphery: texRes = 128.0
28.4634 	EXP 	hasPeriphery: texRes = 128.0
28.4634 	EXP 	noPeriphery: texRes = 128.0
28.5325 	DATA 	Keypress: escape
28.5800 	EXP 	hasPeriphery: texRes = 128.0
28.5800 	EXP 	noPeriphery: texRes = 128.0
28.7965 	EXP 	window1: mouseVisible = True
