1.0205 	WARNING 	We strongly recommend you activate the PTB sound engine in PsychoPy prefs as the preferred audio engine. Its timing is vastly superior. Your prefs are currently set to use ['sounddevice', 'PTB', 'pyo', 'pygame'] (in that order).
9.0427 	EXP 	Created window1 = Window(allowGUI=False, allowStencil=False, autoLog=True, backendConf=UNKNOWN, bitsMode=UNKNOWN, blendMode='avg', bpc=(8, 8, 8), color=array([0, 0, 0]), colorSpace='rgb', depthBits=8, fullscr=<method-wrapper '__getattribute__' of attributeSetter object at 0x00000163E1774F60>, gamma=None, gammaErrorPolicy='raise', lms=UNKNOWN, monitor=<psychopy.monitors.calibTools.Monitor object at 0x00000163E171D5C0>, multiSample=False, name='window1', numSamples=2, pos=[0.0, 0.0], screen=0, size=array([1920, 1080]), stencilBits=0, stereo=False, units='height', useFBO=True, useRetina=False, viewOri=0.0, viewPos=None, viewScale=None, waitBlanking=True, winType='pyglet')
9.0429 	EXP 	window1: mouseVisible = True
9.0429 	EXP 	window1: recordFrameIntervals = False
9.2083 	EXP 	window1: recordFrameIntervals = True
9.3912 	EXP 	window1: recordFrameIntervals = False
9.7758 	EXP 	Created WelcomeText = TextStim(__class__=<class 'psychopy.visual.text.TextStim'>, alignHoriz=method-wrapper(...), alignText='center', alignVert=method-wrapper(...), anchorHoriz='center', anchorVert='center', antialias=True, autoLog=True, bold=False, color=array([1, 1, 1]), colorSpace='rgb', contrast=1.0, depth=0.0, flipHoriz=False, flipVert=False, font='Open Sans', fontFiles=[], height=0.1, italic=False, languageStyle='LTR', name='WelcomeText', opacity=1, ori=0.0, pos=array([0., 0.]), rgb=UNKNOWN, text='Welcome to our Study!', units='height', win=Window(...), wrapWidth=1)
9.7941 	EXP 	Imported depression.xlsx as conditions, 2 conditions, 12 params
9.7954 	EXP 	Question text: Sadness
9.8253 	EXP 	window1: mouseVisible = True
9.8578 	EXP 	Question text: Pessimism
9.8689 	EXP 	window1: mouseVisible = True
9.8909 	EXP 	window1: mouseVisible = True
9.8952 	EXP 	Created unnamed Rect = Rect(__class__=<class 'psychopy.visual.rect.Rect'>, autoDraw=False, autoLog=True, closeShape=True, color=method-wrapper(...), colorSpace='rgb', contrast=None, depth=0, fillColor=array([0, 0, 0]), fillColorSpace='rgb', fillRGB=UNKNOWN, interpolate=True, lineColor=array([0, 0, 0]), lineColorSpace='rgb', lineRGB=UNKNOWN, lineWidth=1.5, name='unnamed Rect', opacity=0, ori=0.0, pos=array([0., 0.]), size=array([0., 0.]), units='height', vertices=ndarray(...), win=Window(...))
9.9024 	EXP 	Created DepressionQuestionnaire = <psychopy.visual.form.Form object at 0x00000163E41A03C8>
9.9259 	EXP 	window1: mouseVisible = True
9.9713 	EXP 	Created instructionsText = TextStim(__class__=<class 'psychopy.visual.text.TextStim'>, alignHoriz=method-wrapper(...), alignText='center', alignVert=method-wrapper(...), anchorHoriz='center', anchorVert='center', antialias=True, autoLog=True, bold=False, color=array([1, 1, 1]), colorSpace='rgb', contrast=1.0, depth=0.0, flipHoriz=False, flipVert=False, font='Open Sans', fontFiles=[], height=0.04, italic=False, languageStyle='LTR', name='instructionsText', opacity=1, ori=0.0, pos=array([0., 0.]), rgb=UNKNOWN, text=str(...), units='height', win=Window(...), wrapWidth=1)
9.9749 	EXP 	Created hasPeriphery = ImageStim(__class__=<class 'psychopy.visual.image.ImageStim'>, autoLog=True, color=array([1, 1, 1]), colorSpace='rgb', contrast=1.0, depth=-1.0, flipHoriz=False, flipVert=False, image='sin', interpolate=True, mask=None, maskParams=None, name='hasPeriphery', opacity=1.0, ori=0.0, pos=array([0., 0.]), size=array([0.5, 0.5]), texRes=128.0, units='height', win=Window(...))
9.9774 	EXP 	Created noPeriphery = ImageStim(__class__=<class 'psychopy.visual.image.ImageStim'>, autoLog=True, color=array([1, 1, 1]), colorSpace='rgb', contrast=1.0, depth=-3.0, flipHoriz=False, flipVert=False, image='sin', interpolate=True, mask=None, maskParams=None, name='noPeriphery', opacity=1.0, ori=0.0, pos=array([0., 0.]), size=array([0.5, 0.5]), texRes=128.0, units='height', win=Window(...))
9.9785 	EXP 	Created blank_screen = Rect(__class__=<class 'psychopy.visual.rect.Rect'>, autoDraw=False, autoLog=True, closeShape=True, color=method-wrapper(...), colorSpace='rgb', contrast=None, depth=-4.0, fillColor=array([1, 1, 1]), fillColorSpace='rgb', fillRGB=UNKNOWN, interpolate=True, lineColor=array([1, 1, 1]), lineColorSpace='rgb', lineRGB=UNKNOWN, lineWidth=1.0, name='blank_screen', opacity=1.0, ori=0.0, pos=array([0., 0.]), size=array([2., 2.]), units='height', vertices=ndarray(...), win=Window(...))
9.9843 	EXP 	Created text = TextStim(__class__=<class 'psychopy.visual.text.TextStim'>, alignHoriz=method-wrapper(...), alignText='center', alignVert=method-wrapper(...), anchorHoriz='center', anchorVert='center', antialias=True, autoLog=True, bold=False, color=array([ 1, -1, -1]), colorSpace='rgb', contrast=1.0, depth=-5.0, flipHoriz=False, flipVert=False, font='Open Sans', fontFiles=[], height=0.1, italic=False, languageStyle='LTR', name='text', opacity=1, ori=0.0, pos=array([0., 0.]), rgb=UNKNOWN, text='+', units='height', win=Window(...), wrapWidth=1)
9.9866 	EXP 	Created final = ImageStim(__class__=<class 'psychopy.visual.image.ImageStim'>, autoLog=True, color=array([1, 1, 1]), colorSpace='rgb', contrast=1.0, depth=-6.0, flipHoriz=False, flipVert=False, image='sin', interpolate=True, mask=None, maskParams=None, name='final', opacity=1, ori=0.0, pos=array([0., 0.]), size=array([0.5, 0.5]), texRes=128.0, units='height', win=Window(...))
9.9976 	EXP 	Created WelcomeText = TextStim(__class__=<class 'psychopy.visual.text.TextStim'>, alignHoriz=method-wrapper(...), alignText='center', alignVert=method-wrapper(...), anchorHoriz='center', anchorVert='center', antialias=True, autoLog=True, bold=False, color=array([1, 1, 1]), colorSpace='rgb', contrast=1.0, depth=0.0, flipHoriz=False, flipVert=False, font='Open Sans', fontFiles=[], height=0.1, italic=False, languageStyle='LTR', name='WelcomeText', opacity=1, ori=0.0, pos=array([0., 0.]), rgb=UNKNOWN, text='Welcome to our Study!', units='height', win=Window(...), wrapWidth=1)
10.0001 	EXP 	Created hasPeriphery_2 = ImageStim(__class__=<class 'psychopy.visual.image.ImageStim'>, autoLog=True, color=array([1, 1, 1]), colorSpace='rgb', contrast=1.0, depth=-1.0, flipHoriz=False, flipVert=False, image='sin', interpolate=True, mask=None, maskParams=None, name='hasPeriphery_2', opacity=1.0, ori=0.0, pos=array([0., 0.]), size=array([0.5, 0.5]), texRes=128.0, units='height', win=Window(...))
10.0024 	EXP 	Created noPeriphery_2 = ImageStim(__class__=<class 'psychopy.visual.image.ImageStim'>, autoLog=True, color=array([1, 1, 1]), colorSpace='rgb', contrast=1.0, depth=-3.0, flipHoriz=False, flipVert=False, image='sin', interpolate=True, mask=None, maskParams=None, name='noPeriphery_2', opacity=1.0, ori=0.0, pos=array([0., 0.]), size=array([0.5, 0.5]), texRes=128.0, units='height', win=Window(...))
10.0041 	EXP 	Created text_2 = TextStim(__class__=<class 'psychopy.visual.text.TextStim'>, alignHoriz=method-wrapper(...), alignText='center', alignVert=method-wrapper(...), anchorHoriz='center', anchorVert='center', antialias=True, autoLog=True, bold=False, color=array([ 1, -1, -1]), colorSpace='rgb', contrast=1.0, depth=-4.0, flipHoriz=False, flipVert=False, font='Open Sans', fontFiles=[], height=0.1, italic=False, languageStyle='LTR', name='text_2', opacity=1, ori=0.0, pos=array([0., 0.]), rgb=UNKNOWN, text='+', units='height', win=Window(...), wrapWidth=1)
10.0579 	EXP 	unnamed Form: autoLog = True
10.0579 	EXP 	DepressionQuestionnaire: name = 'DepressionQuestionnaire'
10.0579 	EXP 	DepressionQuestionnaire: size = (3.5, 1)
10.0579 	EXP 	DepressionQuestionnaire: size = array([3.5, 1. ])
10.0579 	EXP 	DepressionQuestionnaire: units = 'height'
10.0579 	EXP 	DepressionQuestionnaire: depth = 0
10.0579 	EXP 	WelcomeText: autoDraw = True
12.0571 	EXP 	WelcomeText: autoDraw = False
12.0571 	EXP 	DepressionQuestionnaire: autoDraw = True
13.7999 	DATA 	Mouse: Left button down, pos=(746,90)
13.8569 	EXP 	DepressionQuestionnaire: autoDraw = False
13.8569 	EXP 	instructionsText: autoDraw = True
13.8953 	DATA 	Mouse:  Left button up, pos=(746,90)
14.7879 	EXP 	Imported picPaths.xlsx as conditions, 6 conditions, 4 params
14.7882 	EXP 	Created sequence: sequential, trialTypes=6, nReps=1, seed=None
14.7886 	EXP 	New trial (rep=0, index=0): {'startImage': 'C:\\Users\\hesselmann\\Desktop\\PsychoPyUniformityIllusion\\UniformityIllusionPsychoPy\\Pics\\1start.png', 'midImage': 'C:\\Users\\hesselmann\\Desktop\\PsychoPyUniformityIllusion\\UniformityIllusionPsychoPy\\Pics\\1a.png', 'endImage': 'C:\\Users\\hesselmann\\Desktop\\PsychoPyUniformityIllusion\\UniformityIllusionPsychoPy\\Pics\\1a.png', 'AB': 'a'}
15.0106 	DATA 	Keypress: space
15.0572 	EXP 	instructionsText: autoDraw = False
15.0572 	EXP 	hasPeriphery: size = array([1.77777778, 1.        ])
15.0572 	EXP 	hasPeriphery: image = 'C:\\Users\\hesselmann\\Desktop\\PsychoPyUniformityIllusion\\UniformityIllusionPsychoPy\\Pics\\1a.png'
15.0572 	EXP 	noPeriphery: size = array([1.77777778, 1.        ])
15.0572 	EXP 	noPeriphery: image = 'C:\\Users\\hesselmann\\Desktop\\PsychoPyUniformityIllusion\\UniformityIllusionPsychoPy\\Pics\\1start.png'
15.0572 	EXP 	final: size = array([1.77777778, 1.        ])
15.0572 	EXP 	final: image = 'C:\\Users\\hesselmann\\Desktop\\PsychoPyUniformityIllusion\\UniformityIllusionPsychoPy\\Pics\\1a.png'
15.0572 	EXP 	hasPeriphery: autoDraw = True
15.0572 	EXP 	hasPeriphery: texRes = 128.0
15.0572 	EXP 	noPeriphery: autoDraw = True
15.0572 	EXP 	noPeriphery: texRes = 128.0
15.0572 	EXP 	blank_screen: autoDraw = True
15.0572 	EXP 	text: autoDraw = True
15.2065 	EXP 	hasPeriphery: texRes = 128.0
15.2065 	EXP 	noPeriphery: texRes = 128.0
15.3573 	EXP 	hasPeriphery: texRes = 128.0
15.3573 	EXP 	noPeriphery: texRes = 128.0
15.3573 	EXP 	blank_screen: autoDraw = False
15.4903 	EXP 	hasPeriphery: texRes = 128.0
15.4903 	EXP 	noPeriphery: texRes = 128.0
15.6234 	EXP 	hasPeriphery: texRes = 128.0
15.6234 	EXP 	noPeriphery: texRes = 128.0
15.7736 	EXP 	hasPeriphery: texRes = 128.0
15.7736 	EXP 	noPeriphery: texRes = 128.0
15.9071 	EXP 	hasPeriphery: texRes = 128.0
15.9071 	EXP 	noPeriphery: texRes = 128.0
16.0398 	EXP 	hasPeriphery: texRes = 128.0
16.0398 	EXP 	noPeriphery: texRes = 128.0
16.1729 	EXP 	hasPeriphery: texRes = 128.0
16.1729 	EXP 	noPeriphery: texRes = 128.0
16.3063 	EXP 	hasPeriphery: texRes = 128.0
16.3063 	EXP 	noPeriphery: texRes = 128.0
16.4398 	EXP 	hasPeriphery: texRes = 128.0
16.4398 	EXP 	noPeriphery: texRes = 128.0
16.5733 	EXP 	hasPeriphery: texRes = 128.0
16.5733 	EXP 	noPeriphery: texRes = 128.0
16.7064 	EXP 	hasPeriphery: texRes = 128.0
16.7064 	EXP 	noPeriphery: texRes = 128.0
16.8395 	EXP 	hasPeriphery: texRes = 128.0
16.8395 	EXP 	noPeriphery: texRes = 128.0
16.9730 	EXP 	hasPeriphery: texRes = 128.0
16.9730 	EXP 	noPeriphery: texRes = 128.0
17.1228 	EXP 	hasPeriphery: texRes = 128.0
17.1228 	EXP 	noPeriphery: texRes = 128.0
17.1228 	EXP 	final: autoDraw = True
17.2731 	EXP 	hasPeriphery: texRes = 128.0
17.2731 	EXP 	noPeriphery: texRes = 128.0
17.4229 	EXP 	hasPeriphery: texRes = 128.0
17.4229 	EXP 	noPeriphery: texRes = 128.0
17.5726 	EXP 	hasPeriphery: texRes = 128.0
17.5726 	EXP 	noPeriphery: texRes = 128.0
17.7230 	EXP 	hasPeriphery: texRes = 128.0
17.7230 	EXP 	noPeriphery: texRes = 128.0
17.8735 	EXP 	hasPeriphery: texRes = 128.0
17.8735 	EXP 	noPeriphery: texRes = 128.0
18.0233 	EXP 	hasPeriphery: texRes = 128.0
18.0233 	EXP 	noPeriphery: texRes = 128.0
18.1733 	EXP 	hasPeriphery: texRes = 128.0
18.1733 	EXP 	noPeriphery: texRes = 128.0
18.3058 	EXP 	hasPeriphery: texRes = 128.0
18.3058 	EXP 	noPeriphery: texRes = 128.0
18.3058 	EXP 	final: autoDraw = False
18.4065 	EXP 	New trial (rep=0, index=1): {'startImage': 'C:\\Users\\hesselmann\\Desktop\\PsychoPyUniformityIllusion\\UniformityIllusionPsychoPy\\Pics\\1start.png', 'midImage': 'C:\\Users\\hesselmann\\Desktop\\PsychoPyUniformityIllusion\\UniformityIllusionPsychoPy\\Pics\\1a.png', 'endImage': 'C:\\Users\\hesselmann\\Desktop\\PsychoPyUniformityIllusion\\UniformityIllusionPsychoPy\\Pics\\1b.png', 'AB': 'b'}
18.6353 	DATA 	Keypress: space
18.6736 	EXP 	hasPeriphery: texRes = 128.0
18.6736 	EXP 	noPeriphery: texRes = 128.0
18.6736 	EXP 	hasPeriphery: autoDraw = False
18.6736 	EXP 	noPeriphery: autoDraw = False
18.6736 	EXP 	blank_screen: autoDraw = False
18.6736 	EXP 	text: autoDraw = False
18.6736 	EXP 	final: autoDraw = False
18.6736 	EXP 	hasPeriphery: size = array([1.77777778, 1.        ])
18.6736 	EXP 	hasPeriphery: image = 'C:\\Users\\hesselmann\\Desktop\\PsychoPyUniformityIllusion\\UniformityIllusionPsychoPy\\Pics\\1a.png'
18.6736 	EXP 	noPeriphery: size = array([1.77777778, 1.        ])
18.6736 	EXP 	noPeriphery: image = 'C:\\Users\\hesselmann\\Desktop\\PsychoPyUniformityIllusion\\UniformityIllusionPsychoPy\\Pics\\1start.png'
18.6736 	EXP 	final: size = array([1.77777778, 1.        ])
18.6736 	EXP 	final: image = 'C:\\Users\\hesselmann\\Desktop\\PsychoPyUniformityIllusion\\UniformityIllusionPsychoPy\\Pics\\1b.png'
18.6736 	EXP 	hasPeriphery: autoDraw = True
18.6736 	EXP 	hasPeriphery: texRes = 128.0
18.6736 	EXP 	noPeriphery: autoDraw = True
18.6736 	EXP 	noPeriphery: texRes = 128.0
18.6736 	EXP 	blank_screen: autoDraw = True
18.6736 	EXP 	text: autoDraw = True
18.8224 	EXP 	hasPeriphery: texRes = 128.0
18.8224 	EXP 	noPeriphery: texRes = 128.0
18.9560 	EXP 	hasPeriphery: texRes = 128.0
18.9560 	EXP 	noPeriphery: texRes = 128.0
18.9560 	EXP 	blank_screen: autoDraw = False
19.0892 	EXP 	hasPeriphery: texRes = 128.0
19.0892 	EXP 	noPeriphery: texRes = 128.0
19.2228 	EXP 	hasPeriphery: texRes = 128.0
19.2228 	EXP 	noPeriphery: texRes = 128.0
19.3565 	EXP 	hasPeriphery: texRes = 128.0
19.3565 	EXP 	noPeriphery: texRes = 128.0
19.4893 	EXP 	hasPeriphery: texRes = 128.0
19.4893 	EXP 	noPeriphery: texRes = 128.0
19.6222 	EXP 	hasPeriphery: texRes = 128.0
19.6222 	EXP 	noPeriphery: texRes = 128.0
19.7561 	EXP 	hasPeriphery: texRes = 128.0
19.7561 	EXP 	noPeriphery: texRes = 128.0
19.8890 	EXP 	hasPeriphery: texRes = 128.0
19.8890 	EXP 	noPeriphery: texRes = 128.0
20.0224 	EXP 	hasPeriphery: texRes = 128.0
20.0224 	EXP 	noPeriphery: texRes = 128.0
20.1559 	EXP 	hasPeriphery: texRes = 128.0
20.1559 	EXP 	noPeriphery: texRes = 128.0
20.2888 	EXP 	hasPeriphery: texRes = 128.0
20.2888 	EXP 	noPeriphery: texRes = 128.0
20.4233 	EXP 	hasPeriphery: texRes = 128.0
20.4233 	EXP 	noPeriphery: texRes = 128.0
20.5556 	EXP 	hasPeriphery: texRes = 128.0
20.5556 	EXP 	noPeriphery: texRes = 128.0
20.7220 	EXP 	hasPeriphery: texRes = 128.0
20.7220 	EXP 	noPeriphery: texRes = 128.0
20.7220 	EXP 	final: autoDraw = True
20.8720 	EXP 	hasPeriphery: texRes = 128.0
20.8720 	EXP 	noPeriphery: texRes = 128.0
21.0392 	EXP 	hasPeriphery: texRes = 128.0
21.0392 	EXP 	noPeriphery: texRes = 128.0
21.1890 	EXP 	hasPeriphery: texRes = 128.0
21.1890 	EXP 	noPeriphery: texRes = 128.0
21.3392 	EXP 	hasPeriphery: texRes = 128.0
21.3392 	EXP 	noPeriphery: texRes = 128.0
21.4343 	DATA 	Keypress: space
21.4885 	EXP 	hasPeriphery: texRes = 128.0
21.4885 	EXP 	noPeriphery: texRes = 128.0
21.5773 	EXP 	New trial (rep=0, index=2): {'startImage': 'C:\\Users\\hesselmann\\Desktop\\PsychoPyUniformityIllusion\\UniformityIllusionPsychoPy\\Pics\\2start.png', 'midImage': 'C:\\Users\\hesselmann\\Desktop\\PsychoPyUniformityIllusion\\UniformityIllusionPsychoPy\\Pics\\2a.png', 'endImage': 'C:\\Users\\hesselmann\\Desktop\\PsychoPyUniformityIllusion\\UniformityIllusionPsychoPy\\Pics\\2a.png', 'AB': 'a'}
21.8055 	EXP 	hasPeriphery: texRes = 128.0
21.8055 	EXP 	noPeriphery: texRes = 128.0
21.8055 	EXP 	hasPeriphery: autoDraw = False
21.8055 	EXP 	noPeriphery: autoDraw = False
21.8055 	EXP 	blank_screen: autoDraw = False
21.8055 	EXP 	text: autoDraw = False
21.8055 	EXP 	final: autoDraw = False
21.8055 	EXP 	hasPeriphery: size = array([1.77777778, 1.        ])
21.8055 	EXP 	hasPeriphery: image = 'C:\\Users\\hesselmann\\Desktop\\PsychoPyUniformityIllusion\\UniformityIllusionPsychoPy\\Pics\\2a.png'
21.8055 	EXP 	noPeriphery: size = array([1.77777778, 1.        ])
21.8055 	EXP 	noPeriphery: image = 'C:\\Users\\hesselmann\\Desktop\\PsychoPyUniformityIllusion\\UniformityIllusionPsychoPy\\Pics\\2start.png'
21.8055 	EXP 	final: size = array([1.77777778, 1.        ])
21.8055 	EXP 	final: image = 'C:\\Users\\hesselmann\\Desktop\\PsychoPyUniformityIllusion\\UniformityIllusionPsychoPy\\Pics\\2a.png'
21.8055 	EXP 	hasPeriphery: autoDraw = True
21.8055 	EXP 	hasPeriphery: texRes = 128.0
21.8055 	EXP 	noPeriphery: autoDraw = True
21.8055 	EXP 	noPeriphery: texRes = 128.0
21.8055 	EXP 	blank_screen: autoDraw = True
21.8055 	EXP 	text: autoDraw = True
21.9394 	EXP 	hasPeriphery: texRes = 128.0
21.9394 	EXP 	noPeriphery: texRes = 128.0
22.0718 	EXP 	hasPeriphery: texRes = 128.0
22.0718 	EXP 	noPeriphery: texRes = 128.0
22.0718 	EXP 	blank_screen: autoDraw = False
22.1892 	EXP 	hasPeriphery: texRes = 128.0
22.1892 	EXP 	noPeriphery: texRes = 128.0
22.3218 	EXP 	hasPeriphery: texRes = 128.0
22.3218 	EXP 	noPeriphery: texRes = 128.0
22.4389 	EXP 	hasPeriphery: texRes = 128.0
22.4389 	EXP 	noPeriphery: texRes = 128.0
22.5558 	EXP 	hasPeriphery: texRes = 128.0
22.5558 	EXP 	noPeriphery: texRes = 128.0
22.6717 	EXP 	hasPeriphery: texRes = 128.0
22.6717 	EXP 	noPeriphery: texRes = 128.0
22.7883 	EXP 	hasPeriphery: texRes = 128.0
22.7883 	EXP 	noPeriphery: texRes = 128.0
22.9053 	EXP 	hasPeriphery: texRes = 128.0
22.9053 	EXP 	noPeriphery: texRes = 128.0
23.0217 	EXP 	hasPeriphery: texRes = 128.0
23.0217 	EXP 	noPeriphery: texRes = 128.0
23.1383 	EXP 	hasPeriphery: texRes = 128.0
23.1383 	EXP 	noPeriphery: texRes = 128.0
23.2548 	EXP 	hasPeriphery: texRes = 128.0
23.2548 	EXP 	noPeriphery: texRes = 128.0
23.3715 	EXP 	hasPeriphery: texRes = 128.0
23.3715 	EXP 	noPeriphery: texRes = 128.0
23.4889 	EXP 	hasPeriphery: texRes = 128.0
23.4889 	EXP 	noPeriphery: texRes = 128.0
23.6056 	EXP 	hasPeriphery: texRes = 128.0
23.6056 	EXP 	noPeriphery: texRes = 128.0
23.7223 	EXP 	hasPeriphery: texRes = 128.0
23.7223 	EXP 	noPeriphery: texRes = 128.0
23.8557 	EXP 	hasPeriphery: texRes = 128.0
23.8557 	EXP 	noPeriphery: texRes = 128.0
23.9713 	EXP 	hasPeriphery: texRes = 128.0
23.9713 	EXP 	noPeriphery: texRes = 128.0
24.0884 	EXP 	hasPeriphery: texRes = 128.0
24.0884 	EXP 	noPeriphery: texRes = 128.0
24.2054 	EXP 	hasPeriphery: texRes = 128.0
24.2054 	EXP 	noPeriphery: texRes = 128.0
24.3220 	EXP 	hasPeriphery: texRes = 128.0
24.3220 	EXP 	noPeriphery: texRes = 128.0
24.4379 	EXP 	hasPeriphery: texRes = 128.0
24.4379 	EXP 	noPeriphery: texRes = 128.0
24.5545 	EXP 	hasPeriphery: texRes = 128.0
24.5545 	EXP 	noPeriphery: texRes = 128.0
24.6716 	EXP 	hasPeriphery: texRes = 128.0
24.6716 	EXP 	noPeriphery: texRes = 128.0
24.8049 	EXP 	hasPeriphery: texRes = 128.0
24.8049 	EXP 	noPeriphery: texRes = 128.0
24.8049 	EXP 	final: autoDraw = True
24.9382 	EXP 	hasPeriphery: texRes = 128.0
24.9382 	EXP 	noPeriphery: texRes = 128.0
25.0712 	EXP 	hasPeriphery: texRes = 128.0
25.0712 	EXP 	noPeriphery: texRes = 128.0
25.1878 	EXP 	hasPeriphery: texRes = 128.0
25.1878 	EXP 	noPeriphery: texRes = 128.0
25.3226 	EXP 	hasPeriphery: texRes = 128.0
25.3226 	EXP 	noPeriphery: texRes = 128.0
25.4553 	EXP 	hasPeriphery: texRes = 128.0
25.4553 	EXP 	noPeriphery: texRes = 128.0
25.5878 	EXP 	hasPeriphery: texRes = 128.0
25.5878 	EXP 	noPeriphery: texRes = 128.0
25.7214 	EXP 	hasPeriphery: texRes = 128.0
25.7214 	EXP 	noPeriphery: texRes = 128.0
25.8553 	EXP 	hasPeriphery: texRes = 128.0
25.8553 	EXP 	noPeriphery: texRes = 128.0
25.9885 	EXP 	hasPeriphery: texRes = 128.0
25.9885 	EXP 	noPeriphery: texRes = 128.0
25.9885 	EXP 	final: autoDraw = False
26.1211 	EXP 	hasPeriphery: texRes = 128.0
26.1211 	EXP 	noPeriphery: texRes = 128.0
26.2381 	EXP 	hasPeriphery: texRes = 128.0
26.2381 	EXP 	noPeriphery: texRes = 128.0
26.3550 	EXP 	hasPeriphery: texRes = 128.0
26.3550 	EXP 	noPeriphery: texRes = 128.0
26.4481 	DATA 	Keypress: escape
26.4884 	EXP 	hasPeriphery: texRes = 128.0
26.4884 	EXP 	noPeriphery: texRes = 128.0
26.6808 	EXP 	window1: mouseVisible = True
