1.6443 	WARNING 	We strongly recommend you activate the PTB sound engine in PsychoPy prefs as the preferred audio engine. Its timing is vastly superior. Your prefs are currently set to use ['sounddevice', 'PTB', 'pyo', 'pygame'] (in that order).
10.2814 	WARNING 	Couldn't measure a consistent frame rate.
  - Is your graphics card set to sync to vertical blank?
  - Are you running other processes on your computer?

10.2826 	EXP 	Created window1 = Window(allowGUI=False, allowStencil=False, autoLog=True, backendConf=UNKNOWN, bitsMode=UNKNOWN, blendMode='avg', bpc=(8, 8, 8), color=array([0, 0, 0]), colorSpace='rgb', depthBits=8, fullscr=<method-wrapper '__getattribute__' of attributeSetter object at 0x00000227C5C860B8>, gamma=None, gammaErrorPolicy='raise', lms=UNKNOWN, monitor=<psychopy.monitors.calibTools.Monitor object at 0x00000227C5C1A4E0>, multiSample=False, name='window1', numSamples=2, pos=[0.0, 0.0], screen=0, size=array([1920, 1080]), stencilBits=0, stereo=False, units='height', useFBO=True, useRetina=False, viewOri=0.0, viewPos=None, viewScale=None, waitBlanking=True, winType='pyglet')
10.2829 	EXP 	window1: mouseVisible = True
10.2830 	EXP 	window1: recordFrameIntervals = False
10.5310 	EXP 	window1: recordFrameIntervals = True
10.5815 	WARNING 	t of last frame was 33.60ms (=1/29)
10.6252 	WARNING 	t of last frame was 27.60ms (=1/36)
10.6487 	WARNING 	t of last frame was 23.49ms (=1/42)
10.7000 	WARNING 	t of last frame was 34.55ms (=1/28)
10.7422 	WARNING 	Multiple dropped frames have occurred - I'll stop bothering you about them!
12.8323 	WARNING 	Couldn't measure a consistent frame rate.
  - Is your graphics card set to sync to vertical blank?
  - Are you running other processes on your computer?

13.4679 	EXP 	Created WelcomeText = TextStim(__class__=<class 'psychopy.visual.text.TextStim'>, alignHoriz=method-wrapper(...), alignText='center', alignVert=method-wrapper(...), anchorHoriz='center', anchorVert='center', antialias=True, autoLog=True, bold=False, color=array([1, 1, 1]), colorSpace='rgb', contrast=1.0, depth=0.0, flipHoriz=False, flipVert=False, font='Open Sans', fontFiles=[], height=0.1, italic=False, languageStyle='LTR', name='WelcomeText', opacity=1, ori=0.0, pos=array([0., 0.]), rgb=UNKNOWN, text='Welcome to our Study!', units='height', win=Window(...), wrapWidth=1)
13.4908 	EXP 	Imported depression.xlsx as conditions, 2 conditions, 12 params
13.4921 	EXP 	Question text: Sadness
13.5428 	EXP 	window1: mouseVisible = True
13.6058 	EXP 	Question text: Pessimism
13.6286 	EXP 	window1: mouseVisible = True
13.6747 	EXP 	window1: mouseVisible = True
13.6834 	EXP 	Created unnamed Rect = Rect(__class__=<class 'psychopy.visual.rect.Rect'>, autoDraw=False, autoLog=True, closeShape=True, color=method-wrapper(...), colorSpace='rgb', contrast=None, depth=0, fillColor=array([0, 0, 0]), fillColorSpace='rgb', fillRGB=UNKNOWN, interpolate=True, lineColor=array([0, 0, 0]), lineColorSpace='rgb', lineRGB=UNKNOWN, lineWidth=1.5, name='unnamed Rect', opacity=0, ori=0.0, pos=array([0., 0.]), size=array([0., 0.]), units='height', vertices=ndarray(...), win=Window(...))
13.6927 	EXP 	Created DepressionQuestionnaire = <psychopy.visual.form.Form object at 0x00000227C89483C8>
13.7285 	EXP 	window1: mouseVisible = True
13.8087 	EXP 	Created instructionsText = TextStim(__class__=<class 'psychopy.visual.text.TextStim'>, alignHoriz=method-wrapper(...), alignText='center', alignVert=method-wrapper(...), anchorHoriz='center', anchorVert='center', antialias=True, autoLog=True, bold=False, color=array([1, 1, 1]), colorSpace='rgb', contrast=1.0, depth=0.0, flipHoriz=False, flipVert=False, font='Open Sans', fontFiles=[], height=0.04, italic=False, languageStyle='LTR', name='instructionsText', opacity=1, ori=0.0, pos=array([0., 0.]), rgb=UNKNOWN, text=str(...), units='height', win=Window(...), wrapWidth=1)
13.8144 	EXP 	Created hasPeriphery = ImageStim(__class__=<class 'psychopy.visual.image.ImageStim'>, autoLog=True, color=array([1, 1, 1]), colorSpace='rgb', contrast=1.0, depth=0.0, flipHoriz=False, flipVert=False, image='sin', interpolate=True, mask=None, maskParams=None, name='hasPeriphery', opacity=1.0, ori=0.0, pos=array([0., 0.]), size=array([0.5, 0.5]), texRes=128.0, units='height', win=Window(...))
13.8177 	EXP 	Created noPeriphery = ImageStim(__class__=<class 'psychopy.visual.image.ImageStim'>, autoLog=True, color=array([1, 1, 1]), colorSpace='rgb', contrast=1.0, depth=-2.0, flipHoriz=False, flipVert=False, image='sin', interpolate=True, mask=None, maskParams=None, name='noPeriphery', opacity=1.0, ori=0.0, pos=array([0., 0.]), size=array([0.5, 0.5]), texRes=128.0, units='height', win=Window(...))
13.8262 	EXP 	Created text = TextStim(__class__=<class 'psychopy.visual.text.TextStim'>, alignHoriz=method-wrapper(...), alignText='center', alignVert=method-wrapper(...), anchorHoriz='center', anchorVert='center', antialias=True, autoLog=True, bold=False, color=array([ 1, -1, -1]), colorSpace='rgb', contrast=1.0, depth=-3.0, flipHoriz=False, flipVert=False, font='Open Sans', fontFiles=[], height=0.1, italic=False, languageStyle='LTR', name='text', opacity=1, ori=0.0, pos=array([0., 0.]), rgb=UNKNOWN, text='+', units='height', win=Window(...), wrapWidth=1)
13.8384 	EXP 	Created WelcomeText = TextStim(__class__=<class 'psychopy.visual.text.TextStim'>, alignHoriz=method-wrapper(...), alignText='center', alignVert=method-wrapper(...), anchorHoriz='center', anchorVert='center', antialias=True, autoLog=True, bold=False, color=array([1, 1, 1]), colorSpace='rgb', contrast=1.0, depth=0.0, flipHoriz=False, flipVert=False, font='Open Sans', fontFiles=[], height=0.1, italic=False, languageStyle='LTR', name='WelcomeText', opacity=1, ori=0.0, pos=array([0., 0.]), rgb=UNKNOWN, text='Welcome to our Study!', units='height', win=Window(...), wrapWidth=1)
13.8466 	EXP 	Created hasPeriphery_2 = ImageStim(__class__=<class 'psychopy.visual.image.ImageStim'>, autoLog=True, color=array([1, 1, 1]), colorSpace='rgb', contrast=1.0, depth=0.0, flipHoriz=False, flipVert=False, image='sin', interpolate=True, mask=None, maskParams=None, name='hasPeriphery_2', opacity=1.0, ori=0.0, pos=array([0., 0.]), size=array([0.5, 0.5]), texRes=128.0, units='height', win=Window(...))
13.8610 	EXP 	Created noPeriphery_2 = ImageStim(__class__=<class 'psychopy.visual.image.ImageStim'>, autoLog=True, color=array([1, 1, 1]), colorSpace='rgb', contrast=1.0, depth=-2.0, flipHoriz=False, flipVert=False, image='sin', interpolate=True, mask=None, maskParams=None, name='noPeriphery_2', opacity=1.0, ori=0.0, pos=array([0., 0.]), size=array([0.5, 0.5]), texRes=128.0, units='height', win=Window(...))
13.8634 	EXP 	Created text_2 = TextStim(__class__=<class 'psychopy.visual.text.TextStim'>, alignHoriz=method-wrapper(...), alignText='center', alignVert=method-wrapper(...), anchorHoriz='center', anchorVert='center', antialias=True, autoLog=True, bold=False, color=array([ 1, -1, -1]), colorSpace='rgb', contrast=1.0, depth=-3.0, flipHoriz=False, flipVert=False, font='Open Sans', fontFiles=[], height=0.1, italic=False, languageStyle='LTR', name='text_2', opacity=1, ori=0.0, pos=array([0., 0.]), rgb=UNKNOWN, text='+', units='height', win=Window(...), wrapWidth=1)
13.9144 	EXP 	unnamed Form: autoLog = True
13.9144 	EXP 	DepressionQuestionnaire: name = 'DepressionQuestionnaire'
13.9144 	EXP 	DepressionQuestionnaire: size = (3.5, 1)
13.9144 	EXP 	DepressionQuestionnaire: size = array([3.5, 1. ])
13.9144 	EXP 	DepressionQuestionnaire: units = 'height'
13.9144 	EXP 	DepressionQuestionnaire: depth = 0
13.9144 	EXP 	WelcomeText: autoDraw = True
15.9139 	EXP 	WelcomeText: autoDraw = False
15.9139 	EXP 	DepressionQuestionnaire: autoDraw = True
18.4368 	DATA 	Mouse: Left button down, pos=(950,316)
18.5199 	DATA 	Mouse:  Left button up, pos=(950,316)
19.1615 	DATA 	Mouse: Left button down, pos=(957,696)
19.2506 	DATA 	Mouse:  Left button up, pos=(957,696)
20.1320 	DATA 	Mouse: Left button down, pos=(778,91)
20.1788 	EXP 	DepressionQuestionnaire: autoDraw = False
20.1788 	EXP 	instructionsText: autoDraw = True
20.2522 	DATA 	Mouse:  Left button up, pos=(778,91)
21.4368 	EXP 	Imported picPaths.xlsx as conditions, 6 conditions, 3 params
21.4372 	EXP 	Created sequence: sequential, trialTypes=6, nReps=1, seed=None
21.4375 	EXP 	New trial (rep=0, index=0): {'startImage': 'C:\\Users\\hesselmann\\Desktop\\PsychoPyUniformityIllusion\\UniformityIllusionPsychoPy\\Pics\\1start.png', 'endImage': 'C:\\Users\\hesselmann\\Desktop\\PsychoPyUniformityIllusion\\UniformityIllusionPsychoPy\\Pics\\1a.png', 'AB': 'a'}
21.7179 	DATA 	Keypress: space
21.7513 	EXP 	instructionsText: autoDraw = False
21.7513 	EXP 	hasPeriphery: size = array([1.77777778, 1.        ])
21.7513 	EXP 	hasPeriphery: image = 'C:\\Users\\hesselmann\\Desktop\\PsychoPyUniformityIllusion\\UniformityIllusionPsychoPy\\Pics\\1a.png'
21.7513 	EXP 	noPeriphery: size = array([1.77777778, 1.        ])
21.7513 	EXP 	noPeriphery: image = 'C:\\Users\\hesselmann\\Desktop\\PsychoPyUniformityIllusion\\UniformityIllusionPsychoPy\\Pics\\1start.png'
21.7513 	EXP 	hasPeriphery: autoDraw = True
21.7513 	EXP 	hasPeriphery: texRes = 128.0
21.7513 	EXP 	noPeriphery: autoDraw = True
21.7513 	EXP 	noPeriphery: texRes = 128.0
21.7513 	EXP 	text: autoDraw = True
21.9197 	EXP 	hasPeriphery: texRes = 128.0
21.9197 	EXP 	noPeriphery: texRes = 128.0
22.0675 	EXP 	hasPeriphery: texRes = 128.0
22.0675 	EXP 	noPeriphery: texRes = 128.0
22.2896 	EXP 	hasPeriphery: texRes = 128.0
22.2896 	EXP 	noPeriphery: texRes = 128.0
22.4978 	EXP 	hasPeriphery: texRes = 128.0
22.4978 	EXP 	noPeriphery: texRes = 128.0
22.6979 	EXP 	hasPeriphery: texRes = 128.0
22.6979 	EXP 	noPeriphery: texRes = 128.0
22.9029 	EXP 	hasPeriphery: texRes = 128.0
22.9029 	EXP 	noPeriphery: texRes = 128.0
23.1029 	EXP 	hasPeriphery: texRes = 128.0
23.1029 	EXP 	noPeriphery: texRes = 128.0
23.2830 	EXP 	hasPeriphery: texRes = 128.0
23.2830 	EXP 	noPeriphery: texRes = 128.0
23.4799 	EXP 	hasPeriphery: texRes = 128.0
23.4799 	EXP 	noPeriphery: texRes = 128.0
23.6771 	EXP 	hasPeriphery: texRes = 128.0
23.6771 	EXP 	noPeriphery: texRes = 128.0
23.8668 	EXP 	hasPeriphery: texRes = 128.0
23.8668 	EXP 	noPeriphery: texRes = 128.0
24.0582 	EXP 	hasPeriphery: texRes = 128.0
24.0582 	EXP 	noPeriphery: texRes = 128.0
24.2799 	EXP 	hasPeriphery: texRes = 128.0
24.2799 	EXP 	noPeriphery: texRes = 128.0
24.4717 	EXP 	hasPeriphery: texRes = 128.0
24.4717 	EXP 	noPeriphery: texRes = 128.0
24.6652 	EXP 	hasPeriphery: texRes = 128.0
24.6652 	EXP 	noPeriphery: texRes = 128.0
24.8631 	EXP 	hasPeriphery: texRes = 128.0
24.8631 	EXP 	noPeriphery: texRes = 128.0
25.0281 	DATA 	Keypress: space
25.0631 	EXP 	hasPeriphery: texRes = 128.0
25.0631 	EXP 	noPeriphery: texRes = 128.0
25.2246 	EXP 	New trial (rep=0, index=1): {'startImage': 'C:\\Users\\hesselmann\\Desktop\\PsychoPyUniformityIllusion\\UniformityIllusionPsychoPy\\Pics\\1start.png', 'endImage': 'C:\\Users\\hesselmann\\Desktop\\PsychoPyUniformityIllusion\\UniformityIllusionPsychoPy\\Pics\\1b.png', 'AB': 'b'}
25.4964 	EXP 	hasPeriphery: texRes = 128.0
25.4964 	EXP 	noPeriphery: texRes = 128.0
25.4964 	EXP 	hasPeriphery: autoDraw = False
25.4964 	EXP 	noPeriphery: autoDraw = False
25.4964 	EXP 	text: autoDraw = False
25.4964 	EXP 	hasPeriphery: size = array([1.77777778, 1.        ])
25.4964 	EXP 	hasPeriphery: image = 'C:\\Users\\hesselmann\\Desktop\\PsychoPyUniformityIllusion\\UniformityIllusionPsychoPy\\Pics\\1b.png'
25.4964 	EXP 	noPeriphery: size = array([1.77777778, 1.        ])
25.4964 	EXP 	noPeriphery: image = 'C:\\Users\\hesselmann\\Desktop\\PsychoPyUniformityIllusion\\UniformityIllusionPsychoPy\\Pics\\1start.png'
25.4964 	EXP 	hasPeriphery: autoDraw = True
25.4964 	EXP 	hasPeriphery: texRes = 128.0
25.4964 	EXP 	noPeriphery: autoDraw = True
25.4964 	EXP 	noPeriphery: texRes = 128.0
25.4964 	EXP 	text: autoDraw = True
25.6732 	EXP 	hasPeriphery: texRes = 128.0
25.6732 	EXP 	noPeriphery: texRes = 128.0
25.8800 	EXP 	hasPeriphery: texRes = 128.0
25.8800 	EXP 	noPeriphery: texRes = 128.0
26.0813 	EXP 	hasPeriphery: texRes = 128.0
26.0813 	EXP 	noPeriphery: texRes = 128.0
26.2791 	EXP 	hasPeriphery: texRes = 128.0
26.2791 	EXP 	noPeriphery: texRes = 128.0
26.4917 	EXP 	hasPeriphery: texRes = 128.0
26.4917 	EXP 	noPeriphery: texRes = 128.0
26.6936 	EXP 	hasPeriphery: texRes = 128.0
26.6936 	EXP 	noPeriphery: texRes = 128.0
26.8863 	EXP 	hasPeriphery: texRes = 128.0
26.8863 	EXP 	noPeriphery: texRes = 128.0
27.0796 	EXP 	hasPeriphery: texRes = 128.0
27.0796 	EXP 	noPeriphery: texRes = 128.0
27.2638 	EXP 	hasPeriphery: texRes = 128.0
27.2638 	EXP 	noPeriphery: texRes = 128.0
27.4629 	EXP 	hasPeriphery: texRes = 128.0
27.4629 	EXP 	noPeriphery: texRes = 128.0
27.6596 	EXP 	hasPeriphery: texRes = 128.0
27.6596 	EXP 	noPeriphery: texRes = 128.0
27.8756 	EXP 	hasPeriphery: texRes = 128.0
27.8756 	EXP 	noPeriphery: texRes = 128.0
28.0634 	EXP 	hasPeriphery: texRes = 128.0
28.0634 	EXP 	noPeriphery: texRes = 128.0
28.2645 	EXP 	hasPeriphery: texRes = 128.0
28.2645 	EXP 	noPeriphery: texRes = 128.0
28.4063 	EXP 	New trial (rep=0, index=2): {'startImage': 'C:\\Users\\hesselmann\\Desktop\\PsychoPyUniformityIllusion\\UniformityIllusionPsychoPy\\Pics\\2start.png', 'endImage': 'C:\\Users\\hesselmann\\Desktop\\PsychoPyUniformityIllusion\\UniformityIllusionPsychoPy\\Pics\\2a.png', 'AB': 'a'}
28.5744 	DATA 	Keypress: space
28.6208 	EXP 	hasPeriphery: texRes = 128.0
28.6208 	EXP 	noPeriphery: texRes = 128.0
28.6208 	EXP 	hasPeriphery: autoDraw = False
28.6208 	EXP 	noPeriphery: autoDraw = False
28.6208 	EXP 	text: autoDraw = False
28.6208 	EXP 	hasPeriphery: size = array([1.77777778, 1.        ])
28.6208 	EXP 	hasPeriphery: image = 'C:\\Users\\hesselmann\\Desktop\\PsychoPyUniformityIllusion\\UniformityIllusionPsychoPy\\Pics\\2a.png'
28.6208 	EXP 	noPeriphery: size = array([1.77777778, 1.        ])
28.6208 	EXP 	noPeriphery: image = 'C:\\Users\\hesselmann\\Desktop\\PsychoPyUniformityIllusion\\UniformityIllusionPsychoPy\\Pics\\2start.png'
28.6208 	EXP 	hasPeriphery: autoDraw = True
28.6208 	EXP 	hasPeriphery: texRes = 128.0
28.6208 	EXP 	noPeriphery: autoDraw = True
28.6208 	EXP 	noPeriphery: texRes = 128.0
28.6208 	EXP 	text: autoDraw = True
28.7464 	EXP 	hasPeriphery: texRes = 128.0
28.7464 	EXP 	noPeriphery: texRes = 128.0
28.8979 	EXP 	hasPeriphery: texRes = 128.0
28.8979 	EXP 	noPeriphery: texRes = 128.0
29.0797 	EXP 	hasPeriphery: texRes = 128.0
29.0797 	EXP 	noPeriphery: texRes = 128.0
29.2465 	EXP 	hasPeriphery: texRes = 128.0
29.2465 	EXP 	noPeriphery: texRes = 128.0
29.4110 	EXP 	hasPeriphery: texRes = 128.0
29.4110 	EXP 	noPeriphery: texRes = 128.0
29.5792 	EXP 	hasPeriphery: texRes = 128.0
29.5792 	EXP 	noPeriphery: texRes = 128.0
29.7300 	EXP 	hasPeriphery: texRes = 128.0
29.7300 	EXP 	noPeriphery: texRes = 128.0
29.8961 	EXP 	hasPeriphery: texRes = 128.0
29.8961 	EXP 	noPeriphery: texRes = 128.0
30.0564 	EXP 	hasPeriphery: texRes = 128.0
30.0564 	EXP 	noPeriphery: texRes = 128.0
30.2000 	EXP 	hasPeriphery: texRes = 128.0
30.2000 	EXP 	noPeriphery: texRes = 128.0
30.3645 	EXP 	hasPeriphery: texRes = 128.0
30.3645 	EXP 	noPeriphery: texRes = 128.0
30.5137 	EXP 	hasPeriphery: texRes = 128.0
30.5137 	EXP 	noPeriphery: texRes = 128.0
30.6908 	EXP 	hasPeriphery: texRes = 128.0
30.6908 	EXP 	noPeriphery: texRes = 128.0
30.8466 	EXP 	hasPeriphery: texRes = 128.0
30.8466 	EXP 	noPeriphery: texRes = 128.0
31.0296 	EXP 	hasPeriphery: texRes = 128.0
31.0296 	EXP 	noPeriphery: texRes = 128.0
31.1801 	EXP 	hasPeriphery: texRes = 128.0
31.1801 	EXP 	noPeriphery: texRes = 128.0
31.3483 	EXP 	hasPeriphery: texRes = 128.0
31.3483 	EXP 	noPeriphery: texRes = 128.0
31.5083 	EXP 	hasPeriphery: texRes = 128.0
31.5083 	EXP 	noPeriphery: texRes = 128.0
31.6645 	EXP 	hasPeriphery: texRes = 128.0
31.6645 	EXP 	noPeriphery: texRes = 128.0
31.8301 	EXP 	hasPeriphery: texRes = 128.0
31.8301 	EXP 	noPeriphery: texRes = 128.0
31.9579 	DATA 	Keypress: space
32.0139 	EXP 	hasPeriphery: texRes = 128.0
32.0139 	EXP 	noPeriphery: texRes = 128.0
32.1186 	EXP 	New trial (rep=0, index=3): {'startImage': 'C:\\Users\\hesselmann\\Desktop\\PsychoPyUniformityIllusion\\UniformityIllusionPsychoPy\\Pics\\2start.png', 'endImage': 'C:\\Users\\hesselmann\\Desktop\\PsychoPyUniformityIllusion\\UniformityIllusionPsychoPy\\Pics\\2b.png', 'AB': 'b'}
32.3480 	EXP 	hasPeriphery: texRes = 128.0
32.3480 	EXP 	noPeriphery: texRes = 128.0
32.3480 	EXP 	hasPeriphery: autoDraw = False
32.3480 	EXP 	noPeriphery: autoDraw = False
32.3480 	EXP 	text: autoDraw = False
32.3480 	EXP 	hasPeriphery: size = array([1.77777778, 1.        ])
32.3480 	EXP 	hasPeriphery: image = 'C:\\Users\\hesselmann\\Desktop\\PsychoPyUniformityIllusion\\UniformityIllusionPsychoPy\\Pics\\2b.png'
32.3480 	EXP 	noPeriphery: size = array([1.77777778, 1.        ])
32.3480 	EXP 	noPeriphery: image = 'C:\\Users\\hesselmann\\Desktop\\PsychoPyUniformityIllusion\\UniformityIllusionPsychoPy\\Pics\\2start.png'
32.3480 	EXP 	hasPeriphery: autoDraw = True
32.3480 	EXP 	hasPeriphery: texRes = 128.0
32.3480 	EXP 	noPeriphery: autoDraw = True
32.3480 	EXP 	noPeriphery: texRes = 128.0
32.3480 	EXP 	text: autoDraw = True
32.4797 	EXP 	hasPeriphery: texRes = 128.0
32.4797 	EXP 	noPeriphery: texRes = 128.0
32.6465 	EXP 	hasPeriphery: texRes = 128.0
32.6465 	EXP 	noPeriphery: texRes = 128.0
32.8147 	EXP 	hasPeriphery: texRes = 128.0
32.8147 	EXP 	noPeriphery: texRes = 128.0
32.9645 	EXP 	hasPeriphery: texRes = 128.0
32.9645 	EXP 	noPeriphery: texRes = 128.0
33.1299 	EXP 	hasPeriphery: texRes = 128.0
33.1299 	EXP 	noPeriphery: texRes = 128.0
33.2958 	EXP 	hasPeriphery: texRes = 128.0
33.2958 	EXP 	noPeriphery: texRes = 128.0
33.4661 	EXP 	hasPeriphery: texRes = 128.0
33.4661 	EXP 	noPeriphery: texRes = 128.0
33.6294 	EXP 	hasPeriphery: texRes = 128.0
33.6294 	EXP 	noPeriphery: texRes = 128.0
33.8149 	EXP 	hasPeriphery: texRes = 128.0
33.8149 	EXP 	noPeriphery: texRes = 128.0
33.9711 	EXP 	hasPeriphery: texRes = 128.0
33.9711 	EXP 	noPeriphery: texRes = 128.0
34.1302 	EXP 	hasPeriphery: texRes = 128.0
34.1302 	EXP 	noPeriphery: texRes = 128.0
34.3008 	EXP 	hasPeriphery: texRes = 128.0
34.3008 	EXP 	noPeriphery: texRes = 128.0
34.4625 	EXP 	hasPeriphery: texRes = 128.0
34.4625 	EXP 	noPeriphery: texRes = 128.0
34.6290 	EXP 	hasPeriphery: texRes = 128.0
34.6290 	EXP 	noPeriphery: texRes = 128.0
34.7958 	EXP 	hasPeriphery: texRes = 128.0
34.7958 	EXP 	noPeriphery: texRes = 128.0
34.9471 	EXP 	hasPeriphery: texRes = 128.0
34.9471 	EXP 	noPeriphery: texRes = 128.0
35.1134 	EXP 	hasPeriphery: texRes = 128.0
35.1134 	EXP 	noPeriphery: texRes = 128.0
35.2879 	EXP 	hasPeriphery: texRes = 128.0
35.2879 	EXP 	noPeriphery: texRes = 128.0
35.4318 	EXP 	hasPeriphery: texRes = 128.0
35.4318 	EXP 	noPeriphery: texRes = 128.0
35.5956 	EXP 	hasPeriphery: texRes = 128.0
35.5956 	EXP 	noPeriphery: texRes = 128.0
35.7028 	EXP 	New trial (rep=0, index=4): {'startImage': 'C:\\Users\\hesselmann\\Desktop\\PsychoPyUniformityIllusion\\UniformityIllusionPsychoPy\\Pics\\3start.png', 'endImage': 'C:\\Users\\hesselmann\\Desktop\\PsychoPyUniformityIllusion\\UniformityIllusionPsychoPy\\Pics\\3a.png', 'AB': 'a'}
35.9127 	DATA 	Keypress: space
35.9472 	EXP 	hasPeriphery: texRes = 128.0
35.9472 	EXP 	noPeriphery: texRes = 128.0
35.9472 	EXP 	hasPeriphery: autoDraw = False
35.9472 	EXP 	noPeriphery: autoDraw = False
35.9472 	EXP 	text: autoDraw = False
35.9472 	EXP 	hasPeriphery: size = array([1.77777778, 1.        ])
35.9472 	EXP 	hasPeriphery: image = 'C:\\Users\\hesselmann\\Desktop\\PsychoPyUniformityIllusion\\UniformityIllusionPsychoPy\\Pics\\3a.png'
35.9472 	EXP 	noPeriphery: size = array([1.77777778, 1.        ])
35.9472 	EXP 	noPeriphery: image = 'C:\\Users\\hesselmann\\Desktop\\PsychoPyUniformityIllusion\\UniformityIllusionPsychoPy\\Pics\\3start.png'
35.9472 	EXP 	hasPeriphery: autoDraw = True
35.9472 	EXP 	hasPeriphery: texRes = 128.0
35.9472 	EXP 	noPeriphery: autoDraw = True
35.9472 	EXP 	noPeriphery: texRes = 128.0
35.9472 	EXP 	text: autoDraw = True
36.0988 	EXP 	hasPeriphery: texRes = 128.0
36.0988 	EXP 	noPeriphery: texRes = 128.0
36.2792 	EXP 	hasPeriphery: texRes = 128.0
36.2792 	EXP 	noPeriphery: texRes = 128.0
36.4482 	EXP 	hasPeriphery: texRes = 128.0
36.4482 	EXP 	noPeriphery: texRes = 128.0
36.6234 	EXP 	hasPeriphery: texRes = 128.0
36.6234 	EXP 	noPeriphery: texRes = 128.0
36.7990 	EXP 	hasPeriphery: texRes = 128.0
36.7990 	EXP 	noPeriphery: texRes = 128.0
36.9793 	EXP 	hasPeriphery: texRes = 128.0
36.9793 	EXP 	noPeriphery: texRes = 128.0
37.1457 	EXP 	hasPeriphery: texRes = 128.0
37.1457 	EXP 	noPeriphery: texRes = 128.0
37.3184 	EXP 	hasPeriphery: texRes = 128.0
37.3184 	EXP 	noPeriphery: texRes = 128.0
37.4793 	EXP 	hasPeriphery: texRes = 128.0
37.4793 	EXP 	noPeriphery: texRes = 128.0
37.6788 	EXP 	hasPeriphery: texRes = 128.0
37.6788 	EXP 	noPeriphery: texRes = 128.0
37.8520 	EXP 	hasPeriphery: texRes = 128.0
37.8520 	EXP 	noPeriphery: texRes = 128.0
38.0312 	EXP 	hasPeriphery: texRes = 128.0
38.0312 	EXP 	noPeriphery: texRes = 128.0
38.1956 	EXP 	hasPeriphery: texRes = 128.0
38.1956 	EXP 	noPeriphery: texRes = 128.0
38.3789 	EXP 	hasPeriphery: texRes = 128.0
38.3789 	EXP 	noPeriphery: texRes = 128.0
38.5453 	EXP 	hasPeriphery: texRes = 128.0
38.5453 	EXP 	noPeriphery: texRes = 128.0
38.7135 	EXP 	hasPeriphery: texRes = 128.0
38.7135 	EXP 	noPeriphery: texRes = 128.0
38.8370 	EXP 	New trial (rep=0, index=5): {'startImage': 'C:\\Users\\hesselmann\\Desktop\\PsychoPyUniformityIllusion\\UniformityIllusionPsychoPy\\Pics\\3start.png', 'endImage': 'C:\\Users\\hesselmann\\Desktop\\PsychoPyUniformityIllusion\\UniformityIllusionPsychoPy\\Pics\\3b.png', 'AB': 'b'}
39.0296 	EXP 	hasPeriphery: texRes = 128.0
39.0296 	EXP 	noPeriphery: texRes = 128.0
39.0296 	EXP 	hasPeriphery: autoDraw = False
39.0296 	EXP 	noPeriphery: autoDraw = False
39.0296 	EXP 	text: autoDraw = False
39.0296 	EXP 	hasPeriphery: size = array([1.77777778, 1.        ])
39.0296 	EXP 	hasPeriphery: image = 'C:\\Users\\hesselmann\\Desktop\\PsychoPyUniformityIllusion\\UniformityIllusionPsychoPy\\Pics\\3b.png'
39.0296 	EXP 	noPeriphery: size = array([1.77777778, 1.        ])
39.0296 	EXP 	noPeriphery: image = 'C:\\Users\\hesselmann\\Desktop\\PsychoPyUniformityIllusion\\UniformityIllusionPsychoPy\\Pics\\3start.png'
39.0296 	EXP 	hasPeriphery: autoDraw = True
39.0296 	EXP 	hasPeriphery: texRes = 128.0
39.0296 	EXP 	noPeriphery: autoDraw = True
39.0296 	EXP 	noPeriphery: texRes = 128.0
39.0296 	EXP 	text: autoDraw = True
39.0296 	EXP 	hasPeriphery: autoDraw = False
39.0296 	EXP 	noPeriphery: autoDraw = False
39.0296 	EXP 	text: autoDraw = False
39.0296 	EXP 	WelcomeText: autoDraw = True
40.0689 	DATA 	Mouse: Left button down, pos=(933,289)
40.1830 	DATA 	Mouse:  Left button up, pos=(933,289)
41.0295 	EXP 	Imported picPaths.xlsx as conditions, 24 conditions, 3 params
41.0313 	EXP 	Created sequence: sequential, trialTypes=24, nReps=1, seed=None
41.0320 	EXP 	New trial (rep=0, index=0): {'startImage': 'C:\\Users\\hesselmann\\Desktop\\PsychoPyUniformityIllusion\\UniformityIllusionPsychoPy\\Pics\\4start.png', 'endImage': 'C:\\Users\\hesselmann\\Desktop\\PsychoPyUniformityIllusion\\UniformityIllusionPsychoPy\\Pics\\4a.png', 'AB': 'a'}
41.2537 	EXP 	New trial (rep=0, index=1): {'startImage': 'C:\\Users\\hesselmann\\Desktop\\PsychoPyUniformityIllusion\\UniformityIllusionPsychoPy\\Pics\\4start.png', 'endImage': 'C:\\Users\\hesselmann\\Desktop\\PsychoPyUniformityIllusion\\UniformityIllusionPsychoPy\\Pics\\4b.png', 'AB': 'b'}
41.4464 	EXP 	New trial (rep=0, index=2): {'startImage': 'C:\\Users\\hesselmann\\Desktop\\PsychoPyUniformityIllusion\\UniformityIllusionPsychoPy\\Pics\\5start.png', 'endImage': 'C:\\Users\\hesselmann\\Desktop\\PsychoPyUniformityIllusion\\UniformityIllusionPsychoPy\\Pics\\5a.png', 'AB': 'a'}
41.7414 	EXP 	New trial (rep=0, index=3): {'startImage': 'C:\\Users\\hesselmann\\Desktop\\PsychoPyUniformityIllusion\\UniformityIllusionPsychoPy\\Pics\\5start.png', 'endImage': 'C:\\Users\\hesselmann\\Desktop\\PsychoPyUniformityIllusion\\UniformityIllusionPsychoPy\\Pics\\5b.png', 'AB': 'b'}
42.0244 	EXP 	New trial (rep=0, index=4): {'startImage': 'C:\\Users\\hesselmann\\Desktop\\PsychoPyUniformityIllusion\\UniformityIllusionPsychoPy\\Pics\\6start.png', 'endImage': 'C:\\Users\\hesselmann\\Desktop\\PsychoPyUniformityIllusion\\UniformityIllusionPsychoPy\\Pics\\6a.png', 'AB': 'a'}
42.2683 	EXP 	New trial (rep=0, index=5): {'startImage': 'C:\\Users\\hesselmann\\Desktop\\PsychoPyUniformityIllusion\\UniformityIllusionPsychoPy\\Pics\\6start.png', 'endImage': 'C:\\Users\\hesselmann\\Desktop\\PsychoPyUniformityIllusion\\UniformityIllusionPsychoPy\\Pics\\6b.png', 'AB': 'b'}
42.4973 	EXP 	New trial (rep=0, index=6): {'startImage': 'C:\\Users\\hesselmann\\Desktop\\PsychoPyUniformityIllusion\\UniformityIllusionPsychoPy\\Pics\\7start.png', 'endImage': 'C:\\Users\\hesselmann\\Desktop\\PsychoPyUniformityIllusion\\UniformityIllusionPsychoPy\\Pics\\7a.png', 'AB': None}
42.8055 	EXP 	New trial (rep=0, index=7): {'startImage': 'C:\\Users\\hesselmann\\Desktop\\PsychoPyUniformityIllusion\\UniformityIllusionPsychoPy\\Pics\\7start.png', 'endImage': 'C:\\Users\\hesselmann\\Desktop\\PsychoPyUniformityIllusion\\UniformityIllusionPsychoPy\\Pics\\7b.png', 'AB': None}
43.0925 	EXP 	New trial (rep=0, index=8): {'startImage': 'C:\\Users\\hesselmann\\Desktop\\PsychoPyUniformityIllusion\\UniformityIllusionPsychoPy\\Pics\\8start.png', 'endImage': 'C:\\Users\\hesselmann\\Desktop\\PsychoPyUniformityIllusion\\UniformityIllusionPsychoPy\\Pics\\8a.png', 'AB': None}
43.3425 	EXP 	New trial (rep=0, index=9): {'startImage': 'C:\\Users\\hesselmann\\Desktop\\PsychoPyUniformityIllusion\\UniformityIllusionPsychoPy\\Pics\\8start.png', 'endImage': 'C:\\Users\\hesselmann\\Desktop\\PsychoPyUniformityIllusion\\UniformityIllusionPsychoPy\\Pics\\8b.png', 'AB': None}
43.5594 	EXP 	New trial (rep=0, index=10): {'startImage': 'C:\\Users\\hesselmann\\Desktop\\PsychoPyUniformityIllusion\\UniformityIllusionPsychoPy\\Pics\\9start.png', 'endImage': 'C:\\Users\\hesselmann\\Desktop\\PsychoPyUniformityIllusion\\UniformityIllusionPsychoPy\\Pics\\9a.png', 'AB': None}
43.7907 	EXP 	New trial (rep=0, index=11): {'startImage': 'C:\\Users\\hesselmann\\Desktop\\PsychoPyUniformityIllusion\\UniformityIllusionPsychoPy\\Pics\\9start.png', 'endImage': 'C:\\Users\\hesselmann\\Desktop\\PsychoPyUniformityIllusion\\UniformityIllusionPsychoPy\\Pics\\9b.png', 'AB': None}
44.0126 	EXP 	New trial (rep=0, index=12): {'startImage': 'C:\\Users\\hesselmann\\Desktop\\PsychoPyUniformityIllusion\\UniformityIllusionPsychoPy\\Pics\\10start.png', 'endImage': 'C:\\Users\\hesselmann\\Desktop\\PsychoPyUniformityIllusion\\UniformityIllusionPsychoPy\\Pics\\10a.png', 'AB': None}
44.3285 	EXP 	New trial (rep=0, index=13): {'startImage': 'C:\\Users\\hesselmann\\Desktop\\PsychoPyUniformityIllusion\\UniformityIllusionPsychoPy\\Pics\\10start.png', 'endImage': 'C:\\Users\\hesselmann\\Desktop\\PsychoPyUniformityIllusion\\UniformityIllusionPsychoPy\\Pics\\10b.png', 'AB': None}
44.6095 	EXP 	New trial (rep=0, index=14): {'startImage': 'C:\\Users\\hesselmann\\Desktop\\PsychoPyUniformityIllusion\\UniformityIllusionPsychoPy\\Pics\\11start.png', 'endImage': 'C:\\Users\\hesselmann\\Desktop\\PsychoPyUniformityIllusion\\UniformityIllusionPsychoPy\\Pics\\11a.png', 'AB': None}
44.9117 	DATA 	Keypress: space
44.9640 	EXP 	WelcomeText: autoDraw = False
44.9640 	EXP 	hasPeriphery_2: size = array([1.77777778, 1.        ])
44.9640 	EXP 	hasPeriphery_2: image = 'C:\\Users\\hesselmann\\Desktop\\PsychoPyUniformityIllusion\\UniformityIllusionPsychoPy\\Pics\\4a.png'
44.9640 	EXP 	noPeriphery_2: size = array([1.77777778, 1.        ])
44.9640 	EXP 	noPeriphery_2: image = 'C:\\Users\\hesselmann\\Desktop\\PsychoPyUniformityIllusion\\UniformityIllusionPsychoPy\\Pics\\4start.png'
44.9640 	EXP 	hasPeriphery_2: autoDraw = True
44.9640 	EXP 	hasPeriphery_2: texRes = 128.0
44.9640 	EXP 	noPeriphery_2: autoDraw = True
44.9640 	EXP 	noPeriphery_2: texRes = 128.0
44.9640 	EXP 	text_2: autoDraw = True
44.9640 	EXP 	hasPeriphery_2: autoDraw = False
44.9640 	EXP 	noPeriphery_2: autoDraw = False
44.9640 	EXP 	text_2: autoDraw = False
44.9640 	EXP 	hasPeriphery_2: size = array([1.77777778, 1.        ])
44.9640 	EXP 	hasPeriphery_2: image = 'C:\\Users\\hesselmann\\Desktop\\PsychoPyUniformityIllusion\\UniformityIllusionPsychoPy\\Pics\\4b.png'
44.9640 	EXP 	noPeriphery_2: size = array([1.77777778, 1.        ])
44.9640 	EXP 	noPeriphery_2: image = 'C:\\Users\\hesselmann\\Desktop\\PsychoPyUniformityIllusion\\UniformityIllusionPsychoPy\\Pics\\4start.png'
44.9640 	EXP 	hasPeriphery_2: autoDraw = True
44.9640 	EXP 	hasPeriphery_2: texRes = 128.0
44.9640 	EXP 	noPeriphery_2: autoDraw = True
44.9640 	EXP 	noPeriphery_2: texRes = 128.0
44.9640 	EXP 	text_2: autoDraw = True
44.9640 	EXP 	hasPeriphery_2: autoDraw = False
44.9640 	EXP 	noPeriphery_2: autoDraw = False
44.9640 	EXP 	text_2: autoDraw = False
44.9640 	EXP 	hasPeriphery_2: size = array([1.77777778, 1.        ])
44.9640 	EXP 	hasPeriphery_2: image = 'C:\\Users\\hesselmann\\Desktop\\PsychoPyUniformityIllusion\\UniformityIllusionPsychoPy\\Pics\\5a.png'
44.9640 	EXP 	noPeriphery_2: size = array([1.77777778, 1.        ])
44.9640 	EXP 	noPeriphery_2: image = 'C:\\Users\\hesselmann\\Desktop\\PsychoPyUniformityIllusion\\UniformityIllusionPsychoPy\\Pics\\5start.png'
44.9640 	EXP 	hasPeriphery_2: autoDraw = True
44.9640 	EXP 	hasPeriphery_2: texRes = 128.0
44.9640 	EXP 	noPeriphery_2: autoDraw = True
44.9640 	EXP 	noPeriphery_2: texRes = 128.0
44.9640 	EXP 	text_2: autoDraw = True
44.9640 	EXP 	hasPeriphery_2: autoDraw = False
44.9640 	EXP 	noPeriphery_2: autoDraw = False
44.9640 	EXP 	text_2: autoDraw = False
44.9640 	EXP 	hasPeriphery_2: size = array([1.77777778, 1.        ])
44.9640 	EXP 	hasPeriphery_2: image = 'C:\\Users\\hesselmann\\Desktop\\PsychoPyUniformityIllusion\\UniformityIllusionPsychoPy\\Pics\\5b.png'
44.9640 	EXP 	noPeriphery_2: size = array([1.77777778, 1.        ])
44.9640 	EXP 	noPeriphery_2: image = 'C:\\Users\\hesselmann\\Desktop\\PsychoPyUniformityIllusion\\UniformityIllusionPsychoPy\\Pics\\5start.png'
44.9640 	EXP 	hasPeriphery_2: autoDraw = True
44.9640 	EXP 	hasPeriphery_2: texRes = 128.0
44.9640 	EXP 	noPeriphery_2: autoDraw = True
44.9640 	EXP 	noPeriphery_2: texRes = 128.0
44.9640 	EXP 	text_2: autoDraw = True
44.9640 	EXP 	hasPeriphery_2: autoDraw = False
44.9640 	EXP 	noPeriphery_2: autoDraw = False
44.9640 	EXP 	text_2: autoDraw = False
44.9640 	EXP 	hasPeriphery_2: size = array([1.77777778, 1.        ])
44.9640 	EXP 	hasPeriphery_2: image = 'C:\\Users\\hesselmann\\Desktop\\PsychoPyUniformityIllusion\\UniformityIllusionPsychoPy\\Pics\\6a.png'
44.9640 	EXP 	noPeriphery_2: size = array([1.77777778, 1.        ])
44.9640 	EXP 	noPeriphery_2: image = 'C:\\Users\\hesselmann\\Desktop\\PsychoPyUniformityIllusion\\UniformityIllusionPsychoPy\\Pics\\6start.png'
44.9640 	EXP 	hasPeriphery_2: autoDraw = True
44.9640 	EXP 	hasPeriphery_2: texRes = 128.0
44.9640 	EXP 	noPeriphery_2: autoDraw = True
44.9640 	EXP 	noPeriphery_2: texRes = 128.0
44.9640 	EXP 	text_2: autoDraw = True
44.9640 	EXP 	hasPeriphery_2: autoDraw = False
44.9640 	EXP 	noPeriphery_2: autoDraw = False
44.9640 	EXP 	text_2: autoDraw = False
44.9640 	EXP 	hasPeriphery_2: size = array([1.77777778, 1.        ])
44.9640 	EXP 	hasPeriphery_2: image = 'C:\\Users\\hesselmann\\Desktop\\PsychoPyUniformityIllusion\\UniformityIllusionPsychoPy\\Pics\\6b.png'
44.9640 	EXP 	noPeriphery_2: size = array([1.77777778, 1.        ])
44.9640 	EXP 	noPeriphery_2: image = 'C:\\Users\\hesselmann\\Desktop\\PsychoPyUniformityIllusion\\UniformityIllusionPsychoPy\\Pics\\6start.png'
44.9640 	EXP 	hasPeriphery_2: autoDraw = True
44.9640 	EXP 	hasPeriphery_2: texRes = 128.0
44.9640 	EXP 	noPeriphery_2: autoDraw = True
44.9640 	EXP 	noPeriphery_2: texRes = 128.0
44.9640 	EXP 	text_2: autoDraw = True
44.9640 	EXP 	hasPeriphery_2: autoDraw = False
44.9640 	EXP 	noPeriphery_2: autoDraw = False
44.9640 	EXP 	text_2: autoDraw = False
44.9640 	EXP 	hasPeriphery_2: size = array([1.77777778, 1.        ])
44.9640 	EXP 	hasPeriphery_2: image = 'C:\\Users\\hesselmann\\Desktop\\PsychoPyUniformityIllusion\\UniformityIllusionPsychoPy\\Pics\\7a.png'
44.9640 	EXP 	noPeriphery_2: size = array([1.77777778, 1.        ])
44.9640 	EXP 	noPeriphery_2: image = 'C:\\Users\\hesselmann\\Desktop\\PsychoPyUniformityIllusion\\UniformityIllusionPsychoPy\\Pics\\7start.png'
44.9640 	EXP 	hasPeriphery_2: autoDraw = True
44.9640 	EXP 	hasPeriphery_2: texRes = 128.0
44.9640 	EXP 	noPeriphery_2: autoDraw = True
44.9640 	EXP 	noPeriphery_2: texRes = 128.0
44.9640 	EXP 	text_2: autoDraw = True
44.9640 	EXP 	hasPeriphery_2: autoDraw = False
44.9640 	EXP 	noPeriphery_2: autoDraw = False
44.9640 	EXP 	text_2: autoDraw = False
44.9640 	EXP 	hasPeriphery_2: size = array([1.77777778, 1.        ])
44.9640 	EXP 	hasPeriphery_2: image = 'C:\\Users\\hesselmann\\Desktop\\PsychoPyUniformityIllusion\\UniformityIllusionPsychoPy\\Pics\\7b.png'
44.9640 	EXP 	noPeriphery_2: size = array([1.77777778, 1.        ])
44.9640 	EXP 	noPeriphery_2: image = 'C:\\Users\\hesselmann\\Desktop\\PsychoPyUniformityIllusion\\UniformityIllusionPsychoPy\\Pics\\7start.png'
44.9640 	EXP 	hasPeriphery_2: autoDraw = True
44.9640 	EXP 	hasPeriphery_2: texRes = 128.0
44.9640 	EXP 	noPeriphery_2: autoDraw = True
44.9640 	EXP 	noPeriphery_2: texRes = 128.0
44.9640 	EXP 	text_2: autoDraw = True
44.9640 	EXP 	hasPeriphery_2: autoDraw = False
44.9640 	EXP 	noPeriphery_2: autoDraw = False
44.9640 	EXP 	text_2: autoDraw = False
44.9640 	EXP 	hasPeriphery_2: size = array([1.77777778, 1.        ])
44.9640 	EXP 	hasPeriphery_2: image = 'C:\\Users\\hesselmann\\Desktop\\PsychoPyUniformityIllusion\\UniformityIllusionPsychoPy\\Pics\\8a.png'
44.9640 	EXP 	noPeriphery_2: size = array([1.77777778, 1.        ])
44.9640 	EXP 	noPeriphery_2: image = 'C:\\Users\\hesselmann\\Desktop\\PsychoPyUniformityIllusion\\UniformityIllusionPsychoPy\\Pics\\8start.png'
44.9640 	EXP 	hasPeriphery_2: autoDraw = True
44.9640 	EXP 	hasPeriphery_2: texRes = 128.0
44.9640 	EXP 	noPeriphery_2: autoDraw = True
44.9640 	EXP 	noPeriphery_2: texRes = 128.0
44.9640 	EXP 	text_2: autoDraw = True
44.9640 	EXP 	hasPeriphery_2: autoDraw = False
44.9640 	EXP 	noPeriphery_2: autoDraw = False
44.9640 	EXP 	text_2: autoDraw = False
44.9640 	EXP 	hasPeriphery_2: size = array([1.77777778, 1.        ])
44.9640 	EXP 	hasPeriphery_2: image = 'C:\\Users\\hesselmann\\Desktop\\PsychoPyUniformityIllusion\\UniformityIllusionPsychoPy\\Pics\\8b.png'
44.9640 	EXP 	noPeriphery_2: size = array([1.77777778, 1.        ])
44.9640 	EXP 	noPeriphery_2: image = 'C:\\Users\\hesselmann\\Desktop\\PsychoPyUniformityIllusion\\UniformityIllusionPsychoPy\\Pics\\8start.png'
44.9640 	EXP 	hasPeriphery_2: autoDraw = True
44.9640 	EXP 	hasPeriphery_2: texRes = 128.0
44.9640 	EXP 	noPeriphery_2: autoDraw = True
44.9640 	EXP 	noPeriphery_2: texRes = 128.0
44.9640 	EXP 	text_2: autoDraw = True
44.9640 	EXP 	hasPeriphery_2: autoDraw = False
44.9640 	EXP 	noPeriphery_2: autoDraw = False
44.9640 	EXP 	text_2: autoDraw = False
44.9640 	EXP 	hasPeriphery_2: size = array([1.77777778, 1.        ])
44.9640 	EXP 	hasPeriphery_2: image = 'C:\\Users\\hesselmann\\Desktop\\PsychoPyUniformityIllusion\\UniformityIllusionPsychoPy\\Pics\\9a.png'
44.9640 	EXP 	noPeriphery_2: size = array([1.77777778, 1.        ])
44.9640 	EXP 	noPeriphery_2: image = 'C:\\Users\\hesselmann\\Desktop\\PsychoPyUniformityIllusion\\UniformityIllusionPsychoPy\\Pics\\9start.png'
44.9640 	EXP 	hasPeriphery_2: autoDraw = True
44.9640 	EXP 	hasPeriphery_2: texRes = 128.0
44.9640 	EXP 	noPeriphery_2: autoDraw = True
44.9640 	EXP 	noPeriphery_2: texRes = 128.0
44.9640 	EXP 	text_2: autoDraw = True
44.9640 	EXP 	hasPeriphery_2: autoDraw = False
44.9640 	EXP 	noPeriphery_2: autoDraw = False
44.9640 	EXP 	text_2: autoDraw = False
44.9640 	EXP 	hasPeriphery_2: size = array([1.77777778, 1.        ])
44.9640 	EXP 	hasPeriphery_2: image = 'C:\\Users\\hesselmann\\Desktop\\PsychoPyUniformityIllusion\\UniformityIllusionPsychoPy\\Pics\\9b.png'
44.9640 	EXP 	noPeriphery_2: size = array([1.77777778, 1.        ])
44.9640 	EXP 	noPeriphery_2: image = 'C:\\Users\\hesselmann\\Desktop\\PsychoPyUniformityIllusion\\UniformityIllusionPsychoPy\\Pics\\9start.png'
44.9640 	EXP 	hasPeriphery_2: autoDraw = True
44.9640 	EXP 	hasPeriphery_2: texRes = 128.0
44.9640 	EXP 	noPeriphery_2: autoDraw = True
44.9640 	EXP 	noPeriphery_2: texRes = 128.0
44.9640 	EXP 	text_2: autoDraw = True
44.9640 	EXP 	hasPeriphery_2: autoDraw = False
44.9640 	EXP 	noPeriphery_2: autoDraw = False
44.9640 	EXP 	text_2: autoDraw = False
44.9640 	EXP 	hasPeriphery_2: size = array([1.77777778, 1.        ])
44.9640 	EXP 	hasPeriphery_2: image = 'C:\\Users\\hesselmann\\Desktop\\PsychoPyUniformityIllusion\\UniformityIllusionPsychoPy\\Pics\\10a.png'
44.9640 	EXP 	noPeriphery_2: size = array([1.77777778, 1.        ])
44.9640 	EXP 	noPeriphery_2: image = 'C:\\Users\\hesselmann\\Desktop\\PsychoPyUniformityIllusion\\UniformityIllusionPsychoPy\\Pics\\10start.png'
44.9640 	EXP 	hasPeriphery_2: autoDraw = True
44.9640 	EXP 	hasPeriphery_2: texRes = 128.0
44.9640 	EXP 	noPeriphery_2: autoDraw = True
44.9640 	EXP 	noPeriphery_2: texRes = 128.0
44.9640 	EXP 	text_2: autoDraw = True
44.9640 	EXP 	hasPeriphery_2: autoDraw = False
44.9640 	EXP 	noPeriphery_2: autoDraw = False
44.9640 	EXP 	text_2: autoDraw = False
44.9640 	EXP 	hasPeriphery_2: size = array([1.77777778, 1.        ])
44.9640 	EXP 	hasPeriphery_2: image = 'C:\\Users\\hesselmann\\Desktop\\PsychoPyUniformityIllusion\\UniformityIllusionPsychoPy\\Pics\\10b.png'
44.9640 	EXP 	noPeriphery_2: size = array([1.77777778, 1.        ])
44.9640 	EXP 	noPeriphery_2: image = 'C:\\Users\\hesselmann\\Desktop\\PsychoPyUniformityIllusion\\UniformityIllusionPsychoPy\\Pics\\10start.png'
44.9640 	EXP 	hasPeriphery_2: autoDraw = True
44.9640 	EXP 	hasPeriphery_2: texRes = 128.0
44.9640 	EXP 	noPeriphery_2: autoDraw = True
44.9640 	EXP 	noPeriphery_2: texRes = 128.0
44.9640 	EXP 	text_2: autoDraw = True
44.9640 	EXP 	hasPeriphery_2: autoDraw = False
44.9640 	EXP 	noPeriphery_2: autoDraw = False
44.9640 	EXP 	text_2: autoDraw = False
44.9640 	EXP 	hasPeriphery_2: size = array([1.77777778, 1.        ])
44.9640 	EXP 	hasPeriphery_2: image = 'C:\\Users\\hesselmann\\Desktop\\PsychoPyUniformityIllusion\\UniformityIllusionPsychoPy\\Pics\\11a.png'
44.9640 	EXP 	noPeriphery_2: size = array([1.77777778, 1.        ])
44.9640 	EXP 	noPeriphery_2: image = 'C:\\Users\\hesselmann\\Desktop\\PsychoPyUniformityIllusion\\UniformityIllusionPsychoPy\\Pics\\11start.png'
44.9640 	EXP 	hasPeriphery_2: autoDraw = True
44.9640 	EXP 	hasPeriphery_2: texRes = 128.0
44.9640 	EXP 	noPeriphery_2: autoDraw = True
44.9640 	EXP 	noPeriphery_2: texRes = 128.0
44.9640 	EXP 	text_2: autoDraw = True
45.1791 	EXP 	hasPeriphery_2: texRes = 128.0
45.1791 	EXP 	noPeriphery_2: texRes = 128.0
45.4450 	EXP 	hasPeriphery_2: texRes = 128.0
45.4450 	EXP 	noPeriphery_2: texRes = 128.0
45.6726 	EXP 	hasPeriphery_2: texRes = 128.0
45.6726 	EXP 	noPeriphery_2: texRes = 128.0
45.9249 	EXP 	hasPeriphery_2: texRes = 128.0
45.9249 	EXP 	noPeriphery_2: texRes = 128.0
46.1615 	EXP 	hasPeriphery_2: texRes = 128.0
46.1615 	EXP 	noPeriphery_2: texRes = 128.0
46.4127 	EXP 	hasPeriphery_2: texRes = 128.0
46.4127 	EXP 	noPeriphery_2: texRes = 128.0
46.6357 	EXP 	hasPeriphery_2: texRes = 128.0
46.6357 	EXP 	noPeriphery_2: texRes = 128.0
46.8504 	EXP 	hasPeriphery_2: texRes = 128.0
46.8504 	EXP 	noPeriphery_2: texRes = 128.0
47.0446 	EXP 	hasPeriphery_2: texRes = 128.0
47.0446 	EXP 	noPeriphery_2: texRes = 128.0
47.2843 	EXP 	hasPeriphery_2: texRes = 128.0
47.2843 	EXP 	noPeriphery_2: texRes = 128.0
47.5091 	EXP 	hasPeriphery_2: texRes = 128.0
47.5091 	EXP 	noPeriphery_2: texRes = 128.0
47.7695 	EXP 	hasPeriphery_2: texRes = 128.0
47.7695 	EXP 	noPeriphery_2: texRes = 128.0
47.9900 	EXP 	hasPeriphery_2: texRes = 128.0
47.9900 	EXP 	noPeriphery_2: texRes = 128.0
48.1759 	EXP 	New trial (rep=0, index=15): {'startImage': 'C:\\Users\\hesselmann\\Desktop\\PsychoPyUniformityIllusion\\UniformityIllusionPsychoPy\\Pics\\11start.png', 'endImage': 'C:\\Users\\hesselmann\\Desktop\\PsychoPyUniformityIllusion\\UniformityIllusionPsychoPy\\Pics\\11b.png', 'AB': None}
48.4019 	EXP 	New trial (rep=0, index=16): {'startImage': 'C:\\Users\\hesselmann\\Desktop\\PsychoPyUniformityIllusion\\UniformityIllusionPsychoPy\\Pics\\12start.png', 'endImage': 'C:\\Users\\hesselmann\\Desktop\\PsychoPyUniformityIllusion\\UniformityIllusionPsychoPy\\Pics\\12a.png', 'AB': None}
48.6247 	EXP 	hasPeriphery_2: texRes = 128.0
48.6247 	EXP 	noPeriphery_2: texRes = 128.0
48.6247 	EXP 	hasPeriphery_2: autoDraw = False
48.6247 	EXP 	noPeriphery_2: autoDraw = False
48.6247 	EXP 	text_2: autoDraw = False
48.6247 	EXP 	hasPeriphery_2: size = array([1.77777778, 1.        ])
48.6247 	EXP 	hasPeriphery_2: image = 'C:\\Users\\hesselmann\\Desktop\\PsychoPyUniformityIllusion\\UniformityIllusionPsychoPy\\Pics\\11b.png'
48.6247 	EXP 	noPeriphery_2: size = array([1.77777778, 1.        ])
48.6247 	EXP 	noPeriphery_2: image = 'C:\\Users\\hesselmann\\Desktop\\PsychoPyUniformityIllusion\\UniformityIllusionPsychoPy\\Pics\\11start.png'
48.6247 	EXP 	hasPeriphery_2: autoDraw = True
48.6247 	EXP 	hasPeriphery_2: texRes = 128.0
48.6247 	EXP 	noPeriphery_2: autoDraw = True
48.6247 	EXP 	noPeriphery_2: texRes = 128.0
48.6247 	EXP 	text_2: autoDraw = True
48.6247 	EXP 	hasPeriphery_2: autoDraw = False
48.6247 	EXP 	noPeriphery_2: autoDraw = False
48.6247 	EXP 	text_2: autoDraw = False
48.6247 	EXP 	hasPeriphery_2: size = array([1.77777778, 1.        ])
48.6247 	EXP 	hasPeriphery_2: image = 'C:\\Users\\hesselmann\\Desktop\\PsychoPyUniformityIllusion\\UniformityIllusionPsychoPy\\Pics\\12a.png'
48.6247 	EXP 	noPeriphery_2: size = array([1.77777778, 1.        ])
48.6247 	EXP 	noPeriphery_2: image = 'C:\\Users\\hesselmann\\Desktop\\PsychoPyUniformityIllusion\\UniformityIllusionPsychoPy\\Pics\\12start.png'
48.6247 	EXP 	hasPeriphery_2: autoDraw = True
48.6247 	EXP 	hasPeriphery_2: texRes = 128.0
48.6247 	EXP 	noPeriphery_2: autoDraw = True
48.6247 	EXP 	noPeriphery_2: texRes = 128.0
48.6247 	EXP 	text_2: autoDraw = True
48.7621 	EXP 	hasPeriphery_2: texRes = 128.0
48.7621 	EXP 	noPeriphery_2: texRes = 128.0
48.8739 	EXP 	New trial (rep=0, index=17): {'startImage': 'C:\\Users\\hesselmann\\Desktop\\PsychoPyUniformityIllusion\\UniformityIllusionPsychoPy\\Pics\\12start.png', 'endImage': 'C:\\Users\\hesselmann\\Desktop\\PsychoPyUniformityIllusion\\UniformityIllusionPsychoPy\\Pics\\12b.png', 'AB': None}
49.0528 	EXP 	New trial (rep=0, index=18): {'startImage': 'C:\\Users\\hesselmann\\Desktop\\PsychoPyUniformityIllusion\\UniformityIllusionPsychoPy\\Pics\\13start.png', 'endImage': 'C:\\Users\\hesselmann\\Desktop\\PsychoPyUniformityIllusion\\UniformityIllusionPsychoPy\\Pics\\13a.png', 'AB': None}
49.3778 	EXP 	hasPeriphery_2: texRes = 128.0
49.3778 	EXP 	noPeriphery_2: texRes = 128.0
49.3778 	EXP 	hasPeriphery_2: autoDraw = False
49.3778 	EXP 	noPeriphery_2: autoDraw = False
49.3778 	EXP 	text_2: autoDraw = False
49.3778 	EXP 	hasPeriphery_2: size = array([1.77777778, 1.        ])
49.3778 	EXP 	hasPeriphery_2: image = 'C:\\Users\\hesselmann\\Desktop\\PsychoPyUniformityIllusion\\UniformityIllusionPsychoPy\\Pics\\12b.png'
49.3778 	EXP 	noPeriphery_2: size = array([1.77777778, 1.        ])
49.3778 	EXP 	noPeriphery_2: image = 'C:\\Users\\hesselmann\\Desktop\\PsychoPyUniformityIllusion\\UniformityIllusionPsychoPy\\Pics\\12start.png'
49.3778 	EXP 	hasPeriphery_2: autoDraw = True
49.3778 	EXP 	hasPeriphery_2: texRes = 128.0
49.3778 	EXP 	noPeriphery_2: autoDraw = True
49.3778 	EXP 	noPeriphery_2: texRes = 128.0
49.3778 	EXP 	text_2: autoDraw = True
49.3778 	EXP 	hasPeriphery_2: autoDraw = False
49.3778 	EXP 	noPeriphery_2: autoDraw = False
49.3778 	EXP 	text_2: autoDraw = False
49.3778 	EXP 	hasPeriphery_2: size = array([1.77777778, 1.        ])
49.3778 	EXP 	hasPeriphery_2: image = 'C:\\Users\\hesselmann\\Desktop\\PsychoPyUniformityIllusion\\UniformityIllusionPsychoPy\\Pics\\13a.png'
49.3778 	EXP 	noPeriphery_2: size = array([1.77777778, 1.        ])
49.3778 	EXP 	noPeriphery_2: image = 'C:\\Users\\hesselmann\\Desktop\\PsychoPyUniformityIllusion\\UniformityIllusionPsychoPy\\Pics\\13start.png'
49.3778 	EXP 	hasPeriphery_2: autoDraw = True
49.3778 	EXP 	hasPeriphery_2: texRes = 128.0
49.3778 	EXP 	noPeriphery_2: autoDraw = True
49.3778 	EXP 	noPeriphery_2: texRes = 128.0
49.3778 	EXP 	text_2: autoDraw = True
49.5765 	EXP 	hasPeriphery_2: texRes = 128.0
49.5765 	EXP 	noPeriphery_2: texRes = 128.0
49.8297 	EXP 	hasPeriphery_2: texRes = 128.0
49.8297 	EXP 	noPeriphery_2: texRes = 128.0
50.0776 	EXP 	hasPeriphery_2: texRes = 128.0
50.0776 	EXP 	noPeriphery_2: texRes = 128.0
50.3133 	EXP 	hasPeriphery_2: texRes = 128.0
50.3133 	EXP 	noPeriphery_2: texRes = 128.0
50.5529 	EXP 	hasPeriphery_2: texRes = 128.0
50.5529 	EXP 	noPeriphery_2: texRes = 128.0
50.7943 	EXP 	hasPeriphery_2: texRes = 128.0
50.7943 	EXP 	noPeriphery_2: texRes = 128.0
51.0303 	EXP 	hasPeriphery_2: texRes = 128.0
51.0303 	EXP 	noPeriphery_2: texRes = 128.0
51.2765 	EXP 	hasPeriphery_2: texRes = 128.0
51.2765 	EXP 	noPeriphery_2: texRes = 128.0
51.5290 	EXP 	hasPeriphery_2: texRes = 128.0
51.5290 	EXP 	noPeriphery_2: texRes = 128.0
51.7896 	EXP 	hasPeriphery_2: texRes = 128.0
51.7896 	EXP 	noPeriphery_2: texRes = 128.0
52.0531 	EXP 	hasPeriphery_2: texRes = 128.0
52.0531 	EXP 	noPeriphery_2: texRes = 128.0
52.2991 	EXP 	hasPeriphery_2: texRes = 128.0
52.2991 	EXP 	noPeriphery_2: texRes = 128.0
52.5563 	EXP 	hasPeriphery_2: texRes = 128.0
52.5563 	EXP 	noPeriphery_2: texRes = 128.0
52.7661 	EXP 	New trial (rep=0, index=19): {'startImage': 'C:\\Users\\hesselmann\\Desktop\\PsychoPyUniformityIllusion\\UniformityIllusionPsychoPy\\Pics\\13start.png', 'endImage': 'C:\\Users\\hesselmann\\Desktop\\PsychoPyUniformityIllusion\\UniformityIllusionPsychoPy\\Pics\\13b.png', 'AB': None}
53.0263 	EXP 	New trial (rep=0, index=20): {'startImage': 'C:\\Users\\hesselmann\\Desktop\\PsychoPyUniformityIllusion\\UniformityIllusionPsychoPy\\Pics\\14start.png', 'endImage': 'C:\\Users\\hesselmann\\Desktop\\PsychoPyUniformityIllusion\\UniformityIllusionPsychoPy\\Pics\\14a.png', 'AB': None}
53.3333 	EXP 	hasPeriphery_2: texRes = 128.0
53.3333 	EXP 	noPeriphery_2: texRes = 128.0
53.3333 	EXP 	hasPeriphery_2: autoDraw = False
53.3333 	EXP 	noPeriphery_2: autoDraw = False
53.3333 	EXP 	text_2: autoDraw = False
53.3333 	EXP 	hasPeriphery_2: size = array([1.77777778, 1.        ])
53.3333 	EXP 	hasPeriphery_2: image = 'C:\\Users\\hesselmann\\Desktop\\PsychoPyUniformityIllusion\\UniformityIllusionPsychoPy\\Pics\\13b.png'
53.3333 	EXP 	noPeriphery_2: size = array([1.77777778, 1.        ])
53.3333 	EXP 	noPeriphery_2: image = 'C:\\Users\\hesselmann\\Desktop\\PsychoPyUniformityIllusion\\UniformityIllusionPsychoPy\\Pics\\13start.png'
53.3333 	EXP 	hasPeriphery_2: autoDraw = True
53.3333 	EXP 	hasPeriphery_2: texRes = 128.0
53.3333 	EXP 	noPeriphery_2: autoDraw = True
53.3333 	EXP 	noPeriphery_2: texRes = 128.0
53.3333 	EXP 	text_2: autoDraw = True
53.3333 	EXP 	hasPeriphery_2: autoDraw = False
53.3333 	EXP 	noPeriphery_2: autoDraw = False
53.3333 	EXP 	text_2: autoDraw = False
53.3333 	EXP 	hasPeriphery_2: size = array([1.77777778, 1.        ])
53.3333 	EXP 	hasPeriphery_2: image = 'C:\\Users\\hesselmann\\Desktop\\PsychoPyUniformityIllusion\\UniformityIllusionPsychoPy\\Pics\\14a.png'
53.3333 	EXP 	noPeriphery_2: size = array([1.77777778, 1.        ])
53.3333 	EXP 	noPeriphery_2: image = 'C:\\Users\\hesselmann\\Desktop\\PsychoPyUniformityIllusion\\UniformityIllusionPsychoPy\\Pics\\14start.png'
53.3333 	EXP 	hasPeriphery_2: autoDraw = True
53.3333 	EXP 	hasPeriphery_2: texRes = 128.0
53.3333 	EXP 	noPeriphery_2: autoDraw = True
53.3333 	EXP 	noPeriphery_2: texRes = 128.0
53.3333 	EXP 	text_2: autoDraw = True
53.5004 	EXP 	hasPeriphery_2: texRes = 128.0
53.5004 	EXP 	noPeriphery_2: texRes = 128.0
53.7261 	EXP 	hasPeriphery_2: texRes = 128.0
53.7261 	EXP 	noPeriphery_2: texRes = 128.0
53.9391 	EXP 	hasPeriphery_2: texRes = 128.0
53.9391 	EXP 	noPeriphery_2: texRes = 128.0
54.1670 	EXP 	hasPeriphery_2: texRes = 128.0
54.1670 	EXP 	noPeriphery_2: texRes = 128.0
54.3909 	EXP 	hasPeriphery_2: texRes = 128.0
54.3909 	EXP 	noPeriphery_2: texRes = 128.0
54.6162 	EXP 	hasPeriphery_2: texRes = 128.0
54.6162 	EXP 	noPeriphery_2: texRes = 128.0
54.8394 	EXP 	hasPeriphery_2: texRes = 128.0
54.8394 	EXP 	noPeriphery_2: texRes = 128.0
55.0453 	EXP 	hasPeriphery_2: texRes = 128.0
55.0453 	EXP 	noPeriphery_2: texRes = 128.0
55.2462 	EXP 	hasPeriphery_2: texRes = 128.0
55.2462 	EXP 	noPeriphery_2: texRes = 128.0
55.4575 	EXP 	hasPeriphery_2: texRes = 128.0
55.4575 	EXP 	noPeriphery_2: texRes = 128.0
55.6616 	EXP 	hasPeriphery_2: texRes = 128.0
55.6616 	EXP 	noPeriphery_2: texRes = 128.0
55.9012 	EXP 	hasPeriphery_2: texRes = 128.0
55.9012 	EXP 	noPeriphery_2: texRes = 128.0
56.1350 	EXP 	hasPeriphery_2: texRes = 128.0
56.1350 	EXP 	noPeriphery_2: texRes = 128.0
56.3662 	EXP 	hasPeriphery_2: texRes = 128.0
56.3662 	EXP 	noPeriphery_2: texRes = 128.0
56.5816 	EXP 	hasPeriphery_2: texRes = 128.0
56.5816 	EXP 	noPeriphery_2: texRes = 128.0
56.7786 	EXP 	hasPeriphery_2: texRes = 128.0
56.7786 	EXP 	noPeriphery_2: texRes = 128.0
57.0031 	EXP 	hasPeriphery_2: texRes = 128.0
57.0031 	EXP 	noPeriphery_2: texRes = 128.0
57.2270 	EXP 	hasPeriphery_2: texRes = 128.0
57.2270 	EXP 	noPeriphery_2: texRes = 128.0
57.4447 	EXP 	hasPeriphery_2: texRes = 128.0
57.4447 	EXP 	noPeriphery_2: texRes = 128.0
57.6476 	EXP 	hasPeriphery_2: texRes = 128.0
57.6476 	EXP 	noPeriphery_2: texRes = 128.0
57.8694 	EXP 	hasPeriphery_2: texRes = 128.0
57.8694 	EXP 	noPeriphery_2: texRes = 128.0
58.0808 	EXP 	hasPeriphery_2: texRes = 128.0
58.0808 	EXP 	noPeriphery_2: texRes = 128.0
58.2917 	EXP 	hasPeriphery_2: texRes = 128.0
58.2917 	EXP 	noPeriphery_2: texRes = 128.0
58.4941 	EXP 	hasPeriphery_2: texRes = 128.0
58.4941 	EXP 	noPeriphery_2: texRes = 128.0
58.7026 	EXP 	hasPeriphery_2: texRes = 128.0
58.7026 	EXP 	noPeriphery_2: texRes = 128.0
58.9139 	EXP 	hasPeriphery_2: texRes = 128.0
58.9139 	EXP 	noPeriphery_2: texRes = 128.0
59.1158 	EXP 	hasPeriphery_2: texRes = 128.0
59.1158 	EXP 	noPeriphery_2: texRes = 128.0
59.3269 	EXP 	hasPeriphery_2: texRes = 128.0
59.3269 	EXP 	noPeriphery_2: texRes = 128.0
59.5473 	EXP 	hasPeriphery_2: texRes = 128.0
59.5473 	EXP 	noPeriphery_2: texRes = 128.0
59.7873 	EXP 	hasPeriphery_2: texRes = 128.0
59.7873 	EXP 	noPeriphery_2: texRes = 128.0
60.0030 	EXP 	hasPeriphery_2: texRes = 128.0
60.0030 	EXP 	noPeriphery_2: texRes = 128.0
60.2101 	EXP 	hasPeriphery_2: texRes = 128.0
60.2101 	EXP 	noPeriphery_2: texRes = 128.0
60.4440 	EXP 	hasPeriphery_2: texRes = 128.0
60.4440 	EXP 	noPeriphery_2: texRes = 128.0
60.6667 	EXP 	hasPeriphery_2: texRes = 128.0
60.6667 	EXP 	noPeriphery_2: texRes = 128.0
60.8605 	EXP 	hasPeriphery_2: texRes = 128.0
60.8605 	EXP 	noPeriphery_2: texRes = 128.0
61.0817 	EXP 	hasPeriphery_2: texRes = 128.0
61.0817 	EXP 	noPeriphery_2: texRes = 128.0
61.2534 	EXP 	hasPeriphery_2: texRes = 128.0
61.2534 	EXP 	noPeriphery_2: texRes = 128.0
61.4601 	EXP 	hasPeriphery_2: texRes = 128.0
61.4601 	EXP 	noPeriphery_2: texRes = 128.0
61.6941 	EXP 	hasPeriphery_2: texRes = 128.0
61.6941 	EXP 	noPeriphery_2: texRes = 128.0
61.9269 	EXP 	hasPeriphery_2: texRes = 128.0
61.9269 	EXP 	noPeriphery_2: texRes = 128.0
62.1482 	EXP 	hasPeriphery_2: texRes = 128.0
62.1482 	EXP 	noPeriphery_2: texRes = 128.0
62.3611 	EXP 	hasPeriphery_2: texRes = 128.0
62.3611 	EXP 	noPeriphery_2: texRes = 128.0
62.5893 	EXP 	hasPeriphery_2: texRes = 128.0
62.5893 	EXP 	noPeriphery_2: texRes = 128.0
62.7950 	EXP 	hasPeriphery_2: texRes = 128.0
62.7950 	EXP 	noPeriphery_2: texRes = 128.0
63.0112 	EXP 	hasPeriphery_2: texRes = 128.0
63.0112 	EXP 	noPeriphery_2: texRes = 128.0
63.1932 	EXP 	hasPeriphery_2: texRes = 128.0
63.1932 	EXP 	noPeriphery_2: texRes = 128.0
63.4169 	EXP 	hasPeriphery_2: texRes = 128.0
63.4169 	EXP 	noPeriphery_2: texRes = 128.0
63.4439 	EXP 	hasPeriphery_2: autoDraw = False
63.4439 	EXP 	noPeriphery_2: autoDraw = False
64.0012 	EXP 	New trial (rep=0, index=21): {'startImage': 'C:\\Users\\hesselmann\\Desktop\\PsychoPyUniformityIllusion\\UniformityIllusionPsychoPy\\Pics\\14start.png', 'endImage': 'C:\\Users\\hesselmann\\Desktop\\PsychoPyUniformityIllusion\\UniformityIllusionPsychoPy\\Pics\\14b.png', 'AB': None}
64.2343 	EXP 	New trial (rep=0, index=22): {'startImage': 'C:\\Users\\hesselmann\\Desktop\\PsychoPyUniformityIllusion\\UniformityIllusionPsychoPy\\Pics\\15start.png', 'endImage': 'C:\\Users\\hesselmann\\Desktop\\PsychoPyUniformityIllusion\\UniformityIllusionPsychoPy\\Pics\\15a.png', 'AB': None}
64.4152 	EXP 	New trial (rep=0, index=23): {'startImage': 'C:\\Users\\hesselmann\\Desktop\\PsychoPyUniformityIllusion\\UniformityIllusionPsychoPy\\Pics\\15start.png', 'endImage': 'C:\\Users\\hesselmann\\Desktop\\PsychoPyUniformityIllusion\\UniformityIllusionPsychoPy\\Pics\\15b.png', 'AB': None}
64.6277 	EXP 	hasPeriphery_2: autoDraw = False
64.6277 	EXP 	noPeriphery_2: autoDraw = False
64.6277 	EXP 	text_2: autoDraw = False
64.6277 	EXP 	hasPeriphery_2: size = array([1.77777778, 1.        ])
64.6277 	EXP 	hasPeriphery_2: image = 'C:\\Users\\hesselmann\\Desktop\\PsychoPyUniformityIllusion\\UniformityIllusionPsychoPy\\Pics\\14b.png'
64.6277 	EXP 	noPeriphery_2: size = array([1.77777778, 1.        ])
64.6277 	EXP 	noPeriphery_2: image = 'C:\\Users\\hesselmann\\Desktop\\PsychoPyUniformityIllusion\\UniformityIllusionPsychoPy\\Pics\\14start.png'
64.6277 	EXP 	hasPeriphery_2: autoDraw = True
64.6277 	EXP 	hasPeriphery_2: texRes = 128.0
64.6277 	EXP 	noPeriphery_2: autoDraw = True
64.6277 	EXP 	noPeriphery_2: texRes = 128.0
64.6277 	EXP 	text_2: autoDraw = True
64.6277 	EXP 	hasPeriphery_2: autoDraw = False
64.6277 	EXP 	noPeriphery_2: autoDraw = False
64.6277 	EXP 	text_2: autoDraw = False
64.6277 	EXP 	hasPeriphery_2: size = array([1.77777778, 1.        ])
64.6277 	EXP 	hasPeriphery_2: image = 'C:\\Users\\hesselmann\\Desktop\\PsychoPyUniformityIllusion\\UniformityIllusionPsychoPy\\Pics\\15a.png'
64.6277 	EXP 	noPeriphery_2: size = array([1.77777778, 1.        ])
64.6277 	EXP 	noPeriphery_2: image = 'C:\\Users\\hesselmann\\Desktop\\PsychoPyUniformityIllusion\\UniformityIllusionPsychoPy\\Pics\\15start.png'
64.6277 	EXP 	hasPeriphery_2: autoDraw = True
64.6277 	EXP 	hasPeriphery_2: texRes = 128.0
64.6277 	EXP 	noPeriphery_2: autoDraw = True
64.6277 	EXP 	noPeriphery_2: texRes = 128.0
64.6277 	EXP 	text_2: autoDraw = True
64.6277 	EXP 	hasPeriphery_2: autoDraw = False
64.6277 	EXP 	noPeriphery_2: autoDraw = False
64.6277 	EXP 	text_2: autoDraw = False
64.6277 	EXP 	hasPeriphery_2: size = array([1.77777778, 1.        ])
64.6277 	EXP 	hasPeriphery_2: image = 'C:\\Users\\hesselmann\\Desktop\\PsychoPyUniformityIllusion\\UniformityIllusionPsychoPy\\Pics\\15b.png'
64.6277 	EXP 	noPeriphery_2: size = array([1.77777778, 1.        ])
64.6277 	EXP 	noPeriphery_2: image = 'C:\\Users\\hesselmann\\Desktop\\PsychoPyUniformityIllusion\\UniformityIllusionPsychoPy\\Pics\\15start.png'
64.6277 	EXP 	hasPeriphery_2: autoDraw = True
64.6277 	EXP 	hasPeriphery_2: texRes = 128.0
64.6277 	EXP 	noPeriphery_2: autoDraw = True
64.6277 	EXP 	noPeriphery_2: texRes = 128.0
64.6277 	EXP 	text_2: autoDraw = True
64.6277 	EXP 	hasPeriphery_2: autoDraw = False
64.6277 	EXP 	noPeriphery_2: autoDraw = False
64.6277 	EXP 	text_2: autoDraw = False
64.9043 	EXP 	window1: mouseVisible = True
