1.0190 	WARNING 	We strongly recommend you activate the PTB sound engine in PsychoPy prefs as the preferred audio engine. Its timing is vastly superior. Your prefs are currently set to use ['sounddevice', 'PTB', 'pyo', 'pygame'] (in that order).
6.1308 	EXP 	Created window1 = Window(allowGUI=False, allowStencil=False, autoLog=True, backendConf=UNKNOWN, bitsMode=UNKNOWN, blendMode='avg', bpc=(8, 8, 8), color=array([0, 0, 0]), colorSpace='rgb', depthBits=8, fullscr=<method-wrapper '__getattribute__' of attributeSetter object at 0x000001FA8E5F5EB8>, gamma=None, gammaErrorPolicy='raise', lms=UNKNOWN, monitor=<psychopy.monitors.calibTools.Monitor object at 0x000001FA8E5D0518>, multiSample=False, name='window1', numSamples=2, pos=[0.0, 0.0], screen=0, size=array([1920, 1080]), stencilBits=0, stereo=False, units='height', useFBO=True, useRetina=False, viewOri=0.0, viewPos=None, viewScale=None, waitBlanking=True, winType='pyglet')
6.1310 	EXP 	window1: mouseVisible = True
6.1310 	EXP 	window1: recordFrameIntervals = False
6.2960 	EXP 	window1: recordFrameIntervals = True
6.4798 	EXP 	window1: recordFrameIntervals = False
6.8695 	EXP 	Created WelcomeText = TextStim(__class__=<class 'psychopy.visual.text.TextStim'>, alignHoriz=method-wrapper(...), alignText='center', alignVert=method-wrapper(...), anchorHoriz='center', anchorVert='center', antialias=True, autoLog=True, bold=False, color=array([1, 1, 1]), colorSpace='rgb', contrast=1.0, depth=0.0, flipHoriz=False, flipVert=False, font='Open Sans', fontFiles=[], height=0.1, italic=False, languageStyle='LTR', name='WelcomeText', opacity=1, ori=0.0, pos=array([0., 0.]), rgb=UNKNOWN, text='Welcome to our Study!', units='height', win=Window(...), wrapWidth=1)
6.8865 	EXP 	Imported depression.xlsx as conditions, 2 conditions, 12 params
6.8879 	EXP 	Question text: Sadness
6.9187 	EXP 	window1: mouseVisible = True
6.9506 	EXP 	Question text: Pessimism
6.9620 	EXP 	window1: mouseVisible = True
6.9843 	EXP 	window1: mouseVisible = True
6.9894 	EXP 	Created unnamed Rect = Rect(__class__=<class 'psychopy.visual.rect.Rect'>, autoDraw=False, autoLog=True, closeShape=True, color=method-wrapper(...), colorSpace='rgb', contrast=None, depth=0, fillColor=array([0, 0, 0]), fillColorSpace='rgb', fillRGB=UNKNOWN, interpolate=True, lineColor=array([0, 0, 0]), lineColorSpace='rgb', lineRGB=UNKNOWN, lineWidth=1.5, name='unnamed Rect', opacity=0, ori=0.0, pos=array([0., 0.]), size=array([0., 0.]), units='height', vertices=ndarray(...), win=Window(...))
6.9969 	EXP 	Created DepressionQuestionnaire = <psychopy.visual.form.Form object at 0x000001FA914547F0>
7.0207 	EXP 	window1: mouseVisible = True
7.0644 	EXP 	Created instructionsText = TextStim(__class__=<class 'psychopy.visual.text.TextStim'>, alignHoriz=method-wrapper(...), alignText='center', alignVert=method-wrapper(...), anchorHoriz='center', anchorVert='center', antialias=True, autoLog=True, bold=False, color=array([1, 1, 1]), colorSpace='rgb', contrast=1.0, depth=0.0, flipHoriz=False, flipVert=False, font='Open Sans', fontFiles=[], height=0.04, italic=False, languageStyle='LTR', name='instructionsText', opacity=1, ori=0.0, pos=array([0., 0.]), rgb=UNKNOWN, text=str(...), units='height', win=Window(...), wrapWidth=1)
7.0679 	EXP 	Created hasPeriphery = ImageStim(__class__=<class 'psychopy.visual.image.ImageStim'>, autoLog=True, color=array([1, 1, 1]), colorSpace='rgb', contrast=1.0, depth=-1.0, flipHoriz=False, flipVert=False, image='sin', interpolate=True, mask=None, maskParams=None, name='hasPeriphery', opacity=1.0, ori=0.0, pos=array([0., 0.]), size=array([0.5, 0.5]), texRes=128.0, units='height', win=Window(...))
7.0704 	EXP 	Created noPeriphery = ImageStim(__class__=<class 'psychopy.visual.image.ImageStim'>, autoLog=True, color=array([1, 1, 1]), colorSpace='rgb', contrast=1.0, depth=-3.0, flipHoriz=False, flipVert=False, image='sin', interpolate=True, mask=None, maskParams=None, name='noPeriphery', opacity=1.0, ori=0.0, pos=array([0., 0.]), size=array([0.5, 0.5]), texRes=128.0, units='height', win=Window(...))
7.0715 	EXP 	Created blank_screen = Rect(__class__=<class 'psychopy.visual.rect.Rect'>, autoDraw=False, autoLog=True, closeShape=True, color=method-wrapper(...), colorSpace='rgb', contrast=None, depth=-4.0, fillColor=array([1, 1, 1]), fillColorSpace='rgb', fillRGB=UNKNOWN, interpolate=True, lineColor=array([1, 1, 1]), lineColorSpace='rgb', lineRGB=UNKNOWN, lineWidth=1.0, name='blank_screen', opacity=1.0, ori=0.0, pos=array([0., 0.]), size=array([2., 1.]), units='height', vertices=ndarray(...), win=Window(...))
7.0772 	EXP 	Created text = TextStim(__class__=<class 'psychopy.visual.text.TextStim'>, alignHoriz=method-wrapper(...), alignText='center', alignVert=method-wrapper(...), anchorHoriz='center', anchorVert='center', antialias=True, autoLog=True, bold=False, color=array([ 1, -1, -1]), colorSpace='rgb', contrast=1.0, depth=-5.0, flipHoriz=False, flipVert=False, font='Open Sans', fontFiles=[], height=0.1, italic=False, languageStyle='LTR', name='text', opacity=1, ori=0.0, pos=array([0., 0.]), rgb=UNKNOWN, text='+', units='height', win=Window(...), wrapWidth=1)
7.0882 	EXP 	Created WelcomeText = TextStim(__class__=<class 'psychopy.visual.text.TextStim'>, alignHoriz=method-wrapper(...), alignText='center', alignVert=method-wrapper(...), anchorHoriz='center', anchorVert='center', antialias=True, autoLog=True, bold=False, color=array([1, 1, 1]), colorSpace='rgb', contrast=1.0, depth=0.0, flipHoriz=False, flipVert=False, font='Open Sans', fontFiles=[], height=0.1, italic=False, languageStyle='LTR', name='WelcomeText', opacity=1, ori=0.0, pos=array([0., 0.]), rgb=UNKNOWN, text='Welcome to our Study!', units='height', win=Window(...), wrapWidth=1)
7.0908 	EXP 	Created hasPeriphery_2 = ImageStim(__class__=<class 'psychopy.visual.image.ImageStim'>, autoLog=True, color=array([1, 1, 1]), colorSpace='rgb', contrast=1.0, depth=-1.0, flipHoriz=False, flipVert=False, image='sin', interpolate=True, mask=None, maskParams=None, name='hasPeriphery_2', opacity=1.0, ori=0.0, pos=array([0., 0.]), size=array([0.5, 0.5]), texRes=128.0, units='height', win=Window(...))
7.0930 	EXP 	Created noPeriphery_2 = ImageStim(__class__=<class 'psychopy.visual.image.ImageStim'>, autoLog=True, color=array([1, 1, 1]), colorSpace='rgb', contrast=1.0, depth=-3.0, flipHoriz=False, flipVert=False, image='sin', interpolate=True, mask=None, maskParams=None, name='noPeriphery_2', opacity=1.0, ori=0.0, pos=array([0., 0.]), size=array([0.5, 0.5]), texRes=128.0, units='height', win=Window(...))
7.0947 	EXP 	Created text_2 = TextStim(__class__=<class 'psychopy.visual.text.TextStim'>, alignHoriz=method-wrapper(...), alignText='center', alignVert=method-wrapper(...), anchorHoriz='center', anchorVert='center', antialias=True, autoLog=True, bold=False, color=array([ 1, -1, -1]), colorSpace='rgb', contrast=1.0, depth=-4.0, flipHoriz=False, flipVert=False, font='Open Sans', fontFiles=[], height=0.1, italic=False, languageStyle='LTR', name='text_2', opacity=1, ori=0.0, pos=array([0., 0.]), rgb=UNKNOWN, text='+', units='height', win=Window(...), wrapWidth=1)
7.1458 	EXP 	unnamed Form: autoLog = True
7.1458 	EXP 	DepressionQuestionnaire: name = 'DepressionQuestionnaire'
7.1458 	EXP 	DepressionQuestionnaire: size = (3.5, 1)
7.1458 	EXP 	DepressionQuestionnaire: size = array([3.5, 1. ])
7.1458 	EXP 	DepressionQuestionnaire: units = 'height'
7.1458 	EXP 	DepressionQuestionnaire: depth = 0
7.1458 	EXP 	WelcomeText: autoDraw = True
9.1458 	EXP 	WelcomeText: autoDraw = False
9.1458 	EXP 	DepressionQuestionnaire: autoDraw = True
10.3178 	DATA 	Mouse: Left button down, pos=(763,92)
10.3786 	EXP 	DepressionQuestionnaire: autoDraw = False
10.3786 	EXP 	instructionsText: autoDraw = True
10.4502 	DATA 	Mouse:  Left button up, pos=(763,92)
10.9085 	EXP 	Imported picPaths.xlsx as conditions, 6 conditions, 4 params
10.9089 	EXP 	Created sequence: sequential, trialTypes=6, nReps=1, seed=None
10.9092 	EXP 	New trial (rep=0, index=0): {'startImage': 'C:\\Users\\hesselmann\\Desktop\\PsychoPyUniformityIllusion\\UniformityIllusionPsychoPy\\Pics\\1start.png', 'midImage': 'C:\\Users\\hesselmann\\Desktop\\PsychoPyUniformityIllusion\\UniformityIllusionPsychoPy\\Pics\\1a.png', 'endImage': 'C:\\Users\\hesselmann\\Desktop\\PsychoPyUniformityIllusion\\UniformityIllusionPsychoPy\\Pics\\1a.png', 'AB': 'a'}
11.0876 	DATA 	Keypress: space
11.1295 	EXP 	instructionsText: autoDraw = False
11.1295 	EXP 	hasPeriphery: size = array([1.77777778, 1.        ])
11.1295 	EXP 	hasPeriphery: image = 'C:\\Users\\hesselmann\\Desktop\\PsychoPyUniformityIllusion\\UniformityIllusionPsychoPy\\Pics\\1a.png'
11.1295 	EXP 	noPeriphery: size = array([1.77777778, 1.        ])
11.1295 	EXP 	noPeriphery: image = 'C:\\Users\\hesselmann\\Desktop\\PsychoPyUniformityIllusion\\UniformityIllusionPsychoPy\\Pics\\1start.png'
11.1295 	EXP 	hasPeriphery: autoDraw = True
11.1295 	EXP 	hasPeriphery: texRes = 128.0
11.1295 	EXP 	noPeriphery: autoDraw = True
11.1295 	EXP 	noPeriphery: texRes = 128.0
11.1295 	EXP 	text: autoDraw = True
11.2626 	EXP 	hasPeriphery: texRes = 128.0
11.2626 	EXP 	noPeriphery: texRes = 128.0
11.4116 	EXP 	hasPeriphery: texRes = 128.0
11.4116 	EXP 	noPeriphery: texRes = 128.0
11.4116 	EXP 	blank_screen: autoDraw = True
11.5457 	EXP 	hasPeriphery: texRes = 128.0
11.5457 	EXP 	noPeriphery: texRes = 128.0
11.5457 	EXP 	blank_screen: autoDraw = False
11.6789 	EXP 	hasPeriphery: texRes = 128.0
11.6789 	EXP 	noPeriphery: texRes = 128.0
11.8285 	EXP 	hasPeriphery: texRes = 128.0
11.8285 	EXP 	noPeriphery: texRes = 128.0
11.8285 	EXP 	blank_screen: autoDraw = True
11.9625 	EXP 	hasPeriphery: texRes = 128.0
11.9625 	EXP 	noPeriphery: texRes = 128.0
11.9625 	EXP 	blank_screen: autoDraw = False
12.1122 	EXP 	hasPeriphery: texRes = 128.0
12.1122 	EXP 	noPeriphery: texRes = 128.0
12.1122 	EXP 	blank_screen: autoDraw = True
12.2455 	EXP 	hasPeriphery: texRes = 128.0
12.2455 	EXP 	noPeriphery: texRes = 128.0
12.2455 	EXP 	blank_screen: autoDraw = False
12.3785 	EXP 	hasPeriphery: texRes = 128.0
12.3785 	EXP 	noPeriphery: texRes = 128.0
12.5292 	EXP 	hasPeriphery: texRes = 128.0
12.5292 	EXP 	noPeriphery: texRes = 128.0
12.5292 	EXP 	blank_screen: autoDraw = True
12.6615 	EXP 	hasPeriphery: texRes = 128.0
12.6615 	EXP 	noPeriphery: texRes = 128.0
12.6615 	EXP 	blank_screen: autoDraw = False
12.8120 	EXP 	hasPeriphery: texRes = 128.0
12.8120 	EXP 	noPeriphery: texRes = 128.0
12.9451 	EXP 	hasPeriphery: texRes = 128.0
12.9451 	EXP 	noPeriphery: texRes = 128.0
13.0953 	EXP 	hasPeriphery: texRes = 128.0
13.0953 	EXP 	noPeriphery: texRes = 128.0
13.2290 	EXP 	hasPeriphery: texRes = 128.0
13.2290 	EXP 	noPeriphery: texRes = 128.0
13.3615 	EXP 	hasPeriphery: texRes = 128.0
13.3615 	EXP 	noPeriphery: texRes = 128.0
13.4955 	EXP 	hasPeriphery: texRes = 128.0
13.4955 	EXP 	noPeriphery: texRes = 128.0
13.6282 	EXP 	hasPeriphery: texRes = 128.0
13.6282 	EXP 	noPeriphery: texRes = 128.0
13.7623 	EXP 	hasPeriphery: texRes = 128.0
13.7623 	EXP 	noPeriphery: texRes = 128.0
13.9111 	EXP 	hasPeriphery: texRes = 128.0
13.9111 	EXP 	noPeriphery: texRes = 128.0
14.0452 	EXP 	hasPeriphery: texRes = 128.0
14.0452 	EXP 	noPeriphery: texRes = 128.0
14.1785 	EXP 	hasPeriphery: texRes = 128.0
14.1785 	EXP 	noPeriphery: texRes = 128.0
14.3124 	EXP 	hasPeriphery: texRes = 128.0
14.3124 	EXP 	noPeriphery: texRes = 128.0
14.4617 	EXP 	hasPeriphery: texRes = 128.0
14.4617 	EXP 	noPeriphery: texRes = 128.0
14.5950 	EXP 	hasPeriphery: texRes = 128.0
14.5950 	EXP 	noPeriphery: texRes = 128.0
14.7287 	EXP 	hasPeriphery: texRes = 128.0
14.7287 	EXP 	noPeriphery: texRes = 128.0
14.8779 	EXP 	hasPeriphery: texRes = 128.0
14.8779 	EXP 	noPeriphery: texRes = 128.0
15.0112 	EXP 	hasPeriphery: texRes = 128.0
15.0112 	EXP 	noPeriphery: texRes = 128.0
15.1445 	EXP 	hasPeriphery: texRes = 128.0
15.1445 	EXP 	noPeriphery: texRes = 128.0
15.2774 	EXP 	hasPeriphery: texRes = 128.0
15.2774 	EXP 	noPeriphery: texRes = 128.0
15.4113 	EXP 	hasPeriphery: texRes = 128.0
15.4113 	EXP 	noPeriphery: texRes = 128.0
15.5448 	EXP 	hasPeriphery: texRes = 128.0
15.5448 	EXP 	noPeriphery: texRes = 128.0
15.6775 	EXP 	hasPeriphery: texRes = 128.0
15.6775 	EXP 	noPeriphery: texRes = 128.0
15.7646 	EXP 	New trial (rep=0, index=1): {'startImage': 'C:\\Users\\hesselmann\\Desktop\\PsychoPyUniformityIllusion\\UniformityIllusionPsychoPy\\Pics\\1start.png', 'midImage': 'C:\\Users\\hesselmann\\Desktop\\PsychoPyUniformityIllusion\\UniformityIllusionPsychoPy\\Pics\\1a.png', 'endImage': 'C:\\Users\\hesselmann\\Desktop\\PsychoPyUniformityIllusion\\UniformityIllusionPsychoPy\\Pics\\1b.png', 'AB': 'b'}
15.9377 	DATA 	Keypress: space
15.9783 	EXP 	hasPeriphery: texRes = 128.0
15.9783 	EXP 	noPeriphery: texRes = 128.0
15.9783 	EXP 	hasPeriphery: autoDraw = False
15.9783 	EXP 	noPeriphery: autoDraw = False
15.9783 	EXP 	blank_screen: autoDraw = False
15.9783 	EXP 	text: autoDraw = False
15.9783 	EXP 	hasPeriphery: size = array([1.77777778, 1.        ])
15.9783 	EXP 	hasPeriphery: image = 'C:\\Users\\hesselmann\\Desktop\\PsychoPyUniformityIllusion\\UniformityIllusionPsychoPy\\Pics\\1b.png'
15.9783 	EXP 	noPeriphery: size = array([1.77777778, 1.        ])
15.9783 	EXP 	noPeriphery: image = 'C:\\Users\\hesselmann\\Desktop\\PsychoPyUniformityIllusion\\UniformityIllusionPsychoPy\\Pics\\1start.png'
15.9783 	EXP 	hasPeriphery: autoDraw = True
15.9783 	EXP 	hasPeriphery: texRes = 128.0
15.9783 	EXP 	noPeriphery: autoDraw = True
15.9783 	EXP 	noPeriphery: texRes = 128.0
15.9783 	EXP 	text: autoDraw = True
16.1111 	EXP 	hasPeriphery: texRes = 128.0
16.1111 	EXP 	noPeriphery: texRes = 128.0
16.2612 	EXP 	hasPeriphery: texRes = 128.0
16.2612 	EXP 	noPeriphery: texRes = 128.0
16.2612 	EXP 	blank_screen: autoDraw = True
16.3943 	EXP 	hasPeriphery: texRes = 128.0
16.3943 	EXP 	noPeriphery: texRes = 128.0
16.3943 	EXP 	blank_screen: autoDraw = False
16.5282 	EXP 	hasPeriphery: texRes = 128.0
16.5282 	EXP 	noPeriphery: texRes = 128.0
16.6780 	EXP 	hasPeriphery: texRes = 128.0
16.6780 	EXP 	noPeriphery: texRes = 128.0
16.6780 	EXP 	blank_screen: autoDraw = True
16.8275 	EXP 	hasPeriphery: texRes = 128.0
16.8275 	EXP 	noPeriphery: texRes = 128.0
16.8275 	EXP 	blank_screen: autoDraw = False
16.9942 	EXP 	hasPeriphery: texRes = 128.0
16.9942 	EXP 	noPeriphery: texRes = 128.0
16.9942 	EXP 	blank_screen: autoDraw = True
17.1279 	EXP 	hasPeriphery: texRes = 128.0
17.1279 	EXP 	noPeriphery: texRes = 128.0
17.1279 	EXP 	blank_screen: autoDraw = False
17.2778 	EXP 	hasPeriphery: texRes = 128.0
17.2778 	EXP 	noPeriphery: texRes = 128.0
17.4271 	EXP 	hasPeriphery: texRes = 128.0
17.4271 	EXP 	noPeriphery: texRes = 128.0
17.4271 	EXP 	blank_screen: autoDraw = True
17.5608 	EXP 	hasPeriphery: texRes = 128.0
17.5608 	EXP 	noPeriphery: texRes = 128.0
17.5608 	EXP 	blank_screen: autoDraw = False
17.6936 	EXP 	hasPeriphery: texRes = 128.0
17.6936 	EXP 	noPeriphery: texRes = 128.0
17.8445 	EXP 	hasPeriphery: texRes = 128.0
17.8445 	EXP 	noPeriphery: texRes = 128.0
17.9773 	EXP 	hasPeriphery: texRes = 128.0
17.9773 	EXP 	noPeriphery: texRes = 128.0
18.1113 	EXP 	hasPeriphery: texRes = 128.0
18.1113 	EXP 	noPeriphery: texRes = 128.0
18.2441 	EXP 	hasPeriphery: texRes = 128.0
18.2441 	EXP 	noPeriphery: texRes = 128.0
18.3773 	EXP 	hasPeriphery: texRes = 128.0
18.3773 	EXP 	noPeriphery: texRes = 128.0
18.5101 	EXP 	hasPeriphery: texRes = 128.0
18.5101 	EXP 	noPeriphery: texRes = 128.0
18.6440 	EXP 	hasPeriphery: texRes = 128.0
18.6440 	EXP 	noPeriphery: texRes = 128.0
18.7768 	EXP 	hasPeriphery: texRes = 128.0
18.7768 	EXP 	noPeriphery: texRes = 128.0
18.9107 	EXP 	hasPeriphery: texRes = 128.0
18.9107 	EXP 	noPeriphery: texRes = 128.0
19.0438 	EXP 	hasPeriphery: texRes = 128.0
19.0438 	EXP 	noPeriphery: texRes = 128.0
19.1774 	EXP 	hasPeriphery: texRes = 128.0
19.1774 	EXP 	noPeriphery: texRes = 128.0
19.3104 	EXP 	hasPeriphery: texRes = 128.0
19.3104 	EXP 	noPeriphery: texRes = 128.0
19.4443 	EXP 	hasPeriphery: texRes = 128.0
19.4443 	EXP 	noPeriphery: texRes = 128.0
19.5939 	EXP 	hasPeriphery: texRes = 128.0
19.5939 	EXP 	noPeriphery: texRes = 128.0
19.7273 	EXP 	hasPeriphery: texRes = 128.0
19.7273 	EXP 	noPeriphery: texRes = 128.0
19.8772 	EXP 	hasPeriphery: texRes = 128.0
19.8772 	EXP 	noPeriphery: texRes = 128.0
20.0104 	EXP 	hasPeriphery: texRes = 128.0
20.0104 	EXP 	noPeriphery: texRes = 128.0
20.1437 	EXP 	hasPeriphery: texRes = 128.0
20.1437 	EXP 	noPeriphery: texRes = 128.0
20.2769 	EXP 	hasPeriphery: texRes = 128.0
20.2769 	EXP 	noPeriphery: texRes = 128.0
20.4103 	EXP 	hasPeriphery: texRes = 128.0
20.4103 	EXP 	noPeriphery: texRes = 128.0
20.5440 	EXP 	hasPeriphery: texRes = 128.0
20.5440 	EXP 	noPeriphery: texRes = 128.0
20.6771 	EXP 	hasPeriphery: texRes = 128.0
20.6771 	EXP 	noPeriphery: texRes = 128.0
20.8103 	EXP 	hasPeriphery: texRes = 128.0
20.8103 	EXP 	noPeriphery: texRes = 128.0
20.9434 	EXP 	hasPeriphery: texRes = 128.0
20.9434 	EXP 	noPeriphery: texRes = 128.0
21.0767 	EXP 	hasPeriphery: texRes = 128.0
21.0767 	EXP 	noPeriphery: texRes = 128.0
21.2107 	EXP 	hasPeriphery: texRes = 128.0
21.2107 	EXP 	noPeriphery: texRes = 128.0
21.3435 	EXP 	hasPeriphery: texRes = 128.0
21.3435 	EXP 	noPeriphery: texRes = 128.0
21.4762 	EXP 	hasPeriphery: texRes = 128.0
21.4762 	EXP 	noPeriphery: texRes = 128.0
21.6103 	EXP 	hasPeriphery: texRes = 128.0
21.6103 	EXP 	noPeriphery: texRes = 128.0
21.7428 	EXP 	hasPeriphery: texRes = 128.0
21.7428 	EXP 	noPeriphery: texRes = 128.0
21.8761 	EXP 	hasPeriphery: texRes = 128.0
21.8761 	EXP 	noPeriphery: texRes = 128.0
22.0261 	EXP 	hasPeriphery: texRes = 128.0
22.0261 	EXP 	noPeriphery: texRes = 128.0
22.1598 	EXP 	hasPeriphery: texRes = 128.0
22.1598 	EXP 	noPeriphery: texRes = 128.0
22.2936 	EXP 	hasPeriphery: texRes = 128.0
22.2936 	EXP 	noPeriphery: texRes = 128.0
22.4270 	EXP 	hasPeriphery: texRes = 128.0
22.4270 	EXP 	noPeriphery: texRes = 128.0
22.5761 	EXP 	hasPeriphery: texRes = 128.0
22.5761 	EXP 	noPeriphery: texRes = 128.0
22.7268 	EXP 	hasPeriphery: texRes = 128.0
22.7268 	EXP 	noPeriphery: texRes = 128.0
22.8603 	EXP 	hasPeriphery: texRes = 128.0
22.8603 	EXP 	noPeriphery: texRes = 128.0
23.0096 	EXP 	hasPeriphery: texRes = 128.0
23.0096 	EXP 	noPeriphery: texRes = 128.0
23.1434 	EXP 	hasPeriphery: texRes = 128.0
23.1434 	EXP 	noPeriphery: texRes = 128.0
23.2926 	EXP 	hasPeriphery: texRes = 128.0
23.2926 	EXP 	noPeriphery: texRes = 128.0
23.4425 	EXP 	hasPeriphery: texRes = 128.0
23.4425 	EXP 	noPeriphery: texRes = 128.0
23.5764 	EXP 	hasPeriphery: texRes = 128.0
23.5764 	EXP 	noPeriphery: texRes = 128.0
23.6802 	EXP 	New trial (rep=0, index=2): {'startImage': 'C:\\Users\\hesselmann\\Desktop\\PsychoPyUniformityIllusion\\UniformityIllusionPsychoPy\\Pics\\2start.png', 'midImage': 'C:\\Users\\hesselmann\\Desktop\\PsychoPyUniformityIllusion\\UniformityIllusionPsychoPy\\Pics\\2a.png', 'endImage': 'C:\\Users\\hesselmann\\Desktop\\PsychoPyUniformityIllusion\\UniformityIllusionPsychoPy\\Pics\\2a.png', 'AB': 'a'}
23.8149 	DATA 	Keypress: space
23.8595 	EXP 	hasPeriphery: texRes = 128.0
23.8595 	EXP 	noPeriphery: texRes = 128.0
23.8595 	EXP 	hasPeriphery: autoDraw = False
23.8595 	EXP 	noPeriphery: autoDraw = False
23.8595 	EXP 	blank_screen: autoDraw = False
23.8595 	EXP 	text: autoDraw = False
23.8595 	EXP 	hasPeriphery: size = array([1.77777778, 1.        ])
23.8595 	EXP 	hasPeriphery: image = 'C:\\Users\\hesselmann\\Desktop\\PsychoPyUniformityIllusion\\UniformityIllusionPsychoPy\\Pics\\2a.png'
23.8595 	EXP 	noPeriphery: size = array([1.77777778, 1.        ])
23.8595 	EXP 	noPeriphery: image = 'C:\\Users\\hesselmann\\Desktop\\PsychoPyUniformityIllusion\\UniformityIllusionPsychoPy\\Pics\\2start.png'
23.8595 	EXP 	hasPeriphery: autoDraw = True
23.8595 	EXP 	hasPeriphery: texRes = 128.0
23.8595 	EXP 	noPeriphery: autoDraw = True
23.8595 	EXP 	noPeriphery: texRes = 128.0
23.8595 	EXP 	text: autoDraw = True
23.9772 	EXP 	hasPeriphery: texRes = 128.0
23.9772 	EXP 	noPeriphery: texRes = 128.0
24.1105 	EXP 	hasPeriphery: texRes = 128.0
24.1105 	EXP 	noPeriphery: texRes = 128.0
24.1105 	EXP 	blank_screen: autoDraw = True
24.2260 	EXP 	hasPeriphery: texRes = 128.0
24.2260 	EXP 	noPeriphery: texRes = 128.0
24.2260 	EXP 	blank_screen: autoDraw = False
24.3425 	EXP 	hasPeriphery: texRes = 128.0
24.3425 	EXP 	noPeriphery: texRes = 128.0
24.4764 	EXP 	hasPeriphery: texRes = 128.0
24.4764 	EXP 	noPeriphery: texRes = 128.0
24.4764 	EXP 	blank_screen: autoDraw = True
24.5935 	EXP 	hasPeriphery: texRes = 128.0
24.5935 	EXP 	noPeriphery: texRes = 128.0
24.5935 	EXP 	blank_screen: autoDraw = False
24.7260 	EXP 	hasPeriphery: texRes = 128.0
24.7260 	EXP 	noPeriphery: texRes = 128.0
24.7260 	EXP 	blank_screen: autoDraw = True
24.8431 	EXP 	hasPeriphery: texRes = 128.0
24.8431 	EXP 	noPeriphery: texRes = 128.0
24.8431 	EXP 	blank_screen: autoDraw = False
24.9760 	EXP 	hasPeriphery: texRes = 128.0
24.9760 	EXP 	noPeriphery: texRes = 128.0
25.1097 	EXP 	hasPeriphery: texRes = 128.0
25.1097 	EXP 	noPeriphery: texRes = 128.0
25.1097 	EXP 	blank_screen: autoDraw = True
25.2264 	EXP 	hasPeriphery: texRes = 128.0
25.2264 	EXP 	noPeriphery: texRes = 128.0
25.2264 	EXP 	blank_screen: autoDraw = False
25.3429 	EXP 	hasPeriphery: texRes = 128.0
25.3429 	EXP 	noPeriphery: texRes = 128.0
25.4588 	EXP 	hasPeriphery: texRes = 128.0
25.4588 	EXP 	noPeriphery: texRes = 128.0
25.5764 	EXP 	hasPeriphery: texRes = 128.0
25.5764 	EXP 	noPeriphery: texRes = 128.0
25.7088 	EXP 	hasPeriphery: texRes = 128.0
25.7088 	EXP 	noPeriphery: texRes = 128.0
25.8261 	EXP 	hasPeriphery: texRes = 128.0
25.8261 	EXP 	noPeriphery: texRes = 128.0
25.9421 	EXP 	hasPeriphery: texRes = 128.0
25.9421 	EXP 	noPeriphery: texRes = 128.0
26.0589 	EXP 	hasPeriphery: texRes = 128.0
26.0589 	EXP 	noPeriphery: texRes = 128.0
26.1924 	EXP 	hasPeriphery: texRes = 128.0
26.1924 	EXP 	noPeriphery: texRes = 128.0
26.3094 	EXP 	hasPeriphery: texRes = 128.0
26.3094 	EXP 	noPeriphery: texRes = 128.0
26.4256 	EXP 	hasPeriphery: texRes = 128.0
26.4256 	EXP 	noPeriphery: texRes = 128.0
26.5427 	EXP 	hasPeriphery: texRes = 128.0
26.5427 	EXP 	noPeriphery: texRes = 128.0
26.6591 	EXP 	hasPeriphery: texRes = 128.0
26.6591 	EXP 	noPeriphery: texRes = 128.0
26.7756 	EXP 	hasPeriphery: texRes = 128.0
26.7756 	EXP 	noPeriphery: texRes = 128.0
26.8926 	EXP 	hasPeriphery: texRes = 128.0
26.8926 	EXP 	noPeriphery: texRes = 128.0
27.0261 	EXP 	hasPeriphery: texRes = 128.0
27.0261 	EXP 	noPeriphery: texRes = 128.0
27.1585 	EXP 	hasPeriphery: texRes = 128.0
27.1585 	EXP 	noPeriphery: texRes = 128.0
27.2921 	EXP 	hasPeriphery: texRes = 128.0
27.2921 	EXP 	noPeriphery: texRes = 128.0
27.4098 	EXP 	hasPeriphery: texRes = 128.0
27.4098 	EXP 	noPeriphery: texRes = 128.0
27.5422 	EXP 	hasPeriphery: texRes = 128.0
27.5422 	EXP 	noPeriphery: texRes = 128.0
27.6589 	EXP 	hasPeriphery: texRes = 128.0
27.6589 	EXP 	noPeriphery: texRes = 128.0
27.7754 	EXP 	hasPeriphery: texRes = 128.0
27.7754 	EXP 	noPeriphery: texRes = 128.0
27.9088 	EXP 	hasPeriphery: texRes = 128.0
27.9088 	EXP 	noPeriphery: texRes = 128.0
28.0258 	EXP 	hasPeriphery: texRes = 128.0
28.0258 	EXP 	noPeriphery: texRes = 128.0
28.1583 	EXP 	hasPeriphery: texRes = 128.0
28.1583 	EXP 	noPeriphery: texRes = 128.0
28.2749 	EXP 	hasPeriphery: texRes = 128.0
28.2749 	EXP 	noPeriphery: texRes = 128.0
28.3930 	EXP 	hasPeriphery: texRes = 128.0
28.3930 	EXP 	noPeriphery: texRes = 128.0
28.5250 	EXP 	hasPeriphery: texRes = 128.0
28.5250 	EXP 	noPeriphery: texRes = 128.0
28.6582 	EXP 	hasPeriphery: texRes = 128.0
28.6582 	EXP 	noPeriphery: texRes = 128.0
28.7757 	EXP 	hasPeriphery: texRes = 128.0
28.7757 	EXP 	noPeriphery: texRes = 128.0
28.8924 	EXP 	hasPeriphery: texRes = 128.0
28.8924 	EXP 	noPeriphery: texRes = 128.0
29.0080 	EXP 	hasPeriphery: texRes = 128.0
29.0080 	EXP 	noPeriphery: texRes = 128.0
29.1422 	EXP 	hasPeriphery: texRes = 128.0
29.1422 	EXP 	noPeriphery: texRes = 128.0
29.2581 	EXP 	hasPeriphery: texRes = 128.0
29.2581 	EXP 	noPeriphery: texRes = 128.0
29.3276 	EXP 	New trial (rep=0, index=3): {'startImage': 'C:\\Users\\hesselmann\\Desktop\\PsychoPyUniformityIllusion\\UniformityIllusionPsychoPy\\Pics\\2start.png', 'midImage': 'C:\\Users\\hesselmann\\Desktop\\PsychoPyUniformityIllusion\\UniformityIllusionPsychoPy\\Pics\\2a.png', 'endImage': 'C:\\Users\\hesselmann\\Desktop\\PsychoPyUniformityIllusion\\UniformityIllusionPsychoPy\\Pics\\2b.png', 'AB': 'b'}
29.4575 	DATA 	Keypress: space
29.5083 	EXP 	hasPeriphery: texRes = 128.0
29.5083 	EXP 	noPeriphery: texRes = 128.0
29.5083 	EXP 	hasPeriphery: autoDraw = False
29.5083 	EXP 	noPeriphery: autoDraw = False
29.5083 	EXP 	blank_screen: autoDraw = False
29.5083 	EXP 	text: autoDraw = False
29.5083 	EXP 	hasPeriphery: size = array([1.77777778, 1.        ])
29.5083 	EXP 	hasPeriphery: image = 'C:\\Users\\hesselmann\\Desktop\\PsychoPyUniformityIllusion\\UniformityIllusionPsychoPy\\Pics\\2b.png'
29.5083 	EXP 	noPeriphery: size = array([1.77777778, 1.        ])
29.5083 	EXP 	noPeriphery: image = 'C:\\Users\\hesselmann\\Desktop\\PsychoPyUniformityIllusion\\UniformityIllusionPsychoPy\\Pics\\2start.png'
29.5083 	EXP 	hasPeriphery: autoDraw = True
29.5083 	EXP 	hasPeriphery: texRes = 128.0
29.5083 	EXP 	noPeriphery: autoDraw = True
29.5083 	EXP 	noPeriphery: texRes = 128.0
29.5083 	EXP 	text: autoDraw = True
29.6260 	EXP 	hasPeriphery: texRes = 128.0
29.6260 	EXP 	noPeriphery: texRes = 128.0
29.7583 	EXP 	hasPeriphery: texRes = 128.0
29.7583 	EXP 	noPeriphery: texRes = 128.0
29.7583 	EXP 	blank_screen: autoDraw = True
29.8752 	EXP 	hasPeriphery: texRes = 128.0
29.8752 	EXP 	noPeriphery: texRes = 128.0
29.8752 	EXP 	blank_screen: autoDraw = False
30.0083 	EXP 	hasPeriphery: texRes = 128.0
30.0083 	EXP 	noPeriphery: texRes = 128.0
30.1415 	EXP 	hasPeriphery: texRes = 128.0
30.1415 	EXP 	noPeriphery: texRes = 128.0
30.1415 	EXP 	blank_screen: autoDraw = True
30.2584 	EXP 	hasPeriphery: texRes = 128.0
30.2584 	EXP 	noPeriphery: texRes = 128.0
30.2584 	EXP 	blank_screen: autoDraw = False
30.3916 	EXP 	hasPeriphery: texRes = 128.0
30.3916 	EXP 	noPeriphery: texRes = 128.0
30.3916 	EXP 	blank_screen: autoDraw = True
30.5085 	EXP 	hasPeriphery: texRes = 128.0
30.5085 	EXP 	noPeriphery: texRes = 128.0
30.5085 	EXP 	blank_screen: autoDraw = False
30.6249 	EXP 	hasPeriphery: texRes = 128.0
30.6249 	EXP 	noPeriphery: texRes = 128.0
30.7417 	EXP 	hasPeriphery: texRes = 128.0
30.7417 	EXP 	noPeriphery: texRes = 128.0
30.7417 	EXP 	blank_screen: autoDraw = True
30.8580 	EXP 	hasPeriphery: texRes = 128.0
30.8580 	EXP 	noPeriphery: texRes = 128.0
30.8580 	EXP 	blank_screen: autoDraw = False
30.9751 	EXP 	hasPeriphery: texRes = 128.0
30.9751 	EXP 	noPeriphery: texRes = 128.0
31.0911 	EXP 	hasPeriphery: texRes = 128.0
31.0911 	EXP 	noPeriphery: texRes = 128.0
31.2080 	EXP 	hasPeriphery: texRes = 128.0
31.2080 	EXP 	noPeriphery: texRes = 128.0
31.3256 	EXP 	hasPeriphery: texRes = 128.0
31.3256 	EXP 	noPeriphery: texRes = 128.0
31.4409 	EXP 	hasPeriphery: texRes = 128.0
31.4409 	EXP 	noPeriphery: texRes = 128.0
31.5581 	EXP 	hasPeriphery: texRes = 128.0
31.5581 	EXP 	noPeriphery: texRes = 128.0
31.6908 	EXP 	hasPeriphery: texRes = 128.0
31.6908 	EXP 	noPeriphery: texRes = 128.0
31.8079 	EXP 	hasPeriphery: texRes = 128.0
31.8079 	EXP 	noPeriphery: texRes = 128.0
31.9243 	EXP 	hasPeriphery: texRes = 128.0
31.9243 	EXP 	noPeriphery: texRes = 128.0
32.0410 	EXP 	hasPeriphery: texRes = 128.0
32.0410 	EXP 	noPeriphery: texRes = 128.0
32.1585 	EXP 	hasPeriphery: texRes = 128.0
32.1585 	EXP 	noPeriphery: texRes = 128.0
32.2915 	EXP 	hasPeriphery: texRes = 128.0
32.2915 	EXP 	noPeriphery: texRes = 128.0
32.4078 	EXP 	hasPeriphery: texRes = 128.0
32.4078 	EXP 	noPeriphery: texRes = 128.0
32.5244 	EXP 	hasPeriphery: texRes = 128.0
32.5244 	EXP 	noPeriphery: texRes = 128.0
32.6407 	EXP 	hasPeriphery: texRes = 128.0
32.6407 	EXP 	noPeriphery: texRes = 128.0
32.7585 	EXP 	hasPeriphery: texRes = 128.0
32.7585 	EXP 	noPeriphery: texRes = 128.0
32.8258 	EXP 	New trial (rep=0, index=4): {'startImage': 'C:\\Users\\hesselmann\\Desktop\\PsychoPyUniformityIllusion\\UniformityIllusionPsychoPy\\Pics\\3start.png', 'midImage': 'C:\\Users\\hesselmann\\Desktop\\PsychoPyUniformityIllusion\\UniformityIllusionPsychoPy\\Pics\\3a.png', 'endImage': 'C:\\Users\\hesselmann\\Desktop\\PsychoPyUniformityIllusion\\UniformityIllusionPsychoPy\\Pics\\3a.png', 'AB': 'a'}
32.9696 	DATA 	Keypress: space
33.0079 	EXP 	hasPeriphery: texRes = 128.0
33.0079 	EXP 	noPeriphery: texRes = 128.0
33.0079 	EXP 	hasPeriphery: autoDraw = False
33.0079 	EXP 	noPeriphery: autoDraw = False
33.0079 	EXP 	blank_screen: autoDraw = False
33.0079 	EXP 	text: autoDraw = False
33.0079 	EXP 	hasPeriphery: size = array([1.77777778, 1.        ])
33.0079 	EXP 	hasPeriphery: image = 'C:\\Users\\hesselmann\\Desktop\\PsychoPyUniformityIllusion\\UniformityIllusionPsychoPy\\Pics\\3a.png'
33.0079 	EXP 	noPeriphery: size = array([1.77777778, 1.        ])
33.0079 	EXP 	noPeriphery: image = 'C:\\Users\\hesselmann\\Desktop\\PsychoPyUniformityIllusion\\UniformityIllusionPsychoPy\\Pics\\3start.png'
33.0079 	EXP 	hasPeriphery: autoDraw = True
33.0079 	EXP 	hasPeriphery: texRes = 128.0
33.0079 	EXP 	noPeriphery: autoDraw = True
33.0079 	EXP 	noPeriphery: texRes = 128.0
33.0079 	EXP 	text: autoDraw = True
33.1411 	EXP 	hasPeriphery: texRes = 128.0
33.1411 	EXP 	noPeriphery: texRes = 128.0
33.2746 	EXP 	hasPeriphery: texRes = 128.0
33.2746 	EXP 	noPeriphery: texRes = 128.0
33.2746 	EXP 	blank_screen: autoDraw = True
33.3913 	EXP 	hasPeriphery: texRes = 128.0
33.3913 	EXP 	noPeriphery: texRes = 128.0
33.3913 	EXP 	blank_screen: autoDraw = False
33.5076 	EXP 	hasPeriphery: texRes = 128.0
33.5076 	EXP 	noPeriphery: texRes = 128.0
33.6416 	EXP 	hasPeriphery: texRes = 128.0
33.6416 	EXP 	noPeriphery: texRes = 128.0
33.6416 	EXP 	blank_screen: autoDraw = True
33.7583 	EXP 	hasPeriphery: texRes = 128.0
33.7583 	EXP 	noPeriphery: texRes = 128.0
33.7583 	EXP 	blank_screen: autoDraw = False
33.8904 	EXP 	hasPeriphery: texRes = 128.0
33.8904 	EXP 	noPeriphery: texRes = 128.0
33.8904 	EXP 	blank_screen: autoDraw = True
34.0074 	EXP 	hasPeriphery: texRes = 128.0
34.0074 	EXP 	noPeriphery: texRes = 128.0
34.0074 	EXP 	blank_screen: autoDraw = False
34.1245 	EXP 	hasPeriphery: texRes = 128.0
34.1245 	EXP 	noPeriphery: texRes = 128.0
34.2576 	EXP 	hasPeriphery: texRes = 128.0
34.2576 	EXP 	noPeriphery: texRes = 128.0
34.2576 	EXP 	blank_screen: autoDraw = True
34.3737 	EXP 	hasPeriphery: texRes = 128.0
34.3737 	EXP 	noPeriphery: texRes = 128.0
34.3737 	EXP 	blank_screen: autoDraw = False
34.4904 	EXP 	hasPeriphery: texRes = 128.0
34.4904 	EXP 	noPeriphery: texRes = 128.0
34.6072 	EXP 	hasPeriphery: texRes = 128.0
34.6072 	EXP 	noPeriphery: texRes = 128.0
34.7236 	EXP 	hasPeriphery: texRes = 128.0
34.7236 	EXP 	noPeriphery: texRes = 128.0
34.8415 	EXP 	hasPeriphery: texRes = 128.0
34.8415 	EXP 	noPeriphery: texRes = 128.0
34.9573 	EXP 	hasPeriphery: texRes = 128.0
34.9573 	EXP 	noPeriphery: texRes = 128.0
35.0736 	EXP 	hasPeriphery: texRes = 128.0
35.0736 	EXP 	noPeriphery: texRes = 128.0
35.1906 	EXP 	hasPeriphery: texRes = 128.0
35.1906 	EXP 	noPeriphery: texRes = 128.0
35.3068 	EXP 	hasPeriphery: texRes = 128.0
35.3068 	EXP 	noPeriphery: texRes = 128.0
35.4238 	EXP 	hasPeriphery: texRes = 128.0
35.4238 	EXP 	noPeriphery: texRes = 128.0
35.5411 	EXP 	hasPeriphery: texRes = 128.0
35.5411 	EXP 	noPeriphery: texRes = 128.0
35.6734 	EXP 	hasPeriphery: texRes = 128.0
35.6734 	EXP 	noPeriphery: texRes = 128.0
35.7905 	EXP 	hasPeriphery: texRes = 128.0
35.7905 	EXP 	noPeriphery: texRes = 128.0
35.9236 	EXP 	hasPeriphery: texRes = 128.0
35.9236 	EXP 	noPeriphery: texRes = 128.0
36.0567 	EXP 	hasPeriphery: texRes = 128.0
36.0567 	EXP 	noPeriphery: texRes = 128.0
36.1741 	EXP 	hasPeriphery: texRes = 128.0
36.1741 	EXP 	noPeriphery: texRes = 128.0
36.2910 	EXP 	hasPeriphery: texRes = 128.0
36.2910 	EXP 	noPeriphery: texRes = 128.0
36.4236 	EXP 	hasPeriphery: texRes = 128.0
36.4236 	EXP 	noPeriphery: texRes = 128.0
36.5019 	DATA 	Keypress: escape
36.5408 	EXP 	hasPeriphery: texRes = 128.0
36.5408 	EXP 	noPeriphery: texRes = 128.0
36.7264 	EXP 	window1: mouseVisible = True
