1.0072 	WARNING 	We strongly recommend you activate the PTB sound engine in PsychoPy prefs as the preferred audio engine. Its timing is vastly superior. Your prefs are currently set to use ['sounddevice', 'PTB', 'pyo', 'pygame'] (in that order).
6.3785 	EXP 	Created window1 = Window(allowGUI=False, allowStencil=False, autoLog=True, backendConf=UNKNOWN, bitsMode=UNKNOWN, blendMode='avg', bpc=(8, 8, 8), color=array([0, 0, 0]), colorSpace='rgb', depthBits=8, fullscr=<method-wrapper '__getattribute__' of attributeSetter object at 0x000001E6A5873EF0>, gamma=None, gammaErrorPolicy='raise', lms=UNKNOWN, monitor=<psychopy.monitors.calibTools.Monitor object at 0x000001E6A5795588>, multiSample=False, name='window1', numSamples=2, pos=[0.0, 0.0], screen=0, size=array([1920, 1080]), stencilBits=0, stereo=False, units='height', useFBO=True, useRetina=False, viewOri=0.0, viewPos=None, viewScale=None, waitBlanking=True, winType='pyglet')
6.3787 	EXP 	window1: mouseVisible = True
6.3787 	EXP 	window1: recordFrameIntervals = False
6.5443 	EXP 	window1: recordFrameIntervals = True
6.5830 	WARNING 	t of last frame was 21.65ms (=1/46)
6.7612 	EXP 	window1: recordFrameIntervals = False
7.1397 	EXP 	Created WelcomeText = TextStim(__class__=<class 'psychopy.visual.text.TextStim'>, alignHoriz=method-wrapper(...), alignText='center', alignVert=method-wrapper(...), anchorHoriz='center', anchorVert='center', antialias=True, autoLog=True, bold=False, color=array([1, 1, 1]), colorSpace='rgb', contrast=1.0, depth=0.0, flipHoriz=False, flipVert=False, font='Open Sans', fontFiles=[], height=0.1, italic=False, languageStyle='LTR', name='WelcomeText', opacity=1, ori=0.0, pos=array([0., 0.]), rgb=UNKNOWN, text='Welcome to our Study!', units='height', win=Window(...), wrapWidth=1)
7.1580 	EXP 	Imported depression.xlsx as conditions, 2 conditions, 12 params
7.1594 	EXP 	Question text: Sadness
7.1813 	EXP 	window1: mouseVisible = True
7.2120 	EXP 	Question text: Pessimism
7.2196 	EXP 	window1: mouseVisible = True
7.2419 	EXP 	window1: mouseVisible = True
7.2461 	EXP 	Created unnamed Rect = Rect(__class__=<class 'psychopy.visual.rect.Rect'>, autoDraw=False, autoLog=True, closeShape=True, color=method-wrapper(...), colorSpace='rgb', contrast=None, depth=0, fillColor=array([0, 0, 0]), fillColorSpace='rgb', fillRGB=UNKNOWN, interpolate=True, lineColor=array([0, 0, 0]), lineColorSpace='rgb', lineRGB=UNKNOWN, lineWidth=1.5, name='unnamed Rect', opacity=0, ori=0.0, pos=array([0., 0.]), size=array([0., 0.]), units='height', vertices=ndarray(...), win=Window(...))
7.2535 	EXP 	Created DepressionQuestionnaire = <psychopy.visual.form.Form object at 0x000001E6A82B5390>
7.2770 	EXP 	window1: mouseVisible = True
7.3204 	EXP 	Created instructionsText = TextStim(__class__=<class 'psychopy.visual.text.TextStim'>, alignHoriz=method-wrapper(...), alignText='center', alignVert=method-wrapper(...), anchorHoriz='center', anchorVert='center', antialias=True, autoLog=True, bold=False, color=array([1, 1, 1]), colorSpace='rgb', contrast=1.0, depth=0.0, flipHoriz=False, flipVert=False, font='Open Sans', fontFiles=[], height=0.04, italic=False, languageStyle='LTR', name='instructionsText', opacity=1, ori=0.0, pos=array([0., 0.]), rgb=UNKNOWN, text=str(...), units='height', win=Window(...), wrapWidth=1)
7.3236 	EXP 	Created hasPeriphery = ImageStim(__class__=<class 'psychopy.visual.image.ImageStim'>, autoLog=True, color=array([1, 1, 1]), colorSpace='rgb', contrast=1.0, depth=-1.0, flipHoriz=False, flipVert=False, image='sin', interpolate=True, mask=None, maskParams=None, name='hasPeriphery', opacity=1.0, ori=0.0, pos=array([0., 0.]), size=array([0.5, 0.5]), texRes=128.0, units='height', win=Window(...))
7.3261 	EXP 	Created noPeriphery = ImageStim(__class__=<class 'psychopy.visual.image.ImageStim'>, autoLog=True, color=array([1, 1, 1]), colorSpace='rgb', contrast=1.0, depth=-3.0, flipHoriz=False, flipVert=False, image='sin', interpolate=True, mask=None, maskParams=None, name='noPeriphery', opacity=1.0, ori=0.0, pos=array([0., 0.]), size=array([0.5, 0.5]), texRes=128.0, units='height', win=Window(...))
7.3284 	EXP 	Created final = ImageStim(__class__=<class 'psychopy.visual.image.ImageStim'>, autoLog=True, color=array([1, 1, 1]), colorSpace='rgb', contrast=1.0, depth=-4.0, flipHoriz=False, flipVert=False, image='sin', interpolate=True, mask=None, maskParams=None, name='final', opacity=1.0, ori=0.0, pos=array([0., 0.]), size=array([0.5, 0.5]), texRes=128.0, units='height', win=Window(...))
7.3295 	EXP 	Created blank_screen = Rect(__class__=<class 'psychopy.visual.rect.Rect'>, autoDraw=False, autoLog=True, closeShape=True, color=method-wrapper(...), colorSpace='rgb', contrast=None, depth=-5.0, fillColor=array([1, 1, 1]), fillColorSpace='rgb', fillRGB=UNKNOWN, interpolate=True, lineColor=array([1, 1, 1]), lineColorSpace='rgb', lineRGB=UNKNOWN, lineWidth=1.0, name='blank_screen', opacity=1.0, ori=0.0, pos=array([0., 0.]), size=array([2., 2.]), units='height', vertices=ndarray(...), win=Window(...))
7.3355 	EXP 	Created text = TextStim(__class__=<class 'psychopy.visual.text.TextStim'>, alignHoriz=method-wrapper(...), alignText='center', alignVert=method-wrapper(...), anchorHoriz='center', anchorVert='center', antialias=True, autoLog=True, bold=False, color=array([ 1, -1, -1]), colorSpace='rgb', contrast=1.0, depth=-6.0, flipHoriz=False, flipVert=False, font='Open Sans', fontFiles=[], height=0.1, italic=False, languageStyle='LTR', name='text', opacity=1, ori=0.0, pos=array([0., 0.]), rgb=UNKNOWN, text='+', units='height', win=Window(...), wrapWidth=1)
7.3463 	EXP 	Created WelcomeText = TextStim(__class__=<class 'psychopy.visual.text.TextStim'>, alignHoriz=method-wrapper(...), alignText='center', alignVert=method-wrapper(...), anchorHoriz='center', anchorVert='center', antialias=True, autoLog=True, bold=False, color=array([1, 1, 1]), colorSpace='rgb', contrast=1.0, depth=0.0, flipHoriz=False, flipVert=False, font='Open Sans', fontFiles=[], height=0.1, italic=False, languageStyle='LTR', name='WelcomeText', opacity=1, ori=0.0, pos=array([0., 0.]), rgb=UNKNOWN, text='Welcome to our Study!', units='height', win=Window(...), wrapWidth=1)
7.3489 	EXP 	Created hasPeriphery_2 = ImageStim(__class__=<class 'psychopy.visual.image.ImageStim'>, autoLog=True, color=array([1, 1, 1]), colorSpace='rgb', contrast=1.0, depth=-1.0, flipHoriz=False, flipVert=False, image='sin', interpolate=True, mask=None, maskParams=None, name='hasPeriphery_2', opacity=1.0, ori=0.0, pos=array([0., 0.]), size=array([0.5, 0.5]), texRes=128.0, units='height', win=Window(...))
7.3512 	EXP 	Created noPeriphery_2 = ImageStim(__class__=<class 'psychopy.visual.image.ImageStim'>, autoLog=True, color=array([1, 1, 1]), colorSpace='rgb', contrast=1.0, depth=-3.0, flipHoriz=False, flipVert=False, image='sin', interpolate=True, mask=None, maskParams=None, name='noPeriphery_2', opacity=1.0, ori=0.0, pos=array([0., 0.]), size=array([0.5, 0.5]), texRes=128.0, units='height', win=Window(...))
7.3530 	EXP 	Created text_2 = TextStim(__class__=<class 'psychopy.visual.text.TextStim'>, alignHoriz=method-wrapper(...), alignText='center', alignVert=method-wrapper(...), anchorHoriz='center', anchorVert='center', antialias=True, autoLog=True, bold=False, color=array([ 1, -1, -1]), colorSpace='rgb', contrast=1.0, depth=-4.0, flipHoriz=False, flipVert=False, font='Open Sans', fontFiles=[], height=0.1, italic=False, languageStyle='LTR', name='text_2', opacity=1, ori=0.0, pos=array([0., 0.]), rgb=UNKNOWN, text='+', units='height', win=Window(...), wrapWidth=1)
7.3946 	EXP 	unnamed Form: autoLog = True
7.3946 	EXP 	DepressionQuestionnaire: name = 'DepressionQuestionnaire'
7.3946 	EXP 	DepressionQuestionnaire: size = (3.5, 1)
7.3946 	EXP 	DepressionQuestionnaire: size = array([3.5, 1. ])
7.3946 	EXP 	DepressionQuestionnaire: units = 'height'
7.3946 	EXP 	DepressionQuestionnaire: depth = 0
7.3946 	EXP 	WelcomeText: autoDraw = True
9.4109 	EXP 	WelcomeText: autoDraw = False
9.4109 	EXP 	DepressionQuestionnaire: autoDraw = True
10.0819 	DATA 	Mouse: Left button down, pos=(814,85)
10.1447 	EXP 	DepressionQuestionnaire: autoDraw = False
10.1447 	EXP 	instructionsText: autoDraw = True
10.1824 	DATA 	Mouse:  Left button up, pos=(814,85)
10.5171 	DATA 	Keypress: space
10.5589 	EXP 	Imported picPaths.xlsx as conditions, 6 conditions, 4 params
10.5592 	EXP 	Created sequence: sequential, trialTypes=6, nReps=1, seed=None
10.5595 	EXP 	New trial (rep=0, index=0): {'startImage': 'C:\\Users\\hesselmann\\Desktop\\PsychoPyUniformityIllusion\\UniformityIllusionPsychoPy\\Pics\\1start.png', 'midImage': 'C:\\Users\\hesselmann\\Desktop\\PsychoPyUniformityIllusion\\UniformityIllusionPsychoPy\\Pics\\1a.png', 'endImage': 'C:\\Users\\hesselmann\\Desktop\\PsychoPyUniformityIllusion\\UniformityIllusionPsychoPy\\Pics\\1a.png', 'AB': 'a'}
10.8609 	EXP 	instructionsText: autoDraw = False
10.8609 	EXP 	hasPeriphery: size = array([1.77777778, 1.        ])
10.8609 	EXP 	hasPeriphery: image = 'C:\\Users\\hesselmann\\Desktop\\PsychoPyUniformityIllusion\\UniformityIllusionPsychoPy\\Pics\\1a.png'
10.8609 	EXP 	noPeriphery: size = array([1.77777778, 1.        ])
10.8609 	EXP 	noPeriphery: image = 'C:\\Users\\hesselmann\\Desktop\\PsychoPyUniformityIllusion\\UniformityIllusionPsychoPy\\Pics\\1start.png'
10.8609 	EXP 	final: size = array([1.77777778, 1.        ])
10.8609 	EXP 	final: image = 'C:\\Users\\hesselmann\\Desktop\\PsychoPyUniformityIllusion\\UniformityIllusionPsychoPy\\Pics\\1a.png'
10.8609 	EXP 	hasPeriphery: autoDraw = True
10.8609 	EXP 	hasPeriphery: texRes = 128.0
10.8609 	EXP 	noPeriphery: autoDraw = True
10.8609 	EXP 	noPeriphery: texRes = 128.0
10.8609 	EXP 	blank_screen: autoDraw = True
10.8609 	EXP 	text: autoDraw = True
11.0109 	EXP 	hasPeriphery: texRes = 128.0
11.0109 	EXP 	noPeriphery: texRes = 128.0
11.1441 	EXP 	hasPeriphery: texRes = 128.0
11.1441 	EXP 	noPeriphery: texRes = 128.0
11.1441 	EXP 	blank_screen: autoDraw = False
11.2773 	EXP 	hasPeriphery: texRes = 128.0
11.2773 	EXP 	noPeriphery: texRes = 128.0
11.4107 	EXP 	hasPeriphery: texRes = 128.0
11.4107 	EXP 	noPeriphery: texRes = 128.0
11.5442 	EXP 	hasPeriphery: texRes = 128.0
11.5442 	EXP 	noPeriphery: texRes = 128.0
11.6776 	EXP 	hasPeriphery: texRes = 128.0
11.6776 	EXP 	noPeriphery: texRes = 128.0
11.8107 	EXP 	hasPeriphery: texRes = 128.0
11.8107 	EXP 	noPeriphery: texRes = 128.0
11.9442 	EXP 	hasPeriphery: texRes = 128.0
11.9442 	EXP 	noPeriphery: texRes = 128.0
12.0777 	EXP 	hasPeriphery: texRes = 128.0
12.0777 	EXP 	noPeriphery: texRes = 128.0
12.2275 	EXP 	hasPeriphery: texRes = 128.0
12.2275 	EXP 	noPeriphery: texRes = 128.0
12.3605 	EXP 	hasPeriphery: texRes = 128.0
12.3605 	EXP 	noPeriphery: texRes = 128.0
12.4942 	EXP 	hasPeriphery: texRes = 128.0
12.4942 	EXP 	noPeriphery: texRes = 128.0
12.6437 	EXP 	hasPeriphery: texRes = 128.0
12.6437 	EXP 	noPeriphery: texRes = 128.0
12.7775 	EXP 	hasPeriphery: texRes = 128.0
12.7775 	EXP 	noPeriphery: texRes = 128.0
12.9108 	EXP 	hasPeriphery: texRes = 128.0
12.9108 	EXP 	noPeriphery: texRes = 128.0
13.0442 	EXP 	hasPeriphery: texRes = 128.0
13.0442 	EXP 	noPeriphery: texRes = 128.0
13.1948 	EXP 	hasPeriphery: texRes = 128.0
13.1948 	EXP 	noPeriphery: texRes = 128.0
13.3281 	EXP 	hasPeriphery: texRes = 128.0
13.3281 	EXP 	noPeriphery: texRes = 128.0
13.4609 	EXP 	hasPeriphery: texRes = 128.0
13.4609 	EXP 	noPeriphery: texRes = 128.0
13.6747 	EXP 	window1: mouseVisible = True
