1.3340 	WARNING 	We strongly recommend you activate the PTB sound engine in PsychoPy prefs as the preferred audio engine. Its timing is vastly superior. Your prefs are currently set to use ['sounddevice', 'PTB', 'pyo', 'pygame'] (in that order).
7.8558 	EXP 	Created window1 = Window(allowGUI=False, allowStencil=False, autoLog=True, backendConf=UNKNOWN, bitsMode=UNKNOWN, blendMode='avg', bpc=(8, 8, 8), color=array([0, 0, 0]), colorSpace='rgb', depthBits=8, fullscr=<method-wrapper '__getattribute__' of attributeSetter object at 0x000001A9432E8320>, gamma=None, gammaErrorPolicy='raise', lms=UNKNOWN, monitor=<psychopy.monitors.calibTools.Monitor object at 0x000001A94337E710>, multiSample=False, name='window1', numSamples=2, pos=[0.0, 0.0], screen=0, size=array([1920, 1080]), stencilBits=0, stereo=False, units='height', useFBO=True, useRetina=False, viewOri=0.0, viewPos=None, viewScale=None, waitBlanking=True, winType='pyglet')
7.8561 	EXP 	window1: mouseVisible = True
7.8561 	EXP 	window1: recordFrameIntervals = False
8.0241 	EXP 	window1: recordFrameIntervals = True
8.2070 	EXP 	window1: recordFrameIntervals = False
8.7330 	EXP 	Created WelcomeText = TextStim(__class__=<class 'psychopy.visual.text.TextStim'>, alignHoriz=method-wrapper(...), alignText='center', alignVert=method-wrapper(...), anchorHoriz='center', anchorVert='center', antialias=True, autoLog=True, bold=False, color=array([1, 1, 1]), colorSpace='rgb', contrast=1.0, depth=0.0, flipHoriz=False, flipVert=False, font='Open Sans', fontFiles=[], height=0.1, italic=False, languageStyle='LTR', name='WelcomeText', opacity=1, ori=0.0, pos=array([0., 0.]), rgb=UNKNOWN, text='Welcome to our Study!', units='height', win=Window(...), wrapWidth=1)
8.7572 	EXP 	Imported depression.xlsx as conditions, 2 conditions, 12 params
8.7585 	EXP 	Question text: Sadness
8.7807 	EXP 	window1: mouseVisible = True
8.8350 	EXP 	Question text: Pessimism
8.8439 	EXP 	window1: mouseVisible = True
8.8808 	EXP 	window1: mouseVisible = True
8.8859 	EXP 	Created unnamed Rect = Rect(__class__=<class 'psychopy.visual.rect.Rect'>, autoDraw=False, autoLog=True, closeShape=True, color=method-wrapper(...), colorSpace='rgb', contrast=None, depth=0, fillColor=array([0, 0, 0]), fillColorSpace='rgb', fillRGB=UNKNOWN, interpolate=True, lineColor=array([0, 0, 0]), lineColorSpace='rgb', lineRGB=UNKNOWN, lineWidth=1.5, name='unnamed Rect', opacity=0, ori=0.0, pos=array([0., 0.]), size=array([0., 0.]), units='height', vertices=ndarray(...), win=Window(...))
8.8935 	EXP 	Created DepressionQuestionnaire = <psychopy.visual.form.Form object at 0x000001A9476CEBA8>
8.9199 	EXP 	window1: mouseVisible = True
8.9960 	EXP 	Created instructionsText = TextStim(__class__=<class 'psychopy.visual.text.TextStim'>, alignHoriz=method-wrapper(...), alignText='center', alignVert=method-wrapper(...), anchorHoriz='center', anchorVert='center', antialias=True, autoLog=True, bold=False, color=array([1, 1, 1]), colorSpace='rgb', contrast=1.0, depth=0.0, flipHoriz=False, flipVert=False, font='Open Sans', fontFiles=[], height=0.04, italic=False, languageStyle='LTR', name='instructionsText', opacity=1, ori=0.0, pos=array([0., 0.]), rgb=UNKNOWN, text=str(...), units='height', win=Window(...), wrapWidth=1)
9.0041 	EXP 	Created hasPeriphery = ImageStim(__class__=<class 'psychopy.visual.image.ImageStim'>, autoLog=True, color=array([1, 1, 1]), colorSpace='rgb', contrast=1.0, depth=0.0, flipHoriz=False, flipVert=False, image='sin', interpolate=True, mask=None, maskParams=None, name='hasPeriphery', opacity=1.0, ori=0.0, pos=array([0., 0.]), size=array([0.5, 0.5]), texRes=128.0, units='height', win=Window(...))
9.0075 	EXP 	Created noPeriphery = ImageStim(__class__=<class 'psychopy.visual.image.ImageStim'>, autoLog=True, color=array([1, 1, 1]), colorSpace='rgb', contrast=1.0, depth=-2.0, flipHoriz=False, flipVert=False, image='sin', interpolate=True, mask=None, maskParams=None, name='noPeriphery', opacity=1.0, ori=0.0, pos=array([0., 0.]), size=array([0.5, 0.5]), texRes=128.0, units='height', win=Window(...))
9.0146 	EXP 	Created text = TextStim(__class__=<class 'psychopy.visual.text.TextStim'>, alignHoriz=method-wrapper(...), alignText='center', alignVert=method-wrapper(...), anchorHoriz='center', anchorVert='center', antialias=True, autoLog=True, bold=False, color=array([ 1, -1, -1]), colorSpace='rgb', contrast=1.0, depth=-3.0, flipHoriz=False, flipVert=False, font='Open Sans', fontFiles=[], height=0.1, italic=False, languageStyle='LTR', name='text', opacity=1, ori=0.0, pos=array([0., 0.]), rgb=UNKNOWN, text='+', units='height', win=Window(...), wrapWidth=1)
9.0291 	EXP 	Created WelcomeText = TextStim(__class__=<class 'psychopy.visual.text.TextStim'>, alignHoriz=method-wrapper(...), alignText='center', alignVert=method-wrapper(...), anchorHoriz='center', anchorVert='center', antialias=True, autoLog=True, bold=False, color=array([1, 1, 1]), colorSpace='rgb', contrast=1.0, depth=0.0, flipHoriz=False, flipVert=False, font='Open Sans', fontFiles=[], height=0.1, italic=False, languageStyle='LTR', name='WelcomeText', opacity=1, ori=0.0, pos=array([0., 0.]), rgb=UNKNOWN, text='Welcome to our Study!', units='height', win=Window(...), wrapWidth=1)
9.0320 	EXP 	Created hasPeriphery_2 = ImageStim(__class__=<class 'psychopy.visual.image.ImageStim'>, autoLog=True, color=array([1, 1, 1]), colorSpace='rgb', contrast=1.0, depth=0.0, flipHoriz=False, flipVert=False, image='sin', interpolate=True, mask=None, maskParams=None, name='hasPeriphery_2', opacity=1.0, ori=0.0, pos=array([0., 0.]), size=array([0.5, 0.5]), texRes=128.0, units='height', win=Window(...))
9.0347 	EXP 	Created noPeriphery_2 = ImageStim(__class__=<class 'psychopy.visual.image.ImageStim'>, autoLog=True, color=array([1, 1, 1]), colorSpace='rgb', contrast=1.0, depth=-2.0, flipHoriz=False, flipVert=False, image='sin', interpolate=True, mask=None, maskParams=None, name='noPeriphery_2', opacity=1.0, ori=0.0, pos=array([0., 0.]), size=array([0.5, 0.5]), texRes=128.0, units='height', win=Window(...))
9.0365 	EXP 	Created text_2 = TextStim(__class__=<class 'psychopy.visual.text.TextStim'>, alignHoriz=method-wrapper(...), alignText='center', alignVert=method-wrapper(...), anchorHoriz='center', anchorVert='center', antialias=True, autoLog=True, bold=False, color=array([ 1, -1, -1]), colorSpace='rgb', contrast=1.0, depth=-3.0, flipHoriz=False, flipVert=False, font='Open Sans', fontFiles=[], height=0.1, italic=False, languageStyle='LTR', name='text_2', opacity=1, ori=0.0, pos=array([0., 0.]), rgb=UNKNOWN, text='+', units='height', win=Window(...), wrapWidth=1)
9.0886 	EXP 	unnamed Form: autoLog = True
9.0886 	EXP 	DepressionQuestionnaire: name = 'DepressionQuestionnaire'
9.0886 	EXP 	DepressionQuestionnaire: size = (3.5, 1)
9.0886 	EXP 	DepressionQuestionnaire: size = array([3.5, 1. ])
9.0886 	EXP 	DepressionQuestionnaire: units = 'height'
9.0886 	EXP 	DepressionQuestionnaire: depth = 0
9.0886 	EXP 	WelcomeText: autoDraw = True
11.0881 	EXP 	WelcomeText: autoDraw = False
11.0881 	EXP 	DepressionQuestionnaire: autoDraw = True
12.6719 	DATA 	Mouse: Left button down, pos=(836,97)
12.7046 	EXP 	DepressionQuestionnaire: autoDraw = False
12.7046 	EXP 	instructionsText: autoDraw = True
12.8289 	DATA 	Mouse:  Left button up, pos=(836,97)
15.3377 	EXP 	Imported picPaths.xlsx as conditions, 6 conditions, 3 params
15.3380 	EXP 	Created sequence: sequential, trialTypes=6, nReps=1, seed=None
15.3384 	EXP 	New trial (rep=0, index=0): {'startImage': 'C:\\Users\\hesselmann\\Desktop\\PsychoPyUniformityIllusion\\UniformityIllusionPsychoPy\\Pics\\1start.png', 'endImage': 'C:\\Users\\hesselmann\\Desktop\\PsychoPyUniformityIllusion\\UniformityIllusionPsychoPy\\Pics\\1a.png', 'AB': 'a'}
15.5887 	DATA 	Keypress: space
15.6404 	EXP 	instructionsText: autoDraw = False
15.6404 	EXP 	hasPeriphery: size = array([1.77777778, 1.        ])
15.6404 	EXP 	hasPeriphery: image = 'C:\\Users\\hesselmann\\Desktop\\PsychoPyUniformityIllusion\\UniformityIllusionPsychoPy\\Pics\\1a.png'
15.6404 	EXP 	noPeriphery: size = array([1.77777778, 1.        ])
15.6404 	EXP 	noPeriphery: image = 'C:\\Users\\hesselmann\\Desktop\\PsychoPyUniformityIllusion\\UniformityIllusionPsychoPy\\Pics\\1start.png'
15.6404 	EXP 	hasPeriphery: autoDraw = True
15.6404 	EXP 	hasPeriphery: texRes = 128.0
15.6404 	EXP 	noPeriphery: autoDraw = True
15.6404 	EXP 	noPeriphery: texRes = 128.0
15.6404 	EXP 	text: autoDraw = True
15.7878 	EXP 	hasPeriphery: texRes = 128.0
15.7878 	EXP 	noPeriphery: texRes = 128.0
15.9728 	EXP 	hasPeriphery: texRes = 128.0
15.9728 	EXP 	noPeriphery: texRes = 128.0
16.1431 	EXP 	hasPeriphery: texRes = 128.0
16.1431 	EXP 	noPeriphery: texRes = 128.0
16.3084 	EXP 	hasPeriphery: texRes = 128.0
16.3084 	EXP 	noPeriphery: texRes = 128.0
16.4876 	EXP 	hasPeriphery: texRes = 128.0
16.4876 	EXP 	noPeriphery: texRes = 128.0
16.6716 	EXP 	hasPeriphery: texRes = 128.0
16.6716 	EXP 	noPeriphery: texRes = 128.0
16.8398 	EXP 	hasPeriphery: texRes = 128.0
16.8398 	EXP 	noPeriphery: texRes = 128.0
17.0042 	EXP 	hasPeriphery: texRes = 128.0
17.0042 	EXP 	noPeriphery: texRes = 128.0
17.1720 	EXP 	hasPeriphery: texRes = 128.0
17.1720 	EXP 	noPeriphery: texRes = 128.0
17.3543 	EXP 	hasPeriphery: texRes = 128.0
17.3543 	EXP 	noPeriphery: texRes = 128.0
17.5222 	EXP 	hasPeriphery: texRes = 128.0
17.5222 	EXP 	noPeriphery: texRes = 128.0
17.6893 	EXP 	hasPeriphery: texRes = 128.0
17.6893 	EXP 	noPeriphery: texRes = 128.0
17.8565 	EXP 	hasPeriphery: texRes = 128.0
17.8565 	EXP 	noPeriphery: texRes = 128.0
18.0223 	EXP 	hasPeriphery: texRes = 128.0
18.0223 	EXP 	noPeriphery: texRes = 128.0
18.1202 	EXP 	New trial (rep=0, index=1): {'startImage': 'C:\\Users\\hesselmann\\Desktop\\PsychoPyUniformityIllusion\\UniformityIllusionPsychoPy\\Pics\\1start.png', 'endImage': 'C:\\Users\\hesselmann\\Desktop\\PsychoPyUniformityIllusion\\UniformityIllusionPsychoPy\\Pics\\1b.png', 'AB': 'b'}
18.3219 	EXP 	New trial (rep=0, index=2): {'startImage': 'C:\\Users\\hesselmann\\Desktop\\PsychoPyUniformityIllusion\\UniformityIllusionPsychoPy\\Pics\\2start.png', 'endImage': 'C:\\Users\\hesselmann\\Desktop\\PsychoPyUniformityIllusion\\UniformityIllusionPsychoPy\\Pics\\2a.png', 'AB': 'a'}
18.4983 	DATA 	Keypress: space
18.5375 	EXP 	hasPeriphery: texRes = 128.0
18.5375 	EXP 	noPeriphery: texRes = 128.0
18.5375 	EXP 	hasPeriphery: autoDraw = False
18.5375 	EXP 	noPeriphery: autoDraw = False
18.5375 	EXP 	text: autoDraw = False
18.5375 	EXP 	hasPeriphery: size = array([1.77777778, 1.        ])
18.5375 	EXP 	hasPeriphery: image = 'C:\\Users\\hesselmann\\Desktop\\PsychoPyUniformityIllusion\\UniformityIllusionPsychoPy\\Pics\\1b.png'
18.5375 	EXP 	noPeriphery: size = array([1.77777778, 1.        ])
18.5375 	EXP 	noPeriphery: image = 'C:\\Users\\hesselmann\\Desktop\\PsychoPyUniformityIllusion\\UniformityIllusionPsychoPy\\Pics\\1start.png'
18.5375 	EXP 	hasPeriphery: autoDraw = True
18.5375 	EXP 	hasPeriphery: texRes = 128.0
18.5375 	EXP 	noPeriphery: autoDraw = True
18.5375 	EXP 	noPeriphery: texRes = 128.0
18.5375 	EXP 	text: autoDraw = True
18.5375 	EXP 	hasPeriphery: autoDraw = False
18.5375 	EXP 	noPeriphery: autoDraw = False
18.5375 	EXP 	text: autoDraw = False
18.5375 	EXP 	hasPeriphery: size = array([1.77777778, 1.        ])
18.5375 	EXP 	hasPeriphery: image = 'C:\\Users\\hesselmann\\Desktop\\PsychoPyUniformityIllusion\\UniformityIllusionPsychoPy\\Pics\\2a.png'
18.5375 	EXP 	noPeriphery: size = array([1.77777778, 1.        ])
18.5375 	EXP 	noPeriphery: image = 'C:\\Users\\hesselmann\\Desktop\\PsychoPyUniformityIllusion\\UniformityIllusionPsychoPy\\Pics\\2start.png'
18.5375 	EXP 	hasPeriphery: autoDraw = True
18.5375 	EXP 	hasPeriphery: texRes = 128.0
18.5375 	EXP 	noPeriphery: autoDraw = True
18.5375 	EXP 	noPeriphery: texRes = 128.0
18.5375 	EXP 	text: autoDraw = True
18.6721 	EXP 	hasPeriphery: texRes = 128.0
18.6721 	EXP 	noPeriphery: texRes = 128.0
18.8207 	EXP 	hasPeriphery: texRes = 128.0
18.8207 	EXP 	noPeriphery: texRes = 128.0
18.9586 	EXP 	hasPeriphery: texRes = 128.0
18.9586 	EXP 	noPeriphery: texRes = 128.0
19.1080 	EXP 	hasPeriphery: texRes = 128.0
19.1080 	EXP 	noPeriphery: texRes = 128.0
19.2541 	EXP 	hasPeriphery: texRes = 128.0
19.2541 	EXP 	noPeriphery: texRes = 128.0
19.4041 	EXP 	hasPeriphery: texRes = 128.0
19.4041 	EXP 	noPeriphery: texRes = 128.0
19.5541 	EXP 	hasPeriphery: texRes = 128.0
19.5541 	EXP 	noPeriphery: texRes = 128.0
19.7041 	EXP 	hasPeriphery: texRes = 128.0
19.7041 	EXP 	noPeriphery: texRes = 128.0
19.8540 	EXP 	hasPeriphery: texRes = 128.0
19.8540 	EXP 	noPeriphery: texRes = 128.0
20.0044 	EXP 	hasPeriphery: texRes = 128.0
20.0044 	EXP 	noPeriphery: texRes = 128.0
20.1543 	EXP 	hasPeriphery: texRes = 128.0
20.1543 	EXP 	noPeriphery: texRes = 128.0
20.3055 	EXP 	hasPeriphery: texRes = 128.0
20.3055 	EXP 	noPeriphery: texRes = 128.0
20.4563 	EXP 	hasPeriphery: texRes = 128.0
20.4563 	EXP 	noPeriphery: texRes = 128.0
20.6040 	EXP 	hasPeriphery: texRes = 128.0
20.6040 	EXP 	noPeriphery: texRes = 128.0
20.7569 	EXP 	hasPeriphery: texRes = 128.0
20.7569 	EXP 	noPeriphery: texRes = 128.0
20.9065 	EXP 	hasPeriphery: texRes = 128.0
20.9065 	EXP 	noPeriphery: texRes = 128.0
21.0539 	EXP 	hasPeriphery: texRes = 128.0
21.0539 	EXP 	noPeriphery: texRes = 128.0
21.2040 	EXP 	hasPeriphery: texRes = 128.0
21.2040 	EXP 	noPeriphery: texRes = 128.0
21.3715 	EXP 	hasPeriphery: texRes = 128.0
21.3715 	EXP 	noPeriphery: texRes = 128.0
21.5237 	EXP 	hasPeriphery: texRes = 128.0
21.5237 	EXP 	noPeriphery: texRes = 128.0
21.6715 	EXP 	hasPeriphery: texRes = 128.0
21.6715 	EXP 	noPeriphery: texRes = 128.0
21.8204 	EXP 	hasPeriphery: texRes = 128.0
21.8204 	EXP 	noPeriphery: texRes = 128.0
21.9181 	EXP 	New trial (rep=0, index=3): {'startImage': 'C:\\Users\\hesselmann\\Desktop\\PsychoPyUniformityIllusion\\UniformityIllusionPsychoPy\\Pics\\2start.png', 'endImage': 'C:\\Users\\hesselmann\\Desktop\\PsychoPyUniformityIllusion\\UniformityIllusionPsychoPy\\Pics\\2b.png', 'AB': 'b'}
22.0725 	DATA 	Keypress: space
22.1063 	EXP 	hasPeriphery: texRes = 128.0
22.1063 	EXP 	noPeriphery: texRes = 128.0
22.1063 	EXP 	hasPeriphery: autoDraw = False
22.1063 	EXP 	noPeriphery: autoDraw = False
22.1063 	EXP 	text: autoDraw = False
22.1063 	EXP 	hasPeriphery: size = array([1.77777778, 1.        ])
22.1063 	EXP 	hasPeriphery: image = 'C:\\Users\\hesselmann\\Desktop\\PsychoPyUniformityIllusion\\UniformityIllusionPsychoPy\\Pics\\2b.png'
22.1063 	EXP 	noPeriphery: size = array([1.77777778, 1.        ])
22.1063 	EXP 	noPeriphery: image = 'C:\\Users\\hesselmann\\Desktop\\PsychoPyUniformityIllusion\\UniformityIllusionPsychoPy\\Pics\\2start.png'
22.1063 	EXP 	hasPeriphery: autoDraw = True
22.1063 	EXP 	hasPeriphery: texRes = 128.0
22.1063 	EXP 	noPeriphery: autoDraw = True
22.1063 	EXP 	noPeriphery: texRes = 128.0
22.1063 	EXP 	text: autoDraw = True
22.2371 	EXP 	hasPeriphery: texRes = 128.0
22.2371 	EXP 	noPeriphery: texRes = 128.0
22.3713 	EXP 	hasPeriphery: texRes = 128.0
22.3713 	EXP 	noPeriphery: texRes = 128.0
22.5222 	EXP 	hasPeriphery: texRes = 128.0
22.5222 	EXP 	noPeriphery: texRes = 128.0
22.6704 	EXP 	hasPeriphery: texRes = 128.0
22.6704 	EXP 	noPeriphery: texRes = 128.0
22.8046 	EXP 	hasPeriphery: texRes = 128.0
22.8046 	EXP 	noPeriphery: texRes = 128.0
22.9538 	EXP 	hasPeriphery: texRes = 128.0
22.9538 	EXP 	noPeriphery: texRes = 128.0
23.0908 	EXP 	hasPeriphery: texRes = 128.0
23.0908 	EXP 	noPeriphery: texRes = 128.0
23.2386 	EXP 	hasPeriphery: texRes = 128.0
23.2386 	EXP 	noPeriphery: texRes = 128.0
23.3871 	EXP 	hasPeriphery: texRes = 128.0
23.3871 	EXP 	noPeriphery: texRes = 128.0
23.5371 	EXP 	hasPeriphery: texRes = 128.0
23.5371 	EXP 	noPeriphery: texRes = 128.0
23.6702 	EXP 	hasPeriphery: texRes = 128.0
23.6702 	EXP 	noPeriphery: texRes = 128.0
23.8206 	EXP 	hasPeriphery: texRes = 128.0
23.8206 	EXP 	noPeriphery: texRes = 128.0
23.9560 	EXP 	hasPeriphery: texRes = 128.0
23.9560 	EXP 	noPeriphery: texRes = 128.0
24.1049 	EXP 	hasPeriphery: texRes = 128.0
24.1049 	EXP 	noPeriphery: texRes = 128.0
24.2370 	EXP 	hasPeriphery: texRes = 128.0
24.2370 	EXP 	noPeriphery: texRes = 128.0
24.3883 	EXP 	hasPeriphery: texRes = 128.0
24.3883 	EXP 	noPeriphery: texRes = 128.0
24.5211 	EXP 	hasPeriphery: texRes = 128.0
24.5211 	EXP 	noPeriphery: texRes = 128.0
24.6535 	EXP 	hasPeriphery: texRes = 128.0
24.6535 	EXP 	noPeriphery: texRes = 128.0
24.8042 	EXP 	hasPeriphery: texRes = 128.0
24.8042 	EXP 	noPeriphery: texRes = 128.0
24.9368 	EXP 	hasPeriphery: texRes = 128.0
24.9368 	EXP 	noPeriphery: texRes = 128.0
25.0885 	EXP 	hasPeriphery: texRes = 128.0
25.0885 	EXP 	noPeriphery: texRes = 128.0
25.2203 	EXP 	hasPeriphery: texRes = 128.0
25.2203 	EXP 	noPeriphery: texRes = 128.0
25.3702 	EXP 	hasPeriphery: texRes = 128.0
25.3702 	EXP 	noPeriphery: texRes = 128.0
25.5046 	EXP 	hasPeriphery: texRes = 128.0
25.5046 	EXP 	noPeriphery: texRes = 128.0
25.6535 	EXP 	hasPeriphery: texRes = 128.0
25.6535 	EXP 	noPeriphery: texRes = 128.0
25.8037 	EXP 	hasPeriphery: texRes = 128.0
25.8037 	EXP 	noPeriphery: texRes = 128.0
25.9535 	EXP 	hasPeriphery: texRes = 128.0
25.9535 	EXP 	noPeriphery: texRes = 128.0
26.0893 	EXP 	hasPeriphery: texRes = 128.0
26.0893 	EXP 	noPeriphery: texRes = 128.0
26.2372 	EXP 	hasPeriphery: texRes = 128.0
26.2372 	EXP 	noPeriphery: texRes = 128.0
26.3729 	EXP 	hasPeriphery: texRes = 128.0
26.3729 	EXP 	noPeriphery: texRes = 128.0
26.5214 	EXP 	hasPeriphery: texRes = 128.0
26.5214 	EXP 	noPeriphery: texRes = 128.0
26.6580 	EXP 	hasPeriphery: texRes = 128.0
26.6580 	EXP 	noPeriphery: texRes = 128.0
26.8035 	EXP 	hasPeriphery: texRes = 128.0
26.8035 	EXP 	noPeriphery: texRes = 128.0
26.9542 	EXP 	hasPeriphery: texRes = 128.0
26.9542 	EXP 	noPeriphery: texRes = 128.0
27.1049 	EXP 	hasPeriphery: texRes = 128.0
27.1049 	EXP 	noPeriphery: texRes = 128.0
27.2393 	EXP 	hasPeriphery: texRes = 128.0
27.2393 	EXP 	noPeriphery: texRes = 128.0
27.3893 	EXP 	hasPeriphery: texRes = 128.0
27.3893 	EXP 	noPeriphery: texRes = 128.0
27.5367 	EXP 	hasPeriphery: texRes = 128.0
27.5367 	EXP 	noPeriphery: texRes = 128.0
27.6726 	EXP 	hasPeriphery: texRes = 128.0
27.6726 	EXP 	noPeriphery: texRes = 128.0
27.7656 	EXP 	New trial (rep=0, index=4): {'startImage': 'C:\\Users\\hesselmann\\Desktop\\PsychoPyUniformityIllusion\\UniformityIllusionPsychoPy\\Pics\\3start.png', 'endImage': 'C:\\Users\\hesselmann\\Desktop\\PsychoPyUniformityIllusion\\UniformityIllusionPsychoPy\\Pics\\3a.png', 'AB': 'a'}
27.9454 	EXP 	New trial (rep=0, index=5): {'startImage': 'C:\\Users\\hesselmann\\Desktop\\PsychoPyUniformityIllusion\\UniformityIllusionPsychoPy\\Pics\\3start.png', 'endImage': 'C:\\Users\\hesselmann\\Desktop\\PsychoPyUniformityIllusion\\UniformityIllusionPsychoPy\\Pics\\3b.png', 'AB': 'b'}
28.1183 	DATA 	Keypress: space
28.1547 	EXP 	hasPeriphery: texRes = 128.0
28.1547 	EXP 	noPeriphery: texRes = 128.0
28.1547 	EXP 	hasPeriphery: autoDraw = False
28.1547 	EXP 	noPeriphery: autoDraw = False
28.1547 	EXP 	text: autoDraw = False
28.1547 	EXP 	hasPeriphery: size = array([1.77777778, 1.        ])
28.1547 	EXP 	hasPeriphery: image = 'C:\\Users\\hesselmann\\Desktop\\PsychoPyUniformityIllusion\\UniformityIllusionPsychoPy\\Pics\\3a.png'
28.1547 	EXP 	noPeriphery: size = array([1.77777778, 1.        ])
28.1547 	EXP 	noPeriphery: image = 'C:\\Users\\hesselmann\\Desktop\\PsychoPyUniformityIllusion\\UniformityIllusionPsychoPy\\Pics\\3start.png'
28.1547 	EXP 	hasPeriphery: autoDraw = True
28.1547 	EXP 	hasPeriphery: texRes = 128.0
28.1547 	EXP 	noPeriphery: autoDraw = True
28.1547 	EXP 	noPeriphery: texRes = 128.0
28.1547 	EXP 	text: autoDraw = True
28.1547 	EXP 	hasPeriphery: autoDraw = False
28.1547 	EXP 	noPeriphery: autoDraw = False
28.1547 	EXP 	text: autoDraw = False
28.1547 	EXP 	hasPeriphery: size = array([1.77777778, 1.        ])
28.1547 	EXP 	hasPeriphery: image = 'C:\\Users\\hesselmann\\Desktop\\PsychoPyUniformityIllusion\\UniformityIllusionPsychoPy\\Pics\\3b.png'
28.1547 	EXP 	noPeriphery: size = array([1.77777778, 1.        ])
28.1547 	EXP 	noPeriphery: image = 'C:\\Users\\hesselmann\\Desktop\\PsychoPyUniformityIllusion\\UniformityIllusionPsychoPy\\Pics\\3start.png'
28.1547 	EXP 	hasPeriphery: autoDraw = True
28.1547 	EXP 	hasPeriphery: texRes = 128.0
28.1547 	EXP 	noPeriphery: autoDraw = True
28.1547 	EXP 	noPeriphery: texRes = 128.0
28.1547 	EXP 	text: autoDraw = True
28.2865 	EXP 	hasPeriphery: texRes = 128.0
28.2865 	EXP 	noPeriphery: texRes = 128.0
28.4533 	EXP 	hasPeriphery: texRes = 128.0
28.4533 	EXP 	noPeriphery: texRes = 128.0
28.6216 	EXP 	hasPeriphery: texRes = 128.0
28.6216 	EXP 	noPeriphery: texRes = 128.0
28.7865 	EXP 	hasPeriphery: texRes = 128.0
28.7865 	EXP 	noPeriphery: texRes = 128.0
28.9536 	EXP 	hasPeriphery: texRes = 128.0
28.9536 	EXP 	noPeriphery: texRes = 128.0
29.1200 	EXP 	hasPeriphery: texRes = 128.0
29.1200 	EXP 	noPeriphery: texRes = 128.0
29.2703 	EXP 	hasPeriphery: texRes = 128.0
29.2703 	EXP 	noPeriphery: texRes = 128.0
29.4377 	EXP 	hasPeriphery: texRes = 128.0
29.4377 	EXP 	noPeriphery: texRes = 128.0
29.6197 	EXP 	hasPeriphery: texRes = 128.0
29.6197 	EXP 	noPeriphery: texRes = 128.0
29.7865 	EXP 	hasPeriphery: texRes = 128.0
29.7865 	EXP 	noPeriphery: texRes = 128.0
29.9533 	EXP 	hasPeriphery: texRes = 128.0
29.9533 	EXP 	noPeriphery: texRes = 128.0
30.0889 	EXP 	hasPeriphery: texRes = 128.0
30.0889 	EXP 	noPeriphery: texRes = 128.0
30.2375 	EXP 	hasPeriphery: texRes = 128.0
30.2375 	EXP 	noPeriphery: texRes = 128.0
30.4050 	EXP 	hasPeriphery: texRes = 128.0
30.4050 	EXP 	noPeriphery: texRes = 128.0
30.5696 	EXP 	hasPeriphery: texRes = 128.0
30.5696 	EXP 	noPeriphery: texRes = 128.0
30.7225 	EXP 	hasPeriphery: texRes = 128.0
30.7225 	EXP 	noPeriphery: texRes = 128.0
30.8697 	EXP 	hasPeriphery: texRes = 128.0
30.8697 	EXP 	noPeriphery: texRes = 128.0
30.9837 	DATA 	Keypress: space
31.0216 	EXP 	hasPeriphery: texRes = 128.0
31.0216 	EXP 	noPeriphery: texRes = 128.0
31.1530 	EXP 	hasPeriphery: texRes = 128.0
31.1530 	EXP 	noPeriphery: texRes = 128.0
31.1530 	EXP 	hasPeriphery: autoDraw = False
31.1530 	EXP 	noPeriphery: autoDraw = False
31.1530 	EXP 	text: autoDraw = False
31.1530 	EXP 	WelcomeText: autoDraw = True
33.1528 	EXP 	Imported picPaths.xlsx as conditions, 24 conditions, 3 params
33.1532 	EXP 	Created sequence: sequential, trialTypes=24, nReps=1, seed=None
33.1535 	EXP 	New trial (rep=0, index=0): {'startImage': 'C:\\Users\\hesselmann\\Desktop\\PsychoPyUniformityIllusion\\UniformityIllusionPsychoPy\\Pics\\4start.png', 'endImage': 'C:\\Users\\hesselmann\\Desktop\\PsychoPyUniformityIllusion\\UniformityIllusionPsychoPy\\Pics\\4a.png', 'AB': 'a'}
33.4027 	EXP 	WelcomeText: autoDraw = False
33.4027 	EXP 	hasPeriphery_2: size = array([1.77777778, 1.        ])
33.4027 	EXP 	hasPeriphery_2: image = 'C:\\Users\\hesselmann\\Desktop\\PsychoPyUniformityIllusion\\UniformityIllusionPsychoPy\\Pics\\4a.png'
33.4027 	EXP 	noPeriphery_2: size = array([1.77777778, 1.        ])
33.4027 	EXP 	noPeriphery_2: image = 'C:\\Users\\hesselmann\\Desktop\\PsychoPyUniformityIllusion\\UniformityIllusionPsychoPy\\Pics\\4start.png'
33.4027 	EXP 	hasPeriphery_2: autoDraw = True
33.4027 	EXP 	hasPeriphery_2: texRes = 128.0
33.4027 	EXP 	noPeriphery_2: autoDraw = True
33.4027 	EXP 	noPeriphery_2: texRes = 128.0
33.4027 	EXP 	text_2: autoDraw = True
33.5694 	EXP 	hasPeriphery_2: texRes = 128.0
33.5694 	EXP 	noPeriphery_2: texRes = 128.0
33.7365 	EXP 	hasPeriphery_2: texRes = 128.0
33.7365 	EXP 	noPeriphery_2: texRes = 128.0
33.8882 	EXP 	hasPeriphery_2: texRes = 128.0
33.8882 	EXP 	noPeriphery_2: texRes = 128.0
34.0374 	EXP 	hasPeriphery_2: texRes = 128.0
34.0374 	EXP 	noPeriphery_2: texRes = 128.0
34.2028 	EXP 	hasPeriphery_2: texRes = 128.0
34.2028 	EXP 	noPeriphery_2: texRes = 128.0
34.3539 	EXP 	hasPeriphery_2: texRes = 128.0
34.3539 	EXP 	noPeriphery_2: texRes = 128.0
34.5062 	EXP 	hasPeriphery_2: texRes = 128.0
34.5062 	EXP 	noPeriphery_2: texRes = 128.0
34.6697 	EXP 	hasPeriphery_2: texRes = 128.0
34.6697 	EXP 	noPeriphery_2: texRes = 128.0
34.8377 	EXP 	hasPeriphery_2: texRes = 128.0
34.8377 	EXP 	noPeriphery_2: texRes = 128.0
35.0027 	EXP 	hasPeriphery_2: texRes = 128.0
35.0027 	EXP 	noPeriphery_2: texRes = 128.0
35.1692 	EXP 	hasPeriphery_2: texRes = 128.0
35.1692 	EXP 	noPeriphery_2: texRes = 128.0
35.3253 	EXP 	hasPeriphery_2: texRes = 128.0
35.3253 	EXP 	noPeriphery_2: texRes = 128.0
35.4702 	EXP 	hasPeriphery_2: texRes = 128.0
35.4702 	EXP 	noPeriphery_2: texRes = 128.0
35.6230 	EXP 	hasPeriphery_2: texRes = 128.0
35.6230 	EXP 	noPeriphery_2: texRes = 128.0
35.7742 	EXP 	hasPeriphery_2: texRes = 128.0
35.7742 	EXP 	noPeriphery_2: texRes = 128.0
35.9359 	EXP 	hasPeriphery_2: texRes = 128.0
35.9359 	EXP 	noPeriphery_2: texRes = 128.0
36.0897 	EXP 	hasPeriphery_2: texRes = 128.0
36.0897 	EXP 	noPeriphery_2: texRes = 128.0
36.2366 	EXP 	hasPeriphery_2: texRes = 128.0
36.2366 	EXP 	noPeriphery_2: texRes = 128.0
36.3869 	EXP 	hasPeriphery_2: texRes = 128.0
36.3869 	EXP 	noPeriphery_2: texRes = 128.0
36.5379 	EXP 	hasPeriphery_2: texRes = 128.0
36.5379 	EXP 	noPeriphery_2: texRes = 128.0
36.7026 	EXP 	hasPeriphery_2: texRes = 128.0
36.7026 	EXP 	noPeriphery_2: texRes = 128.0
36.8537 	EXP 	hasPeriphery_2: texRes = 128.0
36.8537 	EXP 	noPeriphery_2: texRes = 128.0
37.0027 	EXP 	hasPeriphery_2: texRes = 128.0
37.0027 	EXP 	noPeriphery_2: texRes = 128.0
37.1068 	EXP 	New trial (rep=0, index=1): {'startImage': 'C:\\Users\\hesselmann\\Desktop\\PsychoPyUniformityIllusion\\UniformityIllusionPsychoPy\\Pics\\4start.png', 'endImage': 'C:\\Users\\hesselmann\\Desktop\\PsychoPyUniformityIllusion\\UniformityIllusionPsychoPy\\Pics\\4b.png', 'AB': 'b'}
37.2882 	DATA 	Keypress: space
37.3236 	EXP 	hasPeriphery_2: texRes = 128.0
37.3236 	EXP 	noPeriphery_2: texRes = 128.0
37.3236 	EXP 	hasPeriphery_2: autoDraw = False
37.3236 	EXP 	noPeriphery_2: autoDraw = False
37.3236 	EXP 	text_2: autoDraw = False
37.3236 	EXP 	hasPeriphery_2: size = array([1.77777778, 1.        ])
37.3236 	EXP 	hasPeriphery_2: image = 'C:\\Users\\hesselmann\\Desktop\\PsychoPyUniformityIllusion\\UniformityIllusionPsychoPy\\Pics\\4b.png'
37.3236 	EXP 	noPeriphery_2: size = array([1.77777778, 1.        ])
37.3236 	EXP 	noPeriphery_2: image = 'C:\\Users\\hesselmann\\Desktop\\PsychoPyUniformityIllusion\\UniformityIllusionPsychoPy\\Pics\\4start.png'
37.3236 	EXP 	hasPeriphery_2: autoDraw = True
37.3236 	EXP 	hasPeriphery_2: texRes = 128.0
37.3236 	EXP 	noPeriphery_2: autoDraw = True
37.3236 	EXP 	noPeriphery_2: texRes = 128.0
37.3236 	EXP 	text_2: autoDraw = True
37.4538 	EXP 	hasPeriphery_2: texRes = 128.0
37.4538 	EXP 	noPeriphery_2: texRes = 128.0
37.5877 	EXP 	hasPeriphery_2: texRes = 128.0
37.5877 	EXP 	noPeriphery_2: texRes = 128.0
37.7357 	EXP 	hasPeriphery_2: texRes = 128.0
37.7357 	EXP 	noPeriphery_2: texRes = 128.0
37.8862 	EXP 	hasPeriphery_2: texRes = 128.0
37.8862 	EXP 	noPeriphery_2: texRes = 128.0
38.0357 	EXP 	hasPeriphery_2: texRes = 128.0
38.0357 	EXP 	noPeriphery_2: texRes = 128.0
38.1860 	EXP 	hasPeriphery_2: texRes = 128.0
38.1860 	EXP 	noPeriphery_2: texRes = 128.0
38.3394 	EXP 	hasPeriphery_2: texRes = 128.0
38.3394 	EXP 	noPeriphery_2: texRes = 128.0
38.4859 	EXP 	hasPeriphery_2: texRes = 128.0
38.4859 	EXP 	noPeriphery_2: texRes = 128.0
38.6373 	EXP 	hasPeriphery_2: texRes = 128.0
38.6373 	EXP 	noPeriphery_2: texRes = 128.0
38.7520 	DATA 	Keypress: space
38.7864 	EXP 	hasPeriphery_2: texRes = 128.0
38.7864 	EXP 	noPeriphery_2: texRes = 128.0
38.8895 	EXP 	New trial (rep=0, index=2): {'startImage': 'C:\\Users\\hesselmann\\Desktop\\PsychoPyUniformityIllusion\\UniformityIllusionPsychoPy\\Pics\\5start.png', 'endImage': 'C:\\Users\\hesselmann\\Desktop\\PsychoPyUniformityIllusion\\UniformityIllusionPsychoPy\\Pics\\5a.png', 'AB': 'a'}
39.1698 	EXP 	hasPeriphery_2: texRes = 128.0
39.1698 	EXP 	noPeriphery_2: texRes = 128.0
39.1698 	EXP 	hasPeriphery_2: autoDraw = False
39.1698 	EXP 	noPeriphery_2: autoDraw = False
39.1698 	EXP 	text_2: autoDraw = False
39.1698 	EXP 	hasPeriphery_2: size = array([1.77777778, 1.        ])
39.1698 	EXP 	hasPeriphery_2: image = 'C:\\Users\\hesselmann\\Desktop\\PsychoPyUniformityIllusion\\UniformityIllusionPsychoPy\\Pics\\5a.png'
39.1698 	EXP 	noPeriphery_2: size = array([1.77777778, 1.        ])
39.1698 	EXP 	noPeriphery_2: image = 'C:\\Users\\hesselmann\\Desktop\\PsychoPyUniformityIllusion\\UniformityIllusionPsychoPy\\Pics\\5start.png'
39.1698 	EXP 	hasPeriphery_2: autoDraw = True
39.1698 	EXP 	hasPeriphery_2: texRes = 128.0
39.1698 	EXP 	noPeriphery_2: autoDraw = True
39.1698 	EXP 	noPeriphery_2: texRes = 128.0
39.1698 	EXP 	text_2: autoDraw = True
39.3370 	EXP 	hasPeriphery_2: texRes = 128.0
39.3370 	EXP 	noPeriphery_2: texRes = 128.0
39.5356 	EXP 	hasPeriphery_2: texRes = 128.0
39.5356 	EXP 	noPeriphery_2: texRes = 128.0
39.7225 	EXP 	hasPeriphery_2: texRes = 128.0
39.7225 	EXP 	noPeriphery_2: texRes = 128.0
39.9188 	EXP 	hasPeriphery_2: texRes = 128.0
39.9188 	EXP 	noPeriphery_2: texRes = 128.0
40.1187 	EXP 	hasPeriphery_2: texRes = 128.0
40.1187 	EXP 	noPeriphery_2: texRes = 128.0
40.3187 	EXP 	hasPeriphery_2: texRes = 128.0
40.3187 	EXP 	noPeriphery_2: texRes = 128.0
40.5020 	EXP 	hasPeriphery_2: texRes = 128.0
40.5020 	EXP 	noPeriphery_2: texRes = 128.0
40.6861 	EXP 	hasPeriphery_2: texRes = 128.0
40.6861 	EXP 	noPeriphery_2: texRes = 128.0
40.8687 	EXP 	hasPeriphery_2: texRes = 128.0
40.8687 	EXP 	noPeriphery_2: texRes = 128.0
41.0688 	EXP 	hasPeriphery_2: texRes = 128.0
41.0688 	EXP 	noPeriphery_2: texRes = 128.0
41.2219 	EXP 	hasPeriphery_2: texRes = 128.0
41.2219 	EXP 	noPeriphery_2: texRes = 128.0
41.4187 	EXP 	hasPeriphery_2: texRes = 128.0
41.4187 	EXP 	noPeriphery_2: texRes = 128.0
41.6021 	EXP 	hasPeriphery_2: texRes = 128.0
41.6021 	EXP 	noPeriphery_2: texRes = 128.0
41.7877 	EXP 	hasPeriphery_2: texRes = 128.0
41.7877 	EXP 	noPeriphery_2: texRes = 128.0
41.9872 	EXP 	hasPeriphery_2: texRes = 128.0
41.9872 	EXP 	noPeriphery_2: texRes = 128.0
42.1522 	EXP 	hasPeriphery_2: texRes = 128.0
42.1522 	EXP 	noPeriphery_2: texRes = 128.0
42.3518 	EXP 	hasPeriphery_2: texRes = 128.0
42.3518 	EXP 	noPeriphery_2: texRes = 128.0
42.5519 	EXP 	hasPeriphery_2: texRes = 128.0
42.5519 	EXP 	noPeriphery_2: texRes = 128.0
42.7393 	EXP 	hasPeriphery_2: texRes = 128.0
42.7393 	EXP 	noPeriphery_2: texRes = 128.0
42.9377 	EXP 	hasPeriphery_2: texRes = 128.0
42.9377 	EXP 	noPeriphery_2: texRes = 128.0
43.1373 	EXP 	hasPeriphery_2: texRes = 128.0
43.1373 	EXP 	noPeriphery_2: texRes = 128.0
43.3355 	EXP 	hasPeriphery_2: texRes = 128.0
43.3355 	EXP 	noPeriphery_2: texRes = 128.0
43.5218 	EXP 	hasPeriphery_2: texRes = 128.0
43.5218 	EXP 	noPeriphery_2: texRes = 128.0
43.7351 	EXP 	hasPeriphery_2: texRes = 128.0
43.7351 	EXP 	noPeriphery_2: texRes = 128.0
43.9236 	EXP 	hasPeriphery_2: texRes = 128.0
43.9236 	EXP 	noPeriphery_2: texRes = 128.0
44.1187 	EXP 	hasPeriphery_2: texRes = 128.0
44.1187 	EXP 	noPeriphery_2: texRes = 128.0
44.3185 	EXP 	hasPeriphery_2: texRes = 128.0
44.3185 	EXP 	noPeriphery_2: texRes = 128.0
44.5020 	EXP 	hasPeriphery_2: texRes = 128.0
44.5020 	EXP 	noPeriphery_2: texRes = 128.0
44.7024 	EXP 	hasPeriphery_2: texRes = 128.0
44.7024 	EXP 	noPeriphery_2: texRes = 128.0
44.8901 	EXP 	hasPeriphery_2: texRes = 128.0
44.8901 	EXP 	noPeriphery_2: texRes = 128.0
45.0704 	EXP 	hasPeriphery_2: texRes = 128.0
45.0704 	EXP 	noPeriphery_2: texRes = 128.0
45.2703 	EXP 	hasPeriphery_2: texRes = 128.0
45.2703 	EXP 	noPeriphery_2: texRes = 128.0
45.4684 	EXP 	hasPeriphery_2: texRes = 128.0
45.4684 	EXP 	noPeriphery_2: texRes = 128.0
45.6517 	EXP 	hasPeriphery_2: texRes = 128.0
45.6517 	EXP 	noPeriphery_2: texRes = 128.0
45.8355 	EXP 	hasPeriphery_2: texRes = 128.0
45.8355 	EXP 	noPeriphery_2: texRes = 128.0
46.0228 	EXP 	hasPeriphery_2: texRes = 128.0
46.0228 	EXP 	noPeriphery_2: texRes = 128.0
46.2183 	EXP 	hasPeriphery_2: texRes = 128.0
46.2183 	EXP 	noPeriphery_2: texRes = 128.0
46.4196 	EXP 	hasPeriphery_2: texRes = 128.0
46.4196 	EXP 	noPeriphery_2: texRes = 128.0
46.6185 	EXP 	hasPeriphery_2: texRes = 128.0
46.6185 	EXP 	noPeriphery_2: texRes = 128.0
46.8031 	EXP 	hasPeriphery_2: texRes = 128.0
46.8031 	EXP 	noPeriphery_2: texRes = 128.0
47.0016 	EXP 	hasPeriphery_2: texRes = 128.0
47.0016 	EXP 	noPeriphery_2: texRes = 128.0
47.1876 	EXP 	hasPeriphery_2: texRes = 128.0
47.1876 	EXP 	noPeriphery_2: texRes = 128.0
47.3300 	EXP 	New trial (rep=0, index=3): {'startImage': 'C:\\Users\\hesselmann\\Desktop\\PsychoPyUniformityIllusion\\UniformityIllusionPsychoPy\\Pics\\5start.png', 'endImage': 'C:\\Users\\hesselmann\\Desktop\\PsychoPyUniformityIllusion\\UniformityIllusionPsychoPy\\Pics\\5b.png', 'AB': 'b'}
47.5402 	DATA 	Keypress: space
47.5868 	EXP 	hasPeriphery_2: texRes = 128.0
47.5868 	EXP 	noPeriphery_2: texRes = 128.0
47.5868 	EXP 	hasPeriphery_2: autoDraw = False
47.5868 	EXP 	noPeriphery_2: autoDraw = False
47.5868 	EXP 	text_2: autoDraw = False
47.5868 	EXP 	hasPeriphery_2: size = array([1.77777778, 1.        ])
47.5868 	EXP 	hasPeriphery_2: image = 'C:\\Users\\hesselmann\\Desktop\\PsychoPyUniformityIllusion\\UniformityIllusionPsychoPy\\Pics\\5b.png'
47.5868 	EXP 	noPeriphery_2: size = array([1.77777778, 1.        ])
47.5868 	EXP 	noPeriphery_2: image = 'C:\\Users\\hesselmann\\Desktop\\PsychoPyUniformityIllusion\\UniformityIllusionPsychoPy\\Pics\\5start.png'
47.5868 	EXP 	hasPeriphery_2: autoDraw = True
47.5868 	EXP 	hasPeriphery_2: texRes = 128.0
47.5868 	EXP 	noPeriphery_2: autoDraw = True
47.5868 	EXP 	noPeriphery_2: texRes = 128.0
47.5868 	EXP 	text_2: autoDraw = True
47.7013 	DATA 	Keypress: space
47.7354 	EXP 	hasPeriphery_2: texRes = 128.0
47.7354 	EXP 	noPeriphery_2: texRes = 128.0
47.9190 	EXP 	hasPeriphery_2: texRes = 128.0
47.9190 	EXP 	noPeriphery_2: texRes = 128.0
48.0868 	EXP 	hasPeriphery_2: texRes = 128.0
48.0868 	EXP 	noPeriphery_2: texRes = 128.0
48.2370 	DATA 	Keypress: space
48.2728 	EXP 	hasPeriphery_2: texRes = 128.0
48.2728 	EXP 	noPeriphery_2: texRes = 128.0
48.4091 	EXP 	New trial (rep=0, index=4): {'startImage': 'C:\\Users\\hesselmann\\Desktop\\PsychoPyUniformityIllusion\\UniformityIllusionPsychoPy\\Pics\\6start.png', 'endImage': 'C:\\Users\\hesselmann\\Desktop\\PsychoPyUniformityIllusion\\UniformityIllusionPsychoPy\\Pics\\6a.png', 'AB': 'a'}
48.6073 	DATA 	Keypress: space
48.6516 	EXP 	hasPeriphery_2: texRes = 128.0
48.6516 	EXP 	noPeriphery_2: texRes = 128.0
48.6516 	EXP 	hasPeriphery_2: autoDraw = False
48.6516 	EXP 	noPeriphery_2: autoDraw = False
48.6516 	EXP 	text_2: autoDraw = False
48.6516 	EXP 	hasPeriphery_2: size = array([1.77777778, 1.        ])
48.6516 	EXP 	hasPeriphery_2: image = 'C:\\Users\\hesselmann\\Desktop\\PsychoPyUniformityIllusion\\UniformityIllusionPsychoPy\\Pics\\6a.png'
48.6516 	EXP 	noPeriphery_2: size = array([1.77777778, 1.        ])
48.6516 	EXP 	noPeriphery_2: image = 'C:\\Users\\hesselmann\\Desktop\\PsychoPyUniformityIllusion\\UniformityIllusionPsychoPy\\Pics\\6start.png'
48.6516 	EXP 	hasPeriphery_2: autoDraw = True
48.6516 	EXP 	hasPeriphery_2: texRes = 128.0
48.6516 	EXP 	noPeriphery_2: autoDraw = True
48.6516 	EXP 	noPeriphery_2: texRes = 128.0
48.6516 	EXP 	text_2: autoDraw = True
48.7859 	EXP 	hasPeriphery_2: texRes = 128.0
48.7859 	EXP 	noPeriphery_2: texRes = 128.0
48.9680 	EXP 	hasPeriphery_2: texRes = 128.0
48.9680 	EXP 	noPeriphery_2: texRes = 128.0
49.1001 	EXP 	New trial (rep=0, index=5): {'startImage': 'C:\\Users\\hesselmann\\Desktop\\PsychoPyUniformityIllusion\\UniformityIllusionPsychoPy\\Pics\\6start.png', 'endImage': 'C:\\Users\\hesselmann\\Desktop\\PsychoPyUniformityIllusion\\UniformityIllusionPsychoPy\\Pics\\6b.png', 'AB': 'b'}
49.3207 	DATA 	Keypress: space
49.3680 	EXP 	hasPeriphery_2: texRes = 128.0
49.3680 	EXP 	noPeriphery_2: texRes = 128.0
49.3680 	EXP 	hasPeriphery_2: autoDraw = False
49.3680 	EXP 	noPeriphery_2: autoDraw = False
49.3680 	EXP 	text_2: autoDraw = False
49.3680 	EXP 	hasPeriphery_2: size = array([1.77777778, 1.        ])
49.3680 	EXP 	hasPeriphery_2: image = 'C:\\Users\\hesselmann\\Desktop\\PsychoPyUniformityIllusion\\UniformityIllusionPsychoPy\\Pics\\6b.png'
49.3680 	EXP 	noPeriphery_2: size = array([1.77777778, 1.        ])
49.3680 	EXP 	noPeriphery_2: image = 'C:\\Users\\hesselmann\\Desktop\\PsychoPyUniformityIllusion\\UniformityIllusionPsychoPy\\Pics\\6start.png'
49.3680 	EXP 	hasPeriphery_2: autoDraw = True
49.3680 	EXP 	hasPeriphery_2: texRes = 128.0
49.3680 	EXP 	noPeriphery_2: autoDraw = True
49.3680 	EXP 	noPeriphery_2: texRes = 128.0
49.3680 	EXP 	text_2: autoDraw = True
49.5012 	EXP 	hasPeriphery_2: texRes = 128.0
49.5012 	EXP 	noPeriphery_2: texRes = 128.0
49.6172 	EXP 	New trial (rep=0, index=6): {'startImage': 'C:\\Users\\hesselmann\\Desktop\\PsychoPyUniformityIllusion\\UniformityIllusionPsychoPy\\Pics\\7start.png', 'endImage': 'C:\\Users\\hesselmann\\Desktop\\PsychoPyUniformityIllusion\\UniformityIllusionPsychoPy\\Pics\\7a.png', 'AB': None}
49.8431 	DATA 	Keypress: space
49.8853 	EXP 	hasPeriphery_2: texRes = 128.0
49.8853 	EXP 	noPeriphery_2: texRes = 128.0
49.8853 	EXP 	hasPeriphery_2: autoDraw = False
49.8853 	EXP 	noPeriphery_2: autoDraw = False
49.8853 	EXP 	text_2: autoDraw = False
49.8853 	EXP 	hasPeriphery_2: size = array([1.77777778, 1.        ])
49.8853 	EXP 	hasPeriphery_2: image = 'C:\\Users\\hesselmann\\Desktop\\PsychoPyUniformityIllusion\\UniformityIllusionPsychoPy\\Pics\\7a.png'
49.8853 	EXP 	noPeriphery_2: size = array([1.77777778, 1.        ])
49.8853 	EXP 	noPeriphery_2: image = 'C:\\Users\\hesselmann\\Desktop\\PsychoPyUniformityIllusion\\UniformityIllusionPsychoPy\\Pics\\7start.png'
49.8853 	EXP 	hasPeriphery_2: autoDraw = True
49.8853 	EXP 	hasPeriphery_2: texRes = 128.0
49.8853 	EXP 	noPeriphery_2: autoDraw = True
49.8853 	EXP 	noPeriphery_2: texRes = 128.0
49.8853 	EXP 	text_2: autoDraw = True
50.0012 	DATA 	Keypress: space
50.0388 	EXP 	hasPeriphery_2: texRes = 128.0
50.0388 	EXP 	noPeriphery_2: texRes = 128.0
50.1723 	EXP 	New trial (rep=0, index=7): {'startImage': 'C:\\Users\\hesselmann\\Desktop\\PsychoPyUniformityIllusion\\UniformityIllusionPsychoPy\\Pics\\7start.png', 'endImage': 'C:\\Users\\hesselmann\\Desktop\\PsychoPyUniformityIllusion\\UniformityIllusionPsychoPy\\Pics\\7b.png', 'AB': None}
50.4221 	EXP 	hasPeriphery_2: texRes = 128.0
50.4221 	EXP 	noPeriphery_2: texRes = 128.0
50.4221 	EXP 	hasPeriphery_2: autoDraw = False
50.4221 	EXP 	noPeriphery_2: autoDraw = False
50.4221 	EXP 	text_2: autoDraw = False
50.4221 	EXP 	hasPeriphery_2: size = array([1.77777778, 1.        ])
50.4221 	EXP 	hasPeriphery_2: image = 'C:\\Users\\hesselmann\\Desktop\\PsychoPyUniformityIllusion\\UniformityIllusionPsychoPy\\Pics\\7b.png'
50.4221 	EXP 	noPeriphery_2: size = array([1.77777778, 1.        ])
50.4221 	EXP 	noPeriphery_2: image = 'C:\\Users\\hesselmann\\Desktop\\PsychoPyUniformityIllusion\\UniformityIllusionPsychoPy\\Pics\\7start.png'
50.4221 	EXP 	hasPeriphery_2: autoDraw = True
50.4221 	EXP 	hasPeriphery_2: texRes = 128.0
50.4221 	EXP 	noPeriphery_2: autoDraw = True
50.4221 	EXP 	noPeriphery_2: texRes = 128.0
50.4221 	EXP 	text_2: autoDraw = True
50.5233 	EXP 	New trial (rep=0, index=8): {'startImage': 'C:\\Users\\hesselmann\\Desktop\\PsychoPyUniformityIllusion\\UniformityIllusionPsychoPy\\Pics\\8start.png', 'endImage': 'C:\\Users\\hesselmann\\Desktop\\PsychoPyUniformityIllusion\\UniformityIllusionPsychoPy\\Pics\\8a.png', 'AB': None}
50.7172 	DATA 	Keypress: space
50.7516 	EXP 	hasPeriphery_2: texRes = 128.0
50.7516 	EXP 	noPeriphery_2: texRes = 128.0
50.7516 	EXP 	hasPeriphery_2: autoDraw = False
50.7516 	EXP 	noPeriphery_2: autoDraw = False
50.7516 	EXP 	text_2: autoDraw = False
50.7516 	EXP 	hasPeriphery_2: size = array([1.77777778, 1.        ])
50.7516 	EXP 	hasPeriphery_2: image = 'C:\\Users\\hesselmann\\Desktop\\PsychoPyUniformityIllusion\\UniformityIllusionPsychoPy\\Pics\\8a.png'
50.7516 	EXP 	noPeriphery_2: size = array([1.77777778, 1.        ])
50.7516 	EXP 	noPeriphery_2: image = 'C:\\Users\\hesselmann\\Desktop\\PsychoPyUniformityIllusion\\UniformityIllusionPsychoPy\\Pics\\8start.png'
50.7516 	EXP 	hasPeriphery_2: autoDraw = True
50.7516 	EXP 	hasPeriphery_2: texRes = 128.0
50.7516 	EXP 	noPeriphery_2: autoDraw = True
50.7516 	EXP 	noPeriphery_2: texRes = 128.0
50.7516 	EXP 	text_2: autoDraw = True
50.9027 	EXP 	hasPeriphery_2: texRes = 128.0
50.9027 	EXP 	noPeriphery_2: texRes = 128.0
51.0163 	EXP 	New trial (rep=0, index=9): {'startImage': 'C:\\Users\\hesselmann\\Desktop\\PsychoPyUniformityIllusion\\UniformityIllusionPsychoPy\\Pics\\8start.png', 'endImage': 'C:\\Users\\hesselmann\\Desktop\\PsychoPyUniformityIllusion\\UniformityIllusionPsychoPy\\Pics\\8b.png', 'AB': None}
51.1990 	DATA 	Keypress: space
51.2361 	EXP 	hasPeriphery_2: texRes = 128.0
51.2361 	EXP 	noPeriphery_2: texRes = 128.0
51.2361 	EXP 	hasPeriphery_2: autoDraw = False
51.2361 	EXP 	noPeriphery_2: autoDraw = False
51.2361 	EXP 	text_2: autoDraw = False
51.2361 	EXP 	hasPeriphery_2: size = array([1.77777778, 1.        ])
51.2361 	EXP 	hasPeriphery_2: image = 'C:\\Users\\hesselmann\\Desktop\\PsychoPyUniformityIllusion\\UniformityIllusionPsychoPy\\Pics\\8b.png'
51.2361 	EXP 	noPeriphery_2: size = array([1.77777778, 1.        ])
51.2361 	EXP 	noPeriphery_2: image = 'C:\\Users\\hesselmann\\Desktop\\PsychoPyUniformityIllusion\\UniformityIllusionPsychoPy\\Pics\\8start.png'
51.2361 	EXP 	hasPeriphery_2: autoDraw = True
51.2361 	EXP 	hasPeriphery_2: texRes = 128.0
51.2361 	EXP 	noPeriphery_2: autoDraw = True
51.2361 	EXP 	noPeriphery_2: texRes = 128.0
51.2361 	EXP 	text_2: autoDraw = True
51.3279 	DATA 	Keypress: space
51.3682 	EXP 	hasPeriphery_2: texRes = 128.0
51.3682 	EXP 	noPeriphery_2: texRes = 128.0
51.4744 	EXP 	New trial (rep=0, index=10): {'startImage': 'C:\\Users\\hesselmann\\Desktop\\PsychoPyUniformityIllusion\\UniformityIllusionPsychoPy\\Pics\\9start.png', 'endImage': 'C:\\Users\\hesselmann\\Desktop\\PsychoPyUniformityIllusion\\UniformityIllusionPsychoPy\\Pics\\9a.png', 'AB': None}
51.7192 	EXP 	hasPeriphery_2: texRes = 128.0
51.7192 	EXP 	noPeriphery_2: texRes = 128.0
51.7192 	EXP 	hasPeriphery_2: autoDraw = False
51.7192 	EXP 	noPeriphery_2: autoDraw = False
51.7192 	EXP 	text_2: autoDraw = False
51.7192 	EXP 	hasPeriphery_2: size = array([1.77777778, 1.        ])
51.7192 	EXP 	hasPeriphery_2: image = 'C:\\Users\\hesselmann\\Desktop\\PsychoPyUniformityIllusion\\UniformityIllusionPsychoPy\\Pics\\9a.png'
51.7192 	EXP 	noPeriphery_2: size = array([1.77777778, 1.        ])
51.7192 	EXP 	noPeriphery_2: image = 'C:\\Users\\hesselmann\\Desktop\\PsychoPyUniformityIllusion\\UniformityIllusionPsychoPy\\Pics\\9start.png'
51.7192 	EXP 	hasPeriphery_2: autoDraw = True
51.7192 	EXP 	hasPeriphery_2: texRes = 128.0
51.7192 	EXP 	noPeriphery_2: autoDraw = True
51.7192 	EXP 	noPeriphery_2: texRes = 128.0
51.7192 	EXP 	text_2: autoDraw = True
51.8073 	EXP 	New trial (rep=0, index=11): {'startImage': 'C:\\Users\\hesselmann\\Desktop\\PsychoPyUniformityIllusion\\UniformityIllusionPsychoPy\\Pics\\9start.png', 'endImage': 'C:\\Users\\hesselmann\\Desktop\\PsychoPyUniformityIllusion\\UniformityIllusionPsychoPy\\Pics\\9b.png', 'AB': None}
51.9888 	DATA 	Keypress: space
52.0349 	EXP 	hasPeriphery_2: texRes = 128.0
52.0349 	EXP 	noPeriphery_2: texRes = 128.0
52.0349 	EXP 	hasPeriphery_2: autoDraw = False
52.0349 	EXP 	noPeriphery_2: autoDraw = False
52.0349 	EXP 	text_2: autoDraw = False
52.0349 	EXP 	hasPeriphery_2: size = array([1.77777778, 1.        ])
52.0349 	EXP 	hasPeriphery_2: image = 'C:\\Users\\hesselmann\\Desktop\\PsychoPyUniformityIllusion\\UniformityIllusionPsychoPy\\Pics\\9b.png'
52.0349 	EXP 	noPeriphery_2: size = array([1.77777778, 1.        ])
52.0349 	EXP 	noPeriphery_2: image = 'C:\\Users\\hesselmann\\Desktop\\PsychoPyUniformityIllusion\\UniformityIllusionPsychoPy\\Pics\\9start.png'
52.0349 	EXP 	hasPeriphery_2: autoDraw = True
52.0349 	EXP 	hasPeriphery_2: texRes = 128.0
52.0349 	EXP 	noPeriphery_2: autoDraw = True
52.0349 	EXP 	noPeriphery_2: texRes = 128.0
52.0349 	EXP 	text_2: autoDraw = True
52.1715 	EXP 	hasPeriphery_2: texRes = 128.0
52.1715 	EXP 	noPeriphery_2: texRes = 128.0
52.2694 	EXP 	New trial (rep=0, index=12): {'startImage': 'C:\\Users\\hesselmann\\Desktop\\PsychoPyUniformityIllusion\\UniformityIllusionPsychoPy\\Pics\\10start.png', 'endImage': 'C:\\Users\\hesselmann\\Desktop\\PsychoPyUniformityIllusion\\UniformityIllusionPsychoPy\\Pics\\10a.png', 'AB': None}
52.5083 	DATA 	Keypress: space
52.5513 	EXP 	hasPeriphery_2: texRes = 128.0
52.5513 	EXP 	noPeriphery_2: texRes = 128.0
52.5513 	EXP 	hasPeriphery_2: autoDraw = False
52.5513 	EXP 	noPeriphery_2: autoDraw = False
52.5513 	EXP 	text_2: autoDraw = False
52.5513 	EXP 	hasPeriphery_2: size = array([1.77777778, 1.        ])
52.5513 	EXP 	hasPeriphery_2: image = 'C:\\Users\\hesselmann\\Desktop\\PsychoPyUniformityIllusion\\UniformityIllusionPsychoPy\\Pics\\10a.png'
52.5513 	EXP 	noPeriphery_2: size = array([1.77777778, 1.        ])
52.5513 	EXP 	noPeriphery_2: image = 'C:\\Users\\hesselmann\\Desktop\\PsychoPyUniformityIllusion\\UniformityIllusionPsychoPy\\Pics\\10start.png'
52.5513 	EXP 	hasPeriphery_2: autoDraw = True
52.5513 	EXP 	hasPeriphery_2: texRes = 128.0
52.5513 	EXP 	noPeriphery_2: autoDraw = True
52.5513 	EXP 	noPeriphery_2: texRes = 128.0
52.5513 	EXP 	text_2: autoDraw = True
52.6737 	DATA 	Keypress: space
52.7189 	EXP 	hasPeriphery_2: texRes = 128.0
52.7189 	EXP 	noPeriphery_2: texRes = 128.0
52.8594 	EXP 	New trial (rep=0, index=13): {'startImage': 'C:\\Users\\hesselmann\\Desktop\\PsychoPyUniformityIllusion\\UniformityIllusionPsychoPy\\Pics\\10start.png', 'endImage': 'C:\\Users\\hesselmann\\Desktop\\PsychoPyUniformityIllusion\\UniformityIllusionPsychoPy\\Pics\\10b.png', 'AB': None}
53.0928 	DATA 	Keypress: space
53.1365 	EXP 	hasPeriphery_2: texRes = 128.0
53.1365 	EXP 	noPeriphery_2: texRes = 128.0
53.1365 	EXP 	hasPeriphery_2: autoDraw = False
53.1365 	EXP 	noPeriphery_2: autoDraw = False
53.1365 	EXP 	text_2: autoDraw = False
53.1365 	EXP 	hasPeriphery_2: size = array([1.77777778, 1.        ])
53.1365 	EXP 	hasPeriphery_2: image = 'C:\\Users\\hesselmann\\Desktop\\PsychoPyUniformityIllusion\\UniformityIllusionPsychoPy\\Pics\\10b.png'
53.1365 	EXP 	noPeriphery_2: size = array([1.77777778, 1.        ])
53.1365 	EXP 	noPeriphery_2: image = 'C:\\Users\\hesselmann\\Desktop\\PsychoPyUniformityIllusion\\UniformityIllusionPsychoPy\\Pics\\10start.png'
53.1365 	EXP 	hasPeriphery_2: autoDraw = True
53.1365 	EXP 	hasPeriphery_2: texRes = 128.0
53.1365 	EXP 	noPeriphery_2: autoDraw = True
53.1365 	EXP 	noPeriphery_2: texRes = 128.0
53.1365 	EXP 	text_2: autoDraw = True
53.3009 	EXP 	hasPeriphery_2: texRes = 128.0
53.3009 	EXP 	noPeriphery_2: texRes = 128.0
53.4872 	EXP 	hasPeriphery_2: texRes = 128.0
53.4872 	EXP 	noPeriphery_2: texRes = 128.0
53.6255 	EXP 	New trial (rep=0, index=14): {'startImage': 'C:\\Users\\hesselmann\\Desktop\\PsychoPyUniformityIllusion\\UniformityIllusionPsychoPy\\Pics\\11start.png', 'endImage': 'C:\\Users\\hesselmann\\Desktop\\PsychoPyUniformityIllusion\\UniformityIllusionPsychoPy\\Pics\\11a.png', 'AB': None}
53.8747 	DATA 	Keypress: space
53.9189 	EXP 	hasPeriphery_2: texRes = 128.0
53.9189 	EXP 	noPeriphery_2: texRes = 128.0
53.9189 	EXP 	hasPeriphery_2: autoDraw = False
53.9189 	EXP 	noPeriphery_2: autoDraw = False
53.9189 	EXP 	text_2: autoDraw = False
53.9189 	EXP 	hasPeriphery_2: size = array([1.77777778, 1.        ])
53.9189 	EXP 	hasPeriphery_2: image = 'C:\\Users\\hesselmann\\Desktop\\PsychoPyUniformityIllusion\\UniformityIllusionPsychoPy\\Pics\\11a.png'
53.9189 	EXP 	noPeriphery_2: size = array([1.77777778, 1.        ])
53.9189 	EXP 	noPeriphery_2: image = 'C:\\Users\\hesselmann\\Desktop\\PsychoPyUniformityIllusion\\UniformityIllusionPsychoPy\\Pics\\11start.png'
53.9189 	EXP 	hasPeriphery_2: autoDraw = True
53.9189 	EXP 	hasPeriphery_2: texRes = 128.0
53.9189 	EXP 	noPeriphery_2: autoDraw = True
53.9189 	EXP 	noPeriphery_2: texRes = 128.0
53.9189 	EXP 	text_2: autoDraw = True
54.0435 	EXP 	New trial (rep=0, index=15): {'startImage': 'C:\\Users\\hesselmann\\Desktop\\PsychoPyUniformityIllusion\\UniformityIllusionPsychoPy\\Pics\\11start.png', 'endImage': 'C:\\Users\\hesselmann\\Desktop\\PsychoPyUniformityIllusion\\UniformityIllusionPsychoPy\\Pics\\11b.png', 'AB': None}
54.2689 	DATA 	Keypress: space
54.3031 	EXP 	hasPeriphery_2: texRes = 128.0
54.3031 	EXP 	noPeriphery_2: texRes = 128.0
54.3031 	EXP 	hasPeriphery_2: autoDraw = False
54.3031 	EXP 	noPeriphery_2: autoDraw = False
54.3031 	EXP 	text_2: autoDraw = False
54.3031 	EXP 	hasPeriphery_2: size = array([1.77777778, 1.        ])
54.3031 	EXP 	hasPeriphery_2: image = 'C:\\Users\\hesselmann\\Desktop\\PsychoPyUniformityIllusion\\UniformityIllusionPsychoPy\\Pics\\11b.png'
54.3031 	EXP 	noPeriphery_2: size = array([1.77777778, 1.        ])
54.3031 	EXP 	noPeriphery_2: image = 'C:\\Users\\hesselmann\\Desktop\\PsychoPyUniformityIllusion\\UniformityIllusionPsychoPy\\Pics\\11start.png'
54.3031 	EXP 	hasPeriphery_2: autoDraw = True
54.3031 	EXP 	hasPeriphery_2: texRes = 128.0
54.3031 	EXP 	noPeriphery_2: autoDraw = True
54.3031 	EXP 	noPeriphery_2: texRes = 128.0
54.3031 	EXP 	text_2: autoDraw = True
54.4257 	DATA 	Keypress: space
54.4678 	EXP 	hasPeriphery_2: texRes = 128.0
54.4678 	EXP 	noPeriphery_2: texRes = 128.0
54.6148 	EXP 	New trial (rep=0, index=16): {'startImage': 'C:\\Users\\hesselmann\\Desktop\\PsychoPyUniformityIllusion\\UniformityIllusionPsychoPy\\Pics\\12start.png', 'endImage': 'C:\\Users\\hesselmann\\Desktop\\PsychoPyUniformityIllusion\\UniformityIllusionPsychoPy\\Pics\\12a.png', 'AB': None}
54.8195 	EXP 	hasPeriphery_2: texRes = 128.0
54.8195 	EXP 	noPeriphery_2: texRes = 128.0
54.8195 	EXP 	hasPeriphery_2: autoDraw = False
54.8195 	EXP 	noPeriphery_2: autoDraw = False
54.8195 	EXP 	text_2: autoDraw = False
54.8195 	EXP 	hasPeriphery_2: size = array([1.77777778, 1.        ])
54.8195 	EXP 	hasPeriphery_2: image = 'C:\\Users\\hesselmann\\Desktop\\PsychoPyUniformityIllusion\\UniformityIllusionPsychoPy\\Pics\\12a.png'
54.8195 	EXP 	noPeriphery_2: size = array([1.77777778, 1.        ])
54.8195 	EXP 	noPeriphery_2: image = 'C:\\Users\\hesselmann\\Desktop\\PsychoPyUniformityIllusion\\UniformityIllusionPsychoPy\\Pics\\12start.png'
54.8195 	EXP 	hasPeriphery_2: autoDraw = True
54.8195 	EXP 	hasPeriphery_2: texRes = 128.0
54.8195 	EXP 	noPeriphery_2: autoDraw = True
54.8195 	EXP 	noPeriphery_2: texRes = 128.0
54.8195 	EXP 	text_2: autoDraw = True
54.9509 	EXP 	hasPeriphery_2: texRes = 128.0
54.9509 	EXP 	noPeriphery_2: texRes = 128.0
55.0849 	EXP 	hasPeriphery_2: texRes = 128.0
55.0849 	EXP 	noPeriphery_2: texRes = 128.0
55.2348 	EXP 	hasPeriphery_2: texRes = 128.0
55.2348 	EXP 	noPeriphery_2: texRes = 128.0
55.3841 	EXP 	hasPeriphery_2: texRes = 128.0
55.3841 	EXP 	noPeriphery_2: texRes = 128.0
55.5353 	EXP 	hasPeriphery_2: texRes = 128.0
55.5353 	EXP 	noPeriphery_2: texRes = 128.0
55.6493 	DATA 	Keypress: space
55.6840 	EXP 	hasPeriphery_2: texRes = 128.0
55.6840 	EXP 	noPeriphery_2: texRes = 128.0
55.7776 	EXP 	New trial (rep=0, index=17): {'startImage': 'C:\\Users\\hesselmann\\Desktop\\PsychoPyUniformityIllusion\\UniformityIllusionPsychoPy\\Pics\\12start.png', 'endImage': 'C:\\Users\\hesselmann\\Desktop\\PsychoPyUniformityIllusion\\UniformityIllusionPsychoPy\\Pics\\12b.png', 'AB': None}
56.0198 	EXP 	hasPeriphery_2: texRes = 128.0
56.0198 	EXP 	noPeriphery_2: texRes = 128.0
56.0198 	EXP 	hasPeriphery_2: autoDraw = False
56.0198 	EXP 	noPeriphery_2: autoDraw = False
56.0198 	EXP 	text_2: autoDraw = False
56.0198 	EXP 	hasPeriphery_2: size = array([1.77777778, 1.        ])
56.0198 	EXP 	hasPeriphery_2: image = 'C:\\Users\\hesselmann\\Desktop\\PsychoPyUniformityIllusion\\UniformityIllusionPsychoPy\\Pics\\12b.png'
56.0198 	EXP 	noPeriphery_2: size = array([1.77777778, 1.        ])
56.0198 	EXP 	noPeriphery_2: image = 'C:\\Users\\hesselmann\\Desktop\\PsychoPyUniformityIllusion\\UniformityIllusionPsychoPy\\Pics\\12start.png'
56.0198 	EXP 	hasPeriphery_2: autoDraw = True
56.0198 	EXP 	hasPeriphery_2: texRes = 128.0
56.0198 	EXP 	noPeriphery_2: autoDraw = True
56.0198 	EXP 	noPeriphery_2: texRes = 128.0
56.0198 	EXP 	text_2: autoDraw = True
56.1508 	EXP 	hasPeriphery_2: texRes = 128.0
56.1508 	EXP 	noPeriphery_2: texRes = 128.0
56.3006 	EXP 	hasPeriphery_2: texRes = 128.0
56.3006 	EXP 	noPeriphery_2: texRes = 128.0
56.4068 	EXP 	New trial (rep=0, index=18): {'startImage': 'C:\\Users\\hesselmann\\Desktop\\PsychoPyUniformityIllusion\\UniformityIllusionPsychoPy\\Pics\\13start.png', 'endImage': 'C:\\Users\\hesselmann\\Desktop\\PsychoPyUniformityIllusion\\UniformityIllusionPsychoPy\\Pics\\13a.png', 'AB': None}
56.6721 	DATA 	Keypress: space
56.7174 	EXP 	hasPeriphery_2: texRes = 128.0
56.7174 	EXP 	noPeriphery_2: texRes = 128.0
56.7174 	EXP 	hasPeriphery_2: autoDraw = False
56.7174 	EXP 	noPeriphery_2: autoDraw = False
56.7174 	EXP 	text_2: autoDraw = False
56.7174 	EXP 	hasPeriphery_2: size = array([1.77777778, 1.        ])
56.7174 	EXP 	hasPeriphery_2: image = 'C:\\Users\\hesselmann\\Desktop\\PsychoPyUniformityIllusion\\UniformityIllusionPsychoPy\\Pics\\13a.png'
56.7174 	EXP 	noPeriphery_2: size = array([1.77777778, 1.        ])
56.7174 	EXP 	noPeriphery_2: image = 'C:\\Users\\hesselmann\\Desktop\\PsychoPyUniformityIllusion\\UniformityIllusionPsychoPy\\Pics\\13start.png'
56.7174 	EXP 	hasPeriphery_2: autoDraw = True
56.7174 	EXP 	hasPeriphery_2: texRes = 128.0
56.7174 	EXP 	noPeriphery_2: autoDraw = True
56.7174 	EXP 	noPeriphery_2: texRes = 128.0
56.7174 	EXP 	text_2: autoDraw = True
56.9005 	EXP 	hasPeriphery_2: texRes = 128.0
56.9005 	EXP 	noPeriphery_2: texRes = 128.0
57.0589 	EXP 	New trial (rep=0, index=19): {'startImage': 'C:\\Users\\hesselmann\\Desktop\\PsychoPyUniformityIllusion\\UniformityIllusionPsychoPy\\Pics\\13start.png', 'endImage': 'C:\\Users\\hesselmann\\Desktop\\PsychoPyUniformityIllusion\\UniformityIllusionPsychoPy\\Pics\\13b.png', 'AB': None}
57.3090 	DATA 	Keypress: space
57.3520 	EXP 	hasPeriphery_2: texRes = 128.0
57.3520 	EXP 	noPeriphery_2: texRes = 128.0
57.3520 	EXP 	hasPeriphery_2: autoDraw = False
57.3520 	EXP 	noPeriphery_2: autoDraw = False
57.3520 	EXP 	text_2: autoDraw = False
57.3520 	EXP 	hasPeriphery_2: size = array([1.77777778, 1.        ])
57.3520 	EXP 	hasPeriphery_2: image = 'C:\\Users\\hesselmann\\Desktop\\PsychoPyUniformityIllusion\\UniformityIllusionPsychoPy\\Pics\\13b.png'
57.3520 	EXP 	noPeriphery_2: size = array([1.77777778, 1.        ])
57.3520 	EXP 	noPeriphery_2: image = 'C:\\Users\\hesselmann\\Desktop\\PsychoPyUniformityIllusion\\UniformityIllusionPsychoPy\\Pics\\13start.png'
57.3520 	EXP 	hasPeriphery_2: autoDraw = True
57.3520 	EXP 	hasPeriphery_2: texRes = 128.0
57.3520 	EXP 	noPeriphery_2: autoDraw = True
57.3520 	EXP 	noPeriphery_2: texRes = 128.0
57.3520 	EXP 	text_2: autoDraw = True
57.5355 	EXP 	hasPeriphery_2: texRes = 128.0
57.5355 	EXP 	noPeriphery_2: texRes = 128.0
57.6898 	EXP 	New trial (rep=0, index=20): {'startImage': 'C:\\Users\\hesselmann\\Desktop\\PsychoPyUniformityIllusion\\UniformityIllusionPsychoPy\\Pics\\14start.png', 'endImage': 'C:\\Users\\hesselmann\\Desktop\\PsychoPyUniformityIllusion\\UniformityIllusionPsychoPy\\Pics\\14a.png', 'AB': None}
57.9160 	DATA 	Keypress: space
57.9507 	EXP 	hasPeriphery_2: texRes = 128.0
57.9507 	EXP 	noPeriphery_2: texRes = 128.0
57.9507 	EXP 	hasPeriphery_2: autoDraw = False
57.9507 	EXP 	noPeriphery_2: autoDraw = False
57.9507 	EXP 	text_2: autoDraw = False
57.9507 	EXP 	hasPeriphery_2: size = array([1.77777778, 1.        ])
57.9507 	EXP 	hasPeriphery_2: image = 'C:\\Users\\hesselmann\\Desktop\\PsychoPyUniformityIllusion\\UniformityIllusionPsychoPy\\Pics\\14a.png'
57.9507 	EXP 	noPeriphery_2: size = array([1.77777778, 1.        ])
57.9507 	EXP 	noPeriphery_2: image = 'C:\\Users\\hesselmann\\Desktop\\PsychoPyUniformityIllusion\\UniformityIllusionPsychoPy\\Pics\\14start.png'
57.9507 	EXP 	hasPeriphery_2: autoDraw = True
57.9507 	EXP 	hasPeriphery_2: texRes = 128.0
57.9507 	EXP 	noPeriphery_2: autoDraw = True
57.9507 	EXP 	noPeriphery_2: texRes = 128.0
57.9507 	EXP 	text_2: autoDraw = True
58.1042 	EXP 	hasPeriphery_2: texRes = 128.0
58.1042 	EXP 	noPeriphery_2: texRes = 128.0
58.2358 	EXP 	New trial (rep=0, index=21): {'startImage': 'C:\\Users\\hesselmann\\Desktop\\PsychoPyUniformityIllusion\\UniformityIllusionPsychoPy\\Pics\\14start.png', 'endImage': 'C:\\Users\\hesselmann\\Desktop\\PsychoPyUniformityIllusion\\UniformityIllusionPsychoPy\\Pics\\14b.png', 'AB': None}
58.4111 	DATA 	Keypress: space
58.4505 	EXP 	hasPeriphery_2: texRes = 128.0
58.4505 	EXP 	noPeriphery_2: texRes = 128.0
58.4505 	EXP 	hasPeriphery_2: autoDraw = False
58.4505 	EXP 	noPeriphery_2: autoDraw = False
58.4505 	EXP 	text_2: autoDraw = False
58.4505 	EXP 	hasPeriphery_2: size = array([1.77777778, 1.        ])
58.4505 	EXP 	hasPeriphery_2: image = 'C:\\Users\\hesselmann\\Desktop\\PsychoPyUniformityIllusion\\UniformityIllusionPsychoPy\\Pics\\14b.png'
58.4505 	EXP 	noPeriphery_2: size = array([1.77777778, 1.        ])
58.4505 	EXP 	noPeriphery_2: image = 'C:\\Users\\hesselmann\\Desktop\\PsychoPyUniformityIllusion\\UniformityIllusionPsychoPy\\Pics\\14start.png'
58.4505 	EXP 	hasPeriphery_2: autoDraw = True
58.4505 	EXP 	hasPeriphery_2: texRes = 128.0
58.4505 	EXP 	noPeriphery_2: autoDraw = True
58.4505 	EXP 	noPeriphery_2: texRes = 128.0
58.4505 	EXP 	text_2: autoDraw = True
58.5842 	EXP 	hasPeriphery_2: texRes = 128.0
58.5842 	EXP 	noPeriphery_2: texRes = 128.0
58.7338 	EXP 	hasPeriphery_2: texRes = 128.0
58.7338 	EXP 	noPeriphery_2: texRes = 128.0
58.8855 	EXP 	hasPeriphery_2: texRes = 128.0
58.8855 	EXP 	noPeriphery_2: texRes = 128.0
59.0505 	EXP 	hasPeriphery_2: texRes = 128.0
59.0505 	EXP 	noPeriphery_2: texRes = 128.0
59.2025 	EXP 	hasPeriphery_2: texRes = 128.0
59.2025 	EXP 	noPeriphery_2: texRes = 128.0
59.3683 	EXP 	hasPeriphery_2: texRes = 128.0
59.3683 	EXP 	noPeriphery_2: texRes = 128.0
59.5348 	EXP 	hasPeriphery_2: texRes = 128.0
59.5348 	EXP 	noPeriphery_2: texRes = 128.0
59.7006 	EXP 	hasPeriphery_2: texRes = 128.0
59.7006 	EXP 	noPeriphery_2: texRes = 128.0
59.8534 	EXP 	hasPeriphery_2: texRes = 128.0
59.8534 	EXP 	noPeriphery_2: texRes = 128.0
60.0170 	EXP 	hasPeriphery_2: texRes = 128.0
60.0170 	EXP 	noPeriphery_2: texRes = 128.0
60.1678 	EXP 	hasPeriphery_2: texRes = 128.0
60.1678 	EXP 	noPeriphery_2: texRes = 128.0
60.3215 	EXP 	hasPeriphery_2: texRes = 128.0
60.3215 	EXP 	noPeriphery_2: texRes = 128.0
60.4681 	EXP 	hasPeriphery_2: texRes = 128.0
60.4681 	EXP 	noPeriphery_2: texRes = 128.0
60.6337 	EXP 	hasPeriphery_2: texRes = 128.0
60.6337 	EXP 	noPeriphery_2: texRes = 128.0
60.7839 	EXP 	hasPeriphery_2: texRes = 128.0
60.7839 	EXP 	noPeriphery_2: texRes = 128.0
60.9519 	EXP 	hasPeriphery_2: texRes = 128.0
60.9519 	EXP 	noPeriphery_2: texRes = 128.0
61.1181 	EXP 	hasPeriphery_2: texRes = 128.0
61.1181 	EXP 	noPeriphery_2: texRes = 128.0
61.2844 	EXP 	hasPeriphery_2: texRes = 128.0
61.2844 	EXP 	noPeriphery_2: texRes = 128.0
61.4528 	EXP 	hasPeriphery_2: texRes = 128.0
61.4528 	EXP 	noPeriphery_2: texRes = 128.0
61.5670 	DATA 	Keypress: space
61.6004 	EXP 	hasPeriphery_2: texRes = 128.0
61.6004 	EXP 	noPeriphery_2: texRes = 128.0
61.7032 	EXP 	New trial (rep=0, index=22): {'startImage': 'C:\\Users\\hesselmann\\Desktop\\PsychoPyUniformityIllusion\\UniformityIllusionPsychoPy\\Pics\\15start.png', 'endImage': 'C:\\Users\\hesselmann\\Desktop\\PsychoPyUniformityIllusion\\UniformityIllusionPsychoPy\\Pics\\15a.png', 'AB': None}
61.9171 	EXP 	hasPeriphery_2: texRes = 128.0
61.9171 	EXP 	noPeriphery_2: texRes = 128.0
61.9171 	EXP 	hasPeriphery_2: autoDraw = False
61.9171 	EXP 	noPeriphery_2: autoDraw = False
61.9171 	EXP 	text_2: autoDraw = False
61.9171 	EXP 	hasPeriphery_2: size = array([1.77777778, 1.        ])
61.9171 	EXP 	hasPeriphery_2: image = 'C:\\Users\\hesselmann\\Desktop\\PsychoPyUniformityIllusion\\UniformityIllusionPsychoPy\\Pics\\15a.png'
61.9171 	EXP 	noPeriphery_2: size = array([1.77777778, 1.        ])
61.9171 	EXP 	noPeriphery_2: image = 'C:\\Users\\hesselmann\\Desktop\\PsychoPyUniformityIllusion\\UniformityIllusionPsychoPy\\Pics\\15start.png'
61.9171 	EXP 	hasPeriphery_2: autoDraw = True
61.9171 	EXP 	hasPeriphery_2: texRes = 128.0
61.9171 	EXP 	noPeriphery_2: autoDraw = True
61.9171 	EXP 	noPeriphery_2: texRes = 128.0
61.9171 	EXP 	text_2: autoDraw = True
62.0044 	DATA 	Keypress: space
62.0501 	EXP 	hasPeriphery_2: texRes = 128.0
62.0501 	EXP 	noPeriphery_2: texRes = 128.0
62.1401 	EXP 	New trial (rep=0, index=23): {'startImage': 'C:\\Users\\hesselmann\\Desktop\\PsychoPyUniformityIllusion\\UniformityIllusionPsychoPy\\Pics\\15start.png', 'endImage': 'C:\\Users\\hesselmann\\Desktop\\PsychoPyUniformityIllusion\\UniformityIllusionPsychoPy\\Pics\\15b.png', 'AB': None}
62.3334 	EXP 	hasPeriphery_2: texRes = 128.0
62.3334 	EXP 	noPeriphery_2: texRes = 128.0
62.3334 	EXP 	hasPeriphery_2: autoDraw = False
62.3334 	EXP 	noPeriphery_2: autoDraw = False
62.3334 	EXP 	text_2: autoDraw = False
62.3334 	EXP 	hasPeriphery_2: size = array([1.77777778, 1.        ])
62.3334 	EXP 	hasPeriphery_2: image = 'C:\\Users\\hesselmann\\Desktop\\PsychoPyUniformityIllusion\\UniformityIllusionPsychoPy\\Pics\\15b.png'
62.3334 	EXP 	noPeriphery_2: size = array([1.77777778, 1.        ])
62.3334 	EXP 	noPeriphery_2: image = 'C:\\Users\\hesselmann\\Desktop\\PsychoPyUniformityIllusion\\UniformityIllusionPsychoPy\\Pics\\15start.png'
62.3334 	EXP 	hasPeriphery_2: autoDraw = True
62.3334 	EXP 	hasPeriphery_2: texRes = 128.0
62.3334 	EXP 	noPeriphery_2: autoDraw = True
62.3334 	EXP 	noPeriphery_2: texRes = 128.0
62.3334 	EXP 	text_2: autoDraw = True
62.4680 	EXP 	hasPeriphery_2: texRes = 128.0
62.4680 	EXP 	noPeriphery_2: texRes = 128.0
62.6001 	EXP 	hasPeriphery_2: texRes = 128.0
62.6001 	EXP 	noPeriphery_2: texRes = 128.0
62.7354 	EXP 	hasPeriphery_2: texRes = 128.0
62.7354 	EXP 	noPeriphery_2: texRes = 128.0
62.8373 	DATA 	Keypress: space
62.8695 	EXP 	hasPeriphery_2: texRes = 128.0
62.8695 	EXP 	noPeriphery_2: texRes = 128.0
62.9846 	EXP 	hasPeriphery_2: texRes = 128.0
62.9846 	EXP 	noPeriphery_2: texRes = 128.0
62.9846 	EXP 	hasPeriphery_2: autoDraw = False
62.9846 	EXP 	noPeriphery_2: autoDraw = False
62.9846 	EXP 	text_2: autoDraw = False
63.2697 	EXP 	window1: mouseVisible = True
