1.4400 	WARNING 	We strongly recommend you activate the PTB sound engine in PsychoPy prefs as the preferred audio engine. Its timing is vastly superior. Your prefs are currently set to use ['sounddevice', 'PTB', 'pyo', 'pygame'] (in that order).
9.4840 	WARNING 	Couldn't measure a consistent frame rate.
  - Is your graphics card set to sync to vertical blank?
  - Are you running other processes on your computer?

9.4845 	EXP 	Created window1 = Window(allowGUI=False, allowStencil=False, autoLog=True, backendConf=UNKNOWN, bitsMode=UNKNOWN, blendMode='avg', bpc=(8, 8, 8), color=array([0, 0, 0]), colorSpace='rgb', depthBits=8, fullscr=<method-wrapper '__getattribute__' of attributeSetter object at 0x0000028FD30BA6D8>, gamma=None, gammaErrorPolicy='raise', lms=UNKNOWN, monitor=<psychopy.monitors.calibTools.Monitor object at 0x0000028FD30DEA58>, multiSample=False, name='window1', numSamples=2, pos=[0.0, 0.0], screen=0, size=array([1920, 1080]), stencilBits=0, stereo=False, units='height', useFBO=True, useRetina=False, viewOri=0.0, viewPos=None, viewScale=None, waitBlanking=True, winType='pyglet')
9.4848 	EXP 	window1: mouseVisible = True
9.4848 	EXP 	window1: recordFrameIntervals = False
9.6704 	EXP 	window1: recordFrameIntervals = True
9.7123 	WARNING 	t of last frame was 27.82ms (=1/35)
9.7538 	WARNING 	t of last frame was 28.69ms (=1/34)
9.7893 	WARNING 	t of last frame was 25.73ms (=1/38)
9.8457 	WARNING 	t of last frame was 28.77ms (=1/34)
9.8856 	WARNING 	Multiple dropped frames have occurred - I'll stop bothering you about them!
11.6976 	WARNING 	Couldn't measure a consistent frame rate.
  - Is your graphics card set to sync to vertical blank?
  - Are you running other processes on your computer?

12.2898 	EXP 	Created WelcomeText = TextStim(__class__=<class 'psychopy.visual.text.TextStim'>, alignHoriz=method-wrapper(...), alignText='center', alignVert=method-wrapper(...), anchorHoriz='center', anchorVert='center', antialias=True, autoLog=True, bold=False, color=array([1, 1, 1]), colorSpace='rgb', contrast=1.0, depth=0.0, flipHoriz=False, flipVert=False, font='Open Sans', fontFiles=[], height=0.1, italic=False, languageStyle='LTR', name='WelcomeText', opacity=1, ori=0.0, pos=array([0., 0.]), rgb=UNKNOWN, text='Welcome to our Study!', units='height', win=Window(...), wrapWidth=1)
12.3051 	EXP 	Imported depression.xlsx as conditions, 2 conditions, 12 params
12.3063 	EXP 	Question text: Sadness
12.3373 	EXP 	window1: mouseVisible = True
12.3818 	EXP 	Question text: Pessimism
12.3979 	EXP 	window1: mouseVisible = True
12.4388 	EXP 	window1: mouseVisible = True
12.4449 	EXP 	Created unnamed Rect = Rect(__class__=<class 'psychopy.visual.rect.Rect'>, autoDraw=False, autoLog=True, closeShape=True, color=method-wrapper(...), colorSpace='rgb', contrast=None, depth=0, fillColor=array([0, 0, 0]), fillColorSpace='rgb', fillRGB=UNKNOWN, interpolate=True, lineColor=array([0, 0, 0]), lineColorSpace='rgb', lineRGB=UNKNOWN, lineWidth=1.5, name='unnamed Rect', opacity=0, ori=0.0, pos=array([0., 0.]), size=array([0., 0.]), units='height', vertices=ndarray(...), win=Window(...))
12.4534 	EXP 	Created DepressionQuestionnaire = <psychopy.visual.form.Form object at 0x0000028FD5FBE588>
12.4896 	EXP 	window1: mouseVisible = True
12.5544 	EXP 	Created instructionsText = TextStim(__class__=<class 'psychopy.visual.text.TextStim'>, alignHoriz=method-wrapper(...), alignText='center', alignVert=method-wrapper(...), anchorHoriz='center', anchorVert='center', antialias=True, autoLog=True, bold=False, color=array([1, 1, 1]), colorSpace='rgb', contrast=1.0, depth=0.0, flipHoriz=False, flipVert=False, font='Open Sans', fontFiles=[], height=0.04, italic=False, languageStyle='LTR', name='instructionsText', opacity=1, ori=0.0, pos=array([0., 0.]), rgb=UNKNOWN, text=str(...), units='height', win=Window(...), wrapWidth=1)
12.5582 	EXP 	Created hasPeriphery = ImageStim(__class__=<class 'psychopy.visual.image.ImageStim'>, autoLog=True, color=array([1, 1, 1]), colorSpace='rgb', contrast=1.0, depth=-1.0, flipHoriz=False, flipVert=False, image='sin', interpolate=True, mask=None, maskParams=None, name='hasPeriphery', opacity=1.0, ori=0.0, pos=array([0., 0.]), size=array([0.5, 0.5]), texRes=128.0, units='height', win=Window(...))
12.5612 	EXP 	Created noPeriphery = ImageStim(__class__=<class 'psychopy.visual.image.ImageStim'>, autoLog=True, color=array([1, 1, 1]), colorSpace='rgb', contrast=1.0, depth=-3.0, flipHoriz=False, flipVert=False, image='sin', interpolate=True, mask=None, maskParams=None, name='noPeriphery', opacity=1.0, ori=0.0, pos=array([0., 0.]), size=array([0.5, 0.5]), texRes=128.0, units='height', win=Window(...))
12.5643 	EXP 	Created final = ImageStim(__class__=<class 'psychopy.visual.image.ImageStim'>, autoLog=True, color=array([1, 1, 1]), colorSpace='rgb', contrast=1.0, depth=-4.0, flipHoriz=False, flipVert=False, image='sin', interpolate=True, mask=None, maskParams=None, name='final', opacity=1.0, ori=0.0, pos=array([0., 0.]), size=array([0.5, 0.5]), texRes=128.0, units='height', win=Window(...))
12.5654 	EXP 	Created blank_screen = Rect(__class__=<class 'psychopy.visual.rect.Rect'>, autoDraw=False, autoLog=True, closeShape=True, color=method-wrapper(...), colorSpace='rgb', contrast=None, depth=-5.0, fillColor=array([1, 1, 1]), fillColorSpace='rgb', fillRGB=UNKNOWN, interpolate=True, lineColor=array([1, 1, 1]), lineColorSpace='rgb', lineRGB=UNKNOWN, lineWidth=1.0, name='blank_screen', opacity=1.0, ori=0.0, pos=array([0., 0.]), size=array([2., 2.]), units='height', vertices=ndarray(...), win=Window(...))
12.5722 	EXP 	Created text = TextStim(__class__=<class 'psychopy.visual.text.TextStim'>, alignHoriz=method-wrapper(...), alignText='center', alignVert=method-wrapper(...), anchorHoriz='center', anchorVert='center', antialias=True, autoLog=True, bold=False, color=array([ 1, -1, -1]), colorSpace='rgb', contrast=1.0, depth=-6.0, flipHoriz=False, flipVert=False, font='Open Sans', fontFiles=[], height=0.1, italic=False, languageStyle='LTR', name='text', opacity=1, ori=0.0, pos=array([0., 0.]), rgb=UNKNOWN, text='+', units='height', win=Window(...), wrapWidth=1)
12.5942 	EXP 	Created WelcomeText = TextStim(__class__=<class 'psychopy.visual.text.TextStim'>, alignHoriz=method-wrapper(...), alignText='center', alignVert=method-wrapper(...), anchorHoriz='center', anchorVert='center', antialias=True, autoLog=True, bold=False, color=array([1, 1, 1]), colorSpace='rgb', contrast=1.0, depth=0.0, flipHoriz=False, flipVert=False, font='Open Sans', fontFiles=[], height=0.1, italic=False, languageStyle='LTR', name='WelcomeText', opacity=1, ori=0.0, pos=array([0., 0.]), rgb=UNKNOWN, text='Welcome to our Study!', units='height', win=Window(...), wrapWidth=1)
12.5972 	EXP 	Created hasPeriphery = ImageStim(__class__=<class 'psychopy.visual.image.ImageStim'>, autoLog=True, color=array([1, 1, 1]), colorSpace='rgb', contrast=1.0, depth=-1.0, flipHoriz=False, flipVert=False, image='sin', interpolate=True, mask=None, maskParams=None, name='hasPeriphery', opacity=1.0, ori=0.0, pos=array([0., 0.]), size=array([0.5, 0.5]), texRes=128.0, units='height', win=Window(...))
12.6034 	EXP 	Created noPeriphery = ImageStim(__class__=<class 'psychopy.visual.image.ImageStim'>, autoLog=True, color=array([1, 1, 1]), colorSpace='rgb', contrast=1.0, depth=-3.0, flipHoriz=False, flipVert=False, image='sin', interpolate=True, mask=None, maskParams=None, name='noPeriphery', opacity=1.0, ori=0.0, pos=array([0., 0.]), size=array([0.5, 0.5]), texRes=128.0, units='height', win=Window(...))
12.6066 	EXP 	Created final = ImageStim(__class__=<class 'psychopy.visual.image.ImageStim'>, autoLog=True, color=array([1, 1, 1]), colorSpace='rgb', contrast=1.0, depth=-4.0, flipHoriz=False, flipVert=False, image='sin', interpolate=True, mask=None, maskParams=None, name='final', opacity=1.0, ori=0.0, pos=array([0., 0.]), size=array([0.5, 0.5]), texRes=128.0, units='height', win=Window(...))
12.6081 	EXP 	Created blank_screen = Rect(__class__=<class 'psychopy.visual.rect.Rect'>, autoDraw=False, autoLog=True, closeShape=True, color=method-wrapper(...), colorSpace='rgb', contrast=None, depth=-5.0, fillColor=array([1, 1, 1]), fillColorSpace='rgb', fillRGB=UNKNOWN, interpolate=True, lineColor=array([1, 1, 1]), lineColorSpace='rgb', lineRGB=UNKNOWN, lineWidth=1.0, name='blank_screen', opacity=1.0, ori=0.0, pos=array([0., 0.]), size=array([2., 2.]), units='height', vertices=ndarray(...), win=Window(...))
12.6106 	EXP 	Created text = TextStim(__class__=<class 'psychopy.visual.text.TextStim'>, alignHoriz=method-wrapper(...), alignText='center', alignVert=method-wrapper(...), anchorHoriz='center', anchorVert='center', antialias=True, autoLog=True, bold=False, color=array([ 1, -1, -1]), colorSpace='rgb', contrast=1.0, depth=-6.0, flipHoriz=False, flipVert=False, font='Open Sans', fontFiles=[], height=0.1, italic=False, languageStyle='LTR', name='text', opacity=1, ori=0.0, pos=array([0., 0.]), rgb=UNKNOWN, text='+', units='height', win=Window(...), wrapWidth=1)
13.6593 	EXP 	unnamed Form: autoLog = True
13.6593 	EXP 	DepressionQuestionnaire: name = 'DepressionQuestionnaire'
13.6593 	EXP 	DepressionQuestionnaire: size = (3.5, 1)
13.6593 	EXP 	DepressionQuestionnaire: size = array([3.5, 1. ])
13.6593 	EXP 	DepressionQuestionnaire: units = 'height'
13.6593 	EXP 	DepressionQuestionnaire: depth = 0
13.6593 	EXP 	WelcomeText: autoDraw = True
14.6741 	EXP 	WelcomeText: autoDraw = False
14.6741 	EXP 	DepressionQuestionnaire: autoDraw = True
17.2265 	DATA 	Mouse: Left button down, pos=(706,81)
17.2930 	EXP 	DepressionQuestionnaire: autoDraw = False
17.2930 	EXP 	instructionsText: autoDraw = True
17.3313 	DATA 	Mouse:  Left button up, pos=(706,81)
18.3460 	DATA 	Keypress: b
18.3463 	DATA 	Keypress: g
18.7632 	EXP 	Imported picPaths.xlsx as conditions, 6 conditions, 4 params
18.7637 	EXP 	Created sequence: random, trialTypes=6, nReps=1, seed=None
18.7643 	EXP 	New trial (rep=0, index=0): {'startImage': 'C:\\Users\\hesselmann\\Desktop\\PsychoPyUniformityIllusion\\UniformityIllusionPsychoPy\\Pics\\1start.png', 'midImage': 'C:\\Users\\hesselmann\\Desktop\\PsychoPyUniformityIllusion\\UniformityIllusionPsychoPy\\Pics\\1a.png', 'endImage': 'C:\\Users\\hesselmann\\Desktop\\PsychoPyUniformityIllusion\\UniformityIllusionPsychoPy\\Pics\\1b.png', 'AB': 'b'}
19.0794 	DATA 	Keypress: space
19.1379 	EXP 	instructionsText: autoDraw = False
19.1379 	EXP 	hasPeriphery: size = array([1.77777778, 1.        ])
19.1379 	EXP 	hasPeriphery: image = 'C:\\Users\\hesselmann\\Desktop\\PsychoPyUniformityIllusion\\UniformityIllusionPsychoPy\\Pics\\1a.png'
19.1379 	EXP 	noPeriphery: size = array([1.77777778, 1.        ])
19.1379 	EXP 	noPeriphery: image = 'C:\\Users\\hesselmann\\Desktop\\PsychoPyUniformityIllusion\\UniformityIllusionPsychoPy\\Pics\\1start.png'
19.1379 	EXP 	final: size = array([1.77777778, 1.        ])
19.1379 	EXP 	final: image = 'C:\\Users\\hesselmann\\Desktop\\PsychoPyUniformityIllusion\\UniformityIllusionPsychoPy\\Pics\\1b.png'
19.1379 	EXP 	hasPeriphery: autoDraw = True
19.1379 	EXP 	hasPeriphery: texRes = 128.0
19.1379 	EXP 	noPeriphery: autoDraw = True
19.1379 	EXP 	noPeriphery: texRes = 128.0
19.1379 	EXP 	text: autoDraw = True
19.3107 	EXP 	hasPeriphery: texRes = 128.0
19.3107 	EXP 	noPeriphery: texRes = 128.0
19.5270 	EXP 	hasPeriphery: texRes = 128.0
19.5270 	EXP 	noPeriphery: texRes = 128.0
19.7254 	EXP 	hasPeriphery: texRes = 128.0
19.7254 	EXP 	noPeriphery: texRes = 128.0
19.9234 	EXP 	hasPeriphery: texRes = 128.0
19.9234 	EXP 	noPeriphery: texRes = 128.0
20.1346 	EXP 	hasPeriphery: texRes = 128.0
20.1346 	EXP 	noPeriphery: texRes = 128.0
20.3282 	EXP 	hasPeriphery: texRes = 128.0
20.3282 	EXP 	noPeriphery: texRes = 128.0
20.5398 	EXP 	hasPeriphery: texRes = 128.0
20.5398 	EXP 	noPeriphery: texRes = 128.0
20.7342 	EXP 	hasPeriphery: texRes = 128.0
20.7342 	EXP 	noPeriphery: texRes = 128.0
20.9415 	EXP 	hasPeriphery: texRes = 128.0
20.9415 	EXP 	noPeriphery: texRes = 128.0
21.1314 	EXP 	hasPeriphery: texRes = 128.0
21.1314 	EXP 	noPeriphery: texRes = 128.0
21.3458 	EXP 	hasPeriphery: texRes = 128.0
21.3458 	EXP 	noPeriphery: texRes = 128.0
21.5661 	EXP 	hasPeriphery: texRes = 128.0
21.5661 	EXP 	noPeriphery: texRes = 128.0
21.7716 	EXP 	hasPeriphery: texRes = 128.0
21.7716 	EXP 	noPeriphery: texRes = 128.0
21.9881 	EXP 	hasPeriphery: texRes = 128.0
21.9881 	EXP 	noPeriphery: texRes = 128.0
22.1873 	EXP 	hasPeriphery: texRes = 128.0
22.1873 	EXP 	noPeriphery: texRes = 128.0
22.4065 	EXP 	hasPeriphery: texRes = 128.0
22.4065 	EXP 	noPeriphery: texRes = 128.0
22.6003 	EXP 	hasPeriphery: texRes = 128.0
22.6003 	EXP 	noPeriphery: texRes = 128.0
22.8056 	EXP 	hasPeriphery: texRes = 128.0
22.8056 	EXP 	noPeriphery: texRes = 128.0
23.0005 	EXP 	hasPeriphery: texRes = 128.0
23.0005 	EXP 	noPeriphery: texRes = 128.0
23.2065 	EXP 	hasPeriphery: texRes = 128.0
23.2065 	EXP 	noPeriphery: texRes = 128.0
23.4147 	EXP 	hasPeriphery: texRes = 128.0
23.4147 	EXP 	noPeriphery: texRes = 128.0
23.4147 	EXP 	blank_screen: autoDraw = True
23.7022 	EXP 	hasPeriphery: texRes = 128.0
23.7022 	EXP 	noPeriphery: texRes = 128.0
23.7022 	EXP 	final: autoDraw = True
23.7022 	EXP 	final: texRes = 128.0
23.9946 	EXP 	hasPeriphery: texRes = 128.0
23.9946 	EXP 	noPeriphery: texRes = 128.0
23.9946 	EXP 	final: texRes = 128.0
23.9946 	EXP 	blank_screen: autoDraw = False
24.2992 	EXP 	hasPeriphery: texRes = 128.0
24.2992 	EXP 	noPeriphery: texRes = 128.0
24.2992 	EXP 	final: texRes = 128.0
24.5681 	EXP 	hasPeriphery: texRes = 128.0
24.5681 	EXP 	noPeriphery: texRes = 128.0
24.5681 	EXP 	final: texRes = 128.0
24.8604 	EXP 	hasPeriphery: texRes = 128.0
24.8604 	EXP 	noPeriphery: texRes = 128.0
24.8604 	EXP 	final: texRes = 128.0
25.1281 	EXP 	hasPeriphery: texRes = 128.0
25.1281 	EXP 	noPeriphery: texRes = 128.0
25.1281 	EXP 	final: texRes = 128.0
25.4317 	EXP 	hasPeriphery: texRes = 128.0
25.4317 	EXP 	noPeriphery: texRes = 128.0
25.4317 	EXP 	final: texRes = 128.0
25.4317 	EXP 	blank_screen: autoDraw = True
25.6304 	EXP 	New trial (rep=0, index=1): {'startImage': 'C:\\Users\\hesselmann\\Desktop\\PsychoPyUniformityIllusion\\UniformityIllusionPsychoPy\\Pics\\2start.png', 'midImage': 'C:\\Users\\hesselmann\\Desktop\\PsychoPyUniformityIllusion\\UniformityIllusionPsychoPy\\Pics\\2a.png', 'endImage': 'C:\\Users\\hesselmann\\Desktop\\PsychoPyUniformityIllusion\\UniformityIllusionPsychoPy\\Pics\\2b.png', 'AB': 'b'}
25.8579 	EXP 	New trial (rep=0, index=2): {'startImage': 'C:\\Users\\hesselmann\\Desktop\\PsychoPyUniformityIllusion\\UniformityIllusionPsychoPy\\Pics\\3start.png', 'midImage': 'C:\\Users\\hesselmann\\Desktop\\PsychoPyUniformityIllusion\\UniformityIllusionPsychoPy\\Pics\\3a.png', 'endImage': 'C:\\Users\\hesselmann\\Desktop\\PsychoPyUniformityIllusion\\UniformityIllusionPsychoPy\\Pics\\3b.png', 'AB': 'b'}
26.1513 	EXP 	hasPeriphery: texRes = 128.0
26.1513 	EXP 	noPeriphery: texRes = 128.0
26.1513 	EXP 	final: texRes = 128.0
26.1513 	EXP 	hasPeriphery: autoDraw = False
26.1513 	EXP 	noPeriphery: autoDraw = False
26.1513 	EXP 	final: autoDraw = False
26.1513 	EXP 	blank_screen: autoDraw = False
26.1513 	EXP 	text: autoDraw = False
26.1513 	EXP 	hasPeriphery: size = array([1.77777778, 1.        ])
26.1513 	EXP 	hasPeriphery: image = 'C:\\Users\\hesselmann\\Desktop\\PsychoPyUniformityIllusion\\UniformityIllusionPsychoPy\\Pics\\2a.png'
26.1513 	EXP 	noPeriphery: size = array([1.77777778, 1.        ])
26.1513 	EXP 	noPeriphery: image = 'C:\\Users\\hesselmann\\Desktop\\PsychoPyUniformityIllusion\\UniformityIllusionPsychoPy\\Pics\\2start.png'
26.1513 	EXP 	final: size = array([1.77777778, 1.        ])
26.1513 	EXP 	final: image = 'C:\\Users\\hesselmann\\Desktop\\PsychoPyUniformityIllusion\\UniformityIllusionPsychoPy\\Pics\\2b.png'
26.1513 	EXP 	hasPeriphery: autoDraw = True
26.1513 	EXP 	hasPeriphery: texRes = 128.0
26.1513 	EXP 	noPeriphery: autoDraw = True
26.1513 	EXP 	noPeriphery: texRes = 128.0
26.1513 	EXP 	text: autoDraw = True
26.1513 	EXP 	hasPeriphery: autoDraw = False
26.1513 	EXP 	noPeriphery: autoDraw = False
26.1513 	EXP 	final: autoDraw = False
26.1513 	EXP 	blank_screen: autoDraw = False
26.1513 	EXP 	text: autoDraw = False
26.1513 	EXP 	hasPeriphery: size = array([1.77777778, 1.        ])
26.1513 	EXP 	hasPeriphery: image = 'C:\\Users\\hesselmann\\Desktop\\PsychoPyUniformityIllusion\\UniformityIllusionPsychoPy\\Pics\\3a.png'
26.1513 	EXP 	noPeriphery: size = array([1.77777778, 1.        ])
26.1513 	EXP 	noPeriphery: image = 'C:\\Users\\hesselmann\\Desktop\\PsychoPyUniformityIllusion\\UniformityIllusionPsychoPy\\Pics\\3start.png'
26.1513 	EXP 	final: size = array([1.77777778, 1.        ])
26.1513 	EXP 	final: image = 'C:\\Users\\hesselmann\\Desktop\\PsychoPyUniformityIllusion\\UniformityIllusionPsychoPy\\Pics\\3b.png'
26.1513 	EXP 	hasPeriphery: autoDraw = True
26.1513 	EXP 	hasPeriphery: texRes = 128.0
26.1513 	EXP 	noPeriphery: autoDraw = True
26.1513 	EXP 	noPeriphery: texRes = 128.0
26.1513 	EXP 	text: autoDraw = True
26.3186 	EXP 	hasPeriphery: texRes = 128.0
26.3186 	EXP 	noPeriphery: texRes = 128.0
26.4868 	EXP 	hasPeriphery: texRes = 128.0
26.4868 	EXP 	noPeriphery: texRes = 128.0
26.6629 	EXP 	hasPeriphery: texRes = 128.0
26.6629 	EXP 	noPeriphery: texRes = 128.0
26.8482 	EXP 	hasPeriphery: texRes = 128.0
26.8482 	EXP 	noPeriphery: texRes = 128.0
27.0282 	EXP 	hasPeriphery: texRes = 128.0
27.0282 	EXP 	noPeriphery: texRes = 128.0
27.1987 	EXP 	hasPeriphery: texRes = 128.0
27.1987 	EXP 	noPeriphery: texRes = 128.0
27.3794 	EXP 	hasPeriphery: texRes = 128.0
27.3794 	EXP 	noPeriphery: texRes = 128.0
27.5552 	EXP 	hasPeriphery: texRes = 128.0
27.5552 	EXP 	noPeriphery: texRes = 128.0
27.7253 	EXP 	hasPeriphery: texRes = 128.0
27.7253 	EXP 	noPeriphery: texRes = 128.0
27.8905 	EXP 	hasPeriphery: texRes = 128.0
27.8905 	EXP 	noPeriphery: texRes = 128.0
28.0799 	EXP 	hasPeriphery: texRes = 128.0
28.0799 	EXP 	noPeriphery: texRes = 128.0
28.2556 	EXP 	hasPeriphery: texRes = 128.0
28.2556 	EXP 	noPeriphery: texRes = 128.0
28.4188 	EXP 	hasPeriphery: texRes = 128.0
28.4188 	EXP 	noPeriphery: texRes = 128.0
28.5862 	EXP 	hasPeriphery: texRes = 128.0
28.5862 	EXP 	noPeriphery: texRes = 128.0
28.7512 	EXP 	hasPeriphery: texRes = 128.0
28.7512 	EXP 	noPeriphery: texRes = 128.0
28.9140 	EXP 	hasPeriphery: texRes = 128.0
28.9140 	EXP 	noPeriphery: texRes = 128.0
29.1021 	EXP 	hasPeriphery: texRes = 128.0
29.1021 	EXP 	noPeriphery: texRes = 128.0
29.2588 	EXP 	hasPeriphery: texRes = 128.0
29.2588 	EXP 	noPeriphery: texRes = 128.0
29.4401 	EXP 	hasPeriphery: texRes = 128.0
29.4401 	EXP 	noPeriphery: texRes = 128.0
29.6055 	EXP 	hasPeriphery: texRes = 128.0
29.6055 	EXP 	noPeriphery: texRes = 128.0
29.7924 	EXP 	hasPeriphery: texRes = 128.0
29.7924 	EXP 	noPeriphery: texRes = 128.0
29.7924 	EXP 	blank_screen: autoDraw = True
30.0624 	EXP 	hasPeriphery: texRes = 128.0
30.0624 	EXP 	noPeriphery: texRes = 128.0
30.0624 	EXP 	final: autoDraw = True
30.0624 	EXP 	final: texRes = 128.0
30.3140 	EXP 	hasPeriphery: texRes = 128.0
30.3140 	EXP 	noPeriphery: texRes = 128.0
30.3140 	EXP 	final: texRes = 128.0
30.3140 	EXP 	blank_screen: autoDraw = False
30.5574 	EXP 	hasPeriphery: texRes = 128.0
30.5574 	EXP 	noPeriphery: texRes = 128.0
30.5574 	EXP 	final: texRes = 128.0
30.8179 	EXP 	hasPeriphery: texRes = 128.0
30.8179 	EXP 	noPeriphery: texRes = 128.0
30.8179 	EXP 	final: texRes = 128.0
31.0636 	EXP 	hasPeriphery: texRes = 128.0
31.0636 	EXP 	noPeriphery: texRes = 128.0
31.0636 	EXP 	final: texRes = 128.0
31.3072 	EXP 	hasPeriphery: texRes = 128.0
31.3072 	EXP 	noPeriphery: texRes = 128.0
31.3072 	EXP 	final: texRes = 128.0
31.5546 	EXP 	hasPeriphery: texRes = 128.0
31.5546 	EXP 	noPeriphery: texRes = 128.0
31.5546 	EXP 	final: texRes = 128.0
31.5546 	EXP 	blank_screen: autoDraw = True
31.8238 	EXP 	hasPeriphery: texRes = 128.0
31.8238 	EXP 	noPeriphery: texRes = 128.0
31.8238 	EXP 	final: texRes = 128.0
32.0755 	EXP 	hasPeriphery: texRes = 128.0
32.0755 	EXP 	noPeriphery: texRes = 128.0
32.0755 	EXP 	final: texRes = 128.0
32.0755 	EXP 	blank_screen: autoDraw = False
32.3258 	EXP 	hasPeriphery: texRes = 128.0
32.3258 	EXP 	noPeriphery: texRes = 128.0
32.3258 	EXP 	final: texRes = 128.0
32.5654 	EXP 	hasPeriphery: texRes = 128.0
32.5654 	EXP 	noPeriphery: texRes = 128.0
32.5654 	EXP 	final: texRes = 128.0
32.8084 	EXP 	hasPeriphery: texRes = 128.0
32.8084 	EXP 	noPeriphery: texRes = 128.0
32.8084 	EXP 	final: texRes = 128.0
33.0555 	EXP 	hasPeriphery: texRes = 128.0
33.0555 	EXP 	noPeriphery: texRes = 128.0
33.0555 	EXP 	final: texRes = 128.0
33.3147 	EXP 	hasPeriphery: texRes = 128.0
33.3147 	EXP 	noPeriphery: texRes = 128.0
33.3147 	EXP 	final: texRes = 128.0
33.3147 	EXP 	blank_screen: autoDraw = True
33.5756 	EXP 	hasPeriphery: texRes = 128.0
33.5756 	EXP 	noPeriphery: texRes = 128.0
33.5756 	EXP 	final: texRes = 128.0
33.8462 	EXP 	hasPeriphery: texRes = 128.0
33.8462 	EXP 	noPeriphery: texRes = 128.0
33.8462 	EXP 	final: texRes = 128.0
33.8462 	EXP 	blank_screen: autoDraw = False
34.1213 	EXP 	hasPeriphery: texRes = 128.0
34.1213 	EXP 	noPeriphery: texRes = 128.0
34.1213 	EXP 	final: texRes = 128.0
34.3953 	EXP 	hasPeriphery: texRes = 128.0
34.3953 	EXP 	noPeriphery: texRes = 128.0
34.3953 	EXP 	final: texRes = 128.0
34.6640 	EXP 	hasPeriphery: texRes = 128.0
34.6640 	EXP 	noPeriphery: texRes = 128.0
34.6640 	EXP 	final: texRes = 128.0
34.9278 	EXP 	hasPeriphery: texRes = 128.0
34.9278 	EXP 	noPeriphery: texRes = 128.0
34.9278 	EXP 	final: texRes = 128.0
35.2060 	EXP 	hasPeriphery: texRes = 128.0
35.2060 	EXP 	noPeriphery: texRes = 128.0
35.2060 	EXP 	final: texRes = 128.0
35.2060 	EXP 	blank_screen: autoDraw = True
35.4759 	EXP 	hasPeriphery: texRes = 128.0
35.4759 	EXP 	noPeriphery: texRes = 128.0
35.4759 	EXP 	final: texRes = 128.0
35.7277 	EXP 	hasPeriphery: texRes = 128.0
35.7277 	EXP 	noPeriphery: texRes = 128.0
35.7277 	EXP 	final: texRes = 128.0
35.7277 	EXP 	blank_screen: autoDraw = False
35.9822 	EXP 	hasPeriphery: texRes = 128.0
35.9822 	EXP 	noPeriphery: texRes = 128.0
35.9822 	EXP 	final: texRes = 128.0
36.2281 	EXP 	hasPeriphery: texRes = 128.0
36.2281 	EXP 	noPeriphery: texRes = 128.0
36.2281 	EXP 	final: texRes = 128.0
36.3249 	EXP 	hasPeriphery: autoDraw = False
36.3249 	EXP 	noPeriphery: autoDraw = False
36.3249 	EXP 	final: texRes = 128.0
36.4145 	EXP 	final: texRes = 128.0
36.5133 	EXP 	final: texRes = 128.0
36.6104 	EXP 	final: texRes = 128.0
36.6995 	EXP 	final: texRes = 128.0
36.7960 	EXP 	final: texRes = 128.0
36.8886 	EXP 	final: texRes = 128.0
36.9796 	EXP 	final: texRes = 128.0
37.0596 	EXP 	final: texRes = 128.0
37.1571 	EXP 	final: texRes = 128.0
37.2616 	EXP 	final: texRes = 128.0
37.3690 	EXP 	final: texRes = 128.0
37.4658 	EXP 	final: texRes = 128.0
37.5531 	EXP 	final: texRes = 128.0
37.6487 	EXP 	final: texRes = 128.0
37.7281 	EXP 	final: texRes = 128.0
37.8064 	EXP 	final: texRes = 128.0
37.8864 	EXP 	final: texRes = 128.0
37.9802 	EXP 	final: texRes = 128.0
38.0597 	EXP 	final: texRes = 128.0
38.1116 	EXP 	New trial (rep=0, index=3): {'startImage': 'C:\\Users\\hesselmann\\Desktop\\PsychoPyUniformityIllusion\\UniformityIllusionPsychoPy\\Pics\\1start.png', 'midImage': 'C:\\Users\\hesselmann\\Desktop\\PsychoPyUniformityIllusion\\UniformityIllusionPsychoPy\\Pics\\1a.png', 'endImage': 'C:\\Users\\hesselmann\\Desktop\\PsychoPyUniformityIllusion\\UniformityIllusionPsychoPy\\Pics\\1a.png', 'AB': 'a'}
38.4555 	EXP 	final: texRes = 128.0
38.4555 	EXP 	hasPeriphery: autoDraw = False
38.4555 	EXP 	noPeriphery: autoDraw = False
38.4555 	EXP 	final: autoDraw = False
38.4555 	EXP 	blank_screen: autoDraw = False
38.4555 	EXP 	text: autoDraw = False
38.4555 	EXP 	hasPeriphery: size = array([1.77777778, 1.        ])
38.4555 	EXP 	hasPeriphery: image = 'C:\\Users\\hesselmann\\Desktop\\PsychoPyUniformityIllusion\\UniformityIllusionPsychoPy\\Pics\\1a.png'
38.4555 	EXP 	noPeriphery: size = array([1.77777778, 1.        ])
38.4555 	EXP 	noPeriphery: image = 'C:\\Users\\hesselmann\\Desktop\\PsychoPyUniformityIllusion\\UniformityIllusionPsychoPy\\Pics\\1start.png'
38.4555 	EXP 	final: size = array([1.77777778, 1.        ])
38.4555 	EXP 	final: image = 'C:\\Users\\hesselmann\\Desktop\\PsychoPyUniformityIllusion\\UniformityIllusionPsychoPy\\Pics\\1a.png'
38.4555 	EXP 	hasPeriphery: autoDraw = True
38.4555 	EXP 	hasPeriphery: texRes = 128.0
38.4555 	EXP 	noPeriphery: autoDraw = True
38.4555 	EXP 	noPeriphery: texRes = 128.0
38.4555 	EXP 	text: autoDraw = True
38.6477 	EXP 	hasPeriphery: texRes = 128.0
38.6477 	EXP 	noPeriphery: texRes = 128.0
38.8438 	EXP 	hasPeriphery: texRes = 128.0
38.8438 	EXP 	noPeriphery: texRes = 128.0
39.0470 	EXP 	hasPeriphery: texRes = 128.0
39.0470 	EXP 	noPeriphery: texRes = 128.0
39.2484 	EXP 	hasPeriphery: texRes = 128.0
39.2484 	EXP 	noPeriphery: texRes = 128.0
39.4476 	EXP 	hasPeriphery: texRes = 128.0
39.4476 	EXP 	noPeriphery: texRes = 128.0
39.6553 	EXP 	hasPeriphery: texRes = 128.0
39.6553 	EXP 	noPeriphery: texRes = 128.0
39.8627 	EXP 	hasPeriphery: texRes = 128.0
39.8627 	EXP 	noPeriphery: texRes = 128.0
40.0748 	EXP 	hasPeriphery: texRes = 128.0
40.0748 	EXP 	noPeriphery: texRes = 128.0
40.2881 	EXP 	hasPeriphery: texRes = 128.0
40.2881 	EXP 	noPeriphery: texRes = 128.0
40.4807 	EXP 	hasPeriphery: texRes = 128.0
40.4807 	EXP 	noPeriphery: texRes = 128.0
40.6877 	EXP 	hasPeriphery: texRes = 128.0
40.6877 	EXP 	noPeriphery: texRes = 128.0
40.8772 	EXP 	hasPeriphery: texRes = 128.0
40.8772 	EXP 	noPeriphery: texRes = 128.0
41.0844 	EXP 	hasPeriphery: texRes = 128.0
41.0844 	EXP 	noPeriphery: texRes = 128.0
41.2926 	EXP 	hasPeriphery: texRes = 128.0
41.2926 	EXP 	noPeriphery: texRes = 128.0
41.5018 	EXP 	hasPeriphery: texRes = 128.0
41.5018 	EXP 	noPeriphery: texRes = 128.0
41.7097 	EXP 	hasPeriphery: texRes = 128.0
41.7097 	EXP 	noPeriphery: texRes = 128.0
41.9138 	EXP 	hasPeriphery: texRes = 128.0
41.9138 	EXP 	noPeriphery: texRes = 128.0
42.1211 	EXP 	hasPeriphery: texRes = 128.0
42.1211 	EXP 	noPeriphery: texRes = 128.0
42.3103 	EXP 	hasPeriphery: texRes = 128.0
42.3103 	EXP 	noPeriphery: texRes = 128.0
42.5001 	EXP 	hasPeriphery: texRes = 128.0
42.5001 	EXP 	noPeriphery: texRes = 128.0
42.7080 	EXP 	hasPeriphery: texRes = 128.0
42.7080 	EXP 	noPeriphery: texRes = 128.0
42.9009 	EXP 	hasPeriphery: texRes = 128.0
42.9009 	EXP 	noPeriphery: texRes = 128.0
43.0939 	EXP 	hasPeriphery: texRes = 128.0
43.0939 	EXP 	noPeriphery: texRes = 128.0
43.2896 	EXP 	hasPeriphery: texRes = 128.0
43.2896 	EXP 	noPeriphery: texRes = 128.0
43.4886 	EXP 	hasPeriphery: texRes = 128.0
43.4886 	EXP 	noPeriphery: texRes = 128.0
43.6871 	EXP 	hasPeriphery: texRes = 128.0
43.6871 	EXP 	noPeriphery: texRes = 128.0
43.8830 	EXP 	hasPeriphery: texRes = 128.0
43.8830 	EXP 	noPeriphery: texRes = 128.0
44.0880 	EXP 	hasPeriphery: texRes = 128.0
44.0880 	EXP 	noPeriphery: texRes = 128.0
44.2837 	EXP 	hasPeriphery: texRes = 128.0
44.2837 	EXP 	noPeriphery: texRes = 128.0
44.4762 	EXP 	hasPeriphery: texRes = 128.0
44.4762 	EXP 	noPeriphery: texRes = 128.0
44.6810 	EXP 	hasPeriphery: texRes = 128.0
44.6810 	EXP 	noPeriphery: texRes = 128.0
44.8904 	EXP 	hasPeriphery: texRes = 128.0
44.8904 	EXP 	noPeriphery: texRes = 128.0
45.1046 	EXP 	hasPeriphery: texRes = 128.0
45.1046 	EXP 	noPeriphery: texRes = 128.0
45.3029 	EXP 	hasPeriphery: texRes = 128.0
45.3029 	EXP 	noPeriphery: texRes = 128.0
45.5009 	EXP 	hasPeriphery: texRes = 128.0
45.5009 	EXP 	noPeriphery: texRes = 128.0
45.5009 	EXP 	blank_screen: autoDraw = True
45.7959 	EXP 	hasPeriphery: texRes = 128.0
45.7959 	EXP 	noPeriphery: texRes = 128.0
45.7959 	EXP 	final: autoDraw = True
45.7959 	EXP 	final: texRes = 128.0
46.0741 	EXP 	hasPeriphery: texRes = 128.0
46.0741 	EXP 	noPeriphery: texRes = 128.0
46.0741 	EXP 	final: texRes = 128.0
46.0741 	EXP 	blank_screen: autoDraw = False
46.3675 	EXP 	hasPeriphery: texRes = 128.0
46.3675 	EXP 	noPeriphery: texRes = 128.0
46.3675 	EXP 	final: texRes = 128.0
46.6442 	EXP 	hasPeriphery: texRes = 128.0
46.6442 	EXP 	noPeriphery: texRes = 128.0
46.6442 	EXP 	final: texRes = 128.0
46.9144 	EXP 	hasPeriphery: texRes = 128.0
46.9144 	EXP 	noPeriphery: texRes = 128.0
46.9144 	EXP 	final: texRes = 128.0
47.2070 	EXP 	hasPeriphery: texRes = 128.0
47.2070 	EXP 	noPeriphery: texRes = 128.0
47.2070 	EXP 	final: texRes = 128.0
47.5016 	EXP 	hasPeriphery: texRes = 128.0
47.5016 	EXP 	noPeriphery: texRes = 128.0
47.5016 	EXP 	final: texRes = 128.0
47.5016 	EXP 	blank_screen: autoDraw = True
47.7831 	EXP 	hasPeriphery: texRes = 128.0
47.7831 	EXP 	noPeriphery: texRes = 128.0
47.7831 	EXP 	final: texRes = 128.0
48.0616 	EXP 	hasPeriphery: texRes = 128.0
48.0616 	EXP 	noPeriphery: texRes = 128.0
48.0616 	EXP 	final: texRes = 128.0
48.0616 	EXP 	blank_screen: autoDraw = False
48.3609 	EXP 	hasPeriphery: texRes = 128.0
48.3609 	EXP 	noPeriphery: texRes = 128.0
48.3609 	EXP 	final: texRes = 128.0
48.6495 	EXP 	hasPeriphery: texRes = 128.0
48.6495 	EXP 	noPeriphery: texRes = 128.0
48.6495 	EXP 	final: texRes = 128.0
48.7539 	EXP 	hasPeriphery: autoDraw = False
48.7539 	EXP 	noPeriphery: autoDraw = False
48.7539 	EXP 	final: texRes = 128.0
48.8644 	EXP 	final: texRes = 128.0
48.9684 	EXP 	final: texRes = 128.0
49.0689 	EXP 	final: texRes = 128.0
49.1713 	EXP 	final: texRes = 128.0
49.2687 	EXP 	final: texRes = 128.0
49.3749 	EXP 	final: texRes = 128.0
49.4743 	EXP 	final: texRes = 128.0
49.5690 	EXP 	final: texRes = 128.0
49.6608 	EXP 	final: texRes = 128.0
49.7697 	EXP 	final: texRes = 128.0
49.8900 	EXP 	final: texRes = 128.0
49.9988 	EXP 	final: texRes = 128.0
50.1042 	EXP 	final: texRes = 128.0
50.2098 	EXP 	final: texRes = 128.0
50.3159 	EXP 	final: texRes = 128.0
50.3814 	EXP 	New trial (rep=0, index=4): {'startImage': 'C:\\Users\\hesselmann\\Desktop\\PsychoPyUniformityIllusion\\UniformityIllusionPsychoPy\\Pics\\2start.png', 'midImage': 'C:\\Users\\hesselmann\\Desktop\\PsychoPyUniformityIllusion\\UniformityIllusionPsychoPy\\Pics\\2a.png', 'endImage': 'C:\\Users\\hesselmann\\Desktop\\PsychoPyUniformityIllusion\\UniformityIllusionPsychoPy\\Pics\\2a.png', 'AB': 'a'}
50.6966 	EXP 	final: texRes = 128.0
50.6966 	EXP 	hasPeriphery: autoDraw = False
50.6966 	EXP 	noPeriphery: autoDraw = False
50.6966 	EXP 	final: autoDraw = False
50.6966 	EXP 	blank_screen: autoDraw = False
50.6966 	EXP 	text: autoDraw = False
50.6966 	EXP 	hasPeriphery: size = array([1.77777778, 1.        ])
50.6966 	EXP 	hasPeriphery: image = 'C:\\Users\\hesselmann\\Desktop\\PsychoPyUniformityIllusion\\UniformityIllusionPsychoPy\\Pics\\2a.png'
50.6966 	EXP 	noPeriphery: size = array([1.77777778, 1.        ])
50.6966 	EXP 	noPeriphery: image = 'C:\\Users\\hesselmann\\Desktop\\PsychoPyUniformityIllusion\\UniformityIllusionPsychoPy\\Pics\\2start.png'
50.6966 	EXP 	final: size = array([1.77777778, 1.        ])
50.6966 	EXP 	final: image = 'C:\\Users\\hesselmann\\Desktop\\PsychoPyUniformityIllusion\\UniformityIllusionPsychoPy\\Pics\\2a.png'
50.6966 	EXP 	hasPeriphery: autoDraw = True
50.6966 	EXP 	hasPeriphery: texRes = 128.0
50.6966 	EXP 	noPeriphery: autoDraw = True
50.6966 	EXP 	noPeriphery: texRes = 128.0
50.6966 	EXP 	text: autoDraw = True
50.8738 	EXP 	hasPeriphery: texRes = 128.0
50.8738 	EXP 	noPeriphery: texRes = 128.0
51.0623 	EXP 	hasPeriphery: texRes = 128.0
51.0623 	EXP 	noPeriphery: texRes = 128.0
51.2364 	EXP 	hasPeriphery: texRes = 128.0
51.2364 	EXP 	noPeriphery: texRes = 128.0
51.4178 	EXP 	hasPeriphery: texRes = 128.0
51.4178 	EXP 	noPeriphery: texRes = 128.0
51.5885 	EXP 	hasPeriphery: texRes = 128.0
51.5885 	EXP 	noPeriphery: texRes = 128.0
51.7773 	EXP 	hasPeriphery: texRes = 128.0
51.7773 	EXP 	noPeriphery: texRes = 128.0
51.9694 	EXP 	hasPeriphery: texRes = 128.0
51.9694 	EXP 	noPeriphery: texRes = 128.0
52.1492 	EXP 	hasPeriphery: texRes = 128.0
52.1492 	EXP 	noPeriphery: texRes = 128.0
52.3292 	EXP 	hasPeriphery: texRes = 128.0
52.3292 	EXP 	noPeriphery: texRes = 128.0
52.4890 	EXP 	hasPeriphery: texRes = 128.0
52.4890 	EXP 	noPeriphery: texRes = 128.0
52.6560 	EXP 	hasPeriphery: texRes = 128.0
52.6560 	EXP 	noPeriphery: texRes = 128.0
52.8244 	EXP 	hasPeriphery: texRes = 128.0
52.8244 	EXP 	noPeriphery: texRes = 128.0
52.9970 	EXP 	hasPeriphery: texRes = 128.0
52.9970 	EXP 	noPeriphery: texRes = 128.0
53.1678 	EXP 	hasPeriphery: texRes = 128.0
53.1678 	EXP 	noPeriphery: texRes = 128.0
53.3412 	EXP 	hasPeriphery: texRes = 128.0
53.3412 	EXP 	noPeriphery: texRes = 128.0
53.5169 	EXP 	hasPeriphery: texRes = 128.0
53.5169 	EXP 	noPeriphery: texRes = 128.0
53.6880 	EXP 	hasPeriphery: texRes = 128.0
53.6880 	EXP 	noPeriphery: texRes = 128.0
53.8544 	EXP 	hasPeriphery: texRes = 128.0
53.8544 	EXP 	noPeriphery: texRes = 128.0
54.0228 	EXP 	hasPeriphery: texRes = 128.0
54.0228 	EXP 	noPeriphery: texRes = 128.0
54.2016 	EXP 	hasPeriphery: texRes = 128.0
54.2016 	EXP 	noPeriphery: texRes = 128.0
54.3706 	EXP 	hasPeriphery: texRes = 128.0
54.3706 	EXP 	noPeriphery: texRes = 128.0
54.5462 	EXP 	hasPeriphery: texRes = 128.0
54.5462 	EXP 	noPeriphery: texRes = 128.0
54.7169 	EXP 	hasPeriphery: texRes = 128.0
54.7169 	EXP 	noPeriphery: texRes = 128.0
54.8927 	EXP 	hasPeriphery: texRes = 128.0
54.8927 	EXP 	noPeriphery: texRes = 128.0
55.0684 	EXP 	hasPeriphery: texRes = 128.0
55.0684 	EXP 	noPeriphery: texRes = 128.0
55.2568 	EXP 	hasPeriphery: texRes = 128.0
55.2568 	EXP 	noPeriphery: texRes = 128.0
55.4324 	EXP 	hasPeriphery: texRes = 128.0
55.4324 	EXP 	noPeriphery: texRes = 128.0
55.6095 	EXP 	hasPeriphery: texRes = 128.0
55.6095 	EXP 	noPeriphery: texRes = 128.0
55.7814 	EXP 	hasPeriphery: texRes = 128.0
55.7814 	EXP 	noPeriphery: texRes = 128.0
55.9649 	EXP 	hasPeriphery: texRes = 128.0
55.9649 	EXP 	noPeriphery: texRes = 128.0
56.1360 	EXP 	hasPeriphery: texRes = 128.0
56.1360 	EXP 	noPeriphery: texRes = 128.0
56.3015 	EXP 	hasPeriphery: texRes = 128.0
56.3015 	EXP 	noPeriphery: texRes = 128.0
56.4808 	EXP 	hasPeriphery: texRes = 128.0
56.4808 	EXP 	noPeriphery: texRes = 128.0
56.6499 	EXP 	hasPeriphery: texRes = 128.0
56.6499 	EXP 	noPeriphery: texRes = 128.0
56.8220 	EXP 	hasPeriphery: texRes = 128.0
56.8220 	EXP 	noPeriphery: texRes = 128.0
56.8220 	EXP 	blank_screen: autoDraw = True
57.0773 	EXP 	hasPeriphery: texRes = 128.0
57.0773 	EXP 	noPeriphery: texRes = 128.0
57.0773 	EXP 	final: autoDraw = True
57.0773 	EXP 	final: texRes = 128.0
57.3573 	EXP 	hasPeriphery: texRes = 128.0
57.3573 	EXP 	noPeriphery: texRes = 128.0
57.3573 	EXP 	final: texRes = 128.0
57.3573 	EXP 	blank_screen: autoDraw = False
57.6112 	EXP 	hasPeriphery: texRes = 128.0
57.6112 	EXP 	noPeriphery: texRes = 128.0
57.6112 	EXP 	final: texRes = 128.0
57.8618 	EXP 	hasPeriphery: texRes = 128.0
57.8618 	EXP 	noPeriphery: texRes = 128.0
57.8618 	EXP 	final: texRes = 128.0
58.1091 	EXP 	hasPeriphery: texRes = 128.0
58.1091 	EXP 	noPeriphery: texRes = 128.0
58.1091 	EXP 	final: texRes = 128.0
58.3582 	EXP 	hasPeriphery: texRes = 128.0
58.3582 	EXP 	noPeriphery: texRes = 128.0
58.3582 	EXP 	final: texRes = 128.0
58.6223 	EXP 	hasPeriphery: texRes = 128.0
58.6223 	EXP 	noPeriphery: texRes = 128.0
58.6223 	EXP 	final: texRes = 128.0
58.6223 	EXP 	blank_screen: autoDraw = True
58.8881 	EXP 	hasPeriphery: texRes = 128.0
58.8881 	EXP 	noPeriphery: texRes = 128.0
58.8881 	EXP 	final: texRes = 128.0
59.1676 	EXP 	hasPeriphery: texRes = 128.0
59.1676 	EXP 	noPeriphery: texRes = 128.0
59.1676 	EXP 	final: texRes = 128.0
59.1676 	EXP 	blank_screen: autoDraw = False
59.4219 	EXP 	hasPeriphery: texRes = 128.0
59.4219 	EXP 	noPeriphery: texRes = 128.0
59.4219 	EXP 	final: texRes = 128.0
59.6668 	EXP 	hasPeriphery: texRes = 128.0
59.6668 	EXP 	noPeriphery: texRes = 128.0
59.6668 	EXP 	final: texRes = 128.0
59.9294 	EXP 	hasPeriphery: texRes = 128.0
59.9294 	EXP 	noPeriphery: texRes = 128.0
59.9294 	EXP 	final: texRes = 128.0
60.1610 	EXP 	hasPeriphery: texRes = 128.0
60.1610 	EXP 	noPeriphery: texRes = 128.0
60.1610 	EXP 	final: texRes = 128.0
60.4220 	EXP 	hasPeriphery: texRes = 128.0
60.4220 	EXP 	noPeriphery: texRes = 128.0
60.4220 	EXP 	final: texRes = 128.0
60.4220 	EXP 	blank_screen: autoDraw = True
60.7296 	EXP 	hasPeriphery: texRes = 128.0
60.7296 	EXP 	noPeriphery: texRes = 128.0
60.7296 	EXP 	final: texRes = 128.0
60.8345 	EXP 	hasPeriphery: autoDraw = False
60.8345 	EXP 	noPeriphery: autoDraw = False
60.8345 	EXP 	final: texRes = 128.0
60.8345 	EXP 	blank_screen: autoDraw = False
60.9296 	EXP 	final: texRes = 128.0
61.0352 	EXP 	final: texRes = 128.0
61.1294 	EXP 	final: texRes = 128.0
61.2376 	EXP 	final: texRes = 128.0
61.3340 	EXP 	final: texRes = 128.0
61.4221 	EXP 	final: texRes = 128.0
61.5176 	EXP 	final: texRes = 128.0
61.6088 	EXP 	final: texRes = 128.0
61.7097 	EXP 	final: texRes = 128.0
61.7953 	EXP 	final: texRes = 128.0
61.8893 	EXP 	final: texRes = 128.0
61.9899 	EXP 	final: texRes = 128.0
62.0947 	EXP 	final: texRes = 128.0
62.1973 	EXP 	final: texRes = 128.0
62.3027 	EXP 	final: texRes = 128.0
62.4057 	EXP 	final: texRes = 128.0
62.4900 	EXP 	final: texRes = 128.0
62.5829 	EXP 	final: texRes = 128.0
62.6353 	EXP 	New trial (rep=0, index=5): {'startImage': 'C:\\Users\\hesselmann\\Desktop\\PsychoPyUniformityIllusion\\UniformityIllusionPsychoPy\\Pics\\3start.png', 'midImage': 'C:\\Users\\hesselmann\\Desktop\\PsychoPyUniformityIllusion\\UniformityIllusionPsychoPy\\Pics\\3a.png', 'endImage': 'C:\\Users\\hesselmann\\Desktop\\PsychoPyUniformityIllusion\\UniformityIllusionPsychoPy\\Pics\\3a.png', 'AB': 'a'}
62.9607 	EXP 	final: texRes = 128.0
62.9607 	EXP 	hasPeriphery: autoDraw = False
62.9607 	EXP 	noPeriphery: autoDraw = False
62.9607 	EXP 	final: autoDraw = False
62.9607 	EXP 	blank_screen: autoDraw = False
62.9607 	EXP 	text: autoDraw = False
62.9607 	EXP 	hasPeriphery: size = array([1.77777778, 1.        ])
62.9607 	EXP 	hasPeriphery: image = 'C:\\Users\\hesselmann\\Desktop\\PsychoPyUniformityIllusion\\UniformityIllusionPsychoPy\\Pics\\3a.png'
62.9607 	EXP 	noPeriphery: size = array([1.77777778, 1.        ])
62.9607 	EXP 	noPeriphery: image = 'C:\\Users\\hesselmann\\Desktop\\PsychoPyUniformityIllusion\\UniformityIllusionPsychoPy\\Pics\\3start.png'
62.9607 	EXP 	final: size = array([1.77777778, 1.        ])
62.9607 	EXP 	final: image = 'C:\\Users\\hesselmann\\Desktop\\PsychoPyUniformityIllusion\\UniformityIllusionPsychoPy\\Pics\\3a.png'
62.9607 	EXP 	hasPeriphery: autoDraw = True
62.9607 	EXP 	hasPeriphery: texRes = 128.0
62.9607 	EXP 	noPeriphery: autoDraw = True
62.9607 	EXP 	noPeriphery: texRes = 128.0
62.9607 	EXP 	text: autoDraw = True
63.1341 	EXP 	hasPeriphery: texRes = 128.0
63.1341 	EXP 	noPeriphery: texRes = 128.0
63.3180 	EXP 	hasPeriphery: texRes = 128.0
63.3180 	EXP 	noPeriphery: texRes = 128.0
63.4978 	EXP 	hasPeriphery: texRes = 128.0
63.4978 	EXP 	noPeriphery: texRes = 128.0
63.6902 	EXP 	hasPeriphery: texRes = 128.0
63.6902 	EXP 	noPeriphery: texRes = 128.0
63.8754 	EXP 	hasPeriphery: texRes = 128.0
63.8754 	EXP 	noPeriphery: texRes = 128.0
64.0637 	EXP 	hasPeriphery: texRes = 128.0
64.0637 	EXP 	noPeriphery: texRes = 128.0
64.2463 	EXP 	hasPeriphery: texRes = 128.0
64.2463 	EXP 	noPeriphery: texRes = 128.0
64.4233 	EXP 	hasPeriphery: texRes = 128.0
64.4233 	EXP 	noPeriphery: texRes = 128.0
64.5822 	EXP 	hasPeriphery: texRes = 128.0
64.5822 	EXP 	noPeriphery: texRes = 128.0
64.7775 	EXP 	hasPeriphery: texRes = 128.0
64.7775 	EXP 	noPeriphery: texRes = 128.0
64.9589 	EXP 	hasPeriphery: texRes = 128.0
64.9589 	EXP 	noPeriphery: texRes = 128.0
65.1703 	EXP 	hasPeriphery: texRes = 128.0
65.1703 	EXP 	noPeriphery: texRes = 128.0
65.3425 	EXP 	hasPeriphery: texRes = 128.0
65.3425 	EXP 	noPeriphery: texRes = 128.0
65.5177 	EXP 	hasPeriphery: texRes = 128.0
65.5177 	EXP 	noPeriphery: texRes = 128.0
65.6902 	EXP 	hasPeriphery: texRes = 128.0
65.6902 	EXP 	noPeriphery: texRes = 128.0
65.8758 	EXP 	hasPeriphery: texRes = 128.0
65.8758 	EXP 	noPeriphery: texRes = 128.0
66.0619 	EXP 	hasPeriphery: texRes = 128.0
66.0619 	EXP 	noPeriphery: texRes = 128.0
66.2236 	EXP 	hasPeriphery: texRes = 128.0
66.2236 	EXP 	noPeriphery: texRes = 128.0
66.4025 	EXP 	hasPeriphery: texRes = 128.0
66.4025 	EXP 	noPeriphery: texRes = 128.0
66.5826 	EXP 	hasPeriphery: texRes = 128.0
66.5826 	EXP 	noPeriphery: texRes = 128.0
66.7540 	EXP 	hasPeriphery: texRes = 128.0
66.7540 	EXP 	noPeriphery: texRes = 128.0
66.9231 	EXP 	hasPeriphery: texRes = 128.0
66.9231 	EXP 	noPeriphery: texRes = 128.0
67.1114 	EXP 	hasPeriphery: texRes = 128.0
67.1114 	EXP 	noPeriphery: texRes = 128.0
67.2625 	EXP 	hasPeriphery: texRes = 128.0
67.2625 	EXP 	noPeriphery: texRes = 128.0
67.4375 	EXP 	hasPeriphery: texRes = 128.0
67.4375 	EXP 	noPeriphery: texRes = 128.0
67.6124 	EXP 	hasPeriphery: texRes = 128.0
67.6124 	EXP 	noPeriphery: texRes = 128.0
67.7903 	EXP 	hasPeriphery: texRes = 128.0
67.7903 	EXP 	noPeriphery: texRes = 128.0
67.9667 	EXP 	hasPeriphery: texRes = 128.0
67.9667 	EXP 	noPeriphery: texRes = 128.0
68.1524 	EXP 	hasPeriphery: texRes = 128.0
68.1524 	EXP 	noPeriphery: texRes = 128.0
68.3220 	EXP 	hasPeriphery: texRes = 128.0
68.3220 	EXP 	noPeriphery: texRes = 128.0
68.4956 	EXP 	hasPeriphery: texRes = 128.0
68.4956 	EXP 	noPeriphery: texRes = 128.0
68.6651 	EXP 	hasPeriphery: texRes = 128.0
68.6651 	EXP 	noPeriphery: texRes = 128.0
68.8385 	EXP 	hasPeriphery: texRes = 128.0
68.8385 	EXP 	noPeriphery: texRes = 128.0
69.0162 	EXP 	hasPeriphery: texRes = 128.0
69.0162 	EXP 	noPeriphery: texRes = 128.0
69.2108 	EXP 	hasPeriphery: texRes = 128.0
69.2108 	EXP 	noPeriphery: texRes = 128.0
69.2108 	EXP 	blank_screen: autoDraw = True
69.4628 	EXP 	hasPeriphery: texRes = 128.0
69.4628 	EXP 	noPeriphery: texRes = 128.0
69.4628 	EXP 	final: autoDraw = True
69.4628 	EXP 	final: texRes = 128.0
69.7210 	EXP 	hasPeriphery: texRes = 128.0
69.7210 	EXP 	noPeriphery: texRes = 128.0
69.7210 	EXP 	final: texRes = 128.0
69.7210 	EXP 	blank_screen: autoDraw = False
70.1223 	EXP 	window1: mouseVisible = True
