1.0198 	WARNING 	We strongly recommend you activate the PTB sound engine in PsychoPy prefs as the preferred audio engine. Its timing is vastly superior. Your prefs are currently set to use ['sounddevice', 'PTB', 'pyo', 'pygame'] (in that order).
6.1105 	EXP 	Created window1 = Window(allowGUI=False, allowStencil=False, autoLog=True, backendConf=UNKNOWN, bitsMode=UNKNOWN, blendMode='avg', bpc=(8, 8, 8), color=array([0, 0, 0]), colorSpace='rgb', depthBits=8, fullscr=<method-wrapper '__getattribute__' of attributeSetter object at 0x000001FE7C7A6EF0>, gamma=None, gammaErrorPolicy='raise', lms=UNKNOWN, monitor=<psychopy.monitors.calibTools.Monitor object at 0x000001FE7C6CF588>, multiSample=False, name='window1', numSamples=2, pos=[0.0, 0.0], screen=0, size=array([1920, 1080]), stencilBits=0, stereo=False, units='height', useFBO=True, useRetina=False, viewOri=0.0, viewPos=None, viewScale=None, waitBlanking=True, winType='pyglet')
6.1108 	EXP 	window1: mouseVisible = True
6.1108 	EXP 	window1: recordFrameIntervals = False
6.2429 	EXP 	window1: recordFrameIntervals = True
6.3901 	EXP 	window1: recordFrameIntervals = False
6.9134 	EXP 	Created WelcomeText = TextStim(__class__=<class 'psychopy.visual.text.TextStim'>, alignHoriz=method-wrapper(...), alignText='center', alignVert=method-wrapper(...), anchorHoriz='center', anchorVert='center', antialias=True, autoLog=True, bold=False, color=array([1, 1, 1]), colorSpace='rgb', contrast=1.0, depth=0.0, flipHoriz=False, flipVert=False, font='Open Sans', fontFiles=[], height=0.1, italic=False, languageStyle='LTR', name='WelcomeText', opacity=1, ori=0.0, pos=array([0., 0.]), rgb=UNKNOWN, text='Welcome to our Study!', units='height', win=Window(...), wrapWidth=1)
6.9314 	EXP 	Imported depression.xlsx as conditions, 2 conditions, 12 params
6.9327 	EXP 	Question text: Sadness
6.9567 	EXP 	window1: mouseVisible = True
6.9896 	EXP 	Question text: Pessimism
6.9969 	EXP 	window1: mouseVisible = True
7.0190 	EXP 	window1: mouseVisible = True
7.0231 	EXP 	Created unnamed Rect = Rect(__class__=<class 'psychopy.visual.rect.Rect'>, autoDraw=False, autoLog=True, closeShape=True, color=method-wrapper(...), colorSpace='rgb', contrast=None, depth=0, fillColor=array([0, 0, 0]), fillColorSpace='rgb', fillRGB=UNKNOWN, interpolate=True, lineColor=array([0, 0, 0]), lineColorSpace='rgb', lineRGB=UNKNOWN, lineWidth=1.5, name='unnamed Rect', opacity=0, ori=0.0, pos=array([0., 0.]), size=array([0., 0.]), units='height', vertices=ndarray(...), win=Window(...))
7.0300 	EXP 	Created DepressionQuestionnaire = <psychopy.visual.form.Form object at 0x000001FE7F88F7B8>
7.0534 	EXP 	window1: mouseVisible = True
7.0977 	EXP 	Created instructionsText = TextStim(__class__=<class 'psychopy.visual.text.TextStim'>, alignHoriz=method-wrapper(...), alignText='center', alignVert=method-wrapper(...), anchorHoriz='center', anchorVert='center', antialias=True, autoLog=True, bold=False, color=array([1, 1, 1]), colorSpace='rgb', contrast=1.0, depth=0.0, flipHoriz=False, flipVert=False, font='Open Sans', fontFiles=[], height=0.04, italic=False, languageStyle='LTR', name='instructionsText', opacity=1, ori=0.0, pos=array([0., 0.]), rgb=UNKNOWN, text=str(...), units='height', win=Window(...), wrapWidth=1)
7.1011 	EXP 	Created hasPeriphery = ImageStim(__class__=<class 'psychopy.visual.image.ImageStim'>, autoLog=True, color=array([1, 1, 1]), colorSpace='rgb', contrast=1.0, depth=-1.0, flipHoriz=False, flipVert=False, image='sin', interpolate=True, mask=None, maskParams=None, name='hasPeriphery', opacity=1.0, ori=0.0, pos=array([0., 0.]), size=array([0.5, 0.5]), texRes=128.0, units='height', win=Window(...))
7.1036 	EXP 	Created noPeriphery = ImageStim(__class__=<class 'psychopy.visual.image.ImageStim'>, autoLog=True, color=array([1, 1, 1]), colorSpace='rgb', contrast=1.0, depth=-3.0, flipHoriz=False, flipVert=False, image='sin', interpolate=True, mask=None, maskParams=None, name='noPeriphery', opacity=1.0, ori=0.0, pos=array([0., 0.]), size=array([0.5, 0.5]), texRes=128.0, units='height', win=Window(...))
7.1058 	EXP 	Created final = ImageStim(__class__=<class 'psychopy.visual.image.ImageStim'>, autoLog=True, color=array([1, 1, 1]), colorSpace='rgb', contrast=1.0, depth=-4.0, flipHoriz=False, flipVert=False, image='sin', interpolate=True, mask=None, maskParams=None, name='final', opacity=1.0, ori=0.0, pos=array([0., 0.]), size=array([0.5, 0.5]), texRes=128.0, units='height', win=Window(...))
7.1069 	EXP 	Created blank_screen = Rect(__class__=<class 'psychopy.visual.rect.Rect'>, autoDraw=False, autoLog=True, closeShape=True, color=method-wrapper(...), colorSpace='rgb', contrast=None, depth=-5.0, fillColor=array([1, 1, 1]), fillColorSpace='rgb', fillRGB=UNKNOWN, interpolate=True, lineColor=array([1, 1, 1]), lineColorSpace='rgb', lineRGB=UNKNOWN, lineWidth=1.0, name='blank_screen', opacity=1.0, ori=0.0, pos=array([0., 0.]), size=array([2., 2.]), units='height', vertices=ndarray(...), win=Window(...))
7.1130 	EXP 	Created text = TextStim(__class__=<class 'psychopy.visual.text.TextStim'>, alignHoriz=method-wrapper(...), alignText='center', alignVert=method-wrapper(...), anchorHoriz='center', anchorVert='center', antialias=True, autoLog=True, bold=False, color=array([ 1, -1, -1]), colorSpace='rgb', contrast=1.0, depth=-6.0, flipHoriz=False, flipVert=False, font='Open Sans', fontFiles=[], height=0.1, italic=False, languageStyle='LTR', name='text', opacity=1, ori=0.0, pos=array([0., 0.]), rgb=UNKNOWN, text='+', units='height', win=Window(...), wrapWidth=1)
7.1234 	EXP 	Created WelcomeText = TextStim(__class__=<class 'psychopy.visual.text.TextStim'>, alignHoriz=method-wrapper(...), alignText='center', alignVert=method-wrapper(...), anchorHoriz='center', anchorVert='center', antialias=True, autoLog=True, bold=False, color=array([1, 1, 1]), colorSpace='rgb', contrast=1.0, depth=0.0, flipHoriz=False, flipVert=False, font='Open Sans', fontFiles=[], height=0.1, italic=False, languageStyle='LTR', name='WelcomeText', opacity=1, ori=0.0, pos=array([0., 0.]), rgb=UNKNOWN, text='Welcome to our Study!', units='height', win=Window(...), wrapWidth=1)
7.1261 	EXP 	Created hasPeriphery_2 = ImageStim(__class__=<class 'psychopy.visual.image.ImageStim'>, autoLog=True, color=array([1, 1, 1]), colorSpace='rgb', contrast=1.0, depth=-1.0, flipHoriz=False, flipVert=False, image='sin', interpolate=True, mask=None, maskParams=None, name='hasPeriphery_2', opacity=1.0, ori=0.0, pos=array([0., 0.]), size=array([0.5, 0.5]), texRes=128.0, units='height', win=Window(...))
7.1284 	EXP 	Created noPeriphery_2 = ImageStim(__class__=<class 'psychopy.visual.image.ImageStim'>, autoLog=True, color=array([1, 1, 1]), colorSpace='rgb', contrast=1.0, depth=-3.0, flipHoriz=False, flipVert=False, image='sin', interpolate=True, mask=None, maskParams=None, name='noPeriphery_2', opacity=1.0, ori=0.0, pos=array([0., 0.]), size=array([0.5, 0.5]), texRes=128.0, units='height', win=Window(...))
7.1302 	EXP 	Created text_2 = TextStim(__class__=<class 'psychopy.visual.text.TextStim'>, alignHoriz=method-wrapper(...), alignText='center', alignVert=method-wrapper(...), anchorHoriz='center', anchorVert='center', antialias=True, autoLog=True, bold=False, color=array([ 1, -1, -1]), colorSpace='rgb', contrast=1.0, depth=-4.0, flipHoriz=False, flipVert=False, font='Open Sans', fontFiles=[], height=0.1, italic=False, languageStyle='LTR', name='text_2', opacity=1, ori=0.0, pos=array([0., 0.]), rgb=UNKNOWN, text='+', units='height', win=Window(...), wrapWidth=1)
7.1765 	EXP 	unnamed Form: autoLog = True
7.1765 	EXP 	DepressionQuestionnaire: name = 'DepressionQuestionnaire'
7.1765 	EXP 	DepressionQuestionnaire: size = (3.5, 1)
7.1765 	EXP 	DepressionQuestionnaire: size = array([3.5, 1. ])
7.1765 	EXP 	DepressionQuestionnaire: units = 'height'
7.1765 	EXP 	DepressionQuestionnaire: depth = 0
7.1765 	EXP 	WelcomeText: autoDraw = True
9.1901 	EXP 	WelcomeText: autoDraw = False
9.1901 	EXP 	DepressionQuestionnaire: autoDraw = True
9.9007 	DATA 	Mouse: Left button down, pos=(728,70)
9.9627 	EXP 	DepressionQuestionnaire: autoDraw = False
9.9627 	EXP 	instructionsText: autoDraw = True
9.9944 	DATA 	Mouse:  Left button up, pos=(728,70)
10.6965 	EXP 	Imported picPaths.xlsx as conditions, 6 conditions, 4 params
10.6968 	EXP 	Created sequence: sequential, trialTypes=6, nReps=1, seed=None
10.6971 	EXP 	New trial (rep=0, index=0): {'startImage': 'C:\\Users\\hesselmann\\Desktop\\PsychoPyUniformityIllusion\\UniformityIllusionPsychoPy\\Pics\\1start.png', 'midImage': 'C:\\Users\\hesselmann\\Desktop\\PsychoPyUniformityIllusion\\UniformityIllusionPsychoPy\\Pics\\1a.png', 'endImage': 'C:\\Users\\hesselmann\\Desktop\\PsychoPyUniformityIllusion\\UniformityIllusionPsychoPy\\Pics\\1a.png', 'AB': 'a'}
10.9308 	DATA 	Keypress: space
10.9765 	EXP 	instructionsText: autoDraw = False
10.9765 	EXP 	hasPeriphery: size = array([1.77777778, 1.        ])
10.9765 	EXP 	hasPeriphery: image = 'C:\\Users\\hesselmann\\Desktop\\PsychoPyUniformityIllusion\\UniformityIllusionPsychoPy\\Pics\\1a.png'
10.9765 	EXP 	noPeriphery: size = array([1.77777778, 1.        ])
10.9765 	EXP 	noPeriphery: image = 'C:\\Users\\hesselmann\\Desktop\\PsychoPyUniformityIllusion\\UniformityIllusionPsychoPy\\Pics\\1start.png'
10.9765 	EXP 	final: size = array([1.77777778, 1.        ])
10.9765 	EXP 	final: image = 'C:\\Users\\hesselmann\\Desktop\\PsychoPyUniformityIllusion\\UniformityIllusionPsychoPy\\Pics\\1a.png'
10.9765 	EXP 	hasPeriphery: autoDraw = True
10.9765 	EXP 	hasPeriphery: texRes = 128.0
10.9765 	EXP 	noPeriphery: autoDraw = True
10.9765 	EXP 	noPeriphery: texRes = 128.0
10.9765 	EXP 	text: autoDraw = True
11.1237 	EXP 	hasPeriphery: texRes = 128.0
11.1237 	EXP 	noPeriphery: texRes = 128.0
11.2708 	EXP 	hasPeriphery: texRes = 128.0
11.2708 	EXP 	noPeriphery: texRes = 128.0
11.4299 	EXP 	hasPeriphery: texRes = 128.0
11.4299 	EXP 	noPeriphery: texRes = 128.0
11.5900 	EXP 	hasPeriphery: texRes = 128.0
11.5900 	EXP 	noPeriphery: texRes = 128.0
11.7361 	EXP 	hasPeriphery: texRes = 128.0
11.7361 	EXP 	noPeriphery: texRes = 128.0
11.8833 	EXP 	hasPeriphery: texRes = 128.0
11.8833 	EXP 	noPeriphery: texRes = 128.0
12.0301 	EXP 	hasPeriphery: texRes = 128.0
12.0301 	EXP 	noPeriphery: texRes = 128.0
12.1762 	EXP 	hasPeriphery: texRes = 128.0
12.1762 	EXP 	noPeriphery: texRes = 128.0
12.3236 	EXP 	hasPeriphery: texRes = 128.0
12.3236 	EXP 	noPeriphery: texRes = 128.0
12.4699 	EXP 	hasPeriphery: texRes = 128.0
12.4699 	EXP 	noPeriphery: texRes = 128.0
12.6173 	EXP 	hasPeriphery: texRes = 128.0
12.6173 	EXP 	noPeriphery: texRes = 128.0
12.7633 	EXP 	hasPeriphery: texRes = 128.0
12.7633 	EXP 	noPeriphery: texRes = 128.0
12.9097 	EXP 	hasPeriphery: texRes = 128.0
12.9097 	EXP 	noPeriphery: texRes = 128.0
13.0570 	EXP 	hasPeriphery: texRes = 128.0
13.0570 	EXP 	noPeriphery: texRes = 128.0
13.2033 	EXP 	hasPeriphery: texRes = 128.0
13.2033 	EXP 	noPeriphery: texRes = 128.0
13.3504 	EXP 	hasPeriphery: texRes = 128.0
13.3504 	EXP 	noPeriphery: texRes = 128.0
13.4970 	EXP 	hasPeriphery: texRes = 128.0
13.4970 	EXP 	noPeriphery: texRes = 128.0
13.6303 	EXP 	hasPeriphery: texRes = 128.0
13.6303 	EXP 	noPeriphery: texRes = 128.0
13.7764 	EXP 	hasPeriphery: texRes = 128.0
13.7764 	EXP 	noPeriphery: texRes = 128.0
13.9234 	EXP 	hasPeriphery: texRes = 128.0
13.9234 	EXP 	noPeriphery: texRes = 128.0
14.0830 	EXP 	hasPeriphery: texRes = 128.0
14.0830 	EXP 	noPeriphery: texRes = 128.0
14.2298 	EXP 	hasPeriphery: texRes = 128.0
14.2298 	EXP 	noPeriphery: texRes = 128.0
14.3252 	EXP 	New trial (rep=0, index=1): {'startImage': 'C:\\Users\\hesselmann\\Desktop\\PsychoPyUniformityIllusion\\UniformityIllusionPsychoPy\\Pics\\1start.png', 'midImage': 'C:\\Users\\hesselmann\\Desktop\\PsychoPyUniformityIllusion\\UniformityIllusionPsychoPy\\Pics\\1a.png', 'endImage': 'C:\\Users\\hesselmann\\Desktop\\PsychoPyUniformityIllusion\\UniformityIllusionPsychoPy\\Pics\\1b.png', 'AB': 'b'}
14.5539 	DATA 	Keypress: space
14.6035 	EXP 	hasPeriphery: texRes = 128.0
14.6035 	EXP 	noPeriphery: texRes = 128.0
14.6035 	EXP 	hasPeriphery: autoDraw = False
14.6035 	EXP 	noPeriphery: autoDraw = False
14.6035 	EXP 	final: autoDraw = False
14.6035 	EXP 	blank_screen: autoDraw = False
14.6035 	EXP 	text: autoDraw = False
14.6035 	EXP 	hasPeriphery: size = array([1.77777778, 1.        ])
14.6035 	EXP 	hasPeriphery: image = 'C:\\Users\\hesselmann\\Desktop\\PsychoPyUniformityIllusion\\UniformityIllusionPsychoPy\\Pics\\1a.png'
14.6035 	EXP 	noPeriphery: size = array([1.77777778, 1.        ])
14.6035 	EXP 	noPeriphery: image = 'C:\\Users\\hesselmann\\Desktop\\PsychoPyUniformityIllusion\\UniformityIllusionPsychoPy\\Pics\\1start.png'
14.6035 	EXP 	final: size = array([1.77777778, 1.        ])
14.6035 	EXP 	final: image = 'C:\\Users\\hesselmann\\Desktop\\PsychoPyUniformityIllusion\\UniformityIllusionPsychoPy\\Pics\\1b.png'
14.6035 	EXP 	hasPeriphery: autoDraw = True
14.6035 	EXP 	hasPeriphery: texRes = 128.0
14.6035 	EXP 	noPeriphery: autoDraw = True
14.6035 	EXP 	noPeriphery: texRes = 128.0
14.6035 	EXP 	text: autoDraw = True
14.7502 	EXP 	hasPeriphery: texRes = 128.0
14.7502 	EXP 	noPeriphery: texRes = 128.0
14.8970 	EXP 	hasPeriphery: texRes = 128.0
14.8970 	EXP 	noPeriphery: texRes = 128.0
15.0442 	EXP 	hasPeriphery: texRes = 128.0
15.0442 	EXP 	noPeriphery: texRes = 128.0
15.2032 	EXP 	hasPeriphery: texRes = 128.0
15.2032 	EXP 	noPeriphery: texRes = 128.0
15.3504 	EXP 	hasPeriphery: texRes = 128.0
15.3504 	EXP 	noPeriphery: texRes = 128.0
15.4966 	EXP 	hasPeriphery: texRes = 128.0
15.4966 	EXP 	noPeriphery: texRes = 128.0
15.6299 	EXP 	hasPeriphery: texRes = 128.0
15.6299 	EXP 	noPeriphery: texRes = 128.0
15.7766 	EXP 	hasPeriphery: texRes = 128.0
15.7766 	EXP 	noPeriphery: texRes = 128.0
15.9236 	EXP 	hasPeriphery: texRes = 128.0
15.9236 	EXP 	noPeriphery: texRes = 128.0
16.0707 	EXP 	hasPeriphery: texRes = 128.0
16.0707 	EXP 	noPeriphery: texRes = 128.0
16.2170 	EXP 	hasPeriphery: texRes = 128.0
16.2170 	EXP 	noPeriphery: texRes = 128.0
16.3637 	EXP 	hasPeriphery: texRes = 128.0
16.3637 	EXP 	noPeriphery: texRes = 128.0
16.5104 	EXP 	hasPeriphery: texRes = 128.0
16.5104 	EXP 	noPeriphery: texRes = 128.0
16.6700 	EXP 	hasPeriphery: texRes = 128.0
16.6700 	EXP 	noPeriphery: texRes = 128.0
16.8308 	EXP 	hasPeriphery: texRes = 128.0
16.8308 	EXP 	noPeriphery: texRes = 128.0
16.9767 	EXP 	hasPeriphery: texRes = 128.0
16.9767 	EXP 	noPeriphery: texRes = 128.0
17.1242 	EXP 	hasPeriphery: texRes = 128.0
17.1242 	EXP 	noPeriphery: texRes = 128.0
17.2701 	EXP 	hasPeriphery: texRes = 128.0
17.2701 	EXP 	noPeriphery: texRes = 128.0
17.4175 	EXP 	hasPeriphery: texRes = 128.0
17.4175 	EXP 	noPeriphery: texRes = 128.0
17.6308 	EXP 	hasPeriphery: texRes = 128.0
17.6308 	EXP 	noPeriphery: texRes = 128.0
17.6308 	EXP 	final: autoDraw = True
17.6308 	EXP 	final: texRes = 128.0
17.8709 	EXP 	hasPeriphery: texRes = 128.0
17.8709 	EXP 	noPeriphery: texRes = 128.0
17.8709 	EXP 	final: texRes = 128.0
17.8709 	EXP 	blank_screen: autoDraw = True
18.0843 	EXP 	hasPeriphery: texRes = 128.0
18.0843 	EXP 	noPeriphery: texRes = 128.0
18.0843 	EXP 	final: texRes = 128.0
18.2973 	EXP 	hasPeriphery: texRes = 128.0
18.2973 	EXP 	noPeriphery: texRes = 128.0
18.2973 	EXP 	final: texRes = 128.0
18.2973 	EXP 	blank_screen: autoDraw = False
18.5116 	EXP 	hasPeriphery: texRes = 128.0
18.5116 	EXP 	noPeriphery: texRes = 128.0
18.5116 	EXP 	final: texRes = 128.0
18.7106 	EXP 	hasPeriphery: texRes = 128.0
18.7106 	EXP 	noPeriphery: texRes = 128.0
18.7106 	EXP 	final: texRes = 128.0
18.9241 	EXP 	hasPeriphery: texRes = 128.0
18.9241 	EXP 	noPeriphery: texRes = 128.0
18.9241 	EXP 	final: texRes = 128.0
19.1376 	EXP 	hasPeriphery: texRes = 128.0
19.1376 	EXP 	noPeriphery: texRes = 128.0
19.1376 	EXP 	final: texRes = 128.0
19.3640 	EXP 	hasPeriphery: texRes = 128.0
19.3640 	EXP 	noPeriphery: texRes = 128.0
19.3640 	EXP 	final: texRes = 128.0
19.3640 	EXP 	blank_screen: autoDraw = True
19.5911 	EXP 	hasPeriphery: texRes = 128.0
19.5911 	EXP 	noPeriphery: texRes = 128.0
19.5911 	EXP 	final: texRes = 128.0
19.8037 	EXP 	hasPeriphery: texRes = 128.0
19.8037 	EXP 	noPeriphery: texRes = 128.0
19.8037 	EXP 	final: texRes = 128.0
19.8037 	EXP 	blank_screen: autoDraw = False
20.0039 	EXP 	hasPeriphery: texRes = 128.0
20.0039 	EXP 	noPeriphery: texRes = 128.0
20.0039 	EXP 	final: texRes = 128.0
20.2046 	EXP 	hasPeriphery: texRes = 128.0
20.2046 	EXP 	noPeriphery: texRes = 128.0
20.2046 	EXP 	final: texRes = 128.0
20.4170 	EXP 	hasPeriphery: texRes = 128.0
20.4170 	EXP 	noPeriphery: texRes = 128.0
20.4170 	EXP 	final: texRes = 128.0
20.6054 	DATA 	Keypress: escape
20.6315 	EXP 	hasPeriphery: texRes = 128.0
20.6315 	EXP 	noPeriphery: texRes = 128.0
20.6315 	EXP 	final: texRes = 128.0
20.9348 	EXP 	window1: mouseVisible = True
