1.3651 	WARNING 	We strongly recommend you activate the PTB sound engine in PsychoPy prefs as the preferred audio engine. Its timing is vastly superior. Your prefs are currently set to use ['sounddevice', 'PTB', 'pyo', 'pygame'] (in that order).
32.1646 	WARNING 	Couldn't measure a consistent frame rate.
  - Is your graphics card set to sync to vertical blank?
  - Are you running other processes on your computer?

32.1681 	EXP 	Created window1 = Window(allowGUI=False, allowStencil=False, autoLog=True, backendConf=UNKNOWN, bitsMode=UNKNOWN, blendMode='avg', bpc=(8, 8, 8), color=array([0, 0, 0]), colorSpace='rgb', depthBits=8, fullscr=<method-wrapper '__getattribute__' of attributeSetter object at 0x000002644F5E60B8>, gamma=None, gammaErrorPolicy='raise', lms=UNKNOWN, monitor=<psychopy.monitors.calibTools.Monitor object at 0x000002644F57A4A8>, multiSample=False, name='window1', numSamples=2, pos=[0.0, 0.0], screen=0, size=array([1920, 1080]), stencilBits=0, stereo=False, units='height', useFBO=True, useRetina=False, viewOri=0.0, viewPos=None, viewScale=None, waitBlanking=True, winType='pyglet')
32.1684 	EXP 	window1: mouseVisible = True
32.1685 	EXP 	window1: recordFrameIntervals = False
32.3872 	EXP 	window1: recordFrameIntervals = True
32.4532 	WARNING 	t of last frame was 33.26ms (=1/30)
32.5118 	WARNING 	t of last frame was 23.29ms (=1/42)
32.5385 	WARNING 	t of last frame was 26.66ms (=1/37)
32.5884 	WARNING 	t of last frame was 35.31ms (=1/28)
32.6352 	WARNING 	Multiple dropped frames have occurred - I'll stop bothering you about them!
34.6535 	WARNING 	Couldn't measure a consistent frame rate.
  - Is your graphics card set to sync to vertical blank?
  - Are you running other processes on your computer?

35.5643 	EXP 	Created WelcomeText = TextStim(__class__=<class 'psychopy.visual.text.TextStim'>, alignHoriz=method-wrapper(...), alignText='center', alignVert=method-wrapper(...), anchorHoriz='center', anchorVert='center', antialias=True, autoLog=True, bold=False, color=array([1, 1, 1]), colorSpace='rgb', contrast=1.0, depth=0.0, flipHoriz=False, flipVert=False, font='Open Sans', fontFiles=[], height=0.1, italic=False, languageStyle='LTR', name='WelcomeText', opacity=1, ori=0.0, pos=array([0., 0.]), rgb=UNKNOWN, text='Welcome to our Study!', units='height', win=Window(...), wrapWidth=1)
35.5947 	EXP 	Imported depression.xlsx as conditions, 2 conditions, 12 params
35.5959 	EXP 	Question text: Sadness
35.6405 	EXP 	window1: mouseVisible = True
35.7107 	EXP 	Question text: Pessimism
35.7232 	EXP 	window1: mouseVisible = True
35.7658 	EXP 	window1: mouseVisible = True
35.7708 	EXP 	Created unnamed Rect = Rect(__class__=<class 'psychopy.visual.rect.Rect'>, autoDraw=False, autoLog=True, closeShape=True, color=method-wrapper(...), colorSpace='rgb', contrast=None, depth=0, fillColor=array([0, 0, 0]), fillColorSpace='rgb', fillRGB=UNKNOWN, interpolate=True, lineColor=array([0, 0, 0]), lineColorSpace='rgb', lineRGB=UNKNOWN, lineWidth=1.5, name='unnamed Rect', opacity=0, ori=0.0, pos=array([0., 0.]), size=array([0., 0.]), units='height', vertices=ndarray(...), win=Window(...))
35.7892 	EXP 	Created DepressionQuestionnaire = <psychopy.visual.form.Form object at 0x00000264522883C8>
35.8303 	EXP 	window1: mouseVisible = True
35.9007 	EXP 	Created instructionsText = TextStim(__class__=<class 'psychopy.visual.text.TextStim'>, alignHoriz=method-wrapper(...), alignText='center', alignVert=method-wrapper(...), anchorHoriz='center', anchorVert='center', antialias=True, autoLog=True, bold=False, color=array([1, 1, 1]), colorSpace='rgb', contrast=1.0, depth=0.0, flipHoriz=False, flipVert=False, font='Open Sans', fontFiles=[], height=0.04, italic=False, languageStyle='LTR', name='instructionsText', opacity=1, ori=0.0, pos=array([0., 0.]), rgb=UNKNOWN, text=str(...), units='height', win=Window(...), wrapWidth=1)
35.9104 	EXP 	Created hasPeriphery = ImageStim(__class__=<class 'psychopy.visual.image.ImageStim'>, autoLog=True, color=array([1, 1, 1]), colorSpace='rgb', contrast=1.0, depth=0.0, flipHoriz=False, flipVert=False, image='sin', interpolate=True, mask=None, maskParams=None, name='hasPeriphery', opacity=1.0, ori=0.0, pos=array([0., 0.]), size=array([0.5, 0.5]), texRes=128.0, units='height', win=Window(...))
35.9139 	EXP 	Created noPeriphery = ImageStim(__class__=<class 'psychopy.visual.image.ImageStim'>, autoLog=True, color=array([1, 1, 1]), colorSpace='rgb', contrast=1.0, depth=-2.0, flipHoriz=False, flipVert=False, image='sin', interpolate=True, mask=None, maskParams=None, name='noPeriphery', opacity=1.0, ori=0.0, pos=array([0., 0.]), size=array([0.5, 0.5]), texRes=128.0, units='height', win=Window(...))
35.9231 	EXP 	Created text = TextStim(__class__=<class 'psychopy.visual.text.TextStim'>, alignHoriz=method-wrapper(...), alignText='center', alignVert=method-wrapper(...), anchorHoriz='center', anchorVert='center', antialias=True, autoLog=True, bold=False, color=array([ 1, -1, -1]), colorSpace='rgb', contrast=1.0, depth=-3.0, flipHoriz=False, flipVert=False, font='Open Sans', fontFiles=[], height=0.1, italic=False, languageStyle='LTR', name='text', opacity=1, ori=0.0, pos=array([0., 0.]), rgb=UNKNOWN, text='+', units='height', win=Window(...), wrapWidth=1)
35.9494 	EXP 	Created WelcomeText = TextStim(__class__=<class 'psychopy.visual.text.TextStim'>, alignHoriz=method-wrapper(...), alignText='center', alignVert=method-wrapper(...), anchorHoriz='center', anchorVert='center', antialias=True, autoLog=True, bold=False, color=array([1, 1, 1]), colorSpace='rgb', contrast=1.0, depth=0.0, flipHoriz=False, flipVert=False, font='Open Sans', fontFiles=[], height=0.1, italic=False, languageStyle='LTR', name='WelcomeText', opacity=1, ori=0.0, pos=array([0., 0.]), rgb=UNKNOWN, text='Welcome to our Study!', units='height', win=Window(...), wrapWidth=1)
35.9525 	EXP 	Created hasPeriphery_2 = ImageStim(__class__=<class 'psychopy.visual.image.ImageStim'>, autoLog=True, color=array([1, 1, 1]), colorSpace='rgb', contrast=1.0, depth=0.0, flipHoriz=False, flipVert=False, image='sin', interpolate=True, mask=None, maskParams=None, name='hasPeriphery_2', opacity=1.0, ori=0.0, pos=array([0., 0.]), size=array([0.5, 0.5]), texRes=128.0, units='height', win=Window(...))
35.9554 	EXP 	Created noPeriphery_2 = ImageStim(__class__=<class 'psychopy.visual.image.ImageStim'>, autoLog=True, color=array([1, 1, 1]), colorSpace='rgb', contrast=1.0, depth=-2.0, flipHoriz=False, flipVert=False, image='sin', interpolate=True, mask=None, maskParams=None, name='noPeriphery_2', opacity=1.0, ori=0.0, pos=array([0., 0.]), size=array([0.5, 0.5]), texRes=128.0, units='height', win=Window(...))
35.9574 	EXP 	Created text_2 = TextStim(__class__=<class 'psychopy.visual.text.TextStim'>, alignHoriz=method-wrapper(...), alignText='center', alignVert=method-wrapper(...), anchorHoriz='center', anchorVert='center', antialias=True, autoLog=True, bold=False, color=array([ 1, -1, -1]), colorSpace='rgb', contrast=1.0, depth=-3.0, flipHoriz=False, flipVert=False, font='Open Sans', fontFiles=[], height=0.1, italic=False, languageStyle='LTR', name='text_2', opacity=1, ori=0.0, pos=array([0., 0.]), rgb=UNKNOWN, text='+', units='height', win=Window(...), wrapWidth=1)
36.0042 	EXP 	unnamed Form: autoLog = True
36.0042 	EXP 	DepressionQuestionnaire: name = 'DepressionQuestionnaire'
36.0042 	EXP 	DepressionQuestionnaire: size = (3.5, 1)
36.0042 	EXP 	DepressionQuestionnaire: size = array([3.5, 1. ])
36.0042 	EXP 	DepressionQuestionnaire: units = 'height'
36.0042 	EXP 	DepressionQuestionnaire: depth = 0
36.0042 	EXP 	WelcomeText: autoDraw = True
38.0206 	EXP 	WelcomeText: autoDraw = False
38.0206 	EXP 	DepressionQuestionnaire: autoDraw = True
40.3906 	DATA 	Mouse: Left button down, pos=(976,443)
40.4889 	DATA 	Mouse:  Left button up, pos=(976,443)
41.2327 	DATA 	Mouse: Left button down, pos=(954,680)
41.3033 	DATA 	Mouse:  Left button up, pos=(954,680)
41.5871 	DATA 	Mouse: Left button down, pos=(954,691)
41.6975 	DATA 	Mouse:  Left button up, pos=(961,686)
43.1154 	DATA 	Mouse: Left button down, pos=(710,71)
43.1865 	EXP 	DepressionQuestionnaire: autoDraw = False
43.1865 	EXP 	instructionsText: autoDraw = True
43.4700 	DATA 	Mouse:  Left button up, pos=(710,71)
44.8109 	EXP 	Imported picPaths.xlsx as conditions, 6 conditions, 3 params
44.8113 	EXP 	Created sequence: sequential, trialTypes=6, nReps=1, seed=None
44.8117 	EXP 	New trial (rep=0, index=0): {'startImage': 'C:\\Users\\hesselmann\\Desktop\\PsychoPyUniformityIllusion\\UniformityIllusionPsychoPy\\Pics\\1start.png', 'endImage': 'C:\\Users\\hesselmann\\Desktop\\PsychoPyUniformityIllusion\\UniformityIllusionPsychoPy\\Pics\\1a.png', 'AB': 'a'}
45.1359 	DATA 	Keypress: space
45.1948 	EXP 	instructionsText: autoDraw = False
45.1948 	EXP 	hasPeriphery: size = array([1.77777778, 1.        ])
45.1948 	EXP 	hasPeriphery: image = 'C:\\Users\\hesselmann\\Desktop\\PsychoPyUniformityIllusion\\UniformityIllusionPsychoPy\\Pics\\1a.png'
45.1948 	EXP 	noPeriphery: size = array([1.77777778, 1.        ])
45.1948 	EXP 	noPeriphery: image = 'C:\\Users\\hesselmann\\Desktop\\PsychoPyUniformityIllusion\\UniformityIllusionPsychoPy\\Pics\\1start.png'
45.1948 	EXP 	hasPeriphery: autoDraw = True
45.1948 	EXP 	hasPeriphery: texRes = 128.0
45.1948 	EXP 	noPeriphery: autoDraw = True
45.1948 	EXP 	noPeriphery: texRes = 128.0
45.1948 	EXP 	text: autoDraw = True
45.3123 	EXP 	New trial (rep=0, index=1): {'startImage': 'C:\\Users\\hesselmann\\Desktop\\PsychoPyUniformityIllusion\\UniformityIllusionPsychoPy\\Pics\\1start.png', 'endImage': 'C:\\Users\\hesselmann\\Desktop\\PsychoPyUniformityIllusion\\UniformityIllusionPsychoPy\\Pics\\1b.png', 'AB': 'b'}
45.5221 	EXP 	New trial (rep=0, index=2): {'startImage': 'C:\\Users\\hesselmann\\Desktop\\PsychoPyUniformityIllusion\\UniformityIllusionPsychoPy\\Pics\\2start.png', 'endImage': 'C:\\Users\\hesselmann\\Desktop\\PsychoPyUniformityIllusion\\UniformityIllusionPsychoPy\\Pics\\2a.png', 'AB': 'a'}
45.6997 	EXP 	New trial (rep=0, index=3): {'startImage': 'C:\\Users\\hesselmann\\Desktop\\PsychoPyUniformityIllusion\\UniformityIllusionPsychoPy\\Pics\\2start.png', 'endImage': 'C:\\Users\\hesselmann\\Desktop\\PsychoPyUniformityIllusion\\UniformityIllusionPsychoPy\\Pics\\2b.png', 'AB': 'b'}
45.8687 	EXP 	New trial (rep=0, index=4): {'startImage': 'C:\\Users\\hesselmann\\Desktop\\PsychoPyUniformityIllusion\\UniformityIllusionPsychoPy\\Pics\\3start.png', 'endImage': 'C:\\Users\\hesselmann\\Desktop\\PsychoPyUniformityIllusion\\UniformityIllusionPsychoPy\\Pics\\3a.png', 'AB': 'a'}
46.0587 	EXP 	New trial (rep=0, index=5): {'startImage': 'C:\\Users\\hesselmann\\Desktop\\PsychoPyUniformityIllusion\\UniformityIllusionPsychoPy\\Pics\\3start.png', 'endImage': 'C:\\Users\\hesselmann\\Desktop\\PsychoPyUniformityIllusion\\UniformityIllusionPsychoPy\\Pics\\3b.png', 'AB': 'b'}
46.2896 	EXP 	hasPeriphery: texRes = 128.0
46.2896 	EXP 	noPeriphery: texRes = 128.0
46.2896 	EXP 	hasPeriphery: autoDraw = False
46.2896 	EXP 	noPeriphery: autoDraw = False
46.2896 	EXP 	text: autoDraw = False
46.2896 	EXP 	hasPeriphery: size = array([1.77777778, 1.        ])
46.2896 	EXP 	hasPeriphery: image = 'C:\\Users\\hesselmann\\Desktop\\PsychoPyUniformityIllusion\\UniformityIllusionPsychoPy\\Pics\\1b.png'
46.2896 	EXP 	noPeriphery: size = array([1.77777778, 1.        ])
46.2896 	EXP 	noPeriphery: image = 'C:\\Users\\hesselmann\\Desktop\\PsychoPyUniformityIllusion\\UniformityIllusionPsychoPy\\Pics\\1start.png'
46.2896 	EXP 	hasPeriphery: autoDraw = True
46.2896 	EXP 	hasPeriphery: texRes = 128.0
46.2896 	EXP 	noPeriphery: autoDraw = True
46.2896 	EXP 	noPeriphery: texRes = 128.0
46.2896 	EXP 	text: autoDraw = True
46.2896 	EXP 	hasPeriphery: autoDraw = False
46.2896 	EXP 	noPeriphery: autoDraw = False
46.2896 	EXP 	text: autoDraw = False
46.2896 	EXP 	hasPeriphery: size = array([1.77777778, 1.        ])
46.2896 	EXP 	hasPeriphery: image = 'C:\\Users\\hesselmann\\Desktop\\PsychoPyUniformityIllusion\\UniformityIllusionPsychoPy\\Pics\\2a.png'
46.2896 	EXP 	noPeriphery: size = array([1.77777778, 1.        ])
46.2896 	EXP 	noPeriphery: image = 'C:\\Users\\hesselmann\\Desktop\\PsychoPyUniformityIllusion\\UniformityIllusionPsychoPy\\Pics\\2start.png'
46.2896 	EXP 	hasPeriphery: autoDraw = True
46.2896 	EXP 	hasPeriphery: texRes = 128.0
46.2896 	EXP 	noPeriphery: autoDraw = True
46.2896 	EXP 	noPeriphery: texRes = 128.0
46.2896 	EXP 	text: autoDraw = True
46.2896 	EXP 	hasPeriphery: autoDraw = False
46.2896 	EXP 	noPeriphery: autoDraw = False
46.2896 	EXP 	text: autoDraw = False
46.2896 	EXP 	hasPeriphery: size = array([1.77777778, 1.        ])
46.2896 	EXP 	hasPeriphery: image = 'C:\\Users\\hesselmann\\Desktop\\PsychoPyUniformityIllusion\\UniformityIllusionPsychoPy\\Pics\\2b.png'
46.2896 	EXP 	noPeriphery: size = array([1.77777778, 1.        ])
46.2896 	EXP 	noPeriphery: image = 'C:\\Users\\hesselmann\\Desktop\\PsychoPyUniformityIllusion\\UniformityIllusionPsychoPy\\Pics\\2start.png'
46.2896 	EXP 	hasPeriphery: autoDraw = True
46.2896 	EXP 	hasPeriphery: texRes = 128.0
46.2896 	EXP 	noPeriphery: autoDraw = True
46.2896 	EXP 	noPeriphery: texRes = 128.0
46.2896 	EXP 	text: autoDraw = True
46.2896 	EXP 	hasPeriphery: autoDraw = False
46.2896 	EXP 	noPeriphery: autoDraw = False
46.2896 	EXP 	text: autoDraw = False
46.2896 	EXP 	hasPeriphery: size = array([1.77777778, 1.        ])
46.2896 	EXP 	hasPeriphery: image = 'C:\\Users\\hesselmann\\Desktop\\PsychoPyUniformityIllusion\\UniformityIllusionPsychoPy\\Pics\\3a.png'
46.2896 	EXP 	noPeriphery: size = array([1.77777778, 1.        ])
46.2896 	EXP 	noPeriphery: image = 'C:\\Users\\hesselmann\\Desktop\\PsychoPyUniformityIllusion\\UniformityIllusionPsychoPy\\Pics\\3start.png'
46.2896 	EXP 	hasPeriphery: autoDraw = True
46.2896 	EXP 	hasPeriphery: texRes = 128.0
46.2896 	EXP 	noPeriphery: autoDraw = True
46.2896 	EXP 	noPeriphery: texRes = 128.0
46.2896 	EXP 	text: autoDraw = True
46.2896 	EXP 	hasPeriphery: autoDraw = False
46.2896 	EXP 	noPeriphery: autoDraw = False
46.2896 	EXP 	text: autoDraw = False
46.2896 	EXP 	hasPeriphery: size = array([1.77777778, 1.        ])
46.2896 	EXP 	hasPeriphery: image = 'C:\\Users\\hesselmann\\Desktop\\PsychoPyUniformityIllusion\\UniformityIllusionPsychoPy\\Pics\\3b.png'
46.2896 	EXP 	noPeriphery: size = array([1.77777778, 1.        ])
46.2896 	EXP 	noPeriphery: image = 'C:\\Users\\hesselmann\\Desktop\\PsychoPyUniformityIllusion\\UniformityIllusionPsychoPy\\Pics\\3start.png'
46.2896 	EXP 	hasPeriphery: autoDraw = True
46.2896 	EXP 	hasPeriphery: texRes = 128.0
46.2896 	EXP 	noPeriphery: autoDraw = True
46.2896 	EXP 	noPeriphery: texRes = 128.0
46.2896 	EXP 	text: autoDraw = True
46.2896 	EXP 	hasPeriphery: autoDraw = False
46.2896 	EXP 	noPeriphery: autoDraw = False
46.2896 	EXP 	text: autoDraw = False
46.2896 	EXP 	WelcomeText: autoDraw = True
47.9887 	DATA 	Mouse: Left button down, pos=(946,335)
48.1254 	DATA 	Mouse:  Left button up, pos=(946,335)
48.2998 	EXP 	Imported picPaths.xlsx as conditions, 24 conditions, 3 params
48.3002 	EXP 	Created sequence: sequential, trialTypes=24, nReps=1, seed=None
48.3005 	EXP 	New trial (rep=0, index=0): {'startImage': 'C:\\Users\\hesselmann\\Desktop\\PsychoPyUniformityIllusion\\UniformityIllusionPsychoPy\\Pics\\4start.png', 'endImage': 'C:\\Users\\hesselmann\\Desktop\\PsychoPyUniformityIllusion\\UniformityIllusionPsychoPy\\Pics\\4a.png', 'AB': 'a'}
48.6092 	EXP 	WelcomeText: autoDraw = False
48.6092 	EXP 	hasPeriphery_2: size = array([1.77777778, 1.        ])
48.6092 	EXP 	hasPeriphery_2: image = 'C:\\Users\\hesselmann\\Desktop\\PsychoPyUniformityIllusion\\UniformityIllusionPsychoPy\\Pics\\4a.png'
48.6092 	EXP 	noPeriphery_2: size = array([1.77777778, 1.        ])
48.6092 	EXP 	noPeriphery_2: image = 'C:\\Users\\hesselmann\\Desktop\\PsychoPyUniformityIllusion\\UniformityIllusionPsychoPy\\Pics\\4start.png'
48.6092 	EXP 	hasPeriphery_2: autoDraw = True
48.6092 	EXP 	hasPeriphery_2: texRes = 128.0
48.6092 	EXP 	noPeriphery_2: autoDraw = True
48.6092 	EXP 	noPeriphery_2: texRes = 128.0
48.6092 	EXP 	text_2: autoDraw = True
48.7752 	EXP 	hasPeriphery_2: texRes = 128.0
48.7752 	EXP 	noPeriphery_2: texRes = 128.0
48.8773 	EXP 	New trial (rep=0, index=1): {'startImage': 'C:\\Users\\hesselmann\\Desktop\\PsychoPyUniformityIllusion\\UniformityIllusionPsychoPy\\Pics\\4start.png', 'endImage': 'C:\\Users\\hesselmann\\Desktop\\PsychoPyUniformityIllusion\\UniformityIllusionPsychoPy\\Pics\\4b.png', 'AB': 'b'}
49.0872 	EXP 	New trial (rep=0, index=2): {'startImage': 'C:\\Users\\hesselmann\\Desktop\\PsychoPyUniformityIllusion\\UniformityIllusionPsychoPy\\Pics\\5start.png', 'endImage': 'C:\\Users\\hesselmann\\Desktop\\PsychoPyUniformityIllusion\\UniformityIllusionPsychoPy\\Pics\\5a.png', 'AB': 'a'}
49.4780 	EXP 	hasPeriphery_2: texRes = 128.0
49.4780 	EXP 	noPeriphery_2: texRes = 128.0
49.4780 	EXP 	hasPeriphery_2: autoDraw = False
49.4780 	EXP 	noPeriphery_2: autoDraw = False
49.4780 	EXP 	text_2: autoDraw = False
49.4780 	EXP 	hasPeriphery_2: size = array([1.77777778, 1.        ])
49.4780 	EXP 	hasPeriphery_2: image = 'C:\\Users\\hesselmann\\Desktop\\PsychoPyUniformityIllusion\\UniformityIllusionPsychoPy\\Pics\\4b.png'
49.4780 	EXP 	noPeriphery_2: size = array([1.77777778, 1.        ])
49.4780 	EXP 	noPeriphery_2: image = 'C:\\Users\\hesselmann\\Desktop\\PsychoPyUniformityIllusion\\UniformityIllusionPsychoPy\\Pics\\4start.png'
49.4780 	EXP 	hasPeriphery_2: autoDraw = True
49.4780 	EXP 	hasPeriphery_2: texRes = 128.0
49.4780 	EXP 	noPeriphery_2: autoDraw = True
49.4780 	EXP 	noPeriphery_2: texRes = 128.0
49.4780 	EXP 	text_2: autoDraw = True
49.4780 	EXP 	hasPeriphery_2: autoDraw = False
49.4780 	EXP 	noPeriphery_2: autoDraw = False
49.4780 	EXP 	text_2: autoDraw = False
49.4780 	EXP 	hasPeriphery_2: size = array([1.77777778, 1.        ])
49.4780 	EXP 	hasPeriphery_2: image = 'C:\\Users\\hesselmann\\Desktop\\PsychoPyUniformityIllusion\\UniformityIllusionPsychoPy\\Pics\\5a.png'
49.4780 	EXP 	noPeriphery_2: size = array([1.77777778, 1.        ])
49.4780 	EXP 	noPeriphery_2: image = 'C:\\Users\\hesselmann\\Desktop\\PsychoPyUniformityIllusion\\UniformityIllusionPsychoPy\\Pics\\5start.png'
49.4780 	EXP 	hasPeriphery_2: autoDraw = True
49.4780 	EXP 	hasPeriphery_2: texRes = 128.0
49.4780 	EXP 	noPeriphery_2: autoDraw = True
49.4780 	EXP 	noPeriphery_2: texRes = 128.0
49.4780 	EXP 	text_2: autoDraw = True
49.6856 	EXP 	hasPeriphery_2: texRes = 128.0
49.6856 	EXP 	noPeriphery_2: texRes = 128.0
49.9207 	EXP 	hasPeriphery_2: texRes = 128.0
49.9207 	EXP 	noPeriphery_2: texRes = 128.0
50.1433 	EXP 	hasPeriphery_2: texRes = 128.0
50.1433 	EXP 	noPeriphery_2: texRes = 128.0
50.3601 	EXP 	hasPeriphery_2: texRes = 128.0
50.3601 	EXP 	noPeriphery_2: texRes = 128.0
50.5170 	EXP 	New trial (rep=0, index=3): {'startImage': 'C:\\Users\\hesselmann\\Desktop\\PsychoPyUniformityIllusion\\UniformityIllusionPsychoPy\\Pics\\5start.png', 'endImage': 'C:\\Users\\hesselmann\\Desktop\\PsychoPyUniformityIllusion\\UniformityIllusionPsychoPy\\Pics\\5b.png', 'AB': 'b'}
50.8182 	EXP 	New trial (rep=0, index=4): {'startImage': 'C:\\Users\\hesselmann\\Desktop\\PsychoPyUniformityIllusion\\UniformityIllusionPsychoPy\\Pics\\6start.png', 'endImage': 'C:\\Users\\hesselmann\\Desktop\\PsychoPyUniformityIllusion\\UniformityIllusionPsychoPy\\Pics\\6a.png', 'AB': 'a'}
51.0670 	EXP 	New trial (rep=0, index=5): {'startImage': 'C:\\Users\\hesselmann\\Desktop\\PsychoPyUniformityIllusion\\UniformityIllusionPsychoPy\\Pics\\6start.png', 'endImage': 'C:\\Users\\hesselmann\\Desktop\\PsychoPyUniformityIllusion\\UniformityIllusionPsychoPy\\Pics\\6b.png', 'AB': 'b'}
51.2981 	EXP 	New trial (rep=0, index=6): {'startImage': 'C:\\Users\\hesselmann\\Desktop\\PsychoPyUniformityIllusion\\UniformityIllusionPsychoPy\\Pics\\7start.png', 'endImage': 'C:\\Users\\hesselmann\\Desktop\\PsychoPyUniformityIllusion\\UniformityIllusionPsychoPy\\Pics\\7a.png', 'AB': None}
51.6211 	EXP 	New trial (rep=0, index=7): {'startImage': 'C:\\Users\\hesselmann\\Desktop\\PsychoPyUniformityIllusion\\UniformityIllusionPsychoPy\\Pics\\7start.png', 'endImage': 'C:\\Users\\hesselmann\\Desktop\\PsychoPyUniformityIllusion\\UniformityIllusionPsychoPy\\Pics\\7b.png', 'AB': None}
51.9192 	EXP 	New trial (rep=0, index=8): {'startImage': 'C:\\Users\\hesselmann\\Desktop\\PsychoPyUniformityIllusion\\UniformityIllusionPsychoPy\\Pics\\8start.png', 'endImage': 'C:\\Users\\hesselmann\\Desktop\\PsychoPyUniformityIllusion\\UniformityIllusionPsychoPy\\Pics\\8a.png', 'AB': None}
52.1773 	EXP 	New trial (rep=0, index=9): {'startImage': 'C:\\Users\\hesselmann\\Desktop\\PsychoPyUniformityIllusion\\UniformityIllusionPsychoPy\\Pics\\8start.png', 'endImage': 'C:\\Users\\hesselmann\\Desktop\\PsychoPyUniformityIllusion\\UniformityIllusionPsychoPy\\Pics\\8b.png', 'AB': None}
52.4121 	EXP 	New trial (rep=0, index=10): {'startImage': 'C:\\Users\\hesselmann\\Desktop\\PsychoPyUniformityIllusion\\UniformityIllusionPsychoPy\\Pics\\9start.png', 'endImage': 'C:\\Users\\hesselmann\\Desktop\\PsychoPyUniformityIllusion\\UniformityIllusionPsychoPy\\Pics\\9a.png', 'AB': None}
52.6541 	EXP 	New trial (rep=0, index=11): {'startImage': 'C:\\Users\\hesselmann\\Desktop\\PsychoPyUniformityIllusion\\UniformityIllusionPsychoPy\\Pics\\9start.png', 'endImage': 'C:\\Users\\hesselmann\\Desktop\\PsychoPyUniformityIllusion\\UniformityIllusionPsychoPy\\Pics\\9b.png', 'AB': None}
52.8702 	EXP 	New trial (rep=0, index=12): {'startImage': 'C:\\Users\\hesselmann\\Desktop\\PsychoPyUniformityIllusion\\UniformityIllusionPsychoPy\\Pics\\10start.png', 'endImage': 'C:\\Users\\hesselmann\\Desktop\\PsychoPyUniformityIllusion\\UniformityIllusionPsychoPy\\Pics\\10a.png', 'AB': None}
53.1572 	EXP 	New trial (rep=0, index=13): {'startImage': 'C:\\Users\\hesselmann\\Desktop\\PsychoPyUniformityIllusion\\UniformityIllusionPsychoPy\\Pics\\10start.png', 'endImage': 'C:\\Users\\hesselmann\\Desktop\\PsychoPyUniformityIllusion\\UniformityIllusionPsychoPy\\Pics\\10b.png', 'AB': None}
53.4402 	EXP 	New trial (rep=0, index=14): {'startImage': 'C:\\Users\\hesselmann\\Desktop\\PsychoPyUniformityIllusion\\UniformityIllusionPsychoPy\\Pics\\11start.png', 'endImage': 'C:\\Users\\hesselmann\\Desktop\\PsychoPyUniformityIllusion\\UniformityIllusionPsychoPy\\Pics\\11a.png', 'AB': None}
53.7990 	DATA 	Keypress: space
53.8042 	DATA 	Mouse: Left button down, pos=(974,354)
53.8044 	DATA 	Mouse:  Left button up, pos=(974,354)
53.8045 	DATA 	Keypress: space
53.8597 	EXP 	hasPeriphery_2: texRes = 128.0
53.8597 	EXP 	noPeriphery_2: texRes = 128.0
53.8597 	EXP 	hasPeriphery_2: autoDraw = False
53.8597 	EXP 	noPeriphery_2: autoDraw = False
53.8597 	EXP 	text_2: autoDraw = False
53.8597 	EXP 	hasPeriphery_2: size = array([1.77777778, 1.        ])
53.8597 	EXP 	hasPeriphery_2: image = 'C:\\Users\\hesselmann\\Desktop\\PsychoPyUniformityIllusion\\UniformityIllusionPsychoPy\\Pics\\5b.png'
53.8597 	EXP 	noPeriphery_2: size = array([1.77777778, 1.        ])
53.8597 	EXP 	noPeriphery_2: image = 'C:\\Users\\hesselmann\\Desktop\\PsychoPyUniformityIllusion\\UniformityIllusionPsychoPy\\Pics\\5start.png'
53.8597 	EXP 	hasPeriphery_2: autoDraw = True
53.8597 	EXP 	hasPeriphery_2: texRes = 128.0
53.8597 	EXP 	noPeriphery_2: autoDraw = True
53.8597 	EXP 	noPeriphery_2: texRes = 128.0
53.8597 	EXP 	text_2: autoDraw = True
53.8597 	EXP 	hasPeriphery_2: autoDraw = False
53.8597 	EXP 	noPeriphery_2: autoDraw = False
53.8597 	EXP 	text_2: autoDraw = False
53.8597 	EXP 	hasPeriphery_2: size = array([1.77777778, 1.        ])
53.8597 	EXP 	hasPeriphery_2: image = 'C:\\Users\\hesselmann\\Desktop\\PsychoPyUniformityIllusion\\UniformityIllusionPsychoPy\\Pics\\6a.png'
53.8597 	EXP 	noPeriphery_2: size = array([1.77777778, 1.        ])
53.8597 	EXP 	noPeriphery_2: image = 'C:\\Users\\hesselmann\\Desktop\\PsychoPyUniformityIllusion\\UniformityIllusionPsychoPy\\Pics\\6start.png'
53.8597 	EXP 	hasPeriphery_2: autoDraw = True
53.8597 	EXP 	hasPeriphery_2: texRes = 128.0
53.8597 	EXP 	noPeriphery_2: autoDraw = True
53.8597 	EXP 	noPeriphery_2: texRes = 128.0
53.8597 	EXP 	text_2: autoDraw = True
53.8597 	EXP 	hasPeriphery_2: autoDraw = False
53.8597 	EXP 	noPeriphery_2: autoDraw = False
53.8597 	EXP 	text_2: autoDraw = False
53.8597 	EXP 	hasPeriphery_2: size = array([1.77777778, 1.        ])
53.8597 	EXP 	hasPeriphery_2: image = 'C:\\Users\\hesselmann\\Desktop\\PsychoPyUniformityIllusion\\UniformityIllusionPsychoPy\\Pics\\6b.png'
53.8597 	EXP 	noPeriphery_2: size = array([1.77777778, 1.        ])
53.8597 	EXP 	noPeriphery_2: image = 'C:\\Users\\hesselmann\\Desktop\\PsychoPyUniformityIllusion\\UniformityIllusionPsychoPy\\Pics\\6start.png'
53.8597 	EXP 	hasPeriphery_2: autoDraw = True
53.8597 	EXP 	hasPeriphery_2: texRes = 128.0
53.8597 	EXP 	noPeriphery_2: autoDraw = True
53.8597 	EXP 	noPeriphery_2: texRes = 128.0
53.8597 	EXP 	text_2: autoDraw = True
53.8597 	EXP 	hasPeriphery_2: autoDraw = False
53.8597 	EXP 	noPeriphery_2: autoDraw = False
53.8597 	EXP 	text_2: autoDraw = False
53.8597 	EXP 	hasPeriphery_2: size = array([1.77777778, 1.        ])
53.8597 	EXP 	hasPeriphery_2: image = 'C:\\Users\\hesselmann\\Desktop\\PsychoPyUniformityIllusion\\UniformityIllusionPsychoPy\\Pics\\7a.png'
53.8597 	EXP 	noPeriphery_2: size = array([1.77777778, 1.        ])
53.8597 	EXP 	noPeriphery_2: image = 'C:\\Users\\hesselmann\\Desktop\\PsychoPyUniformityIllusion\\UniformityIllusionPsychoPy\\Pics\\7start.png'
53.8597 	EXP 	hasPeriphery_2: autoDraw = True
53.8597 	EXP 	hasPeriphery_2: texRes = 128.0
53.8597 	EXP 	noPeriphery_2: autoDraw = True
53.8597 	EXP 	noPeriphery_2: texRes = 128.0
53.8597 	EXP 	text_2: autoDraw = True
53.8597 	EXP 	hasPeriphery_2: autoDraw = False
53.8597 	EXP 	noPeriphery_2: autoDraw = False
53.8597 	EXP 	text_2: autoDraw = False
53.8597 	EXP 	hasPeriphery_2: size = array([1.77777778, 1.        ])
53.8597 	EXP 	hasPeriphery_2: image = 'C:\\Users\\hesselmann\\Desktop\\PsychoPyUniformityIllusion\\UniformityIllusionPsychoPy\\Pics\\7b.png'
53.8597 	EXP 	noPeriphery_2: size = array([1.77777778, 1.        ])
53.8597 	EXP 	noPeriphery_2: image = 'C:\\Users\\hesselmann\\Desktop\\PsychoPyUniformityIllusion\\UniformityIllusionPsychoPy\\Pics\\7start.png'
53.8597 	EXP 	hasPeriphery_2: autoDraw = True
53.8597 	EXP 	hasPeriphery_2: texRes = 128.0
53.8597 	EXP 	noPeriphery_2: autoDraw = True
53.8597 	EXP 	noPeriphery_2: texRes = 128.0
53.8597 	EXP 	text_2: autoDraw = True
53.8597 	EXP 	hasPeriphery_2: autoDraw = False
53.8597 	EXP 	noPeriphery_2: autoDraw = False
53.8597 	EXP 	text_2: autoDraw = False
53.8597 	EXP 	hasPeriphery_2: size = array([1.77777778, 1.        ])
53.8597 	EXP 	hasPeriphery_2: image = 'C:\\Users\\hesselmann\\Desktop\\PsychoPyUniformityIllusion\\UniformityIllusionPsychoPy\\Pics\\8a.png'
53.8597 	EXP 	noPeriphery_2: size = array([1.77777778, 1.        ])
53.8597 	EXP 	noPeriphery_2: image = 'C:\\Users\\hesselmann\\Desktop\\PsychoPyUniformityIllusion\\UniformityIllusionPsychoPy\\Pics\\8start.png'
53.8597 	EXP 	hasPeriphery_2: autoDraw = True
53.8597 	EXP 	hasPeriphery_2: texRes = 128.0
53.8597 	EXP 	noPeriphery_2: autoDraw = True
53.8597 	EXP 	noPeriphery_2: texRes = 128.0
53.8597 	EXP 	text_2: autoDraw = True
53.8597 	EXP 	hasPeriphery_2: autoDraw = False
53.8597 	EXP 	noPeriphery_2: autoDraw = False
53.8597 	EXP 	text_2: autoDraw = False
53.8597 	EXP 	hasPeriphery_2: size = array([1.77777778, 1.        ])
53.8597 	EXP 	hasPeriphery_2: image = 'C:\\Users\\hesselmann\\Desktop\\PsychoPyUniformityIllusion\\UniformityIllusionPsychoPy\\Pics\\8b.png'
53.8597 	EXP 	noPeriphery_2: size = array([1.77777778, 1.        ])
53.8597 	EXP 	noPeriphery_2: image = 'C:\\Users\\hesselmann\\Desktop\\PsychoPyUniformityIllusion\\UniformityIllusionPsychoPy\\Pics\\8start.png'
53.8597 	EXP 	hasPeriphery_2: autoDraw = True
53.8597 	EXP 	hasPeriphery_2: texRes = 128.0
53.8597 	EXP 	noPeriphery_2: autoDraw = True
53.8597 	EXP 	noPeriphery_2: texRes = 128.0
53.8597 	EXP 	text_2: autoDraw = True
53.8597 	EXP 	hasPeriphery_2: autoDraw = False
53.8597 	EXP 	noPeriphery_2: autoDraw = False
53.8597 	EXP 	text_2: autoDraw = False
53.8597 	EXP 	hasPeriphery_2: size = array([1.77777778, 1.        ])
53.8597 	EXP 	hasPeriphery_2: image = 'C:\\Users\\hesselmann\\Desktop\\PsychoPyUniformityIllusion\\UniformityIllusionPsychoPy\\Pics\\9a.png'
53.8597 	EXP 	noPeriphery_2: size = array([1.77777778, 1.        ])
53.8597 	EXP 	noPeriphery_2: image = 'C:\\Users\\hesselmann\\Desktop\\PsychoPyUniformityIllusion\\UniformityIllusionPsychoPy\\Pics\\9start.png'
53.8597 	EXP 	hasPeriphery_2: autoDraw = True
53.8597 	EXP 	hasPeriphery_2: texRes = 128.0
53.8597 	EXP 	noPeriphery_2: autoDraw = True
53.8597 	EXP 	noPeriphery_2: texRes = 128.0
53.8597 	EXP 	text_2: autoDraw = True
53.8597 	EXP 	hasPeriphery_2: autoDraw = False
53.8597 	EXP 	noPeriphery_2: autoDraw = False
53.8597 	EXP 	text_2: autoDraw = False
53.8597 	EXP 	hasPeriphery_2: size = array([1.77777778, 1.        ])
53.8597 	EXP 	hasPeriphery_2: image = 'C:\\Users\\hesselmann\\Desktop\\PsychoPyUniformityIllusion\\UniformityIllusionPsychoPy\\Pics\\9b.png'
53.8597 	EXP 	noPeriphery_2: size = array([1.77777778, 1.        ])
53.8597 	EXP 	noPeriphery_2: image = 'C:\\Users\\hesselmann\\Desktop\\PsychoPyUniformityIllusion\\UniformityIllusionPsychoPy\\Pics\\9start.png'
53.8597 	EXP 	hasPeriphery_2: autoDraw = True
53.8597 	EXP 	hasPeriphery_2: texRes = 128.0
53.8597 	EXP 	noPeriphery_2: autoDraw = True
53.8597 	EXP 	noPeriphery_2: texRes = 128.0
53.8597 	EXP 	text_2: autoDraw = True
53.8597 	EXP 	hasPeriphery_2: autoDraw = False
53.8597 	EXP 	noPeriphery_2: autoDraw = False
53.8597 	EXP 	text_2: autoDraw = False
53.8597 	EXP 	hasPeriphery_2: size = array([1.77777778, 1.        ])
53.8597 	EXP 	hasPeriphery_2: image = 'C:\\Users\\hesselmann\\Desktop\\PsychoPyUniformityIllusion\\UniformityIllusionPsychoPy\\Pics\\10a.png'
53.8597 	EXP 	noPeriphery_2: size = array([1.77777778, 1.        ])
53.8597 	EXP 	noPeriphery_2: image = 'C:\\Users\\hesselmann\\Desktop\\PsychoPyUniformityIllusion\\UniformityIllusionPsychoPy\\Pics\\10start.png'
53.8597 	EXP 	hasPeriphery_2: autoDraw = True
53.8597 	EXP 	hasPeriphery_2: texRes = 128.0
53.8597 	EXP 	noPeriphery_2: autoDraw = True
53.8597 	EXP 	noPeriphery_2: texRes = 128.0
53.8597 	EXP 	text_2: autoDraw = True
53.8597 	EXP 	hasPeriphery_2: autoDraw = False
53.8597 	EXP 	noPeriphery_2: autoDraw = False
53.8597 	EXP 	text_2: autoDraw = False
53.8597 	EXP 	hasPeriphery_2: size = array([1.77777778, 1.        ])
53.8597 	EXP 	hasPeriphery_2: image = 'C:\\Users\\hesselmann\\Desktop\\PsychoPyUniformityIllusion\\UniformityIllusionPsychoPy\\Pics\\10b.png'
53.8597 	EXP 	noPeriphery_2: size = array([1.77777778, 1.        ])
53.8597 	EXP 	noPeriphery_2: image = 'C:\\Users\\hesselmann\\Desktop\\PsychoPyUniformityIllusion\\UniformityIllusionPsychoPy\\Pics\\10start.png'
53.8597 	EXP 	hasPeriphery_2: autoDraw = True
53.8597 	EXP 	hasPeriphery_2: texRes = 128.0
53.8597 	EXP 	noPeriphery_2: autoDraw = True
53.8597 	EXP 	noPeriphery_2: texRes = 128.0
53.8597 	EXP 	text_2: autoDraw = True
53.8597 	EXP 	hasPeriphery_2: autoDraw = False
53.8597 	EXP 	noPeriphery_2: autoDraw = False
53.8597 	EXP 	text_2: autoDraw = False
53.8597 	EXP 	hasPeriphery_2: size = array([1.77777778, 1.        ])
53.8597 	EXP 	hasPeriphery_2: image = 'C:\\Users\\hesselmann\\Desktop\\PsychoPyUniformityIllusion\\UniformityIllusionPsychoPy\\Pics\\11a.png'
53.8597 	EXP 	noPeriphery_2: size = array([1.77777778, 1.        ])
53.8597 	EXP 	noPeriphery_2: image = 'C:\\Users\\hesselmann\\Desktop\\PsychoPyUniformityIllusion\\UniformityIllusionPsychoPy\\Pics\\11start.png'
53.8597 	EXP 	hasPeriphery_2: autoDraw = True
53.8597 	EXP 	hasPeriphery_2: texRes = 128.0
53.8597 	EXP 	noPeriphery_2: autoDraw = True
53.8597 	EXP 	noPeriphery_2: texRes = 128.0
53.8597 	EXP 	text_2: autoDraw = True
54.0862 	EXP 	hasPeriphery_2: texRes = 128.0
54.0862 	EXP 	noPeriphery_2: texRes = 128.0
54.3577 	EXP 	hasPeriphery_2: texRes = 128.0
54.3577 	EXP 	noPeriphery_2: texRes = 128.0
54.6035 	EXP 	hasPeriphery_2: texRes = 128.0
54.6035 	EXP 	noPeriphery_2: texRes = 128.0
54.7895 	EXP 	New trial (rep=0, index=15): {'startImage': 'C:\\Users\\hesselmann\\Desktop\\PsychoPyUniformityIllusion\\UniformityIllusionPsychoPy\\Pics\\11start.png', 'endImage': 'C:\\Users\\hesselmann\\Desktop\\PsychoPyUniformityIllusion\\UniformityIllusionPsychoPy\\Pics\\11b.png', 'AB': None}
55.0264 	EXP 	New trial (rep=0, index=16): {'startImage': 'C:\\Users\\hesselmann\\Desktop\\PsychoPyUniformityIllusion\\UniformityIllusionPsychoPy\\Pics\\12start.png', 'endImage': 'C:\\Users\\hesselmann\\Desktop\\PsychoPyUniformityIllusion\\UniformityIllusionPsychoPy\\Pics\\12a.png', 'AB': None}
55.2044 	EXP 	New trial (rep=0, index=17): {'startImage': 'C:\\Users\\hesselmann\\Desktop\\PsychoPyUniformityIllusion\\UniformityIllusionPsychoPy\\Pics\\12start.png', 'endImage': 'C:\\Users\\hesselmann\\Desktop\\PsychoPyUniformityIllusion\\UniformityIllusionPsychoPy\\Pics\\12b.png', 'AB': None}
55.3886 	EXP 	New trial (rep=0, index=18): {'startImage': 'C:\\Users\\hesselmann\\Desktop\\PsychoPyUniformityIllusion\\UniformityIllusionPsychoPy\\Pics\\13start.png', 'endImage': 'C:\\Users\\hesselmann\\Desktop\\PsychoPyUniformityIllusion\\UniformityIllusionPsychoPy\\Pics\\13a.png', 'AB': None}
55.6664 	EXP 	New trial (rep=0, index=19): {'startImage': 'C:\\Users\\hesselmann\\Desktop\\PsychoPyUniformityIllusion\\UniformityIllusionPsychoPy\\Pics\\13start.png', 'endImage': 'C:\\Users\\hesselmann\\Desktop\\PsychoPyUniformityIllusion\\UniformityIllusionPsychoPy\\Pics\\13b.png', 'AB': None}
55.9646 	EXP 	New trial (rep=0, index=20): {'startImage': 'C:\\Users\\hesselmann\\Desktop\\PsychoPyUniformityIllusion\\UniformityIllusionPsychoPy\\Pics\\14start.png', 'endImage': 'C:\\Users\\hesselmann\\Desktop\\PsychoPyUniformityIllusion\\UniformityIllusionPsychoPy\\Pics\\14a.png', 'AB': None}
56.2226 	EXP 	New trial (rep=0, index=21): {'startImage': 'C:\\Users\\hesselmann\\Desktop\\PsychoPyUniformityIllusion\\UniformityIllusionPsychoPy\\Pics\\14start.png', 'endImage': 'C:\\Users\\hesselmann\\Desktop\\PsychoPyUniformityIllusion\\UniformityIllusionPsychoPy\\Pics\\14b.png', 'AB': None}
56.4117 	EXP 	New trial (rep=0, index=22): {'startImage': 'C:\\Users\\hesselmann\\Desktop\\PsychoPyUniformityIllusion\\UniformityIllusionPsychoPy\\Pics\\15start.png', 'endImage': 'C:\\Users\\hesselmann\\Desktop\\PsychoPyUniformityIllusion\\UniformityIllusionPsychoPy\\Pics\\15a.png', 'AB': None}
56.6060 	DATA 	Keypress: space
56.6598 	EXP 	hasPeriphery_2: texRes = 128.0
56.6598 	EXP 	noPeriphery_2: texRes = 128.0
56.6598 	EXP 	hasPeriphery_2: autoDraw = False
56.6598 	EXP 	noPeriphery_2: autoDraw = False
56.6598 	EXP 	text_2: autoDraw = False
56.6598 	EXP 	hasPeriphery_2: size = array([1.77777778, 1.        ])
56.6598 	EXP 	hasPeriphery_2: image = 'C:\\Users\\hesselmann\\Desktop\\PsychoPyUniformityIllusion\\UniformityIllusionPsychoPy\\Pics\\11b.png'
56.6598 	EXP 	noPeriphery_2: size = array([1.77777778, 1.        ])
56.6598 	EXP 	noPeriphery_2: image = 'C:\\Users\\hesselmann\\Desktop\\PsychoPyUniformityIllusion\\UniformityIllusionPsychoPy\\Pics\\11start.png'
56.6598 	EXP 	hasPeriphery_2: autoDraw = True
56.6598 	EXP 	hasPeriphery_2: texRes = 128.0
56.6598 	EXP 	noPeriphery_2: autoDraw = True
56.6598 	EXP 	noPeriphery_2: texRes = 128.0
56.6598 	EXP 	text_2: autoDraw = True
56.6598 	EXP 	hasPeriphery_2: autoDraw = False
56.6598 	EXP 	noPeriphery_2: autoDraw = False
56.6598 	EXP 	text_2: autoDraw = False
56.6598 	EXP 	hasPeriphery_2: size = array([1.77777778, 1.        ])
56.6598 	EXP 	hasPeriphery_2: image = 'C:\\Users\\hesselmann\\Desktop\\PsychoPyUniformityIllusion\\UniformityIllusionPsychoPy\\Pics\\12a.png'
56.6598 	EXP 	noPeriphery_2: size = array([1.77777778, 1.        ])
56.6598 	EXP 	noPeriphery_2: image = 'C:\\Users\\hesselmann\\Desktop\\PsychoPyUniformityIllusion\\UniformityIllusionPsychoPy\\Pics\\12start.png'
56.6598 	EXP 	hasPeriphery_2: autoDraw = True
56.6598 	EXP 	hasPeriphery_2: texRes = 128.0
56.6598 	EXP 	noPeriphery_2: autoDraw = True
56.6598 	EXP 	noPeriphery_2: texRes = 128.0
56.6598 	EXP 	text_2: autoDraw = True
56.6598 	EXP 	hasPeriphery_2: autoDraw = False
56.6598 	EXP 	noPeriphery_2: autoDraw = False
56.6598 	EXP 	text_2: autoDraw = False
56.6598 	EXP 	hasPeriphery_2: size = array([1.77777778, 1.        ])
56.6598 	EXP 	hasPeriphery_2: image = 'C:\\Users\\hesselmann\\Desktop\\PsychoPyUniformityIllusion\\UniformityIllusionPsychoPy\\Pics\\12b.png'
56.6598 	EXP 	noPeriphery_2: size = array([1.77777778, 1.        ])
56.6598 	EXP 	noPeriphery_2: image = 'C:\\Users\\hesselmann\\Desktop\\PsychoPyUniformityIllusion\\UniformityIllusionPsychoPy\\Pics\\12start.png'
56.6598 	EXP 	hasPeriphery_2: autoDraw = True
56.6598 	EXP 	hasPeriphery_2: texRes = 128.0
56.6598 	EXP 	noPeriphery_2: autoDraw = True
56.6598 	EXP 	noPeriphery_2: texRes = 128.0
56.6598 	EXP 	text_2: autoDraw = True
56.6598 	EXP 	hasPeriphery_2: autoDraw = False
56.6598 	EXP 	noPeriphery_2: autoDraw = False
56.6598 	EXP 	text_2: autoDraw = False
56.6598 	EXP 	hasPeriphery_2: size = array([1.77777778, 1.        ])
56.6598 	EXP 	hasPeriphery_2: image = 'C:\\Users\\hesselmann\\Desktop\\PsychoPyUniformityIllusion\\UniformityIllusionPsychoPy\\Pics\\13a.png'
56.6598 	EXP 	noPeriphery_2: size = array([1.77777778, 1.        ])
56.6598 	EXP 	noPeriphery_2: image = 'C:\\Users\\hesselmann\\Desktop\\PsychoPyUniformityIllusion\\UniformityIllusionPsychoPy\\Pics\\13start.png'
56.6598 	EXP 	hasPeriphery_2: autoDraw = True
56.6598 	EXP 	hasPeriphery_2: texRes = 128.0
56.6598 	EXP 	noPeriphery_2: autoDraw = True
56.6598 	EXP 	noPeriphery_2: texRes = 128.0
56.6598 	EXP 	text_2: autoDraw = True
56.6598 	EXP 	hasPeriphery_2: autoDraw = False
56.6598 	EXP 	noPeriphery_2: autoDraw = False
56.6598 	EXP 	text_2: autoDraw = False
56.6598 	EXP 	hasPeriphery_2: size = array([1.77777778, 1.        ])
56.6598 	EXP 	hasPeriphery_2: image = 'C:\\Users\\hesselmann\\Desktop\\PsychoPyUniformityIllusion\\UniformityIllusionPsychoPy\\Pics\\13b.png'
56.6598 	EXP 	noPeriphery_2: size = array([1.77777778, 1.        ])
56.6598 	EXP 	noPeriphery_2: image = 'C:\\Users\\hesselmann\\Desktop\\PsychoPyUniformityIllusion\\UniformityIllusionPsychoPy\\Pics\\13start.png'
56.6598 	EXP 	hasPeriphery_2: autoDraw = True
56.6598 	EXP 	hasPeriphery_2: texRes = 128.0
56.6598 	EXP 	noPeriphery_2: autoDraw = True
56.6598 	EXP 	noPeriphery_2: texRes = 128.0
56.6598 	EXP 	text_2: autoDraw = True
56.6598 	EXP 	hasPeriphery_2: autoDraw = False
56.6598 	EXP 	noPeriphery_2: autoDraw = False
56.6598 	EXP 	text_2: autoDraw = False
56.6598 	EXP 	hasPeriphery_2: size = array([1.77777778, 1.        ])
56.6598 	EXP 	hasPeriphery_2: image = 'C:\\Users\\hesselmann\\Desktop\\PsychoPyUniformityIllusion\\UniformityIllusionPsychoPy\\Pics\\14a.png'
56.6598 	EXP 	noPeriphery_2: size = array([1.77777778, 1.        ])
56.6598 	EXP 	noPeriphery_2: image = 'C:\\Users\\hesselmann\\Desktop\\PsychoPyUniformityIllusion\\UniformityIllusionPsychoPy\\Pics\\14start.png'
56.6598 	EXP 	hasPeriphery_2: autoDraw = True
56.6598 	EXP 	hasPeriphery_2: texRes = 128.0
56.6598 	EXP 	noPeriphery_2: autoDraw = True
56.6598 	EXP 	noPeriphery_2: texRes = 128.0
56.6598 	EXP 	text_2: autoDraw = True
56.6598 	EXP 	hasPeriphery_2: autoDraw = False
56.6598 	EXP 	noPeriphery_2: autoDraw = False
56.6598 	EXP 	text_2: autoDraw = False
56.6598 	EXP 	hasPeriphery_2: size = array([1.77777778, 1.        ])
56.6598 	EXP 	hasPeriphery_2: image = 'C:\\Users\\hesselmann\\Desktop\\PsychoPyUniformityIllusion\\UniformityIllusionPsychoPy\\Pics\\14b.png'
56.6598 	EXP 	noPeriphery_2: size = array([1.77777778, 1.        ])
56.6598 	EXP 	noPeriphery_2: image = 'C:\\Users\\hesselmann\\Desktop\\PsychoPyUniformityIllusion\\UniformityIllusionPsychoPy\\Pics\\14start.png'
56.6598 	EXP 	hasPeriphery_2: autoDraw = True
56.6598 	EXP 	hasPeriphery_2: texRes = 128.0
56.6598 	EXP 	noPeriphery_2: autoDraw = True
56.6598 	EXP 	noPeriphery_2: texRes = 128.0
56.6598 	EXP 	text_2: autoDraw = True
56.6598 	EXP 	hasPeriphery_2: autoDraw = False
56.6598 	EXP 	noPeriphery_2: autoDraw = False
56.6598 	EXP 	text_2: autoDraw = False
56.6598 	EXP 	hasPeriphery_2: size = array([1.77777778, 1.        ])
56.6598 	EXP 	hasPeriphery_2: image = 'C:\\Users\\hesselmann\\Desktop\\PsychoPyUniformityIllusion\\UniformityIllusionPsychoPy\\Pics\\15a.png'
56.6598 	EXP 	noPeriphery_2: size = array([1.77777778, 1.        ])
56.6598 	EXP 	noPeriphery_2: image = 'C:\\Users\\hesselmann\\Desktop\\PsychoPyUniformityIllusion\\UniformityIllusionPsychoPy\\Pics\\15start.png'
56.6598 	EXP 	hasPeriphery_2: autoDraw = True
56.6598 	EXP 	hasPeriphery_2: texRes = 128.0
56.6598 	EXP 	noPeriphery_2: autoDraw = True
56.6598 	EXP 	noPeriphery_2: texRes = 128.0
56.6598 	EXP 	text_2: autoDraw = True
56.8012 	EXP 	hasPeriphery_2: texRes = 128.0
56.8012 	EXP 	noPeriphery_2: texRes = 128.0
56.9739 	EXP 	hasPeriphery_2: texRes = 128.0
56.9739 	EXP 	noPeriphery_2: texRes = 128.0
57.1419 	EXP 	hasPeriphery_2: texRes = 128.0
57.1419 	EXP 	noPeriphery_2: texRes = 128.0
57.3030 	EXP 	hasPeriphery_2: texRes = 128.0
57.3030 	EXP 	noPeriphery_2: texRes = 128.0
57.4684 	EXP 	hasPeriphery_2: texRes = 128.0
57.4684 	EXP 	noPeriphery_2: texRes = 128.0
57.6449 	EXP 	hasPeriphery_2: texRes = 128.0
57.6449 	EXP 	noPeriphery_2: texRes = 128.0
57.8189 	EXP 	hasPeriphery_2: texRes = 128.0
57.8189 	EXP 	noPeriphery_2: texRes = 128.0
57.9186 	EXP 	New trial (rep=0, index=23): {'startImage': 'C:\\Users\\hesselmann\\Desktop\\PsychoPyUniformityIllusion\\UniformityIllusionPsychoPy\\Pics\\15start.png', 'endImage': 'C:\\Users\\hesselmann\\Desktop\\PsychoPyUniformityIllusion\\UniformityIllusionPsychoPy\\Pics\\15b.png', 'AB': None}
58.1016 	EXP 	hasPeriphery_2: texRes = 128.0
58.1016 	EXP 	noPeriphery_2: texRes = 128.0
58.1016 	EXP 	hasPeriphery_2: autoDraw = False
58.1016 	EXP 	noPeriphery_2: autoDraw = False
58.1016 	EXP 	text_2: autoDraw = False
58.1016 	EXP 	hasPeriphery_2: size = array([1.77777778, 1.        ])
58.1016 	EXP 	hasPeriphery_2: image = 'C:\\Users\\hesselmann\\Desktop\\PsychoPyUniformityIllusion\\UniformityIllusionPsychoPy\\Pics\\15b.png'
58.1016 	EXP 	noPeriphery_2: size = array([1.77777778, 1.        ])
58.1016 	EXP 	noPeriphery_2: image = 'C:\\Users\\hesselmann\\Desktop\\PsychoPyUniformityIllusion\\UniformityIllusionPsychoPy\\Pics\\15start.png'
58.1016 	EXP 	hasPeriphery_2: autoDraw = True
58.1016 	EXP 	hasPeriphery_2: texRes = 128.0
58.1016 	EXP 	noPeriphery_2: autoDraw = True
58.1016 	EXP 	noPeriphery_2: texRes = 128.0
58.1016 	EXP 	text_2: autoDraw = True
58.1016 	EXP 	hasPeriphery_2: autoDraw = False
58.1016 	EXP 	noPeriphery_2: autoDraw = False
58.1016 	EXP 	text_2: autoDraw = False
58.2731 	EXP 	window1: mouseVisible = True
