1.0554 	WARNING 	We strongly recommend you activate the PTB sound engine in PsychoPy prefs as the preferred audio engine. Its timing is vastly superior. Your prefs are currently set to use ['sounddevice', 'PTB', 'pyo', 'pygame'] (in that order).
6.8842 	EXP 	Created window1 = Window(allowGUI=False, allowStencil=False, autoLog=True, backendConf=UNKNOWN, bitsMode=UNKNOWN, blendMode='avg', bpc=(8, 8, 8), color=array([0, 0, 0]), colorSpace='rgb', depthBits=8, fullscr=<method-wrapper '__getattribute__' of attributeSetter object at 0x00000264E3D94E48>, gamma=None, gammaErrorPolicy='raise', lms=UNKNOWN, monitor=<psychopy.monitors.calibTools.Monitor object at 0x00000264E3DB74E0>, multiSample=False, name='window1', numSamples=2, pos=[0.0, 0.0], screen=0, size=array([1920, 1080]), stencilBits=0, stereo=False, units='height', useFBO=True, useRetina=False, viewOri=0.0, viewPos=None, viewScale=None, waitBlanking=True, winType='pyglet')
6.8844 	EXP 	window1: mouseVisible = True
6.8844 	EXP 	window1: recordFrameIntervals = False
7.0499 	EXP 	window1: recordFrameIntervals = True
7.2334 	EXP 	window1: recordFrameIntervals = False
7.6122 	EXP 	Created WelcomeText = TextStim(__class__=<class 'psychopy.visual.text.TextStim'>, alignHoriz=method-wrapper(...), alignText='center', alignVert=method-wrapper(...), anchorHoriz='center', anchorVert='center', antialias=True, autoLog=True, bold=False, color=array([1, 1, 1]), colorSpace='rgb', contrast=1.0, depth=0.0, flipHoriz=False, flipVert=False, font='Open Sans', fontFiles=[], height=0.1, italic=False, languageStyle='LTR', name='WelcomeText', opacity=1, ori=0.0, pos=array([0., 0.]), rgb=UNKNOWN, text='Welcome to our Study!', units='height', win=Window(...), wrapWidth=1)
7.6257 	EXP 	Imported depression.xlsx as conditions, 2 conditions, 12 params
7.6267 	EXP 	Question text: Sadness
7.6531 	EXP 	window1: mouseVisible = True
7.6839 	EXP 	Question text: Pessimism
7.6951 	EXP 	window1: mouseVisible = True
7.7168 	EXP 	window1: mouseVisible = True
7.7210 	EXP 	Created unnamed Rect = Rect(__class__=<class 'psychopy.visual.rect.Rect'>, autoDraw=False, autoLog=True, closeShape=True, color=method-wrapper(...), colorSpace='rgb', contrast=None, depth=0, fillColor=array([0, 0, 0]), fillColorSpace='rgb', fillRGB=UNKNOWN, interpolate=True, lineColor=array([0, 0, 0]), lineColorSpace='rgb', lineRGB=UNKNOWN, lineWidth=1.5, name='unnamed Rect', opacity=0, ori=0.0, pos=array([0., 0.]), size=array([0., 0.]), units='height', vertices=ndarray(...), win=Window(...))
7.7292 	EXP 	Created DepressionQuestionnaire = <psychopy.visual.form.Form object at 0x00000264E69A8E48>
7.7523 	EXP 	window1: mouseVisible = True
7.8051 	EXP 	Created instructionsText = TextStim(__class__=<class 'psychopy.visual.text.TextStim'>, alignHoriz=method-wrapper(...), alignText='center', alignVert=method-wrapper(...), anchorHoriz='center', anchorVert='center', antialias=True, autoLog=True, bold=False, color=array([1, 1, 1]), colorSpace='rgb', contrast=1.0, depth=0.0, flipHoriz=False, flipVert=False, font='Open Sans', fontFiles=[], height=0.04, italic=False, languageStyle='LTR', name='instructionsText', opacity=1, ori=0.0, pos=array([0., 0.]), rgb=UNKNOWN, text=str(...), units='height', win=Window(...), wrapWidth=1)
7.8082 	EXP 	Created hasPeriphery = ImageStim(__class__=<class 'psychopy.visual.image.ImageStim'>, autoLog=True, color=array([1, 1, 1]), colorSpace='rgb', contrast=1.0, depth=-1.0, flipHoriz=False, flipVert=False, image='sin', interpolate=True, mask=None, maskParams=None, name='hasPeriphery', opacity=1.0, ori=0.0, pos=array([0., 0.]), size=array([0.5, 0.5]), texRes=128.0, units='height', win=Window(...))
7.8107 	EXP 	Created noPeriphery = ImageStim(__class__=<class 'psychopy.visual.image.ImageStim'>, autoLog=True, color=array([1, 1, 1]), colorSpace='rgb', contrast=1.0, depth=-3.0, flipHoriz=False, flipVert=False, image='sin', interpolate=True, mask=None, maskParams=None, name='noPeriphery', opacity=1.0, ori=0.0, pos=array([0., 0.]), size=array([0.5, 0.5]), texRes=128.0, units='height', win=Window(...))
7.8118 	EXP 	Created blank_screen = Rect(__class__=<class 'psychopy.visual.rect.Rect'>, autoDraw=False, autoLog=True, closeShape=True, color=method-wrapper(...), colorSpace='rgb', contrast=None, depth=-4.0, fillColor=array([1, 1, 1]), fillColorSpace='rgb', fillRGB=UNKNOWN, interpolate=True, lineColor=array([1, 1, 1]), lineColorSpace='rgb', lineRGB=UNKNOWN, lineWidth=1.0, name='blank_screen', opacity=1.0, ori=0.0, pos=array([0., 0.]), size=array([2., 2.]), units='height', vertices=ndarray(...), win=Window(...))
7.8178 	EXP 	Created text = TextStim(__class__=<class 'psychopy.visual.text.TextStim'>, alignHoriz=method-wrapper(...), alignText='center', alignVert=method-wrapper(...), anchorHoriz='center', anchorVert='center', antialias=True, autoLog=True, bold=False, color=array([ 1, -1, -1]), colorSpace='rgb', contrast=1.0, depth=-5.0, flipHoriz=False, flipVert=False, font='Open Sans', fontFiles=[], height=0.1, italic=False, languageStyle='LTR', name='text', opacity=1, ori=0.0, pos=array([0., 0.]), rgb=UNKNOWN, text='+', units='height', win=Window(...), wrapWidth=1)
7.8283 	EXP 	Created WelcomeText = TextStim(__class__=<class 'psychopy.visual.text.TextStim'>, alignHoriz=method-wrapper(...), alignText='center', alignVert=method-wrapper(...), anchorHoriz='center', anchorVert='center', antialias=True, autoLog=True, bold=False, color=array([1, 1, 1]), colorSpace='rgb', contrast=1.0, depth=0.0, flipHoriz=False, flipVert=False, font='Open Sans', fontFiles=[], height=0.1, italic=False, languageStyle='LTR', name='WelcomeText', opacity=1, ori=0.0, pos=array([0., 0.]), rgb=UNKNOWN, text='Welcome to our Study!', units='height', win=Window(...), wrapWidth=1)
7.8309 	EXP 	Created hasPeriphery_2 = ImageStim(__class__=<class 'psychopy.visual.image.ImageStim'>, autoLog=True, color=array([1, 1, 1]), colorSpace='rgb', contrast=1.0, depth=-1.0, flipHoriz=False, flipVert=False, image='sin', interpolate=True, mask=None, maskParams=None, name='hasPeriphery_2', opacity=1.0, ori=0.0, pos=array([0., 0.]), size=array([0.5, 0.5]), texRes=128.0, units='height', win=Window(...))
7.8331 	EXP 	Created noPeriphery_2 = ImageStim(__class__=<class 'psychopy.visual.image.ImageStim'>, autoLog=True, color=array([1, 1, 1]), colorSpace='rgb', contrast=1.0, depth=-3.0, flipHoriz=False, flipVert=False, image='sin', interpolate=True, mask=None, maskParams=None, name='noPeriphery_2', opacity=1.0, ori=0.0, pos=array([0., 0.]), size=array([0.5, 0.5]), texRes=128.0, units='height', win=Window(...))
7.8348 	EXP 	Created text_2 = TextStim(__class__=<class 'psychopy.visual.text.TextStim'>, alignHoriz=method-wrapper(...), alignText='center', alignVert=method-wrapper(...), anchorHoriz='center', anchorVert='center', antialias=True, autoLog=True, bold=False, color=array([ 1, -1, -1]), colorSpace='rgb', contrast=1.0, depth=-4.0, flipHoriz=False, flipVert=False, font='Open Sans', fontFiles=[], height=0.1, italic=False, languageStyle='LTR', name='text_2', opacity=1, ori=0.0, pos=array([0., 0.]), rgb=UNKNOWN, text='+', units='height', win=Window(...), wrapWidth=1)
7.8825 	EXP 	unnamed Form: autoLog = True
7.8825 	EXP 	DepressionQuestionnaire: name = 'DepressionQuestionnaire'
7.8825 	EXP 	DepressionQuestionnaire: size = (3.5, 1)
7.8825 	EXP 	DepressionQuestionnaire: size = array([3.5, 1. ])
7.8825 	EXP 	DepressionQuestionnaire: units = 'height'
7.8825 	EXP 	DepressionQuestionnaire: depth = 0
7.8825 	EXP 	WelcomeText: autoDraw = True
9.8988 	EXP 	WelcomeText: autoDraw = False
9.8988 	EXP 	DepressionQuestionnaire: autoDraw = True
10.0116 	DATA 	Mouse: wheel shift=(0,-1), pos=(942,293)
10.0198 	DATA 	Mouse: wheel shift=(0,-1), pos=(942,293)
10.0487 	DATA 	Mouse: wheel shift=(0,-1), pos=(942,293)
10.0661 	DATA 	Mouse: wheel shift=(0,-1), pos=(942,293)
10.6664 	DATA 	Mouse: Left button down, pos=(765,71)
10.6995 	EXP 	DepressionQuestionnaire: autoDraw = False
10.6995 	EXP 	instructionsText: autoDraw = True
10.7370 	DATA 	Mouse:  Left button up, pos=(765,71)
11.5106 	EXP 	Imported picPaths.xlsx as conditions, 6 conditions, 3 params
11.5109 	EXP 	Created sequence: sequential, trialTypes=6, nReps=1, seed=None
11.5112 	EXP 	New trial (rep=0, index=0): {'startImage': 'C:\\Users\\hesselmann\\Desktop\\PsychoPyUniformityIllusion\\UniformityIllusionPsychoPy\\Pics\\1start.png', 'endImage': 'C:\\Users\\hesselmann\\Desktop\\PsychoPyUniformityIllusion\\UniformityIllusionPsychoPy\\Pics\\1a.png', 'AB': 'a'}
11.6888 	DATA 	Keypress: space
11.7321 	EXP 	instructionsText: autoDraw = False
11.7321 	EXP 	hasPeriphery: size = array([1.77777778, 1.        ])
11.7321 	EXP 	hasPeriphery: image = 'C:\\Users\\hesselmann\\Desktop\\PsychoPyUniformityIllusion\\UniformityIllusionPsychoPy\\Pics\\1a.png'
11.7321 	EXP 	noPeriphery: size = array([1.77777778, 1.        ])
11.7321 	EXP 	noPeriphery: image = 'C:\\Users\\hesselmann\\Desktop\\PsychoPyUniformityIllusion\\UniformityIllusionPsychoPy\\Pics\\1start.png'
11.7321 	EXP 	hasPeriphery: autoDraw = True
11.7321 	EXP 	hasPeriphery: texRes = 128.0
11.7321 	EXP 	noPeriphery: autoDraw = True
11.7321 	EXP 	noPeriphery: texRes = 128.0
11.7321 	EXP 	blank_screen: autoDraw = True
11.7321 	EXP 	text: autoDraw = True
11.8817 	EXP 	hasPeriphery: texRes = 128.0
11.8817 	EXP 	noPeriphery: texRes = 128.0
12.0318 	EXP 	hasPeriphery: texRes = 128.0
12.0318 	EXP 	noPeriphery: texRes = 128.0
12.0318 	EXP 	blank_screen: autoDraw = False
12.1650 	EXP 	hasPeriphery: texRes = 128.0
12.1650 	EXP 	noPeriphery: texRes = 128.0
12.2996 	EXP 	hasPeriphery: texRes = 128.0
12.2996 	EXP 	noPeriphery: texRes = 128.0
12.4498 	EXP 	hasPeriphery: texRes = 128.0
12.4498 	EXP 	noPeriphery: texRes = 128.0
12.5989 	EXP 	hasPeriphery: texRes = 128.0
12.5989 	EXP 	noPeriphery: texRes = 128.0
12.7333 	EXP 	hasPeriphery: texRes = 128.0
12.7333 	EXP 	noPeriphery: texRes = 128.0
12.8651 	EXP 	hasPeriphery: texRes = 128.0
12.8651 	EXP 	noPeriphery: texRes = 128.0
12.9991 	EXP 	hasPeriphery: texRes = 128.0
12.9991 	EXP 	noPeriphery: texRes = 128.0
13.1486 	EXP 	hasPeriphery: texRes = 128.0
13.1486 	EXP 	noPeriphery: texRes = 128.0
13.2816 	EXP 	hasPeriphery: texRes = 128.0
13.2816 	EXP 	noPeriphery: texRes = 128.0
13.4320 	EXP 	hasPeriphery: texRes = 128.0
13.4320 	EXP 	noPeriphery: texRes = 128.0
13.5820 	EXP 	hasPeriphery: texRes = 128.0
13.5820 	EXP 	noPeriphery: texRes = 128.0
13.7155 	EXP 	hasPeriphery: texRes = 128.0
13.7155 	EXP 	noPeriphery: texRes = 128.0
13.8488 	EXP 	hasPeriphery: texRes = 128.0
13.8488 	EXP 	noPeriphery: texRes = 128.0
13.9817 	EXP 	hasPeriphery: texRes = 128.0
13.9817 	EXP 	noPeriphery: texRes = 128.0
14.1150 	EXP 	hasPeriphery: texRes = 128.0
14.1150 	EXP 	noPeriphery: texRes = 128.0
14.2479 	EXP 	hasPeriphery: texRes = 128.0
14.2479 	EXP 	noPeriphery: texRes = 128.0
14.3812 	EXP 	hasPeriphery: texRes = 128.0
14.3812 	EXP 	noPeriphery: texRes = 128.0
14.5153 	EXP 	hasPeriphery: texRes = 128.0
14.5153 	EXP 	noPeriphery: texRes = 128.0
14.6478 	EXP 	hasPeriphery: texRes = 128.0
14.6478 	EXP 	noPeriphery: texRes = 128.0
14.7982 	EXP 	hasPeriphery: texRes = 128.0
14.7982 	EXP 	noPeriphery: texRes = 128.0
14.9319 	EXP 	hasPeriphery: texRes = 128.0
14.9319 	EXP 	noPeriphery: texRes = 128.0
15.0647 	EXP 	hasPeriphery: texRes = 128.0
15.0647 	EXP 	noPeriphery: texRes = 128.0
15.2148 	EXP 	hasPeriphery: texRes = 128.0
15.2148 	EXP 	noPeriphery: texRes = 128.0
15.3481 	EXP 	hasPeriphery: texRes = 128.0
15.3481 	EXP 	noPeriphery: texRes = 128.0
15.4818 	EXP 	hasPeriphery: texRes = 128.0
15.4818 	EXP 	noPeriphery: texRes = 128.0
15.6147 	EXP 	hasPeriphery: texRes = 128.0
15.6147 	EXP 	noPeriphery: texRes = 128.0
15.7021 	EXP 	New trial (rep=0, index=1): {'startImage': 'C:\\Users\\hesselmann\\Desktop\\PsychoPyUniformityIllusion\\UniformityIllusionPsychoPy\\Pics\\1start.png', 'endImage': 'C:\\Users\\hesselmann\\Desktop\\PsychoPyUniformityIllusion\\UniformityIllusionPsychoPy\\Pics\\1b.png', 'AB': 'b'}
15.8765 	DATA 	Keypress: space
15.9317 	EXP 	hasPeriphery: texRes = 128.0
15.9317 	EXP 	noPeriphery: texRes = 128.0
15.9317 	EXP 	hasPeriphery: autoDraw = False
15.9317 	EXP 	noPeriphery: autoDraw = False
15.9317 	EXP 	blank_screen: autoDraw = False
15.9317 	EXP 	text: autoDraw = False
15.9317 	EXP 	hasPeriphery: size = array([1.77777778, 1.        ])
15.9317 	EXP 	hasPeriphery: image = 'C:\\Users\\hesselmann\\Desktop\\PsychoPyUniformityIllusion\\UniformityIllusionPsychoPy\\Pics\\1b.png'
15.9317 	EXP 	noPeriphery: size = array([1.77777778, 1.        ])
15.9317 	EXP 	noPeriphery: image = 'C:\\Users\\hesselmann\\Desktop\\PsychoPyUniformityIllusion\\UniformityIllusionPsychoPy\\Pics\\1start.png'
15.9317 	EXP 	hasPeriphery: autoDraw = True
15.9317 	EXP 	hasPeriphery: texRes = 128.0
15.9317 	EXP 	noPeriphery: autoDraw = True
15.9317 	EXP 	noPeriphery: texRes = 128.0
15.9317 	EXP 	blank_screen: autoDraw = True
15.9317 	EXP 	text: autoDraw = True
16.0823 	EXP 	hasPeriphery: texRes = 128.0
16.0823 	EXP 	noPeriphery: texRes = 128.0
16.2308 	EXP 	hasPeriphery: texRes = 128.0
16.2308 	EXP 	noPeriphery: texRes = 128.0
16.2308 	EXP 	blank_screen: autoDraw = False
16.3642 	EXP 	hasPeriphery: texRes = 128.0
16.3642 	EXP 	noPeriphery: texRes = 128.0
16.4990 	EXP 	hasPeriphery: texRes = 128.0
16.4990 	EXP 	noPeriphery: texRes = 128.0
16.6478 	EXP 	hasPeriphery: texRes = 128.0
16.6478 	EXP 	noPeriphery: texRes = 128.0
16.7979 	EXP 	hasPeriphery: texRes = 128.0
16.7979 	EXP 	noPeriphery: texRes = 128.0
16.9319 	EXP 	hasPeriphery: texRes = 128.0
16.9319 	EXP 	noPeriphery: texRes = 128.0
17.0811 	EXP 	hasPeriphery: texRes = 128.0
17.0811 	EXP 	noPeriphery: texRes = 128.0
17.2144 	EXP 	hasPeriphery: texRes = 128.0
17.2144 	EXP 	noPeriphery: texRes = 128.0
17.3643 	EXP 	hasPeriphery: texRes = 128.0
17.3643 	EXP 	noPeriphery: texRes = 128.0
17.4972 	EXP 	hasPeriphery: texRes = 128.0
17.4972 	EXP 	noPeriphery: texRes = 128.0
17.6484 	EXP 	hasPeriphery: texRes = 128.0
17.6484 	EXP 	noPeriphery: texRes = 128.0
17.7812 	EXP 	hasPeriphery: texRes = 128.0
17.7812 	EXP 	noPeriphery: texRes = 128.0
17.9305 	EXP 	hasPeriphery: texRes = 128.0
17.9305 	EXP 	noPeriphery: texRes = 128.0
18.0232 	DATA 	Keypress: space
18.0639 	EXP 	hasPeriphery: texRes = 128.0
18.0639 	EXP 	noPeriphery: texRes = 128.0
18.1526 	EXP 	New trial (rep=0, index=2): {'startImage': 'C:\\Users\\hesselmann\\Desktop\\PsychoPyUniformityIllusion\\UniformityIllusionPsychoPy\\Pics\\2start.png', 'endImage': 'C:\\Users\\hesselmann\\Desktop\\PsychoPyUniformityIllusion\\UniformityIllusionPsychoPy\\Pics\\2a.png', 'AB': 'a'}
18.3471 	EXP 	hasPeriphery: texRes = 128.0
18.3471 	EXP 	noPeriphery: texRes = 128.0
18.3471 	EXP 	hasPeriphery: autoDraw = False
18.3471 	EXP 	noPeriphery: autoDraw = False
18.3471 	EXP 	blank_screen: autoDraw = False
18.3471 	EXP 	text: autoDraw = False
18.3471 	EXP 	hasPeriphery: size = array([1.77777778, 1.        ])
18.3471 	EXP 	hasPeriphery: image = 'C:\\Users\\hesselmann\\Desktop\\PsychoPyUniformityIllusion\\UniformityIllusionPsychoPy\\Pics\\2a.png'
18.3471 	EXP 	noPeriphery: size = array([1.77777778, 1.        ])
18.3471 	EXP 	noPeriphery: image = 'C:\\Users\\hesselmann\\Desktop\\PsychoPyUniformityIllusion\\UniformityIllusionPsychoPy\\Pics\\2start.png'
18.3471 	EXP 	hasPeriphery: autoDraw = True
18.3471 	EXP 	hasPeriphery: texRes = 128.0
18.3471 	EXP 	noPeriphery: autoDraw = True
18.3471 	EXP 	noPeriphery: texRes = 128.0
18.3471 	EXP 	blank_screen: autoDraw = True
18.3471 	EXP 	text: autoDraw = True
18.4642 	EXP 	hasPeriphery: texRes = 128.0
18.4642 	EXP 	noPeriphery: texRes = 128.0
18.5811 	EXP 	hasPeriphery: texRes = 128.0
18.5811 	EXP 	noPeriphery: texRes = 128.0
18.5811 	EXP 	blank_screen: autoDraw = False
18.6976 	EXP 	hasPeriphery: texRes = 128.0
18.6976 	EXP 	noPeriphery: texRes = 128.0
18.8137 	EXP 	hasPeriphery: texRes = 128.0
18.8137 	EXP 	noPeriphery: texRes = 128.0
18.9303 	EXP 	hasPeriphery: texRes = 128.0
18.9303 	EXP 	noPeriphery: texRes = 128.0
19.0474 	EXP 	hasPeriphery: texRes = 128.0
19.0474 	EXP 	noPeriphery: texRes = 128.0
19.1640 	EXP 	hasPeriphery: texRes = 128.0
19.1640 	EXP 	noPeriphery: texRes = 128.0
19.2803 	EXP 	hasPeriphery: texRes = 128.0
19.2803 	EXP 	noPeriphery: texRes = 128.0
19.3973 	EXP 	hasPeriphery: texRes = 128.0
19.3973 	EXP 	noPeriphery: texRes = 128.0
19.5135 	EXP 	hasPeriphery: texRes = 128.0
19.5135 	EXP 	noPeriphery: texRes = 128.0
19.6306 	EXP 	hasPeriphery: texRes = 128.0
19.6306 	EXP 	noPeriphery: texRes = 128.0
19.7471 	EXP 	hasPeriphery: texRes = 128.0
19.7471 	EXP 	noPeriphery: texRes = 128.0
19.8635 	EXP 	hasPeriphery: texRes = 128.0
19.8635 	EXP 	noPeriphery: texRes = 128.0
19.9809 	EXP 	hasPeriphery: texRes = 128.0
19.9809 	EXP 	noPeriphery: texRes = 128.0
20.0973 	EXP 	hasPeriphery: texRes = 128.0
20.0973 	EXP 	noPeriphery: texRes = 128.0
20.2138 	EXP 	hasPeriphery: texRes = 128.0
20.2138 	EXP 	noPeriphery: texRes = 128.0
20.3301 	EXP 	hasPeriphery: texRes = 128.0
20.3301 	EXP 	noPeriphery: texRes = 128.0
20.4477 	EXP 	hasPeriphery: texRes = 128.0
20.4477 	EXP 	noPeriphery: texRes = 128.0
20.5637 	EXP 	hasPeriphery: texRes = 128.0
20.5637 	EXP 	noPeriphery: texRes = 128.0
20.6803 	EXP 	hasPeriphery: texRes = 128.0
20.6803 	EXP 	noPeriphery: texRes = 128.0
20.7970 	EXP 	hasPeriphery: texRes = 128.0
20.7970 	EXP 	noPeriphery: texRes = 128.0
20.9144 	EXP 	hasPeriphery: texRes = 128.0
20.9144 	EXP 	noPeriphery: texRes = 128.0
21.0299 	EXP 	hasPeriphery: texRes = 128.0
21.0299 	EXP 	noPeriphery: texRes = 128.0
21.1471 	EXP 	hasPeriphery: texRes = 128.0
21.1471 	EXP 	noPeriphery: texRes = 128.0
21.2632 	EXP 	hasPeriphery: texRes = 128.0
21.2632 	EXP 	noPeriphery: texRes = 128.0
21.3799 	EXP 	hasPeriphery: texRes = 128.0
21.3799 	EXP 	noPeriphery: texRes = 128.0
21.4976 	EXP 	hasPeriphery: texRes = 128.0
21.4976 	EXP 	noPeriphery: texRes = 128.0
21.6135 	EXP 	hasPeriphery: texRes = 128.0
21.6135 	EXP 	noPeriphery: texRes = 128.0
21.7301 	EXP 	hasPeriphery: texRes = 128.0
21.7301 	EXP 	noPeriphery: texRes = 128.0
21.8474 	EXP 	hasPeriphery: texRes = 128.0
21.8474 	EXP 	noPeriphery: texRes = 128.0
21.9634 	EXP 	hasPeriphery: texRes = 128.0
21.9634 	EXP 	noPeriphery: texRes = 128.0
22.0797 	EXP 	hasPeriphery: texRes = 128.0
22.0797 	EXP 	noPeriphery: texRes = 128.0
22.1968 	EXP 	hasPeriphery: texRes = 128.0
22.1968 	EXP 	noPeriphery: texRes = 128.0
22.3142 	EXP 	hasPeriphery: texRes = 128.0
22.3142 	EXP 	noPeriphery: texRes = 128.0
22.4302 	EXP 	hasPeriphery: texRes = 128.0
22.4302 	EXP 	noPeriphery: texRes = 128.0
22.5637 	EXP 	hasPeriphery: texRes = 128.0
22.5637 	EXP 	noPeriphery: texRes = 128.0
22.6801 	EXP 	hasPeriphery: texRes = 128.0
22.6801 	EXP 	noPeriphery: texRes = 128.0
22.7962 	EXP 	hasPeriphery: texRes = 128.0
22.7962 	EXP 	noPeriphery: texRes = 128.0
22.9303 	EXP 	hasPeriphery: texRes = 128.0
22.9303 	EXP 	noPeriphery: texRes = 128.0
23.0474 	EXP 	hasPeriphery: texRes = 128.0
23.0474 	EXP 	noPeriphery: texRes = 128.0
23.1628 	EXP 	hasPeriphery: texRes = 128.0
23.1628 	EXP 	noPeriphery: texRes = 128.0
23.2798 	EXP 	hasPeriphery: texRes = 128.0
23.2798 	EXP 	noPeriphery: texRes = 128.0
23.3965 	EXP 	hasPeriphery: texRes = 128.0
23.3965 	EXP 	noPeriphery: texRes = 128.0
23.5137 	EXP 	hasPeriphery: texRes = 128.0
23.5137 	EXP 	noPeriphery: texRes = 128.0
23.6297 	EXP 	hasPeriphery: texRes = 128.0
23.6297 	EXP 	noPeriphery: texRes = 128.0
23.7460 	EXP 	hasPeriphery: texRes = 128.0
23.7460 	EXP 	noPeriphery: texRes = 128.0
23.8634 	EXP 	hasPeriphery: texRes = 128.0
23.8634 	EXP 	noPeriphery: texRes = 128.0
23.9378 	DATA 	Keypress: space
23.9793 	EXP 	hasPeriphery: texRes = 128.0
23.9793 	EXP 	noPeriphery: texRes = 128.0
24.0458 	EXP 	New trial (rep=0, index=3): {'startImage': 'C:\\Users\\hesselmann\\Desktop\\PsychoPyUniformityIllusion\\UniformityIllusionPsychoPy\\Pics\\2start.png', 'endImage': 'C:\\Users\\hesselmann\\Desktop\\PsychoPyUniformityIllusion\\UniformityIllusionPsychoPy\\Pics\\2b.png', 'AB': 'b'}
24.2125 	EXP 	hasPeriphery: texRes = 128.0
24.2125 	EXP 	noPeriphery: texRes = 128.0
24.2125 	EXP 	hasPeriphery: autoDraw = False
24.2125 	EXP 	noPeriphery: autoDraw = False
24.2125 	EXP 	blank_screen: autoDraw = False
24.2125 	EXP 	text: autoDraw = False
24.2125 	EXP 	hasPeriphery: size = array([1.77777778, 1.        ])
24.2125 	EXP 	hasPeriphery: image = 'C:\\Users\\hesselmann\\Desktop\\PsychoPyUniformityIllusion\\UniformityIllusionPsychoPy\\Pics\\2b.png'
24.2125 	EXP 	noPeriphery: size = array([1.77777778, 1.        ])
24.2125 	EXP 	noPeriphery: image = 'C:\\Users\\hesselmann\\Desktop\\PsychoPyUniformityIllusion\\UniformityIllusionPsychoPy\\Pics\\2start.png'
24.2125 	EXP 	hasPeriphery: autoDraw = True
24.2125 	EXP 	hasPeriphery: texRes = 128.0
24.2125 	EXP 	noPeriphery: autoDraw = True
24.2125 	EXP 	noPeriphery: texRes = 128.0
24.2125 	EXP 	blank_screen: autoDraw = True
24.2125 	EXP 	text: autoDraw = True
24.3292 	EXP 	hasPeriphery: texRes = 128.0
24.3292 	EXP 	noPeriphery: texRes = 128.0
24.4467 	EXP 	hasPeriphery: texRes = 128.0
24.4467 	EXP 	noPeriphery: texRes = 128.0
24.4467 	EXP 	blank_screen: autoDraw = False
24.5625 	EXP 	hasPeriphery: texRes = 128.0
24.5625 	EXP 	noPeriphery: texRes = 128.0
24.6633 	EXP 	hasPeriphery: texRes = 128.0
24.6633 	EXP 	noPeriphery: texRes = 128.0
24.7799 	EXP 	hasPeriphery: texRes = 128.0
24.7799 	EXP 	noPeriphery: texRes = 128.0
24.8958 	EXP 	hasPeriphery: texRes = 128.0
24.8958 	EXP 	noPeriphery: texRes = 128.0
25.0124 	EXP 	hasPeriphery: texRes = 128.0
25.0124 	EXP 	noPeriphery: texRes = 128.0
25.1297 	EXP 	hasPeriphery: texRes = 128.0
25.1297 	EXP 	noPeriphery: texRes = 128.0
25.2461 	EXP 	hasPeriphery: texRes = 128.0
25.2461 	EXP 	noPeriphery: texRes = 128.0
25.3627 	EXP 	hasPeriphery: texRes = 128.0
25.3627 	EXP 	noPeriphery: texRes = 128.0
25.4794 	EXP 	hasPeriphery: texRes = 128.0
25.4794 	EXP 	noPeriphery: texRes = 128.0
25.5790 	EXP 	hasPeriphery: texRes = 128.0
25.5790 	EXP 	noPeriphery: texRes = 128.0
25.6956 	EXP 	hasPeriphery: texRes = 128.0
25.6956 	EXP 	noPeriphery: texRes = 128.0
25.8123 	EXP 	hasPeriphery: texRes = 128.0
25.8123 	EXP 	noPeriphery: texRes = 128.0
25.9122 	EXP 	hasPeriphery: texRes = 128.0
25.9122 	EXP 	noPeriphery: texRes = 128.0
26.0123 	EXP 	hasPeriphery: texRes = 128.0
26.0123 	EXP 	noPeriphery: texRes = 128.0
26.1293 	EXP 	hasPeriphery: texRes = 128.0
26.1293 	EXP 	noPeriphery: texRes = 128.0
26.2459 	EXP 	hasPeriphery: texRes = 128.0
26.2459 	EXP 	noPeriphery: texRes = 128.0
26.3622 	EXP 	hasPeriphery: texRes = 128.0
26.3622 	EXP 	noPeriphery: texRes = 128.0
26.4623 	EXP 	hasPeriphery: texRes = 128.0
26.4623 	EXP 	noPeriphery: texRes = 128.0
26.5789 	EXP 	hasPeriphery: texRes = 128.0
26.5789 	EXP 	noPeriphery: texRes = 128.0
26.6958 	EXP 	hasPeriphery: texRes = 128.0
26.6958 	EXP 	noPeriphery: texRes = 128.0
26.7958 	EXP 	hasPeriphery: texRes = 128.0
26.7958 	EXP 	noPeriphery: texRes = 128.0
26.9128 	EXP 	hasPeriphery: texRes = 128.0
26.9128 	EXP 	noPeriphery: texRes = 128.0
27.0288 	EXP 	hasPeriphery: texRes = 128.0
27.0288 	EXP 	noPeriphery: texRes = 128.0
27.1459 	EXP 	hasPeriphery: texRes = 128.0
27.1459 	EXP 	noPeriphery: texRes = 128.0
27.2632 	EXP 	hasPeriphery: texRes = 128.0
27.2632 	EXP 	noPeriphery: texRes = 128.0
27.3792 	EXP 	hasPeriphery: texRes = 128.0
27.3792 	EXP 	noPeriphery: texRes = 128.0
27.4786 	EXP 	hasPeriphery: texRes = 128.0
27.4786 	EXP 	noPeriphery: texRes = 128.0
27.5958 	EXP 	hasPeriphery: texRes = 128.0
27.5958 	EXP 	noPeriphery: texRes = 128.0
27.7123 	EXP 	hasPeriphery: texRes = 128.0
27.7123 	EXP 	noPeriphery: texRes = 128.0
27.8126 	EXP 	hasPeriphery: texRes = 128.0
27.8126 	EXP 	noPeriphery: texRes = 128.0
27.9292 	EXP 	hasPeriphery: texRes = 128.0
27.9292 	EXP 	noPeriphery: texRes = 128.0
28.0453 	EXP 	hasPeriphery: texRes = 128.0
28.0453 	EXP 	noPeriphery: texRes = 128.0
28.1625 	EXP 	hasPeriphery: texRes = 128.0
28.1625 	EXP 	noPeriphery: texRes = 128.0
28.2790 	EXP 	hasPeriphery: texRes = 128.0
28.2790 	EXP 	noPeriphery: texRes = 128.0
28.3969 	EXP 	hasPeriphery: texRes = 128.0
28.3969 	EXP 	noPeriphery: texRes = 128.0
28.5121 	EXP 	hasPeriphery: texRes = 128.0
28.5121 	EXP 	noPeriphery: texRes = 128.0
28.6294 	EXP 	hasPeriphery: texRes = 128.0
28.6294 	EXP 	noPeriphery: texRes = 128.0
28.7291 	EXP 	hasPeriphery: texRes = 128.0
28.7291 	EXP 	noPeriphery: texRes = 128.0
28.8462 	EXP 	hasPeriphery: texRes = 128.0
28.8462 	EXP 	noPeriphery: texRes = 128.0
28.9620 	EXP 	hasPeriphery: texRes = 128.0
28.9620 	EXP 	noPeriphery: texRes = 128.0
29.0792 	EXP 	hasPeriphery: texRes = 128.0
29.0792 	EXP 	noPeriphery: texRes = 128.0
29.1958 	EXP 	hasPeriphery: texRes = 128.0
29.1958 	EXP 	noPeriphery: texRes = 128.0
29.3129 	EXP 	hasPeriphery: texRes = 128.0
29.3129 	EXP 	noPeriphery: texRes = 128.0
29.4283 	EXP 	hasPeriphery: texRes = 128.0
29.4283 	EXP 	noPeriphery: texRes = 128.0
29.5455 	EXP 	hasPeriphery: texRes = 128.0
29.5455 	EXP 	noPeriphery: texRes = 128.0
29.6625 	EXP 	hasPeriphery: texRes = 128.0
29.6625 	EXP 	noPeriphery: texRes = 128.0
29.7787 	EXP 	hasPeriphery: texRes = 128.0
29.7787 	EXP 	noPeriphery: texRes = 128.0
29.8952 	EXP 	hasPeriphery: texRes = 128.0
29.8952 	EXP 	noPeriphery: texRes = 128.0
30.0124 	EXP 	hasPeriphery: texRes = 128.0
30.0124 	EXP 	noPeriphery: texRes = 128.0
30.1283 	EXP 	hasPeriphery: texRes = 128.0
30.1283 	EXP 	noPeriphery: texRes = 128.0
30.2451 	EXP 	hasPeriphery: texRes = 128.0
30.2451 	EXP 	noPeriphery: texRes = 128.0
30.3447 	EXP 	hasPeriphery: texRes = 128.0
30.3447 	EXP 	noPeriphery: texRes = 128.0
30.4625 	EXP 	hasPeriphery: texRes = 128.0
30.4625 	EXP 	noPeriphery: texRes = 128.0
30.5614 	EXP 	hasPeriphery: texRes = 128.0
30.5614 	EXP 	noPeriphery: texRes = 128.0
30.6780 	EXP 	hasPeriphery: texRes = 128.0
30.6780 	EXP 	noPeriphery: texRes = 128.0
30.7950 	EXP 	hasPeriphery: texRes = 128.0
30.7950 	EXP 	noPeriphery: texRes = 128.0
30.8946 	EXP 	hasPeriphery: texRes = 128.0
30.8946 	EXP 	noPeriphery: texRes = 128.0
30.9949 	EXP 	hasPeriphery: texRes = 128.0
30.9949 	EXP 	noPeriphery: texRes = 128.0
31.1112 	EXP 	hasPeriphery: texRes = 128.0
31.1112 	EXP 	noPeriphery: texRes = 128.0
31.2116 	EXP 	hasPeriphery: texRes = 128.0
31.2116 	EXP 	noPeriphery: texRes = 128.0
31.3282 	EXP 	hasPeriphery: texRes = 128.0
31.3282 	EXP 	noPeriphery: texRes = 128.0
31.4280 	EXP 	hasPeriphery: texRes = 128.0
31.4280 	EXP 	noPeriphery: texRes = 128.0
31.5452 	EXP 	hasPeriphery: texRes = 128.0
31.5452 	EXP 	noPeriphery: texRes = 128.0
31.6626 	EXP 	hasPeriphery: texRes = 128.0
31.6626 	EXP 	noPeriphery: texRes = 128.0
31.7778 	EXP 	hasPeriphery: texRes = 128.0
31.7778 	EXP 	noPeriphery: texRes = 128.0
31.8951 	EXP 	hasPeriphery: texRes = 128.0
31.8951 	EXP 	noPeriphery: texRes = 128.0
31.9664 	DATA 	Keypress: escape
32.0114 	EXP 	hasPeriphery: texRes = 128.0
32.0114 	EXP 	noPeriphery: texRes = 128.0
32.2265 	EXP 	window1: mouseVisible = True
