1.5560 	WARNING 	We strongly recommend you activate the PTB sound engine in PsychoPy prefs as the preferred audio engine. Its timing is vastly superior. Your prefs are currently set to use ['sounddevice', 'PTB', 'pyo', 'pygame'] (in that order).
80.2840 	WARNING 	Couldn't measure a consistent frame rate.
  - Is your graphics card set to sync to vertical blank?
  - Are you running other processes on your computer?

80.2844 	EXP 	Created window1 = Window(allowGUI=False, allowStencil=False, autoLog=True, backendConf=UNKNOWN, bitsMode=UNKNOWN, blendMode='avg', bpc=(8, 8, 8), color=array([0, 0, 0]), colorSpace='rgb', depthBits=8, fullscr=<method-wrapper '__getattribute__' of attributeSetter object at 0x000001F927139748>, gamma=None, gammaErrorPolicy='raise', lms=UNKNOWN, monitor=<psychopy.monitors.calibTools.Monitor object at 0x000001F92715EB00>, multiSample=False, name='window1', numSamples=2, pos=[0.0, 0.0], screen=0, size=array([1920, 1080]), stencilBits=0, stereo=False, units='height', useFBO=True, useRetina=False, viewOri=0.0, viewPos=None, viewScale=None, waitBlanking=True, winType='pyglet')
80.2847 	EXP 	window1: mouseVisible = True
80.2847 	EXP 	window1: recordFrameIntervals = False
80.4544 	EXP 	window1: recordFrameIntervals = True
80.5462 	WARNING 	t of last frame was 22.40ms (=1/44)
80.6153 	WARNING 	t of last frame was 28.08ms (=1/35)
80.6954 	WARNING 	t of last frame was 23.34ms (=1/42)
80.7602 	WARNING 	t of last frame was 25.30ms (=1/39)
80.8392 	WARNING 	Multiple dropped frames have occurred - I'll stop bothering you about them!
81.8395 	EXP 	window1: recordFrameIntervals = True
82.4778 	EXP 	Created WelcomeText = TextStim(__class__=<class 'psychopy.visual.text.TextStim'>, alignHoriz=method-wrapper(...), alignText='center', alignVert=method-wrapper(...), anchorHoriz='center', anchorVert='center', antialias=True, autoLog=True, bold=False, color=array([1, 1, 1]), colorSpace='rgb', contrast=1.0, depth=0.0, flipHoriz=False, flipVert=False, font='Open Sans', fontFiles=[], height=0.1, italic=False, languageStyle='LTR', name='WelcomeText', opacity=1, ori=0.0, pos=array([0., 0.]), rgb=UNKNOWN, text='Welcome to our Study!', units='height', win=Window(...), wrapWidth=1)
82.4909 	EXP 	Imported depression.xlsx as conditions, 2 conditions, 12 params
82.4920 	EXP 	Question text: Sadness
82.5365 	EXP 	window1: mouseVisible = True
82.6063 	EXP 	Question text: Pessimism
82.6187 	EXP 	window1: mouseVisible = True
82.6750 	EXP 	window1: mouseVisible = True
82.6803 	EXP 	Created unnamed Rect = Rect(__class__=<class 'psychopy.visual.rect.Rect'>, autoDraw=False, autoLog=True, closeShape=True, color=method-wrapper(...), colorSpace='rgb', contrast=None, depth=0, fillColor=array([0, 0, 0]), fillColorSpace='rgb', fillRGB=UNKNOWN, interpolate=True, lineColor=array([0, 0, 0]), lineColorSpace='rgb', lineRGB=UNKNOWN, lineWidth=1.5, name='unnamed Rect', opacity=0, ori=0.0, pos=array([0., 0.]), size=array([0., 0.]), units='height', vertices=ndarray(...), win=Window(...))
82.7094 	EXP 	Created DepressionQuestionnaire = <psychopy.visual.form.Form object at 0x000001F92A72C6A0>
82.7576 	EXP 	window1: mouseVisible = True
82.8693 	EXP 	Created instructionsText = TextStim(__class__=<class 'psychopy.visual.text.TextStim'>, alignHoriz=method-wrapper(...), alignText='center', alignVert=method-wrapper(...), anchorHoriz='center', anchorVert='center', antialias=True, autoLog=True, bold=False, color=array([1, 1, 1]), colorSpace='rgb', contrast=1.0, depth=0.0, flipHoriz=False, flipVert=False, font='Open Sans', fontFiles=[], height=0.04, italic=False, languageStyle='LTR', name='instructionsText', opacity=1, ori=0.0, pos=array([0., 0.]), rgb=UNKNOWN, text=str(...), units='height', win=Window(...), wrapWidth=1)
82.8737 	EXP 	Created hasPeriphery = ImageStim(__class__=<class 'psychopy.visual.image.ImageStim'>, autoLog=True, color=array([1, 1, 1]), colorSpace='rgb', contrast=1.0, depth=-1.0, flipHoriz=False, flipVert=False, image='sin', interpolate=True, mask=None, maskParams=None, name='hasPeriphery', opacity=1.0, ori=0.0, pos=array([0., 0.]), size=array([0.5, 0.5]), texRes=128.0, units='height', win=Window(...))
82.8774 	EXP 	Created noPeriphery = ImageStim(__class__=<class 'psychopy.visual.image.ImageStim'>, autoLog=True, color=array([1, 1, 1]), colorSpace='rgb', contrast=1.0, depth=-3.0, flipHoriz=False, flipVert=False, image='sin', interpolate=True, mask=None, maskParams=None, name='noPeriphery', opacity=1.0, ori=0.0, pos=array([0., 0.]), size=array([0.5, 0.5]), texRes=128.0, units='height', win=Window(...))
82.8808 	EXP 	Created final = ImageStim(__class__=<class 'psychopy.visual.image.ImageStim'>, autoLog=True, color=array([1, 1, 1]), colorSpace='rgb', contrast=1.0, depth=-4.0, flipHoriz=False, flipVert=False, image='sin', interpolate=True, mask=None, maskParams=None, name='final', opacity=1.0, ori=0.0, pos=array([0., 0.]), size=array([0.5, 0.5]), texRes=128.0, units='height', win=Window(...))
82.8823 	EXP 	Created blank_screen = Rect(__class__=<class 'psychopy.visual.rect.Rect'>, autoDraw=False, autoLog=True, closeShape=True, color=method-wrapper(...), colorSpace='rgb', contrast=None, depth=-5.0, fillColor=array([1, 1, 1]), fillColorSpace='rgb', fillRGB=UNKNOWN, interpolate=True, lineColor=array([1, 1, 1]), lineColorSpace='rgb', lineRGB=UNKNOWN, lineWidth=1.0, name='blank_screen', opacity=1.0, ori=0.0, pos=array([0., 0.]), size=array([2., 2.]), units='height', vertices=ndarray(...), win=Window(...))
82.8941 	EXP 	Created text = TextStim(__class__=<class 'psychopy.visual.text.TextStim'>, alignHoriz=method-wrapper(...), alignText='center', alignVert=method-wrapper(...), anchorHoriz='center', anchorVert='center', antialias=True, autoLog=True, bold=False, color=array([ 1, -1, -1]), colorSpace='rgb', contrast=1.0, depth=-6.0, flipHoriz=False, flipVert=False, font='Open Sans', fontFiles=[], height=0.1, italic=False, languageStyle='LTR', name='text', opacity=1, ori=0.0, pos=array([0., 0.]), rgb=UNKNOWN, text='+', units='height', win=Window(...), wrapWidth=1)
82.9176 	EXP 	Created WelcomeText = TextStim(__class__=<class 'psychopy.visual.text.TextStim'>, alignHoriz=method-wrapper(...), alignText='center', alignVert=method-wrapper(...), anchorHoriz='center', anchorVert='center', antialias=True, autoLog=True, bold=False, color=array([1, 1, 1]), colorSpace='rgb', contrast=1.0, depth=0.0, flipHoriz=False, flipVert=False, font='Open Sans', fontFiles=[], height=0.1, italic=False, languageStyle='LTR', name='WelcomeText', opacity=1, ori=0.0, pos=array([0., 0.]), rgb=UNKNOWN, text='Welcome to our Study!', units='height', win=Window(...), wrapWidth=1)
82.9214 	EXP 	Created hasPeriphery = ImageStim(__class__=<class 'psychopy.visual.image.ImageStim'>, autoLog=True, color=array([1, 1, 1]), colorSpace='rgb', contrast=1.0, depth=-1.0, flipHoriz=False, flipVert=False, image='sin', interpolate=True, mask=None, maskParams=None, name='hasPeriphery', opacity=1.0, ori=0.0, pos=array([0., 0.]), size=array([0.5, 0.5]), texRes=128.0, units='height', win=Window(...))
82.9250 	EXP 	Created noPeriphery = ImageStim(__class__=<class 'psychopy.visual.image.ImageStim'>, autoLog=True, color=array([1, 1, 1]), colorSpace='rgb', contrast=1.0, depth=-3.0, flipHoriz=False, flipVert=False, image='sin', interpolate=True, mask=None, maskParams=None, name='noPeriphery', opacity=1.0, ori=0.0, pos=array([0., 0.]), size=array([0.5, 0.5]), texRes=128.0, units='height', win=Window(...))
82.9284 	EXP 	Created final = ImageStim(__class__=<class 'psychopy.visual.image.ImageStim'>, autoLog=True, color=array([1, 1, 1]), colorSpace='rgb', contrast=1.0, depth=-4.0, flipHoriz=False, flipVert=False, image='sin', interpolate=True, mask=None, maskParams=None, name='final', opacity=1.0, ori=0.0, pos=array([0., 0.]), size=array([0.5, 0.5]), texRes=128.0, units='height', win=Window(...))
82.9300 	EXP 	Created blank_screen = Rect(__class__=<class 'psychopy.visual.rect.Rect'>, autoDraw=False, autoLog=True, closeShape=True, color=method-wrapper(...), colorSpace='rgb', contrast=None, depth=-5.0, fillColor=array([1, 1, 1]), fillColorSpace='rgb', fillRGB=UNKNOWN, interpolate=True, lineColor=array([1, 1, 1]), lineColorSpace='rgb', lineRGB=UNKNOWN, lineWidth=1.0, name='blank_screen', opacity=1.0, ori=0.0, pos=array([0., 0.]), size=array([2., 2.]), units='height', vertices=ndarray(...), win=Window(...))
82.9324 	EXP 	Created text = TextStim(__class__=<class 'psychopy.visual.text.TextStim'>, alignHoriz=method-wrapper(...), alignText='center', alignVert=method-wrapper(...), anchorHoriz='center', anchorVert='center', antialias=True, autoLog=True, bold=False, color=array([ 1, -1, -1]), colorSpace='rgb', contrast=1.0, depth=-6.0, flipHoriz=False, flipVert=False, font='Open Sans', fontFiles=[], height=0.1, italic=False, languageStyle='LTR', name='text', opacity=1, ori=0.0, pos=array([0., 0.]), rgb=UNKNOWN, text='+', units='height', win=Window(...), wrapWidth=1)
83.9728 	EXP 	unnamed Form: autoLog = True
83.9728 	EXP 	DepressionQuestionnaire: name = 'DepressionQuestionnaire'
83.9728 	EXP 	DepressionQuestionnaire: size = (3.5, 1)
83.9728 	EXP 	DepressionQuestionnaire: size = array([3.5, 1. ])
83.9728 	EXP 	DepressionQuestionnaire: units = 'height'
83.9728 	EXP 	DepressionQuestionnaire: depth = 0
83.9728 	EXP 	WelcomeText: autoDraw = True
84.9730 	EXP 	WelcomeText: autoDraw = False
84.9730 	EXP 	DepressionQuestionnaire: autoDraw = True
86.4962 	DATA 	Mouse: Left button down, pos=(853,104)
86.5330 	EXP 	DepressionQuestionnaire: autoDraw = False
86.5330 	EXP 	instructionsText: autoDraw = True
86.6781 	DATA 	Mouse:  Left button up, pos=(853,104)
87.6857 	DATA 	Keypress: space
87.7229 	EXP 	Imported picPaths.xlsx as conditions, 6 conditions, 4 params
87.7234 	EXP 	Created sequence: random, trialTypes=6, nReps=1, seed=None
87.7239 	EXP 	New trial (rep=0, index=0): {'startImage': 'C:\\Users\\hesselmann\\Desktop\\PsychoPyUniformityIllusion\\UniformityIllusionPsychoPy\\Pics\\1start.png', 'midImage': 'C:\\Users\\hesselmann\\Desktop\\PsychoPyUniformityIllusion\\UniformityIllusionPsychoPy\\Pics\\1a.png', 'endImage': 'C:\\Users\\hesselmann\\Desktop\\PsychoPyUniformityIllusion\\UniformityIllusionPsychoPy\\Pics\\1b.png', 'AB': 'b'}
88.1271 	EXP 	instructionsText: autoDraw = False
88.1271 	EXP 	hasPeriphery: size = array([1.77777778, 1.        ])
88.1271 	EXP 	hasPeriphery: image = 'C:\\Users\\hesselmann\\Desktop\\PsychoPyUniformityIllusion\\UniformityIllusionPsychoPy\\Pics\\1a.png'
88.1271 	EXP 	noPeriphery: size = array([1.77777778, 1.        ])
88.1271 	EXP 	noPeriphery: image = 'C:\\Users\\hesselmann\\Desktop\\PsychoPyUniformityIllusion\\UniformityIllusionPsychoPy\\Pics\\1start.png'
88.1271 	EXP 	final: size = array([1.77777778, 1.        ])
88.1271 	EXP 	final: image = 'C:\\Users\\hesselmann\\Desktop\\PsychoPyUniformityIllusion\\UniformityIllusionPsychoPy\\Pics\\1b.png'
88.1271 	EXP 	hasPeriphery: autoDraw = True
88.1271 	EXP 	hasPeriphery: texRes = 128.0
88.1271 	EXP 	noPeriphery: autoDraw = True
88.1271 	EXP 	noPeriphery: texRes = 128.0
88.1271 	EXP 	text: autoDraw = True
88.3319 	EXP 	hasPeriphery: texRes = 128.0
88.3319 	EXP 	noPeriphery: texRes = 128.0
88.6008 	EXP 	hasPeriphery: texRes = 128.0
88.6008 	EXP 	noPeriphery: texRes = 128.0
88.7866 	EXP 	hasPeriphery: texRes = 128.0
88.7866 	EXP 	noPeriphery: texRes = 128.0
89.0595 	EXP 	hasPeriphery: texRes = 128.0
89.0595 	EXP 	noPeriphery: texRes = 128.0
89.2934 	EXP 	hasPeriphery: texRes = 128.0
89.2934 	EXP 	noPeriphery: texRes = 128.0
89.5201 	EXP 	hasPeriphery: texRes = 128.0
89.5201 	EXP 	noPeriphery: texRes = 128.0
89.7194 	EXP 	hasPeriphery: texRes = 128.0
89.7194 	EXP 	noPeriphery: texRes = 128.0
89.9638 	EXP 	hasPeriphery: texRes = 128.0
89.9638 	EXP 	noPeriphery: texRes = 128.0
90.2148 	EXP 	hasPeriphery: texRes = 128.0
90.2148 	EXP 	noPeriphery: texRes = 128.0
90.4535 	EXP 	hasPeriphery: texRes = 128.0
90.4535 	EXP 	noPeriphery: texRes = 128.0
90.6725 	EXP 	hasPeriphery: texRes = 128.0
90.6725 	EXP 	noPeriphery: texRes = 128.0
90.9224 	EXP 	hasPeriphery: texRes = 128.0
90.9224 	EXP 	noPeriphery: texRes = 128.0
91.1679 	EXP 	hasPeriphery: texRes = 128.0
91.1679 	EXP 	noPeriphery: texRes = 128.0
91.4026 	EXP 	hasPeriphery: texRes = 128.0
91.4026 	EXP 	noPeriphery: texRes = 128.0
91.6427 	EXP 	hasPeriphery: texRes = 128.0
91.6427 	EXP 	noPeriphery: texRes = 128.0
91.9218 	EXP 	hasPeriphery: texRes = 128.0
91.9218 	EXP 	noPeriphery: texRes = 128.0
92.1693 	EXP 	hasPeriphery: texRes = 128.0
92.1693 	EXP 	noPeriphery: texRes = 128.0
92.4467 	EXP 	hasPeriphery: texRes = 128.0
92.4467 	EXP 	noPeriphery: texRes = 128.0
92.6811 	EXP 	hasPeriphery: texRes = 128.0
92.6811 	EXP 	noPeriphery: texRes = 128.0
92.9074 	EXP 	hasPeriphery: texRes = 128.0
92.9074 	EXP 	noPeriphery: texRes = 128.0
93.1367 	EXP 	hasPeriphery: texRes = 128.0
93.1367 	EXP 	noPeriphery: texRes = 128.0
93.4009 	EXP 	hasPeriphery: texRes = 128.0
93.4009 	EXP 	noPeriphery: texRes = 128.0
93.6604 	EXP 	hasPeriphery: texRes = 128.0
93.6604 	EXP 	noPeriphery: texRes = 128.0
93.8891 	EXP 	hasPeriphery: texRes = 128.0
93.8891 	EXP 	noPeriphery: texRes = 128.0
94.1080 	EXP 	hasPeriphery: texRes = 128.0
94.1080 	EXP 	noPeriphery: texRes = 128.0
94.3492 	EXP 	hasPeriphery: texRes = 128.0
94.3492 	EXP 	noPeriphery: texRes = 128.0
94.6140 	EXP 	hasPeriphery: texRes = 128.0
94.6140 	EXP 	noPeriphery: texRes = 128.0
94.8709 	EXP 	hasPeriphery: texRes = 128.0
94.8709 	EXP 	noPeriphery: texRes = 128.0
95.1348 	EXP 	hasPeriphery: texRes = 128.0
95.1348 	EXP 	noPeriphery: texRes = 128.0
95.3672 	EXP 	hasPeriphery: texRes = 128.0
95.3672 	EXP 	noPeriphery: texRes = 128.0
95.6335 	EXP 	hasPeriphery: texRes = 128.0
95.6335 	EXP 	noPeriphery: texRes = 128.0
95.9081 	EXP 	hasPeriphery: texRes = 128.0
95.9081 	EXP 	noPeriphery: texRes = 128.0
96.1534 	EXP 	hasPeriphery: texRes = 128.0
96.1534 	EXP 	noPeriphery: texRes = 128.0
96.4142 	EXP 	hasPeriphery: texRes = 128.0
96.4142 	EXP 	noPeriphery: texRes = 128.0
96.6081 	EXP 	hasPeriphery: texRes = 128.0
96.6081 	EXP 	noPeriphery: texRes = 128.0
96.6081 	EXP 	blank_screen: autoDraw = True
96.9248 	EXP 	hasPeriphery: texRes = 128.0
96.9248 	EXP 	noPeriphery: texRes = 128.0
96.9248 	EXP 	final: autoDraw = True
96.9248 	EXP 	final: texRes = 128.0
97.2281 	EXP 	hasPeriphery: texRes = 128.0
97.2281 	EXP 	noPeriphery: texRes = 128.0
97.2281 	EXP 	final: texRes = 128.0
97.2281 	EXP 	blank_screen: autoDraw = False
97.5475 	EXP 	hasPeriphery: texRes = 128.0
97.5475 	EXP 	noPeriphery: texRes = 128.0
97.5475 	EXP 	final: texRes = 128.0
97.8544 	EXP 	hasPeriphery: texRes = 128.0
97.8544 	EXP 	noPeriphery: texRes = 128.0
97.8544 	EXP 	final: texRes = 128.0
98.1758 	EXP 	hasPeriphery: texRes = 128.0
98.1758 	EXP 	noPeriphery: texRes = 128.0
98.1758 	EXP 	final: texRes = 128.0
98.2765 	EXP 	hasPeriphery: autoDraw = False
98.2765 	EXP 	noPeriphery: autoDraw = False
98.2765 	EXP 	final: texRes = 128.0
98.3745 	EXP 	final: texRes = 128.0
98.4361 	EXP 	New trial (rep=0, index=1): {'startImage': 'C:\\Users\\hesselmann\\Desktop\\PsychoPyUniformityIllusion\\UniformityIllusionPsychoPy\\Pics\\2start.png', 'midImage': 'C:\\Users\\hesselmann\\Desktop\\PsychoPyUniformityIllusion\\UniformityIllusionPsychoPy\\Pics\\2a.png', 'endImage': 'C:\\Users\\hesselmann\\Desktop\\PsychoPyUniformityIllusion\\UniformityIllusionPsychoPy\\Pics\\2b.png', 'AB': 'b'}
98.7059 	EXP 	New trial (rep=0, index=2): {'startImage': 'C:\\Users\\hesselmann\\Desktop\\PsychoPyUniformityIllusion\\UniformityIllusionPsychoPy\\Pics\\3start.png', 'midImage': 'C:\\Users\\hesselmann\\Desktop\\PsychoPyUniformityIllusion\\UniformityIllusionPsychoPy\\Pics\\3a.png', 'endImage': 'C:\\Users\\hesselmann\\Desktop\\PsychoPyUniformityIllusion\\UniformityIllusionPsychoPy\\Pics\\3a.png', 'AB': 'a'}
99.0143 	EXP 	final: texRes = 128.0
99.0143 	EXP 	hasPeriphery: autoDraw = False
99.0143 	EXP 	noPeriphery: autoDraw = False
99.0143 	EXP 	final: autoDraw = False
99.0143 	EXP 	blank_screen: autoDraw = False
99.0143 	EXP 	text: autoDraw = False
99.0143 	EXP 	hasPeriphery: size = array([1.77777778, 1.        ])
99.0143 	EXP 	hasPeriphery: image = 'C:\\Users\\hesselmann\\Desktop\\PsychoPyUniformityIllusion\\UniformityIllusionPsychoPy\\Pics\\2a.png'
99.0143 	EXP 	noPeriphery: size = array([1.77777778, 1.        ])
99.0143 	EXP 	noPeriphery: image = 'C:\\Users\\hesselmann\\Desktop\\PsychoPyUniformityIllusion\\UniformityIllusionPsychoPy\\Pics\\2start.png'
99.0143 	EXP 	final: size = array([1.77777778, 1.        ])
99.0143 	EXP 	final: image = 'C:\\Users\\hesselmann\\Desktop\\PsychoPyUniformityIllusion\\UniformityIllusionPsychoPy\\Pics\\2b.png'
99.0143 	EXP 	hasPeriphery: autoDraw = True
99.0143 	EXP 	hasPeriphery: texRes = 128.0
99.0143 	EXP 	noPeriphery: autoDraw = True
99.0143 	EXP 	noPeriphery: texRes = 128.0
99.0143 	EXP 	text: autoDraw = True
99.0143 	EXP 	hasPeriphery: autoDraw = False
99.0143 	EXP 	noPeriphery: autoDraw = False
99.0143 	EXP 	final: autoDraw = False
99.0143 	EXP 	blank_screen: autoDraw = False
99.0143 	EXP 	text: autoDraw = False
99.0143 	EXP 	hasPeriphery: size = array([1.77777778, 1.        ])
99.0143 	EXP 	hasPeriphery: image = 'C:\\Users\\hesselmann\\Desktop\\PsychoPyUniformityIllusion\\UniformityIllusionPsychoPy\\Pics\\3a.png'
99.0143 	EXP 	noPeriphery: size = array([1.77777778, 1.        ])
99.0143 	EXP 	noPeriphery: image = 'C:\\Users\\hesselmann\\Desktop\\PsychoPyUniformityIllusion\\UniformityIllusionPsychoPy\\Pics\\3start.png'
99.0143 	EXP 	final: size = array([1.77777778, 1.        ])
99.0143 	EXP 	final: image = 'C:\\Users\\hesselmann\\Desktop\\PsychoPyUniformityIllusion\\UniformityIllusionPsychoPy\\Pics\\3a.png'
99.0143 	EXP 	hasPeriphery: autoDraw = True
99.0143 	EXP 	hasPeriphery: texRes = 128.0
99.0143 	EXP 	noPeriphery: autoDraw = True
99.0143 	EXP 	noPeriphery: texRes = 128.0
99.0143 	EXP 	text: autoDraw = True
99.1745 	EXP 	hasPeriphery: texRes = 128.0
99.1745 	EXP 	noPeriphery: texRes = 128.0
99.3878 	EXP 	hasPeriphery: texRes = 128.0
99.3878 	EXP 	noPeriphery: texRes = 128.0
99.5769 	EXP 	hasPeriphery: texRes = 128.0
99.5769 	EXP 	noPeriphery: texRes = 128.0
99.8282 	EXP 	hasPeriphery: texRes = 128.0
99.8282 	EXP 	noPeriphery: texRes = 128.0
100.0305 	EXP 	hasPeriphery: texRes = 128.0
100.0305 	EXP 	noPeriphery: texRes = 128.0
100.2372 	EXP 	hasPeriphery: texRes = 128.0
100.2372 	EXP 	noPeriphery: texRes = 128.0
100.4285 	EXP 	hasPeriphery: texRes = 128.0
100.4285 	EXP 	noPeriphery: texRes = 128.0
100.6331 	EXP 	hasPeriphery: texRes = 128.0
100.6331 	EXP 	noPeriphery: texRes = 128.0
100.8546 	EXP 	hasPeriphery: texRes = 128.0
100.8546 	EXP 	noPeriphery: texRes = 128.0
101.0563 	EXP 	hasPeriphery: texRes = 128.0
101.0563 	EXP 	noPeriphery: texRes = 128.0
101.2573 	EXP 	hasPeriphery: texRes = 128.0
101.2573 	EXP 	noPeriphery: texRes = 128.0
101.4694 	EXP 	hasPeriphery: texRes = 128.0
101.4694 	EXP 	noPeriphery: texRes = 128.0
101.6690 	EXP 	hasPeriphery: texRes = 128.0
101.6690 	EXP 	noPeriphery: texRes = 128.0
101.8679 	EXP 	hasPeriphery: texRes = 128.0
101.8679 	EXP 	noPeriphery: texRes = 128.0
102.0273 	EXP 	New trial (rep=0, index=3): {'startImage': 'C:\\Users\\hesselmann\\Desktop\\PsychoPyUniformityIllusion\\UniformityIllusionPsychoPy\\Pics\\2start.png', 'midImage': 'C:\\Users\\hesselmann\\Desktop\\PsychoPyUniformityIllusion\\UniformityIllusionPsychoPy\\Pics\\2a.png', 'endImage': 'C:\\Users\\hesselmann\\Desktop\\PsychoPyUniformityIllusion\\UniformityIllusionPsychoPy\\Pics\\2a.png', 'AB': 'a'}
102.2910 	EXP 	New trial (rep=0, index=4): {'startImage': 'C:\\Users\\hesselmann\\Desktop\\PsychoPyUniformityIllusion\\UniformityIllusionPsychoPy\\Pics\\3start.png', 'midImage': 'C:\\Users\\hesselmann\\Desktop\\PsychoPyUniformityIllusion\\UniformityIllusionPsychoPy\\Pics\\3a.png', 'endImage': 'C:\\Users\\hesselmann\\Desktop\\PsychoPyUniformityIllusion\\UniformityIllusionPsychoPy\\Pics\\3b.png', 'AB': 'b'}
102.6284 	EXP 	hasPeriphery: texRes = 128.0
102.6284 	EXP 	noPeriphery: texRes = 128.0
102.6284 	EXP 	hasPeriphery: autoDraw = False
102.6284 	EXP 	noPeriphery: autoDraw = False
102.6284 	EXP 	final: autoDraw = False
102.6284 	EXP 	blank_screen: autoDraw = False
102.6284 	EXP 	text: autoDraw = False
102.6284 	EXP 	hasPeriphery: size = array([1.77777778, 1.        ])
102.6284 	EXP 	hasPeriphery: image = 'C:\\Users\\hesselmann\\Desktop\\PsychoPyUniformityIllusion\\UniformityIllusionPsychoPy\\Pics\\2a.png'
102.6284 	EXP 	noPeriphery: size = array([1.77777778, 1.        ])
102.6284 	EXP 	noPeriphery: image = 'C:\\Users\\hesselmann\\Desktop\\PsychoPyUniformityIllusion\\UniformityIllusionPsychoPy\\Pics\\2start.png'
102.6284 	EXP 	final: size = array([1.77777778, 1.        ])
102.6284 	EXP 	final: image = 'C:\\Users\\hesselmann\\Desktop\\PsychoPyUniformityIllusion\\UniformityIllusionPsychoPy\\Pics\\2a.png'
102.6284 	EXP 	hasPeriphery: autoDraw = True
102.6284 	EXP 	hasPeriphery: texRes = 128.0
102.6284 	EXP 	noPeriphery: autoDraw = True
102.6284 	EXP 	noPeriphery: texRes = 128.0
102.6284 	EXP 	text: autoDraw = True
102.6284 	EXP 	hasPeriphery: autoDraw = False
102.6284 	EXP 	noPeriphery: autoDraw = False
102.6284 	EXP 	final: autoDraw = False
102.6284 	EXP 	blank_screen: autoDraw = False
102.6284 	EXP 	text: autoDraw = False
102.6284 	EXP 	hasPeriphery: size = array([1.77777778, 1.        ])
102.6284 	EXP 	hasPeriphery: image = 'C:\\Users\\hesselmann\\Desktop\\PsychoPyUniformityIllusion\\UniformityIllusionPsychoPy\\Pics\\3a.png'
102.6284 	EXP 	noPeriphery: size = array([1.77777778, 1.        ])
102.6284 	EXP 	noPeriphery: image = 'C:\\Users\\hesselmann\\Desktop\\PsychoPyUniformityIllusion\\UniformityIllusionPsychoPy\\Pics\\3start.png'
102.6284 	EXP 	final: size = array([1.77777778, 1.        ])
102.6284 	EXP 	final: image = 'C:\\Users\\hesselmann\\Desktop\\PsychoPyUniformityIllusion\\UniformityIllusionPsychoPy\\Pics\\3b.png'
102.6284 	EXP 	hasPeriphery: autoDraw = True
102.6284 	EXP 	hasPeriphery: texRes = 128.0
102.6284 	EXP 	noPeriphery: autoDraw = True
102.6284 	EXP 	noPeriphery: texRes = 128.0
102.6284 	EXP 	text: autoDraw = True
102.7823 	EXP 	hasPeriphery: texRes = 128.0
102.7823 	EXP 	noPeriphery: texRes = 128.0
103.0161 	EXP 	hasPeriphery: texRes = 128.0
103.0161 	EXP 	noPeriphery: texRes = 128.0
103.2028 	EXP 	hasPeriphery: texRes = 128.0
103.2028 	EXP 	noPeriphery: texRes = 128.0
103.4023 	EXP 	hasPeriphery: texRes = 128.0
103.4023 	EXP 	noPeriphery: texRes = 128.0
103.5892 	EXP 	hasPeriphery: texRes = 128.0
103.5892 	EXP 	noPeriphery: texRes = 128.0
103.7934 	EXP 	hasPeriphery: texRes = 128.0
103.7934 	EXP 	noPeriphery: texRes = 128.0
103.9899 	EXP 	hasPeriphery: texRes = 128.0
103.9899 	EXP 	noPeriphery: texRes = 128.0
104.1481 	EXP 	New trial (rep=0, index=5): {'startImage': 'C:\\Users\\hesselmann\\Desktop\\PsychoPyUniformityIllusion\\UniformityIllusionPsychoPy\\Pics\\1start.png', 'midImage': 'C:\\Users\\hesselmann\\Desktop\\PsychoPyUniformityIllusion\\UniformityIllusionPsychoPy\\Pics\\1a.png', 'endImage': 'C:\\Users\\hesselmann\\Desktop\\PsychoPyUniformityIllusion\\UniformityIllusionPsychoPy\\Pics\\1a.png', 'AB': 'a'}
104.4568 	EXP 	hasPeriphery: texRes = 128.0
104.4568 	EXP 	noPeriphery: texRes = 128.0
104.4568 	EXP 	hasPeriphery: autoDraw = False
104.4568 	EXP 	noPeriphery: autoDraw = False
104.4568 	EXP 	final: autoDraw = False
104.4568 	EXP 	blank_screen: autoDraw = False
104.4568 	EXP 	text: autoDraw = False
104.4568 	EXP 	hasPeriphery: size = array([1.77777778, 1.        ])
104.4568 	EXP 	hasPeriphery: image = 'C:\\Users\\hesselmann\\Desktop\\PsychoPyUniformityIllusion\\UniformityIllusionPsychoPy\\Pics\\1a.png'
104.4568 	EXP 	noPeriphery: size = array([1.77777778, 1.        ])
104.4568 	EXP 	noPeriphery: image = 'C:\\Users\\hesselmann\\Desktop\\PsychoPyUniformityIllusion\\UniformityIllusionPsychoPy\\Pics\\1start.png'
104.4568 	EXP 	final: size = array([1.77777778, 1.        ])
104.4568 	EXP 	final: image = 'C:\\Users\\hesselmann\\Desktop\\PsychoPyUniformityIllusion\\UniformityIllusionPsychoPy\\Pics\\1a.png'
104.4568 	EXP 	hasPeriphery: autoDraw = True
104.4568 	EXP 	hasPeriphery: texRes = 128.0
104.4568 	EXP 	noPeriphery: autoDraw = True
104.4568 	EXP 	noPeriphery: texRes = 128.0
104.4568 	EXP 	text: autoDraw = True
104.4568 	EXP 	hasPeriphery: autoDraw = False
104.4568 	EXP 	noPeriphery: autoDraw = False
104.4568 	EXP 	final: autoDraw = False
104.4568 	EXP 	blank_screen: autoDraw = False
104.4568 	EXP 	text: autoDraw = False
104.4568 	EXP 	WelcomeText: autoDraw = True
106.4785 	EXP 	Imported picPaths.xlsx as conditions, 24 conditions, 4 params
106.4790 	EXP 	Created sequence: random, trialTypes=24, nReps=1, seed=None
106.4794 	EXP 	New trial (rep=0, index=0): {'startImage': 'C:\\Users\\hesselmann\\Desktop\\PsychoPyUniformityIllusion\\UniformityIllusionPsychoPy\\Pics\\7start.png', 'midImage': 'C:\\Users\\hesselmann\\Desktop\\PsychoPyUniformityIllusion\\UniformityIllusionPsychoPy\\Pics\\7a.png', 'endImage': 'C:\\Users\\hesselmann\\Desktop\\PsychoPyUniformityIllusion\\UniformityIllusionPsychoPy\\Pics\\7b.png', 'AB': None}
106.9146 	EXP 	WelcomeText: autoDraw = False
106.9146 	EXP 	hasPeriphery: size = array([1.77777778, 1.        ])
106.9146 	EXP 	hasPeriphery: image = 'C:\\Users\\hesselmann\\Desktop\\PsychoPyUniformityIllusion\\UniformityIllusionPsychoPy\\Pics\\7a.png'
106.9146 	EXP 	noPeriphery: size = array([1.77777778, 1.        ])
106.9146 	EXP 	noPeriphery: image = 'C:\\Users\\hesselmann\\Desktop\\PsychoPyUniformityIllusion\\UniformityIllusionPsychoPy\\Pics\\7start.png'
106.9146 	EXP 	final: size = array([1.77777778, 1.        ])
106.9146 	EXP 	final: image = 'C:\\Users\\hesselmann\\Desktop\\PsychoPyUniformityIllusion\\UniformityIllusionPsychoPy\\Pics\\7b.png'
106.9146 	EXP 	hasPeriphery: autoDraw = True
106.9146 	EXP 	hasPeriphery: texRes = 128.0
106.9146 	EXP 	noPeriphery: autoDraw = True
106.9146 	EXP 	noPeriphery: texRes = 128.0
106.9146 	EXP 	text: autoDraw = True
107.1378 	EXP 	hasPeriphery: texRes = 128.0
107.1378 	EXP 	noPeriphery: texRes = 128.0
107.3905 	EXP 	hasPeriphery: texRes = 128.0
107.3905 	EXP 	noPeriphery: texRes = 128.0
107.6307 	EXP 	hasPeriphery: texRes = 128.0
107.6307 	EXP 	noPeriphery: texRes = 128.0
107.8690 	EXP 	hasPeriphery: texRes = 128.0
107.8690 	EXP 	noPeriphery: texRes = 128.0
108.1093 	EXP 	hasPeriphery: texRes = 128.0
108.1093 	EXP 	noPeriphery: texRes = 128.0
108.3352 	EXP 	hasPeriphery: texRes = 128.0
108.3352 	EXP 	noPeriphery: texRes = 128.0
108.5763 	EXP 	hasPeriphery: texRes = 128.0
108.5763 	EXP 	noPeriphery: texRes = 128.0
108.8562 	EXP 	hasPeriphery: texRes = 128.0
108.8562 	EXP 	noPeriphery: texRes = 128.0
109.0963 	EXP 	hasPeriphery: texRes = 128.0
109.0963 	EXP 	noPeriphery: texRes = 128.0
109.3259 	EXP 	hasPeriphery: texRes = 128.0
109.3259 	EXP 	noPeriphery: texRes = 128.0
109.5620 	EXP 	hasPeriphery: texRes = 128.0
109.5620 	EXP 	noPeriphery: texRes = 128.0
109.8025 	EXP 	hasPeriphery: texRes = 128.0
109.8025 	EXP 	noPeriphery: texRes = 128.0
110.0712 	EXP 	hasPeriphery: texRes = 128.0
110.0712 	EXP 	noPeriphery: texRes = 128.0
110.3221 	EXP 	hasPeriphery: texRes = 128.0
110.3221 	EXP 	noPeriphery: texRes = 128.0
110.5767 	EXP 	hasPeriphery: texRes = 128.0
110.5767 	EXP 	noPeriphery: texRes = 128.0
110.7492 	EXP 	hasPeriphery: texRes = 128.0
110.7492 	EXP 	noPeriphery: texRes = 128.0
110.9221 	EXP 	hasPeriphery: texRes = 128.0
110.9221 	EXP 	noPeriphery: texRes = 128.0
111.1518 	EXP 	hasPeriphery: texRes = 128.0
111.1518 	EXP 	noPeriphery: texRes = 128.0
111.3899 	EXP 	hasPeriphery: texRes = 128.0
111.3899 	EXP 	noPeriphery: texRes = 128.0
111.6169 	EXP 	hasPeriphery: texRes = 128.0
111.6169 	EXP 	noPeriphery: texRes = 128.0
111.8110 	EXP 	hasPeriphery: texRes = 128.0
111.8110 	EXP 	noPeriphery: texRes = 128.0
112.0823 	EXP 	hasPeriphery: texRes = 128.0
112.0823 	EXP 	noPeriphery: texRes = 128.0
112.3282 	EXP 	hasPeriphery: texRes = 128.0
112.3282 	EXP 	noPeriphery: texRes = 128.0
112.5894 	EXP 	hasPeriphery: texRes = 128.0
112.5894 	EXP 	noPeriphery: texRes = 128.0
112.8181 	EXP 	hasPeriphery: texRes = 128.0
112.8181 	EXP 	noPeriphery: texRes = 128.0
113.0558 	EXP 	hasPeriphery: texRes = 128.0
113.0558 	EXP 	noPeriphery: texRes = 128.0
113.2620 	EXP 	hasPeriphery: texRes = 128.0
113.2620 	EXP 	noPeriphery: texRes = 128.0
113.5090 	EXP 	hasPeriphery: texRes = 128.0
113.5090 	EXP 	noPeriphery: texRes = 128.0
113.7494 	EXP 	hasPeriphery: texRes = 128.0
113.7494 	EXP 	noPeriphery: texRes = 128.0
113.9790 	EXP 	hasPeriphery: texRes = 128.0
113.9790 	EXP 	noPeriphery: texRes = 128.0
114.2174 	EXP 	hasPeriphery: texRes = 128.0
114.2174 	EXP 	noPeriphery: texRes = 128.0
114.4355 	EXP 	hasPeriphery: texRes = 128.0
114.4355 	EXP 	noPeriphery: texRes = 128.0
114.6845 	EXP 	hasPeriphery: texRes = 128.0
114.6845 	EXP 	noPeriphery: texRes = 128.0
114.9227 	EXP 	hasPeriphery: texRes = 128.0
114.9227 	EXP 	noPeriphery: texRes = 128.0
115.1908 	EXP 	hasPeriphery: texRes = 128.0
115.1908 	EXP 	noPeriphery: texRes = 128.0
115.1908 	EXP 	blank_screen: autoDraw = True
115.5063 	EXP 	hasPeriphery: texRes = 128.0
115.5063 	EXP 	noPeriphery: texRes = 128.0
115.5063 	EXP 	final: autoDraw = True
115.5063 	EXP 	final: texRes = 128.0
115.8162 	EXP 	hasPeriphery: texRes = 128.0
115.8162 	EXP 	noPeriphery: texRes = 128.0
115.8162 	EXP 	final: texRes = 128.0
115.8162 	EXP 	blank_screen: autoDraw = False
116.1256 	EXP 	hasPeriphery: texRes = 128.0
116.1256 	EXP 	noPeriphery: texRes = 128.0
116.1256 	EXP 	final: texRes = 128.0
116.4571 	EXP 	hasPeriphery: texRes = 128.0
116.4571 	EXP 	noPeriphery: texRes = 128.0
116.4571 	EXP 	final: texRes = 128.0
116.7655 	EXP 	hasPeriphery: texRes = 128.0
116.7655 	EXP 	noPeriphery: texRes = 128.0
116.7655 	EXP 	final: texRes = 128.0
117.0580 	EXP 	hasPeriphery: texRes = 128.0
117.0580 	EXP 	noPeriphery: texRes = 128.0
117.0580 	EXP 	final: texRes = 128.0
117.1395 	EXP 	hasPeriphery: autoDraw = False
117.1395 	EXP 	noPeriphery: autoDraw = False
117.1395 	EXP 	final: texRes = 128.0
117.2294 	EXP 	final: texRes = 128.0
117.3231 	EXP 	final: texRes = 128.0
117.4173 	EXP 	final: texRes = 128.0
117.4969 	EXP 	final: texRes = 128.0
117.5767 	EXP 	final: texRes = 128.0
117.6584 	EXP 	final: texRes = 128.0
117.7512 	EXP 	final: texRes = 128.0
117.8296 	EXP 	final: texRes = 128.0
117.8885 	DATA 	Keypress: space
117.9228 	EXP 	final: texRes = 128.0
117.9779 	EXP 	New trial (rep=0, index=1): {'startImage': 'C:\\Users\\hesselmann\\Desktop\\PsychoPyUniformityIllusion\\UniformityIllusionPsychoPy\\Pics\\8start.png', 'midImage': 'C:\\Users\\hesselmann\\Desktop\\PsychoPyUniformityIllusion\\UniformityIllusionPsychoPy\\Pics\\8a.png', 'endImage': 'C:\\Users\\hesselmann\\Desktop\\PsychoPyUniformityIllusion\\UniformityIllusionPsychoPy\\Pics\\8a.png', 'AB': None}
118.3496 	EXP 	final: texRes = 128.0
118.3496 	EXP 	hasPeriphery: autoDraw = False
118.3496 	EXP 	noPeriphery: autoDraw = False
118.3496 	EXP 	final: autoDraw = False
118.3496 	EXP 	blank_screen: autoDraw = False
118.3496 	EXP 	text: autoDraw = False
118.3496 	EXP 	hasPeriphery: size = array([1.77777778, 1.        ])
118.3496 	EXP 	hasPeriphery: image = 'C:\\Users\\hesselmann\\Desktop\\PsychoPyUniformityIllusion\\UniformityIllusionPsychoPy\\Pics\\8a.png'
118.3496 	EXP 	noPeriphery: size = array([1.77777778, 1.        ])
118.3496 	EXP 	noPeriphery: image = 'C:\\Users\\hesselmann\\Desktop\\PsychoPyUniformityIllusion\\UniformityIllusionPsychoPy\\Pics\\8start.png'
118.3496 	EXP 	final: size = array([1.77777778, 1.        ])
118.3496 	EXP 	final: image = 'C:\\Users\\hesselmann\\Desktop\\PsychoPyUniformityIllusion\\UniformityIllusionPsychoPy\\Pics\\8a.png'
118.3496 	EXP 	hasPeriphery: autoDraw = True
118.3496 	EXP 	hasPeriphery: texRes = 128.0
118.3496 	EXP 	noPeriphery: autoDraw = True
118.3496 	EXP 	noPeriphery: texRes = 128.0
118.3496 	EXP 	text: autoDraw = True
118.5109 	EXP 	hasPeriphery: texRes = 128.0
118.5109 	EXP 	noPeriphery: texRes = 128.0
118.6724 	EXP 	New trial (rep=0, index=2): {'startImage': 'C:\\Users\\hesselmann\\Desktop\\PsychoPyUniformityIllusion\\UniformityIllusionPsychoPy\\Pics\\13start.png', 'midImage': 'C:\\Users\\hesselmann\\Desktop\\PsychoPyUniformityIllusion\\UniformityIllusionPsychoPy\\Pics\\13a.png', 'endImage': 'C:\\Users\\hesselmann\\Desktop\\PsychoPyUniformityIllusion\\UniformityIllusionPsychoPy\\Pics\\13b.png', 'AB': None}
119.0572 	EXP 	New trial (rep=0, index=3): {'startImage': 'C:\\Users\\hesselmann\\Desktop\\PsychoPyUniformityIllusion\\UniformityIllusionPsychoPy\\Pics\\7start.png', 'midImage': 'C:\\Users\\hesselmann\\Desktop\\PsychoPyUniformityIllusion\\UniformityIllusionPsychoPy\\Pics\\7a.png', 'endImage': 'C:\\Users\\hesselmann\\Desktop\\PsychoPyUniformityIllusion\\UniformityIllusionPsychoPy\\Pics\\7a.png', 'AB': None}
119.3853 	EXP 	New trial (rep=0, index=4): {'startImage': 'C:\\Users\\hesselmann\\Desktop\\PsychoPyUniformityIllusion\\UniformityIllusionPsychoPy\\Pics\\5start.png', 'midImage': 'C:\\Users\\hesselmann\\Desktop\\PsychoPyUniformityIllusion\\UniformityIllusionPsychoPy\\Pics\\5a.png', 'endImage': 'C:\\Users\\hesselmann\\Desktop\\PsychoPyUniformityIllusion\\UniformityIllusionPsychoPy\\Pics\\5a.png', 'AB': 'a'}
119.7393 	EXP 	New trial (rep=0, index=5): {'startImage': 'C:\\Users\\hesselmann\\Desktop\\PsychoPyUniformityIllusion\\UniformityIllusionPsychoPy\\Pics\\15start.png', 'midImage': 'C:\\Users\\hesselmann\\Desktop\\PsychoPyUniformityIllusion\\UniformityIllusionPsychoPy\\Pics\\15a.png', 'endImage': 'C:\\Users\\hesselmann\\Desktop\\PsychoPyUniformityIllusion\\UniformityIllusionPsychoPy\\Pics\\15b.png', 'AB': None}
119.9708 	EXP 	New trial (rep=0, index=6): {'startImage': 'C:\\Users\\hesselmann\\Desktop\\PsychoPyUniformityIllusion\\UniformityIllusionPsychoPy\\Pics\\10start.png', 'midImage': 'C:\\Users\\hesselmann\\Desktop\\PsychoPyUniformityIllusion\\UniformityIllusionPsychoPy\\Pics\\10a.png', 'endImage': 'C:\\Users\\hesselmann\\Desktop\\PsychoPyUniformityIllusion\\UniformityIllusionPsychoPy\\Pics\\10a.png', 'AB': None}
120.3937 	EXP 	hasPeriphery: texRes = 128.0
120.3937 	EXP 	noPeriphery: texRes = 128.0
120.3937 	EXP 	hasPeriphery: autoDraw = False
120.3937 	EXP 	noPeriphery: autoDraw = False
120.3937 	EXP 	final: autoDraw = False
120.3937 	EXP 	blank_screen: autoDraw = False
120.3937 	EXP 	text: autoDraw = False
120.3937 	EXP 	hasPeriphery: size = array([1.77777778, 1.        ])
120.3937 	EXP 	hasPeriphery: image = 'C:\\Users\\hesselmann\\Desktop\\PsychoPyUniformityIllusion\\UniformityIllusionPsychoPy\\Pics\\13a.png'
120.3937 	EXP 	noPeriphery: size = array([1.77777778, 1.        ])
120.3937 	EXP 	noPeriphery: image = 'C:\\Users\\hesselmann\\Desktop\\PsychoPyUniformityIllusion\\UniformityIllusionPsychoPy\\Pics\\13start.png'
120.3937 	EXP 	final: size = array([1.77777778, 1.        ])
120.3937 	EXP 	final: image = 'C:\\Users\\hesselmann\\Desktop\\PsychoPyUniformityIllusion\\UniformityIllusionPsychoPy\\Pics\\13b.png'
120.3937 	EXP 	hasPeriphery: autoDraw = True
120.3937 	EXP 	hasPeriphery: texRes = 128.0
120.3937 	EXP 	noPeriphery: autoDraw = True
120.3937 	EXP 	noPeriphery: texRes = 128.0
120.3937 	EXP 	text: autoDraw = True
120.3937 	EXP 	hasPeriphery: autoDraw = False
120.3937 	EXP 	noPeriphery: autoDraw = False
120.3937 	EXP 	final: autoDraw = False
120.3937 	EXP 	blank_screen: autoDraw = False
120.3937 	EXP 	text: autoDraw = False
120.3937 	EXP 	hasPeriphery: size = array([1.77777778, 1.        ])
120.3937 	EXP 	hasPeriphery: image = 'C:\\Users\\hesselmann\\Desktop\\PsychoPyUniformityIllusion\\UniformityIllusionPsychoPy\\Pics\\7a.png'
120.3937 	EXP 	noPeriphery: size = array([1.77777778, 1.        ])
120.3937 	EXP 	noPeriphery: image = 'C:\\Users\\hesselmann\\Desktop\\PsychoPyUniformityIllusion\\UniformityIllusionPsychoPy\\Pics\\7start.png'
120.3937 	EXP 	final: size = array([1.77777778, 1.        ])
120.3937 	EXP 	final: image = 'C:\\Users\\hesselmann\\Desktop\\PsychoPyUniformityIllusion\\UniformityIllusionPsychoPy\\Pics\\7a.png'
120.3937 	EXP 	hasPeriphery: autoDraw = True
120.3937 	EXP 	hasPeriphery: texRes = 128.0
120.3937 	EXP 	noPeriphery: autoDraw = True
120.3937 	EXP 	noPeriphery: texRes = 128.0
120.3937 	EXP 	text: autoDraw = True
120.3937 	EXP 	hasPeriphery: autoDraw = False
120.3937 	EXP 	noPeriphery: autoDraw = False
120.3937 	EXP 	final: autoDraw = False
120.3937 	EXP 	blank_screen: autoDraw = False
120.3937 	EXP 	text: autoDraw = False
120.3937 	EXP 	hasPeriphery: size = array([1.77777778, 1.        ])
120.3937 	EXP 	hasPeriphery: image = 'C:\\Users\\hesselmann\\Desktop\\PsychoPyUniformityIllusion\\UniformityIllusionPsychoPy\\Pics\\5a.png'
120.3937 	EXP 	noPeriphery: size = array([1.77777778, 1.        ])
120.3937 	EXP 	noPeriphery: image = 'C:\\Users\\hesselmann\\Desktop\\PsychoPyUniformityIllusion\\UniformityIllusionPsychoPy\\Pics\\5start.png'
120.3937 	EXP 	final: size = array([1.77777778, 1.        ])
120.3937 	EXP 	final: image = 'C:\\Users\\hesselmann\\Desktop\\PsychoPyUniformityIllusion\\UniformityIllusionPsychoPy\\Pics\\5a.png'
120.3937 	EXP 	hasPeriphery: autoDraw = True
120.3937 	EXP 	hasPeriphery: texRes = 128.0
120.3937 	EXP 	noPeriphery: autoDraw = True
120.3937 	EXP 	noPeriphery: texRes = 128.0
120.3937 	EXP 	text: autoDraw = True
120.3937 	EXP 	hasPeriphery: autoDraw = False
120.3937 	EXP 	noPeriphery: autoDraw = False
120.3937 	EXP 	final: autoDraw = False
120.3937 	EXP 	blank_screen: autoDraw = False
120.3937 	EXP 	text: autoDraw = False
120.3937 	EXP 	hasPeriphery: size = array([1.77777778, 1.        ])
120.3937 	EXP 	hasPeriphery: image = 'C:\\Users\\hesselmann\\Desktop\\PsychoPyUniformityIllusion\\UniformityIllusionPsychoPy\\Pics\\15a.png'
120.3937 	EXP 	noPeriphery: size = array([1.77777778, 1.        ])
120.3937 	EXP 	noPeriphery: image = 'C:\\Users\\hesselmann\\Desktop\\PsychoPyUniformityIllusion\\UniformityIllusionPsychoPy\\Pics\\15start.png'
120.3937 	EXP 	final: size = array([1.77777778, 1.        ])
120.3937 	EXP 	final: image = 'C:\\Users\\hesselmann\\Desktop\\PsychoPyUniformityIllusion\\UniformityIllusionPsychoPy\\Pics\\15b.png'
120.3937 	EXP 	hasPeriphery: autoDraw = True
120.3937 	EXP 	hasPeriphery: texRes = 128.0
120.3937 	EXP 	noPeriphery: autoDraw = True
120.3937 	EXP 	noPeriphery: texRes = 128.0
120.3937 	EXP 	text: autoDraw = True
120.3937 	EXP 	hasPeriphery: autoDraw = False
120.3937 	EXP 	noPeriphery: autoDraw = False
120.3937 	EXP 	final: autoDraw = False
120.3937 	EXP 	blank_screen: autoDraw = False
120.3937 	EXP 	text: autoDraw = False
120.3937 	EXP 	hasPeriphery: size = array([1.77777778, 1.        ])
120.3937 	EXP 	hasPeriphery: image = 'C:\\Users\\hesselmann\\Desktop\\PsychoPyUniformityIllusion\\UniformityIllusionPsychoPy\\Pics\\10a.png'
120.3937 	EXP 	noPeriphery: size = array([1.77777778, 1.        ])
120.3937 	EXP 	noPeriphery: image = 'C:\\Users\\hesselmann\\Desktop\\PsychoPyUniformityIllusion\\UniformityIllusionPsychoPy\\Pics\\10start.png'
120.3937 	EXP 	final: size = array([1.77777778, 1.        ])
120.3937 	EXP 	final: image = 'C:\\Users\\hesselmann\\Desktop\\PsychoPyUniformityIllusion\\UniformityIllusionPsychoPy\\Pics\\10a.png'
120.3937 	EXP 	hasPeriphery: autoDraw = True
120.3937 	EXP 	hasPeriphery: texRes = 128.0
120.3937 	EXP 	noPeriphery: autoDraw = True
120.3937 	EXP 	noPeriphery: texRes = 128.0
120.3937 	EXP 	text: autoDraw = True
120.6032 	EXP 	hasPeriphery: texRes = 128.0
120.6032 	EXP 	noPeriphery: texRes = 128.0
120.8831 	EXP 	hasPeriphery: texRes = 128.0
120.8831 	EXP 	noPeriphery: texRes = 128.0
121.1380 	EXP 	hasPeriphery: texRes = 128.0
121.1380 	EXP 	noPeriphery: texRes = 128.0
121.4035 	EXP 	hasPeriphery: texRes = 128.0
121.4035 	EXP 	noPeriphery: texRes = 128.0
121.6316 	EXP 	hasPeriphery: texRes = 128.0
121.6316 	EXP 	noPeriphery: texRes = 128.0
121.8700 	EXP 	hasPeriphery: texRes = 128.0
121.8700 	EXP 	noPeriphery: texRes = 128.0
122.1394 	EXP 	hasPeriphery: texRes = 128.0
122.1394 	EXP 	noPeriphery: texRes = 128.0
122.4069 	EXP 	hasPeriphery: texRes = 128.0
122.4069 	EXP 	noPeriphery: texRes = 128.0
122.6583 	EXP 	hasPeriphery: texRes = 128.0
122.6583 	EXP 	noPeriphery: texRes = 128.0
122.8977 	EXP 	hasPeriphery: texRes = 128.0
122.8977 	EXP 	noPeriphery: texRes = 128.0
123.1513 	EXP 	hasPeriphery: texRes = 128.0
123.1513 	EXP 	noPeriphery: texRes = 128.0
123.3903 	EXP 	hasPeriphery: texRes = 128.0
123.3903 	EXP 	noPeriphery: texRes = 128.0
123.6575 	EXP 	hasPeriphery: texRes = 128.0
123.6575 	EXP 	noPeriphery: texRes = 128.0
123.9111 	EXP 	hasPeriphery: texRes = 128.0
123.9111 	EXP 	noPeriphery: texRes = 128.0
124.1523 	EXP 	hasPeriphery: texRes = 128.0
124.1523 	EXP 	noPeriphery: texRes = 128.0
124.3477 	EXP 	New trial (rep=0, index=7): {'startImage': 'C:\\Users\\hesselmann\\Desktop\\PsychoPyUniformityIllusion\\UniformityIllusionPsychoPy\\Pics\\14start.png', 'midImage': 'C:\\Users\\hesselmann\\Desktop\\PsychoPyUniformityIllusion\\UniformityIllusionPsychoPy\\Pics\\14a.png', 'endImage': 'C:\\Users\\hesselmann\\Desktop\\PsychoPyUniformityIllusion\\UniformityIllusionPsychoPy\\Pics\\14b.png', 'AB': None}
124.6547 	EXP 	New trial (rep=0, index=8): {'startImage': 'C:\\Users\\hesselmann\\Desktop\\PsychoPyUniformityIllusion\\UniformityIllusionPsychoPy\\Pics\\9start.png', 'midImage': 'C:\\Users\\hesselmann\\Desktop\\PsychoPyUniformityIllusion\\UniformityIllusionPsychoPy\\Pics\\9a.png', 'endImage': 'C:\\Users\\hesselmann\\Desktop\\PsychoPyUniformityIllusion\\UniformityIllusionPsychoPy\\Pics\\9a.png', 'AB': None}
124.9325 	DATA 	Keypress: space
124.9634 	EXP 	hasPeriphery: texRes = 128.0
124.9634 	EXP 	noPeriphery: texRes = 128.0
124.9634 	EXP 	hasPeriphery: autoDraw = False
124.9634 	EXP 	noPeriphery: autoDraw = False
124.9634 	EXP 	final: autoDraw = False
124.9634 	EXP 	blank_screen: autoDraw = False
124.9634 	EXP 	text: autoDraw = False
124.9634 	EXP 	hasPeriphery: size = array([1.77777778, 1.        ])
124.9634 	EXP 	hasPeriphery: image = 'C:\\Users\\hesselmann\\Desktop\\PsychoPyUniformityIllusion\\UniformityIllusionPsychoPy\\Pics\\14a.png'
124.9634 	EXP 	noPeriphery: size = array([1.77777778, 1.        ])
124.9634 	EXP 	noPeriphery: image = 'C:\\Users\\hesselmann\\Desktop\\PsychoPyUniformityIllusion\\UniformityIllusionPsychoPy\\Pics\\14start.png'
124.9634 	EXP 	final: size = array([1.77777778, 1.        ])
124.9634 	EXP 	final: image = 'C:\\Users\\hesselmann\\Desktop\\PsychoPyUniformityIllusion\\UniformityIllusionPsychoPy\\Pics\\14b.png'
124.9634 	EXP 	hasPeriphery: autoDraw = True
124.9634 	EXP 	hasPeriphery: texRes = 128.0
124.9634 	EXP 	noPeriphery: autoDraw = True
124.9634 	EXP 	noPeriphery: texRes = 128.0
124.9634 	EXP 	text: autoDraw = True
124.9634 	EXP 	hasPeriphery: autoDraw = False
124.9634 	EXP 	noPeriphery: autoDraw = False
124.9634 	EXP 	final: autoDraw = False
124.9634 	EXP 	blank_screen: autoDraw = False
124.9634 	EXP 	text: autoDraw = False
124.9634 	EXP 	hasPeriphery: size = array([1.77777778, 1.        ])
124.9634 	EXP 	hasPeriphery: image = 'C:\\Users\\hesselmann\\Desktop\\PsychoPyUniformityIllusion\\UniformityIllusionPsychoPy\\Pics\\9a.png'
124.9634 	EXP 	noPeriphery: size = array([1.77777778, 1.        ])
124.9634 	EXP 	noPeriphery: image = 'C:\\Users\\hesselmann\\Desktop\\PsychoPyUniformityIllusion\\UniformityIllusionPsychoPy\\Pics\\9start.png'
124.9634 	EXP 	final: size = array([1.77777778, 1.        ])
124.9634 	EXP 	final: image = 'C:\\Users\\hesselmann\\Desktop\\PsychoPyUniformityIllusion\\UniformityIllusionPsychoPy\\Pics\\9a.png'
124.9634 	EXP 	hasPeriphery: autoDraw = True
124.9634 	EXP 	hasPeriphery: texRes = 128.0
124.9634 	EXP 	noPeriphery: autoDraw = True
124.9634 	EXP 	noPeriphery: texRes = 128.0
124.9634 	EXP 	text: autoDraw = True
125.1405 	EXP 	hasPeriphery: texRes = 128.0
125.1405 	EXP 	noPeriphery: texRes = 128.0
125.3528 	EXP 	hasPeriphery: texRes = 128.0
125.3528 	EXP 	noPeriphery: texRes = 128.0
125.5903 	EXP 	hasPeriphery: texRes = 128.0
125.5903 	EXP 	noPeriphery: texRes = 128.0
125.7942 	EXP 	hasPeriphery: texRes = 128.0
125.7942 	EXP 	noPeriphery: texRes = 128.0
126.0039 	EXP 	hasPeriphery: texRes = 128.0
126.0039 	EXP 	noPeriphery: texRes = 128.0
126.1739 	EXP 	New trial (rep=0, index=9): {'startImage': 'C:\\Users\\hesselmann\\Desktop\\PsychoPyUniformityIllusion\\UniformityIllusionPsychoPy\\Pics\\6start.png', 'midImage': 'C:\\Users\\hesselmann\\Desktop\\PsychoPyUniformityIllusion\\UniformityIllusionPsychoPy\\Pics\\6a.png', 'endImage': 'C:\\Users\\hesselmann\\Desktop\\PsychoPyUniformityIllusion\\UniformityIllusionPsychoPy\\Pics\\6a.png', 'AB': 'a'}
126.4887 	DATA 	Keypress: space
126.5243 	EXP 	hasPeriphery: texRes = 128.0
126.5243 	EXP 	noPeriphery: texRes = 128.0
126.5243 	EXP 	hasPeriphery: autoDraw = False
126.5243 	EXP 	noPeriphery: autoDraw = False
126.5243 	EXP 	final: autoDraw = False
126.5243 	EXP 	blank_screen: autoDraw = False
126.5243 	EXP 	text: autoDraw = False
126.5243 	EXP 	hasPeriphery: size = array([1.77777778, 1.        ])
126.5243 	EXP 	hasPeriphery: image = 'C:\\Users\\hesselmann\\Desktop\\PsychoPyUniformityIllusion\\UniformityIllusionPsychoPy\\Pics\\6a.png'
126.5243 	EXP 	noPeriphery: size = array([1.77777778, 1.        ])
126.5243 	EXP 	noPeriphery: image = 'C:\\Users\\hesselmann\\Desktop\\PsychoPyUniformityIllusion\\UniformityIllusionPsychoPy\\Pics\\6start.png'
126.5243 	EXP 	final: size = array([1.77777778, 1.        ])
126.5243 	EXP 	final: image = 'C:\\Users\\hesselmann\\Desktop\\PsychoPyUniformityIllusion\\UniformityIllusionPsychoPy\\Pics\\6a.png'
126.5243 	EXP 	hasPeriphery: autoDraw = True
126.5243 	EXP 	hasPeriphery: texRes = 128.0
126.5243 	EXP 	noPeriphery: autoDraw = True
126.5243 	EXP 	noPeriphery: texRes = 128.0
126.5243 	EXP 	text: autoDraw = True
126.6611 	DATA 	Keypress: space
126.6976 	EXP 	hasPeriphery: texRes = 128.0
126.6976 	EXP 	noPeriphery: texRes = 128.0
126.8819 	EXP 	New trial (rep=0, index=10): {'startImage': 'C:\\Users\\hesselmann\\Desktop\\PsychoPyUniformityIllusion\\UniformityIllusionPsychoPy\\Pics\\8start.png', 'midImage': 'C:\\Users\\hesselmann\\Desktop\\PsychoPyUniformityIllusion\\UniformityIllusionPsychoPy\\Pics\\8a.png', 'endImage': 'C:\\Users\\hesselmann\\Desktop\\PsychoPyUniformityIllusion\\UniformityIllusionPsychoPy\\Pics\\8b.png', 'AB': None}
127.1347 	EXP 	New trial (rep=0, index=11): {'startImage': 'C:\\Users\\hesselmann\\Desktop\\PsychoPyUniformityIllusion\\UniformityIllusionPsychoPy\\Pics\\11start.png', 'midImage': 'C:\\Users\\hesselmann\\Desktop\\PsychoPyUniformityIllusion\\UniformityIllusionPsychoPy\\Pics\\11a.png', 'endImage': 'C:\\Users\\hesselmann\\Desktop\\PsychoPyUniformityIllusion\\UniformityIllusionPsychoPy\\Pics\\11b.png', 'AB': None}
127.4987 	EXP 	New trial (rep=0, index=12): {'startImage': 'C:\\Users\\hesselmann\\Desktop\\PsychoPyUniformityIllusion\\UniformityIllusionPsychoPy\\Pics\\13start.png', 'midImage': 'C:\\Users\\hesselmann\\Desktop\\PsychoPyUniformityIllusion\\UniformityIllusionPsychoPy\\Pics\\13a.png', 'endImage': 'C:\\Users\\hesselmann\\Desktop\\PsychoPyUniformityIllusion\\UniformityIllusionPsychoPy\\Pics\\13a.png', 'AB': None}
127.8988 	EXP 	New trial (rep=0, index=13): {'startImage': 'C:\\Users\\hesselmann\\Desktop\\PsychoPyUniformityIllusion\\UniformityIllusionPsychoPy\\Pics\\14start.png', 'midImage': 'C:\\Users\\hesselmann\\Desktop\\PsychoPyUniformityIllusion\\UniformityIllusionPsychoPy\\Pics\\14a.png', 'endImage': 'C:\\Users\\hesselmann\\Desktop\\PsychoPyUniformityIllusion\\UniformityIllusionPsychoPy\\Pics\\14a.png', 'AB': None}
128.2419 	EXP 	New trial (rep=0, index=14): {'startImage': 'C:\\Users\\hesselmann\\Desktop\\PsychoPyUniformityIllusion\\UniformityIllusionPsychoPy\\Pics\\4start.png', 'midImage': 'C:\\Users\\hesselmann\\Desktop\\PsychoPyUniformityIllusion\\UniformityIllusionPsychoPy\\Pics\\4a.png', 'endImage': 'C:\\Users\\hesselmann\\Desktop\\PsychoPyUniformityIllusion\\UniformityIllusionPsychoPy\\Pics\\4b.png', 'AB': 'b'}
128.5654 	EXP 	hasPeriphery: texRes = 128.0
128.5654 	EXP 	noPeriphery: texRes = 128.0
128.5654 	EXP 	hasPeriphery: autoDraw = False
128.5654 	EXP 	noPeriphery: autoDraw = False
128.5654 	EXP 	final: autoDraw = False
128.5654 	EXP 	blank_screen: autoDraw = False
128.5654 	EXP 	text: autoDraw = False
128.5654 	EXP 	hasPeriphery: size = array([1.77777778, 1.        ])
128.5654 	EXP 	hasPeriphery: image = 'C:\\Users\\hesselmann\\Desktop\\PsychoPyUniformityIllusion\\UniformityIllusionPsychoPy\\Pics\\8a.png'
128.5654 	EXP 	noPeriphery: size = array([1.77777778, 1.        ])
128.5654 	EXP 	noPeriphery: image = 'C:\\Users\\hesselmann\\Desktop\\PsychoPyUniformityIllusion\\UniformityIllusionPsychoPy\\Pics\\8start.png'
128.5654 	EXP 	final: size = array([1.77777778, 1.        ])
128.5654 	EXP 	final: image = 'C:\\Users\\hesselmann\\Desktop\\PsychoPyUniformityIllusion\\UniformityIllusionPsychoPy\\Pics\\8b.png'
128.5654 	EXP 	hasPeriphery: autoDraw = True
128.5654 	EXP 	hasPeriphery: texRes = 128.0
128.5654 	EXP 	noPeriphery: autoDraw = True
128.5654 	EXP 	noPeriphery: texRes = 128.0
128.5654 	EXP 	text: autoDraw = True
128.5654 	EXP 	hasPeriphery: autoDraw = False
128.5654 	EXP 	noPeriphery: autoDraw = False
128.5654 	EXP 	final: autoDraw = False
128.5654 	EXP 	blank_screen: autoDraw = False
128.5654 	EXP 	text: autoDraw = False
128.5654 	EXP 	hasPeriphery: size = array([1.77777778, 1.        ])
128.5654 	EXP 	hasPeriphery: image = 'C:\\Users\\hesselmann\\Desktop\\PsychoPyUniformityIllusion\\UniformityIllusionPsychoPy\\Pics\\11a.png'
128.5654 	EXP 	noPeriphery: size = array([1.77777778, 1.        ])
128.5654 	EXP 	noPeriphery: image = 'C:\\Users\\hesselmann\\Desktop\\PsychoPyUniformityIllusion\\UniformityIllusionPsychoPy\\Pics\\11start.png'
128.5654 	EXP 	final: size = array([1.77777778, 1.        ])
128.5654 	EXP 	final: image = 'C:\\Users\\hesselmann\\Desktop\\PsychoPyUniformityIllusion\\UniformityIllusionPsychoPy\\Pics\\11b.png'
128.5654 	EXP 	hasPeriphery: autoDraw = True
128.5654 	EXP 	hasPeriphery: texRes = 128.0
128.5654 	EXP 	noPeriphery: autoDraw = True
128.5654 	EXP 	noPeriphery: texRes = 128.0
128.5654 	EXP 	text: autoDraw = True
128.5654 	EXP 	hasPeriphery: autoDraw = False
128.5654 	EXP 	noPeriphery: autoDraw = False
128.5654 	EXP 	final: autoDraw = False
128.5654 	EXP 	blank_screen: autoDraw = False
128.5654 	EXP 	text: autoDraw = False
128.5654 	EXP 	hasPeriphery: size = array([1.77777778, 1.        ])
128.5654 	EXP 	hasPeriphery: image = 'C:\\Users\\hesselmann\\Desktop\\PsychoPyUniformityIllusion\\UniformityIllusionPsychoPy\\Pics\\13a.png'
128.5654 	EXP 	noPeriphery: size = array([1.77777778, 1.        ])
128.5654 	EXP 	noPeriphery: image = 'C:\\Users\\hesselmann\\Desktop\\PsychoPyUniformityIllusion\\UniformityIllusionPsychoPy\\Pics\\13start.png'
128.5654 	EXP 	final: size = array([1.77777778, 1.        ])
128.5654 	EXP 	final: image = 'C:\\Users\\hesselmann\\Desktop\\PsychoPyUniformityIllusion\\UniformityIllusionPsychoPy\\Pics\\13a.png'
128.5654 	EXP 	hasPeriphery: autoDraw = True
128.5654 	EXP 	hasPeriphery: texRes = 128.0
128.5654 	EXP 	noPeriphery: autoDraw = True
128.5654 	EXP 	noPeriphery: texRes = 128.0
128.5654 	EXP 	text: autoDraw = True
128.5654 	EXP 	hasPeriphery: autoDraw = False
128.5654 	EXP 	noPeriphery: autoDraw = False
128.5654 	EXP 	final: autoDraw = False
128.5654 	EXP 	blank_screen: autoDraw = False
128.5654 	EXP 	text: autoDraw = False
128.5654 	EXP 	hasPeriphery: size = array([1.77777778, 1.        ])
128.5654 	EXP 	hasPeriphery: image = 'C:\\Users\\hesselmann\\Desktop\\PsychoPyUniformityIllusion\\UniformityIllusionPsychoPy\\Pics\\14a.png'
128.5654 	EXP 	noPeriphery: size = array([1.77777778, 1.        ])
128.5654 	EXP 	noPeriphery: image = 'C:\\Users\\hesselmann\\Desktop\\PsychoPyUniformityIllusion\\UniformityIllusionPsychoPy\\Pics\\14start.png'
128.5654 	EXP 	final: size = array([1.77777778, 1.        ])
128.5654 	EXP 	final: image = 'C:\\Users\\hesselmann\\Desktop\\PsychoPyUniformityIllusion\\UniformityIllusionPsychoPy\\Pics\\14a.png'
128.5654 	EXP 	hasPeriphery: autoDraw = True
128.5654 	EXP 	hasPeriphery: texRes = 128.0
128.5654 	EXP 	noPeriphery: autoDraw = True
128.5654 	EXP 	noPeriphery: texRes = 128.0
128.5654 	EXP 	text: autoDraw = True
128.5654 	EXP 	hasPeriphery: autoDraw = False
128.5654 	EXP 	noPeriphery: autoDraw = False
128.5654 	EXP 	final: autoDraw = False
128.5654 	EXP 	blank_screen: autoDraw = False
128.5654 	EXP 	text: autoDraw = False
128.5654 	EXP 	hasPeriphery: size = array([1.77777778, 1.        ])
128.5654 	EXP 	hasPeriphery: image = 'C:\\Users\\hesselmann\\Desktop\\PsychoPyUniformityIllusion\\UniformityIllusionPsychoPy\\Pics\\4a.png'
128.5654 	EXP 	noPeriphery: size = array([1.77777778, 1.        ])
128.5654 	EXP 	noPeriphery: image = 'C:\\Users\\hesselmann\\Desktop\\PsychoPyUniformityIllusion\\UniformityIllusionPsychoPy\\Pics\\4start.png'
128.5654 	EXP 	final: size = array([1.77777778, 1.        ])
128.5654 	EXP 	final: image = 'C:\\Users\\hesselmann\\Desktop\\PsychoPyUniformityIllusion\\UniformityIllusionPsychoPy\\Pics\\4b.png'
128.5654 	EXP 	hasPeriphery: autoDraw = True
128.5654 	EXP 	hasPeriphery: texRes = 128.0
128.5654 	EXP 	noPeriphery: autoDraw = True
128.5654 	EXP 	noPeriphery: texRes = 128.0
128.5654 	EXP 	text: autoDraw = True
128.7247 	EXP 	hasPeriphery: texRes = 128.0
128.7247 	EXP 	noPeriphery: texRes = 128.0
128.9118 	EXP 	hasPeriphery: texRes = 128.0
128.9118 	EXP 	noPeriphery: texRes = 128.0
129.1400 	EXP 	hasPeriphery: texRes = 128.0
129.1400 	EXP 	noPeriphery: texRes = 128.0
129.3390 	EXP 	hasPeriphery: texRes = 128.0
129.3390 	EXP 	noPeriphery: texRes = 128.0
129.5385 	EXP 	hasPeriphery: texRes = 128.0
129.5385 	EXP 	noPeriphery: texRes = 128.0
129.7528 	EXP 	hasPeriphery: texRes = 128.0
129.7528 	EXP 	noPeriphery: texRes = 128.0
129.9507 	EXP 	hasPeriphery: texRes = 128.0
129.9507 	EXP 	noPeriphery: texRes = 128.0
130.1556 	EXP 	hasPeriphery: texRes = 128.0
130.1556 	EXP 	noPeriphery: texRes = 128.0
130.3507 	EXP 	hasPeriphery: texRes = 128.0
130.3507 	EXP 	noPeriphery: texRes = 128.0
130.5708 	EXP 	hasPeriphery: texRes = 128.0
130.5708 	EXP 	noPeriphery: texRes = 128.0
130.7648 	EXP 	hasPeriphery: texRes = 128.0
130.7648 	EXP 	noPeriphery: texRes = 128.0
130.9520 	EXP 	hasPeriphery: texRes = 128.0
130.9520 	EXP 	noPeriphery: texRes = 128.0
131.0991 	EXP 	hasPeriphery: texRes = 128.0
131.0991 	EXP 	noPeriphery: texRes = 128.0
131.2870 	EXP 	hasPeriphery: texRes = 128.0
131.2870 	EXP 	noPeriphery: texRes = 128.0
131.5039 	EXP 	hasPeriphery: texRes = 128.0
131.5039 	EXP 	noPeriphery: texRes = 128.0
131.7377 	EXP 	hasPeriphery: texRes = 128.0
131.7377 	EXP 	noPeriphery: texRes = 128.0
131.9509 	EXP 	hasPeriphery: texRes = 128.0
131.9509 	EXP 	noPeriphery: texRes = 128.0
132.1429 	EXP 	hasPeriphery: texRes = 128.0
132.1429 	EXP 	noPeriphery: texRes = 128.0
132.3207 	EXP 	hasPeriphery: texRes = 128.0
132.3207 	EXP 	noPeriphery: texRes = 128.0
132.5143 	EXP 	hasPeriphery: texRes = 128.0
132.5143 	EXP 	noPeriphery: texRes = 128.0
132.7251 	EXP 	hasPeriphery: texRes = 128.0
132.7251 	EXP 	noPeriphery: texRes = 128.0
132.9394 	EXP 	hasPeriphery: texRes = 128.0
132.9394 	EXP 	noPeriphery: texRes = 128.0
133.1403 	EXP 	hasPeriphery: texRes = 128.0
133.1403 	EXP 	noPeriphery: texRes = 128.0
133.3389 	EXP 	hasPeriphery: texRes = 128.0
133.3389 	EXP 	noPeriphery: texRes = 128.0
133.5383 	EXP 	hasPeriphery: texRes = 128.0
133.5383 	EXP 	noPeriphery: texRes = 128.0
133.7258 	EXP 	hasPeriphery: texRes = 128.0
133.7258 	EXP 	noPeriphery: texRes = 128.0
133.9591 	EXP 	hasPeriphery: texRes = 128.0
133.9591 	EXP 	noPeriphery: texRes = 128.0
134.1530 	EXP 	hasPeriphery: texRes = 128.0
134.1530 	EXP 	noPeriphery: texRes = 128.0
134.3649 	EXP 	hasPeriphery: texRes = 128.0
134.3649 	EXP 	noPeriphery: texRes = 128.0
134.6044 	EXP 	hasPeriphery: texRes = 128.0
134.6044 	EXP 	noPeriphery: texRes = 128.0
134.8191 	EXP 	hasPeriphery: texRes = 128.0
134.8191 	EXP 	noPeriphery: texRes = 128.0
135.0209 	EXP 	hasPeriphery: texRes = 128.0
135.0209 	EXP 	noPeriphery: texRes = 128.0
135.2525 	EXP 	hasPeriphery: texRes = 128.0
135.2525 	EXP 	noPeriphery: texRes = 128.0
135.4609 	EXP 	hasPeriphery: texRes = 128.0
135.4609 	EXP 	noPeriphery: texRes = 128.0
135.6618 	EXP 	hasPeriphery: texRes = 128.0
135.6618 	EXP 	noPeriphery: texRes = 128.0
135.6618 	EXP 	blank_screen: autoDraw = True
135.9615 	EXP 	hasPeriphery: texRes = 128.0
135.9615 	EXP 	noPeriphery: texRes = 128.0
135.9615 	EXP 	final: autoDraw = True
135.9615 	EXP 	final: texRes = 128.0
136.2495 	EXP 	hasPeriphery: texRes = 128.0
136.2495 	EXP 	noPeriphery: texRes = 128.0
136.2495 	EXP 	final: texRes = 128.0
136.2495 	EXP 	blank_screen: autoDraw = False
136.4526 	EXP 	New trial (rep=0, index=15): {'startImage': 'C:\\Users\\hesselmann\\Desktop\\PsychoPyUniformityIllusion\\UniformityIllusionPsychoPy\\Pics\\9start.png', 'midImage': 'C:\\Users\\hesselmann\\Desktop\\PsychoPyUniformityIllusion\\UniformityIllusionPsychoPy\\Pics\\9a.png', 'endImage': 'C:\\Users\\hesselmann\\Desktop\\PsychoPyUniformityIllusion\\UniformityIllusionPsychoPy\\Pics\\9b.png', 'AB': None}
136.7166 	EXP 	New trial (rep=0, index=16): {'startImage': 'C:\\Users\\hesselmann\\Desktop\\PsychoPyUniformityIllusion\\UniformityIllusionPsychoPy\\Pics\\6start.png', 'midImage': 'C:\\Users\\hesselmann\\Desktop\\PsychoPyUniformityIllusion\\UniformityIllusionPsychoPy\\Pics\\6a.png', 'endImage': 'C:\\Users\\hesselmann\\Desktop\\PsychoPyUniformityIllusion\\UniformityIllusionPsychoPy\\Pics\\6b.png', 'AB': 'b'}
137.0847 	EXP 	hasPeriphery: texRes = 128.0
137.0847 	EXP 	noPeriphery: texRes = 128.0
137.0847 	EXP 	final: texRes = 128.0
137.0847 	EXP 	hasPeriphery: autoDraw = False
137.0847 	EXP 	noPeriphery: autoDraw = False
137.0847 	EXP 	final: autoDraw = False
137.0847 	EXP 	blank_screen: autoDraw = False
137.0847 	EXP 	text: autoDraw = False
137.0847 	EXP 	hasPeriphery: size = array([1.77777778, 1.        ])
137.0847 	EXP 	hasPeriphery: image = 'C:\\Users\\hesselmann\\Desktop\\PsychoPyUniformityIllusion\\UniformityIllusionPsychoPy\\Pics\\9a.png'
137.0847 	EXP 	noPeriphery: size = array([1.77777778, 1.        ])
137.0847 	EXP 	noPeriphery: image = 'C:\\Users\\hesselmann\\Desktop\\PsychoPyUniformityIllusion\\UniformityIllusionPsychoPy\\Pics\\9start.png'
137.0847 	EXP 	final: size = array([1.77777778, 1.        ])
137.0847 	EXP 	final: image = 'C:\\Users\\hesselmann\\Desktop\\PsychoPyUniformityIllusion\\UniformityIllusionPsychoPy\\Pics\\9b.png'
137.0847 	EXP 	hasPeriphery: autoDraw = True
137.0847 	EXP 	hasPeriphery: texRes = 128.0
137.0847 	EXP 	noPeriphery: autoDraw = True
137.0847 	EXP 	noPeriphery: texRes = 128.0
137.0847 	EXP 	text: autoDraw = True
137.0847 	EXP 	hasPeriphery: autoDraw = False
137.0847 	EXP 	noPeriphery: autoDraw = False
137.0847 	EXP 	final: autoDraw = False
137.0847 	EXP 	blank_screen: autoDraw = False
137.0847 	EXP 	text: autoDraw = False
137.0847 	EXP 	hasPeriphery: size = array([1.77777778, 1.        ])
137.0847 	EXP 	hasPeriphery: image = 'C:\\Users\\hesselmann\\Desktop\\PsychoPyUniformityIllusion\\UniformityIllusionPsychoPy\\Pics\\6a.png'
137.0847 	EXP 	noPeriphery: size = array([1.77777778, 1.        ])
137.0847 	EXP 	noPeriphery: image = 'C:\\Users\\hesselmann\\Desktop\\PsychoPyUniformityIllusion\\UniformityIllusionPsychoPy\\Pics\\6start.png'
137.0847 	EXP 	final: size = array([1.77777778, 1.        ])
137.0847 	EXP 	final: image = 'C:\\Users\\hesselmann\\Desktop\\PsychoPyUniformityIllusion\\UniformityIllusionPsychoPy\\Pics\\6b.png'
137.0847 	EXP 	hasPeriphery: autoDraw = True
137.0847 	EXP 	hasPeriphery: texRes = 128.0
137.0847 	EXP 	noPeriphery: autoDraw = True
137.0847 	EXP 	noPeriphery: texRes = 128.0
137.0847 	EXP 	text: autoDraw = True
137.2733 	EXP 	hasPeriphery: texRes = 128.0
137.2733 	EXP 	noPeriphery: texRes = 128.0
137.4857 	EXP 	hasPeriphery: texRes = 128.0
137.4857 	EXP 	noPeriphery: texRes = 128.0
137.7253 	EXP 	hasPeriphery: texRes = 128.0
137.7253 	EXP 	noPeriphery: texRes = 128.0
137.9418 	EXP 	hasPeriphery: texRes = 128.0
137.9418 	EXP 	noPeriphery: texRes = 128.0
138.1676 	EXP 	hasPeriphery: texRes = 128.0
138.1676 	EXP 	noPeriphery: texRes = 128.0
138.3922 	EXP 	hasPeriphery: texRes = 128.0
138.3922 	EXP 	noPeriphery: texRes = 128.0
138.5808 	EXP 	hasPeriphery: texRes = 128.0
138.5808 	EXP 	noPeriphery: texRes = 128.0
138.8056 	EXP 	hasPeriphery: texRes = 128.0
138.8056 	EXP 	noPeriphery: texRes = 128.0
139.0209 	EXP 	hasPeriphery: texRes = 128.0
139.0209 	EXP 	noPeriphery: texRes = 128.0
139.2338 	EXP 	hasPeriphery: texRes = 128.0
139.2338 	EXP 	noPeriphery: texRes = 128.0
139.4322 	EXP 	hasPeriphery: texRes = 128.0
139.4322 	EXP 	noPeriphery: texRes = 128.0
139.5774 	EXP 	New trial (rep=0, index=17): {'startImage': 'C:\\Users\\hesselmann\\Desktop\\PsychoPyUniformityIllusion\\UniformityIllusionPsychoPy\\Pics\\4start.png', 'midImage': 'C:\\Users\\hesselmann\\Desktop\\PsychoPyUniformityIllusion\\UniformityIllusionPsychoPy\\Pics\\4a.png', 'endImage': 'C:\\Users\\hesselmann\\Desktop\\PsychoPyUniformityIllusion\\UniformityIllusionPsychoPy\\Pics\\4a.png', 'AB': 'a'}
139.8328 	EXP 	New trial (rep=0, index=18): {'startImage': 'C:\\Users\\hesselmann\\Desktop\\PsychoPyUniformityIllusion\\UniformityIllusionPsychoPy\\Pics\\12start.png', 'midImage': 'C:\\Users\\hesselmann\\Desktop\\PsychoPyUniformityIllusion\\UniformityIllusionPsychoPy\\Pics\\12a.png', 'endImage': 'C:\\Users\\hesselmann\\Desktop\\PsychoPyUniformityIllusion\\UniformityIllusionPsychoPy\\Pics\\12a.png', 'AB': None}
140.1213 	EXP 	hasPeriphery: texRes = 128.0
140.1213 	EXP 	noPeriphery: texRes = 128.0
140.1213 	EXP 	hasPeriphery: autoDraw = False
140.1213 	EXP 	noPeriphery: autoDraw = False
140.1213 	EXP 	final: autoDraw = False
140.1213 	EXP 	blank_screen: autoDraw = False
140.1213 	EXP 	text: autoDraw = False
140.1213 	EXP 	hasPeriphery: size = array([1.77777778, 1.        ])
140.1213 	EXP 	hasPeriphery: image = 'C:\\Users\\hesselmann\\Desktop\\PsychoPyUniformityIllusion\\UniformityIllusionPsychoPy\\Pics\\4a.png'
140.1213 	EXP 	noPeriphery: size = array([1.77777778, 1.        ])
140.1213 	EXP 	noPeriphery: image = 'C:\\Users\\hesselmann\\Desktop\\PsychoPyUniformityIllusion\\UniformityIllusionPsychoPy\\Pics\\4start.png'
140.1213 	EXP 	final: size = array([1.77777778, 1.        ])
140.1213 	EXP 	final: image = 'C:\\Users\\hesselmann\\Desktop\\PsychoPyUniformityIllusion\\UniformityIllusionPsychoPy\\Pics\\4a.png'
140.1213 	EXP 	hasPeriphery: autoDraw = True
140.1213 	EXP 	hasPeriphery: texRes = 128.0
140.1213 	EXP 	noPeriphery: autoDraw = True
140.1213 	EXP 	noPeriphery: texRes = 128.0
140.1213 	EXP 	text: autoDraw = True
140.1213 	EXP 	hasPeriphery: autoDraw = False
140.1213 	EXP 	noPeriphery: autoDraw = False
140.1213 	EXP 	final: autoDraw = False
140.1213 	EXP 	blank_screen: autoDraw = False
140.1213 	EXP 	text: autoDraw = False
140.1213 	EXP 	hasPeriphery: size = array([1.77777778, 1.        ])
140.1213 	EXP 	hasPeriphery: image = 'C:\\Users\\hesselmann\\Desktop\\PsychoPyUniformityIllusion\\UniformityIllusionPsychoPy\\Pics\\12a.png'
140.1213 	EXP 	noPeriphery: size = array([1.77777778, 1.        ])
140.1213 	EXP 	noPeriphery: image = 'C:\\Users\\hesselmann\\Desktop\\PsychoPyUniformityIllusion\\UniformityIllusionPsychoPy\\Pics\\12start.png'
140.1213 	EXP 	final: size = array([1.77777778, 1.        ])
140.1213 	EXP 	final: image = 'C:\\Users\\hesselmann\\Desktop\\PsychoPyUniformityIllusion\\UniformityIllusionPsychoPy\\Pics\\12a.png'
140.1213 	EXP 	hasPeriphery: autoDraw = True
140.1213 	EXP 	hasPeriphery: texRes = 128.0
140.1213 	EXP 	noPeriphery: autoDraw = True
140.1213 	EXP 	noPeriphery: texRes = 128.0
140.1213 	EXP 	text: autoDraw = True
140.2756 	EXP 	hasPeriphery: texRes = 128.0
140.2756 	EXP 	noPeriphery: texRes = 128.0
140.4394 	EXP 	hasPeriphery: texRes = 128.0
140.4394 	EXP 	noPeriphery: texRes = 128.0
140.6219 	EXP 	hasPeriphery: texRes = 128.0
140.6219 	EXP 	noPeriphery: texRes = 128.0
140.8086 	EXP 	hasPeriphery: texRes = 128.0
140.8086 	EXP 	noPeriphery: texRes = 128.0
141.0115 	EXP 	hasPeriphery: texRes = 128.0
141.0115 	EXP 	noPeriphery: texRes = 128.0
141.2125 	EXP 	hasPeriphery: texRes = 128.0
141.2125 	EXP 	noPeriphery: texRes = 128.0
141.3924 	EXP 	hasPeriphery: texRes = 128.0
141.3924 	EXP 	noPeriphery: texRes = 128.0
141.5618 	EXP 	hasPeriphery: texRes = 128.0
141.5618 	EXP 	noPeriphery: texRes = 128.0
141.7519 	EXP 	hasPeriphery: texRes = 128.0
141.7519 	EXP 	noPeriphery: texRes = 128.0
141.9385 	EXP 	hasPeriphery: texRes = 128.0
141.9385 	EXP 	noPeriphery: texRes = 128.0
142.1055 	EXP 	hasPeriphery: texRes = 128.0
142.1055 	EXP 	noPeriphery: texRes = 128.0
142.3005 	EXP 	hasPeriphery: texRes = 128.0
142.3005 	EXP 	noPeriphery: texRes = 128.0
142.4138 	EXP 	New trial (rep=0, index=19): {'startImage': 'C:\\Users\\hesselmann\\Desktop\\PsychoPyUniformityIllusion\\UniformityIllusionPsychoPy\\Pics\\15start.png', 'midImage': 'C:\\Users\\hesselmann\\Desktop\\PsychoPyUniformityIllusion\\UniformityIllusionPsychoPy\\Pics\\15a.png', 'endImage': 'C:\\Users\\hesselmann\\Desktop\\PsychoPyUniformityIllusion\\UniformityIllusionPsychoPy\\Pics\\15a.png', 'AB': None}
142.6189 	EXP 	New trial (rep=0, index=20): {'startImage': 'C:\\Users\\hesselmann\\Desktop\\PsychoPyUniformityIllusion\\UniformityIllusionPsychoPy\\Pics\\11start.png', 'midImage': 'C:\\Users\\hesselmann\\Desktop\\PsychoPyUniformityIllusion\\UniformityIllusionPsychoPy\\Pics\\11a.png', 'endImage': 'C:\\Users\\hesselmann\\Desktop\\PsychoPyUniformityIllusion\\UniformityIllusionPsychoPy\\Pics\\11a.png', 'AB': None}
143.0219 	EXP 	hasPeriphery: texRes = 128.0
143.0219 	EXP 	noPeriphery: texRes = 128.0
143.0219 	EXP 	hasPeriphery: autoDraw = False
143.0219 	EXP 	noPeriphery: autoDraw = False
143.0219 	EXP 	final: autoDraw = False
143.0219 	EXP 	blank_screen: autoDraw = False
143.0219 	EXP 	text: autoDraw = False
143.0219 	EXP 	hasPeriphery: size = array([1.77777778, 1.        ])
143.0219 	EXP 	hasPeriphery: image = 'C:\\Users\\hesselmann\\Desktop\\PsychoPyUniformityIllusion\\UniformityIllusionPsychoPy\\Pics\\15a.png'
143.0219 	EXP 	noPeriphery: size = array([1.77777778, 1.        ])
143.0219 	EXP 	noPeriphery: image = 'C:\\Users\\hesselmann\\Desktop\\PsychoPyUniformityIllusion\\UniformityIllusionPsychoPy\\Pics\\15start.png'
143.0219 	EXP 	final: size = array([1.77777778, 1.        ])
143.0219 	EXP 	final: image = 'C:\\Users\\hesselmann\\Desktop\\PsychoPyUniformityIllusion\\UniformityIllusionPsychoPy\\Pics\\15a.png'
143.0219 	EXP 	hasPeriphery: autoDraw = True
143.0219 	EXP 	hasPeriphery: texRes = 128.0
143.0219 	EXP 	noPeriphery: autoDraw = True
143.0219 	EXP 	noPeriphery: texRes = 128.0
143.0219 	EXP 	text: autoDraw = True
143.0219 	EXP 	hasPeriphery: autoDraw = False
143.0219 	EXP 	noPeriphery: autoDraw = False
143.0219 	EXP 	final: autoDraw = False
143.0219 	EXP 	blank_screen: autoDraw = False
143.0219 	EXP 	text: autoDraw = False
143.0219 	EXP 	hasPeriphery: size = array([1.77777778, 1.        ])
143.0219 	EXP 	hasPeriphery: image = 'C:\\Users\\hesselmann\\Desktop\\PsychoPyUniformityIllusion\\UniformityIllusionPsychoPy\\Pics\\11a.png'
143.0219 	EXP 	noPeriphery: size = array([1.77777778, 1.        ])
143.0219 	EXP 	noPeriphery: image = 'C:\\Users\\hesselmann\\Desktop\\PsychoPyUniformityIllusion\\UniformityIllusionPsychoPy\\Pics\\11start.png'
143.0219 	EXP 	final: size = array([1.77777778, 1.        ])
143.0219 	EXP 	final: image = 'C:\\Users\\hesselmann\\Desktop\\PsychoPyUniformityIllusion\\UniformityIllusionPsychoPy\\Pics\\11a.png'
143.0219 	EXP 	hasPeriphery: autoDraw = True
143.0219 	EXP 	hasPeriphery: texRes = 128.0
143.0219 	EXP 	noPeriphery: autoDraw = True
143.0219 	EXP 	noPeriphery: texRes = 128.0
143.0219 	EXP 	text: autoDraw = True
143.2062 	EXP 	hasPeriphery: texRes = 128.0
143.2062 	EXP 	noPeriphery: texRes = 128.0
143.4333 	EXP 	hasPeriphery: texRes = 128.0
143.4333 	EXP 	noPeriphery: texRes = 128.0
143.7152 	EXP 	hasPeriphery: texRes = 128.0
143.7152 	EXP 	noPeriphery: texRes = 128.0
143.9526 	EXP 	hasPeriphery: texRes = 128.0
143.9526 	EXP 	noPeriphery: texRes = 128.0
144.2146 	EXP 	hasPeriphery: texRes = 128.0
144.2146 	EXP 	noPeriphery: texRes = 128.0
144.4505 	EXP 	hasPeriphery: texRes = 128.0
144.4505 	EXP 	noPeriphery: texRes = 128.0
144.6994 	EXP 	hasPeriphery: texRes = 128.0
144.6994 	EXP 	noPeriphery: texRes = 128.0
144.9392 	EXP 	hasPeriphery: texRes = 128.0
144.9392 	EXP 	noPeriphery: texRes = 128.0
145.2322 	EXP 	hasPeriphery: texRes = 128.0
145.2322 	EXP 	noPeriphery: texRes = 128.0
145.4881 	EXP 	hasPeriphery: texRes = 128.0
145.4881 	EXP 	noPeriphery: texRes = 128.0
145.6872 	EXP 	New trial (rep=0, index=21): {'startImage': 'C:\\Users\\hesselmann\\Desktop\\PsychoPyUniformityIllusion\\UniformityIllusionPsychoPy\\Pics\\12start.png', 'midImage': 'C:\\Users\\hesselmann\\Desktop\\PsychoPyUniformityIllusion\\UniformityIllusionPsychoPy\\Pics\\12a.png', 'endImage': 'C:\\Users\\hesselmann\\Desktop\\PsychoPyUniformityIllusion\\UniformityIllusionPsychoPy\\Pics\\12b.png', 'AB': None}
146.0342 	DATA 	Keypress: space
146.0614 	EXP 	hasPeriphery: texRes = 128.0
146.0614 	EXP 	noPeriphery: texRes = 128.0
146.0614 	EXP 	hasPeriphery: autoDraw = False
146.0614 	EXP 	noPeriphery: autoDraw = False
146.0614 	EXP 	final: autoDraw = False
146.0614 	EXP 	blank_screen: autoDraw = False
146.0614 	EXP 	text: autoDraw = False
146.0614 	EXP 	hasPeriphery: size = array([1.77777778, 1.        ])
146.0614 	EXP 	hasPeriphery: image = 'C:\\Users\\hesselmann\\Desktop\\PsychoPyUniformityIllusion\\UniformityIllusionPsychoPy\\Pics\\12a.png'
146.0614 	EXP 	noPeriphery: size = array([1.77777778, 1.        ])
146.0614 	EXP 	noPeriphery: image = 'C:\\Users\\hesselmann\\Desktop\\PsychoPyUniformityIllusion\\UniformityIllusionPsychoPy\\Pics\\12start.png'
146.0614 	EXP 	final: size = array([1.77777778, 1.        ])
146.0614 	EXP 	final: image = 'C:\\Users\\hesselmann\\Desktop\\PsychoPyUniformityIllusion\\UniformityIllusionPsychoPy\\Pics\\12b.png'
146.0614 	EXP 	hasPeriphery: autoDraw = True
146.0614 	EXP 	hasPeriphery: texRes = 128.0
146.0614 	EXP 	noPeriphery: autoDraw = True
146.0614 	EXP 	noPeriphery: texRes = 128.0
146.0614 	EXP 	text: autoDraw = True
146.2093 	EXP 	hasPeriphery: texRes = 128.0
146.2093 	EXP 	noPeriphery: texRes = 128.0
146.4056 	EXP 	hasPeriphery: texRes = 128.0
146.4056 	EXP 	noPeriphery: texRes = 128.0
146.5825 	EXP 	New trial (rep=0, index=22): {'startImage': 'C:\\Users\\hesselmann\\Desktop\\PsychoPyUniformityIllusion\\UniformityIllusionPsychoPy\\Pics\\10start.png', 'midImage': 'C:\\Users\\hesselmann\\Desktop\\PsychoPyUniformityIllusion\\UniformityIllusionPsychoPy\\Pics\\10a.png', 'endImage': 'C:\\Users\\hesselmann\\Desktop\\PsychoPyUniformityIllusion\\UniformityIllusionPsychoPy\\Pics\\10b.png', 'AB': None}
146.9688 	DATA 	Keypress: space
146.9947 	EXP 	hasPeriphery: texRes = 128.0
146.9947 	EXP 	noPeriphery: texRes = 128.0
146.9947 	EXP 	hasPeriphery: autoDraw = False
146.9947 	EXP 	noPeriphery: autoDraw = False
146.9947 	EXP 	final: autoDraw = False
146.9947 	EXP 	blank_screen: autoDraw = False
146.9947 	EXP 	text: autoDraw = False
146.9947 	EXP 	hasPeriphery: size = array([1.77777778, 1.        ])
146.9947 	EXP 	hasPeriphery: image = 'C:\\Users\\hesselmann\\Desktop\\PsychoPyUniformityIllusion\\UniformityIllusionPsychoPy\\Pics\\10a.png'
146.9947 	EXP 	noPeriphery: size = array([1.77777778, 1.        ])
146.9947 	EXP 	noPeriphery: image = 'C:\\Users\\hesselmann\\Desktop\\PsychoPyUniformityIllusion\\UniformityIllusionPsychoPy\\Pics\\10start.png'
146.9947 	EXP 	final: size = array([1.77777778, 1.        ])
146.9947 	EXP 	final: image = 'C:\\Users\\hesselmann\\Desktop\\PsychoPyUniformityIllusion\\UniformityIllusionPsychoPy\\Pics\\10b.png'
146.9947 	EXP 	hasPeriphery: autoDraw = True
146.9947 	EXP 	hasPeriphery: texRes = 128.0
146.9947 	EXP 	noPeriphery: autoDraw = True
146.9947 	EXP 	noPeriphery: texRes = 128.0
146.9947 	EXP 	text: autoDraw = True
147.1657 	DATA 	Keypress: space
147.1925 	EXP 	hasPeriphery: texRes = 128.0
147.1925 	EXP 	noPeriphery: texRes = 128.0
147.3775 	EXP 	New trial (rep=0, index=23): {'startImage': 'C:\\Users\\hesselmann\\Desktop\\PsychoPyUniformityIllusion\\UniformityIllusionPsychoPy\\Pics\\5start.png', 'midImage': 'C:\\Users\\hesselmann\\Desktop\\PsychoPyUniformityIllusion\\UniformityIllusionPsychoPy\\Pics\\5a.png', 'endImage': 'C:\\Users\\hesselmann\\Desktop\\PsychoPyUniformityIllusion\\UniformityIllusionPsychoPy\\Pics\\5b.png', 'AB': 'b'}
147.7805 	EXP 	hasPeriphery: texRes = 128.0
147.7805 	EXP 	noPeriphery: texRes = 128.0
147.7805 	EXP 	hasPeriphery: autoDraw = False
147.7805 	EXP 	noPeriphery: autoDraw = False
147.7805 	EXP 	final: autoDraw = False
147.7805 	EXP 	blank_screen: autoDraw = False
147.7805 	EXP 	text: autoDraw = False
147.7805 	EXP 	hasPeriphery: size = array([1.77777778, 1.        ])
147.7805 	EXP 	hasPeriphery: image = 'C:\\Users\\hesselmann\\Desktop\\PsychoPyUniformityIllusion\\UniformityIllusionPsychoPy\\Pics\\5a.png'
147.7805 	EXP 	noPeriphery: size = array([1.77777778, 1.        ])
147.7805 	EXP 	noPeriphery: image = 'C:\\Users\\hesselmann\\Desktop\\PsychoPyUniformityIllusion\\UniformityIllusionPsychoPy\\Pics\\5start.png'
147.7805 	EXP 	final: size = array([1.77777778, 1.        ])
147.7805 	EXP 	final: image = 'C:\\Users\\hesselmann\\Desktop\\PsychoPyUniformityIllusion\\UniformityIllusionPsychoPy\\Pics\\5b.png'
147.7805 	EXP 	hasPeriphery: autoDraw = True
147.7805 	EXP 	hasPeriphery: texRes = 128.0
147.7805 	EXP 	noPeriphery: autoDraw = True
147.7805 	EXP 	noPeriphery: texRes = 128.0
147.7805 	EXP 	text: autoDraw = True
147.9248 	DATA 	Keypress: space
147.9410 	EXP 	hasPeriphery: texRes = 128.0
147.9410 	EXP 	noPeriphery: texRes = 128.0
147.9410 	EXP 	hasPeriphery: autoDraw = False
147.9410 	EXP 	noPeriphery: autoDraw = False
147.9410 	EXP 	final: autoDraw = False
147.9410 	EXP 	blank_screen: autoDraw = False
147.9410 	EXP 	text: autoDraw = False
148.1756 	EXP 	window1: mouseVisible = True
