1.9438 	WARNING 	We strongly recommend you activate the PTB sound engine in PsychoPy prefs as the preferred audio engine. Its timing is vastly superior. Your prefs are currently set to use ['sounddevice', 'PTB', 'pyo', 'pygame'] (in that order).
11.5290 	WARNING 	Couldn't measure a consistent frame rate.
  - Is your graphics card set to sync to vertical blank?
  - Are you running other processes on your computer?

11.5294 	EXP 	Created window1 = Window(allowGUI=False, allowStencil=False, autoLog=True, backendConf=UNKNOWN, bitsMode=UNKNOWN, blendMode='avg', bpc=(8, 8, 8), color=array([0, 0, 0]), colorSpace='rgb', depthBits=8, fullscr=<method-wrapper '__getattribute__' of attributeSetter object at 0x000001F9C1E27320>, gamma=None, gammaErrorPolicy='raise', lms=UNKNOWN, monitor=<psychopy.monitors.calibTools.Monitor object at 0x000001F9C1EBE710>, multiSample=False, name='window1', numSamples=2, pos=[0.0, 0.0], screen=0, size=array([1920, 1080]), stencilBits=0, stereo=False, units='height', useFBO=True, useRetina=False, viewOri=0.0, viewPos=None, viewScale=None, waitBlanking=True, winType='pyglet')
11.5300 	EXP 	window1: mouseVisible = True
11.5317 	EXP 	window1: recordFrameIntervals = False
11.7289 	EXP 	window1: recordFrameIntervals = True
11.7822 	WARNING 	t of last frame was 24.15ms (=1/41)
11.8213 	WARNING 	t of last frame was 25.25ms (=1/39)
11.8455 	WARNING 	t of last frame was 24.21ms (=1/41)
11.9004 	WARNING 	t of last frame was 21.60ms (=1/46)
11.9961 	WARNING 	Multiple dropped frames have occurred - I'll stop bothering you about them!
13.8621 	WARNING 	Couldn't measure a consistent frame rate.
  - Is your graphics card set to sync to vertical blank?
  - Are you running other processes on your computer?

14.4571 	EXP 	Created WelcomeText = TextStim(__class__=<class 'psychopy.visual.text.TextStim'>, alignHoriz=method-wrapper(...), alignText='center', alignVert=method-wrapper(...), anchorHoriz='center', anchorVert='center', antialias=True, autoLog=True, bold=False, color=array([1, 1, 1]), colorSpace='rgb', contrast=1.0, depth=0.0, flipHoriz=False, flipVert=False, font='Open Sans', fontFiles=[], height=0.1, italic=False, languageStyle='LTR', name='WelcomeText', opacity=1, ori=0.0, pos=array([0., 0.]), rgb=UNKNOWN, text='Welcome to our Study!', units='height', win=Window(...), wrapWidth=1)
14.4905 	EXP 	Imported depression.xlsx as conditions, 2 conditions, 12 params
14.4916 	EXP 	Question text: Sadness
14.5273 	EXP 	window1: mouseVisible = True
14.5752 	EXP 	Question text: Pessimism
14.5916 	EXP 	window1: mouseVisible = True
14.6300 	EXP 	window1: mouseVisible = True
14.6410 	EXP 	Created unnamed Rect = Rect(__class__=<class 'psychopy.visual.rect.Rect'>, autoDraw=False, autoLog=True, closeShape=True, color=method-wrapper(...), colorSpace='rgb', contrast=None, depth=0, fillColor=array([0, 0, 0]), fillColorSpace='rgb', fillRGB=UNKNOWN, interpolate=True, lineColor=array([0, 0, 0]), lineColorSpace='rgb', lineRGB=UNKNOWN, lineWidth=1.5, name='unnamed Rect', opacity=0, ori=0.0, pos=array([0., 0.]), size=array([0., 0.]), units='height', vertices=ndarray(...), win=Window(...))
14.6523 	EXP 	Created DepressionQuestionnaire = <psychopy.visual.form.Form object at 0x000001F9C4A80A90>
14.6834 	EXP 	window1: mouseVisible = True
14.7596 	EXP 	Created instructionsText = TextStim(__class__=<class 'psychopy.visual.text.TextStim'>, alignHoriz=method-wrapper(...), alignText='center', alignVert=method-wrapper(...), anchorHoriz='center', anchorVert='center', antialias=True, autoLog=True, bold=False, color=array([1, 1, 1]), colorSpace='rgb', contrast=1.0, depth=0.0, flipHoriz=False, flipVert=False, font='Open Sans', fontFiles=[], height=0.04, italic=False, languageStyle='LTR', name='instructionsText', opacity=1, ori=0.0, pos=array([0., 0.]), rgb=UNKNOWN, text=str(...), units='height', win=Window(...), wrapWidth=1)
14.7632 	EXP 	Created hasPeriphery = ImageStim(__class__=<class 'psychopy.visual.image.ImageStim'>, autoLog=True, color=array([1, 1, 1]), colorSpace='rgb', contrast=1.0, depth=0.0, flipHoriz=False, flipVert=False, image='sin', interpolate=True, mask=None, maskParams=None, name='hasPeriphery', opacity=1.0, ori=0.0, pos=array([0., 0.]), size=array([0.5, 0.5]), texRes=128.0, units='height', win=Window(...))
14.7722 	EXP 	Created noPeriphery = ImageStim(__class__=<class 'psychopy.visual.image.ImageStim'>, autoLog=True, color=array([1, 1, 1]), colorSpace='rgb', contrast=1.0, depth=-2.0, flipHoriz=False, flipVert=False, image='sin', interpolate=True, mask=None, maskParams=None, name='noPeriphery', opacity=1.0, ori=0.0, pos=array([0., 0.]), size=array([0.5, 0.5]), texRes=128.0, units='height', win=Window(...))
14.7870 	EXP 	Created text = TextStim(__class__=<class 'psychopy.visual.text.TextStim'>, alignHoriz=method-wrapper(...), alignText='center', alignVert=method-wrapper(...), anchorHoriz='center', anchorVert='center', antialias=True, autoLog=True, bold=False, color=array([ 1, -1, -1]), colorSpace='rgb', contrast=1.0, depth=-3.0, flipHoriz=False, flipVert=False, font='Open Sans', fontFiles=[], height=0.1, italic=False, languageStyle='LTR', name='text', opacity=1, ori=0.0, pos=array([0., 0.]), rgb=UNKNOWN, text='+', units='height', win=Window(...), wrapWidth=1)
14.8027 	EXP 	Created WelcomeText = TextStim(__class__=<class 'psychopy.visual.text.TextStim'>, alignHoriz=method-wrapper(...), alignText='center', alignVert=method-wrapper(...), anchorHoriz='center', anchorVert='center', antialias=True, autoLog=True, bold=False, color=array([1, 1, 1]), colorSpace='rgb', contrast=1.0, depth=0.0, flipHoriz=False, flipVert=False, font='Open Sans', fontFiles=[], height=0.1, italic=False, languageStyle='LTR', name='WelcomeText', opacity=1, ori=0.0, pos=array([0., 0.]), rgb=UNKNOWN, text='Welcome to our Study!', units='height', win=Window(...), wrapWidth=1)
14.8059 	EXP 	Created hasPeriphery_2 = ImageStim(__class__=<class 'psychopy.visual.image.ImageStim'>, autoLog=True, color=array([1, 1, 1]), colorSpace='rgb', contrast=1.0, depth=0.0, flipHoriz=False, flipVert=False, image='sin', interpolate=True, mask=None, maskParams=None, name='hasPeriphery_2', opacity=1.0, ori=0.0, pos=array([0., 0.]), size=array([0.5, 0.5]), texRes=128.0, units='height', win=Window(...))
14.8089 	EXP 	Created noPeriphery_2 = ImageStim(__class__=<class 'psychopy.visual.image.ImageStim'>, autoLog=True, color=array([1, 1, 1]), colorSpace='rgb', contrast=1.0, depth=-2.0, flipHoriz=False, flipVert=False, image='sin', interpolate=True, mask=None, maskParams=None, name='noPeriphery_2', opacity=1.0, ori=0.0, pos=array([0., 0.]), size=array([0.5, 0.5]), texRes=128.0, units='height', win=Window(...))
14.8143 	EXP 	Created text_2 = TextStim(__class__=<class 'psychopy.visual.text.TextStim'>, alignHoriz=method-wrapper(...), alignText='center', alignVert=method-wrapper(...), anchorHoriz='center', anchorVert='center', antialias=True, autoLog=True, bold=False, color=array([ 1, -1, -1]), colorSpace='rgb', contrast=1.0, depth=-3.0, flipHoriz=False, flipVert=False, font='Open Sans', fontFiles=[], height=0.1, italic=False, languageStyle='LTR', name='text_2', opacity=1, ori=0.0, pos=array([0., 0.]), rgb=UNKNOWN, text='+', units='height', win=Window(...), wrapWidth=1)
14.8657 	EXP 	unnamed Form: autoLog = True
14.8657 	EXP 	DepressionQuestionnaire: name = 'DepressionQuestionnaire'
14.8657 	EXP 	DepressionQuestionnaire: size = (3.5, 1)
14.8657 	EXP 	DepressionQuestionnaire: size = array([3.5, 1. ])
14.8657 	EXP 	DepressionQuestionnaire: units = 'height'
14.8657 	EXP 	DepressionQuestionnaire: depth = 0
14.8657 	EXP 	WelcomeText: autoDraw = True
16.8817 	EXP 	WelcomeText: autoDraw = False
16.8817 	EXP 	DepressionQuestionnaire: autoDraw = True
18.0954 	DATA 	Mouse: Left button down, pos=(707,178)
18.3004 	DATA 	Mouse:  Left button up, pos=(722,136)
18.5431 	DATA 	Mouse: Left button down, pos=(678,74)
18.6026 	EXP 	DepressionQuestionnaire: autoDraw = False
18.6026 	EXP 	instructionsText: autoDraw = True
18.7435 	DATA 	Mouse:  Left button up, pos=(678,74)
19.7613 	EXP 	Imported picPaths.xlsx as conditions, 6 conditions, 3 params
19.7617 	EXP 	Created sequence: sequential, trialTypes=6, nReps=1, seed=None
19.7621 	EXP 	New trial (rep=0, index=0): {'startImage': 'C:\\Users\\hesselmann\\Desktop\\PsychoPyUniformityIllusion\\UniformityIllusionPsychoPy\\Pics\\1start.png', 'endImage': 'C:\\Users\\hesselmann\\Desktop\\PsychoPyUniformityIllusion\\UniformityIllusionPsychoPy\\Pics\\1a.png', 'AB': 'a'}
20.0404 	DATA 	Keypress: space
20.1005 	EXP 	instructionsText: autoDraw = False
20.1005 	EXP 	hasPeriphery: size = array([1.77777778, 1.        ])
20.1005 	EXP 	hasPeriphery: image = 'C:\\Users\\hesselmann\\Desktop\\PsychoPyUniformityIllusion\\UniformityIllusionPsychoPy\\Pics\\1a.png'
20.1005 	EXP 	noPeriphery: size = array([1.77777778, 1.        ])
20.1005 	EXP 	noPeriphery: image = 'C:\\Users\\hesselmann\\Desktop\\PsychoPyUniformityIllusion\\UniformityIllusionPsychoPy\\Pics\\1start.png'
20.1005 	EXP 	hasPeriphery: autoDraw = True
20.1005 	EXP 	hasPeriphery: texRes = 128.0
20.1005 	EXP 	noPeriphery: autoDraw = True
20.1005 	EXP 	noPeriphery: texRes = 128.0
20.1005 	EXP 	text: autoDraw = True
20.2672 	EXP 	hasPeriphery: texRes = 128.0
20.2672 	EXP 	noPeriphery: texRes = 128.0
20.4986 	EXP 	hasPeriphery: texRes = 128.0
20.4986 	EXP 	noPeriphery: texRes = 128.0
20.7257 	EXP 	hasPeriphery: texRes = 128.0
20.7257 	EXP 	noPeriphery: texRes = 128.0
20.9253 	EXP 	hasPeriphery: texRes = 128.0
20.9253 	EXP 	noPeriphery: texRes = 128.0
21.1589 	EXP 	hasPeriphery: texRes = 128.0
21.1589 	EXP 	noPeriphery: texRes = 128.0
21.3614 	EXP 	hasPeriphery: texRes = 128.0
21.3614 	EXP 	noPeriphery: texRes = 128.0
21.5147 	EXP 	New trial (rep=0, index=1): {'startImage': 'C:\\Users\\hesselmann\\Desktop\\PsychoPyUniformityIllusion\\UniformityIllusionPsychoPy\\Pics\\1start.png', 'endImage': 'C:\\Users\\hesselmann\\Desktop\\PsychoPyUniformityIllusion\\UniformityIllusionPsychoPy\\Pics\\1b.png', 'AB': 'b'}
21.7306 	DATA 	Keypress: space
21.7779 	EXP 	hasPeriphery: texRes = 128.0
21.7779 	EXP 	noPeriphery: texRes = 128.0
21.7779 	EXP 	hasPeriphery: autoDraw = False
21.7779 	EXP 	noPeriphery: autoDraw = False
21.7779 	EXP 	text: autoDraw = False
21.7779 	EXP 	hasPeriphery: size = array([1.77777778, 1.        ])
21.7779 	EXP 	hasPeriphery: image = 'C:\\Users\\hesselmann\\Desktop\\PsychoPyUniformityIllusion\\UniformityIllusionPsychoPy\\Pics\\1b.png'
21.7779 	EXP 	noPeriphery: size = array([1.77777778, 1.        ])
21.7779 	EXP 	noPeriphery: image = 'C:\\Users\\hesselmann\\Desktop\\PsychoPyUniformityIllusion\\UniformityIllusionPsychoPy\\Pics\\1start.png'
21.7779 	EXP 	hasPeriphery: autoDraw = True
21.7779 	EXP 	hasPeriphery: texRes = 128.0
21.7779 	EXP 	noPeriphery: autoDraw = True
21.7779 	EXP 	noPeriphery: texRes = 128.0
21.7779 	EXP 	text: autoDraw = True
21.9293 	EXP 	hasPeriphery: texRes = 128.0
21.9293 	EXP 	noPeriphery: texRes = 128.0
22.1612 	EXP 	hasPeriphery: texRes = 128.0
22.1612 	EXP 	noPeriphery: texRes = 128.0
22.3024 	EXP 	New trial (rep=0, index=2): {'startImage': 'C:\\Users\\hesselmann\\Desktop\\PsychoPyUniformityIllusion\\UniformityIllusionPsychoPy\\Pics\\2start.png', 'endImage': 'C:\\Users\\hesselmann\\Desktop\\PsychoPyUniformityIllusion\\UniformityIllusionPsychoPy\\Pics\\2a.png', 'AB': 'a'}
22.4673 	EXP 	New trial (rep=0, index=3): {'startImage': 'C:\\Users\\hesselmann\\Desktop\\PsychoPyUniformityIllusion\\UniformityIllusionPsychoPy\\Pics\\2start.png', 'endImage': 'C:\\Users\\hesselmann\\Desktop\\PsychoPyUniformityIllusion\\UniformityIllusionPsychoPy\\Pics\\2b.png', 'AB': 'b'}
22.6092 	EXP 	New trial (rep=0, index=4): {'startImage': 'C:\\Users\\hesselmann\\Desktop\\PsychoPyUniformityIllusion\\UniformityIllusionPsychoPy\\Pics\\3start.png', 'endImage': 'C:\\Users\\hesselmann\\Desktop\\PsychoPyUniformityIllusion\\UniformityIllusionPsychoPy\\Pics\\3a.png', 'AB': 'a'}
22.7942 	EXP 	New trial (rep=0, index=5): {'startImage': 'C:\\Users\\hesselmann\\Desktop\\PsychoPyUniformityIllusion\\UniformityIllusionPsychoPy\\Pics\\3start.png', 'endImage': 'C:\\Users\\hesselmann\\Desktop\\PsychoPyUniformityIllusion\\UniformityIllusionPsychoPy\\Pics\\3b.png', 'AB': 'b'}
22.9945 	EXP 	hasPeriphery: texRes = 128.0
22.9945 	EXP 	noPeriphery: texRes = 128.0
22.9945 	EXP 	hasPeriphery: autoDraw = False
22.9945 	EXP 	noPeriphery: autoDraw = False
22.9945 	EXP 	text: autoDraw = False
22.9945 	EXP 	hasPeriphery: size = array([1.77777778, 1.        ])
22.9945 	EXP 	hasPeriphery: image = 'C:\\Users\\hesselmann\\Desktop\\PsychoPyUniformityIllusion\\UniformityIllusionPsychoPy\\Pics\\2a.png'
22.9945 	EXP 	noPeriphery: size = array([1.77777778, 1.        ])
22.9945 	EXP 	noPeriphery: image = 'C:\\Users\\hesselmann\\Desktop\\PsychoPyUniformityIllusion\\UniformityIllusionPsychoPy\\Pics\\2start.png'
22.9945 	EXP 	hasPeriphery: autoDraw = True
22.9945 	EXP 	hasPeriphery: texRes = 128.0
22.9945 	EXP 	noPeriphery: autoDraw = True
22.9945 	EXP 	noPeriphery: texRes = 128.0
22.9945 	EXP 	text: autoDraw = True
22.9945 	EXP 	hasPeriphery: autoDraw = False
22.9945 	EXP 	noPeriphery: autoDraw = False
22.9945 	EXP 	text: autoDraw = False
22.9945 	EXP 	hasPeriphery: size = array([1.77777778, 1.        ])
22.9945 	EXP 	hasPeriphery: image = 'C:\\Users\\hesselmann\\Desktop\\PsychoPyUniformityIllusion\\UniformityIllusionPsychoPy\\Pics\\2b.png'
22.9945 	EXP 	noPeriphery: size = array([1.77777778, 1.        ])
22.9945 	EXP 	noPeriphery: image = 'C:\\Users\\hesselmann\\Desktop\\PsychoPyUniformityIllusion\\UniformityIllusionPsychoPy\\Pics\\2start.png'
22.9945 	EXP 	hasPeriphery: autoDraw = True
22.9945 	EXP 	hasPeriphery: texRes = 128.0
22.9945 	EXP 	noPeriphery: autoDraw = True
22.9945 	EXP 	noPeriphery: texRes = 128.0
22.9945 	EXP 	text: autoDraw = True
22.9945 	EXP 	hasPeriphery: autoDraw = False
22.9945 	EXP 	noPeriphery: autoDraw = False
22.9945 	EXP 	text: autoDraw = False
22.9945 	EXP 	hasPeriphery: size = array([1.77777778, 1.        ])
22.9945 	EXP 	hasPeriphery: image = 'C:\\Users\\hesselmann\\Desktop\\PsychoPyUniformityIllusion\\UniformityIllusionPsychoPy\\Pics\\3a.png'
22.9945 	EXP 	noPeriphery: size = array([1.77777778, 1.        ])
22.9945 	EXP 	noPeriphery: image = 'C:\\Users\\hesselmann\\Desktop\\PsychoPyUniformityIllusion\\UniformityIllusionPsychoPy\\Pics\\3start.png'
22.9945 	EXP 	hasPeriphery: autoDraw = True
22.9945 	EXP 	hasPeriphery: texRes = 128.0
22.9945 	EXP 	noPeriphery: autoDraw = True
22.9945 	EXP 	noPeriphery: texRes = 128.0
22.9945 	EXP 	text: autoDraw = True
22.9945 	EXP 	hasPeriphery: autoDraw = False
22.9945 	EXP 	noPeriphery: autoDraw = False
22.9945 	EXP 	text: autoDraw = False
22.9945 	EXP 	hasPeriphery: size = array([1.77777778, 1.        ])
22.9945 	EXP 	hasPeriphery: image = 'C:\\Users\\hesselmann\\Desktop\\PsychoPyUniformityIllusion\\UniformityIllusionPsychoPy\\Pics\\3b.png'
22.9945 	EXP 	noPeriphery: size = array([1.77777778, 1.        ])
22.9945 	EXP 	noPeriphery: image = 'C:\\Users\\hesselmann\\Desktop\\PsychoPyUniformityIllusion\\UniformityIllusionPsychoPy\\Pics\\3start.png'
22.9945 	EXP 	hasPeriphery: autoDraw = True
22.9945 	EXP 	hasPeriphery: texRes = 128.0
22.9945 	EXP 	noPeriphery: autoDraw = True
22.9945 	EXP 	noPeriphery: texRes = 128.0
22.9945 	EXP 	text: autoDraw = True
22.9945 	EXP 	hasPeriphery: autoDraw = False
22.9945 	EXP 	noPeriphery: autoDraw = False
22.9945 	EXP 	text: autoDraw = False
22.9945 	EXP 	WelcomeText: autoDraw = True
24.9996 	EXP 	Imported picPaths.xlsx as conditions, 24 conditions, 3 params
25.0006 	EXP 	Created sequence: sequential, trialTypes=24, nReps=1, seed=None
25.0010 	EXP 	New trial (rep=0, index=0): {'startImage': 'C:\\Users\\hesselmann\\Desktop\\PsychoPyUniformityIllusion\\UniformityIllusionPsychoPy\\Pics\\4start.png', 'endImage': 'C:\\Users\\hesselmann\\Desktop\\PsychoPyUniformityIllusion\\UniformityIllusionPsychoPy\\Pics\\4a.png', 'AB': 'a'}
25.2704 	EXP 	New trial (rep=0, index=1): {'startImage': 'C:\\Users\\hesselmann\\Desktop\\PsychoPyUniformityIllusion\\UniformityIllusionPsychoPy\\Pics\\4start.png', 'endImage': 'C:\\Users\\hesselmann\\Desktop\\PsychoPyUniformityIllusion\\UniformityIllusionPsychoPy\\Pics\\4b.png', 'AB': 'b'}
25.5303 	EXP 	WelcomeText: autoDraw = False
25.5303 	EXP 	hasPeriphery_2: size = array([1.77777778, 1.        ])
25.5303 	EXP 	hasPeriphery_2: image = 'C:\\Users\\hesselmann\\Desktop\\PsychoPyUniformityIllusion\\UniformityIllusionPsychoPy\\Pics\\4a.png'
25.5303 	EXP 	noPeriphery_2: size = array([1.77777778, 1.        ])
25.5303 	EXP 	noPeriphery_2: image = 'C:\\Users\\hesselmann\\Desktop\\PsychoPyUniformityIllusion\\UniformityIllusionPsychoPy\\Pics\\4start.png'
25.5303 	EXP 	hasPeriphery_2: autoDraw = True
25.5303 	EXP 	hasPeriphery_2: texRes = 128.0
25.5303 	EXP 	noPeriphery_2: autoDraw = True
25.5303 	EXP 	noPeriphery_2: texRes = 128.0
25.5303 	EXP 	text_2: autoDraw = True
25.5303 	EXP 	hasPeriphery_2: autoDraw = False
25.5303 	EXP 	noPeriphery_2: autoDraw = False
25.5303 	EXP 	text_2: autoDraw = False
25.5303 	EXP 	hasPeriphery_2: size = array([1.77777778, 1.        ])
25.5303 	EXP 	hasPeriphery_2: image = 'C:\\Users\\hesselmann\\Desktop\\PsychoPyUniformityIllusion\\UniformityIllusionPsychoPy\\Pics\\4b.png'
25.5303 	EXP 	noPeriphery_2: size = array([1.77777778, 1.        ])
25.5303 	EXP 	noPeriphery_2: image = 'C:\\Users\\hesselmann\\Desktop\\PsychoPyUniformityIllusion\\UniformityIllusionPsychoPy\\Pics\\4start.png'
25.5303 	EXP 	hasPeriphery_2: autoDraw = True
25.5303 	EXP 	hasPeriphery_2: texRes = 128.0
25.5303 	EXP 	noPeriphery_2: autoDraw = True
25.5303 	EXP 	noPeriphery_2: texRes = 128.0
25.5303 	EXP 	text_2: autoDraw = True
25.7109 	EXP 	hasPeriphery_2: texRes = 128.0
25.7109 	EXP 	noPeriphery_2: texRes = 128.0
25.9177 	EXP 	hasPeriphery_2: texRes = 128.0
25.9177 	EXP 	noPeriphery_2: texRes = 128.0
26.1181 	EXP 	hasPeriphery_2: texRes = 128.0
26.1181 	EXP 	noPeriphery_2: texRes = 128.0
26.3147 	EXP 	hasPeriphery_2: texRes = 128.0
26.3147 	EXP 	noPeriphery_2: texRes = 128.0
26.4366 	EXP 	New trial (rep=0, index=2): {'startImage': 'C:\\Users\\hesselmann\\Desktop\\PsychoPyUniformityIllusion\\UniformityIllusionPsychoPy\\Pics\\5start.png', 'endImage': 'C:\\Users\\hesselmann\\Desktop\\PsychoPyUniformityIllusion\\UniformityIllusionPsychoPy\\Pics\\5a.png', 'AB': 'a'}
26.7066 	DATA 	Keypress: space
26.7464 	EXP 	hasPeriphery_2: texRes = 128.0
26.7464 	EXP 	noPeriphery_2: texRes = 128.0
26.7464 	EXP 	hasPeriphery_2: autoDraw = False
26.7464 	EXP 	noPeriphery_2: autoDraw = False
26.7464 	EXP 	text_2: autoDraw = False
26.7464 	EXP 	hasPeriphery_2: size = array([1.77777778, 1.        ])
26.7464 	EXP 	hasPeriphery_2: image = 'C:\\Users\\hesselmann\\Desktop\\PsychoPyUniformityIllusion\\UniformityIllusionPsychoPy\\Pics\\5a.png'
26.7464 	EXP 	noPeriphery_2: size = array([1.77777778, 1.        ])
26.7464 	EXP 	noPeriphery_2: image = 'C:\\Users\\hesselmann\\Desktop\\PsychoPyUniformityIllusion\\UniformityIllusionPsychoPy\\Pics\\5start.png'
26.7464 	EXP 	hasPeriphery_2: autoDraw = True
26.7464 	EXP 	hasPeriphery_2: texRes = 128.0
26.7464 	EXP 	noPeriphery_2: autoDraw = True
26.7464 	EXP 	noPeriphery_2: texRes = 128.0
26.7464 	EXP 	text_2: autoDraw = True
26.8756 	EXP 	New trial (rep=0, index=3): {'startImage': 'C:\\Users\\hesselmann\\Desktop\\PsychoPyUniformityIllusion\\UniformityIllusionPsychoPy\\Pics\\5start.png', 'endImage': 'C:\\Users\\hesselmann\\Desktop\\PsychoPyUniformityIllusion\\UniformityIllusionPsychoPy\\Pics\\5b.png', 'AB': 'b'}
27.1471 	EXP 	hasPeriphery_2: texRes = 128.0
27.1471 	EXP 	noPeriphery_2: texRes = 128.0
27.1471 	EXP 	hasPeriphery_2: autoDraw = False
27.1471 	EXP 	noPeriphery_2: autoDraw = False
27.1471 	EXP 	text_2: autoDraw = False
27.1471 	EXP 	hasPeriphery_2: size = array([1.77777778, 1.        ])
27.1471 	EXP 	hasPeriphery_2: image = 'C:\\Users\\hesselmann\\Desktop\\PsychoPyUniformityIllusion\\UniformityIllusionPsychoPy\\Pics\\5b.png'
27.1471 	EXP 	noPeriphery_2: size = array([1.77777778, 1.        ])
27.1471 	EXP 	noPeriphery_2: image = 'C:\\Users\\hesselmann\\Desktop\\PsychoPyUniformityIllusion\\UniformityIllusionPsychoPy\\Pics\\5start.png'
27.1471 	EXP 	hasPeriphery_2: autoDraw = True
27.1471 	EXP 	hasPeriphery_2: texRes = 128.0
27.1471 	EXP 	noPeriphery_2: autoDraw = True
27.1471 	EXP 	noPeriphery_2: texRes = 128.0
27.1471 	EXP 	text_2: autoDraw = True
27.3109 	EXP 	hasPeriphery_2: texRes = 128.0
27.3109 	EXP 	noPeriphery_2: texRes = 128.0
27.4471 	EXP 	New trial (rep=0, index=4): {'startImage': 'C:\\Users\\hesselmann\\Desktop\\PsychoPyUniformityIllusion\\UniformityIllusionPsychoPy\\Pics\\6start.png', 'endImage': 'C:\\Users\\hesselmann\\Desktop\\PsychoPyUniformityIllusion\\UniformityIllusionPsychoPy\\Pics\\6a.png', 'AB': 'a'}
27.6263 	EXP 	New trial (rep=0, index=5): {'startImage': 'C:\\Users\\hesselmann\\Desktop\\PsychoPyUniformityIllusion\\UniformityIllusionPsychoPy\\Pics\\6start.png', 'endImage': 'C:\\Users\\hesselmann\\Desktop\\PsychoPyUniformityIllusion\\UniformityIllusionPsychoPy\\Pics\\6b.png', 'AB': 'b'}
27.8695 	EXP 	hasPeriphery_2: texRes = 128.0
27.8695 	EXP 	noPeriphery_2: texRes = 128.0
27.8695 	EXP 	hasPeriphery_2: autoDraw = False
27.8695 	EXP 	noPeriphery_2: autoDraw = False
27.8695 	EXP 	text_2: autoDraw = False
27.8695 	EXP 	hasPeriphery_2: size = array([1.77777778, 1.        ])
27.8695 	EXP 	hasPeriphery_2: image = 'C:\\Users\\hesselmann\\Desktop\\PsychoPyUniformityIllusion\\UniformityIllusionPsychoPy\\Pics\\6a.png'
27.8695 	EXP 	noPeriphery_2: size = array([1.77777778, 1.        ])
27.8695 	EXP 	noPeriphery_2: image = 'C:\\Users\\hesselmann\\Desktop\\PsychoPyUniformityIllusion\\UniformityIllusionPsychoPy\\Pics\\6start.png'
27.8695 	EXP 	hasPeriphery_2: autoDraw = True
27.8695 	EXP 	hasPeriphery_2: texRes = 128.0
27.8695 	EXP 	noPeriphery_2: autoDraw = True
27.8695 	EXP 	noPeriphery_2: texRes = 128.0
27.8695 	EXP 	text_2: autoDraw = True
27.8695 	EXP 	hasPeriphery_2: autoDraw = False
27.8695 	EXP 	noPeriphery_2: autoDraw = False
27.8695 	EXP 	text_2: autoDraw = False
27.8695 	EXP 	hasPeriphery_2: size = array([1.77777778, 1.        ])
27.8695 	EXP 	hasPeriphery_2: image = 'C:\\Users\\hesselmann\\Desktop\\PsychoPyUniformityIllusion\\UniformityIllusionPsychoPy\\Pics\\6b.png'
27.8695 	EXP 	noPeriphery_2: size = array([1.77777778, 1.        ])
27.8695 	EXP 	noPeriphery_2: image = 'C:\\Users\\hesselmann\\Desktop\\PsychoPyUniformityIllusion\\UniformityIllusionPsychoPy\\Pics\\6start.png'
27.8695 	EXP 	hasPeriphery_2: autoDraw = True
27.8695 	EXP 	hasPeriphery_2: texRes = 128.0
27.8695 	EXP 	noPeriphery_2: autoDraw = True
27.8695 	EXP 	noPeriphery_2: texRes = 128.0
27.8695 	EXP 	text_2: autoDraw = True
28.0230 	EXP 	hasPeriphery_2: texRes = 128.0
28.0230 	EXP 	noPeriphery_2: texRes = 128.0
28.1133 	EXP 	New trial (rep=0, index=6): {'startImage': 'C:\\Users\\hesselmann\\Desktop\\PsychoPyUniformityIllusion\\UniformityIllusionPsychoPy\\Pics\\7start.png', 'endImage': 'C:\\Users\\hesselmann\\Desktop\\PsychoPyUniformityIllusion\\UniformityIllusionPsychoPy\\Pics\\7a.png', 'AB': None}
28.3395 	DATA 	Keypress: space
28.3898 	EXP 	hasPeriphery_2: texRes = 128.0
28.3898 	EXP 	noPeriphery_2: texRes = 128.0
28.3898 	EXP 	hasPeriphery_2: autoDraw = False
28.3898 	EXP 	noPeriphery_2: autoDraw = False
28.3898 	EXP 	text_2: autoDraw = False
28.3898 	EXP 	hasPeriphery_2: size = array([1.77777778, 1.        ])
28.3898 	EXP 	hasPeriphery_2: image = 'C:\\Users\\hesselmann\\Desktop\\PsychoPyUniformityIllusion\\UniformityIllusionPsychoPy\\Pics\\7a.png'
28.3898 	EXP 	noPeriphery_2: size = array([1.77777778, 1.        ])
28.3898 	EXP 	noPeriphery_2: image = 'C:\\Users\\hesselmann\\Desktop\\PsychoPyUniformityIllusion\\UniformityIllusionPsychoPy\\Pics\\7start.png'
28.3898 	EXP 	hasPeriphery_2: autoDraw = True
28.3898 	EXP 	hasPeriphery_2: texRes = 128.0
28.3898 	EXP 	noPeriphery_2: autoDraw = True
28.3898 	EXP 	noPeriphery_2: texRes = 128.0
28.3898 	EXP 	text_2: autoDraw = True
28.5822 	EXP 	hasPeriphery_2: texRes = 128.0
28.5822 	EXP 	noPeriphery_2: texRes = 128.0
28.8071 	EXP 	hasPeriphery_2: texRes = 128.0
28.8071 	EXP 	noPeriphery_2: texRes = 128.0
28.9453 	EXP 	New trial (rep=0, index=7): {'startImage': 'C:\\Users\\hesselmann\\Desktop\\PsychoPyUniformityIllusion\\UniformityIllusionPsychoPy\\Pics\\7start.png', 'endImage': 'C:\\Users\\hesselmann\\Desktop\\PsychoPyUniformityIllusion\\UniformityIllusionPsychoPy\\Pics\\7b.png', 'AB': None}
29.1385 	EXP 	New trial (rep=0, index=8): {'startImage': 'C:\\Users\\hesselmann\\Desktop\\PsychoPyUniformityIllusion\\UniformityIllusionPsychoPy\\Pics\\8start.png', 'endImage': 'C:\\Users\\hesselmann\\Desktop\\PsychoPyUniformityIllusion\\UniformityIllusionPsychoPy\\Pics\\8a.png', 'AB': None}
29.3778 	EXP 	hasPeriphery_2: texRes = 128.0
29.3778 	EXP 	noPeriphery_2: texRes = 128.0
29.3778 	EXP 	hasPeriphery_2: autoDraw = False
29.3778 	EXP 	noPeriphery_2: autoDraw = False
29.3778 	EXP 	text_2: autoDraw = False
29.3778 	EXP 	hasPeriphery_2: size = array([1.77777778, 1.        ])
29.3778 	EXP 	hasPeriphery_2: image = 'C:\\Users\\hesselmann\\Desktop\\PsychoPyUniformityIllusion\\UniformityIllusionPsychoPy\\Pics\\7b.png'
29.3778 	EXP 	noPeriphery_2: size = array([1.77777778, 1.        ])
29.3778 	EXP 	noPeriphery_2: image = 'C:\\Users\\hesselmann\\Desktop\\PsychoPyUniformityIllusion\\UniformityIllusionPsychoPy\\Pics\\7start.png'
29.3778 	EXP 	hasPeriphery_2: autoDraw = True
29.3778 	EXP 	hasPeriphery_2: texRes = 128.0
29.3778 	EXP 	noPeriphery_2: autoDraw = True
29.3778 	EXP 	noPeriphery_2: texRes = 128.0
29.3778 	EXP 	text_2: autoDraw = True
29.3778 	EXP 	hasPeriphery_2: autoDraw = False
29.3778 	EXP 	noPeriphery_2: autoDraw = False
29.3778 	EXP 	text_2: autoDraw = False
29.3778 	EXP 	hasPeriphery_2: size = array([1.77777778, 1.        ])
29.3778 	EXP 	hasPeriphery_2: image = 'C:\\Users\\hesselmann\\Desktop\\PsychoPyUniformityIllusion\\UniformityIllusionPsychoPy\\Pics\\8a.png'
29.3778 	EXP 	noPeriphery_2: size = array([1.77777778, 1.        ])
29.3778 	EXP 	noPeriphery_2: image = 'C:\\Users\\hesselmann\\Desktop\\PsychoPyUniformityIllusion\\UniformityIllusionPsychoPy\\Pics\\8start.png'
29.3778 	EXP 	hasPeriphery_2: autoDraw = True
29.3778 	EXP 	hasPeriphery_2: texRes = 128.0
29.3778 	EXP 	noPeriphery_2: autoDraw = True
29.3778 	EXP 	noPeriphery_2: texRes = 128.0
29.3778 	EXP 	text_2: autoDraw = True
29.5392 	EXP 	hasPeriphery_2: texRes = 128.0
29.5392 	EXP 	noPeriphery_2: texRes = 128.0
29.7369 	EXP 	hasPeriphery_2: texRes = 128.0
29.7369 	EXP 	noPeriphery_2: texRes = 128.0
29.9005 	DATA 	Keypress: space
29.9552 	EXP 	hasPeriphery_2: texRes = 128.0
29.9552 	EXP 	noPeriphery_2: texRes = 128.0
30.0824 	EXP 	New trial (rep=0, index=9): {'startImage': 'C:\\Users\\hesselmann\\Desktop\\PsychoPyUniformityIllusion\\UniformityIllusionPsychoPy\\Pics\\8start.png', 'endImage': 'C:\\Users\\hesselmann\\Desktop\\PsychoPyUniformityIllusion\\UniformityIllusionPsychoPy\\Pics\\8b.png', 'AB': None}
30.3125 	EXP 	hasPeriphery_2: texRes = 128.0
30.3125 	EXP 	noPeriphery_2: texRes = 128.0
30.3125 	EXP 	hasPeriphery_2: autoDraw = False
30.3125 	EXP 	noPeriphery_2: autoDraw = False
30.3125 	EXP 	text_2: autoDraw = False
30.3125 	EXP 	hasPeriphery_2: size = array([1.77777778, 1.        ])
30.3125 	EXP 	hasPeriphery_2: image = 'C:\\Users\\hesselmann\\Desktop\\PsychoPyUniformityIllusion\\UniformityIllusionPsychoPy\\Pics\\8b.png'
30.3125 	EXP 	noPeriphery_2: size = array([1.77777778, 1.        ])
30.3125 	EXP 	noPeriphery_2: image = 'C:\\Users\\hesselmann\\Desktop\\PsychoPyUniformityIllusion\\UniformityIllusionPsychoPy\\Pics\\8start.png'
30.3125 	EXP 	hasPeriphery_2: autoDraw = True
30.3125 	EXP 	hasPeriphery_2: texRes = 128.0
30.3125 	EXP 	noPeriphery_2: autoDraw = True
30.3125 	EXP 	noPeriphery_2: texRes = 128.0
30.3125 	EXP 	text_2: autoDraw = True
30.4651 	EXP 	hasPeriphery_2: texRes = 128.0
30.4651 	EXP 	noPeriphery_2: texRes = 128.0
30.6554 	EXP 	hasPeriphery_2: texRes = 128.0
30.6554 	EXP 	noPeriphery_2: texRes = 128.0
30.8510 	EXP 	hasPeriphery_2: texRes = 128.0
30.8510 	EXP 	noPeriphery_2: texRes = 128.0
31.0337 	EXP 	hasPeriphery_2: texRes = 128.0
31.0337 	EXP 	noPeriphery_2: texRes = 128.0
31.2211 	EXP 	hasPeriphery_2: texRes = 128.0
31.2211 	EXP 	noPeriphery_2: texRes = 128.0
31.4007 	EXP 	hasPeriphery_2: texRes = 128.0
31.4007 	EXP 	noPeriphery_2: texRes = 128.0
31.5863 	EXP 	hasPeriphery_2: texRes = 128.0
31.5863 	EXP 	noPeriphery_2: texRes = 128.0
31.7715 	EXP 	hasPeriphery_2: texRes = 128.0
31.7715 	EXP 	noPeriphery_2: texRes = 128.0
31.9535 	EXP 	hasPeriphery_2: texRes = 128.0
31.9535 	EXP 	noPeriphery_2: texRes = 128.0
32.1393 	EXP 	hasPeriphery_2: texRes = 128.0
32.1393 	EXP 	noPeriphery_2: texRes = 128.0
32.3230 	EXP 	hasPeriphery_2: texRes = 128.0
32.3230 	EXP 	noPeriphery_2: texRes = 128.0
32.5093 	EXP 	hasPeriphery_2: texRes = 128.0
32.5093 	EXP 	noPeriphery_2: texRes = 128.0
32.6941 	EXP 	hasPeriphery_2: texRes = 128.0
32.6941 	EXP 	noPeriphery_2: texRes = 128.0
32.8829 	EXP 	hasPeriphery_2: texRes = 128.0
32.8829 	EXP 	noPeriphery_2: texRes = 128.0
33.0278 	EXP 	hasPeriphery_2: texRes = 128.0
33.0278 	EXP 	noPeriphery_2: texRes = 128.0
33.2175 	EXP 	hasPeriphery_2: texRes = 128.0
33.2175 	EXP 	noPeriphery_2: texRes = 128.0
33.4168 	EXP 	hasPeriphery_2: texRes = 128.0
33.4168 	EXP 	noPeriphery_2: texRes = 128.0
33.5298 	EXP 	New trial (rep=0, index=10): {'startImage': 'C:\\Users\\hesselmann\\Desktop\\PsychoPyUniformityIllusion\\UniformityIllusionPsychoPy\\Pics\\9start.png', 'endImage': 'C:\\Users\\hesselmann\\Desktop\\PsychoPyUniformityIllusion\\UniformityIllusionPsychoPy\\Pics\\9a.png', 'AB': None}
33.7345 	DATA 	Keypress: space
33.7779 	EXP 	hasPeriphery_2: texRes = 128.0
33.7779 	EXP 	noPeriphery_2: texRes = 128.0
33.7779 	EXP 	hasPeriphery_2: autoDraw = False
33.7779 	EXP 	noPeriphery_2: autoDraw = False
33.7779 	EXP 	text_2: autoDraw = False
33.7779 	EXP 	hasPeriphery_2: size = array([1.77777778, 1.        ])
33.7779 	EXP 	hasPeriphery_2: image = 'C:\\Users\\hesselmann\\Desktop\\PsychoPyUniformityIllusion\\UniformityIllusionPsychoPy\\Pics\\9a.png'
33.7779 	EXP 	noPeriphery_2: size = array([1.77777778, 1.        ])
33.7779 	EXP 	noPeriphery_2: image = 'C:\\Users\\hesselmann\\Desktop\\PsychoPyUniformityIllusion\\UniformityIllusionPsychoPy\\Pics\\9start.png'
33.7779 	EXP 	hasPeriphery_2: autoDraw = True
33.7779 	EXP 	hasPeriphery_2: texRes = 128.0
33.7779 	EXP 	noPeriphery_2: autoDraw = True
33.7779 	EXP 	noPeriphery_2: texRes = 128.0
33.7779 	EXP 	text_2: autoDraw = True
33.9340 	EXP 	hasPeriphery_2: texRes = 128.0
33.9340 	EXP 	noPeriphery_2: texRes = 128.0
34.1268 	EXP 	hasPeriphery_2: texRes = 128.0
34.1268 	EXP 	noPeriphery_2: texRes = 128.0
34.2623 	EXP 	hasPeriphery_2: texRes = 128.0
34.2623 	EXP 	noPeriphery_2: texRes = 128.0
34.4622 	EXP 	hasPeriphery_2: texRes = 128.0
34.4622 	EXP 	noPeriphery_2: texRes = 128.0
34.6654 	EXP 	hasPeriphery_2: texRes = 128.0
34.6654 	EXP 	noPeriphery_2: texRes = 128.0
34.8679 	EXP 	hasPeriphery_2: texRes = 128.0
34.8679 	EXP 	noPeriphery_2: texRes = 128.0
35.0205 	DATA 	Keypress: space
35.0642 	EXP 	hasPeriphery_2: texRes = 128.0
35.0642 	EXP 	noPeriphery_2: texRes = 128.0
35.1998 	EXP 	New trial (rep=0, index=11): {'startImage': 'C:\\Users\\hesselmann\\Desktop\\PsychoPyUniformityIllusion\\UniformityIllusionPsychoPy\\Pics\\9start.png', 'endImage': 'C:\\Users\\hesselmann\\Desktop\\PsychoPyUniformityIllusion\\UniformityIllusionPsychoPy\\Pics\\9b.png', 'AB': None}
35.4363 	EXP 	hasPeriphery_2: texRes = 128.0
35.4363 	EXP 	noPeriphery_2: texRes = 128.0
35.4363 	EXP 	hasPeriphery_2: autoDraw = False
35.4363 	EXP 	noPeriphery_2: autoDraw = False
35.4363 	EXP 	text_2: autoDraw = False
35.4363 	EXP 	hasPeriphery_2: size = array([1.77777778, 1.        ])
35.4363 	EXP 	hasPeriphery_2: image = 'C:\\Users\\hesselmann\\Desktop\\PsychoPyUniformityIllusion\\UniformityIllusionPsychoPy\\Pics\\9b.png'
35.4363 	EXP 	noPeriphery_2: size = array([1.77777778, 1.        ])
35.4363 	EXP 	noPeriphery_2: image = 'C:\\Users\\hesselmann\\Desktop\\PsychoPyUniformityIllusion\\UniformityIllusionPsychoPy\\Pics\\9start.png'
35.4363 	EXP 	hasPeriphery_2: autoDraw = True
35.4363 	EXP 	hasPeriphery_2: texRes = 128.0
35.4363 	EXP 	noPeriphery_2: autoDraw = True
35.4363 	EXP 	noPeriphery_2: texRes = 128.0
35.4363 	EXP 	text_2: autoDraw = True
35.5904 	EXP 	hasPeriphery_2: texRes = 128.0
35.5904 	EXP 	noPeriphery_2: texRes = 128.0
35.7633 	EXP 	hasPeriphery_2: texRes = 128.0
35.7633 	EXP 	noPeriphery_2: texRes = 128.0
35.9504 	EXP 	hasPeriphery_2: texRes = 128.0
35.9504 	EXP 	noPeriphery_2: texRes = 128.0
36.1273 	EXP 	hasPeriphery_2: texRes = 128.0
36.1273 	EXP 	noPeriphery_2: texRes = 128.0
36.2395 	EXP 	New trial (rep=0, index=12): {'startImage': 'C:\\Users\\hesselmann\\Desktop\\PsychoPyUniformityIllusion\\UniformityIllusionPsychoPy\\Pics\\10start.png', 'endImage': 'C:\\Users\\hesselmann\\Desktop\\PsychoPyUniformityIllusion\\UniformityIllusionPsychoPy\\Pics\\10a.png', 'AB': None}
36.4520 	EXP 	New trial (rep=0, index=13): {'startImage': 'C:\\Users\\hesselmann\\Desktop\\PsychoPyUniformityIllusion\\UniformityIllusionPsychoPy\\Pics\\10start.png', 'endImage': 'C:\\Users\\hesselmann\\Desktop\\PsychoPyUniformityIllusion\\UniformityIllusionPsychoPy\\Pics\\10b.png', 'AB': None}
36.6668 	EXP 	New trial (rep=0, index=14): {'startImage': 'C:\\Users\\hesselmann\\Desktop\\PsychoPyUniformityIllusion\\UniformityIllusionPsychoPy\\Pics\\11start.png', 'endImage': 'C:\\Users\\hesselmann\\Desktop\\PsychoPyUniformityIllusion\\UniformityIllusionPsychoPy\\Pics\\11a.png', 'AB': None}
36.9093 	EXP 	New trial (rep=0, index=15): {'startImage': 'C:\\Users\\hesselmann\\Desktop\\PsychoPyUniformityIllusion\\UniformityIllusionPsychoPy\\Pics\\11start.png', 'endImage': 'C:\\Users\\hesselmann\\Desktop\\PsychoPyUniformityIllusion\\UniformityIllusionPsychoPy\\Pics\\11b.png', 'AB': None}
37.1291 	EXP 	New trial (rep=0, index=16): {'startImage': 'C:\\Users\\hesselmann\\Desktop\\PsychoPyUniformityIllusion\\UniformityIllusionPsychoPy\\Pics\\12start.png', 'endImage': 'C:\\Users\\hesselmann\\Desktop\\PsychoPyUniformityIllusion\\UniformityIllusionPsychoPy\\Pics\\12a.png', 'AB': None}
37.2809 	EXP 	New trial (rep=0, index=17): {'startImage': 'C:\\Users\\hesselmann\\Desktop\\PsychoPyUniformityIllusion\\UniformityIllusionPsychoPy\\Pics\\12start.png', 'endImage': 'C:\\Users\\hesselmann\\Desktop\\PsychoPyUniformityIllusion\\UniformityIllusionPsychoPy\\Pics\\12b.png', 'AB': None}
37.4502 	EXP 	New trial (rep=0, index=18): {'startImage': 'C:\\Users\\hesselmann\\Desktop\\PsychoPyUniformityIllusion\\UniformityIllusionPsychoPy\\Pics\\13start.png', 'endImage': 'C:\\Users\\hesselmann\\Desktop\\PsychoPyUniformityIllusion\\UniformityIllusionPsychoPy\\Pics\\13a.png', 'AB': None}
37.6910 	EXP 	New trial (rep=0, index=19): {'startImage': 'C:\\Users\\hesselmann\\Desktop\\PsychoPyUniformityIllusion\\UniformityIllusionPsychoPy\\Pics\\13start.png', 'endImage': 'C:\\Users\\hesselmann\\Desktop\\PsychoPyUniformityIllusion\\UniformityIllusionPsychoPy\\Pics\\13b.png', 'AB': None}
37.9439 	EXP 	New trial (rep=0, index=20): {'startImage': 'C:\\Users\\hesselmann\\Desktop\\PsychoPyUniformityIllusion\\UniformityIllusionPsychoPy\\Pics\\14start.png', 'endImage': 'C:\\Users\\hesselmann\\Desktop\\PsychoPyUniformityIllusion\\UniformityIllusionPsychoPy\\Pics\\14a.png', 'AB': None}
38.1541 	EXP 	New trial (rep=0, index=21): {'startImage': 'C:\\Users\\hesselmann\\Desktop\\PsychoPyUniformityIllusion\\UniformityIllusionPsychoPy\\Pics\\14start.png', 'endImage': 'C:\\Users\\hesselmann\\Desktop\\PsychoPyUniformityIllusion\\UniformityIllusionPsychoPy\\Pics\\14b.png', 'AB': None}
38.3070 	EXP 	New trial (rep=0, index=22): {'startImage': 'C:\\Users\\hesselmann\\Desktop\\PsychoPyUniformityIllusion\\UniformityIllusionPsychoPy\\Pics\\15start.png', 'endImage': 'C:\\Users\\hesselmann\\Desktop\\PsychoPyUniformityIllusion\\UniformityIllusionPsychoPy\\Pics\\15a.png', 'AB': None}
38.4533 	EXP 	New trial (rep=0, index=23): {'startImage': 'C:\\Users\\hesselmann\\Desktop\\PsychoPyUniformityIllusion\\UniformityIllusionPsychoPy\\Pics\\15start.png', 'endImage': 'C:\\Users\\hesselmann\\Desktop\\PsychoPyUniformityIllusion\\UniformityIllusionPsychoPy\\Pics\\15b.png', 'AB': None}
38.6031 	DATA 	Keypress: space
38.6033 	DATA 	Keypress: space
38.6035 	DATA 	Keypress: space
38.6557 	EXP 	hasPeriphery_2: texRes = 128.0
38.6557 	EXP 	noPeriphery_2: texRes = 128.0
38.6557 	EXP 	hasPeriphery_2: autoDraw = False
38.6557 	EXP 	noPeriphery_2: autoDraw = False
38.6557 	EXP 	text_2: autoDraw = False
38.6557 	EXP 	hasPeriphery_2: size = array([1.77777778, 1.        ])
38.6557 	EXP 	hasPeriphery_2: image = 'C:\\Users\\hesselmann\\Desktop\\PsychoPyUniformityIllusion\\UniformityIllusionPsychoPy\\Pics\\10a.png'
38.6557 	EXP 	noPeriphery_2: size = array([1.77777778, 1.        ])
38.6557 	EXP 	noPeriphery_2: image = 'C:\\Users\\hesselmann\\Desktop\\PsychoPyUniformityIllusion\\UniformityIllusionPsychoPy\\Pics\\10start.png'
38.6557 	EXP 	hasPeriphery_2: autoDraw = True
38.6557 	EXP 	hasPeriphery_2: texRes = 128.0
38.6557 	EXP 	noPeriphery_2: autoDraw = True
38.6557 	EXP 	noPeriphery_2: texRes = 128.0
38.6557 	EXP 	text_2: autoDraw = True
38.6557 	EXP 	hasPeriphery_2: autoDraw = False
38.6557 	EXP 	noPeriphery_2: autoDraw = False
38.6557 	EXP 	text_2: autoDraw = False
38.6557 	EXP 	hasPeriphery_2: size = array([1.77777778, 1.        ])
38.6557 	EXP 	hasPeriphery_2: image = 'C:\\Users\\hesselmann\\Desktop\\PsychoPyUniformityIllusion\\UniformityIllusionPsychoPy\\Pics\\10b.png'
38.6557 	EXP 	noPeriphery_2: size = array([1.77777778, 1.        ])
38.6557 	EXP 	noPeriphery_2: image = 'C:\\Users\\hesselmann\\Desktop\\PsychoPyUniformityIllusion\\UniformityIllusionPsychoPy\\Pics\\10start.png'
38.6557 	EXP 	hasPeriphery_2: autoDraw = True
38.6557 	EXP 	hasPeriphery_2: texRes = 128.0
38.6557 	EXP 	noPeriphery_2: autoDraw = True
38.6557 	EXP 	noPeriphery_2: texRes = 128.0
38.6557 	EXP 	text_2: autoDraw = True
38.6557 	EXP 	hasPeriphery_2: autoDraw = False
38.6557 	EXP 	noPeriphery_2: autoDraw = False
38.6557 	EXP 	text_2: autoDraw = False
38.6557 	EXP 	hasPeriphery_2: size = array([1.77777778, 1.        ])
38.6557 	EXP 	hasPeriphery_2: image = 'C:\\Users\\hesselmann\\Desktop\\PsychoPyUniformityIllusion\\UniformityIllusionPsychoPy\\Pics\\11a.png'
38.6557 	EXP 	noPeriphery_2: size = array([1.77777778, 1.        ])
38.6557 	EXP 	noPeriphery_2: image = 'C:\\Users\\hesselmann\\Desktop\\PsychoPyUniformityIllusion\\UniformityIllusionPsychoPy\\Pics\\11start.png'
38.6557 	EXP 	hasPeriphery_2: autoDraw = True
38.6557 	EXP 	hasPeriphery_2: texRes = 128.0
38.6557 	EXP 	noPeriphery_2: autoDraw = True
38.6557 	EXP 	noPeriphery_2: texRes = 128.0
38.6557 	EXP 	text_2: autoDraw = True
38.6557 	EXP 	hasPeriphery_2: autoDraw = False
38.6557 	EXP 	noPeriphery_2: autoDraw = False
38.6557 	EXP 	text_2: autoDraw = False
38.6557 	EXP 	hasPeriphery_2: size = array([1.77777778, 1.        ])
38.6557 	EXP 	hasPeriphery_2: image = 'C:\\Users\\hesselmann\\Desktop\\PsychoPyUniformityIllusion\\UniformityIllusionPsychoPy\\Pics\\11b.png'
38.6557 	EXP 	noPeriphery_2: size = array([1.77777778, 1.        ])
38.6557 	EXP 	noPeriphery_2: image = 'C:\\Users\\hesselmann\\Desktop\\PsychoPyUniformityIllusion\\UniformityIllusionPsychoPy\\Pics\\11start.png'
38.6557 	EXP 	hasPeriphery_2: autoDraw = True
38.6557 	EXP 	hasPeriphery_2: texRes = 128.0
38.6557 	EXP 	noPeriphery_2: autoDraw = True
38.6557 	EXP 	noPeriphery_2: texRes = 128.0
38.6557 	EXP 	text_2: autoDraw = True
38.6557 	EXP 	hasPeriphery_2: autoDraw = False
38.6557 	EXP 	noPeriphery_2: autoDraw = False
38.6557 	EXP 	text_2: autoDraw = False
38.6557 	EXP 	hasPeriphery_2: size = array([1.77777778, 1.        ])
38.6557 	EXP 	hasPeriphery_2: image = 'C:\\Users\\hesselmann\\Desktop\\PsychoPyUniformityIllusion\\UniformityIllusionPsychoPy\\Pics\\12a.png'
38.6557 	EXP 	noPeriphery_2: size = array([1.77777778, 1.        ])
38.6557 	EXP 	noPeriphery_2: image = 'C:\\Users\\hesselmann\\Desktop\\PsychoPyUniformityIllusion\\UniformityIllusionPsychoPy\\Pics\\12start.png'
38.6557 	EXP 	hasPeriphery_2: autoDraw = True
38.6557 	EXP 	hasPeriphery_2: texRes = 128.0
38.6557 	EXP 	noPeriphery_2: autoDraw = True
38.6557 	EXP 	noPeriphery_2: texRes = 128.0
38.6557 	EXP 	text_2: autoDraw = True
38.6557 	EXP 	hasPeriphery_2: autoDraw = False
38.6557 	EXP 	noPeriphery_2: autoDraw = False
38.6557 	EXP 	text_2: autoDraw = False
38.6557 	EXP 	hasPeriphery_2: size = array([1.77777778, 1.        ])
38.6557 	EXP 	hasPeriphery_2: image = 'C:\\Users\\hesselmann\\Desktop\\PsychoPyUniformityIllusion\\UniformityIllusionPsychoPy\\Pics\\12b.png'
38.6557 	EXP 	noPeriphery_2: size = array([1.77777778, 1.        ])
38.6557 	EXP 	noPeriphery_2: image = 'C:\\Users\\hesselmann\\Desktop\\PsychoPyUniformityIllusion\\UniformityIllusionPsychoPy\\Pics\\12start.png'
38.6557 	EXP 	hasPeriphery_2: autoDraw = True
38.6557 	EXP 	hasPeriphery_2: texRes = 128.0
38.6557 	EXP 	noPeriphery_2: autoDraw = True
38.6557 	EXP 	noPeriphery_2: texRes = 128.0
38.6557 	EXP 	text_2: autoDraw = True
38.6557 	EXP 	hasPeriphery_2: autoDraw = False
38.6557 	EXP 	noPeriphery_2: autoDraw = False
38.6557 	EXP 	text_2: autoDraw = False
38.6557 	EXP 	hasPeriphery_2: size = array([1.77777778, 1.        ])
38.6557 	EXP 	hasPeriphery_2: image = 'C:\\Users\\hesselmann\\Desktop\\PsychoPyUniformityIllusion\\UniformityIllusionPsychoPy\\Pics\\13a.png'
38.6557 	EXP 	noPeriphery_2: size = array([1.77777778, 1.        ])
38.6557 	EXP 	noPeriphery_2: image = 'C:\\Users\\hesselmann\\Desktop\\PsychoPyUniformityIllusion\\UniformityIllusionPsychoPy\\Pics\\13start.png'
38.6557 	EXP 	hasPeriphery_2: autoDraw = True
38.6557 	EXP 	hasPeriphery_2: texRes = 128.0
38.6557 	EXP 	noPeriphery_2: autoDraw = True
38.6557 	EXP 	noPeriphery_2: texRes = 128.0
38.6557 	EXP 	text_2: autoDraw = True
38.6557 	EXP 	hasPeriphery_2: autoDraw = False
38.6557 	EXP 	noPeriphery_2: autoDraw = False
38.6557 	EXP 	text_2: autoDraw = False
38.6557 	EXP 	hasPeriphery_2: size = array([1.77777778, 1.        ])
38.6557 	EXP 	hasPeriphery_2: image = 'C:\\Users\\hesselmann\\Desktop\\PsychoPyUniformityIllusion\\UniformityIllusionPsychoPy\\Pics\\13b.png'
38.6557 	EXP 	noPeriphery_2: size = array([1.77777778, 1.        ])
38.6557 	EXP 	noPeriphery_2: image = 'C:\\Users\\hesselmann\\Desktop\\PsychoPyUniformityIllusion\\UniformityIllusionPsychoPy\\Pics\\13start.png'
38.6557 	EXP 	hasPeriphery_2: autoDraw = True
38.6557 	EXP 	hasPeriphery_2: texRes = 128.0
38.6557 	EXP 	noPeriphery_2: autoDraw = True
38.6557 	EXP 	noPeriphery_2: texRes = 128.0
38.6557 	EXP 	text_2: autoDraw = True
38.6557 	EXP 	hasPeriphery_2: autoDraw = False
38.6557 	EXP 	noPeriphery_2: autoDraw = False
38.6557 	EXP 	text_2: autoDraw = False
38.6557 	EXP 	hasPeriphery_2: size = array([1.77777778, 1.        ])
38.6557 	EXP 	hasPeriphery_2: image = 'C:\\Users\\hesselmann\\Desktop\\PsychoPyUniformityIllusion\\UniformityIllusionPsychoPy\\Pics\\14a.png'
38.6557 	EXP 	noPeriphery_2: size = array([1.77777778, 1.        ])
38.6557 	EXP 	noPeriphery_2: image = 'C:\\Users\\hesselmann\\Desktop\\PsychoPyUniformityIllusion\\UniformityIllusionPsychoPy\\Pics\\14start.png'
38.6557 	EXP 	hasPeriphery_2: autoDraw = True
38.6557 	EXP 	hasPeriphery_2: texRes = 128.0
38.6557 	EXP 	noPeriphery_2: autoDraw = True
38.6557 	EXP 	noPeriphery_2: texRes = 128.0
38.6557 	EXP 	text_2: autoDraw = True
38.6557 	EXP 	hasPeriphery_2: autoDraw = False
38.6557 	EXP 	noPeriphery_2: autoDraw = False
38.6557 	EXP 	text_2: autoDraw = False
38.6557 	EXP 	hasPeriphery_2: size = array([1.77777778, 1.        ])
38.6557 	EXP 	hasPeriphery_2: image = 'C:\\Users\\hesselmann\\Desktop\\PsychoPyUniformityIllusion\\UniformityIllusionPsychoPy\\Pics\\14b.png'
38.6557 	EXP 	noPeriphery_2: size = array([1.77777778, 1.        ])
38.6557 	EXP 	noPeriphery_2: image = 'C:\\Users\\hesselmann\\Desktop\\PsychoPyUniformityIllusion\\UniformityIllusionPsychoPy\\Pics\\14start.png'
38.6557 	EXP 	hasPeriphery_2: autoDraw = True
38.6557 	EXP 	hasPeriphery_2: texRes = 128.0
38.6557 	EXP 	noPeriphery_2: autoDraw = True
38.6557 	EXP 	noPeriphery_2: texRes = 128.0
38.6557 	EXP 	text_2: autoDraw = True
38.6557 	EXP 	hasPeriphery_2: autoDraw = False
38.6557 	EXP 	noPeriphery_2: autoDraw = False
38.6557 	EXP 	text_2: autoDraw = False
38.6557 	EXP 	hasPeriphery_2: size = array([1.77777778, 1.        ])
38.6557 	EXP 	hasPeriphery_2: image = 'C:\\Users\\hesselmann\\Desktop\\PsychoPyUniformityIllusion\\UniformityIllusionPsychoPy\\Pics\\15a.png'
38.6557 	EXP 	noPeriphery_2: size = array([1.77777778, 1.        ])
38.6557 	EXP 	noPeriphery_2: image = 'C:\\Users\\hesselmann\\Desktop\\PsychoPyUniformityIllusion\\UniformityIllusionPsychoPy\\Pics\\15start.png'
38.6557 	EXP 	hasPeriphery_2: autoDraw = True
38.6557 	EXP 	hasPeriphery_2: texRes = 128.0
38.6557 	EXP 	noPeriphery_2: autoDraw = True
38.6557 	EXP 	noPeriphery_2: texRes = 128.0
38.6557 	EXP 	text_2: autoDraw = True
38.6557 	EXP 	hasPeriphery_2: autoDraw = False
38.6557 	EXP 	noPeriphery_2: autoDraw = False
38.6557 	EXP 	text_2: autoDraw = False
38.6557 	EXP 	hasPeriphery_2: size = array([1.77777778, 1.        ])
38.6557 	EXP 	hasPeriphery_2: image = 'C:\\Users\\hesselmann\\Desktop\\PsychoPyUniformityIllusion\\UniformityIllusionPsychoPy\\Pics\\15b.png'
38.6557 	EXP 	noPeriphery_2: size = array([1.77777778, 1.        ])
38.6557 	EXP 	noPeriphery_2: image = 'C:\\Users\\hesselmann\\Desktop\\PsychoPyUniformityIllusion\\UniformityIllusionPsychoPy\\Pics\\15start.png'
38.6557 	EXP 	hasPeriphery_2: autoDraw = True
38.6557 	EXP 	hasPeriphery_2: texRes = 128.0
38.6557 	EXP 	noPeriphery_2: autoDraw = True
38.6557 	EXP 	noPeriphery_2: texRes = 128.0
38.6557 	EXP 	text_2: autoDraw = True
38.8318 	EXP 	hasPeriphery_2: texRes = 128.0
38.8318 	EXP 	noPeriphery_2: texRes = 128.0
39.0067 	EXP 	hasPeriphery_2: texRes = 128.0
39.0067 	EXP 	noPeriphery_2: texRes = 128.0
39.1605 	EXP 	hasPeriphery_2: texRes = 128.0
39.1605 	EXP 	noPeriphery_2: texRes = 128.0
39.2693 	DATA 	Keypress: space
39.2932 	EXP 	hasPeriphery_2: texRes = 128.0
39.2932 	EXP 	noPeriphery_2: texRes = 128.0
39.2932 	EXP 	hasPeriphery_2: autoDraw = False
39.2932 	EXP 	noPeriphery_2: autoDraw = False
39.2932 	EXP 	text_2: autoDraw = False
39.6696 	EXP 	window1: mouseVisible = True
