1.6089 	WARNING 	We strongly recommend you activate the PTB sound engine in PsychoPy prefs as the preferred audio engine. Its timing is vastly superior. Your prefs are currently set to use ['sounddevice', 'PTB', 'pyo', 'pygame'] (in that order).
10.6554 	WARNING 	Couldn't measure a consistent frame rate.
  - Is your graphics card set to sync to vertical blank?
  - Are you running other processes on your computer?

10.6558 	EXP 	Created window1 = Window(allowGUI=False, allowStencil=False, autoLog=True, backendConf=UNKNOWN, bitsMode=UNKNOWN, blendMode='avg', bpc=(8, 8, 8), color=array([0, 0, 0]), colorSpace='rgb', depthBits=8, fullscr=<method-wrapper '__getattribute__' of attributeSetter object at 0x00000140D6DE6470>, gamma=None, gammaErrorPolicy='raise', lms=UNKNOWN, monitor=<psychopy.monitors.calibTools.Monitor object at 0x00000140D6EFE7F0>, multiSample=False, name='window1', numSamples=2, pos=[0.0, 0.0], screen=0, size=array([1920, 1080]), stencilBits=0, stereo=False, units='height', useFBO=True, useRetina=False, viewOri=0.0, viewPos=None, viewScale=None, waitBlanking=True, winType='pyglet')
10.6560 	EXP 	window1: mouseVisible = True
10.6560 	EXP 	window1: recordFrameIntervals = False
10.8866 	EXP 	window1: recordFrameIntervals = True
10.9710 	WARNING 	t of last frame was 34.40ms (=1/29)
11.0092 	WARNING 	t of last frame was 22.25ms (=1/44)
11.0392 	WARNING 	t of last frame was 29.96ms (=1/33)
11.0865 	WARNING 	t of last frame was 31.50ms (=1/31)
11.1310 	WARNING 	Multiple dropped frames have occurred - I'll stop bothering you about them!
12.9919 	WARNING 	Couldn't measure a consistent frame rate.
  - Is your graphics card set to sync to vertical blank?
  - Are you running other processes on your computer?

13.5770 	EXP 	Created WelcomeText = TextStim(__class__=<class 'psychopy.visual.text.TextStim'>, alignHoriz=method-wrapper(...), alignText='center', alignVert=method-wrapper(...), anchorHoriz='center', anchorVert='center', antialias=True, autoLog=True, bold=False, color=array([1, 1, 1]), colorSpace='rgb', contrast=1.0, depth=0.0, flipHoriz=False, flipVert=False, font='Open Sans', fontFiles=[], height=0.1, italic=False, languageStyle='LTR', name='WelcomeText', opacity=1, ori=0.0, pos=array([0., 0.]), rgb=UNKNOWN, text='Welcome to our Study!', units='height', win=Window(...), wrapWidth=1)
13.6001 	EXP 	Imported depression.xlsx as conditions, 2 conditions, 12 params
13.6031 	EXP 	Question text: Sadness
13.6294 	EXP 	window1: mouseVisible = True
13.6802 	EXP 	Question text: Pessimism
13.6888 	EXP 	window1: mouseVisible = True
13.7349 	EXP 	window1: mouseVisible = True
13.7410 	EXP 	Created unnamed Rect = Rect(__class__=<class 'psychopy.visual.rect.Rect'>, autoDraw=False, autoLog=True, closeShape=True, color=method-wrapper(...), colorSpace='rgb', contrast=None, depth=0, fillColor=array([0, 0, 0]), fillColorSpace='rgb', fillRGB=UNKNOWN, interpolate=True, lineColor=array([0, 0, 0]), lineColorSpace='rgb', lineRGB=UNKNOWN, lineWidth=1.5, name='unnamed Rect', opacity=0, ori=0.0, pos=array([0., 0.]), size=array([0., 0.]), units='height', vertices=ndarray(...), win=Window(...))
13.7498 	EXP 	Created DepressionQuestionnaire = <psychopy.visual.form.Form object at 0x00000140D9BC9BA8>
13.7877 	EXP 	window1: mouseVisible = True
13.8541 	EXP 	Created instructionsText = TextStim(__class__=<class 'psychopy.visual.text.TextStim'>, alignHoriz=method-wrapper(...), alignText='center', alignVert=method-wrapper(...), anchorHoriz='center', anchorVert='center', antialias=True, autoLog=True, bold=False, color=array([1, 1, 1]), colorSpace='rgb', contrast=1.0, depth=0.0, flipHoriz=False, flipVert=False, font='Open Sans', fontFiles=[], height=0.04, italic=False, languageStyle='LTR', name='instructionsText', opacity=1, ori=0.0, pos=array([0., 0.]), rgb=UNKNOWN, text=str(...), units='height', win=Window(...), wrapWidth=1)
13.8575 	EXP 	Created hasPeriphery = ImageStim(__class__=<class 'psychopy.visual.image.ImageStim'>, autoLog=True, color=array([1, 1, 1]), colorSpace='rgb', contrast=1.0, depth=0.0, flipHoriz=False, flipVert=False, image='sin', interpolate=True, mask=None, maskParams=None, name='hasPeriphery', opacity=1.0, ori=0.0, pos=array([0., 0.]), size=array([0.5, 0.5]), texRes=128.0, units='height', win=Window(...))
13.8608 	EXP 	Created noPeriphery = ImageStim(__class__=<class 'psychopy.visual.image.ImageStim'>, autoLog=True, color=array([1, 1, 1]), colorSpace='rgb', contrast=1.0, depth=-2.0, flipHoriz=False, flipVert=False, image='sin', interpolate=True, mask=None, maskParams=None, name='noPeriphery', opacity=1.0, ori=0.0, pos=array([0., 0.]), size=array([0.5, 0.5]), texRes=128.0, units='height', win=Window(...))
13.8680 	EXP 	Created text = TextStim(__class__=<class 'psychopy.visual.text.TextStim'>, alignHoriz=method-wrapper(...), alignText='center', alignVert=method-wrapper(...), anchorHoriz='center', anchorVert='center', antialias=True, autoLog=True, bold=False, color=array([ 1, -1, -1]), colorSpace='rgb', contrast=1.0, depth=-3.0, flipHoriz=False, flipVert=False, font='Open Sans', fontFiles=[], height=0.1, italic=False, languageStyle='LTR', name='text', opacity=1, ori=0.0, pos=array([0., 0.]), rgb=UNKNOWN, text='+', units='height', win=Window(...), wrapWidth=1)
13.8907 	EXP 	Created WelcomeText = TextStim(__class__=<class 'psychopy.visual.text.TextStim'>, alignHoriz=method-wrapper(...), alignText='center', alignVert=method-wrapper(...), anchorHoriz='center', anchorVert='center', antialias=True, autoLog=True, bold=False, color=array([1, 1, 1]), colorSpace='rgb', contrast=1.0, depth=0.0, flipHoriz=False, flipVert=False, font='Open Sans', fontFiles=[], height=0.1, italic=False, languageStyle='LTR', name='WelcomeText', opacity=1, ori=0.0, pos=array([0., 0.]), rgb=UNKNOWN, text='Welcome to our Study!', units='height', win=Window(...), wrapWidth=1)
13.8947 	EXP 	Created hasPeriphery_2 = ImageStim(__class__=<class 'psychopy.visual.image.ImageStim'>, autoLog=True, color=array([1, 1, 1]), colorSpace='rgb', contrast=1.0, depth=0.0, flipHoriz=False, flipVert=False, image='sin', interpolate=True, mask=None, maskParams=None, name='hasPeriphery_2', opacity=1.0, ori=0.0, pos=array([0., 0.]), size=array([0.5, 0.5]), texRes=128.0, units='height', win=Window(...))
13.8982 	EXP 	Created noPeriphery_2 = ImageStim(__class__=<class 'psychopy.visual.image.ImageStim'>, autoLog=True, color=array([1, 1, 1]), colorSpace='rgb', contrast=1.0, depth=-2.0, flipHoriz=False, flipVert=False, image='sin', interpolate=True, mask=None, maskParams=None, name='noPeriphery_2', opacity=1.0, ori=0.0, pos=array([0., 0.]), size=array([0.5, 0.5]), texRes=128.0, units='height', win=Window(...))
13.9007 	EXP 	Created text_2 = TextStim(__class__=<class 'psychopy.visual.text.TextStim'>, alignHoriz=method-wrapper(...), alignText='center', alignVert=method-wrapper(...), anchorHoriz='center', anchorVert='center', antialias=True, autoLog=True, bold=False, color=array([ 1, -1, -1]), colorSpace='rgb', contrast=1.0, depth=-3.0, flipHoriz=False, flipVert=False, font='Open Sans', fontFiles=[], height=0.1, italic=False, languageStyle='LTR', name='text_2', opacity=1, ori=0.0, pos=array([0., 0.]), rgb=UNKNOWN, text='+', units='height', win=Window(...), wrapWidth=1)
13.9527 	EXP 	unnamed Form: autoLog = True
13.9527 	EXP 	DepressionQuestionnaire: name = 'DepressionQuestionnaire'
13.9527 	EXP 	DepressionQuestionnaire: size = (3.5, 1)
13.9527 	EXP 	DepressionQuestionnaire: size = array([3.5, 1. ])
13.9527 	EXP 	DepressionQuestionnaire: units = 'height'
13.9527 	EXP 	DepressionQuestionnaire: depth = 0
13.9527 	EXP 	WelcomeText: autoDraw = True
15.9692 	EXP 	WelcomeText: autoDraw = False
15.9692 	EXP 	DepressionQuestionnaire: autoDraw = True
18.3199 	DATA 	Mouse: Left button down, pos=(854,35)
18.3524 	EXP 	DepressionQuestionnaire: autoDraw = False
18.3524 	EXP 	instructionsText: autoDraw = True
18.4244 	DATA 	Mouse:  Left button up, pos=(854,35)
19.5038 	EXP 	Imported picPaths.xlsx as conditions, 6 conditions, 3 params
19.5042 	EXP 	Created sequence: sequential, trialTypes=6, nReps=1, seed=None
19.5045 	EXP 	New trial (rep=0, index=0): {'startImage': 'C:\\Users\\hesselmann\\Desktop\\PsychoPyUniformityIllusion\\UniformityIllusionPsychoPy\\Pics\\1start.png', 'endImage': 'C:\\Users\\hesselmann\\Desktop\\PsychoPyUniformityIllusion\\UniformityIllusionPsychoPy\\Pics\\1a.png', 'AB': 'a'}
19.7746 	DATA 	Keypress: space
19.7749 	DATA 	Keypress: v
19.8281 	EXP 	instructionsText: autoDraw = False
19.8281 	EXP 	hasPeriphery: size = array([1.77777778, 1.        ])
19.8281 	EXP 	hasPeriphery: image = 'C:\\Users\\hesselmann\\Desktop\\PsychoPyUniformityIllusion\\UniformityIllusionPsychoPy\\Pics\\1a.png'
19.8281 	EXP 	noPeriphery: size = array([1.77777778, 1.        ])
19.8281 	EXP 	noPeriphery: image = 'C:\\Users\\hesselmann\\Desktop\\PsychoPyUniformityIllusion\\UniformityIllusionPsychoPy\\Pics\\1start.png'
19.8281 	EXP 	hasPeriphery: autoDraw = True
19.8281 	EXP 	hasPeriphery: texRes = 128.0
19.8281 	EXP 	noPeriphery: autoDraw = True
19.8281 	EXP 	noPeriphery: texRes = 128.0
19.8281 	EXP 	text: autoDraw = True
20.0191 	EXP 	hasPeriphery: texRes = 128.0
20.0191 	EXP 	noPeriphery: texRes = 128.0
20.2368 	EXP 	hasPeriphery: texRes = 128.0
20.2368 	EXP 	noPeriphery: texRes = 128.0
20.4579 	EXP 	hasPeriphery: texRes = 128.0
20.4579 	EXP 	noPeriphery: texRes = 128.0
20.6232 	DATA 	Keypress: space
20.6688 	EXP 	hasPeriphery: texRes = 128.0
20.6688 	EXP 	noPeriphery: texRes = 128.0
20.8103 	EXP 	New trial (rep=0, index=1): {'startImage': 'C:\\Users\\hesselmann\\Desktop\\PsychoPyUniformityIllusion\\UniformityIllusionPsychoPy\\Pics\\1start.png', 'endImage': 'C:\\Users\\hesselmann\\Desktop\\PsychoPyUniformityIllusion\\UniformityIllusionPsychoPy\\Pics\\1b.png', 'AB': 'b'}
21.0178 	EXP 	New trial (rep=0, index=2): {'startImage': 'C:\\Users\\hesselmann\\Desktop\\PsychoPyUniformityIllusion\\UniformityIllusionPsychoPy\\Pics\\2start.png', 'endImage': 'C:\\Users\\hesselmann\\Desktop\\PsychoPyUniformityIllusion\\UniformityIllusionPsychoPy\\Pics\\2a.png', 'AB': 'a'}
21.1896 	DATA 	Keypress: space
21.2416 	EXP 	hasPeriphery: texRes = 128.0
21.2416 	EXP 	noPeriphery: texRes = 128.0
21.2416 	EXP 	hasPeriphery: autoDraw = False
21.2416 	EXP 	noPeriphery: autoDraw = False
21.2416 	EXP 	text: autoDraw = False
21.2416 	EXP 	hasPeriphery: size = array([1.77777778, 1.        ])
21.2416 	EXP 	hasPeriphery: image = 'C:\\Users\\hesselmann\\Desktop\\PsychoPyUniformityIllusion\\UniformityIllusionPsychoPy\\Pics\\1b.png'
21.2416 	EXP 	noPeriphery: size = array([1.77777778, 1.        ])
21.2416 	EXP 	noPeriphery: image = 'C:\\Users\\hesselmann\\Desktop\\PsychoPyUniformityIllusion\\UniformityIllusionPsychoPy\\Pics\\1start.png'
21.2416 	EXP 	hasPeriphery: autoDraw = True
21.2416 	EXP 	hasPeriphery: texRes = 128.0
21.2416 	EXP 	noPeriphery: autoDraw = True
21.2416 	EXP 	noPeriphery: texRes = 128.0
21.2416 	EXP 	text: autoDraw = True
21.2416 	EXP 	hasPeriphery: autoDraw = False
21.2416 	EXP 	noPeriphery: autoDraw = False
21.2416 	EXP 	text: autoDraw = False
21.2416 	EXP 	hasPeriphery: size = array([1.77777778, 1.        ])
21.2416 	EXP 	hasPeriphery: image = 'C:\\Users\\hesselmann\\Desktop\\PsychoPyUniformityIllusion\\UniformityIllusionPsychoPy\\Pics\\2a.png'
21.2416 	EXP 	noPeriphery: size = array([1.77777778, 1.        ])
21.2416 	EXP 	noPeriphery: image = 'C:\\Users\\hesselmann\\Desktop\\PsychoPyUniformityIllusion\\UniformityIllusionPsychoPy\\Pics\\2start.png'
21.2416 	EXP 	hasPeriphery: autoDraw = True
21.2416 	EXP 	hasPeriphery: texRes = 128.0
21.2416 	EXP 	noPeriphery: autoDraw = True
21.2416 	EXP 	noPeriphery: texRes = 128.0
21.2416 	EXP 	text: autoDraw = True
21.3855 	EXP 	hasPeriphery: texRes = 128.0
21.3855 	EXP 	noPeriphery: texRes = 128.0
21.5546 	EXP 	hasPeriphery: texRes = 128.0
21.5546 	EXP 	noPeriphery: texRes = 128.0
21.7025 	EXP 	hasPeriphery: texRes = 128.0
21.7025 	EXP 	noPeriphery: texRes = 128.0
21.8221 	EXP 	New trial (rep=0, index=3): {'startImage': 'C:\\Users\\hesselmann\\Desktop\\PsychoPyUniformityIllusion\\UniformityIllusionPsychoPy\\Pics\\2start.png', 'endImage': 'C:\\Users\\hesselmann\\Desktop\\PsychoPyUniformityIllusion\\UniformityIllusionPsychoPy\\Pics\\2b.png', 'AB': 'b'}
21.9923 	DATA 	Keypress: space
22.0409 	EXP 	hasPeriphery: texRes = 128.0
22.0409 	EXP 	noPeriphery: texRes = 128.0
22.0409 	EXP 	hasPeriphery: autoDraw = False
22.0409 	EXP 	noPeriphery: autoDraw = False
22.0409 	EXP 	text: autoDraw = False
22.0409 	EXP 	hasPeriphery: size = array([1.77777778, 1.        ])
22.0409 	EXP 	hasPeriphery: image = 'C:\\Users\\hesselmann\\Desktop\\PsychoPyUniformityIllusion\\UniformityIllusionPsychoPy\\Pics\\2b.png'
22.0409 	EXP 	noPeriphery: size = array([1.77777778, 1.        ])
22.0409 	EXP 	noPeriphery: image = 'C:\\Users\\hesselmann\\Desktop\\PsychoPyUniformityIllusion\\UniformityIllusionPsychoPy\\Pics\\2start.png'
22.0409 	EXP 	hasPeriphery: autoDraw = True
22.0409 	EXP 	hasPeriphery: texRes = 128.0
22.0409 	EXP 	noPeriphery: autoDraw = True
22.0409 	EXP 	noPeriphery: texRes = 128.0
22.0409 	EXP 	text: autoDraw = True
22.1876 	EXP 	hasPeriphery: texRes = 128.0
22.1876 	EXP 	noPeriphery: texRes = 128.0
22.2872 	EXP 	New trial (rep=0, index=4): {'startImage': 'C:\\Users\\hesselmann\\Desktop\\PsychoPyUniformityIllusion\\UniformityIllusionPsychoPy\\Pics\\3start.png', 'endImage': 'C:\\Users\\hesselmann\\Desktop\\PsychoPyUniformityIllusion\\UniformityIllusionPsychoPy\\Pics\\3a.png', 'AB': 'a'}
22.4929 	DATA 	Keypress: space
22.5378 	EXP 	hasPeriphery: texRes = 128.0
22.5378 	EXP 	noPeriphery: texRes = 128.0
22.5378 	EXP 	hasPeriphery: autoDraw = False
22.5378 	EXP 	noPeriphery: autoDraw = False
22.5378 	EXP 	text: autoDraw = False
22.5378 	EXP 	hasPeriphery: size = array([1.77777778, 1.        ])
22.5378 	EXP 	hasPeriphery: image = 'C:\\Users\\hesselmann\\Desktop\\PsychoPyUniformityIllusion\\UniformityIllusionPsychoPy\\Pics\\3a.png'
22.5378 	EXP 	noPeriphery: size = array([1.77777778, 1.        ])
22.5378 	EXP 	noPeriphery: image = 'C:\\Users\\hesselmann\\Desktop\\PsychoPyUniformityIllusion\\UniformityIllusionPsychoPy\\Pics\\3start.png'
22.5378 	EXP 	hasPeriphery: autoDraw = True
22.5378 	EXP 	hasPeriphery: texRes = 128.0
22.5378 	EXP 	noPeriphery: autoDraw = True
22.5378 	EXP 	noPeriphery: texRes = 128.0
22.5378 	EXP 	text: autoDraw = True
22.6853 	EXP 	hasPeriphery: texRes = 128.0
22.6853 	EXP 	noPeriphery: texRes = 128.0
22.8012 	EXP 	New trial (rep=0, index=5): {'startImage': 'C:\\Users\\hesselmann\\Desktop\\PsychoPyUniformityIllusion\\UniformityIllusionPsychoPy\\Pics\\3start.png', 'endImage': 'C:\\Users\\hesselmann\\Desktop\\PsychoPyUniformityIllusion\\UniformityIllusionPsychoPy\\Pics\\3b.png', 'AB': 'b'}
23.0063 	DATA 	Keypress: space
23.0604 	EXP 	hasPeriphery: texRes = 128.0
23.0604 	EXP 	noPeriphery: texRes = 128.0
23.0604 	EXP 	hasPeriphery: autoDraw = False
23.0604 	EXP 	noPeriphery: autoDraw = False
23.0604 	EXP 	text: autoDraw = False
23.0604 	EXP 	hasPeriphery: size = array([1.77777778, 1.        ])
23.0604 	EXP 	hasPeriphery: image = 'C:\\Users\\hesselmann\\Desktop\\PsychoPyUniformityIllusion\\UniformityIllusionPsychoPy\\Pics\\3b.png'
23.0604 	EXP 	noPeriphery: size = array([1.77777778, 1.        ])
23.0604 	EXP 	noPeriphery: image = 'C:\\Users\\hesselmann\\Desktop\\PsychoPyUniformityIllusion\\UniformityIllusionPsychoPy\\Pics\\3start.png'
23.0604 	EXP 	hasPeriphery: autoDraw = True
23.0604 	EXP 	hasPeriphery: texRes = 128.0
23.0604 	EXP 	noPeriphery: autoDraw = True
23.0604 	EXP 	noPeriphery: texRes = 128.0
23.0604 	EXP 	text: autoDraw = True
23.1639 	DATA 	Keypress: space
23.2165 	EXP 	hasPeriphery: texRes = 128.0
23.2165 	EXP 	noPeriphery: texRes = 128.0
23.3526 	EXP 	hasPeriphery: texRes = 128.0
23.3526 	EXP 	noPeriphery: texRes = 128.0
23.3526 	EXP 	hasPeriphery: autoDraw = False
23.3526 	EXP 	noPeriphery: autoDraw = False
23.3526 	EXP 	text: autoDraw = False
23.3526 	EXP 	WelcomeText: autoDraw = True
23.7440 	DATA 	Keypress: space
25.3734 	EXP 	Imported picPaths.xlsx as conditions, 24 conditions, 3 params
25.3738 	EXP 	Created sequence: sequential, trialTypes=24, nReps=1, seed=None
25.3769 	EXP 	New trial (rep=0, index=0): {'startImage': 'C:\\Users\\hesselmann\\Desktop\\PsychoPyUniformityIllusion\\UniformityIllusionPsychoPy\\Pics\\4start.png', 'endImage': 'C:\\Users\\hesselmann\\Desktop\\PsychoPyUniformityIllusion\\UniformityIllusionPsychoPy\\Pics\\4a.png', 'AB': 'a'}
25.6528 	EXP 	WelcomeText: autoDraw = False
25.6528 	EXP 	hasPeriphery_2: size = array([1.77777778, 1.        ])
25.6528 	EXP 	hasPeriphery_2: image = 'C:\\Users\\hesselmann\\Desktop\\PsychoPyUniformityIllusion\\UniformityIllusionPsychoPy\\Pics\\4a.png'
25.6528 	EXP 	noPeriphery_2: size = array([1.77777778, 1.        ])
25.6528 	EXP 	noPeriphery_2: image = 'C:\\Users\\hesselmann\\Desktop\\PsychoPyUniformityIllusion\\UniformityIllusionPsychoPy\\Pics\\4start.png'
25.6528 	EXP 	hasPeriphery_2: autoDraw = True
25.6528 	EXP 	hasPeriphery_2: texRes = 128.0
25.6528 	EXP 	noPeriphery_2: autoDraw = True
25.6528 	EXP 	noPeriphery_2: texRes = 128.0
25.6528 	EXP 	text_2: autoDraw = True
25.8227 	EXP 	hasPeriphery_2: texRes = 128.0
25.8227 	EXP 	noPeriphery_2: texRes = 128.0
26.0050 	EXP 	hasPeriphery_2: texRes = 128.0
26.0050 	EXP 	noPeriphery_2: texRes = 128.0
26.1967 	EXP 	hasPeriphery_2: texRes = 128.0
26.1967 	EXP 	noPeriphery_2: texRes = 128.0
26.3301 	EXP 	New trial (rep=0, index=1): {'startImage': 'C:\\Users\\hesselmann\\Desktop\\PsychoPyUniformityIllusion\\UniformityIllusionPsychoPy\\Pics\\4start.png', 'endImage': 'C:\\Users\\hesselmann\\Desktop\\PsychoPyUniformityIllusion\\UniformityIllusionPsychoPy\\Pics\\4b.png', 'AB': 'b'}
26.5540 	DATA 	Keypress: space
26.5558 	DATA 	Keypress: space
26.6079 	EXP 	hasPeriphery_2: texRes = 128.0
26.6079 	EXP 	noPeriphery_2: texRes = 128.0
26.6079 	EXP 	hasPeriphery_2: autoDraw = False
26.6079 	EXP 	noPeriphery_2: autoDraw = False
26.6079 	EXP 	text_2: autoDraw = False
26.6079 	EXP 	hasPeriphery_2: size = array([1.77777778, 1.        ])
26.6079 	EXP 	hasPeriphery_2: image = 'C:\\Users\\hesselmann\\Desktop\\PsychoPyUniformityIllusion\\UniformityIllusionPsychoPy\\Pics\\4b.png'
26.6079 	EXP 	noPeriphery_2: size = array([1.77777778, 1.        ])
26.6079 	EXP 	noPeriphery_2: image = 'C:\\Users\\hesselmann\\Desktop\\PsychoPyUniformityIllusion\\UniformityIllusionPsychoPy\\Pics\\4start.png'
26.6079 	EXP 	hasPeriphery_2: autoDraw = True
26.6079 	EXP 	hasPeriphery_2: texRes = 128.0
26.6079 	EXP 	noPeriphery_2: autoDraw = True
26.6079 	EXP 	noPeriphery_2: texRes = 128.0
26.6079 	EXP 	text_2: autoDraw = True
26.7563 	EXP 	hasPeriphery_2: texRes = 128.0
26.7563 	EXP 	noPeriphery_2: texRes = 128.0
26.8674 	EXP 	New trial (rep=0, index=2): {'startImage': 'C:\\Users\\hesselmann\\Desktop\\PsychoPyUniformityIllusion\\UniformityIllusionPsychoPy\\Pics\\5start.png', 'endImage': 'C:\\Users\\hesselmann\\Desktop\\PsychoPyUniformityIllusion\\UniformityIllusionPsychoPy\\Pics\\5a.png', 'AB': 'a'}
27.1331 	DATA 	Keypress: space
27.1334 	DATA 	Keypress: space
27.1875 	EXP 	hasPeriphery_2: texRes = 128.0
27.1875 	EXP 	noPeriphery_2: texRes = 128.0
27.1875 	EXP 	hasPeriphery_2: autoDraw = False
27.1875 	EXP 	noPeriphery_2: autoDraw = False
27.1875 	EXP 	text_2: autoDraw = False
27.1875 	EXP 	hasPeriphery_2: size = array([1.77777778, 1.        ])
27.1875 	EXP 	hasPeriphery_2: image = 'C:\\Users\\hesselmann\\Desktop\\PsychoPyUniformityIllusion\\UniformityIllusionPsychoPy\\Pics\\5a.png'
27.1875 	EXP 	noPeriphery_2: size = array([1.77777778, 1.        ])
27.1875 	EXP 	noPeriphery_2: image = 'C:\\Users\\hesselmann\\Desktop\\PsychoPyUniformityIllusion\\UniformityIllusionPsychoPy\\Pics\\5start.png'
27.1875 	EXP 	hasPeriphery_2: autoDraw = True
27.1875 	EXP 	hasPeriphery_2: texRes = 128.0
27.1875 	EXP 	noPeriphery_2: autoDraw = True
27.1875 	EXP 	noPeriphery_2: texRes = 128.0
27.1875 	EXP 	text_2: autoDraw = True
27.3852 	EXP 	hasPeriphery_2: texRes = 128.0
27.3852 	EXP 	noPeriphery_2: texRes = 128.0
27.5566 	EXP 	New trial (rep=0, index=3): {'startImage': 'C:\\Users\\hesselmann\\Desktop\\PsychoPyUniformityIllusion\\UniformityIllusionPsychoPy\\Pics\\5start.png', 'endImage': 'C:\\Users\\hesselmann\\Desktop\\PsychoPyUniformityIllusion\\UniformityIllusionPsychoPy\\Pics\\5b.png', 'AB': 'b'}
27.7937 	DATA 	Keypress: space
27.7941 	DATA 	Keypress: space
27.8368 	EXP 	hasPeriphery_2: texRes = 128.0
27.8368 	EXP 	noPeriphery_2: texRes = 128.0
27.8368 	EXP 	hasPeriphery_2: autoDraw = False
27.8368 	EXP 	noPeriphery_2: autoDraw = False
27.8368 	EXP 	text_2: autoDraw = False
27.8368 	EXP 	hasPeriphery_2: size = array([1.77777778, 1.        ])
27.8368 	EXP 	hasPeriphery_2: image = 'C:\\Users\\hesselmann\\Desktop\\PsychoPyUniformityIllusion\\UniformityIllusionPsychoPy\\Pics\\5b.png'
27.8368 	EXP 	noPeriphery_2: size = array([1.77777778, 1.        ])
27.8368 	EXP 	noPeriphery_2: image = 'C:\\Users\\hesselmann\\Desktop\\PsychoPyUniformityIllusion\\UniformityIllusionPsychoPy\\Pics\\5start.png'
27.8368 	EXP 	hasPeriphery_2: autoDraw = True
27.8368 	EXP 	hasPeriphery_2: texRes = 128.0
27.8368 	EXP 	noPeriphery_2: autoDraw = True
27.8368 	EXP 	noPeriphery_2: texRes = 128.0
27.8368 	EXP 	text_2: autoDraw = True
28.0181 	EXP 	hasPeriphery_2: texRes = 128.0
28.0181 	EXP 	noPeriphery_2: texRes = 128.0
28.1716 	EXP 	New trial (rep=0, index=4): {'startImage': 'C:\\Users\\hesselmann\\Desktop\\PsychoPyUniformityIllusion\\UniformityIllusionPsychoPy\\Pics\\6start.png', 'endImage': 'C:\\Users\\hesselmann\\Desktop\\PsychoPyUniformityIllusion\\UniformityIllusionPsychoPy\\Pics\\6a.png', 'AB': 'a'}
28.3909 	DATA 	Keypress: space
28.4397 	EXP 	hasPeriphery_2: texRes = 128.0
28.4397 	EXP 	noPeriphery_2: texRes = 128.0
28.4397 	EXP 	hasPeriphery_2: autoDraw = False
28.4397 	EXP 	noPeriphery_2: autoDraw = False
28.4397 	EXP 	text_2: autoDraw = False
28.4397 	EXP 	hasPeriphery_2: size = array([1.77777778, 1.        ])
28.4397 	EXP 	hasPeriphery_2: image = 'C:\\Users\\hesselmann\\Desktop\\PsychoPyUniformityIllusion\\UniformityIllusionPsychoPy\\Pics\\6a.png'
28.4397 	EXP 	noPeriphery_2: size = array([1.77777778, 1.        ])
28.4397 	EXP 	noPeriphery_2: image = 'C:\\Users\\hesselmann\\Desktop\\PsychoPyUniformityIllusion\\UniformityIllusionPsychoPy\\Pics\\6start.png'
28.4397 	EXP 	hasPeriphery_2: autoDraw = True
28.4397 	EXP 	hasPeriphery_2: texRes = 128.0
28.4397 	EXP 	noPeriphery_2: autoDraw = True
28.4397 	EXP 	noPeriphery_2: texRes = 128.0
28.4397 	EXP 	text_2: autoDraw = True
28.6058 	EXP 	hasPeriphery_2: texRes = 128.0
28.6058 	EXP 	noPeriphery_2: texRes = 128.0
28.7338 	EXP 	New trial (rep=0, index=5): {'startImage': 'C:\\Users\\hesselmann\\Desktop\\PsychoPyUniformityIllusion\\UniformityIllusionPsychoPy\\Pics\\6start.png', 'endImage': 'C:\\Users\\hesselmann\\Desktop\\PsychoPyUniformityIllusion\\UniformityIllusionPsychoPy\\Pics\\6b.png', 'AB': 'b'}
28.9312 	DATA 	Keypress: space
28.9855 	EXP 	hasPeriphery_2: texRes = 128.0
28.9855 	EXP 	noPeriphery_2: texRes = 128.0
28.9855 	EXP 	hasPeriphery_2: autoDraw = False
28.9855 	EXP 	noPeriphery_2: autoDraw = False
28.9855 	EXP 	text_2: autoDraw = False
28.9855 	EXP 	hasPeriphery_2: size = array([1.77777778, 1.        ])
28.9855 	EXP 	hasPeriphery_2: image = 'C:\\Users\\hesselmann\\Desktop\\PsychoPyUniformityIllusion\\UniformityIllusionPsychoPy\\Pics\\6b.png'
28.9855 	EXP 	noPeriphery_2: size = array([1.77777778, 1.        ])
28.9855 	EXP 	noPeriphery_2: image = 'C:\\Users\\hesselmann\\Desktop\\PsychoPyUniformityIllusion\\UniformityIllusionPsychoPy\\Pics\\6start.png'
28.9855 	EXP 	hasPeriphery_2: autoDraw = True
28.9855 	EXP 	hasPeriphery_2: texRes = 128.0
28.9855 	EXP 	noPeriphery_2: autoDraw = True
28.9855 	EXP 	noPeriphery_2: texRes = 128.0
28.9855 	EXP 	text_2: autoDraw = True
29.0825 	EXP 	New trial (rep=0, index=6): {'startImage': 'C:\\Users\\hesselmann\\Desktop\\PsychoPyUniformityIllusion\\UniformityIllusionPsychoPy\\Pics\\7start.png', 'endImage': 'C:\\Users\\hesselmann\\Desktop\\PsychoPyUniformityIllusion\\UniformityIllusionPsychoPy\\Pics\\7a.png', 'AB': None}
29.3532 	DATA 	Keypress: space
29.4014 	EXP 	hasPeriphery_2: texRes = 128.0
29.4014 	EXP 	noPeriphery_2: texRes = 128.0
29.4014 	EXP 	hasPeriphery_2: autoDraw = False
29.4014 	EXP 	noPeriphery_2: autoDraw = False
29.4014 	EXP 	text_2: autoDraw = False
29.4014 	EXP 	hasPeriphery_2: size = array([1.77777778, 1.        ])
29.4014 	EXP 	hasPeriphery_2: image = 'C:\\Users\\hesselmann\\Desktop\\PsychoPyUniformityIllusion\\UniformityIllusionPsychoPy\\Pics\\7a.png'
29.4014 	EXP 	noPeriphery_2: size = array([1.77777778, 1.        ])
29.4014 	EXP 	noPeriphery_2: image = 'C:\\Users\\hesselmann\\Desktop\\PsychoPyUniformityIllusion\\UniformityIllusionPsychoPy\\Pics\\7start.png'
29.4014 	EXP 	hasPeriphery_2: autoDraw = True
29.4014 	EXP 	hasPeriphery_2: texRes = 128.0
29.4014 	EXP 	noPeriphery_2: autoDraw = True
29.4014 	EXP 	noPeriphery_2: texRes = 128.0
29.4014 	EXP 	text_2: autoDraw = True
29.5851 	EXP 	hasPeriphery_2: texRes = 128.0
29.5851 	EXP 	noPeriphery_2: texRes = 128.0
29.7582 	DATA 	Keypress: space
29.8022 	EXP 	hasPeriphery_2: texRes = 128.0
29.8022 	EXP 	noPeriphery_2: texRes = 128.0
29.9566 	EXP 	New trial (rep=0, index=7): {'startImage': 'C:\\Users\\hesselmann\\Desktop\\PsychoPyUniformityIllusion\\UniformityIllusionPsychoPy\\Pics\\7start.png', 'endImage': 'C:\\Users\\hesselmann\\Desktop\\PsychoPyUniformityIllusion\\UniformityIllusionPsychoPy\\Pics\\7b.png', 'AB': None}
30.2243 	EXP 	hasPeriphery_2: texRes = 128.0
30.2243 	EXP 	noPeriphery_2: texRes = 128.0
30.2243 	EXP 	hasPeriphery_2: autoDraw = False
30.2243 	EXP 	noPeriphery_2: autoDraw = False
30.2243 	EXP 	text_2: autoDraw = False
30.2243 	EXP 	hasPeriphery_2: size = array([1.77777778, 1.        ])
30.2243 	EXP 	hasPeriphery_2: image = 'C:\\Users\\hesselmann\\Desktop\\PsychoPyUniformityIllusion\\UniformityIllusionPsychoPy\\Pics\\7b.png'
30.2243 	EXP 	noPeriphery_2: size = array([1.77777778, 1.        ])
30.2243 	EXP 	noPeriphery_2: image = 'C:\\Users\\hesselmann\\Desktop\\PsychoPyUniformityIllusion\\UniformityIllusionPsychoPy\\Pics\\7start.png'
30.2243 	EXP 	hasPeriphery_2: autoDraw = True
30.2243 	EXP 	hasPeriphery_2: texRes = 128.0
30.2243 	EXP 	noPeriphery_2: autoDraw = True
30.2243 	EXP 	noPeriphery_2: texRes = 128.0
30.2243 	EXP 	text_2: autoDraw = True
30.3509 	DATA 	Keypress: space
30.4050 	EXP 	hasPeriphery_2: texRes = 128.0
30.4050 	EXP 	noPeriphery_2: texRes = 128.0
30.5406 	EXP 	New trial (rep=0, index=8): {'startImage': 'C:\\Users\\hesselmann\\Desktop\\PsychoPyUniformityIllusion\\UniformityIllusionPsychoPy\\Pics\\8start.png', 'endImage': 'C:\\Users\\hesselmann\\Desktop\\PsychoPyUniformityIllusion\\UniformityIllusionPsychoPy\\Pics\\8a.png', 'AB': None}
30.7899 	EXP 	hasPeriphery_2: texRes = 128.0
30.7899 	EXP 	noPeriphery_2: texRes = 128.0
30.7899 	EXP 	hasPeriphery_2: autoDraw = False
30.7899 	EXP 	noPeriphery_2: autoDraw = False
30.7899 	EXP 	text_2: autoDraw = False
30.7899 	EXP 	hasPeriphery_2: size = array([1.77777778, 1.        ])
30.7899 	EXP 	hasPeriphery_2: image = 'C:\\Users\\hesselmann\\Desktop\\PsychoPyUniformityIllusion\\UniformityIllusionPsychoPy\\Pics\\8a.png'
30.7899 	EXP 	noPeriphery_2: size = array([1.77777778, 1.        ])
30.7899 	EXP 	noPeriphery_2: image = 'C:\\Users\\hesselmann\\Desktop\\PsychoPyUniformityIllusion\\UniformityIllusionPsychoPy\\Pics\\8start.png'
30.7899 	EXP 	hasPeriphery_2: autoDraw = True
30.7899 	EXP 	hasPeriphery_2: texRes = 128.0
30.7899 	EXP 	noPeriphery_2: autoDraw = True
30.7899 	EXP 	noPeriphery_2: texRes = 128.0
30.7899 	EXP 	text_2: autoDraw = True
30.8959 	EXP 	New trial (rep=0, index=9): {'startImage': 'C:\\Users\\hesselmann\\Desktop\\PsychoPyUniformityIllusion\\UniformityIllusionPsychoPy\\Pics\\8start.png', 'endImage': 'C:\\Users\\hesselmann\\Desktop\\PsychoPyUniformityIllusion\\UniformityIllusionPsychoPy\\Pics\\8b.png', 'AB': None}
31.0904 	DATA 	Keypress: space
31.1412 	EXP 	hasPeriphery_2: texRes = 128.0
31.1412 	EXP 	noPeriphery_2: texRes = 128.0
31.1412 	EXP 	hasPeriphery_2: autoDraw = False
31.1412 	EXP 	noPeriphery_2: autoDraw = False
31.1412 	EXP 	text_2: autoDraw = False
31.1412 	EXP 	hasPeriphery_2: size = array([1.77777778, 1.        ])
31.1412 	EXP 	hasPeriphery_2: image = 'C:\\Users\\hesselmann\\Desktop\\PsychoPyUniformityIllusion\\UniformityIllusionPsychoPy\\Pics\\8b.png'
31.1412 	EXP 	noPeriphery_2: size = array([1.77777778, 1.        ])
31.1412 	EXP 	noPeriphery_2: image = 'C:\\Users\\hesselmann\\Desktop\\PsychoPyUniformityIllusion\\UniformityIllusionPsychoPy\\Pics\\8start.png'
31.1412 	EXP 	hasPeriphery_2: autoDraw = True
31.1412 	EXP 	hasPeriphery_2: texRes = 128.0
31.1412 	EXP 	noPeriphery_2: autoDraw = True
31.1412 	EXP 	noPeriphery_2: texRes = 128.0
31.1412 	EXP 	text_2: autoDraw = True
31.3017 	EXP 	hasPeriphery_2: texRes = 128.0
31.3017 	EXP 	noPeriphery_2: texRes = 128.0
31.4169 	EXP 	New trial (rep=0, index=10): {'startImage': 'C:\\Users\\hesselmann\\Desktop\\PsychoPyUniformityIllusion\\UniformityIllusionPsychoPy\\Pics\\9start.png', 'endImage': 'C:\\Users\\hesselmann\\Desktop\\PsychoPyUniformityIllusion\\UniformityIllusionPsychoPy\\Pics\\9a.png', 'AB': None}
31.6188 	DATA 	Keypress: space
31.6733 	EXP 	hasPeriphery_2: texRes = 128.0
31.6733 	EXP 	noPeriphery_2: texRes = 128.0
31.6733 	EXP 	hasPeriphery_2: autoDraw = False
31.6733 	EXP 	noPeriphery_2: autoDraw = False
31.6733 	EXP 	text_2: autoDraw = False
31.6733 	EXP 	hasPeriphery_2: size = array([1.77777778, 1.        ])
31.6733 	EXP 	hasPeriphery_2: image = 'C:\\Users\\hesselmann\\Desktop\\PsychoPyUniformityIllusion\\UniformityIllusionPsychoPy\\Pics\\9a.png'
31.6733 	EXP 	noPeriphery_2: size = array([1.77777778, 1.        ])
31.6733 	EXP 	noPeriphery_2: image = 'C:\\Users\\hesselmann\\Desktop\\PsychoPyUniformityIllusion\\UniformityIllusionPsychoPy\\Pics\\9start.png'
31.6733 	EXP 	hasPeriphery_2: autoDraw = True
31.6733 	EXP 	hasPeriphery_2: texRes = 128.0
31.6733 	EXP 	noPeriphery_2: autoDraw = True
31.6733 	EXP 	noPeriphery_2: texRes = 128.0
31.6733 	EXP 	text_2: autoDraw = True
31.8429 	EXP 	hasPeriphery_2: texRes = 128.0
31.8429 	EXP 	noPeriphery_2: texRes = 128.0
31.9737 	EXP 	New trial (rep=0, index=11): {'startImage': 'C:\\Users\\hesselmann\\Desktop\\PsychoPyUniformityIllusion\\UniformityIllusionPsychoPy\\Pics\\9start.png', 'endImage': 'C:\\Users\\hesselmann\\Desktop\\PsychoPyUniformityIllusion\\UniformityIllusionPsychoPy\\Pics\\9b.png', 'AB': None}
32.1701 	DATA 	Keypress: space
32.2177 	EXP 	hasPeriphery_2: texRes = 128.0
32.2177 	EXP 	noPeriphery_2: texRes = 128.0
32.2177 	EXP 	hasPeriphery_2: autoDraw = False
32.2177 	EXP 	noPeriphery_2: autoDraw = False
32.2177 	EXP 	text_2: autoDraw = False
32.2177 	EXP 	hasPeriphery_2: size = array([1.77777778, 1.        ])
32.2177 	EXP 	hasPeriphery_2: image = 'C:\\Users\\hesselmann\\Desktop\\PsychoPyUniformityIllusion\\UniformityIllusionPsychoPy\\Pics\\9b.png'
32.2177 	EXP 	noPeriphery_2: size = array([1.77777778, 1.        ])
32.2177 	EXP 	noPeriphery_2: image = 'C:\\Users\\hesselmann\\Desktop\\PsychoPyUniformityIllusion\\UniformityIllusionPsychoPy\\Pics\\9start.png'
32.2177 	EXP 	hasPeriphery_2: autoDraw = True
32.2177 	EXP 	hasPeriphery_2: texRes = 128.0
32.2177 	EXP 	noPeriphery_2: autoDraw = True
32.2177 	EXP 	noPeriphery_2: texRes = 128.0
32.2177 	EXP 	text_2: autoDraw = True
32.3702 	EXP 	hasPeriphery_2: texRes = 128.0
32.3702 	EXP 	noPeriphery_2: texRes = 128.0
32.5538 	EXP 	hasPeriphery_2: texRes = 128.0
32.5538 	EXP 	noPeriphery_2: texRes = 128.0
32.6791 	DATA 	Keypress: space
32.7180 	EXP 	hasPeriphery_2: texRes = 128.0
32.7180 	EXP 	noPeriphery_2: texRes = 128.0
32.8259 	EXP 	New trial (rep=0, index=12): {'startImage': 'C:\\Users\\hesselmann\\Desktop\\PsychoPyUniformityIllusion\\UniformityIllusionPsychoPy\\Pics\\10start.png', 'endImage': 'C:\\Users\\hesselmann\\Desktop\\PsychoPyUniformityIllusion\\UniformityIllusionPsychoPy\\Pics\\10a.png', 'AB': None}
33.0769 	EXP 	New trial (rep=0, index=13): {'startImage': 'C:\\Users\\hesselmann\\Desktop\\PsychoPyUniformityIllusion\\UniformityIllusionPsychoPy\\Pics\\10start.png', 'endImage': 'C:\\Users\\hesselmann\\Desktop\\PsychoPyUniformityIllusion\\UniformityIllusionPsychoPy\\Pics\\10b.png', 'AB': None}
33.3574 	EXP 	hasPeriphery_2: texRes = 128.0
33.3574 	EXP 	noPeriphery_2: texRes = 128.0
33.3574 	EXP 	hasPeriphery_2: autoDraw = False
33.3574 	EXP 	noPeriphery_2: autoDraw = False
33.3574 	EXP 	text_2: autoDraw = False
33.3574 	EXP 	hasPeriphery_2: size = array([1.77777778, 1.        ])
33.3574 	EXP 	hasPeriphery_2: image = 'C:\\Users\\hesselmann\\Desktop\\PsychoPyUniformityIllusion\\UniformityIllusionPsychoPy\\Pics\\10a.png'
33.3574 	EXP 	noPeriphery_2: size = array([1.77777778, 1.        ])
33.3574 	EXP 	noPeriphery_2: image = 'C:\\Users\\hesselmann\\Desktop\\PsychoPyUniformityIllusion\\UniformityIllusionPsychoPy\\Pics\\10start.png'
33.3574 	EXP 	hasPeriphery_2: autoDraw = True
33.3574 	EXP 	hasPeriphery_2: texRes = 128.0
33.3574 	EXP 	noPeriphery_2: autoDraw = True
33.3574 	EXP 	noPeriphery_2: texRes = 128.0
33.3574 	EXP 	text_2: autoDraw = True
33.3574 	EXP 	hasPeriphery_2: autoDraw = False
33.3574 	EXP 	noPeriphery_2: autoDraw = False
33.3574 	EXP 	text_2: autoDraw = False
33.3574 	EXP 	hasPeriphery_2: size = array([1.77777778, 1.        ])
33.3574 	EXP 	hasPeriphery_2: image = 'C:\\Users\\hesselmann\\Desktop\\PsychoPyUniformityIllusion\\UniformityIllusionPsychoPy\\Pics\\10b.png'
33.3574 	EXP 	noPeriphery_2: size = array([1.77777778, 1.        ])
33.3574 	EXP 	noPeriphery_2: image = 'C:\\Users\\hesselmann\\Desktop\\PsychoPyUniformityIllusion\\UniformityIllusionPsychoPy\\Pics\\10start.png'
33.3574 	EXP 	hasPeriphery_2: autoDraw = True
33.3574 	EXP 	hasPeriphery_2: texRes = 128.0
33.3574 	EXP 	noPeriphery_2: autoDraw = True
33.3574 	EXP 	noPeriphery_2: texRes = 128.0
33.3574 	EXP 	text_2: autoDraw = True
33.4810 	EXP 	New trial (rep=0, index=14): {'startImage': 'C:\\Users\\hesselmann\\Desktop\\PsychoPyUniformityIllusion\\UniformityIllusionPsychoPy\\Pics\\11start.png', 'endImage': 'C:\\Users\\hesselmann\\Desktop\\PsychoPyUniformityIllusion\\UniformityIllusionPsychoPy\\Pics\\11a.png', 'AB': None}
33.7451 	DATA 	Keypress: space
33.8016 	EXP 	hasPeriphery_2: texRes = 128.0
33.8016 	EXP 	noPeriphery_2: texRes = 128.0
33.8016 	EXP 	hasPeriphery_2: autoDraw = False
33.8016 	EXP 	noPeriphery_2: autoDraw = False
33.8016 	EXP 	text_2: autoDraw = False
33.8016 	EXP 	hasPeriphery_2: size = array([1.77777778, 1.        ])
33.8016 	EXP 	hasPeriphery_2: image = 'C:\\Users\\hesselmann\\Desktop\\PsychoPyUniformityIllusion\\UniformityIllusionPsychoPy\\Pics\\11a.png'
33.8016 	EXP 	noPeriphery_2: size = array([1.77777778, 1.        ])
33.8016 	EXP 	noPeriphery_2: image = 'C:\\Users\\hesselmann\\Desktop\\PsychoPyUniformityIllusion\\UniformityIllusionPsychoPy\\Pics\\11start.png'
33.8016 	EXP 	hasPeriphery_2: autoDraw = True
33.8016 	EXP 	hasPeriphery_2: texRes = 128.0
33.8016 	EXP 	noPeriphery_2: autoDraw = True
33.8016 	EXP 	noPeriphery_2: texRes = 128.0
33.8016 	EXP 	text_2: autoDraw = True
33.9436 	DATA 	Keypress: space
33.9937 	EXP 	hasPeriphery_2: texRes = 128.0
33.9937 	EXP 	noPeriphery_2: texRes = 128.0
34.1660 	EXP 	New trial (rep=0, index=15): {'startImage': 'C:\\Users\\hesselmann\\Desktop\\PsychoPyUniformityIllusion\\UniformityIllusionPsychoPy\\Pics\\11start.png', 'endImage': 'C:\\Users\\hesselmann\\Desktop\\PsychoPyUniformityIllusion\\UniformityIllusionPsychoPy\\Pics\\11b.png', 'AB': None}
34.4622 	EXP 	hasPeriphery_2: texRes = 128.0
34.4622 	EXP 	noPeriphery_2: texRes = 128.0
34.4622 	EXP 	hasPeriphery_2: autoDraw = False
34.4622 	EXP 	noPeriphery_2: autoDraw = False
34.4622 	EXP 	text_2: autoDraw = False
34.4622 	EXP 	hasPeriphery_2: size = array([1.77777778, 1.        ])
34.4622 	EXP 	hasPeriphery_2: image = 'C:\\Users\\hesselmann\\Desktop\\PsychoPyUniformityIllusion\\UniformityIllusionPsychoPy\\Pics\\11b.png'
34.4622 	EXP 	noPeriphery_2: size = array([1.77777778, 1.        ])
34.4622 	EXP 	noPeriphery_2: image = 'C:\\Users\\hesselmann\\Desktop\\PsychoPyUniformityIllusion\\UniformityIllusionPsychoPy\\Pics\\11start.png'
34.4622 	EXP 	hasPeriphery_2: autoDraw = True
34.4622 	EXP 	hasPeriphery_2: texRes = 128.0
34.4622 	EXP 	noPeriphery_2: autoDraw = True
34.4622 	EXP 	noPeriphery_2: texRes = 128.0
34.4622 	EXP 	text_2: autoDraw = True
34.5941 	DATA 	Keypress: space
34.6444 	EXP 	hasPeriphery_2: texRes = 128.0
34.6444 	EXP 	noPeriphery_2: texRes = 128.0
34.8686 	EXP 	hasPeriphery_2: texRes = 128.0
34.8686 	EXP 	noPeriphery_2: texRes = 128.0
35.0857 	EXP 	hasPeriphery_2: texRes = 128.0
35.0857 	EXP 	noPeriphery_2: texRes = 128.0
35.2341 	EXP 	New trial (rep=0, index=16): {'startImage': 'C:\\Users\\hesselmann\\Desktop\\PsychoPyUniformityIllusion\\UniformityIllusionPsychoPy\\Pics\\12start.png', 'endImage': 'C:\\Users\\hesselmann\\Desktop\\PsychoPyUniformityIllusion\\UniformityIllusionPsychoPy\\Pics\\12a.png', 'AB': None}
35.4193 	DATA 	Keypress: space
35.4701 	EXP 	hasPeriphery_2: texRes = 128.0
35.4701 	EXP 	noPeriphery_2: texRes = 128.0
35.4701 	EXP 	hasPeriphery_2: autoDraw = False
35.4701 	EXP 	noPeriphery_2: autoDraw = False
35.4701 	EXP 	text_2: autoDraw = False
35.4701 	EXP 	hasPeriphery_2: size = array([1.77777778, 1.        ])
35.4701 	EXP 	hasPeriphery_2: image = 'C:\\Users\\hesselmann\\Desktop\\PsychoPyUniformityIllusion\\UniformityIllusionPsychoPy\\Pics\\12a.png'
35.4701 	EXP 	noPeriphery_2: size = array([1.77777778, 1.        ])
35.4701 	EXP 	noPeriphery_2: image = 'C:\\Users\\hesselmann\\Desktop\\PsychoPyUniformityIllusion\\UniformityIllusionPsychoPy\\Pics\\12start.png'
35.4701 	EXP 	hasPeriphery_2: autoDraw = True
35.4701 	EXP 	hasPeriphery_2: texRes = 128.0
35.4701 	EXP 	noPeriphery_2: autoDraw = True
35.4701 	EXP 	noPeriphery_2: texRes = 128.0
35.4701 	EXP 	text_2: autoDraw = True
35.6037 	EXP 	hasPeriphery_2: texRes = 128.0
35.6037 	EXP 	noPeriphery_2: texRes = 128.0
35.7849 	EXP 	hasPeriphery_2: texRes = 128.0
35.7849 	EXP 	noPeriphery_2: texRes = 128.0
35.8872 	EXP 	New trial (rep=0, index=17): {'startImage': 'C:\\Users\\hesselmann\\Desktop\\PsychoPyUniformityIllusion\\UniformityIllusionPsychoPy\\Pics\\12start.png', 'endImage': 'C:\\Users\\hesselmann\\Desktop\\PsychoPyUniformityIllusion\\UniformityIllusionPsychoPy\\Pics\\12b.png', 'AB': None}
36.1035 	DATA 	Keypress: space
36.1508 	EXP 	hasPeriphery_2: texRes = 128.0
36.1508 	EXP 	noPeriphery_2: texRes = 128.0
36.1508 	EXP 	hasPeriphery_2: autoDraw = False
36.1508 	EXP 	noPeriphery_2: autoDraw = False
36.1508 	EXP 	text_2: autoDraw = False
36.1508 	EXP 	hasPeriphery_2: size = array([1.77777778, 1.        ])
36.1508 	EXP 	hasPeriphery_2: image = 'C:\\Users\\hesselmann\\Desktop\\PsychoPyUniformityIllusion\\UniformityIllusionPsychoPy\\Pics\\12b.png'
36.1508 	EXP 	noPeriphery_2: size = array([1.77777778, 1.        ])
36.1508 	EXP 	noPeriphery_2: image = 'C:\\Users\\hesselmann\\Desktop\\PsychoPyUniformityIllusion\\UniformityIllusionPsychoPy\\Pics\\12start.png'
36.1508 	EXP 	hasPeriphery_2: autoDraw = True
36.1508 	EXP 	hasPeriphery_2: texRes = 128.0
36.1508 	EXP 	noPeriphery_2: autoDraw = True
36.1508 	EXP 	noPeriphery_2: texRes = 128.0
36.1508 	EXP 	text_2: autoDraw = True
36.3197 	EXP 	hasPeriphery_2: texRes = 128.0
36.3197 	EXP 	noPeriphery_2: texRes = 128.0
36.4552 	EXP 	New trial (rep=0, index=18): {'startImage': 'C:\\Users\\hesselmann\\Desktop\\PsychoPyUniformityIllusion\\UniformityIllusionPsychoPy\\Pics\\13start.png', 'endImage': 'C:\\Users\\hesselmann\\Desktop\\PsychoPyUniformityIllusion\\UniformityIllusionPsychoPy\\Pics\\13a.png', 'AB': None}
36.8043 	DATA 	Keypress: space
36.8544 	EXP 	hasPeriphery_2: texRes = 128.0
36.8544 	EXP 	noPeriphery_2: texRes = 128.0
36.8544 	EXP 	hasPeriphery_2: autoDraw = False
36.8544 	EXP 	noPeriphery_2: autoDraw = False
36.8544 	EXP 	text_2: autoDraw = False
36.8544 	EXP 	hasPeriphery_2: size = array([1.77777778, 1.        ])
36.8544 	EXP 	hasPeriphery_2: image = 'C:\\Users\\hesselmann\\Desktop\\PsychoPyUniformityIllusion\\UniformityIllusionPsychoPy\\Pics\\13a.png'
36.8544 	EXP 	noPeriphery_2: size = array([1.77777778, 1.        ])
36.8544 	EXP 	noPeriphery_2: image = 'C:\\Users\\hesselmann\\Desktop\\PsychoPyUniformityIllusion\\UniformityIllusionPsychoPy\\Pics\\13start.png'
36.8544 	EXP 	hasPeriphery_2: autoDraw = True
36.8544 	EXP 	hasPeriphery_2: texRes = 128.0
36.8544 	EXP 	noPeriphery_2: autoDraw = True
36.8544 	EXP 	noPeriphery_2: texRes = 128.0
36.8544 	EXP 	text_2: autoDraw = True
37.0002 	EXP 	New trial (rep=0, index=19): {'startImage': 'C:\\Users\\hesselmann\\Desktop\\PsychoPyUniformityIllusion\\UniformityIllusionPsychoPy\\Pics\\13start.png', 'endImage': 'C:\\Users\\hesselmann\\Desktop\\PsychoPyUniformityIllusion\\UniformityIllusionPsychoPy\\Pics\\13b.png', 'AB': None}
37.2687 	DATA 	Keypress: space
37.3217 	EXP 	hasPeriphery_2: texRes = 128.0
37.3217 	EXP 	noPeriphery_2: texRes = 128.0
37.3217 	EXP 	hasPeriphery_2: autoDraw = False
37.3217 	EXP 	noPeriphery_2: autoDraw = False
37.3217 	EXP 	text_2: autoDraw = False
37.3217 	EXP 	hasPeriphery_2: size = array([1.77777778, 1.        ])
37.3217 	EXP 	hasPeriphery_2: image = 'C:\\Users\\hesselmann\\Desktop\\PsychoPyUniformityIllusion\\UniformityIllusionPsychoPy\\Pics\\13b.png'
37.3217 	EXP 	noPeriphery_2: size = array([1.77777778, 1.        ])
37.3217 	EXP 	noPeriphery_2: image = 'C:\\Users\\hesselmann\\Desktop\\PsychoPyUniformityIllusion\\UniformityIllusionPsychoPy\\Pics\\13start.png'
37.3217 	EXP 	hasPeriphery_2: autoDraw = True
37.3217 	EXP 	hasPeriphery_2: texRes = 128.0
37.3217 	EXP 	noPeriphery_2: autoDraw = True
37.3217 	EXP 	noPeriphery_2: texRes = 128.0
37.3217 	EXP 	text_2: autoDraw = True
37.4698 	DATA 	Keypress: space
37.5173 	EXP 	hasPeriphery_2: texRes = 128.0
37.5173 	EXP 	noPeriphery_2: texRes = 128.0
37.7134 	EXP 	New trial (rep=0, index=20): {'startImage': 'C:\\Users\\hesselmann\\Desktop\\PsychoPyUniformityIllusion\\UniformityIllusionPsychoPy\\Pics\\14start.png', 'endImage': 'C:\\Users\\hesselmann\\Desktop\\PsychoPyUniformityIllusion\\UniformityIllusionPsychoPy\\Pics\\14a.png', 'AB': None}
38.0009 	EXP 	hasPeriphery_2: texRes = 128.0
38.0009 	EXP 	noPeriphery_2: texRes = 128.0
38.0009 	EXP 	hasPeriphery_2: autoDraw = False
38.0009 	EXP 	noPeriphery_2: autoDraw = False
38.0009 	EXP 	text_2: autoDraw = False
38.0009 	EXP 	hasPeriphery_2: size = array([1.77777778, 1.        ])
38.0009 	EXP 	hasPeriphery_2: image = 'C:\\Users\\hesselmann\\Desktop\\PsychoPyUniformityIllusion\\UniformityIllusionPsychoPy\\Pics\\14a.png'
38.0009 	EXP 	noPeriphery_2: size = array([1.77777778, 1.        ])
38.0009 	EXP 	noPeriphery_2: image = 'C:\\Users\\hesselmann\\Desktop\\PsychoPyUniformityIllusion\\UniformityIllusionPsychoPy\\Pics\\14start.png'
38.0009 	EXP 	hasPeriphery_2: autoDraw = True
38.0009 	EXP 	hasPeriphery_2: texRes = 128.0
38.0009 	EXP 	noPeriphery_2: autoDraw = True
38.0009 	EXP 	noPeriphery_2: texRes = 128.0
38.0009 	EXP 	text_2: autoDraw = True
38.1334 	DATA 	Keypress: space
38.1874 	EXP 	hasPeriphery_2: texRes = 128.0
38.1874 	EXP 	noPeriphery_2: texRes = 128.0
38.3902 	EXP 	hasPeriphery_2: texRes = 128.0
38.3902 	EXP 	noPeriphery_2: texRes = 128.0
38.5631 	DATA 	Keypress: space
38.6027 	EXP 	hasPeriphery_2: texRes = 128.0
38.6027 	EXP 	noPeriphery_2: texRes = 128.0
38.7552 	EXP 	New trial (rep=0, index=21): {'startImage': 'C:\\Users\\hesselmann\\Desktop\\PsychoPyUniformityIllusion\\UniformityIllusionPsychoPy\\Pics\\14start.png', 'endImage': 'C:\\Users\\hesselmann\\Desktop\\PsychoPyUniformityIllusion\\UniformityIllusionPsychoPy\\Pics\\14b.png', 'AB': None}
38.9944 	EXP 	hasPeriphery_2: texRes = 128.0
38.9944 	EXP 	noPeriphery_2: texRes = 128.0
38.9944 	EXP 	hasPeriphery_2: autoDraw = False
38.9944 	EXP 	noPeriphery_2: autoDraw = False
38.9944 	EXP 	text_2: autoDraw = False
38.9944 	EXP 	hasPeriphery_2: size = array([1.77777778, 1.        ])
38.9944 	EXP 	hasPeriphery_2: image = 'C:\\Users\\hesselmann\\Desktop\\PsychoPyUniformityIllusion\\UniformityIllusionPsychoPy\\Pics\\14b.png'
38.9944 	EXP 	noPeriphery_2: size = array([1.77777778, 1.        ])
38.9944 	EXP 	noPeriphery_2: image = 'C:\\Users\\hesselmann\\Desktop\\PsychoPyUniformityIllusion\\UniformityIllusionPsychoPy\\Pics\\14start.png'
38.9944 	EXP 	hasPeriphery_2: autoDraw = True
38.9944 	EXP 	hasPeriphery_2: texRes = 128.0
38.9944 	EXP 	noPeriphery_2: autoDraw = True
38.9944 	EXP 	noPeriphery_2: texRes = 128.0
38.9944 	EXP 	text_2: autoDraw = True
39.0822 	EXP 	New trial (rep=0, index=22): {'startImage': 'C:\\Users\\hesselmann\\Desktop\\PsychoPyUniformityIllusion\\UniformityIllusionPsychoPy\\Pics\\15start.png', 'endImage': 'C:\\Users\\hesselmann\\Desktop\\PsychoPyUniformityIllusion\\UniformityIllusionPsychoPy\\Pics\\15a.png', 'AB': None}
39.2668 	DATA 	Keypress: space
39.3235 	EXP 	hasPeriphery_2: texRes = 128.0
39.3235 	EXP 	noPeriphery_2: texRes = 128.0
39.3235 	EXP 	hasPeriphery_2: autoDraw = False
39.3235 	EXP 	noPeriphery_2: autoDraw = False
39.3235 	EXP 	text_2: autoDraw = False
39.3235 	EXP 	hasPeriphery_2: size = array([1.77777778, 1.        ])
39.3235 	EXP 	hasPeriphery_2: image = 'C:\\Users\\hesselmann\\Desktop\\PsychoPyUniformityIllusion\\UniformityIllusionPsychoPy\\Pics\\15a.png'
39.3235 	EXP 	noPeriphery_2: size = array([1.77777778, 1.        ])
39.3235 	EXP 	noPeriphery_2: image = 'C:\\Users\\hesselmann\\Desktop\\PsychoPyUniformityIllusion\\UniformityIllusionPsychoPy\\Pics\\15start.png'
39.3235 	EXP 	hasPeriphery_2: autoDraw = True
39.3235 	EXP 	hasPeriphery_2: texRes = 128.0
39.3235 	EXP 	noPeriphery_2: autoDraw = True
39.3235 	EXP 	noPeriphery_2: texRes = 128.0
39.3235 	EXP 	text_2: autoDraw = True
39.4668 	EXP 	hasPeriphery_2: texRes = 128.0
39.4668 	EXP 	noPeriphery_2: texRes = 128.0
39.5624 	EXP 	New trial (rep=0, index=23): {'startImage': 'C:\\Users\\hesselmann\\Desktop\\PsychoPyUniformityIllusion\\UniformityIllusionPsychoPy\\Pics\\15start.png', 'endImage': 'C:\\Users\\hesselmann\\Desktop\\PsychoPyUniformityIllusion\\UniformityIllusionPsychoPy\\Pics\\15b.png', 'AB': None}
39.7462 	DATA 	Keypress: space
39.7866 	EXP 	hasPeriphery_2: texRes = 128.0
39.7866 	EXP 	noPeriphery_2: texRes = 128.0
39.7866 	EXP 	hasPeriphery_2: autoDraw = False
39.7866 	EXP 	noPeriphery_2: autoDraw = False
39.7866 	EXP 	text_2: autoDraw = False
39.7866 	EXP 	hasPeriphery_2: size = array([1.77777778, 1.        ])
39.7866 	EXP 	hasPeriphery_2: image = 'C:\\Users\\hesselmann\\Desktop\\PsychoPyUniformityIllusion\\UniformityIllusionPsychoPy\\Pics\\15b.png'
39.7866 	EXP 	noPeriphery_2: size = array([1.77777778, 1.        ])
39.7866 	EXP 	noPeriphery_2: image = 'C:\\Users\\hesselmann\\Desktop\\PsychoPyUniformityIllusion\\UniformityIllusionPsychoPy\\Pics\\15start.png'
39.7866 	EXP 	hasPeriphery_2: autoDraw = True
39.7866 	EXP 	hasPeriphery_2: texRes = 128.0
39.7866 	EXP 	noPeriphery_2: autoDraw = True
39.7866 	EXP 	noPeriphery_2: texRes = 128.0
39.7866 	EXP 	text_2: autoDraw = True
39.9255 	EXP 	hasPeriphery_2: texRes = 128.0
39.9255 	EXP 	noPeriphery_2: texRes = 128.0
40.0240 	DATA 	Keypress: space
40.0346 	EXP 	hasPeriphery_2: texRes = 128.0
40.0346 	EXP 	noPeriphery_2: texRes = 128.0
40.0346 	EXP 	hasPeriphery_2: autoDraw = False
40.0346 	EXP 	noPeriphery_2: autoDraw = False
40.0346 	EXP 	text_2: autoDraw = False
40.4144 	EXP 	window1: mouseVisible = True
