1.9956 	WARNING 	We strongly recommend you activate the PTB sound engine in PsychoPy prefs as the preferred audio engine. Its timing is vastly superior. Your prefs are currently set to use ['sounddevice', 'PTB', 'pyo', 'pygame'] (in that order).
12.6758 	WARNING 	Couldn't measure a consistent frame rate.
  - Is your graphics card set to sync to vertical blank?
  - Are you running other processes on your computer?

12.6761 	EXP 	Created window1 = Window(allowGUI=False, allowStencil=False, autoLog=True, backendConf=UNKNOWN, bitsMode=UNKNOWN, blendMode='avg', bpc=(8, 8, 8), color=array([0, 0, 0]), colorSpace='rgb', depthBits=8, fullscr=<method-wrapper '__getattribute__' of attributeSetter object at 0x0000014F0B38A6D8>, gamma=None, gammaErrorPolicy='raise', lms=UNKNOWN, monitor=<psychopy.monitors.calibTools.Monitor object at 0x0000014F0B3AEA58>, multiSample=False, name='window1', numSamples=2, pos=[0.0, 0.0], screen=0, size=array([1920, 1080]), stencilBits=0, stereo=False, units='height', useFBO=True, useRetina=False, viewOri=0.0, viewPos=None, viewScale=None, waitBlanking=True, winType='pyglet')
12.6764 	EXP 	window1: mouseVisible = True
12.6764 	EXP 	window1: recordFrameIntervals = False
12.8899 	EXP 	window1: recordFrameIntervals = True
12.9535 	WARNING 	t of last frame was 21.11ms (=1/47)
13.0088 	WARNING 	t of last frame was 28.75ms (=1/34)
13.0569 	WARNING 	t of last frame was 23.36ms (=1/42)
13.1319 	WARNING 	t of last frame was 26.48ms (=1/37)
13.1548 	WARNING 	Multiple dropped frames have occurred - I'll stop bothering you about them!
14.7806 	WARNING 	Couldn't measure a consistent frame rate.
  - Is your graphics card set to sync to vertical blank?
  - Are you running other processes on your computer?

15.4093 	EXP 	Created WelcomeText = TextStim(__class__=<class 'psychopy.visual.text.TextStim'>, alignHoriz=method-wrapper(...), alignText='center', alignVert=method-wrapper(...), anchorHoriz='center', anchorVert='center', antialias=True, autoLog=True, bold=False, color=array([1, 1, 1]), colorSpace='rgb', contrast=1.0, depth=0.0, flipHoriz=False, flipVert=False, font='Open Sans', fontFiles=[], height=0.1, italic=False, languageStyle='LTR', name='WelcomeText', opacity=1, ori=0.0, pos=array([0., 0.]), rgb=UNKNOWN, text='Welcome to our Study!', units='height', win=Window(...), wrapWidth=1)
15.4360 	EXP 	Imported depression.xlsx as conditions, 2 conditions, 12 params
15.4370 	EXP 	Question text: Sadness
15.4660 	EXP 	window1: mouseVisible = True
15.5416 	EXP 	Question text: Pessimism
15.5500 	EXP 	window1: mouseVisible = True
15.5926 	EXP 	window1: mouseVisible = True
15.5973 	EXP 	Created unnamed Rect = Rect(__class__=<class 'psychopy.visual.rect.Rect'>, autoDraw=False, autoLog=True, closeShape=True, color=method-wrapper(...), colorSpace='rgb', contrast=None, depth=0, fillColor=array([0, 0, 0]), fillColorSpace='rgb', fillRGB=UNKNOWN, interpolate=True, lineColor=array([0, 0, 0]), lineColorSpace='rgb', lineRGB=UNKNOWN, lineWidth=1.5, name='unnamed Rect', opacity=0, ori=0.0, pos=array([0., 0.]), size=array([0., 0.]), units='height', vertices=ndarray(...), win=Window(...))
15.6050 	EXP 	Created DepressionQuestionnaire = <psychopy.visual.form.Form object at 0x0000014F0E2BD588>
15.6528 	EXP 	window1: mouseVisible = True
15.7816 	EXP 	Created instructionsText = TextStim(__class__=<class 'psychopy.visual.text.TextStim'>, alignHoriz=method-wrapper(...), alignText='center', alignVert=method-wrapper(...), anchorHoriz='center', anchorVert='center', antialias=True, autoLog=True, bold=False, color=array([1, 1, 1]), colorSpace='rgb', contrast=1.0, depth=0.0, flipHoriz=False, flipVert=False, font='Open Sans', fontFiles=[], height=0.04, italic=False, languageStyle='LTR', name='instructionsText', opacity=1, ori=0.0, pos=array([0., 0.]), rgb=UNKNOWN, text=str(...), units='height', win=Window(...), wrapWidth=1)
15.7858 	EXP 	Created hasPeriphery = ImageStim(__class__=<class 'psychopy.visual.image.ImageStim'>, autoLog=True, color=array([1, 1, 1]), colorSpace='rgb', contrast=1.0, depth=-1.0, flipHoriz=False, flipVert=False, image='sin', interpolate=True, mask=None, maskParams=None, name='hasPeriphery', opacity=1.0, ori=0.0, pos=array([0., 0.]), size=array([0.5, 0.5]), texRes=128.0, units='height', win=Window(...))
15.7897 	EXP 	Created noPeriphery = ImageStim(__class__=<class 'psychopy.visual.image.ImageStim'>, autoLog=True, color=array([1, 1, 1]), colorSpace='rgb', contrast=1.0, depth=-3.0, flipHoriz=False, flipVert=False, image='sin', interpolate=True, mask=None, maskParams=None, name='noPeriphery', opacity=1.0, ori=0.0, pos=array([0., 0.]), size=array([0.5, 0.5]), texRes=128.0, units='height', win=Window(...))
15.7929 	EXP 	Created final = ImageStim(__class__=<class 'psychopy.visual.image.ImageStim'>, autoLog=True, color=array([1, 1, 1]), colorSpace='rgb', contrast=1.0, depth=-4.0, flipHoriz=False, flipVert=False, image='sin', interpolate=True, mask=None, maskParams=None, name='final', opacity=1.0, ori=0.0, pos=array([0., 0.]), size=array([0.5, 0.5]), texRes=128.0, units='height', win=Window(...))
15.7941 	EXP 	Created blank_screen = Rect(__class__=<class 'psychopy.visual.rect.Rect'>, autoDraw=False, autoLog=True, closeShape=True, color=method-wrapper(...), colorSpace='rgb', contrast=None, depth=-5.0, fillColor=array([1, 1, 1]), fillColorSpace='rgb', fillRGB=UNKNOWN, interpolate=True, lineColor=array([1, 1, 1]), lineColorSpace='rgb', lineRGB=UNKNOWN, lineWidth=1.0, name='blank_screen', opacity=1.0, ori=0.0, pos=array([0., 0.]), size=array([2., 2.]), units='height', vertices=ndarray(...), win=Window(...))
15.8010 	EXP 	Created text = TextStim(__class__=<class 'psychopy.visual.text.TextStim'>, alignHoriz=method-wrapper(...), alignText='center', alignVert=method-wrapper(...), anchorHoriz='center', anchorVert='center', antialias=True, autoLog=True, bold=False, color=array([ 1, -1, -1]), colorSpace='rgb', contrast=1.0, depth=-6.0, flipHoriz=False, flipVert=False, font='Open Sans', fontFiles=[], height=0.1, italic=False, languageStyle='LTR', name='text', opacity=1, ori=0.0, pos=array([0., 0.]), rgb=UNKNOWN, text='+', units='height', win=Window(...), wrapWidth=1)
15.8365 	EXP 	Created WelcomeText = TextStim(__class__=<class 'psychopy.visual.text.TextStim'>, alignHoriz=method-wrapper(...), alignText='center', alignVert=method-wrapper(...), anchorHoriz='center', anchorVert='center', antialias=True, autoLog=True, bold=False, color=array([1, 1, 1]), colorSpace='rgb', contrast=1.0, depth=0.0, flipHoriz=False, flipVert=False, font='Open Sans', fontFiles=[], height=0.1, italic=False, languageStyle='LTR', name='WelcomeText', opacity=1, ori=0.0, pos=array([0., 0.]), rgb=UNKNOWN, text='Welcome to our Study!', units='height', win=Window(...), wrapWidth=1)
15.8402 	EXP 	Created hasPeriphery = ImageStim(__class__=<class 'psychopy.visual.image.ImageStim'>, autoLog=True, color=array([1, 1, 1]), colorSpace='rgb', contrast=1.0, depth=-1.0, flipHoriz=False, flipVert=False, image='sin', interpolate=True, mask=None, maskParams=None, name='hasPeriphery', opacity=1.0, ori=0.0, pos=array([0., 0.]), size=array([0.5, 0.5]), texRes=128.0, units='height', win=Window(...))
15.8434 	EXP 	Created noPeriphery = ImageStim(__class__=<class 'psychopy.visual.image.ImageStim'>, autoLog=True, color=array([1, 1, 1]), colorSpace='rgb', contrast=1.0, depth=-3.0, flipHoriz=False, flipVert=False, image='sin', interpolate=True, mask=None, maskParams=None, name='noPeriphery', opacity=1.0, ori=0.0, pos=array([0., 0.]), size=array([0.5, 0.5]), texRes=128.0, units='height', win=Window(...))
15.8469 	EXP 	Created final = ImageStim(__class__=<class 'psychopy.visual.image.ImageStim'>, autoLog=True, color=array([1, 1, 1]), colorSpace='rgb', contrast=1.0, depth=-4.0, flipHoriz=False, flipVert=False, image='sin', interpolate=True, mask=None, maskParams=None, name='final', opacity=1.0, ori=0.0, pos=array([0., 0.]), size=array([0.5, 0.5]), texRes=128.0, units='height', win=Window(...))
15.8484 	EXP 	Created blank_screen = Rect(__class__=<class 'psychopy.visual.rect.Rect'>, autoDraw=False, autoLog=True, closeShape=True, color=method-wrapper(...), colorSpace='rgb', contrast=None, depth=-5.0, fillColor=array([1, 1, 1]), fillColorSpace='rgb', fillRGB=UNKNOWN, interpolate=True, lineColor=array([1, 1, 1]), lineColorSpace='rgb', lineRGB=UNKNOWN, lineWidth=1.0, name='blank_screen', opacity=1.0, ori=0.0, pos=array([0., 0.]), size=array([2., 2.]), units='height', vertices=ndarray(...), win=Window(...))
15.8510 	EXP 	Created text = TextStim(__class__=<class 'psychopy.visual.text.TextStim'>, alignHoriz=method-wrapper(...), alignText='center', alignVert=method-wrapper(...), anchorHoriz='center', anchorVert='center', antialias=True, autoLog=True, bold=False, color=array([ 1, -1, -1]), colorSpace='rgb', contrast=1.0, depth=-6.0, flipHoriz=False, flipVert=False, font='Open Sans', fontFiles=[], height=0.1, italic=False, languageStyle='LTR', name='text', opacity=1, ori=0.0, pos=array([0., 0.]), rgb=UNKNOWN, text='+', units='height', win=Window(...), wrapWidth=1)
16.9011 	EXP 	unnamed Form: autoLog = True
16.9011 	EXP 	DepressionQuestionnaire: name = 'DepressionQuestionnaire'
16.9011 	EXP 	DepressionQuestionnaire: size = (3.5, 1)
16.9011 	EXP 	DepressionQuestionnaire: size = array([3.5, 1. ])
16.9011 	EXP 	DepressionQuestionnaire: units = 'height'
16.9011 	EXP 	DepressionQuestionnaire: depth = 0
16.9011 	EXP 	WelcomeText: autoDraw = True
17.9150 	EXP 	WelcomeText: autoDraw = False
17.9150 	EXP 	DepressionQuestionnaire: autoDraw = True
21.2383 	DATA 	Mouse: Left button down, pos=(707,98)
21.2609 	EXP 	DepressionQuestionnaire: autoDraw = False
21.2609 	EXP 	instructionsText: autoDraw = True
21.3461 	DATA 	Mouse:  Left button up, pos=(707,98)
23.4105 	EXP 	Imported picPaths.xlsx as conditions, 6 conditions, 4 params
23.4110 	EXP 	Created sequence: random, trialTypes=6, nReps=1, seed=None
23.4114 	EXP 	New trial (rep=0, index=0): {'startImage': 'C:\\Users\\hesselmann\\Desktop\\PsychoPyUniformityIllusion\\UniformityIllusionPsychoPy\\Pics\\1start.png', 'midImage': 'C:\\Users\\hesselmann\\Desktop\\PsychoPyUniformityIllusion\\UniformityIllusionPsychoPy\\Pics\\1a.png', 'endImage': 'C:\\Users\\hesselmann\\Desktop\\PsychoPyUniformityIllusion\\UniformityIllusionPsychoPy\\Pics\\1a.png', 'AB': 'a'}
23.7986 	DATA 	Keypress: space
23.8567 	EXP 	instructionsText: autoDraw = False
23.8567 	EXP 	hasPeriphery: size = array([1.77777778, 1.        ])
23.8567 	EXP 	hasPeriphery: image = 'C:\\Users\\hesselmann\\Desktop\\PsychoPyUniformityIllusion\\UniformityIllusionPsychoPy\\Pics\\1a.png'
23.8567 	EXP 	noPeriphery: size = array([1.77777778, 1.        ])
23.8567 	EXP 	noPeriphery: image = 'C:\\Users\\hesselmann\\Desktop\\PsychoPyUniformityIllusion\\UniformityIllusionPsychoPy\\Pics\\1start.png'
23.8567 	EXP 	final: size = array([1.77777778, 1.        ])
23.8567 	EXP 	final: image = 'C:\\Users\\hesselmann\\Desktop\\PsychoPyUniformityIllusion\\UniformityIllusionPsychoPy\\Pics\\1a.png'
23.8567 	EXP 	hasPeriphery: autoDraw = True
23.8567 	EXP 	hasPeriphery: texRes = 128.0
23.8567 	EXP 	noPeriphery: autoDraw = True
23.8567 	EXP 	noPeriphery: texRes = 128.0
23.8567 	EXP 	text: autoDraw = True
24.0262 	EXP 	hasPeriphery: texRes = 128.0
24.0262 	EXP 	noPeriphery: texRes = 128.0
24.2580 	EXP 	hasPeriphery: texRes = 128.0
24.2580 	EXP 	noPeriphery: texRes = 128.0
24.4147 	EXP 	New trial (rep=0, index=1): {'startImage': 'C:\\Users\\hesselmann\\Desktop\\PsychoPyUniformityIllusion\\UniformityIllusionPsychoPy\\Pics\\2start.png', 'midImage': 'C:\\Users\\hesselmann\\Desktop\\PsychoPyUniformityIllusion\\UniformityIllusionPsychoPy\\Pics\\2a.png', 'endImage': 'C:\\Users\\hesselmann\\Desktop\\PsychoPyUniformityIllusion\\UniformityIllusionPsychoPy\\Pics\\2b.png', 'AB': 'b'}
24.6052 	EXP 	New trial (rep=0, index=2): {'startImage': 'C:\\Users\\hesselmann\\Desktop\\PsychoPyUniformityIllusion\\UniformityIllusionPsychoPy\\Pics\\1start.png', 'midImage': 'C:\\Users\\hesselmann\\Desktop\\PsychoPyUniformityIllusion\\UniformityIllusionPsychoPy\\Pics\\1a.png', 'endImage': 'C:\\Users\\hesselmann\\Desktop\\PsychoPyUniformityIllusion\\UniformityIllusionPsychoPy\\Pics\\1b.png', 'AB': 'b'}
24.8951 	EXP 	New trial (rep=0, index=3): {'startImage': 'C:\\Users\\hesselmann\\Desktop\\PsychoPyUniformityIllusion\\UniformityIllusionPsychoPy\\Pics\\3start.png', 'midImage': 'C:\\Users\\hesselmann\\Desktop\\PsychoPyUniformityIllusion\\UniformityIllusionPsychoPy\\Pics\\3a.png', 'endImage': 'C:\\Users\\hesselmann\\Desktop\\PsychoPyUniformityIllusion\\UniformityIllusionPsychoPy\\Pics\\3a.png', 'AB': 'a'}
25.1311 	EXP 	New trial (rep=0, index=4): {'startImage': 'C:\\Users\\hesselmann\\Desktop\\PsychoPyUniformityIllusion\\UniformityIllusionPsychoPy\\Pics\\3start.png', 'midImage': 'C:\\Users\\hesselmann\\Desktop\\PsychoPyUniformityIllusion\\UniformityIllusionPsychoPy\\Pics\\3a.png', 'endImage': 'C:\\Users\\hesselmann\\Desktop\\PsychoPyUniformityIllusion\\UniformityIllusionPsychoPy\\Pics\\3b.png', 'AB': 'b'}
25.3571 	EXP 	New trial (rep=0, index=5): {'startImage': 'C:\\Users\\hesselmann\\Desktop\\PsychoPyUniformityIllusion\\UniformityIllusionPsychoPy\\Pics\\2start.png', 'midImage': 'C:\\Users\\hesselmann\\Desktop\\PsychoPyUniformityIllusion\\UniformityIllusionPsychoPy\\Pics\\2a.png', 'endImage': 'C:\\Users\\hesselmann\\Desktop\\PsychoPyUniformityIllusion\\UniformityIllusionPsychoPy\\Pics\\2a.png', 'AB': 'a'}
25.5947 	EXP 	hasPeriphery: texRes = 128.0
25.5947 	EXP 	noPeriphery: texRes = 128.0
25.5947 	EXP 	hasPeriphery: autoDraw = False
25.5947 	EXP 	noPeriphery: autoDraw = False
25.5947 	EXP 	final: autoDraw = False
25.5947 	EXP 	blank_screen: autoDraw = False
25.5947 	EXP 	text: autoDraw = False
25.5947 	EXP 	hasPeriphery: size = array([1.77777778, 1.        ])
25.5947 	EXP 	hasPeriphery: image = 'C:\\Users\\hesselmann\\Desktop\\PsychoPyUniformityIllusion\\UniformityIllusionPsychoPy\\Pics\\2a.png'
25.5947 	EXP 	noPeriphery: size = array([1.77777778, 1.        ])
25.5947 	EXP 	noPeriphery: image = 'C:\\Users\\hesselmann\\Desktop\\PsychoPyUniformityIllusion\\UniformityIllusionPsychoPy\\Pics\\2start.png'
25.5947 	EXP 	final: size = array([1.77777778, 1.        ])
25.5947 	EXP 	final: image = 'C:\\Users\\hesselmann\\Desktop\\PsychoPyUniformityIllusion\\UniformityIllusionPsychoPy\\Pics\\2b.png'
25.5947 	EXP 	hasPeriphery: autoDraw = True
25.5947 	EXP 	hasPeriphery: texRes = 128.0
25.5947 	EXP 	noPeriphery: autoDraw = True
25.5947 	EXP 	noPeriphery: texRes = 128.0
25.5947 	EXP 	text: autoDraw = True
25.5947 	EXP 	hasPeriphery: autoDraw = False
25.5947 	EXP 	noPeriphery: autoDraw = False
25.5947 	EXP 	final: autoDraw = False
25.5947 	EXP 	blank_screen: autoDraw = False
25.5947 	EXP 	text: autoDraw = False
25.5947 	EXP 	hasPeriphery: size = array([1.77777778, 1.        ])
25.5947 	EXP 	hasPeriphery: image = 'C:\\Users\\hesselmann\\Desktop\\PsychoPyUniformityIllusion\\UniformityIllusionPsychoPy\\Pics\\1a.png'
25.5947 	EXP 	noPeriphery: size = array([1.77777778, 1.        ])
25.5947 	EXP 	noPeriphery: image = 'C:\\Users\\hesselmann\\Desktop\\PsychoPyUniformityIllusion\\UniformityIllusionPsychoPy\\Pics\\1start.png'
25.5947 	EXP 	final: size = array([1.77777778, 1.        ])
25.5947 	EXP 	final: image = 'C:\\Users\\hesselmann\\Desktop\\PsychoPyUniformityIllusion\\UniformityIllusionPsychoPy\\Pics\\1b.png'
25.5947 	EXP 	hasPeriphery: autoDraw = True
25.5947 	EXP 	hasPeriphery: texRes = 128.0
25.5947 	EXP 	noPeriphery: autoDraw = True
25.5947 	EXP 	noPeriphery: texRes = 128.0
25.5947 	EXP 	text: autoDraw = True
25.5947 	EXP 	hasPeriphery: autoDraw = False
25.5947 	EXP 	noPeriphery: autoDraw = False
25.5947 	EXP 	final: autoDraw = False
25.5947 	EXP 	blank_screen: autoDraw = False
25.5947 	EXP 	text: autoDraw = False
25.5947 	EXP 	hasPeriphery: size = array([1.77777778, 1.        ])
25.5947 	EXP 	hasPeriphery: image = 'C:\\Users\\hesselmann\\Desktop\\PsychoPyUniformityIllusion\\UniformityIllusionPsychoPy\\Pics\\3a.png'
25.5947 	EXP 	noPeriphery: size = array([1.77777778, 1.        ])
25.5947 	EXP 	noPeriphery: image = 'C:\\Users\\hesselmann\\Desktop\\PsychoPyUniformityIllusion\\UniformityIllusionPsychoPy\\Pics\\3start.png'
25.5947 	EXP 	final: size = array([1.77777778, 1.        ])
25.5947 	EXP 	final: image = 'C:\\Users\\hesselmann\\Desktop\\PsychoPyUniformityIllusion\\UniformityIllusionPsychoPy\\Pics\\3a.png'
25.5947 	EXP 	hasPeriphery: autoDraw = True
25.5947 	EXP 	hasPeriphery: texRes = 128.0
25.5947 	EXP 	noPeriphery: autoDraw = True
25.5947 	EXP 	noPeriphery: texRes = 128.0
25.5947 	EXP 	text: autoDraw = True
25.5947 	EXP 	hasPeriphery: autoDraw = False
25.5947 	EXP 	noPeriphery: autoDraw = False
25.5947 	EXP 	final: autoDraw = False
25.5947 	EXP 	blank_screen: autoDraw = False
25.5947 	EXP 	text: autoDraw = False
25.5947 	EXP 	hasPeriphery: size = array([1.77777778, 1.        ])
25.5947 	EXP 	hasPeriphery: image = 'C:\\Users\\hesselmann\\Desktop\\PsychoPyUniformityIllusion\\UniformityIllusionPsychoPy\\Pics\\3a.png'
25.5947 	EXP 	noPeriphery: size = array([1.77777778, 1.        ])
25.5947 	EXP 	noPeriphery: image = 'C:\\Users\\hesselmann\\Desktop\\PsychoPyUniformityIllusion\\UniformityIllusionPsychoPy\\Pics\\3start.png'
25.5947 	EXP 	final: size = array([1.77777778, 1.        ])
25.5947 	EXP 	final: image = 'C:\\Users\\hesselmann\\Desktop\\PsychoPyUniformityIllusion\\UniformityIllusionPsychoPy\\Pics\\3b.png'
25.5947 	EXP 	hasPeriphery: autoDraw = True
25.5947 	EXP 	hasPeriphery: texRes = 128.0
25.5947 	EXP 	noPeriphery: autoDraw = True
25.5947 	EXP 	noPeriphery: texRes = 128.0
25.5947 	EXP 	text: autoDraw = True
25.5947 	EXP 	hasPeriphery: autoDraw = False
25.5947 	EXP 	noPeriphery: autoDraw = False
25.5947 	EXP 	final: autoDraw = False
25.5947 	EXP 	blank_screen: autoDraw = False
25.5947 	EXP 	text: autoDraw = False
25.5947 	EXP 	hasPeriphery: size = array([1.77777778, 1.        ])
25.5947 	EXP 	hasPeriphery: image = 'C:\\Users\\hesselmann\\Desktop\\PsychoPyUniformityIllusion\\UniformityIllusionPsychoPy\\Pics\\2a.png'
25.5947 	EXP 	noPeriphery: size = array([1.77777778, 1.        ])
25.5947 	EXP 	noPeriphery: image = 'C:\\Users\\hesselmann\\Desktop\\PsychoPyUniformityIllusion\\UniformityIllusionPsychoPy\\Pics\\2start.png'
25.5947 	EXP 	final: size = array([1.77777778, 1.        ])
25.5947 	EXP 	final: image = 'C:\\Users\\hesselmann\\Desktop\\PsychoPyUniformityIllusion\\UniformityIllusionPsychoPy\\Pics\\2a.png'
25.5947 	EXP 	hasPeriphery: autoDraw = True
25.5947 	EXP 	hasPeriphery: texRes = 128.0
25.5947 	EXP 	noPeriphery: autoDraw = True
25.5947 	EXP 	noPeriphery: texRes = 128.0
25.5947 	EXP 	text: autoDraw = True
25.5947 	EXP 	hasPeriphery: autoDraw = False
25.5947 	EXP 	noPeriphery: autoDraw = False
25.5947 	EXP 	final: autoDraw = False
25.5947 	EXP 	blank_screen: autoDraw = False
25.5947 	EXP 	text: autoDraw = False
25.5947 	EXP 	WelcomeText: autoDraw = True
27.6212 	EXP 	Imported picPaths.xlsx as conditions, 24 conditions, 4 params
27.6216 	EXP 	Created sequence: random, trialTypes=24, nReps=1, seed=None
27.6219 	EXP 	New trial (rep=0, index=0): {'startImage': 'C:\\Users\\hesselmann\\Desktop\\PsychoPyUniformityIllusion\\UniformityIllusionPsychoPy\\Pics\\6start.png', 'midImage': 'C:\\Users\\hesselmann\\Desktop\\PsychoPyUniformityIllusion\\UniformityIllusionPsychoPy\\Pics\\6a.png', 'endImage': 'C:\\Users\\hesselmann\\Desktop\\PsychoPyUniformityIllusion\\UniformityIllusionPsychoPy\\Pics\\6b.png', 'AB': 'b'}
27.9534 	EXP 	New trial (rep=0, index=1): {'startImage': 'C:\\Users\\hesselmann\\Desktop\\PsychoPyUniformityIllusion\\UniformityIllusionPsychoPy\\Pics\\8start.png', 'midImage': 'C:\\Users\\hesselmann\\Desktop\\PsychoPyUniformityIllusion\\UniformityIllusionPsychoPy\\Pics\\8a.png', 'endImage': 'C:\\Users\\hesselmann\\Desktop\\PsychoPyUniformityIllusion\\UniformityIllusionPsychoPy\\Pics\\8b.png', 'AB': None}
28.2085 	EXP 	New trial (rep=0, index=2): {'startImage': 'C:\\Users\\hesselmann\\Desktop\\PsychoPyUniformityIllusion\\UniformityIllusionPsychoPy\\Pics\\10start.png', 'midImage': 'C:\\Users\\hesselmann\\Desktop\\PsychoPyUniformityIllusion\\UniformityIllusionPsychoPy\\Pics\\10a.png', 'endImage': 'C:\\Users\\hesselmann\\Desktop\\PsychoPyUniformityIllusion\\UniformityIllusionPsychoPy\\Pics\\10b.png', 'AB': None}
28.5820 	EXP 	WelcomeText: autoDraw = False
28.5820 	EXP 	hasPeriphery: size = array([1.77777778, 1.        ])
28.5820 	EXP 	hasPeriphery: image = 'C:\\Users\\hesselmann\\Desktop\\PsychoPyUniformityIllusion\\UniformityIllusionPsychoPy\\Pics\\6a.png'
28.5820 	EXP 	noPeriphery: size = array([1.77777778, 1.        ])
28.5820 	EXP 	noPeriphery: image = 'C:\\Users\\hesselmann\\Desktop\\PsychoPyUniformityIllusion\\UniformityIllusionPsychoPy\\Pics\\6start.png'
28.5820 	EXP 	final: size = array([1.77777778, 1.        ])
28.5820 	EXP 	final: image = 'C:\\Users\\hesselmann\\Desktop\\PsychoPyUniformityIllusion\\UniformityIllusionPsychoPy\\Pics\\6b.png'
28.5820 	EXP 	hasPeriphery: autoDraw = True
28.5820 	EXP 	hasPeriphery: texRes = 128.0
28.5820 	EXP 	noPeriphery: autoDraw = True
28.5820 	EXP 	noPeriphery: texRes = 128.0
28.5820 	EXP 	text: autoDraw = True
28.5820 	EXP 	hasPeriphery: autoDraw = False
28.5820 	EXP 	noPeriphery: autoDraw = False
28.5820 	EXP 	final: autoDraw = False
28.5820 	EXP 	blank_screen: autoDraw = False
28.5820 	EXP 	text: autoDraw = False
28.5820 	EXP 	hasPeriphery: size = array([1.77777778, 1.        ])
28.5820 	EXP 	hasPeriphery: image = 'C:\\Users\\hesselmann\\Desktop\\PsychoPyUniformityIllusion\\UniformityIllusionPsychoPy\\Pics\\8a.png'
28.5820 	EXP 	noPeriphery: size = array([1.77777778, 1.        ])
28.5820 	EXP 	noPeriphery: image = 'C:\\Users\\hesselmann\\Desktop\\PsychoPyUniformityIllusion\\UniformityIllusionPsychoPy\\Pics\\8start.png'
28.5820 	EXP 	final: size = array([1.77777778, 1.        ])
28.5820 	EXP 	final: image = 'C:\\Users\\hesselmann\\Desktop\\PsychoPyUniformityIllusion\\UniformityIllusionPsychoPy\\Pics\\8b.png'
28.5820 	EXP 	hasPeriphery: autoDraw = True
28.5820 	EXP 	hasPeriphery: texRes = 128.0
28.5820 	EXP 	noPeriphery: autoDraw = True
28.5820 	EXP 	noPeriphery: texRes = 128.0
28.5820 	EXP 	text: autoDraw = True
28.5820 	EXP 	hasPeriphery: autoDraw = False
28.5820 	EXP 	noPeriphery: autoDraw = False
28.5820 	EXP 	final: autoDraw = False
28.5820 	EXP 	blank_screen: autoDraw = False
28.5820 	EXP 	text: autoDraw = False
28.5820 	EXP 	hasPeriphery: size = array([1.77777778, 1.        ])
28.5820 	EXP 	hasPeriphery: image = 'C:\\Users\\hesselmann\\Desktop\\PsychoPyUniformityIllusion\\UniformityIllusionPsychoPy\\Pics\\10a.png'
28.5820 	EXP 	noPeriphery: size = array([1.77777778, 1.        ])
28.5820 	EXP 	noPeriphery: image = 'C:\\Users\\hesselmann\\Desktop\\PsychoPyUniformityIllusion\\UniformityIllusionPsychoPy\\Pics\\10start.png'
28.5820 	EXP 	final: size = array([1.77777778, 1.        ])
28.5820 	EXP 	final: image = 'C:\\Users\\hesselmann\\Desktop\\PsychoPyUniformityIllusion\\UniformityIllusionPsychoPy\\Pics\\10b.png'
28.5820 	EXP 	hasPeriphery: autoDraw = True
28.5820 	EXP 	hasPeriphery: texRes = 128.0
28.5820 	EXP 	noPeriphery: autoDraw = True
28.5820 	EXP 	noPeriphery: texRes = 128.0
28.5820 	EXP 	text: autoDraw = True
28.7706 	EXP 	hasPeriphery: texRes = 128.0
28.7706 	EXP 	noPeriphery: texRes = 128.0
28.9676 	EXP 	New trial (rep=0, index=3): {'startImage': 'C:\\Users\\hesselmann\\Desktop\\PsychoPyUniformityIllusion\\UniformityIllusionPsychoPy\\Pics\\14start.png', 'midImage': 'C:\\Users\\hesselmann\\Desktop\\PsychoPyUniformityIllusion\\UniformityIllusionPsychoPy\\Pics\\14a.png', 'endImage': 'C:\\Users\\hesselmann\\Desktop\\PsychoPyUniformityIllusion\\UniformityIllusionPsychoPy\\Pics\\14a.png', 'AB': None}
29.3775 	EXP 	New trial (rep=0, index=4): {'startImage': 'C:\\Users\\hesselmann\\Desktop\\PsychoPyUniformityIllusion\\UniformityIllusionPsychoPy\\Pics\\9start.png', 'midImage': 'C:\\Users\\hesselmann\\Desktop\\PsychoPyUniformityIllusion\\UniformityIllusionPsychoPy\\Pics\\9a.png', 'endImage': 'C:\\Users\\hesselmann\\Desktop\\PsychoPyUniformityIllusion\\UniformityIllusionPsychoPy\\Pics\\9a.png', 'AB': None}
29.7620 	EXP 	hasPeriphery: texRes = 128.0
29.7620 	EXP 	noPeriphery: texRes = 128.0
29.7620 	EXP 	hasPeriphery: autoDraw = False
29.7620 	EXP 	noPeriphery: autoDraw = False
29.7620 	EXP 	final: autoDraw = False
29.7620 	EXP 	blank_screen: autoDraw = False
29.7620 	EXP 	text: autoDraw = False
29.7620 	EXP 	hasPeriphery: size = array([1.77777778, 1.        ])
29.7620 	EXP 	hasPeriphery: image = 'C:\\Users\\hesselmann\\Desktop\\PsychoPyUniformityIllusion\\UniformityIllusionPsychoPy\\Pics\\14a.png'
29.7620 	EXP 	noPeriphery: size = array([1.77777778, 1.        ])
29.7620 	EXP 	noPeriphery: image = 'C:\\Users\\hesselmann\\Desktop\\PsychoPyUniformityIllusion\\UniformityIllusionPsychoPy\\Pics\\14start.png'
29.7620 	EXP 	final: size = array([1.77777778, 1.        ])
29.7620 	EXP 	final: image = 'C:\\Users\\hesselmann\\Desktop\\PsychoPyUniformityIllusion\\UniformityIllusionPsychoPy\\Pics\\14a.png'
29.7620 	EXP 	hasPeriphery: autoDraw = True
29.7620 	EXP 	hasPeriphery: texRes = 128.0
29.7620 	EXP 	noPeriphery: autoDraw = True
29.7620 	EXP 	noPeriphery: texRes = 128.0
29.7620 	EXP 	text: autoDraw = True
29.7620 	EXP 	hasPeriphery: autoDraw = False
29.7620 	EXP 	noPeriphery: autoDraw = False
29.7620 	EXP 	final: autoDraw = False
29.7620 	EXP 	blank_screen: autoDraw = False
29.7620 	EXP 	text: autoDraw = False
29.7620 	EXP 	hasPeriphery: size = array([1.77777778, 1.        ])
29.7620 	EXP 	hasPeriphery: image = 'C:\\Users\\hesselmann\\Desktop\\PsychoPyUniformityIllusion\\UniformityIllusionPsychoPy\\Pics\\9a.png'
29.7620 	EXP 	noPeriphery: size = array([1.77777778, 1.        ])
29.7620 	EXP 	noPeriphery: image = 'C:\\Users\\hesselmann\\Desktop\\PsychoPyUniformityIllusion\\UniformityIllusionPsychoPy\\Pics\\9start.png'
29.7620 	EXP 	final: size = array([1.77777778, 1.        ])
29.7620 	EXP 	final: image = 'C:\\Users\\hesselmann\\Desktop\\PsychoPyUniformityIllusion\\UniformityIllusionPsychoPy\\Pics\\9a.png'
29.7620 	EXP 	hasPeriphery: autoDraw = True
29.7620 	EXP 	hasPeriphery: texRes = 128.0
29.7620 	EXP 	noPeriphery: autoDraw = True
29.7620 	EXP 	noPeriphery: texRes = 128.0
29.7620 	EXP 	text: autoDraw = True
29.9492 	EXP 	hasPeriphery: texRes = 128.0
29.9492 	EXP 	noPeriphery: texRes = 128.0
30.1553 	EXP 	hasPeriphery: texRes = 128.0
30.1553 	EXP 	noPeriphery: texRes = 128.0
30.3341 	EXP 	hasPeriphery: texRes = 128.0
30.3341 	EXP 	noPeriphery: texRes = 128.0
30.5662 	EXP 	hasPeriphery: texRes = 128.0
30.5662 	EXP 	noPeriphery: texRes = 128.0
30.7723 	EXP 	hasPeriphery: texRes = 128.0
30.7723 	EXP 	noPeriphery: texRes = 128.0
30.9610 	EXP 	hasPeriphery: texRes = 128.0
30.9610 	EXP 	noPeriphery: texRes = 128.0
31.1917 	EXP 	hasPeriphery: texRes = 128.0
31.1917 	EXP 	noPeriphery: texRes = 128.0
31.3688 	EXP 	hasPeriphery: texRes = 128.0
31.3688 	EXP 	noPeriphery: texRes = 128.0
31.5846 	EXP 	hasPeriphery: texRes = 128.0
31.5846 	EXP 	noPeriphery: texRes = 128.0
31.8015 	EXP 	hasPeriphery: texRes = 128.0
31.8015 	EXP 	noPeriphery: texRes = 128.0
32.0133 	EXP 	hasPeriphery: texRes = 128.0
32.0133 	EXP 	noPeriphery: texRes = 128.0
32.2236 	EXP 	hasPeriphery: texRes = 128.0
32.2236 	EXP 	noPeriphery: texRes = 128.0
32.4512 	EXP 	hasPeriphery: texRes = 128.0
32.4512 	EXP 	noPeriphery: texRes = 128.0
32.6686 	EXP 	hasPeriphery: texRes = 128.0
32.6686 	EXP 	noPeriphery: texRes = 128.0
32.8765 	EXP 	hasPeriphery: texRes = 128.0
32.8765 	EXP 	noPeriphery: texRes = 128.0
33.0783 	EXP 	hasPeriphery: texRes = 128.0
33.0783 	EXP 	noPeriphery: texRes = 128.0
33.2789 	EXP 	hasPeriphery: texRes = 128.0
33.2789 	EXP 	noPeriphery: texRes = 128.0
33.4815 	EXP 	hasPeriphery: texRes = 128.0
33.4815 	EXP 	noPeriphery: texRes = 128.0
33.7021 	EXP 	hasPeriphery: texRes = 128.0
33.7021 	EXP 	noPeriphery: texRes = 128.0
33.9111 	EXP 	hasPeriphery: texRes = 128.0
33.9111 	EXP 	noPeriphery: texRes = 128.0
34.1173 	EXP 	hasPeriphery: texRes = 128.0
34.1173 	EXP 	noPeriphery: texRes = 128.0
34.3192 	EXP 	hasPeriphery: texRes = 128.0
34.3192 	EXP 	noPeriphery: texRes = 128.0
34.5189 	EXP 	hasPeriphery: texRes = 128.0
34.5189 	EXP 	noPeriphery: texRes = 128.0
34.7074 	EXP 	hasPeriphery: texRes = 128.0
34.7074 	EXP 	noPeriphery: texRes = 128.0
34.9177 	EXP 	hasPeriphery: texRes = 128.0
34.9177 	EXP 	noPeriphery: texRes = 128.0
35.1170 	EXP 	hasPeriphery: texRes = 128.0
35.1170 	EXP 	noPeriphery: texRes = 128.0
35.3400 	EXP 	hasPeriphery: texRes = 128.0
35.3400 	EXP 	noPeriphery: texRes = 128.0
35.5671 	EXP 	hasPeriphery: texRes = 128.0
35.5671 	EXP 	noPeriphery: texRes = 128.0
35.7909 	EXP 	hasPeriphery: texRes = 128.0
35.7909 	EXP 	noPeriphery: texRes = 128.0
36.0028 	EXP 	hasPeriphery: texRes = 128.0
36.0028 	EXP 	noPeriphery: texRes = 128.0
36.2225 	EXP 	hasPeriphery: texRes = 128.0
36.2225 	EXP 	noPeriphery: texRes = 128.0
36.3780 	EXP 	New trial (rep=0, index=5): {'startImage': 'C:\\Users\\hesselmann\\Desktop\\PsychoPyUniformityIllusion\\UniformityIllusionPsychoPy\\Pics\\12start.png', 'midImage': 'C:\\Users\\hesselmann\\Desktop\\PsychoPyUniformityIllusion\\UniformityIllusionPsychoPy\\Pics\\12bapng', 'endImage': 'C:\\Users\\hesselmann\\Desktop\\PsychoPyUniformityIllusion\\UniformityIllusionPsychoPy\\Pics\\12b.png', 'AB': None}
36.3788 	ERROR 	Couldn't find image C:\Users\hesselmann\Desktop\PsychoPyUniformityIllusion\UniformityIllusionPsychoPy\Pics\12bapng; check path? (tried: C:\Users\hesselmann\Desktop\PsychoPyUniformityIllusion\UniformityIllusionPsychoPy\Pics\12bapng)
36.7434 	EXP 	window1: mouseVisible = True
