1.0207 	WARNING 	We strongly recommend you activate the PTB sound engine in PsychoPy prefs as the preferred audio engine. Its timing is vastly superior. Your prefs are currently set to use ['sounddevice', 'PTB', 'pyo', 'pygame'] (in that order).
6.3583 	EXP 	Created window1 = Window(allowGUI=False, allowStencil=False, autoLog=True, backendConf=UNKNOWN, bitsMode=UNKNOWN, blendMode='avg', bpc=(8, 8, 8), color=array([0, 0, 0]), colorSpace='rgb', depthBits=8, fullscr=<method-wrapper '__getattribute__' of attributeSetter object at 0x000002CA74384EB8>, gamma=None, gammaErrorPolicy='raise', lms=UNKNOWN, monitor=<psychopy.monitors.calibTools.Monitor object at 0x000002CA7435E550>, multiSample=False, name='window1', numSamples=2, pos=[0.0, 0.0], screen=0, size=array([1920, 1080]), stencilBits=0, stereo=False, units='height', useFBO=True, useRetina=False, viewOri=0.0, viewPos=None, viewScale=None, waitBlanking=True, winType='pyglet')
6.3586 	EXP 	window1: mouseVisible = True
6.3586 	EXP 	window1: recordFrameIntervals = False
6.5249 	EXP 	window1: recordFrameIntervals = True
6.7077 	EXP 	window1: recordFrameIntervals = False
7.0909 	EXP 	Created WelcomeText = TextStim(__class__=<class 'psychopy.visual.text.TextStim'>, alignHoriz=method-wrapper(...), alignText='center', alignVert=method-wrapper(...), anchorHoriz='center', anchorVert='center', antialias=True, autoLog=True, bold=False, color=array([1, 1, 1]), colorSpace='rgb', contrast=1.0, depth=0.0, flipHoriz=False, flipVert=False, font='Open Sans', fontFiles=[], height=0.1, italic=False, languageStyle='LTR', name='WelcomeText', opacity=1, ori=0.0, pos=array([0., 0.]), rgb=UNKNOWN, text='Welcome to our Study!', units='height', win=Window(...), wrapWidth=1)
7.1044 	EXP 	Imported depression.xlsx as conditions, 2 conditions, 12 params
7.1054 	EXP 	Question text: Sadness
7.1312 	EXP 	window1: mouseVisible = True
7.1676 	EXP 	Question text: Pessimism
7.1830 	EXP 	window1: mouseVisible = True
7.2110 	EXP 	window1: mouseVisible = True
7.2158 	EXP 	Created unnamed Rect = Rect(__class__=<class 'psychopy.visual.rect.Rect'>, autoDraw=False, autoLog=True, closeShape=True, color=method-wrapper(...), colorSpace='rgb', contrast=None, depth=0, fillColor=array([0, 0, 0]), fillColorSpace='rgb', fillRGB=UNKNOWN, interpolate=True, lineColor=array([0, 0, 0]), lineColorSpace='rgb', lineRGB=UNKNOWN, lineWidth=1.5, name='unnamed Rect', opacity=0, ori=0.0, pos=array([0., 0.]), size=array([0., 0.]), units='height', vertices=ndarray(...), win=Window(...))
7.2239 	EXP 	Created DepressionQuestionnaire = <psychopy.visual.form.Form object at 0x000002CA7719F748>
7.2472 	EXP 	window1: mouseVisible = True
7.2954 	EXP 	Created instructionsText = TextStim(__class__=<class 'psychopy.visual.text.TextStim'>, alignHoriz=method-wrapper(...), alignText='center', alignVert=method-wrapper(...), anchorHoriz='center', anchorVert='center', antialias=True, autoLog=True, bold=False, color=array([1, 1, 1]), colorSpace='rgb', contrast=1.0, depth=0.0, flipHoriz=False, flipVert=False, font='Open Sans', fontFiles=[], height=0.04, italic=False, languageStyle='LTR', name='instructionsText', opacity=1, ori=0.0, pos=array([0., 0.]), rgb=UNKNOWN, text=str(...), units='height', win=Window(...), wrapWidth=1)
7.4101 	EXP 	window1: mouseVisible = True
1.0645 	WARNING 	We strongly recommend you activate the PTB sound engine in PsychoPy prefs as the preferred audio engine. Its timing is vastly superior. Your prefs are currently set to use ['sounddevice', 'PTB', 'pyo', 'pygame'] (in that order).
5.9887 	EXP 	Created window1 = Window(allowGUI=False, allowStencil=False, autoLog=True, backendConf=UNKNOWN, bitsMode=UNKNOWN, blendMode='avg', bpc=(8, 8, 8), color=array([0, 0, 0]), colorSpace='rgb', depthBits=8, fullscr=<method-wrapper '__getattribute__' of attributeSetter object at 0x0000014BAEA94EB8>, gamma=None, gammaErrorPolicy='raise', lms=UNKNOWN, monitor=<psychopy.monitors.calibTools.Monitor object at 0x0000014BAEAB3550>, multiSample=False, name='window1', numSamples=2, pos=[0.0, 0.0], screen=0, size=array([1920, 1080]), stencilBits=0, stereo=False, units='height', useFBO=True, useRetina=False, viewOri=0.0, viewPos=None, viewScale=None, waitBlanking=True, winType='pyglet')
5.9889 	EXP 	window1: mouseVisible = True
5.9889 	EXP 	window1: recordFrameIntervals = False
6.1543 	EXP 	window1: recordFrameIntervals = True
6.3390 	EXP 	window1: recordFrameIntervals = False
6.7240 	EXP 	Created WelcomeText = TextStim(__class__=<class 'psychopy.visual.text.TextStim'>, alignHoriz=method-wrapper(...), alignText='center', alignVert=method-wrapper(...), anchorHoriz='center', anchorVert='center', antialias=True, autoLog=True, bold=False, color=array([1, 1, 1]), colorSpace='rgb', contrast=1.0, depth=0.0, flipHoriz=False, flipVert=False, font='Open Sans', fontFiles=[], height=0.1, italic=False, languageStyle='LTR', name='WelcomeText', opacity=1, ori=0.0, pos=array([0., 0.]), rgb=UNKNOWN, text='Welcome to our Study!', units='height', win=Window(...), wrapWidth=1)
6.7384 	EXP 	Imported depression.xlsx as conditions, 2 conditions, 12 params
6.7394 	EXP 	Question text: Sadness
6.7574 	EXP 	window1: mouseVisible = True
6.7885 	EXP 	Question text: Pessimism
6.7962 	EXP 	window1: mouseVisible = True
6.8184 	EXP 	window1: mouseVisible = True
6.8228 	EXP 	Created unnamed Rect = Rect(__class__=<class 'psychopy.visual.rect.Rect'>, autoDraw=False, autoLog=True, closeShape=True, color=method-wrapper(...), colorSpace='rgb', contrast=None, depth=0, fillColor=array([0, 0, 0]), fillColorSpace='rgb', fillRGB=UNKNOWN, interpolate=True, lineColor=array([0, 0, 0]), lineColorSpace='rgb', lineRGB=UNKNOWN, lineWidth=1.5, name='unnamed Rect', opacity=0, ori=0.0, pos=array([0., 0.]), size=array([0., 0.]), units='height', vertices=ndarray(...), win=Window(...))
6.8309 	EXP 	Created DepressionQuestionnaire = <psychopy.visual.form.Form object at 0x0000014BB18AF7B8>
6.8550 	EXP 	window1: mouseVisible = True
6.8990 	EXP 	Created instructionsText = TextStim(__class__=<class 'psychopy.visual.text.TextStim'>, alignHoriz=method-wrapper(...), alignText='center', alignVert=method-wrapper(...), anchorHoriz='center', anchorVert='center', antialias=True, autoLog=True, bold=False, color=array([1, 1, 1]), colorSpace='rgb', contrast=1.0, depth=0.0, flipHoriz=False, flipVert=False, font='Open Sans', fontFiles=[], height=0.04, italic=False, languageStyle='LTR', name='instructionsText', opacity=1, ori=0.0, pos=array([0., 0.]), rgb=UNKNOWN, text=str(...), units='height', win=Window(...), wrapWidth=1)
6.9001 	EXP 	Created blank_screen = Rect(__class__=<class 'psychopy.visual.rect.Rect'>, autoDraw=False, autoLog=True, closeShape=True, color=method-wrapper(...), colorSpace='rgb', contrast=None, depth=-1.0, fillColor=array([1, 1, 1]), fillColorSpace='rgb', fillRGB=UNKNOWN, interpolate=True, lineColor=array([1, 1, 1]), lineColorSpace='rgb', lineRGB=UNKNOWN, lineWidth=1.0, name='blank_screen', opacity=1, ori=0.0, pos=array([0., 0.]), size=array([2., 2.]), units='height', vertices=ndarray(...), win=Window(...))
6.9031 	EXP 	Created hasPeriphery = ImageStim(__class__=<class 'psychopy.visual.image.ImageStim'>, autoLog=True, color=array([1, 1, 1]), colorSpace='rgb', contrast=1.0, depth=-2.0, flipHoriz=False, flipVert=False, image='sin', interpolate=True, mask=None, maskParams=None, name='hasPeriphery', opacity=1.0, ori=0.0, pos=array([0., 0.]), size=array([0.5, 0.5]), texRes=128.0, units='height', win=Window(...))
6.9064 	EXP 	Created noPeriphery = ImageStim(__class__=<class 'psychopy.visual.image.ImageStim'>, autoLog=True, color=array([1, 1, 1]), colorSpace='rgb', contrast=1.0, depth=-4.0, flipHoriz=False, flipVert=False, image='sin', interpolate=True, mask=None, maskParams=None, name='noPeriphery', opacity=1.0, ori=0.0, pos=array([0., 0.]), size=array([0.5, 0.5]), texRes=128.0, units='height', win=Window(...))
6.9118 	EXP 	Created text = TextStim(__class__=<class 'psychopy.visual.text.TextStim'>, alignHoriz=method-wrapper(...), alignText='center', alignVert=method-wrapper(...), anchorHoriz='center', anchorVert='center', antialias=True, autoLog=True, bold=False, color=array([ 1, -1, -1]), colorSpace='rgb', contrast=1.0, depth=-5.0, flipHoriz=False, flipVert=False, font='Open Sans', fontFiles=[], height=0.1, italic=False, languageStyle='LTR', name='text', opacity=1, ori=0.0, pos=array([0., 0.]), rgb=UNKNOWN, text='+', units='height', win=Window(...), wrapWidth=1)
6.9220 	EXP 	Created WelcomeText = TextStim(__class__=<class 'psychopy.visual.text.TextStim'>, alignHoriz=method-wrapper(...), alignText='center', alignVert=method-wrapper(...), anchorHoriz='center', anchorVert='center', antialias=True, autoLog=True, bold=False, color=array([1, 1, 1]), colorSpace='rgb', contrast=1.0, depth=0.0, flipHoriz=False, flipVert=False, font='Open Sans', fontFiles=[], height=0.1, italic=False, languageStyle='LTR', name='WelcomeText', opacity=1, ori=0.0, pos=array([0., 0.]), rgb=UNKNOWN, text='Welcome to our Study!', units='height', win=Window(...), wrapWidth=1)
6.9246 	EXP 	Created hasPeriphery_2 = ImageStim(__class__=<class 'psychopy.visual.image.ImageStim'>, autoLog=True, color=array([1, 1, 1]), colorSpace='rgb', contrast=1.0, depth=-1.0, flipHoriz=False, flipVert=False, image='sin', interpolate=True, mask=None, maskParams=None, name='hasPeriphery_2', opacity=1.0, ori=0.0, pos=array([0., 0.]), size=array([0.5, 0.5]), texRes=128.0, units='height', win=Window(...))
6.9268 	EXP 	Created noPeriphery_2 = ImageStim(__class__=<class 'psychopy.visual.image.ImageStim'>, autoLog=True, color=array([1, 1, 1]), colorSpace='rgb', contrast=1.0, depth=-3.0, flipHoriz=False, flipVert=False, image='sin', interpolate=True, mask=None, maskParams=None, name='noPeriphery_2', opacity=1.0, ori=0.0, pos=array([0., 0.]), size=array([0.5, 0.5]), texRes=128.0, units='height', win=Window(...))
6.9285 	EXP 	Created text_2 = TextStim(__class__=<class 'psychopy.visual.text.TextStim'>, alignHoriz=method-wrapper(...), alignText='center', alignVert=method-wrapper(...), anchorHoriz='center', anchorVert='center', antialias=True, autoLog=True, bold=False, color=array([ 1, -1, -1]), colorSpace='rgb', contrast=1.0, depth=-4.0, flipHoriz=False, flipVert=False, font='Open Sans', fontFiles=[], height=0.1, italic=False, languageStyle='LTR', name='text_2', opacity=1, ori=0.0, pos=array([0., 0.]), rgb=UNKNOWN, text='+', units='height', win=Window(...), wrapWidth=1)
6.9719 	EXP 	unnamed Form: autoLog = True
6.9719 	EXP 	DepressionQuestionnaire: name = 'DepressionQuestionnaire'
6.9719 	EXP 	DepressionQuestionnaire: size = (3.5, 1)
6.9719 	EXP 	DepressionQuestionnaire: size = array([3.5, 1. ])
6.9719 	EXP 	DepressionQuestionnaire: units = 'height'
6.9719 	EXP 	DepressionQuestionnaire: depth = 0
6.9719 	EXP 	WelcomeText: autoDraw = True
8.9874 	EXP 	WelcomeText: autoDraw = False
8.9874 	EXP 	DepressionQuestionnaire: autoDraw = True
9.4554 	DATA 	Keypress: space
10.0877 	DATA 	Mouse: Left button down, pos=(747,64)
10.1203 	EXP 	DepressionQuestionnaire: autoDraw = False
10.1203 	EXP 	instructionsText: autoDraw = True
10.1923 	DATA 	Mouse:  Left button up, pos=(747,64)
10.6022 	EXP 	Imported picPaths.xlsx as conditions, 6 conditions, 3 params
10.6025 	EXP 	Created sequence: sequential, trialTypes=6, nReps=1, seed=None
10.6027 	EXP 	New trial (rep=0, index=0): {'startImage': 'C:\\Users\\hesselmann\\Desktop\\PsychoPyUniformityIllusion\\UniformityIllusionPsychoPy\\Pics\\1start.png', 'endImage': 'C:\\Users\\hesselmann\\Desktop\\PsychoPyUniformityIllusion\\UniformityIllusionPsychoPy\\Pics\\1a.png', 'AB': 'a'}
10.7911 	DATA 	Keypress: space
10.8368 	EXP 	instructionsText: autoDraw = False
10.8368 	EXP 	hasPeriphery: size = array([1.77777778, 1.        ])
10.8368 	EXP 	hasPeriphery: image = 'C:\\Users\\hesselmann\\Desktop\\PsychoPyUniformityIllusion\\UniformityIllusionPsychoPy\\Pics\\1a.png'
10.8368 	EXP 	noPeriphery: size = array([1.77777778, 1.        ])
10.8368 	EXP 	noPeriphery: image = 'C:\\Users\\hesselmann\\Desktop\\PsychoPyUniformityIllusion\\UniformityIllusionPsychoPy\\Pics\\1start.png'
10.8368 	EXP 	blank_screen: autoDraw = True
10.8368 	EXP 	hasPeriphery: autoDraw = True
10.8368 	EXP 	hasPeriphery: texRes = 128.0
10.8368 	EXP 	noPeriphery: autoDraw = True
10.8368 	EXP 	noPeriphery: texRes = 128.0
10.8368 	EXP 	text: autoDraw = True
10.9870 	EXP 	hasPeriphery: texRes = 128.0
10.9870 	EXP 	noPeriphery: texRes = 128.0
11.1367 	EXP 	hasPeriphery: texRes = 128.0
11.1367 	EXP 	noPeriphery: texRes = 128.0
11.2865 	EXP 	hasPeriphery: texRes = 128.0
11.2865 	EXP 	noPeriphery: texRes = 128.0
11.4372 	EXP 	hasPeriphery: texRes = 128.0
11.4372 	EXP 	noPeriphery: texRes = 128.0
11.5864 	EXP 	hasPeriphery: texRes = 128.0
11.5864 	EXP 	noPeriphery: texRes = 128.0
11.7365 	EXP 	hasPeriphery: texRes = 128.0
11.7365 	EXP 	noPeriphery: texRes = 128.0
11.8868 	EXP 	hasPeriphery: texRes = 128.0
11.8868 	EXP 	noPeriphery: texRes = 128.0
12.0198 	EXP 	blank_screen: autoDraw = False
12.0198 	EXP 	hasPeriphery: texRes = 128.0
12.0198 	EXP 	noPeriphery: texRes = 128.0
12.1536 	EXP 	hasPeriphery: texRes = 128.0
12.1536 	EXP 	noPeriphery: texRes = 128.0
12.2867 	EXP 	hasPeriphery: texRes = 128.0
12.2867 	EXP 	noPeriphery: texRes = 128.0
12.4199 	EXP 	hasPeriphery: texRes = 128.0
12.4199 	EXP 	noPeriphery: texRes = 128.0
12.5529 	EXP 	hasPeriphery: texRes = 128.0
12.5529 	EXP 	noPeriphery: texRes = 128.0
12.6866 	EXP 	hasPeriphery: texRes = 128.0
12.6866 	EXP 	noPeriphery: texRes = 128.0
12.8198 	EXP 	hasPeriphery: texRes = 128.0
12.8198 	EXP 	noPeriphery: texRes = 128.0
12.9700 	EXP 	hasPeriphery: texRes = 128.0
12.9700 	EXP 	noPeriphery: texRes = 128.0
13.1033 	EXP 	hasPeriphery: texRes = 128.0
13.1033 	EXP 	noPeriphery: texRes = 128.0
13.2367 	EXP 	hasPeriphery: texRes = 128.0
13.2367 	EXP 	noPeriphery: texRes = 128.0
13.3872 	EXP 	hasPeriphery: texRes = 128.0
13.3872 	EXP 	noPeriphery: texRes = 128.0
13.5363 	EXP 	hasPeriphery: texRes = 128.0
13.5363 	EXP 	noPeriphery: texRes = 128.0
13.6698 	EXP 	hasPeriphery: texRes = 128.0
13.6698 	EXP 	noPeriphery: texRes = 128.0
13.8034 	EXP 	hasPeriphery: texRes = 128.0
13.8034 	EXP 	noPeriphery: texRes = 128.0
13.9530 	EXP 	hasPeriphery: texRes = 128.0
13.9530 	EXP 	noPeriphery: texRes = 128.0
14.0870 	EXP 	hasPeriphery: texRes = 128.0
14.0870 	EXP 	noPeriphery: texRes = 128.0
14.2201 	EXP 	hasPeriphery: texRes = 128.0
14.2201 	EXP 	noPeriphery: texRes = 128.0
14.3701 	EXP 	hasPeriphery: texRes = 128.0
14.3701 	EXP 	noPeriphery: texRes = 128.0
14.4786 	DATA 	Keypress: space
14.5192 	EXP 	hasPeriphery: texRes = 128.0
14.5192 	EXP 	noPeriphery: texRes = 128.0
14.6229 	EXP 	New trial (rep=0, index=1): {'startImage': 'C:\\Users\\hesselmann\\Desktop\\PsychoPyUniformityIllusion\\UniformityIllusionPsychoPy\\Pics\\1start.png', 'endImage': 'C:\\Users\\hesselmann\\Desktop\\PsychoPyUniformityIllusion\\UniformityIllusionPsychoPy\\Pics\\1b.png', 'AB': 'b'}
14.8529 	EXP 	hasPeriphery: texRes = 128.0
14.8529 	EXP 	noPeriphery: texRes = 128.0
14.8529 	EXP 	blank_screen: autoDraw = False
14.8529 	EXP 	hasPeriphery: autoDraw = False
14.8529 	EXP 	noPeriphery: autoDraw = False
14.8529 	EXP 	text: autoDraw = False
14.8529 	EXP 	hasPeriphery: size = array([1.77777778, 1.        ])
14.8529 	EXP 	hasPeriphery: image = 'C:\\Users\\hesselmann\\Desktop\\PsychoPyUniformityIllusion\\UniformityIllusionPsychoPy\\Pics\\1b.png'
14.8529 	EXP 	noPeriphery: size = array([1.77777778, 1.        ])
14.8529 	EXP 	noPeriphery: image = 'C:\\Users\\hesselmann\\Desktop\\PsychoPyUniformityIllusion\\UniformityIllusionPsychoPy\\Pics\\1start.png'
14.8529 	EXP 	blank_screen: autoDraw = True
14.8529 	EXP 	hasPeriphery: autoDraw = True
14.8529 	EXP 	hasPeriphery: texRes = 128.0
14.8529 	EXP 	noPeriphery: autoDraw = True
14.8529 	EXP 	noPeriphery: texRes = 128.0
14.8529 	EXP 	text: autoDraw = True
15.0025 	EXP 	hasPeriphery: texRes = 128.0
15.0025 	EXP 	noPeriphery: texRes = 128.0
15.1524 	EXP 	hasPeriphery: texRes = 128.0
15.1524 	EXP 	noPeriphery: texRes = 128.0
15.3030 	EXP 	hasPeriphery: texRes = 128.0
15.3030 	EXP 	noPeriphery: texRes = 128.0
15.4534 	EXP 	hasPeriphery: texRes = 128.0
15.4534 	EXP 	noPeriphery: texRes = 128.0
15.6031 	EXP 	hasPeriphery: texRes = 128.0
15.6031 	EXP 	noPeriphery: texRes = 128.0
15.7702 	EXP 	hasPeriphery: texRes = 128.0
15.7702 	EXP 	noPeriphery: texRes = 128.0
15.9190 	EXP 	hasPeriphery: texRes = 128.0
15.9190 	EXP 	noPeriphery: texRes = 128.0
16.0532 	EXP 	blank_screen: autoDraw = False
16.0532 	EXP 	hasPeriphery: texRes = 128.0
16.0532 	EXP 	noPeriphery: texRes = 128.0
16.1860 	EXP 	hasPeriphery: texRes = 128.0
16.1860 	EXP 	noPeriphery: texRes = 128.0
16.3359 	EXP 	hasPeriphery: texRes = 128.0
16.3359 	EXP 	noPeriphery: texRes = 128.0
16.4689 	EXP 	hasPeriphery: texRes = 128.0
16.4689 	EXP 	noPeriphery: texRes = 128.0
16.6025 	EXP 	hasPeriphery: texRes = 128.0
16.6025 	EXP 	noPeriphery: texRes = 128.0
16.7358 	EXP 	hasPeriphery: texRes = 128.0
16.7358 	EXP 	noPeriphery: texRes = 128.0
16.8688 	EXP 	hasPeriphery: texRes = 128.0
16.8688 	EXP 	noPeriphery: texRes = 128.0
17.0020 	EXP 	hasPeriphery: texRes = 128.0
17.0020 	EXP 	noPeriphery: texRes = 128.0
17.1354 	EXP 	hasPeriphery: texRes = 128.0
17.1354 	EXP 	noPeriphery: texRes = 128.0
17.2252 	EXP 	New trial (rep=0, index=2): {'startImage': 'C:\\Users\\hesselmann\\Desktop\\PsychoPyUniformityIllusion\\UniformityIllusionPsychoPy\\Pics\\2start.png', 'endImage': 'C:\\Users\\hesselmann\\Desktop\\PsychoPyUniformityIllusion\\UniformityIllusionPsychoPy\\Pics\\2a.png', 'AB': 'a'}
17.3747 	DATA 	Keypress: space
17.4187 	EXP 	hasPeriphery: texRes = 128.0
17.4187 	EXP 	noPeriphery: texRes = 128.0
17.4187 	EXP 	blank_screen: autoDraw = False
17.4187 	EXP 	hasPeriphery: autoDraw = False
17.4187 	EXP 	noPeriphery: autoDraw = False
17.4187 	EXP 	text: autoDraw = False
17.4187 	EXP 	hasPeriphery: size = array([1.77777778, 1.        ])
17.4187 	EXP 	hasPeriphery: image = 'C:\\Users\\hesselmann\\Desktop\\PsychoPyUniformityIllusion\\UniformityIllusionPsychoPy\\Pics\\2a.png'
17.4187 	EXP 	noPeriphery: size = array([1.77777778, 1.        ])
17.4187 	EXP 	noPeriphery: image = 'C:\\Users\\hesselmann\\Desktop\\PsychoPyUniformityIllusion\\UniformityIllusionPsychoPy\\Pics\\2start.png'
17.4187 	EXP 	blank_screen: autoDraw = True
17.4187 	EXP 	hasPeriphery: autoDraw = True
17.4187 	EXP 	hasPeriphery: texRes = 128.0
17.4187 	EXP 	noPeriphery: autoDraw = True
17.4187 	EXP 	noPeriphery: texRes = 128.0
17.4187 	EXP 	text: autoDraw = True
17.5527 	EXP 	hasPeriphery: texRes = 128.0
17.5527 	EXP 	noPeriphery: texRes = 128.0
17.6864 	EXP 	hasPeriphery: texRes = 128.0
17.6864 	EXP 	noPeriphery: texRes = 128.0
17.8186 	EXP 	hasPeriphery: texRes = 128.0
17.8186 	EXP 	noPeriphery: texRes = 128.0
17.9522 	EXP 	hasPeriphery: texRes = 128.0
17.9522 	EXP 	noPeriphery: texRes = 128.0
18.0686 	EXP 	hasPeriphery: texRes = 128.0
18.0686 	EXP 	noPeriphery: texRes = 128.0
18.1859 	EXP 	hasPeriphery: texRes = 128.0
18.1859 	EXP 	noPeriphery: texRes = 128.0
18.3200 	EXP 	hasPeriphery: texRes = 128.0
18.3200 	EXP 	noPeriphery: texRes = 128.0
18.4522 	EXP 	hasPeriphery: texRes = 128.0
18.4522 	EXP 	noPeriphery: texRes = 128.0
18.5685 	EXP 	blank_screen: autoDraw = False
18.5685 	EXP 	hasPeriphery: texRes = 128.0
18.5685 	EXP 	noPeriphery: texRes = 128.0
18.6851 	EXP 	hasPeriphery: texRes = 128.0
18.6851 	EXP 	noPeriphery: texRes = 128.0
18.8017 	EXP 	hasPeriphery: texRes = 128.0
18.8017 	EXP 	noPeriphery: texRes = 128.0
18.9185 	EXP 	hasPeriphery: texRes = 128.0
18.9185 	EXP 	noPeriphery: texRes = 128.0
19.0350 	EXP 	hasPeriphery: texRes = 128.0
19.0350 	EXP 	noPeriphery: texRes = 128.0
19.1521 	EXP 	hasPeriphery: texRes = 128.0
19.1521 	EXP 	noPeriphery: texRes = 128.0
19.2686 	EXP 	hasPeriphery: texRes = 128.0
19.2686 	EXP 	noPeriphery: texRes = 128.0
19.3853 	EXP 	hasPeriphery: texRes = 128.0
19.3853 	EXP 	noPeriphery: texRes = 128.0
19.5023 	EXP 	hasPeriphery: texRes = 128.0
19.5023 	EXP 	noPeriphery: texRes = 128.0
19.6191 	EXP 	hasPeriphery: texRes = 128.0
19.6191 	EXP 	noPeriphery: texRes = 128.0
19.7349 	EXP 	hasPeriphery: texRes = 128.0
19.7349 	EXP 	noPeriphery: texRes = 128.0
19.8519 	EXP 	hasPeriphery: texRes = 128.0
19.8519 	EXP 	noPeriphery: texRes = 128.0
19.9681 	EXP 	hasPeriphery: texRes = 128.0
19.9681 	EXP 	noPeriphery: texRes = 128.0
20.0859 	EXP 	hasPeriphery: texRes = 128.0
20.0859 	EXP 	noPeriphery: texRes = 128.0
20.2186 	EXP 	hasPeriphery: texRes = 128.0
20.2186 	EXP 	noPeriphery: texRes = 128.0
20.3352 	EXP 	hasPeriphery: texRes = 128.0
20.3352 	EXP 	noPeriphery: texRes = 128.0
20.4526 	EXP 	hasPeriphery: texRes = 128.0
20.4526 	EXP 	noPeriphery: texRes = 128.0
20.5681 	EXP 	hasPeriphery: texRes = 128.0
20.5681 	EXP 	noPeriphery: texRes = 128.0
20.6851 	EXP 	hasPeriphery: texRes = 128.0
20.6851 	EXP 	noPeriphery: texRes = 128.0
20.8018 	EXP 	hasPeriphery: texRes = 128.0
20.8018 	EXP 	noPeriphery: texRes = 128.0
20.9179 	EXP 	hasPeriphery: texRes = 128.0
20.9179 	EXP 	noPeriphery: texRes = 128.0
21.0349 	EXP 	hasPeriphery: texRes = 128.0
21.0349 	EXP 	noPeriphery: texRes = 128.0
21.1512 	EXP 	hasPeriphery: texRes = 128.0
21.1512 	EXP 	noPeriphery: texRes = 128.0
21.2685 	EXP 	hasPeriphery: texRes = 128.0
21.2685 	EXP 	noPeriphery: texRes = 128.0
21.3850 	EXP 	hasPeriphery: texRes = 128.0
21.3850 	EXP 	noPeriphery: texRes = 128.0
21.5016 	EXP 	hasPeriphery: texRes = 128.0
21.5016 	EXP 	noPeriphery: texRes = 128.0
21.6347 	EXP 	hasPeriphery: texRes = 128.0
21.6347 	EXP 	noPeriphery: texRes = 128.0
21.7066 	DATA 	Keypress: space
21.7512 	EXP 	hasPeriphery: texRes = 128.0
21.7512 	EXP 	noPeriphery: texRes = 128.0
21.8178 	EXP 	New trial (rep=0, index=3): {'startImage': 'C:\\Users\\hesselmann\\Desktop\\PsychoPyUniformityIllusion\\UniformityIllusionPsychoPy\\Pics\\2start.png', 'endImage': 'C:\\Users\\hesselmann\\Desktop\\PsychoPyUniformityIllusion\\UniformityIllusionPsychoPy\\Pics\\2b.png', 'AB': 'b'}
22.0015 	EXP 	hasPeriphery: texRes = 128.0
22.0015 	EXP 	noPeriphery: texRes = 128.0
22.0015 	EXP 	blank_screen: autoDraw = False
22.0015 	EXP 	hasPeriphery: autoDraw = False
22.0015 	EXP 	noPeriphery: autoDraw = False
22.0015 	EXP 	text: autoDraw = False
22.0015 	EXP 	hasPeriphery: size = array([1.77777778, 1.        ])
22.0015 	EXP 	hasPeriphery: image = 'C:\\Users\\hesselmann\\Desktop\\PsychoPyUniformityIllusion\\UniformityIllusionPsychoPy\\Pics\\2b.png'
22.0015 	EXP 	noPeriphery: size = array([1.77777778, 1.        ])
22.0015 	EXP 	noPeriphery: image = 'C:\\Users\\hesselmann\\Desktop\\PsychoPyUniformityIllusion\\UniformityIllusionPsychoPy\\Pics\\2start.png'
22.0015 	EXP 	blank_screen: autoDraw = True
22.0015 	EXP 	hasPeriphery: autoDraw = True
22.0015 	EXP 	hasPeriphery: texRes = 128.0
22.0015 	EXP 	noPeriphery: autoDraw = True
22.0015 	EXP 	noPeriphery: texRes = 128.0
22.0015 	EXP 	text: autoDraw = True
22.1181 	EXP 	hasPeriphery: texRes = 128.0
22.1181 	EXP 	noPeriphery: texRes = 128.0
22.2348 	EXP 	hasPeriphery: texRes = 128.0
22.2348 	EXP 	noPeriphery: texRes = 128.0
22.3521 	EXP 	hasPeriphery: texRes = 128.0
22.3521 	EXP 	noPeriphery: texRes = 128.0
22.4684 	EXP 	hasPeriphery: texRes = 128.0
22.4684 	EXP 	noPeriphery: texRes = 128.0
22.5844 	EXP 	hasPeriphery: texRes = 128.0
22.5844 	EXP 	noPeriphery: texRes = 128.0
22.6617 	DATA 	Keypress: escape
22.7017 	EXP 	hasPeriphery: texRes = 128.0
22.7017 	EXP 	noPeriphery: texRes = 128.0
22.8176 	EXP 	hasPeriphery: texRes = 128.0
22.8176 	EXP 	noPeriphery: texRes = 128.0
22.9954 	EXP 	window1: mouseVisible = True
