1.0234 	WARNING 	We strongly recommend you activate the PTB sound engine in PsychoPy prefs as the preferred audio engine. Its timing is vastly superior. Your prefs are currently set to use ['sounddevice', 'PTB', 'pyo', 'pygame'] (in that order).
5.7533 	EXP 	Created window1 = Window(allowGUI=False, allowStencil=False, autoLog=True, backendConf=UNKNOWN, bitsMode=UNKNOWN, blendMode='avg', bpc=(8, 8, 8), color=array([0, 0, 0]), colorSpace='rgb', depthBits=8, fullscr=<method-wrapper '__getattribute__' of attributeSetter object at 0x000002DDBFD16F60>, gamma=None, gammaErrorPolicy='raise', lms=UNKNOWN, monitor=<psychopy.monitors.calibTools.Monitor object at 0x000002DDBFC365F8>, multiSample=False, name='window1', numSamples=2, pos=[0.0, 0.0], screen=0, size=array([1920, 1080]), stencilBits=0, stereo=False, units='height', useFBO=True, useRetina=False, viewOri=0.0, viewPos=None, viewScale=None, waitBlanking=True, winType='pyglet')
5.7536 	EXP 	window1: mouseVisible = True
5.7536 	EXP 	window1: recordFrameIntervals = False
5.8869 	EXP 	window1: recordFrameIntervals = True
6.0341 	EXP 	window1: recordFrameIntervals = False
6.5298 	EXP 	Created WelcomeText = TextStim(__class__=<class 'psychopy.visual.text.TextStim'>, alignHoriz=method-wrapper(...), alignText='center', alignVert=method-wrapper(...), anchorHoriz='center', anchorVert='center', antialias=True, autoLog=True, bold=False, color=array([1, 1, 1]), colorSpace='rgb', contrast=1.0, depth=0.0, flipHoriz=False, flipVert=False, font='Open Sans', fontFiles=[], height=0.1, italic=False, languageStyle='LTR', name='WelcomeText', opacity=1, ori=0.0, pos=array([0., 0.]), rgb=UNKNOWN, text='Welcome to our Study!', units='height', win=Window(...), wrapWidth=1)
6.5426 	EXP 	Imported depression.xlsx as conditions, 2 conditions, 12 params
6.5436 	EXP 	Question text: Sadness
6.5691 	EXP 	window1: mouseVisible = True
6.6009 	EXP 	Question text: Pessimism
6.6121 	EXP 	window1: mouseVisible = True
6.6352 	EXP 	window1: mouseVisible = True
6.6401 	EXP 	Created unnamed Rect = Rect(__class__=<class 'psychopy.visual.rect.Rect'>, autoDraw=False, autoLog=True, closeShape=True, color=method-wrapper(...), colorSpace='rgb', contrast=None, depth=0, fillColor=array([0, 0, 0]), fillColorSpace='rgb', fillRGB=UNKNOWN, interpolate=True, lineColor=array([0, 0, 0]), lineColorSpace='rgb', lineRGB=UNKNOWN, lineWidth=1.5, name='unnamed Rect', opacity=0, ori=0.0, pos=array([0., 0.]), size=array([0., 0.]), units='height', vertices=ndarray(...), win=Window(...))
6.6477 	EXP 	Created DepressionQuestionnaire = <psychopy.visual.form.Form object at 0x000002DDC2A1A3C8>
6.6712 	EXP 	window1: mouseVisible = True
6.7137 	EXP 	Created instructionsText = TextStim(__class__=<class 'psychopy.visual.text.TextStim'>, alignHoriz=method-wrapper(...), alignText='center', alignVert=method-wrapper(...), anchorHoriz='center', anchorVert='center', antialias=True, autoLog=True, bold=False, color=array([1, 1, 1]), colorSpace='rgb', contrast=1.0, depth=0.0, flipHoriz=False, flipVert=False, font='Open Sans', fontFiles=[], height=0.04, italic=False, languageStyle='LTR', name='instructionsText', opacity=1, ori=0.0, pos=array([0., 0.]), rgb=UNKNOWN, text=str(...), units='height', win=Window(...), wrapWidth=1)
6.7167 	EXP 	Created hasPeriphery = ImageStim(__class__=<class 'psychopy.visual.image.ImageStim'>, autoLog=True, color=array([1, 1, 1]), colorSpace='rgb', contrast=1.0, depth=-1.0, flipHoriz=False, flipVert=False, image='sin', interpolate=True, mask=None, maskParams=None, name='hasPeriphery', opacity=1.0, ori=0.0, pos=array([0., 0.]), size=array([0.5, 0.5]), texRes=128.0, units='height', win=Window(...))
6.7193 	EXP 	Created noPeriphery = ImageStim(__class__=<class 'psychopy.visual.image.ImageStim'>, autoLog=True, color=array([1, 1, 1]), colorSpace='rgb', contrast=1.0, depth=-3.0, flipHoriz=False, flipVert=False, image='sin', interpolate=True, mask=None, maskParams=None, name='noPeriphery', opacity=1.0, ori=0.0, pos=array([0., 0.]), size=array([0.5, 0.5]), texRes=128.0, units='height', win=Window(...))
6.7216 	EXP 	Created final = ImageStim(__class__=<class 'psychopy.visual.image.ImageStim'>, autoLog=True, color=array([1, 1, 1]), colorSpace='rgb', contrast=1.0, depth=-4.0, flipHoriz=False, flipVert=False, image='sin', interpolate=True, mask=None, maskParams=None, name='final', opacity=1.0, ori=0.0, pos=array([0., 0.]), size=array([0.5, 0.5]), texRes=128.0, units='height', win=Window(...))
6.7227 	EXP 	Created blank_screen = Rect(__class__=<class 'psychopy.visual.rect.Rect'>, autoDraw=False, autoLog=True, closeShape=True, color=method-wrapper(...), colorSpace='rgb', contrast=None, depth=-5.0, fillColor=array([1, 1, 1]), fillColorSpace='rgb', fillRGB=UNKNOWN, interpolate=True, lineColor=array([1, 1, 1]), lineColorSpace='rgb', lineRGB=UNKNOWN, lineWidth=1.0, name='blank_screen', opacity=1.0, ori=0.0, pos=array([0., 0.]), size=array([2., 2.]), units='height', vertices=ndarray(...), win=Window(...))
6.7280 	EXP 	Created text = TextStim(__class__=<class 'psychopy.visual.text.TextStim'>, alignHoriz=method-wrapper(...), alignText='center', alignVert=method-wrapper(...), anchorHoriz='center', anchorVert='center', antialias=True, autoLog=True, bold=False, color=array([ 1, -1, -1]), colorSpace='rgb', contrast=1.0, depth=-6.0, flipHoriz=False, flipVert=False, font='Open Sans', fontFiles=[], height=0.1, italic=False, languageStyle='LTR', name='text', opacity=1, ori=0.0, pos=array([0., 0.]), rgb=UNKNOWN, text='+', units='height', win=Window(...), wrapWidth=1)
6.7387 	EXP 	Created WelcomeText = TextStim(__class__=<class 'psychopy.visual.text.TextStim'>, alignHoriz=method-wrapper(...), alignText='center', alignVert=method-wrapper(...), anchorHoriz='center', anchorVert='center', antialias=True, autoLog=True, bold=False, color=array([1, 1, 1]), colorSpace='rgb', contrast=1.0, depth=0.0, flipHoriz=False, flipVert=False, font='Open Sans', fontFiles=[], height=0.1, italic=False, languageStyle='LTR', name='WelcomeText', opacity=1, ori=0.0, pos=array([0., 0.]), rgb=UNKNOWN, text='Welcome to our Study!', units='height', win=Window(...), wrapWidth=1)
6.7413 	EXP 	Created hasPeriphery_2 = ImageStim(__class__=<class 'psychopy.visual.image.ImageStim'>, autoLog=True, color=array([1, 1, 1]), colorSpace='rgb', contrast=1.0, depth=-1.0, flipHoriz=False, flipVert=False, image='sin', interpolate=True, mask=None, maskParams=None, name='hasPeriphery_2', opacity=1.0, ori=0.0, pos=array([0., 0.]), size=array([0.5, 0.5]), texRes=128.0, units='height', win=Window(...))
6.7437 	EXP 	Created noPeriphery_2 = ImageStim(__class__=<class 'psychopy.visual.image.ImageStim'>, autoLog=True, color=array([1, 1, 1]), colorSpace='rgb', contrast=1.0, depth=-3.0, flipHoriz=False, flipVert=False, image='sin', interpolate=True, mask=None, maskParams=None, name='noPeriphery_2', opacity=1.0, ori=0.0, pos=array([0., 0.]), size=array([0.5, 0.5]), texRes=128.0, units='height', win=Window(...))
6.7455 	EXP 	Created text_2 = TextStim(__class__=<class 'psychopy.visual.text.TextStim'>, alignHoriz=method-wrapper(...), alignText='center', alignVert=method-wrapper(...), anchorHoriz='center', anchorVert='center', antialias=True, autoLog=True, bold=False, color=array([ 1, -1, -1]), colorSpace='rgb', contrast=1.0, depth=-4.0, flipHoriz=False, flipVert=False, font='Open Sans', fontFiles=[], height=0.1, italic=False, languageStyle='LTR', name='text_2', opacity=1, ori=0.0, pos=array([0., 0.]), rgb=UNKNOWN, text='+', units='height', win=Window(...), wrapWidth=1)
6.7932 	EXP 	unnamed Form: autoLog = True
6.7932 	EXP 	DepressionQuestionnaire: name = 'DepressionQuestionnaire'
6.7932 	EXP 	DepressionQuestionnaire: size = (3.5, 1)
6.7932 	EXP 	DepressionQuestionnaire: size = array([3.5, 1. ])
6.7932 	EXP 	DepressionQuestionnaire: units = 'height'
6.7932 	EXP 	DepressionQuestionnaire: depth = 0
6.7932 	EXP 	WelcomeText: autoDraw = True
8.8069 	EXP 	WelcomeText: autoDraw = False
8.8069 	EXP 	DepressionQuestionnaire: autoDraw = True
9.3956 	DATA 	Mouse: Left button down, pos=(812,77)
9.4467 	EXP 	DepressionQuestionnaire: autoDraw = False
9.4467 	EXP 	instructionsText: autoDraw = True
9.4771 	DATA 	Mouse:  Left button up, pos=(796,43)
10.3666 	EXP 	Imported picPaths.xlsx as conditions, 6 conditions, 4 params
10.3669 	EXP 	Created sequence: sequential, trialTypes=6, nReps=1, seed=None
10.3672 	EXP 	New trial (rep=0, index=0): {'startImage': 'C:\\Users\\hesselmann\\Desktop\\PsychoPyUniformityIllusion\\UniformityIllusionPsychoPy\\Pics\\1start.png', 'midImage': 'C:\\Users\\hesselmann\\Desktop\\PsychoPyUniformityIllusion\\UniformityIllusionPsychoPy\\Pics\\1a.png', 'endImage': 'C:\\Users\\hesselmann\\Desktop\\PsychoPyUniformityIllusion\\UniformityIllusionPsychoPy\\Pics\\1a.png', 'AB': 'a'}
10.5999 	DATA 	Keypress: space
10.6465 	EXP 	instructionsText: autoDraw = False
10.6465 	EXP 	hasPeriphery: size = array([1.77777778, 1.        ])
10.6465 	EXP 	hasPeriphery: image = 'C:\\Users\\hesselmann\\Desktop\\PsychoPyUniformityIllusion\\UniformityIllusionPsychoPy\\Pics\\1a.png'
10.6465 	EXP 	noPeriphery: size = array([1.77777778, 1.        ])
10.6465 	EXP 	noPeriphery: image = 'C:\\Users\\hesselmann\\Desktop\\PsychoPyUniformityIllusion\\UniformityIllusionPsychoPy\\Pics\\1start.png'
10.6465 	EXP 	final: size = array([1.77777778, 1.        ])
10.6465 	EXP 	final: image = 'C:\\Users\\hesselmann\\Desktop\\PsychoPyUniformityIllusion\\UniformityIllusionPsychoPy\\Pics\\1a.png'
10.6465 	EXP 	hasPeriphery: autoDraw = True
10.6465 	EXP 	hasPeriphery: texRes = 128.0
10.6465 	EXP 	noPeriphery: autoDraw = True
10.6465 	EXP 	noPeriphery: texRes = 128.0
10.6465 	EXP 	text: autoDraw = True
10.7933 	EXP 	hasPeriphery: texRes = 128.0
10.7933 	EXP 	noPeriphery: texRes = 128.0
10.9533 	EXP 	hasPeriphery: texRes = 128.0
10.9533 	EXP 	noPeriphery: texRes = 128.0
11.1133 	EXP 	hasPeriphery: texRes = 128.0
11.1133 	EXP 	noPeriphery: texRes = 128.0
11.2603 	EXP 	hasPeriphery: texRes = 128.0
11.2603 	EXP 	noPeriphery: texRes = 128.0
11.4066 	EXP 	hasPeriphery: texRes = 128.0
11.4066 	EXP 	noPeriphery: texRes = 128.0
11.5529 	EXP 	hasPeriphery: texRes = 128.0
11.5529 	EXP 	noPeriphery: texRes = 128.0
11.6999 	EXP 	hasPeriphery: texRes = 128.0
11.6999 	EXP 	noPeriphery: texRes = 128.0
11.8467 	EXP 	hasPeriphery: texRes = 128.0
11.8467 	EXP 	noPeriphery: texRes = 128.0
11.9937 	EXP 	hasPeriphery: texRes = 128.0
11.9937 	EXP 	noPeriphery: texRes = 128.0
12.1400 	EXP 	hasPeriphery: texRes = 128.0
12.1400 	EXP 	noPeriphery: texRes = 128.0
12.2867 	EXP 	hasPeriphery: texRes = 128.0
12.2867 	EXP 	noPeriphery: texRes = 128.0
12.4332 	EXP 	hasPeriphery: texRes = 128.0
12.4332 	EXP 	noPeriphery: texRes = 128.0
12.5938 	EXP 	hasPeriphery: texRes = 128.0
12.5938 	EXP 	noPeriphery: texRes = 128.0
12.7531 	EXP 	hasPeriphery: texRes = 128.0
12.7531 	EXP 	noPeriphery: texRes = 128.0
12.8997 	EXP 	hasPeriphery: texRes = 128.0
12.8997 	EXP 	noPeriphery: texRes = 128.0
13.0467 	EXP 	hasPeriphery: texRes = 128.0
13.0467 	EXP 	noPeriphery: texRes = 128.0
13.2064 	EXP 	hasPeriphery: texRes = 128.0
13.2064 	EXP 	noPeriphery: texRes = 128.0
13.3401 	EXP 	hasPeriphery: texRes = 128.0
13.3401 	EXP 	noPeriphery: texRes = 128.0
13.4864 	EXP 	hasPeriphery: texRes = 128.0
13.4864 	EXP 	noPeriphery: texRes = 128.0
13.6870 	EXP 	hasPeriphery: texRes = 128.0
13.6870 	EXP 	noPeriphery: texRes = 128.0
13.6870 	EXP 	final: autoDraw = True
13.6870 	EXP 	final: texRes = 128.0
13.9136 	EXP 	hasPeriphery: texRes = 128.0
13.9136 	EXP 	noPeriphery: texRes = 128.0
13.9136 	EXP 	final: texRes = 128.0
13.9136 	EXP 	blank_screen: autoDraw = True
14.1267 	EXP 	hasPeriphery: texRes = 128.0
14.1267 	EXP 	noPeriphery: texRes = 128.0
14.1267 	EXP 	final: texRes = 128.0
14.3415 	EXP 	hasPeriphery: texRes = 128.0
14.3415 	EXP 	noPeriphery: texRes = 128.0
14.3415 	EXP 	final: texRes = 128.0
14.3415 	EXP 	blank_screen: autoDraw = False
14.5667 	EXP 	hasPeriphery: texRes = 128.0
14.5667 	EXP 	noPeriphery: texRes = 128.0
14.5667 	EXP 	final: texRes = 128.0
14.7673 	EXP 	hasPeriphery: texRes = 128.0
14.7673 	EXP 	noPeriphery: texRes = 128.0
14.7673 	EXP 	final: texRes = 128.0
14.9666 	EXP 	hasPeriphery: texRes = 128.0
14.9666 	EXP 	noPeriphery: texRes = 128.0
14.9666 	EXP 	final: texRes = 128.0
15.1802 	EXP 	hasPeriphery: texRes = 128.0
15.1802 	EXP 	noPeriphery: texRes = 128.0
15.1802 	EXP 	final: texRes = 128.0
15.4067 	EXP 	hasPeriphery: texRes = 128.0
15.4067 	EXP 	noPeriphery: texRes = 128.0
15.4067 	EXP 	final: texRes = 128.0
15.4067 	EXP 	blank_screen: autoDraw = True
15.6334 	EXP 	hasPeriphery: texRes = 128.0
15.6334 	EXP 	noPeriphery: texRes = 128.0
15.6334 	EXP 	final: texRes = 128.0
15.8337 	EXP 	hasPeriphery: texRes = 128.0
15.8337 	EXP 	noPeriphery: texRes = 128.0
15.8337 	EXP 	final: texRes = 128.0
15.8337 	EXP 	blank_screen: autoDraw = False
16.0334 	EXP 	hasPeriphery: texRes = 128.0
16.0334 	EXP 	noPeriphery: texRes = 128.0
16.0334 	EXP 	final: texRes = 128.0
16.2334 	EXP 	hasPeriphery: texRes = 128.0
16.2334 	EXP 	noPeriphery: texRes = 128.0
16.2334 	EXP 	final: texRes = 128.0
16.4334 	EXP 	hasPeriphery: texRes = 128.0
16.4334 	EXP 	noPeriphery: texRes = 128.0
16.4334 	EXP 	final: texRes = 128.0
16.6338 	EXP 	hasPeriphery: texRes = 128.0
16.6338 	EXP 	noPeriphery: texRes = 128.0
16.6338 	EXP 	final: texRes = 128.0
16.8468 	EXP 	hasPeriphery: texRes = 128.0
16.8468 	EXP 	noPeriphery: texRes = 128.0
16.8468 	EXP 	final: texRes = 128.0
16.8468 	EXP 	blank_screen: autoDraw = True
17.0603 	EXP 	hasPeriphery: texRes = 128.0
17.0603 	EXP 	noPeriphery: texRes = 128.0
17.0603 	EXP 	final: texRes = 128.0
17.2868 	EXP 	hasPeriphery: texRes = 128.0
17.2868 	EXP 	noPeriphery: texRes = 128.0
17.2868 	EXP 	final: texRes = 128.0
17.2868 	EXP 	blank_screen: autoDraw = False
17.4868 	EXP 	hasPeriphery: texRes = 128.0
17.4868 	EXP 	noPeriphery: texRes = 128.0
17.4868 	EXP 	final: texRes = 128.0
17.7007 	EXP 	hasPeriphery: texRes = 128.0
17.7007 	EXP 	noPeriphery: texRes = 128.0
17.7007 	EXP 	final: texRes = 128.0
17.9136 	EXP 	hasPeriphery: texRes = 128.0
17.9136 	EXP 	noPeriphery: texRes = 128.0
17.9136 	EXP 	final: texRes = 128.0
18.1278 	EXP 	hasPeriphery: texRes = 128.0
18.1278 	EXP 	noPeriphery: texRes = 128.0
18.1278 	EXP 	final: texRes = 128.0
18.3404 	EXP 	hasPeriphery: texRes = 128.0
18.3404 	EXP 	noPeriphery: texRes = 128.0
18.3404 	EXP 	final: texRes = 128.0
18.3404 	EXP 	blank_screen: autoDraw = True
18.5540 	EXP 	hasPeriphery: texRes = 128.0
18.5540 	EXP 	noPeriphery: texRes = 128.0
18.5540 	EXP 	final: texRes = 128.0
18.7806 	EXP 	hasPeriphery: texRes = 128.0
18.7806 	EXP 	noPeriphery: texRes = 128.0
18.7806 	EXP 	final: texRes = 128.0
18.7806 	EXP 	blank_screen: autoDraw = False
18.9940 	EXP 	hasPeriphery: texRes = 128.0
18.9940 	EXP 	noPeriphery: texRes = 128.0
18.9940 	EXP 	final: texRes = 128.0
19.2070 	EXP 	hasPeriphery: texRes = 128.0
19.2070 	EXP 	noPeriphery: texRes = 128.0
19.2070 	EXP 	final: texRes = 128.0
19.4074 	EXP 	hasPeriphery: texRes = 128.0
19.4074 	EXP 	noPeriphery: texRes = 128.0
19.4074 	EXP 	final: texRes = 128.0
19.6074 	EXP 	hasPeriphery: texRes = 128.0
19.6074 	EXP 	noPeriphery: texRes = 128.0
19.6074 	EXP 	final: texRes = 128.0
19.8208 	EXP 	hasPeriphery: texRes = 128.0
19.8208 	EXP 	noPeriphery: texRes = 128.0
19.8208 	EXP 	final: texRes = 128.0
19.8208 	EXP 	blank_screen: autoDraw = True
20.0345 	EXP 	hasPeriphery: texRes = 128.0
20.0345 	EXP 	noPeriphery: texRes = 128.0
20.0345 	EXP 	final: texRes = 128.0
20.2338 	EXP 	hasPeriphery: texRes = 128.0
20.2338 	EXP 	noPeriphery: texRes = 128.0
20.2338 	EXP 	final: texRes = 128.0
20.2338 	EXP 	blank_screen: autoDraw = False
20.4338 	EXP 	hasPeriphery: texRes = 128.0
20.4338 	EXP 	noPeriphery: texRes = 128.0
20.4338 	EXP 	final: texRes = 128.0
20.6346 	EXP 	hasPeriphery: texRes = 128.0
20.6346 	EXP 	noPeriphery: texRes = 128.0
20.6346 	EXP 	final: texRes = 128.0
20.7279 	EXP 	hasPeriphery: autoDraw = False
20.7279 	EXP 	noPeriphery: autoDraw = False
20.7279 	EXP 	final: texRes = 128.0
20.8075 	EXP 	final: texRes = 128.0
20.8875 	EXP 	final: texRes = 128.0
20.9805 	EXP 	final: texRes = 128.0
21.0605 	EXP 	final: texRes = 128.0
21.1411 	EXP 	final: texRes = 128.0
21.2212 	EXP 	final: texRes = 128.0
21.3011 	EXP 	final: texRes = 128.0
21.3815 	EXP 	final: texRes = 128.0
21.4606 	EXP 	final: texRes = 128.0
21.5413 	EXP 	final: texRes = 128.0
21.6211 	EXP 	final: texRes = 128.0
21.7009 	EXP 	final: texRes = 128.0
21.7806 	EXP 	final: texRes = 128.0
21.8613 	EXP 	final: texRes = 128.0
21.9409 	EXP 	final: texRes = 128.0
22.0209 	EXP 	final: texRes = 128.0
22.1011 	EXP 	final: texRes = 128.0
22.1812 	EXP 	final: texRes = 128.0
22.2739 	EXP 	final: texRes = 128.0
22.3540 	EXP 	final: texRes = 128.0
22.4343 	EXP 	final: texRes = 128.0
22.5144 	EXP 	final: texRes = 128.0
22.5660 	EXP 	New trial (rep=0, index=1): {'startImage': 'C:\\Users\\hesselmann\\Desktop\\PsychoPyUniformityIllusion\\UniformityIllusionPsychoPy\\Pics\\1start.png', 'midImage': 'C:\\Users\\hesselmann\\Desktop\\PsychoPyUniformityIllusion\\UniformityIllusionPsychoPy\\Pics\\1a.png', 'endImage': 'C:\\Users\\hesselmann\\Desktop\\PsychoPyUniformityIllusion\\UniformityIllusionPsychoPy\\Pics\\1b.png', 'AB': 'b'}
22.8348 	EXP 	final: texRes = 128.0
22.8348 	EXP 	hasPeriphery: autoDraw = False
22.8348 	EXP 	noPeriphery: autoDraw = False
22.8348 	EXP 	final: autoDraw = False
22.8348 	EXP 	blank_screen: autoDraw = False
22.8348 	EXP 	text: autoDraw = False
22.8348 	EXP 	hasPeriphery: size = array([1.77777778, 1.        ])
22.8348 	EXP 	hasPeriphery: image = 'C:\\Users\\hesselmann\\Desktop\\PsychoPyUniformityIllusion\\UniformityIllusionPsychoPy\\Pics\\1a.png'
22.8348 	EXP 	noPeriphery: size = array([1.77777778, 1.        ])
22.8348 	EXP 	noPeriphery: image = 'C:\\Users\\hesselmann\\Desktop\\PsychoPyUniformityIllusion\\UniformityIllusionPsychoPy\\Pics\\1start.png'
22.8348 	EXP 	final: size = array([1.77777778, 1.        ])
22.8348 	EXP 	final: image = 'C:\\Users\\hesselmann\\Desktop\\PsychoPyUniformityIllusion\\UniformityIllusionPsychoPy\\Pics\\1b.png'
22.8348 	EXP 	hasPeriphery: autoDraw = True
22.8348 	EXP 	hasPeriphery: texRes = 128.0
22.8348 	EXP 	noPeriphery: autoDraw = True
22.8348 	EXP 	noPeriphery: texRes = 128.0
22.8348 	EXP 	text: autoDraw = True
22.9811 	EXP 	hasPeriphery: texRes = 128.0
22.9811 	EXP 	noPeriphery: texRes = 128.0
23.1274 	EXP 	hasPeriphery: texRes = 128.0
23.1274 	EXP 	noPeriphery: texRes = 128.0
23.2748 	EXP 	hasPeriphery: texRes = 128.0
23.2748 	EXP 	noPeriphery: texRes = 128.0
23.4211 	EXP 	hasPeriphery: texRes = 128.0
23.4211 	EXP 	noPeriphery: texRes = 128.0
23.5678 	EXP 	hasPeriphery: texRes = 128.0
23.5678 	EXP 	noPeriphery: texRes = 128.0
23.7145 	EXP 	hasPeriphery: texRes = 128.0
23.7145 	EXP 	noPeriphery: texRes = 128.0
23.8612 	EXP 	hasPeriphery: texRes = 128.0
23.8612 	EXP 	noPeriphery: texRes = 128.0
24.0078 	EXP 	hasPeriphery: texRes = 128.0
24.0078 	EXP 	noPeriphery: texRes = 128.0
24.1548 	EXP 	hasPeriphery: texRes = 128.0
24.1548 	EXP 	noPeriphery: texRes = 128.0
24.3015 	EXP 	hasPeriphery: texRes = 128.0
24.3015 	EXP 	noPeriphery: texRes = 128.0
24.4481 	EXP 	hasPeriphery: texRes = 128.0
24.4481 	EXP 	noPeriphery: texRes = 128.0
24.5941 	EXP 	hasPeriphery: texRes = 128.0
24.5941 	EXP 	noPeriphery: texRes = 128.0
24.7545 	EXP 	hasPeriphery: texRes = 128.0
24.7545 	EXP 	noPeriphery: texRes = 128.0
24.9013 	EXP 	hasPeriphery: texRes = 128.0
24.9013 	EXP 	noPeriphery: texRes = 128.0
25.0476 	EXP 	hasPeriphery: texRes = 128.0
25.0476 	EXP 	noPeriphery: texRes = 128.0
25.1947 	EXP 	hasPeriphery: texRes = 128.0
25.1947 	EXP 	noPeriphery: texRes = 128.0
25.3542 	EXP 	hasPeriphery: texRes = 128.0
25.3542 	EXP 	noPeriphery: texRes = 128.0
25.5013 	EXP 	hasPeriphery: texRes = 128.0
25.5013 	EXP 	noPeriphery: texRes = 128.0
25.6476 	EXP 	hasPeriphery: texRes = 128.0
25.6476 	EXP 	noPeriphery: texRes = 128.0
25.8755 	EXP 	hasPeriphery: texRes = 128.0
25.8755 	EXP 	noPeriphery: texRes = 128.0
25.8755 	EXP 	final: autoDraw = True
25.8755 	EXP 	final: texRes = 128.0
26.1148 	EXP 	hasPeriphery: texRes = 128.0
26.1148 	EXP 	noPeriphery: texRes = 128.0
26.1148 	EXP 	final: texRes = 128.0
26.1148 	EXP 	blank_screen: autoDraw = True
26.3286 	EXP 	hasPeriphery: texRes = 128.0
26.3286 	EXP 	noPeriphery: texRes = 128.0
26.3286 	EXP 	final: texRes = 128.0
26.5414 	EXP 	hasPeriphery: texRes = 128.0
26.5414 	EXP 	noPeriphery: texRes = 128.0
26.5414 	EXP 	final: texRes = 128.0
26.5414 	EXP 	blank_screen: autoDraw = False
26.7418 	EXP 	hasPeriphery: texRes = 128.0
26.7418 	EXP 	noPeriphery: texRes = 128.0
26.7418 	EXP 	final: texRes = 128.0
26.9547 	EXP 	hasPeriphery: texRes = 128.0
26.9547 	EXP 	noPeriphery: texRes = 128.0
26.9547 	EXP 	final: texRes = 128.0
27.1679 	EXP 	hasPeriphery: texRes = 128.0
27.1679 	EXP 	noPeriphery: texRes = 128.0
27.1679 	EXP 	final: texRes = 128.0
27.3678 	EXP 	hasPeriphery: texRes = 128.0
27.3678 	EXP 	noPeriphery: texRes = 128.0
27.3678 	EXP 	final: texRes = 128.0
27.5812 	EXP 	hasPeriphery: texRes = 128.0
27.5812 	EXP 	noPeriphery: texRes = 128.0
27.5812 	EXP 	final: texRes = 128.0
27.5812 	EXP 	blank_screen: autoDraw = True
27.8082 	EXP 	hasPeriphery: texRes = 128.0
27.8082 	EXP 	noPeriphery: texRes = 128.0
27.8082 	EXP 	final: texRes = 128.0
28.0216 	EXP 	hasPeriphery: texRes = 128.0
28.0216 	EXP 	noPeriphery: texRes = 128.0
28.0216 	EXP 	final: texRes = 128.0
28.0216 	EXP 	blank_screen: autoDraw = False
28.2346 	EXP 	hasPeriphery: texRes = 128.0
28.2346 	EXP 	noPeriphery: texRes = 128.0
28.2346 	EXP 	final: texRes = 128.0
28.4350 	EXP 	hasPeriphery: texRes = 128.0
28.4350 	EXP 	noPeriphery: texRes = 128.0
28.4350 	EXP 	final: texRes = 128.0
28.6613 	EXP 	hasPeriphery: texRes = 128.0
28.6613 	EXP 	noPeriphery: texRes = 128.0
28.6613 	EXP 	final: texRes = 128.0
28.8887 	EXP 	hasPeriphery: texRes = 128.0
28.8887 	EXP 	noPeriphery: texRes = 128.0
28.8887 	EXP 	final: texRes = 128.0
29.1014 	EXP 	hasPeriphery: texRes = 128.0
29.1014 	EXP 	noPeriphery: texRes = 128.0
29.1014 	EXP 	final: texRes = 128.0
29.1014 	EXP 	blank_screen: autoDraw = True
29.3284 	EXP 	hasPeriphery: texRes = 128.0
29.3284 	EXP 	noPeriphery: texRes = 128.0
29.3284 	EXP 	final: texRes = 128.0
29.5283 	EXP 	hasPeriphery: texRes = 128.0
29.5283 	EXP 	noPeriphery: texRes = 128.0
29.5283 	EXP 	final: texRes = 128.0
29.5283 	EXP 	blank_screen: autoDraw = False
29.7551 	EXP 	hasPeriphery: texRes = 128.0
29.7551 	EXP 	noPeriphery: texRes = 128.0
29.7551 	EXP 	final: texRes = 128.0
29.9681 	EXP 	hasPeriphery: texRes = 128.0
29.9681 	EXP 	noPeriphery: texRes = 128.0
29.9681 	EXP 	final: texRes = 128.0
30.1681 	EXP 	hasPeriphery: texRes = 128.0
30.1681 	EXP 	noPeriphery: texRes = 128.0
30.1681 	EXP 	final: texRes = 128.0
30.3681 	EXP 	hasPeriphery: texRes = 128.0
30.3681 	EXP 	noPeriphery: texRes = 128.0
30.3681 	EXP 	final: texRes = 128.0
30.5815 	EXP 	hasPeriphery: texRes = 128.0
30.5815 	EXP 	noPeriphery: texRes = 128.0
30.5815 	EXP 	final: texRes = 128.0
30.5815 	EXP 	blank_screen: autoDraw = True
30.8214 	EXP 	hasPeriphery: texRes = 128.0
30.8214 	EXP 	noPeriphery: texRes = 128.0
30.8214 	EXP 	final: texRes = 128.0
31.0215 	EXP 	hasPeriphery: texRes = 128.0
31.0215 	EXP 	noPeriphery: texRes = 128.0
31.0215 	EXP 	final: texRes = 128.0
31.0215 	EXP 	blank_screen: autoDraw = False
31.2349 	EXP 	hasPeriphery: texRes = 128.0
31.2349 	EXP 	noPeriphery: texRes = 128.0
31.2349 	EXP 	final: texRes = 128.0
31.4352 	EXP 	hasPeriphery: texRes = 128.0
31.4352 	EXP 	noPeriphery: texRes = 128.0
31.4352 	EXP 	final: texRes = 128.0
31.6353 	EXP 	hasPeriphery: texRes = 128.0
31.6353 	EXP 	noPeriphery: texRes = 128.0
31.6353 	EXP 	final: texRes = 128.0
31.8350 	EXP 	hasPeriphery: texRes = 128.0
31.8350 	EXP 	noPeriphery: texRes = 128.0
31.8350 	EXP 	final: texRes = 128.0
32.0486 	EXP 	hasPeriphery: texRes = 128.0
32.0486 	EXP 	noPeriphery: texRes = 128.0
32.0486 	EXP 	final: texRes = 128.0
32.0486 	EXP 	blank_screen: autoDraw = True
32.2620 	EXP 	hasPeriphery: texRes = 128.0
32.2620 	EXP 	noPeriphery: texRes = 128.0
32.2620 	EXP 	final: texRes = 128.0
32.4624 	EXP 	hasPeriphery: texRes = 128.0
32.4624 	EXP 	noPeriphery: texRes = 128.0
32.4624 	EXP 	final: texRes = 128.0
32.4624 	EXP 	blank_screen: autoDraw = False
32.6762 	EXP 	hasPeriphery: texRes = 128.0
32.6762 	EXP 	noPeriphery: texRes = 128.0
32.6762 	EXP 	final: texRes = 128.0
32.8887 	EXP 	hasPeriphery: texRes = 128.0
32.8887 	EXP 	noPeriphery: texRes = 128.0
32.8887 	EXP 	final: texRes = 128.0
32.9687 	EXP 	hasPeriphery: autoDraw = False
32.9687 	EXP 	noPeriphery: autoDraw = False
32.9687 	EXP 	final: texRes = 128.0
33.0487 	EXP 	final: texRes = 128.0
33.1294 	EXP 	final: texRes = 128.0
33.2227 	EXP 	final: texRes = 128.0
33.3021 	EXP 	final: texRes = 128.0
33.3827 	EXP 	final: texRes = 128.0
33.4621 	EXP 	final: texRes = 128.0
33.5427 	EXP 	final: texRes = 128.0
33.6229 	EXP 	final: texRes = 128.0
33.7018 	EXP 	final: texRes = 128.0
33.7818 	EXP 	final: texRes = 128.0
33.8622 	EXP 	final: texRes = 128.0
33.9422 	EXP 	final: texRes = 128.0
34.0218 	EXP 	final: texRes = 128.0
34.1018 	EXP 	final: texRes = 128.0
34.1828 	EXP 	final: texRes = 128.0
34.2625 	EXP 	final: texRes = 128.0
34.3422 	EXP 	final: texRes = 128.0
34.4225 	EXP 	final: texRes = 128.0
34.5018 	EXP 	final: texRes = 128.0
34.5826 	EXP 	final: texRes = 128.0
34.6628 	EXP 	final: texRes = 128.0
34.7430 	EXP 	final: texRes = 128.0
34.7953 	EXP 	New trial (rep=0, index=2): {'startImage': 'C:\\Users\\hesselmann\\Desktop\\PsychoPyUniformityIllusion\\UniformityIllusionPsychoPy\\Pics\\2start.png', 'midImage': 'C:\\Users\\hesselmann\\Desktop\\PsychoPyUniformityIllusion\\UniformityIllusionPsychoPy\\Pics\\2a.png', 'endImage': 'C:\\Users\\hesselmann\\Desktop\\PsychoPyUniformityIllusion\\UniformityIllusionPsychoPy\\Pics\\2a.png', 'AB': 'a'}
35.0221 	EXP 	final: texRes = 128.0
35.0221 	EXP 	hasPeriphery: autoDraw = False
35.0221 	EXP 	noPeriphery: autoDraw = False
35.0221 	EXP 	final: autoDraw = False
35.0221 	EXP 	blank_screen: autoDraw = False
35.0221 	EXP 	text: autoDraw = False
35.0221 	EXP 	hasPeriphery: size = array([1.77777778, 1.        ])
35.0221 	EXP 	hasPeriphery: image = 'C:\\Users\\hesselmann\\Desktop\\PsychoPyUniformityIllusion\\UniformityIllusionPsychoPy\\Pics\\2a.png'
35.0221 	EXP 	noPeriphery: size = array([1.77777778, 1.        ])
35.0221 	EXP 	noPeriphery: image = 'C:\\Users\\hesselmann\\Desktop\\PsychoPyUniformityIllusion\\UniformityIllusionPsychoPy\\Pics\\2start.png'
35.0221 	EXP 	final: size = array([1.77777778, 1.        ])
35.0221 	EXP 	final: image = 'C:\\Users\\hesselmann\\Desktop\\PsychoPyUniformityIllusion\\UniformityIllusionPsychoPy\\Pics\\2a.png'
35.0221 	EXP 	hasPeriphery: autoDraw = True
35.0221 	EXP 	hasPeriphery: texRes = 128.0
35.0221 	EXP 	noPeriphery: autoDraw = True
35.0221 	EXP 	noPeriphery: texRes = 128.0
35.0221 	EXP 	text: autoDraw = True
35.1420 	EXP 	hasPeriphery: texRes = 128.0
35.1420 	EXP 	noPeriphery: texRes = 128.0
35.2757 	EXP 	hasPeriphery: texRes = 128.0
35.2757 	EXP 	noPeriphery: texRes = 128.0
35.3953 	EXP 	hasPeriphery: texRes = 128.0
35.3953 	EXP 	noPeriphery: texRes = 128.0
35.5161 	EXP 	hasPeriphery: texRes = 128.0
35.5161 	EXP 	noPeriphery: texRes = 128.0
35.6494 	EXP 	hasPeriphery: texRes = 128.0
35.6494 	EXP 	noPeriphery: texRes = 128.0
35.7820 	EXP 	hasPeriphery: texRes = 128.0
35.7820 	EXP 	noPeriphery: texRes = 128.0
35.9023 	EXP 	hasPeriphery: texRes = 128.0
35.9023 	EXP 	noPeriphery: texRes = 128.0
36.0224 	EXP 	hasPeriphery: texRes = 128.0
36.0224 	EXP 	noPeriphery: texRes = 128.0
36.1424 	EXP 	hasPeriphery: texRes = 128.0
36.1424 	EXP 	noPeriphery: texRes = 128.0
36.2754 	EXP 	hasPeriphery: texRes = 128.0
36.2754 	EXP 	noPeriphery: texRes = 128.0
36.3954 	EXP 	hasPeriphery: texRes = 128.0
36.3954 	EXP 	noPeriphery: texRes = 128.0
36.5155 	EXP 	hasPeriphery: texRes = 128.0
36.5155 	EXP 	noPeriphery: texRes = 128.0
36.6495 	EXP 	hasPeriphery: texRes = 128.0
36.6495 	EXP 	noPeriphery: texRes = 128.0
36.7833 	EXP 	hasPeriphery: texRes = 128.0
36.7833 	EXP 	noPeriphery: texRes = 128.0
36.9162 	EXP 	hasPeriphery: texRes = 128.0
36.9162 	EXP 	noPeriphery: texRes = 128.0
37.0492 	EXP 	hasPeriphery: texRes = 128.0
37.0492 	EXP 	noPeriphery: texRes = 128.0
37.1690 	EXP 	hasPeriphery: texRes = 128.0
37.1690 	EXP 	noPeriphery: texRes = 128.0
37.3024 	EXP 	hasPeriphery: texRes = 128.0
37.3024 	EXP 	noPeriphery: texRes = 128.0
37.4357 	EXP 	hasPeriphery: texRes = 128.0
37.4357 	EXP 	noPeriphery: texRes = 128.0
37.5689 	EXP 	hasPeriphery: texRes = 128.0
37.5689 	EXP 	noPeriphery: texRes = 128.0
37.7024 	EXP 	hasPeriphery: texRes = 128.0
37.7024 	EXP 	noPeriphery: texRes = 128.0
37.8359 	EXP 	hasPeriphery: texRes = 128.0
37.8359 	EXP 	noPeriphery: texRes = 128.0
37.9692 	EXP 	hasPeriphery: texRes = 128.0
37.9692 	EXP 	noPeriphery: texRes = 128.0
38.1030 	EXP 	hasPeriphery: texRes = 128.0
38.1030 	EXP 	noPeriphery: texRes = 128.0
38.2360 	EXP 	hasPeriphery: texRes = 128.0
38.2360 	EXP 	noPeriphery: texRes = 128.0
38.3559 	EXP 	hasPeriphery: texRes = 128.0
38.3559 	EXP 	noPeriphery: texRes = 128.0
38.4756 	EXP 	hasPeriphery: texRes = 128.0
38.4756 	EXP 	noPeriphery: texRes = 128.0
38.6090 	EXP 	hasPeriphery: texRes = 128.0
38.6090 	EXP 	noPeriphery: texRes = 128.0
38.7293 	EXP 	hasPeriphery: texRes = 128.0
38.7293 	EXP 	noPeriphery: texRes = 128.0
38.9022 	EXP 	hasPeriphery: texRes = 128.0
38.9022 	EXP 	noPeriphery: texRes = 128.0
38.9022 	EXP 	final: autoDraw = True
38.9022 	EXP 	final: texRes = 128.0
39.0891 	EXP 	hasPeriphery: texRes = 128.0
39.0891 	EXP 	noPeriphery: texRes = 128.0
39.0891 	EXP 	final: texRes = 128.0
39.2757 	EXP 	hasPeriphery: texRes = 128.0
39.2757 	EXP 	noPeriphery: texRes = 128.0
39.2757 	EXP 	final: texRes = 128.0
39.4628 	EXP 	hasPeriphery: texRes = 128.0
39.4628 	EXP 	noPeriphery: texRes = 128.0
39.4628 	EXP 	final: texRes = 128.0
39.6627 	EXP 	hasPeriphery: texRes = 128.0
39.6627 	EXP 	noPeriphery: texRes = 128.0
39.6627 	EXP 	final: texRes = 128.0
39.8491 	EXP 	hasPeriphery: texRes = 128.0
39.8491 	EXP 	noPeriphery: texRes = 128.0
39.8491 	EXP 	final: texRes = 128.0
39.8491 	EXP 	blank_screen: autoDraw = True
40.0360 	EXP 	hasPeriphery: texRes = 128.0
40.0360 	EXP 	noPeriphery: texRes = 128.0
40.0360 	EXP 	final: texRes = 128.0
40.2225 	EXP 	hasPeriphery: texRes = 128.0
40.2225 	EXP 	noPeriphery: texRes = 128.0
40.2225 	EXP 	final: texRes = 128.0
40.2225 	EXP 	blank_screen: autoDraw = False
40.3958 	EXP 	hasPeriphery: texRes = 128.0
40.3958 	EXP 	noPeriphery: texRes = 128.0
40.3958 	EXP 	final: texRes = 128.0
40.5825 	EXP 	hasPeriphery: texRes = 128.0
40.5825 	EXP 	noPeriphery: texRes = 128.0
40.5825 	EXP 	final: texRes = 128.0
40.7695 	EXP 	hasPeriphery: texRes = 128.0
40.7695 	EXP 	noPeriphery: texRes = 128.0
40.7695 	EXP 	final: texRes = 128.0
40.9703 	EXP 	hasPeriphery: texRes = 128.0
40.9703 	EXP 	noPeriphery: texRes = 128.0
40.9703 	EXP 	final: texRes = 128.0
41.1695 	EXP 	hasPeriphery: texRes = 128.0
41.1695 	EXP 	noPeriphery: texRes = 128.0
41.1695 	EXP 	final: texRes = 128.0
41.1695 	EXP 	blank_screen: autoDraw = True
41.3559 	EXP 	hasPeriphery: texRes = 128.0
41.3559 	EXP 	noPeriphery: texRes = 128.0
41.3559 	EXP 	final: texRes = 128.0
41.5304 	EXP 	hasPeriphery: texRes = 128.0
41.5304 	EXP 	noPeriphery: texRes = 128.0
41.5304 	EXP 	final: texRes = 128.0
41.5304 	EXP 	blank_screen: autoDraw = False
41.7159 	EXP 	hasPeriphery: texRes = 128.0
41.7159 	EXP 	noPeriphery: texRes = 128.0
41.7159 	EXP 	final: texRes = 128.0
41.8900 	EXP 	hasPeriphery: texRes = 128.0
41.8900 	EXP 	noPeriphery: texRes = 128.0
41.8900 	EXP 	final: texRes = 128.0
42.0760 	EXP 	hasPeriphery: texRes = 128.0
42.0760 	EXP 	noPeriphery: texRes = 128.0
42.0760 	EXP 	final: texRes = 128.0
42.2500 	EXP 	hasPeriphery: texRes = 128.0
42.2500 	EXP 	noPeriphery: texRes = 128.0
42.2500 	EXP 	final: texRes = 128.0
42.4360 	EXP 	hasPeriphery: texRes = 128.0
42.4360 	EXP 	noPeriphery: texRes = 128.0
42.4360 	EXP 	final: texRes = 128.0
42.4360 	EXP 	blank_screen: autoDraw = True
42.6227 	EXP 	hasPeriphery: texRes = 128.0
42.6227 	EXP 	noPeriphery: texRes = 128.0
42.6227 	EXP 	final: texRes = 128.0
42.8094 	EXP 	hasPeriphery: texRes = 128.0
42.8094 	EXP 	noPeriphery: texRes = 128.0
42.8094 	EXP 	final: texRes = 128.0
42.8094 	EXP 	blank_screen: autoDraw = False
42.9834 	EXP 	hasPeriphery: texRes = 128.0
42.9834 	EXP 	noPeriphery: texRes = 128.0
42.9834 	EXP 	final: texRes = 128.0
43.1697 	EXP 	hasPeriphery: texRes = 128.0
43.1697 	EXP 	noPeriphery: texRes = 128.0
43.1697 	EXP 	final: texRes = 128.0
43.3431 	EXP 	hasPeriphery: texRes = 128.0
43.3431 	EXP 	noPeriphery: texRes = 128.0
43.3431 	EXP 	final: texRes = 128.0
43.5295 	EXP 	hasPeriphery: texRes = 128.0
43.5295 	EXP 	noPeriphery: texRes = 128.0
43.5295 	EXP 	final: texRes = 128.0
43.7161 	EXP 	hasPeriphery: texRes = 128.0
43.7161 	EXP 	noPeriphery: texRes = 128.0
43.7161 	EXP 	final: texRes = 128.0
43.7161 	EXP 	blank_screen: autoDraw = True
43.9028 	EXP 	hasPeriphery: texRes = 128.0
43.9028 	EXP 	noPeriphery: texRes = 128.0
43.9028 	EXP 	final: texRes = 128.0
44.0769 	EXP 	hasPeriphery: texRes = 128.0
44.0769 	EXP 	noPeriphery: texRes = 128.0
44.0769 	EXP 	final: texRes = 128.0
44.0769 	EXP 	blank_screen: autoDraw = False
44.2637 	EXP 	hasPeriphery: texRes = 128.0
44.2637 	EXP 	noPeriphery: texRes = 128.0
44.2637 	EXP 	final: texRes = 128.0
44.4368 	EXP 	hasPeriphery: texRes = 128.0
44.4368 	EXP 	noPeriphery: texRes = 128.0
44.4368 	EXP 	final: texRes = 128.0
44.6240 	EXP 	hasPeriphery: texRes = 128.0
44.6240 	EXP 	noPeriphery: texRes = 128.0
44.6240 	EXP 	final: texRes = 128.0
44.7976 	EXP 	hasPeriphery: texRes = 128.0
44.7976 	EXP 	noPeriphery: texRes = 128.0
44.7976 	EXP 	final: texRes = 128.0
44.9833 	EXP 	hasPeriphery: texRes = 128.0
44.9833 	EXP 	noPeriphery: texRes = 128.0
44.9833 	EXP 	final: texRes = 128.0
44.9833 	EXP 	blank_screen: autoDraw = True
45.1705 	EXP 	hasPeriphery: texRes = 128.0
45.1705 	EXP 	noPeriphery: texRes = 128.0
45.1705 	EXP 	final: texRes = 128.0
45.2496 	EXP 	hasPeriphery: autoDraw = False
45.2496 	EXP 	noPeriphery: autoDraw = False
45.2496 	EXP 	final: texRes = 128.0
45.2496 	EXP 	blank_screen: autoDraw = False
45.3169 	EXP 	final: texRes = 128.0
45.3963 	EXP 	final: texRes = 128.0
45.4771 	EXP 	final: texRes = 128.0
45.5566 	EXP 	final: texRes = 128.0
45.6363 	EXP 	final: texRes = 128.0
45.7168 	EXP 	final: texRes = 128.0
45.7970 	EXP 	final: texRes = 128.0
45.8764 	EXP 	final: texRes = 128.0
45.9571 	EXP 	final: texRes = 128.0
46.0367 	EXP 	final: texRes = 128.0
46.1164 	EXP 	final: texRes = 128.0
46.1964 	EXP 	final: texRes = 128.0
46.2634 	EXP 	final: texRes = 128.0
46.3436 	EXP 	final: texRes = 128.0
46.4238 	EXP 	final: texRes = 128.0
46.5031 	EXP 	final: texRes = 128.0
46.5837 	EXP 	final: texRes = 128.0
46.6631 	EXP 	final: texRes = 128.0
46.7431 	EXP 	final: texRes = 128.0
46.8238 	EXP 	final: texRes = 128.0
46.9031 	EXP 	final: texRes = 128.0
46.9467 	EXP 	New trial (rep=0, index=3): {'startImage': 'C:\\Users\\hesselmann\\Desktop\\PsychoPyUniformityIllusion\\UniformityIllusionPsychoPy\\Pics\\2start.png', 'midImage': 'C:\\Users\\hesselmann\\Desktop\\PsychoPyUniformityIllusion\\UniformityIllusionPsychoPy\\Pics\\2a.png', 'endImage': 'C:\\Users\\hesselmann\\Desktop\\PsychoPyUniformityIllusion\\UniformityIllusionPsychoPy\\Pics\\2b.png', 'AB': 'b'}
47.1706 	EXP 	final: texRes = 128.0
47.1706 	EXP 	hasPeriphery: autoDraw = False
47.1706 	EXP 	noPeriphery: autoDraw = False
47.1706 	EXP 	final: autoDraw = False
47.1706 	EXP 	blank_screen: autoDraw = False
47.1706 	EXP 	text: autoDraw = False
47.1706 	EXP 	hasPeriphery: size = array([1.77777778, 1.        ])
47.1706 	EXP 	hasPeriphery: image = 'C:\\Users\\hesselmann\\Desktop\\PsychoPyUniformityIllusion\\UniformityIllusionPsychoPy\\Pics\\2a.png'
47.1706 	EXP 	noPeriphery: size = array([1.77777778, 1.        ])
47.1706 	EXP 	noPeriphery: image = 'C:\\Users\\hesselmann\\Desktop\\PsychoPyUniformityIllusion\\UniformityIllusionPsychoPy\\Pics\\2start.png'
47.1706 	EXP 	final: size = array([1.77777778, 1.        ])
47.1706 	EXP 	final: image = 'C:\\Users\\hesselmann\\Desktop\\PsychoPyUniformityIllusion\\UniformityIllusionPsychoPy\\Pics\\2b.png'
47.1706 	EXP 	hasPeriphery: autoDraw = True
47.1706 	EXP 	hasPeriphery: texRes = 128.0
47.1706 	EXP 	noPeriphery: autoDraw = True
47.1706 	EXP 	noPeriphery: texRes = 128.0
47.1706 	EXP 	text: autoDraw = True
47.2898 	EXP 	hasPeriphery: texRes = 128.0
47.2898 	EXP 	noPeriphery: texRes = 128.0
47.4106 	EXP 	hasPeriphery: texRes = 128.0
47.4106 	EXP 	noPeriphery: texRes = 128.0
47.5432 	EXP 	hasPeriphery: texRes = 128.0
47.5432 	EXP 	noPeriphery: texRes = 128.0
47.6639 	EXP 	hasPeriphery: texRes = 128.0
47.6639 	EXP 	noPeriphery: texRes = 128.0
47.7837 	EXP 	hasPeriphery: texRes = 128.0
47.7837 	EXP 	noPeriphery: texRes = 128.0
47.9165 	EXP 	hasPeriphery: texRes = 128.0
47.9165 	EXP 	noPeriphery: texRes = 128.0
48.0506 	EXP 	hasPeriphery: texRes = 128.0
48.0506 	EXP 	noPeriphery: texRes = 128.0
48.1836 	EXP 	hasPeriphery: texRes = 128.0
48.1836 	EXP 	noPeriphery: texRes = 128.0
48.3039 	EXP 	hasPeriphery: texRes = 128.0
48.3039 	EXP 	noPeriphery: texRes = 128.0
48.4369 	EXP 	hasPeriphery: texRes = 128.0
48.4369 	EXP 	noPeriphery: texRes = 128.0
48.5566 	EXP 	hasPeriphery: texRes = 128.0
48.5566 	EXP 	noPeriphery: texRes = 128.0
48.6771 	EXP 	hasPeriphery: texRes = 128.0
48.6771 	EXP 	noPeriphery: texRes = 128.0
48.8099 	EXP 	hasPeriphery: texRes = 128.0
48.8099 	EXP 	noPeriphery: texRes = 128.0
48.9437 	EXP 	hasPeriphery: texRes = 128.0
48.9437 	EXP 	noPeriphery: texRes = 128.0
49.0768 	EXP 	hasPeriphery: texRes = 128.0
49.0768 	EXP 	noPeriphery: texRes = 128.0
49.2104 	EXP 	hasPeriphery: texRes = 128.0
49.2104 	EXP 	noPeriphery: texRes = 128.0
49.3309 	EXP 	hasPeriphery: texRes = 128.0
49.3309 	EXP 	noPeriphery: texRes = 128.0
49.4634 	EXP 	hasPeriphery: texRes = 128.0
49.4634 	EXP 	noPeriphery: texRes = 128.0
49.5835 	EXP 	hasPeriphery: texRes = 128.0
49.5835 	EXP 	noPeriphery: texRes = 128.0
49.7045 	EXP 	hasPeriphery: texRes = 128.0
49.7045 	EXP 	noPeriphery: texRes = 128.0
49.8370 	EXP 	hasPeriphery: texRes = 128.0
49.8370 	EXP 	noPeriphery: texRes = 128.0
49.9700 	EXP 	hasPeriphery: texRes = 128.0
49.9700 	EXP 	noPeriphery: texRes = 128.0
50.0904 	EXP 	hasPeriphery: texRes = 128.0
50.0904 	EXP 	noPeriphery: texRes = 128.0
50.2234 	EXP 	hasPeriphery: texRes = 128.0
50.2234 	EXP 	noPeriphery: texRes = 128.0
50.3438 	EXP 	hasPeriphery: texRes = 128.0
50.3438 	EXP 	noPeriphery: texRes = 128.0
50.4768 	EXP 	hasPeriphery: texRes = 128.0
50.4768 	EXP 	noPeriphery: texRes = 128.0
50.5972 	EXP 	hasPeriphery: texRes = 128.0
50.5972 	EXP 	noPeriphery: texRes = 128.0
50.7168 	EXP 	hasPeriphery: texRes = 128.0
50.7168 	EXP 	noPeriphery: texRes = 128.0
50.8509 	EXP 	hasPeriphery: texRes = 128.0
50.8509 	EXP 	noPeriphery: texRes = 128.0
51.0240 	EXP 	hasPeriphery: texRes = 128.0
51.0240 	EXP 	noPeriphery: texRes = 128.0
51.0240 	EXP 	final: autoDraw = True
51.0240 	EXP 	final: texRes = 128.0
51.1972 	EXP 	hasPeriphery: texRes = 128.0
51.1972 	EXP 	noPeriphery: texRes = 128.0
51.1972 	EXP 	final: texRes = 128.0
51.3710 	EXP 	hasPeriphery: texRes = 128.0
51.3710 	EXP 	noPeriphery: texRes = 128.0
51.3710 	EXP 	final: texRes = 128.0
51.5436 	EXP 	hasPeriphery: texRes = 128.0
51.5436 	EXP 	noPeriphery: texRes = 128.0
51.5436 	EXP 	final: texRes = 128.0
51.7303 	EXP 	hasPeriphery: texRes = 128.0
51.7303 	EXP 	noPeriphery: texRes = 128.0
51.7303 	EXP 	final: texRes = 128.0
51.9169 	EXP 	hasPeriphery: texRes = 128.0
51.9169 	EXP 	noPeriphery: texRes = 128.0
51.9169 	EXP 	final: texRes = 128.0
51.9169 	EXP 	blank_screen: autoDraw = True
52.1043 	EXP 	hasPeriphery: texRes = 128.0
52.1043 	EXP 	noPeriphery: texRes = 128.0
52.1043 	EXP 	final: texRes = 128.0
52.2778 	EXP 	hasPeriphery: texRes = 128.0
52.2778 	EXP 	noPeriphery: texRes = 128.0
52.2778 	EXP 	final: texRes = 128.0
52.2778 	EXP 	blank_screen: autoDraw = False
52.4504 	EXP 	hasPeriphery: texRes = 128.0
52.4504 	EXP 	noPeriphery: texRes = 128.0
52.4504 	EXP 	final: texRes = 128.0
52.6372 	EXP 	hasPeriphery: texRes = 128.0
52.6372 	EXP 	noPeriphery: texRes = 128.0
52.6372 	EXP 	final: texRes = 128.0
52.8104 	EXP 	hasPeriphery: texRes = 128.0
52.8104 	EXP 	noPeriphery: texRes = 128.0
52.8104 	EXP 	final: texRes = 128.0
52.9837 	EXP 	hasPeriphery: texRes = 128.0
52.9837 	EXP 	noPeriphery: texRes = 128.0
52.9837 	EXP 	final: texRes = 128.0
53.1707 	EXP 	hasPeriphery: texRes = 128.0
53.1707 	EXP 	noPeriphery: texRes = 128.0
53.1707 	EXP 	final: texRes = 128.0
53.1707 	EXP 	blank_screen: autoDraw = True
53.3575 	EXP 	hasPeriphery: texRes = 128.0
53.3575 	EXP 	noPeriphery: texRes = 128.0
53.3575 	EXP 	final: texRes = 128.0
53.5441 	EXP 	hasPeriphery: texRes = 128.0
53.5441 	EXP 	noPeriphery: texRes = 128.0
53.5441 	EXP 	final: texRes = 128.0
53.5441 	EXP 	blank_screen: autoDraw = False
53.7174 	EXP 	hasPeriphery: texRes = 128.0
53.7174 	EXP 	noPeriphery: texRes = 128.0
53.7174 	EXP 	final: texRes = 128.0
53.8905 	EXP 	hasPeriphery: texRes = 128.0
53.8905 	EXP 	noPeriphery: texRes = 128.0
53.8905 	EXP 	final: texRes = 128.0
54.0645 	EXP 	hasPeriphery: texRes = 128.0
54.0645 	EXP 	noPeriphery: texRes = 128.0
54.0645 	EXP 	final: texRes = 128.0
54.2373 	EXP 	hasPeriphery: texRes = 128.0
54.2373 	EXP 	noPeriphery: texRes = 128.0
54.2373 	EXP 	final: texRes = 128.0
54.4112 	EXP 	hasPeriphery: texRes = 128.0
54.4112 	EXP 	noPeriphery: texRes = 128.0
54.4112 	EXP 	final: texRes = 128.0
54.4112 	EXP 	blank_screen: autoDraw = True
54.6105 	EXP 	hasPeriphery: texRes = 128.0
54.6105 	EXP 	noPeriphery: texRes = 128.0
54.6105 	EXP 	final: texRes = 128.0
54.7846 	EXP 	hasPeriphery: texRes = 128.0
54.7846 	EXP 	noPeriphery: texRes = 128.0
54.7846 	EXP 	final: texRes = 128.0
54.7846 	EXP 	blank_screen: autoDraw = False
54.9576 	EXP 	hasPeriphery: texRes = 128.0
54.9576 	EXP 	noPeriphery: texRes = 128.0
54.9576 	EXP 	final: texRes = 128.0
55.1310 	EXP 	hasPeriphery: texRes = 128.0
55.1310 	EXP 	noPeriphery: texRes = 128.0
55.1310 	EXP 	final: texRes = 128.0
55.3040 	EXP 	hasPeriphery: texRes = 128.0
55.3040 	EXP 	noPeriphery: texRes = 128.0
55.3040 	EXP 	final: texRes = 128.0
55.4776 	EXP 	hasPeriphery: texRes = 128.0
55.4776 	EXP 	noPeriphery: texRes = 128.0
55.4776 	EXP 	final: texRes = 128.0
55.6641 	EXP 	hasPeriphery: texRes = 128.0
55.6641 	EXP 	noPeriphery: texRes = 128.0
55.6641 	EXP 	final: texRes = 128.0
55.6641 	EXP 	blank_screen: autoDraw = True
55.8509 	EXP 	hasPeriphery: texRes = 128.0
55.8509 	EXP 	noPeriphery: texRes = 128.0
55.8509 	EXP 	final: texRes = 128.0
56.0378 	EXP 	hasPeriphery: texRes = 128.0
56.0378 	EXP 	noPeriphery: texRes = 128.0
56.0378 	EXP 	final: texRes = 128.0
56.0378 	EXP 	blank_screen: autoDraw = False
56.2244 	EXP 	hasPeriphery: texRes = 128.0
56.2244 	EXP 	noPeriphery: texRes = 128.0
56.2244 	EXP 	final: texRes = 128.0
56.3977 	EXP 	hasPeriphery: texRes = 128.0
56.3977 	EXP 	noPeriphery: texRes = 128.0
56.3977 	EXP 	final: texRes = 128.0
56.5711 	EXP 	hasPeriphery: texRes = 128.0
56.5711 	EXP 	noPeriphery: texRes = 128.0
56.5711 	EXP 	final: texRes = 128.0
56.7445 	EXP 	hasPeriphery: texRes = 128.0
56.7445 	EXP 	noPeriphery: texRes = 128.0
56.7445 	EXP 	final: texRes = 128.0
56.9315 	EXP 	hasPeriphery: texRes = 128.0
56.9315 	EXP 	noPeriphery: texRes = 128.0
56.9315 	EXP 	final: texRes = 128.0
56.9315 	EXP 	blank_screen: autoDraw = True
57.1178 	EXP 	hasPeriphery: texRes = 128.0
57.1178 	EXP 	noPeriphery: texRes = 128.0
57.1178 	EXP 	final: texRes = 128.0
57.2912 	EXP 	hasPeriphery: texRes = 128.0
57.2912 	EXP 	noPeriphery: texRes = 128.0
57.2912 	EXP 	final: texRes = 128.0
57.2912 	EXP 	blank_screen: autoDraw = False
57.3575 	EXP 	hasPeriphery: autoDraw = False
57.3575 	EXP 	noPeriphery: autoDraw = False
57.3575 	EXP 	final: texRes = 128.0
57.4245 	EXP 	final: texRes = 128.0
57.4912 	EXP 	final: texRes = 128.0
57.5579 	EXP 	final: texRes = 128.0
57.6245 	EXP 	final: texRes = 128.0
57.6916 	EXP 	final: texRes = 128.0
57.7718 	EXP 	final: texRes = 128.0
57.8375 	EXP 	final: texRes = 128.0
57.9046 	EXP 	final: texRes = 128.0
57.9716 	EXP 	final: texRes = 128.0
58.0379 	EXP 	final: texRes = 128.0
58.1179 	EXP 	final: texRes = 128.0
58.1849 	EXP 	final: texRes = 128.0
58.2514 	EXP 	final: texRes = 128.0
58.3176 	EXP 	final: texRes = 128.0
58.3846 	EXP 	final: texRes = 128.0
58.4509 	EXP 	final: texRes = 128.0
58.5179 	EXP 	final: texRes = 128.0
58.5846 	EXP 	final: texRes = 128.0
58.6513 	EXP 	final: texRes = 128.0
58.7187 	EXP 	final: texRes = 128.0
58.7846 	EXP 	final: texRes = 128.0
58.8510 	EXP 	final: texRes = 128.0
58.9180 	EXP 	final: texRes = 128.0
58.9843 	EXP 	final: texRes = 128.0
59.0513 	EXP 	final: texRes = 128.0
59.0909 	EXP 	New trial (rep=0, index=4): {'startImage': 'C:\\Users\\hesselmann\\Desktop\\PsychoPyUniformityIllusion\\UniformityIllusionPsychoPy\\Pics\\3start.png', 'midImage': 'C:\\Users\\hesselmann\\Desktop\\PsychoPyUniformityIllusion\\UniformityIllusionPsychoPy\\Pics\\3a.png', 'endImage': 'C:\\Users\\hesselmann\\Desktop\\PsychoPyUniformityIllusion\\UniformityIllusionPsychoPy\\Pics\\3a.png', 'AB': 'a'}
59.3180 	EXP 	final: texRes = 128.0
59.3180 	EXP 	hasPeriphery: autoDraw = False
59.3180 	EXP 	noPeriphery: autoDraw = False
59.3180 	EXP 	final: autoDraw = False
59.3180 	EXP 	blank_screen: autoDraw = False
59.3180 	EXP 	text: autoDraw = False
59.3180 	EXP 	hasPeriphery: size = array([1.77777778, 1.        ])
59.3180 	EXP 	hasPeriphery: image = 'C:\\Users\\hesselmann\\Desktop\\PsychoPyUniformityIllusion\\UniformityIllusionPsychoPy\\Pics\\3a.png'
59.3180 	EXP 	noPeriphery: size = array([1.77777778, 1.        ])
59.3180 	EXP 	noPeriphery: image = 'C:\\Users\\hesselmann\\Desktop\\PsychoPyUniformityIllusion\\UniformityIllusionPsychoPy\\Pics\\3start.png'
59.3180 	EXP 	final: size = array([1.77777778, 1.        ])
59.3180 	EXP 	final: image = 'C:\\Users\\hesselmann\\Desktop\\PsychoPyUniformityIllusion\\UniformityIllusionPsychoPy\\Pics\\3a.png'
59.3180 	EXP 	hasPeriphery: autoDraw = True
59.3180 	EXP 	hasPeriphery: texRes = 128.0
59.3180 	EXP 	noPeriphery: autoDraw = True
59.3180 	EXP 	noPeriphery: texRes = 128.0
59.3180 	EXP 	text: autoDraw = True
59.4513 	EXP 	hasPeriphery: texRes = 128.0
59.4513 	EXP 	noPeriphery: texRes = 128.0
59.5847 	EXP 	hasPeriphery: texRes = 128.0
59.5847 	EXP 	noPeriphery: texRes = 128.0
59.7180 	EXP 	hasPeriphery: texRes = 128.0
59.7180 	EXP 	noPeriphery: texRes = 128.0
59.8381 	EXP 	hasPeriphery: texRes = 128.0
59.8381 	EXP 	noPeriphery: texRes = 128.0
59.9718 	EXP 	hasPeriphery: texRes = 128.0
59.9718 	EXP 	noPeriphery: texRes = 128.0
60.1048 	EXP 	hasPeriphery: texRes = 128.0
60.1048 	EXP 	noPeriphery: texRes = 128.0
60.2244 	EXP 	hasPeriphery: texRes = 128.0
60.2244 	EXP 	noPeriphery: texRes = 128.0
60.3446 	EXP 	hasPeriphery: texRes = 128.0
60.3446 	EXP 	noPeriphery: texRes = 128.0
60.4645 	EXP 	hasPeriphery: texRes = 128.0
60.4645 	EXP 	noPeriphery: texRes = 128.0
60.5979 	EXP 	hasPeriphery: texRes = 128.0
60.5979 	EXP 	noPeriphery: texRes = 128.0
60.7314 	EXP 	hasPeriphery: texRes = 128.0
60.7314 	EXP 	noPeriphery: texRes = 128.0
60.8651 	EXP 	hasPeriphery: texRes = 128.0
60.8651 	EXP 	noPeriphery: texRes = 128.0
60.9984 	EXP 	hasPeriphery: texRes = 128.0
60.9984 	EXP 	noPeriphery: texRes = 128.0
61.1323 	EXP 	hasPeriphery: texRes = 128.0
61.1323 	EXP 	noPeriphery: texRes = 128.0
61.2656 	EXP 	hasPeriphery: texRes = 128.0
61.2656 	EXP 	noPeriphery: texRes = 128.0
61.3982 	EXP 	hasPeriphery: texRes = 128.0
61.3982 	EXP 	noPeriphery: texRes = 128.0
61.5313 	EXP 	hasPeriphery: texRes = 128.0
61.5313 	EXP 	noPeriphery: texRes = 128.0
61.6646 	EXP 	hasPeriphery: texRes = 128.0
61.6646 	EXP 	noPeriphery: texRes = 128.0
61.7983 	EXP 	hasPeriphery: texRes = 128.0
61.7983 	EXP 	noPeriphery: texRes = 128.0
61.9850 	EXP 	hasPeriphery: texRes = 128.0
61.9850 	EXP 	noPeriphery: texRes = 128.0
61.9850 	EXP 	final: autoDraw = True
61.9850 	EXP 	final: texRes = 128.0
62.1846 	EXP 	hasPeriphery: texRes = 128.0
62.1846 	EXP 	noPeriphery: texRes = 128.0
62.1846 	EXP 	final: texRes = 128.0
62.1846 	EXP 	blank_screen: autoDraw = True
62.3722 	EXP 	hasPeriphery: texRes = 128.0
62.3722 	EXP 	noPeriphery: texRes = 128.0
62.3722 	EXP 	final: texRes = 128.0
62.5580 	EXP 	hasPeriphery: texRes = 128.0
62.5580 	EXP 	noPeriphery: texRes = 128.0
62.5580 	EXP 	final: texRes = 128.0
62.5580 	EXP 	blank_screen: autoDraw = False
62.7451 	EXP 	hasPeriphery: texRes = 128.0
62.7451 	EXP 	noPeriphery: texRes = 128.0
62.7451 	EXP 	final: texRes = 128.0
62.9320 	EXP 	hasPeriphery: texRes = 128.0
62.9320 	EXP 	noPeriphery: texRes = 128.0
62.9320 	EXP 	final: texRes = 128.0
63.1181 	EXP 	hasPeriphery: texRes = 128.0
63.1181 	EXP 	noPeriphery: texRes = 128.0
63.1181 	EXP 	final: texRes = 128.0
63.3055 	EXP 	hasPeriphery: texRes = 128.0
63.3055 	EXP 	noPeriphery: texRes = 128.0
63.3055 	EXP 	final: texRes = 128.0
63.4914 	EXP 	hasPeriphery: texRes = 128.0
63.4914 	EXP 	noPeriphery: texRes = 128.0
63.4914 	EXP 	final: texRes = 128.0
63.4914 	EXP 	blank_screen: autoDraw = True
63.6785 	EXP 	hasPeriphery: texRes = 128.0
63.6785 	EXP 	noPeriphery: texRes = 128.0
63.6785 	EXP 	final: texRes = 128.0
63.8655 	EXP 	hasPeriphery: texRes = 128.0
63.8655 	EXP 	noPeriphery: texRes = 128.0
63.8655 	EXP 	final: texRes = 128.0
63.8655 	EXP 	blank_screen: autoDraw = False
64.0514 	EXP 	hasPeriphery: texRes = 128.0
64.0514 	EXP 	noPeriphery: texRes = 128.0
64.0514 	EXP 	final: texRes = 128.0
64.2388 	EXP 	hasPeriphery: texRes = 128.0
64.2388 	EXP 	noPeriphery: texRes = 128.0
64.2388 	EXP 	final: texRes = 128.0
64.4252 	EXP 	hasPeriphery: texRes = 128.0
64.4252 	EXP 	noPeriphery: texRes = 128.0
64.4252 	EXP 	final: texRes = 128.0
64.6126 	EXP 	hasPeriphery: texRes = 128.0
64.6126 	EXP 	noPeriphery: texRes = 128.0
64.6126 	EXP 	final: texRes = 128.0
64.8116 	EXP 	hasPeriphery: texRes = 128.0
64.8116 	EXP 	noPeriphery: texRes = 128.0
64.8116 	EXP 	final: texRes = 128.0
64.8116 	EXP 	blank_screen: autoDraw = True
64.9989 	EXP 	hasPeriphery: texRes = 128.0
64.9989 	EXP 	noPeriphery: texRes = 128.0
64.9989 	EXP 	final: texRes = 128.0
65.1853 	EXP 	hasPeriphery: texRes = 128.0
65.1853 	EXP 	noPeriphery: texRes = 128.0
65.1853 	EXP 	final: texRes = 128.0
65.1853 	EXP 	blank_screen: autoDraw = False
65.3724 	EXP 	hasPeriphery: texRes = 128.0
65.3724 	EXP 	noPeriphery: texRes = 128.0
65.3724 	EXP 	final: texRes = 128.0
65.5583 	EXP 	hasPeriphery: texRes = 128.0
65.5583 	EXP 	noPeriphery: texRes = 128.0
65.5583 	EXP 	final: texRes = 128.0
65.7454 	EXP 	hasPeriphery: texRes = 128.0
65.7454 	EXP 	noPeriphery: texRes = 128.0
65.7454 	EXP 	final: texRes = 128.0
65.9317 	EXP 	hasPeriphery: texRes = 128.0
65.9317 	EXP 	noPeriphery: texRes = 128.0
65.9317 	EXP 	final: texRes = 128.0
66.1317 	EXP 	hasPeriphery: texRes = 128.0
66.1317 	EXP 	noPeriphery: texRes = 128.0
66.1317 	EXP 	final: texRes = 128.0
66.1317 	EXP 	blank_screen: autoDraw = True
66.3184 	EXP 	hasPeriphery: texRes = 128.0
66.3184 	EXP 	noPeriphery: texRes = 128.0
66.3184 	EXP 	final: texRes = 128.0
66.4921 	EXP 	hasPeriphery: texRes = 128.0
66.4921 	EXP 	noPeriphery: texRes = 128.0
66.4921 	EXP 	final: texRes = 128.0
66.4921 	EXP 	blank_screen: autoDraw = False
66.6792 	EXP 	hasPeriphery: texRes = 128.0
66.6792 	EXP 	noPeriphery: texRes = 128.0
66.6792 	EXP 	final: texRes = 128.0
66.8656 	EXP 	hasPeriphery: texRes = 128.0
66.8656 	EXP 	noPeriphery: texRes = 128.0
66.8656 	EXP 	final: texRes = 128.0
67.0525 	EXP 	hasPeriphery: texRes = 128.0
67.0525 	EXP 	noPeriphery: texRes = 128.0
67.0525 	EXP 	final: texRes = 128.0
67.2388 	EXP 	hasPeriphery: texRes = 128.0
67.2388 	EXP 	noPeriphery: texRes = 128.0
67.2388 	EXP 	final: texRes = 128.0
67.4259 	EXP 	hasPeriphery: texRes = 128.0
67.4259 	EXP 	noPeriphery: texRes = 128.0
67.4259 	EXP 	final: texRes = 128.0
67.4259 	EXP 	blank_screen: autoDraw = True
67.6126 	EXP 	hasPeriphery: texRes = 128.0
67.6126 	EXP 	noPeriphery: texRes = 128.0
67.6126 	EXP 	final: texRes = 128.0
67.7985 	EXP 	hasPeriphery: texRes = 128.0
67.7985 	EXP 	noPeriphery: texRes = 128.0
67.7985 	EXP 	final: texRes = 128.0
67.7985 	EXP 	blank_screen: autoDraw = False
67.9854 	EXP 	hasPeriphery: texRes = 128.0
67.9854 	EXP 	noPeriphery: texRes = 128.0
67.9854 	EXP 	final: texRes = 128.0
68.1719 	EXP 	hasPeriphery: texRes = 128.0
68.1719 	EXP 	noPeriphery: texRes = 128.0
68.1719 	EXP 	final: texRes = 128.0
68.3460 	EXP 	hasPeriphery: texRes = 128.0
68.3460 	EXP 	noPeriphery: texRes = 128.0
68.3460 	EXP 	final: texRes = 128.0
68.5319 	EXP 	hasPeriphery: texRes = 128.0
68.5319 	EXP 	noPeriphery: texRes = 128.0
68.5319 	EXP 	final: texRes = 128.0
68.7323 	EXP 	hasPeriphery: texRes = 128.0
68.7323 	EXP 	noPeriphery: texRes = 128.0
68.7323 	EXP 	final: texRes = 128.0
68.7323 	EXP 	blank_screen: autoDraw = True
68.9190 	EXP 	hasPeriphery: texRes = 128.0
68.9190 	EXP 	noPeriphery: texRes = 128.0
68.9190 	EXP 	final: texRes = 128.0
69.1057 	EXP 	hasPeriphery: texRes = 128.0
69.1057 	EXP 	noPeriphery: texRes = 128.0
69.1057 	EXP 	final: texRes = 128.0
69.1057 	EXP 	blank_screen: autoDraw = False
69.2924 	EXP 	hasPeriphery: texRes = 128.0
69.2924 	EXP 	noPeriphery: texRes = 128.0
69.2924 	EXP 	final: texRes = 128.0
69.4664 	EXP 	hasPeriphery: texRes = 128.0
69.4664 	EXP 	noPeriphery: texRes = 128.0
69.4664 	EXP 	final: texRes = 128.0
69.5462 	EXP 	hasPeriphery: autoDraw = False
69.5462 	EXP 	noPeriphery: autoDraw = False
69.5462 	EXP 	final: texRes = 128.0
69.6254 	EXP 	final: texRes = 128.0
69.7054 	EXP 	final: texRes = 128.0
69.7722 	EXP 	final: texRes = 128.0
69.8522 	EXP 	final: texRes = 128.0
69.9332 	EXP 	final: texRes = 128.0
70.0121 	EXP 	final: texRes = 128.0
70.0921 	EXP 	final: texRes = 128.0
70.1725 	EXP 	final: texRes = 128.0
70.2525 	EXP 	final: texRes = 128.0
70.3188 	EXP 	final: texRes = 128.0
70.3988 	EXP 	final: texRes = 128.0
70.4792 	EXP 	final: texRes = 128.0
70.5596 	EXP 	final: texRes = 128.0
70.6392 	EXP 	final: texRes = 128.0
70.7188 	EXP 	final: texRes = 128.0
70.7992 	EXP 	final: texRes = 128.0
70.8792 	EXP 	final: texRes = 128.0
70.9592 	EXP 	final: texRes = 128.0
71.0389 	EXP 	final: texRes = 128.0
71.1189 	EXP 	final: texRes = 128.0
71.1994 	EXP 	final: texRes = 128.0
71.2449 	EXP 	New trial (rep=0, index=5): {'startImage': 'C:\\Users\\hesselmann\\Desktop\\PsychoPyUniformityIllusion\\UniformityIllusionPsychoPy\\Pics\\3start.png', 'midImage': 'C:\\Users\\hesselmann\\Desktop\\PsychoPyUniformityIllusion\\UniformityIllusionPsychoPy\\Pics\\3a.png', 'endImage': 'C:\\Users\\hesselmann\\Desktop\\PsychoPyUniformityIllusion\\UniformityIllusionPsychoPy\\Pics\\3b.png', 'AB': 'b'}
71.4793 	EXP 	final: texRes = 128.0
71.4793 	EXP 	hasPeriphery: autoDraw = False
71.4793 	EXP 	noPeriphery: autoDraw = False
71.4793 	EXP 	final: autoDraw = False
71.4793 	EXP 	blank_screen: autoDraw = False
71.4793 	EXP 	text: autoDraw = False
71.4793 	EXP 	hasPeriphery: size = array([1.77777778, 1.        ])
71.4793 	EXP 	hasPeriphery: image = 'C:\\Users\\hesselmann\\Desktop\\PsychoPyUniformityIllusion\\UniformityIllusionPsychoPy\\Pics\\3a.png'
71.4793 	EXP 	noPeriphery: size = array([1.77777778, 1.        ])
71.4793 	EXP 	noPeriphery: image = 'C:\\Users\\hesselmann\\Desktop\\PsychoPyUniformityIllusion\\UniformityIllusionPsychoPy\\Pics\\3start.png'
71.4793 	EXP 	final: size = array([1.77777778, 1.        ])
71.4793 	EXP 	final: image = 'C:\\Users\\hesselmann\\Desktop\\PsychoPyUniformityIllusion\\UniformityIllusionPsychoPy\\Pics\\3b.png'
71.4793 	EXP 	hasPeriphery: autoDraw = True
71.4793 	EXP 	hasPeriphery: texRes = 128.0
71.4793 	EXP 	noPeriphery: autoDraw = True
71.4793 	EXP 	noPeriphery: texRes = 128.0
71.4793 	EXP 	text: autoDraw = True
71.6128 	EXP 	hasPeriphery: texRes = 128.0
71.6128 	EXP 	noPeriphery: texRes = 128.0
71.7597 	EXP 	hasPeriphery: texRes = 128.0
71.7597 	EXP 	noPeriphery: texRes = 128.0
71.8927 	EXP 	hasPeriphery: texRes = 128.0
71.8927 	EXP 	noPeriphery: texRes = 128.0
72.0264 	EXP 	hasPeriphery: texRes = 128.0
72.0264 	EXP 	noPeriphery: texRes = 128.0
72.1604 	EXP 	hasPeriphery: texRes = 128.0
72.1604 	EXP 	noPeriphery: texRes = 128.0
72.2924 	EXP 	hasPeriphery: texRes = 128.0
72.2924 	EXP 	noPeriphery: texRes = 128.0
72.4127 	EXP 	hasPeriphery: texRes = 128.0
72.4127 	EXP 	noPeriphery: texRes = 128.0
72.5460 	EXP 	hasPeriphery: texRes = 128.0
72.5460 	EXP 	noPeriphery: texRes = 128.0
72.6798 	EXP 	hasPeriphery: texRes = 128.0
72.6798 	EXP 	noPeriphery: texRes = 128.0
72.8133 	EXP 	hasPeriphery: texRes = 128.0
72.8133 	EXP 	noPeriphery: texRes = 128.0
72.9457 	EXP 	hasPeriphery: texRes = 128.0
72.9457 	EXP 	noPeriphery: texRes = 128.0
73.0793 	EXP 	hasPeriphery: texRes = 128.0
73.0793 	EXP 	noPeriphery: texRes = 128.0
73.2124 	EXP 	hasPeriphery: texRes = 128.0
73.2124 	EXP 	noPeriphery: texRes = 128.0
73.3461 	EXP 	hasPeriphery: texRes = 128.0
73.3461 	EXP 	noPeriphery: texRes = 128.0
73.4804 	EXP 	hasPeriphery: texRes = 128.0
73.4804 	EXP 	noPeriphery: texRes = 128.0
73.6132 	EXP 	hasPeriphery: texRes = 128.0
73.6132 	EXP 	noPeriphery: texRes = 128.0
73.7458 	EXP 	hasPeriphery: texRes = 128.0
73.7458 	EXP 	noPeriphery: texRes = 128.0
73.8791 	EXP 	hasPeriphery: texRes = 128.0
73.8791 	EXP 	noPeriphery: texRes = 128.0
74.0128 	EXP 	hasPeriphery: texRes = 128.0
74.0128 	EXP 	noPeriphery: texRes = 128.0
74.1995 	EXP 	hasPeriphery: texRes = 128.0
74.1995 	EXP 	noPeriphery: texRes = 128.0
74.1995 	EXP 	final: autoDraw = True
74.1995 	EXP 	final: texRes = 128.0
74.3859 	EXP 	hasPeriphery: texRes = 128.0
74.3859 	EXP 	noPeriphery: texRes = 128.0
74.3859 	EXP 	final: texRes = 128.0
74.3859 	EXP 	blank_screen: autoDraw = True
74.5729 	EXP 	hasPeriphery: texRes = 128.0
74.5729 	EXP 	noPeriphery: texRes = 128.0
74.5729 	EXP 	final: texRes = 128.0
74.7602 	EXP 	hasPeriphery: texRes = 128.0
74.7602 	EXP 	noPeriphery: texRes = 128.0
74.7602 	EXP 	final: texRes = 128.0
74.7602 	EXP 	blank_screen: autoDraw = False
74.9596 	EXP 	hasPeriphery: texRes = 128.0
74.9596 	EXP 	noPeriphery: texRes = 128.0
74.9596 	EXP 	final: texRes = 128.0
75.1597 	EXP 	hasPeriphery: texRes = 128.0
75.1597 	EXP 	noPeriphery: texRes = 128.0
75.1597 	EXP 	final: texRes = 128.0
75.3460 	EXP 	hasPeriphery: texRes = 128.0
75.3460 	EXP 	noPeriphery: texRes = 128.0
75.3460 	EXP 	final: texRes = 128.0
75.5330 	EXP 	hasPeriphery: texRes = 128.0
75.5330 	EXP 	noPeriphery: texRes = 128.0
75.5330 	EXP 	final: texRes = 128.0
75.7326 	EXP 	hasPeriphery: texRes = 128.0
75.7326 	EXP 	noPeriphery: texRes = 128.0
75.7326 	EXP 	final: texRes = 128.0
75.7326 	EXP 	blank_screen: autoDraw = True
75.9460 	EXP 	hasPeriphery: texRes = 128.0
75.9460 	EXP 	noPeriphery: texRes = 128.0
75.9460 	EXP 	final: texRes = 128.0
76.1330 	EXP 	hasPeriphery: texRes = 128.0
76.1330 	EXP 	noPeriphery: texRes = 128.0
76.1330 	EXP 	final: texRes = 128.0
76.1330 	EXP 	blank_screen: autoDraw = False
76.3201 	EXP 	hasPeriphery: texRes = 128.0
76.3201 	EXP 	noPeriphery: texRes = 128.0
76.3201 	EXP 	final: texRes = 128.0
76.4927 	EXP 	hasPeriphery: texRes = 128.0
76.4927 	EXP 	noPeriphery: texRes = 128.0
76.4927 	EXP 	final: texRes = 128.0
76.6799 	EXP 	hasPeriphery: texRes = 128.0
76.6799 	EXP 	noPeriphery: texRes = 128.0
76.6799 	EXP 	final: texRes = 128.0
76.8661 	EXP 	hasPeriphery: texRes = 128.0
76.8661 	EXP 	noPeriphery: texRes = 128.0
76.8661 	EXP 	final: texRes = 128.0
77.0544 	EXP 	hasPeriphery: texRes = 128.0
77.0544 	EXP 	noPeriphery: texRes = 128.0
77.0544 	EXP 	final: texRes = 128.0
77.0544 	EXP 	blank_screen: autoDraw = True
77.2664 	EXP 	hasPeriphery: texRes = 128.0
77.2664 	EXP 	noPeriphery: texRes = 128.0
77.2664 	EXP 	final: texRes = 128.0
77.4399 	EXP 	hasPeriphery: texRes = 128.0
77.4399 	EXP 	noPeriphery: texRes = 128.0
77.4399 	EXP 	final: texRes = 128.0
77.4399 	EXP 	blank_screen: autoDraw = False
77.6266 	EXP 	hasPeriphery: texRes = 128.0
77.6266 	EXP 	noPeriphery: texRes = 128.0
77.6266 	EXP 	final: texRes = 128.0
77.8132 	EXP 	hasPeriphery: texRes = 128.0
77.8132 	EXP 	noPeriphery: texRes = 128.0
77.8132 	EXP 	final: texRes = 128.0
78.0002 	EXP 	hasPeriphery: texRes = 128.0
78.0002 	EXP 	noPeriphery: texRes = 128.0
78.0002 	EXP 	final: texRes = 128.0
78.1995 	EXP 	hasPeriphery: texRes = 128.0
78.1995 	EXP 	noPeriphery: texRes = 128.0
78.1995 	EXP 	final: texRes = 128.0
78.3875 	EXP 	hasPeriphery: texRes = 128.0
78.3875 	EXP 	noPeriphery: texRes = 128.0
78.3875 	EXP 	final: texRes = 128.0
78.3875 	EXP 	blank_screen: autoDraw = True
78.5866 	EXP 	hasPeriphery: texRes = 128.0
78.5866 	EXP 	noPeriphery: texRes = 128.0
78.5866 	EXP 	final: texRes = 128.0
78.7863 	EXP 	hasPeriphery: texRes = 128.0
78.7863 	EXP 	noPeriphery: texRes = 128.0
78.7863 	EXP 	final: texRes = 128.0
78.7863 	EXP 	blank_screen: autoDraw = False
78.9730 	EXP 	hasPeriphery: texRes = 128.0
78.9730 	EXP 	noPeriphery: texRes = 128.0
78.9730 	EXP 	final: texRes = 128.0
79.1597 	EXP 	hasPeriphery: texRes = 128.0
79.1597 	EXP 	noPeriphery: texRes = 128.0
79.1597 	EXP 	final: texRes = 128.0
79.3468 	EXP 	hasPeriphery: texRes = 128.0
79.3468 	EXP 	noPeriphery: texRes = 128.0
79.3468 	EXP 	final: texRes = 128.0
79.5334 	EXP 	hasPeriphery: texRes = 128.0
79.5334 	EXP 	noPeriphery: texRes = 128.0
79.5334 	EXP 	final: texRes = 128.0
79.7203 	EXP 	hasPeriphery: texRes = 128.0
79.7203 	EXP 	noPeriphery: texRes = 128.0
79.7203 	EXP 	final: texRes = 128.0
79.7203 	EXP 	blank_screen: autoDraw = True
79.9206 	EXP 	hasPeriphery: texRes = 128.0
79.9206 	EXP 	noPeriphery: texRes = 128.0
79.9206 	EXP 	final: texRes = 128.0
80.1065 	EXP 	hasPeriphery: texRes = 128.0
80.1065 	EXP 	noPeriphery: texRes = 128.0
80.1065 	EXP 	final: texRes = 128.0
80.1065 	EXP 	blank_screen: autoDraw = False
80.2937 	EXP 	hasPeriphery: texRes = 128.0
80.2937 	EXP 	noPeriphery: texRes = 128.0
80.2937 	EXP 	final: texRes = 128.0
80.4932 	EXP 	hasPeriphery: texRes = 128.0
80.4932 	EXP 	noPeriphery: texRes = 128.0
80.4932 	EXP 	final: texRes = 128.0
80.6798 	EXP 	hasPeriphery: texRes = 128.0
80.6798 	EXP 	noPeriphery: texRes = 128.0
80.6798 	EXP 	final: texRes = 128.0
80.8669 	EXP 	hasPeriphery: texRes = 128.0
80.8669 	EXP 	noPeriphery: texRes = 128.0
80.8669 	EXP 	final: texRes = 128.0
81.0668 	EXP 	hasPeriphery: texRes = 128.0
81.0668 	EXP 	noPeriphery: texRes = 128.0
81.0668 	EXP 	final: texRes = 128.0
81.0668 	EXP 	blank_screen: autoDraw = True
81.2542 	EXP 	hasPeriphery: texRes = 128.0
81.2542 	EXP 	noPeriphery: texRes = 128.0
81.2542 	EXP 	final: texRes = 128.0
81.4273 	EXP 	hasPeriphery: texRes = 128.0
81.4273 	EXP 	noPeriphery: texRes = 128.0
81.4273 	EXP 	final: texRes = 128.0
81.4273 	EXP 	blank_screen: autoDraw = False
81.6132 	EXP 	hasPeriphery: texRes = 128.0
81.6132 	EXP 	noPeriphery: texRes = 128.0
81.6132 	EXP 	final: texRes = 128.0
81.6939 	EXP 	hasPeriphery: autoDraw = False
81.6939 	EXP 	noPeriphery: autoDraw = False
81.6939 	EXP 	final: texRes = 128.0
81.7734 	EXP 	final: texRes = 128.0
81.8540 	EXP 	final: texRes = 128.0
81.9332 	EXP 	final: texRes = 128.0
82.0137 	EXP 	final: texRes = 128.0
82.0933 	EXP 	final: texRes = 128.0
82.1740 	EXP 	final: texRes = 128.0
82.2542 	EXP 	final: texRes = 128.0
82.3337 	EXP 	final: texRes = 128.0
82.3999 	EXP 	final: texRes = 128.0
82.4802 	EXP 	final: texRes = 128.0
82.5604 	EXP 	final: texRes = 128.0
82.6404 	EXP 	final: texRes = 128.0
82.7207 	EXP 	final: texRes = 128.0
82.8002 	EXP 	final: texRes = 128.0
82.8801 	EXP 	final: texRes = 128.0
82.9604 	EXP 	final: texRes = 128.0
83.0401 	EXP 	final: texRes = 128.0
83.1204 	EXP 	final: texRes = 128.0
83.2006 	EXP 	final: texRes = 128.0
83.2804 	EXP 	final: texRes = 128.0
83.3471 	EXP 	final: texRes = 128.0
83.4280 	EXP 	final: texRes = 128.0
83.4935 	EXP 	final: texRes = 128.0
83.4935 	EXP 	hasPeriphery: autoDraw = False
83.4935 	EXP 	noPeriphery: autoDraw = False
83.4935 	EXP 	final: autoDraw = False
83.4935 	EXP 	blank_screen: autoDraw = False
83.4935 	EXP 	text: autoDraw = False
83.4935 	EXP 	WelcomeText: autoDraw = True
85.4909 	EXP 	Imported picPaths.xlsx as conditions, 24 conditions, 4 params
85.4913 	EXP 	Created sequence: sequential, trialTypes=24, nReps=1, seed=None
85.4915 	EXP 	New trial (rep=0, index=0): {'startImage': 'C:\\Users\\hesselmann\\Desktop\\PsychoPyUniformityIllusion\\UniformityIllusionPsychoPy\\Pics\\4start.png', 'midImage': 'C:\\Users\\hesselmann\\Desktop\\PsychoPyUniformityIllusion\\UniformityIllusionPsychoPy\\Pics\\4a.png', 'endImage': 'C:\\Users\\hesselmann\\Desktop\\PsychoPyUniformityIllusion\\UniformityIllusionPsychoPy\\Pics\\4a.png', 'AB': 'a'}
85.6940 	EXP 	WelcomeText: autoDraw = False
85.6940 	EXP 	hasPeriphery_2: size = array([1.77777778, 1.        ])
85.6940 	EXP 	hasPeriphery_2: image = 'C:\\Users\\hesselmann\\Desktop\\PsychoPyUniformityIllusion\\UniformityIllusionPsychoPy\\Pics\\4a.png'
85.6940 	EXP 	noPeriphery_2: size = array([1.77777778, 1.        ])
85.6940 	EXP 	noPeriphery_2: image = 'C:\\Users\\hesselmann\\Desktop\\PsychoPyUniformityIllusion\\UniformityIllusionPsychoPy\\Pics\\4start.png'
85.6940 	EXP 	hasPeriphery_2: autoDraw = True
85.6940 	EXP 	hasPeriphery_2: texRes = 128.0
85.6940 	EXP 	noPeriphery_2: autoDraw = True
85.6940 	EXP 	noPeriphery_2: texRes = 128.0
85.6940 	EXP 	text_2: autoDraw = True
85.8276 	EXP 	hasPeriphery_2: texRes = 128.0
85.8276 	EXP 	noPeriphery_2: texRes = 128.0
85.9604 	EXP 	hasPeriphery_2: texRes = 128.0
85.9604 	EXP 	noPeriphery_2: texRes = 128.0
86.0938 	EXP 	hasPeriphery_2: texRes = 128.0
86.0938 	EXP 	noPeriphery_2: texRes = 128.0
86.2277 	EXP 	hasPeriphery_2: texRes = 128.0
86.2277 	EXP 	noPeriphery_2: texRes = 128.0
86.3608 	EXP 	hasPeriphery_2: texRes = 128.0
86.3608 	EXP 	noPeriphery_2: texRes = 128.0
86.4941 	EXP 	hasPeriphery_2: texRes = 128.0
86.4941 	EXP 	noPeriphery_2: texRes = 128.0
86.5970 	DATA 	Keypress: escape
86.6271 	EXP 	hasPeriphery_2: texRes = 128.0
86.6271 	EXP 	noPeriphery_2: texRes = 128.0
86.8905 	EXP 	window1: mouseVisible = True
