1.0137 	WARNING 	We strongly recommend you activate the PTB sound engine in PsychoPy prefs as the preferred audio engine. Its timing is vastly superior. Your prefs are currently set to use ['sounddevice', 'PTB', 'pyo', 'pygame'] (in that order).
6.4767 	EXP 	Created window1 = Window(allowGUI=False, allowStencil=False, autoLog=True, backendConf=UNKNOWN, bitsMode=UNKNOWN, blendMode='avg', bpc=(8, 8, 8), color=array([0, 0, 0]), colorSpace='rgb', depthBits=8, fullscr=<method-wrapper '__getattribute__' of attributeSetter object at 0x000002B697F25EB8>, gamma=None, gammaErrorPolicy='raise', lms=UNKNOWN, monitor=<psychopy.monitors.calibTools.Monitor object at 0x000002B697F00550>, multiSample=False, name='window1', numSamples=2, pos=[0.0, 0.0], screen=0, size=array([1920, 1080]), stencilBits=0, stereo=False, units='height', useFBO=True, useRetina=False, viewOri=0.0, viewPos=None, viewScale=None, waitBlanking=True, winType='pyglet')
6.4770 	EXP 	window1: mouseVisible = True
6.4770 	EXP 	window1: recordFrameIntervals = False
6.6417 	EXP 	window1: recordFrameIntervals = True
6.8252 	EXP 	window1: recordFrameIntervals = False
7.2137 	EXP 	Created WelcomeText = TextStim(__class__=<class 'psychopy.visual.text.TextStim'>, alignHoriz=method-wrapper(...), alignText='center', alignVert=method-wrapper(...), anchorHoriz='center', anchorVert='center', antialias=True, autoLog=True, bold=False, color=array([1, 1, 1]), colorSpace='rgb', contrast=1.0, depth=0.0, flipHoriz=False, flipVert=False, font='Open Sans', fontFiles=[], height=0.1, italic=False, languageStyle='LTR', name='WelcomeText', opacity=1, ori=0.0, pos=array([0., 0.]), rgb=UNKNOWN, text='Welcome to our Study!', units='height', win=Window(...), wrapWidth=1)
7.2321 	EXP 	Imported depression.xlsx as conditions, 2 conditions, 12 params
7.2335 	EXP 	Question text: Sadness
7.2653 	EXP 	window1: mouseVisible = True
7.3027 	EXP 	Question text: Pessimism
7.3172 	EXP 	window1: mouseVisible = True
7.3469 	EXP 	window1: mouseVisible = True
7.3515 	EXP 	Created unnamed Rect = Rect(__class__=<class 'psychopy.visual.rect.Rect'>, autoDraw=False, autoLog=True, closeShape=True, color=method-wrapper(...), colorSpace='rgb', contrast=None, depth=0, fillColor=array([0, 0, 0]), fillColorSpace='rgb', fillRGB=UNKNOWN, interpolate=True, lineColor=array([0, 0, 0]), lineColorSpace='rgb', lineRGB=UNKNOWN, lineWidth=1.5, name='unnamed Rect', opacity=0, ori=0.0, pos=array([0., 0.]), size=array([0., 0.]), units='height', vertices=ndarray(...), win=Window(...))
7.3587 	EXP 	Created DepressionQuestionnaire = <psychopy.visual.form.Form object at 0x000002B69A9EC7F0>
7.3826 	EXP 	window1: mouseVisible = True
7.4257 	EXP 	Created instructionsText = TextStim(__class__=<class 'psychopy.visual.text.TextStim'>, alignHoriz=method-wrapper(...), alignText='center', alignVert=method-wrapper(...), anchorHoriz='center', anchorVert='center', antialias=True, autoLog=True, bold=False, color=array([1, 1, 1]), colorSpace='rgb', contrast=1.0, depth=0.0, flipHoriz=False, flipVert=False, font='Open Sans', fontFiles=[], height=0.04, italic=False, languageStyle='LTR', name='instructionsText', opacity=1, ori=0.0, pos=array([0., 0.]), rgb=UNKNOWN, text=str(...), units='height', win=Window(...), wrapWidth=1)
7.4289 	EXP 	Created hasPeriphery = ImageStim(__class__=<class 'psychopy.visual.image.ImageStim'>, autoLog=True, color=array([1, 1, 1]), colorSpace='rgb', contrast=1.0, depth=-1.0, flipHoriz=False, flipVert=False, image='sin', interpolate=True, mask=None, maskParams=None, name='hasPeriphery', opacity=1.0, ori=0.0, pos=array([0., 0.]), size=array([0.5, 0.5]), texRes=128.0, units='height', win=Window(...))
7.4316 	EXP 	Created noPeriphery = ImageStim(__class__=<class 'psychopy.visual.image.ImageStim'>, autoLog=True, color=array([1, 1, 1]), colorSpace='rgb', contrast=1.0, depth=-3.0, flipHoriz=False, flipVert=False, image='sin', interpolate=True, mask=None, maskParams=None, name='noPeriphery', opacity=1.0, ori=0.0, pos=array([0., 0.]), size=array([0.5, 0.5]), texRes=128.0, units='height', win=Window(...))
7.4327 	EXP 	Created blank_screen = Rect(__class__=<class 'psychopy.visual.rect.Rect'>, autoDraw=False, autoLog=True, closeShape=True, color=method-wrapper(...), colorSpace='rgb', contrast=None, depth=-4.0, fillColor=array([1, 1, 1]), fillColorSpace='rgb', fillRGB=UNKNOWN, interpolate=True, lineColor=array([1, 1, 1]), lineColorSpace='rgb', lineRGB=UNKNOWN, lineWidth=1.0, name='blank_screen', opacity=1.0, ori=0.0, pos=array([0., 0.]), size=array([2., 1.]), units='height', vertices=ndarray(...), win=Window(...))
7.4387 	EXP 	Created text = TextStim(__class__=<class 'psychopy.visual.text.TextStim'>, alignHoriz=method-wrapper(...), alignText='center', alignVert=method-wrapper(...), anchorHoriz='center', anchorVert='center', antialias=True, autoLog=True, bold=False, color=array([ 1, -1, -1]), colorSpace='rgb', contrast=1.0, depth=-5.0, flipHoriz=False, flipVert=False, font='Open Sans', fontFiles=[], height=0.1, italic=False, languageStyle='LTR', name='text', opacity=1, ori=0.0, pos=array([0., 0.]), rgb=UNKNOWN, text='+', units='height', win=Window(...), wrapWidth=1)
7.4497 	EXP 	Created WelcomeText = TextStim(__class__=<class 'psychopy.visual.text.TextStim'>, alignHoriz=method-wrapper(...), alignText='center', alignVert=method-wrapper(...), anchorHoriz='center', anchorVert='center', antialias=True, autoLog=True, bold=False, color=array([1, 1, 1]), colorSpace='rgb', contrast=1.0, depth=0.0, flipHoriz=False, flipVert=False, font='Open Sans', fontFiles=[], height=0.1, italic=False, languageStyle='LTR', name='WelcomeText', opacity=1, ori=0.0, pos=array([0., 0.]), rgb=UNKNOWN, text='Welcome to our Study!', units='height', win=Window(...), wrapWidth=1)
7.4523 	EXP 	Created hasPeriphery_2 = ImageStim(__class__=<class 'psychopy.visual.image.ImageStim'>, autoLog=True, color=array([1, 1, 1]), colorSpace='rgb', contrast=1.0, depth=-1.0, flipHoriz=False, flipVert=False, image='sin', interpolate=True, mask=None, maskParams=None, name='hasPeriphery_2', opacity=1.0, ori=0.0, pos=array([0., 0.]), size=array([0.5, 0.5]), texRes=128.0, units='height', win=Window(...))
7.4545 	EXP 	Created noPeriphery_2 = ImageStim(__class__=<class 'psychopy.visual.image.ImageStim'>, autoLog=True, color=array([1, 1, 1]), colorSpace='rgb', contrast=1.0, depth=-3.0, flipHoriz=False, flipVert=False, image='sin', interpolate=True, mask=None, maskParams=None, name='noPeriphery_2', opacity=1.0, ori=0.0, pos=array([0., 0.]), size=array([0.5, 0.5]), texRes=128.0, units='height', win=Window(...))
7.4563 	EXP 	Created text_2 = TextStim(__class__=<class 'psychopy.visual.text.TextStim'>, alignHoriz=method-wrapper(...), alignText='center', alignVert=method-wrapper(...), anchorHoriz='center', anchorVert='center', antialias=True, autoLog=True, bold=False, color=array([ 1, -1, -1]), colorSpace='rgb', contrast=1.0, depth=-4.0, flipHoriz=False, flipVert=False, font='Open Sans', fontFiles=[], height=0.1, italic=False, languageStyle='LTR', name='text_2', opacity=1, ori=0.0, pos=array([0., 0.]), rgb=UNKNOWN, text='+', units='height', win=Window(...), wrapWidth=1)
7.5087 	EXP 	unnamed Form: autoLog = True
7.5087 	EXP 	DepressionQuestionnaire: name = 'DepressionQuestionnaire'
7.5087 	EXP 	DepressionQuestionnaire: size = (3.5, 1)
7.5087 	EXP 	DepressionQuestionnaire: size = array([3.5, 1. ])
7.5087 	EXP 	DepressionQuestionnaire: units = 'height'
7.5087 	EXP 	DepressionQuestionnaire: depth = 0
7.5087 	EXP 	WelcomeText: autoDraw = True
9.5089 	EXP 	WelcomeText: autoDraw = False
9.5089 	EXP 	DepressionQuestionnaire: autoDraw = True
10.2935 	DATA 	Mouse: Left button down, pos=(766,66)
10.3410 	EXP 	DepressionQuestionnaire: autoDraw = False
10.3410 	EXP 	instructionsText: autoDraw = True
10.4130 	DATA 	Mouse:  Left button up, pos=(766,66)
10.8380 	EXP 	Imported picPaths.xlsx as conditions, 6 conditions, 4 params
10.8383 	EXP 	Created sequence: sequential, trialTypes=6, nReps=1, seed=None
10.8386 	EXP 	New trial (rep=0, index=0): {'startImage': 'C:\\Users\\hesselmann\\Desktop\\PsychoPyUniformityIllusion\\UniformityIllusionPsychoPy\\Pics\\1start.png', 'midImage': 'C:\\Users\\hesselmann\\Desktop\\PsychoPyUniformityIllusion\\UniformityIllusionPsychoPy\\Pics\\1a.png', 'endImage': 'C:\\Users\\hesselmann\\Desktop\\PsychoPyUniformityIllusion\\UniformityIllusionPsychoPy\\Pics\\1a.png', 'AB': 'a'}
11.0161 	DATA 	Keypress: space
11.0584 	EXP 	instructionsText: autoDraw = False
11.0584 	EXP 	hasPeriphery: size = array([1.77777778, 1.        ])
11.0584 	EXP 	hasPeriphery: image = 'C:\\Users\\hesselmann\\Desktop\\PsychoPyUniformityIllusion\\UniformityIllusionPsychoPy\\Pics\\1a.png'
11.0584 	EXP 	noPeriphery: size = array([1.77777778, 1.        ])
11.0584 	EXP 	noPeriphery: image = 'C:\\Users\\hesselmann\\Desktop\\PsychoPyUniformityIllusion\\UniformityIllusionPsychoPy\\Pics\\1start.png'
11.0584 	EXP 	hasPeriphery: autoDraw = True
11.0584 	EXP 	hasPeriphery: texRes = 128.0
11.0584 	EXP 	noPeriphery: autoDraw = True
11.0584 	EXP 	noPeriphery: texRes = 128.0
11.0584 	EXP 	text: autoDraw = True
11.1908 	EXP 	hasPeriphery: texRes = 128.0
11.1908 	EXP 	noPeriphery: texRes = 128.0
11.3241 	EXP 	hasPeriphery: texRes = 128.0
11.3241 	EXP 	noPeriphery: texRes = 128.0
11.4586 	EXP 	hasPeriphery: texRes = 128.0
11.4586 	EXP 	noPeriphery: texRes = 128.0
11.5907 	EXP 	hasPeriphery: texRes = 128.0
11.5907 	EXP 	noPeriphery: texRes = 128.0
11.7248 	EXP 	hasPeriphery: texRes = 128.0
11.7248 	EXP 	noPeriphery: texRes = 128.0
11.7248 	EXP 	blank_screen: autoDraw = True
11.8743 	EXP 	hasPeriphery: texRes = 128.0
11.8743 	EXP 	noPeriphery: texRes = 128.0
11.8743 	EXP 	blank_screen: autoDraw = False
12.0081 	EXP 	hasPeriphery: texRes = 128.0
12.0081 	EXP 	noPeriphery: texRes = 128.0
12.1576 	EXP 	hasPeriphery: texRes = 128.0
12.1576 	EXP 	noPeriphery: texRes = 128.0
12.2913 	EXP 	hasPeriphery: texRes = 128.0
12.2913 	EXP 	noPeriphery: texRes = 128.0
12.4250 	EXP 	hasPeriphery: texRes = 128.0
12.4250 	EXP 	noPeriphery: texRes = 128.0
12.4250 	EXP 	blank_screen: autoDraw = True
12.5743 	EXP 	hasPeriphery: texRes = 128.0
12.5743 	EXP 	noPeriphery: texRes = 128.0
12.5743 	EXP 	blank_screen: autoDraw = False
12.7072 	EXP 	hasPeriphery: texRes = 128.0
12.7072 	EXP 	noPeriphery: texRes = 128.0
12.8408 	EXP 	hasPeriphery: texRes = 128.0
12.8408 	EXP 	noPeriphery: texRes = 128.0
12.9746 	EXP 	hasPeriphery: texRes = 128.0
12.9746 	EXP 	noPeriphery: texRes = 128.0
13.1070 	EXP 	hasPeriphery: texRes = 128.0
13.1070 	EXP 	noPeriphery: texRes = 128.0
13.2570 	EXP 	hasPeriphery: texRes = 128.0
13.2570 	EXP 	noPeriphery: texRes = 128.0
13.3904 	EXP 	hasPeriphery: texRes = 128.0
13.3904 	EXP 	noPeriphery: texRes = 128.0
13.5237 	EXP 	hasPeriphery: texRes = 128.0
13.5237 	EXP 	noPeriphery: texRes = 128.0
13.6573 	EXP 	hasPeriphery: texRes = 128.0
13.6573 	EXP 	noPeriphery: texRes = 128.0
13.8069 	EXP 	hasPeriphery: texRes = 128.0
13.8069 	EXP 	noPeriphery: texRes = 128.0
13.9403 	EXP 	hasPeriphery: texRes = 128.0
13.9403 	EXP 	noPeriphery: texRes = 128.0
14.0743 	EXP 	hasPeriphery: texRes = 128.0
14.0743 	EXP 	noPeriphery: texRes = 128.0
14.2069 	EXP 	hasPeriphery: texRes = 128.0
14.2069 	EXP 	noPeriphery: texRes = 128.0
14.2933 	EXP 	New trial (rep=0, index=1): {'startImage': 'C:\\Users\\hesselmann\\Desktop\\PsychoPyUniformityIllusion\\UniformityIllusionPsychoPy\\Pics\\1start.png', 'midImage': 'C:\\Users\\hesselmann\\Desktop\\PsychoPyUniformityIllusion\\UniformityIllusionPsychoPy\\Pics\\1a.png', 'endImage': 'C:\\Users\\hesselmann\\Desktop\\PsychoPyUniformityIllusion\\UniformityIllusionPsychoPy\\Pics\\1b.png', 'AB': 'b'}
14.4656 	DATA 	Keypress: space
14.5079 	EXP 	hasPeriphery: texRes = 128.0
14.5079 	EXP 	noPeriphery: texRes = 128.0
14.5079 	EXP 	hasPeriphery: autoDraw = False
14.5079 	EXP 	noPeriphery: autoDraw = False
14.5079 	EXP 	blank_screen: autoDraw = False
14.5079 	EXP 	text: autoDraw = False
14.5079 	EXP 	hasPeriphery: size = array([1.77777778, 1.        ])
14.5079 	EXP 	hasPeriphery: image = 'C:\\Users\\hesselmann\\Desktop\\PsychoPyUniformityIllusion\\UniformityIllusionPsychoPy\\Pics\\1b.png'
14.5079 	EXP 	noPeriphery: size = array([1.77777778, 1.        ])
14.5079 	EXP 	noPeriphery: image = 'C:\\Users\\hesselmann\\Desktop\\PsychoPyUniformityIllusion\\UniformityIllusionPsychoPy\\Pics\\1start.png'
14.5079 	EXP 	hasPeriphery: autoDraw = True
14.5079 	EXP 	hasPeriphery: texRes = 128.0
14.5079 	EXP 	noPeriphery: autoDraw = True
14.5079 	EXP 	noPeriphery: texRes = 128.0
14.5079 	EXP 	text: autoDraw = True
14.6405 	EXP 	hasPeriphery: texRes = 128.0
14.6405 	EXP 	noPeriphery: texRes = 128.0
14.7739 	EXP 	hasPeriphery: texRes = 128.0
14.7739 	EXP 	noPeriphery: texRes = 128.0
14.9075 	EXP 	hasPeriphery: texRes = 128.0
14.9075 	EXP 	noPeriphery: texRes = 128.0
15.0410 	EXP 	hasPeriphery: texRes = 128.0
15.0410 	EXP 	noPeriphery: texRes = 128.0
15.1903 	EXP 	hasPeriphery: texRes = 128.0
15.1903 	EXP 	noPeriphery: texRes = 128.0
15.1903 	EXP 	blank_screen: autoDraw = True
15.3399 	EXP 	hasPeriphery: texRes = 128.0
15.3399 	EXP 	noPeriphery: texRes = 128.0
15.3399 	EXP 	blank_screen: autoDraw = False
15.4736 	EXP 	hasPeriphery: texRes = 128.0
15.4736 	EXP 	noPeriphery: texRes = 128.0
15.6240 	EXP 	hasPeriphery: texRes = 128.0
15.6240 	EXP 	noPeriphery: texRes = 128.0
15.7566 	EXP 	hasPeriphery: texRes = 128.0
15.7566 	EXP 	noPeriphery: texRes = 128.0
15.8903 	EXP 	hasPeriphery: texRes = 128.0
15.8903 	EXP 	noPeriphery: texRes = 128.0
15.8903 	EXP 	blank_screen: autoDraw = True
16.0400 	EXP 	hasPeriphery: texRes = 128.0
16.0400 	EXP 	noPeriphery: texRes = 128.0
16.0400 	EXP 	blank_screen: autoDraw = False
16.1898 	EXP 	hasPeriphery: texRes = 128.0
16.1898 	EXP 	noPeriphery: texRes = 128.0
16.3240 	EXP 	hasPeriphery: texRes = 128.0
16.3240 	EXP 	noPeriphery: texRes = 128.0
16.4566 	EXP 	hasPeriphery: texRes = 128.0
16.4566 	EXP 	noPeriphery: texRes = 128.0
16.5898 	EXP 	hasPeriphery: texRes = 128.0
16.5898 	EXP 	noPeriphery: texRes = 128.0
16.7240 	EXP 	hasPeriphery: texRes = 128.0
16.7240 	EXP 	noPeriphery: texRes = 128.0
16.8574 	EXP 	hasPeriphery: texRes = 128.0
16.8574 	EXP 	noPeriphery: texRes = 128.0
16.9900 	EXP 	hasPeriphery: texRes = 128.0
16.9900 	EXP 	noPeriphery: texRes = 128.0
17.1233 	EXP 	hasPeriphery: texRes = 128.0
17.1233 	EXP 	noPeriphery: texRes = 128.0
17.2121 	EXP 	New trial (rep=0, index=2): {'startImage': 'C:\\Users\\hesselmann\\Desktop\\PsychoPyUniformityIllusion\\UniformityIllusionPsychoPy\\Pics\\2start.png', 'midImage': 'C:\\Users\\hesselmann\\Desktop\\PsychoPyUniformityIllusion\\UniformityIllusionPsychoPy\\Pics\\2a.png', 'endImage': 'C:\\Users\\hesselmann\\Desktop\\PsychoPyUniformityIllusion\\UniformityIllusionPsychoPy\\Pics\\2a.png', 'AB': 'a'}
17.3526 	DATA 	Keypress: space
17.3900 	EXP 	hasPeriphery: texRes = 128.0
17.3900 	EXP 	noPeriphery: texRes = 128.0
17.3900 	EXP 	hasPeriphery: autoDraw = False
17.3900 	EXP 	noPeriphery: autoDraw = False
17.3900 	EXP 	blank_screen: autoDraw = False
17.3900 	EXP 	text: autoDraw = False
17.3900 	EXP 	hasPeriphery: size = array([1.77777778, 1.        ])
17.3900 	EXP 	hasPeriphery: image = 'C:\\Users\\hesselmann\\Desktop\\PsychoPyUniformityIllusion\\UniformityIllusionPsychoPy\\Pics\\2a.png'
17.3900 	EXP 	noPeriphery: size = array([1.77777778, 1.        ])
17.3900 	EXP 	noPeriphery: image = 'C:\\Users\\hesselmann\\Desktop\\PsychoPyUniformityIllusion\\UniformityIllusionPsychoPy\\Pics\\2start.png'
17.3900 	EXP 	hasPeriphery: autoDraw = True
17.3900 	EXP 	hasPeriphery: texRes = 128.0
17.3900 	EXP 	noPeriphery: autoDraw = True
17.3900 	EXP 	noPeriphery: texRes = 128.0
17.3900 	EXP 	text: autoDraw = True
17.5068 	EXP 	hasPeriphery: texRes = 128.0
17.5068 	EXP 	noPeriphery: texRes = 128.0
17.6240 	EXP 	hasPeriphery: texRes = 128.0
17.6240 	EXP 	noPeriphery: texRes = 128.0
17.7402 	EXP 	hasPeriphery: texRes = 128.0
17.7402 	EXP 	noPeriphery: texRes = 128.0
17.8562 	EXP 	hasPeriphery: texRes = 128.0
17.8562 	EXP 	noPeriphery: texRes = 128.0
17.9739 	EXP 	hasPeriphery: texRes = 128.0
17.9739 	EXP 	noPeriphery: texRes = 128.0
17.9739 	EXP 	blank_screen: autoDraw = True
18.0899 	EXP 	hasPeriphery: texRes = 128.0
18.0899 	EXP 	noPeriphery: texRes = 128.0
18.0899 	EXP 	blank_screen: autoDraw = False
18.2061 	EXP 	hasPeriphery: texRes = 128.0
18.2061 	EXP 	noPeriphery: texRes = 128.0
18.3231 	EXP 	hasPeriphery: texRes = 128.0
18.3231 	EXP 	noPeriphery: texRes = 128.0
18.4402 	EXP 	hasPeriphery: texRes = 128.0
18.4402 	EXP 	noPeriphery: texRes = 128.0
18.5729 	EXP 	hasPeriphery: texRes = 128.0
18.5729 	EXP 	noPeriphery: texRes = 128.0
18.5729 	EXP 	blank_screen: autoDraw = True
18.6437 	EXP 	New trial (rep=0, index=3): {'startImage': 'C:\\Users\\hesselmann\\Desktop\\PsychoPyUniformityIllusion\\UniformityIllusionPsychoPy\\Pics\\2start.png', 'midImage': 'C:\\Users\\hesselmann\\Desktop\\PsychoPyUniformityIllusion\\UniformityIllusionPsychoPy\\Pics\\2a.png', 'endImage': 'C:\\Users\\hesselmann\\Desktop\\PsychoPyUniformityIllusion\\UniformityIllusionPsychoPy\\Pics\\2b.png', 'AB': 'b'}
18.7880 	DATA 	Keypress: space
18.8226 	EXP 	hasPeriphery: texRes = 128.0
18.8226 	EXP 	noPeriphery: texRes = 128.0
18.8226 	EXP 	blank_screen: autoDraw = False
18.8226 	EXP 	hasPeriphery: autoDraw = False
18.8226 	EXP 	noPeriphery: autoDraw = False
18.8226 	EXP 	blank_screen: autoDraw = False
18.8226 	EXP 	text: autoDraw = False
18.8226 	EXP 	hasPeriphery: size = array([1.77777778, 1.        ])
18.8226 	EXP 	hasPeriphery: image = 'C:\\Users\\hesselmann\\Desktop\\PsychoPyUniformityIllusion\\UniformityIllusionPsychoPy\\Pics\\2b.png'
18.8226 	EXP 	noPeriphery: size = array([1.77777778, 1.        ])
18.8226 	EXP 	noPeriphery: image = 'C:\\Users\\hesselmann\\Desktop\\PsychoPyUniformityIllusion\\UniformityIllusionPsychoPy\\Pics\\2start.png'
18.8226 	EXP 	hasPeriphery: autoDraw = True
18.8226 	EXP 	hasPeriphery: texRes = 128.0
18.8226 	EXP 	noPeriphery: autoDraw = True
18.8226 	EXP 	noPeriphery: texRes = 128.0
18.8226 	EXP 	text: autoDraw = True
18.9393 	EXP 	hasPeriphery: texRes = 128.0
18.9393 	EXP 	noPeriphery: texRes = 128.0
19.0571 	EXP 	hasPeriphery: texRes = 128.0
19.0571 	EXP 	noPeriphery: texRes = 128.0
19.1730 	EXP 	hasPeriphery: texRes = 128.0
19.1730 	EXP 	noPeriphery: texRes = 128.0
19.2897 	EXP 	hasPeriphery: texRes = 128.0
19.2897 	EXP 	noPeriphery: texRes = 128.0
19.4069 	EXP 	hasPeriphery: texRes = 128.0
19.4069 	EXP 	noPeriphery: texRes = 128.0
19.4069 	EXP 	blank_screen: autoDraw = True
19.4765 	DATA 	Keypress: escape
19.5229 	EXP 	hasPeriphery: texRes = 128.0
19.5229 	EXP 	noPeriphery: texRes = 128.0
19.5229 	EXP 	blank_screen: autoDraw = False
19.7340 	EXP 	window1: mouseVisible = True
1.0507 	WARNING 	We strongly recommend you activate the PTB sound engine in PsychoPy prefs as the preferred audio engine. Its timing is vastly superior. Your prefs are currently set to use ['sounddevice', 'PTB', 'pyo', 'pygame'] (in that order).
6.1346 	EXP 	Created window1 = Window(allowGUI=False, allowStencil=False, autoLog=True, backendConf=UNKNOWN, bitsMode=UNKNOWN, blendMode='avg', bpc=(8, 8, 8), color=array([0, 0, 0]), colorSpace='rgb', depthBits=8, fullscr=<method-wrapper '__getattribute__' of attributeSetter object at 0x000001D7DD324EB8>, gamma=None, gammaErrorPolicy='raise', lms=UNKNOWN, monitor=<psychopy.monitors.calibTools.Monitor object at 0x000001D7DD300518>, multiSample=False, name='window1', numSamples=2, pos=[0.0, 0.0], screen=0, size=array([1920, 1080]), stencilBits=0, stereo=False, units='height', useFBO=True, useRetina=False, viewOri=0.0, viewPos=None, viewScale=None, waitBlanking=True, winType='pyglet')
6.1348 	EXP 	window1: mouseVisible = True
6.1349 	EXP 	window1: recordFrameIntervals = False
6.3002 	EXP 	window1: recordFrameIntervals = True
6.5178 	EXP 	window1: recordFrameIntervals = False
6.9099 	EXP 	Created WelcomeText = TextStim(__class__=<class 'psychopy.visual.text.TextStim'>, alignHoriz=method-wrapper(...), alignText='center', alignVert=method-wrapper(...), anchorHoriz='center', anchorVert='center', antialias=True, autoLog=True, bold=False, color=array([1, 1, 1]), colorSpace='rgb', contrast=1.0, depth=0.0, flipHoriz=False, flipVert=False, font='Open Sans', fontFiles=[], height=0.1, italic=False, languageStyle='LTR', name='WelcomeText', opacity=1, ori=0.0, pos=array([0., 0.]), rgb=UNKNOWN, text='Welcome to our Study!', units='height', win=Window(...), wrapWidth=1)
6.9261 	EXP 	Imported depression.xlsx as conditions, 2 conditions, 12 params
6.9272 	EXP 	Question text: Sadness
6.9560 	EXP 	window1: mouseVisible = True
6.9853 	EXP 	Question text: Pessimism
6.9965 	EXP 	window1: mouseVisible = True
7.0190 	EXP 	window1: mouseVisible = True
7.0231 	EXP 	Created unnamed Rect = Rect(__class__=<class 'psychopy.visual.rect.Rect'>, autoDraw=False, autoLog=True, closeShape=True, color=method-wrapper(...), colorSpace='rgb', contrast=None, depth=0, fillColor=array([0, 0, 0]), fillColorSpace='rgb', fillRGB=UNKNOWN, interpolate=True, lineColor=array([0, 0, 0]), lineColorSpace='rgb', lineRGB=UNKNOWN, lineWidth=1.5, name='unnamed Rect', opacity=0, ori=0.0, pos=array([0., 0.]), size=array([0., 0.]), units='height', vertices=ndarray(...), win=Window(...))
7.0297 	EXP 	Created DepressionQuestionnaire = <psychopy.visual.form.Form object at 0x000001D7E0152748>
7.0529 	EXP 	window1: mouseVisible = True
7.0961 	EXP 	Created instructionsText = TextStim(__class__=<class 'psychopy.visual.text.TextStim'>, alignHoriz=method-wrapper(...), alignText='center', alignVert=method-wrapper(...), anchorHoriz='center', anchorVert='center', antialias=True, autoLog=True, bold=False, color=array([1, 1, 1]), colorSpace='rgb', contrast=1.0, depth=0.0, flipHoriz=False, flipVert=False, font='Open Sans', fontFiles=[], height=0.04, italic=False, languageStyle='LTR', name='instructionsText', opacity=1, ori=0.0, pos=array([0., 0.]), rgb=UNKNOWN, text=str(...), units='height', win=Window(...), wrapWidth=1)
7.0992 	EXP 	Created hasPeriphery = ImageStim(__class__=<class 'psychopy.visual.image.ImageStim'>, autoLog=True, color=array([1, 1, 1]), colorSpace='rgb', contrast=1.0, depth=-1.0, flipHoriz=False, flipVert=False, image='sin', interpolate=True, mask=None, maskParams=None, name='hasPeriphery', opacity=1.0, ori=0.0, pos=array([0., 0.]), size=array([0.5, 0.5]), texRes=128.0, units='height', win=Window(...))
7.1017 	EXP 	Created noPeriphery = ImageStim(__class__=<class 'psychopy.visual.image.ImageStim'>, autoLog=True, color=array([1, 1, 1]), colorSpace='rgb', contrast=1.0, depth=-3.0, flipHoriz=False, flipVert=False, image='sin', interpolate=True, mask=None, maskParams=None, name='noPeriphery', opacity=1.0, ori=0.0, pos=array([0., 0.]), size=array([0.5, 0.5]), texRes=128.0, units='height', win=Window(...))
7.1028 	EXP 	Created blank_screen = Rect(__class__=<class 'psychopy.visual.rect.Rect'>, autoDraw=False, autoLog=True, closeShape=True, color=method-wrapper(...), colorSpace='rgb', contrast=None, depth=-4.0, fillColor=array([1, 1, 1]), fillColorSpace='rgb', fillRGB=UNKNOWN, interpolate=True, lineColor=array([1, 1, 1]), lineColorSpace='rgb', lineRGB=UNKNOWN, lineWidth=1.0, name='blank_screen', opacity=1.0, ori=0.0, pos=array([0., 0.]), size=array([2., 1.]), units='height', vertices=ndarray(...), win=Window(...))
7.1082 	EXP 	Created text = TextStim(__class__=<class 'psychopy.visual.text.TextStim'>, alignHoriz=method-wrapper(...), alignText='center', alignVert=method-wrapper(...), anchorHoriz='center', anchorVert='center', antialias=True, autoLog=True, bold=False, color=array([ 1, -1, -1]), colorSpace='rgb', contrast=1.0, depth=-5.0, flipHoriz=False, flipVert=False, font='Open Sans', fontFiles=[], height=0.1, italic=False, languageStyle='LTR', name='text', opacity=1, ori=0.0, pos=array([0., 0.]), rgb=UNKNOWN, text='+', units='height', win=Window(...), wrapWidth=1)
7.1189 	EXP 	Created WelcomeText = TextStim(__class__=<class 'psychopy.visual.text.TextStim'>, alignHoriz=method-wrapper(...), alignText='center', alignVert=method-wrapper(...), anchorHoriz='center', anchorVert='center', antialias=True, autoLog=True, bold=False, color=array([1, 1, 1]), colorSpace='rgb', contrast=1.0, depth=0.0, flipHoriz=False, flipVert=False, font='Open Sans', fontFiles=[], height=0.1, italic=False, languageStyle='LTR', name='WelcomeText', opacity=1, ori=0.0, pos=array([0., 0.]), rgb=UNKNOWN, text='Welcome to our Study!', units='height', win=Window(...), wrapWidth=1)
7.1220 	EXP 	Created hasPeriphery_2 = ImageStim(__class__=<class 'psychopy.visual.image.ImageStim'>, autoLog=True, color=array([1, 1, 1]), colorSpace='rgb', contrast=1.0, depth=-1.0, flipHoriz=False, flipVert=False, image='sin', interpolate=True, mask=None, maskParams=None, name='hasPeriphery_2', opacity=1.0, ori=0.0, pos=array([0., 0.]), size=array([0.5, 0.5]), texRes=128.0, units='height', win=Window(...))
7.1253 	EXP 	Created noPeriphery_2 = ImageStim(__class__=<class 'psychopy.visual.image.ImageStim'>, autoLog=True, color=array([1, 1, 1]), colorSpace='rgb', contrast=1.0, depth=-3.0, flipHoriz=False, flipVert=False, image='sin', interpolate=True, mask=None, maskParams=None, name='noPeriphery_2', opacity=1.0, ori=0.0, pos=array([0., 0.]), size=array([0.5, 0.5]), texRes=128.0, units='height', win=Window(...))
7.1277 	EXP 	Created text_2 = TextStim(__class__=<class 'psychopy.visual.text.TextStim'>, alignHoriz=method-wrapper(...), alignText='center', alignVert=method-wrapper(...), anchorHoriz='center', anchorVert='center', antialias=True, autoLog=True, bold=False, color=array([ 1, -1, -1]), colorSpace='rgb', contrast=1.0, depth=-4.0, flipHoriz=False, flipVert=False, font='Open Sans', fontFiles=[], height=0.1, italic=False, languageStyle='LTR', name='text_2', opacity=1, ori=0.0, pos=array([0., 0.]), rgb=UNKNOWN, text='+', units='height', win=Window(...), wrapWidth=1)
7.1664 	EXP 	unnamed Form: autoLog = True
7.1664 	EXP 	DepressionQuestionnaire: name = 'DepressionQuestionnaire'
7.1664 	EXP 	DepressionQuestionnaire: size = (3.5, 1)
7.1664 	EXP 	DepressionQuestionnaire: size = array([3.5, 1. ])
7.1664 	EXP 	DepressionQuestionnaire: units = 'height'
7.1664 	EXP 	DepressionQuestionnaire: depth = 0
7.1664 	EXP 	WelcomeText: autoDraw = True
9.1843 	EXP 	WelcomeText: autoDraw = False
9.1843 	EXP 	DepressionQuestionnaire: autoDraw = True
10.1942 	DATA 	Mouse: Left button down, pos=(753,1)
10.2495 	EXP 	DepressionQuestionnaire: autoDraw = False
10.2495 	EXP 	instructionsText: autoDraw = True
10.2879 	DATA 	Mouse:  Left button up, pos=(753,1)
10.8300 	EXP 	Imported picPaths.xlsx as conditions, 6 conditions, 4 params
10.8303 	EXP 	Created sequence: sequential, trialTypes=6, nReps=1, seed=None
10.8306 	EXP 	New trial (rep=0, index=0): {'startImage': 'C:\\Users\\hesselmann\\Desktop\\PsychoPyUniformityIllusion\\UniformityIllusionPsychoPy\\Pics\\1start.png', 'midImage': 'C:\\Users\\hesselmann\\Desktop\\PsychoPyUniformityIllusion\\UniformityIllusionPsychoPy\\Pics\\1a.png', 'endImage': 'C:\\Users\\hesselmann\\Desktop\\PsychoPyUniformityIllusion\\UniformityIllusionPsychoPy\\Pics\\1a.png', 'AB': 'a'}
11.0268 	DATA 	Keypress: space
11.0658 	EXP 	instructionsText: autoDraw = False
11.0658 	EXP 	hasPeriphery: size = array([1.77777778, 1.        ])
11.0658 	EXP 	hasPeriphery: image = 'C:\\Users\\hesselmann\\Desktop\\PsychoPyUniformityIllusion\\UniformityIllusionPsychoPy\\Pics\\1a.png'
11.0658 	EXP 	noPeriphery: size = array([1.77777778, 1.        ])
11.0658 	EXP 	noPeriphery: image = 'C:\\Users\\hesselmann\\Desktop\\PsychoPyUniformityIllusion\\UniformityIllusionPsychoPy\\Pics\\1start.png'
11.0658 	EXP 	hasPeriphery: autoDraw = True
11.0658 	EXP 	hasPeriphery: texRes = 128.0
11.0658 	EXP 	noPeriphery: autoDraw = True
11.0658 	EXP 	noPeriphery: texRes = 128.0
11.0658 	EXP 	text: autoDraw = True
11.1997 	EXP 	hasPeriphery: texRes = 128.0
11.1997 	EXP 	noPeriphery: texRes = 128.0
11.3327 	EXP 	hasPeriphery: texRes = 128.0
11.3327 	EXP 	noPeriphery: texRes = 128.0
11.4664 	EXP 	hasPeriphery: texRes = 128.0
11.4664 	EXP 	noPeriphery: texRes = 128.0
11.5993 	EXP 	hasPeriphery: texRes = 128.0
11.5993 	EXP 	noPeriphery: texRes = 128.0
11.7322 	EXP 	hasPeriphery: texRes = 128.0
11.7322 	EXP 	noPeriphery: texRes = 128.0
11.7322 	EXP 	blank_screen: autoDraw = True
11.8826 	EXP 	hasPeriphery: texRes = 128.0
11.8826 	EXP 	noPeriphery: texRes = 128.0
11.8826 	EXP 	blank_screen: autoDraw = False
12.0155 	EXP 	hasPeriphery: texRes = 128.0
12.0155 	EXP 	noPeriphery: texRes = 128.0
12.1491 	EXP 	hasPeriphery: texRes = 128.0
12.1491 	EXP 	noPeriphery: texRes = 128.0
12.2823 	EXP 	hasPeriphery: texRes = 128.0
12.2823 	EXP 	noPeriphery: texRes = 128.0
12.4154 	EXP 	hasPeriphery: texRes = 128.0
12.4154 	EXP 	noPeriphery: texRes = 128.0
12.4154 	EXP 	blank_screen: autoDraw = True
12.5495 	EXP 	hasPeriphery: texRes = 128.0
12.5495 	EXP 	noPeriphery: texRes = 128.0
12.5495 	EXP 	blank_screen: autoDraw = False
12.6824 	EXP 	hasPeriphery: texRes = 128.0
12.6824 	EXP 	noPeriphery: texRes = 128.0
12.8165 	EXP 	hasPeriphery: texRes = 128.0
12.8165 	EXP 	noPeriphery: texRes = 128.0
12.9486 	EXP 	hasPeriphery: texRes = 128.0
12.9486 	EXP 	noPeriphery: texRes = 128.0
13.0828 	EXP 	hasPeriphery: texRes = 128.0
13.0828 	EXP 	noPeriphery: texRes = 128.0
13.2156 	EXP 	hasPeriphery: texRes = 128.0
13.2156 	EXP 	noPeriphery: texRes = 128.0
13.3489 	EXP 	hasPeriphery: texRes = 128.0
13.3489 	EXP 	noPeriphery: texRes = 128.0
13.4819 	EXP 	hasPeriphery: texRes = 128.0
13.4819 	EXP 	noPeriphery: texRes = 128.0
13.6152 	EXP 	hasPeriphery: texRes = 128.0
13.6152 	EXP 	noPeriphery: texRes = 128.0
13.7489 	EXP 	hasPeriphery: texRes = 128.0
13.7489 	EXP 	noPeriphery: texRes = 128.0
13.8825 	EXP 	hasPeriphery: texRes = 128.0
13.8825 	EXP 	noPeriphery: texRes = 128.0
14.0155 	EXP 	hasPeriphery: texRes = 128.0
14.0155 	EXP 	noPeriphery: texRes = 128.0
14.1484 	EXP 	hasPeriphery: texRes = 128.0
14.1484 	EXP 	noPeriphery: texRes = 128.0
14.2822 	EXP 	hasPeriphery: texRes = 128.0
14.2822 	EXP 	noPeriphery: texRes = 128.0
14.4329 	EXP 	hasPeriphery: texRes = 128.0
14.4329 	EXP 	noPeriphery: texRes = 128.0
14.5820 	EXP 	hasPeriphery: texRes = 128.0
14.5820 	EXP 	noPeriphery: texRes = 128.0
14.7158 	EXP 	hasPeriphery: texRes = 128.0
14.7158 	EXP 	noPeriphery: texRes = 128.0
14.8649 	EXP 	hasPeriphery: texRes = 128.0
14.8649 	EXP 	noPeriphery: texRes = 128.0
15.0160 	EXP 	hasPeriphery: texRes = 128.0
15.0160 	EXP 	noPeriphery: texRes = 128.0
15.1496 	EXP 	hasPeriphery: texRes = 128.0
15.1496 	EXP 	noPeriphery: texRes = 128.0
15.2990 	EXP 	hasPeriphery: texRes = 128.0
15.2990 	EXP 	noPeriphery: texRes = 128.0
15.4483 	EXP 	hasPeriphery: texRes = 128.0
15.4483 	EXP 	noPeriphery: texRes = 128.0
15.5815 	EXP 	hasPeriphery: texRes = 128.0
15.5815 	EXP 	noPeriphery: texRes = 128.0
15.7151 	EXP 	hasPeriphery: texRes = 128.0
15.7151 	EXP 	noPeriphery: texRes = 128.0
15.8484 	EXP 	hasPeriphery: texRes = 128.0
15.8484 	EXP 	noPeriphery: texRes = 128.0
15.9822 	EXP 	hasPeriphery: texRes = 128.0
15.9822 	EXP 	noPeriphery: texRes = 128.0
16.1149 	EXP 	hasPeriphery: texRes = 128.0
16.1149 	EXP 	noPeriphery: texRes = 128.0
16.2483 	EXP 	hasPeriphery: texRes = 128.0
16.2483 	EXP 	noPeriphery: texRes = 128.0
16.3820 	EXP 	hasPeriphery: texRes = 128.0
16.3820 	EXP 	noPeriphery: texRes = 128.0
16.5146 	EXP 	hasPeriphery: texRes = 128.0
16.5146 	EXP 	noPeriphery: texRes = 128.0
16.6486 	EXP 	hasPeriphery: texRes = 128.0
16.6486 	EXP 	noPeriphery: texRes = 128.0
16.7823 	EXP 	hasPeriphery: texRes = 128.0
16.7823 	EXP 	noPeriphery: texRes = 128.0
16.9153 	EXP 	hasPeriphery: texRes = 128.0
16.9153 	EXP 	noPeriphery: texRes = 128.0
17.0650 	EXP 	hasPeriphery: texRes = 128.0
17.0650 	EXP 	noPeriphery: texRes = 128.0
17.2144 	EXP 	hasPeriphery: texRes = 128.0
17.2144 	EXP 	noPeriphery: texRes = 128.0
17.3482 	EXP 	hasPeriphery: texRes = 128.0
17.3482 	EXP 	noPeriphery: texRes = 128.0
17.4810 	EXP 	hasPeriphery: texRes = 128.0
17.4810 	EXP 	noPeriphery: texRes = 128.0
17.6144 	EXP 	hasPeriphery: texRes = 128.0
17.6144 	EXP 	noPeriphery: texRes = 128.0
17.7482 	EXP 	hasPeriphery: texRes = 128.0
17.7482 	EXP 	noPeriphery: texRes = 128.0
17.8810 	EXP 	hasPeriphery: texRes = 128.0
17.8810 	EXP 	noPeriphery: texRes = 128.0
18.0143 	EXP 	hasPeriphery: texRes = 128.0
18.0143 	EXP 	noPeriphery: texRes = 128.0
18.1482 	EXP 	hasPeriphery: texRes = 128.0
18.1482 	EXP 	noPeriphery: texRes = 128.0
18.2820 	EXP 	hasPeriphery: texRes = 128.0
18.2820 	EXP 	noPeriphery: texRes = 128.0
18.4146 	EXP 	hasPeriphery: texRes = 128.0
18.4146 	EXP 	noPeriphery: texRes = 128.0
18.5479 	EXP 	hasPeriphery: texRes = 128.0
18.5479 	EXP 	noPeriphery: texRes = 128.0
18.6808 	EXP 	hasPeriphery: texRes = 128.0
18.6808 	EXP 	noPeriphery: texRes = 128.0
18.8149 	EXP 	hasPeriphery: texRes = 128.0
18.8149 	EXP 	noPeriphery: texRes = 128.0
18.9474 	EXP 	hasPeriphery: texRes = 128.0
18.9474 	EXP 	noPeriphery: texRes = 128.0
19.0812 	EXP 	hasPeriphery: texRes = 128.0
19.0812 	EXP 	noPeriphery: texRes = 128.0
19.2306 	EXP 	hasPeriphery: texRes = 128.0
19.2306 	EXP 	noPeriphery: texRes = 128.0
19.3640 	EXP 	hasPeriphery: texRes = 128.0
19.3640 	EXP 	noPeriphery: texRes = 128.0
19.4973 	EXP 	hasPeriphery: texRes = 128.0
19.4973 	EXP 	noPeriphery: texRes = 128.0
19.6318 	EXP 	hasPeriphery: texRes = 128.0
19.6318 	EXP 	noPeriphery: texRes = 128.0
19.7810 	EXP 	hasPeriphery: texRes = 128.0
19.7810 	EXP 	noPeriphery: texRes = 128.0
19.9144 	EXP 	hasPeriphery: texRes = 128.0
19.9144 	EXP 	noPeriphery: texRes = 128.0
20.0639 	EXP 	hasPeriphery: texRes = 128.0
20.0639 	EXP 	noPeriphery: texRes = 128.0
20.1985 	EXP 	hasPeriphery: texRes = 128.0
20.1985 	EXP 	noPeriphery: texRes = 128.0
20.3475 	EXP 	hasPeriphery: texRes = 128.0
20.3475 	EXP 	noPeriphery: texRes = 128.0
20.4809 	EXP 	hasPeriphery: texRes = 128.0
20.4809 	EXP 	noPeriphery: texRes = 128.0
20.6139 	EXP 	hasPeriphery: texRes = 128.0
20.6139 	EXP 	noPeriphery: texRes = 128.0
20.7641 	EXP 	hasPeriphery: texRes = 128.0
20.7641 	EXP 	noPeriphery: texRes = 128.0
20.8981 	EXP 	hasPeriphery: texRes = 128.0
20.8981 	EXP 	noPeriphery: texRes = 128.0
21.0307 	EXP 	hasPeriphery: texRes = 128.0
21.0307 	EXP 	noPeriphery: texRes = 128.0
21.1809 	EXP 	hasPeriphery: texRes = 128.0
21.1809 	EXP 	noPeriphery: texRes = 128.0
21.1977 	EXP 	hasPeriphery: autoDraw = False
21.1977 	EXP 	noPeriphery: autoDraw = False
22.3857 	EXP 	New trial (rep=0, index=1): {'startImage': 'C:\\Users\\hesselmann\\Desktop\\PsychoPyUniformityIllusion\\UniformityIllusionPsychoPy\\Pics\\1start.png', 'midImage': 'C:\\Users\\hesselmann\\Desktop\\PsychoPyUniformityIllusion\\UniformityIllusionPsychoPy\\Pics\\1a.png', 'endImage': 'C:\\Users\\hesselmann\\Desktop\\PsychoPyUniformityIllusion\\UniformityIllusionPsychoPy\\Pics\\1b.png', 'AB': 'b'}
22.5585 	DATA 	Keypress: space
22.5587 	DATA 	Keypress: v
22.5589 	DATA 	Keypress: lctrl
22.5967 	EXP 	hasPeriphery: autoDraw = False
22.5967 	EXP 	noPeriphery: autoDraw = False
22.5967 	EXP 	blank_screen: autoDraw = False
22.5967 	EXP 	text: autoDraw = False
22.5967 	EXP 	hasPeriphery: size = array([1.77777778, 1.        ])
22.5967 	EXP 	hasPeriphery: image = 'C:\\Users\\hesselmann\\Desktop\\PsychoPyUniformityIllusion\\UniformityIllusionPsychoPy\\Pics\\1b.png'
22.5967 	EXP 	noPeriphery: size = array([1.77777778, 1.        ])
22.5967 	EXP 	noPeriphery: image = 'C:\\Users\\hesselmann\\Desktop\\PsychoPyUniformityIllusion\\UniformityIllusionPsychoPy\\Pics\\1start.png'
22.5967 	EXP 	hasPeriphery: autoDraw = True
22.5967 	EXP 	hasPeriphery: texRes = 128.0
22.5967 	EXP 	noPeriphery: autoDraw = True
22.5967 	EXP 	noPeriphery: texRes = 128.0
22.5967 	EXP 	text: autoDraw = True
22.7307 	EXP 	hasPeriphery: texRes = 128.0
22.7307 	EXP 	noPeriphery: texRes = 128.0
22.8799 	EXP 	hasPeriphery: texRes = 128.0
22.8799 	EXP 	noPeriphery: texRes = 128.0
23.0142 	EXP 	hasPeriphery: texRes = 128.0
23.0142 	EXP 	noPeriphery: texRes = 128.0
23.1470 	EXP 	hasPeriphery: texRes = 128.0
23.1470 	EXP 	noPeriphery: texRes = 128.0
23.2966 	EXP 	hasPeriphery: texRes = 128.0
23.2966 	EXP 	noPeriphery: texRes = 128.0
23.2966 	EXP 	blank_screen: autoDraw = True
23.4307 	EXP 	hasPeriphery: texRes = 128.0
23.4307 	EXP 	noPeriphery: texRes = 128.0
23.4307 	EXP 	blank_screen: autoDraw = False
23.5798 	EXP 	hasPeriphery: texRes = 128.0
23.5798 	EXP 	noPeriphery: texRes = 128.0
23.7137 	EXP 	hasPeriphery: texRes = 128.0
23.7137 	EXP 	noPeriphery: texRes = 128.0
23.8465 	EXP 	hasPeriphery: texRes = 128.0
23.8465 	EXP 	noPeriphery: texRes = 128.0
23.9971 	EXP 	hasPeriphery: texRes = 128.0
23.9971 	EXP 	noPeriphery: texRes = 128.0
23.9971 	EXP 	blank_screen: autoDraw = True
24.1305 	EXP 	hasPeriphery: texRes = 128.0
24.1305 	EXP 	noPeriphery: texRes = 128.0
24.1305 	EXP 	blank_screen: autoDraw = False
24.2804 	EXP 	hasPeriphery: texRes = 128.0
24.2804 	EXP 	noPeriphery: texRes = 128.0
24.4130 	EXP 	hasPeriphery: texRes = 128.0
24.4130 	EXP 	noPeriphery: texRes = 128.0
24.5467 	EXP 	hasPeriphery: texRes = 128.0
24.5467 	EXP 	noPeriphery: texRes = 128.0
24.6800 	EXP 	hasPeriphery: texRes = 128.0
24.6800 	EXP 	noPeriphery: texRes = 128.0
24.8133 	EXP 	hasPeriphery: texRes = 128.0
24.8133 	EXP 	noPeriphery: texRes = 128.0
24.9466 	EXP 	hasPeriphery: texRes = 128.0
24.9466 	EXP 	noPeriphery: texRes = 128.0
25.0807 	EXP 	hasPeriphery: texRes = 128.0
25.0807 	EXP 	noPeriphery: texRes = 128.0
25.2295 	EXP 	hasPeriphery: texRes = 128.0
25.2295 	EXP 	noPeriphery: texRes = 128.0
25.3628 	EXP 	hasPeriphery: texRes = 128.0
25.3628 	EXP 	noPeriphery: texRes = 128.0
25.4969 	EXP 	hasPeriphery: texRes = 128.0
25.4969 	EXP 	noPeriphery: texRes = 128.0
25.6296 	EXP 	hasPeriphery: texRes = 128.0
25.6296 	EXP 	noPeriphery: texRes = 128.0
25.7634 	EXP 	hasPeriphery: texRes = 128.0
25.7634 	EXP 	noPeriphery: texRes = 128.0
25.8961 	EXP 	hasPeriphery: texRes = 128.0
25.8961 	EXP 	noPeriphery: texRes = 128.0
26.0297 	EXP 	hasPeriphery: texRes = 128.0
26.0297 	EXP 	noPeriphery: texRes = 128.0
26.1626 	EXP 	hasPeriphery: texRes = 128.0
26.1626 	EXP 	noPeriphery: texRes = 128.0
26.2960 	EXP 	hasPeriphery: texRes = 128.0
26.2960 	EXP 	noPeriphery: texRes = 128.0
26.4300 	EXP 	hasPeriphery: texRes = 128.0
26.4300 	EXP 	noPeriphery: texRes = 128.0
26.5625 	EXP 	hasPeriphery: texRes = 128.0
26.5625 	EXP 	noPeriphery: texRes = 128.0
26.6962 	EXP 	hasPeriphery: texRes = 128.0
26.6962 	EXP 	noPeriphery: texRes = 128.0
26.8301 	EXP 	hasPeriphery: texRes = 128.0
26.8301 	EXP 	noPeriphery: texRes = 128.0
26.9795 	EXP 	hasPeriphery: texRes = 128.0
26.9795 	EXP 	noPeriphery: texRes = 128.0
27.1124 	EXP 	hasPeriphery: texRes = 128.0
27.1124 	EXP 	noPeriphery: texRes = 128.0
27.2461 	EXP 	hasPeriphery: texRes = 128.0
27.2461 	EXP 	noPeriphery: texRes = 128.0
27.3791 	EXP 	hasPeriphery: texRes = 128.0
27.3791 	EXP 	noPeriphery: texRes = 128.0
27.5126 	EXP 	hasPeriphery: texRes = 128.0
27.5126 	EXP 	noPeriphery: texRes = 128.0
27.6630 	EXP 	hasPeriphery: texRes = 128.0
27.6630 	EXP 	noPeriphery: texRes = 128.0
27.7963 	EXP 	hasPeriphery: texRes = 128.0
27.7963 	EXP 	noPeriphery: texRes = 128.0
27.9293 	EXP 	hasPeriphery: texRes = 128.0
27.9293 	EXP 	noPeriphery: texRes = 128.0
28.0626 	EXP 	hasPeriphery: texRes = 128.0
28.0626 	EXP 	noPeriphery: texRes = 128.0
28.1971 	EXP 	hasPeriphery: texRes = 128.0
28.1971 	EXP 	noPeriphery: texRes = 128.0
28.3288 	EXP 	hasPeriphery: texRes = 128.0
28.3288 	EXP 	noPeriphery: texRes = 128.0
28.4636 	EXP 	hasPeriphery: texRes = 128.0
28.4636 	EXP 	noPeriphery: texRes = 128.0
28.5956 	EXP 	hasPeriphery: texRes = 128.0
28.5956 	EXP 	noPeriphery: texRes = 128.0
28.7293 	EXP 	hasPeriphery: texRes = 128.0
28.7293 	EXP 	noPeriphery: texRes = 128.0
28.8791 	EXP 	hasPeriphery: texRes = 128.0
28.8791 	EXP 	noPeriphery: texRes = 128.0
29.0121 	EXP 	hasPeriphery: texRes = 128.0
29.0121 	EXP 	noPeriphery: texRes = 128.0
29.1457 	EXP 	hasPeriphery: texRes = 128.0
29.1457 	EXP 	noPeriphery: texRes = 128.0
29.2787 	EXP 	hasPeriphery: texRes = 128.0
29.2787 	EXP 	noPeriphery: texRes = 128.0
29.4127 	EXP 	hasPeriphery: texRes = 128.0
29.4127 	EXP 	noPeriphery: texRes = 128.0
29.5452 	EXP 	hasPeriphery: texRes = 128.0
29.5452 	EXP 	noPeriphery: texRes = 128.0
29.6957 	EXP 	hasPeriphery: texRes = 128.0
29.6957 	EXP 	noPeriphery: texRes = 128.0
29.8289 	EXP 	hasPeriphery: texRes = 128.0
29.8289 	EXP 	noPeriphery: texRes = 128.0
29.9618 	EXP 	hasPeriphery: texRes = 128.0
29.9618 	EXP 	noPeriphery: texRes = 128.0
30.0952 	EXP 	hasPeriphery: texRes = 128.0
30.0952 	EXP 	noPeriphery: texRes = 128.0
30.2451 	EXP 	hasPeriphery: texRes = 128.0
30.2451 	EXP 	noPeriphery: texRes = 128.0
30.3951 	EXP 	hasPeriphery: texRes = 128.0
30.3951 	EXP 	noPeriphery: texRes = 128.0
30.5284 	EXP 	hasPeriphery: texRes = 128.0
30.5284 	EXP 	noPeriphery: texRes = 128.0
30.6199 	DATA 	Keypress: escape
30.6629 	EXP 	hasPeriphery: texRes = 128.0
30.6629 	EXP 	noPeriphery: texRes = 128.0
30.8120 	EXP 	hasPeriphery: texRes = 128.0
30.8120 	EXP 	noPeriphery: texRes = 128.0
31.0299 	EXP 	window1: mouseVisible = True
