1.1339 	WARNING 	We strongly recommend you activate the PTB sound engine in PsychoPy prefs as the preferred audio engine. Its timing is vastly superior. Your prefs are currently set to use ['sounddevice', 'PTB', 'pyo', 'pygame'] (in that order).
7.0095 	EXP 	Created window1 = Window(allowGUI=False, allowStencil=False, autoLog=True, backendConf=UNKNOWN, bitsMode=UNKNOWN, blendMode='avg', bpc=(8, 8, 8), color=array([0, 0, 0]), colorSpace='rgb', depthBits=8, fullscr=<method-wrapper '__getattribute__' of attributeSetter object at 0x0000028E052B4EF0>, gamma=None, gammaErrorPolicy='raise', lms=UNKNOWN, monitor=<psychopy.monitors.calibTools.Monitor object at 0x0000028E0528D588>, multiSample=False, name='window1', numSamples=2, pos=[0.0, 0.0], screen=0, size=array([1920, 1080]), stencilBits=0, stereo=False, units='height', useFBO=True, useRetina=False, viewOri=0.0, viewPos=None, viewScale=None, waitBlanking=True, winType='pyglet')
7.0097 	EXP 	window1: mouseVisible = True
7.0097 	EXP 	window1: recordFrameIntervals = False
7.1758 	EXP 	window1: recordFrameIntervals = True
7.3588 	EXP 	window1: recordFrameIntervals = False
7.8669 	EXP 	Created WelcomeText = TextStim(__class__=<class 'psychopy.visual.text.TextStim'>, alignHoriz=method-wrapper(...), alignText='center', alignVert=method-wrapper(...), anchorHoriz='center', anchorVert='center', antialias=True, autoLog=True, bold=False, color=array([1, 1, 1]), colorSpace='rgb', contrast=1.0, depth=0.0, flipHoriz=False, flipVert=False, font='Open Sans', fontFiles=[], height=0.1, italic=False, languageStyle='LTR', name='WelcomeText', opacity=1, ori=0.0, pos=array([0., 0.]), rgb=UNKNOWN, text='Welcome to our Study!', units='height', win=Window(...), wrapWidth=1)
7.8812 	EXP 	Imported test.xlsx as conditions, 1 conditions, 11 params
7.8822 	EXP 	Question text: test
7.8969 	EXP 	window1: mouseVisible = True
7.9331 	EXP 	window1: mouseVisible = True
7.9391 	EXP 	Created unnamed Rect = Rect(__class__=<class 'psychopy.visual.rect.Rect'>, autoDraw=False, autoLog=True, closeShape=True, color=method-wrapper(...), colorSpace='rgb', contrast=None, depth=0, fillColor=array([0, 0, 0]), fillColorSpace='rgb', fillRGB=UNKNOWN, interpolate=True, lineColor=array([0, 0, 0]), lineColorSpace='rgb', lineRGB=UNKNOWN, lineWidth=1.5, name='unnamed Rect', opacity=0, ori=0.0, pos=array([0., 0.]), size=array([0., 0.]), units='height', vertices=ndarray(...), win=Window(...))
7.9449 	EXP 	Created DepressionQuestionnaire = <psychopy.visual.form.Form object at 0x0000028E07D7D7B8>
7.9683 	EXP 	window1: mouseVisible = True
7.9835 	EXP 	Created instructionsText = TextStim(__class__=<class 'psychopy.visual.text.TextStim'>, alignHoriz=method-wrapper(...), alignText='center', alignVert=method-wrapper(...), anchorHoriz='center', anchorVert='center', antialias=True, autoLog=True, bold=False, color=array([1, 1, 1]), colorSpace='rgb', contrast=1.0, depth=0.0, flipHoriz=False, flipVert=False, font='Open Sans', fontFiles=[], height=0.1, italic=False, languageStyle='LTR', name='instructionsText', opacity=1, ori=0.0, pos=array([0., 0.]), rgb=UNKNOWN, text='Any text\n\nincluding line breaks', units='height', win=Window(...), wrapWidth=1)
7.9865 	EXP 	Created hasPeriphery = ImageStim(__class__=<class 'psychopy.visual.image.ImageStim'>, autoLog=True, color=array([1, 1, 1]), colorSpace='rgb', contrast=1.0, depth=0.0, flipHoriz=False, flipVert=False, image='sin', interpolate=True, mask=None, maskParams=None, name='hasPeriphery', opacity=1.0, ori=0.0, pos=array([0., 0.]), size=array([0.5, 0.5]), texRes=128.0, units='height', win=Window(...))
7.9891 	EXP 	Created noPeriphery = ImageStim(__class__=<class 'psychopy.visual.image.ImageStim'>, autoLog=True, color=array([1, 1, 1]), colorSpace='rgb', contrast=1.0, depth=-2.0, flipHoriz=False, flipVert=False, image='sin', interpolate=True, mask=None, maskParams=None, name='noPeriphery', opacity=1.0, ori=0.0, pos=array([0., 0.]), size=array([0.5, 0.5]), texRes=128.0, units='height', win=Window(...))
7.9935 	EXP 	Created text = TextStim(__class__=<class 'psychopy.visual.text.TextStim'>, alignHoriz=method-wrapper(...), alignText='center', alignVert=method-wrapper(...), anchorHoriz='center', anchorVert='center', antialias=True, autoLog=True, bold=False, color=array([ 1, -1, -1]), colorSpace='rgb', contrast=1.0, depth=-3.0, flipHoriz=False, flipVert=False, font='Open Sans', fontFiles=[], height=0.1, italic=False, languageStyle='LTR', name='text', opacity=1, ori=0.0, pos=array([0., 0.]), rgb=UNKNOWN, text='+', units='height', win=Window(...), wrapWidth=1)
7.9966 	EXP 	Created WelcomeText = TextStim(__class__=<class 'psychopy.visual.text.TextStim'>, alignHoriz=method-wrapper(...), alignText='center', alignVert=method-wrapper(...), anchorHoriz='center', anchorVert='center', antialias=True, autoLog=True, bold=False, color=array([1, 1, 1]), colorSpace='rgb', contrast=1.0, depth=0.0, flipHoriz=False, flipVert=False, font='Open Sans', fontFiles=[], height=0.1, italic=False, languageStyle='LTR', name='WelcomeText', opacity=1, ori=0.0, pos=array([0., 0.]), rgb=UNKNOWN, text='Welcome to our Study!', units='height', win=Window(...), wrapWidth=1)
7.9991 	EXP 	Created hasPeriphery_2 = ImageStim(__class__=<class 'psychopy.visual.image.ImageStim'>, autoLog=True, color=array([1, 1, 1]), colorSpace='rgb', contrast=1.0, depth=0.0, flipHoriz=False, flipVert=False, image='sin', interpolate=True, mask=None, maskParams=None, name='hasPeriphery_2', opacity=1.0, ori=0.0, pos=array([0., 0.]), size=array([0.5, 0.5]), texRes=128.0, units='height', win=Window(...))
8.0014 	EXP 	Created noPeriphery_2 = ImageStim(__class__=<class 'psychopy.visual.image.ImageStim'>, autoLog=True, color=array([1, 1, 1]), colorSpace='rgb', contrast=1.0, depth=-2.0, flipHoriz=False, flipVert=False, image='sin', interpolate=True, mask=None, maskParams=None, name='noPeriphery_2', opacity=1.0, ori=0.0, pos=array([0., 0.]), size=array([0.5, 0.5]), texRes=128.0, units='height', win=Window(...))
8.0031 	EXP 	Created text_2 = TextStim(__class__=<class 'psychopy.visual.text.TextStim'>, alignHoriz=method-wrapper(...), alignText='center', alignVert=method-wrapper(...), anchorHoriz='center', anchorVert='center', antialias=True, autoLog=True, bold=False, color=array([ 1, -1, -1]), colorSpace='rgb', contrast=1.0, depth=-3.0, flipHoriz=False, flipVert=False, font='Open Sans', fontFiles=[], height=0.1, italic=False, languageStyle='LTR', name='text_2', opacity=1, ori=0.0, pos=array([0., 0.]), rgb=UNKNOWN, text='+', units='height', win=Window(...), wrapWidth=1)
8.0581 	EXP 	unnamed Form: autoLog = True
8.0581 	EXP 	DepressionQuestionnaire: name = 'DepressionQuestionnaire'
8.0581 	EXP 	DepressionQuestionnaire: size = (1, 0.7)
8.0581 	EXP 	DepressionQuestionnaire: size = array([1. , 0.7])
8.0581 	EXP 	DepressionQuestionnaire: units = 'height'
8.0581 	EXP 	DepressionQuestionnaire: depth = 0
8.0581 	EXP 	WelcomeText: autoDraw = True
10.0411 	EXP 	WelcomeText: autoDraw = False
10.0411 	EXP 	DepressionQuestionnaire: autoDraw = True
10.4424 	DATA 	Keypress: space
11.3752 	DATA 	Mouse: Left button down, pos=(792,537)
11.4079 	EXP 	DepressionQuestionnaire: autoDraw = False
11.4079 	EXP 	instructionsText: autoDraw = True
11.4964 	DATA 	Mouse:  Left button up, pos=(792,537)
11.7359 	EXP 	Imported picPaths.xlsx as conditions, 6 conditions, 3 params
11.7362 	EXP 	Created sequence: sequential, trialTypes=6, nReps=1, seed=None
11.7366 	EXP 	New trial (rep=0, index=0): {'startImage': 'C:\\Users\\hesselmann\\Desktop\\PsychoPyUniformityIllusion\\UniformityIllusionPsychoPy\\Pics\\1start.png', 'endImage': 'C:\\Users\\hesselmann\\Desktop\\PsychoPyUniformityIllusion\\UniformityIllusionPsychoPy\\Pics\\1a.png', 'AB': 'a'}
11.9137 	DATA 	Keypress: space
11.9581 	EXP 	instructionsText: autoDraw = False
11.9581 	EXP 	hasPeriphery: size = array([1.77777778, 1.        ])
11.9581 	EXP 	hasPeriphery: image = 'C:\\Users\\hesselmann\\Desktop\\PsychoPyUniformityIllusion\\UniformityIllusionPsychoPy\\Pics\\1a.png'
11.9581 	EXP 	noPeriphery: size = array([1.77777778, 1.        ])
11.9581 	EXP 	noPeriphery: image = 'C:\\Users\\hesselmann\\Desktop\\PsychoPyUniformityIllusion\\UniformityIllusionPsychoPy\\Pics\\1start.png'
11.9581 	EXP 	hasPeriphery: autoDraw = True
11.9581 	EXP 	hasPeriphery: texRes = 128.0
11.9581 	EXP 	noPeriphery: autoDraw = True
11.9581 	EXP 	noPeriphery: texRes = 128.0
11.9581 	EXP 	text: autoDraw = True
12.0915 	EXP 	hasPeriphery: texRes = 128.0
12.0915 	EXP 	noPeriphery: texRes = 128.0
12.2411 	EXP 	hasPeriphery: texRes = 128.0
12.2411 	EXP 	noPeriphery: texRes = 128.0
12.3744 	EXP 	hasPeriphery: texRes = 128.0
12.3744 	EXP 	noPeriphery: texRes = 128.0
12.5076 	EXP 	hasPeriphery: texRes = 128.0
12.5076 	EXP 	noPeriphery: texRes = 128.0
12.6405 	EXP 	hasPeriphery: texRes = 128.0
12.6405 	EXP 	noPeriphery: texRes = 128.0
12.7747 	EXP 	hasPeriphery: texRes = 128.0
12.7747 	EXP 	noPeriphery: texRes = 128.0
12.9238 	EXP 	hasPeriphery: texRes = 128.0
12.9238 	EXP 	noPeriphery: texRes = 128.0
13.0576 	EXP 	hasPeriphery: texRes = 128.0
13.0576 	EXP 	noPeriphery: texRes = 128.0
13.1905 	EXP 	hasPeriphery: texRes = 128.0
13.1905 	EXP 	noPeriphery: texRes = 128.0
13.3238 	EXP 	hasPeriphery: texRes = 128.0
13.3238 	EXP 	noPeriphery: texRes = 128.0
13.4577 	EXP 	hasPeriphery: texRes = 128.0
13.4577 	EXP 	noPeriphery: texRes = 128.0
13.6082 	EXP 	hasPeriphery: texRes = 128.0
13.6082 	EXP 	noPeriphery: texRes = 128.0
13.7413 	EXP 	hasPeriphery: texRes = 128.0
13.7413 	EXP 	noPeriphery: texRes = 128.0
13.8737 	EXP 	hasPeriphery: texRes = 128.0
13.8737 	EXP 	noPeriphery: texRes = 128.0
14.0078 	EXP 	hasPeriphery: texRes = 128.0
14.0078 	EXP 	noPeriphery: texRes = 128.0
14.1403 	EXP 	hasPeriphery: texRes = 128.0
14.1403 	EXP 	noPeriphery: texRes = 128.0
14.2738 	EXP 	hasPeriphery: texRes = 128.0
14.2738 	EXP 	noPeriphery: texRes = 128.0
14.4077 	EXP 	hasPeriphery: texRes = 128.0
14.4077 	EXP 	noPeriphery: texRes = 128.0
14.5413 	EXP 	hasPeriphery: texRes = 128.0
14.5413 	EXP 	noPeriphery: texRes = 128.0
14.6737 	EXP 	hasPeriphery: texRes = 128.0
14.6737 	EXP 	noPeriphery: texRes = 128.0
14.8076 	EXP 	hasPeriphery: texRes = 128.0
14.8076 	EXP 	noPeriphery: texRes = 128.0
14.9409 	EXP 	hasPeriphery: texRes = 128.0
14.9409 	EXP 	noPeriphery: texRes = 128.0
15.0734 	EXP 	hasPeriphery: texRes = 128.0
15.0734 	EXP 	noPeriphery: texRes = 128.0
15.2070 	EXP 	hasPeriphery: texRes = 128.0
15.2070 	EXP 	noPeriphery: texRes = 128.0
15.3568 	EXP 	hasPeriphery: texRes = 128.0
15.3568 	EXP 	noPeriphery: texRes = 128.0
15.4502 	DATA 	Keypress: space
15.4901 	EXP 	hasPeriphery: texRes = 128.0
15.4901 	EXP 	noPeriphery: texRes = 128.0
15.5761 	EXP 	New trial (rep=0, index=1): {'startImage': 'C:\\Users\\hesselmann\\Desktop\\PsychoPyUniformityIllusion\\UniformityIllusionPsychoPy\\Pics\\1start.png', 'endImage': 'C:\\Users\\hesselmann\\Desktop\\PsychoPyUniformityIllusion\\UniformityIllusionPsychoPy\\Pics\\1b.png', 'AB': 'b'}
15.7905 	EXP 	hasPeriphery: texRes = 128.0
15.7905 	EXP 	noPeriphery: texRes = 128.0
15.7905 	EXP 	hasPeriphery: autoDraw = False
15.7905 	EXP 	noPeriphery: autoDraw = False
15.7905 	EXP 	text: autoDraw = False
15.7905 	EXP 	hasPeriphery: size = array([1.77777778, 1.        ])
15.7905 	EXP 	hasPeriphery: image = 'C:\\Users\\hesselmann\\Desktop\\PsychoPyUniformityIllusion\\UniformityIllusionPsychoPy\\Pics\\1b.png'
15.7905 	EXP 	noPeriphery: size = array([1.77777778, 1.        ])
15.7905 	EXP 	noPeriphery: image = 'C:\\Users\\hesselmann\\Desktop\\PsychoPyUniformityIllusion\\UniformityIllusionPsychoPy\\Pics\\1start.png'
15.7905 	EXP 	hasPeriphery: autoDraw = True
15.7905 	EXP 	hasPeriphery: texRes = 128.0
15.7905 	EXP 	noPeriphery: autoDraw = True
15.7905 	EXP 	noPeriphery: texRes = 128.0
15.7905 	EXP 	text: autoDraw = True
15.9235 	EXP 	hasPeriphery: texRes = 128.0
15.9235 	EXP 	noPeriphery: texRes = 128.0
16.0574 	EXP 	hasPeriphery: texRes = 128.0
16.0574 	EXP 	noPeriphery: texRes = 128.0
16.2071 	EXP 	hasPeriphery: texRes = 128.0
16.2071 	EXP 	noPeriphery: texRes = 128.0
16.3572 	EXP 	hasPeriphery: texRes = 128.0
16.3572 	EXP 	noPeriphery: texRes = 128.0
16.5064 	EXP 	hasPeriphery: texRes = 128.0
16.5064 	EXP 	noPeriphery: texRes = 128.0
16.6405 	EXP 	hasPeriphery: texRes = 128.0
16.6405 	EXP 	noPeriphery: texRes = 128.0
16.7738 	EXP 	hasPeriphery: texRes = 128.0
16.7738 	EXP 	noPeriphery: texRes = 128.0
16.9065 	EXP 	hasPeriphery: texRes = 128.0
16.9065 	EXP 	noPeriphery: texRes = 128.0
17.0568 	EXP 	hasPeriphery: texRes = 128.0
17.0568 	EXP 	noPeriphery: texRes = 128.0
17.2084 	EXP 	hasPeriphery: texRes = 128.0
17.2084 	EXP 	noPeriphery: texRes = 128.0
17.3410 	EXP 	hasPeriphery: texRes = 128.0
17.3410 	EXP 	noPeriphery: texRes = 128.0
17.4912 	EXP 	hasPeriphery: texRes = 128.0
17.4912 	EXP 	noPeriphery: texRes = 128.0
17.6406 	EXP 	hasPeriphery: texRes = 128.0
17.6406 	EXP 	noPeriphery: texRes = 128.0
17.7739 	EXP 	hasPeriphery: texRes = 128.0
17.7739 	EXP 	noPeriphery: texRes = 128.0
17.8692 	EXP 	New trial (rep=0, index=2): {'startImage': 'C:\\Users\\hesselmann\\Desktop\\PsychoPyUniformityIllusion\\UniformityIllusionPsychoPy\\Pics\\2start.png', 'endImage': 'C:\\Users\\hesselmann\\Desktop\\PsychoPyUniformityIllusion\\UniformityIllusionPsychoPy\\Pics\\2a.png', 'AB': 'a'}
18.0110 	DATA 	Keypress: space
18.0569 	EXP 	hasPeriphery: texRes = 128.0
18.0569 	EXP 	noPeriphery: texRes = 128.0
18.0569 	EXP 	hasPeriphery: autoDraw = False
18.0569 	EXP 	noPeriphery: autoDraw = False
18.0569 	EXP 	text: autoDraw = False
18.0569 	EXP 	hasPeriphery: size = array([1.77777778, 1.        ])
18.0569 	EXP 	hasPeriphery: image = 'C:\\Users\\hesselmann\\Desktop\\PsychoPyUniformityIllusion\\UniformityIllusionPsychoPy\\Pics\\2a.png'
18.0569 	EXP 	noPeriphery: size = array([1.77777778, 1.        ])
18.0569 	EXP 	noPeriphery: image = 'C:\\Users\\hesselmann\\Desktop\\PsychoPyUniformityIllusion\\UniformityIllusionPsychoPy\\Pics\\2start.png'
18.0569 	EXP 	hasPeriphery: autoDraw = True
18.0569 	EXP 	hasPeriphery: texRes = 128.0
18.0569 	EXP 	noPeriphery: autoDraw = True
18.0569 	EXP 	noPeriphery: texRes = 128.0
18.0569 	EXP 	text: autoDraw = True
18.1739 	EXP 	hasPeriphery: texRes = 128.0
18.1739 	EXP 	noPeriphery: texRes = 128.0
18.2894 	EXP 	hasPeriphery: texRes = 128.0
18.2894 	EXP 	noPeriphery: texRes = 128.0
18.4066 	EXP 	hasPeriphery: texRes = 128.0
18.4066 	EXP 	noPeriphery: texRes = 128.0
18.5227 	EXP 	hasPeriphery: texRes = 128.0
18.5227 	EXP 	noPeriphery: texRes = 128.0
18.5989 	DATA 	Keypress: space
18.6395 	EXP 	hasPeriphery: texRes = 128.0
18.6395 	EXP 	noPeriphery: texRes = 128.0
18.7096 	EXP 	New trial (rep=0, index=3): {'startImage': 'C:\\Users\\hesselmann\\Desktop\\PsychoPyUniformityIllusion\\UniformityIllusionPsychoPy\\Pics\\2start.png', 'endImage': 'C:\\Users\\hesselmann\\Desktop\\PsychoPyUniformityIllusion\\UniformityIllusionPsychoPy\\Pics\\2b.png', 'AB': 'b'}
18.8900 	EXP 	hasPeriphery: texRes = 128.0
18.8900 	EXP 	noPeriphery: texRes = 128.0
18.8900 	EXP 	hasPeriphery: autoDraw = False
18.8900 	EXP 	noPeriphery: autoDraw = False
18.8900 	EXP 	text: autoDraw = False
18.8900 	EXP 	hasPeriphery: size = array([1.77777778, 1.        ])
18.8900 	EXP 	hasPeriphery: image = 'C:\\Users\\hesselmann\\Desktop\\PsychoPyUniformityIllusion\\UniformityIllusionPsychoPy\\Pics\\2b.png'
18.8900 	EXP 	noPeriphery: size = array([1.77777778, 1.        ])
18.8900 	EXP 	noPeriphery: image = 'C:\\Users\\hesselmann\\Desktop\\PsychoPyUniformityIllusion\\UniformityIllusionPsychoPy\\Pics\\2start.png'
18.8900 	EXP 	hasPeriphery: autoDraw = True
18.8900 	EXP 	hasPeriphery: texRes = 128.0
18.8900 	EXP 	noPeriphery: autoDraw = True
18.8900 	EXP 	noPeriphery: texRes = 128.0
18.8900 	EXP 	text: autoDraw = True
19.0071 	EXP 	hasPeriphery: texRes = 128.0
19.0071 	EXP 	noPeriphery: texRes = 128.0
19.1229 	EXP 	hasPeriphery: texRes = 128.0
19.1229 	EXP 	noPeriphery: texRes = 128.0
19.2396 	EXP 	hasPeriphery: texRes = 128.0
19.2396 	EXP 	noPeriphery: texRes = 128.0
19.3559 	EXP 	hasPeriphery: texRes = 128.0
19.3559 	EXP 	noPeriphery: texRes = 128.0
19.4567 	EXP 	hasPeriphery: texRes = 128.0
19.4567 	EXP 	noPeriphery: texRes = 128.0
19.5729 	EXP 	hasPeriphery: texRes = 128.0
19.5729 	EXP 	noPeriphery: texRes = 128.0
19.6895 	EXP 	hasPeriphery: texRes = 128.0
19.6895 	EXP 	noPeriphery: texRes = 128.0
19.7895 	EXP 	hasPeriphery: texRes = 128.0
19.7895 	EXP 	noPeriphery: texRes = 128.0
19.9061 	EXP 	hasPeriphery: texRes = 128.0
19.9061 	EXP 	noPeriphery: texRes = 128.0
20.0228 	EXP 	hasPeriphery: texRes = 128.0
20.0228 	EXP 	noPeriphery: texRes = 128.0
20.1228 	EXP 	hasPeriphery: texRes = 128.0
20.1228 	EXP 	noPeriphery: texRes = 128.0
20.1853 	EXP 	New trial (rep=0, index=4): {'startImage': 'C:\\Users\\hesselmann\\Desktop\\PsychoPyUniformityIllusion\\UniformityIllusionPsychoPy\\Pics\\3start.png', 'endImage': 'C:\\Users\\hesselmann\\Desktop\\PsychoPyUniformityIllusion\\UniformityIllusionPsychoPy\\Pics\\3a.png', 'AB': 'a'}
20.3252 	DATA 	Keypress: space
20.3725 	EXP 	hasPeriphery: texRes = 128.0
20.3725 	EXP 	noPeriphery: texRes = 128.0
20.3725 	EXP 	hasPeriphery: autoDraw = False
20.3725 	EXP 	noPeriphery: autoDraw = False
20.3725 	EXP 	text: autoDraw = False
20.3725 	EXP 	hasPeriphery: size = array([1.77777778, 1.        ])
20.3725 	EXP 	hasPeriphery: image = 'C:\\Users\\hesselmann\\Desktop\\PsychoPyUniformityIllusion\\UniformityIllusionPsychoPy\\Pics\\3a.png'
20.3725 	EXP 	noPeriphery: size = array([1.77777778, 1.        ])
20.3725 	EXP 	noPeriphery: image = 'C:\\Users\\hesselmann\\Desktop\\PsychoPyUniformityIllusion\\UniformityIllusionPsychoPy\\Pics\\3start.png'
20.3725 	EXP 	hasPeriphery: autoDraw = True
20.3725 	EXP 	hasPeriphery: texRes = 128.0
20.3725 	EXP 	noPeriphery: autoDraw = True
20.3725 	EXP 	noPeriphery: texRes = 128.0
20.3725 	EXP 	text: autoDraw = True
20.4897 	EXP 	hasPeriphery: texRes = 128.0
20.4897 	EXP 	noPeriphery: texRes = 128.0
20.6222 	EXP 	hasPeriphery: texRes = 128.0
20.6222 	EXP 	noPeriphery: texRes = 128.0
20.7397 	EXP 	hasPeriphery: texRes = 128.0
20.7397 	EXP 	noPeriphery: texRes = 128.0
20.8560 	EXP 	hasPeriphery: texRes = 128.0
20.8560 	EXP 	noPeriphery: texRes = 128.0
20.9733 	EXP 	hasPeriphery: texRes = 128.0
20.9733 	EXP 	noPeriphery: texRes = 128.0
21.0892 	EXP 	hasPeriphery: texRes = 128.0
21.0892 	EXP 	noPeriphery: texRes = 128.0
21.2055 	EXP 	hasPeriphery: texRes = 128.0
21.2055 	EXP 	noPeriphery: texRes = 128.0
21.3225 	EXP 	hasPeriphery: texRes = 128.0
21.3225 	EXP 	noPeriphery: texRes = 128.0
21.4392 	EXP 	hasPeriphery: texRes = 128.0
21.4392 	EXP 	noPeriphery: texRes = 128.0
21.5564 	EXP 	hasPeriphery: texRes = 128.0
21.5564 	EXP 	noPeriphery: texRes = 128.0
21.6724 	EXP 	hasPeriphery: texRes = 128.0
21.6724 	EXP 	noPeriphery: texRes = 128.0
21.7891 	EXP 	hasPeriphery: texRes = 128.0
21.7891 	EXP 	noPeriphery: texRes = 128.0
21.9057 	EXP 	hasPeriphery: texRes = 128.0
21.9057 	EXP 	noPeriphery: texRes = 128.0
22.0224 	EXP 	hasPeriphery: texRes = 128.0
22.0224 	EXP 	noPeriphery: texRes = 128.0
22.0951 	EXP 	New trial (rep=0, index=5): {'startImage': 'C:\\Users\\hesselmann\\Desktop\\PsychoPyUniformityIllusion\\UniformityIllusionPsychoPy\\Pics\\3start.png', 'endImage': 'C:\\Users\\hesselmann\\Desktop\\PsychoPyUniformityIllusion\\UniformityIllusionPsychoPy\\Pics\\3b.png', 'AB': 'b'}
22.2357 	DATA 	Keypress: space
22.2728 	EXP 	hasPeriphery: texRes = 128.0
22.2728 	EXP 	noPeriphery: texRes = 128.0
22.2728 	EXP 	hasPeriphery: autoDraw = False
22.2728 	EXP 	noPeriphery: autoDraw = False
22.2728 	EXP 	text: autoDraw = False
22.2728 	EXP 	hasPeriphery: size = array([1.77777778, 1.        ])
22.2728 	EXP 	hasPeriphery: image = 'C:\\Users\\hesselmann\\Desktop\\PsychoPyUniformityIllusion\\UniformityIllusionPsychoPy\\Pics\\3b.png'
22.2728 	EXP 	noPeriphery: size = array([1.77777778, 1.        ])
22.2728 	EXP 	noPeriphery: image = 'C:\\Users\\hesselmann\\Desktop\\PsychoPyUniformityIllusion\\UniformityIllusionPsychoPy\\Pics\\3start.png'
22.2728 	EXP 	hasPeriphery: autoDraw = True
22.2728 	EXP 	hasPeriphery: texRes = 128.0
22.2728 	EXP 	noPeriphery: autoDraw = True
22.2728 	EXP 	noPeriphery: texRes = 128.0
22.2728 	EXP 	text: autoDraw = True
22.3890 	EXP 	hasPeriphery: texRes = 128.0
22.3890 	EXP 	noPeriphery: texRes = 128.0
22.5056 	EXP 	hasPeriphery: texRes = 128.0
22.5056 	EXP 	noPeriphery: texRes = 128.0
22.6223 	EXP 	hasPeriphery: texRes = 128.0
22.6223 	EXP 	noPeriphery: texRes = 128.0
22.7390 	EXP 	hasPeriphery: texRes = 128.0
22.7390 	EXP 	noPeriphery: texRes = 128.0
22.8551 	EXP 	hasPeriphery: texRes = 128.0
22.8551 	EXP 	noPeriphery: texRes = 128.0
22.9718 	EXP 	hasPeriphery: texRes = 128.0
22.9718 	EXP 	noPeriphery: texRes = 128.0
23.0896 	EXP 	hasPeriphery: texRes = 128.0
23.0896 	EXP 	noPeriphery: texRes = 128.0
23.2227 	EXP 	hasPeriphery: texRes = 128.0
23.2227 	EXP 	noPeriphery: texRes = 128.0
23.3388 	EXP 	hasPeriphery: texRes = 128.0
23.3388 	EXP 	noPeriphery: texRes = 128.0
23.4721 	EXP 	hasPeriphery: texRes = 128.0
23.4721 	EXP 	noPeriphery: texRes = 128.0
23.5895 	EXP 	hasPeriphery: texRes = 128.0
23.5895 	EXP 	noPeriphery: texRes = 128.0
23.7058 	EXP 	hasPeriphery: texRes = 128.0
23.7058 	EXP 	noPeriphery: texRes = 128.0
23.8219 	EXP 	hasPeriphery: texRes = 128.0
23.8219 	EXP 	noPeriphery: texRes = 128.0
23.9396 	EXP 	hasPeriphery: texRes = 128.0
23.9396 	EXP 	noPeriphery: texRes = 128.0
24.0716 	EXP 	hasPeriphery: texRes = 128.0
24.0716 	EXP 	noPeriphery: texRes = 128.0
24.1882 	EXP 	hasPeriphery: texRes = 128.0
24.1882 	EXP 	noPeriphery: texRes = 128.0
24.2638 	DATA 	Keypress: space
24.3052 	EXP 	hasPeriphery: texRes = 128.0
24.3052 	EXP 	noPeriphery: texRes = 128.0
24.4048 	EXP 	hasPeriphery: texRes = 128.0
24.4048 	EXP 	noPeriphery: texRes = 128.0
24.4048 	EXP 	hasPeriphery: autoDraw = False
24.4048 	EXP 	noPeriphery: autoDraw = False
24.4048 	EXP 	text: autoDraw = False
24.4048 	EXP 	WelcomeText: autoDraw = True
25.5914 	DATA 	Keypress: space
26.4001 	EXP 	Imported picPaths.xlsx as conditions, 23 conditions, 3 params
26.4005 	EXP 	Created sequence: sequential, trialTypes=23, nReps=1, seed=None
26.4010 	EXP 	New trial (rep=0, index=0): {'startImage': 'C:\\Users\\hesselmann\\Desktop\\PsychoPyUniformityIllusion\\UniformityIllusionPsychoPy\\Pics\\4start.png', 'endImage': 'C:\\Users\\hesselmann\\Desktop\\PsychoPyUniformityIllusion\\UniformityIllusionPsychoPy\\Pics\\4b.png', 'AB': 'b'}
26.6055 	EXP 	WelcomeText: autoDraw = False
26.6055 	EXP 	hasPeriphery_2: size = array([1.77777778, 1.        ])
26.6055 	EXP 	hasPeriphery_2: image = 'C:\\Users\\hesselmann\\Desktop\\PsychoPyUniformityIllusion\\UniformityIllusionPsychoPy\\Pics\\4b.png'
26.6055 	EXP 	noPeriphery_2: size = array([1.77777778, 1.        ])
26.6055 	EXP 	noPeriphery_2: image = 'C:\\Users\\hesselmann\\Desktop\\PsychoPyUniformityIllusion\\UniformityIllusionPsychoPy\\Pics\\4start.png'
26.6055 	EXP 	hasPeriphery_2: autoDraw = True
26.6055 	EXP 	hasPeriphery_2: texRes = 128.0
26.6055 	EXP 	noPeriphery_2: autoDraw = True
26.6055 	EXP 	noPeriphery_2: texRes = 128.0
26.6055 	EXP 	text_2: autoDraw = True
26.7223 	EXP 	hasPeriphery_2: texRes = 128.0
26.7223 	EXP 	noPeriphery_2: texRes = 128.0
26.8381 	EXP 	hasPeriphery_2: texRes = 128.0
26.8381 	EXP 	noPeriphery_2: texRes = 128.0
26.9551 	EXP 	hasPeriphery_2: texRes = 128.0
26.9551 	EXP 	noPeriphery_2: texRes = 128.0
27.0718 	EXP 	hasPeriphery_2: texRes = 128.0
27.0718 	EXP 	noPeriphery_2: texRes = 128.0
27.1877 	EXP 	hasPeriphery_2: texRes = 128.0
27.1877 	EXP 	noPeriphery_2: texRes = 128.0
27.3051 	EXP 	hasPeriphery_2: texRes = 128.0
27.3051 	EXP 	noPeriphery_2: texRes = 128.0
27.4209 	EXP 	hasPeriphery_2: texRes = 128.0
27.4209 	EXP 	noPeriphery_2: texRes = 128.0
27.5380 	EXP 	hasPeriphery_2: texRes = 128.0
27.5380 	EXP 	noPeriphery_2: texRes = 128.0
27.6552 	EXP 	hasPeriphery_2: texRes = 128.0
27.6552 	EXP 	noPeriphery_2: texRes = 128.0
27.7713 	EXP 	hasPeriphery_2: texRes = 128.0
27.7713 	EXP 	noPeriphery_2: texRes = 128.0
27.8883 	EXP 	hasPeriphery_2: texRes = 128.0
27.8883 	EXP 	noPeriphery_2: texRes = 128.0
28.0042 	EXP 	hasPeriphery_2: texRes = 128.0
28.0042 	EXP 	noPeriphery_2: texRes = 128.0
28.1208 	EXP 	hasPeriphery_2: texRes = 128.0
28.1208 	EXP 	noPeriphery_2: texRes = 128.0
28.2375 	EXP 	hasPeriphery_2: texRes = 128.0
28.2375 	EXP 	noPeriphery_2: texRes = 128.0
28.3545 	EXP 	hasPeriphery_2: texRes = 128.0
28.3545 	EXP 	noPeriphery_2: texRes = 128.0
28.4277 	DATA 	Keypress: space
28.4725 	EXP 	hasPeriphery_2: texRes = 128.0
28.4725 	EXP 	noPeriphery_2: texRes = 128.0
28.5478 	EXP 	New trial (rep=0, index=1): {'startImage': 'C:\\Users\\hesselmann\\Desktop\\PsychoPyUniformityIllusion\\UniformityIllusionPsychoPy\\Pics\\5start.png', 'endImage': 'C:\\Users\\hesselmann\\Desktop\\PsychoPyUniformityIllusion\\UniformityIllusionPsychoPy\\Pics\\5a.png', 'AB': 'a'}
28.7717 	EXP 	hasPeriphery_2: texRes = 128.0
28.7717 	EXP 	noPeriphery_2: texRes = 128.0
28.7717 	EXP 	hasPeriphery_2: autoDraw = False
28.7717 	EXP 	noPeriphery_2: autoDraw = False
28.7717 	EXP 	text_2: autoDraw = False
28.7717 	EXP 	hasPeriphery_2: size = array([1.77777778, 1.        ])
28.7717 	EXP 	hasPeriphery_2: image = 'C:\\Users\\hesselmann\\Desktop\\PsychoPyUniformityIllusion\\UniformityIllusionPsychoPy\\Pics\\5a.png'
28.7717 	EXP 	noPeriphery_2: size = array([1.77777778, 1.        ])
28.7717 	EXP 	noPeriphery_2: image = 'C:\\Users\\hesselmann\\Desktop\\PsychoPyUniformityIllusion\\UniformityIllusionPsychoPy\\Pics\\5start.png'
28.7717 	EXP 	hasPeriphery_2: autoDraw = True
28.7717 	EXP 	hasPeriphery_2: texRes = 128.0
28.7717 	EXP 	noPeriphery_2: autoDraw = True
28.7717 	EXP 	noPeriphery_2: texRes = 128.0
28.7717 	EXP 	text_2: autoDraw = True
28.9206 	EXP 	hasPeriphery_2: texRes = 128.0
28.9206 	EXP 	noPeriphery_2: texRes = 128.0
29.0541 	EXP 	hasPeriphery_2: texRes = 128.0
29.0541 	EXP 	noPeriphery_2: texRes = 128.0
29.2213 	EXP 	hasPeriphery_2: texRes = 128.0
29.2213 	EXP 	noPeriphery_2: texRes = 128.0
29.3705 	EXP 	hasPeriphery_2: texRes = 128.0
29.3705 	EXP 	noPeriphery_2: texRes = 128.0
29.5043 	EXP 	hasPeriphery_2: texRes = 128.0
29.5043 	EXP 	noPeriphery_2: texRes = 128.0
29.6372 	EXP 	hasPeriphery_2: texRes = 128.0
29.6372 	EXP 	noPeriphery_2: texRes = 128.0
29.7705 	EXP 	hasPeriphery_2: texRes = 128.0
29.7705 	EXP 	noPeriphery_2: texRes = 128.0
29.9205 	EXP 	hasPeriphery_2: texRes = 128.0
29.9205 	EXP 	noPeriphery_2: texRes = 128.0
30.0538 	EXP 	hasPeriphery_2: texRes = 128.0
30.0538 	EXP 	noPeriphery_2: texRes = 128.0
30.1874 	EXP 	hasPeriphery_2: texRes = 128.0
30.1874 	EXP 	noPeriphery_2: texRes = 128.0
30.3204 	EXP 	hasPeriphery_2: texRes = 128.0
30.3204 	EXP 	noPeriphery_2: texRes = 128.0
30.4539 	EXP 	hasPeriphery_2: texRes = 128.0
30.4539 	EXP 	noPeriphery_2: texRes = 128.0
30.6037 	EXP 	hasPeriphery_2: texRes = 128.0
30.6037 	EXP 	noPeriphery_2: texRes = 128.0
30.7380 	EXP 	hasPeriphery_2: texRes = 128.0
30.7380 	EXP 	noPeriphery_2: texRes = 128.0
30.8871 	EXP 	hasPeriphery_2: texRes = 128.0
30.8871 	EXP 	noPeriphery_2: texRes = 128.0
31.0548 	EXP 	hasPeriphery_2: texRes = 128.0
31.0548 	EXP 	noPeriphery_2: texRes = 128.0
31.2208 	EXP 	hasPeriphery_2: texRes = 128.0
31.2208 	EXP 	noPeriphery_2: texRes = 128.0
31.3881 	EXP 	hasPeriphery_2: texRes = 128.0
31.3881 	EXP 	noPeriphery_2: texRes = 128.0
31.5206 	EXP 	hasPeriphery_2: texRes = 128.0
31.5206 	EXP 	noPeriphery_2: texRes = 128.0
31.6709 	EXP 	hasPeriphery_2: texRes = 128.0
31.6709 	EXP 	noPeriphery_2: texRes = 128.0
31.8050 	EXP 	hasPeriphery_2: texRes = 128.0
31.8050 	EXP 	noPeriphery_2: texRes = 128.0
31.9708 	EXP 	hasPeriphery_2: texRes = 128.0
31.9708 	EXP 	noPeriphery_2: texRes = 128.0
32.1042 	EXP 	hasPeriphery_2: texRes = 128.0
32.1042 	EXP 	noPeriphery_2: texRes = 128.0
32.2367 	EXP 	hasPeriphery_2: texRes = 128.0
32.2367 	EXP 	noPeriphery_2: texRes = 128.0
32.3704 	EXP 	hasPeriphery_2: texRes = 128.0
32.3704 	EXP 	noPeriphery_2: texRes = 128.0
32.5041 	EXP 	hasPeriphery_2: texRes = 128.0
32.5041 	EXP 	noPeriphery_2: texRes = 128.0
32.6370 	EXP 	hasPeriphery_2: texRes = 128.0
32.6370 	EXP 	noPeriphery_2: texRes = 128.0
32.7709 	EXP 	hasPeriphery_2: texRes = 128.0
32.7709 	EXP 	noPeriphery_2: texRes = 128.0
32.9044 	EXP 	hasPeriphery_2: texRes = 128.0
32.9044 	EXP 	noPeriphery_2: texRes = 128.0
33.0537 	EXP 	hasPeriphery_2: texRes = 128.0
33.0537 	EXP 	noPeriphery_2: texRes = 128.0
33.2035 	EXP 	hasPeriphery_2: texRes = 128.0
33.2035 	EXP 	noPeriphery_2: texRes = 128.0
33.3368 	EXP 	hasPeriphery_2: texRes = 128.0
33.3368 	EXP 	noPeriphery_2: texRes = 128.0
33.4872 	EXP 	hasPeriphery_2: texRes = 128.0
33.4872 	EXP 	noPeriphery_2: texRes = 128.0
33.6205 	EXP 	hasPeriphery_2: texRes = 128.0
33.6205 	EXP 	noPeriphery_2: texRes = 128.0
33.7704 	EXP 	hasPeriphery_2: texRes = 128.0
33.7704 	EXP 	noPeriphery_2: texRes = 128.0
33.9197 	EXP 	hasPeriphery_2: texRes = 128.0
33.9197 	EXP 	noPeriphery_2: texRes = 128.0
34.0541 	EXP 	hasPeriphery_2: texRes = 128.0
34.0541 	EXP 	noPeriphery_2: texRes = 128.0
34.2045 	EXP 	hasPeriphery_2: texRes = 128.0
34.2045 	EXP 	noPeriphery_2: texRes = 128.0
34.3538 	EXP 	hasPeriphery_2: texRes = 128.0
34.3538 	EXP 	noPeriphery_2: texRes = 128.0
34.4877 	EXP 	hasPeriphery_2: texRes = 128.0
34.4877 	EXP 	noPeriphery_2: texRes = 128.0
34.6371 	EXP 	hasPeriphery_2: texRes = 128.0
34.6371 	EXP 	noPeriphery_2: texRes = 128.0
34.7866 	EXP 	hasPeriphery_2: texRes = 128.0
34.7866 	EXP 	noPeriphery_2: texRes = 128.0
34.9362 	EXP 	hasPeriphery_2: texRes = 128.0
34.9362 	EXP 	noPeriphery_2: texRes = 128.0
35.0702 	EXP 	hasPeriphery_2: texRes = 128.0
35.0702 	EXP 	noPeriphery_2: texRes = 128.0
35.1631 	EXP 	New trial (rep=0, index=2): {'startImage': 'C:\\Users\\hesselmann\\Desktop\\PsychoPyUniformityIllusion\\UniformityIllusionPsychoPy\\Pics\\5start.png', 'endImage': 'C:\\Users\\hesselmann\\Desktop\\PsychoPyUniformityIllusion\\UniformityIllusionPsychoPy\\Pics\\5b.png', 'AB': 'b'}
35.3438 	DATA 	Keypress: space
35.3863 	EXP 	hasPeriphery_2: texRes = 128.0
35.3863 	EXP 	noPeriphery_2: texRes = 128.0
35.3863 	EXP 	hasPeriphery_2: autoDraw = False
35.3863 	EXP 	noPeriphery_2: autoDraw = False
35.3863 	EXP 	text_2: autoDraw = False
35.3863 	EXP 	hasPeriphery_2: size = array([1.77777778, 1.        ])
35.3863 	EXP 	hasPeriphery_2: image = 'C:\\Users\\hesselmann\\Desktop\\PsychoPyUniformityIllusion\\UniformityIllusionPsychoPy\\Pics\\5b.png'
35.3863 	EXP 	noPeriphery_2: size = array([1.77777778, 1.        ])
35.3863 	EXP 	noPeriphery_2: image = 'C:\\Users\\hesselmann\\Desktop\\PsychoPyUniformityIllusion\\UniformityIllusionPsychoPy\\Pics\\5start.png'
35.3863 	EXP 	hasPeriphery_2: autoDraw = True
35.3863 	EXP 	hasPeriphery_2: texRes = 128.0
35.3863 	EXP 	noPeriphery_2: autoDraw = True
35.3863 	EXP 	noPeriphery_2: texRes = 128.0
35.3863 	EXP 	text_2: autoDraw = True
35.5195 	EXP 	hasPeriphery_2: texRes = 128.0
35.5195 	EXP 	noPeriphery_2: texRes = 128.0
35.6534 	EXP 	hasPeriphery_2: texRes = 128.0
35.6534 	EXP 	noPeriphery_2: texRes = 128.0
35.7865 	EXP 	hasPeriphery_2: texRes = 128.0
35.7865 	EXP 	noPeriphery_2: texRes = 128.0
35.9195 	EXP 	hasPeriphery_2: texRes = 128.0
35.9195 	EXP 	noPeriphery_2: texRes = 128.0
36.0530 	EXP 	hasPeriphery_2: texRes = 128.0
36.0530 	EXP 	noPeriphery_2: texRes = 128.0
36.1867 	EXP 	hasPeriphery_2: texRes = 128.0
36.1867 	EXP 	noPeriphery_2: texRes = 128.0
36.3196 	EXP 	hasPeriphery_2: texRes = 128.0
36.3196 	EXP 	noPeriphery_2: texRes = 128.0
36.4533 	EXP 	hasPeriphery_2: texRes = 128.0
36.4533 	EXP 	noPeriphery_2: texRes = 128.0
36.5413 	EXP 	New trial (rep=0, index=3): {'startImage': 'C:\\Users\\hesselmann\\Desktop\\PsychoPyUniformityIllusion\\UniformityIllusionPsychoPy\\Pics\\6start.png', 'endImage': 'C:\\Users\\hesselmann\\Desktop\\PsychoPyUniformityIllusion\\UniformityIllusionPsychoPy\\Pics\\6a.png', 'AB': 'a'}
36.6980 	DATA 	Keypress: space
36.7367 	EXP 	hasPeriphery_2: texRes = 128.0
36.7367 	EXP 	noPeriphery_2: texRes = 128.0
36.7367 	EXP 	hasPeriphery_2: autoDraw = False
36.7367 	EXP 	noPeriphery_2: autoDraw = False
36.7367 	EXP 	text_2: autoDraw = False
36.7367 	EXP 	hasPeriphery_2: size = array([1.77777778, 1.        ])
36.7367 	EXP 	hasPeriphery_2: image = 'C:\\Users\\hesselmann\\Desktop\\PsychoPyUniformityIllusion\\UniformityIllusionPsychoPy\\Pics\\6a.png'
36.7367 	EXP 	noPeriphery_2: size = array([1.77777778, 1.        ])
36.7367 	EXP 	noPeriphery_2: image = 'C:\\Users\\hesselmann\\Desktop\\PsychoPyUniformityIllusion\\UniformityIllusionPsychoPy\\Pics\\6start.png'
36.7367 	EXP 	hasPeriphery_2: autoDraw = True
36.7367 	EXP 	hasPeriphery_2: texRes = 128.0
36.7367 	EXP 	noPeriphery_2: autoDraw = True
36.7367 	EXP 	noPeriphery_2: texRes = 128.0
36.7367 	EXP 	text_2: autoDraw = True
36.8695 	EXP 	hasPeriphery_2: texRes = 128.0
36.8695 	EXP 	noPeriphery_2: texRes = 128.0
37.0028 	EXP 	hasPeriphery_2: texRes = 128.0
37.0028 	EXP 	noPeriphery_2: texRes = 128.0
37.1364 	EXP 	hasPeriphery_2: texRes = 128.0
37.1364 	EXP 	noPeriphery_2: texRes = 128.0
37.2694 	EXP 	hasPeriphery_2: texRes = 128.0
37.2694 	EXP 	noPeriphery_2: texRes = 128.0
37.3465 	EXP 	New trial (rep=0, index=4): {'startImage': 'C:\\Users\\hesselmann\\Desktop\\PsychoPyUniformityIllusion\\UniformityIllusionPsychoPy\\Pics\\6start.png', 'endImage': 'C:\\Users\\hesselmann\\Desktop\\PsychoPyUniformityIllusion\\UniformityIllusionPsychoPy\\Pics\\6b.png', 'AB': 'b'}
37.5033 	DATA 	Keypress: space
37.5363 	EXP 	hasPeriphery_2: texRes = 128.0
37.5363 	EXP 	noPeriphery_2: texRes = 128.0
37.5363 	EXP 	hasPeriphery_2: autoDraw = False
37.5363 	EXP 	noPeriphery_2: autoDraw = False
37.5363 	EXP 	text_2: autoDraw = False
37.5363 	EXP 	hasPeriphery_2: size = array([1.77777778, 1.        ])
37.5363 	EXP 	hasPeriphery_2: image = 'C:\\Users\\hesselmann\\Desktop\\PsychoPyUniformityIllusion\\UniformityIllusionPsychoPy\\Pics\\6b.png'
37.5363 	EXP 	noPeriphery_2: size = array([1.77777778, 1.        ])
37.5363 	EXP 	noPeriphery_2: image = 'C:\\Users\\hesselmann\\Desktop\\PsychoPyUniformityIllusion\\UniformityIllusionPsychoPy\\Pics\\6start.png'
37.5363 	EXP 	hasPeriphery_2: autoDraw = True
37.5363 	EXP 	hasPeriphery_2: texRes = 128.0
37.5363 	EXP 	noPeriphery_2: autoDraw = True
37.5363 	EXP 	noPeriphery_2: texRes = 128.0
37.5363 	EXP 	text_2: autoDraw = True
37.6690 	EXP 	hasPeriphery_2: texRes = 128.0
37.6690 	EXP 	noPeriphery_2: texRes = 128.0
37.7858 	EXP 	hasPeriphery_2: texRes = 128.0
37.7858 	EXP 	noPeriphery_2: texRes = 128.0
37.9193 	EXP 	hasPeriphery_2: texRes = 128.0
37.9193 	EXP 	noPeriphery_2: texRes = 128.0
38.0361 	EXP 	hasPeriphery_2: texRes = 128.0
38.0361 	EXP 	noPeriphery_2: texRes = 128.0
38.1531 	EXP 	hasPeriphery_2: texRes = 128.0
38.1531 	EXP 	noPeriphery_2: texRes = 128.0
38.2865 	EXP 	hasPeriphery_2: texRes = 128.0
38.2865 	EXP 	noPeriphery_2: texRes = 128.0
38.4025 	EXP 	hasPeriphery_2: texRes = 128.0
38.4025 	EXP 	noPeriphery_2: texRes = 128.0
38.4826 	EXP 	New trial (rep=0, index=5): {'startImage': 'C:\\Users\\hesselmann\\Desktop\\PsychoPyUniformityIllusion\\UniformityIllusionPsychoPy\\Pics\\7start.png', 'endImage': 'C:\\Users\\hesselmann\\Desktop\\PsychoPyUniformityIllusion\\UniformityIllusionPsychoPy\\Pics\\7a.png', 'AB': None}
38.6639 	DATA 	Keypress: space
38.7024 	EXP 	hasPeriphery_2: texRes = 128.0
38.7024 	EXP 	noPeriphery_2: texRes = 128.0
38.7024 	EXP 	hasPeriphery_2: autoDraw = False
38.7024 	EXP 	noPeriphery_2: autoDraw = False
38.7024 	EXP 	text_2: autoDraw = False
38.7024 	EXP 	hasPeriphery_2: size = array([1.77777778, 1.        ])
38.7024 	EXP 	hasPeriphery_2: image = 'C:\\Users\\hesselmann\\Desktop\\PsychoPyUniformityIllusion\\UniformityIllusionPsychoPy\\Pics\\7a.png'
38.7024 	EXP 	noPeriphery_2: size = array([1.77777778, 1.        ])
38.7024 	EXP 	noPeriphery_2: image = 'C:\\Users\\hesselmann\\Desktop\\PsychoPyUniformityIllusion\\UniformityIllusionPsychoPy\\Pics\\7start.png'
38.7024 	EXP 	hasPeriphery_2: autoDraw = True
38.7024 	EXP 	hasPeriphery_2: texRes = 128.0
38.7024 	EXP 	noPeriphery_2: autoDraw = True
38.7024 	EXP 	noPeriphery_2: texRes = 128.0
38.7024 	EXP 	text_2: autoDraw = True
38.8530 	EXP 	hasPeriphery_2: texRes = 128.0
38.8530 	EXP 	noPeriphery_2: texRes = 128.0
39.0026 	EXP 	hasPeriphery_2: texRes = 128.0
39.0026 	EXP 	noPeriphery_2: texRes = 128.0
39.1533 	EXP 	hasPeriphery_2: texRes = 128.0
39.1533 	EXP 	noPeriphery_2: texRes = 128.0
39.2857 	EXP 	hasPeriphery_2: texRes = 128.0
39.2857 	EXP 	noPeriphery_2: texRes = 128.0
39.3900 	DATA 	Keypress: space
39.4360 	EXP 	hasPeriphery_2: texRes = 128.0
39.4360 	EXP 	noPeriphery_2: texRes = 128.0
39.5374 	EXP 	New trial (rep=0, index=6): {'startImage': 'C:\\Users\\hesselmann\\Desktop\\PsychoPyUniformityIllusion\\UniformityIllusionPsychoPy\\Pics\\7start.png', 'endImage': 'C:\\Users\\hesselmann\\Desktop\\PsychoPyUniformityIllusion\\UniformityIllusionPsychoPy\\Pics\\7b.png', 'AB': None}
39.7523 	EXP 	hasPeriphery_2: texRes = 128.0
39.7523 	EXP 	noPeriphery_2: texRes = 128.0
39.7523 	EXP 	hasPeriphery_2: autoDraw = False
39.7523 	EXP 	noPeriphery_2: autoDraw = False
39.7523 	EXP 	text_2: autoDraw = False
39.7523 	EXP 	hasPeriphery_2: size = array([1.77777778, 1.        ])
39.7523 	EXP 	hasPeriphery_2: image = 'C:\\Users\\hesselmann\\Desktop\\PsychoPyUniformityIllusion\\UniformityIllusionPsychoPy\\Pics\\7b.png'
39.7523 	EXP 	noPeriphery_2: size = array([1.77777778, 1.        ])
39.7523 	EXP 	noPeriphery_2: image = 'C:\\Users\\hesselmann\\Desktop\\PsychoPyUniformityIllusion\\UniformityIllusionPsychoPy\\Pics\\7start.png'
39.7523 	EXP 	hasPeriphery_2: autoDraw = True
39.7523 	EXP 	hasPeriphery_2: texRes = 128.0
39.7523 	EXP 	noPeriphery_2: autoDraw = True
39.7523 	EXP 	noPeriphery_2: texRes = 128.0
39.7523 	EXP 	text_2: autoDraw = True
39.8858 	EXP 	hasPeriphery_2: texRes = 128.0
39.8858 	EXP 	noPeriphery_2: texRes = 128.0
40.0185 	EXP 	hasPeriphery_2: texRes = 128.0
40.0185 	EXP 	noPeriphery_2: texRes = 128.0
40.1518 	EXP 	hasPeriphery_2: texRes = 128.0
40.1518 	EXP 	noPeriphery_2: texRes = 128.0
40.2865 	EXP 	hasPeriphery_2: texRes = 128.0
40.2865 	EXP 	noPeriphery_2: texRes = 128.0
40.3884 	DATA 	Keypress: space
40.4351 	EXP 	hasPeriphery_2: texRes = 128.0
40.4351 	EXP 	noPeriphery_2: texRes = 128.0
40.5238 	EXP 	New trial (rep=0, index=7): {'startImage': 'C:\\Users\\hesselmann\\Desktop\\PsychoPyUniformityIllusion\\UniformityIllusionPsychoPy\\Pics\\8start.png', 'endImage': 'C:\\Users\\hesselmann\\Desktop\\PsychoPyUniformityIllusion\\UniformityIllusionPsychoPy\\Pics\\8a.png', 'AB': None}
40.7350 	EXP 	hasPeriphery_2: texRes = 128.0
40.7350 	EXP 	noPeriphery_2: texRes = 128.0
40.7350 	EXP 	hasPeriphery_2: autoDraw = False
40.7350 	EXP 	noPeriphery_2: autoDraw = False
40.7350 	EXP 	text_2: autoDraw = False
40.7350 	EXP 	hasPeriphery_2: size = array([1.77777778, 1.        ])
40.7350 	EXP 	hasPeriphery_2: image = 'C:\\Users\\hesselmann\\Desktop\\PsychoPyUniformityIllusion\\UniformityIllusionPsychoPy\\Pics\\8a.png'
40.7350 	EXP 	noPeriphery_2: size = array([1.77777778, 1.        ])
40.7350 	EXP 	noPeriphery_2: image = 'C:\\Users\\hesselmann\\Desktop\\PsychoPyUniformityIllusion\\UniformityIllusionPsychoPy\\Pics\\8start.png'
40.7350 	EXP 	hasPeriphery_2: autoDraw = True
40.7350 	EXP 	hasPeriphery_2: texRes = 128.0
40.7350 	EXP 	noPeriphery_2: autoDraw = True
40.7350 	EXP 	noPeriphery_2: texRes = 128.0
40.7350 	EXP 	text_2: autoDraw = True
40.8696 	EXP 	hasPeriphery_2: texRes = 128.0
40.8696 	EXP 	noPeriphery_2: texRes = 128.0
41.0020 	EXP 	hasPeriphery_2: texRes = 128.0
41.0020 	EXP 	noPeriphery_2: texRes = 128.0
41.1349 	EXP 	hasPeriphery_2: texRes = 128.0
41.1349 	EXP 	noPeriphery_2: texRes = 128.0
41.2696 	EXP 	hasPeriphery_2: texRes = 128.0
41.2696 	EXP 	noPeriphery_2: texRes = 128.0
41.3503 	EXP 	New trial (rep=0, index=8): {'startImage': 'C:\\Users\\hesselmann\\Desktop\\PsychoPyUniformityIllusion\\UniformityIllusionPsychoPy\\Pics\\8start.png', 'endImage': 'C:\\Users\\hesselmann\\Desktop\\PsychoPyUniformityIllusion\\UniformityIllusionPsychoPy\\Pics\\8b.png', 'AB': None}
41.4966 	DATA 	Keypress: space
41.5348 	EXP 	hasPeriphery_2: texRes = 128.0
41.5348 	EXP 	noPeriphery_2: texRes = 128.0
41.5348 	EXP 	hasPeriphery_2: autoDraw = False
41.5348 	EXP 	noPeriphery_2: autoDraw = False
41.5348 	EXP 	text_2: autoDraw = False
41.5348 	EXP 	hasPeriphery_2: size = array([1.77777778, 1.        ])
41.5348 	EXP 	hasPeriphery_2: image = 'C:\\Users\\hesselmann\\Desktop\\PsychoPyUniformityIllusion\\UniformityIllusionPsychoPy\\Pics\\8b.png'
41.5348 	EXP 	noPeriphery_2: size = array([1.77777778, 1.        ])
41.5348 	EXP 	noPeriphery_2: image = 'C:\\Users\\hesselmann\\Desktop\\PsychoPyUniformityIllusion\\UniformityIllusionPsychoPy\\Pics\\8start.png'
41.5348 	EXP 	hasPeriphery_2: autoDraw = True
41.5348 	EXP 	hasPeriphery_2: texRes = 128.0
41.5348 	EXP 	noPeriphery_2: autoDraw = True
41.5348 	EXP 	noPeriphery_2: texRes = 128.0
41.5348 	EXP 	text_2: autoDraw = True
41.6689 	EXP 	hasPeriphery_2: texRes = 128.0
41.6689 	EXP 	noPeriphery_2: texRes = 128.0
41.8024 	EXP 	hasPeriphery_2: texRes = 128.0
41.8024 	EXP 	noPeriphery_2: texRes = 128.0
41.9361 	EXP 	hasPeriphery_2: texRes = 128.0
41.9361 	EXP 	noPeriphery_2: texRes = 128.0
42.0522 	EXP 	hasPeriphery_2: texRes = 128.0
42.0522 	EXP 	noPeriphery_2: texRes = 128.0
42.1681 	EXP 	hasPeriphery_2: texRes = 128.0
42.1681 	EXP 	noPeriphery_2: texRes = 128.0
42.2851 	EXP 	hasPeriphery_2: texRes = 128.0
42.2851 	EXP 	noPeriphery_2: texRes = 128.0
42.4017 	EXP 	hasPeriphery_2: texRes = 128.0
42.4017 	EXP 	noPeriphery_2: texRes = 128.0
42.4754 	EXP 	New trial (rep=0, index=9): {'startImage': 'C:\\Users\\hesselmann\\Desktop\\PsychoPyUniformityIllusion\\UniformityIllusionPsychoPy\\Pics\\9start.png', 'endImage': 'C:\\Users\\hesselmann\\Desktop\\PsychoPyUniformityIllusion\\UniformityIllusionPsychoPy\\Pics\\9a.png', 'AB': None}
42.6275 	DATA 	Keypress: space
42.6683 	EXP 	hasPeriphery_2: texRes = 128.0
42.6683 	EXP 	noPeriphery_2: texRes = 128.0
42.6683 	EXP 	hasPeriphery_2: autoDraw = False
42.6683 	EXP 	noPeriphery_2: autoDraw = False
42.6683 	EXP 	text_2: autoDraw = False
42.6683 	EXP 	hasPeriphery_2: size = array([1.77777778, 1.        ])
42.6683 	EXP 	hasPeriphery_2: image = 'C:\\Users\\hesselmann\\Desktop\\PsychoPyUniformityIllusion\\UniformityIllusionPsychoPy\\Pics\\9a.png'
42.6683 	EXP 	noPeriphery_2: size = array([1.77777778, 1.        ])
42.6683 	EXP 	noPeriphery_2: image = 'C:\\Users\\hesselmann\\Desktop\\PsychoPyUniformityIllusion\\UniformityIllusionPsychoPy\\Pics\\9start.png'
42.6683 	EXP 	hasPeriphery_2: autoDraw = True
42.6683 	EXP 	hasPeriphery_2: texRes = 128.0
42.6683 	EXP 	noPeriphery_2: autoDraw = True
42.6683 	EXP 	noPeriphery_2: texRes = 128.0
42.6683 	EXP 	text_2: autoDraw = True
42.7854 	EXP 	hasPeriphery_2: texRes = 128.0
42.7854 	EXP 	noPeriphery_2: texRes = 128.0
42.9013 	EXP 	hasPeriphery_2: texRes = 128.0
42.9013 	EXP 	noPeriphery_2: texRes = 128.0
43.0348 	EXP 	hasPeriphery_2: texRes = 128.0
43.0348 	EXP 	noPeriphery_2: texRes = 128.0
43.1514 	EXP 	hasPeriphery_2: texRes = 128.0
43.1514 	EXP 	noPeriphery_2: texRes = 128.0
43.2853 	EXP 	hasPeriphery_2: texRes = 128.0
43.2853 	EXP 	noPeriphery_2: texRes = 128.0
43.3651 	DATA 	Keypress: space
43.4012 	EXP 	hasPeriphery_2: texRes = 128.0
43.4012 	EXP 	noPeriphery_2: texRes = 128.0
43.4767 	EXP 	New trial (rep=0, index=10): {'startImage': 'C:\\Users\\hesselmann\\Desktop\\PsychoPyUniformityIllusion\\UniformityIllusionPsychoPy\\Pics\\9start.png', 'endImage': 'C:\\Users\\hesselmann\\Desktop\\PsychoPyUniformityIllusion\\UniformityIllusionPsychoPy\\Pics\\9b.png', 'AB': None}
43.6511 	EXP 	hasPeriphery_2: texRes = 128.0
43.6511 	EXP 	noPeriphery_2: texRes = 128.0
43.6511 	EXP 	hasPeriphery_2: autoDraw = False
43.6511 	EXP 	noPeriphery_2: autoDraw = False
43.6511 	EXP 	text_2: autoDraw = False
43.6511 	EXP 	hasPeriphery_2: size = array([1.77777778, 1.        ])
43.6511 	EXP 	hasPeriphery_2: image = 'C:\\Users\\hesselmann\\Desktop\\PsychoPyUniformityIllusion\\UniformityIllusionPsychoPy\\Pics\\9b.png'
43.6511 	EXP 	noPeriphery_2: size = array([1.77777778, 1.        ])
43.6511 	EXP 	noPeriphery_2: image = 'C:\\Users\\hesselmann\\Desktop\\PsychoPyUniformityIllusion\\UniformityIllusionPsychoPy\\Pics\\9start.png'
43.6511 	EXP 	hasPeriphery_2: autoDraw = True
43.6511 	EXP 	hasPeriphery_2: texRes = 128.0
43.6511 	EXP 	noPeriphery_2: autoDraw = True
43.6511 	EXP 	noPeriphery_2: texRes = 128.0
43.6511 	EXP 	text_2: autoDraw = True
43.7684 	EXP 	hasPeriphery_2: texRes = 128.0
43.7684 	EXP 	noPeriphery_2: texRes = 128.0
43.8848 	EXP 	hasPeriphery_2: texRes = 128.0
43.8848 	EXP 	noPeriphery_2: texRes = 128.0
44.0011 	EXP 	hasPeriphery_2: texRes = 128.0
44.0011 	EXP 	noPeriphery_2: texRes = 128.0
44.1176 	EXP 	hasPeriphery_2: texRes = 128.0
44.1176 	EXP 	noPeriphery_2: texRes = 128.0
44.2349 	EXP 	hasPeriphery_2: texRes = 128.0
44.2349 	EXP 	noPeriphery_2: texRes = 128.0
44.3517 	EXP 	hasPeriphery_2: texRes = 128.0
44.3517 	EXP 	noPeriphery_2: texRes = 128.0
44.4214 	EXP 	New trial (rep=0, index=11): {'startImage': 'C:\\Users\\hesselmann\\Desktop\\PsychoPyUniformityIllusion\\UniformityIllusionPsychoPy\\Pics\\10start.png', 'endImage': 'C:\\Users\\hesselmann\\Desktop\\PsychoPyUniformityIllusion\\UniformityIllusionPsychoPy\\Pics\\10a.png', 'AB': None}
44.6062 	DATA 	Keypress: space
44.6509 	EXP 	hasPeriphery_2: texRes = 128.0
44.6509 	EXP 	noPeriphery_2: texRes = 128.0
44.6509 	EXP 	hasPeriphery_2: autoDraw = False
44.6509 	EXP 	noPeriphery_2: autoDraw = False
44.6509 	EXP 	text_2: autoDraw = False
44.6509 	EXP 	hasPeriphery_2: size = array([1.77777778, 1.        ])
44.6509 	EXP 	hasPeriphery_2: image = 'C:\\Users\\hesselmann\\Desktop\\PsychoPyUniformityIllusion\\UniformityIllusionPsychoPy\\Pics\\10a.png'
44.6509 	EXP 	noPeriphery_2: size = array([1.77777778, 1.        ])
44.6509 	EXP 	noPeriphery_2: image = 'C:\\Users\\hesselmann\\Desktop\\PsychoPyUniformityIllusion\\UniformityIllusionPsychoPy\\Pics\\10start.png'
44.6509 	EXP 	hasPeriphery_2: autoDraw = True
44.6509 	EXP 	hasPeriphery_2: texRes = 128.0
44.6509 	EXP 	noPeriphery_2: autoDraw = True
44.6509 	EXP 	noPeriphery_2: texRes = 128.0
44.6509 	EXP 	text_2: autoDraw = True
44.7842 	EXP 	hasPeriphery_2: texRes = 128.0
44.7842 	EXP 	noPeriphery_2: texRes = 128.0
44.9183 	EXP 	hasPeriphery_2: texRes = 128.0
44.9183 	EXP 	noPeriphery_2: texRes = 128.0
45.0509 	EXP 	hasPeriphery_2: texRes = 128.0
45.0509 	EXP 	noPeriphery_2: texRes = 128.0
45.1845 	EXP 	hasPeriphery_2: texRes = 128.0
45.1845 	EXP 	noPeriphery_2: texRes = 128.0
45.3179 	EXP 	hasPeriphery_2: texRes = 128.0
45.3179 	EXP 	noPeriphery_2: texRes = 128.0
45.4159 	DATA 	Keypress: space
45.4515 	EXP 	hasPeriphery_2: texRes = 128.0
45.4515 	EXP 	noPeriphery_2: texRes = 128.0
45.5455 	EXP 	New trial (rep=0, index=12): {'startImage': 'C:\\Users\\hesselmann\\Desktop\\PsychoPyUniformityIllusion\\UniformityIllusionPsychoPy\\Pics\\10start.png', 'endImage': 'C:\\Users\\hesselmann\\Desktop\\PsychoPyUniformityIllusion\\UniformityIllusionPsychoPy\\Pics\\10b.png', 'AB': None}
45.7847 	EXP 	hasPeriphery_2: texRes = 128.0
45.7847 	EXP 	noPeriphery_2: texRes = 128.0
45.7847 	EXP 	hasPeriphery_2: autoDraw = False
45.7847 	EXP 	noPeriphery_2: autoDraw = False
45.7847 	EXP 	text_2: autoDraw = False
45.7847 	EXP 	hasPeriphery_2: size = array([1.77777778, 1.        ])
45.7847 	EXP 	hasPeriphery_2: image = 'C:\\Users\\hesselmann\\Desktop\\PsychoPyUniformityIllusion\\UniformityIllusionPsychoPy\\Pics\\10b.png'
45.7847 	EXP 	noPeriphery_2: size = array([1.77777778, 1.        ])
45.7847 	EXP 	noPeriphery_2: image = 'C:\\Users\\hesselmann\\Desktop\\PsychoPyUniformityIllusion\\UniformityIllusionPsychoPy\\Pics\\10start.png'
45.7847 	EXP 	hasPeriphery_2: autoDraw = True
45.7847 	EXP 	hasPeriphery_2: texRes = 128.0
45.7847 	EXP 	noPeriphery_2: autoDraw = True
45.7847 	EXP 	noPeriphery_2: texRes = 128.0
45.7847 	EXP 	text_2: autoDraw = True
45.9346 	EXP 	hasPeriphery_2: texRes = 128.0
45.9346 	EXP 	noPeriphery_2: texRes = 128.0
46.0677 	EXP 	hasPeriphery_2: texRes = 128.0
46.0677 	EXP 	noPeriphery_2: texRes = 128.0
46.2014 	EXP 	hasPeriphery_2: texRes = 128.0
46.2014 	EXP 	noPeriphery_2: texRes = 128.0
46.3347 	EXP 	hasPeriphery_2: texRes = 128.0
46.3347 	EXP 	noPeriphery_2: texRes = 128.0
46.4681 	EXP 	hasPeriphery_2: texRes = 128.0
46.4681 	EXP 	noPeriphery_2: texRes = 128.0
46.5851 	DATA 	Keypress: space
46.6342 	EXP 	hasPeriphery_2: texRes = 128.0
46.6342 	EXP 	noPeriphery_2: texRes = 128.0
46.7290 	EXP 	New trial (rep=0, index=13): {'startImage': 'C:\\Users\\hesselmann\\Desktop\\PsychoPyUniformityIllusion\\UniformityIllusionPsychoPy\\Pics\\11start.png', 'endImage': 'C:\\Users\\hesselmann\\Desktop\\PsychoPyUniformityIllusion\\UniformityIllusionPsychoPy\\Pics\\11a.png', 'AB': None}
46.9678 	EXP 	hasPeriphery_2: texRes = 128.0
46.9678 	EXP 	noPeriphery_2: texRes = 128.0
46.9678 	EXP 	hasPeriphery_2: autoDraw = False
46.9678 	EXP 	noPeriphery_2: autoDraw = False
46.9678 	EXP 	text_2: autoDraw = False
46.9678 	EXP 	hasPeriphery_2: size = array([1.77777778, 1.        ])
46.9678 	EXP 	hasPeriphery_2: image = 'C:\\Users\\hesselmann\\Desktop\\PsychoPyUniformityIllusion\\UniformityIllusionPsychoPy\\Pics\\11a.png'
46.9678 	EXP 	noPeriphery_2: size = array([1.77777778, 1.        ])
46.9678 	EXP 	noPeriphery_2: image = 'C:\\Users\\hesselmann\\Desktop\\PsychoPyUniformityIllusion\\UniformityIllusionPsychoPy\\Pics\\11start.png'
46.9678 	EXP 	hasPeriphery_2: autoDraw = True
46.9678 	EXP 	hasPeriphery_2: texRes = 128.0
46.9678 	EXP 	noPeriphery_2: autoDraw = True
46.9678 	EXP 	noPeriphery_2: texRes = 128.0
46.9678 	EXP 	text_2: autoDraw = True
47.1181 	EXP 	hasPeriphery_2: texRes = 128.0
47.1181 	EXP 	noPeriphery_2: texRes = 128.0
47.2671 	EXP 	hasPeriphery_2: texRes = 128.0
47.2671 	EXP 	noPeriphery_2: texRes = 128.0
47.4170 	EXP 	hasPeriphery_2: texRes = 128.0
47.4170 	EXP 	noPeriphery_2: texRes = 128.0
47.5676 	EXP 	hasPeriphery_2: texRes = 128.0
47.5676 	EXP 	noPeriphery_2: texRes = 128.0
47.6668 	EXP 	New trial (rep=0, index=14): {'startImage': 'C:\\Users\\hesselmann\\Desktop\\PsychoPyUniformityIllusion\\UniformityIllusionPsychoPy\\Pics\\11start.png', 'endImage': 'C:\\Users\\hesselmann\\Desktop\\PsychoPyUniformityIllusion\\UniformityIllusionPsychoPy\\Pics\\11b.png', 'AB': None}
47.8536 	DATA 	Keypress: space
47.9002 	EXP 	hasPeriphery_2: texRes = 128.0
47.9002 	EXP 	noPeriphery_2: texRes = 128.0
47.9002 	EXP 	hasPeriphery_2: autoDraw = False
47.9002 	EXP 	noPeriphery_2: autoDraw = False
47.9002 	EXP 	text_2: autoDraw = False
47.9002 	EXP 	hasPeriphery_2: size = array([1.77777778, 1.        ])
47.9002 	EXP 	hasPeriphery_2: image = 'C:\\Users\\hesselmann\\Desktop\\PsychoPyUniformityIllusion\\UniformityIllusionPsychoPy\\Pics\\11b.png'
47.9002 	EXP 	noPeriphery_2: size = array([1.77777778, 1.        ])
47.9002 	EXP 	noPeriphery_2: image = 'C:\\Users\\hesselmann\\Desktop\\PsychoPyUniformityIllusion\\UniformityIllusionPsychoPy\\Pics\\11start.png'
47.9002 	EXP 	hasPeriphery_2: autoDraw = True
47.9002 	EXP 	hasPeriphery_2: texRes = 128.0
47.9002 	EXP 	noPeriphery_2: autoDraw = True
47.9002 	EXP 	noPeriphery_2: texRes = 128.0
47.9002 	EXP 	text_2: autoDraw = True
48.0339 	EXP 	hasPeriphery_2: texRes = 128.0
48.0339 	EXP 	noPeriphery_2: texRes = 128.0
48.1668 	EXP 	hasPeriphery_2: texRes = 128.0
48.1668 	EXP 	noPeriphery_2: texRes = 128.0
48.3006 	EXP 	hasPeriphery_2: texRes = 128.0
48.3006 	EXP 	noPeriphery_2: texRes = 128.0
48.4338 	EXP 	hasPeriphery_2: texRes = 128.0
48.4338 	EXP 	noPeriphery_2: texRes = 128.0
48.5329 	DATA 	Keypress: space
48.5679 	EXP 	hasPeriphery_2: texRes = 128.0
48.5679 	EXP 	noPeriphery_2: texRes = 128.0
48.6613 	EXP 	New trial (rep=0, index=15): {'startImage': 'C:\\Users\\hesselmann\\Desktop\\PsychoPyUniformityIllusion\\UniformityIllusionPsychoPy\\Pics\\12start.png', 'endImage': 'C:\\Users\\hesselmann\\Desktop\\PsychoPyUniformityIllusion\\UniformityIllusionPsychoPy\\Pics\\12a.png', 'AB': None}
48.8341 	EXP 	hasPeriphery_2: texRes = 128.0
48.8341 	EXP 	noPeriphery_2: texRes = 128.0
48.8341 	EXP 	hasPeriphery_2: autoDraw = False
48.8341 	EXP 	noPeriphery_2: autoDraw = False
48.8341 	EXP 	text_2: autoDraw = False
48.8341 	EXP 	hasPeriphery_2: size = array([1.77777778, 1.        ])
48.8341 	EXP 	hasPeriphery_2: image = 'C:\\Users\\hesselmann\\Desktop\\PsychoPyUniformityIllusion\\UniformityIllusionPsychoPy\\Pics\\12a.png'
48.8341 	EXP 	noPeriphery_2: size = array([1.77777778, 1.        ])
48.8341 	EXP 	noPeriphery_2: image = 'C:\\Users\\hesselmann\\Desktop\\PsychoPyUniformityIllusion\\UniformityIllusionPsychoPy\\Pics\\12start.png'
48.8341 	EXP 	hasPeriphery_2: autoDraw = True
48.8341 	EXP 	hasPeriphery_2: texRes = 128.0
48.8341 	EXP 	noPeriphery_2: autoDraw = True
48.8341 	EXP 	noPeriphery_2: texRes = 128.0
48.8341 	EXP 	text_2: autoDraw = True
48.9667 	EXP 	hasPeriphery_2: texRes = 128.0
48.9667 	EXP 	noPeriphery_2: texRes = 128.0
49.0835 	EXP 	hasPeriphery_2: texRes = 128.0
49.0835 	EXP 	noPeriphery_2: texRes = 128.0
49.2006 	EXP 	hasPeriphery_2: texRes = 128.0
49.2006 	EXP 	noPeriphery_2: texRes = 128.0
49.3182 	EXP 	hasPeriphery_2: texRes = 128.0
49.3182 	EXP 	noPeriphery_2: texRes = 128.0
49.4340 	EXP 	hasPeriphery_2: texRes = 128.0
49.4340 	EXP 	noPeriphery_2: texRes = 128.0
49.5505 	EXP 	hasPeriphery_2: texRes = 128.0
49.5505 	EXP 	noPeriphery_2: texRes = 128.0
49.6182 	EXP 	New trial (rep=0, index=16): {'startImage': 'C:\\Users\\hesselmann\\Desktop\\PsychoPyUniformityIllusion\\UniformityIllusionPsychoPy\\Pics\\12start.png', 'endImage': 'C:\\Users\\hesselmann\\Desktop\\PsychoPyUniformityIllusion\\UniformityIllusionPsychoPy\\Pics\\12b.png', 'AB': None}
49.7665 	DATA 	Keypress: space
49.8011 	EXP 	hasPeriphery_2: texRes = 128.0
49.8011 	EXP 	noPeriphery_2: texRes = 128.0
49.8011 	EXP 	hasPeriphery_2: autoDraw = False
49.8011 	EXP 	noPeriphery_2: autoDraw = False
49.8011 	EXP 	text_2: autoDraw = False
49.8011 	EXP 	hasPeriphery_2: size = array([1.77777778, 1.        ])
49.8011 	EXP 	hasPeriphery_2: image = 'C:\\Users\\hesselmann\\Desktop\\PsychoPyUniformityIllusion\\UniformityIllusionPsychoPy\\Pics\\12b.png'
49.8011 	EXP 	noPeriphery_2: size = array([1.77777778, 1.        ])
49.8011 	EXP 	noPeriphery_2: image = 'C:\\Users\\hesselmann\\Desktop\\PsychoPyUniformityIllusion\\UniformityIllusionPsychoPy\\Pics\\12start.png'
49.8011 	EXP 	hasPeriphery_2: autoDraw = True
49.8011 	EXP 	hasPeriphery_2: texRes = 128.0
49.8011 	EXP 	noPeriphery_2: autoDraw = True
49.8011 	EXP 	noPeriphery_2: texRes = 128.0
49.8011 	EXP 	text_2: autoDraw = True
49.9332 	EXP 	hasPeriphery_2: texRes = 128.0
49.9332 	EXP 	noPeriphery_2: texRes = 128.0
50.0502 	EXP 	hasPeriphery_2: texRes = 128.0
50.0502 	EXP 	noPeriphery_2: texRes = 128.0
50.1665 	EXP 	hasPeriphery_2: texRes = 128.0
50.1665 	EXP 	noPeriphery_2: texRes = 128.0
50.2843 	EXP 	hasPeriphery_2: texRes = 128.0
50.2843 	EXP 	noPeriphery_2: texRes = 128.0
50.4164 	EXP 	hasPeriphery_2: texRes = 128.0
50.4164 	EXP 	noPeriphery_2: texRes = 128.0
50.5342 	EXP 	hasPeriphery_2: texRes = 128.0
50.5342 	EXP 	noPeriphery_2: texRes = 128.0
50.6062 	EXP 	New trial (rep=0, index=17): {'startImage': 'C:\\Users\\hesselmann\\Desktop\\PsychoPyUniformityIllusion\\UniformityIllusionPsychoPy\\Pics\\13start.png', 'endImage': 'C:\\Users\\hesselmann\\Desktop\\PsychoPyUniformityIllusion\\UniformityIllusionPsychoPy\\Pics\\13a.png', 'AB': None}
50.8167 	DATA 	Keypress: space
50.8500 	EXP 	hasPeriphery_2: texRes = 128.0
50.8500 	EXP 	noPeriphery_2: texRes = 128.0
50.8500 	EXP 	hasPeriphery_2: autoDraw = False
50.8500 	EXP 	noPeriphery_2: autoDraw = False
50.8500 	EXP 	text_2: autoDraw = False
50.8500 	EXP 	hasPeriphery_2: size = array([1.77777778, 1.        ])
50.8500 	EXP 	hasPeriphery_2: image = 'C:\\Users\\hesselmann\\Desktop\\PsychoPyUniformityIllusion\\UniformityIllusionPsychoPy\\Pics\\13a.png'
50.8500 	EXP 	noPeriphery_2: size = array([1.77777778, 1.        ])
50.8500 	EXP 	noPeriphery_2: image = 'C:\\Users\\hesselmann\\Desktop\\PsychoPyUniformityIllusion\\UniformityIllusionPsychoPy\\Pics\\13start.png'
50.8500 	EXP 	hasPeriphery_2: autoDraw = True
50.8500 	EXP 	hasPeriphery_2: texRes = 128.0
50.8500 	EXP 	noPeriphery_2: autoDraw = True
50.8500 	EXP 	noPeriphery_2: texRes = 128.0
50.8500 	EXP 	text_2: autoDraw = True
51.0001 	EXP 	hasPeriphery_2: texRes = 128.0
51.0001 	EXP 	noPeriphery_2: texRes = 128.0
51.1498 	EXP 	hasPeriphery_2: texRes = 128.0
51.1498 	EXP 	noPeriphery_2: texRes = 128.0
51.3175 	EXP 	hasPeriphery_2: texRes = 128.0
51.3175 	EXP 	noPeriphery_2: texRes = 128.0
51.4833 	EXP 	hasPeriphery_2: texRes = 128.0
51.4833 	EXP 	noPeriphery_2: texRes = 128.0
51.5935 	DATA 	Keypress: space
51.6330 	EXP 	hasPeriphery_2: texRes = 128.0
51.6330 	EXP 	noPeriphery_2: texRes = 128.0
51.7377 	EXP 	New trial (rep=0, index=18): {'startImage': 'C:\\Users\\hesselmann\\Desktop\\PsychoPyUniformityIllusion\\UniformityIllusionPsychoPy\\Pics\\13start.png', 'endImage': 'C:\\Users\\hesselmann\\Desktop\\PsychoPyUniformityIllusion\\UniformityIllusionPsychoPy\\Pics\\13b.png', 'AB': None}
51.9840 	EXP 	hasPeriphery_2: texRes = 128.0
51.9840 	EXP 	noPeriphery_2: texRes = 128.0
51.9840 	EXP 	hasPeriphery_2: autoDraw = False
51.9840 	EXP 	noPeriphery_2: autoDraw = False
51.9840 	EXP 	text_2: autoDraw = False
51.9840 	EXP 	hasPeriphery_2: size = array([1.77777778, 1.        ])
51.9840 	EXP 	hasPeriphery_2: image = 'C:\\Users\\hesselmann\\Desktop\\PsychoPyUniformityIllusion\\UniformityIllusionPsychoPy\\Pics\\13b.png'
51.9840 	EXP 	noPeriphery_2: size = array([1.77777778, 1.        ])
51.9840 	EXP 	noPeriphery_2: image = 'C:\\Users\\hesselmann\\Desktop\\PsychoPyUniformityIllusion\\UniformityIllusionPsychoPy\\Pics\\13start.png'
51.9840 	EXP 	hasPeriphery_2: autoDraw = True
51.9840 	EXP 	hasPeriphery_2: texRes = 128.0
51.9840 	EXP 	noPeriphery_2: autoDraw = True
51.9840 	EXP 	noPeriphery_2: texRes = 128.0
51.9840 	EXP 	text_2: autoDraw = True
52.1335 	EXP 	hasPeriphery_2: texRes = 128.0
52.1335 	EXP 	noPeriphery_2: texRes = 128.0
52.2830 	EXP 	hasPeriphery_2: texRes = 128.0
52.2830 	EXP 	noPeriphery_2: texRes = 128.0
52.4332 	EXP 	hasPeriphery_2: texRes = 128.0
52.4332 	EXP 	noPeriphery_2: texRes = 128.0
52.5993 	EXP 	hasPeriphery_2: texRes = 128.0
52.5993 	EXP 	noPeriphery_2: texRes = 128.0
52.7087 	DATA 	Keypress: space
52.7500 	EXP 	hasPeriphery_2: texRes = 128.0
52.7500 	EXP 	noPeriphery_2: texRes = 128.0
52.8528 	EXP 	New trial (rep=0, index=19): {'startImage': 'C:\\Users\\hesselmann\\Desktop\\PsychoPyUniformityIllusion\\UniformityIllusionPsychoPy\\Pics\\14start.png', 'endImage': 'C:\\Users\\hesselmann\\Desktop\\PsychoPyUniformityIllusion\\UniformityIllusionPsychoPy\\Pics\\14a.png', 'AB': None}
53.0670 	EXP 	hasPeriphery_2: texRes = 128.0
53.0670 	EXP 	noPeriphery_2: texRes = 128.0
53.0670 	EXP 	hasPeriphery_2: autoDraw = False
53.0670 	EXP 	noPeriphery_2: autoDraw = False
53.0670 	EXP 	text_2: autoDraw = False
53.0670 	EXP 	hasPeriphery_2: size = array([1.77777778, 1.        ])
53.0670 	EXP 	hasPeriphery_2: image = 'C:\\Users\\hesselmann\\Desktop\\PsychoPyUniformityIllusion\\UniformityIllusionPsychoPy\\Pics\\14a.png'
53.0670 	EXP 	noPeriphery_2: size = array([1.77777778, 1.        ])
53.0670 	EXP 	noPeriphery_2: image = 'C:\\Users\\hesselmann\\Desktop\\PsychoPyUniformityIllusion\\UniformityIllusionPsychoPy\\Pics\\14start.png'
53.0670 	EXP 	hasPeriphery_2: autoDraw = True
53.0670 	EXP 	hasPeriphery_2: texRes = 128.0
53.0670 	EXP 	noPeriphery_2: autoDraw = True
53.0670 	EXP 	noPeriphery_2: texRes = 128.0
53.0670 	EXP 	text_2: autoDraw = True
53.1994 	EXP 	hasPeriphery_2: texRes = 128.0
53.1994 	EXP 	noPeriphery_2: texRes = 128.0
53.3325 	EXP 	hasPeriphery_2: texRes = 128.0
53.3325 	EXP 	noPeriphery_2: texRes = 128.0
53.4666 	EXP 	hasPeriphery_2: texRes = 128.0
53.4666 	EXP 	noPeriphery_2: texRes = 128.0
53.6166 	EXP 	hasPeriphery_2: texRes = 128.0
53.6166 	EXP 	noPeriphery_2: texRes = 128.0
53.7503 	EXP 	hasPeriphery_2: texRes = 128.0
53.7503 	EXP 	noPeriphery_2: texRes = 128.0
53.8495 	DATA 	Keypress: space
53.8825 	EXP 	hasPeriphery_2: texRes = 128.0
53.8825 	EXP 	noPeriphery_2: texRes = 128.0
53.9712 	EXP 	New trial (rep=0, index=20): {'startImage': 'C:\\Users\\hesselmann\\Desktop\\PsychoPyUniformityIllusion\\UniformityIllusionPsychoPy\\Pics\\14start.png', 'endImage': 'C:\\Users\\hesselmann\\Desktop\\PsychoPyUniformityIllusion\\UniformityIllusionPsychoPy\\Pics\\14b.png', 'AB': None}
54.1494 	EXP 	hasPeriphery_2: texRes = 128.0
54.1494 	EXP 	noPeriphery_2: texRes = 128.0
54.1494 	EXP 	hasPeriphery_2: autoDraw = False
54.1494 	EXP 	noPeriphery_2: autoDraw = False
54.1494 	EXP 	text_2: autoDraw = False
54.1494 	EXP 	hasPeriphery_2: size = array([1.77777778, 1.        ])
54.1494 	EXP 	hasPeriphery_2: image = 'C:\\Users\\hesselmann\\Desktop\\PsychoPyUniformityIllusion\\UniformityIllusionPsychoPy\\Pics\\14b.png'
54.1494 	EXP 	noPeriphery_2: size = array([1.77777778, 1.        ])
54.1494 	EXP 	noPeriphery_2: image = 'C:\\Users\\hesselmann\\Desktop\\PsychoPyUniformityIllusion\\UniformityIllusionPsychoPy\\Pics\\14start.png'
54.1494 	EXP 	hasPeriphery_2: autoDraw = True
54.1494 	EXP 	hasPeriphery_2: texRes = 128.0
54.1494 	EXP 	noPeriphery_2: autoDraw = True
54.1494 	EXP 	noPeriphery_2: texRes = 128.0
54.1494 	EXP 	text_2: autoDraw = True
54.2660 	EXP 	hasPeriphery_2: texRes = 128.0
54.2660 	EXP 	noPeriphery_2: texRes = 128.0
54.3834 	EXP 	hasPeriphery_2: texRes = 128.0
54.3834 	EXP 	noPeriphery_2: texRes = 128.0
54.4993 	EXP 	hasPeriphery_2: texRes = 128.0
54.4993 	EXP 	noPeriphery_2: texRes = 128.0
54.6156 	EXP 	hasPeriphery_2: texRes = 128.0
54.6156 	EXP 	noPeriphery_2: texRes = 128.0
54.7323 	EXP 	hasPeriphery_2: texRes = 128.0
54.7323 	EXP 	noPeriphery_2: texRes = 128.0
54.8489 	EXP 	hasPeriphery_2: texRes = 128.0
54.8489 	EXP 	noPeriphery_2: texRes = 128.0
54.9667 	EXP 	hasPeriphery_2: texRes = 128.0
54.9667 	EXP 	noPeriphery_2: texRes = 128.0
55.0826 	EXP 	hasPeriphery_2: texRes = 128.0
55.0826 	EXP 	noPeriphery_2: texRes = 128.0
55.2000 	EXP 	hasPeriphery_2: texRes = 128.0
55.2000 	EXP 	noPeriphery_2: texRes = 128.0
55.3165 	EXP 	hasPeriphery_2: texRes = 128.0
55.3165 	EXP 	noPeriphery_2: texRes = 128.0
55.4330 	EXP 	hasPeriphery_2: texRes = 128.0
55.4330 	EXP 	noPeriphery_2: texRes = 128.0
55.5499 	EXP 	hasPeriphery_2: texRes = 128.0
55.5499 	EXP 	noPeriphery_2: texRes = 128.0
55.6661 	EXP 	hasPeriphery_2: texRes = 128.0
55.6661 	EXP 	noPeriphery_2: texRes = 128.0
55.7820 	EXP 	hasPeriphery_2: texRes = 128.0
55.7820 	EXP 	noPeriphery_2: texRes = 128.0
55.8987 	EXP 	hasPeriphery_2: texRes = 128.0
55.8987 	EXP 	noPeriphery_2: texRes = 128.0
56.0161 	EXP 	hasPeriphery_2: texRes = 128.0
56.0161 	EXP 	noPeriphery_2: texRes = 128.0
56.1320 	EXP 	hasPeriphery_2: texRes = 128.0
56.1320 	EXP 	noPeriphery_2: texRes = 128.0
56.2493 	EXP 	hasPeriphery_2: texRes = 128.0
56.2493 	EXP 	noPeriphery_2: texRes = 128.0
56.3652 	EXP 	hasPeriphery_2: texRes = 128.0
56.3652 	EXP 	noPeriphery_2: texRes = 128.0
56.4827 	EXP 	hasPeriphery_2: texRes = 128.0
56.4827 	EXP 	noPeriphery_2: texRes = 128.0
56.5992 	EXP 	hasPeriphery_2: texRes = 128.0
56.5992 	EXP 	noPeriphery_2: texRes = 128.0
56.7159 	EXP 	hasPeriphery_2: texRes = 128.0
56.7159 	EXP 	noPeriphery_2: texRes = 128.0
56.8320 	EXP 	hasPeriphery_2: texRes = 128.0
56.8320 	EXP 	noPeriphery_2: texRes = 128.0
56.9485 	EXP 	hasPeriphery_2: texRes = 128.0
56.9485 	EXP 	noPeriphery_2: texRes = 128.0
57.0663 	EXP 	hasPeriphery_2: texRes = 128.0
57.0663 	EXP 	noPeriphery_2: texRes = 128.0
57.1374 	EXP 	New trial (rep=0, index=21): {'startImage': 'C:\\Users\\hesselmann\\Desktop\\PsychoPyUniformityIllusion\\UniformityIllusionPsychoPy\\Pics\\15start.png', 'endImage': 'C:\\Users\\hesselmann\\Desktop\\PsychoPyUniformityIllusion\\UniformityIllusionPsychoPy\\Pics\\15a.png', 'AB': None}
57.2617 	DATA 	Keypress: space
57.2984 	EXP 	hasPeriphery_2: texRes = 128.0
57.2984 	EXP 	noPeriphery_2: texRes = 128.0
57.2984 	EXP 	hasPeriphery_2: autoDraw = False
57.2984 	EXP 	noPeriphery_2: autoDraw = False
57.2984 	EXP 	text_2: autoDraw = False
57.2984 	EXP 	hasPeriphery_2: size = array([1.77777778, 1.        ])
57.2984 	EXP 	hasPeriphery_2: image = 'C:\\Users\\hesselmann\\Desktop\\PsychoPyUniformityIllusion\\UniformityIllusionPsychoPy\\Pics\\15a.png'
57.2984 	EXP 	noPeriphery_2: size = array([1.77777778, 1.        ])
57.2984 	EXP 	noPeriphery_2: image = 'C:\\Users\\hesselmann\\Desktop\\PsychoPyUniformityIllusion\\UniformityIllusionPsychoPy\\Pics\\15start.png'
57.2984 	EXP 	hasPeriphery_2: autoDraw = True
57.2984 	EXP 	hasPeriphery_2: texRes = 128.0
57.2984 	EXP 	noPeriphery_2: autoDraw = True
57.2984 	EXP 	noPeriphery_2: texRes = 128.0
57.2984 	EXP 	text_2: autoDraw = True
57.4153 	EXP 	hasPeriphery_2: texRes = 128.0
57.4153 	EXP 	noPeriphery_2: texRes = 128.0
57.5319 	EXP 	hasPeriphery_2: texRes = 128.0
57.5319 	EXP 	noPeriphery_2: texRes = 128.0
57.6324 	EXP 	hasPeriphery_2: texRes = 128.0
57.6324 	EXP 	noPeriphery_2: texRes = 128.0
57.7323 	EXP 	hasPeriphery_2: texRes = 128.0
57.7323 	EXP 	noPeriphery_2: texRes = 128.0
57.8491 	EXP 	hasPeriphery_2: texRes = 128.0
57.8491 	EXP 	noPeriphery_2: texRes = 128.0
57.9651 	EXP 	hasPeriphery_2: texRes = 128.0
57.9651 	EXP 	noPeriphery_2: texRes = 128.0
58.0823 	EXP 	hasPeriphery_2: texRes = 128.0
58.0823 	EXP 	noPeriphery_2: texRes = 128.0
58.1982 	EXP 	hasPeriphery_2: texRes = 128.0
58.1982 	EXP 	noPeriphery_2: texRes = 128.0
58.3149 	EXP 	hasPeriphery_2: texRes = 128.0
58.3149 	EXP 	noPeriphery_2: texRes = 128.0
58.4326 	EXP 	hasPeriphery_2: texRes = 128.0
58.4326 	EXP 	noPeriphery_2: texRes = 128.0
58.5486 	EXP 	hasPeriphery_2: texRes = 128.0
58.5486 	EXP 	noPeriphery_2: texRes = 128.0
58.6488 	EXP 	hasPeriphery_2: texRes = 128.0
58.6488 	EXP 	noPeriphery_2: texRes = 128.0
58.7489 	EXP 	hasPeriphery_2: texRes = 128.0
58.7489 	EXP 	noPeriphery_2: texRes = 128.0
58.8656 	EXP 	hasPeriphery_2: texRes = 128.0
58.8656 	EXP 	noPeriphery_2: texRes = 128.0
58.9375 	DATA 	Keypress: space
58.9814 	EXP 	hasPeriphery_2: texRes = 128.0
58.9814 	EXP 	noPeriphery_2: texRes = 128.0
59.0502 	EXP 	New trial (rep=0, index=22): {'startImage': 'C:\\Users\\hesselmann\\Desktop\\PsychoPyUniformityIllusion\\UniformityIllusionPsychoPy\\Pics\\15start.png', 'endImage': 'C:\\Users\\hesselmann\\Desktop\\PsychoPyUniformityIllusion\\UniformityIllusionPsychoPy\\Pics\\15b.png', 'AB': None}
59.2147 	EXP 	hasPeriphery_2: texRes = 128.0
59.2147 	EXP 	noPeriphery_2: texRes = 128.0
59.2147 	EXP 	hasPeriphery_2: autoDraw = False
59.2147 	EXP 	noPeriphery_2: autoDraw = False
59.2147 	EXP 	text_2: autoDraw = False
59.2147 	EXP 	hasPeriphery_2: size = array([1.77777778, 1.        ])
59.2147 	EXP 	hasPeriphery_2: image = 'C:\\Users\\hesselmann\\Desktop\\PsychoPyUniformityIllusion\\UniformityIllusionPsychoPy\\Pics\\15b.png'
59.2147 	EXP 	noPeriphery_2: size = array([1.77777778, 1.        ])
59.2147 	EXP 	noPeriphery_2: image = 'C:\\Users\\hesselmann\\Desktop\\PsychoPyUniformityIllusion\\UniformityIllusionPsychoPy\\Pics\\15start.png'
59.2147 	EXP 	hasPeriphery_2: autoDraw = True
59.2147 	EXP 	hasPeriphery_2: texRes = 128.0
59.2147 	EXP 	noPeriphery_2: autoDraw = True
59.2147 	EXP 	noPeriphery_2: texRes = 128.0
59.2147 	EXP 	text_2: autoDraw = True
59.3317 	EXP 	hasPeriphery_2: texRes = 128.0
59.3317 	EXP 	noPeriphery_2: texRes = 128.0
59.4484 	EXP 	hasPeriphery_2: texRes = 128.0
59.4484 	EXP 	noPeriphery_2: texRes = 128.0
59.5658 	EXP 	hasPeriphery_2: texRes = 128.0
59.5658 	EXP 	noPeriphery_2: texRes = 128.0
59.6822 	EXP 	hasPeriphery_2: texRes = 128.0
59.6822 	EXP 	noPeriphery_2: texRes = 128.0
59.7979 	EXP 	hasPeriphery_2: texRes = 128.0
59.7979 	EXP 	noPeriphery_2: texRes = 128.0
59.9146 	EXP 	hasPeriphery_2: texRes = 128.0
59.9146 	EXP 	noPeriphery_2: texRes = 128.0
60.0145 	EXP 	hasPeriphery_2: texRes = 128.0
60.0145 	EXP 	noPeriphery_2: texRes = 128.0
60.1153 	EXP 	hasPeriphery_2: texRes = 128.0
60.1153 	EXP 	noPeriphery_2: texRes = 128.0
60.2320 	EXP 	hasPeriphery_2: texRes = 128.0
60.2320 	EXP 	noPeriphery_2: texRes = 128.0
60.3478 	EXP 	hasPeriphery_2: texRes = 128.0
60.3478 	EXP 	noPeriphery_2: texRes = 128.0
60.4652 	EXP 	hasPeriphery_2: texRes = 128.0
60.4652 	EXP 	noPeriphery_2: texRes = 128.0
60.5823 	EXP 	hasPeriphery_2: texRes = 128.0
60.5823 	EXP 	noPeriphery_2: texRes = 128.0
60.6981 	EXP 	hasPeriphery_2: texRes = 128.0
60.6981 	EXP 	noPeriphery_2: texRes = 128.0
60.7656 	DATA 	Keypress: space
60.7987 	EXP 	hasPeriphery_2: texRes = 128.0
60.7987 	EXP 	noPeriphery_2: texRes = 128.0
60.8981 	EXP 	hasPeriphery_2: texRes = 128.0
60.8981 	EXP 	noPeriphery_2: texRes = 128.0
60.8981 	EXP 	hasPeriphery_2: autoDraw = False
60.8981 	EXP 	noPeriphery_2: autoDraw = False
60.8981 	EXP 	text_2: autoDraw = False
61.0480 	EXP 	window1: mouseVisible = True
