1.8715 	WARNING 	We strongly recommend you activate the PTB sound engine in PsychoPy prefs as the preferred audio engine. Its timing is vastly superior. Your prefs are currently set to use ['sounddevice', 'PTB', 'pyo', 'pygame'] (in that order).
12.3229 	WARNING 	Couldn't measure a consistent frame rate.
  - Is your graphics card set to sync to vertical blank?
  - Are you running other processes on your computer?

12.3232 	EXP 	Created window1 = Window(allowGUI=False, allowStencil=False, autoLog=True, backendConf=UNKNOWN, bitsMode=UNKNOWN, blendMode='avg', bpc=(8, 8, 8), color=array([0, 0, 0]), colorSpace='rgb', depthBits=8, fullscr=<method-wrapper '__getattribute__' of attributeSetter object at 0x000001210E787320>, gamma=None, gammaErrorPolicy='raise', lms=UNKNOWN, monitor=<psychopy.monitors.calibTools.Monitor object at 0x000001210E81E6D8>, multiSample=False, name='window1', numSamples=2, pos=[0.0, 0.0], screen=0, size=array([1920, 1080]), stencilBits=0, stereo=False, units='height', useFBO=True, useRetina=False, viewOri=0.0, viewPos=None, viewScale=None, waitBlanking=True, winType='pyglet')
12.3234 	EXP 	window1: mouseVisible = True
12.3235 	EXP 	window1: recordFrameIntervals = False
12.5225 	EXP 	window1: recordFrameIntervals = True
12.5743 	WARNING 	t of last frame was 25.84ms (=1/38)
12.6416 	WARNING 	t of last frame was 35.78ms (=1/27)
12.7563 	WARNING 	t of last frame was 33.20ms (=1/30)
12.8066 	WARNING 	t of last frame was 33.18ms (=1/30)
12.8467 	WARNING 	Multiple dropped frames have occurred - I'll stop bothering you about them!
14.5726 	WARNING 	Couldn't measure a consistent frame rate.
  - Is your graphics card set to sync to vertical blank?
  - Are you running other processes on your computer?

15.1979 	EXP 	Created WelcomeText = TextStim(__class__=<class 'psychopy.visual.text.TextStim'>, alignHoriz=method-wrapper(...), alignText='center', alignVert=method-wrapper(...), anchorHoriz='center', anchorVert='center', antialias=True, autoLog=True, bold=False, color=array([1, 1, 1]), colorSpace='rgb', contrast=1.0, depth=0.0, flipHoriz=False, flipVert=False, font='Open Sans', fontFiles=[], height=0.1, italic=False, languageStyle='LTR', name='WelcomeText', opacity=1, ori=0.0, pos=array([0., 0.]), rgb=UNKNOWN, text='Welcome to our Study!', units='height', win=Window(...), wrapWidth=1)
15.2241 	EXP 	Imported depression.xlsx as conditions, 2 conditions, 12 params
15.2253 	EXP 	Question text: Sadness
15.2652 	EXP 	window1: mouseVisible = True
15.3266 	EXP 	Question text: Pessimism
15.3397 	EXP 	window1: mouseVisible = True
15.3883 	EXP 	window1: mouseVisible = True
15.3938 	EXP 	Created unnamed Rect = Rect(__class__=<class 'psychopy.visual.rect.Rect'>, autoDraw=False, autoLog=True, closeShape=True, color=method-wrapper(...), colorSpace='rgb', contrast=None, depth=0, fillColor=array([0, 0, 0]), fillColorSpace='rgb', fillRGB=UNKNOWN, interpolate=True, lineColor=array([0, 0, 0]), lineColorSpace='rgb', lineRGB=UNKNOWN, lineWidth=1.5, name='unnamed Rect', opacity=0, ori=0.0, pos=array([0., 0.]), size=array([0., 0.]), units='height', vertices=ndarray(...), win=Window(...))
15.4041 	EXP 	Created DepressionQuestionnaire = <psychopy.visual.form.Form object at 0x00000121114A1A90>
15.4475 	EXP 	window1: mouseVisible = True
15.5479 	EXP 	Created instructionsText = TextStim(__class__=<class 'psychopy.visual.text.TextStim'>, alignHoriz=method-wrapper(...), alignText='center', alignVert=method-wrapper(...), anchorHoriz='center', anchorVert='center', antialias=True, autoLog=True, bold=False, color=array([1, 1, 1]), colorSpace='rgb', contrast=1.0, depth=0.0, flipHoriz=False, flipVert=False, font='Open Sans', fontFiles=[], height=0.04, italic=False, languageStyle='LTR', name='instructionsText', opacity=1, ori=0.0, pos=array([0., 0.]), rgb=UNKNOWN, text=str(...), units='height', win=Window(...), wrapWidth=1)
15.5518 	EXP 	Created hasPeriphery = ImageStim(__class__=<class 'psychopy.visual.image.ImageStim'>, autoLog=True, color=array([1, 1, 1]), colorSpace='rgb', contrast=1.0, depth=0.0, flipHoriz=False, flipVert=False, image='sin', interpolate=True, mask=None, maskParams=None, name='hasPeriphery', opacity=1.0, ori=0.0, pos=array([0., 0.]), size=array([0.5, 0.5]), texRes=128.0, units='height', win=Window(...))
15.5556 	EXP 	Created noPeriphery = ImageStim(__class__=<class 'psychopy.visual.image.ImageStim'>, autoLog=True, color=array([1, 1, 1]), colorSpace='rgb', contrast=1.0, depth=-2.0, flipHoriz=False, flipVert=False, image='sin', interpolate=True, mask=None, maskParams=None, name='noPeriphery', opacity=1.0, ori=0.0, pos=array([0., 0.]), size=array([0.5, 0.5]), texRes=128.0, units='height', win=Window(...))
15.5630 	EXP 	Created text = TextStim(__class__=<class 'psychopy.visual.text.TextStim'>, alignHoriz=method-wrapper(...), alignText='center', alignVert=method-wrapper(...), anchorHoriz='center', anchorVert='center', antialias=True, autoLog=True, bold=False, color=array([ 1, -1, -1]), colorSpace='rgb', contrast=1.0, depth=-3.0, flipHoriz=False, flipVert=False, font='Open Sans', fontFiles=[], height=0.1, italic=False, languageStyle='LTR', name='text', opacity=1, ori=0.0, pos=array([0., 0.]), rgb=UNKNOWN, text='+', units='height', win=Window(...), wrapWidth=1)
15.5921 	EXP 	Created WelcomeText = TextStim(__class__=<class 'psychopy.visual.text.TextStim'>, alignHoriz=method-wrapper(...), alignText='center', alignVert=method-wrapper(...), anchorHoriz='center', anchorVert='center', antialias=True, autoLog=True, bold=False, color=array([1, 1, 1]), colorSpace='rgb', contrast=1.0, depth=0.0, flipHoriz=False, flipVert=False, font='Open Sans', fontFiles=[], height=0.1, italic=False, languageStyle='LTR', name='WelcomeText', opacity=1, ori=0.0, pos=array([0., 0.]), rgb=UNKNOWN, text='Welcome to our Study!', units='height', win=Window(...), wrapWidth=1)
15.5952 	EXP 	Created hasPeriphery_2 = ImageStim(__class__=<class 'psychopy.visual.image.ImageStim'>, autoLog=True, color=array([1, 1, 1]), colorSpace='rgb', contrast=1.0, depth=0.0, flipHoriz=False, flipVert=False, image='sin', interpolate=True, mask=None, maskParams=None, name='hasPeriphery_2', opacity=1.0, ori=0.0, pos=array([0., 0.]), size=array([0.5, 0.5]), texRes=128.0, units='height', win=Window(...))
15.5981 	EXP 	Created noPeriphery_2 = ImageStim(__class__=<class 'psychopy.visual.image.ImageStim'>, autoLog=True, color=array([1, 1, 1]), colorSpace='rgb', contrast=1.0, depth=-2.0, flipHoriz=False, flipVert=False, image='sin', interpolate=True, mask=None, maskParams=None, name='noPeriphery_2', opacity=1.0, ori=0.0, pos=array([0., 0.]), size=array([0.5, 0.5]), texRes=128.0, units='height', win=Window(...))
15.6002 	EXP 	Created text_2 = TextStim(__class__=<class 'psychopy.visual.text.TextStim'>, alignHoriz=method-wrapper(...), alignText='center', alignVert=method-wrapper(...), anchorHoriz='center', anchorVert='center', antialias=True, autoLog=True, bold=False, color=array([ 1, -1, -1]), colorSpace='rgb', contrast=1.0, depth=-3.0, flipHoriz=False, flipVert=False, font='Open Sans', fontFiles=[], height=0.1, italic=False, languageStyle='LTR', name='text_2', opacity=1, ori=0.0, pos=array([0., 0.]), rgb=UNKNOWN, text='+', units='height', win=Window(...), wrapWidth=1)
15.6410 	EXP 	unnamed Form: autoLog = True
15.6410 	EXP 	DepressionQuestionnaire: name = 'DepressionQuestionnaire'
15.6410 	EXP 	DepressionQuestionnaire: size = (3.5, 1)
15.6410 	EXP 	DepressionQuestionnaire: size = array([3.5, 1. ])
15.6410 	EXP 	DepressionQuestionnaire: units = 'height'
15.6410 	EXP 	DepressionQuestionnaire: depth = 0
15.6410 	EXP 	WelcomeText: autoDraw = True
17.6638 	EXP 	WelcomeText: autoDraw = False
17.6638 	EXP 	DepressionQuestionnaire: autoDraw = True
19.8354 	DATA 	Mouse: Left button down, pos=(686,68)
19.9051 	EXP 	DepressionQuestionnaire: autoDraw = False
19.9051 	EXP 	instructionsText: autoDraw = True
19.9122 	DATA 	Mouse:  Left button up, pos=(686,68)
21.1022 	EXP 	Imported picPaths.xlsx as conditions, 6 conditions, 3 params
21.1025 	EXP 	Created sequence: sequential, trialTypes=6, nReps=1, seed=None
21.1028 	EXP 	New trial (rep=0, index=0): {'startImage': 'C:\\Users\\hesselmann\\Desktop\\PsychoPyUniformityIllusion\\UniformityIllusionPsychoPy\\Pics\\1start.png', 'endImage': 'C:\\Users\\hesselmann\\Desktop\\PsychoPyUniformityIllusion\\UniformityIllusionPsychoPy\\Pics\\1a.png', 'AB': 'a'}
21.3721 	DATA 	Keypress: space
21.4082 	EXP 	instructionsText: autoDraw = False
21.4082 	EXP 	hasPeriphery: size = array([1.77777778, 1.        ])
21.4082 	EXP 	hasPeriphery: image = 'C:\\Users\\hesselmann\\Desktop\\PsychoPyUniformityIllusion\\UniformityIllusionPsychoPy\\Pics\\1a.png'
21.4082 	EXP 	noPeriphery: size = array([1.77777778, 1.        ])
21.4082 	EXP 	noPeriphery: image = 'C:\\Users\\hesselmann\\Desktop\\PsychoPyUniformityIllusion\\UniformityIllusionPsychoPy\\Pics\\1start.png'
21.4082 	EXP 	hasPeriphery: autoDraw = True
21.4082 	EXP 	hasPeriphery: texRes = 128.0
21.4082 	EXP 	noPeriphery: autoDraw = True
21.4082 	EXP 	noPeriphery: texRes = 128.0
21.4082 	EXP 	text: autoDraw = True
21.5126 	EXP 	New trial (rep=0, index=1): {'startImage': 'C:\\Users\\hesselmann\\Desktop\\PsychoPyUniformityIllusion\\UniformityIllusionPsychoPy\\Pics\\1start.png', 'endImage': 'C:\\Users\\hesselmann\\Desktop\\PsychoPyUniformityIllusion\\UniformityIllusionPsychoPy\\Pics\\1b.png', 'AB': 'b'}
21.7219 	EXP 	New trial (rep=0, index=2): {'startImage': 'C:\\Users\\hesselmann\\Desktop\\PsychoPyUniformityIllusion\\UniformityIllusionPsychoPy\\Pics\\2start.png', 'endImage': 'C:\\Users\\hesselmann\\Desktop\\PsychoPyUniformityIllusion\\UniformityIllusionPsychoPy\\Pics\\2a.png', 'AB': 'a'}
21.8908 	EXP 	New trial (rep=0, index=3): {'startImage': 'C:\\Users\\hesselmann\\Desktop\\PsychoPyUniformityIllusion\\UniformityIllusionPsychoPy\\Pics\\2start.png', 'endImage': 'C:\\Users\\hesselmann\\Desktop\\PsychoPyUniformityIllusion\\UniformityIllusionPsychoPy\\Pics\\2b.png', 'AB': 'b'}
22.0378 	EXP 	New trial (rep=0, index=4): {'startImage': 'C:\\Users\\hesselmann\\Desktop\\PsychoPyUniformityIllusion\\UniformityIllusionPsychoPy\\Pics\\3start.png', 'endImage': 'C:\\Users\\hesselmann\\Desktop\\PsychoPyUniformityIllusion\\UniformityIllusionPsychoPy\\Pics\\3a.png', 'AB': 'a'}
22.2278 	EXP 	New trial (rep=0, index=5): {'startImage': 'C:\\Users\\hesselmann\\Desktop\\PsychoPyUniformityIllusion\\UniformityIllusionPsychoPy\\Pics\\3start.png', 'endImage': 'C:\\Users\\hesselmann\\Desktop\\PsychoPyUniformityIllusion\\UniformityIllusionPsychoPy\\Pics\\3b.png', 'AB': 'b'}
22.4401 	EXP 	hasPeriphery: texRes = 128.0
22.4401 	EXP 	noPeriphery: texRes = 128.0
22.4401 	EXP 	hasPeriphery: autoDraw = False
22.4401 	EXP 	noPeriphery: autoDraw = False
22.4401 	EXP 	text: autoDraw = False
22.4401 	EXP 	hasPeriphery: size = array([1.77777778, 1.        ])
22.4401 	EXP 	hasPeriphery: image = 'C:\\Users\\hesselmann\\Desktop\\PsychoPyUniformityIllusion\\UniformityIllusionPsychoPy\\Pics\\1b.png'
22.4401 	EXP 	noPeriphery: size = array([1.77777778, 1.        ])
22.4401 	EXP 	noPeriphery: image = 'C:\\Users\\hesselmann\\Desktop\\PsychoPyUniformityIllusion\\UniformityIllusionPsychoPy\\Pics\\1start.png'
22.4401 	EXP 	hasPeriphery: autoDraw = True
22.4401 	EXP 	hasPeriphery: texRes = 128.0
22.4401 	EXP 	noPeriphery: autoDraw = True
22.4401 	EXP 	noPeriphery: texRes = 128.0
22.4401 	EXP 	text: autoDraw = True
22.4401 	EXP 	hasPeriphery: autoDraw = False
22.4401 	EXP 	noPeriphery: autoDraw = False
22.4401 	EXP 	text: autoDraw = False
22.4401 	EXP 	hasPeriphery: size = array([1.77777778, 1.        ])
22.4401 	EXP 	hasPeriphery: image = 'C:\\Users\\hesselmann\\Desktop\\PsychoPyUniformityIllusion\\UniformityIllusionPsychoPy\\Pics\\2a.png'
22.4401 	EXP 	noPeriphery: size = array([1.77777778, 1.        ])
22.4401 	EXP 	noPeriphery: image = 'C:\\Users\\hesselmann\\Desktop\\PsychoPyUniformityIllusion\\UniformityIllusionPsychoPy\\Pics\\2start.png'
22.4401 	EXP 	hasPeriphery: autoDraw = True
22.4401 	EXP 	hasPeriphery: texRes = 128.0
22.4401 	EXP 	noPeriphery: autoDraw = True
22.4401 	EXP 	noPeriphery: texRes = 128.0
22.4401 	EXP 	text: autoDraw = True
22.4401 	EXP 	hasPeriphery: autoDraw = False
22.4401 	EXP 	noPeriphery: autoDraw = False
22.4401 	EXP 	text: autoDraw = False
22.4401 	EXP 	hasPeriphery: size = array([1.77777778, 1.        ])
22.4401 	EXP 	hasPeriphery: image = 'C:\\Users\\hesselmann\\Desktop\\PsychoPyUniformityIllusion\\UniformityIllusionPsychoPy\\Pics\\2b.png'
22.4401 	EXP 	noPeriphery: size = array([1.77777778, 1.        ])
22.4401 	EXP 	noPeriphery: image = 'C:\\Users\\hesselmann\\Desktop\\PsychoPyUniformityIllusion\\UniformityIllusionPsychoPy\\Pics\\2start.png'
22.4401 	EXP 	hasPeriphery: autoDraw = True
22.4401 	EXP 	hasPeriphery: texRes = 128.0
22.4401 	EXP 	noPeriphery: autoDraw = True
22.4401 	EXP 	noPeriphery: texRes = 128.0
22.4401 	EXP 	text: autoDraw = True
22.4401 	EXP 	hasPeriphery: autoDraw = False
22.4401 	EXP 	noPeriphery: autoDraw = False
22.4401 	EXP 	text: autoDraw = False
22.4401 	EXP 	hasPeriphery: size = array([1.77777778, 1.        ])
22.4401 	EXP 	hasPeriphery: image = 'C:\\Users\\hesselmann\\Desktop\\PsychoPyUniformityIllusion\\UniformityIllusionPsychoPy\\Pics\\3a.png'
22.4401 	EXP 	noPeriphery: size = array([1.77777778, 1.        ])
22.4401 	EXP 	noPeriphery: image = 'C:\\Users\\hesselmann\\Desktop\\PsychoPyUniformityIllusion\\UniformityIllusionPsychoPy\\Pics\\3start.png'
22.4401 	EXP 	hasPeriphery: autoDraw = True
22.4401 	EXP 	hasPeriphery: texRes = 128.0
22.4401 	EXP 	noPeriphery: autoDraw = True
22.4401 	EXP 	noPeriphery: texRes = 128.0
22.4401 	EXP 	text: autoDraw = True
22.4401 	EXP 	hasPeriphery: autoDraw = False
22.4401 	EXP 	noPeriphery: autoDraw = False
22.4401 	EXP 	text: autoDraw = False
22.4401 	EXP 	hasPeriphery: size = array([1.77777778, 1.        ])
22.4401 	EXP 	hasPeriphery: image = 'C:\\Users\\hesselmann\\Desktop\\PsychoPyUniformityIllusion\\UniformityIllusionPsychoPy\\Pics\\3b.png'
22.4401 	EXP 	noPeriphery: size = array([1.77777778, 1.        ])
22.4401 	EXP 	noPeriphery: image = 'C:\\Users\\hesselmann\\Desktop\\PsychoPyUniformityIllusion\\UniformityIllusionPsychoPy\\Pics\\3start.png'
22.4401 	EXP 	hasPeriphery: autoDraw = True
22.4401 	EXP 	hasPeriphery: texRes = 128.0
22.4401 	EXP 	noPeriphery: autoDraw = True
22.4401 	EXP 	noPeriphery: texRes = 128.0
22.4401 	EXP 	text: autoDraw = True
22.4401 	EXP 	hasPeriphery: autoDraw = False
22.4401 	EXP 	noPeriphery: autoDraw = False
22.4401 	EXP 	text: autoDraw = False
22.4401 	EXP 	WelcomeText: autoDraw = True
24.4545 	EXP 	Imported picPaths.xlsx as conditions, 24 conditions, 3 params
24.4548 	EXP 	Created sequence: sequential, trialTypes=24, nReps=1, seed=None
24.4554 	EXP 	New trial (rep=0, index=0): {'startImage': 'C:\\Users\\hesselmann\\Desktop\\PsychoPyUniformityIllusion\\UniformityIllusionPsychoPy\\Pics\\4start.png', 'endImage': 'C:\\Users\\hesselmann\\Desktop\\PsychoPyUniformityIllusion\\UniformityIllusionPsychoPy\\Pics\\4a.png', 'AB': 'a'}
25.0486 	EXP 	window1: mouseVisible = True
