1.4354 	WARNING 	We strongly recommend you activate the PTB sound engine in PsychoPy prefs as the preferred audio engine. Its timing is vastly superior. Your prefs are currently set to use ['sounddevice', 'PTB', 'pyo', 'pygame'] (in that order).
10.5925 	WARNING 	Couldn't measure a consistent frame rate.
  - Is your graphics card set to sync to vertical blank?
  - Are you running other processes on your computer?

10.5932 	EXP 	Created window1 = Window(allowGUI=False, allowStencil=False, autoLog=True, backendConf=UNKNOWN, bitsMode=UNKNOWN, blendMode='avg', bpc=(8, 8, 8), color=array([0, 0, 0]), colorSpace='rgb', depthBits=8, fullscr=<method-wrapper '__getattribute__' of attributeSetter object at 0x000002105ABA9748>, gamma=None, gammaErrorPolicy='raise', lms=UNKNOWN, monitor=<psychopy.monitors.calibTools.Monitor object at 0x000002105ABCEAC8>, multiSample=False, name='window1', numSamples=2, pos=[0.0, 0.0], screen=0, size=array([1920, 1080]), stencilBits=0, stereo=False, units='height', useFBO=True, useRetina=False, viewOri=0.0, viewPos=None, viewScale=None, waitBlanking=True, winType='pyglet')
10.5934 	EXP 	window1: mouseVisible = True
10.5935 	EXP 	window1: recordFrameIntervals = False
10.7974 	EXP 	window1: recordFrameIntervals = True
10.8588 	WARNING 	t of last frame was 25.00ms (=1/40)
10.8988 	WARNING 	t of last frame was 24.99ms (=1/40)
10.9392 	WARNING 	t of last frame was 26.91ms (=1/37)
10.9795 	WARNING 	t of last frame was 27.41ms (=1/36)
11.0188 	WARNING 	Multiple dropped frames have occurred - I'll stop bothering you about them!
12.5939 	WARNING 	Couldn't measure a consistent frame rate.
  - Is your graphics card set to sync to vertical blank?
  - Are you running other processes on your computer?

13.1418 	EXP 	Created WelcomeText = TextStim(__class__=<class 'psychopy.visual.text.TextStim'>, alignHoriz=method-wrapper(...), alignText='center', alignVert=method-wrapper(...), anchorHoriz='center', anchorVert='center', antialias=True, autoLog=True, bold=False, color=array([1, 1, 1]), colorSpace='rgb', contrast=1.0, depth=0.0, flipHoriz=False, flipVert=False, font='Open Sans', fontFiles=[], height=0.1, italic=False, languageStyle='LTR', name='WelcomeText', opacity=1, ori=0.0, pos=array([0., 0.]), rgb=UNKNOWN, text='Welcome to our Study!', units='height', win=Window(...), wrapWidth=1)
13.1595 	EXP 	Imported depression.xlsx as conditions, 2 conditions, 12 params
13.1610 	EXP 	Question text: Sadness
13.1905 	EXP 	window1: mouseVisible = True
13.2348 	EXP 	Question text: Pessimism
13.2449 	EXP 	window1: mouseVisible = True
13.2780 	EXP 	window1: mouseVisible = True
13.2869 	EXP 	Created unnamed Rect = Rect(__class__=<class 'psychopy.visual.rect.Rect'>, autoDraw=False, autoLog=True, closeShape=True, color=method-wrapper(...), colorSpace='rgb', contrast=None, depth=0, fillColor=array([0, 0, 0]), fillColorSpace='rgb', fillRGB=UNKNOWN, interpolate=True, lineColor=array([0, 0, 0]), lineColorSpace='rgb', lineRGB=UNKNOWN, lineWidth=1.5, name='unnamed Rect', opacity=0, ori=0.0, pos=array([0., 0.]), size=array([0., 0.]), units='height', vertices=ndarray(...), win=Window(...))
13.2976 	EXP 	Created DepressionQuestionnaire = <psychopy.visual.form.Form object at 0x000002105D22E6A0>
13.3339 	EXP 	window1: mouseVisible = True
13.4050 	EXP 	Created instructionsText = TextStim(__class__=<class 'psychopy.visual.text.TextStim'>, alignHoriz=method-wrapper(...), alignText='center', alignVert=method-wrapper(...), anchorHoriz='center', anchorVert='center', antialias=True, autoLog=True, bold=False, color=array([1, 1, 1]), colorSpace='rgb', contrast=1.0, depth=0.0, flipHoriz=False, flipVert=False, font='Open Sans', fontFiles=[], height=0.04, italic=False, languageStyle='LTR', name='instructionsText', opacity=1, ori=0.0, pos=array([0., 0.]), rgb=UNKNOWN, text=str(...), units='height', win=Window(...), wrapWidth=1)
13.4092 	EXP 	Created hasPeriphery = ImageStim(__class__=<class 'psychopy.visual.image.ImageStim'>, autoLog=True, color=array([1, 1, 1]), colorSpace='rgb', contrast=1.0, depth=-1.0, flipHoriz=False, flipVert=False, image='sin', interpolate=True, mask=None, maskParams=None, name='hasPeriphery', opacity=1.0, ori=0.0, pos=array([0., 0.]), size=array([0.5, 0.5]), texRes=128.0, units='height', win=Window(...))
13.4123 	EXP 	Created noPeriphery = ImageStim(__class__=<class 'psychopy.visual.image.ImageStim'>, autoLog=True, color=array([1, 1, 1]), colorSpace='rgb', contrast=1.0, depth=-3.0, flipHoriz=False, flipVert=False, image='sin', interpolate=True, mask=None, maskParams=None, name='noPeriphery', opacity=1.0, ori=0.0, pos=array([0., 0.]), size=array([0.5, 0.5]), texRes=128.0, units='height', win=Window(...))
13.4153 	EXP 	Created final = ImageStim(__class__=<class 'psychopy.visual.image.ImageStim'>, autoLog=True, color=array([1, 1, 1]), colorSpace='rgb', contrast=1.0, depth=-4.0, flipHoriz=False, flipVert=False, image='sin', interpolate=True, mask=None, maskParams=None, name='final', opacity=1.0, ori=0.0, pos=array([0., 0.]), size=array([0.5, 0.5]), texRes=128.0, units='height', win=Window(...))
13.4165 	EXP 	Created blank_screen = Rect(__class__=<class 'psychopy.visual.rect.Rect'>, autoDraw=False, autoLog=True, closeShape=True, color=method-wrapper(...), colorSpace='rgb', contrast=None, depth=-5.0, fillColor=array([1, 1, 1]), fillColorSpace='rgb', fillRGB=UNKNOWN, interpolate=True, lineColor=array([1, 1, 1]), lineColorSpace='rgb', lineRGB=UNKNOWN, lineWidth=1.0, name='blank_screen', opacity=1.0, ori=0.0, pos=array([0., 0.]), size=array([2., 2.]), units='height', vertices=ndarray(...), win=Window(...))
13.4234 	EXP 	Created text = TextStim(__class__=<class 'psychopy.visual.text.TextStim'>, alignHoriz=method-wrapper(...), alignText='center', alignVert=method-wrapper(...), anchorHoriz='center', anchorVert='center', antialias=True, autoLog=True, bold=False, color=array([ 1, -1, -1]), colorSpace='rgb', contrast=1.0, depth=-6.0, flipHoriz=False, flipVert=False, font='Open Sans', fontFiles=[], height=0.1, italic=False, languageStyle='LTR', name='text', opacity=1, ori=0.0, pos=array([0., 0.]), rgb=UNKNOWN, text='+', units='height', win=Window(...), wrapWidth=1)
13.4398 	EXP 	Created WelcomeText = TextStim(__class__=<class 'psychopy.visual.text.TextStim'>, alignHoriz=method-wrapper(...), alignText='center', alignVert=method-wrapper(...), anchorHoriz='center', anchorVert='center', antialias=True, autoLog=True, bold=False, color=array([1, 1, 1]), colorSpace='rgb', contrast=1.0, depth=0.0, flipHoriz=False, flipVert=False, font='Open Sans', fontFiles=[], height=0.1, italic=False, languageStyle='LTR', name='WelcomeText', opacity=1, ori=0.0, pos=array([0., 0.]), rgb=UNKNOWN, text='Welcome to our Study!', units='height', win=Window(...), wrapWidth=1)
13.4436 	EXP 	Created hasPeriphery = ImageStim(__class__=<class 'psychopy.visual.image.ImageStim'>, autoLog=True, color=array([1, 1, 1]), colorSpace='rgb', contrast=1.0, depth=-1.0, flipHoriz=False, flipVert=False, image='sin', interpolate=True, mask=None, maskParams=None, name='hasPeriphery', opacity=1.0, ori=0.0, pos=array([0., 0.]), size=array([0.5, 0.5]), texRes=128.0, units='height', win=Window(...))
13.4471 	EXP 	Created noPeriphery = ImageStim(__class__=<class 'psychopy.visual.image.ImageStim'>, autoLog=True, color=array([1, 1, 1]), colorSpace='rgb', contrast=1.0, depth=-3.0, flipHoriz=False, flipVert=False, image='sin', interpolate=True, mask=None, maskParams=None, name='noPeriphery', opacity=1.0, ori=0.0, pos=array([0., 0.]), size=array([0.5, 0.5]), texRes=128.0, units='height', win=Window(...))
13.4508 	EXP 	Created final = ImageStim(__class__=<class 'psychopy.visual.image.ImageStim'>, autoLog=True, color=array([1, 1, 1]), colorSpace='rgb', contrast=1.0, depth=-4.0, flipHoriz=False, flipVert=False, image='sin', interpolate=True, mask=None, maskParams=None, name='final', opacity=1.0, ori=0.0, pos=array([0., 0.]), size=array([0.5, 0.5]), texRes=128.0, units='height', win=Window(...))
13.4524 	EXP 	Created blank_screen = Rect(__class__=<class 'psychopy.visual.rect.Rect'>, autoDraw=False, autoLog=True, closeShape=True, color=method-wrapper(...), colorSpace='rgb', contrast=None, depth=-5.0, fillColor=array([1, 1, 1]), fillColorSpace='rgb', fillRGB=UNKNOWN, interpolate=True, lineColor=array([1, 1, 1]), lineColorSpace='rgb', lineRGB=UNKNOWN, lineWidth=1.0, name='blank_screen', opacity=1.0, ori=0.0, pos=array([0., 0.]), size=array([2., 2.]), units='height', vertices=ndarray(...), win=Window(...))
13.4576 	EXP 	Created text = TextStim(__class__=<class 'psychopy.visual.text.TextStim'>, alignHoriz=method-wrapper(...), alignText='center', alignVert=method-wrapper(...), anchorHoriz='center', anchorVert='center', antialias=True, autoLog=True, bold=False, color=array([ 1, -1, -1]), colorSpace='rgb', contrast=1.0, depth=-6.0, flipHoriz=False, flipVert=False, font='Open Sans', fontFiles=[], height=0.1, italic=False, languageStyle='LTR', name='text', opacity=1, ori=0.0, pos=array([0., 0.]), rgb=UNKNOWN, text='+', units='height', win=Window(...), wrapWidth=1)
14.4992 	EXP 	unnamed Form: autoLog = True
14.4992 	EXP 	DepressionQuestionnaire: name = 'DepressionQuestionnaire'
14.4992 	EXP 	DepressionQuestionnaire: size = (3.5, 1)
14.4992 	EXP 	DepressionQuestionnaire: size = array([3.5, 1. ])
14.4992 	EXP 	DepressionQuestionnaire: units = 'height'
14.4992 	EXP 	DepressionQuestionnaire: depth = 0
14.4992 	EXP 	WelcomeText: autoDraw = True
15.5005 	EXP 	WelcomeText: autoDraw = False
15.5005 	EXP 	DepressionQuestionnaire: autoDraw = True
16.6325 	DATA 	Mouse: Left button down, pos=(741,104)
16.6860 	EXP 	DepressionQuestionnaire: autoDraw = False
16.6860 	EXP 	instructionsText: autoDraw = True
16.7442 	DATA 	Mouse:  Left button up, pos=(741,104)
17.6894 	EXP 	Imported picPaths.xlsx as conditions, 6 conditions, 4 params
17.6898 	EXP 	Created sequence: random, trialTypes=6, nReps=1, seed=None
17.6902 	EXP 	New trial (rep=0, index=0): {'startImage': 'C:\\Users\\hesselmann\\Desktop\\PsychoPyUniformityIllusion\\UniformityIllusionPsychoPy\\Pics\\3start.png', 'midImage': 'C:\\Users\\hesselmann\\Desktop\\PsychoPyUniformityIllusion\\UniformityIllusionPsychoPy\\Pics\\3a.png', 'endImage': 'C:\\Users\\hesselmann\\Desktop\\PsychoPyUniformityIllusion\\UniformityIllusionPsychoPy\\Pics\\3a.png', 'AB': 'a'}
17.9735 	DATA 	Keypress: space
18.0221 	EXP 	instructionsText: autoDraw = False
18.0221 	EXP 	hasPeriphery: size = array([1.77777778, 1.        ])
18.0221 	EXP 	hasPeriphery: image = 'C:\\Users\\hesselmann\\Desktop\\PsychoPyUniformityIllusion\\UniformityIllusionPsychoPy\\Pics\\3a.png'
18.0221 	EXP 	noPeriphery: size = array([1.77777778, 1.        ])
18.0221 	EXP 	noPeriphery: image = 'C:\\Users\\hesselmann\\Desktop\\PsychoPyUniformityIllusion\\UniformityIllusionPsychoPy\\Pics\\3start.png'
18.0221 	EXP 	final: size = array([1.77777778, 1.        ])
18.0221 	EXP 	final: image = 'C:\\Users\\hesselmann\\Desktop\\PsychoPyUniformityIllusion\\UniformityIllusionPsychoPy\\Pics\\3a.png'
18.0221 	EXP 	hasPeriphery: autoDraw = True
18.0221 	EXP 	hasPeriphery: texRes = 128.0
18.0221 	EXP 	noPeriphery: autoDraw = True
18.0221 	EXP 	noPeriphery: texRes = 128.0
18.0221 	EXP 	text: autoDraw = True
18.1706 	EXP 	hasPeriphery: texRes = 128.0
18.1706 	EXP 	noPeriphery: texRes = 128.0
18.3262 	EXP 	hasPeriphery: texRes = 128.0
18.3262 	EXP 	noPeriphery: texRes = 128.0
18.4923 	EXP 	hasPeriphery: texRes = 128.0
18.4923 	EXP 	noPeriphery: texRes = 128.0
18.6729 	EXP 	hasPeriphery: texRes = 128.0
18.6729 	EXP 	noPeriphery: texRes = 128.0
18.8472 	EXP 	hasPeriphery: texRes = 128.0
18.8472 	EXP 	noPeriphery: texRes = 128.0
19.0087 	EXP 	hasPeriphery: texRes = 128.0
19.0087 	EXP 	noPeriphery: texRes = 128.0
19.1683 	EXP 	hasPeriphery: texRes = 128.0
19.1683 	EXP 	noPeriphery: texRes = 128.0
19.3198 	EXP 	hasPeriphery: texRes = 128.0
19.3198 	EXP 	noPeriphery: texRes = 128.0
19.4749 	EXP 	hasPeriphery: texRes = 128.0
19.4749 	EXP 	noPeriphery: texRes = 128.0
19.6330 	EXP 	hasPeriphery: texRes = 128.0
19.6330 	EXP 	noPeriphery: texRes = 128.0
19.7860 	EXP 	hasPeriphery: texRes = 128.0
19.7860 	EXP 	noPeriphery: texRes = 128.0
19.9451 	EXP 	hasPeriphery: texRes = 128.0
19.9451 	EXP 	noPeriphery: texRes = 128.0
20.1043 	EXP 	hasPeriphery: texRes = 128.0
20.1043 	EXP 	noPeriphery: texRes = 128.0
20.2597 	EXP 	hasPeriphery: texRes = 128.0
20.2597 	EXP 	noPeriphery: texRes = 128.0
20.4210 	EXP 	hasPeriphery: texRes = 128.0
20.4210 	EXP 	noPeriphery: texRes = 128.0
20.5810 	EXP 	hasPeriphery: texRes = 128.0
20.5810 	EXP 	noPeriphery: texRes = 128.0
20.7399 	EXP 	hasPeriphery: texRes = 128.0
20.7399 	EXP 	noPeriphery: texRes = 128.0
20.9054 	EXP 	hasPeriphery: texRes = 128.0
20.9054 	EXP 	noPeriphery: texRes = 128.0
21.0609 	EXP 	hasPeriphery: texRes = 128.0
21.0609 	EXP 	noPeriphery: texRes = 128.0
21.2197 	EXP 	hasPeriphery: texRes = 128.0
21.2197 	EXP 	noPeriphery: texRes = 128.0
21.3932 	EXP 	hasPeriphery: texRes = 128.0
21.3932 	EXP 	noPeriphery: texRes = 128.0
21.3932 	EXP 	blank_screen: autoDraw = True
21.6334 	EXP 	hasPeriphery: texRes = 128.0
21.6334 	EXP 	noPeriphery: texRes = 128.0
21.6334 	EXP 	final: autoDraw = True
21.6334 	EXP 	final: texRes = 128.0
21.8517 	EXP 	hasPeriphery: texRes = 128.0
21.8517 	EXP 	noPeriphery: texRes = 128.0
21.8517 	EXP 	final: texRes = 128.0
21.8517 	EXP 	blank_screen: autoDraw = False
22.0732 	EXP 	hasPeriphery: texRes = 128.0
22.0732 	EXP 	noPeriphery: texRes = 128.0
22.0732 	EXP 	final: texRes = 128.0
22.3133 	EXP 	hasPeriphery: texRes = 128.0
22.3133 	EXP 	noPeriphery: texRes = 128.0
22.3133 	EXP 	final: texRes = 128.0
22.5267 	EXP 	hasPeriphery: texRes = 128.0
22.5267 	EXP 	noPeriphery: texRes = 128.0
22.5267 	EXP 	final: texRes = 128.0
22.7602 	EXP 	hasPeriphery: texRes = 128.0
22.7602 	EXP 	noPeriphery: texRes = 128.0
22.7602 	EXP 	final: texRes = 128.0
22.9952 	EXP 	hasPeriphery: texRes = 128.0
22.9952 	EXP 	noPeriphery: texRes = 128.0
22.9952 	EXP 	final: texRes = 128.0
22.9952 	EXP 	blank_screen: autoDraw = True
23.2284 	EXP 	hasPeriphery: texRes = 128.0
23.2284 	EXP 	noPeriphery: texRes = 128.0
23.2284 	EXP 	final: texRes = 128.0
23.4600 	EXP 	hasPeriphery: texRes = 128.0
23.4600 	EXP 	noPeriphery: texRes = 128.0
23.4600 	EXP 	final: texRes = 128.0
23.4600 	EXP 	blank_screen: autoDraw = False
23.6892 	EXP 	hasPeriphery: texRes = 128.0
23.6892 	EXP 	noPeriphery: texRes = 128.0
23.6892 	EXP 	final: texRes = 128.0
23.9152 	EXP 	hasPeriphery: texRes = 128.0
23.9152 	EXP 	noPeriphery: texRes = 128.0
23.9152 	EXP 	final: texRes = 128.0
24.1401 	EXP 	hasPeriphery: texRes = 128.0
24.1401 	EXP 	noPeriphery: texRes = 128.0
24.1401 	EXP 	final: texRes = 128.0
24.3675 	EXP 	hasPeriphery: texRes = 128.0
24.3675 	EXP 	noPeriphery: texRes = 128.0
24.3675 	EXP 	final: texRes = 128.0
24.6101 	EXP 	hasPeriphery: texRes = 128.0
24.6101 	EXP 	noPeriphery: texRes = 128.0
24.6101 	EXP 	final: texRes = 128.0
24.6101 	EXP 	blank_screen: autoDraw = True
24.8469 	EXP 	hasPeriphery: texRes = 128.0
24.8469 	EXP 	noPeriphery: texRes = 128.0
24.8469 	EXP 	final: texRes = 128.0
25.0793 	EXP 	hasPeriphery: texRes = 128.0
25.0793 	EXP 	noPeriphery: texRes = 128.0
25.0793 	EXP 	final: texRes = 128.0
25.0793 	EXP 	blank_screen: autoDraw = False
25.3136 	EXP 	hasPeriphery: texRes = 128.0
25.3136 	EXP 	noPeriphery: texRes = 128.0
25.3136 	EXP 	final: texRes = 128.0
25.5353 	EXP 	hasPeriphery: texRes = 128.0
25.5353 	EXP 	noPeriphery: texRes = 128.0
25.5353 	EXP 	final: texRes = 128.0
25.7669 	EXP 	hasPeriphery: texRes = 128.0
25.7669 	EXP 	noPeriphery: texRes = 128.0
25.7669 	EXP 	final: texRes = 128.0
25.9872 	EXP 	hasPeriphery: texRes = 128.0
25.9872 	EXP 	noPeriphery: texRes = 128.0
25.9872 	EXP 	final: texRes = 128.0
26.2244 	EXP 	hasPeriphery: texRes = 128.0
26.2244 	EXP 	noPeriphery: texRes = 128.0
26.2244 	EXP 	final: texRes = 128.0
26.2244 	EXP 	blank_screen: autoDraw = True
26.4603 	EXP 	hasPeriphery: texRes = 128.0
26.4603 	EXP 	noPeriphery: texRes = 128.0
26.4603 	EXP 	final: texRes = 128.0
26.7003 	EXP 	hasPeriphery: texRes = 128.0
26.7003 	EXP 	noPeriphery: texRes = 128.0
26.7003 	EXP 	final: texRes = 128.0
26.7003 	EXP 	blank_screen: autoDraw = False
26.9284 	EXP 	hasPeriphery: texRes = 128.0
26.9284 	EXP 	noPeriphery: texRes = 128.0
26.9284 	EXP 	final: texRes = 128.0
27.1537 	EXP 	hasPeriphery: texRes = 128.0
27.1537 	EXP 	noPeriphery: texRes = 128.0
27.1537 	EXP 	final: texRes = 128.0
27.3832 	EXP 	hasPeriphery: texRes = 128.0
27.3832 	EXP 	noPeriphery: texRes = 128.0
27.3832 	EXP 	final: texRes = 128.0
27.6079 	EXP 	hasPeriphery: texRes = 128.0
27.6079 	EXP 	noPeriphery: texRes = 128.0
27.6079 	EXP 	final: texRes = 128.0
27.8471 	EXP 	hasPeriphery: texRes = 128.0
27.8471 	EXP 	noPeriphery: texRes = 128.0
27.8471 	EXP 	final: texRes = 128.0
27.8471 	EXP 	blank_screen: autoDraw = True
28.0878 	EXP 	hasPeriphery: texRes = 128.0
28.0878 	EXP 	noPeriphery: texRes = 128.0
28.0878 	EXP 	final: texRes = 128.0
28.1676 	EXP 	hasPeriphery: autoDraw = False
28.1676 	EXP 	noPeriphery: autoDraw = False
28.1676 	EXP 	final: texRes = 128.0
28.1676 	EXP 	blank_screen: autoDraw = False
28.2479 	EXP 	final: texRes = 128.0
28.3321 	EXP 	final: texRes = 128.0
28.4205 	EXP 	final: texRes = 128.0
28.5022 	EXP 	final: texRes = 128.0
28.5956 	EXP 	final: texRes = 128.0
28.6784 	EXP 	final: texRes = 128.0
28.7672 	EXP 	final: texRes = 128.0
28.8472 	EXP 	final: texRes = 128.0
28.9437 	EXP 	final: texRes = 128.0
29.0339 	EXP 	final: texRes = 128.0
29.1281 	EXP 	final: texRes = 128.0
29.2079 	EXP 	final: texRes = 128.0
29.2932 	EXP 	final: texRes = 128.0
29.3723 	EXP 	final: texRes = 128.0
29.4477 	EXP 	final: texRes = 128.0
29.5406 	EXP 	final: texRes = 128.0
29.6372 	EXP 	final: texRes = 128.0
29.7170 	EXP 	final: texRes = 128.0
29.7940 	EXP 	final: texRes = 128.0
29.8766 	EXP 	final: texRes = 128.0
29.9243 	EXP 	New trial (rep=0, index=1): {'startImage': 'C:\\Users\\hesselmann\\Desktop\\PsychoPyUniformityIllusion\\UniformityIllusionPsychoPy\\Pics\\1start.png', 'midImage': 'C:\\Users\\hesselmann\\Desktop\\PsychoPyUniformityIllusion\\UniformityIllusionPsychoPy\\Pics\\1a.png', 'endImage': 'C:\\Users\\hesselmann\\Desktop\\PsychoPyUniformityIllusion\\UniformityIllusionPsychoPy\\Pics\\1b.png', 'AB': 'b'}
30.2666 	EXP 	final: texRes = 128.0
30.2666 	EXP 	hasPeriphery: autoDraw = False
30.2666 	EXP 	noPeriphery: autoDraw = False
30.2666 	EXP 	final: autoDraw = False
30.2666 	EXP 	blank_screen: autoDraw = False
30.2666 	EXP 	text: autoDraw = False
30.2666 	EXP 	hasPeriphery: size = array([1.77777778, 1.        ])
30.2666 	EXP 	hasPeriphery: image = 'C:\\Users\\hesselmann\\Desktop\\PsychoPyUniformityIllusion\\UniformityIllusionPsychoPy\\Pics\\1a.png'
30.2666 	EXP 	noPeriphery: size = array([1.77777778, 1.        ])
30.2666 	EXP 	noPeriphery: image = 'C:\\Users\\hesselmann\\Desktop\\PsychoPyUniformityIllusion\\UniformityIllusionPsychoPy\\Pics\\1start.png'
30.2666 	EXP 	final: size = array([1.77777778, 1.        ])
30.2666 	EXP 	final: image = 'C:\\Users\\hesselmann\\Desktop\\PsychoPyUniformityIllusion\\UniformityIllusionPsychoPy\\Pics\\1b.png'
30.2666 	EXP 	hasPeriphery: autoDraw = True
30.2666 	EXP 	hasPeriphery: texRes = 128.0
30.2666 	EXP 	noPeriphery: autoDraw = True
30.2666 	EXP 	noPeriphery: texRes = 128.0
30.2666 	EXP 	text: autoDraw = True
30.4517 	EXP 	hasPeriphery: texRes = 128.0
30.4517 	EXP 	noPeriphery: texRes = 128.0
30.6406 	EXP 	hasPeriphery: texRes = 128.0
30.6406 	EXP 	noPeriphery: texRes = 128.0
30.8400 	EXP 	hasPeriphery: texRes = 128.0
30.8400 	EXP 	noPeriphery: texRes = 128.0
31.0342 	EXP 	hasPeriphery: texRes = 128.0
31.0342 	EXP 	noPeriphery: texRes = 128.0
31.2207 	EXP 	hasPeriphery: texRes = 128.0
31.2207 	EXP 	noPeriphery: texRes = 128.0
31.4132 	EXP 	hasPeriphery: texRes = 128.0
31.4132 	EXP 	noPeriphery: texRes = 128.0
31.6119 	EXP 	hasPeriphery: texRes = 128.0
31.6119 	EXP 	noPeriphery: texRes = 128.0
31.8091 	EXP 	hasPeriphery: texRes = 128.0
31.8091 	EXP 	noPeriphery: texRes = 128.0
31.9953 	EXP 	hasPeriphery: texRes = 128.0
31.9953 	EXP 	noPeriphery: texRes = 128.0
32.1832 	EXP 	hasPeriphery: texRes = 128.0
32.1832 	EXP 	noPeriphery: texRes = 128.0
32.3738 	EXP 	hasPeriphery: texRes = 128.0
32.3738 	EXP 	noPeriphery: texRes = 128.0
32.5680 	EXP 	hasPeriphery: texRes = 128.0
32.5680 	EXP 	noPeriphery: texRes = 128.0
32.7592 	EXP 	hasPeriphery: texRes = 128.0
32.7592 	EXP 	noPeriphery: texRes = 128.0
32.9477 	EXP 	hasPeriphery: texRes = 128.0
32.9477 	EXP 	noPeriphery: texRes = 128.0
33.1410 	EXP 	hasPeriphery: texRes = 128.0
33.1410 	EXP 	noPeriphery: texRes = 128.0
33.3324 	EXP 	hasPeriphery: texRes = 128.0
33.3324 	EXP 	noPeriphery: texRes = 128.0
33.5277 	EXP 	hasPeriphery: texRes = 128.0
33.5277 	EXP 	noPeriphery: texRes = 128.0
33.7181 	EXP 	hasPeriphery: texRes = 128.0
33.7181 	EXP 	noPeriphery: texRes = 128.0
33.9144 	EXP 	hasPeriphery: texRes = 128.0
33.9144 	EXP 	noPeriphery: texRes = 128.0
34.1078 	EXP 	hasPeriphery: texRes = 128.0
34.1078 	EXP 	noPeriphery: texRes = 128.0
34.3166 	EXP 	hasPeriphery: texRes = 128.0
34.3166 	EXP 	noPeriphery: texRes = 128.0
34.3166 	EXP 	blank_screen: autoDraw = True
34.6087 	EXP 	hasPeriphery: texRes = 128.0
34.6087 	EXP 	noPeriphery: texRes = 128.0
34.6087 	EXP 	final: autoDraw = True
34.6087 	EXP 	final: texRes = 128.0
34.8750 	EXP 	hasPeriphery: texRes = 128.0
34.8750 	EXP 	noPeriphery: texRes = 128.0
34.8750 	EXP 	final: texRes = 128.0
34.8750 	EXP 	blank_screen: autoDraw = False
35.1607 	EXP 	hasPeriphery: texRes = 128.0
35.1607 	EXP 	noPeriphery: texRes = 128.0
35.1607 	EXP 	final: texRes = 128.0
35.4383 	EXP 	hasPeriphery: texRes = 128.0
35.4383 	EXP 	noPeriphery: texRes = 128.0
35.4383 	EXP 	final: texRes = 128.0
35.6938 	EXP 	hasPeriphery: texRes = 128.0
35.6938 	EXP 	noPeriphery: texRes = 128.0
35.6938 	EXP 	final: texRes = 128.0
35.9605 	EXP 	hasPeriphery: texRes = 128.0
35.9605 	EXP 	noPeriphery: texRes = 128.0
35.9605 	EXP 	final: texRes = 128.0
36.2215 	EXP 	hasPeriphery: texRes = 128.0
36.2215 	EXP 	noPeriphery: texRes = 128.0
36.2215 	EXP 	final: texRes = 128.0
36.2215 	EXP 	blank_screen: autoDraw = True
36.4962 	EXP 	hasPeriphery: texRes = 128.0
36.4962 	EXP 	noPeriphery: texRes = 128.0
36.4962 	EXP 	final: texRes = 128.0
36.7578 	EXP 	hasPeriphery: texRes = 128.0
36.7578 	EXP 	noPeriphery: texRes = 128.0
36.7578 	EXP 	final: texRes = 128.0
36.7578 	EXP 	blank_screen: autoDraw = False
37.0218 	EXP 	hasPeriphery: texRes = 128.0
37.0218 	EXP 	noPeriphery: texRes = 128.0
37.0218 	EXP 	final: texRes = 128.0
37.2880 	EXP 	hasPeriphery: texRes = 128.0
37.2880 	EXP 	noPeriphery: texRes = 128.0
37.2880 	EXP 	final: texRes = 128.0
37.5547 	EXP 	hasPeriphery: texRes = 128.0
37.5547 	EXP 	noPeriphery: texRes = 128.0
37.5547 	EXP 	final: texRes = 128.0
37.8214 	EXP 	hasPeriphery: texRes = 128.0
37.8214 	EXP 	noPeriphery: texRes = 128.0
37.8214 	EXP 	final: texRes = 128.0
38.0769 	EXP 	hasPeriphery: texRes = 128.0
38.0769 	EXP 	noPeriphery: texRes = 128.0
38.0769 	EXP 	final: texRes = 128.0
38.0769 	EXP 	blank_screen: autoDraw = True
38.3449 	EXP 	hasPeriphery: texRes = 128.0
38.3449 	EXP 	noPeriphery: texRes = 128.0
38.3449 	EXP 	final: texRes = 128.0
38.6132 	EXP 	hasPeriphery: texRes = 128.0
38.6132 	EXP 	noPeriphery: texRes = 128.0
38.6132 	EXP 	final: texRes = 128.0
38.6132 	EXP 	blank_screen: autoDraw = False
38.8762 	EXP 	hasPeriphery: texRes = 128.0
38.8762 	EXP 	noPeriphery: texRes = 128.0
38.8762 	EXP 	final: texRes = 128.0
39.1307 	EXP 	hasPeriphery: texRes = 128.0
39.1307 	EXP 	noPeriphery: texRes = 128.0
39.1307 	EXP 	final: texRes = 128.0
39.3167 	EXP 	New trial (rep=0, index=2): {'startImage': 'C:\\Users\\hesselmann\\Desktop\\PsychoPyUniformityIllusion\\UniformityIllusionPsychoPy\\Pics\\3start.png', 'midImage': 'C:\\Users\\hesselmann\\Desktop\\PsychoPyUniformityIllusion\\UniformityIllusionPsychoPy\\Pics\\3a.png', 'endImage': 'C:\\Users\\hesselmann\\Desktop\\PsychoPyUniformityIllusion\\UniformityIllusionPsychoPy\\Pics\\3b.png', 'AB': 'b'}
39.5556 	DATA 	Keypress: space
39.5991 	EXP 	hasPeriphery: texRes = 128.0
39.5991 	EXP 	noPeriphery: texRes = 128.0
39.5991 	EXP 	final: texRes = 128.0
39.5991 	EXP 	hasPeriphery: autoDraw = False
39.5991 	EXP 	noPeriphery: autoDraw = False
39.5991 	EXP 	final: autoDraw = False
39.5991 	EXP 	blank_screen: autoDraw = False
39.5991 	EXP 	text: autoDraw = False
39.5991 	EXP 	hasPeriphery: size = array([1.77777778, 1.        ])
39.5991 	EXP 	hasPeriphery: image = 'C:\\Users\\hesselmann\\Desktop\\PsychoPyUniformityIllusion\\UniformityIllusionPsychoPy\\Pics\\3a.png'
39.5991 	EXP 	noPeriphery: size = array([1.77777778, 1.        ])
39.5991 	EXP 	noPeriphery: image = 'C:\\Users\\hesselmann\\Desktop\\PsychoPyUniformityIllusion\\UniformityIllusionPsychoPy\\Pics\\3start.png'
39.5991 	EXP 	final: size = array([1.77777778, 1.        ])
39.5991 	EXP 	final: image = 'C:\\Users\\hesselmann\\Desktop\\PsychoPyUniformityIllusion\\UniformityIllusionPsychoPy\\Pics\\3b.png'
39.5991 	EXP 	hasPeriphery: autoDraw = True
39.5991 	EXP 	hasPeriphery: texRes = 128.0
39.5991 	EXP 	noPeriphery: autoDraw = True
39.5991 	EXP 	noPeriphery: texRes = 128.0
39.5991 	EXP 	text: autoDraw = True
39.7549 	EXP 	hasPeriphery: texRes = 128.0
39.7549 	EXP 	noPeriphery: texRes = 128.0
39.9222 	EXP 	hasPeriphery: texRes = 128.0
39.9222 	EXP 	noPeriphery: texRes = 128.0
40.0883 	EXP 	hasPeriphery: texRes = 128.0
40.0883 	EXP 	noPeriphery: texRes = 128.0
40.2542 	EXP 	hasPeriphery: texRes = 128.0
40.2542 	EXP 	noPeriphery: texRes = 128.0
40.4167 	EXP 	hasPeriphery: texRes = 128.0
40.4167 	EXP 	noPeriphery: texRes = 128.0
40.5847 	EXP 	hasPeriphery: texRes = 128.0
40.5847 	EXP 	noPeriphery: texRes = 128.0
40.7572 	EXP 	hasPeriphery: texRes = 128.0
40.7572 	EXP 	noPeriphery: texRes = 128.0
40.9172 	EXP 	hasPeriphery: texRes = 128.0
40.9172 	EXP 	noPeriphery: texRes = 128.0
41.0804 	EXP 	hasPeriphery: texRes = 128.0
41.0804 	EXP 	noPeriphery: texRes = 128.0
41.2618 	EXP 	hasPeriphery: texRes = 128.0
41.2618 	EXP 	noPeriphery: texRes = 128.0
41.4241 	EXP 	hasPeriphery: texRes = 128.0
41.4241 	EXP 	noPeriphery: texRes = 128.0
41.5874 	EXP 	hasPeriphery: texRes = 128.0
41.5874 	EXP 	noPeriphery: texRes = 128.0
41.7551 	EXP 	hasPeriphery: texRes = 128.0
41.7551 	EXP 	noPeriphery: texRes = 128.0
41.9166 	EXP 	hasPeriphery: texRes = 128.0
41.9166 	EXP 	noPeriphery: texRes = 128.0
42.0902 	EXP 	hasPeriphery: texRes = 128.0
42.0902 	EXP 	noPeriphery: texRes = 128.0
42.2501 	EXP 	hasPeriphery: texRes = 128.0
42.2501 	EXP 	noPeriphery: texRes = 128.0
42.4153 	EXP 	hasPeriphery: texRes = 128.0
42.4153 	EXP 	noPeriphery: texRes = 128.0
42.5763 	EXP 	hasPeriphery: texRes = 128.0
42.5763 	EXP 	noPeriphery: texRes = 128.0
42.7335 	EXP 	hasPeriphery: texRes = 128.0
42.7335 	EXP 	noPeriphery: texRes = 128.0
42.8916 	EXP 	hasPeriphery: texRes = 128.0
42.8916 	EXP 	noPeriphery: texRes = 128.0
43.0508 	EXP 	hasPeriphery: texRes = 128.0
43.0508 	EXP 	noPeriphery: texRes = 128.0
43.2122 	EXP 	hasPeriphery: texRes = 128.0
43.2122 	EXP 	noPeriphery: texRes = 128.0
43.3756 	EXP 	hasPeriphery: texRes = 128.0
43.3756 	EXP 	noPeriphery: texRes = 128.0
43.5420 	EXP 	hasPeriphery: texRes = 128.0
43.5420 	EXP 	noPeriphery: texRes = 128.0
43.6911 	EXP 	hasPeriphery: texRes = 128.0
43.6911 	EXP 	noPeriphery: texRes = 128.0
43.8528 	EXP 	hasPeriphery: texRes = 128.0
43.8528 	EXP 	noPeriphery: texRes = 128.0
44.0141 	EXP 	hasPeriphery: texRes = 128.0
44.0141 	EXP 	noPeriphery: texRes = 128.0
44.1776 	EXP 	hasPeriphery: texRes = 128.0
44.1776 	EXP 	noPeriphery: texRes = 128.0
44.3307 	EXP 	hasPeriphery: texRes = 128.0
44.3307 	EXP 	noPeriphery: texRes = 128.0
44.4888 	EXP 	hasPeriphery: texRes = 128.0
44.4888 	EXP 	noPeriphery: texRes = 128.0
44.6535 	EXP 	hasPeriphery: texRes = 128.0
44.6535 	EXP 	noPeriphery: texRes = 128.0
44.8224 	EXP 	hasPeriphery: texRes = 128.0
44.8224 	EXP 	noPeriphery: texRes = 128.0
44.9821 	EXP 	hasPeriphery: texRes = 128.0
44.9821 	EXP 	noPeriphery: texRes = 128.0
45.1478 	EXP 	hasPeriphery: texRes = 128.0
45.1478 	EXP 	noPeriphery: texRes = 128.0
45.3244 	EXP 	hasPeriphery: texRes = 128.0
45.3244 	EXP 	noPeriphery: texRes = 128.0
45.3244 	EXP 	blank_screen: autoDraw = True
45.4904 	EXP 	New trial (rep=0, index=3): {'startImage': 'C:\\Users\\hesselmann\\Desktop\\PsychoPyUniformityIllusion\\UniformityIllusionPsychoPy\\Pics\\2start.png', 'midImage': 'C:\\Users\\hesselmann\\Desktop\\PsychoPyUniformityIllusion\\UniformityIllusionPsychoPy\\Pics\\2a.png', 'endImage': 'C:\\Users\\hesselmann\\Desktop\\PsychoPyUniformityIllusion\\UniformityIllusionPsychoPy\\Pics\\2a.png', 'AB': 'a'}
45.7250 	DATA 	Keypress: space
45.7701 	EXP 	hasPeriphery: texRes = 128.0
45.7701 	EXP 	noPeriphery: texRes = 128.0
45.7701 	EXP 	final: autoDraw = True
45.7701 	EXP 	final: texRes = 128.0
45.7701 	EXP 	hasPeriphery: autoDraw = False
45.7701 	EXP 	noPeriphery: autoDraw = False
45.7701 	EXP 	final: autoDraw = False
45.7701 	EXP 	blank_screen: autoDraw = False
45.7701 	EXP 	text: autoDraw = False
45.7701 	EXP 	hasPeriphery: size = array([1.77777778, 1.        ])
45.7701 	EXP 	hasPeriphery: image = 'C:\\Users\\hesselmann\\Desktop\\PsychoPyUniformityIllusion\\UniformityIllusionPsychoPy\\Pics\\2a.png'
45.7701 	EXP 	noPeriphery: size = array([1.77777778, 1.        ])
45.7701 	EXP 	noPeriphery: image = 'C:\\Users\\hesselmann\\Desktop\\PsychoPyUniformityIllusion\\UniformityIllusionPsychoPy\\Pics\\2start.png'
45.7701 	EXP 	final: size = array([1.77777778, 1.        ])
45.7701 	EXP 	final: image = 'C:\\Users\\hesselmann\\Desktop\\PsychoPyUniformityIllusion\\UniformityIllusionPsychoPy\\Pics\\2a.png'
45.7701 	EXP 	hasPeriphery: autoDraw = True
45.7701 	EXP 	hasPeriphery: texRes = 128.0
45.7701 	EXP 	noPeriphery: autoDraw = True
45.7701 	EXP 	noPeriphery: texRes = 128.0
45.7701 	EXP 	text: autoDraw = True
45.9155 	EXP 	hasPeriphery: texRes = 128.0
45.9155 	EXP 	noPeriphery: texRes = 128.0
46.0694 	EXP 	hasPeriphery: texRes = 128.0
46.0694 	EXP 	noPeriphery: texRes = 128.0
46.2241 	EXP 	hasPeriphery: texRes = 128.0
46.2241 	EXP 	noPeriphery: texRes = 128.0
46.3731 	EXP 	hasPeriphery: texRes = 128.0
46.3731 	EXP 	noPeriphery: texRes = 128.0
46.5331 	EXP 	hasPeriphery: texRes = 128.0
46.5331 	EXP 	noPeriphery: texRes = 128.0
46.6924 	EXP 	hasPeriphery: texRes = 128.0
46.6924 	EXP 	noPeriphery: texRes = 128.0
46.8499 	EXP 	hasPeriphery: texRes = 128.0
46.8499 	EXP 	noPeriphery: texRes = 128.0
47.0013 	EXP 	hasPeriphery: texRes = 128.0
47.0013 	EXP 	noPeriphery: texRes = 128.0
47.1598 	EXP 	hasPeriphery: texRes = 128.0
47.1598 	EXP 	noPeriphery: texRes = 128.0
47.3023 	EXP 	hasPeriphery: texRes = 128.0
47.3023 	EXP 	noPeriphery: texRes = 128.0
47.4774 	EXP 	hasPeriphery: texRes = 128.0
47.4774 	EXP 	noPeriphery: texRes = 128.0
47.6358 	EXP 	hasPeriphery: texRes = 128.0
47.6358 	EXP 	noPeriphery: texRes = 128.0
47.7989 	EXP 	hasPeriphery: texRes = 128.0
47.7989 	EXP 	noPeriphery: texRes = 128.0
47.9590 	EXP 	hasPeriphery: texRes = 128.0
47.9590 	EXP 	noPeriphery: texRes = 128.0
48.1291 	EXP 	hasPeriphery: texRes = 128.0
48.1291 	EXP 	noPeriphery: texRes = 128.0
48.2891 	EXP 	hasPeriphery: texRes = 128.0
48.2891 	EXP 	noPeriphery: texRes = 128.0
48.4526 	EXP 	hasPeriphery: texRes = 128.0
48.4526 	EXP 	noPeriphery: texRes = 128.0
48.6091 	EXP 	hasPeriphery: texRes = 128.0
48.6091 	EXP 	noPeriphery: texRes = 128.0
48.7748 	EXP 	hasPeriphery: texRes = 128.0
48.7748 	EXP 	noPeriphery: texRes = 128.0
48.9297 	EXP 	hasPeriphery: texRes = 128.0
48.9297 	EXP 	noPeriphery: texRes = 128.0
49.1078 	EXP 	hasPeriphery: texRes = 128.0
49.1078 	EXP 	noPeriphery: texRes = 128.0
49.1078 	EXP 	blank_screen: autoDraw = True
49.3425 	EXP 	hasPeriphery: texRes = 128.0
49.3425 	EXP 	noPeriphery: texRes = 128.0
49.3425 	EXP 	final: autoDraw = True
49.3425 	EXP 	final: texRes = 128.0
49.5704 	EXP 	hasPeriphery: texRes = 128.0
49.5704 	EXP 	noPeriphery: texRes = 128.0
49.5704 	EXP 	final: texRes = 128.0
49.5704 	EXP 	blank_screen: autoDraw = False
49.7963 	EXP 	hasPeriphery: texRes = 128.0
49.7963 	EXP 	noPeriphery: texRes = 128.0
49.7963 	EXP 	final: texRes = 128.0
50.0226 	EXP 	hasPeriphery: texRes = 128.0
50.0226 	EXP 	noPeriphery: texRes = 128.0
50.0226 	EXP 	final: texRes = 128.0
50.2534 	EXP 	hasPeriphery: texRes = 128.0
50.2534 	EXP 	noPeriphery: texRes = 128.0
50.2534 	EXP 	final: texRes = 128.0
50.4839 	EXP 	hasPeriphery: texRes = 128.0
50.4839 	EXP 	noPeriphery: texRes = 128.0
50.4839 	EXP 	final: texRes = 128.0
50.7302 	EXP 	hasPeriphery: texRes = 128.0
50.7302 	EXP 	noPeriphery: texRes = 128.0
50.7302 	EXP 	final: texRes = 128.0
50.7302 	EXP 	blank_screen: autoDraw = True
50.9738 	EXP 	hasPeriphery: texRes = 128.0
50.9738 	EXP 	noPeriphery: texRes = 128.0
50.9738 	EXP 	final: texRes = 128.0
51.2134 	EXP 	hasPeriphery: texRes = 128.0
51.2134 	EXP 	noPeriphery: texRes = 128.0
51.2134 	EXP 	final: texRes = 128.0
51.2134 	EXP 	blank_screen: autoDraw = False
51.4627 	EXP 	hasPeriphery: texRes = 128.0
51.4627 	EXP 	noPeriphery: texRes = 128.0
51.4627 	EXP 	final: texRes = 128.0
51.7161 	EXP 	hasPeriphery: texRes = 128.0
51.7161 	EXP 	noPeriphery: texRes = 128.0
51.7161 	EXP 	final: texRes = 128.0
51.9570 	EXP 	hasPeriphery: texRes = 128.0
51.9570 	EXP 	noPeriphery: texRes = 128.0
51.9570 	EXP 	final: texRes = 128.0
52.1827 	EXP 	hasPeriphery: texRes = 128.0
52.1827 	EXP 	noPeriphery: texRes = 128.0
52.1827 	EXP 	final: texRes = 128.0
52.4228 	EXP 	hasPeriphery: texRes = 128.0
52.4228 	EXP 	noPeriphery: texRes = 128.0
52.4228 	EXP 	final: texRes = 128.0
52.4228 	EXP 	blank_screen: autoDraw = True
52.6762 	EXP 	hasPeriphery: texRes = 128.0
52.6762 	EXP 	noPeriphery: texRes = 128.0
52.6762 	EXP 	final: texRes = 128.0
52.9053 	EXP 	hasPeriphery: texRes = 128.0
52.9053 	EXP 	noPeriphery: texRes = 128.0
52.9053 	EXP 	final: texRes = 128.0
52.9053 	EXP 	blank_screen: autoDraw = False
53.1563 	EXP 	hasPeriphery: texRes = 128.0
53.1563 	EXP 	noPeriphery: texRes = 128.0
53.1563 	EXP 	final: texRes = 128.0
53.3963 	EXP 	hasPeriphery: texRes = 128.0
53.3963 	EXP 	noPeriphery: texRes = 128.0
53.3963 	EXP 	final: texRes = 128.0
53.6499 	EXP 	hasPeriphery: texRes = 128.0
53.6499 	EXP 	noPeriphery: texRes = 128.0
53.6499 	EXP 	final: texRes = 128.0
53.8791 	EXP 	hasPeriphery: texRes = 128.0
53.8791 	EXP 	noPeriphery: texRes = 128.0
53.8791 	EXP 	final: texRes = 128.0
54.1073 	EXP 	hasPeriphery: texRes = 128.0
54.1073 	EXP 	noPeriphery: texRes = 128.0
54.1073 	EXP 	final: texRes = 128.0
54.1073 	EXP 	blank_screen: autoDraw = True
54.3535 	EXP 	hasPeriphery: texRes = 128.0
54.3535 	EXP 	noPeriphery: texRes = 128.0
54.3535 	EXP 	final: texRes = 128.0
54.6100 	EXP 	hasPeriphery: texRes = 128.0
54.6100 	EXP 	noPeriphery: texRes = 128.0
54.6100 	EXP 	final: texRes = 128.0
54.6100 	EXP 	blank_screen: autoDraw = False
54.8546 	EXP 	hasPeriphery: texRes = 128.0
54.8546 	EXP 	noPeriphery: texRes = 128.0
54.8546 	EXP 	final: texRes = 128.0
55.0805 	EXP 	hasPeriphery: texRes = 128.0
55.0805 	EXP 	noPeriphery: texRes = 128.0
55.0805 	EXP 	final: texRes = 128.0
55.2440 	EXP 	New trial (rep=0, index=4): {'startImage': 'C:\\Users\\hesselmann\\Desktop\\PsychoPyUniformityIllusion\\UniformityIllusionPsychoPy\\Pics\\2start.png', 'midImage': 'C:\\Users\\hesselmann\\Desktop\\PsychoPyUniformityIllusion\\UniformityIllusionPsychoPy\\Pics\\2a.png', 'endImage': 'C:\\Users\\hesselmann\\Desktop\\PsychoPyUniformityIllusion\\UniformityIllusionPsychoPy\\Pics\\2b.png', 'AB': 'b'}
55.4868 	EXP 	New trial (rep=0, index=5): {'startImage': 'C:\\Users\\hesselmann\\Desktop\\PsychoPyUniformityIllusion\\UniformityIllusionPsychoPy\\Pics\\1start.png', 'midImage': 'C:\\Users\\hesselmann\\Desktop\\PsychoPyUniformityIllusion\\UniformityIllusionPsychoPy\\Pics\\1a.png', 'endImage': 'C:\\Users\\hesselmann\\Desktop\\PsychoPyUniformityIllusion\\UniformityIllusionPsychoPy\\Pics\\1a.png', 'AB': 'a'}
55.8499 	EXP 	hasPeriphery: texRes = 128.0
55.8499 	EXP 	noPeriphery: texRes = 128.0
55.8499 	EXP 	final: texRes = 128.0
55.8499 	EXP 	hasPeriphery: autoDraw = False
55.8499 	EXP 	noPeriphery: autoDraw = False
55.8499 	EXP 	final: autoDraw = False
55.8499 	EXP 	blank_screen: autoDraw = False
55.8499 	EXP 	text: autoDraw = False
55.8499 	EXP 	hasPeriphery: size = array([1.77777778, 1.        ])
55.8499 	EXP 	hasPeriphery: image = 'C:\\Users\\hesselmann\\Desktop\\PsychoPyUniformityIllusion\\UniformityIllusionPsychoPy\\Pics\\2a.png'
55.8499 	EXP 	noPeriphery: size = array([1.77777778, 1.        ])
55.8499 	EXP 	noPeriphery: image = 'C:\\Users\\hesselmann\\Desktop\\PsychoPyUniformityIllusion\\UniformityIllusionPsychoPy\\Pics\\2start.png'
55.8499 	EXP 	final: size = array([1.77777778, 1.        ])
55.8499 	EXP 	final: image = 'C:\\Users\\hesselmann\\Desktop\\PsychoPyUniformityIllusion\\UniformityIllusionPsychoPy\\Pics\\2b.png'
55.8499 	EXP 	hasPeriphery: autoDraw = True
55.8499 	EXP 	hasPeriphery: texRes = 128.0
55.8499 	EXP 	noPeriphery: autoDraw = True
55.8499 	EXP 	noPeriphery: texRes = 128.0
55.8499 	EXP 	text: autoDraw = True
55.8499 	EXP 	hasPeriphery: autoDraw = False
55.8499 	EXP 	noPeriphery: autoDraw = False
55.8499 	EXP 	final: autoDraw = False
55.8499 	EXP 	blank_screen: autoDraw = False
55.8499 	EXP 	text: autoDraw = False
55.8499 	EXP 	hasPeriphery: size = array([1.77777778, 1.        ])
55.8499 	EXP 	hasPeriphery: image = 'C:\\Users\\hesselmann\\Desktop\\PsychoPyUniformityIllusion\\UniformityIllusionPsychoPy\\Pics\\1a.png'
55.8499 	EXP 	noPeriphery: size = array([1.77777778, 1.        ])
55.8499 	EXP 	noPeriphery: image = 'C:\\Users\\hesselmann\\Desktop\\PsychoPyUniformityIllusion\\UniformityIllusionPsychoPy\\Pics\\1start.png'
55.8499 	EXP 	final: size = array([1.77777778, 1.        ])
55.8499 	EXP 	final: image = 'C:\\Users\\hesselmann\\Desktop\\PsychoPyUniformityIllusion\\UniformityIllusionPsychoPy\\Pics\\1a.png'
55.8499 	EXP 	hasPeriphery: autoDraw = True
55.8499 	EXP 	hasPeriphery: texRes = 128.0
55.8499 	EXP 	noPeriphery: autoDraw = True
55.8499 	EXP 	noPeriphery: texRes = 128.0
55.8499 	EXP 	text: autoDraw = True
56.0499 	EXP 	hasPeriphery: texRes = 128.0
56.0499 	EXP 	noPeriphery: texRes = 128.0
56.2429 	EXP 	hasPeriphery: texRes = 128.0
56.2429 	EXP 	noPeriphery: texRes = 128.0
56.4232 	EXP 	hasPeriphery: texRes = 128.0
56.4232 	EXP 	noPeriphery: texRes = 128.0
56.6099 	EXP 	hasPeriphery: texRes = 128.0
56.6099 	EXP 	noPeriphery: texRes = 128.0
56.7967 	EXP 	hasPeriphery: texRes = 128.0
56.7967 	EXP 	noPeriphery: texRes = 128.0
56.9832 	EXP 	hasPeriphery: texRes = 128.0
56.9832 	EXP 	noPeriphery: texRes = 128.0
57.1832 	EXP 	hasPeriphery: texRes = 128.0
57.1832 	EXP 	noPeriphery: texRes = 128.0
57.3705 	EXP 	hasPeriphery: texRes = 128.0
57.3705 	EXP 	noPeriphery: texRes = 128.0
57.5581 	EXP 	hasPeriphery: texRes = 128.0
57.5581 	EXP 	noPeriphery: texRes = 128.0
57.7503 	EXP 	hasPeriphery: texRes = 128.0
57.7503 	EXP 	noPeriphery: texRes = 128.0
57.9434 	EXP 	hasPeriphery: texRes = 128.0
57.9434 	EXP 	noPeriphery: texRes = 128.0
58.1311 	EXP 	hasPeriphery: texRes = 128.0
58.1311 	EXP 	noPeriphery: texRes = 128.0
58.3301 	EXP 	hasPeriphery: texRes = 128.0
58.3301 	EXP 	noPeriphery: texRes = 128.0
58.5172 	EXP 	hasPeriphery: texRes = 128.0
58.5172 	EXP 	noPeriphery: texRes = 128.0
58.7167 	EXP 	hasPeriphery: texRes = 128.0
58.7167 	EXP 	noPeriphery: texRes = 128.0
58.9035 	EXP 	hasPeriphery: texRes = 128.0
58.9035 	EXP 	noPeriphery: texRes = 128.0
59.0905 	EXP 	hasPeriphery: texRes = 128.0
59.0905 	EXP 	noPeriphery: texRes = 128.0
59.2851 	EXP 	hasPeriphery: texRes = 128.0
59.2851 	EXP 	noPeriphery: texRes = 128.0
59.4779 	EXP 	hasPeriphery: texRes = 128.0
59.4779 	EXP 	noPeriphery: texRes = 128.0
59.6785 	EXP 	hasPeriphery: texRes = 128.0
59.6785 	EXP 	noPeriphery: texRes = 128.0
59.8635 	EXP 	hasPeriphery: texRes = 128.0
59.8635 	EXP 	noPeriphery: texRes = 128.0
60.0636 	EXP 	hasPeriphery: texRes = 128.0
60.0636 	EXP 	noPeriphery: texRes = 128.0
60.2502 	EXP 	hasPeriphery: texRes = 128.0
60.2502 	EXP 	noPeriphery: texRes = 128.0
60.4383 	EXP 	hasPeriphery: texRes = 128.0
60.4383 	EXP 	noPeriphery: texRes = 128.0
60.6249 	EXP 	hasPeriphery: texRes = 128.0
60.6249 	EXP 	noPeriphery: texRes = 128.0
60.8126 	EXP 	hasPeriphery: texRes = 128.0
60.8126 	EXP 	noPeriphery: texRes = 128.0
60.9839 	EXP 	hasPeriphery: texRes = 128.0
60.9839 	EXP 	noPeriphery: texRes = 128.0
61.1837 	EXP 	hasPeriphery: texRes = 128.0
61.1837 	EXP 	noPeriphery: texRes = 128.0
61.3837 	EXP 	hasPeriphery: texRes = 128.0
61.3837 	EXP 	noPeriphery: texRes = 128.0
61.5704 	EXP 	hasPeriphery: texRes = 128.0
61.5704 	EXP 	noPeriphery: texRes = 128.0
61.7571 	EXP 	hasPeriphery: texRes = 128.0
61.7571 	EXP 	noPeriphery: texRes = 128.0
61.9467 	EXP 	hasPeriphery: texRes = 128.0
61.9467 	EXP 	noPeriphery: texRes = 128.0
62.1206 	EXP 	hasPeriphery: texRes = 128.0
62.1206 	EXP 	noPeriphery: texRes = 128.0
62.3191 	EXP 	hasPeriphery: texRes = 128.0
62.3191 	EXP 	noPeriphery: texRes = 128.0
62.5172 	EXP 	hasPeriphery: texRes = 128.0
62.5172 	EXP 	noPeriphery: texRes = 128.0
62.5172 	EXP 	blank_screen: autoDraw = True
62.8034 	EXP 	hasPeriphery: texRes = 128.0
62.8034 	EXP 	noPeriphery: texRes = 128.0
62.8034 	EXP 	final: autoDraw = True
62.8034 	EXP 	final: texRes = 128.0
63.0905 	EXP 	hasPeriphery: texRes = 128.0
63.0905 	EXP 	noPeriphery: texRes = 128.0
63.0905 	EXP 	final: texRes = 128.0
63.0905 	EXP 	blank_screen: autoDraw = False
63.3607 	EXP 	hasPeriphery: texRes = 128.0
63.3607 	EXP 	noPeriphery: texRes = 128.0
63.3607 	EXP 	final: texRes = 128.0
63.6403 	EXP 	hasPeriphery: texRes = 128.0
63.6403 	EXP 	noPeriphery: texRes = 128.0
63.6403 	EXP 	final: texRes = 128.0
63.9116 	EXP 	hasPeriphery: texRes = 128.0
63.9116 	EXP 	noPeriphery: texRes = 128.0
63.9116 	EXP 	final: texRes = 128.0
64.1974 	EXP 	hasPeriphery: texRes = 128.0
64.1974 	EXP 	noPeriphery: texRes = 128.0
64.1974 	EXP 	final: texRes = 128.0
64.4827 	EXP 	hasPeriphery: texRes = 128.0
64.4827 	EXP 	noPeriphery: texRes = 128.0
64.4827 	EXP 	final: texRes = 128.0
64.4827 	EXP 	blank_screen: autoDraw = True
64.7711 	EXP 	hasPeriphery: texRes = 128.0
64.7711 	EXP 	noPeriphery: texRes = 128.0
64.7711 	EXP 	final: texRes = 128.0
65.0507 	EXP 	hasPeriphery: texRes = 128.0
65.0507 	EXP 	noPeriphery: texRes = 128.0
65.0507 	EXP 	final: texRes = 128.0
65.0507 	EXP 	blank_screen: autoDraw = False
65.3308 	EXP 	hasPeriphery: texRes = 128.0
65.3308 	EXP 	noPeriphery: texRes = 128.0
65.3308 	EXP 	final: texRes = 128.0
65.6012 	EXP 	hasPeriphery: texRes = 128.0
65.6012 	EXP 	noPeriphery: texRes = 128.0
65.6012 	EXP 	final: texRes = 128.0
65.8692 	EXP 	hasPeriphery: texRes = 128.0
65.8692 	EXP 	noPeriphery: texRes = 128.0
65.8692 	EXP 	final: texRes = 128.0
65.9575 	EXP 	hasPeriphery: autoDraw = False
65.9575 	EXP 	noPeriphery: autoDraw = False
65.9575 	EXP 	final: texRes = 128.0
66.0508 	EXP 	final: texRes = 128.0
66.1451 	EXP 	final: texRes = 128.0
66.2508 	EXP 	final: texRes = 128.0
66.3442 	EXP 	final: texRes = 128.0
66.4510 	EXP 	final: texRes = 128.0
66.5443 	EXP 	final: texRes = 128.0
66.6509 	EXP 	final: texRes = 128.0
66.7450 	EXP 	final: texRes = 128.0
66.8376 	EXP 	final: texRes = 128.0
66.9372 	EXP 	final: texRes = 128.0
67.0379 	EXP 	final: texRes = 128.0
67.1309 	EXP 	final: texRes = 128.0
67.2255 	EXP 	final: texRes = 128.0
67.3176 	EXP 	final: texRes = 128.0
67.4243 	EXP 	final: texRes = 128.0
67.5176 	EXP 	final: texRes = 128.0
67.6149 	EXP 	final: texRes = 128.0
67.7194 	EXP 	final: texRes = 128.0
67.7993 	EXP 	final: texRes = 128.0
67.7993 	EXP 	hasPeriphery: autoDraw = False
67.7993 	EXP 	noPeriphery: autoDraw = False
67.7993 	EXP 	final: autoDraw = False
67.7993 	EXP 	blank_screen: autoDraw = False
67.7993 	EXP 	text: autoDraw = False
67.7993 	EXP 	WelcomeText: autoDraw = True
69.8035 	EXP 	Imported picPaths.xlsx as conditions, 24 conditions, 4 params
69.8041 	EXP 	Created sequence: random, trialTypes=24, nReps=1, seed=None
69.8044 	EXP 	New trial (rep=0, index=0): {'startImage': 'C:\\Users\\hesselmann\\Desktop\\PsychoPyUniformityIllusion\\UniformityIllusionPsychoPy\\Pics\\12start.png', 'midImage': 'C:\\Users\\hesselmann\\Desktop\\PsychoPyUniformityIllusion\\UniformityIllusionPsychoPy\\Pics\\12a.png', 'endImage': 'C:\\Users\\hesselmann\\Desktop\\PsychoPyUniformityIllusion\\UniformityIllusionPsychoPy\\Pics\\12a.png', 'AB': None}
70.1179 	EXP 	WelcomeText: autoDraw = False
70.1179 	EXP 	hasPeriphery: size = array([1.77777778, 1.        ])
70.1179 	EXP 	hasPeriphery: image = 'C:\\Users\\hesselmann\\Desktop\\PsychoPyUniformityIllusion\\UniformityIllusionPsychoPy\\Pics\\12a.png'
70.1179 	EXP 	noPeriphery: size = array([1.77777778, 1.        ])
70.1179 	EXP 	noPeriphery: image = 'C:\\Users\\hesselmann\\Desktop\\PsychoPyUniformityIllusion\\UniformityIllusionPsychoPy\\Pics\\12start.png'
70.1179 	EXP 	final: size = array([1.77777778, 1.        ])
70.1179 	EXP 	final: image = 'C:\\Users\\hesselmann\\Desktop\\PsychoPyUniformityIllusion\\UniformityIllusionPsychoPy\\Pics\\12a.png'
70.1179 	EXP 	hasPeriphery: autoDraw = True
70.1179 	EXP 	hasPeriphery: texRes = 128.0
70.1179 	EXP 	noPeriphery: autoDraw = True
70.1179 	EXP 	noPeriphery: texRes = 128.0
70.1179 	EXP 	text: autoDraw = True
70.2807 	EXP 	hasPeriphery: texRes = 128.0
70.2807 	EXP 	noPeriphery: texRes = 128.0
70.4552 	EXP 	hasPeriphery: texRes = 128.0
70.4552 	EXP 	noPeriphery: texRes = 128.0
70.6160 	EXP 	hasPeriphery: texRes = 128.0
70.6160 	EXP 	noPeriphery: texRes = 128.0
70.7713 	EXP 	hasPeriphery: texRes = 128.0
70.7713 	EXP 	noPeriphery: texRes = 128.0
70.9329 	EXP 	hasPeriphery: texRes = 128.0
70.9329 	EXP 	noPeriphery: texRes = 128.0
71.0925 	EXP 	hasPeriphery: texRes = 128.0
71.0925 	EXP 	noPeriphery: texRes = 128.0
71.2582 	EXP 	hasPeriphery: texRes = 128.0
71.2582 	EXP 	noPeriphery: texRes = 128.0
71.4286 	EXP 	hasPeriphery: texRes = 128.0
71.4286 	EXP 	noPeriphery: texRes = 128.0
71.5847 	EXP 	hasPeriphery: texRes = 128.0
71.5847 	EXP 	noPeriphery: texRes = 128.0
71.7358 	EXP 	hasPeriphery: texRes = 128.0
71.7358 	EXP 	noPeriphery: texRes = 128.0
71.8932 	EXP 	hasPeriphery: texRes = 128.0
71.8932 	EXP 	noPeriphery: texRes = 128.0
72.0526 	EXP 	hasPeriphery: texRes = 128.0
72.0526 	EXP 	noPeriphery: texRes = 128.0
72.2200 	EXP 	hasPeriphery: texRes = 128.0
72.2200 	EXP 	noPeriphery: texRes = 128.0
72.3855 	EXP 	hasPeriphery: texRes = 128.0
72.3855 	EXP 	noPeriphery: texRes = 128.0
72.5448 	EXP 	hasPeriphery: texRes = 128.0
72.5448 	EXP 	noPeriphery: texRes = 128.0
72.7113 	EXP 	hasPeriphery: texRes = 128.0
72.7113 	EXP 	noPeriphery: texRes = 128.0
72.8673 	EXP 	hasPeriphery: texRes = 128.0
72.8673 	EXP 	noPeriphery: texRes = 128.0
73.0331 	EXP 	hasPeriphery: texRes = 128.0
73.0331 	EXP 	noPeriphery: texRes = 128.0
73.1986 	EXP 	hasPeriphery: texRes = 128.0
73.1986 	EXP 	noPeriphery: texRes = 128.0
73.3672 	EXP 	hasPeriphery: texRes = 128.0
73.3672 	EXP 	noPeriphery: texRes = 128.0
73.5599 	EXP 	hasPeriphery: texRes = 128.0
73.5599 	EXP 	noPeriphery: texRes = 128.0
73.5599 	EXP 	blank_screen: autoDraw = True
73.7865 	EXP 	hasPeriphery: texRes = 128.0
73.7865 	EXP 	noPeriphery: texRes = 128.0
73.7865 	EXP 	final: autoDraw = True
73.7865 	EXP 	final: texRes = 128.0
74.0053 	EXP 	hasPeriphery: texRes = 128.0
74.0053 	EXP 	noPeriphery: texRes = 128.0
74.0053 	EXP 	final: texRes = 128.0
74.0053 	EXP 	blank_screen: autoDraw = False
74.2383 	EXP 	hasPeriphery: texRes = 128.0
74.2383 	EXP 	noPeriphery: texRes = 128.0
74.2383 	EXP 	final: texRes = 128.0
74.4562 	EXP 	hasPeriphery: texRes = 128.0
74.4562 	EXP 	noPeriphery: texRes = 128.0
74.4562 	EXP 	final: texRes = 128.0
74.6845 	EXP 	hasPeriphery: texRes = 128.0
74.6845 	EXP 	noPeriphery: texRes = 128.0
74.6845 	EXP 	final: texRes = 128.0
74.9050 	EXP 	hasPeriphery: texRes = 128.0
74.9050 	EXP 	noPeriphery: texRes = 128.0
74.9050 	EXP 	final: texRes = 128.0
75.1584 	EXP 	hasPeriphery: texRes = 128.0
75.1584 	EXP 	noPeriphery: texRes = 128.0
75.1584 	EXP 	final: texRes = 128.0
75.1584 	EXP 	blank_screen: autoDraw = True
75.3882 	EXP 	hasPeriphery: texRes = 128.0
75.3882 	EXP 	noPeriphery: texRes = 128.0
75.3882 	EXP 	final: texRes = 128.0
75.6126 	EXP 	hasPeriphery: texRes = 128.0
75.6126 	EXP 	noPeriphery: texRes = 128.0
75.6126 	EXP 	final: texRes = 128.0
75.6126 	EXP 	blank_screen: autoDraw = False
75.8401 	EXP 	hasPeriphery: texRes = 128.0
75.8401 	EXP 	noPeriphery: texRes = 128.0
75.8401 	EXP 	final: texRes = 128.0
76.0290 	DATA 	Keypress: space
76.0652 	EXP 	hasPeriphery: texRes = 128.0
76.0652 	EXP 	noPeriphery: texRes = 128.0
76.0652 	EXP 	final: texRes = 128.0
76.2144 	EXP 	New trial (rep=0, index=1): {'startImage': 'C:\\Users\\hesselmann\\Desktop\\PsychoPyUniformityIllusion\\UniformityIllusionPsychoPy\\Pics\\7start.png', 'midImage': 'C:\\Users\\hesselmann\\Desktop\\PsychoPyUniformityIllusion\\UniformityIllusionPsychoPy\\Pics\\7a.png', 'endImage': 'C:\\Users\\hesselmann\\Desktop\\PsychoPyUniformityIllusion\\UniformityIllusionPsychoPy\\Pics\\7b.png', 'AB': None}
76.5612 	EXP 	hasPeriphery: texRes = 128.0
76.5612 	EXP 	noPeriphery: texRes = 128.0
76.5612 	EXP 	final: texRes = 128.0
76.5612 	EXP 	hasPeriphery: autoDraw = False
76.5612 	EXP 	noPeriphery: autoDraw = False
76.5612 	EXP 	final: autoDraw = False
76.5612 	EXP 	blank_screen: autoDraw = False
76.5612 	EXP 	text: autoDraw = False
76.5612 	EXP 	hasPeriphery: size = array([1.77777778, 1.        ])
76.5612 	EXP 	hasPeriphery: image = 'C:\\Users\\hesselmann\\Desktop\\PsychoPyUniformityIllusion\\UniformityIllusionPsychoPy\\Pics\\7a.png'
76.5612 	EXP 	noPeriphery: size = array([1.77777778, 1.        ])
76.5612 	EXP 	noPeriphery: image = 'C:\\Users\\hesselmann\\Desktop\\PsychoPyUniformityIllusion\\UniformityIllusionPsychoPy\\Pics\\7start.png'
76.5612 	EXP 	final: size = array([1.77777778, 1.        ])
76.5612 	EXP 	final: image = 'C:\\Users\\hesselmann\\Desktop\\PsychoPyUniformityIllusion\\UniformityIllusionPsychoPy\\Pics\\7b.png'
76.5612 	EXP 	hasPeriphery: autoDraw = True
76.5612 	EXP 	hasPeriphery: texRes = 128.0
76.5612 	EXP 	noPeriphery: autoDraw = True
76.5612 	EXP 	noPeriphery: texRes = 128.0
76.5612 	EXP 	text: autoDraw = True
76.7328 	EXP 	hasPeriphery: texRes = 128.0
76.7328 	EXP 	noPeriphery: texRes = 128.0
76.9192 	EXP 	hasPeriphery: texRes = 128.0
76.9192 	EXP 	noPeriphery: texRes = 128.0
77.1089 	EXP 	hasPeriphery: texRes = 128.0
77.1089 	EXP 	noPeriphery: texRes = 128.0
77.3053 	EXP 	hasPeriphery: texRes = 128.0
77.3053 	EXP 	noPeriphery: texRes = 128.0
77.5053 	EXP 	hasPeriphery: texRes = 128.0
77.5053 	EXP 	noPeriphery: texRes = 128.0
77.6921 	EXP 	hasPeriphery: texRes = 128.0
77.6921 	EXP 	noPeriphery: texRes = 128.0
77.8921 	EXP 	hasPeriphery: texRes = 128.0
77.8921 	EXP 	noPeriphery: texRes = 128.0
78.0798 	EXP 	hasPeriphery: texRes = 128.0
78.0798 	EXP 	noPeriphery: texRes = 128.0
78.2787 	EXP 	hasPeriphery: texRes = 128.0
78.2787 	EXP 	noPeriphery: texRes = 128.0
78.4653 	EXP 	hasPeriphery: texRes = 128.0
78.4653 	EXP 	noPeriphery: texRes = 128.0
78.6585 	EXP 	hasPeriphery: texRes = 128.0
78.6585 	EXP 	noPeriphery: texRes = 128.0
78.8543 	EXP 	hasPeriphery: texRes = 128.0
78.8543 	EXP 	noPeriphery: texRes = 128.0
79.0521 	EXP 	hasPeriphery: texRes = 128.0
79.0521 	EXP 	noPeriphery: texRes = 128.0
79.2045 	DATA 	Keypress: space
79.2402 	EXP 	hasPeriphery: texRes = 128.0
79.2402 	EXP 	noPeriphery: texRes = 128.0
79.3963 	EXP 	New trial (rep=0, index=2): {'startImage': 'C:\\Users\\hesselmann\\Desktop\\PsychoPyUniformityIllusion\\UniformityIllusionPsychoPy\\Pics\\6start.png', 'midImage': 'C:\\Users\\hesselmann\\Desktop\\PsychoPyUniformityIllusion\\UniformityIllusionPsychoPy\\Pics\\6a.png', 'endImage': 'C:\\Users\\hesselmann\\Desktop\\PsychoPyUniformityIllusion\\UniformityIllusionPsychoPy\\Pics\\6b.png', 'AB': 'b'}
79.6939 	EXP 	hasPeriphery: texRes = 128.0
79.6939 	EXP 	noPeriphery: texRes = 128.0
79.6939 	EXP 	hasPeriphery: autoDraw = False
79.6939 	EXP 	noPeriphery: autoDraw = False
79.6939 	EXP 	final: autoDraw = False
79.6939 	EXP 	blank_screen: autoDraw = False
79.6939 	EXP 	text: autoDraw = False
79.6939 	EXP 	hasPeriphery: size = array([1.77777778, 1.        ])
79.6939 	EXP 	hasPeriphery: image = 'C:\\Users\\hesselmann\\Desktop\\PsychoPyUniformityIllusion\\UniformityIllusionPsychoPy\\Pics\\6a.png'
79.6939 	EXP 	noPeriphery: size = array([1.77777778, 1.        ])
79.6939 	EXP 	noPeriphery: image = 'C:\\Users\\hesselmann\\Desktop\\PsychoPyUniformityIllusion\\UniformityIllusionPsychoPy\\Pics\\6start.png'
79.6939 	EXP 	final: size = array([1.77777778, 1.        ])
79.6939 	EXP 	final: image = 'C:\\Users\\hesselmann\\Desktop\\PsychoPyUniformityIllusion\\UniformityIllusionPsychoPy\\Pics\\6b.png'
79.6939 	EXP 	hasPeriphery: autoDraw = True
79.6939 	EXP 	hasPeriphery: texRes = 128.0
79.6939 	EXP 	noPeriphery: autoDraw = True
79.6939 	EXP 	noPeriphery: texRes = 128.0
79.6939 	EXP 	text: autoDraw = True
79.8525 	EXP 	hasPeriphery: texRes = 128.0
79.8525 	EXP 	noPeriphery: texRes = 128.0
80.0255 	EXP 	hasPeriphery: texRes = 128.0
80.0255 	EXP 	noPeriphery: texRes = 128.0
80.2006 	EXP 	hasPeriphery: texRes = 128.0
80.2006 	EXP 	noPeriphery: texRes = 128.0
80.3661 	EXP 	hasPeriphery: texRes = 128.0
80.3661 	EXP 	noPeriphery: texRes = 128.0
80.5463 	EXP 	hasPeriphery: texRes = 128.0
80.5463 	EXP 	noPeriphery: texRes = 128.0
80.7189 	EXP 	hasPeriphery: texRes = 128.0
80.7189 	EXP 	noPeriphery: texRes = 128.0
80.8855 	EXP 	hasPeriphery: texRes = 128.0
80.8855 	EXP 	noPeriphery: texRes = 128.0
81.0536 	EXP 	hasPeriphery: texRes = 128.0
81.0536 	EXP 	noPeriphery: texRes = 128.0
81.2300 	EXP 	hasPeriphery: texRes = 128.0
81.2300 	EXP 	noPeriphery: texRes = 128.0
81.4050 	EXP 	hasPeriphery: texRes = 128.0
81.4050 	EXP 	noPeriphery: texRes = 128.0
81.5776 	EXP 	hasPeriphery: texRes = 128.0
81.5776 	EXP 	noPeriphery: texRes = 128.0
81.7484 	EXP 	hasPeriphery: texRes = 128.0
81.7484 	EXP 	noPeriphery: texRes = 128.0
81.9201 	EXP 	hasPeriphery: texRes = 128.0
81.9201 	EXP 	noPeriphery: texRes = 128.0
82.0945 	EXP 	hasPeriphery: texRes = 128.0
82.0945 	EXP 	noPeriphery: texRes = 128.0
82.2663 	EXP 	hasPeriphery: texRes = 128.0
82.2663 	EXP 	noPeriphery: texRes = 128.0
82.4391 	EXP 	hasPeriphery: texRes = 128.0
82.4391 	EXP 	noPeriphery: texRes = 128.0
82.6131 	EXP 	hasPeriphery: texRes = 128.0
82.6131 	EXP 	noPeriphery: texRes = 128.0
82.7779 	EXP 	hasPeriphery: texRes = 128.0
82.7779 	EXP 	noPeriphery: texRes = 128.0
82.9612 	EXP 	hasPeriphery: texRes = 128.0
82.9612 	EXP 	noPeriphery: texRes = 128.0
83.1329 	EXP 	hasPeriphery: texRes = 128.0
83.1329 	EXP 	noPeriphery: texRes = 128.0
83.3219 	EXP 	hasPeriphery: texRes = 128.0
83.3219 	EXP 	noPeriphery: texRes = 128.0
83.4931 	EXP 	hasPeriphery: texRes = 128.0
83.4931 	EXP 	noPeriphery: texRes = 128.0
83.6810 	EXP 	hasPeriphery: texRes = 128.0
83.6810 	EXP 	noPeriphery: texRes = 128.0
83.8459 	EXP 	hasPeriphery: texRes = 128.0
83.8459 	EXP 	noPeriphery: texRes = 128.0
84.0284 	EXP 	hasPeriphery: texRes = 128.0
84.0284 	EXP 	noPeriphery: texRes = 128.0
84.1992 	EXP 	hasPeriphery: texRes = 128.0
84.1992 	EXP 	noPeriphery: texRes = 128.0
84.3730 	EXP 	hasPeriphery: texRes = 128.0
84.3730 	EXP 	noPeriphery: texRes = 128.0
84.5641 	EXP 	hasPeriphery: texRes = 128.0
84.5641 	EXP 	noPeriphery: texRes = 128.0
84.6764 	EXP 	New trial (rep=0, index=3): {'startImage': 'C:\\Users\\hesselmann\\Desktop\\PsychoPyUniformityIllusion\\UniformityIllusionPsychoPy\\Pics\\11start.png', 'midImage': 'C:\\Users\\hesselmann\\Desktop\\PsychoPyUniformityIllusion\\UniformityIllusionPsychoPy\\Pics\\11a.png', 'endImage': 'C:\\Users\\hesselmann\\Desktop\\PsychoPyUniformityIllusion\\UniformityIllusionPsychoPy\\Pics\\11b.png', 'AB': None}
85.0230 	DATA 	Keypress: space
85.0534 	EXP 	hasPeriphery: texRes = 128.0
85.0534 	EXP 	noPeriphery: texRes = 128.0
85.0534 	EXP 	hasPeriphery: autoDraw = False
85.0534 	EXP 	noPeriphery: autoDraw = False
85.0534 	EXP 	final: autoDraw = False
85.0534 	EXP 	blank_screen: autoDraw = False
85.0534 	EXP 	text: autoDraw = False
85.0534 	EXP 	hasPeriphery: size = array([1.77777778, 1.        ])
85.0534 	EXP 	hasPeriphery: image = 'C:\\Users\\hesselmann\\Desktop\\PsychoPyUniformityIllusion\\UniformityIllusionPsychoPy\\Pics\\11a.png'
85.0534 	EXP 	noPeriphery: size = array([1.77777778, 1.        ])
85.0534 	EXP 	noPeriphery: image = 'C:\\Users\\hesselmann\\Desktop\\PsychoPyUniformityIllusion\\UniformityIllusionPsychoPy\\Pics\\11start.png'
85.0534 	EXP 	final: size = array([1.77777778, 1.        ])
85.0534 	EXP 	final: image = 'C:\\Users\\hesselmann\\Desktop\\PsychoPyUniformityIllusion\\UniformityIllusionPsychoPy\\Pics\\11b.png'
85.0534 	EXP 	hasPeriphery: autoDraw = True
85.0534 	EXP 	hasPeriphery: texRes = 128.0
85.0534 	EXP 	noPeriphery: autoDraw = True
85.0534 	EXP 	noPeriphery: texRes = 128.0
85.0534 	EXP 	text: autoDraw = True
85.2294 	EXP 	hasPeriphery: texRes = 128.0
85.2294 	EXP 	noPeriphery: texRes = 128.0
85.4260 	EXP 	hasPeriphery: texRes = 128.0
85.4260 	EXP 	noPeriphery: texRes = 128.0
85.5805 	DATA 	Keypress: space
85.6127 	EXP 	hasPeriphery: texRes = 128.0
85.6127 	EXP 	noPeriphery: texRes = 128.0
85.7632 	EXP 	New trial (rep=0, index=4): {'startImage': 'C:\\Users\\hesselmann\\Desktop\\PsychoPyUniformityIllusion\\UniformityIllusionPsychoPy\\Pics\\9start.png', 'midImage': 'C:\\Users\\hesselmann\\Desktop\\PsychoPyUniformityIllusion\\UniformityIllusionPsychoPy\\Pics\\9a.png', 'endImage': 'C:\\Users\\hesselmann\\Desktop\\PsychoPyUniformityIllusion\\UniformityIllusionPsychoPy\\Pics\\9a.png', 'AB': None}
86.0803 	EXP 	hasPeriphery: texRes = 128.0
86.0803 	EXP 	noPeriphery: texRes = 128.0
86.0803 	EXP 	hasPeriphery: autoDraw = False
86.0803 	EXP 	noPeriphery: autoDraw = False
86.0803 	EXP 	final: autoDraw = False
86.0803 	EXP 	blank_screen: autoDraw = False
86.0803 	EXP 	text: autoDraw = False
86.0803 	EXP 	hasPeriphery: size = array([1.77777778, 1.        ])
86.0803 	EXP 	hasPeriphery: image = 'C:\\Users\\hesselmann\\Desktop\\PsychoPyUniformityIllusion\\UniformityIllusionPsychoPy\\Pics\\9a.png'
86.0803 	EXP 	noPeriphery: size = array([1.77777778, 1.        ])
86.0803 	EXP 	noPeriphery: image = 'C:\\Users\\hesselmann\\Desktop\\PsychoPyUniformityIllusion\\UniformityIllusionPsychoPy\\Pics\\9start.png'
86.0803 	EXP 	final: size = array([1.77777778, 1.        ])
86.0803 	EXP 	final: image = 'C:\\Users\\hesselmann\\Desktop\\PsychoPyUniformityIllusion\\UniformityIllusionPsychoPy\\Pics\\9a.png'
86.0803 	EXP 	hasPeriphery: autoDraw = True
86.0803 	EXP 	hasPeriphery: texRes = 128.0
86.0803 	EXP 	noPeriphery: autoDraw = True
86.0803 	EXP 	noPeriphery: texRes = 128.0
86.0803 	EXP 	text: autoDraw = True
86.2325 	EXP 	hasPeriphery: texRes = 128.0
86.2325 	EXP 	noPeriphery: texRes = 128.0
86.4026 	EXP 	hasPeriphery: texRes = 128.0
86.4026 	EXP 	noPeriphery: texRes = 128.0
86.5862 	EXP 	hasPeriphery: texRes = 128.0
86.5862 	EXP 	noPeriphery: texRes = 128.0
86.7728 	EXP 	hasPeriphery: texRes = 128.0
86.7728 	EXP 	noPeriphery: texRes = 128.0
86.9350 	EXP 	hasPeriphery: texRes = 128.0
86.9350 	EXP 	noPeriphery: texRes = 128.0
87.1062 	EXP 	hasPeriphery: texRes = 128.0
87.1062 	EXP 	noPeriphery: texRes = 128.0
87.2846 	EXP 	hasPeriphery: texRes = 128.0
87.2846 	EXP 	noPeriphery: texRes = 128.0
87.4532 	EXP 	hasPeriphery: texRes = 128.0
87.4532 	EXP 	noPeriphery: texRes = 128.0
87.6271 	EXP 	hasPeriphery: texRes = 128.0
87.6271 	EXP 	noPeriphery: texRes = 128.0
87.7889 	EXP 	hasPeriphery: texRes = 128.0
87.7889 	EXP 	noPeriphery: texRes = 128.0
87.9651 	EXP 	hasPeriphery: texRes = 128.0
87.9651 	EXP 	noPeriphery: texRes = 128.0
88.1462 	EXP 	hasPeriphery: texRes = 128.0
88.1462 	EXP 	noPeriphery: texRes = 128.0
88.3147 	EXP 	hasPeriphery: texRes = 128.0
88.3147 	EXP 	noPeriphery: texRes = 128.0
88.4809 	EXP 	hasPeriphery: texRes = 128.0
88.4809 	EXP 	noPeriphery: texRes = 128.0
88.6663 	EXP 	hasPeriphery: texRes = 128.0
88.6663 	EXP 	noPeriphery: texRes = 128.0
88.8397 	EXP 	hasPeriphery: texRes = 128.0
88.8397 	EXP 	noPeriphery: texRes = 128.0
88.9997 	EXP 	hasPeriphery: texRes = 128.0
88.9997 	EXP 	noPeriphery: texRes = 128.0
89.1464 	EXP 	hasPeriphery: texRes = 128.0
89.1464 	EXP 	noPeriphery: texRes = 128.0
89.3204 	EXP 	hasPeriphery: texRes = 128.0
89.3204 	EXP 	noPeriphery: texRes = 128.0
89.4943 	EXP 	hasPeriphery: texRes = 128.0
89.4943 	EXP 	noPeriphery: texRes = 128.0
89.6664 	EXP 	hasPeriphery: texRes = 128.0
89.6664 	EXP 	noPeriphery: texRes = 128.0
89.6664 	EXP 	blank_screen: autoDraw = True
89.9166 	EXP 	hasPeriphery: texRes = 128.0
89.9166 	EXP 	noPeriphery: texRes = 128.0
89.9166 	EXP 	final: autoDraw = True
89.9166 	EXP 	final: texRes = 128.0
90.1613 	EXP 	hasPeriphery: texRes = 128.0
90.1613 	EXP 	noPeriphery: texRes = 128.0
90.1613 	EXP 	final: texRes = 128.0
90.1613 	EXP 	blank_screen: autoDraw = False
90.4058 	EXP 	hasPeriphery: texRes = 128.0
90.4058 	EXP 	noPeriphery: texRes = 128.0
90.4058 	EXP 	final: texRes = 128.0
90.6676 	EXP 	hasPeriphery: texRes = 128.0
90.6676 	EXP 	noPeriphery: texRes = 128.0
90.6676 	EXP 	final: texRes = 128.0
90.9094 	EXP 	hasPeriphery: texRes = 128.0
90.9094 	EXP 	noPeriphery: texRes = 128.0
90.9094 	EXP 	final: texRes = 128.0
91.1616 	EXP 	hasPeriphery: texRes = 128.0
91.1616 	EXP 	noPeriphery: texRes = 128.0
91.1616 	EXP 	final: texRes = 128.0
91.4269 	EXP 	hasPeriphery: texRes = 128.0
91.4269 	EXP 	noPeriphery: texRes = 128.0
91.4269 	EXP 	final: texRes = 128.0
91.4269 	EXP 	blank_screen: autoDraw = True
91.6846 	EXP 	hasPeriphery: texRes = 128.0
91.6846 	EXP 	noPeriphery: texRes = 128.0
91.6846 	EXP 	final: texRes = 128.0
91.9334 	EXP 	hasPeriphery: texRes = 128.0
91.9334 	EXP 	noPeriphery: texRes = 128.0
91.9334 	EXP 	final: texRes = 128.0
91.9334 	EXP 	blank_screen: autoDraw = False
92.1909 	EXP 	hasPeriphery: texRes = 128.0
92.1909 	EXP 	noPeriphery: texRes = 128.0
92.1909 	EXP 	final: texRes = 128.0
92.4415 	EXP 	hasPeriphery: texRes = 128.0
92.4415 	EXP 	noPeriphery: texRes = 128.0
92.4415 	EXP 	final: texRes = 128.0
92.6979 	EXP 	hasPeriphery: texRes = 128.0
92.6979 	EXP 	noPeriphery: texRes = 128.0
92.6979 	EXP 	final: texRes = 128.0
92.9536 	EXP 	hasPeriphery: texRes = 128.0
92.9536 	EXP 	noPeriphery: texRes = 128.0
92.9536 	EXP 	final: texRes = 128.0
93.2135 	EXP 	hasPeriphery: texRes = 128.0
93.2135 	EXP 	noPeriphery: texRes = 128.0
93.2135 	EXP 	final: texRes = 128.0
93.2135 	EXP 	blank_screen: autoDraw = True
93.4668 	EXP 	hasPeriphery: texRes = 128.0
93.4668 	EXP 	noPeriphery: texRes = 128.0
93.4668 	EXP 	final: texRes = 128.0
93.7202 	EXP 	hasPeriphery: texRes = 128.0
93.7202 	EXP 	noPeriphery: texRes = 128.0
93.7202 	EXP 	final: texRes = 128.0
93.7202 	EXP 	blank_screen: autoDraw = False
93.9667 	EXP 	hasPeriphery: texRes = 128.0
93.9667 	EXP 	noPeriphery: texRes = 128.0
93.9667 	EXP 	final: texRes = 128.0
94.2269 	EXP 	hasPeriphery: texRes = 128.0
94.2269 	EXP 	noPeriphery: texRes = 128.0
94.2269 	EXP 	final: texRes = 128.0
94.4728 	EXP 	hasPeriphery: texRes = 128.0
94.4728 	EXP 	noPeriphery: texRes = 128.0
94.4728 	EXP 	final: texRes = 128.0
94.7339 	EXP 	hasPeriphery: texRes = 128.0
94.7339 	EXP 	noPeriphery: texRes = 128.0
94.7339 	EXP 	final: texRes = 128.0
94.9942 	EXP 	hasPeriphery: texRes = 128.0
94.9942 	EXP 	noPeriphery: texRes = 128.0
94.9942 	EXP 	final: texRes = 128.0
94.9942 	EXP 	blank_screen: autoDraw = True
95.2671 	EXP 	hasPeriphery: texRes = 128.0
95.2671 	EXP 	noPeriphery: texRes = 128.0
95.2671 	EXP 	final: texRes = 128.0
95.5392 	EXP 	hasPeriphery: texRes = 128.0
95.5392 	EXP 	noPeriphery: texRes = 128.0
95.5392 	EXP 	final: texRes = 128.0
95.5392 	EXP 	blank_screen: autoDraw = False
95.7737 	EXP 	hasPeriphery: texRes = 128.0
95.7737 	EXP 	noPeriphery: texRes = 128.0
95.7737 	EXP 	final: texRes = 128.0
96.0065 	EXP 	hasPeriphery: texRes = 128.0
96.0065 	EXP 	noPeriphery: texRes = 128.0
96.0065 	EXP 	final: texRes = 128.0
96.2549 	EXP 	hasPeriphery: texRes = 128.0
96.2549 	EXP 	noPeriphery: texRes = 128.0
96.2549 	EXP 	final: texRes = 128.0
96.3470 	EXP 	hasPeriphery: autoDraw = False
96.3470 	EXP 	noPeriphery: autoDraw = False
96.3470 	EXP 	final: texRes = 128.0
96.4271 	EXP 	final: texRes = 128.0
96.5205 	EXP 	final: texRes = 128.0
96.6170 	EXP 	final: texRes = 128.0
96.7073 	EXP 	final: texRes = 128.0
96.8022 	EXP 	final: texRes = 128.0
96.8823 	EXP 	final: texRes = 128.0
96.9739 	EXP 	final: texRes = 128.0
97.0607 	EXP 	final: texRes = 128.0
97.1629 	EXP 	final: texRes = 128.0
97.2540 	EXP 	final: texRes = 128.0
97.3472 	EXP 	final: texRes = 128.0
97.4272 	EXP 	final: texRes = 128.0
97.5206 	EXP 	final: texRes = 128.0
97.6144 	EXP 	final: texRes = 128.0
97.7072 	EXP 	final: texRes = 128.0
97.7885 	EXP 	final: texRes = 128.0
97.8818 	EXP 	final: texRes = 128.0
97.9313 	EXP 	New trial (rep=0, index=5): {'startImage': 'C:\\Users\\hesselmann\\Desktop\\PsychoPyUniformityIllusion\\UniformityIllusionPsychoPy\\Pics\\12start.png', 'midImage': 'C:\\Users\\hesselmann\\Desktop\\PsychoPyUniformityIllusion\\UniformityIllusionPsychoPy\\Pics\\12a.png', 'endImage': 'C:\\Users\\hesselmann\\Desktop\\PsychoPyUniformityIllusion\\UniformityIllusionPsychoPy\\Pics\\12b.png', 'AB': None}
98.1842 	DATA 	Keypress: space
98.2139 	EXP 	final: texRes = 128.0
98.2139 	EXP 	hasPeriphery: autoDraw = False
98.2139 	EXP 	noPeriphery: autoDraw = False
98.2139 	EXP 	final: autoDraw = False
98.2139 	EXP 	blank_screen: autoDraw = False
98.2139 	EXP 	text: autoDraw = False
98.2139 	EXP 	hasPeriphery: size = array([1.77777778, 1.        ])
98.2139 	EXP 	hasPeriphery: image = 'C:\\Users\\hesselmann\\Desktop\\PsychoPyUniformityIllusion\\UniformityIllusionPsychoPy\\Pics\\12a.png'
98.2139 	EXP 	noPeriphery: size = array([1.77777778, 1.        ])
98.2139 	EXP 	noPeriphery: image = 'C:\\Users\\hesselmann\\Desktop\\PsychoPyUniformityIllusion\\UniformityIllusionPsychoPy\\Pics\\12start.png'
98.2139 	EXP 	final: size = array([1.77777778, 1.        ])
98.2139 	EXP 	final: image = 'C:\\Users\\hesselmann\\Desktop\\PsychoPyUniformityIllusion\\UniformityIllusionPsychoPy\\Pics\\12b.png'
98.2139 	EXP 	hasPeriphery: autoDraw = True
98.2139 	EXP 	hasPeriphery: texRes = 128.0
98.2139 	EXP 	noPeriphery: autoDraw = True
98.2139 	EXP 	noPeriphery: texRes = 128.0
98.2139 	EXP 	text: autoDraw = True
98.3511 	EXP 	hasPeriphery: texRes = 128.0
98.3511 	EXP 	noPeriphery: texRes = 128.0
98.4951 	EXP 	hasPeriphery: texRes = 128.0
98.4951 	EXP 	noPeriphery: texRes = 128.0
98.6457 	EXP 	hasPeriphery: texRes = 128.0
98.6457 	EXP 	noPeriphery: texRes = 128.0
98.7659 	DATA 	Keypress: space
98.8018 	EXP 	hasPeriphery: texRes = 128.0
98.8018 	EXP 	noPeriphery: texRes = 128.0
98.8965 	EXP 	New trial (rep=0, index=6): {'startImage': 'C:\\Users\\hesselmann\\Desktop\\PsychoPyUniformityIllusion\\UniformityIllusionPsychoPy\\Pics\\13start.png', 'midImage': 'C:\\Users\\hesselmann\\Desktop\\PsychoPyUniformityIllusion\\UniformityIllusionPsychoPy\\Pics\\13a.png', 'endImage': 'C:\\Users\\hesselmann\\Desktop\\PsychoPyUniformityIllusion\\UniformityIllusionPsychoPy\\Pics\\13b.png', 'AB': None}
99.2978 	EXP 	hasPeriphery: texRes = 128.0
99.2978 	EXP 	noPeriphery: texRes = 128.0
99.2978 	EXP 	hasPeriphery: autoDraw = False
99.2978 	EXP 	noPeriphery: autoDraw = False
99.2978 	EXP 	final: autoDraw = False
99.2978 	EXP 	blank_screen: autoDraw = False
99.2978 	EXP 	text: autoDraw = False
99.2978 	EXP 	hasPeriphery: size = array([1.77777778, 1.        ])
99.2978 	EXP 	hasPeriphery: image = 'C:\\Users\\hesselmann\\Desktop\\PsychoPyUniformityIllusion\\UniformityIllusionPsychoPy\\Pics\\13a.png'
99.2978 	EXP 	noPeriphery: size = array([1.77777778, 1.        ])
99.2978 	EXP 	noPeriphery: image = 'C:\\Users\\hesselmann\\Desktop\\PsychoPyUniformityIllusion\\UniformityIllusionPsychoPy\\Pics\\13start.png'
99.2978 	EXP 	final: size = array([1.77777778, 1.        ])
99.2978 	EXP 	final: image = 'C:\\Users\\hesselmann\\Desktop\\PsychoPyUniformityIllusion\\UniformityIllusionPsychoPy\\Pics\\13b.png'
99.2978 	EXP 	hasPeriphery: autoDraw = True
99.2978 	EXP 	hasPeriphery: texRes = 128.0
99.2978 	EXP 	noPeriphery: autoDraw = True
99.2978 	EXP 	noPeriphery: texRes = 128.0
99.2978 	EXP 	text: autoDraw = True
99.4874 	EXP 	hasPeriphery: texRes = 128.0
99.4874 	EXP 	noPeriphery: texRes = 128.0
99.7074 	EXP 	hasPeriphery: texRes = 128.0
99.7074 	EXP 	noPeriphery: texRes = 128.0
99.9221 	EXP 	hasPeriphery: texRes = 128.0
99.9221 	EXP 	noPeriphery: texRes = 128.0
100.0804 	EXP 	New trial (rep=0, index=7): {'startImage': 'C:\\Users\\hesselmann\\Desktop\\PsychoPyUniformityIllusion\\UniformityIllusionPsychoPy\\Pics\\8start.png', 'midImage': 'C:\\Users\\hesselmann\\Desktop\\PsychoPyUniformityIllusion\\UniformityIllusionPsychoPy\\Pics\\8a.png', 'endImage': 'C:\\Users\\hesselmann\\Desktop\\PsychoPyUniformityIllusion\\UniformityIllusionPsychoPy\\Pics\\8b.png', 'AB': None}
100.3381 	DATA 	Keypress: space
100.3665 	EXP 	hasPeriphery: texRes = 128.0
100.3665 	EXP 	noPeriphery: texRes = 128.0
100.3665 	EXP 	hasPeriphery: autoDraw = False
100.3665 	EXP 	noPeriphery: autoDraw = False
100.3665 	EXP 	final: autoDraw = False
100.3665 	EXP 	blank_screen: autoDraw = False
100.3665 	EXP 	text: autoDraw = False
100.3665 	EXP 	hasPeriphery: size = array([1.77777778, 1.        ])
100.3665 	EXP 	hasPeriphery: image = 'C:\\Users\\hesselmann\\Desktop\\PsychoPyUniformityIllusion\\UniformityIllusionPsychoPy\\Pics\\8a.png'
100.3665 	EXP 	noPeriphery: size = array([1.77777778, 1.        ])
100.3665 	EXP 	noPeriphery: image = 'C:\\Users\\hesselmann\\Desktop\\PsychoPyUniformityIllusion\\UniformityIllusionPsychoPy\\Pics\\8start.png'
100.3665 	EXP 	final: size = array([1.77777778, 1.        ])
100.3665 	EXP 	final: image = 'C:\\Users\\hesselmann\\Desktop\\PsychoPyUniformityIllusion\\UniformityIllusionPsychoPy\\Pics\\8b.png'
100.3665 	EXP 	hasPeriphery: autoDraw = True
100.3665 	EXP 	hasPeriphery: texRes = 128.0
100.3665 	EXP 	noPeriphery: autoDraw = True
100.3665 	EXP 	noPeriphery: texRes = 128.0
100.3665 	EXP 	text: autoDraw = True
100.5266 	EXP 	hasPeriphery: texRes = 128.0
100.5266 	EXP 	noPeriphery: texRes = 128.0
100.7075 	EXP 	hasPeriphery: texRes = 128.0
100.7075 	EXP 	noPeriphery: texRes = 128.0
100.8681 	EXP 	hasPeriphery: texRes = 128.0
100.8681 	EXP 	noPeriphery: texRes = 128.0
101.0302 	EXP 	hasPeriphery: texRes = 128.0
101.0302 	EXP 	noPeriphery: texRes = 128.0
101.2027 	EXP 	hasPeriphery: texRes = 128.0
101.2027 	EXP 	noPeriphery: texRes = 128.0
101.3877 	EXP 	hasPeriphery: texRes = 128.0
101.3877 	EXP 	noPeriphery: texRes = 128.0
101.5640 	EXP 	hasPeriphery: texRes = 128.0
101.5640 	EXP 	noPeriphery: texRes = 128.0
101.7374 	EXP 	hasPeriphery: texRes = 128.0
101.7374 	EXP 	noPeriphery: texRes = 128.0
101.9113 	EXP 	hasPeriphery: texRes = 128.0
101.9113 	EXP 	noPeriphery: texRes = 128.0
102.0810 	EXP 	hasPeriphery: texRes = 128.0
102.0810 	EXP 	noPeriphery: texRes = 128.0
102.2359 	DATA 	Keypress: space
102.2677 	EXP 	hasPeriphery: texRes = 128.0
102.2677 	EXP 	noPeriphery: texRes = 128.0
102.4074 	EXP 	New trial (rep=0, index=8): {'startImage': 'C:\\Users\\hesselmann\\Desktop\\PsychoPyUniformityIllusion\\UniformityIllusionPsychoPy\\Pics\\5start.png', 'midImage': 'C:\\Users\\hesselmann\\Desktop\\PsychoPyUniformityIllusion\\UniformityIllusionPsychoPy\\Pics\\5a.png', 'endImage': 'C:\\Users\\hesselmann\\Desktop\\PsychoPyUniformityIllusion\\UniformityIllusionPsychoPy\\Pics\\5a.png', 'AB': 'a'}
102.7023 	DATA 	Keypress: escape
102.7344 	EXP 	hasPeriphery: texRes = 128.0
102.7344 	EXP 	noPeriphery: texRes = 128.0
102.7344 	EXP 	hasPeriphery: autoDraw = False
102.7344 	EXP 	noPeriphery: autoDraw = False
102.7344 	EXP 	final: autoDraw = False
102.7344 	EXP 	blank_screen: autoDraw = False
102.7344 	EXP 	text: autoDraw = False
102.7344 	EXP 	hasPeriphery: size = array([1.77777778, 1.        ])
102.7344 	EXP 	hasPeriphery: image = 'C:\\Users\\hesselmann\\Desktop\\PsychoPyUniformityIllusion\\UniformityIllusionPsychoPy\\Pics\\5a.png'
102.7344 	EXP 	noPeriphery: size = array([1.77777778, 1.        ])
102.7344 	EXP 	noPeriphery: image = 'C:\\Users\\hesselmann\\Desktop\\PsychoPyUniformityIllusion\\UniformityIllusionPsychoPy\\Pics\\5start.png'
102.7344 	EXP 	final: size = array([1.77777778, 1.        ])
102.7344 	EXP 	final: image = 'C:\\Users\\hesselmann\\Desktop\\PsychoPyUniformityIllusion\\UniformityIllusionPsychoPy\\Pics\\5a.png'
102.7344 	EXP 	hasPeriphery: autoDraw = True
102.7344 	EXP 	hasPeriphery: texRes = 128.0
102.7344 	EXP 	noPeriphery: autoDraw = True
102.7344 	EXP 	noPeriphery: texRes = 128.0
102.7344 	EXP 	text: autoDraw = True
102.9093 	EXP 	hasPeriphery: texRes = 128.0
102.9093 	EXP 	noPeriphery: texRes = 128.0
103.1008 	EXP 	hasPeriphery: texRes = 128.0
103.1008 	EXP 	noPeriphery: texRes = 128.0
103.2946 	EXP 	hasPeriphery: texRes = 128.0
103.2946 	EXP 	noPeriphery: texRes = 128.0
103.4944 	EXP 	hasPeriphery: texRes = 128.0
103.4944 	EXP 	noPeriphery: texRes = 128.0
103.6944 	EXP 	hasPeriphery: texRes = 128.0
103.6944 	EXP 	noPeriphery: texRes = 128.0
103.8946 	EXP 	hasPeriphery: texRes = 128.0
103.8946 	EXP 	noPeriphery: texRes = 128.0
104.0945 	EXP 	hasPeriphery: texRes = 128.0
104.0945 	EXP 	noPeriphery: texRes = 128.0
104.2336 	EXP 	New trial (rep=0, index=9): {'startImage': 'C:\\Users\\hesselmann\\Desktop\\PsychoPyUniformityIllusion\\UniformityIllusionPsychoPy\\Pics\\8start.png', 'midImage': 'C:\\Users\\hesselmann\\Desktop\\PsychoPyUniformityIllusion\\UniformityIllusionPsychoPy\\Pics\\8a.png', 'endImage': 'C:\\Users\\hesselmann\\Desktop\\PsychoPyUniformityIllusion\\UniformityIllusionPsychoPy\\Pics\\8a.png', 'AB': None}
104.4966 	EXP 	New trial (rep=0, index=10): {'startImage': 'C:\\Users\\hesselmann\\Desktop\\PsychoPyUniformityIllusion\\UniformityIllusionPsychoPy\\Pics\\9start.png', 'midImage': 'C:\\Users\\hesselmann\\Desktop\\PsychoPyUniformityIllusion\\UniformityIllusionPsychoPy\\Pics\\9a.png', 'endImage': 'C:\\Users\\hesselmann\\Desktop\\PsychoPyUniformityIllusion\\UniformityIllusionPsychoPy\\Pics\\9b.png', 'AB': None}
104.8998 	EXP 	window1: mouseVisible = True
