1.0290 	WARNING 	We strongly recommend you activate the PTB sound engine in PsychoPy prefs as the preferred audio engine. Its timing is vastly superior. Your prefs are currently set to use ['sounddevice', 'PTB', 'pyo', 'pygame'] (in that order).
6.1028 	EXP 	Created window1 = Window(allowGUI=False, allowStencil=False, autoLog=True, backendConf=UNKNOWN, bitsMode=UNKNOWN, blendMode='avg', bpc=(8, 8, 8), color=array([0, 0, 0]), colorSpace='rgb', depthBits=8, fullscr=<method-wrapper '__getattribute__' of attributeSetter object at 0x000001CC33C740F0>, gamma=None, gammaErrorPolicy='raise', lms=UNKNOWN, monitor=<psychopy.monitors.calibTools.Monitor object at 0x000001CC33C08748>, multiSample=False, name='window1', numSamples=2, pos=[0.0, 0.0], screen=0, size=array([1920, 1080]), stencilBits=0, stereo=False, units='height', useFBO=True, useRetina=False, viewOri=0.0, viewPos=None, viewScale=None, waitBlanking=True, winType='pyglet')
6.1030 	EXP 	window1: mouseVisible = True
6.1030 	EXP 	window1: recordFrameIntervals = False
6.2350 	EXP 	window1: recordFrameIntervals = True
6.3818 	EXP 	window1: recordFrameIntervals = False
6.8846 	EXP 	Created WelcomeText = TextStim(__class__=<class 'psychopy.visual.text.TextStim'>, alignHoriz=method-wrapper(...), alignText='center', alignVert=method-wrapper(...), anchorHoriz='center', anchorVert='center', antialias=True, autoLog=True, bold=False, color=array([1, 1, 1]), colorSpace='rgb', contrast=1.0, depth=0.0, flipHoriz=False, flipVert=False, font='Open Sans', fontFiles=[], height=0.1, italic=False, languageStyle='LTR', name='WelcomeText', opacity=1, ori=0.0, pos=array([0., 0.]), rgb=UNKNOWN, text='Welcome to our Study!', units='height', win=Window(...), wrapWidth=1)
6.9027 	EXP 	Imported depression.xlsx as conditions, 2 conditions, 12 params
6.9041 	EXP 	Question text: Sadness
6.9366 	EXP 	window1: mouseVisible = True
6.9688 	EXP 	Question text: Pessimism
6.9799 	EXP 	window1: mouseVisible = True
7.0021 	EXP 	window1: mouseVisible = True
7.0063 	EXP 	Created unnamed Rect = Rect(__class__=<class 'psychopy.visual.rect.Rect'>, autoDraw=False, autoLog=True, closeShape=True, color=method-wrapper(...), colorSpace='rgb', contrast=None, depth=0, fillColor=array([0, 0, 0]), fillColorSpace='rgb', fillRGB=UNKNOWN, interpolate=True, lineColor=array([0, 0, 0]), lineColorSpace='rgb', lineRGB=UNKNOWN, lineWidth=1.5, name='unnamed Rect', opacity=0, ori=0.0, pos=array([0., 0.]), size=array([0., 0.]), units='height', vertices=ndarray(...), win=Window(...))
7.0136 	EXP 	Created DepressionQuestionnaire = <psychopy.visual.form.Form object at 0x000001CC36BAAB00>
7.0372 	EXP 	window1: mouseVisible = True
7.0812 	EXP 	Created instructionsText = TextStim(__class__=<class 'psychopy.visual.text.TextStim'>, alignHoriz=method-wrapper(...), alignText='center', alignVert=method-wrapper(...), anchorHoriz='center', anchorVert='center', antialias=True, autoLog=True, bold=False, color=array([1, 1, 1]), colorSpace='rgb', contrast=1.0, depth=0.0, flipHoriz=False, flipVert=False, font='Open Sans', fontFiles=[], height=0.04, italic=False, languageStyle='LTR', name='instructionsText', opacity=1, ori=0.0, pos=array([0., 0.]), rgb=UNKNOWN, text=str(...), units='height', win=Window(...), wrapWidth=1)
7.0844 	EXP 	Created hasPeriphery = ImageStim(__class__=<class 'psychopy.visual.image.ImageStim'>, autoLog=True, color=array([1, 1, 1]), colorSpace='rgb', contrast=1.0, depth=-1.0, flipHoriz=False, flipVert=False, image='sin', interpolate=True, mask=None, maskParams=None, name='hasPeriphery', opacity=1.0, ori=0.0, pos=array([0., 0.]), size=array([0.5, 0.5]), texRes=128.0, units='height', win=Window(...))
7.0869 	EXP 	Created noPeriphery = ImageStim(__class__=<class 'psychopy.visual.image.ImageStim'>, autoLog=True, color=array([1, 1, 1]), colorSpace='rgb', contrast=1.0, depth=-3.0, flipHoriz=False, flipVert=False, image='sin', interpolate=True, mask=None, maskParams=None, name='noPeriphery', opacity=1.0, ori=0.0, pos=array([0., 0.]), size=array([0.5, 0.5]), texRes=128.0, units='height', win=Window(...))
7.0891 	EXP 	Created final = ImageStim(__class__=<class 'psychopy.visual.image.ImageStim'>, autoLog=True, color=array([1, 1, 1]), colorSpace='rgb', contrast=1.0, depth=-4.0, flipHoriz=False, flipVert=False, image='sin', interpolate=True, mask=None, maskParams=None, name='final', opacity=1.0, ori=0.0, pos=array([0., 0.]), size=array([0.5, 0.5]), texRes=128.0, units='height', win=Window(...))
7.0901 	EXP 	Created blank_screen = Rect(__class__=<class 'psychopy.visual.rect.Rect'>, autoDraw=False, autoLog=True, closeShape=True, color=method-wrapper(...), colorSpace='rgb', contrast=None, depth=-5.0, fillColor=array([1, 1, 1]), fillColorSpace='rgb', fillRGB=UNKNOWN, interpolate=True, lineColor=array([1, 1, 1]), lineColorSpace='rgb', lineRGB=UNKNOWN, lineWidth=1.0, name='blank_screen', opacity=1.0, ori=0.0, pos=array([0., 0.]), size=array([2., 2.]), units='height', vertices=ndarray(...), win=Window(...))
7.0958 	EXP 	Created text = TextStim(__class__=<class 'psychopy.visual.text.TextStim'>, alignHoriz=method-wrapper(...), alignText='center', alignVert=method-wrapper(...), anchorHoriz='center', anchorVert='center', antialias=True, autoLog=True, bold=False, color=array([ 1, -1, -1]), colorSpace='rgb', contrast=1.0, depth=-6.0, flipHoriz=False, flipVert=False, font='Open Sans', fontFiles=[], height=0.1, italic=False, languageStyle='LTR', name='text', opacity=1, ori=0.0, pos=array([0., 0.]), rgb=UNKNOWN, text='+', units='height', win=Window(...), wrapWidth=1)
7.1066 	EXP 	Created WelcomeText = TextStim(__class__=<class 'psychopy.visual.text.TextStim'>, alignHoriz=method-wrapper(...), alignText='center', alignVert=method-wrapper(...), anchorHoriz='center', anchorVert='center', antialias=True, autoLog=True, bold=False, color=array([1, 1, 1]), colorSpace='rgb', contrast=1.0, depth=0.0, flipHoriz=False, flipVert=False, font='Open Sans', fontFiles=[], height=0.1, italic=False, languageStyle='LTR', name='WelcomeText', opacity=1, ori=0.0, pos=array([0., 0.]), rgb=UNKNOWN, text='Welcome to our Study!', units='height', win=Window(...), wrapWidth=1)
7.1092 	EXP 	Created hasPeriphery = ImageStim(__class__=<class 'psychopy.visual.image.ImageStim'>, autoLog=True, color=array([1, 1, 1]), colorSpace='rgb', contrast=1.0, depth=-1.0, flipHoriz=False, flipVert=False, image='sin', interpolate=True, mask=None, maskParams=None, name='hasPeriphery', opacity=1.0, ori=0.0, pos=array([0., 0.]), size=array([0.5, 0.5]), texRes=128.0, units='height', win=Window(...))
7.1117 	EXP 	Created noPeriphery = ImageStim(__class__=<class 'psychopy.visual.image.ImageStim'>, autoLog=True, color=array([1, 1, 1]), colorSpace='rgb', contrast=1.0, depth=-3.0, flipHoriz=False, flipVert=False, image='sin', interpolate=True, mask=None, maskParams=None, name='noPeriphery', opacity=1.0, ori=0.0, pos=array([0., 0.]), size=array([0.5, 0.5]), texRes=128.0, units='height', win=Window(...))
7.1140 	EXP 	Created final = ImageStim(__class__=<class 'psychopy.visual.image.ImageStim'>, autoLog=True, color=array([1, 1, 1]), colorSpace='rgb', contrast=1.0, depth=-4.0, flipHoriz=False, flipVert=False, image='sin', interpolate=True, mask=None, maskParams=None, name='final', opacity=1.0, ori=0.0, pos=array([0., 0.]), size=array([0.5, 0.5]), texRes=128.0, units='height', win=Window(...))
7.1151 	EXP 	Created blank_screen = Rect(__class__=<class 'psychopy.visual.rect.Rect'>, autoDraw=False, autoLog=True, closeShape=True, color=method-wrapper(...), colorSpace='rgb', contrast=None, depth=-5.0, fillColor=array([1, 1, 1]), fillColorSpace='rgb', fillRGB=UNKNOWN, interpolate=True, lineColor=array([1, 1, 1]), lineColorSpace='rgb', lineRGB=UNKNOWN, lineWidth=1.0, name='blank_screen', opacity=1.0, ori=0.0, pos=array([0., 0.]), size=array([2., 2.]), units='height', vertices=ndarray(...), win=Window(...))
7.1167 	EXP 	Created text = TextStim(__class__=<class 'psychopy.visual.text.TextStim'>, alignHoriz=method-wrapper(...), alignText='center', alignVert=method-wrapper(...), anchorHoriz='center', anchorVert='center', antialias=True, autoLog=True, bold=False, color=array([ 1, -1, -1]), colorSpace='rgb', contrast=1.0, depth=-6.0, flipHoriz=False, flipVert=False, font='Open Sans', fontFiles=[], height=0.1, italic=False, languageStyle='LTR', name='text', opacity=1, ori=0.0, pos=array([0., 0.]), rgb=UNKNOWN, text='+', units='height', win=Window(...), wrapWidth=1)
7.1690 	EXP 	unnamed Form: autoLog = True
7.1690 	EXP 	DepressionQuestionnaire: name = 'DepressionQuestionnaire'
7.1690 	EXP 	DepressionQuestionnaire: size = (3.5, 1)
7.1690 	EXP 	DepressionQuestionnaire: size = array([3.5, 1. ])
7.1690 	EXP 	DepressionQuestionnaire: units = 'height'
7.1690 	EXP 	DepressionQuestionnaire: depth = 0
7.1690 	EXP 	WelcomeText: autoDraw = True
9.1692 	EXP 	WelcomeText: autoDraw = False
9.1692 	EXP 	DepressionQuestionnaire: autoDraw = True
10.9296 	DATA 	Mouse: Left button down, pos=(995,97)
10.9554 	EXP 	DepressionQuestionnaire: autoDraw = False
10.9554 	EXP 	instructionsText: autoDraw = True
11.0132 	DATA 	Mouse:  Left button up, pos=(994,97)
11.6547 	DATA 	Keypress: space
11.6887 	EXP 	Imported picPaths.xlsx as conditions, 6 conditions, 4 params
11.6890 	EXP 	Created sequence: sequential, trialTypes=6, nReps=1, seed=None
11.6894 	EXP 	New trial (rep=0, index=0): {'startImage': 'C:\\Users\\hesselmann\\Desktop\\PsychoPyUniformityIllusion\\UniformityIllusionPsychoPy\\Pics\\1start.png', 'midImage': 'C:\\Users\\hesselmann\\Desktop\\PsychoPyUniformityIllusion\\UniformityIllusionPsychoPy\\Pics\\1a.png', 'endImage': 'C:\\Users\\hesselmann\\Desktop\\PsychoPyUniformityIllusion\\UniformityIllusionPsychoPy\\Pics\\1a.png', 'AB': 'a'}
11.9821 	EXP 	instructionsText: autoDraw = False
11.9821 	EXP 	hasPeriphery: size = array([1.77777778, 1.        ])
11.9821 	EXP 	hasPeriphery: image = 'C:\\Users\\hesselmann\\Desktop\\PsychoPyUniformityIllusion\\UniformityIllusionPsychoPy\\Pics\\1a.png'
11.9821 	EXP 	noPeriphery: size = array([1.77777778, 1.        ])
11.9821 	EXP 	noPeriphery: image = 'C:\\Users\\hesselmann\\Desktop\\PsychoPyUniformityIllusion\\UniformityIllusionPsychoPy\\Pics\\1start.png'
11.9821 	EXP 	final: size = array([1.77777778, 1.        ])
11.9821 	EXP 	final: image = 'C:\\Users\\hesselmann\\Desktop\\PsychoPyUniformityIllusion\\UniformityIllusionPsychoPy\\Pics\\1a.png'
11.9821 	EXP 	hasPeriphery: autoDraw = True
11.9821 	EXP 	hasPeriphery: texRes = 128.0
11.9821 	EXP 	noPeriphery: autoDraw = True
11.9821 	EXP 	noPeriphery: texRes = 128.0
11.9821 	EXP 	text: autoDraw = True
12.1296 	EXP 	hasPeriphery: texRes = 128.0
12.1296 	EXP 	noPeriphery: texRes = 128.0
12.2889 	EXP 	hasPeriphery: texRes = 128.0
12.2889 	EXP 	noPeriphery: texRes = 128.0
12.4365 	EXP 	hasPeriphery: texRes = 128.0
12.4365 	EXP 	noPeriphery: texRes = 128.0
12.5830 	EXP 	hasPeriphery: texRes = 128.0
12.5830 	EXP 	noPeriphery: texRes = 128.0
12.7296 	EXP 	hasPeriphery: texRes = 128.0
12.7296 	EXP 	noPeriphery: texRes = 128.0
12.8630 	EXP 	hasPeriphery: texRes = 128.0
12.8630 	EXP 	noPeriphery: texRes = 128.0
13.0093 	EXP 	hasPeriphery: texRes = 128.0
13.0093 	EXP 	noPeriphery: texRes = 128.0
13.1564 	EXP 	hasPeriphery: texRes = 128.0
13.1564 	EXP 	noPeriphery: texRes = 128.0
13.3157 	EXP 	hasPeriphery: texRes = 128.0
13.3157 	EXP 	noPeriphery: texRes = 128.0
13.4627 	EXP 	hasPeriphery: texRes = 128.0
13.4627 	EXP 	noPeriphery: texRes = 128.0
13.6097 	EXP 	hasPeriphery: texRes = 128.0
13.6097 	EXP 	noPeriphery: texRes = 128.0
13.7557 	EXP 	hasPeriphery: texRes = 128.0
13.7557 	EXP 	noPeriphery: texRes = 128.0
13.9023 	EXP 	hasPeriphery: texRes = 128.0
13.9023 	EXP 	noPeriphery: texRes = 128.0
14.0494 	EXP 	hasPeriphery: texRes = 128.0
14.0494 	EXP 	noPeriphery: texRes = 128.0
14.1961 	EXP 	hasPeriphery: texRes = 128.0
14.1961 	EXP 	noPeriphery: texRes = 128.0
14.3427 	EXP 	hasPeriphery: texRes = 128.0
14.3427 	EXP 	noPeriphery: texRes = 128.0
14.4892 	EXP 	hasPeriphery: texRes = 128.0
14.4892 	EXP 	noPeriphery: texRes = 128.0
14.6365 	EXP 	hasPeriphery: texRes = 128.0
14.6365 	EXP 	noPeriphery: texRes = 128.0
14.7961 	EXP 	hasPeriphery: texRes = 128.0
14.7961 	EXP 	noPeriphery: texRes = 128.0
14.9962 	EXP 	hasPeriphery: texRes = 128.0
14.9962 	EXP 	noPeriphery: texRes = 128.0
14.9962 	EXP 	final: autoDraw = True
14.9962 	EXP 	final: texRes = 128.0
15.2091 	EXP 	hasPeriphery: texRes = 128.0
15.2091 	EXP 	noPeriphery: texRes = 128.0
15.2091 	EXP 	final: texRes = 128.0
15.2091 	EXP 	blank_screen: autoDraw = True
15.4358 	EXP 	hasPeriphery: texRes = 128.0
15.4358 	EXP 	noPeriphery: texRes = 128.0
15.4358 	EXP 	final: texRes = 128.0
15.6358 	EXP 	hasPeriphery: texRes = 128.0
15.6358 	EXP 	noPeriphery: texRes = 128.0
15.6358 	EXP 	final: texRes = 128.0
15.6358 	EXP 	blank_screen: autoDraw = False
15.8358 	EXP 	hasPeriphery: texRes = 128.0
15.8358 	EXP 	noPeriphery: texRes = 128.0
15.8358 	EXP 	final: texRes = 128.0
16.0361 	EXP 	hasPeriphery: texRes = 128.0
16.0361 	EXP 	noPeriphery: texRes = 128.0
16.0361 	EXP 	final: texRes = 128.0
16.2633 	EXP 	hasPeriphery: texRes = 128.0
16.2633 	EXP 	noPeriphery: texRes = 128.0
16.2633 	EXP 	final: texRes = 128.0
16.4630 	EXP 	hasPeriphery: texRes = 128.0
16.4630 	EXP 	noPeriphery: texRes = 128.0
16.4630 	EXP 	final: texRes = 128.0
16.6764 	EXP 	hasPeriphery: texRes = 128.0
16.6764 	EXP 	noPeriphery: texRes = 128.0
16.6764 	EXP 	final: texRes = 128.0
16.6764 	EXP 	blank_screen: autoDraw = True
16.8894 	EXP 	hasPeriphery: texRes = 128.0
16.8894 	EXP 	noPeriphery: texRes = 128.0
16.8894 	EXP 	final: texRes = 128.0
17.1030 	EXP 	hasPeriphery: texRes = 128.0
17.1030 	EXP 	noPeriphery: texRes = 128.0
17.1030 	EXP 	final: texRes = 128.0
17.1030 	EXP 	blank_screen: autoDraw = False
17.3168 	EXP 	hasPeriphery: texRes = 128.0
17.3168 	EXP 	noPeriphery: texRes = 128.0
17.3168 	EXP 	final: texRes = 128.0
17.5301 	EXP 	hasPeriphery: texRes = 128.0
17.5301 	EXP 	noPeriphery: texRes = 128.0
17.5301 	EXP 	final: texRes = 128.0
17.7434 	EXP 	hasPeriphery: texRes = 128.0
17.7434 	EXP 	noPeriphery: texRes = 128.0
17.7434 	EXP 	final: texRes = 128.0
17.9431 	EXP 	hasPeriphery: texRes = 128.0
17.9431 	EXP 	noPeriphery: texRes = 128.0
17.9431 	EXP 	final: texRes = 128.0
18.1701 	EXP 	hasPeriphery: texRes = 128.0
18.1701 	EXP 	noPeriphery: texRes = 128.0
18.1701 	EXP 	final: texRes = 128.0
18.1701 	EXP 	blank_screen: autoDraw = True
18.3832 	EXP 	hasPeriphery: texRes = 128.0
18.3832 	EXP 	noPeriphery: texRes = 128.0
18.3832 	EXP 	final: texRes = 128.0
18.6103 	EXP 	hasPeriphery: texRes = 128.0
18.6103 	EXP 	noPeriphery: texRes = 128.0
18.6103 	EXP 	final: texRes = 128.0
18.6103 	EXP 	blank_screen: autoDraw = False
18.8102 	EXP 	hasPeriphery: texRes = 128.0
18.8102 	EXP 	noPeriphery: texRes = 128.0
18.8102 	EXP 	final: texRes = 128.0
19.0095 	EXP 	hasPeriphery: texRes = 128.0
19.0095 	EXP 	noPeriphery: texRes = 128.0
19.0095 	EXP 	final: texRes = 128.0
19.2099 	EXP 	hasPeriphery: texRes = 128.0
19.2099 	EXP 	noPeriphery: texRes = 128.0
19.2099 	EXP 	final: texRes = 128.0
19.4104 	EXP 	hasPeriphery: texRes = 128.0
19.4104 	EXP 	noPeriphery: texRes = 128.0
19.4104 	EXP 	final: texRes = 128.0
19.6236 	EXP 	hasPeriphery: texRes = 128.0
19.6236 	EXP 	noPeriphery: texRes = 128.0
19.6236 	EXP 	final: texRes = 128.0
19.6236 	EXP 	blank_screen: autoDraw = True
19.8371 	EXP 	hasPeriphery: texRes = 128.0
19.8371 	EXP 	noPeriphery: texRes = 128.0
19.8371 	EXP 	final: texRes = 128.0
20.0501 	EXP 	hasPeriphery: texRes = 128.0
20.0501 	EXP 	noPeriphery: texRes = 128.0
20.0501 	EXP 	final: texRes = 128.0
20.0501 	EXP 	blank_screen: autoDraw = False
20.2502 	EXP 	hasPeriphery: texRes = 128.0
20.2502 	EXP 	noPeriphery: texRes = 128.0
20.2502 	EXP 	final: texRes = 128.0
20.4500 	EXP 	hasPeriphery: texRes = 128.0
20.4500 	EXP 	noPeriphery: texRes = 128.0
20.4500 	EXP 	final: texRes = 128.0
20.6500 	EXP 	hasPeriphery: texRes = 128.0
20.6500 	EXP 	noPeriphery: texRes = 128.0
20.6500 	EXP 	final: texRes = 128.0
20.8631 	EXP 	hasPeriphery: texRes = 128.0
20.8631 	EXP 	noPeriphery: texRes = 128.0
20.8631 	EXP 	final: texRes = 128.0
21.0764 	EXP 	hasPeriphery: texRes = 128.0
21.0764 	EXP 	noPeriphery: texRes = 128.0
21.0764 	EXP 	final: texRes = 128.0
21.0764 	EXP 	blank_screen: autoDraw = True
21.2901 	EXP 	hasPeriphery: texRes = 128.0
21.2901 	EXP 	noPeriphery: texRes = 128.0
21.2901 	EXP 	final: texRes = 128.0
21.5034 	EXP 	hasPeriphery: texRes = 128.0
21.5034 	EXP 	noPeriphery: texRes = 128.0
21.5034 	EXP 	final: texRes = 128.0
21.5034 	EXP 	blank_screen: autoDraw = False
21.7168 	EXP 	hasPeriphery: texRes = 128.0
21.7168 	EXP 	noPeriphery: texRes = 128.0
21.7168 	EXP 	final: texRes = 128.0
21.9169 	EXP 	hasPeriphery: texRes = 128.0
21.9169 	EXP 	noPeriphery: texRes = 128.0
21.9169 	EXP 	final: texRes = 128.0
22.1172 	EXP 	hasPeriphery: texRes = 128.0
22.1172 	EXP 	noPeriphery: texRes = 128.0
22.1172 	EXP 	final: texRes = 128.0
22.1966 	EXP 	hasPeriphery: autoDraw = False
22.1966 	EXP 	noPeriphery: autoDraw = False
22.1966 	EXP 	final: texRes = 128.0
22.2906 	EXP 	final: texRes = 128.0
22.3702 	EXP 	final: texRes = 128.0
22.4504 	EXP 	final: texRes = 128.0
22.5304 	EXP 	final: texRes = 128.0
22.6106 	EXP 	final: texRes = 128.0
22.6910 	EXP 	final: texRes = 128.0
22.7703 	EXP 	final: texRes = 128.0
22.8503 	EXP 	final: texRes = 128.0
22.9309 	EXP 	final: texRes = 128.0
23.0103 	EXP 	final: texRes = 128.0
23.0906 	EXP 	final: texRes = 128.0
23.1702 	EXP 	final: texRes = 128.0
23.2501 	EXP 	final: texRes = 128.0
23.3307 	EXP 	final: texRes = 128.0
23.4111 	EXP 	final: texRes = 128.0
23.4907 	EXP 	final: texRes = 128.0
23.5703 	EXP 	final: texRes = 128.0
23.6639 	EXP 	final: texRes = 128.0
23.7439 	EXP 	final: texRes = 128.0
23.8239 	EXP 	final: texRes = 128.0
23.9037 	EXP 	final: texRes = 128.0
23.9552 	EXP 	New trial (rep=0, index=1): {'startImage': 'C:\\Users\\hesselmann\\Desktop\\PsychoPyUniformityIllusion\\UniformityIllusionPsychoPy\\Pics\\1start.png', 'midImage': 'C:\\Users\\hesselmann\\Desktop\\PsychoPyUniformityIllusion\\UniformityIllusionPsychoPy\\Pics\\1a.png', 'endImage': 'C:\\Users\\hesselmann\\Desktop\\PsychoPyUniformityIllusion\\UniformityIllusionPsychoPy\\Pics\\1b.png', 'AB': 'b'}
24.2501 	EXP 	final: texRes = 128.0
24.2501 	EXP 	hasPeriphery: autoDraw = False
24.2501 	EXP 	noPeriphery: autoDraw = False
24.2501 	EXP 	final: autoDraw = False
24.2501 	EXP 	blank_screen: autoDraw = False
24.2501 	EXP 	text: autoDraw = False
24.2501 	EXP 	hasPeriphery: size = array([1.77777778, 1.        ])
24.2501 	EXP 	hasPeriphery: image = 'C:\\Users\\hesselmann\\Desktop\\PsychoPyUniformityIllusion\\UniformityIllusionPsychoPy\\Pics\\1a.png'
24.2501 	EXP 	noPeriphery: size = array([1.77777778, 1.        ])
24.2501 	EXP 	noPeriphery: image = 'C:\\Users\\hesselmann\\Desktop\\PsychoPyUniformityIllusion\\UniformityIllusionPsychoPy\\Pics\\1start.png'
24.2501 	EXP 	final: size = array([1.77777778, 1.        ])
24.2501 	EXP 	final: image = 'C:\\Users\\hesselmann\\Desktop\\PsychoPyUniformityIllusion\\UniformityIllusionPsychoPy\\Pics\\1b.png'
24.2501 	EXP 	hasPeriphery: autoDraw = True
24.2501 	EXP 	hasPeriphery: texRes = 128.0
24.2501 	EXP 	noPeriphery: autoDraw = True
24.2501 	EXP 	noPeriphery: texRes = 128.0
24.2501 	EXP 	text: autoDraw = True
24.3971 	EXP 	hasPeriphery: texRes = 128.0
24.3971 	EXP 	noPeriphery: texRes = 128.0
24.5435 	EXP 	hasPeriphery: texRes = 128.0
24.5435 	EXP 	noPeriphery: texRes = 128.0
24.6909 	EXP 	hasPeriphery: texRes = 128.0
24.6909 	EXP 	noPeriphery: texRes = 128.0
24.8240 	EXP 	hasPeriphery: texRes = 128.0
24.8240 	EXP 	noPeriphery: texRes = 128.0
24.9704 	EXP 	hasPeriphery: texRes = 128.0
24.9704 	EXP 	noPeriphery: texRes = 128.0
25.1174 	EXP 	hasPeriphery: texRes = 128.0
25.1174 	EXP 	noPeriphery: texRes = 128.0
25.2635 	EXP 	hasPeriphery: texRes = 128.0
25.2635 	EXP 	noPeriphery: texRes = 128.0
25.3976 	EXP 	hasPeriphery: texRes = 128.0
25.3976 	EXP 	noPeriphery: texRes = 128.0
25.5439 	EXP 	hasPeriphery: texRes = 128.0
25.5439 	EXP 	noPeriphery: texRes = 128.0
25.7043 	EXP 	hasPeriphery: texRes = 128.0
25.7043 	EXP 	noPeriphery: texRes = 128.0
25.8508 	EXP 	hasPeriphery: texRes = 128.0
25.8508 	EXP 	noPeriphery: texRes = 128.0
26.0110 	EXP 	hasPeriphery: texRes = 128.0
26.0110 	EXP 	noPeriphery: texRes = 128.0
26.1577 	EXP 	hasPeriphery: texRes = 128.0
26.1577 	EXP 	noPeriphery: texRes = 128.0
26.2903 	EXP 	hasPeriphery: texRes = 128.0
26.2903 	EXP 	noPeriphery: texRes = 128.0
26.4376 	EXP 	hasPeriphery: texRes = 128.0
26.4376 	EXP 	noPeriphery: texRes = 128.0
26.5843 	EXP 	hasPeriphery: texRes = 128.0
26.5843 	EXP 	noPeriphery: texRes = 128.0
26.7310 	EXP 	hasPeriphery: texRes = 128.0
26.7310 	EXP 	noPeriphery: texRes = 128.0
26.8773 	EXP 	hasPeriphery: texRes = 128.0
26.8773 	EXP 	noPeriphery: texRes = 128.0
27.0239 	EXP 	hasPeriphery: texRes = 128.0
27.0239 	EXP 	noPeriphery: texRes = 128.0
27.2513 	EXP 	hasPeriphery: texRes = 128.0
27.2513 	EXP 	noPeriphery: texRes = 128.0
27.2513 	EXP 	final: autoDraw = True
27.2513 	EXP 	final: texRes = 128.0
27.4637 	EXP 	hasPeriphery: texRes = 128.0
27.4637 	EXP 	noPeriphery: texRes = 128.0
27.4637 	EXP 	final: texRes = 128.0
27.4637 	EXP 	blank_screen: autoDraw = True
27.7042 	EXP 	hasPeriphery: texRes = 128.0
27.7042 	EXP 	noPeriphery: texRes = 128.0
27.7042 	EXP 	final: texRes = 128.0
27.9174 	EXP 	hasPeriphery: texRes = 128.0
27.9174 	EXP 	noPeriphery: texRes = 128.0
27.9174 	EXP 	final: texRes = 128.0
27.9174 	EXP 	blank_screen: autoDraw = False
28.1171 	EXP 	hasPeriphery: texRes = 128.0
28.1171 	EXP 	noPeriphery: texRes = 128.0
28.1171 	EXP 	final: texRes = 128.0
28.3174 	EXP 	hasPeriphery: texRes = 128.0
28.3174 	EXP 	noPeriphery: texRes = 128.0
28.3174 	EXP 	final: texRes = 128.0
28.5308 	EXP 	hasPeriphery: texRes = 128.0
28.5308 	EXP 	noPeriphery: texRes = 128.0
28.5308 	EXP 	final: texRes = 128.0
28.7438 	EXP 	hasPeriphery: texRes = 128.0
28.7438 	EXP 	noPeriphery: texRes = 128.0
28.7438 	EXP 	final: texRes = 128.0
28.9572 	EXP 	hasPeriphery: texRes = 128.0
28.9572 	EXP 	noPeriphery: texRes = 128.0
28.9572 	EXP 	final: texRes = 128.0
28.9572 	EXP 	blank_screen: autoDraw = True
29.1709 	EXP 	hasPeriphery: texRes = 128.0
29.1709 	EXP 	noPeriphery: texRes = 128.0
29.1709 	EXP 	final: texRes = 128.0
29.3712 	EXP 	hasPeriphery: texRes = 128.0
29.3712 	EXP 	noPeriphery: texRes = 128.0
29.3712 	EXP 	final: texRes = 128.0
29.3712 	EXP 	blank_screen: autoDraw = False
29.5846 	EXP 	hasPeriphery: texRes = 128.0
29.5846 	EXP 	noPeriphery: texRes = 128.0
29.5846 	EXP 	final: texRes = 128.0
29.7839 	EXP 	hasPeriphery: texRes = 128.0
29.7839 	EXP 	noPeriphery: texRes = 128.0
29.7839 	EXP 	final: texRes = 128.0
29.9843 	EXP 	hasPeriphery: texRes = 128.0
29.9843 	EXP 	noPeriphery: texRes = 128.0
29.9843 	EXP 	final: texRes = 128.0
30.1839 	EXP 	hasPeriphery: texRes = 128.0
30.1839 	EXP 	noPeriphery: texRes = 128.0
30.1839 	EXP 	final: texRes = 128.0
30.3976 	EXP 	hasPeriphery: texRes = 128.0
30.3976 	EXP 	noPeriphery: texRes = 128.0
30.3976 	EXP 	final: texRes = 128.0
30.3976 	EXP 	blank_screen: autoDraw = True
30.6113 	EXP 	hasPeriphery: texRes = 128.0
30.6113 	EXP 	noPeriphery: texRes = 128.0
30.6113 	EXP 	final: texRes = 128.0
30.8113 	EXP 	hasPeriphery: texRes = 128.0
30.8113 	EXP 	noPeriphery: texRes = 128.0
30.8113 	EXP 	final: texRes = 128.0
30.8113 	EXP 	blank_screen: autoDraw = False
31.0241 	EXP 	hasPeriphery: texRes = 128.0
31.0241 	EXP 	noPeriphery: texRes = 128.0
31.0241 	EXP 	final: texRes = 128.0
31.2248 	EXP 	hasPeriphery: texRes = 128.0
31.2248 	EXP 	noPeriphery: texRes = 128.0
31.2248 	EXP 	final: texRes = 128.0
31.4241 	EXP 	hasPeriphery: texRes = 128.0
31.4241 	EXP 	noPeriphery: texRes = 128.0
31.4241 	EXP 	final: texRes = 128.0
31.6246 	EXP 	hasPeriphery: texRes = 128.0
31.6246 	EXP 	noPeriphery: texRes = 128.0
31.6246 	EXP 	final: texRes = 128.0
31.8375 	EXP 	hasPeriphery: texRes = 128.0
31.8375 	EXP 	noPeriphery: texRes = 128.0
31.8375 	EXP 	final: texRes = 128.0
31.8375 	EXP 	blank_screen: autoDraw = True
32.0508 	EXP 	hasPeriphery: texRes = 128.0
32.0508 	EXP 	noPeriphery: texRes = 128.0
32.0508 	EXP 	final: texRes = 128.0
32.2645 	EXP 	hasPeriphery: texRes = 128.0
32.2645 	EXP 	noPeriphery: texRes = 128.0
32.2645 	EXP 	final: texRes = 128.0
32.2645 	EXP 	blank_screen: autoDraw = False
32.4649 	EXP 	hasPeriphery: texRes = 128.0
32.4649 	EXP 	noPeriphery: texRes = 128.0
32.4649 	EXP 	final: texRes = 128.0
32.6653 	EXP 	hasPeriphery: texRes = 128.0
32.6653 	EXP 	noPeriphery: texRes = 128.0
32.6653 	EXP 	final: texRes = 128.0
32.8646 	EXP 	hasPeriphery: texRes = 128.0
32.8646 	EXP 	noPeriphery: texRes = 128.0
32.8646 	EXP 	final: texRes = 128.0
33.0786 	EXP 	hasPeriphery: texRes = 128.0
33.0786 	EXP 	noPeriphery: texRes = 128.0
33.0786 	EXP 	final: texRes = 128.0
33.2910 	EXP 	hasPeriphery: texRes = 128.0
33.2910 	EXP 	noPeriphery: texRes = 128.0
33.2910 	EXP 	final: texRes = 128.0
33.2910 	EXP 	blank_screen: autoDraw = True
33.5047 	EXP 	hasPeriphery: texRes = 128.0
33.5047 	EXP 	noPeriphery: texRes = 128.0
33.5047 	EXP 	final: texRes = 128.0
33.7181 	EXP 	hasPeriphery: texRes = 128.0
33.7181 	EXP 	noPeriphery: texRes = 128.0
33.7181 	EXP 	final: texRes = 128.0
33.7181 	EXP 	blank_screen: autoDraw = False
33.9177 	EXP 	hasPeriphery: texRes = 128.0
33.9177 	EXP 	noPeriphery: texRes = 128.0
33.9177 	EXP 	final: texRes = 128.0
34.1310 	EXP 	hasPeriphery: texRes = 128.0
34.1310 	EXP 	noPeriphery: texRes = 128.0
34.1310 	EXP 	final: texRes = 128.0
34.3313 	EXP 	hasPeriphery: texRes = 128.0
34.3313 	EXP 	noPeriphery: texRes = 128.0
34.3313 	EXP 	final: texRes = 128.0
34.4118 	EXP 	hasPeriphery: autoDraw = False
34.4118 	EXP 	noPeriphery: autoDraw = False
34.4118 	EXP 	final: texRes = 128.0
34.4911 	EXP 	final: texRes = 128.0
34.5714 	EXP 	final: texRes = 128.0
34.6514 	EXP 	final: texRes = 128.0
34.7311 	EXP 	final: texRes = 128.0
34.8111 	EXP 	final: texRes = 128.0
34.8918 	EXP 	final: texRes = 128.0
34.9716 	EXP 	final: texRes = 128.0
35.0650 	EXP 	final: texRes = 128.0
35.1584 	EXP 	final: texRes = 128.0
35.2515 	EXP 	final: texRes = 128.0
35.3315 	EXP 	final: texRes = 128.0
35.4115 	EXP 	final: texRes = 128.0
35.4916 	EXP 	final: texRes = 128.0
35.5715 	EXP 	final: texRes = 128.0
35.6512 	EXP 	final: texRes = 128.0
35.7316 	EXP 	final: texRes = 128.0
35.8112 	EXP 	final: texRes = 128.0
35.8912 	EXP 	final: texRes = 128.0
35.9716 	EXP 	final: texRes = 128.0
36.0515 	EXP 	final: texRes = 128.0
36.1312 	EXP 	final: texRes = 128.0
36.1852 	EXP 	New trial (rep=0, index=2): {'startImage': 'C:\\Users\\hesselmann\\Desktop\\PsychoPyUniformityIllusion\\UniformityIllusionPsychoPy\\Pics\\2start.png', 'midImage': 'C:\\Users\\hesselmann\\Desktop\\PsychoPyUniformityIllusion\\UniformityIllusionPsychoPy\\Pics\\2a.png', 'endImage': 'C:\\Users\\hesselmann\\Desktop\\PsychoPyUniformityIllusion\\UniformityIllusionPsychoPy\\Pics\\2a.png', 'AB': 'a'}
36.4116 	EXP 	final: texRes = 128.0
36.4116 	EXP 	hasPeriphery: autoDraw = False
36.4116 	EXP 	noPeriphery: autoDraw = False
36.4116 	EXP 	final: autoDraw = False
36.4116 	EXP 	blank_screen: autoDraw = False
36.4116 	EXP 	text: autoDraw = False
36.4116 	EXP 	hasPeriphery: size = array([1.77777778, 1.        ])
36.4116 	EXP 	hasPeriphery: image = 'C:\\Users\\hesselmann\\Desktop\\PsychoPyUniformityIllusion\\UniformityIllusionPsychoPy\\Pics\\2a.png'
36.4116 	EXP 	noPeriphery: size = array([1.77777778, 1.        ])
36.4116 	EXP 	noPeriphery: image = 'C:\\Users\\hesselmann\\Desktop\\PsychoPyUniformityIllusion\\UniformityIllusionPsychoPy\\Pics\\2start.png'
36.4116 	EXP 	final: size = array([1.77777778, 1.        ])
36.4116 	EXP 	final: image = 'C:\\Users\\hesselmann\\Desktop\\PsychoPyUniformityIllusion\\UniformityIllusionPsychoPy\\Pics\\2a.png'
36.4116 	EXP 	hasPeriphery: autoDraw = True
36.4116 	EXP 	hasPeriphery: texRes = 128.0
36.4116 	EXP 	noPeriphery: autoDraw = True
36.4116 	EXP 	noPeriphery: texRes = 128.0
36.4116 	EXP 	text: autoDraw = True
36.5446 	EXP 	hasPeriphery: texRes = 128.0
36.5446 	EXP 	noPeriphery: texRes = 128.0
36.6646 	EXP 	hasPeriphery: texRes = 128.0
36.6646 	EXP 	noPeriphery: texRes = 128.0
36.7846 	EXP 	hasPeriphery: texRes = 128.0
36.7846 	EXP 	noPeriphery: texRes = 128.0
36.9054 	EXP 	hasPeriphery: texRes = 128.0
36.9054 	EXP 	noPeriphery: texRes = 128.0
37.0250 	EXP 	hasPeriphery: texRes = 128.0
37.0250 	EXP 	noPeriphery: texRes = 128.0
37.1717 	EXP 	hasPeriphery: texRes = 128.0
37.1717 	EXP 	noPeriphery: texRes = 128.0
37.2921 	EXP 	hasPeriphery: texRes = 128.0
37.2921 	EXP 	noPeriphery: texRes = 128.0
37.4114 	EXP 	hasPeriphery: texRes = 128.0
37.4114 	EXP 	noPeriphery: texRes = 128.0
37.5455 	EXP 	hasPeriphery: texRes = 128.0
37.5455 	EXP 	noPeriphery: texRes = 128.0
37.6647 	EXP 	hasPeriphery: texRes = 128.0
37.6647 	EXP 	noPeriphery: texRes = 128.0
37.7847 	EXP 	hasPeriphery: texRes = 128.0
37.7847 	EXP 	noPeriphery: texRes = 128.0
37.9051 	EXP 	hasPeriphery: texRes = 128.0
37.9051 	EXP 	noPeriphery: texRes = 128.0
38.0255 	EXP 	hasPeriphery: texRes = 128.0
38.0255 	EXP 	noPeriphery: texRes = 128.0
38.1448 	EXP 	hasPeriphery: texRes = 128.0
38.1448 	EXP 	noPeriphery: texRes = 128.0
38.2797 	EXP 	hasPeriphery: texRes = 128.0
38.2797 	EXP 	noPeriphery: texRes = 128.0
38.4115 	EXP 	hasPeriphery: texRes = 128.0
38.4115 	EXP 	noPeriphery: texRes = 128.0
38.5322 	EXP 	hasPeriphery: texRes = 128.0
38.5322 	EXP 	noPeriphery: texRes = 128.0
38.6652 	EXP 	hasPeriphery: texRes = 128.0
38.6652 	EXP 	noPeriphery: texRes = 128.0
38.7982 	EXP 	hasPeriphery: texRes = 128.0
38.7982 	EXP 	noPeriphery: texRes = 128.0
38.9722 	EXP 	hasPeriphery: texRes = 128.0
38.9722 	EXP 	noPeriphery: texRes = 128.0
38.9722 	EXP 	final: autoDraw = True
38.9722 	EXP 	final: texRes = 128.0
39.1589 	EXP 	hasPeriphery: texRes = 128.0
39.1589 	EXP 	noPeriphery: texRes = 128.0
39.1589 	EXP 	final: texRes = 128.0
39.1589 	EXP 	blank_screen: autoDraw = True
39.3456 	EXP 	hasPeriphery: texRes = 128.0
39.3456 	EXP 	noPeriphery: texRes = 128.0
39.3456 	EXP 	final: texRes = 128.0
39.5457 	EXP 	hasPeriphery: texRes = 128.0
39.5457 	EXP 	noPeriphery: texRes = 128.0
39.5457 	EXP 	final: texRes = 128.0
39.5457 	EXP 	blank_screen: autoDraw = False
39.7316 	EXP 	hasPeriphery: texRes = 128.0
39.7316 	EXP 	noPeriphery: texRes = 128.0
39.7316 	EXP 	final: texRes = 128.0
39.9059 	EXP 	hasPeriphery: texRes = 128.0
39.9059 	EXP 	noPeriphery: texRes = 128.0
39.9059 	EXP 	final: texRes = 128.0
40.0922 	EXP 	hasPeriphery: texRes = 128.0
40.0922 	EXP 	noPeriphery: texRes = 128.0
40.0922 	EXP 	final: texRes = 128.0
40.2921 	EXP 	hasPeriphery: texRes = 128.0
40.2921 	EXP 	noPeriphery: texRes = 128.0
40.2921 	EXP 	final: texRes = 128.0
40.4787 	EXP 	hasPeriphery: texRes = 128.0
40.4787 	EXP 	noPeriphery: texRes = 128.0
40.4787 	EXP 	final: texRes = 128.0
40.4787 	EXP 	blank_screen: autoDraw = True
40.6662 	EXP 	hasPeriphery: texRes = 128.0
40.6662 	EXP 	noPeriphery: texRes = 128.0
40.6662 	EXP 	final: texRes = 128.0
40.8524 	EXP 	hasPeriphery: texRes = 128.0
40.8524 	EXP 	noPeriphery: texRes = 128.0
40.8524 	EXP 	final: texRes = 128.0
40.8524 	EXP 	blank_screen: autoDraw = False
41.0391 	EXP 	hasPeriphery: texRes = 128.0
41.0391 	EXP 	noPeriphery: texRes = 128.0
41.0391 	EXP 	final: texRes = 128.0
41.2259 	EXP 	hasPeriphery: texRes = 128.0
41.2259 	EXP 	noPeriphery: texRes = 128.0
41.2259 	EXP 	final: texRes = 128.0
41.4118 	EXP 	hasPeriphery: texRes = 128.0
41.4118 	EXP 	noPeriphery: texRes = 128.0
41.4118 	EXP 	final: texRes = 128.0
41.5984 	EXP 	hasPeriphery: texRes = 128.0
41.5984 	EXP 	noPeriphery: texRes = 128.0
41.5984 	EXP 	final: texRes = 128.0
41.7855 	EXP 	hasPeriphery: texRes = 128.0
41.7855 	EXP 	noPeriphery: texRes = 128.0
41.7855 	EXP 	final: texRes = 128.0
41.7855 	EXP 	blank_screen: autoDraw = True
41.9722 	EXP 	hasPeriphery: texRes = 128.0
41.9722 	EXP 	noPeriphery: texRes = 128.0
41.9722 	EXP 	final: texRes = 128.0
42.1589 	EXP 	hasPeriphery: texRes = 128.0
42.1589 	EXP 	noPeriphery: texRes = 128.0
42.1589 	EXP 	final: texRes = 128.0
42.1589 	EXP 	blank_screen: autoDraw = False
42.3456 	EXP 	hasPeriphery: texRes = 128.0
42.3456 	EXP 	noPeriphery: texRes = 128.0
42.3456 	EXP 	final: texRes = 128.0
42.5325 	EXP 	hasPeriphery: texRes = 128.0
42.5325 	EXP 	noPeriphery: texRes = 128.0
42.5325 	EXP 	final: texRes = 128.0
42.7189 	EXP 	hasPeriphery: texRes = 128.0
42.7189 	EXP 	noPeriphery: texRes = 128.0
42.7189 	EXP 	final: texRes = 128.0
42.8920 	EXP 	hasPeriphery: texRes = 128.0
42.8920 	EXP 	noPeriphery: texRes = 128.0
42.8920 	EXP 	final: texRes = 128.0
43.0792 	EXP 	hasPeriphery: texRes = 128.0
43.0792 	EXP 	noPeriphery: texRes = 128.0
43.0792 	EXP 	final: texRes = 128.0
43.0792 	EXP 	blank_screen: autoDraw = True
43.2789 	EXP 	hasPeriphery: texRes = 128.0
43.2789 	EXP 	noPeriphery: texRes = 128.0
43.2789 	EXP 	final: texRes = 128.0
43.4653 	EXP 	hasPeriphery: texRes = 128.0
43.4653 	EXP 	noPeriphery: texRes = 128.0
43.4653 	EXP 	final: texRes = 128.0
43.4653 	EXP 	blank_screen: autoDraw = False
43.6523 	EXP 	hasPeriphery: texRes = 128.0
43.6523 	EXP 	noPeriphery: texRes = 128.0
43.6523 	EXP 	final: texRes = 128.0
43.8259 	EXP 	hasPeriphery: texRes = 128.0
43.8259 	EXP 	noPeriphery: texRes = 128.0
43.8259 	EXP 	final: texRes = 128.0
43.9989 	EXP 	hasPeriphery: texRes = 128.0
43.9989 	EXP 	noPeriphery: texRes = 128.0
43.9989 	EXP 	final: texRes = 128.0
44.1854 	EXP 	hasPeriphery: texRes = 128.0
44.1854 	EXP 	noPeriphery: texRes = 128.0
44.1854 	EXP 	final: texRes = 128.0
44.3732 	EXP 	hasPeriphery: texRes = 128.0
44.3732 	EXP 	noPeriphery: texRes = 128.0
44.3732 	EXP 	final: texRes = 128.0
44.3732 	EXP 	blank_screen: autoDraw = True
44.5588 	EXP 	hasPeriphery: texRes = 128.0
44.5588 	EXP 	noPeriphery: texRes = 128.0
44.5588 	EXP 	final: texRes = 128.0
44.7457 	EXP 	hasPeriphery: texRes = 128.0
44.7457 	EXP 	noPeriphery: texRes = 128.0
44.7457 	EXP 	final: texRes = 128.0
44.7457 	EXP 	blank_screen: autoDraw = False
44.9188 	EXP 	hasPeriphery: texRes = 128.0
44.9188 	EXP 	noPeriphery: texRes = 128.0
44.9188 	EXP 	final: texRes = 128.0
45.0922 	EXP 	hasPeriphery: texRes = 128.0
45.0922 	EXP 	noPeriphery: texRes = 128.0
45.0922 	EXP 	final: texRes = 128.0
45.2792 	EXP 	hasPeriphery: texRes = 128.0
45.2792 	EXP 	noPeriphery: texRes = 128.0
45.2792 	EXP 	final: texRes = 128.0
45.4529 	EXP 	hasPeriphery: texRes = 128.0
45.4529 	EXP 	noPeriphery: texRes = 128.0
45.4529 	EXP 	final: texRes = 128.0
45.6526 	EXP 	hasPeriphery: texRes = 128.0
45.6526 	EXP 	noPeriphery: texRes = 128.0
45.6526 	EXP 	final: texRes = 128.0
45.6526 	EXP 	blank_screen: autoDraw = True
45.8393 	EXP 	hasPeriphery: texRes = 128.0
45.8393 	EXP 	noPeriphery: texRes = 128.0
45.8393 	EXP 	final: texRes = 128.0
46.0260 	EXP 	hasPeriphery: texRes = 128.0
46.0260 	EXP 	noPeriphery: texRes = 128.0
46.0260 	EXP 	final: texRes = 128.0
46.0260 	EXP 	blank_screen: autoDraw = False
46.1989 	EXP 	hasPeriphery: texRes = 128.0
46.1989 	EXP 	noPeriphery: texRes = 128.0
46.1989 	EXP 	final: texRes = 128.0
46.3856 	EXP 	hasPeriphery: texRes = 128.0
46.3856 	EXP 	noPeriphery: texRes = 128.0
46.3856 	EXP 	final: texRes = 128.0
46.5731 	EXP 	hasPeriphery: texRes = 128.0
46.5731 	EXP 	noPeriphery: texRes = 128.0
46.5731 	EXP 	final: texRes = 128.0
46.6530 	EXP 	hasPeriphery: autoDraw = False
46.6530 	EXP 	noPeriphery: autoDraw = False
46.6530 	EXP 	final: texRes = 128.0
46.7323 	EXP 	final: texRes = 128.0
46.8000 	EXP 	final: texRes = 128.0
46.8794 	EXP 	final: texRes = 128.0
46.9591 	EXP 	final: texRes = 128.0
47.0390 	EXP 	final: texRes = 128.0
47.1194 	EXP 	final: texRes = 128.0
47.1992 	EXP 	final: texRes = 128.0
47.2791 	EXP 	final: texRes = 128.0
47.3595 	EXP 	final: texRes = 128.0
47.4399 	EXP 	final: texRes = 128.0
47.5190 	EXP 	final: texRes = 128.0
47.5990 	EXP 	final: texRes = 128.0
47.6799 	EXP 	final: texRes = 128.0
47.7595 	EXP 	final: texRes = 128.0
47.8391 	EXP 	final: texRes = 128.0
47.9192 	EXP 	final: texRes = 128.0
47.9994 	EXP 	final: texRes = 128.0
48.0795 	EXP 	final: texRes = 128.0
48.1595 	EXP 	final: texRes = 128.0
48.2395 	EXP 	final: texRes = 128.0
48.3192 	EXP 	final: texRes = 128.0
48.3650 	EXP 	New trial (rep=0, index=3): {'startImage': 'C:\\Users\\hesselmann\\Desktop\\PsychoPyUniformityIllusion\\UniformityIllusionPsychoPy\\Pics\\2start.png', 'midImage': 'C:\\Users\\hesselmann\\Desktop\\PsychoPyUniformityIllusion\\UniformityIllusionPsychoPy\\Pics\\2a.png', 'endImage': 'C:\\Users\\hesselmann\\Desktop\\PsychoPyUniformityIllusion\\UniformityIllusionPsychoPy\\Pics\\2b.png', 'AB': 'b'}
48.5991 	EXP 	final: texRes = 128.0
48.5991 	EXP 	hasPeriphery: autoDraw = False
48.5991 	EXP 	noPeriphery: autoDraw = False
48.5991 	EXP 	final: autoDraw = False
48.5991 	EXP 	blank_screen: autoDraw = False
48.5991 	EXP 	text: autoDraw = False
48.5991 	EXP 	hasPeriphery: size = array([1.77777778, 1.        ])
48.5991 	EXP 	hasPeriphery: image = 'C:\\Users\\hesselmann\\Desktop\\PsychoPyUniformityIllusion\\UniformityIllusionPsychoPy\\Pics\\2a.png'
48.5991 	EXP 	noPeriphery: size = array([1.77777778, 1.        ])
48.5991 	EXP 	noPeriphery: image = 'C:\\Users\\hesselmann\\Desktop\\PsychoPyUniformityIllusion\\UniformityIllusionPsychoPy\\Pics\\2start.png'
48.5991 	EXP 	final: size = array([1.77777778, 1.        ])
48.5991 	EXP 	final: image = 'C:\\Users\\hesselmann\\Desktop\\PsychoPyUniformityIllusion\\UniformityIllusionPsychoPy\\Pics\\2b.png'
48.5991 	EXP 	hasPeriphery: autoDraw = True
48.5991 	EXP 	hasPeriphery: texRes = 128.0
48.5991 	EXP 	noPeriphery: autoDraw = True
48.5991 	EXP 	noPeriphery: texRes = 128.0
48.5991 	EXP 	text: autoDraw = True
48.7326 	EXP 	hasPeriphery: texRes = 128.0
48.7326 	EXP 	noPeriphery: texRes = 128.0
48.8527 	EXP 	hasPeriphery: texRes = 128.0
48.8527 	EXP 	noPeriphery: texRes = 128.0
48.9738 	EXP 	hasPeriphery: texRes = 128.0
48.9738 	EXP 	noPeriphery: texRes = 128.0
49.1061 	EXP 	hasPeriphery: texRes = 128.0
49.1061 	EXP 	noPeriphery: texRes = 128.0
49.2397 	EXP 	hasPeriphery: texRes = 128.0
49.2397 	EXP 	noPeriphery: texRes = 128.0
49.3726 	EXP 	hasPeriphery: texRes = 128.0
49.3726 	EXP 	noPeriphery: texRes = 128.0
49.5059 	EXP 	hasPeriphery: texRes = 128.0
49.5059 	EXP 	noPeriphery: texRes = 128.0
49.6394 	EXP 	hasPeriphery: texRes = 128.0
49.6394 	EXP 	noPeriphery: texRes = 128.0
49.7730 	EXP 	hasPeriphery: texRes = 128.0
49.7730 	EXP 	noPeriphery: texRes = 128.0
49.8932 	EXP 	hasPeriphery: texRes = 128.0
49.8932 	EXP 	noPeriphery: texRes = 128.0
50.0265 	EXP 	hasPeriphery: texRes = 128.0
50.0265 	EXP 	noPeriphery: texRes = 128.0
50.1601 	EXP 	hasPeriphery: texRes = 128.0
50.1601 	EXP 	noPeriphery: texRes = 128.0
50.2927 	EXP 	hasPeriphery: texRes = 128.0
50.2927 	EXP 	noPeriphery: texRes = 128.0
50.4265 	EXP 	hasPeriphery: texRes = 128.0
50.4265 	EXP 	noPeriphery: texRes = 128.0
50.5729 	EXP 	hasPeriphery: texRes = 128.0
50.5729 	EXP 	noPeriphery: texRes = 128.0
50.7061 	EXP 	hasPeriphery: texRes = 128.0
50.7061 	EXP 	noPeriphery: texRes = 128.0
50.8264 	EXP 	hasPeriphery: texRes = 128.0
50.8264 	EXP 	noPeriphery: texRes = 128.0
50.9473 	EXP 	hasPeriphery: texRes = 128.0
50.9473 	EXP 	noPeriphery: texRes = 128.0
51.0928 	EXP 	hasPeriphery: texRes = 128.0
51.0928 	EXP 	noPeriphery: texRes = 128.0
51.2263 	EXP 	hasPeriphery: texRes = 128.0
51.2263 	EXP 	noPeriphery: texRes = 128.0
51.3463 	EXP 	hasPeriphery: texRes = 128.0
51.3463 	EXP 	noPeriphery: texRes = 128.0
51.4664 	EXP 	hasPeriphery: texRes = 128.0
51.4664 	EXP 	noPeriphery: texRes = 128.0
51.5998 	EXP 	hasPeriphery: texRes = 128.0
51.5998 	EXP 	noPeriphery: texRes = 128.0
51.7332 	EXP 	hasPeriphery: texRes = 128.0
51.7332 	EXP 	noPeriphery: texRes = 128.0
51.8529 	EXP 	hasPeriphery: texRes = 128.0
51.8529 	EXP 	noPeriphery: texRes = 128.0
51.9869 	EXP 	hasPeriphery: texRes = 128.0
51.9869 	EXP 	noPeriphery: texRes = 128.0
52.1200 	EXP 	hasPeriphery: texRes = 128.0
52.1200 	EXP 	noPeriphery: texRes = 128.0
52.2529 	EXP 	hasPeriphery: texRes = 128.0
52.2529 	EXP 	noPeriphery: texRes = 128.0
52.3731 	EXP 	hasPeriphery: texRes = 128.0
52.3731 	EXP 	noPeriphery: texRes = 128.0
52.5462 	EXP 	hasPeriphery: texRes = 128.0
52.5462 	EXP 	noPeriphery: texRes = 128.0
52.5462 	EXP 	final: autoDraw = True
52.5462 	EXP 	final: texRes = 128.0
52.7204 	EXP 	hasPeriphery: texRes = 128.0
52.7204 	EXP 	noPeriphery: texRes = 128.0
52.7204 	EXP 	final: texRes = 128.0
52.8937 	EXP 	hasPeriphery: texRes = 128.0
52.8937 	EXP 	noPeriphery: texRes = 128.0
52.8937 	EXP 	final: texRes = 128.0
53.0804 	EXP 	hasPeriphery: texRes = 128.0
53.0804 	EXP 	noPeriphery: texRes = 128.0
53.0804 	EXP 	final: texRes = 128.0
53.2662 	EXP 	hasPeriphery: texRes = 128.0
53.2662 	EXP 	noPeriphery: texRes = 128.0
53.2662 	EXP 	final: texRes = 128.0
53.4665 	EXP 	hasPeriphery: texRes = 128.0
53.4665 	EXP 	noPeriphery: texRes = 128.0
53.4665 	EXP 	final: texRes = 128.0
53.4665 	EXP 	blank_screen: autoDraw = True
53.6541 	EXP 	hasPeriphery: texRes = 128.0
53.6541 	EXP 	noPeriphery: texRes = 128.0
53.6541 	EXP 	final: texRes = 128.0
53.8408 	EXP 	hasPeriphery: texRes = 128.0
53.8408 	EXP 	noPeriphery: texRes = 128.0
53.8408 	EXP 	final: texRes = 128.0
53.8408 	EXP 	blank_screen: autoDraw = False
54.0405 	EXP 	hasPeriphery: texRes = 128.0
54.0405 	EXP 	noPeriphery: texRes = 128.0
54.0405 	EXP 	final: texRes = 128.0
54.2131 	EXP 	hasPeriphery: texRes = 128.0
54.2131 	EXP 	noPeriphery: texRes = 128.0
54.2131 	EXP 	final: texRes = 128.0
54.3997 	EXP 	hasPeriphery: texRes = 128.0
54.3997 	EXP 	noPeriphery: texRes = 128.0
54.3997 	EXP 	final: texRes = 128.0
54.5868 	EXP 	hasPeriphery: texRes = 128.0
54.5868 	EXP 	noPeriphery: texRes = 128.0
54.5868 	EXP 	final: texRes = 128.0
54.7735 	EXP 	hasPeriphery: texRes = 128.0
54.7735 	EXP 	noPeriphery: texRes = 128.0
54.7735 	EXP 	final: texRes = 128.0
54.7735 	EXP 	blank_screen: autoDraw = True
54.9602 	EXP 	hasPeriphery: texRes = 128.0
54.9602 	EXP 	noPeriphery: texRes = 128.0
54.9602 	EXP 	final: texRes = 128.0
55.1331 	EXP 	hasPeriphery: texRes = 128.0
55.1331 	EXP 	noPeriphery: texRes = 128.0
55.1331 	EXP 	final: texRes = 128.0
55.1331 	EXP 	blank_screen: autoDraw = False
55.3077 	EXP 	hasPeriphery: texRes = 128.0
55.3077 	EXP 	noPeriphery: texRes = 128.0
55.3077 	EXP 	final: texRes = 128.0
55.5073 	EXP 	hasPeriphery: texRes = 128.0
55.5073 	EXP 	noPeriphery: texRes = 128.0
55.5073 	EXP 	final: texRes = 128.0
55.6809 	EXP 	hasPeriphery: texRes = 128.0
55.6809 	EXP 	noPeriphery: texRes = 128.0
55.6809 	EXP 	final: texRes = 128.0
55.8677 	EXP 	hasPeriphery: texRes = 128.0
55.8677 	EXP 	noPeriphery: texRes = 128.0
55.8677 	EXP 	final: texRes = 128.0
56.0667 	EXP 	hasPeriphery: texRes = 128.0
56.0667 	EXP 	noPeriphery: texRes = 128.0
56.0667 	EXP 	final: texRes = 128.0
56.0667 	EXP 	blank_screen: autoDraw = True
56.2666 	EXP 	hasPeriphery: texRes = 128.0
56.2666 	EXP 	noPeriphery: texRes = 128.0
56.2666 	EXP 	final: texRes = 128.0
56.4544 	EXP 	hasPeriphery: texRes = 128.0
56.4544 	EXP 	noPeriphery: texRes = 128.0
56.4544 	EXP 	final: texRes = 128.0
56.4544 	EXP 	blank_screen: autoDraw = False
56.6403 	EXP 	hasPeriphery: texRes = 128.0
56.6403 	EXP 	noPeriphery: texRes = 128.0
56.6403 	EXP 	final: texRes = 128.0
56.8138 	EXP 	hasPeriphery: texRes = 128.0
56.8138 	EXP 	noPeriphery: texRes = 128.0
56.8138 	EXP 	final: texRes = 128.0
56.9874 	EXP 	hasPeriphery: texRes = 128.0
56.9874 	EXP 	noPeriphery: texRes = 128.0
56.9874 	EXP 	final: texRes = 128.0
57.1601 	EXP 	hasPeriphery: texRes = 128.0
57.1601 	EXP 	noPeriphery: texRes = 128.0
57.1601 	EXP 	final: texRes = 128.0
57.3469 	EXP 	hasPeriphery: texRes = 128.0
57.3469 	EXP 	noPeriphery: texRes = 128.0
57.3469 	EXP 	final: texRes = 128.0
57.3469 	EXP 	blank_screen: autoDraw = True
57.5334 	EXP 	hasPeriphery: texRes = 128.0
57.5334 	EXP 	noPeriphery: texRes = 128.0
57.5334 	EXP 	final: texRes = 128.0
57.7073 	EXP 	hasPeriphery: texRes = 128.0
57.7073 	EXP 	noPeriphery: texRes = 128.0
57.7073 	EXP 	final: texRes = 128.0
57.7073 	EXP 	blank_screen: autoDraw = False
57.8805 	EXP 	hasPeriphery: texRes = 128.0
57.8805 	EXP 	noPeriphery: texRes = 128.0
57.8805 	EXP 	final: texRes = 128.0
58.0541 	EXP 	hasPeriphery: texRes = 128.0
58.0541 	EXP 	noPeriphery: texRes = 128.0
58.0541 	EXP 	final: texRes = 128.0
58.2409 	EXP 	hasPeriphery: texRes = 128.0
58.2409 	EXP 	noPeriphery: texRes = 128.0
58.2409 	EXP 	final: texRes = 128.0
58.4275 	EXP 	hasPeriphery: texRes = 128.0
58.4275 	EXP 	noPeriphery: texRes = 128.0
58.4275 	EXP 	final: texRes = 128.0
58.6270 	EXP 	hasPeriphery: texRes = 128.0
58.6270 	EXP 	noPeriphery: texRes = 128.0
58.6270 	EXP 	final: texRes = 128.0
58.6270 	EXP 	blank_screen: autoDraw = True
58.7071 	EXP 	hasPeriphery: autoDraw = False
58.7071 	EXP 	noPeriphery: autoDraw = False
58.7071 	EXP 	final: texRes = 128.0
58.7876 	EXP 	final: texRes = 128.0
58.8541 	EXP 	final: texRes = 128.0
58.8541 	EXP 	blank_screen: autoDraw = False
58.9206 	EXP 	final: texRes = 128.0
58.9876 	EXP 	final: texRes = 128.0
59.0536 	EXP 	final: texRes = 128.0
59.1338 	EXP 	final: texRes = 128.0
59.2009 	EXP 	final: texRes = 128.0
59.2803 	EXP 	final: texRes = 128.0
59.3469 	EXP 	final: texRes = 128.0
59.4143 	EXP 	final: texRes = 128.0
59.4809 	EXP 	final: texRes = 128.0
59.5469 	EXP 	final: texRes = 128.0
59.6141 	EXP 	final: texRes = 128.0
59.6805 	EXP 	final: texRes = 128.0
59.7470 	EXP 	final: texRes = 128.0
59.8143 	EXP 	final: texRes = 128.0
59.8812 	EXP 	final: texRes = 128.0
59.9475 	EXP 	final: texRes = 128.0
60.0144 	EXP 	final: texRes = 128.0
60.0808 	EXP 	final: texRes = 128.0
60.1603 	EXP 	final: texRes = 128.0
60.2270 	EXP 	final: texRes = 128.0
60.2937 	EXP 	final: texRes = 128.0
60.3612 	EXP 	final: texRes = 128.0
60.4274 	EXP 	final: texRes = 128.0
60.4941 	EXP 	final: texRes = 128.0
60.5328 	EXP 	New trial (rep=0, index=4): {'startImage': 'C:\\Users\\hesselmann\\Desktop\\PsychoPyUniformityIllusion\\UniformityIllusionPsychoPy\\Pics\\3start.png', 'midImage': 'C:\\Users\\hesselmann\\Desktop\\PsychoPyUniformityIllusion\\UniformityIllusionPsychoPy\\Pics\\3a.png', 'endImage': 'C:\\Users\\hesselmann\\Desktop\\PsychoPyUniformityIllusion\\UniformityIllusionPsychoPy\\Pics\\3a.png', 'AB': 'a'}
60.7738 	EXP 	final: texRes = 128.0
60.7738 	EXP 	hasPeriphery: autoDraw = False
60.7738 	EXP 	noPeriphery: autoDraw = False
60.7738 	EXP 	final: autoDraw = False
60.7738 	EXP 	blank_screen: autoDraw = False
60.7738 	EXP 	text: autoDraw = False
60.7738 	EXP 	hasPeriphery: size = array([1.77777778, 1.        ])
60.7738 	EXP 	hasPeriphery: image = 'C:\\Users\\hesselmann\\Desktop\\PsychoPyUniformityIllusion\\UniformityIllusionPsychoPy\\Pics\\3a.png'
60.7738 	EXP 	noPeriphery: size = array([1.77777778, 1.        ])
60.7738 	EXP 	noPeriphery: image = 'C:\\Users\\hesselmann\\Desktop\\PsychoPyUniformityIllusion\\UniformityIllusionPsychoPy\\Pics\\3start.png'
60.7738 	EXP 	final: size = array([1.77777778, 1.        ])
60.7738 	EXP 	final: image = 'C:\\Users\\hesselmann\\Desktop\\PsychoPyUniformityIllusion\\UniformityIllusionPsychoPy\\Pics\\3a.png'
60.7738 	EXP 	hasPeriphery: autoDraw = True
60.7738 	EXP 	hasPeriphery: texRes = 128.0
60.7738 	EXP 	noPeriphery: autoDraw = True
60.7738 	EXP 	noPeriphery: texRes = 128.0
60.7738 	EXP 	text: autoDraw = True
60.9075 	EXP 	hasPeriphery: texRes = 128.0
60.9075 	EXP 	noPeriphery: texRes = 128.0
61.0416 	EXP 	hasPeriphery: texRes = 128.0
61.0416 	EXP 	noPeriphery: texRes = 128.0
61.1743 	EXP 	hasPeriphery: texRes = 128.0
61.1743 	EXP 	noPeriphery: texRes = 128.0
61.3076 	EXP 	hasPeriphery: texRes = 128.0
61.3076 	EXP 	noPeriphery: texRes = 128.0
61.4418 	EXP 	hasPeriphery: texRes = 128.0
61.4418 	EXP 	noPeriphery: texRes = 128.0
61.5742 	EXP 	hasPeriphery: texRes = 128.0
61.5742 	EXP 	noPeriphery: texRes = 128.0
61.7076 	EXP 	hasPeriphery: texRes = 128.0
61.7076 	EXP 	noPeriphery: texRes = 128.0
61.8410 	EXP 	hasPeriphery: texRes = 128.0
61.8410 	EXP 	noPeriphery: texRes = 128.0
61.9743 	EXP 	hasPeriphery: texRes = 128.0
61.9743 	EXP 	noPeriphery: texRes = 128.0
62.1074 	EXP 	hasPeriphery: texRes = 128.0
62.1074 	EXP 	noPeriphery: texRes = 128.0
62.2413 	EXP 	hasPeriphery: texRes = 128.0
62.2413 	EXP 	noPeriphery: texRes = 128.0
62.3876 	EXP 	hasPeriphery: texRes = 128.0
62.3876 	EXP 	noPeriphery: texRes = 128.0
62.5209 	EXP 	hasPeriphery: texRes = 128.0
62.5209 	EXP 	noPeriphery: texRes = 128.0
62.6550 	EXP 	hasPeriphery: texRes = 128.0
62.6550 	EXP 	noPeriphery: texRes = 128.0
62.8006 	EXP 	hasPeriphery: texRes = 128.0
62.8006 	EXP 	noPeriphery: texRes = 128.0
62.9344 	EXP 	hasPeriphery: texRes = 128.0
62.9344 	EXP 	noPeriphery: texRes = 128.0
63.0672 	EXP 	hasPeriphery: texRes = 128.0
63.0672 	EXP 	noPeriphery: texRes = 128.0
63.2010 	EXP 	hasPeriphery: texRes = 128.0
63.2010 	EXP 	noPeriphery: texRes = 128.0
63.3343 	EXP 	hasPeriphery: texRes = 128.0
63.3343 	EXP 	noPeriphery: texRes = 128.0
63.5207 	EXP 	hasPeriphery: texRes = 128.0
63.5207 	EXP 	noPeriphery: texRes = 128.0
63.5207 	EXP 	final: autoDraw = True
63.5207 	EXP 	final: texRes = 128.0
63.7207 	EXP 	hasPeriphery: texRes = 128.0
63.7207 	EXP 	noPeriphery: texRes = 128.0
63.7207 	EXP 	final: texRes = 128.0
63.7207 	EXP 	blank_screen: autoDraw = True
63.9214 	EXP 	hasPeriphery: texRes = 128.0
63.9214 	EXP 	noPeriphery: texRes = 128.0
63.9214 	EXP 	final: texRes = 128.0
64.1081 	EXP 	hasPeriphery: texRes = 128.0
64.1081 	EXP 	noPeriphery: texRes = 128.0
64.1081 	EXP 	final: texRes = 128.0
64.1081 	EXP 	blank_screen: autoDraw = False
64.2947 	EXP 	hasPeriphery: texRes = 128.0
64.2947 	EXP 	noPeriphery: texRes = 128.0
64.2947 	EXP 	final: texRes = 128.0
64.4807 	EXP 	hasPeriphery: texRes = 128.0
64.4807 	EXP 	noPeriphery: texRes = 128.0
64.4807 	EXP 	final: texRes = 128.0
64.6676 	EXP 	hasPeriphery: texRes = 128.0
64.6676 	EXP 	noPeriphery: texRes = 128.0
64.6676 	EXP 	final: texRes = 128.0
64.8553 	EXP 	hasPeriphery: texRes = 128.0
64.8553 	EXP 	noPeriphery: texRes = 128.0
64.8553 	EXP 	final: texRes = 128.0
65.0542 	EXP 	hasPeriphery: texRes = 128.0
65.0542 	EXP 	noPeriphery: texRes = 128.0
65.0542 	EXP 	final: texRes = 128.0
65.0542 	EXP 	blank_screen: autoDraw = True
65.2410 	EXP 	hasPeriphery: texRes = 128.0
65.2410 	EXP 	noPeriphery: texRes = 128.0
65.2410 	EXP 	final: texRes = 128.0
65.4281 	EXP 	hasPeriphery: texRes = 128.0
65.4281 	EXP 	noPeriphery: texRes = 128.0
65.4281 	EXP 	final: texRes = 128.0
65.4281 	EXP 	blank_screen: autoDraw = False
65.6144 	EXP 	hasPeriphery: texRes = 128.0
65.6144 	EXP 	noPeriphery: texRes = 128.0
65.6144 	EXP 	final: texRes = 128.0
65.8009 	EXP 	hasPeriphery: texRes = 128.0
65.8009 	EXP 	noPeriphery: texRes = 128.0
65.8009 	EXP 	final: texRes = 128.0
65.9876 	EXP 	hasPeriphery: texRes = 128.0
65.9876 	EXP 	noPeriphery: texRes = 128.0
65.9876 	EXP 	final: texRes = 128.0
66.1743 	EXP 	hasPeriphery: texRes = 128.0
66.1743 	EXP 	noPeriphery: texRes = 128.0
66.1743 	EXP 	final: texRes = 128.0
66.3610 	EXP 	hasPeriphery: texRes = 128.0
66.3610 	EXP 	noPeriphery: texRes = 128.0
66.3610 	EXP 	final: texRes = 128.0
66.3610 	EXP 	blank_screen: autoDraw = True
66.5481 	EXP 	hasPeriphery: texRes = 128.0
66.5481 	EXP 	noPeriphery: texRes = 128.0
66.5481 	EXP 	final: texRes = 128.0
66.7476 	EXP 	hasPeriphery: texRes = 128.0
66.7476 	EXP 	noPeriphery: texRes = 128.0
66.7476 	EXP 	final: texRes = 128.0
66.7476 	EXP 	blank_screen: autoDraw = False
66.9215 	EXP 	hasPeriphery: texRes = 128.0
66.9215 	EXP 	noPeriphery: texRes = 128.0
66.9215 	EXP 	final: texRes = 128.0
67.1080 	EXP 	hasPeriphery: texRes = 128.0
67.1080 	EXP 	noPeriphery: texRes = 128.0
67.1080 	EXP 	final: texRes = 128.0
67.2481 	EXP 	New trial (rep=0, index=5): {'startImage': 'C:\\Users\\hesselmann\\Desktop\\PsychoPyUniformityIllusion\\UniformityIllusionPsychoPy\\Pics\\3start.png', 'midImage': 'C:\\Users\\hesselmann\\Desktop\\PsychoPyUniformityIllusion\\UniformityIllusionPsychoPy\\Pics\\3a.png', 'endImage': 'C:\\Users\\hesselmann\\Desktop\\PsychoPyUniformityIllusion\\UniformityIllusionPsychoPy\\Pics\\3b.png', 'AB': 'b'}
67.4662 	DATA 	Keypress: space
67.4944 	EXP 	hasPeriphery: texRes = 128.0
67.4944 	EXP 	noPeriphery: texRes = 128.0
67.4944 	EXP 	final: texRes = 128.0
67.4944 	EXP 	hasPeriphery: autoDraw = False
67.4944 	EXP 	noPeriphery: autoDraw = False
67.4944 	EXP 	final: autoDraw = False
67.4944 	EXP 	blank_screen: autoDraw = False
67.4944 	EXP 	text: autoDraw = False
67.4944 	EXP 	hasPeriphery: size = array([1.77777778, 1.        ])
67.4944 	EXP 	hasPeriphery: image = 'C:\\Users\\hesselmann\\Desktop\\PsychoPyUniformityIllusion\\UniformityIllusionPsychoPy\\Pics\\3a.png'
67.4944 	EXP 	noPeriphery: size = array([1.77777778, 1.        ])
67.4944 	EXP 	noPeriphery: image = 'C:\\Users\\hesselmann\\Desktop\\PsychoPyUniformityIllusion\\UniformityIllusionPsychoPy\\Pics\\3start.png'
67.4944 	EXP 	final: size = array([1.77777778, 1.        ])
67.4944 	EXP 	final: image = 'C:\\Users\\hesselmann\\Desktop\\PsychoPyUniformityIllusion\\UniformityIllusionPsychoPy\\Pics\\3b.png'
67.4944 	EXP 	hasPeriphery: autoDraw = True
67.4944 	EXP 	hasPeriphery: texRes = 128.0
67.4944 	EXP 	noPeriphery: autoDraw = True
67.4944 	EXP 	noPeriphery: texRes = 128.0
67.4944 	EXP 	text: autoDraw = True
67.6278 	EXP 	hasPeriphery: texRes = 128.0
67.6278 	EXP 	noPeriphery: texRes = 128.0
67.7619 	EXP 	hasPeriphery: texRes = 128.0
67.7619 	EXP 	noPeriphery: texRes = 128.0
67.8947 	EXP 	hasPeriphery: texRes = 128.0
67.8947 	EXP 	noPeriphery: texRes = 128.0
68.0278 	EXP 	hasPeriphery: texRes = 128.0
68.0278 	EXP 	noPeriphery: texRes = 128.0
68.1613 	EXP 	hasPeriphery: texRes = 128.0
68.1613 	EXP 	noPeriphery: texRes = 128.0
68.2955 	EXP 	hasPeriphery: texRes = 128.0
68.2955 	EXP 	noPeriphery: texRes = 128.0
68.4282 	EXP 	hasPeriphery: texRes = 128.0
68.4282 	EXP 	noPeriphery: texRes = 128.0
68.5750 	EXP 	hasPeriphery: texRes = 128.0
68.5750 	EXP 	noPeriphery: texRes = 128.0
68.7081 	EXP 	hasPeriphery: texRes = 128.0
68.7081 	EXP 	noPeriphery: texRes = 128.0
68.8412 	EXP 	hasPeriphery: texRes = 128.0
68.8412 	EXP 	noPeriphery: texRes = 128.0
68.9745 	EXP 	hasPeriphery: texRes = 128.0
68.9745 	EXP 	noPeriphery: texRes = 128.0
69.1083 	EXP 	hasPeriphery: texRes = 128.0
69.1083 	EXP 	noPeriphery: texRes = 128.0
69.2418 	EXP 	hasPeriphery: texRes = 128.0
69.2418 	EXP 	noPeriphery: texRes = 128.0
69.3745 	EXP 	hasPeriphery: texRes = 128.0
69.3745 	EXP 	noPeriphery: texRes = 128.0
69.5213 	EXP 	hasPeriphery: texRes = 128.0
69.5213 	EXP 	noPeriphery: texRes = 128.0
69.6547 	EXP 	hasPeriphery: texRes = 128.0
69.6547 	EXP 	noPeriphery: texRes = 128.0
69.7883 	EXP 	hasPeriphery: texRes = 128.0
69.7883 	EXP 	noPeriphery: texRes = 128.0
69.9224 	EXP 	hasPeriphery: texRes = 128.0
69.9224 	EXP 	noPeriphery: texRes = 128.0
70.0547 	EXP 	hasPeriphery: texRes = 128.0
70.0547 	EXP 	noPeriphery: texRes = 128.0
70.2418 	EXP 	hasPeriphery: texRes = 128.0
70.2418 	EXP 	noPeriphery: texRes = 128.0
70.2418 	EXP 	final: autoDraw = True
70.2418 	EXP 	final: texRes = 128.0
70.4287 	EXP 	hasPeriphery: texRes = 128.0
70.4287 	EXP 	noPeriphery: texRes = 128.0
70.4287 	EXP 	final: texRes = 128.0
70.4287 	EXP 	blank_screen: autoDraw = True
70.6281 	EXP 	hasPeriphery: texRes = 128.0
70.6281 	EXP 	noPeriphery: texRes = 128.0
70.6281 	EXP 	final: texRes = 128.0
70.8152 	EXP 	hasPeriphery: texRes = 128.0
70.8152 	EXP 	noPeriphery: texRes = 128.0
70.8152 	EXP 	final: texRes = 128.0
70.8152 	EXP 	blank_screen: autoDraw = False
71.0014 	EXP 	hasPeriphery: texRes = 128.0
71.0014 	EXP 	noPeriphery: texRes = 128.0
71.0014 	EXP 	final: texRes = 128.0
71.1881 	EXP 	hasPeriphery: texRes = 128.0
71.1881 	EXP 	noPeriphery: texRes = 128.0
71.1881 	EXP 	final: texRes = 128.0
71.3751 	EXP 	hasPeriphery: texRes = 128.0
71.3751 	EXP 	noPeriphery: texRes = 128.0
71.3751 	EXP 	final: texRes = 128.0
71.5618 	EXP 	hasPeriphery: texRes = 128.0
71.5618 	EXP 	noPeriphery: texRes = 128.0
71.5618 	EXP 	final: texRes = 128.0
71.7619 	EXP 	hasPeriphery: texRes = 128.0
71.7619 	EXP 	noPeriphery: texRes = 128.0
71.7619 	EXP 	final: texRes = 128.0
71.7619 	EXP 	blank_screen: autoDraw = True
71.9489 	EXP 	hasPeriphery: texRes = 128.0
71.9489 	EXP 	noPeriphery: texRes = 128.0
71.9489 	EXP 	final: texRes = 128.0
72.1352 	EXP 	hasPeriphery: texRes = 128.0
72.1352 	EXP 	noPeriphery: texRes = 128.0
72.1352 	EXP 	final: texRes = 128.0
72.1352 	EXP 	blank_screen: autoDraw = False
72.3360 	EXP 	hasPeriphery: texRes = 128.0
72.3360 	EXP 	noPeriphery: texRes = 128.0
72.3360 	EXP 	final: texRes = 128.0
72.5217 	EXP 	hasPeriphery: texRes = 128.0
72.5217 	EXP 	noPeriphery: texRes = 128.0
72.5217 	EXP 	final: texRes = 128.0
72.7086 	EXP 	hasPeriphery: texRes = 128.0
72.7086 	EXP 	noPeriphery: texRes = 128.0
72.7086 	EXP 	final: texRes = 128.0
72.8953 	EXP 	hasPeriphery: texRes = 128.0
72.8953 	EXP 	noPeriphery: texRes = 128.0
72.8953 	EXP 	final: texRes = 128.0
73.0950 	EXP 	hasPeriphery: texRes = 128.0
73.0950 	EXP 	noPeriphery: texRes = 128.0
73.0950 	EXP 	final: texRes = 128.0
73.0950 	EXP 	blank_screen: autoDraw = True
73.2959 	EXP 	hasPeriphery: texRes = 128.0
73.2959 	EXP 	noPeriphery: texRes = 128.0
73.2959 	EXP 	final: texRes = 128.0
73.4820 	EXP 	hasPeriphery: texRes = 128.0
73.4820 	EXP 	noPeriphery: texRes = 128.0
73.4820 	EXP 	final: texRes = 128.0
73.4820 	EXP 	blank_screen: autoDraw = False
73.6691 	EXP 	hasPeriphery: texRes = 128.0
73.6691 	EXP 	noPeriphery: texRes = 128.0
73.6691 	EXP 	final: texRes = 128.0
73.8687 	EXP 	hasPeriphery: texRes = 128.0
73.8687 	EXP 	noPeriphery: texRes = 128.0
73.8687 	EXP 	final: texRes = 128.0
74.0558 	EXP 	hasPeriphery: texRes = 128.0
74.0558 	EXP 	noPeriphery: texRes = 128.0
74.0558 	EXP 	final: texRes = 128.0
74.2418 	EXP 	hasPeriphery: texRes = 128.0
74.2418 	EXP 	noPeriphery: texRes = 128.0
74.2418 	EXP 	final: texRes = 128.0
74.4285 	EXP 	hasPeriphery: texRes = 128.0
74.4285 	EXP 	noPeriphery: texRes = 128.0
74.4285 	EXP 	final: texRes = 128.0
74.4285 	EXP 	blank_screen: autoDraw = True
74.6284 	EXP 	hasPeriphery: texRes = 128.0
74.6284 	EXP 	noPeriphery: texRes = 128.0
74.6284 	EXP 	final: texRes = 128.0
74.8158 	EXP 	hasPeriphery: texRes = 128.0
74.8158 	EXP 	noPeriphery: texRes = 128.0
74.8158 	EXP 	final: texRes = 128.0
74.8158 	EXP 	blank_screen: autoDraw = False
75.0025 	EXP 	hasPeriphery: texRes = 128.0
75.0025 	EXP 	noPeriphery: texRes = 128.0
75.0025 	EXP 	final: texRes = 128.0
75.1889 	EXP 	hasPeriphery: texRes = 128.0
75.1889 	EXP 	noPeriphery: texRes = 128.0
75.1889 	EXP 	final: texRes = 128.0
75.3759 	EXP 	hasPeriphery: texRes = 128.0
75.3759 	EXP 	noPeriphery: texRes = 128.0
75.3759 	EXP 	final: texRes = 128.0
75.5619 	EXP 	hasPeriphery: texRes = 128.0
75.5619 	EXP 	noPeriphery: texRes = 128.0
75.5619 	EXP 	final: texRes = 128.0
75.7619 	EXP 	hasPeriphery: texRes = 128.0
75.7619 	EXP 	noPeriphery: texRes = 128.0
75.7619 	EXP 	final: texRes = 128.0
75.7619 	EXP 	blank_screen: autoDraw = True
75.9486 	EXP 	hasPeriphery: texRes = 128.0
75.9486 	EXP 	noPeriphery: texRes = 128.0
75.9486 	EXP 	final: texRes = 128.0
76.1358 	EXP 	hasPeriphery: texRes = 128.0
76.1358 	EXP 	noPeriphery: texRes = 128.0
76.1358 	EXP 	final: texRes = 128.0
76.1358 	EXP 	blank_screen: autoDraw = False
76.3224 	EXP 	hasPeriphery: texRes = 128.0
76.3224 	EXP 	noPeriphery: texRes = 128.0
76.3224 	EXP 	final: texRes = 128.0
76.5225 	EXP 	hasPeriphery: texRes = 128.0
76.5225 	EXP 	noPeriphery: texRes = 128.0
76.5225 	EXP 	final: texRes = 128.0
76.7087 	EXP 	hasPeriphery: texRes = 128.0
76.7087 	EXP 	noPeriphery: texRes = 128.0
76.7087 	EXP 	final: texRes = 128.0
76.8821 	EXP 	hasPeriphery: texRes = 128.0
76.8821 	EXP 	noPeriphery: texRes = 128.0
76.8821 	EXP 	final: texRes = 128.0
77.0688 	EXP 	hasPeriphery: texRes = 128.0
77.0688 	EXP 	noPeriphery: texRes = 128.0
77.0688 	EXP 	final: texRes = 128.0
77.0688 	EXP 	blank_screen: autoDraw = True
77.2694 	EXP 	hasPeriphery: texRes = 128.0
77.2694 	EXP 	noPeriphery: texRes = 128.0
77.2694 	EXP 	final: texRes = 128.0
77.4561 	EXP 	hasPeriphery: texRes = 128.0
77.4561 	EXP 	noPeriphery: texRes = 128.0
77.4561 	EXP 	final: texRes = 128.0
77.4561 	EXP 	blank_screen: autoDraw = False
77.6421 	EXP 	hasPeriphery: texRes = 128.0
77.6421 	EXP 	noPeriphery: texRes = 128.0
77.6421 	EXP 	final: texRes = 128.0
77.7224 	EXP 	hasPeriphery: autoDraw = False
77.7224 	EXP 	noPeriphery: autoDraw = False
77.7224 	EXP 	final: texRes = 128.0
77.7899 	EXP 	final: texRes = 128.0
77.8695 	EXP 	final: texRes = 128.0
77.9491 	EXP 	final: texRes = 128.0
78.0289 	EXP 	final: texRes = 128.0
78.1095 	EXP 	final: texRes = 128.0
78.1895 	EXP 	final: texRes = 128.0
78.2695 	EXP 	final: texRes = 128.0
78.3492 	EXP 	final: texRes = 128.0
78.4292 	EXP 	final: texRes = 128.0
78.5088 	EXP 	final: texRes = 128.0
78.5892 	EXP 	final: texRes = 128.0
78.6370 	DATA 	Keypress: space
78.6559 	EXP 	final: texRes = 128.0
78.6559 	EXP 	hasPeriphery: autoDraw = False
78.6559 	EXP 	noPeriphery: autoDraw = False
78.6559 	EXP 	final: autoDraw = False
78.6559 	EXP 	blank_screen: autoDraw = False
78.6559 	EXP 	text: autoDraw = False
78.6559 	EXP 	WelcomeText: autoDraw = True
80.6666 	EXP 	Imported picPaths.xlsx as conditions, 24 conditions, 4 params
80.6669 	EXP 	Created sequence: sequential, trialTypes=24, nReps=1, seed=None
80.6673 	EXP 	New trial (rep=0, index=0): {'startImage': 'C:\\Users\\hesselmann\\Desktop\\PsychoPyUniformityIllusion\\UniformityIllusionPsychoPy\\Pics\\4start.png', 'midImage': 'C:\\Users\\hesselmann\\Desktop\\PsychoPyUniformityIllusion\\UniformityIllusionPsychoPy\\Pics\\4a.png', 'endImage': 'C:\\Users\\hesselmann\\Desktop\\PsychoPyUniformityIllusion\\UniformityIllusionPsychoPy\\Pics\\4a.png', 'AB': 'a'}
80.9096 	EXP 	WelcomeText: autoDraw = False
80.9096 	EXP 	hasPeriphery: size = array([1.77777778, 1.        ])
80.9096 	EXP 	hasPeriphery: image = 'C:\\Users\\hesselmann\\Desktop\\PsychoPyUniformityIllusion\\UniformityIllusionPsychoPy\\Pics\\4a.png'
80.9096 	EXP 	noPeriphery: size = array([1.77777778, 1.        ])
80.9096 	EXP 	noPeriphery: image = 'C:\\Users\\hesselmann\\Desktop\\PsychoPyUniformityIllusion\\UniformityIllusionPsychoPy\\Pics\\4start.png'
80.9096 	EXP 	final: size = array([1.77777778, 1.        ])
80.9096 	EXP 	final: image = 'C:\\Users\\hesselmann\\Desktop\\PsychoPyUniformityIllusion\\UniformityIllusionPsychoPy\\Pics\\4a.png'
80.9096 	EXP 	hasPeriphery: autoDraw = True
80.9096 	EXP 	hasPeriphery: texRes = 128.0
80.9096 	EXP 	noPeriphery: autoDraw = True
80.9096 	EXP 	noPeriphery: texRes = 128.0
80.9096 	EXP 	text: autoDraw = True
81.0558 	EXP 	hasPeriphery: texRes = 128.0
81.0558 	EXP 	noPeriphery: texRes = 128.0
81.1897 	EXP 	hasPeriphery: texRes = 128.0
81.1897 	EXP 	noPeriphery: texRes = 128.0
81.3224 	EXP 	hasPeriphery: texRes = 128.0
81.3224 	EXP 	noPeriphery: texRes = 128.0
81.4564 	EXP 	hasPeriphery: texRes = 128.0
81.4564 	EXP 	noPeriphery: texRes = 128.0
81.5895 	EXP 	hasPeriphery: texRes = 128.0
81.5895 	EXP 	noPeriphery: texRes = 128.0
81.7225 	EXP 	hasPeriphery: texRes = 128.0
81.7225 	EXP 	noPeriphery: texRes = 128.0
81.8429 	EXP 	hasPeriphery: texRes = 128.0
81.8429 	EXP 	noPeriphery: texRes = 128.0
81.9895 	EXP 	hasPeriphery: texRes = 128.0
81.9895 	EXP 	noPeriphery: texRes = 128.0
82.1229 	EXP 	hasPeriphery: texRes = 128.0
82.1229 	EXP 	noPeriphery: texRes = 128.0
82.2559 	EXP 	hasPeriphery: texRes = 128.0
82.2559 	EXP 	noPeriphery: texRes = 128.0
82.3892 	EXP 	hasPeriphery: texRes = 128.0
82.3892 	EXP 	noPeriphery: texRes = 128.0
82.5226 	EXP 	hasPeriphery: texRes = 128.0
82.5226 	EXP 	noPeriphery: texRes = 128.0
82.6566 	EXP 	hasPeriphery: texRes = 128.0
82.6566 	EXP 	noPeriphery: texRes = 128.0
82.7892 	EXP 	hasPeriphery: texRes = 128.0
82.7892 	EXP 	noPeriphery: texRes = 128.0
82.9233 	EXP 	hasPeriphery: texRes = 128.0
82.9233 	EXP 	noPeriphery: texRes = 128.0
83.0563 	EXP 	hasPeriphery: texRes = 128.0
83.0563 	EXP 	noPeriphery: texRes = 128.0
83.1893 	EXP 	hasPeriphery: texRes = 128.0
83.1893 	EXP 	noPeriphery: texRes = 128.0
83.3227 	EXP 	hasPeriphery: texRes = 128.0
83.3227 	EXP 	noPeriphery: texRes = 128.0
83.4567 	EXP 	hasPeriphery: texRes = 128.0
83.4567 	EXP 	noPeriphery: texRes = 128.0
83.5897 	EXP 	hasPeriphery: texRes = 128.0
83.5897 	EXP 	noPeriphery: texRes = 128.0
83.7235 	EXP 	hasPeriphery: texRes = 128.0
83.7235 	EXP 	noPeriphery: texRes = 128.0
83.8568 	EXP 	hasPeriphery: texRes = 128.0
83.8568 	EXP 	noPeriphery: texRes = 128.0
83.9899 	EXP 	hasPeriphery: texRes = 128.0
83.9899 	EXP 	noPeriphery: texRes = 128.0
84.1228 	EXP 	hasPeriphery: texRes = 128.0
84.1228 	EXP 	noPeriphery: texRes = 128.0
84.2568 	EXP 	hasPeriphery: texRes = 128.0
84.2568 	EXP 	noPeriphery: texRes = 128.0
84.3898 	EXP 	hasPeriphery: texRes = 128.0
84.3898 	EXP 	noPeriphery: texRes = 128.0
84.5236 	EXP 	hasPeriphery: texRes = 128.0
84.5236 	EXP 	noPeriphery: texRes = 128.0
84.6563 	EXP 	hasPeriphery: texRes = 128.0
84.6563 	EXP 	noPeriphery: texRes = 128.0
84.7898 	EXP 	hasPeriphery: texRes = 128.0
84.7898 	EXP 	noPeriphery: texRes = 128.0
84.9764 	EXP 	hasPeriphery: texRes = 128.0
84.9764 	EXP 	noPeriphery: texRes = 128.0
84.9764 	EXP 	final: autoDraw = True
84.9764 	EXP 	final: texRes = 128.0
85.1628 	EXP 	hasPeriphery: texRes = 128.0
85.1628 	EXP 	noPeriphery: texRes = 128.0
85.1628 	EXP 	final: texRes = 128.0
85.3499 	EXP 	hasPeriphery: texRes = 128.0
85.3499 	EXP 	noPeriphery: texRes = 128.0
85.3499 	EXP 	final: texRes = 128.0
85.5368 	EXP 	hasPeriphery: texRes = 128.0
85.5368 	EXP 	noPeriphery: texRes = 128.0
85.5368 	EXP 	final: texRes = 128.0
85.7366 	EXP 	hasPeriphery: texRes = 128.0
85.7366 	EXP 	noPeriphery: texRes = 128.0
85.7366 	EXP 	final: texRes = 128.0
85.9229 	EXP 	hasPeriphery: texRes = 128.0
85.9229 	EXP 	noPeriphery: texRes = 128.0
85.9229 	EXP 	final: texRes = 128.0
85.9229 	EXP 	blank_screen: autoDraw = True
86.1100 	EXP 	hasPeriphery: texRes = 128.0
86.1100 	EXP 	noPeriphery: texRes = 128.0
86.1100 	EXP 	final: texRes = 128.0
86.2966 	EXP 	hasPeriphery: texRes = 128.0
86.2966 	EXP 	noPeriphery: texRes = 128.0
86.2966 	EXP 	final: texRes = 128.0
86.2966 	EXP 	blank_screen: autoDraw = False
86.4837 	EXP 	hasPeriphery: texRes = 128.0
86.4837 	EXP 	noPeriphery: texRes = 128.0
86.4837 	EXP 	final: texRes = 128.0
86.6830 	EXP 	hasPeriphery: texRes = 128.0
86.6830 	EXP 	noPeriphery: texRes = 128.0
86.6830 	EXP 	final: texRes = 128.0
86.8704 	EXP 	hasPeriphery: texRes = 128.0
86.8704 	EXP 	noPeriphery: texRes = 128.0
86.8704 	EXP 	final: texRes = 128.0
87.0564 	EXP 	hasPeriphery: texRes = 128.0
87.0564 	EXP 	noPeriphery: texRes = 128.0
87.0564 	EXP 	final: texRes = 128.0
87.2431 	EXP 	hasPeriphery: texRes = 128.0
87.2431 	EXP 	noPeriphery: texRes = 128.0
87.2431 	EXP 	final: texRes = 128.0
87.2431 	EXP 	blank_screen: autoDraw = True
87.4430 	EXP 	hasPeriphery: texRes = 128.0
87.4430 	EXP 	noPeriphery: texRes = 128.0
87.4430 	EXP 	final: texRes = 128.0
87.6297 	EXP 	hasPeriphery: texRes = 128.0
87.6297 	EXP 	noPeriphery: texRes = 128.0
87.6297 	EXP 	final: texRes = 128.0
87.6297 	EXP 	blank_screen: autoDraw = False
87.8031 	EXP 	hasPeriphery: texRes = 128.0
87.8031 	EXP 	noPeriphery: texRes = 128.0
87.8031 	EXP 	final: texRes = 128.0
87.9898 	EXP 	hasPeriphery: texRes = 128.0
87.9898 	EXP 	noPeriphery: texRes = 128.0
87.9898 	EXP 	final: texRes = 128.0
88.1765 	EXP 	hasPeriphery: texRes = 128.0
88.1765 	EXP 	noPeriphery: texRes = 128.0
88.1765 	EXP 	final: texRes = 128.0
88.3636 	EXP 	hasPeriphery: texRes = 128.0
88.3636 	EXP 	noPeriphery: texRes = 128.0
88.3636 	EXP 	final: texRes = 128.0
88.4804 	EXP 	New trial (rep=0, index=1): {'startImage': 'C:\\Users\\hesselmann\\Desktop\\PsychoPyUniformityIllusion\\UniformityIllusionPsychoPy\\Pics\\4start.png', 'midImage': 'C:\\Users\\hesselmann\\Desktop\\PsychoPyUniformityIllusion\\UniformityIllusionPsychoPy\\Pics\\4a.png', 'endImage': 'C:\\Users\\hesselmann\\Desktop\\PsychoPyUniformityIllusion\\UniformityIllusionPsychoPy\\Pics\\4b.png', 'AB': 'b'}
88.6914 	DATA 	Keypress: space
88.7371 	EXP 	hasPeriphery: texRes = 128.0
88.7371 	EXP 	noPeriphery: texRes = 128.0
88.7371 	EXP 	final: texRes = 128.0
88.7371 	EXP 	blank_screen: autoDraw = True
88.7371 	EXP 	hasPeriphery: autoDraw = False
88.7371 	EXP 	noPeriphery: autoDraw = False
88.7371 	EXP 	final: autoDraw = False
88.7371 	EXP 	blank_screen: autoDraw = False
88.7371 	EXP 	text: autoDraw = False
88.7371 	EXP 	hasPeriphery: size = array([1.77777778, 1.        ])
88.7371 	EXP 	hasPeriphery: image = 'C:\\Users\\hesselmann\\Desktop\\PsychoPyUniformityIllusion\\UniformityIllusionPsychoPy\\Pics\\4a.png'
88.7371 	EXP 	noPeriphery: size = array([1.77777778, 1.        ])
88.7371 	EXP 	noPeriphery: image = 'C:\\Users\\hesselmann\\Desktop\\PsychoPyUniformityIllusion\\UniformityIllusionPsychoPy\\Pics\\4start.png'
88.7371 	EXP 	final: size = array([1.77777778, 1.        ])
88.7371 	EXP 	final: image = 'C:\\Users\\hesselmann\\Desktop\\PsychoPyUniformityIllusion\\UniformityIllusionPsychoPy\\Pics\\4b.png'
88.7371 	EXP 	hasPeriphery: autoDraw = True
88.7371 	EXP 	hasPeriphery: texRes = 128.0
88.7371 	EXP 	noPeriphery: autoDraw = True
88.7371 	EXP 	noPeriphery: texRes = 128.0
88.7371 	EXP 	text: autoDraw = True
88.8703 	EXP 	hasPeriphery: texRes = 128.0
88.8703 	EXP 	noPeriphery: texRes = 128.0
89.0033 	EXP 	hasPeriphery: texRes = 128.0
89.0033 	EXP 	noPeriphery: texRes = 128.0
89.1366 	EXP 	hasPeriphery: texRes = 128.0
89.1366 	EXP 	noPeriphery: texRes = 128.0
89.2699 	EXP 	hasPeriphery: texRes = 128.0
89.2699 	EXP 	noPeriphery: texRes = 128.0
89.4033 	EXP 	hasPeriphery: texRes = 128.0
89.4033 	EXP 	noPeriphery: texRes = 128.0
89.5366 	EXP 	hasPeriphery: texRes = 128.0
89.5366 	EXP 	noPeriphery: texRes = 128.0
89.6704 	EXP 	hasPeriphery: texRes = 128.0
89.6704 	EXP 	noPeriphery: texRes = 128.0
89.8044 	EXP 	hasPeriphery: texRes = 128.0
89.8044 	EXP 	noPeriphery: texRes = 128.0
89.9367 	EXP 	hasPeriphery: texRes = 128.0
89.9367 	EXP 	noPeriphery: texRes = 128.0
90.0700 	EXP 	hasPeriphery: texRes = 128.0
90.0700 	EXP 	noPeriphery: texRes = 128.0
90.2041 	EXP 	hasPeriphery: texRes = 128.0
90.2041 	EXP 	noPeriphery: texRes = 128.0
90.3508 	EXP 	hasPeriphery: texRes = 128.0
90.3508 	EXP 	noPeriphery: texRes = 128.0
90.4837 	EXP 	hasPeriphery: texRes = 128.0
90.4837 	EXP 	noPeriphery: texRes = 128.0
90.6167 	EXP 	hasPeriphery: texRes = 128.0
90.6167 	EXP 	noPeriphery: texRes = 128.0
90.7506 	EXP 	hasPeriphery: texRes = 128.0
90.7506 	EXP 	noPeriphery: texRes = 128.0
90.8841 	EXP 	hasPeriphery: texRes = 128.0
90.8841 	EXP 	noPeriphery: texRes = 128.0
91.0171 	EXP 	hasPeriphery: texRes = 128.0
91.0171 	EXP 	noPeriphery: texRes = 128.0
91.1511 	EXP 	hasPeriphery: texRes = 128.0
91.1511 	EXP 	noPeriphery: texRes = 128.0
91.2840 	EXP 	hasPeriphery: texRes = 128.0
91.2840 	EXP 	noPeriphery: texRes = 128.0
91.4301 	EXP 	hasPeriphery: texRes = 128.0
91.4301 	EXP 	noPeriphery: texRes = 128.0
91.5502 	EXP 	hasPeriphery: texRes = 128.0
91.5502 	EXP 	noPeriphery: texRes = 128.0
91.6842 	EXP 	hasPeriphery: texRes = 128.0
91.6842 	EXP 	noPeriphery: texRes = 128.0
91.8180 	EXP 	hasPeriphery: texRes = 128.0
91.8180 	EXP 	noPeriphery: texRes = 128.0
91.9509 	EXP 	hasPeriphery: texRes = 128.0
91.9509 	EXP 	noPeriphery: texRes = 128.0
92.0843 	EXP 	hasPeriphery: texRes = 128.0
92.0843 	EXP 	noPeriphery: texRes = 128.0
92.2172 	EXP 	hasPeriphery: texRes = 128.0
92.2172 	EXP 	noPeriphery: texRes = 128.0
92.3510 	EXP 	hasPeriphery: texRes = 128.0
92.3510 	EXP 	noPeriphery: texRes = 128.0
92.4843 	EXP 	hasPeriphery: texRes = 128.0
92.4843 	EXP 	noPeriphery: texRes = 128.0
92.6180 	EXP 	hasPeriphery: texRes = 128.0
92.6180 	EXP 	noPeriphery: texRes = 128.0
92.8036 	EXP 	hasPeriphery: texRes = 128.0
92.8036 	EXP 	noPeriphery: texRes = 128.0
92.8036 	EXP 	final: autoDraw = True
92.8036 	EXP 	final: texRes = 128.0
92.9778 	EXP 	hasPeriphery: texRes = 128.0
92.9778 	EXP 	noPeriphery: texRes = 128.0
92.9778 	EXP 	final: texRes = 128.0
93.1639 	EXP 	hasPeriphery: texRes = 128.0
93.1639 	EXP 	noPeriphery: texRes = 128.0
93.1639 	EXP 	final: texRes = 128.0
93.3507 	EXP 	hasPeriphery: texRes = 128.0
93.3507 	EXP 	noPeriphery: texRes = 128.0
93.3507 	EXP 	final: texRes = 128.0
93.5374 	EXP 	hasPeriphery: texRes = 128.0
93.5374 	EXP 	noPeriphery: texRes = 128.0
93.5374 	EXP 	final: texRes = 128.0
93.7240 	EXP 	hasPeriphery: texRes = 128.0
93.7240 	EXP 	noPeriphery: texRes = 128.0
93.7240 	EXP 	final: texRes = 128.0
93.7240 	EXP 	blank_screen: autoDraw = True
93.8973 	EXP 	hasPeriphery: texRes = 128.0
93.8973 	EXP 	noPeriphery: texRes = 128.0
93.8973 	EXP 	final: texRes = 128.0
94.0849 	EXP 	hasPeriphery: texRes = 128.0
94.0849 	EXP 	noPeriphery: texRes = 128.0
94.0849 	EXP 	final: texRes = 128.0
94.0849 	EXP 	blank_screen: autoDraw = False
94.2704 	EXP 	hasPeriphery: texRes = 128.0
94.2704 	EXP 	noPeriphery: texRes = 128.0
94.2704 	EXP 	final: texRes = 128.0
94.4445 	EXP 	hasPeriphery: texRes = 128.0
94.4445 	EXP 	noPeriphery: texRes = 128.0
94.4445 	EXP 	final: texRes = 128.0
94.6178 	EXP 	hasPeriphery: texRes = 128.0
94.6178 	EXP 	noPeriphery: texRes = 128.0
94.6178 	EXP 	final: texRes = 128.0
94.8042 	EXP 	hasPeriphery: texRes = 128.0
94.8042 	EXP 	noPeriphery: texRes = 128.0
94.8042 	EXP 	final: texRes = 128.0
94.9905 	EXP 	hasPeriphery: texRes = 128.0
94.9905 	EXP 	noPeriphery: texRes = 128.0
94.9905 	EXP 	final: texRes = 128.0
94.9905 	EXP 	blank_screen: autoDraw = True
95.1909 	EXP 	hasPeriphery: texRes = 128.0
95.1909 	EXP 	noPeriphery: texRes = 128.0
95.1909 	EXP 	final: texRes = 128.0
95.3645 	EXP 	hasPeriphery: texRes = 128.0
95.3645 	EXP 	noPeriphery: texRes = 128.0
95.3645 	EXP 	final: texRes = 128.0
95.3645 	EXP 	blank_screen: autoDraw = False
95.5510 	EXP 	hasPeriphery: texRes = 128.0
95.5510 	EXP 	noPeriphery: texRes = 128.0
95.5510 	EXP 	final: texRes = 128.0
95.7376 	EXP 	hasPeriphery: texRes = 128.0
95.7376 	EXP 	noPeriphery: texRes = 128.0
95.7376 	EXP 	final: texRes = 128.0
95.9106 	EXP 	hasPeriphery: texRes = 128.0
95.9106 	EXP 	noPeriphery: texRes = 128.0
95.9106 	EXP 	final: texRes = 128.0
96.0846 	EXP 	hasPeriphery: texRes = 128.0
96.0846 	EXP 	noPeriphery: texRes = 128.0
96.0846 	EXP 	final: texRes = 128.0
96.2706 	EXP 	hasPeriphery: texRes = 128.0
96.2706 	EXP 	noPeriphery: texRes = 128.0
96.2706 	EXP 	final: texRes = 128.0
96.2706 	EXP 	blank_screen: autoDraw = True
96.4581 	EXP 	hasPeriphery: texRes = 128.0
96.4581 	EXP 	noPeriphery: texRes = 128.0
96.4581 	EXP 	final: texRes = 128.0
96.6439 	EXP 	hasPeriphery: texRes = 128.0
96.6439 	EXP 	noPeriphery: texRes = 128.0
96.6439 	EXP 	final: texRes = 128.0
96.6439 	EXP 	blank_screen: autoDraw = False
96.8310 	EXP 	hasPeriphery: texRes = 128.0
96.8310 	EXP 	noPeriphery: texRes = 128.0
96.8310 	EXP 	final: texRes = 128.0
97.0041 	EXP 	hasPeriphery: texRes = 128.0
97.0041 	EXP 	noPeriphery: texRes = 128.0
97.0041 	EXP 	final: texRes = 128.0
97.1773 	EXP 	hasPeriphery: texRes = 128.0
97.1773 	EXP 	noPeriphery: texRes = 128.0
97.1773 	EXP 	final: texRes = 128.0
97.3515 	EXP 	hasPeriphery: texRes = 128.0
97.3515 	EXP 	noPeriphery: texRes = 128.0
97.3515 	EXP 	final: texRes = 128.0
97.5374 	EXP 	hasPeriphery: texRes = 128.0
97.5374 	EXP 	noPeriphery: texRes = 128.0
97.5374 	EXP 	final: texRes = 128.0
97.5374 	EXP 	blank_screen: autoDraw = True
97.7249 	EXP 	hasPeriphery: texRes = 128.0
97.7249 	EXP 	noPeriphery: texRes = 128.0
97.7249 	EXP 	final: texRes = 128.0
97.8974 	EXP 	hasPeriphery: texRes = 128.0
97.8974 	EXP 	noPeriphery: texRes = 128.0
97.8974 	EXP 	final: texRes = 128.0
97.8974 	EXP 	blank_screen: autoDraw = False
98.0721 	EXP 	hasPeriphery: texRes = 128.0
98.0721 	EXP 	noPeriphery: texRes = 128.0
98.0721 	EXP 	final: texRes = 128.0
98.2575 	EXP 	hasPeriphery: texRes = 128.0
98.2575 	EXP 	noPeriphery: texRes = 128.0
98.2575 	EXP 	final: texRes = 128.0
98.4445 	EXP 	hasPeriphery: texRes = 128.0
98.4445 	EXP 	noPeriphery: texRes = 128.0
98.4445 	EXP 	final: texRes = 128.0
98.6312 	EXP 	hasPeriphery: texRes = 128.0
98.6312 	EXP 	noPeriphery: texRes = 128.0
98.6312 	EXP 	final: texRes = 128.0
98.8042 	EXP 	hasPeriphery: texRes = 128.0
98.8042 	EXP 	noPeriphery: texRes = 128.0
98.8042 	EXP 	final: texRes = 128.0
98.8712 	EXP 	hasPeriphery: autoDraw = False
98.8712 	EXP 	noPeriphery: autoDraw = False
98.8712 	EXP 	final: texRes = 128.0
98.9385 	EXP 	final: texRes = 128.0
99.0042 	EXP 	final: texRes = 128.0
99.0716 	EXP 	final: texRes = 128.0
99.1384 	EXP 	final: texRes = 128.0
99.2053 	EXP 	final: texRes = 128.0
99.2713 	EXP 	final: texRes = 128.0
99.3376 	EXP 	final: texRes = 128.0
99.4045 	EXP 	final: texRes = 128.0
99.4710 	EXP 	final: texRes = 128.0
99.5376 	EXP 	final: texRes = 128.0
99.6046 	EXP 	final: texRes = 128.0
99.6710 	EXP 	final: texRes = 128.0
99.7377 	EXP 	final: texRes = 128.0
99.8051 	EXP 	final: texRes = 128.0
99.8710 	EXP 	final: texRes = 128.0
99.9377 	EXP 	final: texRes = 128.0
100.0043 	EXP 	final: texRes = 128.0
100.0714 	EXP 	final: texRes = 128.0
100.1383 	EXP 	final: texRes = 128.0
100.2050 	EXP 	final: texRes = 128.0
100.2716 	EXP 	final: texRes = 128.0
100.3381 	EXP 	final: texRes = 128.0
100.4046 	EXP 	final: texRes = 128.0
100.4710 	EXP 	final: texRes = 128.0
100.5385 	EXP 	final: texRes = 128.0
100.6050 	EXP 	final: texRes = 128.0
100.6445 	EXP 	New trial (rep=0, index=2): {'startImage': 'C:\\Users\\hesselmann\\Desktop\\PsychoPyUniformityIllusion\\UniformityIllusionPsychoPy\\Pics\\5start.png', 'midImage': 'C:\\Users\\hesselmann\\Desktop\\PsychoPyUniformityIllusion\\UniformityIllusionPsychoPy\\Pics\\5a.png', 'endImage': 'C:\\Users\\hesselmann\\Desktop\\PsychoPyUniformityIllusion\\UniformityIllusionPsychoPy\\Pics\\5a.png', 'AB': 'a'}
100.9776 	EXP 	final: texRes = 128.0
100.9776 	EXP 	hasPeriphery: autoDraw = False
100.9776 	EXP 	noPeriphery: autoDraw = False
100.9776 	EXP 	final: autoDraw = False
100.9776 	EXP 	blank_screen: autoDraw = False
100.9776 	EXP 	text: autoDraw = False
100.9776 	EXP 	hasPeriphery: size = array([1.77777778, 1.        ])
100.9776 	EXP 	hasPeriphery: image = 'C:\\Users\\hesselmann\\Desktop\\PsychoPyUniformityIllusion\\UniformityIllusionPsychoPy\\Pics\\5a.png'
100.9776 	EXP 	noPeriphery: size = array([1.77777778, 1.        ])
100.9776 	EXP 	noPeriphery: image = 'C:\\Users\\hesselmann\\Desktop\\PsychoPyUniformityIllusion\\UniformityIllusionPsychoPy\\Pics\\5start.png'
100.9776 	EXP 	final: size = array([1.77777778, 1.        ])
100.9776 	EXP 	final: image = 'C:\\Users\\hesselmann\\Desktop\\PsychoPyUniformityIllusion\\UniformityIllusionPsychoPy\\Pics\\5a.png'
100.9776 	EXP 	hasPeriphery: autoDraw = True
100.9776 	EXP 	hasPeriphery: texRes = 128.0
100.9776 	EXP 	noPeriphery: autoDraw = True
100.9776 	EXP 	noPeriphery: texRes = 128.0
100.9776 	EXP 	text: autoDraw = True
101.1381 	EXP 	hasPeriphery: texRes = 128.0
101.1381 	EXP 	noPeriphery: texRes = 128.0
101.3111 	EXP 	hasPeriphery: texRes = 128.0
101.3111 	EXP 	noPeriphery: texRes = 128.0
101.4588 	EXP 	hasPeriphery: texRes = 128.0
101.4588 	EXP 	noPeriphery: texRes = 128.0
101.6182 	EXP 	hasPeriphery: texRes = 128.0
101.6182 	EXP 	noPeriphery: texRes = 128.0
101.7785 	EXP 	hasPeriphery: texRes = 128.0
101.7785 	EXP 	noPeriphery: texRes = 128.0
101.9249 	EXP 	hasPeriphery: texRes = 128.0
101.9249 	EXP 	noPeriphery: texRes = 128.0
102.0716 	EXP 	hasPeriphery: texRes = 128.0
102.0716 	EXP 	noPeriphery: texRes = 128.0
102.2184 	EXP 	hasPeriphery: texRes = 128.0
102.2184 	EXP 	noPeriphery: texRes = 128.0
102.3782 	EXP 	hasPeriphery: texRes = 128.0
102.3782 	EXP 	noPeriphery: texRes = 128.0
102.5249 	EXP 	hasPeriphery: texRes = 128.0
102.5249 	EXP 	noPeriphery: texRes = 128.0
102.6983 	EXP 	hasPeriphery: texRes = 128.0
102.6983 	EXP 	noPeriphery: texRes = 128.0
102.8449 	EXP 	hasPeriphery: texRes = 128.0
102.8449 	EXP 	noPeriphery: texRes = 128.0
102.9919 	EXP 	hasPeriphery: texRes = 128.0
102.9919 	EXP 	noPeriphery: texRes = 128.0
103.1379 	EXP 	hasPeriphery: texRes = 128.0
103.1379 	EXP 	noPeriphery: texRes = 128.0
103.2854 	EXP 	hasPeriphery: texRes = 128.0
103.2854 	EXP 	noPeriphery: texRes = 128.0
103.4318 	EXP 	hasPeriphery: texRes = 128.0
103.4318 	EXP 	noPeriphery: texRes = 128.0
103.5917 	EXP 	hasPeriphery: texRes = 128.0
103.5917 	EXP 	noPeriphery: texRes = 128.0
103.7514 	EXP 	hasPeriphery: texRes = 128.0
103.7514 	EXP 	noPeriphery: texRes = 128.0
103.8988 	EXP 	hasPeriphery: texRes = 128.0
103.8988 	EXP 	noPeriphery: texRes = 128.0
104.1113 	EXP 	hasPeriphery: texRes = 128.0
104.1113 	EXP 	noPeriphery: texRes = 128.0
104.1113 	EXP 	final: autoDraw = True
104.1113 	EXP 	final: texRes = 128.0
104.3385 	EXP 	hasPeriphery: texRes = 128.0
104.3385 	EXP 	noPeriphery: texRes = 128.0
104.3385 	EXP 	final: texRes = 128.0
104.3385 	EXP 	blank_screen: autoDraw = True
104.5648 	EXP 	hasPeriphery: texRes = 128.0
104.5648 	EXP 	noPeriphery: texRes = 128.0
104.5648 	EXP 	final: texRes = 128.0
104.7781 	EXP 	hasPeriphery: texRes = 128.0
104.7781 	EXP 	noPeriphery: texRes = 128.0
104.7781 	EXP 	final: texRes = 128.0
104.7781 	EXP 	blank_screen: autoDraw = False
104.9918 	EXP 	hasPeriphery: texRes = 128.0
104.9918 	EXP 	noPeriphery: texRes = 128.0
104.9918 	EXP 	final: texRes = 128.0
105.2052 	EXP 	hasPeriphery: texRes = 128.0
105.2052 	EXP 	noPeriphery: texRes = 128.0
105.2052 	EXP 	final: texRes = 128.0
105.4186 	EXP 	hasPeriphery: texRes = 128.0
105.4186 	EXP 	noPeriphery: texRes = 128.0
105.4186 	EXP 	final: texRes = 128.0
105.6455 	EXP 	hasPeriphery: texRes = 128.0
105.6455 	EXP 	noPeriphery: texRes = 128.0
105.6455 	EXP 	final: texRes = 128.0
105.8583 	EXP 	hasPeriphery: texRes = 128.0
105.8583 	EXP 	noPeriphery: texRes = 128.0
105.8583 	EXP 	final: texRes = 128.0
105.8583 	EXP 	blank_screen: autoDraw = True
106.0850 	EXP 	hasPeriphery: texRes = 128.0
106.0850 	EXP 	noPeriphery: texRes = 128.0
106.0850 	EXP 	final: texRes = 128.0
106.3123 	EXP 	hasPeriphery: texRes = 128.0
106.3123 	EXP 	noPeriphery: texRes = 128.0
106.3123 	EXP 	final: texRes = 128.0
106.3123 	EXP 	blank_screen: autoDraw = False
106.5253 	EXP 	hasPeriphery: texRes = 128.0
106.5253 	EXP 	noPeriphery: texRes = 128.0
106.5253 	EXP 	final: texRes = 128.0
106.7652 	EXP 	hasPeriphery: texRes = 128.0
106.7652 	EXP 	noPeriphery: texRes = 128.0
106.7652 	EXP 	final: texRes = 128.0
106.9783 	EXP 	hasPeriphery: texRes = 128.0
106.9783 	EXP 	noPeriphery: texRes = 128.0
106.9783 	EXP 	final: texRes = 128.0
107.2187 	EXP 	hasPeriphery: texRes = 128.0
107.2187 	EXP 	noPeriphery: texRes = 128.0
107.2187 	EXP 	final: texRes = 128.0
107.4454 	EXP 	hasPeriphery: texRes = 128.0
107.4454 	EXP 	noPeriphery: texRes = 128.0
107.4454 	EXP 	final: texRes = 128.0
107.4454 	EXP 	blank_screen: autoDraw = True
107.6726 	EXP 	hasPeriphery: texRes = 128.0
107.6726 	EXP 	noPeriphery: texRes = 128.0
107.6726 	EXP 	final: texRes = 128.0
107.8991 	EXP 	hasPeriphery: texRes = 128.0
107.8991 	EXP 	noPeriphery: texRes = 128.0
107.8991 	EXP 	final: texRes = 128.0
107.8991 	EXP 	blank_screen: autoDraw = False
108.1255 	EXP 	hasPeriphery: texRes = 128.0
108.1255 	EXP 	noPeriphery: texRes = 128.0
108.1255 	EXP 	final: texRes = 128.0
108.3385 	EXP 	hasPeriphery: texRes = 128.0
108.3385 	EXP 	noPeriphery: texRes = 128.0
108.3385 	EXP 	final: texRes = 128.0
108.5655 	EXP 	hasPeriphery: texRes = 128.0
108.5655 	EXP 	noPeriphery: texRes = 128.0
108.5655 	EXP 	final: texRes = 128.0
108.7919 	EXP 	hasPeriphery: texRes = 128.0
108.7919 	EXP 	noPeriphery: texRes = 128.0
108.7919 	EXP 	final: texRes = 128.0
109.0059 	EXP 	hasPeriphery: texRes = 128.0
109.0059 	EXP 	noPeriphery: texRes = 128.0
109.0059 	EXP 	final: texRes = 128.0
109.0059 	EXP 	blank_screen: autoDraw = True
109.2322 	EXP 	hasPeriphery: texRes = 128.0
109.2322 	EXP 	noPeriphery: texRes = 128.0
109.2322 	EXP 	final: texRes = 128.0
109.4465 	EXP 	hasPeriphery: texRes = 128.0
109.4465 	EXP 	noPeriphery: texRes = 128.0
109.4465 	EXP 	final: texRes = 128.0
109.4465 	EXP 	blank_screen: autoDraw = False
109.6598 	EXP 	hasPeriphery: texRes = 128.0
109.6598 	EXP 	noPeriphery: texRes = 128.0
109.6598 	EXP 	final: texRes = 128.0
109.8857 	EXP 	hasPeriphery: texRes = 128.0
109.8857 	EXP 	noPeriphery: texRes = 128.0
109.8857 	EXP 	final: texRes = 128.0
110.0994 	EXP 	hasPeriphery: texRes = 128.0
110.0994 	EXP 	noPeriphery: texRes = 128.0
110.0994 	EXP 	final: texRes = 128.0
110.3259 	EXP 	hasPeriphery: texRes = 128.0
110.3259 	EXP 	noPeriphery: texRes = 128.0
110.3259 	EXP 	final: texRes = 128.0
110.5532 	EXP 	hasPeriphery: texRes = 128.0
110.5532 	EXP 	noPeriphery: texRes = 128.0
110.5532 	EXP 	final: texRes = 128.0
110.5532 	EXP 	blank_screen: autoDraw = True
110.7792 	EXP 	hasPeriphery: texRes = 128.0
110.7792 	EXP 	noPeriphery: texRes = 128.0
110.7792 	EXP 	final: texRes = 128.0
110.9627 	DATA 	Keypress: space
110.9921 	EXP 	hasPeriphery: texRes = 128.0
110.9921 	EXP 	noPeriphery: texRes = 128.0
110.9921 	EXP 	final: texRes = 128.0
110.9921 	EXP 	blank_screen: autoDraw = False
111.0482 	EXP 	New trial (rep=0, index=3): {'startImage': 'C:\\Users\\hesselmann\\Desktop\\PsychoPyUniformityIllusion\\UniformityIllusionPsychoPy\\Pics\\5start.png', 'midImage': 'C:\\Users\\hesselmann\\Desktop\\PsychoPyUniformityIllusion\\UniformityIllusionPsychoPy\\Pics\\5a.png', 'endImage': 'C:\\Users\\hesselmann\\Desktop\\PsychoPyUniformityIllusion\\UniformityIllusionPsychoPy\\Pics\\5b.png', 'AB': 'b'}
111.3662 	EXP 	hasPeriphery: autoDraw = False
111.3662 	EXP 	noPeriphery: autoDraw = False
111.3662 	EXP 	final: texRes = 128.0
111.3662 	EXP 	hasPeriphery: autoDraw = False
111.3662 	EXP 	noPeriphery: autoDraw = False
111.3662 	EXP 	final: autoDraw = False
111.3662 	EXP 	blank_screen: autoDraw = False
111.3662 	EXP 	text: autoDraw = False
111.3662 	EXP 	hasPeriphery: size = array([1.77777778, 1.        ])
111.3662 	EXP 	hasPeriphery: image = 'C:\\Users\\hesselmann\\Desktop\\PsychoPyUniformityIllusion\\UniformityIllusionPsychoPy\\Pics\\5a.png'
111.3662 	EXP 	noPeriphery: size = array([1.77777778, 1.        ])
111.3662 	EXP 	noPeriphery: image = 'C:\\Users\\hesselmann\\Desktop\\PsychoPyUniformityIllusion\\UniformityIllusionPsychoPy\\Pics\\5start.png'
111.3662 	EXP 	final: size = array([1.77777778, 1.        ])
111.3662 	EXP 	final: image = 'C:\\Users\\hesselmann\\Desktop\\PsychoPyUniformityIllusion\\UniformityIllusionPsychoPy\\Pics\\5b.png'
111.3662 	EXP 	hasPeriphery: autoDraw = True
111.3662 	EXP 	hasPeriphery: texRes = 128.0
111.3662 	EXP 	noPeriphery: autoDraw = True
111.3662 	EXP 	noPeriphery: texRes = 128.0
111.3662 	EXP 	text: autoDraw = True
111.5255 	EXP 	hasPeriphery: texRes = 128.0
111.5255 	EXP 	noPeriphery: texRes = 128.0
111.6855 	EXP 	hasPeriphery: texRes = 128.0
111.6855 	EXP 	noPeriphery: texRes = 128.0
111.8329 	EXP 	hasPeriphery: texRes = 128.0
111.8329 	EXP 	noPeriphery: texRes = 128.0
111.9791 	EXP 	hasPeriphery: texRes = 128.0
111.9791 	EXP 	noPeriphery: texRes = 128.0
112.1389 	EXP 	hasPeriphery: texRes = 128.0
112.1389 	EXP 	noPeriphery: texRes = 128.0
112.2989 	EXP 	hasPeriphery: texRes = 128.0
112.2989 	EXP 	noPeriphery: texRes = 128.0
112.4459 	EXP 	hasPeriphery: texRes = 128.0
112.4459 	EXP 	noPeriphery: texRes = 128.0
112.5929 	EXP 	hasPeriphery: texRes = 128.0
112.5929 	EXP 	noPeriphery: texRes = 128.0
112.7390 	EXP 	hasPeriphery: texRes = 128.0
112.7390 	EXP 	noPeriphery: texRes = 128.0
112.8860 	EXP 	hasPeriphery: texRes = 128.0
112.8860 	EXP 	noPeriphery: texRes = 128.0
113.0590 	EXP 	hasPeriphery: texRes = 128.0
113.0590 	EXP 	noPeriphery: texRes = 128.0
113.2056 	EXP 	hasPeriphery: texRes = 128.0
113.2056 	EXP 	noPeriphery: texRes = 128.0
113.3535 	EXP 	hasPeriphery: texRes = 128.0
113.3535 	EXP 	noPeriphery: texRes = 128.0
113.5123 	EXP 	hasPeriphery: texRes = 128.0
113.5123 	EXP 	noPeriphery: texRes = 128.0
113.6590 	EXP 	hasPeriphery: texRes = 128.0
113.6590 	EXP 	noPeriphery: texRes = 128.0
113.8059 	EXP 	hasPeriphery: texRes = 128.0
113.8059 	EXP 	noPeriphery: texRes = 128.0
113.9664 	EXP 	hasPeriphery: texRes = 128.0
113.9664 	EXP 	noPeriphery: texRes = 128.0
114.1127 	EXP 	hasPeriphery: texRes = 128.0
114.1127 	EXP 	noPeriphery: texRes = 128.0
114.2858 	EXP 	hasPeriphery: texRes = 128.0
114.2858 	EXP 	noPeriphery: texRes = 128.0
114.4461 	EXP 	hasPeriphery: texRes = 128.0
114.4461 	EXP 	noPeriphery: texRes = 128.0
114.5925 	EXP 	hasPeriphery: texRes = 128.0
114.5925 	EXP 	noPeriphery: texRes = 128.0
114.7395 	EXP 	hasPeriphery: texRes = 128.0
114.7395 	EXP 	noPeriphery: texRes = 128.0
114.8862 	EXP 	hasPeriphery: texRes = 128.0
114.8862 	EXP 	noPeriphery: texRes = 128.0
115.0462 	EXP 	hasPeriphery: texRes = 128.0
115.0462 	EXP 	noPeriphery: texRes = 128.0
115.2066 	EXP 	hasPeriphery: texRes = 128.0
115.2066 	EXP 	noPeriphery: texRes = 128.0
115.3529 	EXP 	hasPeriphery: texRes = 128.0
115.3529 	EXP 	noPeriphery: texRes = 128.0
115.4996 	EXP 	hasPeriphery: texRes = 128.0
115.4996 	EXP 	noPeriphery: texRes = 128.0
115.6592 	EXP 	hasPeriphery: texRes = 128.0
115.6592 	EXP 	noPeriphery: texRes = 128.0
115.8198 	EXP 	hasPeriphery: texRes = 128.0
115.8198 	EXP 	noPeriphery: texRes = 128.0
116.0192 	EXP 	hasPeriphery: texRes = 128.0
116.0192 	EXP 	noPeriphery: texRes = 128.0
116.0192 	EXP 	final: autoDraw = True
116.0192 	EXP 	final: texRes = 128.0
116.2592 	EXP 	hasPeriphery: texRes = 128.0
116.2592 	EXP 	noPeriphery: texRes = 128.0
116.2592 	EXP 	final: texRes = 128.0
116.4860 	EXP 	hasPeriphery: texRes = 128.0
116.4860 	EXP 	noPeriphery: texRes = 128.0
116.4860 	EXP 	final: texRes = 128.0
116.6993 	EXP 	hasPeriphery: texRes = 128.0
116.6993 	EXP 	noPeriphery: texRes = 128.0
116.6993 	EXP 	final: texRes = 128.0
116.8997 	EXP 	hasPeriphery: texRes = 128.0
116.8997 	EXP 	noPeriphery: texRes = 128.0
116.8997 	EXP 	final: texRes = 128.0
117.1264 	EXP 	hasPeriphery: texRes = 128.0
117.1264 	EXP 	noPeriphery: texRes = 128.0
117.1264 	EXP 	final: texRes = 128.0
117.1264 	EXP 	blank_screen: autoDraw = True
117.3531 	EXP 	hasPeriphery: texRes = 128.0
117.3531 	EXP 	noPeriphery: texRes = 128.0
117.3531 	EXP 	final: texRes = 128.0
117.5665 	EXP 	hasPeriphery: texRes = 128.0
117.5665 	EXP 	noPeriphery: texRes = 128.0
117.5665 	EXP 	final: texRes = 128.0
117.5665 	EXP 	blank_screen: autoDraw = False
117.7797 	EXP 	hasPeriphery: texRes = 128.0
117.7797 	EXP 	noPeriphery: texRes = 128.0
117.7797 	EXP 	final: texRes = 128.0
118.0065 	EXP 	hasPeriphery: texRes = 128.0
118.0065 	EXP 	noPeriphery: texRes = 128.0
118.0065 	EXP 	final: texRes = 128.0
118.2202 	EXP 	hasPeriphery: texRes = 128.0
118.2202 	EXP 	noPeriphery: texRes = 128.0
118.2202 	EXP 	final: texRes = 128.0
118.4335 	EXP 	hasPeriphery: texRes = 128.0
118.4335 	EXP 	noPeriphery: texRes = 128.0
118.4335 	EXP 	final: texRes = 128.0
118.6602 	EXP 	hasPeriphery: texRes = 128.0
118.6602 	EXP 	noPeriphery: texRes = 128.0
118.6602 	EXP 	final: texRes = 128.0
118.6602 	EXP 	blank_screen: autoDraw = True
118.8736 	EXP 	hasPeriphery: texRes = 128.0
118.8736 	EXP 	noPeriphery: texRes = 128.0
118.8736 	EXP 	final: texRes = 128.0
119.1000 	EXP 	hasPeriphery: texRes = 128.0
119.1000 	EXP 	noPeriphery: texRes = 128.0
119.1000 	EXP 	final: texRes = 128.0
119.1000 	EXP 	blank_screen: autoDraw = False
119.3136 	EXP 	hasPeriphery: texRes = 128.0
119.3136 	EXP 	noPeriphery: texRes = 128.0
119.3136 	EXP 	final: texRes = 128.0
119.5263 	EXP 	hasPeriphery: texRes = 128.0
119.5263 	EXP 	noPeriphery: texRes = 128.0
119.5263 	EXP 	final: texRes = 128.0
119.7396 	EXP 	hasPeriphery: texRes = 128.0
119.7396 	EXP 	noPeriphery: texRes = 128.0
119.7396 	EXP 	final: texRes = 128.0
119.9534 	EXP 	hasPeriphery: texRes = 128.0
119.9534 	EXP 	noPeriphery: texRes = 128.0
119.9534 	EXP 	final: texRes = 128.0
120.1359 	DATA 	Keypress: escape
120.1667 	EXP 	hasPeriphery: texRes = 128.0
120.1667 	EXP 	noPeriphery: texRes = 128.0
120.1667 	EXP 	final: texRes = 128.0
120.1667 	EXP 	blank_screen: autoDraw = True
120.4690 	EXP 	window1: mouseVisible = True
