1.0642 	WARNING 	We strongly recommend you activate the PTB sound engine in PsychoPy prefs as the preferred audio engine. Its timing is vastly superior. Your prefs are currently set to use ['sounddevice', 'PTB', 'pyo', 'pygame'] (in that order).
7.7220 	EXP 	Created window1 = Window(allowGUI=False, allowStencil=False, autoLog=True, backendConf=UNKNOWN, bitsMode=UNKNOWN, blendMode='avg', bpc=(8, 8, 8), color=array([0, 0, 0]), colorSpace='rgb', depthBits=8, fullscr=<method-wrapper '__getattribute__' of attributeSetter object at 0x00000209CCF74EB8>, gamma=None, gammaErrorPolicy='raise', lms=UNKNOWN, monitor=<psychopy.monitors.calibTools.Monitor object at 0x00000209CCF50518>, multiSample=False, name='window1', numSamples=2, pos=[0.0, 0.0], screen=0, size=array([1920, 1080]), stencilBits=0, stereo=False, units='height', useFBO=True, useRetina=False, viewOri=0.0, viewPos=None, viewScale=None, waitBlanking=True, winType='pyglet')
7.7222 	EXP 	window1: mouseVisible = True
7.7222 	EXP 	window1: recordFrameIntervals = False
7.8892 	EXP 	window1: recordFrameIntervals = True
8.0714 	EXP 	window1: recordFrameIntervals = False
8.4571 	EXP 	Created WelcomeText = TextStim(__class__=<class 'psychopy.visual.text.TextStim'>, alignHoriz=method-wrapper(...), alignText='center', alignVert=method-wrapper(...), anchorHoriz='center', anchorVert='center', antialias=True, autoLog=True, bold=False, color=array([1, 1, 1]), colorSpace='rgb', contrast=1.0, depth=0.0, flipHoriz=False, flipVert=False, font='Open Sans', fontFiles=[], height=0.1, italic=False, languageStyle='LTR', name='WelcomeText', opacity=1, ori=0.0, pos=array([0., 0.]), rgb=UNKNOWN, text='Welcome to our Study!', units='height', win=Window(...), wrapWidth=1)
8.4755 	EXP 	Imported depression.xlsx as conditions, 2 conditions, 12 params
8.4769 	EXP 	Question text: Sadness
8.5068 	EXP 	window1: mouseVisible = True
8.5377 	EXP 	Question text: Pessimism
8.5489 	EXP 	window1: mouseVisible = True
8.5713 	EXP 	window1: mouseVisible = True
8.5755 	EXP 	Created unnamed Rect = Rect(__class__=<class 'psychopy.visual.rect.Rect'>, autoDraw=False, autoLog=True, closeShape=True, color=method-wrapper(...), colorSpace='rgb', contrast=None, depth=0, fillColor=array([0, 0, 0]), fillColorSpace='rgb', fillRGB=UNKNOWN, interpolate=True, lineColor=array([0, 0, 0]), lineColorSpace='rgb', lineRGB=UNKNOWN, lineWidth=1.5, name='unnamed Rect', opacity=0, ori=0.0, pos=array([0., 0.]), size=array([0., 0.]), units='height', vertices=ndarray(...), win=Window(...))
8.5828 	EXP 	Created DepressionQuestionnaire = <psychopy.visual.form.Form object at 0x00000209CFDC27B8>
8.6064 	EXP 	window1: mouseVisible = True
8.6508 	EXP 	Created instructionsText = TextStim(__class__=<class 'psychopy.visual.text.TextStim'>, alignHoriz=method-wrapper(...), alignText='center', alignVert=method-wrapper(...), anchorHoriz='center', anchorVert='center', antialias=True, autoLog=True, bold=False, color=array([1, 1, 1]), colorSpace='rgb', contrast=1.0, depth=0.0, flipHoriz=False, flipVert=False, font='Open Sans', fontFiles=[], height=0.04, italic=False, languageStyle='LTR', name='instructionsText', opacity=1, ori=0.0, pos=array([0., 0.]), rgb=UNKNOWN, text=str(...), units='height', win=Window(...), wrapWidth=1)
8.6539 	EXP 	Created hasPeriphery = ImageStim(__class__=<class 'psychopy.visual.image.ImageStim'>, autoLog=True, color=array([1, 1, 1]), colorSpace='rgb', contrast=1.0, depth=-1.0, flipHoriz=False, flipVert=False, image='sin', interpolate=True, mask=None, maskParams=None, name='hasPeriphery', opacity=1.0, ori=0.0, pos=array([0., 0.]), size=array([0.5, 0.5]), texRes=128.0, units='height', win=Window(...))
8.6564 	EXP 	Created noPeriphery = ImageStim(__class__=<class 'psychopy.visual.image.ImageStim'>, autoLog=True, color=array([1, 1, 1]), colorSpace='rgb', contrast=1.0, depth=-3.0, flipHoriz=False, flipVert=False, image='sin', interpolate=True, mask=None, maskParams=None, name='noPeriphery', opacity=1.0, ori=0.0, pos=array([0., 0.]), size=array([0.5, 0.5]), texRes=128.0, units='height', win=Window(...))
8.6575 	EXP 	Created blank_screen = Rect(__class__=<class 'psychopy.visual.rect.Rect'>, autoDraw=False, autoLog=True, closeShape=True, color=method-wrapper(...), colorSpace='rgb', contrast=None, depth=-4.0, fillColor=array([1, 1, 1]), fillColorSpace='rgb', fillRGB=UNKNOWN, interpolate=True, lineColor=array([1, 1, 1]), lineColorSpace='rgb', lineRGB=UNKNOWN, lineWidth=1.0, name='blank_screen', opacity=1.0, ori=0.0, pos=array([0., 0.]), size=array([2., 1.]), units='height', vertices=ndarray(...), win=Window(...))
8.6632 	EXP 	Created text = TextStim(__class__=<class 'psychopy.visual.text.TextStim'>, alignHoriz=method-wrapper(...), alignText='center', alignVert=method-wrapper(...), anchorHoriz='center', anchorVert='center', antialias=True, autoLog=True, bold=False, color=array([ 1, -1, -1]), colorSpace='rgb', contrast=1.0, depth=-5.0, flipHoriz=False, flipVert=False, font='Open Sans', fontFiles=[], height=0.1, italic=False, languageStyle='LTR', name='text', opacity=1, ori=0.0, pos=array([0., 0.]), rgb=UNKNOWN, text='+', units='height', win=Window(...), wrapWidth=1)
8.6740 	EXP 	Created WelcomeText = TextStim(__class__=<class 'psychopy.visual.text.TextStim'>, alignHoriz=method-wrapper(...), alignText='center', alignVert=method-wrapper(...), anchorHoriz='center', anchorVert='center', antialias=True, autoLog=True, bold=False, color=array([1, 1, 1]), colorSpace='rgb', contrast=1.0, depth=0.0, flipHoriz=False, flipVert=False, font='Open Sans', fontFiles=[], height=0.1, italic=False, languageStyle='LTR', name='WelcomeText', opacity=1, ori=0.0, pos=array([0., 0.]), rgb=UNKNOWN, text='Welcome to our Study!', units='height', win=Window(...), wrapWidth=1)
8.6766 	EXP 	Created hasPeriphery_2 = ImageStim(__class__=<class 'psychopy.visual.image.ImageStim'>, autoLog=True, color=array([1, 1, 1]), colorSpace='rgb', contrast=1.0, depth=-1.0, flipHoriz=False, flipVert=False, image='sin', interpolate=True, mask=None, maskParams=None, name='hasPeriphery_2', opacity=1.0, ori=0.0, pos=array([0., 0.]), size=array([0.5, 0.5]), texRes=128.0, units='height', win=Window(...))
8.6789 	EXP 	Created noPeriphery_2 = ImageStim(__class__=<class 'psychopy.visual.image.ImageStim'>, autoLog=True, color=array([1, 1, 1]), colorSpace='rgb', contrast=1.0, depth=-3.0, flipHoriz=False, flipVert=False, image='sin', interpolate=True, mask=None, maskParams=None, name='noPeriphery_2', opacity=1.0, ori=0.0, pos=array([0., 0.]), size=array([0.5, 0.5]), texRes=128.0, units='height', win=Window(...))
8.6806 	EXP 	Created text_2 = TextStim(__class__=<class 'psychopy.visual.text.TextStim'>, alignHoriz=method-wrapper(...), alignText='center', alignVert=method-wrapper(...), anchorHoriz='center', anchorVert='center', antialias=True, autoLog=True, bold=False, color=array([ 1, -1, -1]), colorSpace='rgb', contrast=1.0, depth=-4.0, flipHoriz=False, flipVert=False, font='Open Sans', fontFiles=[], height=0.1, italic=False, languageStyle='LTR', name='text_2', opacity=1, ori=0.0, pos=array([0., 0.]), rgb=UNKNOWN, text='+', units='height', win=Window(...), wrapWidth=1)
8.7213 	EXP 	unnamed Form: autoLog = True
8.7213 	EXP 	DepressionQuestionnaire: name = 'DepressionQuestionnaire'
8.7213 	EXP 	DepressionQuestionnaire: size = (3.5, 1)
8.7213 	EXP 	DepressionQuestionnaire: size = array([3.5, 1. ])
8.7213 	EXP 	DepressionQuestionnaire: units = 'height'
8.7213 	EXP 	DepressionQuestionnaire: depth = 0
8.7213 	EXP 	WelcomeText: autoDraw = True
10.7379 	EXP 	WelcomeText: autoDraw = False
10.7379 	EXP 	DepressionQuestionnaire: autoDraw = True
12.2194 	DATA 	Mouse: Left button down, pos=(816,89)
12.2708 	EXP 	DepressionQuestionnaire: autoDraw = False
12.2708 	EXP 	instructionsText: autoDraw = True
12.3090 	DATA 	Mouse:  Left button up, pos=(816,89)
12.8512 	EXP 	Imported picPaths.xlsx as conditions, 6 conditions, 4 params
12.8515 	EXP 	Created sequence: sequential, trialTypes=6, nReps=1, seed=None
12.8518 	EXP 	New trial (rep=0, index=0): {'startImage': 'C:\\Users\\hesselmann\\Desktop\\PsychoPyUniformityIllusion\\UniformityIllusionPsychoPy\\Pics\\1start.png', 'midImage': 'C:\\Users\\hesselmann\\Desktop\\PsychoPyUniformityIllusion\\UniformityIllusionPsychoPy\\Pics\\1a.png', 'endImage': 'C:\\Users\\hesselmann\\Desktop\\PsychoPyUniformityIllusion\\UniformityIllusionPsychoPy\\Pics\\1a.png', 'AB': 'a'}
13.0299 	DATA 	Keypress: space
13.0706 	EXP 	instructionsText: autoDraw = False
13.0706 	EXP 	hasPeriphery: size = array([1.77777778, 1.        ])
13.0706 	EXP 	hasPeriphery: image = 'C:\\Users\\hesselmann\\Desktop\\PsychoPyUniformityIllusion\\UniformityIllusionPsychoPy\\Pics\\1a.png'
13.0706 	EXP 	noPeriphery: size = array([1.77777778, 1.        ])
13.0706 	EXP 	noPeriphery: image = 'C:\\Users\\hesselmann\\Desktop\\PsychoPyUniformityIllusion\\UniformityIllusionPsychoPy\\Pics\\1start.png'
13.0706 	EXP 	hasPeriphery: autoDraw = True
13.0706 	EXP 	hasPeriphery: texRes = 128.0
13.0706 	EXP 	noPeriphery: autoDraw = True
13.0706 	EXP 	noPeriphery: texRes = 128.0
13.0706 	EXP 	text: autoDraw = True
13.2035 	EXP 	hasPeriphery: texRes = 128.0
13.2035 	EXP 	noPeriphery: texRes = 128.0
13.3369 	EXP 	hasPeriphery: texRes = 128.0
13.3369 	EXP 	noPeriphery: texRes = 128.0
13.4702 	EXP 	hasPeriphery: texRes = 128.0
13.4702 	EXP 	noPeriphery: texRes = 128.0
13.6043 	EXP 	hasPeriphery: texRes = 128.0
13.6043 	EXP 	noPeriphery: texRes = 128.0
13.7368 	EXP 	hasPeriphery: texRes = 128.0
13.7368 	EXP 	noPeriphery: texRes = 128.0
13.7368 	EXP 	blank_screen: autoDraw = True
13.8701 	EXP 	hasPeriphery: texRes = 128.0
13.8701 	EXP 	noPeriphery: texRes = 128.0
13.8701 	EXP 	blank_screen: autoDraw = False
14.0034 	EXP 	hasPeriphery: texRes = 128.0
14.0034 	EXP 	noPeriphery: texRes = 128.0
14.1367 	EXP 	hasPeriphery: texRes = 128.0
14.1367 	EXP 	noPeriphery: texRes = 128.0
14.2709 	EXP 	hasPeriphery: texRes = 128.0
14.2709 	EXP 	noPeriphery: texRes = 128.0
14.4199 	EXP 	hasPeriphery: texRes = 128.0
14.4199 	EXP 	noPeriphery: texRes = 128.0
14.4199 	EXP 	blank_screen: autoDraw = True
14.5540 	EXP 	hasPeriphery: texRes = 128.0
14.5540 	EXP 	noPeriphery: texRes = 128.0
14.5540 	EXP 	blank_screen: autoDraw = False
14.6870 	EXP 	hasPeriphery: texRes = 128.0
14.6870 	EXP 	noPeriphery: texRes = 128.0
14.8202 	EXP 	hasPeriphery: texRes = 128.0
14.8202 	EXP 	noPeriphery: texRes = 128.0
14.9540 	EXP 	hasPeriphery: texRes = 128.0
14.9540 	EXP 	noPeriphery: texRes = 128.0
15.0872 	EXP 	hasPeriphery: texRes = 128.0
15.0872 	EXP 	noPeriphery: texRes = 128.0
15.2198 	EXP 	hasPeriphery: texRes = 128.0
15.2198 	EXP 	noPeriphery: texRes = 128.0
15.3535 	EXP 	hasPeriphery: texRes = 128.0
15.3535 	EXP 	noPeriphery: texRes = 128.0
15.4868 	EXP 	hasPeriphery: texRes = 128.0
15.4868 	EXP 	noPeriphery: texRes = 128.0
15.6197 	EXP 	hasPeriphery: texRes = 128.0
15.6197 	EXP 	noPeriphery: texRes = 128.0
15.7534 	EXP 	hasPeriphery: texRes = 128.0
15.7534 	EXP 	noPeriphery: texRes = 128.0
15.8867 	EXP 	hasPeriphery: texRes = 128.0
15.8867 	EXP 	noPeriphery: texRes = 128.0
16.0202 	EXP 	hasPeriphery: texRes = 128.0
16.0202 	EXP 	noPeriphery: texRes = 128.0
16.1534 	EXP 	hasPeriphery: texRes = 128.0
16.1534 	EXP 	noPeriphery: texRes = 128.0
16.2873 	EXP 	hasPeriphery: texRes = 128.0
16.2873 	EXP 	noPeriphery: texRes = 128.0
16.4204 	EXP 	hasPeriphery: texRes = 128.0
16.4204 	EXP 	noPeriphery: texRes = 128.0
16.5537 	EXP 	hasPeriphery: texRes = 128.0
16.5537 	EXP 	noPeriphery: texRes = 128.0
16.7030 	EXP 	hasPeriphery: texRes = 128.0
16.7030 	EXP 	noPeriphery: texRes = 128.0
16.7954 	DATA 	Keypress: escape
16.8365 	EXP 	hasPeriphery: texRes = 128.0
16.8365 	EXP 	noPeriphery: texRes = 128.0
17.0736 	EXP 	window1: mouseVisible = True
