1.4427 	WARNING 	We strongly recommend you activate the PTB sound engine in PsychoPy prefs as the preferred audio engine. Its timing is vastly superior. Your prefs are currently set to use ['sounddevice', 'PTB', 'pyo', 'pygame'] (in that order).
20.8181 	WARNING 	Couldn't measure a consistent frame rate.
  - Is your graphics card set to sync to vertical blank?
  - Are you running other processes on your computer?

20.8185 	EXP 	Created window1 = Window(allowGUI=False, allowStencil=False, autoLog=True, backendConf=UNKNOWN, bitsMode=UNKNOWN, blendMode='avg', bpc=(8, 8, 8), color=array([0, 0, 0]), colorSpace='rgb', depthBits=8, fullscr=<method-wrapper '__getattribute__' of attributeSetter object at 0x000002568E03A748>, gamma=None, gammaErrorPolicy='raise', lms=UNKNOWN, monitor=<psychopy.monitors.calibTools.Monitor object at 0x000002568E05EAC8>, multiSample=False, name='window1', numSamples=2, pos=[0.0, 0.0], screen=0, size=array([1920, 1080]), stencilBits=0, stereo=False, units='height', useFBO=True, useRetina=False, viewOri=0.0, viewPos=None, viewScale=None, waitBlanking=True, winType='pyglet')
20.8188 	EXP 	window1: mouseVisible = True
20.8188 	EXP 	window1: recordFrameIntervals = False
21.0178 	EXP 	window1: recordFrameIntervals = True
21.0854 	WARNING 	t of last frame was 27.83ms (=1/35)
21.1263 	WARNING 	t of last frame was 28.73ms (=1/34)
21.1643 	WARNING 	t of last frame was 26.73ms (=1/37)
21.2038 	WARNING 	t of last frame was 26.24ms (=1/38)
21.2408 	WARNING 	Multiple dropped frames have occurred - I'll stop bothering you about them!
23.0449 	WARNING 	Couldn't measure a consistent frame rate.
  - Is your graphics card set to sync to vertical blank?
  - Are you running other processes on your computer?

23.6179 	EXP 	Created WelcomeText = TextStim(__class__=<class 'psychopy.visual.text.TextStim'>, alignHoriz=method-wrapper(...), alignText='center', alignVert=method-wrapper(...), anchorHoriz='center', anchorVert='center', antialias=True, autoLog=True, bold=False, color=array([1, 1, 1]), colorSpace='rgb', contrast=1.0, depth=0.0, flipHoriz=False, flipVert=False, font='Open Sans', fontFiles=[], height=0.1, italic=False, languageStyle='LTR', name='WelcomeText', opacity=1, ori=0.0, pos=array([0., 0.]), rgb=UNKNOWN, text='Welcome to our Study!', units='height', win=Window(...), wrapWidth=1)
23.6336 	EXP 	Imported depression.xlsx as conditions, 2 conditions, 12 params
23.6349 	EXP 	Question text: Sadness
23.6663 	EXP 	window1: mouseVisible = True
23.7083 	EXP 	Question text: Pessimism
23.7169 	EXP 	window1: mouseVisible = True
23.7490 	EXP 	window1: mouseVisible = True
23.7538 	EXP 	Created unnamed Rect = Rect(__class__=<class 'psychopy.visual.rect.Rect'>, autoDraw=False, autoLog=True, closeShape=True, color=method-wrapper(...), colorSpace='rgb', contrast=None, depth=0, fillColor=array([0, 0, 0]), fillColorSpace='rgb', fillRGB=UNKNOWN, interpolate=True, lineColor=array([0, 0, 0]), lineColorSpace='rgb', lineRGB=UNKNOWN, lineWidth=1.5, name='unnamed Rect', opacity=0, ori=0.0, pos=array([0., 0.]), size=array([0., 0.]), units='height', vertices=ndarray(...), win=Window(...))
23.7690 	EXP 	Created DepressionQuestionnaire = <psychopy.visual.form.Form object at 0x0000025690EAC6A0>
23.8047 	EXP 	window1: mouseVisible = True
23.8683 	EXP 	Created instructionsText = TextStim(__class__=<class 'psychopy.visual.text.TextStim'>, alignHoriz=method-wrapper(...), alignText='center', alignVert=method-wrapper(...), anchorHoriz='center', anchorVert='center', antialias=True, autoLog=True, bold=False, color=array([1, 1, 1]), colorSpace='rgb', contrast=1.0, depth=0.0, flipHoriz=False, flipVert=False, font='Open Sans', fontFiles=[], height=0.04, italic=False, languageStyle='LTR', name='instructionsText', opacity=1, ori=0.0, pos=array([0., 0.]), rgb=UNKNOWN, text=str(...), units='height', win=Window(...), wrapWidth=1)
23.8717 	EXP 	Created hasPeriphery = ImageStim(__class__=<class 'psychopy.visual.image.ImageStim'>, autoLog=True, color=array([1, 1, 1]), colorSpace='rgb', contrast=1.0, depth=-1.0, flipHoriz=False, flipVert=False, image='sin', interpolate=True, mask=None, maskParams=None, name='hasPeriphery', opacity=1.0, ori=0.0, pos=array([0., 0.]), size=array([0.5, 0.5]), texRes=128.0, units='height', win=Window(...))
23.8768 	EXP 	Created noPeriphery = ImageStim(__class__=<class 'psychopy.visual.image.ImageStim'>, autoLog=True, color=array([1, 1, 1]), colorSpace='rgb', contrast=1.0, depth=-3.0, flipHoriz=False, flipVert=False, image='sin', interpolate=True, mask=None, maskParams=None, name='noPeriphery', opacity=1.0, ori=0.0, pos=array([0., 0.]), size=array([0.5, 0.5]), texRes=128.0, units='height', win=Window(...))
23.8805 	EXP 	Created final = ImageStim(__class__=<class 'psychopy.visual.image.ImageStim'>, autoLog=True, color=array([1, 1, 1]), colorSpace='rgb', contrast=1.0, depth=-4.0, flipHoriz=False, flipVert=False, image='sin', interpolate=True, mask=None, maskParams=None, name='final', opacity=1.0, ori=0.0, pos=array([0., 0.]), size=array([0.5, 0.5]), texRes=128.0, units='height', win=Window(...))
23.8843 	EXP 	Created blank_screen = Rect(__class__=<class 'psychopy.visual.rect.Rect'>, autoDraw=False, autoLog=True, closeShape=True, color=method-wrapper(...), colorSpace='rgb', contrast=None, depth=-5.0, fillColor=array([1, 1, 1]), fillColorSpace='rgb', fillRGB=UNKNOWN, interpolate=True, lineColor=array([1, 1, 1]), lineColorSpace='rgb', lineRGB=UNKNOWN, lineWidth=1.0, name='blank_screen', opacity=1.0, ori=0.0, pos=array([0., 0.]), size=array([2., 2.]), units='height', vertices=ndarray(...), win=Window(...))
23.8920 	EXP 	Created text = TextStim(__class__=<class 'psychopy.visual.text.TextStim'>, alignHoriz=method-wrapper(...), alignText='center', alignVert=method-wrapper(...), anchorHoriz='center', anchorVert='center', antialias=True, autoLog=True, bold=False, color=array([ 1, -1, -1]), colorSpace='rgb', contrast=1.0, depth=-6.0, flipHoriz=False, flipVert=False, font='Open Sans', fontFiles=[], height=0.1, italic=False, languageStyle='LTR', name='text', opacity=1, ori=0.0, pos=array([0., 0.]), rgb=UNKNOWN, text='+', units='height', win=Window(...), wrapWidth=1)
23.9042 	EXP 	Created WelcomeText = TextStim(__class__=<class 'psychopy.visual.text.TextStim'>, alignHoriz=method-wrapper(...), alignText='center', alignVert=method-wrapper(...), anchorHoriz='center', anchorVert='center', antialias=True, autoLog=True, bold=False, color=array([1, 1, 1]), colorSpace='rgb', contrast=1.0, depth=0.0, flipHoriz=False, flipVert=False, font='Open Sans', fontFiles=[], height=0.1, italic=False, languageStyle='LTR', name='WelcomeText', opacity=1, ori=0.0, pos=array([0., 0.]), rgb=UNKNOWN, text='Welcome to our Study!', units='height', win=Window(...), wrapWidth=1)
23.9071 	EXP 	Created hasPeriphery = ImageStim(__class__=<class 'psychopy.visual.image.ImageStim'>, autoLog=True, color=array([1, 1, 1]), colorSpace='rgb', contrast=1.0, depth=-1.0, flipHoriz=False, flipVert=False, image='sin', interpolate=True, mask=None, maskParams=None, name='hasPeriphery', opacity=1.0, ori=0.0, pos=array([0., 0.]), size=array([0.5, 0.5]), texRes=128.0, units='height', win=Window(...))
23.9101 	EXP 	Created noPeriphery = ImageStim(__class__=<class 'psychopy.visual.image.ImageStim'>, autoLog=True, color=array([1, 1, 1]), colorSpace='rgb', contrast=1.0, depth=-3.0, flipHoriz=False, flipVert=False, image='sin', interpolate=True, mask=None, maskParams=None, name='noPeriphery', opacity=1.0, ori=0.0, pos=array([0., 0.]), size=array([0.5, 0.5]), texRes=128.0, units='height', win=Window(...))
23.9144 	EXP 	Created final = ImageStim(__class__=<class 'psychopy.visual.image.ImageStim'>, autoLog=True, color=array([1, 1, 1]), colorSpace='rgb', contrast=1.0, depth=-4.0, flipHoriz=False, flipVert=False, image='sin', interpolate=True, mask=None, maskParams=None, name='final', opacity=1.0, ori=0.0, pos=array([0., 0.]), size=array([0.5, 0.5]), texRes=128.0, units='height', win=Window(...))
23.9163 	EXP 	Created blank_screen = Rect(__class__=<class 'psychopy.visual.rect.Rect'>, autoDraw=False, autoLog=True, closeShape=True, color=method-wrapper(...), colorSpace='rgb', contrast=None, depth=-5.0, fillColor=array([1, 1, 1]), fillColorSpace='rgb', fillRGB=UNKNOWN, interpolate=True, lineColor=array([1, 1, 1]), lineColorSpace='rgb', lineRGB=UNKNOWN, lineWidth=1.0, name='blank_screen', opacity=1.0, ori=0.0, pos=array([0., 0.]), size=array([2., 2.]), units='height', vertices=ndarray(...), win=Window(...))
23.9192 	EXP 	Created text = TextStim(__class__=<class 'psychopy.visual.text.TextStim'>, alignHoriz=method-wrapper(...), alignText='center', alignVert=method-wrapper(...), anchorHoriz='center', anchorVert='center', antialias=True, autoLog=True, bold=False, color=array([ 1, -1, -1]), colorSpace='rgb', contrast=1.0, depth=-6.0, flipHoriz=False, flipVert=False, font='Open Sans', fontFiles=[], height=0.1, italic=False, languageStyle='LTR', name='text', opacity=1, ori=0.0, pos=array([0., 0.]), rgb=UNKNOWN, text='+', units='height', win=Window(...), wrapWidth=1)
24.9923 	EXP 	unnamed Form: autoLog = True
24.9923 	EXP 	DepressionQuestionnaire: name = 'DepressionQuestionnaire'
24.9923 	EXP 	DepressionQuestionnaire: size = (3.5, 1)
24.9923 	EXP 	DepressionQuestionnaire: size = array([3.5, 1. ])
24.9923 	EXP 	DepressionQuestionnaire: units = 'height'
24.9923 	EXP 	DepressionQuestionnaire: depth = 0
24.9923 	EXP 	WelcomeText: autoDraw = True
26.0090 	EXP 	WelcomeText: autoDraw = False
26.0090 	EXP 	DepressionQuestionnaire: autoDraw = True
28.5803 	DATA 	Mouse: Left button down, pos=(801,79)
28.6207 	EXP 	DepressionQuestionnaire: autoDraw = False
28.6207 	EXP 	instructionsText: autoDraw = True
28.6604 	DATA 	Mouse:  Left button up, pos=(801,79)
29.5715 	DATA 	Keypress: b
29.5717 	DATA 	Keypress: v
29.6128 	EXP 	Imported picPaths.xlsx as conditions, 6 conditions, 4 params
29.6132 	EXP 	Created sequence: random, trialTypes=6, nReps=1, seed=None
29.6135 	EXP 	New trial (rep=0, index=0): {'startImage': 'C:\\Users\\hesselmann\\Desktop\\PsychoPyUniformityIllusion\\UniformityIllusionPsychoPy\\Pics\\3start.png', 'midImage': 'C:\\Users\\hesselmann\\Desktop\\PsychoPyUniformityIllusion\\UniformityIllusionPsychoPy\\Pics\\3a.png', 'endImage': 'C:\\Users\\hesselmann\\Desktop\\PsychoPyUniformityIllusion\\UniformityIllusionPsychoPy\\Pics\\3b.png', 'AB': 'b'}
29.8605 	DATA 	Keypress: space
29.9290 	EXP 	instructionsText: autoDraw = False
29.9290 	EXP 	hasPeriphery: size = array([1.77777778, 1.        ])
29.9290 	EXP 	hasPeriphery: image = 'C:\\Users\\hesselmann\\Desktop\\PsychoPyUniformityIllusion\\UniformityIllusionPsychoPy\\Pics\\3a.png'
29.9290 	EXP 	noPeriphery: size = array([1.77777778, 1.        ])
29.9290 	EXP 	noPeriphery: image = 'C:\\Users\\hesselmann\\Desktop\\PsychoPyUniformityIllusion\\UniformityIllusionPsychoPy\\Pics\\3start.png'
29.9290 	EXP 	final: size = array([1.77777778, 1.        ])
29.9290 	EXP 	final: image = 'C:\\Users\\hesselmann\\Desktop\\PsychoPyUniformityIllusion\\UniformityIllusionPsychoPy\\Pics\\3b.png'
29.9290 	EXP 	hasPeriphery: autoDraw = True
29.9290 	EXP 	hasPeriphery: texRes = 128.0
29.9290 	EXP 	noPeriphery: autoDraw = True
29.9290 	EXP 	noPeriphery: texRes = 128.0
29.9290 	EXP 	text: autoDraw = True
30.0860 	EXP 	hasPeriphery: texRes = 128.0
30.0860 	EXP 	noPeriphery: texRes = 128.0
30.2575 	EXP 	hasPeriphery: texRes = 128.0
30.2575 	EXP 	noPeriphery: texRes = 128.0
30.4342 	EXP 	hasPeriphery: texRes = 128.0
30.4342 	EXP 	noPeriphery: texRes = 128.0
30.5949 	EXP 	hasPeriphery: texRes = 128.0
30.5949 	EXP 	noPeriphery: texRes = 128.0
30.7642 	EXP 	hasPeriphery: texRes = 128.0
30.7642 	EXP 	noPeriphery: texRes = 128.0
30.9339 	EXP 	hasPeriphery: texRes = 128.0
30.9339 	EXP 	noPeriphery: texRes = 128.0
31.0996 	EXP 	hasPeriphery: texRes = 128.0
31.0996 	EXP 	noPeriphery: texRes = 128.0
31.2588 	EXP 	hasPeriphery: texRes = 128.0
31.2588 	EXP 	noPeriphery: texRes = 128.0
31.4187 	EXP 	hasPeriphery: texRes = 128.0
31.4187 	EXP 	noPeriphery: texRes = 128.0
31.5995 	EXP 	hasPeriphery: texRes = 128.0
31.5995 	EXP 	noPeriphery: texRes = 128.0
31.7721 	EXP 	hasPeriphery: texRes = 128.0
31.7721 	EXP 	noPeriphery: texRes = 128.0
31.9281 	EXP 	hasPeriphery: texRes = 128.0
31.9281 	EXP 	noPeriphery: texRes = 128.0
32.1116 	EXP 	hasPeriphery: texRes = 128.0
32.1116 	EXP 	noPeriphery: texRes = 128.0
32.2740 	EXP 	hasPeriphery: texRes = 128.0
32.2740 	EXP 	noPeriphery: texRes = 128.0
32.4556 	EXP 	hasPeriphery: texRes = 128.0
32.4556 	EXP 	noPeriphery: texRes = 128.0
32.6198 	EXP 	hasPeriphery: texRes = 128.0
32.6198 	EXP 	noPeriphery: texRes = 128.0
32.7865 	EXP 	hasPeriphery: texRes = 128.0
32.7865 	EXP 	noPeriphery: texRes = 128.0
32.9561 	EXP 	hasPeriphery: texRes = 128.0
32.9561 	EXP 	noPeriphery: texRes = 128.0
33.1205 	EXP 	hasPeriphery: texRes = 128.0
33.1205 	EXP 	noPeriphery: texRes = 128.0
33.2987 	EXP 	hasPeriphery: texRes = 128.0
33.2987 	EXP 	noPeriphery: texRes = 128.0
33.4659 	EXP 	hasPeriphery: texRes = 128.0
33.4659 	EXP 	noPeriphery: texRes = 128.0
33.6412 	EXP 	hasPeriphery: texRes = 128.0
33.6412 	EXP 	noPeriphery: texRes = 128.0
33.8088 	EXP 	hasPeriphery: texRes = 128.0
33.8088 	EXP 	noPeriphery: texRes = 128.0
33.9798 	EXP 	hasPeriphery: texRes = 128.0
33.9798 	EXP 	noPeriphery: texRes = 128.0
34.1488 	EXP 	hasPeriphery: texRes = 128.0
34.1488 	EXP 	noPeriphery: texRes = 128.0
34.3211 	EXP 	hasPeriphery: texRes = 128.0
34.3211 	EXP 	noPeriphery: texRes = 128.0
34.4897 	EXP 	hasPeriphery: texRes = 128.0
34.4897 	EXP 	noPeriphery: texRes = 128.0
34.6692 	EXP 	hasPeriphery: texRes = 128.0
34.6692 	EXP 	noPeriphery: texRes = 128.0
34.8399 	EXP 	hasPeriphery: texRes = 128.0
34.8399 	EXP 	noPeriphery: texRes = 128.0
35.0114 	EXP 	hasPeriphery: texRes = 128.0
35.0114 	EXP 	noPeriphery: texRes = 128.0
35.1927 	EXP 	hasPeriphery: texRes = 128.0
35.1927 	EXP 	noPeriphery: texRes = 128.0
35.3741 	EXP 	hasPeriphery: texRes = 128.0
35.3741 	EXP 	noPeriphery: texRes = 128.0
35.5404 	EXP 	hasPeriphery: texRes = 128.0
35.5404 	EXP 	noPeriphery: texRes = 128.0
35.7305 	EXP 	hasPeriphery: texRes = 128.0
35.7305 	EXP 	noPeriphery: texRes = 128.0
35.9168 	EXP 	hasPeriphery: texRes = 128.0
35.9168 	EXP 	noPeriphery: texRes = 128.0
35.9168 	EXP 	blank_screen: autoDraw = True
36.2131 	EXP 	hasPeriphery: texRes = 128.0
36.2131 	EXP 	noPeriphery: texRes = 128.0
36.2131 	EXP 	final: autoDraw = True
36.2131 	EXP 	final: texRes = 128.0
36.4690 	EXP 	hasPeriphery: texRes = 128.0
36.4690 	EXP 	noPeriphery: texRes = 128.0
36.4690 	EXP 	final: texRes = 128.0
36.4690 	EXP 	blank_screen: autoDraw = False
36.7010 	EXP 	hasPeriphery: texRes = 128.0
36.7010 	EXP 	noPeriphery: texRes = 128.0
36.7010 	EXP 	final: texRes = 128.0
36.9301 	EXP 	hasPeriphery: texRes = 128.0
36.9301 	EXP 	noPeriphery: texRes = 128.0
36.9301 	EXP 	final: texRes = 128.0
37.1693 	EXP 	hasPeriphery: texRes = 128.0
37.1693 	EXP 	noPeriphery: texRes = 128.0
37.1693 	EXP 	final: texRes = 128.0
37.4212 	EXP 	hasPeriphery: texRes = 128.0
37.4212 	EXP 	noPeriphery: texRes = 128.0
37.4212 	EXP 	final: texRes = 128.0
37.6780 	EXP 	hasPeriphery: texRes = 128.0
37.6780 	EXP 	noPeriphery: texRes = 128.0
37.6780 	EXP 	final: texRes = 128.0
37.6780 	EXP 	blank_screen: autoDraw = True
37.9448 	EXP 	hasPeriphery: texRes = 128.0
37.9448 	EXP 	noPeriphery: texRes = 128.0
37.9448 	EXP 	final: texRes = 128.0
38.1918 	EXP 	hasPeriphery: texRes = 128.0
38.1918 	EXP 	noPeriphery: texRes = 128.0
38.1918 	EXP 	final: texRes = 128.0
38.1918 	EXP 	blank_screen: autoDraw = False
38.4489 	EXP 	hasPeriphery: texRes = 128.0
38.4489 	EXP 	noPeriphery: texRes = 128.0
38.4489 	EXP 	final: texRes = 128.0
38.6926 	EXP 	hasPeriphery: texRes = 128.0
38.6926 	EXP 	noPeriphery: texRes = 128.0
38.6926 	EXP 	final: texRes = 128.0
38.9526 	EXP 	hasPeriphery: texRes = 128.0
38.9526 	EXP 	noPeriphery: texRes = 128.0
38.9526 	EXP 	final: texRes = 128.0
39.2120 	EXP 	hasPeriphery: texRes = 128.0
39.2120 	EXP 	noPeriphery: texRes = 128.0
39.2120 	EXP 	final: texRes = 128.0
39.4769 	EXP 	hasPeriphery: texRes = 128.0
39.4769 	EXP 	noPeriphery: texRes = 128.0
39.4769 	EXP 	final: texRes = 128.0
39.4769 	EXP 	blank_screen: autoDraw = True
39.7365 	EXP 	hasPeriphery: texRes = 128.0
39.7365 	EXP 	noPeriphery: texRes = 128.0
39.7365 	EXP 	final: texRes = 128.0
39.9969 	EXP 	hasPeriphery: texRes = 128.0
39.9969 	EXP 	noPeriphery: texRes = 128.0
39.9969 	EXP 	final: texRes = 128.0
39.9969 	EXP 	blank_screen: autoDraw = False
40.0861 	EXP 	hasPeriphery: autoDraw = False
40.0861 	EXP 	noPeriphery: autoDraw = False
40.0861 	EXP 	final: texRes = 128.0
40.1816 	EXP 	final: texRes = 128.0
40.2761 	EXP 	final: texRes = 128.0
40.3758 	EXP 	final: texRes = 128.0
40.4602 	EXP 	final: texRes = 128.0
40.5230 	DATA 	Keypress: space
40.5605 	EXP 	final: texRes = 128.0
40.6094 	EXP 	New trial (rep=0, index=1): {'startImage': 'C:\\Users\\hesselmann\\Desktop\\PsychoPyUniformityIllusion\\UniformityIllusionPsychoPy\\Pics\\1start.png', 'midImage': 'C:\\Users\\hesselmann\\Desktop\\PsychoPyUniformityIllusion\\UniformityIllusionPsychoPy\\Pics\\1a.png', 'endImage': 'C:\\Users\\hesselmann\\Desktop\\PsychoPyUniformityIllusion\\UniformityIllusionPsychoPy\\Pics\\1a.png', 'AB': 'a'}
40.9632 	EXP 	final: texRes = 128.0
40.9632 	EXP 	hasPeriphery: autoDraw = False
40.9632 	EXP 	noPeriphery: autoDraw = False
40.9632 	EXP 	final: autoDraw = False
40.9632 	EXP 	blank_screen: autoDraw = False
40.9632 	EXP 	text: autoDraw = False
40.9632 	EXP 	hasPeriphery: size = array([1.77777778, 1.        ])
40.9632 	EXP 	hasPeriphery: image = 'C:\\Users\\hesselmann\\Desktop\\PsychoPyUniformityIllusion\\UniformityIllusionPsychoPy\\Pics\\1a.png'
40.9632 	EXP 	noPeriphery: size = array([1.77777778, 1.        ])
40.9632 	EXP 	noPeriphery: image = 'C:\\Users\\hesselmann\\Desktop\\PsychoPyUniformityIllusion\\UniformityIllusionPsychoPy\\Pics\\1start.png'
40.9632 	EXP 	final: size = array([1.77777778, 1.        ])
40.9632 	EXP 	final: image = 'C:\\Users\\hesselmann\\Desktop\\PsychoPyUniformityIllusion\\UniformityIllusionPsychoPy\\Pics\\1a.png'
40.9632 	EXP 	hasPeriphery: autoDraw = True
40.9632 	EXP 	hasPeriphery: texRes = 128.0
40.9632 	EXP 	noPeriphery: autoDraw = True
40.9632 	EXP 	noPeriphery: texRes = 128.0
40.9632 	EXP 	text: autoDraw = True
41.1814 	EXP 	hasPeriphery: texRes = 128.0
41.1814 	EXP 	noPeriphery: texRes = 128.0
41.3934 	EXP 	hasPeriphery: texRes = 128.0
41.3934 	EXP 	noPeriphery: texRes = 128.0
41.6015 	EXP 	hasPeriphery: texRes = 128.0
41.6015 	EXP 	noPeriphery: texRes = 128.0
41.8087 	EXP 	hasPeriphery: texRes = 128.0
41.8087 	EXP 	noPeriphery: texRes = 128.0
42.0211 	EXP 	hasPeriphery: texRes = 128.0
42.0211 	EXP 	noPeriphery: texRes = 128.0
42.2210 	EXP 	hasPeriphery: texRes = 128.0
42.2210 	EXP 	noPeriphery: texRes = 128.0
42.4220 	EXP 	hasPeriphery: texRes = 128.0
42.4220 	EXP 	noPeriphery: texRes = 128.0
42.6252 	EXP 	hasPeriphery: texRes = 128.0
42.6252 	EXP 	noPeriphery: texRes = 128.0
42.8254 	EXP 	hasPeriphery: texRes = 128.0
42.8254 	EXP 	noPeriphery: texRes = 128.0
43.0365 	EXP 	hasPeriphery: texRes = 128.0
43.0365 	EXP 	noPeriphery: texRes = 128.0
43.2354 	EXP 	hasPeriphery: texRes = 128.0
43.2354 	EXP 	noPeriphery: texRes = 128.0
43.4254 	EXP 	hasPeriphery: texRes = 128.0
43.4254 	EXP 	noPeriphery: texRes = 128.0
43.6251 	EXP 	hasPeriphery: texRes = 128.0
43.6251 	EXP 	noPeriphery: texRes = 128.0
43.8370 	EXP 	hasPeriphery: texRes = 128.0
43.8370 	EXP 	noPeriphery: texRes = 128.0
44.0626 	EXP 	hasPeriphery: texRes = 128.0
44.0626 	EXP 	noPeriphery: texRes = 128.0
44.2738 	EXP 	hasPeriphery: texRes = 128.0
44.2738 	EXP 	noPeriphery: texRes = 128.0
44.4897 	EXP 	hasPeriphery: texRes = 128.0
44.4897 	EXP 	noPeriphery: texRes = 128.0
44.7034 	EXP 	hasPeriphery: texRes = 128.0
44.7034 	EXP 	noPeriphery: texRes = 128.0
44.9172 	EXP 	hasPeriphery: texRes = 128.0
44.9172 	EXP 	noPeriphery: texRes = 128.0
45.1418 	EXP 	hasPeriphery: texRes = 128.0
45.1418 	EXP 	noPeriphery: texRes = 128.0
45.3607 	EXP 	hasPeriphery: texRes = 128.0
45.3607 	EXP 	noPeriphery: texRes = 128.0
45.3607 	EXP 	blank_screen: autoDraw = True
45.6809 	EXP 	hasPeriphery: texRes = 128.0
45.6809 	EXP 	noPeriphery: texRes = 128.0
45.6809 	EXP 	final: autoDraw = True
45.6809 	EXP 	final: texRes = 128.0
45.9698 	EXP 	hasPeriphery: texRes = 128.0
45.9698 	EXP 	noPeriphery: texRes = 128.0
45.9698 	EXP 	final: texRes = 128.0
45.9698 	EXP 	blank_screen: autoDraw = False
46.2489 	EXP 	hasPeriphery: texRes = 128.0
46.2489 	EXP 	noPeriphery: texRes = 128.0
46.2489 	EXP 	final: texRes = 128.0
46.5524 	EXP 	hasPeriphery: texRes = 128.0
46.5524 	EXP 	noPeriphery: texRes = 128.0
46.5524 	EXP 	final: texRes = 128.0
46.8559 	EXP 	hasPeriphery: texRes = 128.0
46.8559 	EXP 	noPeriphery: texRes = 128.0
46.8559 	EXP 	final: texRes = 128.0
47.1409 	EXP 	hasPeriphery: texRes = 128.0
47.1409 	EXP 	noPeriphery: texRes = 128.0
47.1409 	EXP 	final: texRes = 128.0
47.4491 	EXP 	hasPeriphery: texRes = 128.0
47.4491 	EXP 	noPeriphery: texRes = 128.0
47.4491 	EXP 	final: texRes = 128.0
47.4491 	EXP 	blank_screen: autoDraw = True
47.7696 	EXP 	hasPeriphery: texRes = 128.0
47.7696 	EXP 	noPeriphery: texRes = 128.0
47.7696 	EXP 	final: texRes = 128.0
48.0913 	EXP 	hasPeriphery: texRes = 128.0
48.0913 	EXP 	noPeriphery: texRes = 128.0
48.0913 	EXP 	final: texRes = 128.0
48.0913 	EXP 	blank_screen: autoDraw = False
48.3886 	EXP 	hasPeriphery: texRes = 128.0
48.3886 	EXP 	noPeriphery: texRes = 128.0
48.3886 	EXP 	final: texRes = 128.0
48.6788 	EXP 	hasPeriphery: texRes = 128.0
48.6788 	EXP 	noPeriphery: texRes = 128.0
48.6788 	EXP 	final: texRes = 128.0
48.9563 	EXP 	hasPeriphery: texRes = 128.0
48.9563 	EXP 	noPeriphery: texRes = 128.0
48.9563 	EXP 	final: texRes = 128.0
49.2632 	EXP 	hasPeriphery: texRes = 128.0
49.2632 	EXP 	noPeriphery: texRes = 128.0
49.2632 	EXP 	final: texRes = 128.0
49.5752 	EXP 	hasPeriphery: texRes = 128.0
49.5752 	EXP 	noPeriphery: texRes = 128.0
49.5752 	EXP 	final: texRes = 128.0
49.5752 	EXP 	blank_screen: autoDraw = True
49.9049 	EXP 	hasPeriphery: texRes = 128.0
49.9049 	EXP 	noPeriphery: texRes = 128.0
49.9049 	EXP 	final: texRes = 128.0
50.2091 	EXP 	hasPeriphery: texRes = 128.0
50.2091 	EXP 	noPeriphery: texRes = 128.0
50.2091 	EXP 	final: texRes = 128.0
50.2091 	EXP 	blank_screen: autoDraw = False
50.5109 	EXP 	hasPeriphery: texRes = 128.0
50.5109 	EXP 	noPeriphery: texRes = 128.0
50.5109 	EXP 	final: texRes = 128.0
50.7956 	EXP 	hasPeriphery: texRes = 128.0
50.7956 	EXP 	noPeriphery: texRes = 128.0
50.7956 	EXP 	final: texRes = 128.0
51.0893 	EXP 	hasPeriphery: texRes = 128.0
51.0893 	EXP 	noPeriphery: texRes = 128.0
51.0893 	EXP 	final: texRes = 128.0
51.1959 	EXP 	hasPeriphery: autoDraw = False
51.1959 	EXP 	noPeriphery: autoDraw = False
51.1959 	EXP 	final: texRes = 128.0
51.3098 	EXP 	final: texRes = 128.0
51.4147 	EXP 	final: texRes = 128.0
51.5151 	EXP 	final: texRes = 128.0
51.6091 	EXP 	final: texRes = 128.0
51.7171 	EXP 	final: texRes = 128.0
51.8268 	EXP 	final: texRes = 128.0
51.9273 	EXP 	final: texRes = 128.0
52.0424 	EXP 	final: texRes = 128.0
52.1406 	EXP 	final: texRes = 128.0
52.2480 	EXP 	final: texRes = 128.0
52.3615 	EXP 	final: texRes = 128.0
52.4620 	EXP 	final: texRes = 128.0
52.5864 	EXP 	final: texRes = 128.0
52.6927 	EXP 	final: texRes = 128.0
52.7940 	EXP 	final: texRes = 128.0
52.8651 	EXP 	New trial (rep=0, index=2): {'startImage': 'C:\\Users\\hesselmann\\Desktop\\PsychoPyUniformityIllusion\\UniformityIllusionPsychoPy\\Pics\\2start.png', 'midImage': 'C:\\Users\\hesselmann\\Desktop\\PsychoPyUniformityIllusion\\UniformityIllusionPsychoPy\\Pics\\2a.png', 'endImage': 'C:\\Users\\hesselmann\\Desktop\\PsychoPyUniformityIllusion\\UniformityIllusionPsychoPy\\Pics\\2a.png', 'AB': 'a'}
53.1952 	EXP 	final: texRes = 128.0
53.1952 	EXP 	hasPeriphery: autoDraw = False
53.1952 	EXP 	noPeriphery: autoDraw = False
53.1952 	EXP 	final: autoDraw = False
53.1952 	EXP 	blank_screen: autoDraw = False
53.1952 	EXP 	text: autoDraw = False
53.1952 	EXP 	hasPeriphery: size = array([1.77777778, 1.        ])
53.1952 	EXP 	hasPeriphery: image = 'C:\\Users\\hesselmann\\Desktop\\PsychoPyUniformityIllusion\\UniformityIllusionPsychoPy\\Pics\\2a.png'
53.1952 	EXP 	noPeriphery: size = array([1.77777778, 1.        ])
53.1952 	EXP 	noPeriphery: image = 'C:\\Users\\hesselmann\\Desktop\\PsychoPyUniformityIllusion\\UniformityIllusionPsychoPy\\Pics\\2start.png'
53.1952 	EXP 	final: size = array([1.77777778, 1.        ])
53.1952 	EXP 	final: image = 'C:\\Users\\hesselmann\\Desktop\\PsychoPyUniformityIllusion\\UniformityIllusionPsychoPy\\Pics\\2a.png'
53.1952 	EXP 	hasPeriphery: autoDraw = True
53.1952 	EXP 	hasPeriphery: texRes = 128.0
53.1952 	EXP 	noPeriphery: autoDraw = True
53.1952 	EXP 	noPeriphery: texRes = 128.0
53.1952 	EXP 	text: autoDraw = True
53.3553 	EXP 	hasPeriphery: texRes = 128.0
53.3553 	EXP 	noPeriphery: texRes = 128.0
53.5185 	EXP 	hasPeriphery: texRes = 128.0
53.5185 	EXP 	noPeriphery: texRes = 128.0
53.7040 	EXP 	hasPeriphery: texRes = 128.0
53.7040 	EXP 	noPeriphery: texRes = 128.0
53.8777 	EXP 	hasPeriphery: texRes = 128.0
53.8777 	EXP 	noPeriphery: texRes = 128.0
54.0615 	EXP 	hasPeriphery: texRes = 128.0
54.0615 	EXP 	noPeriphery: texRes = 128.0
54.2601 	EXP 	hasPeriphery: texRes = 128.0
54.2601 	EXP 	noPeriphery: texRes = 128.0
54.4447 	EXP 	hasPeriphery: texRes = 128.0
54.4447 	EXP 	noPeriphery: texRes = 128.0
54.6253 	EXP 	hasPeriphery: texRes = 128.0
54.6253 	EXP 	noPeriphery: texRes = 128.0
54.8019 	EXP 	hasPeriphery: texRes = 128.0
54.8019 	EXP 	noPeriphery: texRes = 128.0
54.9838 	EXP 	hasPeriphery: texRes = 128.0
54.9838 	EXP 	noPeriphery: texRes = 128.0
55.1731 	EXP 	hasPeriphery: texRes = 128.0
55.1731 	EXP 	noPeriphery: texRes = 128.0
55.3552 	EXP 	hasPeriphery: texRes = 128.0
55.3552 	EXP 	noPeriphery: texRes = 128.0
55.5234 	EXP 	hasPeriphery: texRes = 128.0
55.5234 	EXP 	noPeriphery: texRes = 128.0
55.7077 	EXP 	hasPeriphery: texRes = 128.0
55.7077 	EXP 	noPeriphery: texRes = 128.0
55.8773 	EXP 	hasPeriphery: texRes = 128.0
55.8773 	EXP 	noPeriphery: texRes = 128.0
56.0626 	EXP 	hasPeriphery: texRes = 128.0
56.0626 	EXP 	noPeriphery: texRes = 128.0
56.2353 	EXP 	hasPeriphery: texRes = 128.0
56.2353 	EXP 	noPeriphery: texRes = 128.0
56.3948 	EXP 	hasPeriphery: texRes = 128.0
56.3948 	EXP 	noPeriphery: texRes = 128.0
56.5552 	EXP 	hasPeriphery: texRes = 128.0
56.5552 	EXP 	noPeriphery: texRes = 128.0
56.7198 	EXP 	hasPeriphery: texRes = 128.0
56.7198 	EXP 	noPeriphery: texRes = 128.0
56.9024 	EXP 	hasPeriphery: texRes = 128.0
56.9024 	EXP 	noPeriphery: texRes = 128.0
56.9024 	EXP 	blank_screen: autoDraw = True
57.1714 	EXP 	hasPeriphery: texRes = 128.0
57.1714 	EXP 	noPeriphery: texRes = 128.0
57.1714 	EXP 	final: autoDraw = True
57.1714 	EXP 	final: texRes = 128.0
57.4431 	EXP 	hasPeriphery: texRes = 128.0
57.4431 	EXP 	noPeriphery: texRes = 128.0
57.4431 	EXP 	final: texRes = 128.0
57.4431 	EXP 	blank_screen: autoDraw = False
57.7053 	EXP 	hasPeriphery: texRes = 128.0
57.7053 	EXP 	noPeriphery: texRes = 128.0
57.7053 	EXP 	final: texRes = 128.0
57.9602 	EXP 	hasPeriphery: texRes = 128.0
57.9602 	EXP 	noPeriphery: texRes = 128.0
57.9602 	EXP 	final: texRes = 128.0
58.2234 	EXP 	hasPeriphery: texRes = 128.0
58.2234 	EXP 	noPeriphery: texRes = 128.0
58.2234 	EXP 	final: texRes = 128.0
58.4613 	EXP 	hasPeriphery: texRes = 128.0
58.4613 	EXP 	noPeriphery: texRes = 128.0
58.4613 	EXP 	final: texRes = 128.0
58.7246 	EXP 	hasPeriphery: texRes = 128.0
58.7246 	EXP 	noPeriphery: texRes = 128.0
58.7246 	EXP 	final: texRes = 128.0
58.7246 	EXP 	blank_screen: autoDraw = True
59.0162 	EXP 	hasPeriphery: texRes = 128.0
59.0162 	EXP 	noPeriphery: texRes = 128.0
59.0162 	EXP 	final: texRes = 128.0
59.2925 	EXP 	hasPeriphery: texRes = 128.0
59.2925 	EXP 	noPeriphery: texRes = 128.0
59.2925 	EXP 	final: texRes = 128.0
59.2925 	EXP 	blank_screen: autoDraw = False
59.5574 	EXP 	hasPeriphery: texRes = 128.0
59.5574 	EXP 	noPeriphery: texRes = 128.0
59.5574 	EXP 	final: texRes = 128.0
59.7992 	EXP 	hasPeriphery: texRes = 128.0
59.7992 	EXP 	noPeriphery: texRes = 128.0
59.7992 	EXP 	final: texRes = 128.0
60.0481 	EXP 	hasPeriphery: texRes = 128.0
60.0481 	EXP 	noPeriphery: texRes = 128.0
60.0481 	EXP 	final: texRes = 128.0
60.3045 	EXP 	hasPeriphery: texRes = 128.0
60.3045 	EXP 	noPeriphery: texRes = 128.0
60.3045 	EXP 	final: texRes = 128.0
60.5750 	EXP 	hasPeriphery: texRes = 128.0
60.5750 	EXP 	noPeriphery: texRes = 128.0
60.5750 	EXP 	final: texRes = 128.0
60.5750 	EXP 	blank_screen: autoDraw = True
60.8483 	EXP 	hasPeriphery: texRes = 128.0
60.8483 	EXP 	noPeriphery: texRes = 128.0
60.8483 	EXP 	final: texRes = 128.0
61.1289 	EXP 	hasPeriphery: texRes = 128.0
61.1289 	EXP 	noPeriphery: texRes = 128.0
61.1289 	EXP 	final: texRes = 128.0
61.1289 	EXP 	blank_screen: autoDraw = False
61.3710 	EXP 	hasPeriphery: texRes = 128.0
61.3710 	EXP 	noPeriphery: texRes = 128.0
61.3710 	EXP 	final: texRes = 128.0
61.6348 	EXP 	hasPeriphery: texRes = 128.0
61.6348 	EXP 	noPeriphery: texRes = 128.0
61.6348 	EXP 	final: texRes = 128.0
61.8668 	EXP 	hasPeriphery: texRes = 128.0
61.8668 	EXP 	noPeriphery: texRes = 128.0
61.8668 	EXP 	final: texRes = 128.0
62.1288 	EXP 	hasPeriphery: texRes = 128.0
62.1288 	EXP 	noPeriphery: texRes = 128.0
62.1288 	EXP 	final: texRes = 128.0
62.4102 	EXP 	hasPeriphery: texRes = 128.0
62.4102 	EXP 	noPeriphery: texRes = 128.0
62.4102 	EXP 	final: texRes = 128.0
62.4102 	EXP 	blank_screen: autoDraw = True
62.6948 	EXP 	hasPeriphery: texRes = 128.0
62.6948 	EXP 	noPeriphery: texRes = 128.0
62.6948 	EXP 	final: texRes = 128.0
62.9713 	EXP 	hasPeriphery: texRes = 128.0
62.9713 	EXP 	noPeriphery: texRes = 128.0
62.9713 	EXP 	final: texRes = 128.0
62.9713 	EXP 	blank_screen: autoDraw = False
63.2353 	EXP 	hasPeriphery: texRes = 128.0
63.2353 	EXP 	noPeriphery: texRes = 128.0
63.2353 	EXP 	final: texRes = 128.0
63.3355 	EXP 	hasPeriphery: autoDraw = False
63.3355 	EXP 	noPeriphery: autoDraw = False
63.3355 	EXP 	final: texRes = 128.0
63.4233 	EXP 	final: texRes = 128.0
63.5183 	EXP 	final: texRes = 128.0
63.6237 	EXP 	final: texRes = 128.0
63.7151 	EXP 	final: texRes = 128.0
63.8219 	EXP 	final: texRes = 128.0
63.9162 	EXP 	final: texRes = 128.0
64.0218 	EXP 	final: texRes = 128.0
64.1154 	EXP 	final: texRes = 128.0
64.2143 	EXP 	final: texRes = 128.0
64.3036 	EXP 	final: texRes = 128.0
64.3954 	EXP 	final: texRes = 128.0
64.4916 	EXP 	final: texRes = 128.0
64.5844 	EXP 	final: texRes = 128.0
64.6826 	EXP 	final: texRes = 128.0
64.7720 	EXP 	final: texRes = 128.0
64.8619 	EXP 	final: texRes = 128.0
64.9553 	EXP 	final: texRes = 128.0
65.0620 	EXP 	final: texRes = 128.0
65.1199 	EXP 	New trial (rep=0, index=3): {'startImage': 'C:\\Users\\hesselmann\\Desktop\\PsychoPyUniformityIllusion\\UniformityIllusionPsychoPy\\Pics\\2start.png', 'midImage': 'C:\\Users\\hesselmann\\Desktop\\PsychoPyUniformityIllusion\\UniformityIllusionPsychoPy\\Pics\\2a.png', 'endImage': 'C:\\Users\\hesselmann\\Desktop\\PsychoPyUniformityIllusion\\UniformityIllusionPsychoPy\\Pics\\2b.png', 'AB': 'b'}
65.4435 	EXP 	final: texRes = 128.0
65.4435 	EXP 	hasPeriphery: autoDraw = False
65.4435 	EXP 	noPeriphery: autoDraw = False
65.4435 	EXP 	final: autoDraw = False
65.4435 	EXP 	blank_screen: autoDraw = False
65.4435 	EXP 	text: autoDraw = False
65.4435 	EXP 	hasPeriphery: size = array([1.77777778, 1.        ])
65.4435 	EXP 	hasPeriphery: image = 'C:\\Users\\hesselmann\\Desktop\\PsychoPyUniformityIllusion\\UniformityIllusionPsychoPy\\Pics\\2a.png'
65.4435 	EXP 	noPeriphery: size = array([1.77777778, 1.        ])
65.4435 	EXP 	noPeriphery: image = 'C:\\Users\\hesselmann\\Desktop\\PsychoPyUniformityIllusion\\UniformityIllusionPsychoPy\\Pics\\2start.png'
65.4435 	EXP 	final: size = array([1.77777778, 1.        ])
65.4435 	EXP 	final: image = 'C:\\Users\\hesselmann\\Desktop\\PsychoPyUniformityIllusion\\UniformityIllusionPsychoPy\\Pics\\2b.png'
65.4435 	EXP 	hasPeriphery: autoDraw = True
65.4435 	EXP 	hasPeriphery: texRes = 128.0
65.4435 	EXP 	noPeriphery: autoDraw = True
65.4435 	EXP 	noPeriphery: texRes = 128.0
65.4435 	EXP 	text: autoDraw = True
65.6161 	EXP 	hasPeriphery: texRes = 128.0
65.6161 	EXP 	noPeriphery: texRes = 128.0
65.7905 	EXP 	hasPeriphery: texRes = 128.0
65.7905 	EXP 	noPeriphery: texRes = 128.0
65.9713 	EXP 	hasPeriphery: texRes = 128.0
65.9713 	EXP 	noPeriphery: texRes = 128.0
66.1496 	EXP 	hasPeriphery: texRes = 128.0
66.1496 	EXP 	noPeriphery: texRes = 128.0
66.3282 	EXP 	hasPeriphery: texRes = 128.0
66.3282 	EXP 	noPeriphery: texRes = 128.0
66.5165 	EXP 	hasPeriphery: texRes = 128.0
66.5165 	EXP 	noPeriphery: texRes = 128.0
66.7069 	EXP 	hasPeriphery: texRes = 128.0
66.7069 	EXP 	noPeriphery: texRes = 128.0
66.8794 	EXP 	hasPeriphery: texRes = 128.0
66.8794 	EXP 	noPeriphery: texRes = 128.0
67.0558 	EXP 	hasPeriphery: texRes = 128.0
67.0558 	EXP 	noPeriphery: texRes = 128.0
67.2278 	EXP 	hasPeriphery: texRes = 128.0
67.2278 	EXP 	noPeriphery: texRes = 128.0
67.3912 	EXP 	hasPeriphery: texRes = 128.0
67.3912 	EXP 	noPeriphery: texRes = 128.0
67.5832 	EXP 	hasPeriphery: texRes = 128.0
67.5832 	EXP 	noPeriphery: texRes = 128.0
67.7567 	EXP 	hasPeriphery: texRes = 128.0
67.7567 	EXP 	noPeriphery: texRes = 128.0
67.9325 	EXP 	hasPeriphery: texRes = 128.0
67.9325 	EXP 	noPeriphery: texRes = 128.0
68.1110 	EXP 	hasPeriphery: texRes = 128.0
68.1110 	EXP 	noPeriphery: texRes = 128.0
68.2833 	EXP 	hasPeriphery: texRes = 128.0
68.2833 	EXP 	noPeriphery: texRes = 128.0
68.4655 	EXP 	hasPeriphery: texRes = 128.0
68.4655 	EXP 	noPeriphery: texRes = 128.0
68.6222 	EXP 	hasPeriphery: texRes = 128.0
68.6222 	EXP 	noPeriphery: texRes = 128.0
68.7963 	EXP 	hasPeriphery: texRes = 128.0
68.7963 	EXP 	noPeriphery: texRes = 128.0
68.9726 	EXP 	hasPeriphery: texRes = 128.0
68.9726 	EXP 	noPeriphery: texRes = 128.0
69.1450 	EXP 	hasPeriphery: texRes = 128.0
69.1450 	EXP 	noPeriphery: texRes = 128.0
69.1450 	EXP 	blank_screen: autoDraw = True
69.3914 	EXP 	hasPeriphery: texRes = 128.0
69.3914 	EXP 	noPeriphery: texRes = 128.0
69.3914 	EXP 	final: autoDraw = True
69.3914 	EXP 	final: texRes = 128.0
69.6277 	EXP 	hasPeriphery: texRes = 128.0
69.6277 	EXP 	noPeriphery: texRes = 128.0
69.6277 	EXP 	final: texRes = 128.0
69.6277 	EXP 	blank_screen: autoDraw = False
69.8868 	EXP 	hasPeriphery: texRes = 128.0
69.8868 	EXP 	noPeriphery: texRes = 128.0
69.8868 	EXP 	final: texRes = 128.0
70.1224 	EXP 	hasPeriphery: texRes = 128.0
70.1224 	EXP 	noPeriphery: texRes = 128.0
70.1224 	EXP 	final: texRes = 128.0
70.3556 	EXP 	hasPeriphery: texRes = 128.0
70.3556 	EXP 	noPeriphery: texRes = 128.0
70.3556 	EXP 	final: texRes = 128.0
70.5964 	EXP 	hasPeriphery: texRes = 128.0
70.5964 	EXP 	noPeriphery: texRes = 128.0
70.5964 	EXP 	final: texRes = 128.0
70.8442 	EXP 	hasPeriphery: texRes = 128.0
70.8442 	EXP 	noPeriphery: texRes = 128.0
70.8442 	EXP 	final: texRes = 128.0
70.8442 	EXP 	blank_screen: autoDraw = True
71.1126 	EXP 	hasPeriphery: texRes = 128.0
71.1126 	EXP 	noPeriphery: texRes = 128.0
71.1126 	EXP 	final: texRes = 128.0
71.3715 	EXP 	hasPeriphery: texRes = 128.0
71.3715 	EXP 	noPeriphery: texRes = 128.0
71.3715 	EXP 	final: texRes = 128.0
71.3715 	EXP 	blank_screen: autoDraw = False
71.6108 	EXP 	hasPeriphery: texRes = 128.0
71.6108 	EXP 	noPeriphery: texRes = 128.0
71.6108 	EXP 	final: texRes = 128.0
71.8452 	EXP 	hasPeriphery: texRes = 128.0
71.8452 	EXP 	noPeriphery: texRes = 128.0
71.8452 	EXP 	final: texRes = 128.0
72.0763 	EXP 	hasPeriphery: texRes = 128.0
72.0763 	EXP 	noPeriphery: texRes = 128.0
72.0763 	EXP 	final: texRes = 128.0
72.3161 	EXP 	hasPeriphery: texRes = 128.0
72.3161 	EXP 	noPeriphery: texRes = 128.0
72.3161 	EXP 	final: texRes = 128.0
72.5577 	EXP 	hasPeriphery: texRes = 128.0
72.5577 	EXP 	noPeriphery: texRes = 128.0
72.5577 	EXP 	final: texRes = 128.0
72.5577 	EXP 	blank_screen: autoDraw = True
72.8249 	EXP 	hasPeriphery: texRes = 128.0
72.8249 	EXP 	noPeriphery: texRes = 128.0
72.8249 	EXP 	final: texRes = 128.0
73.0675 	EXP 	hasPeriphery: texRes = 128.0
73.0675 	EXP 	noPeriphery: texRes = 128.0
73.0675 	EXP 	final: texRes = 128.0
73.0675 	EXP 	blank_screen: autoDraw = False
73.3168 	EXP 	hasPeriphery: texRes = 128.0
73.3168 	EXP 	noPeriphery: texRes = 128.0
73.3168 	EXP 	final: texRes = 128.0
73.5405 	EXP 	hasPeriphery: texRes = 128.0
73.5405 	EXP 	noPeriphery: texRes = 128.0
73.5405 	EXP 	final: texRes = 128.0
73.7961 	EXP 	hasPeriphery: texRes = 128.0
73.7961 	EXP 	noPeriphery: texRes = 128.0
73.7961 	EXP 	final: texRes = 128.0
74.0502 	EXP 	hasPeriphery: texRes = 128.0
74.0502 	EXP 	noPeriphery: texRes = 128.0
74.0502 	EXP 	final: texRes = 128.0
74.2925 	EXP 	hasPeriphery: texRes = 128.0
74.2925 	EXP 	noPeriphery: texRes = 128.0
74.2925 	EXP 	final: texRes = 128.0
74.2925 	EXP 	blank_screen: autoDraw = True
74.5116 	EXP 	hasPeriphery: texRes = 128.0
74.5116 	EXP 	noPeriphery: texRes = 128.0
74.5116 	EXP 	final: texRes = 128.0
74.7564 	EXP 	hasPeriphery: texRes = 128.0
74.7564 	EXP 	noPeriphery: texRes = 128.0
74.7564 	EXP 	final: texRes = 128.0
74.7564 	EXP 	blank_screen: autoDraw = False
74.9984 	EXP 	hasPeriphery: texRes = 128.0
74.9984 	EXP 	noPeriphery: texRes = 128.0
74.9984 	EXP 	final: texRes = 128.0
75.2282 	EXP 	hasPeriphery: texRes = 128.0
75.2282 	EXP 	noPeriphery: texRes = 128.0
75.2282 	EXP 	final: texRes = 128.0
75.4564 	EXP 	hasPeriphery: texRes = 128.0
75.4564 	EXP 	noPeriphery: texRes = 128.0
75.4564 	EXP 	final: texRes = 128.0
75.5583 	EXP 	hasPeriphery: autoDraw = False
75.5583 	EXP 	noPeriphery: autoDraw = False
75.5583 	EXP 	final: texRes = 128.0
75.6116 	EXP 	New trial (rep=0, index=4): {'startImage': 'C:\\Users\\hesselmann\\Desktop\\PsychoPyUniformityIllusion\\UniformityIllusionPsychoPy\\Pics\\1start.png', 'midImage': 'C:\\Users\\hesselmann\\Desktop\\PsychoPyUniformityIllusion\\UniformityIllusionPsychoPy\\Pics\\1a.png', 'endImage': 'C:\\Users\\hesselmann\\Desktop\\PsychoPyUniformityIllusion\\UniformityIllusionPsychoPy\\Pics\\1b.png', 'AB': 'b'}
75.8987 	EXP 	New trial (rep=0, index=5): {'startImage': 'C:\\Users\\hesselmann\\Desktop\\PsychoPyUniformityIllusion\\UniformityIllusionPsychoPy\\Pics\\3start.png', 'midImage': 'C:\\Users\\hesselmann\\Desktop\\PsychoPyUniformityIllusion\\UniformityIllusionPsychoPy\\Pics\\3a.png', 'endImage': 'C:\\Users\\hesselmann\\Desktop\\PsychoPyUniformityIllusion\\UniformityIllusionPsychoPy\\Pics\\3a.png', 'AB': 'a'}
76.1851 	EXP 	final: texRes = 128.0
76.1851 	EXP 	hasPeriphery: autoDraw = False
76.1851 	EXP 	noPeriphery: autoDraw = False
76.1851 	EXP 	final: autoDraw = False
76.1851 	EXP 	blank_screen: autoDraw = False
76.1851 	EXP 	text: autoDraw = False
76.1851 	EXP 	hasPeriphery: size = array([1.77777778, 1.        ])
76.1851 	EXP 	hasPeriphery: image = 'C:\\Users\\hesselmann\\Desktop\\PsychoPyUniformityIllusion\\UniformityIllusionPsychoPy\\Pics\\1a.png'
76.1851 	EXP 	noPeriphery: size = array([1.77777778, 1.        ])
76.1851 	EXP 	noPeriphery: image = 'C:\\Users\\hesselmann\\Desktop\\PsychoPyUniformityIllusion\\UniformityIllusionPsychoPy\\Pics\\1start.png'
76.1851 	EXP 	final: size = array([1.77777778, 1.        ])
76.1851 	EXP 	final: image = 'C:\\Users\\hesselmann\\Desktop\\PsychoPyUniformityIllusion\\UniformityIllusionPsychoPy\\Pics\\1b.png'
76.1851 	EXP 	hasPeriphery: autoDraw = True
76.1851 	EXP 	hasPeriphery: texRes = 128.0
76.1851 	EXP 	noPeriphery: autoDraw = True
76.1851 	EXP 	noPeriphery: texRes = 128.0
76.1851 	EXP 	text: autoDraw = True
76.1851 	EXP 	hasPeriphery: autoDraw = False
76.1851 	EXP 	noPeriphery: autoDraw = False
76.1851 	EXP 	final: autoDraw = False
76.1851 	EXP 	blank_screen: autoDraw = False
76.1851 	EXP 	text: autoDraw = False
76.1851 	EXP 	hasPeriphery: size = array([1.77777778, 1.        ])
76.1851 	EXP 	hasPeriphery: image = 'C:\\Users\\hesselmann\\Desktop\\PsychoPyUniformityIllusion\\UniformityIllusionPsychoPy\\Pics\\3a.png'
76.1851 	EXP 	noPeriphery: size = array([1.77777778, 1.        ])
76.1851 	EXP 	noPeriphery: image = 'C:\\Users\\hesselmann\\Desktop\\PsychoPyUniformityIllusion\\UniformityIllusionPsychoPy\\Pics\\3start.png'
76.1851 	EXP 	final: size = array([1.77777778, 1.        ])
76.1851 	EXP 	final: image = 'C:\\Users\\hesselmann\\Desktop\\PsychoPyUniformityIllusion\\UniformityIllusionPsychoPy\\Pics\\3a.png'
76.1851 	EXP 	hasPeriphery: autoDraw = True
76.1851 	EXP 	hasPeriphery: texRes = 128.0
76.1851 	EXP 	noPeriphery: autoDraw = True
76.1851 	EXP 	noPeriphery: texRes = 128.0
76.1851 	EXP 	text: autoDraw = True
76.3341 	EXP 	hasPeriphery: texRes = 128.0
76.3341 	EXP 	noPeriphery: texRes = 128.0
76.5118 	EXP 	hasPeriphery: texRes = 128.0
76.5118 	EXP 	noPeriphery: texRes = 128.0
76.6964 	EXP 	hasPeriphery: texRes = 128.0
76.6964 	EXP 	noPeriphery: texRes = 128.0
76.8898 	EXP 	hasPeriphery: texRes = 128.0
76.8898 	EXP 	noPeriphery: texRes = 128.0
77.0779 	EXP 	hasPeriphery: texRes = 128.0
77.0779 	EXP 	noPeriphery: texRes = 128.0
77.2502 	EXP 	hasPeriphery: texRes = 128.0
77.2502 	EXP 	noPeriphery: texRes = 128.0
77.4402 	EXP 	hasPeriphery: texRes = 128.0
77.4402 	EXP 	noPeriphery: texRes = 128.0
77.6135 	EXP 	hasPeriphery: texRes = 128.0
77.6135 	EXP 	noPeriphery: texRes = 128.0
77.8002 	EXP 	hasPeriphery: texRes = 128.0
77.8002 	EXP 	noPeriphery: texRes = 128.0
77.9728 	EXP 	hasPeriphery: texRes = 128.0
77.9728 	EXP 	noPeriphery: texRes = 128.0
78.1462 	EXP 	hasPeriphery: texRes = 128.0
78.1462 	EXP 	noPeriphery: texRes = 128.0
78.3164 	EXP 	hasPeriphery: texRes = 128.0
78.3164 	EXP 	noPeriphery: texRes = 128.0
78.4893 	EXP 	hasPeriphery: texRes = 128.0
78.4893 	EXP 	noPeriphery: texRes = 128.0
78.6426 	EXP 	hasPeriphery: texRes = 128.0
78.6426 	EXP 	noPeriphery: texRes = 128.0
78.8232 	EXP 	hasPeriphery: texRes = 128.0
78.8232 	EXP 	noPeriphery: texRes = 128.0
79.0000 	EXP 	hasPeriphery: texRes = 128.0
79.0000 	EXP 	noPeriphery: texRes = 128.0
79.1725 	EXP 	hasPeriphery: texRes = 128.0
79.1725 	EXP 	noPeriphery: texRes = 128.0
79.3484 	EXP 	hasPeriphery: texRes = 128.0
79.3484 	EXP 	noPeriphery: texRes = 128.0
79.5043 	EXP 	hasPeriphery: texRes = 128.0
79.5043 	EXP 	noPeriphery: texRes = 128.0
79.6812 	EXP 	hasPeriphery: texRes = 128.0
79.6812 	EXP 	noPeriphery: texRes = 128.0
79.8608 	EXP 	hasPeriphery: texRes = 128.0
79.8608 	EXP 	noPeriphery: texRes = 128.0
80.0384 	EXP 	hasPeriphery: texRes = 128.0
80.0384 	EXP 	noPeriphery: texRes = 128.0
80.2049 	EXP 	hasPeriphery: texRes = 128.0
80.2049 	EXP 	noPeriphery: texRes = 128.0
80.3989 	EXP 	hasPeriphery: texRes = 128.0
80.3989 	EXP 	noPeriphery: texRes = 128.0
80.5844 	EXP 	hasPeriphery: texRes = 128.0
80.5844 	EXP 	noPeriphery: texRes = 128.0
80.7567 	EXP 	hasPeriphery: texRes = 128.0
80.7567 	EXP 	noPeriphery: texRes = 128.0
80.9320 	EXP 	hasPeriphery: texRes = 128.0
80.9320 	EXP 	noPeriphery: texRes = 128.0
81.1082 	EXP 	hasPeriphery: texRes = 128.0
81.1082 	EXP 	noPeriphery: texRes = 128.0
81.2502 	DATA 	Keypress: space
81.2909 	EXP 	hasPeriphery: texRes = 128.0
81.2909 	EXP 	noPeriphery: texRes = 128.0
81.4243 	EXP 	hasPeriphery: texRes = 128.0
81.4243 	EXP 	noPeriphery: texRes = 128.0
81.4243 	EXP 	hasPeriphery: autoDraw = False
81.4243 	EXP 	noPeriphery: autoDraw = False
81.4243 	EXP 	final: autoDraw = False
81.4243 	EXP 	blank_screen: autoDraw = False
81.4243 	EXP 	text: autoDraw = False
81.4243 	EXP 	WelcomeText: autoDraw = True
83.4344 	EXP 	Imported picPaths.xlsx as conditions, 24 conditions, 4 params
83.4349 	EXP 	Created sequence: random, trialTypes=24, nReps=1, seed=None
83.4354 	EXP 	New trial (rep=0, index=0): {'startImage': 'C:\\Users\\hesselmann\\Desktop\\PsychoPyUniformityIllusion\\UniformityIllusionPsychoPy\\Pics\\6start.png', 'midImage': 'C:\\Users\\hesselmann\\Desktop\\PsychoPyUniformityIllusion\\UniformityIllusionPsychoPy\\Pics\\6a.png', 'endImage': 'C:\\Users\\hesselmann\\Desktop\\PsychoPyUniformityIllusion\\UniformityIllusionPsychoPy\\Pics\\6b.png', 'AB': 'b'}
83.8121 	EXP 	WelcomeText: autoDraw = False
83.8121 	EXP 	hasPeriphery: size = array([1.77777778, 1.        ])
83.8121 	EXP 	hasPeriphery: image = 'C:\\Users\\hesselmann\\Desktop\\PsychoPyUniformityIllusion\\UniformityIllusionPsychoPy\\Pics\\6a.png'
83.8121 	EXP 	noPeriphery: size = array([1.77777778, 1.        ])
83.8121 	EXP 	noPeriphery: image = 'C:\\Users\\hesselmann\\Desktop\\PsychoPyUniformityIllusion\\UniformityIllusionPsychoPy\\Pics\\6start.png'
83.8121 	EXP 	final: size = array([1.77777778, 1.        ])
83.8121 	EXP 	final: image = 'C:\\Users\\hesselmann\\Desktop\\PsychoPyUniformityIllusion\\UniformityIllusionPsychoPy\\Pics\\6b.png'
83.8121 	EXP 	hasPeriphery: autoDraw = True
83.8121 	EXP 	hasPeriphery: texRes = 128.0
83.8121 	EXP 	noPeriphery: autoDraw = True
83.8121 	EXP 	noPeriphery: texRes = 128.0
83.8121 	EXP 	text: autoDraw = True
84.0026 	EXP 	hasPeriphery: texRes = 128.0
84.0026 	EXP 	noPeriphery: texRes = 128.0
84.1998 	EXP 	hasPeriphery: texRes = 128.0
84.1998 	EXP 	noPeriphery: texRes = 128.0
84.3983 	EXP 	hasPeriphery: texRes = 128.0
84.3983 	EXP 	noPeriphery: texRes = 128.0
84.6001 	EXP 	hasPeriphery: texRes = 128.0
84.6001 	EXP 	noPeriphery: texRes = 128.0
84.7904 	EXP 	hasPeriphery: texRes = 128.0
84.7904 	EXP 	noPeriphery: texRes = 128.0
84.9936 	EXP 	hasPeriphery: texRes = 128.0
84.9936 	EXP 	noPeriphery: texRes = 128.0
85.1903 	EXP 	hasPeriphery: texRes = 128.0
85.1903 	EXP 	noPeriphery: texRes = 128.0
85.3963 	EXP 	hasPeriphery: texRes = 128.0
85.3963 	EXP 	noPeriphery: texRes = 128.0
85.5960 	EXP 	hasPeriphery: texRes = 128.0
85.5960 	EXP 	noPeriphery: texRes = 128.0
85.7984 	EXP 	hasPeriphery: texRes = 128.0
85.7984 	EXP 	noPeriphery: texRes = 128.0
86.0039 	EXP 	hasPeriphery: texRes = 128.0
86.0039 	EXP 	noPeriphery: texRes = 128.0
86.1962 	EXP 	hasPeriphery: texRes = 128.0
86.1962 	EXP 	noPeriphery: texRes = 128.0
86.4024 	EXP 	hasPeriphery: texRes = 128.0
86.4024 	EXP 	noPeriphery: texRes = 128.0
86.5987 	EXP 	hasPeriphery: texRes = 128.0
86.5987 	EXP 	noPeriphery: texRes = 128.0
86.7846 	EXP 	hasPeriphery: texRes = 128.0
86.7846 	EXP 	noPeriphery: texRes = 128.0
86.9906 	EXP 	hasPeriphery: texRes = 128.0
86.9906 	EXP 	noPeriphery: texRes = 128.0
87.1776 	EXP 	hasPeriphery: texRes = 128.0
87.1776 	EXP 	noPeriphery: texRes = 128.0
87.3735 	EXP 	hasPeriphery: texRes = 128.0
87.3735 	EXP 	noPeriphery: texRes = 128.0
87.5580 	EXP 	hasPeriphery: texRes = 128.0
87.5580 	EXP 	noPeriphery: texRes = 128.0
87.7301 	EXP 	hasPeriphery: texRes = 128.0
87.7301 	EXP 	noPeriphery: texRes = 128.0
87.9095 	EXP 	hasPeriphery: texRes = 128.0
87.9095 	EXP 	noPeriphery: texRes = 128.0
88.0977 	EXP 	hasPeriphery: texRes = 128.0
88.0977 	EXP 	noPeriphery: texRes = 128.0
88.2988 	EXP 	hasPeriphery: texRes = 128.0
88.2988 	EXP 	noPeriphery: texRes = 128.0
88.4808 	EXP 	hasPeriphery: texRes = 128.0
88.4808 	EXP 	noPeriphery: texRes = 128.0
88.6786 	EXP 	hasPeriphery: texRes = 128.0
88.6786 	EXP 	noPeriphery: texRes = 128.0
88.7996 	EXP 	New trial (rep=0, index=1): {'startImage': 'C:\\Users\\hesselmann\\Desktop\\PsychoPyUniformityIllusion\\UniformityIllusionPsychoPy\\Pics\\11start.png', 'midImage': 'C:\\Users\\hesselmann\\Desktop\\PsychoPyUniformityIllusion\\UniformityIllusionPsychoPy\\Pics\\11a.png', 'endImage': 'C:\\Users\\hesselmann\\Desktop\\PsychoPyUniformityIllusion\\UniformityIllusionPsychoPy\\Pics\\11b.png', 'AB': None}
89.1573 	DATA 	Keypress: space
89.2070 	EXP 	hasPeriphery: texRes = 128.0
89.2070 	EXP 	noPeriphery: texRes = 128.0
89.2070 	EXP 	hasPeriphery: autoDraw = False
89.2070 	EXP 	noPeriphery: autoDraw = False
89.2070 	EXP 	final: autoDraw = False
89.2070 	EXP 	blank_screen: autoDraw = False
89.2070 	EXP 	text: autoDraw = False
89.2070 	EXP 	hasPeriphery: size = array([1.77777778, 1.        ])
89.2070 	EXP 	hasPeriphery: image = 'C:\\Users\\hesselmann\\Desktop\\PsychoPyUniformityIllusion\\UniformityIllusionPsychoPy\\Pics\\11a.png'
89.2070 	EXP 	noPeriphery: size = array([1.77777778, 1.        ])
89.2070 	EXP 	noPeriphery: image = 'C:\\Users\\hesselmann\\Desktop\\PsychoPyUniformityIllusion\\UniformityIllusionPsychoPy\\Pics\\11start.png'
89.2070 	EXP 	final: size = array([1.77777778, 1.        ])
89.2070 	EXP 	final: image = 'C:\\Users\\hesselmann\\Desktop\\PsychoPyUniformityIllusion\\UniformityIllusionPsychoPy\\Pics\\11b.png'
89.2070 	EXP 	hasPeriphery: autoDraw = True
89.2070 	EXP 	hasPeriphery: texRes = 128.0
89.2070 	EXP 	noPeriphery: autoDraw = True
89.2070 	EXP 	noPeriphery: texRes = 128.0
89.2070 	EXP 	text: autoDraw = True
89.4066 	EXP 	hasPeriphery: texRes = 128.0
89.4066 	EXP 	noPeriphery: texRes = 128.0
89.6271 	EXP 	hasPeriphery: texRes = 128.0
89.6271 	EXP 	noPeriphery: texRes = 128.0
89.8730 	EXP 	hasPeriphery: texRes = 128.0
89.8730 	EXP 	noPeriphery: texRes = 128.0
90.1049 	EXP 	hasPeriphery: texRes = 128.0
90.1049 	EXP 	noPeriphery: texRes = 128.0
90.3403 	EXP 	hasPeriphery: texRes = 128.0
90.3403 	EXP 	noPeriphery: texRes = 128.0
90.4946 	EXP 	New trial (rep=0, index=2): {'startImage': 'C:\\Users\\hesselmann\\Desktop\\PsychoPyUniformityIllusion\\UniformityIllusionPsychoPy\\Pics\\8start.png', 'midImage': 'C:\\Users\\hesselmann\\Desktop\\PsychoPyUniformityIllusion\\UniformityIllusionPsychoPy\\Pics\\8a.png', 'endImage': 'C:\\Users\\hesselmann\\Desktop\\PsychoPyUniformityIllusion\\UniformityIllusionPsychoPy\\Pics\\8b.png', 'AB': None}
90.7437 	EXP 	New trial (rep=0, index=3): {'startImage': 'C:\\Users\\hesselmann\\Desktop\\PsychoPyUniformityIllusion\\UniformityIllusionPsychoPy\\Pics\\14start.png', 'midImage': 'C:\\Users\\hesselmann\\Desktop\\PsychoPyUniformityIllusion\\UniformityIllusionPsychoPy\\Pics\\14a.png', 'endImage': 'C:\\Users\\hesselmann\\Desktop\\PsychoPyUniformityIllusion\\UniformityIllusionPsychoPy\\Pics\\14a.png', 'AB': None}
91.0399 	EXP 	New trial (rep=0, index=4): {'startImage': 'C:\\Users\\hesselmann\\Desktop\\PsychoPyUniformityIllusion\\UniformityIllusionPsychoPy\\Pics\\6start.png', 'midImage': 'C:\\Users\\hesselmann\\Desktop\\PsychoPyUniformityIllusion\\UniformityIllusionPsychoPy\\Pics\\6a.png', 'endImage': 'C:\\Users\\hesselmann\\Desktop\\PsychoPyUniformityIllusion\\UniformityIllusionPsychoPy\\Pics\\6a.png', 'AB': 'a'}
91.2997 	EXP 	New trial (rep=0, index=5): {'startImage': 'C:\\Users\\hesselmann\\Desktop\\PsychoPyUniformityIllusion\\UniformityIllusionPsychoPy\\Pics\\10start.png', 'midImage': 'C:\\Users\\hesselmann\\Desktop\\PsychoPyUniformityIllusion\\UniformityIllusionPsychoPy\\Pics\\10a.png', 'endImage': 'C:\\Users\\hesselmann\\Desktop\\PsychoPyUniformityIllusion\\UniformityIllusionPsychoPy\\Pics\\10b.png', 'AB': None}
91.5948 	EXP 	New trial (rep=0, index=6): {'startImage': 'C:\\Users\\hesselmann\\Desktop\\PsychoPyUniformityIllusion\\UniformityIllusionPsychoPy\\Pics\\4start.png', 'midImage': 'C:\\Users\\hesselmann\\Desktop\\PsychoPyUniformityIllusion\\UniformityIllusionPsychoPy\\Pics\\4a.png', 'endImage': 'C:\\Users\\hesselmann\\Desktop\\PsychoPyUniformityIllusion\\UniformityIllusionPsychoPy\\Pics\\4a.png', 'AB': 'a'}
91.8220 	EXP 	New trial (rep=0, index=7): {'startImage': 'C:\\Users\\hesselmann\\Desktop\\PsychoPyUniformityIllusion\\UniformityIllusionPsychoPy\\Pics\\9start.png', 'midImage': 'C:\\Users\\hesselmann\\Desktop\\PsychoPyUniformityIllusion\\UniformityIllusionPsychoPy\\Pics\\9a.png', 'endImage': 'C:\\Users\\hesselmann\\Desktop\\PsychoPyUniformityIllusion\\UniformityIllusionPsychoPy\\Pics\\9a.png', 'AB': None}
92.0732 	EXP 	New trial (rep=0, index=8): {'startImage': 'C:\\Users\\hesselmann\\Desktop\\PsychoPyUniformityIllusion\\UniformityIllusionPsychoPy\\Pics\\7start.png', 'midImage': 'C:\\Users\\hesselmann\\Desktop\\PsychoPyUniformityIllusion\\UniformityIllusionPsychoPy\\Pics\\7a.png', 'endImage': 'C:\\Users\\hesselmann\\Desktop\\PsychoPyUniformityIllusion\\UniformityIllusionPsychoPy\\Pics\\7a.png', 'AB': None}
92.3500 	EXP 	New trial (rep=0, index=9): {'startImage': 'C:\\Users\\hesselmann\\Desktop\\PsychoPyUniformityIllusion\\UniformityIllusionPsychoPy\\Pics\\15start.png', 'midImage': 'C:\\Users\\hesselmann\\Desktop\\PsychoPyUniformityIllusion\\UniformityIllusionPsychoPy\\Pics\\15a.png', 'endImage': 'C:\\Users\\hesselmann\\Desktop\\PsychoPyUniformityIllusion\\UniformityIllusionPsychoPy\\Pics\\15b.png', 'AB': None}
92.5631 	EXP 	New trial (rep=0, index=10): {'startImage': 'C:\\Users\\hesselmann\\Desktop\\PsychoPyUniformityIllusion\\UniformityIllusionPsychoPy\\Pics\\5start.png', 'midImage': 'C:\\Users\\hesselmann\\Desktop\\PsychoPyUniformityIllusion\\UniformityIllusionPsychoPy\\Pics\\5a.png', 'endImage': 'C:\\Users\\hesselmann\\Desktop\\PsychoPyUniformityIllusion\\UniformityIllusionPsychoPy\\Pics\\5b.png', 'AB': 'b'}
92.8691 	EXP 	New trial (rep=0, index=11): {'startImage': 'C:\\Users\\hesselmann\\Desktop\\PsychoPyUniformityIllusion\\UniformityIllusionPsychoPy\\Pics\\7start.png', 'midImage': 'C:\\Users\\hesselmann\\Desktop\\PsychoPyUniformityIllusion\\UniformityIllusionPsychoPy\\Pics\\7a.png', 'endImage': 'C:\\Users\\hesselmann\\Desktop\\PsychoPyUniformityIllusion\\UniformityIllusionPsychoPy\\Pics\\7b.png', 'AB': None}
93.1460 	EXP 	New trial (rep=0, index=12): {'startImage': 'C:\\Users\\hesselmann\\Desktop\\PsychoPyUniformityIllusion\\UniformityIllusionPsychoPy\\Pics\\14start.png', 'midImage': 'C:\\Users\\hesselmann\\Desktop\\PsychoPyUniformityIllusion\\UniformityIllusionPsychoPy\\Pics\\14a.png', 'endImage': 'C:\\Users\\hesselmann\\Desktop\\PsychoPyUniformityIllusion\\UniformityIllusionPsychoPy\\Pics\\14b.png', 'AB': None}
93.4181 	EXP 	New trial (rep=0, index=13): {'startImage': 'C:\\Users\\hesselmann\\Desktop\\PsychoPyUniformityIllusion\\UniformityIllusionPsychoPy\\Pics\\11start.png', 'midImage': 'C:\\Users\\hesselmann\\Desktop\\PsychoPyUniformityIllusion\\UniformityIllusionPsychoPy\\Pics\\11a.png', 'endImage': 'C:\\Users\\hesselmann\\Desktop\\PsychoPyUniformityIllusion\\UniformityIllusionPsychoPy\\Pics\\11a.png', 'AB': None}
93.7381 	EXP 	New trial (rep=0, index=14): {'startImage': 'C:\\Users\\hesselmann\\Desktop\\PsychoPyUniformityIllusion\\UniformityIllusionPsychoPy\\Pics\\4start.png', 'midImage': 'C:\\Users\\hesselmann\\Desktop\\PsychoPyUniformityIllusion\\UniformityIllusionPsychoPy\\Pics\\4a.png', 'endImage': 'C:\\Users\\hesselmann\\Desktop\\PsychoPyUniformityIllusion\\UniformityIllusionPsychoPy\\Pics\\4b.png', 'AB': 'b'}
93.9731 	EXP 	New trial (rep=0, index=15): {'startImage': 'C:\\Users\\hesselmann\\Desktop\\PsychoPyUniformityIllusion\\UniformityIllusionPsychoPy\\Pics\\12start.png', 'midImage': 'C:\\Users\\hesselmann\\Desktop\\PsychoPyUniformityIllusion\\UniformityIllusionPsychoPy\\Pics\\12a.png', 'endImage': 'C:\\Users\\hesselmann\\Desktop\\PsychoPyUniformityIllusion\\UniformityIllusionPsychoPy\\Pics\\12b.png', 'AB': None}
94.2093 	EXP 	New trial (rep=0, index=16): {'startImage': 'C:\\Users\\hesselmann\\Desktop\\PsychoPyUniformityIllusion\\UniformityIllusionPsychoPy\\Pics\\9start.png', 'midImage': 'C:\\Users\\hesselmann\\Desktop\\PsychoPyUniformityIllusion\\UniformityIllusionPsychoPy\\Pics\\9a.png', 'endImage': 'C:\\Users\\hesselmann\\Desktop\\PsychoPyUniformityIllusion\\UniformityIllusionPsychoPy\\Pics\\9b.png', 'AB': None}
94.4651 	EXP 	New trial (rep=0, index=17): {'startImage': 'C:\\Users\\hesselmann\\Desktop\\PsychoPyUniformityIllusion\\UniformityIllusionPsychoPy\\Pics\\8start.png', 'midImage': 'C:\\Users\\hesselmann\\Desktop\\PsychoPyUniformityIllusion\\UniformityIllusionPsychoPy\\Pics\\8a.png', 'endImage': 'C:\\Users\\hesselmann\\Desktop\\PsychoPyUniformityIllusion\\UniformityIllusionPsychoPy\\Pics\\8a.png', 'AB': None}
94.8553 	EXP 	window1: mouseVisible = True
