0.9910 	WARNING 	We strongly recommend you activate the PTB sound engine in PsychoPy prefs as the preferred audio engine. Its timing is vastly superior. Your prefs are currently set to use ['sounddevice', 'PTB', 'pyo', 'pygame'] (in that order).
6.1620 	EXP 	Created window1 = Window(allowGUI=False, allowStencil=False, autoLog=True, backendConf=UNKNOWN, bitsMode=UNKNOWN, blendMode='avg', bpc=(8, 8, 8), color=array([0, 0, 0]), colorSpace='rgb', depthBits=8, fullscr=<method-wrapper '__getattribute__' of attributeSetter object at 0x0000020F18B65F60>, gamma=None, gammaErrorPolicy='raise', lms=UNKNOWN, monitor=<psychopy.monitors.calibTools.Monitor object at 0x0000020F18A8E5F8>, multiSample=False, name='window1', numSamples=2, pos=[0.0, 0.0], screen=0, size=array([1920, 1080]), stencilBits=0, stereo=False, units='height', useFBO=True, useRetina=False, viewOri=0.0, viewPos=None, viewScale=None, waitBlanking=True, winType='pyglet')
6.1623 	EXP 	window1: mouseVisible = True
6.1623 	EXP 	window1: recordFrameIntervals = False
6.3276 	EXP 	window1: recordFrameIntervals = True
6.5107 	EXP 	window1: recordFrameIntervals = False
6.8962 	EXP 	Created WelcomeText = TextStim(__class__=<class 'psychopy.visual.text.TextStim'>, alignHoriz=method-wrapper(...), alignText='center', alignVert=method-wrapper(...), anchorHoriz='center', anchorVert='center', antialias=True, autoLog=True, bold=False, color=array([1, 1, 1]), colorSpace='rgb', contrast=1.0, depth=0.0, flipHoriz=False, flipVert=False, font='Open Sans', fontFiles=[], height=0.1, italic=False, languageStyle='LTR', name='WelcomeText', opacity=1, ori=0.0, pos=array([0., 0.]), rgb=UNKNOWN, text='Welcome to our Study!', units='height', win=Window(...), wrapWidth=1)
6.9126 	EXP 	Imported depression.xlsx as conditions, 2 conditions, 12 params
6.9139 	EXP 	Question text: Sadness
6.9420 	EXP 	window1: mouseVisible = True
6.9725 	EXP 	Question text: Pessimism
6.9838 	EXP 	window1: mouseVisible = True
7.0122 	EXP 	window1: mouseVisible = True
7.0183 	EXP 	Created unnamed Rect = Rect(__class__=<class 'psychopy.visual.rect.Rect'>, autoDraw=False, autoLog=True, closeShape=True, color=method-wrapper(...), colorSpace='rgb', contrast=None, depth=0, fillColor=array([0, 0, 0]), fillColorSpace='rgb', fillRGB=UNKNOWN, interpolate=True, lineColor=array([0, 0, 0]), lineColorSpace='rgb', lineRGB=UNKNOWN, lineWidth=1.5, name='unnamed Rect', opacity=0, ori=0.0, pos=array([0., 0.]), size=array([0., 0.]), units='height', vertices=ndarray(...), win=Window(...))
7.0279 	EXP 	Created DepressionQuestionnaire = <psychopy.visual.form.Form object at 0x0000020F1B57E3C8>
7.0594 	EXP 	window1: mouseVisible = True
7.1127 	EXP 	Created instructionsText = TextStim(__class__=<class 'psychopy.visual.text.TextStim'>, alignHoriz=method-wrapper(...), alignText='center', alignVert=method-wrapper(...), anchorHoriz='center', anchorVert='center', antialias=True, autoLog=True, bold=False, color=array([1, 1, 1]), colorSpace='rgb', contrast=1.0, depth=0.0, flipHoriz=False, flipVert=False, font='Open Sans', fontFiles=[], height=0.04, italic=False, languageStyle='LTR', name='instructionsText', opacity=1, ori=0.0, pos=array([0., 0.]), rgb=UNKNOWN, text=str(...), units='height', win=Window(...), wrapWidth=1)
7.1173 	EXP 	Created hasPeriphery = ImageStim(__class__=<class 'psychopy.visual.image.ImageStim'>, autoLog=True, color=array([1, 1, 1]), colorSpace='rgb', contrast=1.0, depth=-1.0, flipHoriz=False, flipVert=False, image='sin', interpolate=True, mask=None, maskParams=None, name='hasPeriphery', opacity=1.0, ori=0.0, pos=array([0., 0.]), size=array([0.5, 0.5]), texRes=128.0, units='height', win=Window(...))
7.1209 	EXP 	Created noPeriphery = ImageStim(__class__=<class 'psychopy.visual.image.ImageStim'>, autoLog=True, color=array([1, 1, 1]), colorSpace='rgb', contrast=1.0, depth=-3.0, flipHoriz=False, flipVert=False, image='sin', interpolate=True, mask=None, maskParams=None, name='noPeriphery', opacity=1.0, ori=0.0, pos=array([0., 0.]), size=array([0.5, 0.5]), texRes=128.0, units='height', win=Window(...))
7.1243 	EXP 	Created final = ImageStim(__class__=<class 'psychopy.visual.image.ImageStim'>, autoLog=True, color=array([1, 1, 1]), colorSpace='rgb', contrast=1.0, depth=-4.0, flipHoriz=False, flipVert=False, image='sin', interpolate=True, mask=None, maskParams=None, name='final', opacity=1.0, ori=0.0, pos=array([0., 0.]), size=array([0.5, 0.5]), texRes=128.0, units='height', win=Window(...))
7.1259 	EXP 	Created blank_screen = Rect(__class__=<class 'psychopy.visual.rect.Rect'>, autoDraw=False, autoLog=True, closeShape=True, color=method-wrapper(...), colorSpace='rgb', contrast=None, depth=-5.0, fillColor=array([1, 1, 1]), fillColorSpace='rgb', fillRGB=UNKNOWN, interpolate=True, lineColor=array([1, 1, 1]), lineColorSpace='rgb', lineRGB=UNKNOWN, lineWidth=1.0, name='blank_screen', opacity=1.0, ori=0.0, pos=array([0., 0.]), size=array([2., 2.]), units='height', vertices=ndarray(...), win=Window(...))
7.1323 	EXP 	Created text = TextStim(__class__=<class 'psychopy.visual.text.TextStim'>, alignHoriz=method-wrapper(...), alignText='center', alignVert=method-wrapper(...), anchorHoriz='center', anchorVert='center', antialias=True, autoLog=True, bold=False, color=array([ 1, -1, -1]), colorSpace='rgb', contrast=1.0, depth=-6.0, flipHoriz=False, flipVert=False, font='Open Sans', fontFiles=[], height=0.1, italic=False, languageStyle='LTR', name='text', opacity=1, ori=0.0, pos=array([0., 0.]), rgb=UNKNOWN, text='+', units='height', win=Window(...), wrapWidth=1)
7.1451 	EXP 	Created WelcomeText = TextStim(__class__=<class 'psychopy.visual.text.TextStim'>, alignHoriz=method-wrapper(...), alignText='center', alignVert=method-wrapper(...), anchorHoriz='center', anchorVert='center', antialias=True, autoLog=True, bold=False, color=array([1, 1, 1]), colorSpace='rgb', contrast=1.0, depth=0.0, flipHoriz=False, flipVert=False, font='Open Sans', fontFiles=[], height=0.1, italic=False, languageStyle='LTR', name='WelcomeText', opacity=1, ori=0.0, pos=array([0., 0.]), rgb=UNKNOWN, text='Welcome to our Study!', units='height', win=Window(...), wrapWidth=1)
7.1482 	EXP 	Created hasPeriphery_2 = ImageStim(__class__=<class 'psychopy.visual.image.ImageStim'>, autoLog=True, color=array([1, 1, 1]), colorSpace='rgb', contrast=1.0, depth=-1.0, flipHoriz=False, flipVert=False, image='sin', interpolate=True, mask=None, maskParams=None, name='hasPeriphery_2', opacity=1.0, ori=0.0, pos=array([0., 0.]), size=array([0.5, 0.5]), texRes=128.0, units='height', win=Window(...))
7.1512 	EXP 	Created noPeriphery_2 = ImageStim(__class__=<class 'psychopy.visual.image.ImageStim'>, autoLog=True, color=array([1, 1, 1]), colorSpace='rgb', contrast=1.0, depth=-3.0, flipHoriz=False, flipVert=False, image='sin', interpolate=True, mask=None, maskParams=None, name='noPeriphery_2', opacity=1.0, ori=0.0, pos=array([0., 0.]), size=array([0.5, 0.5]), texRes=128.0, units='height', win=Window(...))
7.1530 	EXP 	Created text_2 = TextStim(__class__=<class 'psychopy.visual.text.TextStim'>, alignHoriz=method-wrapper(...), alignText='center', alignVert=method-wrapper(...), anchorHoriz='center', anchorVert='center', antialias=True, autoLog=True, bold=False, color=array([ 1, -1, -1]), colorSpace='rgb', contrast=1.0, depth=-4.0, flipHoriz=False, flipVert=False, font='Open Sans', fontFiles=[], height=0.1, italic=False, languageStyle='LTR', name='text_2', opacity=1, ori=0.0, pos=array([0., 0.]), rgb=UNKNOWN, text='+', units='height', win=Window(...), wrapWidth=1)
7.1953 	EXP 	unnamed Form: autoLog = True
7.1953 	EXP 	DepressionQuestionnaire: name = 'DepressionQuestionnaire'
7.1953 	EXP 	DepressionQuestionnaire: size = (3.5, 1)
7.1953 	EXP 	DepressionQuestionnaire: size = array([3.5, 1. ])
7.1953 	EXP 	DepressionQuestionnaire: units = 'height'
7.1953 	EXP 	DepressionQuestionnaire: depth = 0
7.1953 	EXP 	WelcomeText: autoDraw = True
9.2114 	EXP 	WelcomeText: autoDraw = False
9.2114 	EXP 	DepressionQuestionnaire: autoDraw = True
9.9156 	DATA 	Mouse: Left button down, pos=(617,59)
9.9773 	EXP 	DepressionQuestionnaire: autoDraw = False
9.9773 	EXP 	instructionsText: autoDraw = True
9.9843 	DATA 	Mouse:  Left button up, pos=(617,59)
10.2411 	EXP 	Imported picPaths.xlsx as conditions, 6 conditions, 4 params
10.2414 	EXP 	Created sequence: sequential, trialTypes=6, nReps=1, seed=None
10.2418 	EXP 	New trial (rep=0, index=0): {'startImage': 'C:\\Users\\hesselmann\\Desktop\\PsychoPyUniformityIllusion\\UniformityIllusionPsychoPy\\Pics\\1start.png', 'midImage': 'C:\\Users\\hesselmann\\Desktop\\PsychoPyUniformityIllusion\\UniformityIllusionPsychoPy\\Pics\\1a.png', 'endImage': 'C:\\Users\\hesselmann\\Desktop\\PsychoPyUniformityIllusion\\UniformityIllusionPsychoPy\\Pics\\1a.png', 'AB': 'a'}
10.4642 	DATA 	Keypress: space
10.5275 	EXP 	instructionsText: autoDraw = False
10.5275 	EXP 	hasPeriphery: size = array([1.77777778, 1.        ])
10.5275 	EXP 	hasPeriphery: image = 'C:\\Users\\hesselmann\\Desktop\\PsychoPyUniformityIllusion\\UniformityIllusionPsychoPy\\Pics\\1a.png'
10.5275 	EXP 	noPeriphery: size = array([1.77777778, 1.        ])
10.5275 	EXP 	noPeriphery: image = 'C:\\Users\\hesselmann\\Desktop\\PsychoPyUniformityIllusion\\UniformityIllusionPsychoPy\\Pics\\1start.png'
10.5275 	EXP 	final: size = array([1.77777778, 1.        ])
10.5275 	EXP 	final: image = 'C:\\Users\\hesselmann\\Desktop\\PsychoPyUniformityIllusion\\UniformityIllusionPsychoPy\\Pics\\1a.png'
10.5275 	EXP 	hasPeriphery: autoDraw = True
10.5275 	EXP 	hasPeriphery: texRes = 128.0
10.5275 	EXP 	noPeriphery: autoDraw = True
10.5275 	EXP 	noPeriphery: texRes = 128.0
10.5275 	EXP 	blank_screen: autoDraw = True
10.5275 	EXP 	text: autoDraw = True
10.6776 	EXP 	hasPeriphery: texRes = 128.0
10.6776 	EXP 	noPeriphery: texRes = 128.0
10.8110 	EXP 	hasPeriphery: texRes = 128.0
10.8110 	EXP 	noPeriphery: texRes = 128.0
10.8110 	EXP 	blank_screen: autoDraw = False
10.9439 	EXP 	hasPeriphery: texRes = 128.0
10.9439 	EXP 	noPeriphery: texRes = 128.0
11.0934 	EXP 	hasPeriphery: texRes = 128.0
11.0934 	EXP 	noPeriphery: texRes = 128.0
11.2438 	EXP 	hasPeriphery: texRes = 128.0
11.2438 	EXP 	noPeriphery: texRes = 128.0
11.3776 	EXP 	hasPeriphery: texRes = 128.0
11.3776 	EXP 	noPeriphery: texRes = 128.0
11.5276 	EXP 	hasPeriphery: texRes = 128.0
11.5276 	EXP 	noPeriphery: texRes = 128.0
11.6600 	EXP 	hasPeriphery: texRes = 128.0
11.6600 	EXP 	noPeriphery: texRes = 128.0
11.8100 	EXP 	hasPeriphery: texRes = 128.0
11.8100 	EXP 	noPeriphery: texRes = 128.0
11.9443 	EXP 	hasPeriphery: texRes = 128.0
11.9443 	EXP 	noPeriphery: texRes = 128.0
12.0934 	EXP 	hasPeriphery: texRes = 128.0
12.0934 	EXP 	noPeriphery: texRes = 128.0
12.2273 	EXP 	hasPeriphery: texRes = 128.0
12.2273 	EXP 	noPeriphery: texRes = 128.0
12.3767 	EXP 	hasPeriphery: texRes = 128.0
12.3767 	EXP 	noPeriphery: texRes = 128.0
12.5100 	EXP 	hasPeriphery: texRes = 128.0
12.5100 	EXP 	noPeriphery: texRes = 128.0
12.6433 	EXP 	hasPeriphery: texRes = 128.0
12.6433 	EXP 	noPeriphery: texRes = 128.0
12.7775 	EXP 	hasPeriphery: texRes = 128.0
12.7775 	EXP 	noPeriphery: texRes = 128.0
12.9100 	EXP 	hasPeriphery: texRes = 128.0
12.9100 	EXP 	noPeriphery: texRes = 128.0
13.0433 	EXP 	hasPeriphery: texRes = 128.0
13.0433 	EXP 	noPeriphery: texRes = 128.0
13.1774 	EXP 	hasPeriphery: texRes = 128.0
13.1774 	EXP 	noPeriphery: texRes = 128.0
13.3770 	EXP 	hasPeriphery: texRes = 128.0
13.3770 	EXP 	noPeriphery: texRes = 128.0
13.3770 	EXP 	final: autoDraw = True
13.3770 	EXP 	final: texRes = 128.0
13.5772 	EXP 	hasPeriphery: texRes = 128.0
13.5772 	EXP 	noPeriphery: texRes = 128.0
13.5772 	EXP 	final: texRes = 128.0
13.7936 	EXP 	hasPeriphery: texRes = 128.0
13.7936 	EXP 	noPeriphery: texRes = 128.0
13.7936 	EXP 	final: texRes = 128.0
13.9933 	EXP 	hasPeriphery: texRes = 128.0
13.9933 	EXP 	noPeriphery: texRes = 128.0
13.9933 	EXP 	final: texRes = 128.0
14.1932 	EXP 	hasPeriphery: texRes = 128.0
14.1932 	EXP 	noPeriphery: texRes = 128.0
14.1932 	EXP 	final: texRes = 128.0
14.3933 	EXP 	hasPeriphery: texRes = 128.0
14.3933 	EXP 	noPeriphery: texRes = 128.0
14.3933 	EXP 	final: texRes = 128.0
14.5935 	EXP 	hasPeriphery: texRes = 128.0
14.5935 	EXP 	noPeriphery: texRes = 128.0
14.5935 	EXP 	final: texRes = 128.0
14.7935 	EXP 	hasPeriphery: texRes = 128.0
14.7935 	EXP 	noPeriphery: texRes = 128.0
14.7935 	EXP 	final: texRes = 128.0
14.9931 	EXP 	hasPeriphery: texRes = 128.0
14.9931 	EXP 	noPeriphery: texRes = 128.0
14.9931 	EXP 	final: texRes = 128.0
15.1935 	EXP 	hasPeriphery: texRes = 128.0
15.1935 	EXP 	noPeriphery: texRes = 128.0
15.1935 	EXP 	final: texRes = 128.0
15.3939 	EXP 	hasPeriphery: texRes = 128.0
15.3939 	EXP 	noPeriphery: texRes = 128.0
15.3939 	EXP 	final: texRes = 128.0
15.5933 	EXP 	hasPeriphery: texRes = 128.0
15.5933 	EXP 	noPeriphery: texRes = 128.0
15.5933 	EXP 	final: texRes = 128.0
15.7935 	EXP 	hasPeriphery: texRes = 128.0
15.7935 	EXP 	noPeriphery: texRes = 128.0
15.7935 	EXP 	final: texRes = 128.0
16.0107 	EXP 	hasPeriphery: texRes = 128.0
16.0107 	EXP 	noPeriphery: texRes = 128.0
16.0107 	EXP 	final: texRes = 128.0
16.2271 	EXP 	hasPeriphery: texRes = 128.0
16.2271 	EXP 	noPeriphery: texRes = 128.0
16.2271 	EXP 	final: texRes = 128.0
16.4267 	EXP 	hasPeriphery: texRes = 128.0
16.4267 	EXP 	noPeriphery: texRes = 128.0
16.4267 	EXP 	final: texRes = 128.0
16.6271 	EXP 	hasPeriphery: texRes = 128.0
16.6271 	EXP 	noPeriphery: texRes = 128.0
16.6271 	EXP 	final: texRes = 128.0
16.8269 	EXP 	hasPeriphery: texRes = 128.0
16.8269 	EXP 	noPeriphery: texRes = 128.0
16.8269 	EXP 	final: texRes = 128.0
17.0266 	EXP 	hasPeriphery: texRes = 128.0
17.0266 	EXP 	noPeriphery: texRes = 128.0
17.0266 	EXP 	final: texRes = 128.0
17.2262 	EXP 	hasPeriphery: texRes = 128.0
17.2262 	EXP 	noPeriphery: texRes = 128.0
17.2262 	EXP 	final: texRes = 128.0
17.4267 	EXP 	hasPeriphery: texRes = 128.0
17.4267 	EXP 	noPeriphery: texRes = 128.0
17.4267 	EXP 	final: texRes = 128.0
17.6262 	EXP 	hasPeriphery: texRes = 128.0
17.6262 	EXP 	noPeriphery: texRes = 128.0
17.6262 	EXP 	final: texRes = 128.0
17.8262 	EXP 	hasPeriphery: texRes = 128.0
17.8262 	EXP 	noPeriphery: texRes = 128.0
17.8262 	EXP 	final: texRes = 128.0
18.0265 	EXP 	hasPeriphery: texRes = 128.0
18.0265 	EXP 	noPeriphery: texRes = 128.0
18.0265 	EXP 	final: texRes = 128.0
18.2265 	EXP 	hasPeriphery: texRes = 128.0
18.2265 	EXP 	noPeriphery: texRes = 128.0
18.2265 	EXP 	final: texRes = 128.0
18.4095 	EXP 	hasPeriphery: texRes = 128.0
18.4095 	EXP 	noPeriphery: texRes = 128.0
18.4095 	EXP 	final: texRes = 128.0
18.6102 	EXP 	hasPeriphery: texRes = 128.0
18.6102 	EXP 	noPeriphery: texRes = 128.0
18.6102 	EXP 	final: texRes = 128.0
18.8099 	EXP 	hasPeriphery: texRes = 128.0
18.8099 	EXP 	noPeriphery: texRes = 128.0
18.8099 	EXP 	final: texRes = 128.0
18.9931 	EXP 	hasPeriphery: texRes = 128.0
18.9931 	EXP 	noPeriphery: texRes = 128.0
18.9931 	EXP 	final: texRes = 128.0
19.1935 	EXP 	hasPeriphery: texRes = 128.0
19.1935 	EXP 	noPeriphery: texRes = 128.0
19.1935 	EXP 	final: texRes = 128.0
19.4468 	EXP 	window1: mouseVisible = True
