1.0239 	WARNING 	We strongly recommend you activate the PTB sound engine in PsychoPy prefs as the preferred audio engine. Its timing is vastly superior. Your prefs are currently set to use ['sounddevice', 'PTB', 'pyo', 'pygame'] (in that order).
11.3181 	EXP 	Created window1 = Window(allowGUI=False, allowStencil=False, autoLog=True, backendConf=UNKNOWN, bitsMode=UNKNOWN, blendMode='avg', bpc=(8, 8, 8), color=array([0, 0, 0]), colorSpace='rgb', depthBits=8, fullscr=<method-wrapper '__getattribute__' of attributeSetter object at 0x000002171ABB48D0>, gamma=None, gammaErrorPolicy='raise', lms=UNKNOWN, monitor=<psychopy.monitors.calibTools.Monitor object at 0x000002171AB88F60>, multiSample=False, name='window1', numSamples=2, pos=[0.0, 0.0], screen=0, size=array([1920, 1080]), stencilBits=0, stereo=False, units='height', useFBO=True, useRetina=False, viewOri=0.0, viewPos=None, viewScale=None, waitBlanking=True, winType='pyglet')
11.3184 	EXP 	window1: mouseVisible = True
11.3184 	EXP 	window1: recordFrameIntervals = False
11.4837 	EXP 	window1: recordFrameIntervals = True
11.6659 	EXP 	window1: recordFrameIntervals = False
12.1748 	EXP 	Created WelcomeText = TextStim(__class__=<class 'psychopy.visual.text.TextStim'>, alignHoriz=method-wrapper(...), alignText='center', alignVert=method-wrapper(...), anchorHoriz='center', anchorVert='center', antialias=True, autoLog=True, bold=False, color=array([1, 1, 1]), colorSpace='rgb', contrast=1.0, depth=0.0, flipHoriz=False, flipVert=False, font='Open Sans', fontFiles=[], height=0.1, italic=False, languageStyle='LTR', name='WelcomeText', opacity=1, ori=0.0, pos=array([0., 0.]), rgb=UNKNOWN, text='Welcome to our Study!', units='height', win=Window(...), wrapWidth=1)
12.1938 	EXP 	Imported test.xlsx as conditions, 1 conditions, 11 params
12.1951 	EXP 	Question text: test
12.2185 	EXP 	window1: mouseVisible = True
12.2545 	EXP 	window1: mouseVisible = True
12.2585 	EXP 	Created unnamed Rect = Rect(__class__=<class 'psychopy.visual.rect.Rect'>, autoDraw=False, autoLog=True, closeShape=True, color=method-wrapper(...), colorSpace='rgb', contrast=None, depth=0, fillColor=array([0, 0, 0]), fillColorSpace='rgb', fillRGB=UNKNOWN, interpolate=True, lineColor=array([0, 0, 0]), lineColorSpace='rgb', lineRGB=UNKNOWN, lineWidth=1.5, name='unnamed Rect', opacity=0, ori=0.0, pos=array([0., 0.]), size=array([0., 0.]), units='height', vertices=ndarray(...), win=Window(...))
12.2641 	EXP 	Created DepressionQuestionnaire = <psychopy.visual.form.Form object at 0x000002171D6E7A58>
12.2875 	EXP 	window1: mouseVisible = True
12.3009 	EXP 	Created instructionsText = TextStim(__class__=<class 'psychopy.visual.text.TextStim'>, alignHoriz=method-wrapper(...), alignText='center', alignVert=method-wrapper(...), anchorHoriz='center', anchorVert='center', antialias=True, autoLog=True, bold=False, color=array([1, 1, 1]), colorSpace='rgb', contrast=1.0, depth=0.0, flipHoriz=False, flipVert=False, font='Open Sans', fontFiles=[], height=0.1, italic=False, languageStyle='LTR', name='instructionsText', opacity=1, ori=0.0, pos=array([0., 0.]), rgb=UNKNOWN, text='Any text\n\nincluding line breaks', units='height', win=Window(...), wrapWidth=1)
12.4412 	EXP 	Created hasPeriphery = ImageStim(__class__=<class 'psychopy.visual.image.ImageStim'>, autoLog=True, color=array([1, 1, 1]), colorSpace='rgb', contrast=1.0, depth=0.0, flipHoriz=False, flipVert=False, image='stimuli\\\\3a.png', interpolate=True, mask=None, maskParams=None, name='hasPeriphery', opacity=1.0, ori=0.0, pos=array([0., 0.]), size=array([1.77777778, 1.        ]), texRes=128.0, units='height', win=Window(...))
12.4456 	EXP 	Created text = TextStim(__class__=<class 'psychopy.visual.text.TextStim'>, alignHoriz=method-wrapper(...), alignText='center', alignVert=method-wrapper(...), anchorHoriz='center', anchorVert='center', antialias=True, autoLog=True, bold=False, color=array([1, 1, 1]), colorSpace='rgb', contrast=1.0, depth=-1.0, flipHoriz=False, flipVert=False, font='Open Sans', fontFiles=[], height=0.1, italic=False, languageStyle='LTR', name='text', opacity=1, ori=0.0, pos=array([0., 0.]), rgb=UNKNOWN, text='+', units='height', win=Window(...), wrapWidth=1)
12.5841 	EXP 	Created noPeriphery = ImageStim(__class__=<class 'psychopy.visual.image.ImageStim'>, autoLog=True, color=array([1, 1, 1]), colorSpace='rgb', contrast=1.0, depth=-3.0, flipHoriz=False, flipVert=False, image='stimuli\\\\3start.png', interpolate=True, mask=None, maskParams=None, name='noPeriphery', opacity=1.0, ori=0.0, pos=array([0., 0.]), size=array([1.77777778, 1.        ]), texRes=128.0, units='height', win=Window(...))
12.6334 	EXP 	unnamed Form: autoLog = True
12.6334 	EXP 	DepressionQuestionnaire: name = 'DepressionQuestionnaire'
12.6334 	EXP 	DepressionQuestionnaire: size = (1, 0.7)
12.6334 	EXP 	DepressionQuestionnaire: size = array([1. , 0.7])
12.6334 	EXP 	DepressionQuestionnaire: units = 'height'
12.6334 	EXP 	DepressionQuestionnaire: depth = 0
12.6334 	EXP 	WelcomeText: autoDraw = True
13.2018 	DATA 	Mouse: Left button down, pos=(848,664)
13.3018 	DATA 	Mouse:  Left button up, pos=(848,664)
13.8862 	DATA 	Keypress: space
14.6322 	EXP 	WelcomeText: autoDraw = False
14.6322 	EXP 	DepressionQuestionnaire: autoDraw = True
15.9657 	DATA 	Mouse: Left button down, pos=(845,526)
15.9823 	EXP 	DepressionQuestionnaire: autoDraw = False
15.9823 	EXP 	instructionsText: autoDraw = True
16.0367 	DATA 	Mouse:  Left button up, pos=(845,526)
19.7345 	EXP 	Created sequence: random, trialTypes=1, nReps=5, seed=None
19.7347 	EXP 	New trial (rep=0, index=0): None
19.8114 	DATA 	Keypress: space
19.8115 	DATA 	Keypress: n
19.8647 	EXP 	instructionsText: autoDraw = False
19.8647 	EXP 	hasPeriphery: autoDraw = True
19.8647 	EXP 	hasPeriphery: texRes = 128.0
19.8647 	EXP 	text: autoDraw = True
19.8647 	EXP 	noPeriphery: autoDraw = True
19.8647 	EXP 	noPeriphery: texRes = 128.0
19.9807 	EXP 	hasPeriphery: texRes = 128.0
19.9807 	EXP 	noPeriphery: texRes = 128.0
20.0988 	EXP 	hasPeriphery: texRes = 128.0
20.0988 	EXP 	noPeriphery: texRes = 128.0
20.2310 	EXP 	hasPeriphery: texRes = 128.0
20.2310 	EXP 	noPeriphery: texRes = 128.0
20.3482 	EXP 	hasPeriphery: texRes = 128.0
20.3482 	EXP 	noPeriphery: texRes = 128.0
20.4644 	EXP 	hasPeriphery: texRes = 128.0
20.4644 	EXP 	noPeriphery: texRes = 128.0
20.5812 	EXP 	hasPeriphery: texRes = 128.0
20.5812 	EXP 	noPeriphery: texRes = 128.0
20.6977 	EXP 	hasPeriphery: texRes = 128.0
20.6977 	EXP 	noPeriphery: texRes = 128.0
20.8318 	EXP 	hasPeriphery: texRes = 128.0
20.8318 	EXP 	noPeriphery: texRes = 128.0
20.9642 	EXP 	hasPeriphery: texRes = 128.0
20.9642 	EXP 	noPeriphery: texRes = 128.0
21.0817 	EXP 	hasPeriphery: texRes = 128.0
21.0817 	EXP 	noPeriphery: texRes = 128.0
21.2141 	EXP 	hasPeriphery: texRes = 128.0
21.2141 	EXP 	noPeriphery: texRes = 128.0
21.3311 	EXP 	hasPeriphery: texRes = 128.0
21.3311 	EXP 	noPeriphery: texRes = 128.0
21.4641 	EXP 	hasPeriphery: texRes = 128.0
21.4641 	EXP 	noPeriphery: texRes = 128.0
21.5808 	EXP 	hasPeriphery: texRes = 128.0
21.5808 	EXP 	noPeriphery: texRes = 128.0
21.6977 	EXP 	hasPeriphery: texRes = 128.0
21.6977 	EXP 	noPeriphery: texRes = 128.0
21.8145 	EXP 	hasPeriphery: texRes = 128.0
21.8145 	EXP 	noPeriphery: texRes = 128.0
21.9307 	EXP 	hasPeriphery: texRes = 128.0
21.9307 	EXP 	noPeriphery: texRes = 128.0
22.0477 	EXP 	hasPeriphery: texRes = 128.0
22.0477 	EXP 	noPeriphery: texRes = 128.0
22.1644 	EXP 	hasPeriphery: texRes = 128.0
22.1644 	EXP 	noPeriphery: texRes = 128.0
22.2811 	EXP 	hasPeriphery: texRes = 128.0
22.2811 	EXP 	noPeriphery: texRes = 128.0
22.4138 	EXP 	hasPeriphery: texRes = 128.0
22.4138 	EXP 	noPeriphery: texRes = 128.0
22.5477 	EXP 	hasPeriphery: texRes = 128.0
22.5477 	EXP 	noPeriphery: texRes = 128.0
22.6808 	EXP 	hasPeriphery: texRes = 128.0
22.6808 	EXP 	noPeriphery: texRes = 128.0
22.7967 	EXP 	hasPeriphery: texRes = 128.0
22.7967 	EXP 	noPeriphery: texRes = 128.0
22.9134 	EXP 	hasPeriphery: texRes = 128.0
22.9134 	EXP 	noPeriphery: texRes = 128.0
23.0312 	EXP 	hasPeriphery: texRes = 128.0
23.0312 	EXP 	noPeriphery: texRes = 128.0
23.1639 	EXP 	hasPeriphery: texRes = 128.0
23.1639 	EXP 	noPeriphery: texRes = 128.0
23.2805 	EXP 	hasPeriphery: texRes = 128.0
23.2805 	EXP 	noPeriphery: texRes = 128.0
23.4136 	EXP 	hasPeriphery: texRes = 128.0
23.4136 	EXP 	noPeriphery: texRes = 128.0
23.5303 	EXP 	hasPeriphery: texRes = 128.0
23.5303 	EXP 	noPeriphery: texRes = 128.0
23.6467 	EXP 	hasPeriphery: texRes = 128.0
23.6467 	EXP 	noPeriphery: texRes = 128.0
23.7806 	EXP 	hasPeriphery: texRes = 128.0
23.7806 	EXP 	noPeriphery: texRes = 128.0
23.8969 	EXP 	hasPeriphery: texRes = 128.0
23.8969 	EXP 	noPeriphery: texRes = 128.0
24.0142 	EXP 	hasPeriphery: texRes = 128.0
24.0142 	EXP 	noPeriphery: texRes = 128.0
24.1469 	EXP 	hasPeriphery: texRes = 128.0
24.1469 	EXP 	noPeriphery: texRes = 128.0
24.2632 	EXP 	hasPeriphery: texRes = 128.0
24.2632 	EXP 	noPeriphery: texRes = 128.0
24.3965 	EXP 	hasPeriphery: texRes = 128.0
24.3965 	EXP 	noPeriphery: texRes = 128.0
24.5302 	EXP 	hasPeriphery: texRes = 128.0
24.5302 	EXP 	noPeriphery: texRes = 128.0
24.6464 	EXP 	hasPeriphery: texRes = 128.0
24.6464 	EXP 	noPeriphery: texRes = 128.0
24.7801 	EXP 	hasPeriphery: texRes = 128.0
24.7801 	EXP 	noPeriphery: texRes = 128.0
24.9130 	EXP 	hasPeriphery: texRes = 128.0
24.9130 	EXP 	noPeriphery: texRes = 128.0
25.0311 	EXP 	hasPeriphery: texRes = 128.0
25.0311 	EXP 	noPeriphery: texRes = 128.0
25.1630 	EXP 	hasPeriphery: texRes = 128.0
25.1630 	EXP 	noPeriphery: texRes = 128.0
25.2803 	EXP 	hasPeriphery: texRes = 128.0
25.2803 	EXP 	noPeriphery: texRes = 128.0
25.3979 	EXP 	hasPeriphery: texRes = 128.0
25.3979 	EXP 	noPeriphery: texRes = 128.0
25.5296 	EXP 	hasPeriphery: texRes = 128.0
25.5296 	EXP 	noPeriphery: texRes = 128.0
25.6634 	EXP 	hasPeriphery: texRes = 128.0
25.6634 	EXP 	noPeriphery: texRes = 128.0
25.8132 	EXP 	hasPeriphery: texRes = 128.0
25.8132 	EXP 	noPeriphery: texRes = 128.0
25.9298 	EXP 	hasPeriphery: texRes = 128.0
25.9298 	EXP 	noPeriphery: texRes = 128.0
26.0461 	EXP 	hasPeriphery: texRes = 128.0
26.0461 	EXP 	noPeriphery: texRes = 128.0
26.1632 	EXP 	hasPeriphery: texRes = 128.0
26.1632 	EXP 	noPeriphery: texRes = 128.0
26.2803 	EXP 	hasPeriphery: texRes = 128.0
26.2803 	EXP 	noPeriphery: texRes = 128.0
26.4134 	EXP 	hasPeriphery: texRes = 128.0
26.4134 	EXP 	noPeriphery: texRes = 128.0
26.5466 	EXP 	hasPeriphery: texRes = 128.0
26.5466 	EXP 	noPeriphery: texRes = 128.0
26.6638 	EXP 	hasPeriphery: texRes = 128.0
26.6638 	EXP 	noPeriphery: texRes = 128.0
26.8137 	EXP 	hasPeriphery: texRes = 128.0
26.8137 	EXP 	noPeriphery: texRes = 128.0
26.9464 	EXP 	hasPeriphery: texRes = 128.0
26.9464 	EXP 	noPeriphery: texRes = 128.0
27.0630 	EXP 	hasPeriphery: texRes = 128.0
27.0630 	EXP 	noPeriphery: texRes = 128.0
27.1801 	EXP 	hasPeriphery: texRes = 128.0
27.1801 	EXP 	noPeriphery: texRes = 128.0
27.2966 	EXP 	hasPeriphery: texRes = 128.0
27.2966 	EXP 	noPeriphery: texRes = 128.0
27.4135 	EXP 	hasPeriphery: texRes = 128.0
27.4135 	EXP 	noPeriphery: texRes = 128.0
27.5467 	EXP 	hasPeriphery: texRes = 128.0
27.5467 	EXP 	noPeriphery: texRes = 128.0
27.6626 	EXP 	hasPeriphery: texRes = 128.0
27.6626 	EXP 	noPeriphery: texRes = 128.0
27.7962 	EXP 	hasPeriphery: texRes = 128.0
27.7962 	EXP 	noPeriphery: texRes = 128.0
27.9295 	EXP 	hasPeriphery: texRes = 128.0
27.9295 	EXP 	noPeriphery: texRes = 128.0
28.0459 	EXP 	hasPeriphery: texRes = 128.0
28.0459 	EXP 	noPeriphery: texRes = 128.0
28.1630 	EXP 	hasPeriphery: texRes = 128.0
28.1630 	EXP 	noPeriphery: texRes = 128.0
28.2794 	EXP 	hasPeriphery: texRes = 128.0
28.2794 	EXP 	noPeriphery: texRes = 128.0
28.3962 	EXP 	hasPeriphery: texRes = 128.0
28.3962 	EXP 	noPeriphery: texRes = 128.0
28.5294 	EXP 	hasPeriphery: texRes = 128.0
28.5294 	EXP 	noPeriphery: texRes = 128.0
28.6631 	EXP 	hasPeriphery: texRes = 128.0
28.6631 	EXP 	noPeriphery: texRes = 128.0
28.7957 	EXP 	hasPeriphery: texRes = 128.0
28.7957 	EXP 	noPeriphery: texRes = 128.0
28.9127 	EXP 	hasPeriphery: texRes = 128.0
28.9127 	EXP 	noPeriphery: texRes = 128.0
29.0461 	EXP 	hasPeriphery: texRes = 128.0
29.0461 	EXP 	noPeriphery: texRes = 128.0
29.1627 	EXP 	hasPeriphery: texRes = 128.0
29.1627 	EXP 	noPeriphery: texRes = 128.0
29.2797 	EXP 	hasPeriphery: texRes = 128.0
29.2797 	EXP 	noPeriphery: texRes = 128.0
29.3961 	EXP 	hasPeriphery: texRes = 128.0
29.3961 	EXP 	noPeriphery: texRes = 128.0
29.5133 	EXP 	hasPeriphery: texRes = 128.0
29.5133 	EXP 	noPeriphery: texRes = 128.0
29.6457 	EXP 	hasPeriphery: texRes = 128.0
29.6457 	EXP 	noPeriphery: texRes = 128.0
29.7790 	EXP 	hasPeriphery: texRes = 128.0
29.7790 	EXP 	noPeriphery: texRes = 128.0
29.8961 	EXP 	hasPeriphery: texRes = 128.0
29.8961 	EXP 	noPeriphery: texRes = 128.0
29.9131 	EXP 	hasPeriphery: autoDraw = False
29.9131 	EXP 	noPeriphery: autoDraw = False
31.1837 	DATA 	Mouse: Left button down, pos=(937,494)
31.3170 	DATA 	Mouse:  Left button up, pos=(937,494)
32.2333 	DATA 	Keypress: escape
32.4613 	EXP 	window1: mouseVisible = True
