1.0462 	WARNING 	We strongly recommend you activate the PTB sound engine in PsychoPy prefs as the preferred audio engine. Its timing is vastly superior. Your prefs are currently set to use ['sounddevice', 'PTB', 'pyo', 'pygame'] (in that order).
11.7916 	EXP 	Created window1 = Window(allowGUI=False, allowStencil=False, autoLog=True, backendConf=UNKNOWN, bitsMode=UNKNOWN, blendMode='avg', bpc=(8, 8, 8), color=array([0, 0, 0]), colorSpace='rgb', depthBits=8, fullscr=<method-wrapper '__getattribute__' of attributeSetter object at 0x0000017DA24936D8>, gamma=None, gammaErrorPolicy='raise', lms=UNKNOWN, monitor=<psychopy.monitors.calibTools.Monitor object at 0x0000017DA23ECD30>, multiSample=False, name='window1', numSamples=2, pos=[0.0, 0.0], screen=0, size=array([1920, 1080]), stencilBits=0, stereo=False, units='height', useFBO=True, useRetina=False, viewOri=0.0, viewPos=None, viewScale=None, waitBlanking=True, winType='pyglet')
11.7918 	EXP 	window1: mouseVisible = True
11.7919 	EXP 	window1: recordFrameIntervals = False
11.9591 	EXP 	window1: recordFrameIntervals = True
12.1423 	EXP 	window1: recordFrameIntervals = False
12.6084 	EXP 	Created WelcomeText = TextStim(__class__=<class 'psychopy.visual.text.TextStim'>, alignHoriz=method-wrapper(...), alignText='center', alignVert=method-wrapper(...), anchorHoriz='center', anchorVert='center', antialias=True, autoLog=True, bold=False, color=array([1, 1, 1]), colorSpace='rgb', contrast=1.0, depth=0.0, flipHoriz=False, flipVert=False, font='Open Sans', fontFiles=[], height=0.1, italic=False, languageStyle='LTR', name='WelcomeText', opacity=1, ori=0.0, pos=array([0., 0.]), rgb=UNKNOWN, text='Welcome to our Study!', units='height', win=Window(...), wrapWidth=1)
12.6247 	EXP 	Created instructionsText = TextStim(__class__=<class 'psychopy.visual.text.TextStim'>, alignHoriz=method-wrapper(...), alignText='center', alignVert=method-wrapper(...), anchorHoriz='center', anchorVert='center', antialias=True, autoLog=True, bold=False, color=array([1, 1, 1]), colorSpace='rgb', contrast=1.0, depth=0.0, flipHoriz=False, flipVert=False, font='Open Sans', fontFiles=[], height=0.1, italic=False, languageStyle='LTR', name='instructionsText', opacity=1, ori=0.0, pos=array([0., 0.]), rgb=UNKNOWN, text='Any text\n\nincluding line breaks', units='height', win=Window(...), wrapWidth=1)
12.7862 	EXP 	Created image = ImageStim(__class__=<class 'psychopy.visual.image.ImageStim'>, autoLog=True, color=array([1, 1, 1]), colorSpace='rgb', contrast=1.0, depth=0.0, flipHoriz=False, flipVert=False, image='stimuli\\\\3a.png', interpolate=True, mask=None, maskParams=None, name='image', opacity=1.0, ori=0.0, pos=array([0., 0.]), size=array([2., 2.]), texRes=128.0, units='height', win=Window(...))
12.7918 	EXP 	Created text = TextStim(__class__=<class 'psychopy.visual.text.TextStim'>, alignHoriz=method-wrapper(...), alignText='center', alignVert=method-wrapper(...), anchorHoriz='center', anchorVert='center', antialias=True, autoLog=True, bold=False, color=array([1, 1, 1]), colorSpace='rgb', contrast=1.0, depth=-1.0, flipHoriz=False, flipVert=False, font='Open Sans', fontFiles=[], height=0.1, italic=False, languageStyle='LTR', name='text', opacity=1, ori=0.0, pos=array([0., 0.]), rgb=UNKNOWN, text='+', units='height', win=Window(...), wrapWidth=1)
12.8418 	EXP 	WelcomeText: autoDraw = True
14.8250 	EXP 	WelcomeText: autoDraw = False
14.8250 	EXP 	instructionsText: autoDraw = True
16.3953 	EXP 	Created sequence: random, trialTypes=1, nReps=5, seed=None
16.3955 	EXP 	New trial (rep=0, index=0): None
16.4358 	DATA 	Keypress: space
16.4744 	EXP 	instructionsText: autoDraw = False
16.4744 	EXP 	image: autoDraw = True
16.4744 	EXP 	image: texRes = 128.0
16.4744 	EXP 	text: autoDraw = True
16.5573 	EXP 	image: texRes = 128.0
16.6248 	EXP 	image: texRes = 128.0
16.6910 	EXP 	image: texRes = 128.0
16.7580 	EXP 	image: texRes = 128.0
16.8243 	EXP 	image: texRes = 128.0
16.8906 	EXP 	image: texRes = 128.0
16.9580 	EXP 	image: texRes = 128.0
17.0246 	EXP 	image: texRes = 128.0
17.0913 	EXP 	image: texRes = 128.0
17.1573 	EXP 	image: texRes = 128.0
17.2410 	EXP 	image: texRes = 128.0
17.3242 	EXP 	image: texRes = 128.0
17.4072 	EXP 	image: texRes = 128.0
17.4910 	EXP 	image: texRes = 128.0
17.5576 	EXP 	image: texRes = 128.0
17.5981 	EXP 	New trial (rep=1, index=0): None
17.6369 	DATA 	Keypress: space
17.6742 	EXP 	image: texRes = 128.0
17.6742 	EXP 	image: autoDraw = False
17.6742 	EXP 	text: autoDraw = False
17.6742 	EXP 	image: autoDraw = True
17.6742 	EXP 	image: texRes = 128.0
17.6742 	EXP 	text: autoDraw = True
17.7575 	EXP 	image: texRes = 128.0
17.8246 	EXP 	image: texRes = 128.0
17.8909 	EXP 	image: texRes = 128.0
17.9572 	EXP 	image: texRes = 128.0
18.0246 	EXP 	image: texRes = 128.0
18.0911 	EXP 	image: texRes = 128.0
18.1572 	EXP 	image: texRes = 128.0
18.2246 	EXP 	image: texRes = 128.0
18.3072 	EXP 	image: texRes = 128.0
18.3518 	EXP 	New trial (rep=2, index=0): None
18.3940 	DATA 	Keypress: space
18.4242 	EXP 	image: texRes = 128.0
18.4242 	EXP 	image: autoDraw = False
18.4242 	EXP 	text: autoDraw = False
18.4242 	EXP 	image: autoDraw = True
18.4242 	EXP 	image: texRes = 128.0
18.4242 	EXP 	text: autoDraw = True
18.5082 	EXP 	image: texRes = 128.0
18.5740 	EXP 	image: texRes = 128.0
18.6408 	EXP 	image: texRes = 128.0
18.7074 	EXP 	image: texRes = 128.0
18.7739 	EXP 	image: texRes = 128.0
18.8404 	EXP 	image: texRes = 128.0
18.8869 	EXP 	New trial (rep=3, index=0): None
18.9264 	DATA 	Keypress: space
18.9574 	EXP 	image: texRes = 128.0
18.9574 	EXP 	image: autoDraw = False
18.9574 	EXP 	text: autoDraw = False
18.9574 	EXP 	image: autoDraw = True
18.9574 	EXP 	image: texRes = 128.0
18.9574 	EXP 	text: autoDraw = True
19.0242 	EXP 	image: texRes = 128.0
19.0907 	EXP 	image: texRes = 128.0
19.1580 	EXP 	image: texRes = 128.0
19.2408 	EXP 	image: texRes = 128.0
19.3237 	EXP 	image: texRes = 128.0
19.3678 	EXP 	New trial (rep=4, index=0): None
19.4161 	DATA 	Keypress: space
19.4418 	EXP 	image: texRes = 128.0
19.4418 	EXP 	image: autoDraw = False
19.4418 	EXP 	text: autoDraw = False
19.4418 	EXP 	image: autoDraw = True
19.4418 	EXP 	image: texRes = 128.0
19.4418 	EXP 	text: autoDraw = True
19.5070 	EXP 	image: texRes = 128.0
19.5744 	EXP 	image: texRes = 128.0
19.6407 	EXP 	image: texRes = 128.0
19.7075 	EXP 	image: texRes = 128.0
19.7744 	EXP 	image: texRes = 128.0
19.8153 	EXP 	Created sequence: random, trialTypes=1, nReps=5, seed=None
19.8155 	EXP 	New trial (rep=0, index=0): None
19.8172 	EXP 	New trial (rep=1, index=0): None
19.8196 	EXP 	New trial (rep=2, index=0): None
19.8212 	EXP 	New trial (rep=3, index=0): None
19.8236 	EXP 	New trial (rep=4, index=0): None
19.8275 	DATA 	Keypress: space
19.8407 	EXP 	image: texRes = 128.0
19.8407 	EXP 	image: autoDraw = False
19.8407 	EXP 	text: autoDraw = False
19.9710 	EXP 	window1: mouseVisible = True
