1.0254 	WARNING 	We strongly recommend you activate the PTB sound engine in PsychoPy prefs as the preferred audio engine. Its timing is vastly superior. Your prefs are currently set to use ['sounddevice', 'PTB', 'pyo', 'pygame'] (in that order).
8.7352 	EXP 	Created window1 = Window(allowGUI=False, allowStencil=False, autoLog=True, backendConf=UNKNOWN, bitsMode=UNKNOWN, blendMode='avg', bpc=(8, 8, 8), color=array([0, 0, 0]), colorSpace='rgb', depthBits=8, fullscr=<method-wrapper '__getattribute__' of attributeSetter object at 0x000001CF3BFE38D0>, gamma=None, gammaErrorPolicy='raise', lms=UNKNOWN, monitor=<psychopy.monitors.calibTools.Monitor object at 0x000001CF3BEFEF60>, multiSample=False, name='window1', numSamples=2, pos=[0.0, 0.0], screen=0, size=array([1920, 1080]), stencilBits=0, stereo=False, units='height', useFBO=True, useRetina=False, viewOri=0.0, viewPos=None, viewScale=None, waitBlanking=True, winType='pyglet')
8.7354 	EXP 	window1: mouseVisible = True
8.7354 	EXP 	window1: recordFrameIntervals = False
8.9007 	EXP 	window1: recordFrameIntervals = True
9.0843 	EXP 	window1: recordFrameIntervals = False
9.5680 	EXP 	Created WelcomeText = TextStim(__class__=<class 'psychopy.visual.text.TextStim'>, alignHoriz=method-wrapper(...), alignText='center', alignVert=method-wrapper(...), anchorHoriz='center', anchorVert='center', antialias=True, autoLog=True, bold=False, color=array([1, 1, 1]), colorSpace='rgb', contrast=1.0, depth=0.0, flipHoriz=False, flipVert=False, font='Open Sans', fontFiles=[], height=0.1, italic=False, languageStyle='LTR', name='WelcomeText', opacity=1, ori=0.0, pos=array([0., 0.]), rgb=UNKNOWN, text='Welcome to our Study!', units='height', win=Window(...), wrapWidth=1)
9.5859 	EXP 	Imported test.xlsx as conditions, 1 conditions, 11 params
9.5871 	EXP 	Question text: test
9.6110 	EXP 	window1: mouseVisible = True
9.6573 	EXP 	window1: mouseVisible = True
9.6635 	EXP 	Created unnamed Rect = Rect(__class__=<class 'psychopy.visual.rect.Rect'>, autoDraw=False, autoLog=True, closeShape=True, color=method-wrapper(...), colorSpace='rgb', contrast=None, depth=0, fillColor=array([0, 0, 0]), fillColorSpace='rgb', fillRGB=UNKNOWN, interpolate=True, lineColor=array([0, 0, 0]), lineColorSpace='rgb', lineRGB=UNKNOWN, lineWidth=1.5, name='unnamed Rect', opacity=0, ori=0.0, pos=array([0., 0.]), size=array([0., 0.]), units='height', vertices=ndarray(...), win=Window(...))
9.6707 	EXP 	Created DepressionQuestionnaire = <psychopy.visual.form.Form object at 0x000001CF3EA39A58>
9.7000 	EXP 	window1: mouseVisible = True
9.7191 	EXP 	Created instructionsText = TextStim(__class__=<class 'psychopy.visual.text.TextStim'>, alignHoriz=method-wrapper(...), alignText='center', alignVert=method-wrapper(...), anchorHoriz='center', anchorVert='center', antialias=True, autoLog=True, bold=False, color=array([1, 1, 1]), colorSpace='rgb', contrast=1.0, depth=0.0, flipHoriz=False, flipVert=False, font='Open Sans', fontFiles=[], height=0.1, italic=False, languageStyle='LTR', name='instructionsText', opacity=1, ori=0.0, pos=array([0., 0.]), rgb=UNKNOWN, text='Any text\n\nincluding line breaks', units='height', win=Window(...), wrapWidth=1)
9.8619 	EXP 	Created image = ImageStim(__class__=<class 'psychopy.visual.image.ImageStim'>, autoLog=True, color=array([1, 1, 1]), colorSpace='rgb', contrast=1.0, depth=0.0, flipHoriz=False, flipVert=False, image='stimuli\\\\3a.png', interpolate=True, mask=None, maskParams=None, name='image', opacity=1.0, ori=0.0, pos=array([0., 0.]), size=array([2., 2.]), texRes=128.0, units='height', win=Window(...))
9.8677 	EXP 	Created text = TextStim(__class__=<class 'psychopy.visual.text.TextStim'>, alignHoriz=method-wrapper(...), alignText='center', alignVert=method-wrapper(...), anchorHoriz='center', anchorVert='center', antialias=True, autoLog=True, bold=False, color=array([1, 1, 1]), colorSpace='rgb', contrast=1.0, depth=-1.0, flipHoriz=False, flipVert=False, font='Open Sans', fontFiles=[], height=0.1, italic=False, languageStyle='LTR', name='text', opacity=1, ori=0.0, pos=array([0., 0.]), rgb=UNKNOWN, text='+', units='height', win=Window(...), wrapWidth=1)
9.8955 	DATA 	Keypress: d
9.9174 	EXP 	unnamed Form: autoLog = True
9.9174 	EXP 	DepressionQuestionnaire: name = 'DepressionQuestionnaire'
9.9174 	EXP 	DepressionQuestionnaire: size = (1, 0.7)
9.9174 	EXP 	DepressionQuestionnaire: size = array([1. , 0.7])
9.9174 	EXP 	DepressionQuestionnaire: units = 'height'
9.9174 	EXP 	DepressionQuestionnaire: depth = 0
9.9174 	EXP 	WelcomeText: autoDraw = True
10.7531 	DATA 	Mouse: Left button down, pos=(903,453)
10.8860 	DATA 	Mouse:  Left button up, pos=(903,452)
11.4364 	DATA 	Keypress: space
11.9180 	EXP 	WelcomeText: autoDraw = False
11.9180 	EXP 	DepressionQuestionnaire: autoDraw = True
13.3556 	DATA 	Mouse: Left button down, pos=(917,727)
13.5173 	DATA 	Mouse:  Left button up, pos=(916,727)
14.2840 	DATA 	Keypress: escape
14.5967 	EXP 	window1: mouseVisible = True
