0.9933 	WARNING 	We strongly recommend you activate the PTB sound engine in PsychoPy prefs as the preferred audio engine. Its timing is vastly superior. Your prefs are currently set to use ['sounddevice', 'PTB', 'pyo', 'pygame'] (in that order).
8.2263 	EXP 	Created window1 = Window(allowGUI=False, allowStencil=False, autoLog=True, backendConf=UNKNOWN, bitsMode=UNKNOWN, blendMode='avg', bpc=(8, 8, 8), color=array([0, 0, 0]), colorSpace='rgb', depthBits=8, fullscr=<method-wrapper '__getattribute__' of attributeSetter object at 0x00000272483648D0>, gamma=None, gammaErrorPolicy='raise', lms=UNKNOWN, monitor=<psychopy.monitors.calibTools.Monitor object at 0x000002724827EF60>, multiSample=False, name='window1', numSamples=2, pos=[0.0, 0.0], screen=0, size=array([1920, 1080]), stencilBits=0, stereo=False, units='height', useFBO=True, useRetina=False, viewOri=0.0, viewPos=None, viewScale=None, waitBlanking=True, winType='pyglet')
8.2265 	EXP 	window1: mouseVisible = True
8.2266 	EXP 	window1: recordFrameIntervals = False
8.3921 	EXP 	window1: recordFrameIntervals = True
8.5752 	EXP 	window1: recordFrameIntervals = False
9.0914 	EXP 	Created WelcomeText = TextStim(__class__=<class 'psychopy.visual.text.TextStim'>, alignHoriz=method-wrapper(...), alignText='center', alignVert=method-wrapper(...), anchorHoriz='center', anchorVert='center', antialias=True, autoLog=True, bold=False, color=array([1, 1, 1]), colorSpace='rgb', contrast=1.0, depth=0.0, flipHoriz=False, flipVert=False, font='Open Sans', fontFiles=[], height=0.1, italic=False, languageStyle='LTR', name='WelcomeText', opacity=1, ori=0.0, pos=array([0., 0.]), rgb=UNKNOWN, text='Welcome to our Study!', units='height', win=Window(...), wrapWidth=1)
9.1086 	EXP 	Imported test.xlsx as conditions, 1 conditions, 11 params
9.1098 	EXP 	Question text: test
9.1344 	EXP 	window1: mouseVisible = True
9.1782 	EXP 	window1: mouseVisible = True
9.1823 	EXP 	Created unnamed Rect = Rect(__class__=<class 'psychopy.visual.rect.Rect'>, autoDraw=False, autoLog=True, closeShape=True, color=method-wrapper(...), colorSpace='rgb', contrast=None, depth=0, fillColor=array([0, 0, 0]), fillColorSpace='rgb', fillRGB=UNKNOWN, interpolate=True, lineColor=array([0, 0, 0]), lineColorSpace='rgb', lineRGB=UNKNOWN, lineWidth=1.5, name='unnamed Rect', opacity=0, ori=0.0, pos=array([0., 0.]), size=array([0., 0.]), units='height', vertices=ndarray(...), win=Window(...))
9.1882 	EXP 	Created DepressionQuestionnaire = <psychopy.visual.form.Form object at 0x000002724AED6A58>
9.2113 	EXP 	window1: mouseVisible = True
9.2294 	EXP 	Created instructionsText = TextStim(__class__=<class 'psychopy.visual.text.TextStim'>, alignHoriz=method-wrapper(...), alignText='center', alignVert=method-wrapper(...), anchorHoriz='center', anchorVert='center', antialias=True, autoLog=True, bold=False, color=array([1, 1, 1]), colorSpace='rgb', contrast=1.0, depth=0.0, flipHoriz=False, flipVert=False, font='Open Sans', fontFiles=[], height=0.1, italic=False, languageStyle='LTR', name='instructionsText', opacity=1, ori=0.0, pos=array([0., 0.]), rgb=UNKNOWN, text='Any text\n\nincluding line breaks', units='height', win=Window(...), wrapWidth=1)
9.3852 	EXP 	Created image = ImageStim(__class__=<class 'psychopy.visual.image.ImageStim'>, autoLog=True, color=array([1, 1, 1]), colorSpace='rgb', contrast=1.0, depth=0.0, flipHoriz=False, flipVert=False, image='stimuli\\\\3a.png', interpolate=True, mask=None, maskParams=None, name='image', opacity=1.0, ori=0.0, pos=array([0., 0.]), size=array([2., 2.]), texRes=128.0, units='height', win=Window(...))
9.3921 	EXP 	Created text = TextStim(__class__=<class 'psychopy.visual.text.TextStim'>, alignHoriz=method-wrapper(...), alignText='center', alignVert=method-wrapper(...), anchorHoriz='center', anchorVert='center', antialias=True, autoLog=True, bold=False, color=array([1, 1, 1]), colorSpace='rgb', contrast=1.0, depth=-1.0, flipHoriz=False, flipVert=False, font='Open Sans', fontFiles=[], height=0.1, italic=False, languageStyle='LTR', name='text', opacity=1, ori=0.0, pos=array([0., 0.]), rgb=UNKNOWN, text='+', units='height', win=Window(...), wrapWidth=1)
9.4425 	EXP 	unnamed Form: autoLog = True
9.4425 	EXP 	DepressionQuestionnaire: name = 'DepressionQuestionnaire'
9.4425 	EXP 	DepressionQuestionnaire: size = (1, 0.7)
9.4425 	EXP 	DepressionQuestionnaire: size = array([1. , 0.7])
9.4425 	EXP 	DepressionQuestionnaire: units = 'height'
9.4425 	EXP 	DepressionQuestionnaire: depth = 0
9.4425 	EXP 	WelcomeText: autoDraw = True
10.0609 	DATA 	Mouse: Left button down, pos=(870,576)
10.1775 	DATA 	Mouse:  Left button up, pos=(870,576)
11.4411 	EXP 	WelcomeText: autoDraw = False
11.4411 	EXP 	DepressionQuestionnaire: autoDraw = True
13.2415 	DATA 	Mouse: Left button down, pos=(870,703)
13.4751 	DATA 	Mouse:  Left button up, pos=(870,703)
13.7752 	DATA 	Mouse: Left button down, pos=(1042,703)
13.8855 	DATA 	Mouse:  Left button up, pos=(1042,703)
14.7412 	DATA 	Keypress: escape
15.1193 	EXP 	window1: mouseVisible = True
