1.0832 	WARNING 	We strongly recommend you activate the PTB sound engine in PsychoPy prefs as the preferred audio engine. Its timing is vastly superior. Your prefs are currently set to use ['sounddevice', 'PTB', 'pyo', 'pygame'] (in that order).
6.5090 	EXP 	Created window1 = Window(allowGUI=False, allowStencil=False, autoLog=True, backendConf=UNKNOWN, bitsMode=UNKNOWN, blendMode='avg', bpc=(8, 8, 8), color=array([0, 0, 0]), colorSpace='rgb', depthBits=8, fullscr=<method-wrapper '__getattribute__' of attributeSetter object at 0x000002670D41C9E8>, gamma=None, gammaErrorPolicy='raise', lms=UNKNOWN, monitor=<psychopy.monitors.calibTools.Monitor object at 0x000002670D339080>, multiSample=False, name='window1', numSamples=2, pos=[0.0, 0.0], screen=0, size=array([1920, 1080]), stencilBits=0, stereo=False, units='height', useFBO=True, useRetina=False, viewOri=0.0, viewPos=None, viewScale=None, waitBlanking=True, winType='pyglet')
6.5092 	EXP 	window1: mouseVisible = True
6.5092 	EXP 	window1: recordFrameIntervals = False
6.6758 	EXP 	window1: recordFrameIntervals = True
6.8582 	EXP 	window1: recordFrameIntervals = False
7.3477 	EXP 	Created WelcomeText = TextStim(__class__=<class 'psychopy.visual.text.TextStim'>, alignHoriz=method-wrapper(...), alignText='center', alignVert=method-wrapper(...), anchorHoriz='center', anchorVert='center', antialias=True, autoLog=True, bold=False, color=array([1, 1, 1]), colorSpace='rgb', contrast=1.0, depth=0.0, flipHoriz=False, flipVert=False, font='Open Sans', fontFiles=[], height=0.1, italic=False, languageStyle='LTR', name='WelcomeText', opacity=1, ori=0.0, pos=array([0., 0.]), rgb=UNKNOWN, text='Welcome to our Study!', units='height', win=Window(...), wrapWidth=1)
7.3618 	EXP 	Imported test.xlsx as conditions, 1 conditions, 11 params
7.3627 	EXP 	Question text: test
7.3818 	EXP 	window1: mouseVisible = True
7.4178 	EXP 	window1: mouseVisible = True
7.4219 	EXP 	Created unnamed Rect = Rect(__class__=<class 'psychopy.visual.rect.Rect'>, autoDraw=False, autoLog=True, closeShape=True, color=method-wrapper(...), colorSpace='rgb', contrast=None, depth=0, fillColor=array([0, 0, 0]), fillColorSpace='rgb', fillRGB=UNKNOWN, interpolate=True, lineColor=array([0, 0, 0]), lineColorSpace='rgb', lineRGB=UNKNOWN, lineWidth=1.5, name='unnamed Rect', opacity=0, ori=0.0, pos=array([0., 0.]), size=array([0., 0.]), units='height', vertices=ndarray(...), win=Window(...))
7.4276 	EXP 	Created DepressionQuestionnaire = <psychopy.visual.form.Form object at 0x000002677FD718D0>
7.4513 	EXP 	window1: mouseVisible = True
7.4658 	EXP 	Created instructionsText = TextStim(__class__=<class 'psychopy.visual.text.TextStim'>, alignHoriz=method-wrapper(...), alignText='center', alignVert=method-wrapper(...), anchorHoriz='center', anchorVert='center', antialias=True, autoLog=True, bold=False, color=array([1, 1, 1]), colorSpace='rgb', contrast=1.0, depth=0.0, flipHoriz=False, flipVert=False, font='Open Sans', fontFiles=[], height=0.1, italic=False, languageStyle='LTR', name='instructionsText', opacity=1, ori=0.0, pos=array([0., 0.]), rgb=UNKNOWN, text='Any text\n\nincluding line breaks', units='height', win=Window(...), wrapWidth=1)
7.4688 	EXP 	Created hasPeriphery = ImageStim(__class__=<class 'psychopy.visual.image.ImageStim'>, autoLog=True, color=array([1, 1, 1]), colorSpace='rgb', contrast=1.0, depth=0.0, flipHoriz=False, flipVert=False, image='sin', interpolate=True, mask=None, maskParams=None, name='hasPeriphery', opacity=1.0, ori=0.0, pos=array([0., 0.]), size=array([0.5, 0.5]), texRes=128.0, units='height', win=Window(...))
7.5647 	EXP 	window1: mouseVisible = True
1.0493 	WARNING 	We strongly recommend you activate the PTB sound engine in PsychoPy prefs as the preferred audio engine. Its timing is vastly superior. Your prefs are currently set to use ['sounddevice', 'PTB', 'pyo', 'pygame'] (in that order).
6.6830 	EXP 	Created window1 = Window(allowGUI=False, allowStencil=False, autoLog=True, backendConf=UNKNOWN, bitsMode=UNKNOWN, blendMode='avg', bpc=(8, 8, 8), color=array([0, 0, 0]), colorSpace='rgb', depthBits=8, fullscr=<method-wrapper '__getattribute__' of attributeSetter object at 0x00000237510F4A90>, gamma=None, gammaErrorPolicy='raise', lms=UNKNOWN, monitor=<psychopy.monitors.calibTools.Monitor object at 0x0000023751092128>, multiSample=False, name='window1', numSamples=2, pos=[0.0, 0.0], screen=0, size=array([1920, 1080]), stencilBits=0, stereo=False, units='height', useFBO=True, useRetina=False, viewOri=0.0, viewPos=None, viewScale=None, waitBlanking=True, winType='pyglet')
6.6833 	EXP 	window1: mouseVisible = True
6.6833 	EXP 	window1: recordFrameIntervals = False
6.8495 	EXP 	window1: recordFrameIntervals = True
7.0331 	EXP 	window1: recordFrameIntervals = False
7.5080 	EXP 	Created WelcomeText = TextStim(__class__=<class 'psychopy.visual.text.TextStim'>, alignHoriz=method-wrapper(...), alignText='center', alignVert=method-wrapper(...), anchorHoriz='center', anchorVert='center', antialias=True, autoLog=True, bold=False, color=array([1, 1, 1]), colorSpace='rgb', contrast=1.0, depth=0.0, flipHoriz=False, flipVert=False, font='Open Sans', fontFiles=[], height=0.1, italic=False, languageStyle='LTR', name='WelcomeText', opacity=1, ori=0.0, pos=array([0., 0.]), rgb=UNKNOWN, text='Welcome to our Study!', units='height', win=Window(...), wrapWidth=1)
7.5216 	EXP 	Imported test.xlsx as conditions, 1 conditions, 11 params
7.5226 	EXP 	Question text: test
7.5377 	EXP 	window1: mouseVisible = True
7.5701 	EXP 	window1: mouseVisible = True
7.5743 	EXP 	Created unnamed Rect = Rect(__class__=<class 'psychopy.visual.rect.Rect'>, autoDraw=False, autoLog=True, closeShape=True, color=method-wrapper(...), colorSpace='rgb', contrast=None, depth=0, fillColor=array([0, 0, 0]), fillColorSpace='rgb', fillRGB=UNKNOWN, interpolate=True, lineColor=array([0, 0, 0]), lineColorSpace='rgb', lineRGB=UNKNOWN, lineWidth=1.5, name='unnamed Rect', opacity=0, ori=0.0, pos=array([0., 0.]), size=array([0., 0.]), units='height', vertices=ndarray(...), win=Window(...))
7.5799 	EXP 	Created DepressionQuestionnaire = <psychopy.visual.form.Form object at 0x0000023753B73C18>
7.6029 	EXP 	window1: mouseVisible = True
7.6164 	EXP 	Created instructionsText = TextStim(__class__=<class 'psychopy.visual.text.TextStim'>, alignHoriz=method-wrapper(...), alignText='center', alignVert=method-wrapper(...), anchorHoriz='center', anchorVert='center', antialias=True, autoLog=True, bold=False, color=array([1, 1, 1]), colorSpace='rgb', contrast=1.0, depth=0.0, flipHoriz=False, flipVert=False, font='Open Sans', fontFiles=[], height=0.1, italic=False, languageStyle='LTR', name='instructionsText', opacity=1, ori=0.0, pos=array([0., 0.]), rgb=UNKNOWN, text='Any text\n\nincluding line breaks', units='height', win=Window(...), wrapWidth=1)
7.6195 	EXP 	Created hasPeriphery = ImageStim(__class__=<class 'psychopy.visual.image.ImageStim'>, autoLog=True, color=array([1, 1, 1]), colorSpace='rgb', contrast=1.0, depth=0.0, flipHoriz=False, flipVert=False, image='sin', interpolate=True, mask=None, maskParams=None, name='hasPeriphery', opacity=1.0, ori=0.0, pos=array([0., 0.]), size=array([0.5, 0.5]), texRes=128.0, units='height', win=Window(...))
7.6219 	EXP 	Created noPeriphery = ImageStim(__class__=<class 'psychopy.visual.image.ImageStim'>, autoLog=True, color=array([1, 1, 1]), colorSpace='rgb', contrast=1.0, depth=-2.0, flipHoriz=False, flipVert=False, image='sin', interpolate=True, mask=None, maskParams=None, name='noPeriphery', opacity=1.0, ori=0.0, pos=array([0., 0.]), size=array([0.5, 0.5]), texRes=128.0, units='height', win=Window(...))
7.6263 	EXP 	Created text = TextStim(__class__=<class 'psychopy.visual.text.TextStim'>, alignHoriz=method-wrapper(...), alignText='center', alignVert=method-wrapper(...), anchorHoriz='center', anchorVert='center', antialias=True, autoLog=True, bold=False, color=array([ 1, -1, -1]), colorSpace='rgb', contrast=1.0, depth=-3.0, flipHoriz=False, flipVert=False, font='Open Sans', fontFiles=[], height=0.1, italic=False, languageStyle='LTR', name='text', opacity=1, ori=0.0, pos=array([0., 0.]), rgb=UNKNOWN, text='+', units='height', win=Window(...), wrapWidth=1)
7.6656 	EXP 	unnamed Form: autoLog = True
7.6656 	EXP 	DepressionQuestionnaire: name = 'DepressionQuestionnaire'
7.6656 	EXP 	DepressionQuestionnaire: size = (1, 0.7)
7.6656 	EXP 	DepressionQuestionnaire: size = array([1. , 0.7])
7.6656 	EXP 	DepressionQuestionnaire: units = 'height'
7.6656 	EXP 	DepressionQuestionnaire: depth = 0
7.6656 	EXP 	WelcomeText: autoDraw = True
9.6659 	EXP 	WelcomeText: autoDraw = False
9.6659 	EXP 	DepressionQuestionnaire: autoDraw = True
11.8323 	DATA 	Mouse: Left button down, pos=(759,541)
11.8483 	EXP 	DepressionQuestionnaire: autoDraw = False
11.8483 	EXP 	instructionsText: autoDraw = True
11.9711 	DATA 	Mouse:  Left button up, pos=(759,541)
16.1864 	DATA 	Mouse: Left button down, pos=(821,499)
16.4027 	DATA 	Mouse:  Left button up, pos=(821,499)
18.1899 	EXP 	Imported picPaths.xlsx as conditions, 6 conditions, 3 params
18.1903 	EXP 	Created sequence: random, trialTypes=6, nReps=5, seed=None
18.1906 	EXP 	New trial (rep=0, index=0): {'startImage': 'C:\\Users\\hesselmann\\Desktop\\PsychoPyUniformityIllusion\\UniformityIllusionPsychoPy\\stimuli\\1start.png', 'endImage': 'C:\\Users\\hesselmann\\Desktop\\PsychoPyUniformityIllusion\\UniformityIllusionPsychoPy\\stimuli\\1a.png', 'AB': 'a'}
18.3836 	DATA 	Keypress: space
18.4304 	EXP 	instructionsText: autoDraw = False
18.4304 	EXP 	hasPeriphery: size = array([1.77777778, 1.        ])
18.4304 	EXP 	hasPeriphery: image = 'C:\\Users\\hesselmann\\Desktop\\PsychoPyUniformityIllusion\\UniformityIllusionPsychoPy\\stimuli\\1a.png'
18.4304 	EXP 	noPeriphery: size = array([1.77777778, 1.        ])
18.4304 	EXP 	noPeriphery: image = 'C:\\Users\\hesselmann\\Desktop\\PsychoPyUniformityIllusion\\UniformityIllusionPsychoPy\\stimuli\\1start.png'
18.4304 	EXP 	hasPeriphery: autoDraw = True
18.4304 	EXP 	hasPeriphery: texRes = 128.0
18.4304 	EXP 	noPeriphery: autoDraw = True
18.4304 	EXP 	noPeriphery: texRes = 128.0
18.4304 	EXP 	text: autoDraw = True
18.5646 	EXP 	hasPeriphery: texRes = 128.0
18.5646 	EXP 	noPeriphery: texRes = 128.0
18.7141 	EXP 	hasPeriphery: texRes = 128.0
18.7141 	EXP 	noPeriphery: texRes = 128.0
18.8646 	EXP 	hasPeriphery: texRes = 128.0
18.8646 	EXP 	noPeriphery: texRes = 128.0
19.0135 	EXP 	hasPeriphery: texRes = 128.0
19.0135 	EXP 	noPeriphery: texRes = 128.0
19.1642 	EXP 	hasPeriphery: texRes = 128.0
19.1642 	EXP 	noPeriphery: texRes = 128.0
19.2966 	EXP 	hasPeriphery: texRes = 128.0
19.2966 	EXP 	noPeriphery: texRes = 128.0
19.4470 	EXP 	hasPeriphery: texRes = 128.0
19.4470 	EXP 	noPeriphery: texRes = 128.0
19.5806 	EXP 	hasPeriphery: texRes = 128.0
19.5806 	EXP 	noPeriphery: texRes = 128.0
19.7301 	EXP 	hasPeriphery: texRes = 128.0
19.7301 	EXP 	noPeriphery: texRes = 128.0
19.8968 	EXP 	hasPeriphery: texRes = 128.0
19.8968 	EXP 	noPeriphery: texRes = 128.0
20.0481 	EXP 	hasPeriphery: texRes = 128.0
20.0481 	EXP 	noPeriphery: texRes = 128.0
20.2135 	EXP 	hasPeriphery: texRes = 128.0
20.2135 	EXP 	noPeriphery: texRes = 128.0
20.3474 	EXP 	hasPeriphery: texRes = 128.0
20.3474 	EXP 	noPeriphery: texRes = 128.0
20.4971 	EXP 	hasPeriphery: texRes = 128.0
20.4971 	EXP 	noPeriphery: texRes = 128.0
20.6305 	EXP 	hasPeriphery: texRes = 128.0
20.6305 	EXP 	noPeriphery: texRes = 128.0
20.7631 	EXP 	hasPeriphery: texRes = 128.0
20.7631 	EXP 	noPeriphery: texRes = 128.0
20.9133 	EXP 	hasPeriphery: texRes = 128.0
20.9133 	EXP 	noPeriphery: texRes = 128.0
21.0465 	EXP 	hasPeriphery: texRes = 128.0
21.0465 	EXP 	noPeriphery: texRes = 128.0
21.1414 	EXP 	New trial (rep=0, index=1): {'startImage': 'C:\\Users\\hesselmann\\Desktop\\PsychoPyUniformityIllusion\\UniformityIllusionPsychoPy\\stimuli\\1start.png', 'endImage': 'C:\\Users\\hesselmann\\Desktop\\PsychoPyUniformityIllusion\\UniformityIllusionPsychoPy\\stimuli\\1b.png', 'AB': 'b'}
21.3326 	DATA 	Keypress: space
21.3807 	EXP 	hasPeriphery: texRes = 128.0
21.3807 	EXP 	noPeriphery: texRes = 128.0
21.3807 	EXP 	hasPeriphery: autoDraw = False
21.3807 	EXP 	noPeriphery: autoDraw = False
21.3807 	EXP 	text: autoDraw = False
21.3807 	EXP 	hasPeriphery: size = array([1.77777778, 1.        ])
21.3807 	EXP 	hasPeriphery: image = 'C:\\Users\\hesselmann\\Desktop\\PsychoPyUniformityIllusion\\UniformityIllusionPsychoPy\\stimuli\\1b.png'
21.3807 	EXP 	noPeriphery: size = array([1.77777778, 1.        ])
21.3807 	EXP 	noPeriphery: image = 'C:\\Users\\hesselmann\\Desktop\\PsychoPyUniformityIllusion\\UniformityIllusionPsychoPy\\stimuli\\1start.png'
21.3807 	EXP 	hasPeriphery: autoDraw = True
21.3807 	EXP 	hasPeriphery: texRes = 128.0
21.3807 	EXP 	noPeriphery: autoDraw = True
21.3807 	EXP 	noPeriphery: texRes = 128.0
21.3807 	EXP 	text: autoDraw = True
21.5299 	EXP 	hasPeriphery: texRes = 128.0
21.5299 	EXP 	noPeriphery: texRes = 128.0
21.6961 	EXP 	hasPeriphery: texRes = 128.0
21.6961 	EXP 	noPeriphery: texRes = 128.0
21.8464 	EXP 	hasPeriphery: texRes = 128.0
21.8464 	EXP 	noPeriphery: texRes = 128.0
21.9972 	EXP 	hasPeriphery: texRes = 128.0
21.9972 	EXP 	noPeriphery: texRes = 128.0
22.1461 	EXP 	hasPeriphery: texRes = 128.0
22.1461 	EXP 	noPeriphery: texRes = 128.0
22.2960 	EXP 	hasPeriphery: texRes = 128.0
22.2960 	EXP 	noPeriphery: texRes = 128.0
22.4459 	EXP 	hasPeriphery: texRes = 128.0
22.4459 	EXP 	noPeriphery: texRes = 128.0
22.5967 	EXP 	hasPeriphery: texRes = 128.0
22.5967 	EXP 	noPeriphery: texRes = 128.0
22.7471 	EXP 	hasPeriphery: texRes = 128.0
22.7471 	EXP 	noPeriphery: texRes = 128.0
22.9137 	EXP 	hasPeriphery: texRes = 128.0
22.9137 	EXP 	noPeriphery: texRes = 128.0
23.0792 	EXP 	hasPeriphery: texRes = 128.0
23.0792 	EXP 	noPeriphery: texRes = 128.0
23.2297 	EXP 	hasPeriphery: texRes = 128.0
23.2297 	EXP 	noPeriphery: texRes = 128.0
23.3791 	EXP 	hasPeriphery: texRes = 128.0
23.3791 	EXP 	noPeriphery: texRes = 128.0
23.5290 	EXP 	hasPeriphery: texRes = 128.0
23.5290 	EXP 	noPeriphery: texRes = 128.0
23.6790 	EXP 	hasPeriphery: texRes = 128.0
23.6790 	EXP 	noPeriphery: texRes = 128.0
23.8294 	EXP 	hasPeriphery: texRes = 128.0
23.8294 	EXP 	noPeriphery: texRes = 128.0
23.9798 	EXP 	hasPeriphery: texRes = 128.0
23.9798 	EXP 	noPeriphery: texRes = 128.0
24.1297 	EXP 	hasPeriphery: texRes = 128.0
24.1297 	EXP 	noPeriphery: texRes = 128.0
24.2964 	EXP 	hasPeriphery: texRes = 128.0
24.2964 	EXP 	noPeriphery: texRes = 128.0
24.4460 	EXP 	hasPeriphery: texRes = 128.0
24.4460 	EXP 	noPeriphery: texRes = 128.0
24.5967 	EXP 	hasPeriphery: texRes = 128.0
24.5967 	EXP 	noPeriphery: texRes = 128.0
24.7455 	EXP 	hasPeriphery: texRes = 128.0
24.7455 	EXP 	noPeriphery: texRes = 128.0
24.8959 	EXP 	hasPeriphery: texRes = 128.0
24.8959 	EXP 	noPeriphery: texRes = 128.0
25.0457 	EXP 	hasPeriphery: texRes = 128.0
25.0457 	EXP 	noPeriphery: texRes = 128.0
25.1965 	EXP 	hasPeriphery: texRes = 128.0
25.1965 	EXP 	noPeriphery: texRes = 128.0
25.3469 	EXP 	hasPeriphery: texRes = 128.0
25.3469 	EXP 	noPeriphery: texRes = 128.0
25.4964 	EXP 	hasPeriphery: texRes = 128.0
25.4964 	EXP 	noPeriphery: texRes = 128.0
25.6458 	EXP 	hasPeriphery: texRes = 128.0
25.6458 	EXP 	noPeriphery: texRes = 128.0
25.7953 	EXP 	hasPeriphery: texRes = 128.0
25.7953 	EXP 	noPeriphery: texRes = 128.0
25.9456 	EXP 	hasPeriphery: texRes = 128.0
25.9456 	EXP 	noPeriphery: texRes = 128.0
26.0961 	EXP 	hasPeriphery: texRes = 128.0
26.0961 	EXP 	noPeriphery: texRes = 128.0
26.2466 	EXP 	hasPeriphery: texRes = 128.0
26.2466 	EXP 	noPeriphery: texRes = 128.0
26.4126 	EXP 	hasPeriphery: texRes = 128.0
26.4126 	EXP 	noPeriphery: texRes = 128.0
26.5624 	EXP 	hasPeriphery: texRes = 128.0
26.5624 	EXP 	noPeriphery: texRes = 128.0
26.7288 	EXP 	hasPeriphery: texRes = 128.0
26.7288 	EXP 	noPeriphery: texRes = 128.0
26.8789 	EXP 	hasPeriphery: texRes = 128.0
26.8789 	EXP 	noPeriphery: texRes = 128.0
27.0285 	EXP 	hasPeriphery: texRes = 128.0
27.0285 	EXP 	noPeriphery: texRes = 128.0
27.1791 	EXP 	hasPeriphery: texRes = 128.0
27.1791 	EXP 	noPeriphery: texRes = 128.0
27.3453 	EXP 	hasPeriphery: texRes = 128.0
27.3453 	EXP 	noPeriphery: texRes = 128.0
27.4957 	EXP 	hasPeriphery: texRes = 128.0
27.4957 	EXP 	noPeriphery: texRes = 128.0
27.6459 	EXP 	hasPeriphery: texRes = 128.0
27.6459 	EXP 	noPeriphery: texRes = 128.0
27.7948 	EXP 	hasPeriphery: texRes = 128.0
27.7948 	EXP 	noPeriphery: texRes = 128.0
27.9463 	EXP 	hasPeriphery: texRes = 128.0
27.9463 	EXP 	noPeriphery: texRes = 128.0
28.0953 	EXP 	hasPeriphery: texRes = 128.0
28.0953 	EXP 	noPeriphery: texRes = 128.0
28.2455 	EXP 	hasPeriphery: texRes = 128.0
28.2455 	EXP 	noPeriphery: texRes = 128.0
28.3959 	EXP 	hasPeriphery: texRes = 128.0
28.3959 	EXP 	noPeriphery: texRes = 128.0
28.4911 	EXP 	New trial (rep=0, index=2): {'startImage': 'C:\\Users\\hesselmann\\Desktop\\PsychoPyUniformityIllusion\\UniformityIllusionPsychoPy\\stimuli\\2start.png', 'endImage': 'C:\\Users\\hesselmann\\Desktop\\PsychoPyUniformityIllusion\\UniformityIllusionPsychoPy\\stimuli\\2b.png', 'AB': 'b'}
28.6316 	DATA 	Keypress: space
28.6785 	EXP 	hasPeriphery: texRes = 128.0
28.6785 	EXP 	noPeriphery: texRes = 128.0
28.6785 	EXP 	hasPeriphery: autoDraw = False
28.6785 	EXP 	noPeriphery: autoDraw = False
28.6785 	EXP 	text: autoDraw = False
28.6785 	EXP 	hasPeriphery: size = array([1.77777778, 1.        ])
28.6785 	EXP 	hasPeriphery: image = 'C:\\Users\\hesselmann\\Desktop\\PsychoPyUniformityIllusion\\UniformityIllusionPsychoPy\\stimuli\\2b.png'
28.6785 	EXP 	noPeriphery: size = array([1.77777778, 1.        ])
28.6785 	EXP 	noPeriphery: image = 'C:\\Users\\hesselmann\\Desktop\\PsychoPyUniformityIllusion\\UniformityIllusionPsychoPy\\stimuli\\2start.png'
28.6785 	EXP 	hasPeriphery: autoDraw = True
28.6785 	EXP 	hasPeriphery: texRes = 128.0
28.6785 	EXP 	noPeriphery: autoDraw = True
28.6785 	EXP 	noPeriphery: texRes = 128.0
28.6785 	EXP 	text: autoDraw = True
28.7953 	EXP 	hasPeriphery: texRes = 128.0
28.7953 	EXP 	noPeriphery: texRes = 128.0
28.9118 	EXP 	hasPeriphery: texRes = 128.0
28.9118 	EXP 	noPeriphery: texRes = 128.0
29.0283 	EXP 	hasPeriphery: texRes = 128.0
29.0283 	EXP 	noPeriphery: texRes = 128.0
29.1446 	EXP 	hasPeriphery: texRes = 128.0
29.1446 	EXP 	noPeriphery: texRes = 128.0
29.2617 	EXP 	hasPeriphery: texRes = 128.0
29.2617 	EXP 	noPeriphery: texRes = 128.0
29.3779 	EXP 	hasPeriphery: texRes = 128.0
29.3779 	EXP 	noPeriphery: texRes = 128.0
29.4951 	EXP 	hasPeriphery: texRes = 128.0
29.4951 	EXP 	noPeriphery: texRes = 128.0
29.6112 	EXP 	hasPeriphery: texRes = 128.0
29.6112 	EXP 	noPeriphery: texRes = 128.0
29.7284 	EXP 	hasPeriphery: texRes = 128.0
29.7284 	EXP 	noPeriphery: texRes = 128.0
29.8451 	EXP 	hasPeriphery: texRes = 128.0
29.8451 	EXP 	noPeriphery: texRes = 128.0
29.9618 	EXP 	hasPeriphery: texRes = 128.0
29.9618 	EXP 	noPeriphery: texRes = 128.0
30.0787 	EXP 	hasPeriphery: texRes = 128.0
30.0787 	EXP 	noPeriphery: texRes = 128.0
30.1946 	EXP 	hasPeriphery: texRes = 128.0
30.1946 	EXP 	noPeriphery: texRes = 128.0
30.3114 	EXP 	hasPeriphery: texRes = 128.0
30.3114 	EXP 	noPeriphery: texRes = 128.0
30.4288 	EXP 	hasPeriphery: texRes = 128.0
30.4288 	EXP 	noPeriphery: texRes = 128.0
30.4948 	EXP 	New trial (rep=0, index=3): {'startImage': 'C:\\Users\\hesselmann\\Desktop\\PsychoPyUniformityIllusion\\UniformityIllusionPsychoPy\\stimuli\\3start.png', 'endImage': 'C:\\Users\\hesselmann\\Desktop\\PsychoPyUniformityIllusion\\UniformityIllusionPsychoPy\\stimuli\\3a.png', 'AB': 'a'}
30.6419 	DATA 	Keypress: space
30.6777 	EXP 	hasPeriphery: texRes = 128.0
30.6777 	EXP 	noPeriphery: texRes = 128.0
30.6777 	EXP 	hasPeriphery: autoDraw = False
30.6777 	EXP 	noPeriphery: autoDraw = False
30.6777 	EXP 	text: autoDraw = False
30.6777 	EXP 	hasPeriphery: size = array([1.77777778, 1.        ])
30.6777 	EXP 	hasPeriphery: image = 'C:\\Users\\hesselmann\\Desktop\\PsychoPyUniformityIllusion\\UniformityIllusionPsychoPy\\stimuli\\3a.png'
30.6777 	EXP 	noPeriphery: size = array([1.77777778, 1.        ])
30.6777 	EXP 	noPeriphery: image = 'C:\\Users\\hesselmann\\Desktop\\PsychoPyUniformityIllusion\\UniformityIllusionPsychoPy\\stimuli\\3start.png'
30.6777 	EXP 	hasPeriphery: autoDraw = True
30.6777 	EXP 	hasPeriphery: texRes = 128.0
30.6777 	EXP 	noPeriphery: autoDraw = True
30.6777 	EXP 	noPeriphery: texRes = 128.0
30.6777 	EXP 	text: autoDraw = True
30.7958 	EXP 	hasPeriphery: texRes = 128.0
30.7958 	EXP 	noPeriphery: texRes = 128.0
30.9277 	EXP 	hasPeriphery: texRes = 128.0
30.9277 	EXP 	noPeriphery: texRes = 128.0
31.0450 	EXP 	hasPeriphery: texRes = 128.0
31.0450 	EXP 	noPeriphery: texRes = 128.0
31.1609 	EXP 	hasPeriphery: texRes = 128.0
31.1609 	EXP 	noPeriphery: texRes = 128.0
31.2787 	EXP 	hasPeriphery: texRes = 128.0
31.2787 	EXP 	noPeriphery: texRes = 128.0
31.4110 	EXP 	hasPeriphery: texRes = 128.0
31.4110 	EXP 	noPeriphery: texRes = 128.0
31.5282 	EXP 	hasPeriphery: texRes = 128.0
31.5282 	EXP 	noPeriphery: texRes = 128.0
31.6449 	EXP 	hasPeriphery: texRes = 128.0
31.6449 	EXP 	noPeriphery: texRes = 128.0
31.7610 	EXP 	hasPeriphery: texRes = 128.0
31.7610 	EXP 	noPeriphery: texRes = 128.0
31.8940 	EXP 	hasPeriphery: texRes = 128.0
31.8940 	EXP 	noPeriphery: texRes = 128.0
32.0281 	EXP 	hasPeriphery: texRes = 128.0
32.0281 	EXP 	noPeriphery: texRes = 128.0
32.1444 	EXP 	hasPeriphery: texRes = 128.0
32.1444 	EXP 	noPeriphery: texRes = 128.0
32.2613 	EXP 	hasPeriphery: texRes = 128.0
32.2613 	EXP 	noPeriphery: texRes = 128.0
32.3779 	EXP 	hasPeriphery: texRes = 128.0
32.3779 	EXP 	noPeriphery: texRes = 128.0
32.4943 	EXP 	hasPeriphery: texRes = 128.0
32.4943 	EXP 	noPeriphery: texRes = 128.0
32.6110 	EXP 	hasPeriphery: texRes = 128.0
32.6110 	EXP 	noPeriphery: texRes = 128.0
32.7446 	EXP 	hasPeriphery: texRes = 128.0
32.7446 	EXP 	noPeriphery: texRes = 128.0
32.8609 	EXP 	hasPeriphery: texRes = 128.0
32.8609 	EXP 	noPeriphery: texRes = 128.0
32.9772 	EXP 	hasPeriphery: texRes = 128.0
32.9772 	EXP 	noPeriphery: texRes = 128.0
33.0952 	EXP 	hasPeriphery: texRes = 128.0
33.0952 	EXP 	noPeriphery: texRes = 128.0
33.2278 	EXP 	hasPeriphery: texRes = 128.0
33.2278 	EXP 	noPeriphery: texRes = 128.0
33.3612 	EXP 	hasPeriphery: texRes = 128.0
33.3612 	EXP 	noPeriphery: texRes = 128.0
33.4938 	EXP 	hasPeriphery: texRes = 128.0
33.4938 	EXP 	noPeriphery: texRes = 128.0
33.6109 	EXP 	hasPeriphery: texRes = 128.0
33.6109 	EXP 	noPeriphery: texRes = 128.0
33.7279 	EXP 	hasPeriphery: texRes = 128.0
33.7279 	EXP 	noPeriphery: texRes = 128.0
33.8603 	EXP 	hasPeriphery: texRes = 128.0
33.8603 	EXP 	noPeriphery: texRes = 128.0
33.9774 	EXP 	hasPeriphery: texRes = 128.0
33.9774 	EXP 	noPeriphery: texRes = 128.0
34.0939 	EXP 	hasPeriphery: texRes = 128.0
34.0939 	EXP 	noPeriphery: texRes = 128.0
34.2118 	EXP 	hasPeriphery: texRes = 128.0
34.2118 	EXP 	noPeriphery: texRes = 128.0
34.3440 	EXP 	hasPeriphery: texRes = 128.0
34.3440 	EXP 	noPeriphery: texRes = 128.0
34.4607 	EXP 	hasPeriphery: texRes = 128.0
34.4607 	EXP 	noPeriphery: texRes = 128.0
34.5775 	EXP 	hasPeriphery: texRes = 128.0
34.5775 	EXP 	noPeriphery: texRes = 128.0
34.6936 	EXP 	hasPeriphery: texRes = 128.0
34.6936 	EXP 	noPeriphery: texRes = 128.0
34.8105 	EXP 	hasPeriphery: texRes = 128.0
34.8105 	EXP 	noPeriphery: texRes = 128.0
34.9272 	EXP 	hasPeriphery: texRes = 128.0
34.9272 	EXP 	noPeriphery: texRes = 128.0
35.0443 	EXP 	hasPeriphery: texRes = 128.0
35.0443 	EXP 	noPeriphery: texRes = 128.0
35.1278 	EXP 	New trial (rep=0, index=4): {'startImage': 'C:\\Users\\hesselmann\\Desktop\\PsychoPyUniformityIllusion\\UniformityIllusionPsychoPy\\stimuli\\3start.png', 'endImage': 'C:\\Users\\hesselmann\\Desktop\\PsychoPyUniformityIllusion\\UniformityIllusionPsychoPy\\stimuli\\3b.png', 'AB': 'b'}
35.2737 	DATA 	Keypress: space
35.3104 	EXP 	hasPeriphery: texRes = 128.0
35.3104 	EXP 	noPeriphery: texRes = 128.0
35.3104 	EXP 	hasPeriphery: autoDraw = False
35.3104 	EXP 	noPeriphery: autoDraw = False
35.3104 	EXP 	text: autoDraw = False
35.3104 	EXP 	hasPeriphery: size = array([1.77777778, 1.        ])
35.3104 	EXP 	hasPeriphery: image = 'C:\\Users\\hesselmann\\Desktop\\PsychoPyUniformityIllusion\\UniformityIllusionPsychoPy\\stimuli\\3b.png'
35.3104 	EXP 	noPeriphery: size = array([1.77777778, 1.        ])
35.3104 	EXP 	noPeriphery: image = 'C:\\Users\\hesselmann\\Desktop\\PsychoPyUniformityIllusion\\UniformityIllusionPsychoPy\\stimuli\\3start.png'
35.3104 	EXP 	hasPeriphery: autoDraw = True
35.3104 	EXP 	hasPeriphery: texRes = 128.0
35.3104 	EXP 	noPeriphery: autoDraw = True
35.3104 	EXP 	noPeriphery: texRes = 128.0
35.3104 	EXP 	text: autoDraw = True
35.4266 	EXP 	hasPeriphery: texRes = 128.0
35.4266 	EXP 	noPeriphery: texRes = 128.0
35.5600 	EXP 	hasPeriphery: texRes = 128.0
35.5600 	EXP 	noPeriphery: texRes = 128.0
35.6775 	EXP 	hasPeriphery: texRes = 128.0
35.6775 	EXP 	noPeriphery: texRes = 128.0
35.7933 	EXP 	hasPeriphery: texRes = 128.0
35.7933 	EXP 	noPeriphery: texRes = 128.0
35.9107 	EXP 	hasPeriphery: texRes = 128.0
35.9107 	EXP 	noPeriphery: texRes = 128.0
36.0270 	EXP 	hasPeriphery: texRes = 128.0
36.0270 	EXP 	noPeriphery: texRes = 128.0
36.1435 	EXP 	hasPeriphery: texRes = 128.0
36.1435 	EXP 	noPeriphery: texRes = 128.0
36.2772 	EXP 	hasPeriphery: texRes = 128.0
36.2772 	EXP 	noPeriphery: texRes = 128.0
36.3935 	EXP 	hasPeriphery: texRes = 128.0
36.3935 	EXP 	noPeriphery: texRes = 128.0
36.5102 	EXP 	hasPeriphery: texRes = 128.0
36.5102 	EXP 	noPeriphery: texRes = 128.0
36.6265 	EXP 	hasPeriphery: texRes = 128.0
36.6265 	EXP 	noPeriphery: texRes = 128.0
36.7439 	EXP 	hasPeriphery: texRes = 128.0
36.7439 	EXP 	noPeriphery: texRes = 128.0
36.8763 	EXP 	hasPeriphery: texRes = 128.0
36.8763 	EXP 	noPeriphery: texRes = 128.0
36.9673 	DATA 	Keypress: space
37.0097 	EXP 	hasPeriphery: texRes = 128.0
37.0097 	EXP 	noPeriphery: texRes = 128.0
37.0793 	EXP 	New trial (rep=0, index=5): {'startImage': 'C:\\Users\\hesselmann\\Desktop\\PsychoPyUniformityIllusion\\UniformityIllusionPsychoPy\\stimuli\\2start.png', 'endImage': 'C:\\Users\\hesselmann\\Desktop\\PsychoPyUniformityIllusion\\UniformityIllusionPsychoPy\\stimuli\\2a.png', 'AB': 'a'}
37.2763 	EXP 	hasPeriphery: texRes = 128.0
37.2763 	EXP 	noPeriphery: texRes = 128.0
37.2763 	EXP 	hasPeriphery: autoDraw = False
37.2763 	EXP 	noPeriphery: autoDraw = False
37.2763 	EXP 	text: autoDraw = False
37.2763 	EXP 	hasPeriphery: size = array([1.77777778, 1.        ])
37.2763 	EXP 	hasPeriphery: image = 'C:\\Users\\hesselmann\\Desktop\\PsychoPyUniformityIllusion\\UniformityIllusionPsychoPy\\stimuli\\2a.png'
37.2763 	EXP 	noPeriphery: size = array([1.77777778, 1.        ])
37.2763 	EXP 	noPeriphery: image = 'C:\\Users\\hesselmann\\Desktop\\PsychoPyUniformityIllusion\\UniformityIllusionPsychoPy\\stimuli\\2start.png'
37.2763 	EXP 	hasPeriphery: autoDraw = True
37.2763 	EXP 	hasPeriphery: texRes = 128.0
37.2763 	EXP 	noPeriphery: autoDraw = True
37.2763 	EXP 	noPeriphery: texRes = 128.0
37.2763 	EXP 	text: autoDraw = True
37.4100 	EXP 	hasPeriphery: texRes = 128.0
37.4100 	EXP 	noPeriphery: texRes = 128.0
37.5265 	EXP 	hasPeriphery: texRes = 128.0
37.5265 	EXP 	noPeriphery: texRes = 128.0
37.6602 	EXP 	hasPeriphery: texRes = 128.0
37.6602 	EXP 	noPeriphery: texRes = 128.0
37.7762 	EXP 	hasPeriphery: texRes = 128.0
37.7762 	EXP 	noPeriphery: texRes = 128.0
37.8938 	EXP 	hasPeriphery: texRes = 128.0
37.8938 	EXP 	noPeriphery: texRes = 128.0
38.0275 	EXP 	hasPeriphery: texRes = 128.0
38.0275 	EXP 	noPeriphery: texRes = 128.0
38.1599 	EXP 	hasPeriphery: texRes = 128.0
38.1599 	EXP 	noPeriphery: texRes = 128.0
38.2936 	EXP 	hasPeriphery: texRes = 128.0
38.2936 	EXP 	noPeriphery: texRes = 128.0
38.4099 	EXP 	hasPeriphery: texRes = 128.0
38.4099 	EXP 	noPeriphery: texRes = 128.0
38.5270 	EXP 	hasPeriphery: texRes = 128.0
38.5270 	EXP 	noPeriphery: texRes = 128.0
38.6598 	EXP 	hasPeriphery: texRes = 128.0
38.6598 	EXP 	noPeriphery: texRes = 128.0
38.7337 	DATA 	Keypress: space
38.7760 	EXP 	hasPeriphery: texRes = 128.0
38.7760 	EXP 	noPeriphery: texRes = 128.0
38.8415 	EXP 	New trial (rep=1, index=0): {'startImage': 'C:\\Users\\hesselmann\\Desktop\\PsychoPyUniformityIllusion\\UniformityIllusionPsychoPy\\stimuli\\2start.png', 'endImage': 'C:\\Users\\hesselmann\\Desktop\\PsychoPyUniformityIllusion\\UniformityIllusionPsychoPy\\stimuli\\2b.png', 'AB': 'b'}
39.0098 	EXP 	hasPeriphery: texRes = 128.0
39.0098 	EXP 	noPeriphery: texRes = 128.0
39.0098 	EXP 	hasPeriphery: autoDraw = False
39.0098 	EXP 	noPeriphery: autoDraw = False
39.0098 	EXP 	text: autoDraw = False
39.0098 	EXP 	hasPeriphery: size = array([1.77777778, 1.        ])
39.0098 	EXP 	hasPeriphery: image = 'C:\\Users\\hesselmann\\Desktop\\PsychoPyUniformityIllusion\\UniformityIllusionPsychoPy\\stimuli\\2b.png'
39.0098 	EXP 	noPeriphery: size = array([1.77777778, 1.        ])
39.0098 	EXP 	noPeriphery: image = 'C:\\Users\\hesselmann\\Desktop\\PsychoPyUniformityIllusion\\UniformityIllusionPsychoPy\\stimuli\\2start.png'
39.0098 	EXP 	hasPeriphery: autoDraw = True
39.0098 	EXP 	hasPeriphery: texRes = 128.0
39.0098 	EXP 	noPeriphery: autoDraw = True
39.0098 	EXP 	noPeriphery: texRes = 128.0
39.0098 	EXP 	text: autoDraw = True
39.1263 	EXP 	hasPeriphery: texRes = 128.0
39.1263 	EXP 	noPeriphery: texRes = 128.0
39.2426 	EXP 	hasPeriphery: texRes = 128.0
39.2426 	EXP 	noPeriphery: texRes = 128.0
39.3606 	EXP 	hasPeriphery: texRes = 128.0
39.3606 	EXP 	noPeriphery: texRes = 128.0
39.4763 	EXP 	hasPeriphery: texRes = 128.0
39.4763 	EXP 	noPeriphery: texRes = 128.0
39.5926 	EXP 	hasPeriphery: texRes = 128.0
39.5926 	EXP 	noPeriphery: texRes = 128.0
39.7095 	EXP 	hasPeriphery: texRes = 128.0
39.7095 	EXP 	noPeriphery: texRes = 128.0
39.8261 	EXP 	hasPeriphery: texRes = 128.0
39.8261 	EXP 	noPeriphery: texRes = 128.0
39.9428 	EXP 	hasPeriphery: texRes = 128.0
39.9428 	EXP 	noPeriphery: texRes = 128.0
40.0598 	EXP 	hasPeriphery: texRes = 128.0
40.0598 	EXP 	noPeriphery: texRes = 128.0
40.1765 	EXP 	hasPeriphery: texRes = 128.0
40.1765 	EXP 	noPeriphery: texRes = 128.0
40.2931 	EXP 	hasPeriphery: texRes = 128.0
40.2931 	EXP 	noPeriphery: texRes = 128.0
40.4102 	EXP 	hasPeriphery: texRes = 128.0
40.4102 	EXP 	noPeriphery: texRes = 128.0
40.5431 	EXP 	hasPeriphery: texRes = 128.0
40.5431 	EXP 	noPeriphery: texRes = 128.0
40.6594 	EXP 	hasPeriphery: texRes = 128.0
40.6594 	EXP 	noPeriphery: texRes = 128.0
40.7764 	EXP 	hasPeriphery: texRes = 128.0
40.7764 	EXP 	noPeriphery: texRes = 128.0
40.8935 	EXP 	hasPeriphery: texRes = 128.0
40.8935 	EXP 	noPeriphery: texRes = 128.0
41.0093 	EXP 	hasPeriphery: texRes = 128.0
41.0093 	EXP 	noPeriphery: texRes = 128.0
41.1256 	EXP 	hasPeriphery: texRes = 128.0
41.1256 	EXP 	noPeriphery: texRes = 128.0
41.1871 	EXP 	New trial (rep=1, index=1): {'startImage': 'C:\\Users\\hesselmann\\Desktop\\PsychoPyUniformityIllusion\\UniformityIllusionPsychoPy\\stimuli\\3start.png', 'endImage': 'C:\\Users\\hesselmann\\Desktop\\PsychoPyUniformityIllusion\\UniformityIllusionPsychoPy\\stimuli\\3b.png', 'AB': 'b'}
41.3321 	DATA 	Keypress: space
41.3762 	EXP 	hasPeriphery: texRes = 128.0
41.3762 	EXP 	noPeriphery: texRes = 128.0
41.3762 	EXP 	hasPeriphery: autoDraw = False
41.3762 	EXP 	noPeriphery: autoDraw = False
41.3762 	EXP 	text: autoDraw = False
41.3762 	EXP 	hasPeriphery: size = array([1.77777778, 1.        ])
41.3762 	EXP 	hasPeriphery: image = 'C:\\Users\\hesselmann\\Desktop\\PsychoPyUniformityIllusion\\UniformityIllusionPsychoPy\\stimuli\\3b.png'
41.3762 	EXP 	noPeriphery: size = array([1.77777778, 1.        ])
41.3762 	EXP 	noPeriphery: image = 'C:\\Users\\hesselmann\\Desktop\\PsychoPyUniformityIllusion\\UniformityIllusionPsychoPy\\stimuli\\3start.png'
41.3762 	EXP 	hasPeriphery: autoDraw = True
41.3762 	EXP 	hasPeriphery: texRes = 128.0
41.3762 	EXP 	noPeriphery: autoDraw = True
41.3762 	EXP 	noPeriphery: texRes = 128.0
41.3762 	EXP 	text: autoDraw = True
41.4925 	EXP 	hasPeriphery: texRes = 128.0
41.4925 	EXP 	noPeriphery: texRes = 128.0
41.6091 	EXP 	hasPeriphery: texRes = 128.0
41.6091 	EXP 	noPeriphery: texRes = 128.0
41.7266 	EXP 	hasPeriphery: texRes = 128.0
41.7266 	EXP 	noPeriphery: texRes = 128.0
41.8588 	EXP 	hasPeriphery: texRes = 128.0
41.8588 	EXP 	noPeriphery: texRes = 128.0
41.9929 	EXP 	hasPeriphery: texRes = 128.0
41.9929 	EXP 	noPeriphery: texRes = 128.0
42.1259 	EXP 	hasPeriphery: texRes = 128.0
42.1259 	EXP 	noPeriphery: texRes = 128.0
42.2428 	EXP 	hasPeriphery: texRes = 128.0
42.2428 	EXP 	noPeriphery: texRes = 128.0
42.3753 	EXP 	hasPeriphery: texRes = 128.0
42.3753 	EXP 	noPeriphery: texRes = 128.0
42.4924 	EXP 	hasPeriphery: texRes = 128.0
42.4924 	EXP 	noPeriphery: texRes = 128.0
42.6092 	EXP 	hasPeriphery: texRes = 128.0
42.6092 	EXP 	noPeriphery: texRes = 128.0
42.7431 	EXP 	hasPeriphery: texRes = 128.0
42.7431 	EXP 	noPeriphery: texRes = 128.0
42.8756 	EXP 	hasPeriphery: texRes = 128.0
42.8756 	EXP 	noPeriphery: texRes = 128.0
43.0085 	EXP 	hasPeriphery: texRes = 128.0
43.0085 	EXP 	noPeriphery: texRes = 128.0
43.0794 	EXP 	New trial (rep=1, index=2): {'startImage': 'C:\\Users\\hesselmann\\Desktop\\PsychoPyUniformityIllusion\\UniformityIllusionPsychoPy\\stimuli\\2start.png', 'endImage': 'C:\\Users\\hesselmann\\Desktop\\PsychoPyUniformityIllusion\\UniformityIllusionPsychoPy\\stimuli\\2a.png', 'AB': 'a'}
43.2154 	DATA 	Keypress: space
43.2584 	EXP 	hasPeriphery: texRes = 128.0
43.2584 	EXP 	noPeriphery: texRes = 128.0
43.2584 	EXP 	hasPeriphery: autoDraw = False
43.2584 	EXP 	noPeriphery: autoDraw = False
43.2584 	EXP 	text: autoDraw = False
43.2584 	EXP 	hasPeriphery: size = array([1.77777778, 1.        ])
43.2584 	EXP 	hasPeriphery: image = 'C:\\Users\\hesselmann\\Desktop\\PsychoPyUniformityIllusion\\UniformityIllusionPsychoPy\\stimuli\\2a.png'
43.2584 	EXP 	noPeriphery: size = array([1.77777778, 1.        ])
43.2584 	EXP 	noPeriphery: image = 'C:\\Users\\hesselmann\\Desktop\\PsychoPyUniformityIllusion\\UniformityIllusionPsychoPy\\stimuli\\2start.png'
43.2584 	EXP 	hasPeriphery: autoDraw = True
43.2584 	EXP 	hasPeriphery: texRes = 128.0
43.2584 	EXP 	noPeriphery: autoDraw = True
43.2584 	EXP 	noPeriphery: texRes = 128.0
43.2584 	EXP 	text: autoDraw = True
43.3759 	EXP 	hasPeriphery: texRes = 128.0
43.3759 	EXP 	noPeriphery: texRes = 128.0
43.4920 	EXP 	hasPeriphery: texRes = 128.0
43.4920 	EXP 	noPeriphery: texRes = 128.0
43.6262 	EXP 	hasPeriphery: texRes = 128.0
43.6262 	EXP 	noPeriphery: texRes = 128.0
43.7429 	EXP 	hasPeriphery: texRes = 128.0
43.7429 	EXP 	noPeriphery: texRes = 128.0
43.8758 	EXP 	hasPeriphery: texRes = 128.0
43.8758 	EXP 	noPeriphery: texRes = 128.0
43.9925 	EXP 	hasPeriphery: texRes = 128.0
43.9925 	EXP 	noPeriphery: texRes = 128.0
44.1258 	EXP 	hasPeriphery: texRes = 128.0
44.1258 	EXP 	noPeriphery: texRes = 128.0
44.2416 	EXP 	hasPeriphery: texRes = 128.0
44.2416 	EXP 	noPeriphery: texRes = 128.0
44.3754 	EXP 	hasPeriphery: texRes = 128.0
44.3754 	EXP 	noPeriphery: texRes = 128.0
44.4916 	EXP 	hasPeriphery: texRes = 128.0
44.4916 	EXP 	noPeriphery: texRes = 128.0
44.6086 	EXP 	hasPeriphery: texRes = 128.0
44.6086 	EXP 	noPeriphery: texRes = 128.0
44.7258 	EXP 	hasPeriphery: texRes = 128.0
44.7258 	EXP 	noPeriphery: texRes = 128.0
44.8582 	EXP 	hasPeriphery: texRes = 128.0
44.8582 	EXP 	noPeriphery: texRes = 128.0
44.9748 	EXP 	hasPeriphery: texRes = 128.0
44.9748 	EXP 	noPeriphery: texRes = 128.0
45.0918 	EXP 	hasPeriphery: texRes = 128.0
45.0918 	EXP 	noPeriphery: texRes = 128.0
45.2251 	EXP 	hasPeriphery: texRes = 128.0
45.2251 	EXP 	noPeriphery: texRes = 128.0
45.3418 	EXP 	hasPeriphery: texRes = 128.0
45.3418 	EXP 	noPeriphery: texRes = 128.0
45.4753 	EXP 	hasPeriphery: texRes = 128.0
45.4753 	EXP 	noPeriphery: texRes = 128.0
45.5917 	EXP 	hasPeriphery: texRes = 128.0
45.5917 	EXP 	noPeriphery: texRes = 128.0
45.7086 	EXP 	hasPeriphery: texRes = 128.0
45.7086 	EXP 	noPeriphery: texRes = 128.0
45.8246 	EXP 	hasPeriphery: texRes = 128.0
45.8246 	EXP 	noPeriphery: texRes = 128.0
45.9415 	EXP 	hasPeriphery: texRes = 128.0
45.9415 	EXP 	noPeriphery: texRes = 128.0
46.0579 	EXP 	hasPeriphery: texRes = 128.0
46.0579 	EXP 	noPeriphery: texRes = 128.0
46.1746 	EXP 	hasPeriphery: texRes = 128.0
46.1746 	EXP 	noPeriphery: texRes = 128.0
46.2912 	EXP 	hasPeriphery: texRes = 128.0
46.2912 	EXP 	noPeriphery: texRes = 128.0
46.4079 	EXP 	hasPeriphery: texRes = 128.0
46.4079 	EXP 	noPeriphery: texRes = 128.0
46.5245 	EXP 	hasPeriphery: texRes = 128.0
46.5245 	EXP 	noPeriphery: texRes = 128.0
46.6411 	EXP 	hasPeriphery: texRes = 128.0
46.6411 	EXP 	noPeriphery: texRes = 128.0
46.7580 	EXP 	hasPeriphery: texRes = 128.0
46.7580 	EXP 	noPeriphery: texRes = 128.0
46.8744 	EXP 	hasPeriphery: texRes = 128.0
46.8744 	EXP 	noPeriphery: texRes = 128.0
46.9911 	EXP 	hasPeriphery: texRes = 128.0
46.9911 	EXP 	noPeriphery: texRes = 128.0
47.1081 	EXP 	hasPeriphery: texRes = 128.0
47.1081 	EXP 	noPeriphery: texRes = 128.0
47.1791 	DATA 	Keypress: space
47.2248 	EXP 	hasPeriphery: texRes = 128.0
47.2248 	EXP 	noPeriphery: texRes = 128.0
47.2912 	EXP 	New trial (rep=1, index=3): {'startImage': 'C:\\Users\\hesselmann\\Desktop\\PsychoPyUniformityIllusion\\UniformityIllusionPsychoPy\\stimuli\\1start.png', 'endImage': 'C:\\Users\\hesselmann\\Desktop\\PsychoPyUniformityIllusion\\UniformityIllusionPsychoPy\\stimuli\\1a.png', 'AB': 'a'}
47.5249 	EXP 	hasPeriphery: texRes = 128.0
47.5249 	EXP 	noPeriphery: texRes = 128.0
47.5249 	EXP 	hasPeriphery: autoDraw = False
47.5249 	EXP 	noPeriphery: autoDraw = False
47.5249 	EXP 	text: autoDraw = False
47.5249 	EXP 	hasPeriphery: size = array([1.77777778, 1.        ])
47.5249 	EXP 	hasPeriphery: image = 'C:\\Users\\hesselmann\\Desktop\\PsychoPyUniformityIllusion\\UniformityIllusionPsychoPy\\stimuli\\1a.png'
47.5249 	EXP 	noPeriphery: size = array([1.77777778, 1.        ])
47.5249 	EXP 	noPeriphery: image = 'C:\\Users\\hesselmann\\Desktop\\PsychoPyUniformityIllusion\\UniformityIllusionPsychoPy\\stimuli\\1start.png'
47.5249 	EXP 	hasPeriphery: autoDraw = True
47.5249 	EXP 	hasPeriphery: texRes = 128.0
47.5249 	EXP 	noPeriphery: autoDraw = True
47.5249 	EXP 	noPeriphery: texRes = 128.0
47.5249 	EXP 	text: autoDraw = True
47.6577 	EXP 	hasPeriphery: texRes = 128.0
47.6577 	EXP 	noPeriphery: texRes = 128.0
47.8077 	EXP 	hasPeriphery: texRes = 128.0
47.8077 	EXP 	noPeriphery: texRes = 128.0
47.9420 	EXP 	hasPeriphery: texRes = 128.0
47.9420 	EXP 	noPeriphery: texRes = 128.0
48.0918 	EXP 	hasPeriphery: texRes = 128.0
48.0918 	EXP 	noPeriphery: texRes = 128.0
48.2411 	EXP 	hasPeriphery: texRes = 128.0
48.2411 	EXP 	noPeriphery: texRes = 128.0
48.3916 	EXP 	hasPeriphery: texRes = 128.0
48.3916 	EXP 	noPeriphery: texRes = 128.0
48.5407 	EXP 	hasPeriphery: texRes = 128.0
48.5407 	EXP 	noPeriphery: texRes = 128.0
48.6740 	EXP 	hasPeriphery: texRes = 128.0
48.6740 	EXP 	noPeriphery: texRes = 128.0
48.8080 	EXP 	hasPeriphery: texRes = 128.0
48.8080 	EXP 	noPeriphery: texRes = 128.0
48.9115 	DATA 	Keypress: space
48.9578 	EXP 	hasPeriphery: texRes = 128.0
48.9578 	EXP 	noPeriphery: texRes = 128.0
49.0450 	EXP 	New trial (rep=1, index=4): {'startImage': 'C:\\Users\\hesselmann\\Desktop\\PsychoPyUniformityIllusion\\UniformityIllusionPsychoPy\\stimuli\\3start.png', 'endImage': 'C:\\Users\\hesselmann\\Desktop\\PsychoPyUniformityIllusion\\UniformityIllusionPsychoPy\\stimuli\\3a.png', 'AB': 'a'}
49.2415 	EXP 	hasPeriphery: texRes = 128.0
49.2415 	EXP 	noPeriphery: texRes = 128.0
49.2415 	EXP 	hasPeriphery: autoDraw = False
49.2415 	EXP 	noPeriphery: autoDraw = False
49.2415 	EXP 	text: autoDraw = False
49.2415 	EXP 	hasPeriphery: size = array([1.77777778, 1.        ])
49.2415 	EXP 	hasPeriphery: image = 'C:\\Users\\hesselmann\\Desktop\\PsychoPyUniformityIllusion\\UniformityIllusionPsychoPy\\stimuli\\3a.png'
49.2415 	EXP 	noPeriphery: size = array([1.77777778, 1.        ])
49.2415 	EXP 	noPeriphery: image = 'C:\\Users\\hesselmann\\Desktop\\PsychoPyUniformityIllusion\\UniformityIllusionPsychoPy\\stimuli\\3start.png'
49.2415 	EXP 	hasPeriphery: autoDraw = True
49.2415 	EXP 	hasPeriphery: texRes = 128.0
49.2415 	EXP 	noPeriphery: autoDraw = True
49.2415 	EXP 	noPeriphery: texRes = 128.0
49.2415 	EXP 	text: autoDraw = True
49.3580 	EXP 	hasPeriphery: texRes = 128.0
49.3580 	EXP 	noPeriphery: texRes = 128.0
49.4744 	EXP 	hasPeriphery: texRes = 128.0
49.4744 	EXP 	noPeriphery: texRes = 128.0
49.5909 	EXP 	hasPeriphery: texRes = 128.0
49.5909 	EXP 	noPeriphery: texRes = 128.0
49.7083 	EXP 	hasPeriphery: texRes = 128.0
49.7083 	EXP 	noPeriphery: texRes = 128.0
49.8412 	EXP 	hasPeriphery: texRes = 128.0
49.8412 	EXP 	noPeriphery: texRes = 128.0
49.9587 	EXP 	hasPeriphery: texRes = 128.0
49.9587 	EXP 	noPeriphery: texRes = 128.0
50.0738 	EXP 	hasPeriphery: texRes = 128.0
50.0738 	EXP 	noPeriphery: texRes = 128.0
50.2083 	EXP 	hasPeriphery: texRes = 128.0
50.2083 	EXP 	noPeriphery: texRes = 128.0
50.3409 	EXP 	hasPeriphery: texRes = 128.0
50.3409 	EXP 	noPeriphery: texRes = 128.0
50.4576 	EXP 	hasPeriphery: texRes = 128.0
50.4576 	EXP 	noPeriphery: texRes = 128.0
50.5740 	EXP 	hasPeriphery: texRes = 128.0
50.5740 	EXP 	noPeriphery: texRes = 128.0
50.6908 	EXP 	hasPeriphery: texRes = 128.0
50.6908 	EXP 	noPeriphery: texRes = 128.0
50.8245 	EXP 	hasPeriphery: texRes = 128.0
50.8245 	EXP 	noPeriphery: texRes = 128.0
50.9582 	EXP 	hasPeriphery: texRes = 128.0
50.9582 	EXP 	noPeriphery: texRes = 128.0
51.0745 	EXP 	hasPeriphery: texRes = 128.0
51.0745 	EXP 	noPeriphery: texRes = 128.0
51.2076 	EXP 	hasPeriphery: texRes = 128.0
51.2076 	EXP 	noPeriphery: texRes = 128.0
51.3247 	EXP 	hasPeriphery: texRes = 128.0
51.3247 	EXP 	noPeriphery: texRes = 128.0
51.4408 	EXP 	hasPeriphery: texRes = 128.0
51.4408 	EXP 	noPeriphery: texRes = 128.0
51.5572 	EXP 	hasPeriphery: texRes = 128.0
51.5572 	EXP 	noPeriphery: texRes = 128.0
51.6741 	EXP 	hasPeriphery: texRes = 128.0
51.6741 	EXP 	noPeriphery: texRes = 128.0
51.7906 	EXP 	hasPeriphery: texRes = 128.0
51.7906 	EXP 	noPeriphery: texRes = 128.0
51.9067 	EXP 	hasPeriphery: texRes = 128.0
51.9067 	EXP 	noPeriphery: texRes = 128.0
52.1369 	EXP 	window1: mouseVisible = True
