1.1308 	WARNING 	We strongly recommend you activate the PTB sound engine in PsychoPy prefs as the preferred audio engine. Its timing is vastly superior. Your prefs are currently set to use ['sounddevice', 'PTB', 'pyo', 'pygame'] (in that order).
7.2182 	EXP 	Created window1 = Window(allowGUI=False, allowStencil=False, autoLog=True, backendConf=UNKNOWN, bitsMode=UNKNOWN, blendMode='avg', bpc=(8, 8, 8), color=array([0, 0, 0]), colorSpace='rgb', depthBits=8, fullscr=<method-wrapper '__getattribute__' of attributeSetter object at 0x000002205E174DA0>, gamma=None, gammaErrorPolicy='raise', lms=UNKNOWN, monitor=<psychopy.monitors.calibTools.Monitor object at 0x000002205E14C438>, multiSample=False, name='window1', numSamples=2, pos=[0.0, 0.0], screen=0, size=array([1920, 1080]), stencilBits=0, stereo=False, units='height', useFBO=True, useRetina=False, viewOri=0.0, viewPos=None, viewScale=None, waitBlanking=True, winType='pyglet')
7.2184 	EXP 	window1: mouseVisible = True
7.2184 	EXP 	window1: recordFrameIntervals = False
7.3846 	EXP 	window1: recordFrameIntervals = True
7.5681 	EXP 	window1: recordFrameIntervals = False
8.0494 	EXP 	Created WelcomeText = TextStim(__class__=<class 'psychopy.visual.text.TextStim'>, alignHoriz=method-wrapper(...), alignText='center', alignVert=method-wrapper(...), anchorHoriz='center', anchorVert='center', antialias=True, autoLog=True, bold=False, color=array([1, 1, 1]), colorSpace='rgb', contrast=1.0, depth=0.0, flipHoriz=False, flipVert=False, font='Open Sans', fontFiles=[], height=0.1, italic=False, languageStyle='LTR', name='WelcomeText', opacity=1, ori=0.0, pos=array([0., 0.]), rgb=UNKNOWN, text='Welcome to our Study!', units='height', win=Window(...), wrapWidth=1)
8.0637 	EXP 	Imported depression.xlsx as conditions, 1 conditions, 12 params
8.0647 	EXP 	Question text: d
8.0813 	EXP 	window1: mouseVisible = True
8.1171 	EXP 	window1: mouseVisible = True
8.1241 	EXP 	Created unnamed Rect = Rect(__class__=<class 'psychopy.visual.rect.Rect'>, autoDraw=False, autoLog=True, closeShape=True, color=method-wrapper(...), colorSpace='rgb', contrast=None, depth=0, fillColor=array([0, 0, 0]), fillColorSpace='rgb', fillRGB=UNKNOWN, interpolate=True, lineColor=array([0, 0, 0]), lineColorSpace='rgb', lineRGB=UNKNOWN, lineWidth=1.5, name='unnamed Rect', opacity=0, ori=0.0, pos=array([0., 0.]), size=array([0., 0.]), units='height', vertices=ndarray(...), win=Window(...))
8.1306 	EXP 	Created DepressionQuestionnaire = <psychopy.visual.form.Form object at 0x0000022060C086A0>
8.1574 	EXP 	window1: mouseVisible = True
8.2119 	EXP 	Created instructionsText = TextStim(__class__=<class 'psychopy.visual.text.TextStim'>, alignHoriz=method-wrapper(...), alignText='center', alignVert=method-wrapper(...), anchorHoriz='center', anchorVert='center', antialias=True, autoLog=True, bold=False, color=array([1, 1, 1]), colorSpace='rgb', contrast=1.0, depth=0.0, flipHoriz=False, flipVert=False, font='Open Sans', fontFiles=[], height=0.05, italic=False, languageStyle='LTR', name='instructionsText', opacity=1, ori=0.0, pos=array([0., 0.]), rgb=UNKNOWN, text=str(...), units='height', win=Window(...), wrapWidth=1)
8.2175 	EXP 	Created hasPeriphery = ImageStim(__class__=<class 'psychopy.visual.image.ImageStim'>, autoLog=True, color=array([1, 1, 1]), colorSpace='rgb', contrast=1.0, depth=0.0, flipHoriz=False, flipVert=False, image='sin', interpolate=True, mask=None, maskParams=None, name='hasPeriphery', opacity=1.0, ori=0.0, pos=array([0., 0.]), size=array([0.5, 0.5]), texRes=128.0, units='height', win=Window(...))
8.2215 	EXP 	Created noPeriphery = ImageStim(__class__=<class 'psychopy.visual.image.ImageStim'>, autoLog=True, color=array([1, 1, 1]), colorSpace='rgb', contrast=1.0, depth=-2.0, flipHoriz=False, flipVert=False, image='sin', interpolate=True, mask=None, maskParams=None, name='noPeriphery', opacity=1.0, ori=0.0, pos=array([0., 0.]), size=array([0.5, 0.5]), texRes=128.0, units='height', win=Window(...))
8.2284 	EXP 	Created text = TextStim(__class__=<class 'psychopy.visual.text.TextStim'>, alignHoriz=method-wrapper(...), alignText='center', alignVert=method-wrapper(...), anchorHoriz='center', anchorVert='center', antialias=True, autoLog=True, bold=False, color=array([ 1, -1, -1]), colorSpace='rgb', contrast=1.0, depth=-3.0, flipHoriz=False, flipVert=False, font='Open Sans', fontFiles=[], height=0.1, italic=False, languageStyle='LTR', name='text', opacity=1, ori=0.0, pos=array([0., 0.]), rgb=UNKNOWN, text='+', units='height', win=Window(...), wrapWidth=1)
8.2415 	EXP 	Created WelcomeText = TextStim(__class__=<class 'psychopy.visual.text.TextStim'>, alignHoriz=method-wrapper(...), alignText='center', alignVert=method-wrapper(...), anchorHoriz='center', anchorVert='center', antialias=True, autoLog=True, bold=False, color=array([1, 1, 1]), colorSpace='rgb', contrast=1.0, depth=0.0, flipHoriz=False, flipVert=False, font='Open Sans', fontFiles=[], height=0.1, italic=False, languageStyle='LTR', name='WelcomeText', opacity=1, ori=0.0, pos=array([0., 0.]), rgb=UNKNOWN, text='Welcome to our Study!', units='height', win=Window(...), wrapWidth=1)
8.2441 	EXP 	Created hasPeriphery_2 = ImageStim(__class__=<class 'psychopy.visual.image.ImageStim'>, autoLog=True, color=array([1, 1, 1]), colorSpace='rgb', contrast=1.0, depth=0.0, flipHoriz=False, flipVert=False, image='sin', interpolate=True, mask=None, maskParams=None, name='hasPeriphery_2', opacity=1.0, ori=0.0, pos=array([0., 0.]), size=array([0.5, 0.5]), texRes=128.0, units='height', win=Window(...))
8.2464 	EXP 	Created noPeriphery_2 = ImageStim(__class__=<class 'psychopy.visual.image.ImageStim'>, autoLog=True, color=array([1, 1, 1]), colorSpace='rgb', contrast=1.0, depth=-2.0, flipHoriz=False, flipVert=False, image='sin', interpolate=True, mask=None, maskParams=None, name='noPeriphery_2', opacity=1.0, ori=0.0, pos=array([0., 0.]), size=array([0.5, 0.5]), texRes=128.0, units='height', win=Window(...))
8.2482 	EXP 	Created text_2 = TextStim(__class__=<class 'psychopy.visual.text.TextStim'>, alignHoriz=method-wrapper(...), alignText='center', alignVert=method-wrapper(...), anchorHoriz='center', anchorVert='center', antialias=True, autoLog=True, bold=False, color=array([ 1, -1, -1]), colorSpace='rgb', contrast=1.0, depth=-3.0, flipHoriz=False, flipVert=False, font='Open Sans', fontFiles=[], height=0.1, italic=False, languageStyle='LTR', name='text_2', opacity=1, ori=0.0, pos=array([0., 0.]), rgb=UNKNOWN, text='+', units='height', win=Window(...), wrapWidth=1)
8.3009 	EXP 	unnamed Form: autoLog = True
8.3009 	EXP 	DepressionQuestionnaire: name = 'DepressionQuestionnaire'
8.3009 	EXP 	DepressionQuestionnaire: size = (1, 2)
8.3009 	EXP 	DepressionQuestionnaire: size = array([1., 2.])
8.3009 	EXP 	DepressionQuestionnaire: units = 'height'
8.3009 	EXP 	DepressionQuestionnaire: depth = 0
8.3009 	EXP 	WelcomeText: autoDraw = True
10.2837 	EXP 	WelcomeText: autoDraw = False
10.2837 	EXP 	DepressionQuestionnaire: autoDraw = True
12.1508 	DATA 	Mouse: Left button down, pos=(779,20)
12.1837 	EXP 	DepressionQuestionnaire: autoDraw = False
12.1837 	EXP 	instructionsText: autoDraw = True
12.2546 	DATA 	Mouse:  Left button up, pos=(779,20)
12.9871 	DATA 	Mouse: wheel shift=(0,-1), pos=(869,208)
13.1211 	DATA 	Mouse: wheel shift=(0,-1), pos=(868,209)
13.1552 	DATA 	Mouse: wheel shift=(0,-2), pos=(867,209)
13.2222 	DATA 	Mouse: wheel shift=(0,-1), pos=(866,209)
14.6888 	DATA 	Keypress: escape
14.9641 	EXP 	window1: mouseVisible = True
1.0894 	WARNING 	We strongly recommend you activate the PTB sound engine in PsychoPy prefs as the preferred audio engine. Its timing is vastly superior. Your prefs are currently set to use ['sounddevice', 'PTB', 'pyo', 'pygame'] (in that order).
6.2481 	EXP 	Created window1 = Window(allowGUI=False, allowStencil=False, autoLog=True, backendConf=UNKNOWN, bitsMode=UNKNOWN, blendMode='avg', bpc=(8, 8, 8), color=array([0, 0, 0]), colorSpace='rgb', depthBits=8, fullscr=<method-wrapper '__getattribute__' of attributeSetter object at 0x00000270D9DF4DA0>, gamma=None, gammaErrorPolicy='raise', lms=UNKNOWN, monitor=<psychopy.monitors.calibTools.Monitor object at 0x00000270D9DCD438>, multiSample=False, name='window1', numSamples=2, pos=[0.0, 0.0], screen=0, size=array([1920, 1080]), stencilBits=0, stereo=False, units='height', useFBO=True, useRetina=False, viewOri=0.0, viewPos=None, viewScale=None, waitBlanking=True, winType='pyglet')
6.2483 	EXP 	window1: mouseVisible = True
6.2484 	EXP 	window1: recordFrameIntervals = False
6.4135 	EXP 	window1: recordFrameIntervals = True
6.5967 	EXP 	window1: recordFrameIntervals = False
7.0930 	EXP 	Created WelcomeText = TextStim(__class__=<class 'psychopy.visual.text.TextStim'>, alignHoriz=method-wrapper(...), alignText='center', alignVert=method-wrapper(...), anchorHoriz='center', anchorVert='center', antialias=True, autoLog=True, bold=False, color=array([1, 1, 1]), colorSpace='rgb', contrast=1.0, depth=0.0, flipHoriz=False, flipVert=False, font='Open Sans', fontFiles=[], height=0.1, italic=False, languageStyle='LTR', name='WelcomeText', opacity=1, ori=0.0, pos=array([0., 0.]), rgb=UNKNOWN, text='Welcome to our Study!', units='height', win=Window(...), wrapWidth=1)
7.1073 	EXP 	Imported depression.xlsx as conditions, 1 conditions, 12 params
7.1083 	EXP 	Question text: d
7.1235 	EXP 	window1: mouseVisible = True
7.1552 	EXP 	window1: mouseVisible = True
7.1595 	EXP 	Created unnamed Rect = Rect(__class__=<class 'psychopy.visual.rect.Rect'>, autoDraw=False, autoLog=True, closeShape=True, color=method-wrapper(...), colorSpace='rgb', contrast=None, depth=0, fillColor=array([0, 0, 0]), fillColorSpace='rgb', fillRGB=UNKNOWN, interpolate=True, lineColor=array([0, 0, 0]), lineColorSpace='rgb', lineRGB=UNKNOWN, lineWidth=1.5, name='unnamed Rect', opacity=0, ori=0.0, pos=array([0., 0.]), size=array([0., 0.]), units='height', vertices=ndarray(...), win=Window(...))
7.1652 	EXP 	Created DepressionQuestionnaire = <psychopy.visual.form.Form object at 0x00000270D9CEE630>
7.1929 	EXP 	window1: mouseVisible = True
7.2505 	EXP 	Created instructionsText = TextStim(__class__=<class 'psychopy.visual.text.TextStim'>, alignHoriz=method-wrapper(...), alignText='center', alignVert=method-wrapper(...), anchorHoriz='center', anchorVert='center', antialias=True, autoLog=True, bold=False, color=array([1, 1, 1]), colorSpace='rgb', contrast=1.0, depth=0.0, flipHoriz=False, flipVert=False, font='Open Sans', fontFiles=[], height=0.04, italic=False, languageStyle='LTR', name='instructionsText', opacity=1, ori=0.0, pos=array([0., 0.]), rgb=UNKNOWN, text=str(...), units='height', win=Window(...), wrapWidth=1)
7.2541 	EXP 	Created hasPeriphery = ImageStim(__class__=<class 'psychopy.visual.image.ImageStim'>, autoLog=True, color=array([1, 1, 1]), colorSpace='rgb', contrast=1.0, depth=0.0, flipHoriz=False, flipVert=False, image='sin', interpolate=True, mask=None, maskParams=None, name='hasPeriphery', opacity=1.0, ori=0.0, pos=array([0., 0.]), size=array([0.5, 0.5]), texRes=128.0, units='height', win=Window(...))
7.2566 	EXP 	Created noPeriphery = ImageStim(__class__=<class 'psychopy.visual.image.ImageStim'>, autoLog=True, color=array([1, 1, 1]), colorSpace='rgb', contrast=1.0, depth=-2.0, flipHoriz=False, flipVert=False, image='sin', interpolate=True, mask=None, maskParams=None, name='noPeriphery', opacity=1.0, ori=0.0, pos=array([0., 0.]), size=array([0.5, 0.5]), texRes=128.0, units='height', win=Window(...))
7.2641 	EXP 	Created text = TextStim(__class__=<class 'psychopy.visual.text.TextStim'>, alignHoriz=method-wrapper(...), alignText='center', alignVert=method-wrapper(...), anchorHoriz='center', anchorVert='center', antialias=True, autoLog=True, bold=False, color=array([ 1, -1, -1]), colorSpace='rgb', contrast=1.0, depth=-3.0, flipHoriz=False, flipVert=False, font='Open Sans', fontFiles=[], height=0.1, italic=False, languageStyle='LTR', name='text', opacity=1, ori=0.0, pos=array([0., 0.]), rgb=UNKNOWN, text='+', units='height', win=Window(...), wrapWidth=1)
7.2767 	EXP 	Created WelcomeText = TextStim(__class__=<class 'psychopy.visual.text.TextStim'>, alignHoriz=method-wrapper(...), alignText='center', alignVert=method-wrapper(...), anchorHoriz='center', anchorVert='center', antialias=True, autoLog=True, bold=False, color=array([1, 1, 1]), colorSpace='rgb', contrast=1.0, depth=0.0, flipHoriz=False, flipVert=False, font='Open Sans', fontFiles=[], height=0.1, italic=False, languageStyle='LTR', name='WelcomeText', opacity=1, ori=0.0, pos=array([0., 0.]), rgb=UNKNOWN, text='Welcome to our Study!', units='height', win=Window(...), wrapWidth=1)
7.2792 	EXP 	Created hasPeriphery_2 = ImageStim(__class__=<class 'psychopy.visual.image.ImageStim'>, autoLog=True, color=array([1, 1, 1]), colorSpace='rgb', contrast=1.0, depth=0.0, flipHoriz=False, flipVert=False, image='sin', interpolate=True, mask=None, maskParams=None, name='hasPeriphery_2', opacity=1.0, ori=0.0, pos=array([0., 0.]), size=array([0.5, 0.5]), texRes=128.0, units='height', win=Window(...))
7.2814 	EXP 	Created noPeriphery_2 = ImageStim(__class__=<class 'psychopy.visual.image.ImageStim'>, autoLog=True, color=array([1, 1, 1]), colorSpace='rgb', contrast=1.0, depth=-2.0, flipHoriz=False, flipVert=False, image='sin', interpolate=True, mask=None, maskParams=None, name='noPeriphery_2', opacity=1.0, ori=0.0, pos=array([0., 0.]), size=array([0.5, 0.5]), texRes=128.0, units='height', win=Window(...))
7.2831 	EXP 	Created text_2 = TextStim(__class__=<class 'psychopy.visual.text.TextStim'>, alignHoriz=method-wrapper(...), alignText='center', alignVert=method-wrapper(...), anchorHoriz='center', anchorVert='center', antialias=True, autoLog=True, bold=False, color=array([ 1, -1, -1]), colorSpace='rgb', contrast=1.0, depth=-3.0, flipHoriz=False, flipVert=False, font='Open Sans', fontFiles=[], height=0.1, italic=False, languageStyle='LTR', name='text_2', opacity=1, ori=0.0, pos=array([0., 0.]), rgb=UNKNOWN, text='+', units='height', win=Window(...), wrapWidth=1)
7.3301 	EXP 	unnamed Form: autoLog = True
7.3301 	EXP 	DepressionQuestionnaire: name = 'DepressionQuestionnaire'
7.3301 	EXP 	DepressionQuestionnaire: size = (1, 2)
7.3301 	EXP 	DepressionQuestionnaire: size = array([1., 2.])
7.3301 	EXP 	DepressionQuestionnaire: units = 'height'
7.3301 	EXP 	DepressionQuestionnaire: depth = 0
7.3301 	EXP 	WelcomeText: autoDraw = True
9.3300 	EXP 	WelcomeText: autoDraw = False
9.3300 	EXP 	DepressionQuestionnaire: autoDraw = True
10.6634 	DATA 	Mouse: Left button down, pos=(581,92)
10.6961 	EXP 	DepressionQuestionnaire: autoDraw = False
10.6961 	EXP 	instructionsText: autoDraw = True
10.7680 	DATA 	Mouse:  Left button up, pos=(581,92)
235.2172 	EXP 	Imported picPaths.xlsx as conditions, 6 conditions, 3 params
235.2185 	EXP 	Created sequence: sequential, trialTypes=6, nReps=1, seed=None
235.2188 	EXP 	New trial (rep=0, index=0): {'startImage': 'C:\\Users\\hesselmann\\Desktop\\PsychoPyUniformityIllusion\\UniformityIllusionPsychoPy\\Pics\\1start.png', 'endImage': 'C:\\Users\\hesselmann\\Desktop\\PsychoPyUniformityIllusion\\UniformityIllusionPsychoPy\\Pics\\1a.png', 'AB': 'a'}
235.4551 	DATA 	Keypress: space
235.5016 	EXP 	instructionsText: autoDraw = False
235.5016 	EXP 	hasPeriphery: size = array([1.77777778, 1.        ])
235.5016 	EXP 	hasPeriphery: image = 'C:\\Users\\hesselmann\\Desktop\\PsychoPyUniformityIllusion\\UniformityIllusionPsychoPy\\Pics\\1a.png'
235.5016 	EXP 	noPeriphery: size = array([1.77777778, 1.        ])
235.5016 	EXP 	noPeriphery: image = 'C:\\Users\\hesselmann\\Desktop\\PsychoPyUniformityIllusion\\UniformityIllusionPsychoPy\\Pics\\1start.png'
235.5016 	EXP 	hasPeriphery: autoDraw = True
235.5016 	EXP 	hasPeriphery: texRes = 128.0
235.5016 	EXP 	noPeriphery: autoDraw = True
235.5016 	EXP 	noPeriphery: texRes = 128.0
235.5016 	EXP 	text: autoDraw = True
235.6083 	DATA 	Keypress: space
235.6518 	EXP 	hasPeriphery: texRes = 128.0
235.6518 	EXP 	noPeriphery: texRes = 128.0
235.7492 	EXP 	New trial (rep=0, index=1): {'startImage': 'C:\\Users\\hesselmann\\Desktop\\PsychoPyUniformityIllusion\\UniformityIllusionPsychoPy\\Pics\\1start.png', 'endImage': 'C:\\Users\\hesselmann\\Desktop\\PsychoPyUniformityIllusion\\UniformityIllusionPsychoPy\\Pics\\1b.png', 'AB': 'b'}
236.0017 	EXP 	hasPeriphery: texRes = 128.0
236.0017 	EXP 	noPeriphery: texRes = 128.0
236.0017 	EXP 	hasPeriphery: autoDraw = False
236.0017 	EXP 	noPeriphery: autoDraw = False
236.0017 	EXP 	text: autoDraw = False
236.0017 	EXP 	hasPeriphery: size = array([1.77777778, 1.        ])
236.0017 	EXP 	hasPeriphery: image = 'C:\\Users\\hesselmann\\Desktop\\PsychoPyUniformityIllusion\\UniformityIllusionPsychoPy\\Pics\\1b.png'
236.0017 	EXP 	noPeriphery: size = array([1.77777778, 1.        ])
236.0017 	EXP 	noPeriphery: image = 'C:\\Users\\hesselmann\\Desktop\\PsychoPyUniformityIllusion\\UniformityIllusionPsychoPy\\Pics\\1start.png'
236.0017 	EXP 	hasPeriphery: autoDraw = True
236.0017 	EXP 	hasPeriphery: texRes = 128.0
236.0017 	EXP 	noPeriphery: autoDraw = True
236.0017 	EXP 	noPeriphery: texRes = 128.0
236.0017 	EXP 	text: autoDraw = True
236.1519 	EXP 	hasPeriphery: texRes = 128.0
236.1519 	EXP 	noPeriphery: texRes = 128.0
236.3013 	EXP 	hasPeriphery: texRes = 128.0
236.3013 	EXP 	noPeriphery: texRes = 128.0
236.4510 	EXP 	hasPeriphery: texRes = 128.0
236.4510 	EXP 	noPeriphery: texRes = 128.0
236.6012 	EXP 	hasPeriphery: texRes = 128.0
236.6012 	EXP 	noPeriphery: texRes = 128.0
236.7523 	EXP 	hasPeriphery: texRes = 128.0
236.7523 	EXP 	noPeriphery: texRes = 128.0
236.9175 	EXP 	hasPeriphery: texRes = 128.0
236.9175 	EXP 	noPeriphery: texRes = 128.0
237.0674 	EXP 	hasPeriphery: texRes = 128.0
237.0674 	EXP 	noPeriphery: texRes = 128.0
237.2179 	EXP 	hasPeriphery: texRes = 128.0
237.2179 	EXP 	noPeriphery: texRes = 128.0
237.3841 	EXP 	hasPeriphery: texRes = 128.0
237.3841 	EXP 	noPeriphery: texRes = 128.0
237.5341 	EXP 	hasPeriphery: texRes = 128.0
237.5341 	EXP 	noPeriphery: texRes = 128.0
237.6840 	EXP 	hasPeriphery: texRes = 128.0
237.6840 	EXP 	noPeriphery: texRes = 128.0
237.8342 	EXP 	hasPeriphery: texRes = 128.0
237.8342 	EXP 	noPeriphery: texRes = 128.0
238.0009 	EXP 	hasPeriphery: texRes = 128.0
238.0009 	EXP 	noPeriphery: texRes = 128.0
238.1506 	EXP 	hasPeriphery: texRes = 128.0
238.1506 	EXP 	noPeriphery: texRes = 128.0
238.3015 	EXP 	hasPeriphery: texRes = 128.0
238.3015 	EXP 	noPeriphery: texRes = 128.0
238.4671 	EXP 	hasPeriphery: texRes = 128.0
238.4671 	EXP 	noPeriphery: texRes = 128.0
238.5672 	EXP 	New trial (rep=0, index=2): {'startImage': 'C:\\Users\\hesselmann\\Desktop\\PsychoPyUniformityIllusion\\UniformityIllusionPsychoPy\\Pics\\2start.png', 'endImage': 'C:\\Users\\hesselmann\\Desktop\\PsychoPyUniformityIllusion\\UniformityIllusionPsychoPy\\Pics\\2a.png', 'AB': 'a'}
238.7582 	DATA 	Keypress: space
238.8004 	EXP 	hasPeriphery: texRes = 128.0
238.8004 	EXP 	noPeriphery: texRes = 128.0
238.8004 	EXP 	hasPeriphery: autoDraw = False
238.8004 	EXP 	noPeriphery: autoDraw = False
238.8004 	EXP 	text: autoDraw = False
238.8004 	EXP 	hasPeriphery: size = array([1.77777778, 1.        ])
238.8004 	EXP 	hasPeriphery: image = 'C:\\Users\\hesselmann\\Desktop\\PsychoPyUniformityIllusion\\UniformityIllusionPsychoPy\\Pics\\2a.png'
238.8004 	EXP 	noPeriphery: size = array([1.77777778, 1.        ])
238.8004 	EXP 	noPeriphery: image = 'C:\\Users\\hesselmann\\Desktop\\PsychoPyUniformityIllusion\\UniformityIllusionPsychoPy\\Pics\\2start.png'
238.8004 	EXP 	hasPeriphery: autoDraw = True
238.8004 	EXP 	hasPeriphery: texRes = 128.0
238.8004 	EXP 	noPeriphery: autoDraw = True
238.8004 	EXP 	noPeriphery: texRes = 128.0
238.8004 	EXP 	text: autoDraw = True
238.9343 	EXP 	hasPeriphery: texRes = 128.0
238.9343 	EXP 	noPeriphery: texRes = 128.0
239.0837 	EXP 	hasPeriphery: texRes = 128.0
239.0837 	EXP 	noPeriphery: texRes = 128.0
239.2172 	EXP 	hasPeriphery: texRes = 128.0
239.2172 	EXP 	noPeriphery: texRes = 128.0
239.3503 	EXP 	hasPeriphery: texRes = 128.0
239.3503 	EXP 	noPeriphery: texRes = 128.0
239.4837 	EXP 	hasPeriphery: texRes = 128.0
239.4837 	EXP 	noPeriphery: texRes = 128.0
239.6169 	EXP 	hasPeriphery: texRes = 128.0
239.6169 	EXP 	noPeriphery: texRes = 128.0
239.7502 	EXP 	hasPeriphery: texRes = 128.0
239.7502 	EXP 	noPeriphery: texRes = 128.0
239.8835 	EXP 	hasPeriphery: texRes = 128.0
239.8835 	EXP 	noPeriphery: texRes = 128.0
240.0169 	EXP 	hasPeriphery: texRes = 128.0
240.0169 	EXP 	noPeriphery: texRes = 128.0
240.1501 	EXP 	hasPeriphery: texRes = 128.0
240.1501 	EXP 	noPeriphery: texRes = 128.0
240.2835 	EXP 	hasPeriphery: texRes = 128.0
240.2835 	EXP 	noPeriphery: texRes = 128.0
240.4168 	EXP 	hasPeriphery: texRes = 128.0
240.4168 	EXP 	noPeriphery: texRes = 128.0
240.5501 	EXP 	hasPeriphery: texRes = 128.0
240.5501 	EXP 	noPeriphery: texRes = 128.0
240.6838 	EXP 	hasPeriphery: texRes = 128.0
240.6838 	EXP 	noPeriphery: texRes = 128.0
240.8169 	EXP 	hasPeriphery: texRes = 128.0
240.8169 	EXP 	noPeriphery: texRes = 128.0
240.9502 	EXP 	hasPeriphery: texRes = 128.0
240.9502 	EXP 	noPeriphery: texRes = 128.0
241.1000 	EXP 	hasPeriphery: texRes = 128.0
241.1000 	EXP 	noPeriphery: texRes = 128.0
241.2336 	EXP 	hasPeriphery: texRes = 128.0
241.2336 	EXP 	noPeriphery: texRes = 128.0
241.3835 	EXP 	hasPeriphery: texRes = 128.0
241.3835 	EXP 	noPeriphery: texRes = 128.0
241.5339 	EXP 	hasPeriphery: texRes = 128.0
241.5339 	EXP 	noPeriphery: texRes = 128.0
241.6672 	EXP 	hasPeriphery: texRes = 128.0
241.6672 	EXP 	noPeriphery: texRes = 128.0
241.7998 	EXP 	hasPeriphery: texRes = 128.0
241.7998 	EXP 	noPeriphery: texRes = 128.0
241.9343 	EXP 	hasPeriphery: texRes = 128.0
241.9343 	EXP 	noPeriphery: texRes = 128.0
242.0666 	EXP 	hasPeriphery: texRes = 128.0
242.0666 	EXP 	noPeriphery: texRes = 128.0
242.1998 	EXP 	hasPeriphery: texRes = 128.0
242.1998 	EXP 	noPeriphery: texRes = 128.0
242.4101 	EXP 	window1: mouseVisible = True
