0.9942 	WARNING 	We strongly recommend you activate the PTB sound engine in PsychoPy prefs as the preferred audio engine. Its timing is vastly superior. Your prefs are currently set to use ['sounddevice', 'PTB', 'pyo', 'pygame'] (in that order).
8.3490 	EXP 	Created window1 = Window(allowGUI=False, allowStencil=False, autoLog=True, backendConf=UNKNOWN, bitsMode=UNKNOWN, blendMode='avg', bpc=(8, 8, 8), color=array([0, 0, 0]), colorSpace='rgb', depthBits=8, fullscr=<method-wrapper '__getattribute__' of attributeSetter object at 0x0000021943BA6F60>, gamma=None, gammaErrorPolicy='raise', lms=UNKNOWN, monitor=<psychopy.monitors.calibTools.Monitor object at 0x0000021943AC75F8>, multiSample=False, name='window1', numSamples=2, pos=[0.0, 0.0], screen=0, size=array([1920, 1080]), stencilBits=0, stereo=False, units='height', useFBO=True, useRetina=False, viewOri=0.0, viewPos=None, viewScale=None, waitBlanking=True, winType='pyglet')
8.3492 	EXP 	window1: mouseVisible = True
8.3492 	EXP 	window1: recordFrameIntervals = False
8.4808 	EXP 	window1: recordFrameIntervals = True
8.6283 	EXP 	window1: recordFrameIntervals = False
9.1146 	EXP 	Created WelcomeText = TextStim(__class__=<class 'psychopy.visual.text.TextStim'>, alignHoriz=method-wrapper(...), alignText='center', alignVert=method-wrapper(...), anchorHoriz='center', anchorVert='center', antialias=True, autoLog=True, bold=False, color=array([1, 1, 1]), colorSpace='rgb', contrast=1.0, depth=0.0, flipHoriz=False, flipVert=False, font='Open Sans', fontFiles=[], height=0.1, italic=False, languageStyle='LTR', name='WelcomeText', opacity=1, ori=0.0, pos=array([0., 0.]), rgb=UNKNOWN, text='Welcome to our Study!', units='height', win=Window(...), wrapWidth=1)
9.1326 	EXP 	Imported depression.xlsx as conditions, 2 conditions, 12 params
9.1339 	EXP 	Question text: Sadness
9.1649 	EXP 	window1: mouseVisible = True
9.1956 	EXP 	Question text: Pessimism
9.2068 	EXP 	window1: mouseVisible = True
9.2300 	EXP 	window1: mouseVisible = True
9.2341 	EXP 	Created unnamed Rect = Rect(__class__=<class 'psychopy.visual.rect.Rect'>, autoDraw=False, autoLog=True, closeShape=True, color=method-wrapper(...), colorSpace='rgb', contrast=None, depth=0, fillColor=array([0, 0, 0]), fillColorSpace='rgb', fillRGB=UNKNOWN, interpolate=True, lineColor=array([0, 0, 0]), lineColorSpace='rgb', lineRGB=UNKNOWN, lineWidth=1.5, name='unnamed Rect', opacity=0, ori=0.0, pos=array([0., 0.]), size=array([0., 0.]), units='height', vertices=ndarray(...), win=Window(...))
9.2411 	EXP 	Created DepressionQuestionnaire = <psychopy.visual.form.Form object at 0x000002194686E3C8>
9.2645 	EXP 	window1: mouseVisible = True
9.3085 	EXP 	Created instructionsText = TextStim(__class__=<class 'psychopy.visual.text.TextStim'>, alignHoriz=method-wrapper(...), alignText='center', alignVert=method-wrapper(...), anchorHoriz='center', anchorVert='center', antialias=True, autoLog=True, bold=False, color=array([1, 1, 1]), colorSpace='rgb', contrast=1.0, depth=0.0, flipHoriz=False, flipVert=False, font='Open Sans', fontFiles=[], height=0.04, italic=False, languageStyle='LTR', name='instructionsText', opacity=1, ori=0.0, pos=array([0., 0.]), rgb=UNKNOWN, text=str(...), units='height', win=Window(...), wrapWidth=1)
9.3116 	EXP 	Created hasPeriphery = ImageStim(__class__=<class 'psychopy.visual.image.ImageStim'>, autoLog=True, color=array([1, 1, 1]), colorSpace='rgb', contrast=1.0, depth=-1.0, flipHoriz=False, flipVert=False, image='sin', interpolate=True, mask=None, maskParams=None, name='hasPeriphery', opacity=1.0, ori=0.0, pos=array([0., 0.]), size=array([0.5, 0.5]), texRes=128.0, units='height', win=Window(...))
9.3140 	EXP 	Created noPeriphery = ImageStim(__class__=<class 'psychopy.visual.image.ImageStim'>, autoLog=True, color=array([1, 1, 1]), colorSpace='rgb', contrast=1.0, depth=-3.0, flipHoriz=False, flipVert=False, image='sin', interpolate=True, mask=None, maskParams=None, name='noPeriphery', opacity=1.0, ori=0.0, pos=array([0., 0.]), size=array([0.5, 0.5]), texRes=128.0, units='height', win=Window(...))
9.3163 	EXP 	Created final = ImageStim(__class__=<class 'psychopy.visual.image.ImageStim'>, autoLog=True, color=array([1, 1, 1]), colorSpace='rgb', contrast=1.0, depth=-4.0, flipHoriz=False, flipVert=False, image='sin', interpolate=True, mask=None, maskParams=None, name='final', opacity=1.0, ori=0.0, pos=array([0., 0.]), size=array([0.5, 0.5]), texRes=128.0, units='height', win=Window(...))
9.3174 	EXP 	Created blank_screen = Rect(__class__=<class 'psychopy.visual.rect.Rect'>, autoDraw=False, autoLog=True, closeShape=True, color=method-wrapper(...), colorSpace='rgb', contrast=None, depth=-5.0, fillColor=array([1, 1, 1]), fillColorSpace='rgb', fillRGB=UNKNOWN, interpolate=True, lineColor=array([1, 1, 1]), lineColorSpace='rgb', lineRGB=UNKNOWN, lineWidth=1.0, name='blank_screen', opacity=1.0, ori=0.0, pos=array([0., 0.]), size=array([2., 2.]), units='height', vertices=ndarray(...), win=Window(...))
9.3227 	EXP 	Created text = TextStim(__class__=<class 'psychopy.visual.text.TextStim'>, alignHoriz=method-wrapper(...), alignText='center', alignVert=method-wrapper(...), anchorHoriz='center', anchorVert='center', antialias=True, autoLog=True, bold=False, color=array([ 1, -1, -1]), colorSpace='rgb', contrast=1.0, depth=-6.0, flipHoriz=False, flipVert=False, font='Open Sans', fontFiles=[], height=0.1, italic=False, languageStyle='LTR', name='text', opacity=1, ori=0.0, pos=array([0., 0.]), rgb=UNKNOWN, text='+', units='height', win=Window(...), wrapWidth=1)
9.3343 	EXP 	Created WelcomeText = TextStim(__class__=<class 'psychopy.visual.text.TextStim'>, alignHoriz=method-wrapper(...), alignText='center', alignVert=method-wrapper(...), anchorHoriz='center', anchorVert='center', antialias=True, autoLog=True, bold=False, color=array([1, 1, 1]), colorSpace='rgb', contrast=1.0, depth=0.0, flipHoriz=False, flipVert=False, font='Open Sans', fontFiles=[], height=0.1, italic=False, languageStyle='LTR', name='WelcomeText', opacity=1, ori=0.0, pos=array([0., 0.]), rgb=UNKNOWN, text='Welcome to our Study!', units='height', win=Window(...), wrapWidth=1)
9.3368 	EXP 	Created hasPeriphery_2 = ImageStim(__class__=<class 'psychopy.visual.image.ImageStim'>, autoLog=True, color=array([1, 1, 1]), colorSpace='rgb', contrast=1.0, depth=-1.0, flipHoriz=False, flipVert=False, image='sin', interpolate=True, mask=None, maskParams=None, name='hasPeriphery_2', opacity=1.0, ori=0.0, pos=array([0., 0.]), size=array([0.5, 0.5]), texRes=128.0, units='height', win=Window(...))
9.3392 	EXP 	Created noPeriphery_2 = ImageStim(__class__=<class 'psychopy.visual.image.ImageStim'>, autoLog=True, color=array([1, 1, 1]), colorSpace='rgb', contrast=1.0, depth=-3.0, flipHoriz=False, flipVert=False, image='sin', interpolate=True, mask=None, maskParams=None, name='noPeriphery_2', opacity=1.0, ori=0.0, pos=array([0., 0.]), size=array([0.5, 0.5]), texRes=128.0, units='height', win=Window(...))
9.3410 	EXP 	Created text_2 = TextStim(__class__=<class 'psychopy.visual.text.TextStim'>, alignHoriz=method-wrapper(...), alignText='center', alignVert=method-wrapper(...), anchorHoriz='center', anchorVert='center', antialias=True, autoLog=True, bold=False, color=array([ 1, -1, -1]), colorSpace='rgb', contrast=1.0, depth=-4.0, flipHoriz=False, flipVert=False, font='Open Sans', fontFiles=[], height=0.1, italic=False, languageStyle='LTR', name='text_2', opacity=1, ori=0.0, pos=array([0., 0.]), rgb=UNKNOWN, text='+', units='height', win=Window(...), wrapWidth=1)
9.3882 	EXP 	unnamed Form: autoLog = True
9.3882 	EXP 	DepressionQuestionnaire: name = 'DepressionQuestionnaire'
9.3882 	EXP 	DepressionQuestionnaire: size = (3.5, 1)
9.3882 	EXP 	DepressionQuestionnaire: size = array([3.5, 1. ])
9.3882 	EXP 	DepressionQuestionnaire: units = 'height'
9.3882 	EXP 	DepressionQuestionnaire: depth = 0
9.3882 	EXP 	WelcomeText: autoDraw = True
11.3884 	EXP 	WelcomeText: autoDraw = False
11.3884 	EXP 	DepressionQuestionnaire: autoDraw = True
12.8783 	DATA 	Mouse: Left button down, pos=(748,68)
12.9349 	EXP 	DepressionQuestionnaire: autoDraw = False
12.9349 	EXP 	instructionsText: autoDraw = True
12.9657 	DATA 	Mouse:  Left button up, pos=(748,68)
13.3494 	EXP 	Imported picPaths.xlsx as conditions, 6 conditions, 4 params
13.3497 	EXP 	Created sequence: sequential, trialTypes=6, nReps=1, seed=None
13.3500 	EXP 	New trial (rep=0, index=0): {'startImage': 'C:\\Users\\hesselmann\\Desktop\\PsychoPyUniformityIllusion\\UniformityIllusionPsychoPy\\Pics\\1start.png', 'midImage': 'C:\\Users\\hesselmann\\Desktop\\PsychoPyUniformityIllusion\\UniformityIllusionPsychoPy\\Pics\\1a.png', 'endImage': 'C:\\Users\\hesselmann\\Desktop\\PsychoPyUniformityIllusion\\UniformityIllusionPsychoPy\\Pics\\1a.png', 'AB': 'a'}
13.5913 	DATA 	Keypress: space
13.6413 	EXP 	instructionsText: autoDraw = False
13.6413 	EXP 	hasPeriphery: size = array([1.77777778, 1.        ])
13.6413 	EXP 	hasPeriphery: image = 'C:\\Users\\hesselmann\\Desktop\\PsychoPyUniformityIllusion\\UniformityIllusionPsychoPy\\Pics\\1a.png'
13.6413 	EXP 	noPeriphery: size = array([1.77777778, 1.        ])
13.6413 	EXP 	noPeriphery: image = 'C:\\Users\\hesselmann\\Desktop\\PsychoPyUniformityIllusion\\UniformityIllusionPsychoPy\\Pics\\1start.png'
13.6413 	EXP 	final: size = array([1.77777778, 1.        ])
13.6413 	EXP 	final: image = 'C:\\Users\\hesselmann\\Desktop\\PsychoPyUniformityIllusion\\UniformityIllusionPsychoPy\\Pics\\1a.png'
13.6413 	EXP 	hasPeriphery: autoDraw = True
13.6413 	EXP 	hasPeriphery: texRes = 128.0
13.6413 	EXP 	noPeriphery: autoDraw = True
13.6413 	EXP 	noPeriphery: texRes = 128.0
13.6413 	EXP 	text: autoDraw = True
13.7886 	EXP 	hasPeriphery: texRes = 128.0
13.7886 	EXP 	noPeriphery: texRes = 128.0
13.9351 	EXP 	hasPeriphery: texRes = 128.0
13.9351 	EXP 	noPeriphery: texRes = 128.0
14.0817 	EXP 	hasPeriphery: texRes = 128.0
14.0817 	EXP 	noPeriphery: texRes = 128.0
14.2284 	EXP 	hasPeriphery: texRes = 128.0
14.2284 	EXP 	noPeriphery: texRes = 128.0
14.3750 	EXP 	hasPeriphery: texRes = 128.0
14.3750 	EXP 	noPeriphery: texRes = 128.0
14.5221 	EXP 	hasPeriphery: texRes = 128.0
14.5221 	EXP 	noPeriphery: texRes = 128.0
14.6686 	EXP 	hasPeriphery: texRes = 128.0
14.6686 	EXP 	noPeriphery: texRes = 128.0
14.8154 	EXP 	hasPeriphery: texRes = 128.0
14.8154 	EXP 	noPeriphery: texRes = 128.0
14.9617 	EXP 	hasPeriphery: texRes = 128.0
14.9617 	EXP 	noPeriphery: texRes = 128.0
15.1092 	EXP 	hasPeriphery: texRes = 128.0
15.1092 	EXP 	noPeriphery: texRes = 128.0
15.2685 	EXP 	hasPeriphery: texRes = 128.0
15.2685 	EXP 	noPeriphery: texRes = 128.0
15.4151 	EXP 	hasPeriphery: texRes = 128.0
15.4151 	EXP 	noPeriphery: texRes = 128.0
15.5618 	EXP 	hasPeriphery: texRes = 128.0
15.5618 	EXP 	noPeriphery: texRes = 128.0
15.7085 	EXP 	hasPeriphery: texRes = 128.0
15.7085 	EXP 	noPeriphery: texRes = 128.0
15.8548 	EXP 	hasPeriphery: texRes = 128.0
15.8548 	EXP 	noPeriphery: texRes = 128.0
16.0015 	EXP 	hasPeriphery: texRes = 128.0
16.0015 	EXP 	noPeriphery: texRes = 128.0
16.1489 	EXP 	hasPeriphery: texRes = 128.0
16.1489 	EXP 	noPeriphery: texRes = 128.0
16.2952 	EXP 	hasPeriphery: texRes = 128.0
16.2952 	EXP 	noPeriphery: texRes = 128.0
16.4557 	EXP 	hasPeriphery: texRes = 128.0
16.4557 	EXP 	noPeriphery: texRes = 128.0
16.6822 	EXP 	hasPeriphery: texRes = 128.0
16.6822 	EXP 	noPeriphery: texRes = 128.0
16.6822 	EXP 	final: autoDraw = True
16.6822 	EXP 	final: texRes = 128.0
16.9223 	EXP 	hasPeriphery: texRes = 128.0
16.9223 	EXP 	noPeriphery: texRes = 128.0
16.9223 	EXP 	final: texRes = 128.0
16.9223 	EXP 	blank_screen: autoDraw = True
17.1353 	EXP 	hasPeriphery: texRes = 128.0
17.1353 	EXP 	noPeriphery: texRes = 128.0
17.1353 	EXP 	final: texRes = 128.0
17.3353 	EXP 	hasPeriphery: texRes = 128.0
17.3353 	EXP 	noPeriphery: texRes = 128.0
17.3353 	EXP 	final: texRes = 128.0
17.3353 	EXP 	blank_screen: autoDraw = False
17.5493 	EXP 	hasPeriphery: texRes = 128.0
17.5493 	EXP 	noPeriphery: texRes = 128.0
17.5493 	EXP 	final: texRes = 128.0
17.7617 	EXP 	hasPeriphery: texRes = 128.0
17.7617 	EXP 	noPeriphery: texRes = 128.0
17.7617 	EXP 	final: texRes = 128.0
17.9886 	EXP 	hasPeriphery: texRes = 128.0
17.9886 	EXP 	noPeriphery: texRes = 128.0
17.9886 	EXP 	final: texRes = 128.0
18.2023 	EXP 	hasPeriphery: texRes = 128.0
18.2023 	EXP 	noPeriphery: texRes = 128.0
18.2023 	EXP 	final: texRes = 128.0
18.4024 	EXP 	hasPeriphery: texRes = 128.0
18.4024 	EXP 	noPeriphery: texRes = 128.0
18.4024 	EXP 	final: texRes = 128.0
18.6155 	EXP 	hasPeriphery: texRes = 128.0
18.6155 	EXP 	noPeriphery: texRes = 128.0
18.6155 	EXP 	final: texRes = 128.0
18.8284 	EXP 	hasPeriphery: texRes = 128.0
18.8284 	EXP 	noPeriphery: texRes = 128.0
18.8284 	EXP 	final: texRes = 128.0
19.0421 	EXP 	hasPeriphery: texRes = 128.0
19.0421 	EXP 	noPeriphery: texRes = 128.0
19.0421 	EXP 	final: texRes = 128.0
19.1874 	EXP 	New trial (rep=0, index=1): {'startImage': 'C:\\Users\\hesselmann\\Desktop\\PsychoPyUniformityIllusion\\UniformityIllusionPsychoPy\\Pics\\1start.png', 'midImage': 'C:\\Users\\hesselmann\\Desktop\\PsychoPyUniformityIllusion\\UniformityIllusionPsychoPy\\Pics\\1a.png', 'endImage': 'C:\\Users\\hesselmann\\Desktop\\PsychoPyUniformityIllusion\\UniformityIllusionPsychoPy\\Pics\\1b.png', 'AB': 'b'}
19.4125 	DATA 	Keypress: space
19.4556 	EXP 	hasPeriphery: texRes = 128.0
19.4556 	EXP 	noPeriphery: texRes = 128.0
19.4556 	EXP 	final: texRes = 128.0
19.4556 	EXP 	hasPeriphery: autoDraw = False
19.4556 	EXP 	noPeriphery: autoDraw = False
19.4556 	EXP 	final: autoDraw = False
19.4556 	EXP 	blank_screen: autoDraw = False
19.4556 	EXP 	text: autoDraw = False
19.4556 	EXP 	hasPeriphery: size = array([1.77777778, 1.        ])
19.4556 	EXP 	hasPeriphery: image = 'C:\\Users\\hesselmann\\Desktop\\PsychoPyUniformityIllusion\\UniformityIllusionPsychoPy\\Pics\\1a.png'
19.4556 	EXP 	noPeriphery: size = array([1.77777778, 1.        ])
19.4556 	EXP 	noPeriphery: image = 'C:\\Users\\hesselmann\\Desktop\\PsychoPyUniformityIllusion\\UniformityIllusionPsychoPy\\Pics\\1start.png'
19.4556 	EXP 	final: size = array([1.77777778, 1.        ])
19.4556 	EXP 	final: image = 'C:\\Users\\hesselmann\\Desktop\\PsychoPyUniformityIllusion\\UniformityIllusionPsychoPy\\Pics\\1b.png'
19.4556 	EXP 	hasPeriphery: autoDraw = True
19.4556 	EXP 	hasPeriphery: texRes = 128.0
19.4556 	EXP 	noPeriphery: autoDraw = True
19.4556 	EXP 	noPeriphery: texRes = 128.0
19.4556 	EXP 	text: autoDraw = True
19.6022 	EXP 	hasPeriphery: texRes = 128.0
19.6022 	EXP 	noPeriphery: texRes = 128.0
19.7486 	EXP 	hasPeriphery: texRes = 128.0
19.7486 	EXP 	noPeriphery: texRes = 128.0
19.8952 	EXP 	hasPeriphery: texRes = 128.0
19.8952 	EXP 	noPeriphery: texRes = 128.0
20.0553 	EXP 	hasPeriphery: texRes = 128.0
20.0553 	EXP 	noPeriphery: texRes = 128.0
20.2024 	EXP 	hasPeriphery: texRes = 128.0
20.2024 	EXP 	noPeriphery: texRes = 128.0
20.3357 	EXP 	hasPeriphery: texRes = 128.0
20.3357 	EXP 	noPeriphery: texRes = 128.0
20.4826 	EXP 	hasPeriphery: texRes = 128.0
20.4826 	EXP 	noPeriphery: texRes = 128.0
20.6293 	EXP 	hasPeriphery: texRes = 128.0
20.6293 	EXP 	noPeriphery: texRes = 128.0
20.7753 	EXP 	hasPeriphery: texRes = 128.0
20.7753 	EXP 	noPeriphery: texRes = 128.0
20.9220 	EXP 	hasPeriphery: texRes = 128.0
20.9220 	EXP 	noPeriphery: texRes = 128.0
21.0820 	EXP 	hasPeriphery: texRes = 128.0
21.0820 	EXP 	noPeriphery: texRes = 128.0
21.2157 	EXP 	hasPeriphery: texRes = 128.0
21.2157 	EXP 	noPeriphery: texRes = 128.0
21.3494 	EXP 	hasPeriphery: texRes = 128.0
21.3494 	EXP 	noPeriphery: texRes = 128.0
21.4961 	EXP 	hasPeriphery: texRes = 128.0
21.4961 	EXP 	noPeriphery: texRes = 128.0
21.6424 	EXP 	hasPeriphery: texRes = 128.0
21.6424 	EXP 	noPeriphery: texRes = 128.0
21.7887 	EXP 	hasPeriphery: texRes = 128.0
21.7887 	EXP 	noPeriphery: texRes = 128.0
21.9358 	EXP 	hasPeriphery: texRes = 128.0
21.9358 	EXP 	noPeriphery: texRes = 128.0
22.0832 	EXP 	hasPeriphery: texRes = 128.0
22.0832 	EXP 	noPeriphery: texRes = 128.0
22.2295 	EXP 	hasPeriphery: texRes = 128.0
22.2295 	EXP 	noPeriphery: texRes = 128.0
22.3621 	EXP 	hasPeriphery: texRes = 128.0
22.3621 	EXP 	noPeriphery: texRes = 128.0
22.5091 	EXP 	hasPeriphery: texRes = 128.0
22.5091 	EXP 	noPeriphery: texRes = 128.0
22.6560 	EXP 	hasPeriphery: texRes = 128.0
22.6560 	EXP 	noPeriphery: texRes = 128.0
22.8156 	EXP 	hasPeriphery: texRes = 128.0
22.8156 	EXP 	noPeriphery: texRes = 128.0
22.9763 	EXP 	hasPeriphery: texRes = 128.0
22.9763 	EXP 	noPeriphery: texRes = 128.0
23.1226 	EXP 	hasPeriphery: texRes = 128.0
23.1226 	EXP 	noPeriphery: texRes = 128.0
23.2693 	EXP 	hasPeriphery: texRes = 128.0
23.2693 	EXP 	noPeriphery: texRes = 128.0
23.4163 	EXP 	hasPeriphery: texRes = 128.0
23.4163 	EXP 	noPeriphery: texRes = 128.0
23.5629 	EXP 	hasPeriphery: texRes = 128.0
23.5629 	EXP 	noPeriphery: texRes = 128.0
23.7095 	EXP 	hasPeriphery: texRes = 128.0
23.7095 	EXP 	noPeriphery: texRes = 128.0
23.9360 	EXP 	hasPeriphery: texRes = 128.0
23.9360 	EXP 	noPeriphery: texRes = 128.0
23.9360 	EXP 	final: autoDraw = True
23.9360 	EXP 	final: texRes = 128.0
24.1490 	EXP 	hasPeriphery: texRes = 128.0
24.1490 	EXP 	noPeriphery: texRes = 128.0
24.1490 	EXP 	final: texRes = 128.0
24.3493 	EXP 	hasPeriphery: texRes = 128.0
24.3493 	EXP 	noPeriphery: texRes = 128.0
24.3493 	EXP 	final: texRes = 128.0
24.5624 	EXP 	hasPeriphery: texRes = 128.0
24.5624 	EXP 	noPeriphery: texRes = 128.0
24.5624 	EXP 	final: texRes = 128.0
24.7764 	EXP 	hasPeriphery: texRes = 128.0
24.7764 	EXP 	noPeriphery: texRes = 128.0
24.7764 	EXP 	final: texRes = 128.0
24.9898 	EXP 	hasPeriphery: texRes = 128.0
24.9898 	EXP 	noPeriphery: texRes = 128.0
24.9898 	EXP 	final: texRes = 128.0
24.9898 	EXP 	blank_screen: autoDraw = True
25.2161 	EXP 	hasPeriphery: texRes = 128.0
25.2161 	EXP 	noPeriphery: texRes = 128.0
25.2161 	EXP 	final: texRes = 128.0
25.4162 	EXP 	hasPeriphery: texRes = 128.0
25.4162 	EXP 	noPeriphery: texRes = 128.0
25.4162 	EXP 	final: texRes = 128.0
25.4162 	EXP 	blank_screen: autoDraw = False
25.6431 	EXP 	hasPeriphery: texRes = 128.0
25.6431 	EXP 	noPeriphery: texRes = 128.0
25.6431 	EXP 	final: texRes = 128.0
25.8559 	EXP 	hasPeriphery: texRes = 128.0
25.8559 	EXP 	noPeriphery: texRes = 128.0
25.8559 	EXP 	final: texRes = 128.0
26.0699 	EXP 	hasPeriphery: texRes = 128.0
26.0699 	EXP 	noPeriphery: texRes = 128.0
26.0699 	EXP 	final: texRes = 128.0
26.2838 	EXP 	hasPeriphery: texRes = 128.0
26.2838 	EXP 	noPeriphery: texRes = 128.0
26.2838 	EXP 	final: texRes = 128.0
26.4966 	EXP 	hasPeriphery: texRes = 128.0
26.4966 	EXP 	noPeriphery: texRes = 128.0
26.4966 	EXP 	final: texRes = 128.0
26.6971 	EXP 	hasPeriphery: texRes = 128.0
26.6971 	EXP 	noPeriphery: texRes = 128.0
26.6971 	EXP 	final: texRes = 128.0
26.9226 	EXP 	hasPeriphery: texRes = 128.0
26.9226 	EXP 	noPeriphery: texRes = 128.0
26.9226 	EXP 	final: texRes = 128.0
27.1367 	EXP 	hasPeriphery: texRes = 128.0
27.1367 	EXP 	noPeriphery: texRes = 128.0
27.1367 	EXP 	final: texRes = 128.0
27.3367 	EXP 	hasPeriphery: texRes = 128.0
27.3367 	EXP 	noPeriphery: texRes = 128.0
27.3367 	EXP 	final: texRes = 128.0
27.5364 	EXP 	hasPeriphery: texRes = 128.0
27.5364 	EXP 	noPeriphery: texRes = 128.0
27.5364 	EXP 	final: texRes = 128.0
27.7493 	EXP 	hasPeriphery: texRes = 128.0
27.7493 	EXP 	noPeriphery: texRes = 128.0
27.7493 	EXP 	final: texRes = 128.0
27.9768 	EXP 	hasPeriphery: texRes = 128.0
27.9768 	EXP 	noPeriphery: texRes = 128.0
27.9768 	EXP 	final: texRes = 128.0
28.2031 	EXP 	hasPeriphery: texRes = 128.0
28.2031 	EXP 	noPeriphery: texRes = 128.0
28.2031 	EXP 	final: texRes = 128.0
28.4031 	EXP 	hasPeriphery: texRes = 128.0
28.4031 	EXP 	noPeriphery: texRes = 128.0
28.4031 	EXP 	final: texRes = 128.0
28.6161 	EXP 	hasPeriphery: texRes = 128.0
28.6161 	EXP 	noPeriphery: texRes = 128.0
28.6161 	EXP 	final: texRes = 128.0
28.8302 	EXP 	hasPeriphery: texRes = 128.0
28.8302 	EXP 	noPeriphery: texRes = 128.0
28.8302 	EXP 	final: texRes = 128.0
29.0298 	EXP 	hasPeriphery: texRes = 128.0
29.0298 	EXP 	noPeriphery: texRes = 128.0
29.0298 	EXP 	final: texRes = 128.0
29.2432 	EXP 	hasPeriphery: texRes = 128.0
29.2432 	EXP 	noPeriphery: texRes = 128.0
29.2432 	EXP 	final: texRes = 128.0
29.4439 	EXP 	hasPeriphery: texRes = 128.0
29.4439 	EXP 	noPeriphery: texRes = 128.0
29.4439 	EXP 	final: texRes = 128.0
29.5228 	EXP 	hasPeriphery: autoDraw = False
29.5228 	EXP 	noPeriphery: autoDraw = False
29.5228 	EXP 	final: texRes = 128.0
29.6167 	EXP 	final: texRes = 128.0
29.6965 	EXP 	final: texRes = 128.0
29.7768 	EXP 	final: texRes = 128.0
29.8562 	EXP 	final: texRes = 128.0
29.9362 	EXP 	final: texRes = 128.0
30.0166 	EXP 	final: texRes = 128.0
30.0967 	EXP 	final: texRes = 128.0
30.1762 	EXP 	final: texRes = 128.0
30.2562 	EXP 	final: texRes = 128.0
30.3362 	EXP 	final: texRes = 128.0
30.4163 	EXP 	final: texRes = 128.0
30.4962 	EXP 	final: texRes = 128.0
30.5763 	EXP 	final: texRes = 128.0
30.6566 	EXP 	final: texRes = 128.0
30.7370 	EXP 	final: texRes = 128.0
30.8171 	EXP 	final: texRes = 128.0
30.8967 	EXP 	final: texRes = 128.0
30.9768 	EXP 	final: texRes = 128.0
31.0574 	EXP 	final: texRes = 128.0
31.1502 	EXP 	final: texRes = 128.0
31.2435 	EXP 	final: texRes = 128.0
31.3238 	EXP 	final: texRes = 128.0
31.4172 	EXP 	final: texRes = 128.0
31.5097 	EXP 	final: texRes = 128.0
31.6036 	EXP 	final: texRes = 128.0
31.6716 	DATA 	Keypress: escape
31.6973 	EXP 	final: texRes = 128.0
31.7773 	EXP 	final: texRes = 128.0
31.9747 	EXP 	window1: mouseVisible = True
