1.0411 	WARNING 	We strongly recommend you activate the PTB sound engine in PsychoPy prefs as the preferred audio engine. Its timing is vastly superior. Your prefs are currently set to use ['sounddevice', 'PTB', 'pyo', 'pygame'] (in that order).
8.2339 	EXP 	Created window1 = Window(allowGUI=False, allowStencil=False, autoLog=True, backendConf=UNKNOWN, bitsMode=UNKNOWN, blendMode='avg', bpc=(8, 8, 8), color=array([0, 0, 0]), colorSpace='rgb', depthBits=8, fullscr=<method-wrapper '__getattribute__' of attributeSetter object at 0x00000215053A4F60>, gamma=None, gammaErrorPolicy='raise', lms=UNKNOWN, monitor=<psychopy.monitors.calibTools.Monitor object at 0x00000215052C65C0>, multiSample=False, name='window1', numSamples=2, pos=[0.0, 0.0], screen=0, size=array([1920, 1080]), stencilBits=0, stereo=False, units='height', useFBO=True, useRetina=False, viewOri=0.0, viewPos=None, viewScale=None, waitBlanking=True, winType='pyglet')
8.2341 	EXP 	window1: mouseVisible = True
8.2341 	EXP 	window1: recordFrameIntervals = False
8.4002 	EXP 	window1: recordFrameIntervals = True
8.5835 	EXP 	window1: recordFrameIntervals = False
8.9704 	EXP 	Created WelcomeText = TextStim(__class__=<class 'psychopy.visual.text.TextStim'>, alignHoriz=method-wrapper(...), alignText='center', alignVert=method-wrapper(...), anchorHoriz='center', anchorVert='center', antialias=True, autoLog=True, bold=False, color=array([1, 1, 1]), colorSpace='rgb', contrast=1.0, depth=0.0, flipHoriz=False, flipVert=False, font='Open Sans', fontFiles=[], height=0.1, italic=False, languageStyle='LTR', name='WelcomeText', opacity=1, ori=0.0, pos=array([0., 0.]), rgb=UNKNOWN, text='Welcome to our Study!', units='height', win=Window(...), wrapWidth=1)
8.9888 	EXP 	Imported depression.xlsx as conditions, 2 conditions, 12 params
8.9901 	EXP 	Question text: Sadness
9.0135 	EXP 	window1: mouseVisible = True
9.0496 	EXP 	Question text: Pessimism
9.0576 	EXP 	window1: mouseVisible = True
9.0890 	EXP 	window1: mouseVisible = True
9.0950 	EXP 	Created unnamed Rect = Rect(__class__=<class 'psychopy.visual.rect.Rect'>, autoDraw=False, autoLog=True, closeShape=True, color=method-wrapper(...), colorSpace='rgb', contrast=None, depth=0, fillColor=array([0, 0, 0]), fillColorSpace='rgb', fillRGB=UNKNOWN, interpolate=True, lineColor=array([0, 0, 0]), lineColorSpace='rgb', lineRGB=UNKNOWN, lineWidth=1.5, name='unnamed Rect', opacity=0, ori=0.0, pos=array([0., 0.]), size=array([0., 0.]), units='height', vertices=ndarray(...), win=Window(...))
9.1053 	EXP 	Created DepressionQuestionnaire = <psychopy.visual.form.Form object at 0x0000021507DDD3C8>
9.1349 	EXP 	window1: mouseVisible = True
9.1794 	EXP 	Created instructionsText = TextStim(__class__=<class 'psychopy.visual.text.TextStim'>, alignHoriz=method-wrapper(...), alignText='center', alignVert=method-wrapper(...), anchorHoriz='center', anchorVert='center', antialias=True, autoLog=True, bold=False, color=array([1, 1, 1]), colorSpace='rgb', contrast=1.0, depth=0.0, flipHoriz=False, flipVert=False, font='Open Sans', fontFiles=[], height=0.04, italic=False, languageStyle='LTR', name='instructionsText', opacity=1, ori=0.0, pos=array([0., 0.]), rgb=UNKNOWN, text=str(...), units='height', win=Window(...), wrapWidth=1)
9.1826 	EXP 	Created hasPeriphery = ImageStim(__class__=<class 'psychopy.visual.image.ImageStim'>, autoLog=True, color=array([1, 1, 1]), colorSpace='rgb', contrast=1.0, depth=-1.0, flipHoriz=False, flipVert=False, image='sin', interpolate=True, mask=None, maskParams=None, name='hasPeriphery', opacity=1.0, ori=0.0, pos=array([0., 0.]), size=array([0.5, 0.5]), texRes=128.0, units='height', win=Window(...))
9.1857 	EXP 	Created noPeriphery = ImageStim(__class__=<class 'psychopy.visual.image.ImageStim'>, autoLog=True, color=array([1, 1, 1]), colorSpace='rgb', contrast=1.0, depth=-3.0, flipHoriz=False, flipVert=False, image='sin', interpolate=True, mask=None, maskParams=None, name='noPeriphery', opacity=1.0, ori=0.0, pos=array([0., 0.]), size=array([0.5, 0.5]), texRes=128.0, units='height', win=Window(...))
9.1880 	EXP 	Created final = ImageStim(__class__=<class 'psychopy.visual.image.ImageStim'>, autoLog=True, color=array([1, 1, 1]), colorSpace='rgb', contrast=1.0, depth=-4.0, flipHoriz=False, flipVert=False, image='sin', interpolate=True, mask=None, maskParams=None, name='final', opacity=1.0, ori=0.0, pos=array([0., 0.]), size=array([0.5, 0.5]), texRes=128.0, units='height', win=Window(...))
9.1890 	EXP 	Created blank_screen = Rect(__class__=<class 'psychopy.visual.rect.Rect'>, autoDraw=False, autoLog=True, closeShape=True, color=method-wrapper(...), colorSpace='rgb', contrast=None, depth=-5.0, fillColor=array([1, 1, 1]), fillColorSpace='rgb', fillRGB=UNKNOWN, interpolate=True, lineColor=array([1, 1, 1]), lineColorSpace='rgb', lineRGB=UNKNOWN, lineWidth=1.0, name='blank_screen', opacity=1.0, ori=0.0, pos=array([0., 0.]), size=array([2., 2.]), units='height', vertices=ndarray(...), win=Window(...))
9.1944 	EXP 	Created text = TextStim(__class__=<class 'psychopy.visual.text.TextStim'>, alignHoriz=method-wrapper(...), alignText='center', alignVert=method-wrapper(...), anchorHoriz='center', anchorVert='center', antialias=True, autoLog=True, bold=False, color=array([ 1, -1, -1]), colorSpace='rgb', contrast=1.0, depth=-6.0, flipHoriz=False, flipVert=False, font='Open Sans', fontFiles=[], height=0.1, italic=False, languageStyle='LTR', name='text', opacity=1, ori=0.0, pos=array([0., 0.]), rgb=UNKNOWN, text='+', units='height', win=Window(...), wrapWidth=1)
9.2053 	EXP 	Created WelcomeText = TextStim(__class__=<class 'psychopy.visual.text.TextStim'>, alignHoriz=method-wrapper(...), alignText='center', alignVert=method-wrapper(...), anchorHoriz='center', anchorVert='center', antialias=True, autoLog=True, bold=False, color=array([1, 1, 1]), colorSpace='rgb', contrast=1.0, depth=0.0, flipHoriz=False, flipVert=False, font='Open Sans', fontFiles=[], height=0.1, italic=False, languageStyle='LTR', name='WelcomeText', opacity=1, ori=0.0, pos=array([0., 0.]), rgb=UNKNOWN, text='Welcome to our Study!', units='height', win=Window(...), wrapWidth=1)
9.2080 	EXP 	Created hasPeriphery_2 = ImageStim(__class__=<class 'psychopy.visual.image.ImageStim'>, autoLog=True, color=array([1, 1, 1]), colorSpace='rgb', contrast=1.0, depth=-1.0, flipHoriz=False, flipVert=False, image='sin', interpolate=True, mask=None, maskParams=None, name='hasPeriphery_2', opacity=1.0, ori=0.0, pos=array([0., 0.]), size=array([0.5, 0.5]), texRes=128.0, units='height', win=Window(...))
9.2104 	EXP 	Created noPeriphery_2 = ImageStim(__class__=<class 'psychopy.visual.image.ImageStim'>, autoLog=True, color=array([1, 1, 1]), colorSpace='rgb', contrast=1.0, depth=-3.0, flipHoriz=False, flipVert=False, image='sin', interpolate=True, mask=None, maskParams=None, name='noPeriphery_2', opacity=1.0, ori=0.0, pos=array([0., 0.]), size=array([0.5, 0.5]), texRes=128.0, units='height', win=Window(...))
9.2122 	EXP 	Created text_2 = TextStim(__class__=<class 'psychopy.visual.text.TextStim'>, alignHoriz=method-wrapper(...), alignText='center', alignVert=method-wrapper(...), anchorHoriz='center', anchorVert='center', antialias=True, autoLog=True, bold=False, color=array([ 1, -1, -1]), colorSpace='rgb', contrast=1.0, depth=-4.0, flipHoriz=False, flipVert=False, font='Open Sans', fontFiles=[], height=0.1, italic=False, languageStyle='LTR', name='text_2', opacity=1, ori=0.0, pos=array([0., 0.]), rgb=UNKNOWN, text='+', units='height', win=Window(...), wrapWidth=1)
9.2675 	EXP 	unnamed Form: autoLog = True
9.2675 	EXP 	DepressionQuestionnaire: name = 'DepressionQuestionnaire'
9.2675 	EXP 	DepressionQuestionnaire: size = (3.5, 1)
9.2675 	EXP 	DepressionQuestionnaire: size = array([3.5, 1. ])
9.2675 	EXP 	DepressionQuestionnaire: units = 'height'
9.2675 	EXP 	DepressionQuestionnaire: depth = 0
9.2675 	EXP 	WelcomeText: autoDraw = True
11.2672 	EXP 	WelcomeText: autoDraw = False
11.2672 	EXP 	DepressionQuestionnaire: autoDraw = True
14.5332 	DATA 	Mouse: Left button down, pos=(548,1)
14.5661 	EXP 	DepressionQuestionnaire: autoDraw = False
14.5661 	EXP 	instructionsText: autoDraw = True
14.6038 	DATA 	Mouse:  Left button up, pos=(548,1)
15.1800 	EXP 	Imported picPaths.xlsx as conditions, 6 conditions, 4 params
15.1804 	EXP 	Created sequence: sequential, trialTypes=6, nReps=1, seed=None
15.1806 	EXP 	New trial (rep=0, index=0): {'startImage': 'C:\\Users\\hesselmann\\Desktop\\PsychoPyUniformityIllusion\\UniformityIllusionPsychoPy\\Pics\\1start.png', 'midImage': 'C:\\Users\\hesselmann\\Desktop\\PsychoPyUniformityIllusion\\UniformityIllusionPsychoPy\\Pics\\1a.png', 'endImage': 'C:\\Users\\hesselmann\\Desktop\\PsychoPyUniformityIllusion\\UniformityIllusionPsychoPy\\Pics\\1a.png', 'AB': 'a'}
15.4149 	DATA 	Keypress: space
15.4661 	EXP 	instructionsText: autoDraw = False
15.4661 	EXP 	hasPeriphery: size = array([1.77777778, 1.        ])
15.4661 	EXP 	hasPeriphery: image = 'C:\\Users\\hesselmann\\Desktop\\PsychoPyUniformityIllusion\\UniformityIllusionPsychoPy\\Pics\\1a.png'
15.4661 	EXP 	noPeriphery: size = array([1.77777778, 1.        ])
15.4661 	EXP 	noPeriphery: image = 'C:\\Users\\hesselmann\\Desktop\\PsychoPyUniformityIllusion\\UniformityIllusionPsychoPy\\Pics\\1start.png'
15.4661 	EXP 	final: size = array([1.77777778, 1.        ])
15.4661 	EXP 	final: image = 'C:\\Users\\hesselmann\\Desktop\\PsychoPyUniformityIllusion\\UniformityIllusionPsychoPy\\Pics\\1a.png'
15.4661 	EXP 	hasPeriphery: autoDraw = True
15.4661 	EXP 	hasPeriphery: texRes = 128.0
15.4661 	EXP 	noPeriphery: autoDraw = True
15.4661 	EXP 	noPeriphery: texRes = 128.0
15.4661 	EXP 	blank_screen: autoDraw = True
15.4661 	EXP 	text: autoDraw = True
15.6167 	EXP 	hasPeriphery: texRes = 128.0
15.6167 	EXP 	noPeriphery: texRes = 128.0
15.7495 	EXP 	hasPeriphery: texRes = 128.0
15.7495 	EXP 	noPeriphery: texRes = 128.0
15.7495 	EXP 	blank_screen: autoDraw = False
15.8827 	EXP 	hasPeriphery: texRes = 128.0
15.8827 	EXP 	noPeriphery: texRes = 128.0
16.0156 	EXP 	hasPeriphery: texRes = 128.0
16.0156 	EXP 	noPeriphery: texRes = 128.0
16.1497 	EXP 	hasPeriphery: texRes = 128.0
16.1497 	EXP 	noPeriphery: texRes = 128.0
16.2824 	EXP 	hasPeriphery: texRes = 128.0
16.2824 	EXP 	noPeriphery: texRes = 128.0
16.4166 	EXP 	hasPeriphery: texRes = 128.0
16.4166 	EXP 	noPeriphery: texRes = 128.0
16.5656 	EXP 	hasPeriphery: texRes = 128.0
16.5656 	EXP 	noPeriphery: texRes = 128.0
16.6989 	EXP 	hasPeriphery: texRes = 128.0
16.6989 	EXP 	noPeriphery: texRes = 128.0
16.8331 	EXP 	hasPeriphery: texRes = 128.0
16.8331 	EXP 	noPeriphery: texRes = 128.0
16.9825 	EXP 	hasPeriphery: texRes = 128.0
16.9825 	EXP 	noPeriphery: texRes = 128.0
17.1155 	EXP 	hasPeriphery: texRes = 128.0
17.1155 	EXP 	noPeriphery: texRes = 128.0
17.2495 	EXP 	hasPeriphery: texRes = 128.0
17.2495 	EXP 	noPeriphery: texRes = 128.0
17.3826 	EXP 	hasPeriphery: texRes = 128.0
17.3826 	EXP 	noPeriphery: texRes = 128.0
17.5164 	EXP 	hasPeriphery: texRes = 128.0
17.5164 	EXP 	noPeriphery: texRes = 128.0
17.6493 	EXP 	hasPeriphery: texRes = 128.0
17.6493 	EXP 	noPeriphery: texRes = 128.0
17.7822 	EXP 	hasPeriphery: texRes = 128.0
17.7822 	EXP 	noPeriphery: texRes = 128.0
17.9166 	EXP 	hasPeriphery: texRes = 128.0
17.9166 	EXP 	noPeriphery: texRes = 128.0
18.0495 	EXP 	hasPeriphery: texRes = 128.0
18.0495 	EXP 	noPeriphery: texRes = 128.0
18.2513 	EXP 	window1: mouseVisible = True
