1.0544 	WARNING 	We strongly recommend you activate the PTB sound engine in PsychoPy prefs as the preferred audio engine. Its timing is vastly superior. Your prefs are currently set to use ['sounddevice', 'PTB', 'pyo', 'pygame'] (in that order).
5.8122 	EXP 	Created window1 = Window(allowGUI=False, allowStencil=False, autoLog=True, backendConf=UNKNOWN, bitsMode=UNKNOWN, blendMode='avg', bpc=(8, 8, 8), color=array([0, 0, 0]), colorSpace='rgb', depthBits=8, fullscr=<method-wrapper '__getattribute__' of attributeSetter object at 0x000002155D8A3EF0>, gamma=None, gammaErrorPolicy='raise', lms=UNKNOWN, monitor=<psychopy.monitors.calibTools.Monitor object at 0x000002155D7CC588>, multiSample=False, name='window1', numSamples=2, pos=[0.0, 0.0], screen=0, size=array([1920, 1080]), stencilBits=0, stereo=False, units='height', useFBO=True, useRetina=False, viewOri=0.0, viewPos=None, viewScale=None, waitBlanking=True, winType='pyglet')
5.8124 	EXP 	window1: mouseVisible = True
5.8125 	EXP 	window1: recordFrameIntervals = False
5.9778 	EXP 	window1: recordFrameIntervals = True
6.1610 	EXP 	window1: recordFrameIntervals = False
6.5530 	EXP 	Created WelcomeText = TextStim(__class__=<class 'psychopy.visual.text.TextStim'>, alignHoriz=method-wrapper(...), alignText='center', alignVert=method-wrapper(...), anchorHoriz='center', anchorVert='center', antialias=True, autoLog=True, bold=False, color=array([1, 1, 1]), colorSpace='rgb', contrast=1.0, depth=0.0, flipHoriz=False, flipVert=False, font='Open Sans', fontFiles=[], height=0.1, italic=False, languageStyle='LTR', name='WelcomeText', opacity=1, ori=0.0, pos=array([0., 0.]), rgb=UNKNOWN, text='Welcome to our Study!', units='height', win=Window(...), wrapWidth=1)
6.5710 	EXP 	Imported depression.xlsx as conditions, 2 conditions, 12 params
6.5724 	EXP 	Question text: Sadness
6.5936 	EXP 	window1: mouseVisible = True
6.6261 	EXP 	Question text: Pessimism
6.6338 	EXP 	window1: mouseVisible = True
6.6557 	EXP 	window1: mouseVisible = True
6.6599 	EXP 	Created unnamed Rect = Rect(__class__=<class 'psychopy.visual.rect.Rect'>, autoDraw=False, autoLog=True, closeShape=True, color=method-wrapper(...), colorSpace='rgb', contrast=None, depth=0, fillColor=array([0, 0, 0]), fillColorSpace='rgb', fillRGB=UNKNOWN, interpolate=True, lineColor=array([0, 0, 0]), lineColorSpace='rgb', lineRGB=UNKNOWN, lineWidth=1.5, name='unnamed Rect', opacity=0, ori=0.0, pos=array([0., 0.]), size=array([0., 0.]), units='height', vertices=ndarray(...), win=Window(...))
6.6672 	EXP 	Created DepressionQuestionnaire = <psychopy.visual.form.Form object at 0x000002156033B828>
6.6911 	EXP 	window1: mouseVisible = True
6.7346 	EXP 	Created instructionsText = TextStim(__class__=<class 'psychopy.visual.text.TextStim'>, alignHoriz=method-wrapper(...), alignText='center', alignVert=method-wrapper(...), anchorHoriz='center', anchorVert='center', antialias=True, autoLog=True, bold=False, color=array([1, 1, 1]), colorSpace='rgb', contrast=1.0, depth=0.0, flipHoriz=False, flipVert=False, font='Open Sans', fontFiles=[], height=0.04, italic=False, languageStyle='LTR', name='instructionsText', opacity=1, ori=0.0, pos=array([0., 0.]), rgb=UNKNOWN, text=str(...), units='height', win=Window(...), wrapWidth=1)
6.7377 	EXP 	Created hasPeriphery = ImageStim(__class__=<class 'psychopy.visual.image.ImageStim'>, autoLog=True, color=array([1, 1, 1]), colorSpace='rgb', contrast=1.0, depth=-1.0, flipHoriz=False, flipVert=False, image='sin', interpolate=True, mask=None, maskParams=None, name='hasPeriphery', opacity=1.0, ori=0.0, pos=array([0., 0.]), size=array([0.5, 0.5]), texRes=128.0, units='height', win=Window(...))
6.7403 	EXP 	Created noPeriphery = ImageStim(__class__=<class 'psychopy.visual.image.ImageStim'>, autoLog=True, color=array([1, 1, 1]), colorSpace='rgb', contrast=1.0, depth=-3.0, flipHoriz=False, flipVert=False, image='sin', interpolate=True, mask=None, maskParams=None, name='noPeriphery', opacity=1.0, ori=0.0, pos=array([0., 0.]), size=array([0.5, 0.5]), texRes=128.0, units='height', win=Window(...))
6.7414 	EXP 	Created blank_screen = Rect(__class__=<class 'psychopy.visual.rect.Rect'>, autoDraw=False, autoLog=True, closeShape=True, color=method-wrapper(...), colorSpace='rgb', contrast=None, depth=-4.0, fillColor=array([1, 1, 1]), fillColorSpace='rgb', fillRGB=UNKNOWN, interpolate=True, lineColor=array([1, 1, 1]), lineColorSpace='rgb', lineRGB=UNKNOWN, lineWidth=1.0, name='blank_screen', opacity=1.0, ori=0.0, pos=array([0., 0.]), size=array([2., 2.]), units='height', vertices=ndarray(...), win=Window(...))
6.7468 	EXP 	Created text = TextStim(__class__=<class 'psychopy.visual.text.TextStim'>, alignHoriz=method-wrapper(...), alignText='center', alignVert=method-wrapper(...), anchorHoriz='center', anchorVert='center', antialias=True, autoLog=True, bold=False, color=array([ 1, -1, -1]), colorSpace='rgb', contrast=1.0, depth=-5.0, flipHoriz=False, flipVert=False, font='Open Sans', fontFiles=[], height=0.1, italic=False, languageStyle='LTR', name='text', opacity=1, ori=0.0, pos=array([0., 0.]), rgb=UNKNOWN, text='+', units='height', win=Window(...), wrapWidth=1)
6.7491 	EXP 	Created final = ImageStim(__class__=<class 'psychopy.visual.image.ImageStim'>, autoLog=True, color=array([1, 1, 1]), colorSpace='rgb', contrast=1.0, depth=-6.0, flipHoriz=False, flipVert=False, image='sin', interpolate=True, mask=None, maskParams=None, name='final', opacity=1, ori=0.0, pos=array([0., 0.]), size=array([0.5, 0.5]), texRes=128.0, units='height', win=Window(...))
6.7623 	EXP 	Created WelcomeText = TextStim(__class__=<class 'psychopy.visual.text.TextStim'>, alignHoriz=method-wrapper(...), alignText='center', alignVert=method-wrapper(...), anchorHoriz='center', anchorVert='center', antialias=True, autoLog=True, bold=False, color=array([1, 1, 1]), colorSpace='rgb', contrast=1.0, depth=0.0, flipHoriz=False, flipVert=False, font='Open Sans', fontFiles=[], height=0.1, italic=False, languageStyle='LTR', name='WelcomeText', opacity=1, ori=0.0, pos=array([0., 0.]), rgb=UNKNOWN, text='Welcome to our Study!', units='height', win=Window(...), wrapWidth=1)
6.7659 	EXP 	Created hasPeriphery_2 = ImageStim(__class__=<class 'psychopy.visual.image.ImageStim'>, autoLog=True, color=array([1, 1, 1]), colorSpace='rgb', contrast=1.0, depth=-1.0, flipHoriz=False, flipVert=False, image='sin', interpolate=True, mask=None, maskParams=None, name='hasPeriphery_2', opacity=1.0, ori=0.0, pos=array([0., 0.]), size=array([0.5, 0.5]), texRes=128.0, units='height', win=Window(...))
6.7693 	EXP 	Created noPeriphery_2 = ImageStim(__class__=<class 'psychopy.visual.image.ImageStim'>, autoLog=True, color=array([1, 1, 1]), colorSpace='rgb', contrast=1.0, depth=-3.0, flipHoriz=False, flipVert=False, image='sin', interpolate=True, mask=None, maskParams=None, name='noPeriphery_2', opacity=1.0, ori=0.0, pos=array([0., 0.]), size=array([0.5, 0.5]), texRes=128.0, units='height', win=Window(...))
6.7717 	EXP 	Created text_2 = TextStim(__class__=<class 'psychopy.visual.text.TextStim'>, alignHoriz=method-wrapper(...), alignText='center', alignVert=method-wrapper(...), anchorHoriz='center', anchorVert='center', antialias=True, autoLog=True, bold=False, color=array([ 1, -1, -1]), colorSpace='rgb', contrast=1.0, depth=-4.0, flipHoriz=False, flipVert=False, font='Open Sans', fontFiles=[], height=0.1, italic=False, languageStyle='LTR', name='text_2', opacity=1, ori=0.0, pos=array([0., 0.]), rgb=UNKNOWN, text='+', units='height', win=Window(...), wrapWidth=1)
6.8107 	EXP 	unnamed Form: autoLog = True
6.8107 	EXP 	DepressionQuestionnaire: name = 'DepressionQuestionnaire'
6.8107 	EXP 	DepressionQuestionnaire: size = (3.5, 1)
6.8107 	EXP 	DepressionQuestionnaire: size = array([3.5, 1. ])
6.8107 	EXP 	DepressionQuestionnaire: units = 'height'
6.8107 	EXP 	DepressionQuestionnaire: depth = 0
6.8107 	EXP 	WelcomeText: autoDraw = True
8.8273 	EXP 	WelcomeText: autoDraw = False
8.8273 	EXP 	DepressionQuestionnaire: autoDraw = True
9.3279 	DATA 	Mouse: Right button down, pos=(862,450)
9.4760 	DATA 	Mouse:  Right button up, pos=(535,139)
9.7717 	DATA 	Mouse: Left button down, pos=(505,59)
9.8277 	EXP 	DepressionQuestionnaire: autoDraw = False
9.8277 	EXP 	instructionsText: autoDraw = True
9.8656 	DATA 	Mouse:  Left button up, pos=(505,59)
10.3232 	EXP 	Imported picPaths.xlsx as conditions, 6 conditions, 4 params
10.3235 	EXP 	Created sequence: sequential, trialTypes=6, nReps=1, seed=None
10.3238 	EXP 	New trial (rep=0, index=0): {'startImage': 'C:\\Users\\hesselmann\\Desktop\\PsychoPyUniformityIllusion\\UniformityIllusionPsychoPy\\Pics\\1start.png', 'midImage': 'C:\\Users\\hesselmann\\Desktop\\PsychoPyUniformityIllusion\\UniformityIllusionPsychoPy\\Pics\\1a.png', 'endImage': 'C:\\Users\\hesselmann\\Desktop\\PsychoPyUniformityIllusion\\UniformityIllusionPsychoPy\\Pics\\1a.png', 'AB': 'a'}
10.5487 	DATA 	Keypress: space
10.6099 	EXP 	instructionsText: autoDraw = False
10.6099 	EXP 	hasPeriphery: size = array([1.77777778, 1.        ])
10.6099 	EXP 	hasPeriphery: image = 'C:\\Users\\hesselmann\\Desktop\\PsychoPyUniformityIllusion\\UniformityIllusionPsychoPy\\Pics\\1a.png'
10.6099 	EXP 	noPeriphery: size = array([1.77777778, 1.        ])
10.6099 	EXP 	noPeriphery: image = 'C:\\Users\\hesselmann\\Desktop\\PsychoPyUniformityIllusion\\UniformityIllusionPsychoPy\\Pics\\1start.png'
10.6099 	EXP 	final: size = array([1.77777778, 1.        ])
10.6099 	EXP 	final: image = 'C:\\Users\\hesselmann\\Desktop\\PsychoPyUniformityIllusion\\UniformityIllusionPsychoPy\\Pics\\1a.png'
10.6099 	EXP 	hasPeriphery: autoDraw = True
10.6099 	EXP 	hasPeriphery: texRes = 128.0
10.6099 	EXP 	noPeriphery: autoDraw = True
10.6099 	EXP 	noPeriphery: texRes = 128.0
10.6099 	EXP 	blank_screen: autoDraw = True
10.6099 	EXP 	text: autoDraw = True
10.7608 	EXP 	hasPeriphery: texRes = 128.0
10.7608 	EXP 	noPeriphery: texRes = 128.0
10.9109 	EXP 	hasPeriphery: texRes = 128.0
10.9109 	EXP 	noPeriphery: texRes = 128.0
10.9109 	EXP 	blank_screen: autoDraw = False
11.0444 	EXP 	hasPeriphery: texRes = 128.0
11.0444 	EXP 	noPeriphery: texRes = 128.0
11.1931 	EXP 	hasPeriphery: texRes = 128.0
11.1931 	EXP 	noPeriphery: texRes = 128.0
11.3269 	EXP 	hasPeriphery: texRes = 128.0
11.3269 	EXP 	noPeriphery: texRes = 128.0
11.4597 	EXP 	hasPeriphery: texRes = 128.0
11.4597 	EXP 	noPeriphery: texRes = 128.0
11.6101 	EXP 	hasPeriphery: texRes = 128.0
11.6101 	EXP 	noPeriphery: texRes = 128.0
11.7438 	EXP 	hasPeriphery: texRes = 128.0
11.7438 	EXP 	noPeriphery: texRes = 128.0
11.8768 	EXP 	hasPeriphery: texRes = 128.0
11.8768 	EXP 	noPeriphery: texRes = 128.0
12.0267 	EXP 	hasPeriphery: texRes = 128.0
12.0267 	EXP 	noPeriphery: texRes = 128.0
12.1600 	EXP 	hasPeriphery: texRes = 128.0
12.1600 	EXP 	noPeriphery: texRes = 128.0
12.2937 	EXP 	hasPeriphery: texRes = 128.0
12.2937 	EXP 	noPeriphery: texRes = 128.0
12.4266 	EXP 	hasPeriphery: texRes = 128.0
12.4266 	EXP 	noPeriphery: texRes = 128.0
12.5603 	EXP 	hasPeriphery: texRes = 128.0
12.5603 	EXP 	noPeriphery: texRes = 128.0
12.7096 	EXP 	hasPeriphery: texRes = 128.0
12.7096 	EXP 	noPeriphery: texRes = 128.0
12.8437 	EXP 	hasPeriphery: texRes = 128.0
12.8437 	EXP 	noPeriphery: texRes = 128.0
12.9764 	EXP 	hasPeriphery: texRes = 128.0
12.9764 	EXP 	noPeriphery: texRes = 128.0
13.1099 	EXP 	hasPeriphery: texRes = 128.0
13.1099 	EXP 	noPeriphery: texRes = 128.0
13.2431 	EXP 	hasPeriphery: texRes = 128.0
13.2431 	EXP 	noPeriphery: texRes = 128.0
13.3761 	EXP 	hasPeriphery: texRes = 128.0
13.3761 	EXP 	noPeriphery: texRes = 128.0
13.5101 	EXP 	hasPeriphery: texRes = 128.0
13.5101 	EXP 	noPeriphery: texRes = 128.0
13.6427 	EXP 	hasPeriphery: texRes = 128.0
13.6427 	EXP 	noPeriphery: texRes = 128.0
13.7761 	EXP 	hasPeriphery: texRes = 128.0
13.7761 	EXP 	noPeriphery: texRes = 128.0
13.9096 	EXP 	hasPeriphery: texRes = 128.0
13.9096 	EXP 	noPeriphery: texRes = 128.0
14.0429 	EXP 	hasPeriphery: texRes = 128.0
14.0429 	EXP 	noPeriphery: texRes = 128.0
14.1766 	EXP 	hasPeriphery: texRes = 128.0
14.1766 	EXP 	noPeriphery: texRes = 128.0
14.3092 	EXP 	hasPeriphery: texRes = 128.0
14.3092 	EXP 	noPeriphery: texRes = 128.0
14.4424 	EXP 	hasPeriphery: texRes = 128.0
14.4424 	EXP 	noPeriphery: texRes = 128.0
14.5765 	EXP 	hasPeriphery: texRes = 128.0
14.5765 	EXP 	noPeriphery: texRes = 128.0
14.7095 	EXP 	hasPeriphery: texRes = 128.0
14.7095 	EXP 	noPeriphery: texRes = 128.0
14.8429 	EXP 	hasPeriphery: texRes = 128.0
14.8429 	EXP 	noPeriphery: texRes = 128.0
14.9765 	EXP 	hasPeriphery: texRes = 128.0
14.9765 	EXP 	noPeriphery: texRes = 128.0
15.1257 	EXP 	hasPeriphery: texRes = 128.0
15.1257 	EXP 	noPeriphery: texRes = 128.0
15.2598 	EXP 	hasPeriphery: texRes = 128.0
15.2598 	EXP 	noPeriphery: texRes = 128.0
15.3924 	EXP 	hasPeriphery: texRes = 128.0
15.3924 	EXP 	noPeriphery: texRes = 128.0
15.5264 	EXP 	hasPeriphery: texRes = 128.0
15.5264 	EXP 	noPeriphery: texRes = 128.0
15.6606 	EXP 	hasPeriphery: texRes = 128.0
15.6606 	EXP 	noPeriphery: texRes = 128.0
15.8089 	EXP 	hasPeriphery: texRes = 128.0
15.8089 	EXP 	noPeriphery: texRes = 128.0
15.9431 	EXP 	hasPeriphery: texRes = 128.0
15.9431 	EXP 	noPeriphery: texRes = 128.0
16.0759 	EXP 	hasPeriphery: texRes = 128.0
16.0759 	EXP 	noPeriphery: texRes = 128.0
16.2092 	EXP 	hasPeriphery: texRes = 128.0
16.2092 	EXP 	noPeriphery: texRes = 128.0
16.3421 	EXP 	hasPeriphery: texRes = 128.0
16.3421 	EXP 	noPeriphery: texRes = 128.0
16.4762 	EXP 	hasPeriphery: texRes = 128.0
16.4762 	EXP 	noPeriphery: texRes = 128.0
16.6089 	EXP 	hasPeriphery: texRes = 128.0
16.6089 	EXP 	noPeriphery: texRes = 128.0
16.7424 	EXP 	hasPeriphery: texRes = 128.0
16.7424 	EXP 	noPeriphery: texRes = 128.0
16.8763 	EXP 	hasPeriphery: texRes = 128.0
16.8763 	EXP 	noPeriphery: texRes = 128.0
17.0253 	EXP 	hasPeriphery: texRes = 128.0
17.0253 	EXP 	noPeriphery: texRes = 128.0
17.1594 	EXP 	hasPeriphery: texRes = 128.0
17.1594 	EXP 	noPeriphery: texRes = 128.0
17.2926 	EXP 	hasPeriphery: texRes = 128.0
17.2926 	EXP 	noPeriphery: texRes = 128.0
17.4254 	EXP 	hasPeriphery: texRes = 128.0
17.4254 	EXP 	noPeriphery: texRes = 128.0
17.5593 	EXP 	hasPeriphery: texRes = 128.0
17.5593 	EXP 	noPeriphery: texRes = 128.0
17.6928 	EXP 	hasPeriphery: texRes = 128.0
17.6928 	EXP 	noPeriphery: texRes = 128.0
17.8263 	EXP 	hasPeriphery: texRes = 128.0
17.8263 	EXP 	noPeriphery: texRes = 128.0
17.9591 	EXP 	hasPeriphery: texRes = 128.0
17.9591 	EXP 	noPeriphery: texRes = 128.0
18.1251 	EXP 	hasPeriphery: texRes = 128.0
18.1251 	EXP 	noPeriphery: texRes = 128.0
18.2592 	EXP 	hasPeriphery: texRes = 128.0
18.2592 	EXP 	noPeriphery: texRes = 128.0
18.3921 	EXP 	hasPeriphery: texRes = 128.0
18.3921 	EXP 	noPeriphery: texRes = 128.0
18.5249 	EXP 	hasPeriphery: texRes = 128.0
18.5249 	EXP 	noPeriphery: texRes = 128.0
18.6593 	EXP 	hasPeriphery: texRes = 128.0
18.6593 	EXP 	noPeriphery: texRes = 128.0
18.8091 	EXP 	hasPeriphery: texRes = 128.0
18.8091 	EXP 	noPeriphery: texRes = 128.0
18.9591 	EXP 	hasPeriphery: texRes = 128.0
18.9591 	EXP 	noPeriphery: texRes = 128.0
19.0915 	EXP 	hasPeriphery: texRes = 128.0
19.0915 	EXP 	noPeriphery: texRes = 128.0
19.2257 	EXP 	hasPeriphery: texRes = 128.0
19.2257 	EXP 	noPeriphery: texRes = 128.0
19.3593 	EXP 	hasPeriphery: texRes = 128.0
19.3593 	EXP 	noPeriphery: texRes = 128.0
19.5082 	EXP 	hasPeriphery: texRes = 128.0
19.5082 	EXP 	noPeriphery: texRes = 128.0
19.6423 	EXP 	hasPeriphery: texRes = 128.0
19.6423 	EXP 	noPeriphery: texRes = 128.0
19.7755 	EXP 	hasPeriphery: texRes = 128.0
19.7755 	EXP 	noPeriphery: texRes = 128.0
19.9088 	EXP 	hasPeriphery: texRes = 128.0
19.9088 	EXP 	noPeriphery: texRes = 128.0
20.0422 	EXP 	hasPeriphery: texRes = 128.0
20.0422 	EXP 	noPeriphery: texRes = 128.0
20.1754 	EXP 	hasPeriphery: texRes = 128.0
20.1754 	EXP 	noPeriphery: texRes = 128.0
20.3087 	EXP 	hasPeriphery: texRes = 128.0
20.3087 	EXP 	noPeriphery: texRes = 128.0
20.4413 	EXP 	hasPeriphery: texRes = 128.0
20.4413 	EXP 	noPeriphery: texRes = 128.0
20.5750 	EXP 	hasPeriphery: texRes = 128.0
20.5750 	EXP 	noPeriphery: texRes = 128.0
20.7086 	EXP 	hasPeriphery: texRes = 128.0
20.7086 	EXP 	noPeriphery: texRes = 128.0
20.7253 	EXP 	hasPeriphery: autoDraw = False
20.7253 	EXP 	noPeriphery: autoDraw = False
22.7630 	DATA 	Keypress: escape
23.0110 	EXP 	window1: mouseVisible = True
1.0390 	WARNING 	We strongly recommend you activate the PTB sound engine in PsychoPy prefs as the preferred audio engine. Its timing is vastly superior. Your prefs are currently set to use ['sounddevice', 'PTB', 'pyo', 'pygame'] (in that order).
6.0867 	EXP 	Created window1 = Window(allowGUI=False, allowStencil=False, autoLog=True, backendConf=UNKNOWN, bitsMode=UNKNOWN, blendMode='avg', bpc=(8, 8, 8), color=array([0, 0, 0]), colorSpace='rgb', depthBits=8, fullscr=<method-wrapper '__getattribute__' of attributeSetter object at 0x0000011649933F60>, gamma=None, gammaErrorPolicy='raise', lms=UNKNOWN, monitor=<psychopy.monitors.calibTools.Monitor object at 0x000001164985C5C0>, multiSample=False, name='window1', numSamples=2, pos=[0.0, 0.0], screen=0, size=array([1920, 1080]), stencilBits=0, stereo=False, units='height', useFBO=True, useRetina=False, viewOri=0.0, viewPos=None, viewScale=None, waitBlanking=True, winType='pyglet')
6.0869 	EXP 	window1: mouseVisible = True
6.0870 	EXP 	window1: recordFrameIntervals = False
6.2535 	EXP 	window1: recordFrameIntervals = True
6.4362 	EXP 	window1: recordFrameIntervals = False
6.8251 	EXP 	Created WelcomeText = TextStim(__class__=<class 'psychopy.visual.text.TextStim'>, alignHoriz=method-wrapper(...), alignText='center', alignVert=method-wrapper(...), anchorHoriz='center', anchorVert='center', antialias=True, autoLog=True, bold=False, color=array([1, 1, 1]), colorSpace='rgb', contrast=1.0, depth=0.0, flipHoriz=False, flipVert=False, font='Open Sans', fontFiles=[], height=0.1, italic=False, languageStyle='LTR', name='WelcomeText', opacity=1, ori=0.0, pos=array([0., 0.]), rgb=UNKNOWN, text='Welcome to our Study!', units='height', win=Window(...), wrapWidth=1)
6.8413 	EXP 	Imported depression.xlsx as conditions, 2 conditions, 12 params
6.8426 	EXP 	Question text: Sadness
6.8724 	EXP 	window1: mouseVisible = True
6.9038 	EXP 	Question text: Pessimism
6.9147 	EXP 	window1: mouseVisible = True
6.9368 	EXP 	window1: mouseVisible = True
6.9410 	EXP 	Created unnamed Rect = Rect(__class__=<class 'psychopy.visual.rect.Rect'>, autoDraw=False, autoLog=True, closeShape=True, color=method-wrapper(...), colorSpace='rgb', contrast=None, depth=0, fillColor=array([0, 0, 0]), fillColorSpace='rgb', fillRGB=UNKNOWN, interpolate=True, lineColor=array([0, 0, 0]), lineColorSpace='rgb', lineRGB=UNKNOWN, lineWidth=1.5, name='unnamed Rect', opacity=0, ori=0.0, pos=array([0., 0.]), size=array([0., 0.]), units='height', vertices=ndarray(...), win=Window(...))
6.9483 	EXP 	Created DepressionQuestionnaire = <psychopy.visual.form.Form object at 0x000001164C3B13C8>
6.9717 	EXP 	window1: mouseVisible = True
7.0171 	EXP 	Created instructionsText = TextStim(__class__=<class 'psychopy.visual.text.TextStim'>, alignHoriz=method-wrapper(...), alignText='center', alignVert=method-wrapper(...), anchorHoriz='center', anchorVert='center', antialias=True, autoLog=True, bold=False, color=array([1, 1, 1]), colorSpace='rgb', contrast=1.0, depth=0.0, flipHoriz=False, flipVert=False, font='Open Sans', fontFiles=[], height=0.04, italic=False, languageStyle='LTR', name='instructionsText', opacity=1, ori=0.0, pos=array([0., 0.]), rgb=UNKNOWN, text=str(...), units='height', win=Window(...), wrapWidth=1)
7.0202 	EXP 	Created hasPeriphery = ImageStim(__class__=<class 'psychopy.visual.image.ImageStim'>, autoLog=True, color=array([1, 1, 1]), colorSpace='rgb', contrast=1.0, depth=-1.0, flipHoriz=False, flipVert=False, image='sin', interpolate=True, mask=None, maskParams=None, name='hasPeriphery', opacity=1.0, ori=0.0, pos=array([0., 0.]), size=array([0.5, 0.5]), texRes=128.0, units='height', win=Window(...))
7.0228 	EXP 	Created noPeriphery = ImageStim(__class__=<class 'psychopy.visual.image.ImageStim'>, autoLog=True, color=array([1, 1, 1]), colorSpace='rgb', contrast=1.0, depth=-3.0, flipHoriz=False, flipVert=False, image='sin', interpolate=True, mask=None, maskParams=None, name='noPeriphery', opacity=1.0, ori=0.0, pos=array([0., 0.]), size=array([0.5, 0.5]), texRes=128.0, units='height', win=Window(...))
7.0239 	EXP 	Created blank_screen = Rect(__class__=<class 'psychopy.visual.rect.Rect'>, autoDraw=False, autoLog=True, closeShape=True, color=method-wrapper(...), colorSpace='rgb', contrast=None, depth=-4.0, fillColor=array([1, 1, 1]), fillColorSpace='rgb', fillRGB=UNKNOWN, interpolate=True, lineColor=array([1, 1, 1]), lineColorSpace='rgb', lineRGB=UNKNOWN, lineWidth=1.0, name='blank_screen', opacity=1.0, ori=0.0, pos=array([0., 0.]), size=array([2., 2.]), units='height', vertices=ndarray(...), win=Window(...))
7.0299 	EXP 	Created text = TextStim(__class__=<class 'psychopy.visual.text.TextStim'>, alignHoriz=method-wrapper(...), alignText='center', alignVert=method-wrapper(...), anchorHoriz='center', anchorVert='center', antialias=True, autoLog=True, bold=False, color=array([ 1, -1, -1]), colorSpace='rgb', contrast=1.0, depth=-5.0, flipHoriz=False, flipVert=False, font='Open Sans', fontFiles=[], height=0.1, italic=False, languageStyle='LTR', name='text', opacity=1, ori=0.0, pos=array([0., 0.]), rgb=UNKNOWN, text='+', units='height', win=Window(...), wrapWidth=1)
7.0322 	EXP 	Created final = ImageStim(__class__=<class 'psychopy.visual.image.ImageStim'>, autoLog=True, color=array([1, 1, 1]), colorSpace='rgb', contrast=1.0, depth=-6.0, flipHoriz=False, flipVert=False, image='sin', interpolate=True, mask=None, maskParams=None, name='final', opacity=1, ori=0.0, pos=array([0., 0.]), size=array([0.5, 0.5]), texRes=128.0, units='height', win=Window(...))
7.0430 	EXP 	Created WelcomeText = TextStim(__class__=<class 'psychopy.visual.text.TextStim'>, alignHoriz=method-wrapper(...), alignText='center', alignVert=method-wrapper(...), anchorHoriz='center', anchorVert='center', antialias=True, autoLog=True, bold=False, color=array([1, 1, 1]), colorSpace='rgb', contrast=1.0, depth=0.0, flipHoriz=False, flipVert=False, font='Open Sans', fontFiles=[], height=0.1, italic=False, languageStyle='LTR', name='WelcomeText', opacity=1, ori=0.0, pos=array([0., 0.]), rgb=UNKNOWN, text='Welcome to our Study!', units='height', win=Window(...), wrapWidth=1)
7.0455 	EXP 	Created hasPeriphery_2 = ImageStim(__class__=<class 'psychopy.visual.image.ImageStim'>, autoLog=True, color=array([1, 1, 1]), colorSpace='rgb', contrast=1.0, depth=-1.0, flipHoriz=False, flipVert=False, image='sin', interpolate=True, mask=None, maskParams=None, name='hasPeriphery_2', opacity=1.0, ori=0.0, pos=array([0., 0.]), size=array([0.5, 0.5]), texRes=128.0, units='height', win=Window(...))
7.0478 	EXP 	Created noPeriphery_2 = ImageStim(__class__=<class 'psychopy.visual.image.ImageStim'>, autoLog=True, color=array([1, 1, 1]), colorSpace='rgb', contrast=1.0, depth=-3.0, flipHoriz=False, flipVert=False, image='sin', interpolate=True, mask=None, maskParams=None, name='noPeriphery_2', opacity=1.0, ori=0.0, pos=array([0., 0.]), size=array([0.5, 0.5]), texRes=128.0, units='height', win=Window(...))
7.0496 	EXP 	Created text_2 = TextStim(__class__=<class 'psychopy.visual.text.TextStim'>, alignHoriz=method-wrapper(...), alignText='center', alignVert=method-wrapper(...), anchorHoriz='center', anchorVert='center', antialias=True, autoLog=True, bold=False, color=array([ 1, -1, -1]), colorSpace='rgb', contrast=1.0, depth=-4.0, flipHoriz=False, flipVert=False, font='Open Sans', fontFiles=[], height=0.1, italic=False, languageStyle='LTR', name='text_2', opacity=1, ori=0.0, pos=array([0., 0.]), rgb=UNKNOWN, text='+', units='height', win=Window(...), wrapWidth=1)
7.1039 	EXP 	unnamed Form: autoLog = True
7.1039 	EXP 	DepressionQuestionnaire: name = 'DepressionQuestionnaire'
7.1039 	EXP 	DepressionQuestionnaire: size = (3.5, 1)
7.1039 	EXP 	DepressionQuestionnaire: size = array([3.5, 1. ])
7.1039 	EXP 	DepressionQuestionnaire: units = 'height'
7.1039 	EXP 	DepressionQuestionnaire: depth = 0
7.1039 	EXP 	WelcomeText: autoDraw = True
9.1019 	EXP 	WelcomeText: autoDraw = False
9.1019 	EXP 	DepressionQuestionnaire: autoDraw = True
10.3368 	DATA 	Mouse: Left button down, pos=(718,101)
10.3687 	EXP 	DepressionQuestionnaire: autoDraw = False
10.3687 	EXP 	instructionsText: autoDraw = True
10.4233 	DATA 	Mouse:  Left button up, pos=(716,100)
10.8662 	EXP 	Imported picPaths.xlsx as conditions, 6 conditions, 4 params
10.8665 	EXP 	Created sequence: sequential, trialTypes=6, nReps=1, seed=None
10.8668 	EXP 	New trial (rep=0, index=0): {'startImage': 'C:\\Users\\hesselmann\\Desktop\\PsychoPyUniformityIllusion\\UniformityIllusionPsychoPy\\Pics\\1start.png', 'midImage': 'C:\\Users\\hesselmann\\Desktop\\PsychoPyUniformityIllusion\\UniformityIllusionPsychoPy\\Pics\\1a.png', 'endImage': 'C:\\Users\\hesselmann\\Desktop\\PsychoPyUniformityIllusion\\UniformityIllusionPsychoPy\\Pics\\1a.png', 'AB': 'a'}
11.0950 	DATA 	Keypress: space
11.1523 	EXP 	instructionsText: autoDraw = False
11.1523 	EXP 	hasPeriphery: size = array([1.77777778, 1.        ])
11.1523 	EXP 	hasPeriphery: image = 'C:\\Users\\hesselmann\\Desktop\\PsychoPyUniformityIllusion\\UniformityIllusionPsychoPy\\Pics\\1a.png'
11.1523 	EXP 	noPeriphery: size = array([1.77777778, 1.        ])
11.1523 	EXP 	noPeriphery: image = 'C:\\Users\\hesselmann\\Desktop\\PsychoPyUniformityIllusion\\UniformityIllusionPsychoPy\\Pics\\1start.png'
11.1523 	EXP 	final: size = array([1.77777778, 1.        ])
11.1523 	EXP 	final: image = 'C:\\Users\\hesselmann\\Desktop\\PsychoPyUniformityIllusion\\UniformityIllusionPsychoPy\\Pics\\1a.png'
11.1523 	EXP 	hasPeriphery: autoDraw = True
11.1523 	EXP 	hasPeriphery: texRes = 128.0
11.1523 	EXP 	noPeriphery: autoDraw = True
11.1523 	EXP 	noPeriphery: texRes = 128.0
11.1523 	EXP 	blank_screen: autoDraw = True
11.1523 	EXP 	text: autoDraw = True
11.3014 	EXP 	hasPeriphery: texRes = 128.0
11.3014 	EXP 	noPeriphery: texRes = 128.0
11.4355 	EXP 	hasPeriphery: texRes = 128.0
11.4355 	EXP 	noPeriphery: texRes = 128.0
11.4355 	EXP 	blank_screen: autoDraw = False
11.5680 	EXP 	hasPeriphery: texRes = 128.0
11.5680 	EXP 	noPeriphery: texRes = 128.0
11.7352 	EXP 	hasPeriphery: texRes = 128.0
11.7352 	EXP 	noPeriphery: texRes = 128.0
11.8684 	EXP 	hasPeriphery: texRes = 128.0
11.8684 	EXP 	noPeriphery: texRes = 128.0
12.0025 	EXP 	hasPeriphery: texRes = 128.0
12.0025 	EXP 	noPeriphery: texRes = 128.0
12.1517 	EXP 	hasPeriphery: texRes = 128.0
12.1517 	EXP 	noPeriphery: texRes = 128.0
12.2853 	EXP 	hasPeriphery: texRes = 128.0
12.2853 	EXP 	noPeriphery: texRes = 128.0
12.4181 	EXP 	hasPeriphery: texRes = 128.0
12.4181 	EXP 	noPeriphery: texRes = 128.0
12.5516 	EXP 	hasPeriphery: texRes = 128.0
12.5516 	EXP 	noPeriphery: texRes = 128.0
12.6853 	EXP 	hasPeriphery: texRes = 128.0
12.6853 	EXP 	noPeriphery: texRes = 128.0
12.8182 	EXP 	hasPeriphery: texRes = 128.0
12.8182 	EXP 	noPeriphery: texRes = 128.0
12.9523 	EXP 	hasPeriphery: texRes = 128.0
12.9523 	EXP 	noPeriphery: texRes = 128.0
13.1011 	EXP 	hasPeriphery: texRes = 128.0
13.1011 	EXP 	noPeriphery: texRes = 128.0
13.2349 	EXP 	hasPeriphery: texRes = 128.0
13.2349 	EXP 	noPeriphery: texRes = 128.0
13.3846 	EXP 	hasPeriphery: texRes = 128.0
13.3846 	EXP 	noPeriphery: texRes = 128.0
13.5181 	EXP 	hasPeriphery: texRes = 128.0
13.5181 	EXP 	noPeriphery: texRes = 128.0
13.6524 	EXP 	hasPeriphery: texRes = 128.0
13.6524 	EXP 	noPeriphery: texRes = 128.0
13.8015 	EXP 	hasPeriphery: texRes = 128.0
13.8015 	EXP 	noPeriphery: texRes = 128.0
13.9516 	EXP 	hasPeriphery: texRes = 128.0
13.9516 	EXP 	noPeriphery: texRes = 128.0
13.9516 	EXP 	final: autoDraw = True
14.1013 	EXP 	hasPeriphery: texRes = 128.0
14.1013 	EXP 	noPeriphery: texRes = 128.0
14.2509 	EXP 	hasPeriphery: texRes = 128.0
14.2509 	EXP 	noPeriphery: texRes = 128.0
14.4016 	EXP 	hasPeriphery: texRes = 128.0
14.4016 	EXP 	noPeriphery: texRes = 128.0
14.5514 	EXP 	hasPeriphery: texRes = 128.0
14.5514 	EXP 	noPeriphery: texRes = 128.0
14.7015 	EXP 	hasPeriphery: texRes = 128.0
14.7015 	EXP 	noPeriphery: texRes = 128.0
14.8516 	EXP 	hasPeriphery: texRes = 128.0
14.8516 	EXP 	noPeriphery: texRes = 128.0
15.0187 	EXP 	hasPeriphery: texRes = 128.0
15.0187 	EXP 	noPeriphery: texRes = 128.0
15.1511 	EXP 	hasPeriphery: texRes = 128.0
15.1511 	EXP 	noPeriphery: texRes = 128.0
15.1511 	EXP 	final: autoDraw = False
15.2841 	EXP 	hasPeriphery: texRes = 128.0
15.2841 	EXP 	noPeriphery: texRes = 128.0
15.4173 	EXP 	hasPeriphery: texRes = 128.0
15.4173 	EXP 	noPeriphery: texRes = 128.0
15.5513 	EXP 	hasPeriphery: texRes = 128.0
15.5513 	EXP 	noPeriphery: texRes = 128.0
15.6843 	EXP 	hasPeriphery: texRes = 128.0
15.6843 	EXP 	noPeriphery: texRes = 128.0
15.8182 	EXP 	hasPeriphery: texRes = 128.0
15.8182 	EXP 	noPeriphery: texRes = 128.0
15.9671 	EXP 	hasPeriphery: texRes = 128.0
15.9671 	EXP 	noPeriphery: texRes = 128.0
16.1012 	EXP 	hasPeriphery: texRes = 128.0
16.1012 	EXP 	noPeriphery: texRes = 128.0
16.2345 	EXP 	hasPeriphery: texRes = 128.0
16.2345 	EXP 	noPeriphery: texRes = 128.0
16.3838 	EXP 	hasPeriphery: texRes = 128.0
16.3838 	EXP 	noPeriphery: texRes = 128.0
16.5180 	EXP 	hasPeriphery: texRes = 128.0
16.5180 	EXP 	noPeriphery: texRes = 128.0
16.6073 	EXP 	New trial (rep=0, index=1): {'startImage': 'C:\\Users\\hesselmann\\Desktop\\PsychoPyUniformityIllusion\\UniformityIllusionPsychoPy\\Pics\\1start.png', 'midImage': 'C:\\Users\\hesselmann\\Desktop\\PsychoPyUniformityIllusion\\UniformityIllusionPsychoPy\\Pics\\1a.png', 'endImage': 'C:\\Users\\hesselmann\\Desktop\\PsychoPyUniformityIllusion\\UniformityIllusionPsychoPy\\Pics\\1b.png', 'AB': 'b'}
16.8352 	DATA 	Keypress: space
16.8673 	EXP 	hasPeriphery: texRes = 128.0
16.8673 	EXP 	noPeriphery: texRes = 128.0
16.8673 	EXP 	hasPeriphery: autoDraw = False
16.8673 	EXP 	noPeriphery: autoDraw = False
16.8673 	EXP 	blank_screen: autoDraw = False
16.8673 	EXP 	text: autoDraw = False
16.8673 	EXP 	final: autoDraw = False
16.8673 	EXP 	hasPeriphery: size = array([1.77777778, 1.        ])
16.8673 	EXP 	hasPeriphery: image = 'C:\\Users\\hesselmann\\Desktop\\PsychoPyUniformityIllusion\\UniformityIllusionPsychoPy\\Pics\\1a.png'
16.8673 	EXP 	noPeriphery: size = array([1.77777778, 1.        ])
16.8673 	EXP 	noPeriphery: image = 'C:\\Users\\hesselmann\\Desktop\\PsychoPyUniformityIllusion\\UniformityIllusionPsychoPy\\Pics\\1start.png'
16.8673 	EXP 	final: size = array([1.77777778, 1.        ])
16.8673 	EXP 	final: image = 'C:\\Users\\hesselmann\\Desktop\\PsychoPyUniformityIllusion\\UniformityIllusionPsychoPy\\Pics\\1b.png'
16.8673 	EXP 	hasPeriphery: autoDraw = True
16.8673 	EXP 	hasPeriphery: texRes = 128.0
16.8673 	EXP 	noPeriphery: autoDraw = True
16.8673 	EXP 	noPeriphery: texRes = 128.0
16.8673 	EXP 	blank_screen: autoDraw = True
16.8673 	EXP 	text: autoDraw = True
17.0174 	EXP 	hasPeriphery: texRes = 128.0
17.0174 	EXP 	noPeriphery: texRes = 128.0
17.1669 	EXP 	hasPeriphery: texRes = 128.0
17.1669 	EXP 	noPeriphery: texRes = 128.0
17.1669 	EXP 	blank_screen: autoDraw = False
17.3008 	EXP 	hasPeriphery: texRes = 128.0
17.3008 	EXP 	noPeriphery: texRes = 128.0
17.4502 	EXP 	hasPeriphery: texRes = 128.0
17.4502 	EXP 	noPeriphery: texRes = 128.0
17.5840 	EXP 	hasPeriphery: texRes = 128.0
17.5840 	EXP 	noPeriphery: texRes = 128.0
17.7169 	EXP 	hasPeriphery: texRes = 128.0
17.7169 	EXP 	noPeriphery: texRes = 128.0
17.8506 	EXP 	hasPeriphery: texRes = 128.0
17.8506 	EXP 	noPeriphery: texRes = 128.0
17.9838 	EXP 	hasPeriphery: texRes = 128.0
17.9838 	EXP 	noPeriphery: texRes = 128.0
18.1167 	EXP 	hasPeriphery: texRes = 128.0
18.1167 	EXP 	noPeriphery: texRes = 128.0
18.2504 	EXP 	hasPeriphery: texRes = 128.0
18.2504 	EXP 	noPeriphery: texRes = 128.0
18.3841 	EXP 	hasPeriphery: texRes = 128.0
18.3841 	EXP 	noPeriphery: texRes = 128.0
18.5170 	EXP 	hasPeriphery: texRes = 128.0
18.5170 	EXP 	noPeriphery: texRes = 128.0
18.6500 	EXP 	hasPeriphery: texRes = 128.0
18.6500 	EXP 	noPeriphery: texRes = 128.0
18.7833 	EXP 	hasPeriphery: texRes = 128.0
18.7833 	EXP 	noPeriphery: texRes = 128.0
18.9172 	EXP 	hasPeriphery: texRes = 128.0
18.9172 	EXP 	noPeriphery: texRes = 128.0
19.0665 	EXP 	hasPeriphery: texRes = 128.0
19.0665 	EXP 	noPeriphery: texRes = 128.0
19.2011 	EXP 	hasPeriphery: texRes = 128.0
19.2011 	EXP 	noPeriphery: texRes = 128.0
19.3498 	EXP 	hasPeriphery: texRes = 128.0
19.3498 	EXP 	noPeriphery: texRes = 128.0
19.4834 	EXP 	hasPeriphery: texRes = 128.0
19.4834 	EXP 	noPeriphery: texRes = 128.0
19.6498 	EXP 	hasPeriphery: texRes = 128.0
19.6498 	EXP 	noPeriphery: texRes = 128.0
19.6498 	EXP 	final: autoDraw = True
19.7831 	EXP 	hasPeriphery: texRes = 128.0
19.7831 	EXP 	noPeriphery: texRes = 128.0
19.9497 	EXP 	hasPeriphery: texRes = 128.0
19.9497 	EXP 	noPeriphery: texRes = 128.0
20.1014 	EXP 	hasPeriphery: texRes = 128.0
20.1014 	EXP 	noPeriphery: texRes = 128.0
20.2667 	EXP 	hasPeriphery: texRes = 128.0
20.2667 	EXP 	noPeriphery: texRes = 128.0
20.4162 	EXP 	hasPeriphery: texRes = 128.0
20.4162 	EXP 	noPeriphery: texRes = 128.0
20.5506 	EXP 	hasPeriphery: texRes = 128.0
20.5506 	EXP 	noPeriphery: texRes = 128.0
20.6996 	EXP 	hasPeriphery: texRes = 128.0
20.6996 	EXP 	noPeriphery: texRes = 128.0
20.8332 	EXP 	hasPeriphery: texRes = 128.0
20.8332 	EXP 	noPeriphery: texRes = 128.0
20.8332 	EXP 	final: autoDraw = False
20.9670 	EXP 	hasPeriphery: texRes = 128.0
20.9670 	EXP 	noPeriphery: texRes = 128.0
21.0994 	EXP 	hasPeriphery: texRes = 128.0
21.0994 	EXP 	noPeriphery: texRes = 128.0
21.2332 	EXP 	hasPeriphery: texRes = 128.0
21.2332 	EXP 	noPeriphery: texRes = 128.0
21.3832 	EXP 	hasPeriphery: texRes = 128.0
21.3832 	EXP 	noPeriphery: texRes = 128.0
21.5335 	EXP 	hasPeriphery: texRes = 128.0
21.5335 	EXP 	noPeriphery: texRes = 128.0
21.6829 	EXP 	hasPeriphery: texRes = 128.0
21.6829 	EXP 	noPeriphery: texRes = 128.0
21.8166 	EXP 	hasPeriphery: texRes = 128.0
21.8166 	EXP 	noPeriphery: texRes = 128.0
21.9673 	EXP 	hasPeriphery: texRes = 128.0
21.9673 	EXP 	noPeriphery: texRes = 128.0
22.0591 	EXP 	New trial (rep=0, index=2): {'startImage': 'C:\\Users\\hesselmann\\Desktop\\PsychoPyUniformityIllusion\\UniformityIllusionPsychoPy\\Pics\\2start.png', 'midImage': 'C:\\Users\\hesselmann\\Desktop\\PsychoPyUniformityIllusion\\UniformityIllusionPsychoPy\\Pics\\2a.png', 'endImage': 'C:\\Users\\hesselmann\\Desktop\\PsychoPyUniformityIllusion\\UniformityIllusionPsychoPy\\Pics\\2a.png', 'AB': 'a'}
22.2307 	DATA 	Keypress: space
22.2826 	EXP 	hasPeriphery: texRes = 128.0
22.2826 	EXP 	noPeriphery: texRes = 128.0
22.2826 	EXP 	hasPeriphery: autoDraw = False
22.2826 	EXP 	noPeriphery: autoDraw = False
22.2826 	EXP 	blank_screen: autoDraw = False
22.2826 	EXP 	text: autoDraw = False
22.2826 	EXP 	final: autoDraw = False
22.2826 	EXP 	hasPeriphery: size = array([1.77777778, 1.        ])
22.2826 	EXP 	hasPeriphery: image = 'C:\\Users\\hesselmann\\Desktop\\PsychoPyUniformityIllusion\\UniformityIllusionPsychoPy\\Pics\\2a.png'
22.2826 	EXP 	noPeriphery: size = array([1.77777778, 1.        ])
22.2826 	EXP 	noPeriphery: image = 'C:\\Users\\hesselmann\\Desktop\\PsychoPyUniformityIllusion\\UniformityIllusionPsychoPy\\Pics\\2start.png'
22.2826 	EXP 	final: size = array([1.77777778, 1.        ])
22.2826 	EXP 	final: image = 'C:\\Users\\hesselmann\\Desktop\\PsychoPyUniformityIllusion\\UniformityIllusionPsychoPy\\Pics\\2a.png'
22.2826 	EXP 	hasPeriphery: autoDraw = True
22.2826 	EXP 	hasPeriphery: texRes = 128.0
22.2826 	EXP 	noPeriphery: autoDraw = True
22.2826 	EXP 	noPeriphery: texRes = 128.0
22.2826 	EXP 	blank_screen: autoDraw = True
22.2826 	EXP 	text: autoDraw = True
22.4167 	EXP 	hasPeriphery: texRes = 128.0
22.4167 	EXP 	noPeriphery: texRes = 128.0
22.5327 	EXP 	hasPeriphery: texRes = 128.0
22.5327 	EXP 	noPeriphery: texRes = 128.0
22.5327 	EXP 	blank_screen: autoDraw = False
22.6665 	EXP 	hasPeriphery: texRes = 128.0
22.6665 	EXP 	noPeriphery: texRes = 128.0
22.7829 	EXP 	hasPeriphery: texRes = 128.0
22.7829 	EXP 	noPeriphery: texRes = 128.0
22.8995 	EXP 	hasPeriphery: texRes = 128.0
22.8995 	EXP 	noPeriphery: texRes = 128.0
23.0160 	EXP 	hasPeriphery: texRes = 128.0
23.0160 	EXP 	noPeriphery: texRes = 128.0
23.1324 	EXP 	hasPeriphery: texRes = 128.0
23.1324 	EXP 	noPeriphery: texRes = 128.0
23.2490 	EXP 	hasPeriphery: texRes = 128.0
23.2490 	EXP 	noPeriphery: texRes = 128.0
23.3661 	EXP 	hasPeriphery: texRes = 128.0
23.3661 	EXP 	noPeriphery: texRes = 128.0
23.4823 	EXP 	hasPeriphery: texRes = 128.0
23.4823 	EXP 	noPeriphery: texRes = 128.0
23.5999 	EXP 	hasPeriphery: texRes = 128.0
23.5999 	EXP 	noPeriphery: texRes = 128.0
23.7327 	EXP 	hasPeriphery: texRes = 128.0
23.7327 	EXP 	noPeriphery: texRes = 128.0
23.8493 	EXP 	hasPeriphery: texRes = 128.0
23.8493 	EXP 	noPeriphery: texRes = 128.0
23.9660 	EXP 	hasPeriphery: texRes = 128.0
23.9660 	EXP 	noPeriphery: texRes = 128.0
24.0826 	EXP 	hasPeriphery: texRes = 128.0
24.0826 	EXP 	noPeriphery: texRes = 128.0
24.1993 	EXP 	hasPeriphery: texRes = 128.0
24.1993 	EXP 	noPeriphery: texRes = 128.0
24.3154 	EXP 	hasPeriphery: texRes = 128.0
24.3154 	EXP 	noPeriphery: texRes = 128.0
24.4321 	EXP 	hasPeriphery: texRes = 128.0
24.4321 	EXP 	noPeriphery: texRes = 128.0
24.5494 	EXP 	hasPeriphery: texRes = 128.0
24.5494 	EXP 	noPeriphery: texRes = 128.0
24.6827 	EXP 	hasPeriphery: texRes = 128.0
24.6827 	EXP 	noPeriphery: texRes = 128.0
24.8154 	EXP 	hasPeriphery: texRes = 128.0
24.8154 	EXP 	noPeriphery: texRes = 128.0
24.9324 	EXP 	hasPeriphery: texRes = 128.0
24.9324 	EXP 	noPeriphery: texRes = 128.0
25.0487 	EXP 	hasPeriphery: texRes = 128.0
25.0487 	EXP 	noPeriphery: texRes = 128.0
25.1665 	EXP 	hasPeriphery: texRes = 128.0
25.1665 	EXP 	noPeriphery: texRes = 128.0
25.2820 	EXP 	hasPeriphery: texRes = 128.0
25.2820 	EXP 	noPeriphery: texRes = 128.0
25.3995 	EXP 	hasPeriphery: texRes = 128.0
25.3995 	EXP 	noPeriphery: texRes = 128.0
25.5164 	EXP 	hasPeriphery: texRes = 128.0
25.5164 	EXP 	noPeriphery: texRes = 128.0
25.6488 	EXP 	hasPeriphery: texRes = 128.0
25.6488 	EXP 	noPeriphery: texRes = 128.0
25.7652 	EXP 	hasPeriphery: texRes = 128.0
25.7652 	EXP 	noPeriphery: texRes = 128.0
25.8985 	EXP 	hasPeriphery: texRes = 128.0
25.8985 	EXP 	noPeriphery: texRes = 128.0
25.8985 	EXP 	final: autoDraw = True
26.0326 	EXP 	hasPeriphery: texRes = 128.0
26.0326 	EXP 	noPeriphery: texRes = 128.0
26.1665 	EXP 	hasPeriphery: texRes = 128.0
26.1665 	EXP 	noPeriphery: texRes = 128.0
26.2990 	EXP 	hasPeriphery: texRes = 128.0
26.2990 	EXP 	noPeriphery: texRes = 128.0
26.4317 	EXP 	hasPeriphery: texRes = 128.0
26.4317 	EXP 	noPeriphery: texRes = 128.0
26.5658 	EXP 	hasPeriphery: texRes = 128.0
26.5658 	EXP 	noPeriphery: texRes = 128.0
26.6987 	EXP 	hasPeriphery: texRes = 128.0
26.6987 	EXP 	noPeriphery: texRes = 128.0
26.8154 	EXP 	hasPeriphery: texRes = 128.0
26.8154 	EXP 	noPeriphery: texRes = 128.0
26.9023 	DATA 	Keypress: escape
26.9483 	EXP 	hasPeriphery: texRes = 128.0
26.9483 	EXP 	noPeriphery: texRes = 128.0
27.1491 	EXP 	window1: mouseVisible = True
