1.0232 	WARNING 	We strongly recommend you activate the PTB sound engine in PsychoPy prefs as the preferred audio engine. Its timing is vastly superior. Your prefs are currently set to use ['sounddevice', 'PTB', 'pyo', 'pygame'] (in that order).
6.2234 	EXP 	Created window1 = Window(allowGUI=False, allowStencil=False, autoLog=True, backendConf=UNKNOWN, bitsMode=UNKNOWN, blendMode='avg', bpc=(8, 8, 8), color=array([0, 0, 0]), colorSpace='rgb', depthBits=8, fullscr=<method-wrapper '__getattribute__' of attributeSetter object at 0x000001EADD9C4EB8>, gamma=None, gammaErrorPolicy='raise', lms=UNKNOWN, monitor=<psychopy.monitors.calibTools.Monitor object at 0x000001EADD9E5550>, multiSample=False, name='window1', numSamples=2, pos=[0.0, 0.0], screen=0, size=array([1920, 1080]), stencilBits=0, stereo=False, units='height', useFBO=True, useRetina=False, viewOri=0.0, viewPos=None, viewScale=None, waitBlanking=True, winType='pyglet')
6.2236 	EXP 	window1: mouseVisible = True
6.2236 	EXP 	window1: recordFrameIntervals = False
6.3904 	EXP 	window1: recordFrameIntervals = True
6.5730 	EXP 	window1: recordFrameIntervals = False
6.9492 	EXP 	Created WelcomeText = TextStim(__class__=<class 'psychopy.visual.text.TextStim'>, alignHoriz=method-wrapper(...), alignText='center', alignVert=method-wrapper(...), anchorHoriz='center', anchorVert='center', antialias=True, autoLog=True, bold=False, color=array([1, 1, 1]), colorSpace='rgb', contrast=1.0, depth=0.0, flipHoriz=False, flipVert=False, font='Open Sans', fontFiles=[], height=0.1, italic=False, languageStyle='LTR', name='WelcomeText', opacity=1, ori=0.0, pos=array([0., 0.]), rgb=UNKNOWN, text='Welcome to our Study!', units='height', win=Window(...), wrapWidth=1)
6.9626 	EXP 	Imported depression.xlsx as conditions, 2 conditions, 12 params
6.9636 	EXP 	Question text: Sadness
6.9822 	EXP 	window1: mouseVisible = True
7.0129 	EXP 	Question text: Pessimism
7.0203 	EXP 	window1: mouseVisible = True
7.0477 	EXP 	window1: mouseVisible = True
7.0539 	EXP 	Created unnamed Rect = Rect(__class__=<class 'psychopy.visual.rect.Rect'>, autoDraw=False, autoLog=True, closeShape=True, color=method-wrapper(...), colorSpace='rgb', contrast=None, depth=0, fillColor=array([0, 0, 0]), fillColorSpace='rgb', fillRGB=UNKNOWN, interpolate=True, lineColor=array([0, 0, 0]), lineColorSpace='rgb', lineRGB=UNKNOWN, lineWidth=1.5, name='unnamed Rect', opacity=0, ori=0.0, pos=array([0., 0.]), size=array([0., 0.]), units='height', vertices=ndarray(...), win=Window(...))
7.0621 	EXP 	Created DepressionQuestionnaire = <psychopy.visual.form.Form object at 0x000001EAE03FA7B8>
7.0854 	EXP 	window1: mouseVisible = True
7.1287 	EXP 	Created instructionsText = TextStim(__class__=<class 'psychopy.visual.text.TextStim'>, alignHoriz=method-wrapper(...), alignText='center', alignVert=method-wrapper(...), anchorHoriz='center', anchorVert='center', antialias=True, autoLog=True, bold=False, color=array([1, 1, 1]), colorSpace='rgb', contrast=1.0, depth=0.0, flipHoriz=False, flipVert=False, font='Open Sans', fontFiles=[], height=0.04, italic=False, languageStyle='LTR', name='instructionsText', opacity=1, ori=0.0, pos=array([0., 0.]), rgb=UNKNOWN, text=str(...), units='height', win=Window(...), wrapWidth=1)
7.1298 	EXP 	Created blank_screen = Rect(__class__=<class 'psychopy.visual.rect.Rect'>, autoDraw=False, autoLog=True, closeShape=True, color=method-wrapper(...), colorSpace='rgb', contrast=None, depth=-1.0, fillColor=array([1, 1, 1]), fillColorSpace='rgb', fillRGB=UNKNOWN, interpolate=True, lineColor=array([1, 1, 1]), lineColorSpace='rgb', lineRGB=UNKNOWN, lineWidth=1.0, name='blank_screen', opacity=1, ori=0.0, pos=array([0., 0.]), size=array([1., 1.]), units='norm', vertices=ndarray(...), win=Window(...))
7.1334 	EXP 	Created hasPeriphery = ImageStim(__class__=<class 'psychopy.visual.image.ImageStim'>, autoLog=True, color=array([1, 1, 1]), colorSpace='rgb', contrast=1.0, depth=-2.0, flipHoriz=False, flipVert=False, image='sin', interpolate=True, mask=None, maskParams=None, name='hasPeriphery', opacity=1.0, ori=0.0, pos=array([0., 0.]), size=array([0.5, 0.5]), texRes=128.0, units='height', win=Window(...))
7.1359 	EXP 	Created noPeriphery = ImageStim(__class__=<class 'psychopy.visual.image.ImageStim'>, autoLog=True, color=array([1, 1, 1]), colorSpace='rgb', contrast=1.0, depth=-4.0, flipHoriz=False, flipVert=False, image='sin', interpolate=True, mask=None, maskParams=None, name='noPeriphery', opacity=1.0, ori=0.0, pos=array([0., 0.]), size=array([0.5, 0.5]), texRes=128.0, units='height', win=Window(...))
7.1424 	EXP 	Created text = TextStim(__class__=<class 'psychopy.visual.text.TextStim'>, alignHoriz=method-wrapper(...), alignText='center', alignVert=method-wrapper(...), anchorHoriz='center', anchorVert='center', antialias=True, autoLog=True, bold=False, color=array([ 1, -1, -1]), colorSpace='rgb', contrast=1.0, depth=-5.0, flipHoriz=False, flipVert=False, font='Open Sans', fontFiles=[], height=0.1, italic=False, languageStyle='LTR', name='text', opacity=1, ori=0.0, pos=array([0., 0.]), rgb=UNKNOWN, text='+', units='height', win=Window(...), wrapWidth=1)
7.1576 	EXP 	Created WelcomeText = TextStim(__class__=<class 'psychopy.visual.text.TextStim'>, alignHoriz=method-wrapper(...), alignText='center', alignVert=method-wrapper(...), anchorHoriz='center', anchorVert='center', antialias=True, autoLog=True, bold=False, color=array([1, 1, 1]), colorSpace='rgb', contrast=1.0, depth=0.0, flipHoriz=False, flipVert=False, font='Open Sans', fontFiles=[], height=0.1, italic=False, languageStyle='LTR', name='WelcomeText', opacity=1, ori=0.0, pos=array([0., 0.]), rgb=UNKNOWN, text='Welcome to our Study!', units='height', win=Window(...), wrapWidth=1)
7.1612 	EXP 	Created hasPeriphery_2 = ImageStim(__class__=<class 'psychopy.visual.image.ImageStim'>, autoLog=True, color=array([1, 1, 1]), colorSpace='rgb', contrast=1.0, depth=-1.0, flipHoriz=False, flipVert=False, image='sin', interpolate=True, mask=None, maskParams=None, name='hasPeriphery_2', opacity=1.0, ori=0.0, pos=array([0., 0.]), size=array([0.5, 0.5]), texRes=128.0, units='height', win=Window(...))
7.1645 	EXP 	Created noPeriphery_2 = ImageStim(__class__=<class 'psychopy.visual.image.ImageStim'>, autoLog=True, color=array([1, 1, 1]), colorSpace='rgb', contrast=1.0, depth=-3.0, flipHoriz=False, flipVert=False, image='sin', interpolate=True, mask=None, maskParams=None, name='noPeriphery_2', opacity=1.0, ori=0.0, pos=array([0., 0.]), size=array([0.5, 0.5]), texRes=128.0, units='height', win=Window(...))
7.1669 	EXP 	Created text_2 = TextStim(__class__=<class 'psychopy.visual.text.TextStim'>, alignHoriz=method-wrapper(...), alignText='center', alignVert=method-wrapper(...), anchorHoriz='center', anchorVert='center', antialias=True, autoLog=True, bold=False, color=array([ 1, -1, -1]), colorSpace='rgb', contrast=1.0, depth=-4.0, flipHoriz=False, flipVert=False, font='Open Sans', fontFiles=[], height=0.1, italic=False, languageStyle='LTR', name='text_2', opacity=1, ori=0.0, pos=array([0., 0.]), rgb=UNKNOWN, text='+', units='height', win=Window(...), wrapWidth=1)
7.2059 	EXP 	unnamed Form: autoLog = True
7.2059 	EXP 	DepressionQuestionnaire: name = 'DepressionQuestionnaire'
7.2059 	EXP 	DepressionQuestionnaire: size = (3.5, 1)
7.2059 	EXP 	DepressionQuestionnaire: size = array([3.5, 1. ])
7.2059 	EXP 	DepressionQuestionnaire: units = 'height'
7.2059 	EXP 	DepressionQuestionnaire: depth = 0
7.2059 	EXP 	WelcomeText: autoDraw = True
7.6768 	DATA 	Keypress: space
9.2219 	EXP 	WelcomeText: autoDraw = False
9.2219 	EXP 	DepressionQuestionnaire: autoDraw = True
9.7896 	DATA 	Mouse: Left button down, pos=(893,68)
9.8216 	EXP 	DepressionQuestionnaire: autoDraw = False
9.8216 	EXP 	instructionsText: autoDraw = True
9.9099 	DATA 	Mouse:  Left button up, pos=(893,68)
10.3173 	EXP 	Imported picPaths.xlsx as conditions, 6 conditions, 3 params
10.3176 	EXP 	Created sequence: sequential, trialTypes=6, nReps=1, seed=None
10.3179 	EXP 	New trial (rep=0, index=0): {'startImage': 'C:\\Users\\hesselmann\\Desktop\\PsychoPyUniformityIllusion\\UniformityIllusionPsychoPy\\Pics\\1start.png', 'endImage': 'C:\\Users\\hesselmann\\Desktop\\PsychoPyUniformityIllusion\\UniformityIllusionPsychoPy\\Pics\\1a.png', 'AB': 'a'}
10.4962 	DATA 	Keypress: space
10.5393 	EXP 	instructionsText: autoDraw = False
10.5393 	EXP 	hasPeriphery: size = array([1.77777778, 1.        ])
10.5393 	EXP 	hasPeriphery: image = 'C:\\Users\\hesselmann\\Desktop\\PsychoPyUniformityIllusion\\UniformityIllusionPsychoPy\\Pics\\1a.png'
10.5393 	EXP 	noPeriphery: size = array([1.77777778, 1.        ])
10.5393 	EXP 	noPeriphery: image = 'C:\\Users\\hesselmann\\Desktop\\PsychoPyUniformityIllusion\\UniformityIllusionPsychoPy\\Pics\\1start.png'
10.5393 	EXP 	hasPeriphery: autoDraw = True
10.5393 	EXP 	hasPeriphery: texRes = 128.0
10.5393 	EXP 	noPeriphery: autoDraw = True
10.5393 	EXP 	noPeriphery: texRes = 128.0
10.5393 	EXP 	text: autoDraw = True
10.6886 	EXP 	blank_screen: autoDraw = True
10.6886 	EXP 	hasPeriphery: texRes = 128.0
10.6886 	EXP 	noPeriphery: texRes = 128.0
10.8383 	EXP 	hasPeriphery: texRes = 128.0
10.8383 	EXP 	noPeriphery: texRes = 128.0
10.9712 	EXP 	hasPeriphery: texRes = 128.0
10.9712 	EXP 	noPeriphery: texRes = 128.0
11.1050 	EXP 	hasPeriphery: texRes = 128.0
11.1050 	EXP 	noPeriphery: texRes = 128.0
11.2713 	EXP 	hasPeriphery: texRes = 128.0
11.2713 	EXP 	noPeriphery: texRes = 128.0
11.4049 	EXP 	blank_screen: autoDraw = False
11.4049 	EXP 	hasPeriphery: texRes = 128.0
11.4049 	EXP 	noPeriphery: texRes = 128.0
11.5378 	EXP 	hasPeriphery: texRes = 128.0
11.5378 	EXP 	noPeriphery: texRes = 128.0
11.6715 	EXP 	hasPeriphery: texRes = 128.0
11.6715 	EXP 	noPeriphery: texRes = 128.0
11.8048 	EXP 	hasPeriphery: texRes = 128.0
11.8048 	EXP 	noPeriphery: texRes = 128.0
11.9379 	EXP 	hasPeriphery: texRes = 128.0
11.9379 	EXP 	noPeriphery: texRes = 128.0
12.0714 	EXP 	hasPeriphery: texRes = 128.0
12.0714 	EXP 	noPeriphery: texRes = 128.0
12.2043 	EXP 	hasPeriphery: texRes = 128.0
12.2043 	EXP 	noPeriphery: texRes = 128.0
12.3376 	EXP 	hasPeriphery: texRes = 128.0
12.3376 	EXP 	noPeriphery: texRes = 128.0
12.4714 	EXP 	hasPeriphery: texRes = 128.0
12.4714 	EXP 	noPeriphery: texRes = 128.0
12.6219 	EXP 	hasPeriphery: texRes = 128.0
12.6219 	EXP 	noPeriphery: texRes = 128.0
12.7542 	EXP 	hasPeriphery: texRes = 128.0
12.7542 	EXP 	noPeriphery: texRes = 128.0
12.8887 	EXP 	hasPeriphery: texRes = 128.0
12.8887 	EXP 	noPeriphery: texRes = 128.0
13.0382 	EXP 	hasPeriphery: texRes = 128.0
13.0382 	EXP 	noPeriphery: texRes = 128.0
13.1708 	EXP 	hasPeriphery: texRes = 128.0
13.1708 	EXP 	noPeriphery: texRes = 128.0
13.3044 	EXP 	hasPeriphery: texRes = 128.0
13.3044 	EXP 	noPeriphery: texRes = 128.0
13.4374 	EXP 	hasPeriphery: texRes = 128.0
13.4374 	EXP 	noPeriphery: texRes = 128.0
13.5250 	EXP 	New trial (rep=0, index=1): {'startImage': 'C:\\Users\\hesselmann\\Desktop\\PsychoPyUniformityIllusion\\UniformityIllusionPsychoPy\\Pics\\1start.png', 'endImage': 'C:\\Users\\hesselmann\\Desktop\\PsychoPyUniformityIllusion\\UniformityIllusionPsychoPy\\Pics\\1b.png', 'AB': 'b'}
13.6976 	DATA 	Keypress: space
13.7374 	EXP 	hasPeriphery: texRes = 128.0
13.7374 	EXP 	noPeriphery: texRes = 128.0
13.7374 	EXP 	blank_screen: autoDraw = False
13.7374 	EXP 	hasPeriphery: autoDraw = False
13.7374 	EXP 	noPeriphery: autoDraw = False
13.7374 	EXP 	text: autoDraw = False
13.7374 	EXP 	hasPeriphery: size = array([1.77777778, 1.        ])
13.7374 	EXP 	hasPeriphery: image = 'C:\\Users\\hesselmann\\Desktop\\PsychoPyUniformityIllusion\\UniformityIllusionPsychoPy\\Pics\\1b.png'
13.7374 	EXP 	noPeriphery: size = array([1.77777778, 1.        ])
13.7374 	EXP 	noPeriphery: image = 'C:\\Users\\hesselmann\\Desktop\\PsychoPyUniformityIllusion\\UniformityIllusionPsychoPy\\Pics\\1start.png'
13.7374 	EXP 	hasPeriphery: autoDraw = True
13.7374 	EXP 	hasPeriphery: texRes = 128.0
13.7374 	EXP 	noPeriphery: autoDraw = True
13.7374 	EXP 	noPeriphery: texRes = 128.0
13.7374 	EXP 	text: autoDraw = True
13.8713 	EXP 	blank_screen: autoDraw = True
13.8713 	EXP 	hasPeriphery: texRes = 128.0
13.8713 	EXP 	noPeriphery: texRes = 128.0
14.0211 	EXP 	hasPeriphery: texRes = 128.0
14.0211 	EXP 	noPeriphery: texRes = 128.0
14.1540 	EXP 	hasPeriphery: texRes = 128.0
14.1540 	EXP 	noPeriphery: texRes = 128.0
14.2873 	EXP 	hasPeriphery: texRes = 128.0
14.2873 	EXP 	noPeriphery: texRes = 128.0
14.4214 	EXP 	hasPeriphery: texRes = 128.0
14.4214 	EXP 	noPeriphery: texRes = 128.0
14.5709 	EXP 	blank_screen: autoDraw = False
14.5709 	EXP 	hasPeriphery: texRes = 128.0
14.5709 	EXP 	noPeriphery: texRes = 128.0
14.7039 	EXP 	hasPeriphery: texRes = 128.0
14.7039 	EXP 	noPeriphery: texRes = 128.0
14.8374 	EXP 	hasPeriphery: texRes = 128.0
14.8374 	EXP 	noPeriphery: texRes = 128.0
14.9875 	EXP 	hasPeriphery: texRes = 128.0
14.9875 	EXP 	noPeriphery: texRes = 128.0
15.1371 	EXP 	hasPeriphery: texRes = 128.0
15.1371 	EXP 	noPeriphery: texRes = 128.0
15.2874 	EXP 	hasPeriphery: texRes = 128.0
15.2874 	EXP 	noPeriphery: texRes = 128.0
15.4203 	EXP 	hasPeriphery: texRes = 128.0
15.4203 	EXP 	noPeriphery: texRes = 128.0
15.5548 	EXP 	hasPeriphery: texRes = 128.0
15.5548 	EXP 	noPeriphery: texRes = 128.0
15.6876 	EXP 	hasPeriphery: texRes = 128.0
15.6876 	EXP 	noPeriphery: texRes = 128.0
15.8381 	EXP 	hasPeriphery: texRes = 128.0
15.8381 	EXP 	noPeriphery: texRes = 128.0
16.0038 	EXP 	hasPeriphery: texRes = 128.0
16.0038 	EXP 	noPeriphery: texRes = 128.0
16.1535 	EXP 	hasPeriphery: texRes = 128.0
16.1535 	EXP 	noPeriphery: texRes = 128.0
16.2868 	EXP 	hasPeriphery: texRes = 128.0
16.2868 	EXP 	noPeriphery: texRes = 128.0
16.4205 	EXP 	hasPeriphery: texRes = 128.0
16.4205 	EXP 	noPeriphery: texRes = 128.0
16.5536 	EXP 	hasPeriphery: texRes = 128.0
16.5536 	EXP 	noPeriphery: texRes = 128.0
16.6867 	EXP 	hasPeriphery: texRes = 128.0
16.6867 	EXP 	noPeriphery: texRes = 128.0
16.8200 	EXP 	hasPeriphery: texRes = 128.0
16.8200 	EXP 	noPeriphery: texRes = 128.0
16.9535 	EXP 	hasPeriphery: texRes = 128.0
16.9535 	EXP 	noPeriphery: texRes = 128.0
17.1038 	EXP 	hasPeriphery: texRes = 128.0
17.1038 	EXP 	noPeriphery: texRes = 128.0
17.2372 	EXP 	hasPeriphery: texRes = 128.0
17.2372 	EXP 	noPeriphery: texRes = 128.0
17.3699 	EXP 	hasPeriphery: texRes = 128.0
17.3699 	EXP 	noPeriphery: texRes = 128.0
17.5033 	EXP 	hasPeriphery: texRes = 128.0
17.5033 	EXP 	noPeriphery: texRes = 128.0
17.5884 	EXP 	New trial (rep=0, index=2): {'startImage': 'C:\\Users\\hesselmann\\Desktop\\PsychoPyUniformityIllusion\\UniformityIllusionPsychoPy\\Pics\\2start.png', 'endImage': 'C:\\Users\\hesselmann\\Desktop\\PsychoPyUniformityIllusion\\UniformityIllusionPsychoPy\\Pics\\2a.png', 'AB': 'a'}
17.7237 	DATA 	Keypress: space
17.7698 	EXP 	hasPeriphery: texRes = 128.0
17.7698 	EXP 	noPeriphery: texRes = 128.0
17.7698 	EXP 	blank_screen: autoDraw = False
17.7698 	EXP 	hasPeriphery: autoDraw = False
17.7698 	EXP 	noPeriphery: autoDraw = False
17.7698 	EXP 	text: autoDraw = False
17.7698 	EXP 	hasPeriphery: size = array([1.77777778, 1.        ])
17.7698 	EXP 	hasPeriphery: image = 'C:\\Users\\hesselmann\\Desktop\\PsychoPyUniformityIllusion\\UniformityIllusionPsychoPy\\Pics\\2a.png'
17.7698 	EXP 	noPeriphery: size = array([1.77777778, 1.        ])
17.7698 	EXP 	noPeriphery: image = 'C:\\Users\\hesselmann\\Desktop\\PsychoPyUniformityIllusion\\UniformityIllusionPsychoPy\\Pics\\2start.png'
17.7698 	EXP 	hasPeriphery: autoDraw = True
17.7698 	EXP 	hasPeriphery: texRes = 128.0
17.7698 	EXP 	noPeriphery: autoDraw = True
17.7698 	EXP 	noPeriphery: texRes = 128.0
17.7698 	EXP 	text: autoDraw = True
17.8869 	EXP 	blank_screen: autoDraw = True
17.8869 	EXP 	hasPeriphery: texRes = 128.0
17.8869 	EXP 	noPeriphery: texRes = 128.0
18.0032 	EXP 	hasPeriphery: texRes = 128.0
18.0032 	EXP 	noPeriphery: texRes = 128.0
18.1202 	EXP 	hasPeriphery: texRes = 128.0
18.1202 	EXP 	noPeriphery: texRes = 128.0
18.2370 	EXP 	hasPeriphery: texRes = 128.0
18.2370 	EXP 	noPeriphery: texRes = 128.0
18.3534 	EXP 	hasPeriphery: texRes = 128.0
18.3534 	EXP 	noPeriphery: texRes = 128.0
18.4697 	EXP 	hasPeriphery: texRes = 128.0
18.4697 	EXP 	noPeriphery: texRes = 128.0
18.5434 	DATA 	Keypress: escape
18.5866 	EXP 	blank_screen: autoDraw = False
18.5866 	EXP 	hasPeriphery: texRes = 128.0
18.5866 	EXP 	noPeriphery: texRes = 128.0
18.7962 	EXP 	window1: mouseVisible = True
