1.0780 	WARNING 	We strongly recommend you activate the PTB sound engine in PsychoPy prefs as the preferred audio engine. Its timing is vastly superior. Your prefs are currently set to use ['sounddevice', 'PTB', 'pyo', 'pygame'] (in that order).
5.9724 	EXP 	Created window1 = Window(allowGUI=False, allowStencil=False, autoLog=True, backendConf=UNKNOWN, bitsMode=UNKNOWN, blendMode='avg', bpc=(8, 8, 8), color=array([0, 0, 0]), colorSpace='rgb', depthBits=8, fullscr=<method-wrapper '__getattribute__' of attributeSetter object at 0x000001EFDE155EB8>, gamma=None, gammaErrorPolicy='raise', lms=UNKNOWN, monitor=<psychopy.monitors.calibTools.Monitor object at 0x000001EFDE131518>, multiSample=False, name='window1', numSamples=2, pos=[0.0, 0.0], screen=0, size=array([1920, 1080]), stencilBits=0, stereo=False, units='height', useFBO=True, useRetina=False, viewOri=0.0, viewPos=None, viewScale=None, waitBlanking=True, winType='pyglet')
5.9726 	EXP 	window1: mouseVisible = True
5.9727 	EXP 	window1: recordFrameIntervals = False
6.1390 	EXP 	window1: recordFrameIntervals = True
6.3224 	EXP 	window1: recordFrameIntervals = False
6.6993 	EXP 	Created WelcomeText = TextStim(__class__=<class 'psychopy.visual.text.TextStim'>, alignHoriz=method-wrapper(...), alignText='center', alignVert=method-wrapper(...), anchorHoriz='center', anchorVert='center', antialias=True, autoLog=True, bold=False, color=array([1, 1, 1]), colorSpace='rgb', contrast=1.0, depth=0.0, flipHoriz=False, flipVert=False, font='Open Sans', fontFiles=[], height=0.1, italic=False, languageStyle='LTR', name='WelcomeText', opacity=1, ori=0.0, pos=array([0., 0.]), rgb=UNKNOWN, text='Welcome to our Study!', units='height', win=Window(...), wrapWidth=1)
6.7173 	EXP 	Imported depression.xlsx as conditions, 2 conditions, 12 params
6.7187 	EXP 	Question text: Sadness
6.7421 	EXP 	window1: mouseVisible = True
6.7729 	EXP 	Question text: Pessimism
6.7806 	EXP 	window1: mouseVisible = True
6.8031 	EXP 	window1: mouseVisible = True
6.8073 	EXP 	Created unnamed Rect = Rect(__class__=<class 'psychopy.visual.rect.Rect'>, autoDraw=False, autoLog=True, closeShape=True, color=method-wrapper(...), colorSpace='rgb', contrast=None, depth=0, fillColor=array([0, 0, 0]), fillColorSpace='rgb', fillRGB=UNKNOWN, interpolate=True, lineColor=array([0, 0, 0]), lineColorSpace='rgb', lineRGB=UNKNOWN, lineWidth=1.5, name='unnamed Rect', opacity=0, ori=0.0, pos=array([0., 0.]), size=array([0., 0.]), units='height', vertices=ndarray(...), win=Window(...))
6.8142 	EXP 	Created DepressionQuestionnaire = <psychopy.visual.form.Form object at 0x000001EFE0F807B8>
6.8386 	EXP 	window1: mouseVisible = True
6.8810 	EXP 	Created instructionsText = TextStim(__class__=<class 'psychopy.visual.text.TextStim'>, alignHoriz=method-wrapper(...), alignText='center', alignVert=method-wrapper(...), anchorHoriz='center', anchorVert='center', antialias=True, autoLog=True, bold=False, color=array([1, 1, 1]), colorSpace='rgb', contrast=1.0, depth=0.0, flipHoriz=False, flipVert=False, font='Open Sans', fontFiles=[], height=0.04, italic=False, languageStyle='LTR', name='instructionsText', opacity=1, ori=0.0, pos=array([0., 0.]), rgb=UNKNOWN, text=str(...), units='height', win=Window(...), wrapWidth=1)
6.8842 	EXP 	Created hasPeriphery = ImageStim(__class__=<class 'psychopy.visual.image.ImageStim'>, autoLog=True, color=array([1, 1, 1]), colorSpace='rgb', contrast=1.0, depth=-1.0, flipHoriz=False, flipVert=False, image='sin', interpolate=True, mask=None, maskParams=None, name='hasPeriphery', opacity=1.0, ori=0.0, pos=array([0., 0.]), size=array([0.5, 0.5]), texRes=128.0, units='height', win=Window(...))
6.8867 	EXP 	Created noPeriphery = ImageStim(__class__=<class 'psychopy.visual.image.ImageStim'>, autoLog=True, color=array([1, 1, 1]), colorSpace='rgb', contrast=1.0, depth=-3.0, flipHoriz=False, flipVert=False, image='sin', interpolate=True, mask=None, maskParams=None, name='noPeriphery', opacity=1.0, ori=0.0, pos=array([0., 0.]), size=array([0.5, 0.5]), texRes=128.0, units='height', win=Window(...))
6.8877 	EXP 	Created blank_screen = Rect(__class__=<class 'psychopy.visual.rect.Rect'>, autoDraw=False, autoLog=True, closeShape=True, color=method-wrapper(...), colorSpace='rgb', contrast=None, depth=-4.0, fillColor=array([1, 1, 1]), fillColorSpace='rgb', fillRGB=UNKNOWN, interpolate=True, lineColor=array([1, 1, 1]), lineColorSpace='rgb', lineRGB=UNKNOWN, lineWidth=1.0, name='blank_screen', opacity=1.0, ori=0.0, pos=array([0., 0.]), size=array([2., 1.]), units='height', vertices=ndarray(...), win=Window(...))
6.8930 	EXP 	Created text = TextStim(__class__=<class 'psychopy.visual.text.TextStim'>, alignHoriz=method-wrapper(...), alignText='center', alignVert=method-wrapper(...), anchorHoriz='center', anchorVert='center', antialias=True, autoLog=True, bold=False, color=array([ 1, -1, -1]), colorSpace='rgb', contrast=1.0, depth=-5.0, flipHoriz=False, flipVert=False, font='Open Sans', fontFiles=[], height=0.1, italic=False, languageStyle='LTR', name='text', opacity=1, ori=0.0, pos=array([0., 0.]), rgb=UNKNOWN, text='+', units='height', win=Window(...), wrapWidth=1)
6.9040 	EXP 	Created WelcomeText = TextStim(__class__=<class 'psychopy.visual.text.TextStim'>, alignHoriz=method-wrapper(...), alignText='center', alignVert=method-wrapper(...), anchorHoriz='center', anchorVert='center', antialias=True, autoLog=True, bold=False, color=array([1, 1, 1]), colorSpace='rgb', contrast=1.0, depth=0.0, flipHoriz=False, flipVert=False, font='Open Sans', fontFiles=[], height=0.1, italic=False, languageStyle='LTR', name='WelcomeText', opacity=1, ori=0.0, pos=array([0., 0.]), rgb=UNKNOWN, text='Welcome to our Study!', units='height', win=Window(...), wrapWidth=1)
6.9066 	EXP 	Created hasPeriphery_2 = ImageStim(__class__=<class 'psychopy.visual.image.ImageStim'>, autoLog=True, color=array([1, 1, 1]), colorSpace='rgb', contrast=1.0, depth=-1.0, flipHoriz=False, flipVert=False, image='sin', interpolate=True, mask=None, maskParams=None, name='hasPeriphery_2', opacity=1.0, ori=0.0, pos=array([0., 0.]), size=array([0.5, 0.5]), texRes=128.0, units='height', win=Window(...))
6.9089 	EXP 	Created noPeriphery_2 = ImageStim(__class__=<class 'psychopy.visual.image.ImageStim'>, autoLog=True, color=array([1, 1, 1]), colorSpace='rgb', contrast=1.0, depth=-3.0, flipHoriz=False, flipVert=False, image='sin', interpolate=True, mask=None, maskParams=None, name='noPeriphery_2', opacity=1.0, ori=0.0, pos=array([0., 0.]), size=array([0.5, 0.5]), texRes=128.0, units='height', win=Window(...))
6.9106 	EXP 	Created text_2 = TextStim(__class__=<class 'psychopy.visual.text.TextStim'>, alignHoriz=method-wrapper(...), alignText='center', alignVert=method-wrapper(...), anchorHoriz='center', anchorVert='center', antialias=True, autoLog=True, bold=False, color=array([ 1, -1, -1]), colorSpace='rgb', contrast=1.0, depth=-4.0, flipHoriz=False, flipVert=False, font='Open Sans', fontFiles=[], height=0.1, italic=False, languageStyle='LTR', name='text_2', opacity=1, ori=0.0, pos=array([0., 0.]), rgb=UNKNOWN, text='+', units='height', win=Window(...), wrapWidth=1)
6.9550 	EXP 	unnamed Form: autoLog = True
6.9550 	EXP 	DepressionQuestionnaire: name = 'DepressionQuestionnaire'
6.9550 	EXP 	DepressionQuestionnaire: size = (3.5, 1)
6.9550 	EXP 	DepressionQuestionnaire: size = array([3.5, 1. ])
6.9550 	EXP 	DepressionQuestionnaire: units = 'height'
6.9550 	EXP 	DepressionQuestionnaire: depth = 0
6.9550 	EXP 	WelcomeText: autoDraw = True
8.9720 	EXP 	WelcomeText: autoDraw = False
8.9720 	EXP 	DepressionQuestionnaire: autoDraw = True
10.0887 	DATA 	Mouse: Left button down, pos=(739,50)
10.1373 	EXP 	DepressionQuestionnaire: autoDraw = False
10.1373 	EXP 	instructionsText: autoDraw = True
10.1762 	DATA 	Mouse:  Left button up, pos=(738,50)
10.9331 	EXP 	Imported picPaths.xlsx as conditions, 6 conditions, 3 params
10.9334 	EXP 	Created sequence: sequential, trialTypes=6, nReps=1, seed=None
10.9337 	EXP 	New trial (rep=0, index=0): {'startImage': 'C:\\Users\\hesselmann\\Desktop\\PsychoPyUniformityIllusion\\UniformityIllusionPsychoPy\\Pics\\1start.png', 'endImage': 'C:\\Users\\hesselmann\\Desktop\\PsychoPyUniformityIllusion\\UniformityIllusionPsychoPy\\Pics\\1a.png', 'AB': 'a'}
11.1068 	DATA 	Keypress: space
11.1070 	DATA 	Keypress: n
11.1538 	EXP 	instructionsText: autoDraw = False
11.1538 	EXP 	hasPeriphery: size = array([1.77777778, 1.        ])
11.1538 	EXP 	hasPeriphery: image = 'C:\\Users\\hesselmann\\Desktop\\PsychoPyUniformityIllusion\\UniformityIllusionPsychoPy\\Pics\\1a.png'
11.1538 	EXP 	noPeriphery: size = array([1.77777778, 1.        ])
11.1538 	EXP 	noPeriphery: image = 'C:\\Users\\hesselmann\\Desktop\\PsychoPyUniformityIllusion\\UniformityIllusionPsychoPy\\Pics\\1start.png'
11.1538 	EXP 	hasPeriphery: autoDraw = True
11.1538 	EXP 	hasPeriphery: texRes = 128.0
11.1538 	EXP 	noPeriphery: autoDraw = True
11.1538 	EXP 	noPeriphery: texRes = 128.0
11.1538 	EXP 	text: autoDraw = True
11.2875 	EXP 	hasPeriphery: texRes = 128.0
11.2875 	EXP 	noPeriphery: texRes = 128.0
11.4216 	EXP 	hasPeriphery: texRes = 128.0
11.4216 	EXP 	noPeriphery: texRes = 128.0
11.5540 	EXP 	hasPeriphery: texRes = 128.0
11.5540 	EXP 	noPeriphery: texRes = 128.0
11.7047 	EXP 	hasPeriphery: texRes = 128.0
11.7047 	EXP 	noPeriphery: texRes = 128.0
11.8540 	EXP 	hasPeriphery: texRes = 128.0
11.8540 	EXP 	noPeriphery: texRes = 128.0
11.8540 	EXP 	blank_screen: autoDraw = True
12.0042 	EXP 	hasPeriphery: texRes = 128.0
12.0042 	EXP 	noPeriphery: texRes = 128.0
12.0042 	EXP 	blank_screen: autoDraw = False
12.1374 	EXP 	hasPeriphery: texRes = 128.0
12.1374 	EXP 	noPeriphery: texRes = 128.0
12.2705 	EXP 	hasPeriphery: texRes = 128.0
12.2705 	EXP 	noPeriphery: texRes = 128.0
12.4044 	EXP 	hasPeriphery: texRes = 128.0
12.4044 	EXP 	noPeriphery: texRes = 128.0
12.5537 	EXP 	hasPeriphery: texRes = 128.0
12.5537 	EXP 	noPeriphery: texRes = 128.0
12.7040 	EXP 	hasPeriphery: texRes = 128.0
12.7040 	EXP 	noPeriphery: texRes = 128.0
12.8380 	EXP 	hasPeriphery: texRes = 128.0
12.8380 	EXP 	noPeriphery: texRes = 128.0
12.9872 	EXP 	hasPeriphery: texRes = 128.0
12.9872 	EXP 	noPeriphery: texRes = 128.0
13.1367 	EXP 	hasPeriphery: texRes = 128.0
13.1367 	EXP 	noPeriphery: texRes = 128.0
13.2701 	EXP 	hasPeriphery: texRes = 128.0
13.2701 	EXP 	noPeriphery: texRes = 128.0
13.4202 	EXP 	hasPeriphery: texRes = 128.0
13.4202 	EXP 	noPeriphery: texRes = 128.0
13.5538 	EXP 	hasPeriphery: texRes = 128.0
13.5538 	EXP 	noPeriphery: texRes = 128.0
13.6868 	EXP 	hasPeriphery: texRes = 128.0
13.6868 	EXP 	noPeriphery: texRes = 128.0
13.8199 	EXP 	hasPeriphery: texRes = 128.0
13.8199 	EXP 	noPeriphery: texRes = 128.0
13.9538 	EXP 	hasPeriphery: texRes = 128.0
13.9538 	EXP 	noPeriphery: texRes = 128.0
14.1032 	EXP 	hasPeriphery: texRes = 128.0
14.1032 	EXP 	noPeriphery: texRes = 128.0
14.2377 	EXP 	hasPeriphery: texRes = 128.0
14.2377 	EXP 	noPeriphery: texRes = 128.0
14.3697 	EXP 	hasPeriphery: texRes = 128.0
14.3697 	EXP 	noPeriphery: texRes = 128.0
14.5204 	EXP 	hasPeriphery: texRes = 128.0
14.5204 	EXP 	noPeriphery: texRes = 128.0
14.6701 	EXP 	hasPeriphery: texRes = 128.0
14.6701 	EXP 	noPeriphery: texRes = 128.0
14.8199 	EXP 	hasPeriphery: texRes = 128.0
14.8199 	EXP 	noPeriphery: texRes = 128.0
14.9530 	EXP 	hasPeriphery: texRes = 128.0
14.9530 	EXP 	noPeriphery: texRes = 128.0
15.1032 	EXP 	hasPeriphery: texRes = 128.0
15.1032 	EXP 	noPeriphery: texRes = 128.0
15.2367 	EXP 	hasPeriphery: texRes = 128.0
15.2367 	EXP 	noPeriphery: texRes = 128.0
15.3700 	EXP 	hasPeriphery: texRes = 128.0
15.3700 	EXP 	noPeriphery: texRes = 128.0
15.5036 	EXP 	hasPeriphery: texRes = 128.0
15.5036 	EXP 	noPeriphery: texRes = 128.0
15.6362 	EXP 	hasPeriphery: texRes = 128.0
15.6362 	EXP 	noPeriphery: texRes = 128.0
15.7704 	EXP 	hasPeriphery: texRes = 128.0
15.7704 	EXP 	noPeriphery: texRes = 128.0
15.8594 	EXP 	New trial (rep=0, index=1): {'startImage': 'C:\\Users\\hesselmann\\Desktop\\PsychoPyUniformityIllusion\\UniformityIllusionPsychoPy\\Pics\\1start.png', 'endImage': 'C:\\Users\\hesselmann\\Desktop\\PsychoPyUniformityIllusion\\UniformityIllusionPsychoPy\\Pics\\1b.png', 'AB': 'b'}
16.0326 	DATA 	Keypress: space
16.0702 	EXP 	hasPeriphery: texRes = 128.0
16.0702 	EXP 	noPeriphery: texRes = 128.0
16.0702 	EXP 	hasPeriphery: autoDraw = False
16.0702 	EXP 	noPeriphery: autoDraw = False
16.0702 	EXP 	blank_screen: autoDraw = False
16.0702 	EXP 	text: autoDraw = False
16.0702 	EXP 	hasPeriphery: size = array([1.77777778, 1.        ])
16.0702 	EXP 	hasPeriphery: image = 'C:\\Users\\hesselmann\\Desktop\\PsychoPyUniformityIllusion\\UniformityIllusionPsychoPy\\Pics\\1b.png'
16.0702 	EXP 	noPeriphery: size = array([1.77777778, 1.        ])
16.0702 	EXP 	noPeriphery: image = 'C:\\Users\\hesselmann\\Desktop\\PsychoPyUniformityIllusion\\UniformityIllusionPsychoPy\\Pics\\1start.png'
16.0702 	EXP 	hasPeriphery: autoDraw = True
16.0702 	EXP 	hasPeriphery: texRes = 128.0
16.0702 	EXP 	noPeriphery: autoDraw = True
16.0702 	EXP 	noPeriphery: texRes = 128.0
16.0702 	EXP 	text: autoDraw = True
16.2032 	EXP 	hasPeriphery: texRes = 128.0
16.2032 	EXP 	noPeriphery: texRes = 128.0
16.3361 	EXP 	hasPeriphery: texRes = 128.0
16.3361 	EXP 	noPeriphery: texRes = 128.0
16.4694 	EXP 	hasPeriphery: texRes = 128.0
16.4694 	EXP 	noPeriphery: texRes = 128.0
16.6027 	EXP 	hasPeriphery: texRes = 128.0
16.6027 	EXP 	noPeriphery: texRes = 128.0
16.7531 	EXP 	hasPeriphery: texRes = 128.0
16.7531 	EXP 	noPeriphery: texRes = 128.0
16.7531 	EXP 	blank_screen: autoDraw = True
16.9026 	EXP 	hasPeriphery: texRes = 128.0
16.9026 	EXP 	noPeriphery: texRes = 128.0
16.9026 	EXP 	blank_screen: autoDraw = False
17.0359 	EXP 	hasPeriphery: texRes = 128.0
17.0359 	EXP 	noPeriphery: texRes = 128.0
17.1863 	EXP 	hasPeriphery: texRes = 128.0
17.1863 	EXP 	noPeriphery: texRes = 128.0
17.3199 	EXP 	hasPeriphery: texRes = 128.0
17.3199 	EXP 	noPeriphery: texRes = 128.0
17.4529 	EXP 	hasPeriphery: texRes = 128.0
17.4529 	EXP 	noPeriphery: texRes = 128.0
17.5866 	EXP 	hasPeriphery: texRes = 128.0
17.5866 	EXP 	noPeriphery: texRes = 128.0
17.7199 	EXP 	hasPeriphery: texRes = 128.0
17.7199 	EXP 	noPeriphery: texRes = 128.0
17.8528 	EXP 	hasPeriphery: texRes = 128.0
17.8528 	EXP 	noPeriphery: texRes = 128.0
17.9859 	EXP 	hasPeriphery: texRes = 128.0
17.9859 	EXP 	noPeriphery: texRes = 128.0
18.1194 	EXP 	hasPeriphery: texRes = 128.0
18.1194 	EXP 	noPeriphery: texRes = 128.0
18.2531 	EXP 	hasPeriphery: texRes = 128.0
18.2531 	EXP 	noPeriphery: texRes = 128.0
18.3860 	EXP 	hasPeriphery: texRes = 128.0
18.3860 	EXP 	noPeriphery: texRes = 128.0
18.5194 	EXP 	hasPeriphery: texRes = 128.0
18.5194 	EXP 	noPeriphery: texRes = 128.0
18.6693 	EXP 	hasPeriphery: texRes = 128.0
18.6693 	EXP 	noPeriphery: texRes = 128.0
18.8030 	EXP 	hasPeriphery: texRes = 128.0
18.8030 	EXP 	noPeriphery: texRes = 128.0
18.9359 	EXP 	hasPeriphery: texRes = 128.0
18.9359 	EXP 	noPeriphery: texRes = 128.0
19.0693 	EXP 	hasPeriphery: texRes = 128.0
19.0693 	EXP 	noPeriphery: texRes = 128.0
19.2030 	EXP 	hasPeriphery: texRes = 128.0
19.2030 	EXP 	noPeriphery: texRes = 128.0
19.3529 	EXP 	hasPeriphery: texRes = 128.0
19.3529 	EXP 	noPeriphery: texRes = 128.0
19.4859 	EXP 	hasPeriphery: texRes = 128.0
19.4859 	EXP 	noPeriphery: texRes = 128.0
19.6358 	EXP 	hasPeriphery: texRes = 128.0
19.6358 	EXP 	noPeriphery: texRes = 128.0
19.7687 	EXP 	hasPeriphery: texRes = 128.0
19.7687 	EXP 	noPeriphery: texRes = 128.0
19.9024 	EXP 	hasPeriphery: texRes = 128.0
19.9024 	EXP 	noPeriphery: texRes = 128.0
20.0353 	EXP 	hasPeriphery: texRes = 128.0
20.0353 	EXP 	noPeriphery: texRes = 128.0
20.2787 	EXP 	window1: mouseVisible = True
