1.0026 	WARNING 	We strongly recommend you activate the PTB sound engine in PsychoPy prefs as the preferred audio engine. Its timing is vastly superior. Your prefs are currently set to use ['sounddevice', 'PTB', 'pyo', 'pygame'] (in that order).
6.2230 	EXP 	Created window1 = Window(allowGUI=False, allowStencil=False, autoLog=True, backendConf=UNKNOWN, bitsMode=UNKNOWN, blendMode='avg', bpc=(8, 8, 8), color=array([0, 0, 0]), colorSpace='rgb', depthBits=8, fullscr=<method-wrapper '__getattribute__' of attributeSetter object at 0x00000186AC1370F0>, gamma=None, gammaErrorPolicy='raise', lms=UNKNOWN, monitor=<psychopy.monitors.calibTools.Monitor object at 0x00000186AC0C8748>, multiSample=False, name='window1', numSamples=2, pos=[0.0, 0.0], screen=0, size=array([1920, 1080]), stencilBits=0, stereo=False, units='height', useFBO=True, useRetina=False, viewOri=0.0, viewPos=None, viewScale=None, waitBlanking=True, winType='pyglet')
6.2233 	EXP 	window1: mouseVisible = True
6.2233 	EXP 	window1: recordFrameIntervals = False
6.3550 	EXP 	window1: recordFrameIntervals = True
6.5023 	EXP 	window1: recordFrameIntervals = False
7.0022 	EXP 	Created WelcomeText = TextStim(__class__=<class 'psychopy.visual.text.TextStim'>, alignHoriz=method-wrapper(...), alignText='center', alignVert=method-wrapper(...), anchorHoriz='center', anchorVert='center', antialias=True, autoLog=True, bold=False, color=array([1, 1, 1]), colorSpace='rgb', contrast=1.0, depth=0.0, flipHoriz=False, flipVert=False, font='Open Sans', fontFiles=[], height=0.1, italic=False, languageStyle='LTR', name='WelcomeText', opacity=1, ori=0.0, pos=array([0., 0.]), rgb=UNKNOWN, text='Welcome to our Study!', units='height', win=Window(...), wrapWidth=1)
7.0184 	EXP 	Imported depression.xlsx as conditions, 2 conditions, 12 params
7.0196 	EXP 	Question text: Sadness
7.0414 	EXP 	window1: mouseVisible = True
7.0766 	EXP 	Question text: Pessimism
7.0839 	EXP 	window1: mouseVisible = True
7.1064 	EXP 	window1: mouseVisible = True
7.1107 	EXP 	Created unnamed Rect = Rect(__class__=<class 'psychopy.visual.rect.Rect'>, autoDraw=False, autoLog=True, closeShape=True, color=method-wrapper(...), colorSpace='rgb', contrast=None, depth=0, fillColor=array([0, 0, 0]), fillColorSpace='rgb', fillRGB=UNKNOWN, interpolate=True, lineColor=array([0, 0, 0]), lineColorSpace='rgb', lineRGB=UNKNOWN, lineWidth=1.5, name='unnamed Rect', opacity=0, ori=0.0, pos=array([0., 0.]), size=array([0., 0.]), units='height', vertices=ndarray(...), win=Window(...))
7.1181 	EXP 	Created DepressionQuestionnaire = <psychopy.visual.form.Form object at 0x00000186AEFA9B00>
7.1411 	EXP 	window1: mouseVisible = True
7.1863 	EXP 	Created instructionsText = TextStim(__class__=<class 'psychopy.visual.text.TextStim'>, alignHoriz=method-wrapper(...), alignText='center', alignVert=method-wrapper(...), anchorHoriz='center', anchorVert='center', antialias=True, autoLog=True, bold=False, color=array([1, 1, 1]), colorSpace='rgb', contrast=1.0, depth=0.0, flipHoriz=False, flipVert=False, font='Open Sans', fontFiles=[], height=0.04, italic=False, languageStyle='LTR', name='instructionsText', opacity=1, ori=0.0, pos=array([0., 0.]), rgb=UNKNOWN, text=str(...), units='height', win=Window(...), wrapWidth=1)
7.1897 	EXP 	Created hasPeriphery = ImageStim(__class__=<class 'psychopy.visual.image.ImageStim'>, autoLog=True, color=array([1, 1, 1]), colorSpace='rgb', contrast=1.0, depth=-1.0, flipHoriz=False, flipVert=False, image='sin', interpolate=True, mask=None, maskParams=None, name='hasPeriphery', opacity=1.0, ori=0.0, pos=array([0., 0.]), size=array([0.5, 0.5]), texRes=128.0, units='height', win=Window(...))
7.1929 	EXP 	Created noPeriphery = ImageStim(__class__=<class 'psychopy.visual.image.ImageStim'>, autoLog=True, color=array([1, 1, 1]), colorSpace='rgb', contrast=1.0, depth=-3.0, flipHoriz=False, flipVert=False, image='sin', interpolate=True, mask=None, maskParams=None, name='noPeriphery', opacity=1.0, ori=0.0, pos=array([0., 0.]), size=array([0.5, 0.5]), texRes=128.0, units='height', win=Window(...))
7.1952 	EXP 	Created final = ImageStim(__class__=<class 'psychopy.visual.image.ImageStim'>, autoLog=True, color=array([1, 1, 1]), colorSpace='rgb', contrast=1.0, depth=-4.0, flipHoriz=False, flipVert=False, image='sin', interpolate=True, mask=None, maskParams=None, name='final', opacity=1.0, ori=0.0, pos=array([0., 0.]), size=array([0.5, 0.5]), texRes=128.0, units='height', win=Window(...))
7.1963 	EXP 	Created blank_screen = Rect(__class__=<class 'psychopy.visual.rect.Rect'>, autoDraw=False, autoLog=True, closeShape=True, color=method-wrapper(...), colorSpace='rgb', contrast=None, depth=-5.0, fillColor=array([1, 1, 1]), fillColorSpace='rgb', fillRGB=UNKNOWN, interpolate=True, lineColor=array([1, 1, 1]), lineColorSpace='rgb', lineRGB=UNKNOWN, lineWidth=1.0, name='blank_screen', opacity=1.0, ori=0.0, pos=array([0., 0.]), size=array([2., 2.]), units='height', vertices=ndarray(...), win=Window(...))
7.2032 	EXP 	Created text = TextStim(__class__=<class 'psychopy.visual.text.TextStim'>, alignHoriz=method-wrapper(...), alignText='center', alignVert=method-wrapper(...), anchorHoriz='center', anchorVert='center', antialias=True, autoLog=True, bold=False, color=array([ 1, -1, -1]), colorSpace='rgb', contrast=1.0, depth=-6.0, flipHoriz=False, flipVert=False, font='Open Sans', fontFiles=[], height=0.1, italic=False, languageStyle='LTR', name='text', opacity=1, ori=0.0, pos=array([0., 0.]), rgb=UNKNOWN, text='+', units='height', win=Window(...), wrapWidth=1)
7.2142 	EXP 	Created WelcomeText = TextStim(__class__=<class 'psychopy.visual.text.TextStim'>, alignHoriz=method-wrapper(...), alignText='center', alignVert=method-wrapper(...), anchorHoriz='center', anchorVert='center', antialias=True, autoLog=True, bold=False, color=array([1, 1, 1]), colorSpace='rgb', contrast=1.0, depth=0.0, flipHoriz=False, flipVert=False, font='Open Sans', fontFiles=[], height=0.1, italic=False, languageStyle='LTR', name='WelcomeText', opacity=1, ori=0.0, pos=array([0., 0.]), rgb=UNKNOWN, text='Welcome to our Study!', units='height', win=Window(...), wrapWidth=1)
7.2168 	EXP 	Created hasPeriphery = ImageStim(__class__=<class 'psychopy.visual.image.ImageStim'>, autoLog=True, color=array([1, 1, 1]), colorSpace='rgb', contrast=1.0, depth=-1.0, flipHoriz=False, flipVert=False, image='sin', interpolate=True, mask=None, maskParams=None, name='hasPeriphery', opacity=1.0, ori=0.0, pos=array([0., 0.]), size=array([0.5, 0.5]), texRes=128.0, units='height', win=Window(...))
7.2192 	EXP 	Created noPeriphery = ImageStim(__class__=<class 'psychopy.visual.image.ImageStim'>, autoLog=True, color=array([1, 1, 1]), colorSpace='rgb', contrast=1.0, depth=-3.0, flipHoriz=False, flipVert=False, image='sin', interpolate=True, mask=None, maskParams=None, name='noPeriphery', opacity=1.0, ori=0.0, pos=array([0., 0.]), size=array([0.5, 0.5]), texRes=128.0, units='height', win=Window(...))
7.2215 	EXP 	Created final = ImageStim(__class__=<class 'psychopy.visual.image.ImageStim'>, autoLog=True, color=array([1, 1, 1]), colorSpace='rgb', contrast=1.0, depth=-4.0, flipHoriz=False, flipVert=False, image='sin', interpolate=True, mask=None, maskParams=None, name='final', opacity=1.0, ori=0.0, pos=array([0., 0.]), size=array([0.5, 0.5]), texRes=128.0, units='height', win=Window(...))
7.2226 	EXP 	Created blank_screen = Rect(__class__=<class 'psychopy.visual.rect.Rect'>, autoDraw=False, autoLog=True, closeShape=True, color=method-wrapper(...), colorSpace='rgb', contrast=None, depth=-5.0, fillColor=array([1, 1, 1]), fillColorSpace='rgb', fillRGB=UNKNOWN, interpolate=True, lineColor=array([1, 1, 1]), lineColorSpace='rgb', lineRGB=UNKNOWN, lineWidth=1.0, name='blank_screen', opacity=1.0, ori=0.0, pos=array([0., 0.]), size=array([2., 2.]), units='height', vertices=ndarray(...), win=Window(...))
7.2243 	EXP 	Created text = TextStim(__class__=<class 'psychopy.visual.text.TextStim'>, alignHoriz=method-wrapper(...), alignText='center', alignVert=method-wrapper(...), anchorHoriz='center', anchorVert='center', antialias=True, autoLog=True, bold=False, color=array([ 1, -1, -1]), colorSpace='rgb', contrast=1.0, depth=-6.0, flipHoriz=False, flipVert=False, font='Open Sans', fontFiles=[], height=0.1, italic=False, languageStyle='LTR', name='text', opacity=1, ori=0.0, pos=array([0., 0.]), rgb=UNKNOWN, text='+', units='height', win=Window(...), wrapWidth=1)
7.2758 	EXP 	unnamed Form: autoLog = True
7.2758 	EXP 	DepressionQuestionnaire: name = 'DepressionQuestionnaire'
7.2758 	EXP 	DepressionQuestionnaire: size = (3.5, 1)
7.2758 	EXP 	DepressionQuestionnaire: size = array([3.5, 1. ])
7.2758 	EXP 	DepressionQuestionnaire: units = 'height'
7.2758 	EXP 	DepressionQuestionnaire: depth = 0
7.2758 	EXP 	WelcomeText: autoDraw = True
9.2751 	EXP 	WelcomeText: autoDraw = False
9.2751 	EXP 	DepressionQuestionnaire: autoDraw = True
9.9838 	DATA 	Mouse: Left button down, pos=(768,54)
10.0221 	EXP 	DepressionQuestionnaire: autoDraw = False
10.0221 	EXP 	instructionsText: autoDraw = True
10.0795 	DATA 	Mouse:  Left button up, pos=(768,54)
10.4632 	EXP 	Imported picPaths.xlsx as conditions, 6 conditions, 4 params
10.4635 	EXP 	Created sequence: sequential, trialTypes=6, nReps=1, seed=None
10.4638 	EXP 	New trial (rep=0, index=0): {'startImage': 'C:\\Users\\hesselmann\\Desktop\\PsychoPyUniformityIllusion\\UniformityIllusionPsychoPy\\Pics\\1start.png', 'midImage': 'C:\\Users\\hesselmann\\Desktop\\PsychoPyUniformityIllusion\\UniformityIllusionPsychoPy\\Pics\\1a.png', 'endImage': 'C:\\Users\\hesselmann\\Desktop\\PsychoPyUniformityIllusion\\UniformityIllusionPsychoPy\\Pics\\1a.png', 'AB': 'a'}
10.6987 	DATA 	Keypress: space
10.7420 	EXP 	instructionsText: autoDraw = False
10.7420 	EXP 	hasPeriphery: size = array([1.77777778, 1.        ])
10.7420 	EXP 	hasPeriphery: image = 'C:\\Users\\hesselmann\\Desktop\\PsychoPyUniformityIllusion\\UniformityIllusionPsychoPy\\Pics\\1a.png'
10.7420 	EXP 	noPeriphery: size = array([1.77777778, 1.        ])
10.7420 	EXP 	noPeriphery: image = 'C:\\Users\\hesselmann\\Desktop\\PsychoPyUniformityIllusion\\UniformityIllusionPsychoPy\\Pics\\1start.png'
10.7420 	EXP 	final: size = array([1.77777778, 1.        ])
10.7420 	EXP 	final: image = 'C:\\Users\\hesselmann\\Desktop\\PsychoPyUniformityIllusion\\UniformityIllusionPsychoPy\\Pics\\1a.png'
10.7420 	EXP 	hasPeriphery: autoDraw = True
10.7420 	EXP 	hasPeriphery: texRes = 128.0
10.7420 	EXP 	noPeriphery: autoDraw = True
10.7420 	EXP 	noPeriphery: texRes = 128.0
10.7420 	EXP 	text: autoDraw = True
10.8896 	EXP 	hasPeriphery: texRes = 128.0
10.8896 	EXP 	noPeriphery: texRes = 128.0
11.0351 	EXP 	hasPeriphery: texRes = 128.0
11.0351 	EXP 	noPeriphery: texRes = 128.0
11.1953 	EXP 	hasPeriphery: texRes = 128.0
11.1953 	EXP 	noPeriphery: texRes = 128.0
11.3422 	EXP 	hasPeriphery: texRes = 128.0
11.3422 	EXP 	noPeriphery: texRes = 128.0
11.4892 	EXP 	hasPeriphery: texRes = 128.0
11.4892 	EXP 	noPeriphery: texRes = 128.0
11.6356 	EXP 	hasPeriphery: texRes = 128.0
11.6356 	EXP 	noPeriphery: texRes = 128.0
11.7954 	EXP 	hasPeriphery: texRes = 128.0
11.7954 	EXP 	noPeriphery: texRes = 128.0
11.9422 	EXP 	hasPeriphery: texRes = 128.0
11.9422 	EXP 	noPeriphery: texRes = 128.0
12.0757 	EXP 	hasPeriphery: texRes = 128.0
12.0757 	EXP 	noPeriphery: texRes = 128.0
12.2222 	EXP 	hasPeriphery: texRes = 128.0
12.2222 	EXP 	noPeriphery: texRes = 128.0
12.3690 	EXP 	hasPeriphery: texRes = 128.0
12.3690 	EXP 	noPeriphery: texRes = 128.0
12.5156 	EXP 	hasPeriphery: texRes = 128.0
12.5156 	EXP 	noPeriphery: texRes = 128.0
12.6623 	EXP 	hasPeriphery: texRes = 128.0
12.6623 	EXP 	noPeriphery: texRes = 128.0
12.8093 	EXP 	hasPeriphery: texRes = 128.0
12.8093 	EXP 	noPeriphery: texRes = 128.0
12.9557 	EXP 	hasPeriphery: texRes = 128.0
12.9557 	EXP 	noPeriphery: texRes = 128.0
13.1165 	EXP 	hasPeriphery: texRes = 128.0
13.1165 	EXP 	noPeriphery: texRes = 128.0
13.2620 	EXP 	hasPeriphery: texRes = 128.0
13.2620 	EXP 	noPeriphery: texRes = 128.0
13.4087 	EXP 	hasPeriphery: texRes = 128.0
13.4087 	EXP 	noPeriphery: texRes = 128.0
13.5561 	EXP 	hasPeriphery: texRes = 128.0
13.5561 	EXP 	noPeriphery: texRes = 128.0
13.7698 	EXP 	hasPeriphery: texRes = 128.0
13.7698 	EXP 	noPeriphery: texRes = 128.0
13.7698 	EXP 	final: autoDraw = True
13.7698 	EXP 	final: texRes = 128.0
13.9953 	EXP 	hasPeriphery: texRes = 128.0
13.9953 	EXP 	noPeriphery: texRes = 128.0
13.9953 	EXP 	final: texRes = 128.0
13.9953 	EXP 	blank_screen: autoDraw = True
14.2225 	EXP 	hasPeriphery: texRes = 128.0
14.2225 	EXP 	noPeriphery: texRes = 128.0
14.2225 	EXP 	final: texRes = 128.0
14.4355 	EXP 	hasPeriphery: texRes = 128.0
14.4355 	EXP 	noPeriphery: texRes = 128.0
14.4355 	EXP 	final: texRes = 128.0
14.4355 	EXP 	blank_screen: autoDraw = False
14.6627 	EXP 	hasPeriphery: texRes = 128.0
14.6627 	EXP 	noPeriphery: texRes = 128.0
14.6627 	EXP 	final: texRes = 128.0
14.8890 	EXP 	hasPeriphery: texRes = 128.0
14.8890 	EXP 	noPeriphery: texRes = 128.0
14.8890 	EXP 	final: texRes = 128.0
15.1022 	EXP 	hasPeriphery: texRes = 128.0
15.1022 	EXP 	noPeriphery: texRes = 128.0
15.1022 	EXP 	final: texRes = 128.0
15.3161 	EXP 	hasPeriphery: texRes = 128.0
15.3161 	EXP 	noPeriphery: texRes = 128.0
15.3161 	EXP 	final: texRes = 128.0
15.5559 	EXP 	hasPeriphery: texRes = 128.0
15.5559 	EXP 	noPeriphery: texRes = 128.0
15.5559 	EXP 	final: texRes = 128.0
15.5559 	EXP 	blank_screen: autoDraw = True
15.7693 	EXP 	hasPeriphery: texRes = 128.0
15.7693 	EXP 	noPeriphery: texRes = 128.0
15.7693 	EXP 	final: texRes = 128.0
15.9830 	EXP 	hasPeriphery: texRes = 128.0
15.9830 	EXP 	noPeriphery: texRes = 128.0
15.9830 	EXP 	final: texRes = 128.0
15.9830 	EXP 	blank_screen: autoDraw = False
16.1827 	EXP 	hasPeriphery: texRes = 128.0
16.1827 	EXP 	noPeriphery: texRes = 128.0
16.1827 	EXP 	final: texRes = 128.0
16.3963 	EXP 	hasPeriphery: texRes = 128.0
16.3963 	EXP 	noPeriphery: texRes = 128.0
16.3963 	EXP 	final: texRes = 128.0
16.6102 	EXP 	hasPeriphery: texRes = 128.0
16.6102 	EXP 	noPeriphery: texRes = 128.0
16.6102 	EXP 	final: texRes = 128.0
16.8499 	EXP 	hasPeriphery: texRes = 128.0
16.8499 	EXP 	noPeriphery: texRes = 128.0
16.8499 	EXP 	final: texRes = 128.0
17.0631 	EXP 	hasPeriphery: texRes = 128.0
17.0631 	EXP 	noPeriphery: texRes = 128.0
17.0631 	EXP 	final: texRes = 128.0
17.0631 	EXP 	blank_screen: autoDraw = True
17.2761 	EXP 	hasPeriphery: texRes = 128.0
17.2761 	EXP 	noPeriphery: texRes = 128.0
17.2761 	EXP 	final: texRes = 128.0
17.4895 	EXP 	hasPeriphery: texRes = 128.0
17.4895 	EXP 	noPeriphery: texRes = 128.0
17.4895 	EXP 	final: texRes = 128.0
17.4895 	EXP 	blank_screen: autoDraw = False
17.6897 	EXP 	hasPeriphery: texRes = 128.0
17.6897 	EXP 	noPeriphery: texRes = 128.0
17.6897 	EXP 	final: texRes = 128.0
17.8894 	EXP 	hasPeriphery: texRes = 128.0
17.8894 	EXP 	noPeriphery: texRes = 128.0
17.8894 	EXP 	final: texRes = 128.0
18.1032 	EXP 	hasPeriphery: texRes = 128.0
18.1032 	EXP 	noPeriphery: texRes = 128.0
18.1032 	EXP 	final: texRes = 128.0
18.3028 	EXP 	hasPeriphery: texRes = 128.0
18.3028 	EXP 	noPeriphery: texRes = 128.0
18.3028 	EXP 	final: texRes = 128.0
18.5168 	EXP 	hasPeriphery: texRes = 128.0
18.5168 	EXP 	noPeriphery: texRes = 128.0
18.5168 	EXP 	final: texRes = 128.0
18.5168 	EXP 	blank_screen: autoDraw = True
18.7295 	EXP 	hasPeriphery: texRes = 128.0
18.7295 	EXP 	noPeriphery: texRes = 128.0
18.7295 	EXP 	final: texRes = 128.0
18.9432 	EXP 	hasPeriphery: texRes = 128.0
18.9432 	EXP 	noPeriphery: texRes = 128.0
18.9432 	EXP 	final: texRes = 128.0
18.9432 	EXP 	blank_screen: autoDraw = False
19.1440 	EXP 	hasPeriphery: texRes = 128.0
19.1440 	EXP 	noPeriphery: texRes = 128.0
19.1440 	EXP 	final: texRes = 128.0
19.3563 	EXP 	hasPeriphery: texRes = 128.0
19.3563 	EXP 	noPeriphery: texRes = 128.0
19.3563 	EXP 	final: texRes = 128.0
19.5697 	EXP 	hasPeriphery: texRes = 128.0
19.5697 	EXP 	noPeriphery: texRes = 128.0
19.5697 	EXP 	final: texRes = 128.0
19.7830 	EXP 	hasPeriphery: texRes = 128.0
19.7830 	EXP 	noPeriphery: texRes = 128.0
19.7830 	EXP 	final: texRes = 128.0
19.9967 	EXP 	hasPeriphery: texRes = 128.0
19.9967 	EXP 	noPeriphery: texRes = 128.0
19.9967 	EXP 	final: texRes = 128.0
19.9967 	EXP 	blank_screen: autoDraw = True
20.2097 	EXP 	hasPeriphery: texRes = 128.0
20.2097 	EXP 	noPeriphery: texRes = 128.0
20.2097 	EXP 	final: texRes = 128.0
20.4230 	EXP 	hasPeriphery: texRes = 128.0
20.4230 	EXP 	noPeriphery: texRes = 128.0
20.4230 	EXP 	final: texRes = 128.0
20.4230 	EXP 	blank_screen: autoDraw = False
20.6364 	EXP 	hasPeriphery: texRes = 128.0
20.6364 	EXP 	noPeriphery: texRes = 128.0
20.6364 	EXP 	final: texRes = 128.0
20.7958 	DATA 	Keypress: space
20.8368 	EXP 	hasPeriphery: texRes = 128.0
20.8368 	EXP 	noPeriphery: texRes = 128.0
20.8368 	EXP 	final: texRes = 128.0
20.8897 	EXP 	New trial (rep=0, index=1): {'startImage': 'C:\\Users\\hesselmann\\Desktop\\PsychoPyUniformityIllusion\\UniformityIllusionPsychoPy\\Pics\\1start.png', 'midImage': 'C:\\Users\\hesselmann\\Desktop\\PsychoPyUniformityIllusion\\UniformityIllusionPsychoPy\\Pics\\1a.png', 'endImage': 'C:\\Users\\hesselmann\\Desktop\\PsychoPyUniformityIllusion\\UniformityIllusionPsychoPy\\Pics\\1b.png', 'AB': 'b'}
21.1564 	EXP 	hasPeriphery: autoDraw = False
21.1564 	EXP 	noPeriphery: autoDraw = False
21.1564 	EXP 	final: texRes = 128.0
21.1564 	EXP 	hasPeriphery: autoDraw = False
21.1564 	EXP 	noPeriphery: autoDraw = False
21.1564 	EXP 	final: autoDraw = False
21.1564 	EXP 	blank_screen: autoDraw = False
21.1564 	EXP 	text: autoDraw = False
21.1564 	EXP 	hasPeriphery: size = array([1.77777778, 1.        ])
21.1564 	EXP 	hasPeriphery: image = 'C:\\Users\\hesselmann\\Desktop\\PsychoPyUniformityIllusion\\UniformityIllusionPsychoPy\\Pics\\1a.png'
21.1564 	EXP 	noPeriphery: size = array([1.77777778, 1.        ])
21.1564 	EXP 	noPeriphery: image = 'C:\\Users\\hesselmann\\Desktop\\PsychoPyUniformityIllusion\\UniformityIllusionPsychoPy\\Pics\\1start.png'
21.1564 	EXP 	final: size = array([1.77777778, 1.        ])
21.1564 	EXP 	final: image = 'C:\\Users\\hesselmann\\Desktop\\PsychoPyUniformityIllusion\\UniformityIllusionPsychoPy\\Pics\\1b.png'
21.1564 	EXP 	hasPeriphery: autoDraw = True
21.1564 	EXP 	hasPeriphery: texRes = 128.0
21.1564 	EXP 	noPeriphery: autoDraw = True
21.1564 	EXP 	noPeriphery: texRes = 128.0
21.1564 	EXP 	text: autoDraw = True
21.3032 	EXP 	hasPeriphery: texRes = 128.0
21.3032 	EXP 	noPeriphery: texRes = 128.0
21.4498 	EXP 	hasPeriphery: texRes = 128.0
21.4498 	EXP 	noPeriphery: texRes = 128.0
21.5962 	EXP 	hasPeriphery: texRes = 128.0
21.5962 	EXP 	noPeriphery: texRes = 128.0
21.7436 	EXP 	hasPeriphery: texRes = 128.0
21.7436 	EXP 	noPeriphery: texRes = 128.0
21.8899 	EXP 	hasPeriphery: texRes = 128.0
21.8899 	EXP 	noPeriphery: texRes = 128.0
22.0362 	EXP 	hasPeriphery: texRes = 128.0
22.0362 	EXP 	noPeriphery: texRes = 128.0
22.1702 	EXP 	hasPeriphery: texRes = 128.0
22.1702 	EXP 	noPeriphery: texRes = 128.0
22.3170 	EXP 	hasPeriphery: texRes = 128.0
22.3170 	EXP 	noPeriphery: texRes = 128.0
22.4629 	EXP 	hasPeriphery: texRes = 128.0
22.4629 	EXP 	noPeriphery: texRes = 128.0
22.6103 	EXP 	hasPeriphery: texRes = 128.0
22.6103 	EXP 	noPeriphery: texRes = 128.0
22.7572 	EXP 	hasPeriphery: texRes = 128.0
22.7572 	EXP 	noPeriphery: texRes = 128.0
22.9030 	EXP 	hasPeriphery: texRes = 128.0
22.9030 	EXP 	noPeriphery: texRes = 128.0
23.0500 	EXP 	hasPeriphery: texRes = 128.0
23.0500 	EXP 	noPeriphery: texRes = 128.0
23.1830 	EXP 	hasPeriphery: texRes = 128.0
23.1830 	EXP 	noPeriphery: texRes = 128.0
23.3301 	EXP 	hasPeriphery: texRes = 128.0
23.3301 	EXP 	noPeriphery: texRes = 128.0
23.4767 	EXP 	hasPeriphery: texRes = 128.0
23.4767 	EXP 	noPeriphery: texRes = 128.0
23.6234 	EXP 	hasPeriphery: texRes = 128.0
23.6234 	EXP 	noPeriphery: texRes = 128.0
23.7701 	EXP 	hasPeriphery: texRes = 128.0
23.7701 	EXP 	noPeriphery: texRes = 128.0
23.9171 	EXP 	hasPeriphery: texRes = 128.0
23.9171 	EXP 	noPeriphery: texRes = 128.0
24.0632 	EXP 	hasPeriphery: texRes = 128.0
24.0632 	EXP 	noPeriphery: texRes = 128.0
24.1970 	EXP 	hasPeriphery: texRes = 128.0
24.1970 	EXP 	noPeriphery: texRes = 128.0
24.3567 	EXP 	hasPeriphery: texRes = 128.0
24.3567 	EXP 	noPeriphery: texRes = 128.0
24.5031 	EXP 	hasPeriphery: texRes = 128.0
24.5031 	EXP 	noPeriphery: texRes = 128.0
24.6505 	EXP 	hasPeriphery: texRes = 128.0
24.6505 	EXP 	noPeriphery: texRes = 128.0
24.8098 	EXP 	hasPeriphery: texRes = 128.0
24.8098 	EXP 	noPeriphery: texRes = 128.0
24.9564 	EXP 	hasPeriphery: texRes = 128.0
24.9564 	EXP 	noPeriphery: texRes = 128.0
25.1044 	EXP 	hasPeriphery: texRes = 128.0
25.1044 	EXP 	noPeriphery: texRes = 128.0
25.2632 	EXP 	hasPeriphery: texRes = 128.0
25.2632 	EXP 	noPeriphery: texRes = 128.0
25.4241 	EXP 	hasPeriphery: texRes = 128.0
25.4241 	EXP 	noPeriphery: texRes = 128.0
25.6502 	EXP 	hasPeriphery: texRes = 128.0
25.6502 	EXP 	noPeriphery: texRes = 128.0
25.6502 	EXP 	final: autoDraw = True
25.6502 	EXP 	final: texRes = 128.0
25.8499 	EXP 	hasPeriphery: texRes = 128.0
25.8499 	EXP 	noPeriphery: texRes = 128.0
25.8499 	EXP 	final: texRes = 128.0
26.0636 	EXP 	hasPeriphery: texRes = 128.0
26.0636 	EXP 	noPeriphery: texRes = 128.0
26.0636 	EXP 	final: texRes = 128.0
26.2634 	EXP 	hasPeriphery: texRes = 128.0
26.2634 	EXP 	noPeriphery: texRes = 128.0
26.2634 	EXP 	final: texRes = 128.0
26.4770 	EXP 	hasPeriphery: texRes = 128.0
26.4770 	EXP 	noPeriphery: texRes = 128.0
26.4770 	EXP 	final: texRes = 128.0
26.6907 	EXP 	hasPeriphery: texRes = 128.0
26.6907 	EXP 	noPeriphery: texRes = 128.0
26.6907 	EXP 	final: texRes = 128.0
26.6907 	EXP 	blank_screen: autoDraw = True
26.9037 	EXP 	hasPeriphery: texRes = 128.0
26.9037 	EXP 	noPeriphery: texRes = 128.0
26.9037 	EXP 	final: texRes = 128.0
27.1171 	EXP 	hasPeriphery: texRes = 128.0
27.1171 	EXP 	noPeriphery: texRes = 128.0
27.1171 	EXP 	final: texRes = 128.0
27.1171 	EXP 	blank_screen: autoDraw = False
27.3167 	EXP 	hasPeriphery: texRes = 128.0
27.3167 	EXP 	noPeriphery: texRes = 128.0
27.3167 	EXP 	final: texRes = 128.0
27.5167 	EXP 	hasPeriphery: texRes = 128.0
27.5167 	EXP 	noPeriphery: texRes = 128.0
27.5167 	EXP 	final: texRes = 128.0
27.7434 	EXP 	hasPeriphery: texRes = 128.0
27.7434 	EXP 	noPeriphery: texRes = 128.0
27.7434 	EXP 	final: texRes = 128.0
27.9571 	EXP 	hasPeriphery: texRes = 128.0
27.9571 	EXP 	noPeriphery: texRes = 128.0
27.9571 	EXP 	final: texRes = 128.0
28.1709 	EXP 	hasPeriphery: texRes = 128.0
28.1709 	EXP 	noPeriphery: texRes = 128.0
28.1709 	EXP 	final: texRes = 128.0
28.1709 	EXP 	blank_screen: autoDraw = True
28.3839 	EXP 	hasPeriphery: texRes = 128.0
28.3839 	EXP 	noPeriphery: texRes = 128.0
28.3839 	EXP 	final: texRes = 128.0
28.5972 	EXP 	hasPeriphery: texRes = 128.0
28.5972 	EXP 	noPeriphery: texRes = 128.0
28.5972 	EXP 	final: texRes = 128.0
28.5972 	EXP 	blank_screen: autoDraw = False
28.8106 	EXP 	hasPeriphery: texRes = 128.0
28.8106 	EXP 	noPeriphery: texRes = 128.0
28.8106 	EXP 	final: texRes = 128.0
29.0239 	EXP 	hasPeriphery: texRes = 128.0
29.0239 	EXP 	noPeriphery: texRes = 128.0
29.0239 	EXP 	final: texRes = 128.0
29.2235 	EXP 	hasPeriphery: texRes = 128.0
29.2235 	EXP 	noPeriphery: texRes = 128.0
29.2235 	EXP 	final: texRes = 128.0
29.4373 	EXP 	hasPeriphery: texRes = 128.0
29.4373 	EXP 	noPeriphery: texRes = 128.0
29.4373 	EXP 	final: texRes = 128.0
29.6503 	EXP 	hasPeriphery: texRes = 128.0
29.6503 	EXP 	noPeriphery: texRes = 128.0
29.6503 	EXP 	final: texRes = 128.0
29.6503 	EXP 	blank_screen: autoDraw = True
29.8636 	EXP 	hasPeriphery: texRes = 128.0
29.8636 	EXP 	noPeriphery: texRes = 128.0
29.8636 	EXP 	final: texRes = 128.0
30.0774 	EXP 	hasPeriphery: texRes = 128.0
30.0774 	EXP 	noPeriphery: texRes = 128.0
30.0774 	EXP 	final: texRes = 128.0
30.0774 	EXP 	blank_screen: autoDraw = False
30.2774 	EXP 	hasPeriphery: texRes = 128.0
30.2774 	EXP 	noPeriphery: texRes = 128.0
30.2774 	EXP 	final: texRes = 128.0
30.4770 	EXP 	hasPeriphery: texRes = 128.0
30.4770 	EXP 	noPeriphery: texRes = 128.0
30.4770 	EXP 	final: texRes = 128.0
30.6774 	EXP 	hasPeriphery: texRes = 128.0
30.6774 	EXP 	noPeriphery: texRes = 128.0
30.6774 	EXP 	final: texRes = 128.0
30.8771 	EXP 	hasPeriphery: texRes = 128.0
30.8771 	EXP 	noPeriphery: texRes = 128.0
30.8771 	EXP 	final: texRes = 128.0
31.0904 	EXP 	hasPeriphery: texRes = 128.0
31.0904 	EXP 	noPeriphery: texRes = 128.0
31.0904 	EXP 	final: texRes = 128.0
31.0904 	EXP 	blank_screen: autoDraw = True
31.3041 	EXP 	hasPeriphery: texRes = 128.0
31.3041 	EXP 	noPeriphery: texRes = 128.0
31.3041 	EXP 	final: texRes = 128.0
31.3842 	EXP 	hasPeriphery: autoDraw = False
31.3842 	EXP 	noPeriphery: autoDraw = False
31.3842 	EXP 	final: texRes = 128.0
31.3842 	EXP 	blank_screen: autoDraw = False
31.4642 	EXP 	final: texRes = 128.0
31.5445 	EXP 	final: texRes = 128.0
31.6239 	EXP 	final: texRes = 128.0
31.7175 	EXP 	final: texRes = 128.0
31.7708 	DATA 	Keypress: space
31.7979 	EXP 	final: texRes = 128.0
31.8499 	EXP 	New trial (rep=0, index=2): {'startImage': 'C:\\Users\\hesselmann\\Desktop\\PsychoPyUniformityIllusion\\UniformityIllusionPsychoPy\\Pics\\2start.png', 'midImage': 'C:\\Users\\hesselmann\\Desktop\\PsychoPyUniformityIllusion\\UniformityIllusionPsychoPy\\Pics\\2a.png', 'endImage': 'C:\\Users\\hesselmann\\Desktop\\PsychoPyUniformityIllusion\\UniformityIllusionPsychoPy\\Pics\\2a.png', 'AB': 'a'}
32.0778 	EXP 	final: texRes = 128.0
32.0778 	EXP 	hasPeriphery: autoDraw = False
32.0778 	EXP 	noPeriphery: autoDraw = False
32.0778 	EXP 	final: autoDraw = False
32.0778 	EXP 	blank_screen: autoDraw = False
32.0778 	EXP 	text: autoDraw = False
32.0778 	EXP 	hasPeriphery: size = array([1.77777778, 1.        ])
32.0778 	EXP 	hasPeriphery: image = 'C:\\Users\\hesselmann\\Desktop\\PsychoPyUniformityIllusion\\UniformityIllusionPsychoPy\\Pics\\2a.png'
32.0778 	EXP 	noPeriphery: size = array([1.77777778, 1.        ])
32.0778 	EXP 	noPeriphery: image = 'C:\\Users\\hesselmann\\Desktop\\PsychoPyUniformityIllusion\\UniformityIllusionPsychoPy\\Pics\\2start.png'
32.0778 	EXP 	final: size = array([1.77777778, 1.        ])
32.0778 	EXP 	final: image = 'C:\\Users\\hesselmann\\Desktop\\PsychoPyUniformityIllusion\\UniformityIllusionPsychoPy\\Pics\\2a.png'
32.0778 	EXP 	hasPeriphery: autoDraw = True
32.0778 	EXP 	hasPeriphery: texRes = 128.0
32.0778 	EXP 	noPeriphery: autoDraw = True
32.0778 	EXP 	noPeriphery: texRes = 128.0
32.0778 	EXP 	text: autoDraw = True
32.1976 	EXP 	hasPeriphery: texRes = 128.0
32.1976 	EXP 	noPeriphery: texRes = 128.0
32.3177 	EXP 	hasPeriphery: texRes = 128.0
32.3177 	EXP 	noPeriphery: texRes = 128.0
32.4017 	EXP 	New trial (rep=0, index=3): {'startImage': 'C:\\Users\\hesselmann\\Desktop\\PsychoPyUniformityIllusion\\UniformityIllusionPsychoPy\\Pics\\2start.png', 'midImage': 'C:\\Users\\hesselmann\\Desktop\\PsychoPyUniformityIllusion\\UniformityIllusionPsychoPy\\Pics\\2a.png', 'endImage': 'C:\\Users\\hesselmann\\Desktop\\PsychoPyUniformityIllusion\\UniformityIllusionPsychoPy\\Pics\\2b.png', 'AB': 'b'}
32.5825 	DATA 	Keypress: space
32.6247 	EXP 	hasPeriphery: texRes = 128.0
32.6247 	EXP 	noPeriphery: texRes = 128.0
32.6247 	EXP 	hasPeriphery: autoDraw = False
32.6247 	EXP 	noPeriphery: autoDraw = False
32.6247 	EXP 	final: autoDraw = False
32.6247 	EXP 	blank_screen: autoDraw = False
32.6247 	EXP 	text: autoDraw = False
32.6247 	EXP 	hasPeriphery: size = array([1.77777778, 1.        ])
32.6247 	EXP 	hasPeriphery: image = 'C:\\Users\\hesselmann\\Desktop\\PsychoPyUniformityIllusion\\UniformityIllusionPsychoPy\\Pics\\2a.png'
32.6247 	EXP 	noPeriphery: size = array([1.77777778, 1.        ])
32.6247 	EXP 	noPeriphery: image = 'C:\\Users\\hesselmann\\Desktop\\PsychoPyUniformityIllusion\\UniformityIllusionPsychoPy\\Pics\\2start.png'
32.6247 	EXP 	final: size = array([1.77777778, 1.        ])
32.6247 	EXP 	final: image = 'C:\\Users\\hesselmann\\Desktop\\PsychoPyUniformityIllusion\\UniformityIllusionPsychoPy\\Pics\\2b.png'
32.6247 	EXP 	hasPeriphery: autoDraw = True
32.6247 	EXP 	hasPeriphery: texRes = 128.0
32.6247 	EXP 	noPeriphery: autoDraw = True
32.6247 	EXP 	noPeriphery: texRes = 128.0
32.6247 	EXP 	text: autoDraw = True
32.7577 	EXP 	hasPeriphery: texRes = 128.0
32.7577 	EXP 	noPeriphery: texRes = 128.0
32.8778 	EXP 	hasPeriphery: texRes = 128.0
32.8778 	EXP 	noPeriphery: texRes = 128.0
33.0110 	EXP 	hasPeriphery: texRes = 128.0
33.0110 	EXP 	noPeriphery: texRes = 128.0
33.1307 	EXP 	hasPeriphery: texRes = 128.0
33.1307 	EXP 	noPeriphery: texRes = 128.0
33.2510 	EXP 	hasPeriphery: texRes = 128.0
33.2510 	EXP 	noPeriphery: texRes = 128.0
33.3711 	EXP 	hasPeriphery: texRes = 128.0
33.3711 	EXP 	noPeriphery: texRes = 128.0
33.4910 	EXP 	hasPeriphery: texRes = 128.0
33.4910 	EXP 	noPeriphery: texRes = 128.0
33.6249 	EXP 	hasPeriphery: texRes = 128.0
33.6249 	EXP 	noPeriphery: texRes = 128.0
33.7577 	EXP 	hasPeriphery: texRes = 128.0
33.7577 	EXP 	noPeriphery: texRes = 128.0
33.8784 	EXP 	hasPeriphery: texRes = 128.0
33.8784 	EXP 	noPeriphery: texRes = 128.0
33.9981 	EXP 	hasPeriphery: texRes = 128.0
33.9981 	EXP 	noPeriphery: texRes = 128.0
34.1311 	EXP 	hasPeriphery: texRes = 128.0
34.1311 	EXP 	noPeriphery: texRes = 128.0
34.2641 	EXP 	hasPeriphery: texRes = 128.0
34.2641 	EXP 	noPeriphery: texRes = 128.0
34.3849 	EXP 	hasPeriphery: texRes = 128.0
34.3849 	EXP 	noPeriphery: texRes = 128.0
34.5178 	EXP 	hasPeriphery: texRes = 128.0
34.5178 	EXP 	noPeriphery: texRes = 128.0
34.6375 	EXP 	hasPeriphery: texRes = 128.0
34.6375 	EXP 	noPeriphery: texRes = 128.0
34.7581 	EXP 	hasPeriphery: texRes = 128.0
34.7581 	EXP 	noPeriphery: texRes = 128.0
34.8908 	EXP 	hasPeriphery: texRes = 128.0
34.8908 	EXP 	noPeriphery: texRes = 128.0
35.0112 	EXP 	hasPeriphery: texRes = 128.0
35.0112 	EXP 	noPeriphery: texRes = 128.0
35.1309 	EXP 	hasPeriphery: texRes = 128.0
35.1309 	EXP 	noPeriphery: texRes = 128.0
35.2513 	EXP 	hasPeriphery: texRes = 128.0
35.2513 	EXP 	noPeriphery: texRes = 128.0
35.3846 	EXP 	hasPeriphery: texRes = 128.0
35.3846 	EXP 	noPeriphery: texRes = 128.0
35.5045 	EXP 	hasPeriphery: texRes = 128.0
35.5045 	EXP 	noPeriphery: texRes = 128.0
35.6376 	EXP 	hasPeriphery: texRes = 128.0
35.6376 	EXP 	noPeriphery: texRes = 128.0
35.7711 	EXP 	hasPeriphery: texRes = 128.0
35.7711 	EXP 	noPeriphery: texRes = 128.0
35.9186 	EXP 	hasPeriphery: texRes = 128.0
35.9186 	EXP 	noPeriphery: texRes = 128.0
36.0514 	EXP 	hasPeriphery: texRes = 128.0
36.0514 	EXP 	noPeriphery: texRes = 128.0
36.1709 	EXP 	hasPeriphery: texRes = 128.0
36.1709 	EXP 	noPeriphery: texRes = 128.0
36.2913 	EXP 	hasPeriphery: texRes = 128.0
36.2913 	EXP 	noPeriphery: texRes = 128.0
36.4647 	EXP 	hasPeriphery: texRes = 128.0
36.4647 	EXP 	noPeriphery: texRes = 128.0
36.4647 	EXP 	final: autoDraw = True
36.4647 	EXP 	final: texRes = 128.0
36.6381 	EXP 	hasPeriphery: texRes = 128.0
36.6381 	EXP 	noPeriphery: texRes = 128.0
36.6381 	EXP 	final: texRes = 128.0
36.8117 	EXP 	hasPeriphery: texRes = 128.0
36.8117 	EXP 	noPeriphery: texRes = 128.0
36.8117 	EXP 	final: texRes = 128.0
36.9848 	EXP 	hasPeriphery: texRes = 128.0
36.9848 	EXP 	noPeriphery: texRes = 128.0
36.9848 	EXP 	final: texRes = 128.0
37.1577 	EXP 	hasPeriphery: texRes = 128.0
37.1577 	EXP 	noPeriphery: texRes = 128.0
37.1577 	EXP 	final: texRes = 128.0
37.3451 	EXP 	hasPeriphery: texRes = 128.0
37.3451 	EXP 	noPeriphery: texRes = 128.0
37.3451 	EXP 	final: texRes = 128.0
37.3451 	EXP 	blank_screen: autoDraw = True
37.5311 	EXP 	hasPeriphery: texRes = 128.0
37.5311 	EXP 	noPeriphery: texRes = 128.0
37.5311 	EXP 	final: texRes = 128.0
37.7048 	EXP 	hasPeriphery: texRes = 128.0
37.7048 	EXP 	noPeriphery: texRes = 128.0
37.7048 	EXP 	final: texRes = 128.0
37.7048 	EXP 	blank_screen: autoDraw = False
37.8782 	EXP 	hasPeriphery: texRes = 128.0
37.8782 	EXP 	noPeriphery: texRes = 128.0
37.8782 	EXP 	final: texRes = 128.0
38.0517 	EXP 	hasPeriphery: texRes = 128.0
38.0517 	EXP 	noPeriphery: texRes = 128.0
38.0517 	EXP 	final: texRes = 128.0
38.2244 	EXP 	hasPeriphery: texRes = 128.0
38.2244 	EXP 	noPeriphery: texRes = 128.0
38.2244 	EXP 	final: texRes = 128.0
38.3982 	EXP 	hasPeriphery: texRes = 128.0
38.3982 	EXP 	noPeriphery: texRes = 128.0
38.3982 	EXP 	final: texRes = 128.0
38.5978 	EXP 	hasPeriphery: texRes = 128.0
38.5978 	EXP 	noPeriphery: texRes = 128.0
38.5978 	EXP 	final: texRes = 128.0
38.5978 	EXP 	blank_screen: autoDraw = True
38.7846 	EXP 	hasPeriphery: texRes = 128.0
38.7846 	EXP 	noPeriphery: texRes = 128.0
38.7846 	EXP 	final: texRes = 128.0
38.9716 	EXP 	hasPeriphery: texRes = 128.0
38.9716 	EXP 	noPeriphery: texRes = 128.0
38.9716 	EXP 	final: texRes = 128.0
38.9716 	EXP 	blank_screen: autoDraw = False
39.1446 	EXP 	hasPeriphery: texRes = 128.0
39.1446 	EXP 	noPeriphery: texRes = 128.0
39.1446 	EXP 	final: texRes = 128.0
39.3179 	EXP 	hasPeriphery: texRes = 128.0
39.3179 	EXP 	noPeriphery: texRes = 128.0
39.3179 	EXP 	final: texRes = 128.0
39.4917 	EXP 	hasPeriphery: texRes = 128.0
39.4917 	EXP 	noPeriphery: texRes = 128.0
39.4917 	EXP 	final: texRes = 128.0
39.6647 	EXP 	hasPeriphery: texRes = 128.0
39.6647 	EXP 	noPeriphery: texRes = 128.0
39.6647 	EXP 	final: texRes = 128.0
39.8520 	EXP 	hasPeriphery: texRes = 128.0
39.8520 	EXP 	noPeriphery: texRes = 128.0
39.8520 	EXP 	final: texRes = 128.0
39.8520 	EXP 	blank_screen: autoDraw = True
40.0387 	EXP 	hasPeriphery: texRes = 128.0
40.0387 	EXP 	noPeriphery: texRes = 128.0
40.0387 	EXP 	final: texRes = 128.0
40.2247 	EXP 	hasPeriphery: texRes = 128.0
40.2247 	EXP 	noPeriphery: texRes = 128.0
40.2247 	EXP 	final: texRes = 128.0
40.2247 	EXP 	blank_screen: autoDraw = False
40.3987 	EXP 	hasPeriphery: texRes = 128.0
40.3987 	EXP 	noPeriphery: texRes = 128.0
40.3987 	EXP 	final: texRes = 128.0
40.5125 	EXP 	New trial (rep=0, index=4): {'startImage': 'C:\\Users\\hesselmann\\Desktop\\PsychoPyUniformityIllusion\\UniformityIllusionPsychoPy\\Pics\\3start.png', 'midImage': 'C:\\Users\\hesselmann\\Desktop\\PsychoPyUniformityIllusion\\UniformityIllusionPsychoPy\\Pics\\3a.png', 'endImage': 'C:\\Users\\hesselmann\\Desktop\\PsychoPyUniformityIllusion\\UniformityIllusionPsychoPy\\Pics\\3a.png', 'AB': 'a'}
40.7198 	DATA 	Keypress: space
40.7455 	EXP 	hasPeriphery: texRes = 128.0
40.7455 	EXP 	noPeriphery: texRes = 128.0
40.7455 	EXP 	final: texRes = 128.0
40.7455 	EXP 	hasPeriphery: autoDraw = False
40.7455 	EXP 	noPeriphery: autoDraw = False
40.7455 	EXP 	final: autoDraw = False
40.7455 	EXP 	blank_screen: autoDraw = False
40.7455 	EXP 	text: autoDraw = False
40.7455 	EXP 	hasPeriphery: size = array([1.77777778, 1.        ])
40.7455 	EXP 	hasPeriphery: image = 'C:\\Users\\hesselmann\\Desktop\\PsychoPyUniformityIllusion\\UniformityIllusionPsychoPy\\Pics\\3a.png'
40.7455 	EXP 	noPeriphery: size = array([1.77777778, 1.        ])
40.7455 	EXP 	noPeriphery: image = 'C:\\Users\\hesselmann\\Desktop\\PsychoPyUniformityIllusion\\UniformityIllusionPsychoPy\\Pics\\3start.png'
40.7455 	EXP 	final: size = array([1.77777778, 1.        ])
40.7455 	EXP 	final: image = 'C:\\Users\\hesselmann\\Desktop\\PsychoPyUniformityIllusion\\UniformityIllusionPsychoPy\\Pics\\3a.png'
40.7455 	EXP 	hasPeriphery: autoDraw = True
40.7455 	EXP 	hasPeriphery: texRes = 128.0
40.7455 	EXP 	noPeriphery: autoDraw = True
40.7455 	EXP 	noPeriphery: texRes = 128.0
40.7455 	EXP 	text: autoDraw = True
40.8785 	EXP 	hasPeriphery: texRes = 128.0
40.8785 	EXP 	noPeriphery: texRes = 128.0
41.0121 	EXP 	hasPeriphery: texRes = 128.0
41.0121 	EXP 	noPeriphery: texRes = 128.0
41.1448 	EXP 	hasPeriphery: texRes = 128.0
41.1448 	EXP 	noPeriphery: texRes = 128.0
41.2785 	EXP 	hasPeriphery: texRes = 128.0
41.2785 	EXP 	noPeriphery: texRes = 128.0
41.3770 	DATA 	Keypress: space
41.4115 	EXP 	hasPeriphery: texRes = 128.0
41.4115 	EXP 	noPeriphery: texRes = 128.0
41.4922 	EXP 	New trial (rep=0, index=5): {'startImage': 'C:\\Users\\hesselmann\\Desktop\\PsychoPyUniformityIllusion\\UniformityIllusionPsychoPy\\Pics\\3start.png', 'midImage': 'C:\\Users\\hesselmann\\Desktop\\PsychoPyUniformityIllusion\\UniformityIllusionPsychoPy\\Pics\\3a.png', 'endImage': 'C:\\Users\\hesselmann\\Desktop\\PsychoPyUniformityIllusion\\UniformityIllusionPsychoPy\\Pics\\3b.png', 'AB': 'b'}
41.7315 	EXP 	hasPeriphery: texRes = 128.0
41.7315 	EXP 	noPeriphery: texRes = 128.0
41.7315 	EXP 	hasPeriphery: autoDraw = False
41.7315 	EXP 	noPeriphery: autoDraw = False
41.7315 	EXP 	final: autoDraw = False
41.7315 	EXP 	blank_screen: autoDraw = False
41.7315 	EXP 	text: autoDraw = False
41.7315 	EXP 	hasPeriphery: size = array([1.77777778, 1.        ])
41.7315 	EXP 	hasPeriphery: image = 'C:\\Users\\hesselmann\\Desktop\\PsychoPyUniformityIllusion\\UniformityIllusionPsychoPy\\Pics\\3a.png'
41.7315 	EXP 	noPeriphery: size = array([1.77777778, 1.        ])
41.7315 	EXP 	noPeriphery: image = 'C:\\Users\\hesselmann\\Desktop\\PsychoPyUniformityIllusion\\UniformityIllusionPsychoPy\\Pics\\3start.png'
41.7315 	EXP 	final: size = array([1.77777778, 1.        ])
41.7315 	EXP 	final: image = 'C:\\Users\\hesselmann\\Desktop\\PsychoPyUniformityIllusion\\UniformityIllusionPsychoPy\\Pics\\3b.png'
41.7315 	EXP 	hasPeriphery: autoDraw = True
41.7315 	EXP 	hasPeriphery: texRes = 128.0
41.7315 	EXP 	noPeriphery: autoDraw = True
41.7315 	EXP 	noPeriphery: texRes = 128.0
41.7315 	EXP 	text: autoDraw = True
41.8652 	EXP 	hasPeriphery: texRes = 128.0
41.8652 	EXP 	noPeriphery: texRes = 128.0
41.9985 	EXP 	hasPeriphery: texRes = 128.0
41.9985 	EXP 	noPeriphery: texRes = 128.0
42.1319 	EXP 	hasPeriphery: texRes = 128.0
42.1319 	EXP 	noPeriphery: texRes = 128.0
42.2658 	EXP 	hasPeriphery: texRes = 128.0
42.2658 	EXP 	noPeriphery: texRes = 128.0
42.3992 	EXP 	hasPeriphery: texRes = 128.0
42.3992 	EXP 	noPeriphery: texRes = 128.0
42.5319 	EXP 	hasPeriphery: texRes = 128.0
42.5319 	EXP 	noPeriphery: texRes = 128.0
42.6649 	EXP 	hasPeriphery: texRes = 128.0
42.6649 	EXP 	noPeriphery: texRes = 128.0
42.7990 	EXP 	hasPeriphery: texRes = 128.0
42.7990 	EXP 	noPeriphery: texRes = 128.0
42.9317 	EXP 	hasPeriphery: texRes = 128.0
42.9317 	EXP 	noPeriphery: texRes = 128.0
43.0654 	EXP 	hasPeriphery: texRes = 128.0
43.0654 	EXP 	noPeriphery: texRes = 128.0
43.1857 	EXP 	hasPeriphery: texRes = 128.0
43.1857 	EXP 	noPeriphery: texRes = 128.0
43.3187 	EXP 	hasPeriphery: texRes = 128.0
43.3187 	EXP 	noPeriphery: texRes = 128.0
43.4524 	EXP 	hasPeriphery: texRes = 128.0
43.4524 	EXP 	noPeriphery: texRes = 128.0
43.5854 	EXP 	hasPeriphery: texRes = 128.0
43.5854 	EXP 	noPeriphery: texRes = 128.0
43.7188 	EXP 	hasPeriphery: texRes = 128.0
43.7188 	EXP 	noPeriphery: texRes = 128.0
43.8523 	EXP 	hasPeriphery: texRes = 128.0
43.8523 	EXP 	noPeriphery: texRes = 128.0
43.9851 	EXP 	hasPeriphery: texRes = 128.0
43.9851 	EXP 	noPeriphery: texRes = 128.0
44.1189 	EXP 	hasPeriphery: texRes = 128.0
44.1189 	EXP 	noPeriphery: texRes = 128.0
44.2388 	EXP 	hasPeriphery: texRes = 128.0
44.2388 	EXP 	noPeriphery: texRes = 128.0
44.3717 	EXP 	hasPeriphery: texRes = 128.0
44.3717 	EXP 	noPeriphery: texRes = 128.0
44.5055 	EXP 	hasPeriphery: texRes = 128.0
44.5055 	EXP 	noPeriphery: texRes = 128.0
44.6392 	EXP 	hasPeriphery: texRes = 128.0
44.6392 	EXP 	noPeriphery: texRes = 128.0
44.7721 	EXP 	hasPeriphery: texRes = 128.0
44.7721 	EXP 	noPeriphery: texRes = 128.0
44.9060 	EXP 	hasPeriphery: texRes = 128.0
44.9060 	EXP 	noPeriphery: texRes = 128.0
45.0387 	EXP 	hasPeriphery: texRes = 128.0
45.0387 	EXP 	noPeriphery: texRes = 128.0
45.1585 	EXP 	hasPeriphery: texRes = 128.0
45.1585 	EXP 	noPeriphery: texRes = 128.0
45.2927 	EXP 	hasPeriphery: texRes = 128.0
45.2927 	EXP 	noPeriphery: texRes = 128.0
45.4259 	EXP 	hasPeriphery: texRes = 128.0
45.4259 	EXP 	noPeriphery: texRes = 128.0
45.5593 	EXP 	hasPeriphery: texRes = 128.0
45.5593 	EXP 	noPeriphery: texRes = 128.0
45.7465 	EXP 	hasPeriphery: texRes = 128.0
45.7465 	EXP 	noPeriphery: texRes = 128.0
45.7465 	EXP 	final: autoDraw = True
45.7465 	EXP 	final: texRes = 128.0
45.9323 	EXP 	hasPeriphery: texRes = 128.0
45.9323 	EXP 	noPeriphery: texRes = 128.0
45.9323 	EXP 	final: texRes = 128.0
46.1187 	EXP 	hasPeriphery: texRes = 128.0
46.1187 	EXP 	noPeriphery: texRes = 128.0
46.1187 	EXP 	final: texRes = 128.0
46.2928 	EXP 	hasPeriphery: texRes = 128.0
46.2928 	EXP 	noPeriphery: texRes = 128.0
46.2928 	EXP 	final: texRes = 128.0
46.4794 	EXP 	hasPeriphery: texRes = 128.0
46.4794 	EXP 	noPeriphery: texRes = 128.0
46.4794 	EXP 	final: texRes = 128.0
46.6795 	EXP 	hasPeriphery: texRes = 128.0
46.6795 	EXP 	noPeriphery: texRes = 128.0
46.6795 	EXP 	final: texRes = 128.0
46.6795 	EXP 	blank_screen: autoDraw = True
46.8926 	EXP 	hasPeriphery: texRes = 128.0
46.8926 	EXP 	noPeriphery: texRes = 128.0
46.8926 	EXP 	final: texRes = 128.0
47.0924 	EXP 	hasPeriphery: texRes = 128.0
47.0924 	EXP 	noPeriphery: texRes = 128.0
47.0924 	EXP 	final: texRes = 128.0
47.0924 	EXP 	blank_screen: autoDraw = False
47.2662 	EXP 	hasPeriphery: texRes = 128.0
47.2662 	EXP 	noPeriphery: texRes = 128.0
47.2662 	EXP 	final: texRes = 128.0
47.4521 	EXP 	hasPeriphery: texRes = 128.0
47.4521 	EXP 	noPeriphery: texRes = 128.0
47.4521 	EXP 	final: texRes = 128.0
47.6393 	EXP 	hasPeriphery: texRes = 128.0
47.6393 	EXP 	noPeriphery: texRes = 128.0
47.6393 	EXP 	final: texRes = 128.0
47.8262 	EXP 	hasPeriphery: texRes = 128.0
47.8262 	EXP 	noPeriphery: texRes = 128.0
47.8262 	EXP 	final: texRes = 128.0
48.0125 	EXP 	hasPeriphery: texRes = 128.0
48.0125 	EXP 	noPeriphery: texRes = 128.0
48.0125 	EXP 	final: texRes = 128.0
48.0125 	EXP 	blank_screen: autoDraw = True
48.1994 	EXP 	hasPeriphery: texRes = 128.0
48.1994 	EXP 	noPeriphery: texRes = 128.0
48.1994 	EXP 	final: texRes = 128.0
48.3856 	EXP 	hasPeriphery: texRes = 128.0
48.3856 	EXP 	noPeriphery: texRes = 128.0
48.3856 	EXP 	final: texRes = 128.0
48.3856 	EXP 	blank_screen: autoDraw = False
48.5733 	EXP 	hasPeriphery: texRes = 128.0
48.5733 	EXP 	noPeriphery: texRes = 128.0
48.5733 	EXP 	final: texRes = 128.0
48.7108 	DATA 	Keypress: escape
48.7597 	EXP 	hasPeriphery: texRes = 128.0
48.7597 	EXP 	noPeriphery: texRes = 128.0
48.7597 	EXP 	final: texRes = 128.0
49.0488 	EXP 	window1: mouseVisible = True
