1.3094 	WARNING 	We strongly recommend you activate the PTB sound engine in PsychoPy prefs as the preferred audio engine. Its timing is vastly superior. Your prefs are currently set to use ['sounddevice', 'PTB', 'pyo', 'pygame'] (in that order).
14.4471 	EXP 	Created window1 = Window(allowGUI=False, allowStencil=False, autoLog=True, backendConf=UNKNOWN, bitsMode=UNKNOWN, blendMode='avg', bpc=(8, 8, 8), color=array([0, 0, 0]), colorSpace='rgb', depthBits=8, fullscr=<method-wrapper '__getattribute__' of attributeSetter object at 0x000001FD48DA70B8>, gamma=None, gammaErrorPolicy='raise', lms=UNKNOWN, monitor=<psychopy.monitors.calibTools.Monitor object at 0x000001FD48D3B4A8>, multiSample=False, name='window1', numSamples=2, pos=[0.0, 0.0], screen=0, size=array([1920, 1080]), stencilBits=0, stereo=False, units='height', useFBO=True, useRetina=False, viewOri=0.0, viewPos=None, viewScale=None, waitBlanking=True, winType='pyglet')
14.4474 	EXP 	window1: mouseVisible = True
14.4474 	EXP 	window1: recordFrameIntervals = False
14.6153 	EXP 	window1: recordFrameIntervals = True
14.8797 	EXP 	window1: recordFrameIntervals = False
15.6770 	EXP 	Created WelcomeText = TextStim(__class__=<class 'psychopy.visual.text.TextStim'>, alignHoriz=method-wrapper(...), alignText='center', alignVert=method-wrapper(...), anchorHoriz='center', anchorVert='center', antialias=True, autoLog=True, bold=False, color=array([1, 1, 1]), colorSpace='rgb', contrast=1.0, depth=0.0, flipHoriz=False, flipVert=False, font='Open Sans', fontFiles=[], height=0.1, italic=False, languageStyle='LTR', name='WelcomeText', opacity=1, ori=0.0, pos=array([0., 0.]), rgb=UNKNOWN, text='Welcome to our Study!', units='height', win=Window(...), wrapWidth=1)
15.7064 	EXP 	Imported depression.xlsx as conditions, 2 conditions, 12 params
15.7076 	EXP 	Question text: Sadness
15.7361 	EXP 	window1: mouseVisible = True
15.7883 	EXP 	Question text: Pessimism
15.7968 	EXP 	window1: mouseVisible = True
15.8318 	EXP 	window1: mouseVisible = True
15.8364 	EXP 	Created unnamed Rect = Rect(__class__=<class 'psychopy.visual.rect.Rect'>, autoDraw=False, autoLog=True, closeShape=True, color=method-wrapper(...), colorSpace='rgb', contrast=None, depth=0, fillColor=array([0, 0, 0]), fillColorSpace='rgb', fillRGB=UNKNOWN, interpolate=True, lineColor=array([0, 0, 0]), lineColorSpace='rgb', lineRGB=UNKNOWN, lineWidth=1.5, name='unnamed Rect', opacity=0, ori=0.0, pos=array([0., 0.]), size=array([0., 0.]), units='height', vertices=ndarray(...), win=Window(...))
15.8555 	EXP 	Created DepressionQuestionnaire = <psychopy.visual.form.Form object at 0x000001FD4B8F5710>
15.8822 	EXP 	window1: mouseVisible = True
15.9472 	EXP 	Created instructionsText = TextStim(__class__=<class 'psychopy.visual.text.TextStim'>, alignHoriz=method-wrapper(...), alignText='center', alignVert=method-wrapper(...), anchorHoriz='center', anchorVert='center', antialias=True, autoLog=True, bold=False, color=array([1, 1, 1]), colorSpace='rgb', contrast=1.0, depth=0.0, flipHoriz=False, flipVert=False, font='Open Sans', fontFiles=[], height=0.04, italic=False, languageStyle='LTR', name='instructionsText', opacity=1, ori=0.0, pos=array([0., 0.]), rgb=UNKNOWN, text=str(...), units='height', win=Window(...), wrapWidth=1)
15.9568 	EXP 	Created hasPeriphery = ImageStim(__class__=<class 'psychopy.visual.image.ImageStim'>, autoLog=True, color=array([1, 1, 1]), colorSpace='rgb', contrast=1.0, depth=0.0, flipHoriz=False, flipVert=False, image='sin', interpolate=True, mask=None, maskParams=None, name='hasPeriphery', opacity=1.0, ori=0.0, pos=array([0., 0.]), size=array([0.5, 0.5]), texRes=128.0, units='height', win=Window(...))
15.9608 	EXP 	Created noPeriphery = ImageStim(__class__=<class 'psychopy.visual.image.ImageStim'>, autoLog=True, color=array([1, 1, 1]), colorSpace='rgb', contrast=1.0, depth=-2.0, flipHoriz=False, flipVert=False, image='sin', interpolate=True, mask=None, maskParams=None, name='noPeriphery', opacity=1.0, ori=0.0, pos=array([0., 0.]), size=array([0.5, 0.5]), texRes=128.0, units='height', win=Window(...))
15.9691 	EXP 	Created text = TextStim(__class__=<class 'psychopy.visual.text.TextStim'>, alignHoriz=method-wrapper(...), alignText='center', alignVert=method-wrapper(...), anchorHoriz='center', anchorVert='center', antialias=True, autoLog=True, bold=False, color=array([ 1, -1, -1]), colorSpace='rgb', contrast=1.0, depth=-3.0, flipHoriz=False, flipVert=False, font='Open Sans', fontFiles=[], height=0.1, italic=False, languageStyle='LTR', name='text', opacity=1, ori=0.0, pos=array([0., 0.]), rgb=UNKNOWN, text='+', units='height', win=Window(...), wrapWidth=1)
15.9827 	EXP 	Created WelcomeText = TextStim(__class__=<class 'psychopy.visual.text.TextStim'>, alignHoriz=method-wrapper(...), alignText='center', alignVert=method-wrapper(...), anchorHoriz='center', anchorVert='center', antialias=True, autoLog=True, bold=False, color=array([1, 1, 1]), colorSpace='rgb', contrast=1.0, depth=0.0, flipHoriz=False, flipVert=False, font='Open Sans', fontFiles=[], height=0.1, italic=False, languageStyle='LTR', name='WelcomeText', opacity=1, ori=0.0, pos=array([0., 0.]), rgb=UNKNOWN, text='Welcome to our Study!', units='height', win=Window(...), wrapWidth=1)
15.9856 	EXP 	Created hasPeriphery_2 = ImageStim(__class__=<class 'psychopy.visual.image.ImageStim'>, autoLog=True, color=array([1, 1, 1]), colorSpace='rgb', contrast=1.0, depth=0.0, flipHoriz=False, flipVert=False, image='sin', interpolate=True, mask=None, maskParams=None, name='hasPeriphery_2', opacity=1.0, ori=0.0, pos=array([0., 0.]), size=array([0.5, 0.5]), texRes=128.0, units='height', win=Window(...))
15.9883 	EXP 	Created noPeriphery_2 = ImageStim(__class__=<class 'psychopy.visual.image.ImageStim'>, autoLog=True, color=array([1, 1, 1]), colorSpace='rgb', contrast=1.0, depth=-2.0, flipHoriz=False, flipVert=False, image='sin', interpolate=True, mask=None, maskParams=None, name='noPeriphery_2', opacity=1.0, ori=0.0, pos=array([0., 0.]), size=array([0.5, 0.5]), texRes=128.0, units='height', win=Window(...))
15.9901 	EXP 	Created text_2 = TextStim(__class__=<class 'psychopy.visual.text.TextStim'>, alignHoriz=method-wrapper(...), alignText='center', alignVert=method-wrapper(...), anchorHoriz='center', anchorVert='center', antialias=True, autoLog=True, bold=False, color=array([ 1, -1, -1]), colorSpace='rgb', contrast=1.0, depth=-3.0, flipHoriz=False, flipVert=False, font='Open Sans', fontFiles=[], height=0.1, italic=False, languageStyle='LTR', name='text_2', opacity=1, ori=0.0, pos=array([0., 0.]), rgb=UNKNOWN, text='+', units='height', win=Window(...), wrapWidth=1)
16.0299 	EXP 	unnamed Form: autoLog = True
16.0299 	EXP 	DepressionQuestionnaire: name = 'DepressionQuestionnaire'
16.0299 	EXP 	DepressionQuestionnaire: size = (3.5, 1)
16.0299 	EXP 	DepressionQuestionnaire: size = array([3.5, 1. ])
16.0299 	EXP 	DepressionQuestionnaire: units = 'height'
16.0299 	EXP 	DepressionQuestionnaire: depth = 0
16.0299 	EXP 	WelcomeText: autoDraw = True
18.0485 	EXP 	WelcomeText: autoDraw = False
18.0485 	EXP 	DepressionQuestionnaire: autoDraw = True
19.6993 	DATA 	Mouse: Left button down, pos=(690,77)
19.7485 	EXP 	DepressionQuestionnaire: autoDraw = False
19.7485 	EXP 	instructionsText: autoDraw = True
19.7843 	DATA 	Mouse:  Left button up, pos=(690,77)
20.6843 	EXP 	Imported picPaths.xlsx as conditions, 6 conditions, 3 params
20.6847 	EXP 	Created sequence: sequential, trialTypes=6, nReps=1, seed=None
20.6850 	EXP 	New trial (rep=0, index=0): {'startImage': 'C:\\Users\\hesselmann\\Desktop\\PsychoPyUniformityIllusion\\UniformityIllusionPsychoPy\\Pics\\1start.png', 'endImage': 'C:\\Users\\hesselmann\\Desktop\\PsychoPyUniformityIllusion\\UniformityIllusionPsychoPy\\Pics\\1a.png', 'AB': 'a'}
20.9372 	EXP 	New trial (rep=0, index=1): {'startImage': 'C:\\Users\\hesselmann\\Desktop\\PsychoPyUniformityIllusion\\UniformityIllusionPsychoPy\\Pics\\1start.png', 'endImage': 'C:\\Users\\hesselmann\\Desktop\\PsychoPyUniformityIllusion\\UniformityIllusionPsychoPy\\Pics\\1b.png', 'AB': 'b'}
21.1776 	EXP 	New trial (rep=0, index=2): {'startImage': 'C:\\Users\\hesselmann\\Desktop\\PsychoPyUniformityIllusion\\UniformityIllusionPsychoPy\\Pics\\2start.png', 'endImage': 'C:\\Users\\hesselmann\\Desktop\\PsychoPyUniformityIllusion\\UniformityIllusionPsychoPy\\Pics\\2a.png', 'AB': 'a'}
21.4000 	DATA 	Keypress: space
21.4454 	EXP 	instructionsText: autoDraw = False
21.4454 	EXP 	hasPeriphery: size = array([1.77777778, 1.        ])
21.4454 	EXP 	hasPeriphery: image = 'C:\\Users\\hesselmann\\Desktop\\PsychoPyUniformityIllusion\\UniformityIllusionPsychoPy\\Pics\\1a.png'
21.4454 	EXP 	noPeriphery: size = array([1.77777778, 1.        ])
21.4454 	EXP 	noPeriphery: image = 'C:\\Users\\hesselmann\\Desktop\\PsychoPyUniformityIllusion\\UniformityIllusionPsychoPy\\Pics\\1start.png'
21.4454 	EXP 	hasPeriphery: autoDraw = True
21.4454 	EXP 	hasPeriphery: texRes = 128.0
21.4454 	EXP 	noPeriphery: autoDraw = True
21.4454 	EXP 	noPeriphery: texRes = 128.0
21.4454 	EXP 	text: autoDraw = True
21.4454 	EXP 	hasPeriphery: autoDraw = False
21.4454 	EXP 	noPeriphery: autoDraw = False
21.4454 	EXP 	text: autoDraw = False
21.4454 	EXP 	hasPeriphery: size = array([1.77777778, 1.        ])
21.4454 	EXP 	hasPeriphery: image = 'C:\\Users\\hesselmann\\Desktop\\PsychoPyUniformityIllusion\\UniformityIllusionPsychoPy\\Pics\\1b.png'
21.4454 	EXP 	noPeriphery: size = array([1.77777778, 1.        ])
21.4454 	EXP 	noPeriphery: image = 'C:\\Users\\hesselmann\\Desktop\\PsychoPyUniformityIllusion\\UniformityIllusionPsychoPy\\Pics\\1start.png'
21.4454 	EXP 	hasPeriphery: autoDraw = True
21.4454 	EXP 	hasPeriphery: texRes = 128.0
21.4454 	EXP 	noPeriphery: autoDraw = True
21.4454 	EXP 	noPeriphery: texRes = 128.0
21.4454 	EXP 	text: autoDraw = True
21.4454 	EXP 	hasPeriphery: autoDraw = False
21.4454 	EXP 	noPeriphery: autoDraw = False
21.4454 	EXP 	text: autoDraw = False
21.4454 	EXP 	hasPeriphery: size = array([1.77777778, 1.        ])
21.4454 	EXP 	hasPeriphery: image = 'C:\\Users\\hesselmann\\Desktop\\PsychoPyUniformityIllusion\\UniformityIllusionPsychoPy\\Pics\\2a.png'
21.4454 	EXP 	noPeriphery: size = array([1.77777778, 1.        ])
21.4454 	EXP 	noPeriphery: image = 'C:\\Users\\hesselmann\\Desktop\\PsychoPyUniformityIllusion\\UniformityIllusionPsychoPy\\Pics\\2start.png'
21.4454 	EXP 	hasPeriphery: autoDraw = True
21.4454 	EXP 	hasPeriphery: texRes = 128.0
21.4454 	EXP 	noPeriphery: autoDraw = True
21.4454 	EXP 	noPeriphery: texRes = 128.0
21.4454 	EXP 	text: autoDraw = True
21.5837 	EXP 	hasPeriphery: texRes = 128.0
21.5837 	EXP 	noPeriphery: texRes = 128.0
21.6807 	EXP 	New trial (rep=0, index=3): {'startImage': 'C:\\Users\\hesselmann\\Desktop\\PsychoPyUniformityIllusion\\UniformityIllusionPsychoPy\\Pics\\2start.png', 'endImage': 'C:\\Users\\hesselmann\\Desktop\\PsychoPyUniformityIllusion\\UniformityIllusionPsychoPy\\Pics\\2b.png', 'AB': 'b'}
21.8488 	EXP 	New trial (rep=0, index=4): {'startImage': 'C:\\Users\\hesselmann\\Desktop\\PsychoPyUniformityIllusion\\UniformityIllusionPsychoPy\\Pics\\3start.png', 'endImage': 'C:\\Users\\hesselmann\\Desktop\\PsychoPyUniformityIllusion\\UniformityIllusionPsychoPy\\Pics\\3a.png', 'AB': 'a'}
22.0347 	EXP 	New trial (rep=0, index=5): {'startImage': 'C:\\Users\\hesselmann\\Desktop\\PsychoPyUniformityIllusion\\UniformityIllusionPsychoPy\\Pics\\3start.png', 'endImage': 'C:\\Users\\hesselmann\\Desktop\\PsychoPyUniformityIllusion\\UniformityIllusionPsychoPy\\Pics\\3b.png', 'AB': 'b'}
22.2285 	DATA 	Keypress: space
22.2465 	EXP 	hasPeriphery: texRes = 128.0
22.2465 	EXP 	noPeriphery: texRes = 128.0
22.2465 	EXP 	hasPeriphery: autoDraw = False
22.2465 	EXP 	noPeriphery: autoDraw = False
22.2465 	EXP 	text: autoDraw = False
22.2465 	EXP 	hasPeriphery: size = array([1.77777778, 1.        ])
22.2465 	EXP 	hasPeriphery: image = 'C:\\Users\\hesselmann\\Desktop\\PsychoPyUniformityIllusion\\UniformityIllusionPsychoPy\\Pics\\2b.png'
22.2465 	EXP 	noPeriphery: size = array([1.77777778, 1.        ])
22.2465 	EXP 	noPeriphery: image = 'C:\\Users\\hesselmann\\Desktop\\PsychoPyUniformityIllusion\\UniformityIllusionPsychoPy\\Pics\\2start.png'
22.2465 	EXP 	hasPeriphery: autoDraw = True
22.2465 	EXP 	hasPeriphery: texRes = 128.0
22.2465 	EXP 	noPeriphery: autoDraw = True
22.2465 	EXP 	noPeriphery: texRes = 128.0
22.2465 	EXP 	text: autoDraw = True
22.2465 	EXP 	hasPeriphery: autoDraw = False
22.2465 	EXP 	noPeriphery: autoDraw = False
22.2465 	EXP 	text: autoDraw = False
22.2465 	EXP 	hasPeriphery: size = array([1.77777778, 1.        ])
22.2465 	EXP 	hasPeriphery: image = 'C:\\Users\\hesselmann\\Desktop\\PsychoPyUniformityIllusion\\UniformityIllusionPsychoPy\\Pics\\3a.png'
22.2465 	EXP 	noPeriphery: size = array([1.77777778, 1.        ])
22.2465 	EXP 	noPeriphery: image = 'C:\\Users\\hesselmann\\Desktop\\PsychoPyUniformityIllusion\\UniformityIllusionPsychoPy\\Pics\\3start.png'
22.2465 	EXP 	hasPeriphery: autoDraw = True
22.2465 	EXP 	hasPeriphery: texRes = 128.0
22.2465 	EXP 	noPeriphery: autoDraw = True
22.2465 	EXP 	noPeriphery: texRes = 128.0
22.2465 	EXP 	text: autoDraw = True
22.2465 	EXP 	hasPeriphery: autoDraw = False
22.2465 	EXP 	noPeriphery: autoDraw = False
22.2465 	EXP 	text: autoDraw = False
22.2465 	EXP 	hasPeriphery: size = array([1.77777778, 1.        ])
22.2465 	EXP 	hasPeriphery: image = 'C:\\Users\\hesselmann\\Desktop\\PsychoPyUniformityIllusion\\UniformityIllusionPsychoPy\\Pics\\3b.png'
22.2465 	EXP 	noPeriphery: size = array([1.77777778, 1.        ])
22.2465 	EXP 	noPeriphery: image = 'C:\\Users\\hesselmann\\Desktop\\PsychoPyUniformityIllusion\\UniformityIllusionPsychoPy\\Pics\\3start.png'
22.2465 	EXP 	hasPeriphery: autoDraw = True
22.2465 	EXP 	hasPeriphery: texRes = 128.0
22.2465 	EXP 	noPeriphery: autoDraw = True
22.2465 	EXP 	noPeriphery: texRes = 128.0
22.2465 	EXP 	text: autoDraw = True
22.2465 	EXP 	hasPeriphery: autoDraw = False
22.2465 	EXP 	noPeriphery: autoDraw = False
22.2465 	EXP 	text: autoDraw = False
22.2465 	EXP 	WelcomeText: autoDraw = True
23.4654 	DATA 	Keypress: space
24.2451 	EXP 	Imported picPaths.xlsx as conditions, 24 conditions, 3 params
24.2455 	EXP 	Created sequence: sequential, trialTypes=24, nReps=1, seed=None
24.2458 	EXP 	New trial (rep=0, index=0): {'startImage': 'C:\\Users\\hesselmann\\Desktop\\PsychoPyUniformityIllusion\\UniformityIllusionPsychoPy\\Pics\\4start.png', 'endImage': 'C:\\Users\\hesselmann\\Desktop\\PsychoPyUniformityIllusion\\UniformityIllusionPsychoPy\\Pics\\4a.png', 'AB': 'a'}
24.5141 	EXP 	WelcomeText: autoDraw = False
24.5141 	EXP 	hasPeriphery_2: size = array([1.77777778, 1.        ])
24.5141 	EXP 	hasPeriphery_2: image = 'C:\\Users\\hesselmann\\Desktop\\PsychoPyUniformityIllusion\\UniformityIllusionPsychoPy\\Pics\\4a.png'
24.5141 	EXP 	noPeriphery_2: size = array([1.77777778, 1.        ])
24.5141 	EXP 	noPeriphery_2: image = 'C:\\Users\\hesselmann\\Desktop\\PsychoPyUniformityIllusion\\UniformityIllusionPsychoPy\\Pics\\4start.png'
24.5141 	EXP 	hasPeriphery_2: autoDraw = True
24.5141 	EXP 	hasPeriphery_2: texRes = 128.0
24.5141 	EXP 	noPeriphery_2: autoDraw = True
24.5141 	EXP 	noPeriphery_2: texRes = 128.0
24.5141 	EXP 	text_2: autoDraw = True
24.6646 	EXP 	hasPeriphery_2: texRes = 128.0
24.6646 	EXP 	noPeriphery_2: texRes = 128.0
24.8295 	EXP 	hasPeriphery_2: texRes = 128.0
24.8295 	EXP 	noPeriphery_2: texRes = 128.0
24.9967 	EXP 	hasPeriphery_2: texRes = 128.0
24.9967 	EXP 	noPeriphery_2: texRes = 128.0
25.1620 	EXP 	hasPeriphery_2: texRes = 128.0
25.1620 	EXP 	noPeriphery_2: texRes = 128.0
25.3284 	EXP 	hasPeriphery_2: texRes = 128.0
25.3284 	EXP 	noPeriphery_2: texRes = 128.0
25.4805 	EXP 	hasPeriphery_2: texRes = 128.0
25.4805 	EXP 	noPeriphery_2: texRes = 128.0
25.6464 	EXP 	hasPeriphery_2: texRes = 128.0
25.6464 	EXP 	noPeriphery_2: texRes = 128.0
25.8117 	EXP 	hasPeriphery_2: texRes = 128.0
25.8117 	EXP 	noPeriphery_2: texRes = 128.0
25.9635 	EXP 	hasPeriphery_2: texRes = 128.0
25.9635 	EXP 	noPeriphery_2: texRes = 128.0
26.1287 	EXP 	hasPeriphery_2: texRes = 128.0
26.1287 	EXP 	noPeriphery_2: texRes = 128.0
26.2816 	EXP 	hasPeriphery_2: texRes = 128.0
26.2816 	EXP 	noPeriphery_2: texRes = 128.0
26.4450 	EXP 	hasPeriphery_2: texRes = 128.0
26.4450 	EXP 	noPeriphery_2: texRes = 128.0
26.5977 	EXP 	hasPeriphery_2: texRes = 128.0
26.5977 	EXP 	noPeriphery_2: texRes = 128.0
26.7616 	EXP 	hasPeriphery_2: texRes = 128.0
26.7616 	EXP 	noPeriphery_2: texRes = 128.0
26.9298 	EXP 	hasPeriphery_2: texRes = 128.0
26.9298 	EXP 	noPeriphery_2: texRes = 128.0
27.0387 	EXP 	New trial (rep=0, index=1): {'startImage': 'C:\\Users\\hesselmann\\Desktop\\PsychoPyUniformityIllusion\\UniformityIllusionPsychoPy\\Pics\\4start.png', 'endImage': 'C:\\Users\\hesselmann\\Desktop\\PsychoPyUniformityIllusion\\UniformityIllusionPsychoPy\\Pics\\4b.png', 'AB': 'b'}
27.2308 	DATA 	Keypress: space
27.2782 	EXP 	hasPeriphery_2: texRes = 128.0
27.2782 	EXP 	noPeriphery_2: texRes = 128.0
27.2782 	EXP 	hasPeriphery_2: autoDraw = False
27.2782 	EXP 	noPeriphery_2: autoDraw = False
27.2782 	EXP 	text_2: autoDraw = False
27.2782 	EXP 	hasPeriphery_2: size = array([1.77777778, 1.        ])
27.2782 	EXP 	hasPeriphery_2: image = 'C:\\Users\\hesselmann\\Desktop\\PsychoPyUniformityIllusion\\UniformityIllusionPsychoPy\\Pics\\4b.png'
27.2782 	EXP 	noPeriphery_2: size = array([1.77777778, 1.        ])
27.2782 	EXP 	noPeriphery_2: image = 'C:\\Users\\hesselmann\\Desktop\\PsychoPyUniformityIllusion\\UniformityIllusionPsychoPy\\Pics\\4start.png'
27.2782 	EXP 	hasPeriphery_2: autoDraw = True
27.2782 	EXP 	hasPeriphery_2: texRes = 128.0
27.2782 	EXP 	noPeriphery_2: autoDraw = True
27.2782 	EXP 	noPeriphery_2: texRes = 128.0
27.2782 	EXP 	text_2: autoDraw = True
27.4115 	EXP 	hasPeriphery_2: texRes = 128.0
27.4115 	EXP 	noPeriphery_2: texRes = 128.0
27.5617 	EXP 	hasPeriphery_2: texRes = 128.0
27.5617 	EXP 	noPeriphery_2: texRes = 128.0
27.7135 	EXP 	hasPeriphery_2: texRes = 128.0
27.7135 	EXP 	noPeriphery_2: texRes = 128.0
27.8615 	EXP 	hasPeriphery_2: texRes = 128.0
27.8615 	EXP 	noPeriphery_2: texRes = 128.0
28.0130 	EXP 	hasPeriphery_2: texRes = 128.0
28.0130 	EXP 	noPeriphery_2: texRes = 128.0
28.1616 	EXP 	hasPeriphery_2: texRes = 128.0
28.1616 	EXP 	noPeriphery_2: texRes = 128.0
28.3129 	EXP 	hasPeriphery_2: texRes = 128.0
28.3129 	EXP 	noPeriphery_2: texRes = 128.0
28.4784 	EXP 	hasPeriphery_2: texRes = 128.0
28.4784 	EXP 	noPeriphery_2: texRes = 128.0
28.6303 	EXP 	hasPeriphery_2: texRes = 128.0
28.6303 	EXP 	noPeriphery_2: texRes = 128.0
28.7782 	EXP 	hasPeriphery_2: texRes = 128.0
28.7782 	EXP 	noPeriphery_2: texRes = 128.0
28.9170 	EXP 	hasPeriphery_2: texRes = 128.0
28.9170 	EXP 	noPeriphery_2: texRes = 128.0
29.0614 	EXP 	hasPeriphery_2: texRes = 128.0
29.0614 	EXP 	noPeriphery_2: texRes = 128.0
29.2118 	EXP 	hasPeriphery_2: texRes = 128.0
29.2118 	EXP 	noPeriphery_2: texRes = 128.0
29.3619 	EXP 	hasPeriphery_2: texRes = 128.0
29.3619 	EXP 	noPeriphery_2: texRes = 128.0
29.5127 	EXP 	hasPeriphery_2: texRes = 128.0
29.5127 	EXP 	noPeriphery_2: texRes = 128.0
29.6613 	EXP 	hasPeriphery_2: texRes = 128.0
29.6613 	EXP 	noPeriphery_2: texRes = 128.0
29.8130 	EXP 	hasPeriphery_2: texRes = 128.0
29.8130 	EXP 	noPeriphery_2: texRes = 128.0
29.9619 	EXP 	hasPeriphery_2: texRes = 128.0
29.9619 	EXP 	noPeriphery_2: texRes = 128.0
30.0981 	EXP 	hasPeriphery_2: texRes = 128.0
30.0981 	EXP 	noPeriphery_2: texRes = 128.0
30.2448 	EXP 	hasPeriphery_2: texRes = 128.0
30.2448 	EXP 	noPeriphery_2: texRes = 128.0
30.3366 	EXP 	New trial (rep=0, index=2): {'startImage': 'C:\\Users\\hesselmann\\Desktop\\PsychoPyUniformityIllusion\\UniformityIllusionPsychoPy\\Pics\\5start.png', 'endImage': 'C:\\Users\\hesselmann\\Desktop\\PsychoPyUniformityIllusion\\UniformityIllusionPsychoPy\\Pics\\5a.png', 'AB': 'a'}
30.5706 	EXP 	New trial (rep=0, index=3): {'startImage': 'C:\\Users\\hesselmann\\Desktop\\PsychoPyUniformityIllusion\\UniformityIllusionPsychoPy\\Pics\\5start.png', 'endImage': 'C:\\Users\\hesselmann\\Desktop\\PsychoPyUniformityIllusion\\UniformityIllusionPsychoPy\\Pics\\5b.png', 'AB': 'b'}
30.8321 	EXP 	hasPeriphery_2: texRes = 128.0
30.8321 	EXP 	noPeriphery_2: texRes = 128.0
30.8321 	EXP 	hasPeriphery_2: autoDraw = False
30.8321 	EXP 	noPeriphery_2: autoDraw = False
30.8321 	EXP 	text_2: autoDraw = False
30.8321 	EXP 	hasPeriphery_2: size = array([1.77777778, 1.        ])
30.8321 	EXP 	hasPeriphery_2: image = 'C:\\Users\\hesselmann\\Desktop\\PsychoPyUniformityIllusion\\UniformityIllusionPsychoPy\\Pics\\5a.png'
30.8321 	EXP 	noPeriphery_2: size = array([1.77777778, 1.        ])
30.8321 	EXP 	noPeriphery_2: image = 'C:\\Users\\hesselmann\\Desktop\\PsychoPyUniformityIllusion\\UniformityIllusionPsychoPy\\Pics\\5start.png'
30.8321 	EXP 	hasPeriphery_2: autoDraw = True
30.8321 	EXP 	hasPeriphery_2: texRes = 128.0
30.8321 	EXP 	noPeriphery_2: autoDraw = True
30.8321 	EXP 	noPeriphery_2: texRes = 128.0
30.8321 	EXP 	text_2: autoDraw = True
30.8321 	EXP 	hasPeriphery_2: autoDraw = False
30.8321 	EXP 	noPeriphery_2: autoDraw = False
30.8321 	EXP 	text_2: autoDraw = False
30.8321 	EXP 	hasPeriphery_2: size = array([1.77777778, 1.        ])
30.8321 	EXP 	hasPeriphery_2: image = 'C:\\Users\\hesselmann\\Desktop\\PsychoPyUniformityIllusion\\UniformityIllusionPsychoPy\\Pics\\5b.png'
30.8321 	EXP 	noPeriphery_2: size = array([1.77777778, 1.        ])
30.8321 	EXP 	noPeriphery_2: image = 'C:\\Users\\hesselmann\\Desktop\\PsychoPyUniformityIllusion\\UniformityIllusionPsychoPy\\Pics\\5start.png'
30.8321 	EXP 	hasPeriphery_2: autoDraw = True
30.8321 	EXP 	hasPeriphery_2: texRes = 128.0
30.8321 	EXP 	noPeriphery_2: autoDraw = True
30.8321 	EXP 	noPeriphery_2: texRes = 128.0
30.8321 	EXP 	text_2: autoDraw = True
30.9948 	EXP 	hasPeriphery_2: texRes = 128.0
30.9948 	EXP 	noPeriphery_2: texRes = 128.0
31.1649 	EXP 	hasPeriphery_2: texRes = 128.0
31.1649 	EXP 	noPeriphery_2: texRes = 128.0
31.3618 	EXP 	hasPeriphery_2: texRes = 128.0
31.3618 	EXP 	noPeriphery_2: texRes = 128.0
31.5462 	EXP 	hasPeriphery_2: texRes = 128.0
31.5462 	EXP 	noPeriphery_2: texRes = 128.0
31.7278 	EXP 	hasPeriphery_2: texRes = 128.0
31.7278 	EXP 	noPeriphery_2: texRes = 128.0
31.9119 	EXP 	hasPeriphery_2: texRes = 128.0
31.9119 	EXP 	noPeriphery_2: texRes = 128.0
32.0956 	EXP 	hasPeriphery_2: texRes = 128.0
32.0956 	EXP 	noPeriphery_2: texRes = 128.0
32.2781 	EXP 	hasPeriphery_2: texRes = 128.0
32.2781 	EXP 	noPeriphery_2: texRes = 128.0
32.4613 	EXP 	hasPeriphery_2: texRes = 128.0
32.4613 	EXP 	noPeriphery_2: texRes = 128.0
32.6455 	EXP 	hasPeriphery_2: texRes = 128.0
32.6455 	EXP 	noPeriphery_2: texRes = 128.0
32.8294 	EXP 	hasPeriphery_2: texRes = 128.0
32.8294 	EXP 	noPeriphery_2: texRes = 128.0
33.0117 	EXP 	hasPeriphery_2: texRes = 128.0
33.0117 	EXP 	noPeriphery_2: texRes = 128.0
33.1943 	EXP 	hasPeriphery_2: texRes = 128.0
33.1943 	EXP 	noPeriphery_2: texRes = 128.0
33.3776 	EXP 	hasPeriphery_2: texRes = 128.0
33.3776 	EXP 	noPeriphery_2: texRes = 128.0
33.5778 	EXP 	hasPeriphery_2: texRes = 128.0
33.5778 	EXP 	noPeriphery_2: texRes = 128.0
33.7611 	EXP 	hasPeriphery_2: texRes = 128.0
33.7611 	EXP 	noPeriphery_2: texRes = 128.0
33.9322 	EXP 	hasPeriphery_2: texRes = 128.0
33.9322 	EXP 	noPeriphery_2: texRes = 128.0
34.1138 	EXP 	hasPeriphery_2: texRes = 128.0
34.1138 	EXP 	noPeriphery_2: texRes = 128.0
34.2457 	EXP 	New trial (rep=0, index=4): {'startImage': 'C:\\Users\\hesselmann\\Desktop\\PsychoPyUniformityIllusion\\UniformityIllusionPsychoPy\\Pics\\6start.png', 'endImage': 'C:\\Users\\hesselmann\\Desktop\\PsychoPyUniformityIllusion\\UniformityIllusionPsychoPy\\Pics\\6a.png', 'AB': 'a'}
34.4556 	DATA 	Keypress: space
34.4973 	EXP 	hasPeriphery_2: texRes = 128.0
34.4973 	EXP 	noPeriphery_2: texRes = 128.0
34.4973 	EXP 	hasPeriphery_2: autoDraw = False
34.4973 	EXP 	noPeriphery_2: autoDraw = False
34.4973 	EXP 	text_2: autoDraw = False
34.4973 	EXP 	hasPeriphery_2: size = array([1.77777778, 1.        ])
34.4973 	EXP 	hasPeriphery_2: image = 'C:\\Users\\hesselmann\\Desktop\\PsychoPyUniformityIllusion\\UniformityIllusionPsychoPy\\Pics\\6a.png'
34.4973 	EXP 	noPeriphery_2: size = array([1.77777778, 1.        ])
34.4973 	EXP 	noPeriphery_2: image = 'C:\\Users\\hesselmann\\Desktop\\PsychoPyUniformityIllusion\\UniformityIllusionPsychoPy\\Pics\\6start.png'
34.4973 	EXP 	hasPeriphery_2: autoDraw = True
34.4973 	EXP 	hasPeriphery_2: texRes = 128.0
34.4973 	EXP 	noPeriphery_2: autoDraw = True
34.4973 	EXP 	noPeriphery_2: texRes = 128.0
34.4973 	EXP 	text_2: autoDraw = True
34.6460 	EXP 	hasPeriphery_2: texRes = 128.0
34.6460 	EXP 	noPeriphery_2: texRes = 128.0
34.8157 	EXP 	hasPeriphery_2: texRes = 128.0
34.8157 	EXP 	noPeriphery_2: texRes = 128.0
34.9816 	EXP 	hasPeriphery_2: texRes = 128.0
34.9816 	EXP 	noPeriphery_2: texRes = 128.0
35.1467 	EXP 	hasPeriphery_2: texRes = 128.0
35.1467 	EXP 	noPeriphery_2: texRes = 128.0
35.2941 	EXP 	hasPeriphery_2: texRes = 128.0
35.2941 	EXP 	noPeriphery_2: texRes = 128.0
35.4617 	EXP 	hasPeriphery_2: texRes = 128.0
35.4617 	EXP 	noPeriphery_2: texRes = 128.0
35.6296 	EXP 	hasPeriphery_2: texRes = 128.0
35.6296 	EXP 	noPeriphery_2: texRes = 128.0
35.7955 	EXP 	hasPeriphery_2: texRes = 128.0
35.7955 	EXP 	noPeriphery_2: texRes = 128.0
35.9619 	EXP 	hasPeriphery_2: texRes = 128.0
35.9619 	EXP 	noPeriphery_2: texRes = 128.0
36.1277 	EXP 	hasPeriphery_2: texRes = 128.0
36.1277 	EXP 	noPeriphery_2: texRes = 128.0
36.2941 	EXP 	hasPeriphery_2: texRes = 128.0
36.2941 	EXP 	noPeriphery_2: texRes = 128.0
36.4780 	EXP 	hasPeriphery_2: texRes = 128.0
36.4780 	EXP 	noPeriphery_2: texRes = 128.0
36.6441 	EXP 	hasPeriphery_2: texRes = 128.0
36.6441 	EXP 	noPeriphery_2: texRes = 128.0
36.8107 	EXP 	hasPeriphery_2: texRes = 128.0
36.8107 	EXP 	noPeriphery_2: texRes = 128.0
36.9949 	EXP 	hasPeriphery_2: texRes = 128.0
36.9949 	EXP 	noPeriphery_2: texRes = 128.0
37.1773 	EXP 	hasPeriphery_2: texRes = 128.0
37.1773 	EXP 	noPeriphery_2: texRes = 128.0
37.3440 	EXP 	hasPeriphery_2: texRes = 128.0
37.3440 	EXP 	noPeriphery_2: texRes = 128.0
37.5111 	EXP 	hasPeriphery_2: texRes = 128.0
37.5111 	EXP 	noPeriphery_2: texRes = 128.0
37.6783 	EXP 	hasPeriphery_2: texRes = 128.0
37.6783 	EXP 	noPeriphery_2: texRes = 128.0
37.8439 	EXP 	hasPeriphery_2: texRes = 128.0
37.8439 	EXP 	noPeriphery_2: texRes = 128.0
38.0107 	EXP 	hasPeriphery_2: texRes = 128.0
38.0107 	EXP 	noPeriphery_2: texRes = 128.0
38.1948 	EXP 	hasPeriphery_2: texRes = 128.0
38.1948 	EXP 	noPeriphery_2: texRes = 128.0
38.3207 	DATA 	Keypress: space
38.3608 	EXP 	hasPeriphery_2: texRes = 128.0
38.3608 	EXP 	noPeriphery_2: texRes = 128.0
38.4751 	EXP 	New trial (rep=0, index=5): {'startImage': 'C:\\Users\\hesselmann\\Desktop\\PsychoPyUniformityIllusion\\UniformityIllusionPsychoPy\\Pics\\6start.png', 'endImage': 'C:\\Users\\hesselmann\\Desktop\\PsychoPyUniformityIllusion\\UniformityIllusionPsychoPy\\Pics\\6b.png', 'AB': 'b'}
38.7107 	EXP 	hasPeriphery_2: texRes = 128.0
38.7107 	EXP 	noPeriphery_2: texRes = 128.0
38.7107 	EXP 	hasPeriphery_2: autoDraw = False
38.7107 	EXP 	noPeriphery_2: autoDraw = False
38.7107 	EXP 	text_2: autoDraw = False
38.7107 	EXP 	hasPeriphery_2: size = array([1.77777778, 1.        ])
38.7107 	EXP 	hasPeriphery_2: image = 'C:\\Users\\hesselmann\\Desktop\\PsychoPyUniformityIllusion\\UniformityIllusionPsychoPy\\Pics\\6b.png'
38.7107 	EXP 	noPeriphery_2: size = array([1.77777778, 1.        ])
38.7107 	EXP 	noPeriphery_2: image = 'C:\\Users\\hesselmann\\Desktop\\PsychoPyUniformityIllusion\\UniformityIllusionPsychoPy\\Pics\\6start.png'
38.7107 	EXP 	hasPeriphery_2: autoDraw = True
38.7107 	EXP 	hasPeriphery_2: texRes = 128.0
38.7107 	EXP 	noPeriphery_2: autoDraw = True
38.7107 	EXP 	noPeriphery_2: texRes = 128.0
38.7107 	EXP 	text_2: autoDraw = True
38.8613 	EXP 	hasPeriphery_2: texRes = 128.0
38.8613 	EXP 	noPeriphery_2: texRes = 128.0
39.0299 	EXP 	hasPeriphery_2: texRes = 128.0
39.0299 	EXP 	noPeriphery_2: texRes = 128.0
39.1939 	EXP 	hasPeriphery_2: texRes = 128.0
39.1939 	EXP 	noPeriphery_2: texRes = 128.0
39.3051 	EXP 	New trial (rep=0, index=6): {'startImage': 'C:\\Users\\hesselmann\\Desktop\\PsychoPyUniformityIllusion\\UniformityIllusionPsychoPy\\Pics\\7start.png', 'endImage': 'C:\\Users\\hesselmann\\Desktop\\PsychoPyUniformityIllusion\\UniformityIllusionPsychoPy\\Pics\\7a.png', 'AB': None}
39.5544 	DATA 	Keypress: space
39.5960 	EXP 	hasPeriphery_2: texRes = 128.0
39.5960 	EXP 	noPeriphery_2: texRes = 128.0
39.5960 	EXP 	hasPeriphery_2: autoDraw = False
39.5960 	EXP 	noPeriphery_2: autoDraw = False
39.5960 	EXP 	text_2: autoDraw = False
39.5960 	EXP 	hasPeriphery_2: size = array([1.77777778, 1.        ])
39.5960 	EXP 	hasPeriphery_2: image = 'C:\\Users\\hesselmann\\Desktop\\PsychoPyUniformityIllusion\\UniformityIllusionPsychoPy\\Pics\\7a.png'
39.5960 	EXP 	noPeriphery_2: size = array([1.77777778, 1.        ])
39.5960 	EXP 	noPeriphery_2: image = 'C:\\Users\\hesselmann\\Desktop\\PsychoPyUniformityIllusion\\UniformityIllusionPsychoPy\\Pics\\7start.png'
39.5960 	EXP 	hasPeriphery_2: autoDraw = True
39.5960 	EXP 	hasPeriphery_2: texRes = 128.0
39.5960 	EXP 	noPeriphery_2: autoDraw = True
39.5960 	EXP 	noPeriphery_2: texRes = 128.0
39.5960 	EXP 	text_2: autoDraw = True
39.7604 	EXP 	hasPeriphery_2: texRes = 128.0
39.7604 	EXP 	noPeriphery_2: texRes = 128.0
39.9444 	EXP 	hasPeriphery_2: texRes = 128.0
39.9444 	EXP 	noPeriphery_2: texRes = 128.0
40.0805 	DATA 	Keypress: space
40.1270 	EXP 	hasPeriphery_2: texRes = 128.0
40.1270 	EXP 	noPeriphery_2: texRes = 128.0
40.2551 	EXP 	New trial (rep=0, index=7): {'startImage': 'C:\\Users\\hesselmann\\Desktop\\PsychoPyUniformityIllusion\\UniformityIllusionPsychoPy\\Pics\\7start.png', 'endImage': 'C:\\Users\\hesselmann\\Desktop\\PsychoPyUniformityIllusion\\UniformityIllusionPsychoPy\\Pics\\7b.png', 'AB': None}
40.5302 	EXP 	hasPeriphery_2: texRes = 128.0
40.5302 	EXP 	noPeriphery_2: texRes = 128.0
40.5302 	EXP 	hasPeriphery_2: autoDraw = False
40.5302 	EXP 	noPeriphery_2: autoDraw = False
40.5302 	EXP 	text_2: autoDraw = False
40.5302 	EXP 	hasPeriphery_2: size = array([1.77777778, 1.        ])
40.5302 	EXP 	hasPeriphery_2: image = 'C:\\Users\\hesselmann\\Desktop\\PsychoPyUniformityIllusion\\UniformityIllusionPsychoPy\\Pics\\7b.png'
40.5302 	EXP 	noPeriphery_2: size = array([1.77777778, 1.        ])
40.5302 	EXP 	noPeriphery_2: image = 'C:\\Users\\hesselmann\\Desktop\\PsychoPyUniformityIllusion\\UniformityIllusionPsychoPy\\Pics\\7start.png'
40.5302 	EXP 	hasPeriphery_2: autoDraw = True
40.5302 	EXP 	hasPeriphery_2: texRes = 128.0
40.5302 	EXP 	noPeriphery_2: autoDraw = True
40.5302 	EXP 	noPeriphery_2: texRes = 128.0
40.5302 	EXP 	text_2: autoDraw = True
40.6941 	EXP 	hasPeriphery_2: texRes = 128.0
40.6941 	EXP 	noPeriphery_2: texRes = 128.0
40.8778 	EXP 	hasPeriphery_2: texRes = 128.0
40.8778 	EXP 	noPeriphery_2: texRes = 128.0
41.0620 	EXP 	hasPeriphery_2: texRes = 128.0
41.0620 	EXP 	noPeriphery_2: texRes = 128.0
41.2474 	EXP 	hasPeriphery_2: texRes = 128.0
41.2474 	EXP 	noPeriphery_2: texRes = 128.0
41.4286 	EXP 	hasPeriphery_2: texRes = 128.0
41.4286 	EXP 	noPeriphery_2: texRes = 128.0
41.6104 	EXP 	hasPeriphery_2: texRes = 128.0
41.6104 	EXP 	noPeriphery_2: texRes = 128.0
41.7937 	EXP 	hasPeriphery_2: texRes = 128.0
41.7937 	EXP 	noPeriphery_2: texRes = 128.0
41.9950 	EXP 	hasPeriphery_2: texRes = 128.0
41.9950 	EXP 	noPeriphery_2: texRes = 128.0
42.1769 	EXP 	hasPeriphery_2: texRes = 128.0
42.1769 	EXP 	noPeriphery_2: texRes = 128.0
42.3630 	EXP 	hasPeriphery_2: texRes = 128.0
42.3630 	EXP 	noPeriphery_2: texRes = 128.0
42.5443 	EXP 	hasPeriphery_2: texRes = 128.0
42.5443 	EXP 	noPeriphery_2: texRes = 128.0
42.7330 	EXP 	hasPeriphery_2: texRes = 128.0
42.7330 	EXP 	noPeriphery_2: texRes = 128.0
42.9268 	EXP 	hasPeriphery_2: texRes = 128.0
42.9268 	EXP 	noPeriphery_2: texRes = 128.0
43.1277 	EXP 	hasPeriphery_2: texRes = 128.0
43.1277 	EXP 	noPeriphery_2: texRes = 128.0
43.3104 	EXP 	hasPeriphery_2: texRes = 128.0
43.3104 	EXP 	noPeriphery_2: texRes = 128.0
43.4935 	EXP 	hasPeriphery_2: texRes = 128.0
43.4935 	EXP 	noPeriphery_2: texRes = 128.0
43.6381 	DATA 	Keypress: space
43.6788 	EXP 	hasPeriphery_2: texRes = 128.0
43.6788 	EXP 	noPeriphery_2: texRes = 128.0
43.8056 	EXP 	New trial (rep=0, index=8): {'startImage': 'C:\\Users\\hesselmann\\Desktop\\PsychoPyUniformityIllusion\\UniformityIllusionPsychoPy\\Pics\\8start.png', 'endImage': 'C:\\Users\\hesselmann\\Desktop\\PsychoPyUniformityIllusion\\UniformityIllusionPsychoPy\\Pics\\8a.png', 'AB': None}
44.0600 	EXP 	hasPeriphery_2: texRes = 128.0
44.0600 	EXP 	noPeriphery_2: texRes = 128.0
44.0600 	EXP 	hasPeriphery_2: autoDraw = False
44.0600 	EXP 	noPeriphery_2: autoDraw = False
44.0600 	EXP 	text_2: autoDraw = False
44.0600 	EXP 	hasPeriphery_2: size = array([1.77777778, 1.        ])
44.0600 	EXP 	hasPeriphery_2: image = 'C:\\Users\\hesselmann\\Desktop\\PsychoPyUniformityIllusion\\UniformityIllusionPsychoPy\\Pics\\8a.png'
44.0600 	EXP 	noPeriphery_2: size = array([1.77777778, 1.        ])
44.0600 	EXP 	noPeriphery_2: image = 'C:\\Users\\hesselmann\\Desktop\\PsychoPyUniformityIllusion\\UniformityIllusionPsychoPy\\Pics\\8start.png'
44.0600 	EXP 	hasPeriphery_2: autoDraw = True
44.0600 	EXP 	hasPeriphery_2: texRes = 128.0
44.0600 	EXP 	noPeriphery_2: autoDraw = True
44.0600 	EXP 	noPeriphery_2: texRes = 128.0
44.0600 	EXP 	text_2: autoDraw = True
44.2148 	EXP 	hasPeriphery_2: texRes = 128.0
44.2148 	EXP 	noPeriphery_2: texRes = 128.0
44.3947 	EXP 	hasPeriphery_2: texRes = 128.0
44.3947 	EXP 	noPeriphery_2: texRes = 128.0
44.5612 	EXP 	hasPeriphery_2: texRes = 128.0
44.5612 	EXP 	noPeriphery_2: texRes = 128.0
44.7268 	EXP 	hasPeriphery_2: texRes = 128.0
44.7268 	EXP 	noPeriphery_2: texRes = 128.0
44.8958 	EXP 	hasPeriphery_2: texRes = 128.0
44.8958 	EXP 	noPeriphery_2: texRes = 128.0
45.0599 	EXP 	hasPeriphery_2: texRes = 128.0
45.0599 	EXP 	noPeriphery_2: texRes = 128.0
45.2272 	EXP 	hasPeriphery_2: texRes = 128.0
45.2272 	EXP 	noPeriphery_2: texRes = 128.0
45.3972 	EXP 	hasPeriphery_2: texRes = 128.0
45.3972 	EXP 	noPeriphery_2: texRes = 128.0
45.5125 	EXP 	New trial (rep=0, index=9): {'startImage': 'C:\\Users\\hesselmann\\Desktop\\PsychoPyUniformityIllusion\\UniformityIllusionPsychoPy\\Pics\\8start.png', 'endImage': 'C:\\Users\\hesselmann\\Desktop\\PsychoPyUniformityIllusion\\UniformityIllusionPsychoPy\\Pics\\8b.png', 'AB': None}
45.7081 	DATA 	Keypress: space
45.7599 	EXP 	hasPeriphery_2: texRes = 128.0
45.7599 	EXP 	noPeriphery_2: texRes = 128.0
45.7599 	EXP 	hasPeriphery_2: autoDraw = False
45.7599 	EXP 	noPeriphery_2: autoDraw = False
45.7599 	EXP 	text_2: autoDraw = False
45.7599 	EXP 	hasPeriphery_2: size = array([1.77777778, 1.        ])
45.7599 	EXP 	hasPeriphery_2: image = 'C:\\Users\\hesselmann\\Desktop\\PsychoPyUniformityIllusion\\UniformityIllusionPsychoPy\\Pics\\8b.png'
45.7599 	EXP 	noPeriphery_2: size = array([1.77777778, 1.        ])
45.7599 	EXP 	noPeriphery_2: image = 'C:\\Users\\hesselmann\\Desktop\\PsychoPyUniformityIllusion\\UniformityIllusionPsychoPy\\Pics\\8start.png'
45.7599 	EXP 	hasPeriphery_2: autoDraw = True
45.7599 	EXP 	hasPeriphery_2: texRes = 128.0
45.7599 	EXP 	noPeriphery_2: autoDraw = True
45.7599 	EXP 	noPeriphery_2: texRes = 128.0
45.7599 	EXP 	text_2: autoDraw = True
45.9102 	EXP 	hasPeriphery_2: texRes = 128.0
45.9102 	EXP 	noPeriphery_2: texRes = 128.0
46.0766 	EXP 	hasPeriphery_2: texRes = 128.0
46.0766 	EXP 	noPeriphery_2: texRes = 128.0
46.2265 	EXP 	hasPeriphery_2: texRes = 128.0
46.2265 	EXP 	noPeriphery_2: texRes = 128.0
46.3947 	EXP 	hasPeriphery_2: texRes = 128.0
46.3947 	EXP 	noPeriphery_2: texRes = 128.0
46.4977 	EXP 	New trial (rep=0, index=10): {'startImage': 'C:\\Users\\hesselmann\\Desktop\\PsychoPyUniformityIllusion\\UniformityIllusionPsychoPy\\Pics\\9start.png', 'endImage': 'C:\\Users\\hesselmann\\Desktop\\PsychoPyUniformityIllusion\\UniformityIllusionPsychoPy\\Pics\\9a.png', 'AB': None}
46.7080 	DATA 	Keypress: space
46.7598 	EXP 	hasPeriphery_2: texRes = 128.0
46.7598 	EXP 	noPeriphery_2: texRes = 128.0
46.7598 	EXP 	hasPeriphery_2: autoDraw = False
46.7598 	EXP 	noPeriphery_2: autoDraw = False
46.7598 	EXP 	text_2: autoDraw = False
46.7598 	EXP 	hasPeriphery_2: size = array([1.77777778, 1.        ])
46.7598 	EXP 	hasPeriphery_2: image = 'C:\\Users\\hesselmann\\Desktop\\PsychoPyUniformityIllusion\\UniformityIllusionPsychoPy\\Pics\\9a.png'
46.7598 	EXP 	noPeriphery_2: size = array([1.77777778, 1.        ])
46.7598 	EXP 	noPeriphery_2: image = 'C:\\Users\\hesselmann\\Desktop\\PsychoPyUniformityIllusion\\UniformityIllusionPsychoPy\\Pics\\9start.png'
46.7598 	EXP 	hasPeriphery_2: autoDraw = True
46.7598 	EXP 	hasPeriphery_2: texRes = 128.0
46.7598 	EXP 	noPeriphery_2: autoDraw = True
46.7598 	EXP 	noPeriphery_2: texRes = 128.0
46.7598 	EXP 	text_2: autoDraw = True
46.8961 	EXP 	hasPeriphery_2: texRes = 128.0
46.8961 	EXP 	noPeriphery_2: texRes = 128.0
47.0493 	EXP 	hasPeriphery_2: texRes = 128.0
47.0493 	EXP 	noPeriphery_2: texRes = 128.0
47.2431 	EXP 	hasPeriphery_2: texRes = 128.0
47.2431 	EXP 	noPeriphery_2: texRes = 128.0
47.3619 	EXP 	New trial (rep=0, index=11): {'startImage': 'C:\\Users\\hesselmann\\Desktop\\PsychoPyUniformityIllusion\\UniformityIllusionPsychoPy\\Pics\\9start.png', 'endImage': 'C:\\Users\\hesselmann\\Desktop\\PsychoPyUniformityIllusion\\UniformityIllusionPsychoPy\\Pics\\9b.png', 'AB': None}
47.5467 	DATA 	Keypress: space
47.5933 	EXP 	hasPeriphery_2: texRes = 128.0
47.5933 	EXP 	noPeriphery_2: texRes = 128.0
47.5933 	EXP 	hasPeriphery_2: autoDraw = False
47.5933 	EXP 	noPeriphery_2: autoDraw = False
47.5933 	EXP 	text_2: autoDraw = False
47.5933 	EXP 	hasPeriphery_2: size = array([1.77777778, 1.        ])
47.5933 	EXP 	hasPeriphery_2: image = 'C:\\Users\\hesselmann\\Desktop\\PsychoPyUniformityIllusion\\UniformityIllusionPsychoPy\\Pics\\9b.png'
47.5933 	EXP 	noPeriphery_2: size = array([1.77777778, 1.        ])
47.5933 	EXP 	noPeriphery_2: image = 'C:\\Users\\hesselmann\\Desktop\\PsychoPyUniformityIllusion\\UniformityIllusionPsychoPy\\Pics\\9start.png'
47.5933 	EXP 	hasPeriphery_2: autoDraw = True
47.5933 	EXP 	hasPeriphery_2: texRes = 128.0
47.5933 	EXP 	noPeriphery_2: autoDraw = True
47.5933 	EXP 	noPeriphery_2: texRes = 128.0
47.5933 	EXP 	text_2: autoDraw = True
47.7271 	EXP 	hasPeriphery_2: texRes = 128.0
47.7271 	EXP 	noPeriphery_2: texRes = 128.0
47.8773 	EXP 	hasPeriphery_2: texRes = 128.0
47.8773 	EXP 	noPeriphery_2: texRes = 128.0
47.9708 	EXP 	New trial (rep=0, index=12): {'startImage': 'C:\\Users\\hesselmann\\Desktop\\PsychoPyUniformityIllusion\\UniformityIllusionPsychoPy\\Pics\\10start.png', 'endImage': 'C:\\Users\\hesselmann\\Desktop\\PsychoPyUniformityIllusion\\UniformityIllusionPsychoPy\\Pics\\10a.png', 'AB': None}
48.2129 	DATA 	Keypress: space
48.2597 	EXP 	hasPeriphery_2: texRes = 128.0
48.2597 	EXP 	noPeriphery_2: texRes = 128.0
48.2597 	EXP 	hasPeriphery_2: autoDraw = False
48.2597 	EXP 	noPeriphery_2: autoDraw = False
48.2597 	EXP 	text_2: autoDraw = False
48.2597 	EXP 	hasPeriphery_2: size = array([1.77777778, 1.        ])
48.2597 	EXP 	hasPeriphery_2: image = 'C:\\Users\\hesselmann\\Desktop\\PsychoPyUniformityIllusion\\UniformityIllusionPsychoPy\\Pics\\10a.png'
48.2597 	EXP 	noPeriphery_2: size = array([1.77777778, 1.        ])
48.2597 	EXP 	noPeriphery_2: image = 'C:\\Users\\hesselmann\\Desktop\\PsychoPyUniformityIllusion\\UniformityIllusionPsychoPy\\Pics\\10start.png'
48.2597 	EXP 	hasPeriphery_2: autoDraw = True
48.2597 	EXP 	hasPeriphery_2: texRes = 128.0
48.2597 	EXP 	noPeriphery_2: autoDraw = True
48.2597 	EXP 	noPeriphery_2: texRes = 128.0
48.2597 	EXP 	text_2: autoDraw = True
48.3861 	DATA 	Keypress: space
48.4267 	EXP 	hasPeriphery_2: texRes = 128.0
48.4267 	EXP 	noPeriphery_2: texRes = 128.0
48.5659 	EXP 	New trial (rep=0, index=13): {'startImage': 'C:\\Users\\hesselmann\\Desktop\\PsychoPyUniformityIllusion\\UniformityIllusionPsychoPy\\Pics\\10start.png', 'endImage': 'C:\\Users\\hesselmann\\Desktop\\PsychoPyUniformityIllusion\\UniformityIllusionPsychoPy\\Pics\\10b.png', 'AB': None}
48.8604 	EXP 	hasPeriphery_2: texRes = 128.0
48.8604 	EXP 	noPeriphery_2: texRes = 128.0
48.8604 	EXP 	hasPeriphery_2: autoDraw = False
48.8604 	EXP 	noPeriphery_2: autoDraw = False
48.8604 	EXP 	text_2: autoDraw = False
48.8604 	EXP 	hasPeriphery_2: size = array([1.77777778, 1.        ])
48.8604 	EXP 	hasPeriphery_2: image = 'C:\\Users\\hesselmann\\Desktop\\PsychoPyUniformityIllusion\\UniformityIllusionPsychoPy\\Pics\\10b.png'
48.8604 	EXP 	noPeriphery_2: size = array([1.77777778, 1.        ])
48.8604 	EXP 	noPeriphery_2: image = 'C:\\Users\\hesselmann\\Desktop\\PsychoPyUniformityIllusion\\UniformityIllusionPsychoPy\\Pics\\10start.png'
48.8604 	EXP 	hasPeriphery_2: autoDraw = True
48.8604 	EXP 	hasPeriphery_2: texRes = 128.0
48.8604 	EXP 	noPeriphery_2: autoDraw = True
48.8604 	EXP 	noPeriphery_2: texRes = 128.0
48.8604 	EXP 	text_2: autoDraw = True
48.9893 	DATA 	Keypress: space
49.0288 	EXP 	hasPeriphery_2: texRes = 128.0
49.0288 	EXP 	noPeriphery_2: texRes = 128.0
49.2279 	EXP 	hasPeriphery_2: texRes = 128.0
49.2279 	EXP 	noPeriphery_2: texRes = 128.0
49.3628 	EXP 	New trial (rep=0, index=14): {'startImage': 'C:\\Users\\hesselmann\\Desktop\\PsychoPyUniformityIllusion\\UniformityIllusionPsychoPy\\Pics\\11start.png', 'endImage': 'C:\\Users\\hesselmann\\Desktop\\PsychoPyUniformityIllusion\\UniformityIllusionPsychoPy\\Pics\\11a.png', 'AB': None}
49.6286 	DATA 	Keypress: space
49.6763 	EXP 	hasPeriphery_2: texRes = 128.0
49.6763 	EXP 	noPeriphery_2: texRes = 128.0
49.6763 	EXP 	hasPeriphery_2: autoDraw = False
49.6763 	EXP 	noPeriphery_2: autoDraw = False
49.6763 	EXP 	text_2: autoDraw = False
49.6763 	EXP 	hasPeriphery_2: size = array([1.77777778, 1.        ])
49.6763 	EXP 	hasPeriphery_2: image = 'C:\\Users\\hesselmann\\Desktop\\PsychoPyUniformityIllusion\\UniformityIllusionPsychoPy\\Pics\\11a.png'
49.6763 	EXP 	noPeriphery_2: size = array([1.77777778, 1.        ])
49.6763 	EXP 	noPeriphery_2: image = 'C:\\Users\\hesselmann\\Desktop\\PsychoPyUniformityIllusion\\UniformityIllusionPsychoPy\\Pics\\11start.png'
49.6763 	EXP 	hasPeriphery_2: autoDraw = True
49.6763 	EXP 	hasPeriphery_2: texRes = 128.0
49.6763 	EXP 	noPeriphery_2: autoDraw = True
49.6763 	EXP 	noPeriphery_2: texRes = 128.0
49.6763 	EXP 	text_2: autoDraw = True
49.7969 	EXP 	New trial (rep=0, index=15): {'startImage': 'C:\\Users\\hesselmann\\Desktop\\PsychoPyUniformityIllusion\\UniformityIllusionPsychoPy\\Pics\\11start.png', 'endImage': 'C:\\Users\\hesselmann\\Desktop\\PsychoPyUniformityIllusion\\UniformityIllusionPsychoPy\\Pics\\11b.png', 'AB': None}
50.0313 	DATA 	Keypress: space
50.0761 	EXP 	hasPeriphery_2: texRes = 128.0
50.0761 	EXP 	noPeriphery_2: texRes = 128.0
50.0761 	EXP 	hasPeriphery_2: autoDraw = False
50.0761 	EXP 	noPeriphery_2: autoDraw = False
50.0761 	EXP 	text_2: autoDraw = False
50.0761 	EXP 	hasPeriphery_2: size = array([1.77777778, 1.        ])
50.0761 	EXP 	hasPeriphery_2: image = 'C:\\Users\\hesselmann\\Desktop\\PsychoPyUniformityIllusion\\UniformityIllusionPsychoPy\\Pics\\11b.png'
50.0761 	EXP 	noPeriphery_2: size = array([1.77777778, 1.        ])
50.0761 	EXP 	noPeriphery_2: image = 'C:\\Users\\hesselmann\\Desktop\\PsychoPyUniformityIllusion\\UniformityIllusionPsychoPy\\Pics\\11start.png'
50.0761 	EXP 	hasPeriphery_2: autoDraw = True
50.0761 	EXP 	hasPeriphery_2: texRes = 128.0
50.0761 	EXP 	noPeriphery_2: autoDraw = True
50.0761 	EXP 	noPeriphery_2: texRes = 128.0
50.0761 	EXP 	text_2: autoDraw = True
50.2432 	EXP 	hasPeriphery_2: texRes = 128.0
50.2432 	EXP 	noPeriphery_2: texRes = 128.0
50.3960 	EXP 	New trial (rep=0, index=16): {'startImage': 'C:\\Users\\hesselmann\\Desktop\\PsychoPyUniformityIllusion\\UniformityIllusionPsychoPy\\Pics\\12start.png', 'endImage': 'C:\\Users\\hesselmann\\Desktop\\PsychoPyUniformityIllusion\\UniformityIllusionPsychoPy\\Pics\\12a.png', 'AB': None}
50.5850 	DATA 	Keypress: space
50.6273 	EXP 	hasPeriphery_2: texRes = 128.0
50.6273 	EXP 	noPeriphery_2: texRes = 128.0
50.6273 	EXP 	hasPeriphery_2: autoDraw = False
50.6273 	EXP 	noPeriphery_2: autoDraw = False
50.6273 	EXP 	text_2: autoDraw = False
50.6273 	EXP 	hasPeriphery_2: size = array([1.77777778, 1.        ])
50.6273 	EXP 	hasPeriphery_2: image = 'C:\\Users\\hesselmann\\Desktop\\PsychoPyUniformityIllusion\\UniformityIllusionPsychoPy\\Pics\\12a.png'
50.6273 	EXP 	noPeriphery_2: size = array([1.77777778, 1.        ])
50.6273 	EXP 	noPeriphery_2: image = 'C:\\Users\\hesselmann\\Desktop\\PsychoPyUniformityIllusion\\UniformityIllusionPsychoPy\\Pics\\12start.png'
50.6273 	EXP 	hasPeriphery_2: autoDraw = True
50.6273 	EXP 	hasPeriphery_2: texRes = 128.0
50.6273 	EXP 	noPeriphery_2: autoDraw = True
50.6273 	EXP 	noPeriphery_2: texRes = 128.0
50.6273 	EXP 	text_2: autoDraw = True
50.7191 	DATA 	Keypress: space
50.7595 	EXP 	hasPeriphery_2: texRes = 128.0
50.7595 	EXP 	noPeriphery_2: texRes = 128.0
50.9124 	EXP 	hasPeriphery_2: texRes = 128.0
50.9124 	EXP 	noPeriphery_2: texRes = 128.0
51.0241 	DATA 	Keypress: space
51.0671 	EXP 	hasPeriphery_2: texRes = 128.0
51.0671 	EXP 	noPeriphery_2: texRes = 128.0
51.1599 	EXP 	New trial (rep=0, index=17): {'startImage': 'C:\\Users\\hesselmann\\Desktop\\PsychoPyUniformityIllusion\\UniformityIllusionPsychoPy\\Pics\\12start.png', 'endImage': 'C:\\Users\\hesselmann\\Desktop\\PsychoPyUniformityIllusion\\UniformityIllusionPsychoPy\\Pics\\12b.png', 'AB': None}
51.3480 	DATA 	Keypress: space
51.3928 	EXP 	hasPeriphery_2: texRes = 128.0
51.3928 	EXP 	noPeriphery_2: texRes = 128.0
51.3928 	EXP 	hasPeriphery_2: autoDraw = False
51.3928 	EXP 	noPeriphery_2: autoDraw = False
51.3928 	EXP 	text_2: autoDraw = False
51.3928 	EXP 	hasPeriphery_2: size = array([1.77777778, 1.        ])
51.3928 	EXP 	hasPeriphery_2: image = 'C:\\Users\\hesselmann\\Desktop\\PsychoPyUniformityIllusion\\UniformityIllusionPsychoPy\\Pics\\12b.png'
51.3928 	EXP 	noPeriphery_2: size = array([1.77777778, 1.        ])
51.3928 	EXP 	noPeriphery_2: image = 'C:\\Users\\hesselmann\\Desktop\\PsychoPyUniformityIllusion\\UniformityIllusionPsychoPy\\Pics\\12start.png'
51.3928 	EXP 	hasPeriphery_2: autoDraw = True
51.3928 	EXP 	hasPeriphery_2: texRes = 128.0
51.3928 	EXP 	noPeriphery_2: autoDraw = True
51.3928 	EXP 	noPeriphery_2: texRes = 128.0
51.3928 	EXP 	text_2: autoDraw = True
51.5273 	EXP 	hasPeriphery_2: texRes = 128.0
51.5273 	EXP 	noPeriphery_2: texRes = 128.0
51.6771 	EXP 	hasPeriphery_2: texRes = 128.0
51.6771 	EXP 	noPeriphery_2: texRes = 128.0
51.8432 	EXP 	hasPeriphery_2: texRes = 128.0
51.8432 	EXP 	noPeriphery_2: texRes = 128.0
51.9972 	EXP 	hasPeriphery_2: texRes = 128.0
51.9972 	EXP 	noPeriphery_2: texRes = 128.0
52.1593 	EXP 	hasPeriphery_2: texRes = 128.0
52.1593 	EXP 	noPeriphery_2: texRes = 128.0
52.3273 	EXP 	hasPeriphery_2: texRes = 128.0
52.3273 	EXP 	noPeriphery_2: texRes = 128.0
52.4764 	EXP 	hasPeriphery_2: texRes = 128.0
52.4764 	EXP 	noPeriphery_2: texRes = 128.0
52.6450 	EXP 	hasPeriphery_2: texRes = 128.0
52.6450 	EXP 	noPeriphery_2: texRes = 128.0
52.7966 	EXP 	hasPeriphery_2: texRes = 128.0
52.7966 	EXP 	noPeriphery_2: texRes = 128.0
52.9598 	EXP 	hasPeriphery_2: texRes = 128.0
52.9598 	EXP 	noPeriphery_2: texRes = 128.0
53.1116 	EXP 	hasPeriphery_2: texRes = 128.0
53.1116 	EXP 	noPeriphery_2: texRes = 128.0
53.2596 	EXP 	hasPeriphery_2: texRes = 128.0
53.2596 	EXP 	noPeriphery_2: texRes = 128.0
53.4264 	EXP 	hasPeriphery_2: texRes = 128.0
53.4264 	EXP 	noPeriphery_2: texRes = 128.0
53.5353 	EXP 	New trial (rep=0, index=18): {'startImage': 'C:\\Users\\hesselmann\\Desktop\\PsychoPyUniformityIllusion\\UniformityIllusionPsychoPy\\Pics\\13start.png', 'endImage': 'C:\\Users\\hesselmann\\Desktop\\PsychoPyUniformityIllusion\\UniformityIllusionPsychoPy\\Pics\\13a.png', 'AB': None}
53.8779 	DATA 	Keypress: space
53.9272 	EXP 	hasPeriphery_2: texRes = 128.0
53.9272 	EXP 	noPeriphery_2: texRes = 128.0
53.9272 	EXP 	hasPeriphery_2: autoDraw = False
53.9272 	EXP 	noPeriphery_2: autoDraw = False
53.9272 	EXP 	text_2: autoDraw = False
53.9272 	EXP 	hasPeriphery_2: size = array([1.77777778, 1.        ])
53.9272 	EXP 	hasPeriphery_2: image = 'C:\\Users\\hesselmann\\Desktop\\PsychoPyUniformityIllusion\\UniformityIllusionPsychoPy\\Pics\\13a.png'
53.9272 	EXP 	noPeriphery_2: size = array([1.77777778, 1.        ])
53.9272 	EXP 	noPeriphery_2: image = 'C:\\Users\\hesselmann\\Desktop\\PsychoPyUniformityIllusion\\UniformityIllusionPsychoPy\\Pics\\13start.png'
53.9272 	EXP 	hasPeriphery_2: autoDraw = True
53.9272 	EXP 	hasPeriphery_2: texRes = 128.0
53.9272 	EXP 	noPeriphery_2: autoDraw = True
53.9272 	EXP 	noPeriphery_2: texRes = 128.0
53.9272 	EXP 	text_2: autoDraw = True
54.0645 	DATA 	Keypress: space
54.1093 	EXP 	hasPeriphery_2: texRes = 128.0
54.1093 	EXP 	noPeriphery_2: texRes = 128.0
54.2722 	EXP 	New trial (rep=0, index=19): {'startImage': 'C:\\Users\\hesselmann\\Desktop\\PsychoPyUniformityIllusion\\UniformityIllusionPsychoPy\\Pics\\13start.png', 'endImage': 'C:\\Users\\hesselmann\\Desktop\\PsychoPyUniformityIllusion\\UniformityIllusionPsychoPy\\Pics\\13b.png', 'AB': None}
54.5987 	EXP 	hasPeriphery_2: texRes = 128.0
54.5987 	EXP 	noPeriphery_2: texRes = 128.0
54.5987 	EXP 	hasPeriphery_2: autoDraw = False
54.5987 	EXP 	noPeriphery_2: autoDraw = False
54.5987 	EXP 	text_2: autoDraw = False
54.5987 	EXP 	hasPeriphery_2: size = array([1.77777778, 1.        ])
54.5987 	EXP 	hasPeriphery_2: image = 'C:\\Users\\hesselmann\\Desktop\\PsychoPyUniformityIllusion\\UniformityIllusionPsychoPy\\Pics\\13b.png'
54.5987 	EXP 	noPeriphery_2: size = array([1.77777778, 1.        ])
54.5987 	EXP 	noPeriphery_2: image = 'C:\\Users\\hesselmann\\Desktop\\PsychoPyUniformityIllusion\\UniformityIllusionPsychoPy\\Pics\\13start.png'
54.5987 	EXP 	hasPeriphery_2: autoDraw = True
54.5987 	EXP 	hasPeriphery_2: texRes = 128.0
54.5987 	EXP 	noPeriphery_2: autoDraw = True
54.5987 	EXP 	noPeriphery_2: texRes = 128.0
54.5987 	EXP 	text_2: autoDraw = True
54.7443 	DATA 	Keypress: space
54.7926 	EXP 	hasPeriphery_2: texRes = 128.0
54.7926 	EXP 	noPeriphery_2: texRes = 128.0
54.9673 	EXP 	New trial (rep=0, index=20): {'startImage': 'C:\\Users\\hesselmann\\Desktop\\PsychoPyUniformityIllusion\\UniformityIllusionPsychoPy\\Pics\\14start.png', 'endImage': 'C:\\Users\\hesselmann\\Desktop\\PsychoPyUniformityIllusion\\UniformityIllusionPsychoPy\\Pics\\14a.png', 'AB': None}
55.2757 	EXP 	hasPeriphery_2: texRes = 128.0
55.2757 	EXP 	noPeriphery_2: texRes = 128.0
55.2757 	EXP 	hasPeriphery_2: autoDraw = False
55.2757 	EXP 	noPeriphery_2: autoDraw = False
55.2757 	EXP 	text_2: autoDraw = False
55.2757 	EXP 	hasPeriphery_2: size = array([1.77777778, 1.        ])
55.2757 	EXP 	hasPeriphery_2: image = 'C:\\Users\\hesselmann\\Desktop\\PsychoPyUniformityIllusion\\UniformityIllusionPsychoPy\\Pics\\14a.png'
55.2757 	EXP 	noPeriphery_2: size = array([1.77777778, 1.        ])
55.2757 	EXP 	noPeriphery_2: image = 'C:\\Users\\hesselmann\\Desktop\\PsychoPyUniformityIllusion\\UniformityIllusionPsychoPy\\Pics\\14start.png'
55.2757 	EXP 	hasPeriphery_2: autoDraw = True
55.2757 	EXP 	hasPeriphery_2: texRes = 128.0
55.2757 	EXP 	noPeriphery_2: autoDraw = True
55.2757 	EXP 	noPeriphery_2: texRes = 128.0
55.2757 	EXP 	text_2: autoDraw = True
55.4072 	DATA 	Keypress: space
55.4484 	EXP 	hasPeriphery_2: texRes = 128.0
55.4484 	EXP 	noPeriphery_2: texRes = 128.0
55.6437 	EXP 	hasPeriphery_2: texRes = 128.0
55.6437 	EXP 	noPeriphery_2: texRes = 128.0
55.8426 	EXP 	hasPeriphery_2: texRes = 128.0
55.8426 	EXP 	noPeriphery_2: texRes = 128.0
55.9863 	EXP 	New trial (rep=0, index=21): {'startImage': 'C:\\Users\\hesselmann\\Desktop\\PsychoPyUniformityIllusion\\UniformityIllusionPsychoPy\\Pics\\14start.png', 'endImage': 'C:\\Users\\hesselmann\\Desktop\\PsychoPyUniformityIllusion\\UniformityIllusionPsychoPy\\Pics\\14b.png', 'AB': None}
56.1703 	DATA 	Keypress: space
56.2107 	EXP 	hasPeriphery_2: texRes = 128.0
56.2107 	EXP 	noPeriphery_2: texRes = 128.0
56.2107 	EXP 	hasPeriphery_2: autoDraw = False
56.2107 	EXP 	noPeriphery_2: autoDraw = False
56.2107 	EXP 	text_2: autoDraw = False
56.2107 	EXP 	hasPeriphery_2: size = array([1.77777778, 1.        ])
56.2107 	EXP 	hasPeriphery_2: image = 'C:\\Users\\hesselmann\\Desktop\\PsychoPyUniformityIllusion\\UniformityIllusionPsychoPy\\Pics\\14b.png'
56.2107 	EXP 	noPeriphery_2: size = array([1.77777778, 1.        ])
56.2107 	EXP 	noPeriphery_2: image = 'C:\\Users\\hesselmann\\Desktop\\PsychoPyUniformityIllusion\\UniformityIllusionPsychoPy\\Pics\\14start.png'
56.2107 	EXP 	hasPeriphery_2: autoDraw = True
56.2107 	EXP 	hasPeriphery_2: texRes = 128.0
56.2107 	EXP 	noPeriphery_2: autoDraw = True
56.2107 	EXP 	noPeriphery_2: texRes = 128.0
56.2107 	EXP 	text_2: autoDraw = True
56.3448 	EXP 	hasPeriphery_2: texRes = 128.0
56.3448 	EXP 	noPeriphery_2: texRes = 128.0
56.4526 	DATA 	Keypress: space
56.4938 	EXP 	hasPeriphery_2: texRes = 128.0
56.4938 	EXP 	noPeriphery_2: texRes = 128.0
56.5884 	EXP 	New trial (rep=0, index=22): {'startImage': 'C:\\Users\\hesselmann\\Desktop\\PsychoPyUniformityIllusion\\UniformityIllusionPsychoPy\\Pics\\15start.png', 'endImage': 'C:\\Users\\hesselmann\\Desktop\\PsychoPyUniformityIllusion\\UniformityIllusionPsychoPy\\Pics\\15a.png', 'AB': None}
56.7942 	EXP 	hasPeriphery_2: texRes = 128.0
56.7942 	EXP 	noPeriphery_2: texRes = 128.0
56.7942 	EXP 	hasPeriphery_2: autoDraw = False
56.7942 	EXP 	noPeriphery_2: autoDraw = False
56.7942 	EXP 	text_2: autoDraw = False
56.7942 	EXP 	hasPeriphery_2: size = array([1.77777778, 1.        ])
56.7942 	EXP 	hasPeriphery_2: image = 'C:\\Users\\hesselmann\\Desktop\\PsychoPyUniformityIllusion\\UniformityIllusionPsychoPy\\Pics\\15a.png'
56.7942 	EXP 	noPeriphery_2: size = array([1.77777778, 1.        ])
56.7942 	EXP 	noPeriphery_2: image = 'C:\\Users\\hesselmann\\Desktop\\PsychoPyUniformityIllusion\\UniformityIllusionPsychoPy\\Pics\\15start.png'
56.7942 	EXP 	hasPeriphery_2: autoDraw = True
56.7942 	EXP 	hasPeriphery_2: texRes = 128.0
56.7942 	EXP 	noPeriphery_2: autoDraw = True
56.7942 	EXP 	noPeriphery_2: texRes = 128.0
56.7942 	EXP 	text_2: autoDraw = True
56.9274 	EXP 	hasPeriphery_2: texRes = 128.0
56.9274 	EXP 	noPeriphery_2: texRes = 128.0
57.0758 	EXP 	hasPeriphery_2: texRes = 128.0
57.0758 	EXP 	noPeriphery_2: texRes = 128.0
57.1765 	DATA 	Keypress: space
57.2271 	EXP 	hasPeriphery_2: texRes = 128.0
57.2271 	EXP 	noPeriphery_2: texRes = 128.0
57.3154 	EXP 	New trial (rep=0, index=23): {'startImage': 'C:\\Users\\hesselmann\\Desktop\\PsychoPyUniformityIllusion\\UniformityIllusionPsychoPy\\Pics\\15start.png', 'endImage': 'C:\\Users\\hesselmann\\Desktop\\PsychoPyUniformityIllusion\\UniformityIllusionPsychoPy\\Pics\\15b.png', 'AB': None}
57.5257 	EXP 	hasPeriphery_2: texRes = 128.0
57.5257 	EXP 	noPeriphery_2: texRes = 128.0
57.5257 	EXP 	hasPeriphery_2: autoDraw = False
57.5257 	EXP 	noPeriphery_2: autoDraw = False
57.5257 	EXP 	text_2: autoDraw = False
57.5257 	EXP 	hasPeriphery_2: size = array([1.77777778, 1.        ])
57.5257 	EXP 	hasPeriphery_2: image = 'C:\\Users\\hesselmann\\Desktop\\PsychoPyUniformityIllusion\\UniformityIllusionPsychoPy\\Pics\\15b.png'
57.5257 	EXP 	noPeriphery_2: size = array([1.77777778, 1.        ])
57.5257 	EXP 	noPeriphery_2: image = 'C:\\Users\\hesselmann\\Desktop\\PsychoPyUniformityIllusion\\UniformityIllusionPsychoPy\\Pics\\15start.png'
57.5257 	EXP 	hasPeriphery_2: autoDraw = True
57.5257 	EXP 	hasPeriphery_2: texRes = 128.0
57.5257 	EXP 	noPeriphery_2: autoDraw = True
57.5257 	EXP 	noPeriphery_2: texRes = 128.0
57.5257 	EXP 	text_2: autoDraw = True
57.6591 	EXP 	hasPeriphery_2: texRes = 128.0
57.6591 	EXP 	noPeriphery_2: texRes = 128.0
57.8099 	EXP 	hasPeriphery_2: texRes = 128.0
57.8099 	EXP 	noPeriphery_2: texRes = 128.0
57.9599 	EXP 	hasPeriphery_2: texRes = 128.0
57.9599 	EXP 	noPeriphery_2: texRes = 128.0
58.1087 	EXP 	hasPeriphery_2: texRes = 128.0
58.1087 	EXP 	noPeriphery_2: texRes = 128.0
58.2443 	EXP 	hasPeriphery_2: texRes = 128.0
58.2443 	EXP 	noPeriphery_2: texRes = 128.0
58.3767 	EXP 	hasPeriphery_2: texRes = 128.0
58.3767 	EXP 	noPeriphery_2: texRes = 128.0
58.5253 	EXP 	hasPeriphery_2: texRes = 128.0
58.5253 	EXP 	noPeriphery_2: texRes = 128.0
58.6777 	EXP 	hasPeriphery_2: texRes = 128.0
58.6777 	EXP 	noPeriphery_2: texRes = 128.0
58.8255 	EXP 	hasPeriphery_2: texRes = 128.0
58.8255 	EXP 	noPeriphery_2: texRes = 128.0
58.9622 	EXP 	hasPeriphery_2: texRes = 128.0
58.9622 	EXP 	noPeriphery_2: texRes = 128.0
59.1090 	EXP 	hasPeriphery_2: texRes = 128.0
59.1090 	EXP 	noPeriphery_2: texRes = 128.0
59.2606 	EXP 	hasPeriphery_2: texRes = 128.0
59.2606 	EXP 	noPeriphery_2: texRes = 128.0
59.4086 	EXP 	hasPeriphery_2: texRes = 128.0
59.4086 	EXP 	noPeriphery_2: texRes = 128.0
59.5023 	DATA 	Keypress: space
59.5254 	EXP 	hasPeriphery_2: texRes = 128.0
59.5254 	EXP 	noPeriphery_2: texRes = 128.0
59.5254 	EXP 	hasPeriphery_2: autoDraw = False
59.5254 	EXP 	noPeriphery_2: autoDraw = False
59.5254 	EXP 	text_2: autoDraw = False
59.7999 	EXP 	window1: mouseVisible = True
