1.0697 	WARNING 	We strongly recommend you activate the PTB sound engine in PsychoPy prefs as the preferred audio engine. Its timing is vastly superior. Your prefs are currently set to use ['sounddevice', 'PTB', 'pyo', 'pygame'] (in that order).
6.1073 	EXP 	Created window1 = Window(allowGUI=False, allowStencil=False, autoLog=True, backendConf=UNKNOWN, bitsMode=UNKNOWN, blendMode='avg', bpc=(8, 8, 8), color=array([0, 0, 0]), colorSpace='rgb', depthBits=8, fullscr=<method-wrapper '__getattribute__' of attributeSetter object at 0x000001F389E64EB8>, gamma=None, gammaErrorPolicy='raise', lms=UNKNOWN, monitor=<psychopy.monitors.calibTools.Monitor object at 0x000001F389E3F550>, multiSample=False, name='window1', numSamples=2, pos=[0.0, 0.0], screen=0, size=array([1920, 1080]), stencilBits=0, stereo=False, units='height', useFBO=True, useRetina=False, viewOri=0.0, viewPos=None, viewScale=None, waitBlanking=True, winType='pyglet')
6.1075 	EXP 	window1: mouseVisible = True
6.1075 	EXP 	window1: recordFrameIntervals = False
6.2727 	EXP 	window1: recordFrameIntervals = True
6.4573 	EXP 	window1: recordFrameIntervals = False
6.8380 	EXP 	Created WelcomeText = TextStim(__class__=<class 'psychopy.visual.text.TextStim'>, alignHoriz=method-wrapper(...), alignText='center', alignVert=method-wrapper(...), anchorHoriz='center', anchorVert='center', antialias=True, autoLog=True, bold=False, color=array([1, 1, 1]), colorSpace='rgb', contrast=1.0, depth=0.0, flipHoriz=False, flipVert=False, font='Open Sans', fontFiles=[], height=0.1, italic=False, languageStyle='LTR', name='WelcomeText', opacity=1, ori=0.0, pos=array([0., 0.]), rgb=UNKNOWN, text='Welcome to our Study!', units='height', win=Window(...), wrapWidth=1)
6.8543 	EXP 	Imported depression.xlsx as conditions, 2 conditions, 12 params
6.8555 	EXP 	Question text: Sadness
6.8786 	EXP 	window1: mouseVisible = True
6.9132 	EXP 	Question text: Pessimism
6.9210 	EXP 	window1: mouseVisible = True
6.9437 	EXP 	window1: mouseVisible = True
6.9479 	EXP 	Created unnamed Rect = Rect(__class__=<class 'psychopy.visual.rect.Rect'>, autoDraw=False, autoLog=True, closeShape=True, color=method-wrapper(...), colorSpace='rgb', contrast=None, depth=0, fillColor=array([0, 0, 0]), fillColorSpace='rgb', fillRGB=UNKNOWN, interpolate=True, lineColor=array([0, 0, 0]), lineColorSpace='rgb', lineRGB=UNKNOWN, lineWidth=1.5, name='unnamed Rect', opacity=0, ori=0.0, pos=array([0., 0.]), size=array([0., 0.]), units='height', vertices=ndarray(...), win=Window(...))
6.9553 	EXP 	Created DepressionQuestionnaire = <psychopy.visual.form.Form object at 0x000001F38C910780>
6.9790 	EXP 	window1: mouseVisible = True
7.0224 	EXP 	Created instructionsText = TextStim(__class__=<class 'psychopy.visual.text.TextStim'>, alignHoriz=method-wrapper(...), alignText='center', alignVert=method-wrapper(...), anchorHoriz='center', anchorVert='center', antialias=True, autoLog=True, bold=False, color=array([1, 1, 1]), colorSpace='rgb', contrast=1.0, depth=0.0, flipHoriz=False, flipVert=False, font='Open Sans', fontFiles=[], height=0.04, italic=False, languageStyle='LTR', name='instructionsText', opacity=1, ori=0.0, pos=array([0., 0.]), rgb=UNKNOWN, text=str(...), units='height', win=Window(...), wrapWidth=1)
7.0254 	EXP 	Created hasPeriphery = ImageStim(__class__=<class 'psychopy.visual.image.ImageStim'>, autoLog=True, color=array([1, 1, 1]), colorSpace='rgb', contrast=1.0, depth=-1.0, flipHoriz=False, flipVert=False, image='sin', interpolate=True, mask=None, maskParams=None, name='hasPeriphery', opacity=1.0, ori=0.0, pos=array([0., 0.]), size=array([0.5, 0.5]), texRes=128.0, units='height', win=Window(...))
7.0279 	EXP 	Created noPeriphery = ImageStim(__class__=<class 'psychopy.visual.image.ImageStim'>, autoLog=True, color=array([1, 1, 1]), colorSpace='rgb', contrast=1.0, depth=-3.0, flipHoriz=False, flipVert=False, image='sin', interpolate=True, mask=None, maskParams=None, name='noPeriphery', opacity=1.0, ori=0.0, pos=array([0., 0.]), size=array([0.5, 0.5]), texRes=128.0, units='height', win=Window(...))
7.0290 	EXP 	Created blank_screen = Rect(__class__=<class 'psychopy.visual.rect.Rect'>, autoDraw=False, autoLog=True, closeShape=True, color=method-wrapper(...), colorSpace='rgb', contrast=None, depth=-4.0, fillColor=array([1, 1, 1]), fillColorSpace='rgb', fillRGB=UNKNOWN, interpolate=True, lineColor=array([1, 1, 1]), lineColorSpace='rgb', lineRGB=UNKNOWN, lineWidth=1.0, name='blank_screen', opacity=1.0, ori=0.0, pos=array([0., 0.]), size=array([2., 1.]), units='height', vertices=ndarray(...), win=Window(...))
7.0345 	EXP 	Created text = TextStim(__class__=<class 'psychopy.visual.text.TextStim'>, alignHoriz=method-wrapper(...), alignText='center', alignVert=method-wrapper(...), anchorHoriz='center', anchorVert='center', antialias=True, autoLog=True, bold=False, color=array([ 1, -1, -1]), colorSpace='rgb', contrast=1.0, depth=-5.0, flipHoriz=False, flipVert=False, font='Open Sans', fontFiles=[], height=0.1, italic=False, languageStyle='LTR', name='text', opacity=1, ori=0.0, pos=array([0., 0.]), rgb=UNKNOWN, text='+', units='height', win=Window(...), wrapWidth=1)
7.0452 	EXP 	Created WelcomeText = TextStim(__class__=<class 'psychopy.visual.text.TextStim'>, alignHoriz=method-wrapper(...), alignText='center', alignVert=method-wrapper(...), anchorHoriz='center', anchorVert='center', antialias=True, autoLog=True, bold=False, color=array([1, 1, 1]), colorSpace='rgb', contrast=1.0, depth=0.0, flipHoriz=False, flipVert=False, font='Open Sans', fontFiles=[], height=0.1, italic=False, languageStyle='LTR', name='WelcomeText', opacity=1, ori=0.0, pos=array([0., 0.]), rgb=UNKNOWN, text='Welcome to our Study!', units='height', win=Window(...), wrapWidth=1)
7.0478 	EXP 	Created hasPeriphery_2 = ImageStim(__class__=<class 'psychopy.visual.image.ImageStim'>, autoLog=True, color=array([1, 1, 1]), colorSpace='rgb', contrast=1.0, depth=-1.0, flipHoriz=False, flipVert=False, image='sin', interpolate=True, mask=None, maskParams=None, name='hasPeriphery_2', opacity=1.0, ori=0.0, pos=array([0., 0.]), size=array([0.5, 0.5]), texRes=128.0, units='height', win=Window(...))
7.0500 	EXP 	Created noPeriphery_2 = ImageStim(__class__=<class 'psychopy.visual.image.ImageStim'>, autoLog=True, color=array([1, 1, 1]), colorSpace='rgb', contrast=1.0, depth=-3.0, flipHoriz=False, flipVert=False, image='sin', interpolate=True, mask=None, maskParams=None, name='noPeriphery_2', opacity=1.0, ori=0.0, pos=array([0., 0.]), size=array([0.5, 0.5]), texRes=128.0, units='height', win=Window(...))
7.0518 	EXP 	Created text_2 = TextStim(__class__=<class 'psychopy.visual.text.TextStim'>, alignHoriz=method-wrapper(...), alignText='center', alignVert=method-wrapper(...), anchorHoriz='center', anchorVert='center', antialias=True, autoLog=True, bold=False, color=array([ 1, -1, -1]), colorSpace='rgb', contrast=1.0, depth=-4.0, flipHoriz=False, flipVert=False, font='Open Sans', fontFiles=[], height=0.1, italic=False, languageStyle='LTR', name='text_2', opacity=1, ori=0.0, pos=array([0., 0.]), rgb=UNKNOWN, text='+', units='height', win=Window(...), wrapWidth=1)
7.1061 	EXP 	unnamed Form: autoLog = True
7.1061 	EXP 	DepressionQuestionnaire: name = 'DepressionQuestionnaire'
7.1061 	EXP 	DepressionQuestionnaire: size = (3.5, 1)
7.1061 	EXP 	DepressionQuestionnaire: size = array([3.5, 1. ])
7.1061 	EXP 	DepressionQuestionnaire: units = 'height'
7.1061 	EXP 	DepressionQuestionnaire: depth = 0
7.1061 	EXP 	WelcomeText: autoDraw = True
9.1059 	EXP 	WelcomeText: autoDraw = False
9.1059 	EXP 	DepressionQuestionnaire: autoDraw = True
9.7108 	DATA 	Mouse: Left button down, pos=(756,1)
9.7727 	EXP 	DepressionQuestionnaire: autoDraw = False
9.7727 	EXP 	instructionsText: autoDraw = True
9.8446 	DATA 	Mouse:  Left button up, pos=(756,1)
10.1366 	EXP 	Imported picPaths.xlsx as conditions, 6 conditions, 4 params
10.1369 	EXP 	Created sequence: sequential, trialTypes=6, nReps=1, seed=None
10.1372 	EXP 	New trial (rep=0, index=0): {'startImage': 'C:\\Users\\hesselmann\\Desktop\\PsychoPyUniformityIllusion\\UniformityIllusionPsychoPy\\Pics\\1start.png', 'midImage': 'C:\\Users\\hesselmann\\Desktop\\PsychoPyUniformityIllusion\\UniformityIllusionPsychoPy\\Pics\\1a.png', 'endImage': 'C:\\Users\\hesselmann\\Desktop\\PsychoPyUniformityIllusion\\UniformityIllusionPsychoPy\\Pics\\1a.png', 'AB': 'a'}
10.3144 	DATA 	Keypress: space
10.3555 	EXP 	instructionsText: autoDraw = False
10.3555 	EXP 	hasPeriphery: size = array([1.77777778, 1.        ])
10.3555 	EXP 	hasPeriphery: image = 'C:\\Users\\hesselmann\\Desktop\\PsychoPyUniformityIllusion\\UniformityIllusionPsychoPy\\Pics\\1a.png'
10.3555 	EXP 	noPeriphery: size = array([1.77777778, 1.        ])
10.3555 	EXP 	noPeriphery: image = 'C:\\Users\\hesselmann\\Desktop\\PsychoPyUniformityIllusion\\UniformityIllusionPsychoPy\\Pics\\1start.png'
10.3555 	EXP 	hasPeriphery: autoDraw = True
10.3555 	EXP 	hasPeriphery: texRes = 128.0
10.3555 	EXP 	noPeriphery: autoDraw = True
10.3555 	EXP 	noPeriphery: texRes = 128.0
10.3555 	EXP 	text: autoDraw = True
10.4891 	EXP 	hasPeriphery: texRes = 128.0
10.4891 	EXP 	noPeriphery: texRes = 128.0
10.6226 	EXP 	hasPeriphery: texRes = 128.0
10.6226 	EXP 	noPeriphery: texRes = 128.0
10.7550 	EXP 	hasPeriphery: texRes = 128.0
10.7550 	EXP 	noPeriphery: texRes = 128.0
10.8887 	EXP 	hasPeriphery: texRes = 128.0
10.8887 	EXP 	noPeriphery: texRes = 128.0
11.0227 	EXP 	hasPeriphery: texRes = 128.0
11.0227 	EXP 	noPeriphery: texRes = 128.0
11.0227 	EXP 	blank_screen: autoDraw = True
11.1555 	EXP 	hasPeriphery: texRes = 128.0
11.1555 	EXP 	noPeriphery: texRes = 128.0
11.1555 	EXP 	blank_screen: autoDraw = False
11.3057 	EXP 	hasPeriphery: texRes = 128.0
11.3057 	EXP 	noPeriphery: texRes = 128.0
11.4391 	EXP 	hasPeriphery: texRes = 128.0
11.4391 	EXP 	noPeriphery: texRes = 128.0
11.5719 	EXP 	hasPeriphery: texRes = 128.0
11.5719 	EXP 	noPeriphery: texRes = 128.0
11.7063 	EXP 	hasPeriphery: texRes = 128.0
11.7063 	EXP 	noPeriphery: texRes = 128.0
11.7063 	EXP 	blank_screen: autoDraw = True
11.8387 	EXP 	hasPeriphery: texRes = 128.0
11.8387 	EXP 	noPeriphery: texRes = 128.0
11.8387 	EXP 	blank_screen: autoDraw = False
11.9721 	EXP 	hasPeriphery: texRes = 128.0
11.9721 	EXP 	noPeriphery: texRes = 128.0
12.1056 	EXP 	hasPeriphery: texRes = 128.0
12.1056 	EXP 	noPeriphery: texRes = 128.0
12.2550 	EXP 	hasPeriphery: texRes = 128.0
12.2550 	EXP 	noPeriphery: texRes = 128.0
12.3888 	EXP 	hasPeriphery: texRes = 128.0
12.3888 	EXP 	noPeriphery: texRes = 128.0
12.5214 	EXP 	hasPeriphery: texRes = 128.0
12.5214 	EXP 	noPeriphery: texRes = 128.0
12.6550 	EXP 	hasPeriphery: texRes = 128.0
12.6550 	EXP 	noPeriphery: texRes = 128.0
12.8046 	EXP 	hasPeriphery: texRes = 128.0
12.8046 	EXP 	noPeriphery: texRes = 128.0
12.9385 	EXP 	hasPeriphery: texRes = 128.0
12.9385 	EXP 	noPeriphery: texRes = 128.0
13.0716 	EXP 	hasPeriphery: texRes = 128.0
13.0716 	EXP 	noPeriphery: texRes = 128.0
13.2048 	EXP 	hasPeriphery: texRes = 128.0
13.2048 	EXP 	noPeriphery: texRes = 128.0
13.3379 	EXP 	hasPeriphery: texRes = 128.0
13.3379 	EXP 	noPeriphery: texRes = 128.0
13.4712 	EXP 	hasPeriphery: texRes = 128.0
13.4712 	EXP 	noPeriphery: texRes = 128.0
13.6045 	EXP 	hasPeriphery: texRes = 128.0
13.6045 	EXP 	noPeriphery: texRes = 128.0
13.7380 	EXP 	hasPeriphery: texRes = 128.0
13.7380 	EXP 	noPeriphery: texRes = 128.0
13.8267 	EXP 	New trial (rep=0, index=1): {'startImage': 'C:\\Users\\hesselmann\\Desktop\\PsychoPyUniformityIllusion\\UniformityIllusionPsychoPy\\Pics\\1start.png', 'midImage': 'C:\\Users\\hesselmann\\Desktop\\PsychoPyUniformityIllusion\\UniformityIllusionPsychoPy\\Pics\\1a.png', 'endImage': 'C:\\Users\\hesselmann\\Desktop\\PsychoPyUniformityIllusion\\UniformityIllusionPsychoPy\\Pics\\1b.png', 'AB': 'b'}
13.9997 	DATA 	Keypress: space
14.0388 	EXP 	hasPeriphery: texRes = 128.0
14.0388 	EXP 	noPeriphery: texRes = 128.0
14.0388 	EXP 	hasPeriphery: autoDraw = False
14.0388 	EXP 	noPeriphery: autoDraw = False
14.0388 	EXP 	blank_screen: autoDraw = False
14.0388 	EXP 	text: autoDraw = False
14.0388 	EXP 	hasPeriphery: size = array([1.77777778, 1.        ])
14.0388 	EXP 	hasPeriphery: image = 'C:\\Users\\hesselmann\\Desktop\\PsychoPyUniformityIllusion\\UniformityIllusionPsychoPy\\Pics\\1b.png'
14.0388 	EXP 	noPeriphery: size = array([1.77777778, 1.        ])
14.0388 	EXP 	noPeriphery: image = 'C:\\Users\\hesselmann\\Desktop\\PsychoPyUniformityIllusion\\UniformityIllusionPsychoPy\\Pics\\1start.png'
14.0388 	EXP 	hasPeriphery: autoDraw = True
14.0388 	EXP 	hasPeriphery: texRes = 128.0
14.0388 	EXP 	noPeriphery: autoDraw = True
14.0388 	EXP 	noPeriphery: texRes = 128.0
14.0388 	EXP 	text: autoDraw = True
14.1712 	EXP 	hasPeriphery: texRes = 128.0
14.1712 	EXP 	noPeriphery: texRes = 128.0
14.3043 	EXP 	hasPeriphery: texRes = 128.0
14.3043 	EXP 	noPeriphery: texRes = 128.0
14.4386 	EXP 	hasPeriphery: texRes = 128.0
14.4386 	EXP 	noPeriphery: texRes = 128.0
14.5722 	EXP 	hasPeriphery: texRes = 128.0
14.5722 	EXP 	noPeriphery: texRes = 128.0
14.7212 	EXP 	hasPeriphery: texRes = 128.0
14.7212 	EXP 	noPeriphery: texRes = 128.0
14.7212 	EXP 	blank_screen: autoDraw = True
14.8715 	EXP 	hasPeriphery: texRes = 128.0
14.8715 	EXP 	noPeriphery: texRes = 128.0
14.8715 	EXP 	blank_screen: autoDraw = False
15.0049 	EXP 	hasPeriphery: texRes = 128.0
15.0049 	EXP 	noPeriphery: texRes = 128.0
15.1375 	EXP 	hasPeriphery: texRes = 128.0
15.1375 	EXP 	noPeriphery: texRes = 128.0
15.2714 	EXP 	hasPeriphery: texRes = 128.0
15.2714 	EXP 	noPeriphery: texRes = 128.0
15.4041 	EXP 	hasPeriphery: texRes = 128.0
15.4041 	EXP 	noPeriphery: texRes = 128.0
15.4041 	EXP 	blank_screen: autoDraw = True
15.5378 	EXP 	hasPeriphery: texRes = 128.0
15.5378 	EXP 	noPeriphery: texRes = 128.0
15.5378 	EXP 	blank_screen: autoDraw = False
15.6711 	EXP 	hasPeriphery: texRes = 128.0
15.6711 	EXP 	noPeriphery: texRes = 128.0
15.8214 	EXP 	hasPeriphery: texRes = 128.0
15.8214 	EXP 	noPeriphery: texRes = 128.0
15.9540 	EXP 	hasPeriphery: texRes = 128.0
15.9540 	EXP 	noPeriphery: texRes = 128.0
16.0873 	EXP 	hasPeriphery: texRes = 128.0
16.0873 	EXP 	noPeriphery: texRes = 128.0
16.2210 	EXP 	hasPeriphery: texRes = 128.0
16.2210 	EXP 	noPeriphery: texRes = 128.0
16.3539 	EXP 	hasPeriphery: texRes = 128.0
16.3539 	EXP 	noPeriphery: texRes = 128.0
16.4877 	EXP 	hasPeriphery: texRes = 128.0
16.4877 	EXP 	noPeriphery: texRes = 128.0
16.6219 	EXP 	hasPeriphery: texRes = 128.0
16.6219 	EXP 	noPeriphery: texRes = 128.0
16.7543 	EXP 	hasPeriphery: texRes = 128.0
16.7543 	EXP 	noPeriphery: texRes = 128.0
16.8879 	EXP 	hasPeriphery: texRes = 128.0
16.8879 	EXP 	noPeriphery: texRes = 128.0
17.0208 	EXP 	hasPeriphery: texRes = 128.0
17.0208 	EXP 	noPeriphery: texRes = 128.0
17.1545 	EXP 	hasPeriphery: texRes = 128.0
17.1545 	EXP 	noPeriphery: texRes = 128.0
17.2874 	EXP 	hasPeriphery: texRes = 128.0
17.2874 	EXP 	noPeriphery: texRes = 128.0
17.4211 	EXP 	hasPeriphery: texRes = 128.0
17.4211 	EXP 	noPeriphery: texRes = 128.0
17.5536 	EXP 	hasPeriphery: texRes = 128.0
17.5536 	EXP 	noPeriphery: texRes = 128.0
17.6873 	EXP 	hasPeriphery: texRes = 128.0
17.6873 	EXP 	noPeriphery: texRes = 128.0
17.7781 	DATA 	Keypress: escape
17.8214 	EXP 	hasPeriphery: texRes = 128.0
17.8214 	EXP 	noPeriphery: texRes = 128.0
17.9535 	EXP 	hasPeriphery: texRes = 128.0
17.9535 	EXP 	noPeriphery: texRes = 128.0
18.1349 	EXP 	window1: mouseVisible = True
