1.0171 	WARNING 	We strongly recommend you activate the PTB sound engine in PsychoPy prefs as the preferred audio engine. Its timing is vastly superior. Your prefs are currently set to use ['sounddevice', 'PTB', 'pyo', 'pygame'] (in that order).
8.5787 	EXP 	Created window1 = Window(allowGUI=False, allowStencil=False, autoLog=True, backendConf=UNKNOWN, bitsMode=UNKNOWN, blendMode='avg', bpc=(8, 8, 8), color=array([0, 0, 0]), colorSpace='rgb', depthBits=8, fullscr=<method-wrapper '__getattribute__' of attributeSetter object at 0x00000225ABA95F60>, gamma=None, gammaErrorPolicy='raise', lms=UNKNOWN, monitor=<psychopy.monitors.calibTools.Monitor object at 0x00000225AB9B85F8>, multiSample=False, name='window1', numSamples=2, pos=[0.0, 0.0], screen=0, size=array([1920, 1080]), stencilBits=0, stereo=False, units='height', useFBO=True, useRetina=False, viewOri=0.0, viewPos=None, viewScale=None, waitBlanking=True, winType='pyglet')
8.5789 	EXP 	window1: mouseVisible = True
8.5790 	EXP 	window1: recordFrameIntervals = False
8.7434 	EXP 	window1: recordFrameIntervals = True
8.9270 	EXP 	window1: recordFrameIntervals = False
9.2992 	EXP 	Created WelcomeText = TextStim(__class__=<class 'psychopy.visual.text.TextStim'>, alignHoriz=method-wrapper(...), alignText='center', alignVert=method-wrapper(...), anchorHoriz='center', anchorVert='center', antialias=True, autoLog=True, bold=False, color=array([1, 1, 1]), colorSpace='rgb', contrast=1.0, depth=0.0, flipHoriz=False, flipVert=False, font='Open Sans', fontFiles=[], height=0.1, italic=False, languageStyle='LTR', name='WelcomeText', opacity=1, ori=0.0, pos=array([0., 0.]), rgb=UNKNOWN, text='Welcome to our Study!', units='height', win=Window(...), wrapWidth=1)
9.3160 	EXP 	Imported depression.xlsx as conditions, 2 conditions, 12 params
9.3173 	EXP 	Question text: Sadness
9.3391 	EXP 	window1: mouseVisible = True
9.3758 	EXP 	Question text: Pessimism
9.3832 	EXP 	window1: mouseVisible = True
9.4065 	EXP 	window1: mouseVisible = True
9.4107 	EXP 	Created unnamed Rect = Rect(__class__=<class 'psychopy.visual.rect.Rect'>, autoDraw=False, autoLog=True, closeShape=True, color=method-wrapper(...), colorSpace='rgb', contrast=None, depth=0, fillColor=array([0, 0, 0]), fillColorSpace='rgb', fillRGB=UNKNOWN, interpolate=True, lineColor=array([0, 0, 0]), lineColorSpace='rgb', lineRGB=UNKNOWN, lineWidth=1.5, name='unnamed Rect', opacity=0, ori=0.0, pos=array([0., 0.]), size=array([0., 0.]), units='height', vertices=ndarray(...), win=Window(...))
9.4180 	EXP 	Created DepressionQuestionnaire = <psychopy.visual.form.Form object at 0x00000225AE49F3C8>
9.4419 	EXP 	window1: mouseVisible = True
9.4855 	EXP 	Created instructionsText = TextStim(__class__=<class 'psychopy.visual.text.TextStim'>, alignHoriz=method-wrapper(...), alignText='center', alignVert=method-wrapper(...), anchorHoriz='center', anchorVert='center', antialias=True, autoLog=True, bold=False, color=array([1, 1, 1]), colorSpace='rgb', contrast=1.0, depth=0.0, flipHoriz=False, flipVert=False, font='Open Sans', fontFiles=[], height=0.04, italic=False, languageStyle='LTR', name='instructionsText', opacity=1, ori=0.0, pos=array([0., 0.]), rgb=UNKNOWN, text=str(...), units='height', win=Window(...), wrapWidth=1)
9.4886 	EXP 	Created hasPeriphery = ImageStim(__class__=<class 'psychopy.visual.image.ImageStim'>, autoLog=True, color=array([1, 1, 1]), colorSpace='rgb', contrast=1.0, depth=-1.0, flipHoriz=False, flipVert=False, image='sin', interpolate=True, mask=None, maskParams=None, name='hasPeriphery', opacity=1.0, ori=0.0, pos=array([0., 0.]), size=array([0.5, 0.5]), texRes=128.0, units='height', win=Window(...))
9.4912 	EXP 	Created noPeriphery = ImageStim(__class__=<class 'psychopy.visual.image.ImageStim'>, autoLog=True, color=array([1, 1, 1]), colorSpace='rgb', contrast=1.0, depth=-3.0, flipHoriz=False, flipVert=False, image='sin', interpolate=True, mask=None, maskParams=None, name='noPeriphery', opacity=1.0, ori=0.0, pos=array([0., 0.]), size=array([0.5, 0.5]), texRes=128.0, units='height', win=Window(...))
9.4935 	EXP 	Created final = ImageStim(__class__=<class 'psychopy.visual.image.ImageStim'>, autoLog=True, color=array([1, 1, 1]), colorSpace='rgb', contrast=1.0, depth=-4.0, flipHoriz=False, flipVert=False, image='sin', interpolate=True, mask=None, maskParams=None, name='final', opacity=1.0, ori=0.0, pos=array([0., 0.]), size=array([0.5, 0.5]), texRes=128.0, units='height', win=Window(...))
9.4946 	EXP 	Created blank_screen = Rect(__class__=<class 'psychopy.visual.rect.Rect'>, autoDraw=False, autoLog=True, closeShape=True, color=method-wrapper(...), colorSpace='rgb', contrast=None, depth=-5.0, fillColor=array([1, 1, 1]), fillColorSpace='rgb', fillRGB=UNKNOWN, interpolate=True, lineColor=array([1, 1, 1]), lineColorSpace='rgb', lineRGB=UNKNOWN, lineWidth=1.0, name='blank_screen', opacity=1.0, ori=0.0, pos=array([0., 0.]), size=array([2., 2.]), units='height', vertices=ndarray(...), win=Window(...))
9.5006 	EXP 	Created text = TextStim(__class__=<class 'psychopy.visual.text.TextStim'>, alignHoriz=method-wrapper(...), alignText='center', alignVert=method-wrapper(...), anchorHoriz='center', anchorVert='center', antialias=True, autoLog=True, bold=False, color=array([ 1, -1, -1]), colorSpace='rgb', contrast=1.0, depth=-6.0, flipHoriz=False, flipVert=False, font='Open Sans', fontFiles=[], height=0.1, italic=False, languageStyle='LTR', name='text', opacity=1, ori=0.0, pos=array([0., 0.]), rgb=UNKNOWN, text='+', units='height', win=Window(...), wrapWidth=1)
9.5121 	EXP 	Created WelcomeText = TextStim(__class__=<class 'psychopy.visual.text.TextStim'>, alignHoriz=method-wrapper(...), alignText='center', alignVert=method-wrapper(...), anchorHoriz='center', anchorVert='center', antialias=True, autoLog=True, bold=False, color=array([1, 1, 1]), colorSpace='rgb', contrast=1.0, depth=0.0, flipHoriz=False, flipVert=False, font='Open Sans', fontFiles=[], height=0.1, italic=False, languageStyle='LTR', name='WelcomeText', opacity=1, ori=0.0, pos=array([0., 0.]), rgb=UNKNOWN, text='Welcome to our Study!', units='height', win=Window(...), wrapWidth=1)
9.5147 	EXP 	Created hasPeriphery_2 = ImageStim(__class__=<class 'psychopy.visual.image.ImageStim'>, autoLog=True, color=array([1, 1, 1]), colorSpace='rgb', contrast=1.0, depth=-1.0, flipHoriz=False, flipVert=False, image='sin', interpolate=True, mask=None, maskParams=None, name='hasPeriphery_2', opacity=1.0, ori=0.0, pos=array([0., 0.]), size=array([0.5, 0.5]), texRes=128.0, units='height', win=Window(...))
9.5170 	EXP 	Created noPeriphery_2 = ImageStim(__class__=<class 'psychopy.visual.image.ImageStim'>, autoLog=True, color=array([1, 1, 1]), colorSpace='rgb', contrast=1.0, depth=-3.0, flipHoriz=False, flipVert=False, image='sin', interpolate=True, mask=None, maskParams=None, name='noPeriphery_2', opacity=1.0, ori=0.0, pos=array([0., 0.]), size=array([0.5, 0.5]), texRes=128.0, units='height', win=Window(...))
9.5189 	EXP 	Created text_2 = TextStim(__class__=<class 'psychopy.visual.text.TextStim'>, alignHoriz=method-wrapper(...), alignText='center', alignVert=method-wrapper(...), anchorHoriz='center', anchorVert='center', antialias=True, autoLog=True, bold=False, color=array([ 1, -1, -1]), colorSpace='rgb', contrast=1.0, depth=-4.0, flipHoriz=False, flipVert=False, font='Open Sans', fontFiles=[], height=0.1, italic=False, languageStyle='LTR', name='text_2', opacity=1, ori=0.0, pos=array([0., 0.]), rgb=UNKNOWN, text='+', units='height', win=Window(...), wrapWidth=1)
9.5606 	EXP 	unnamed Form: autoLog = True
9.5606 	EXP 	DepressionQuestionnaire: name = 'DepressionQuestionnaire'
9.5606 	EXP 	DepressionQuestionnaire: size = (3.5, 1)
9.5606 	EXP 	DepressionQuestionnaire: size = array([3.5, 1. ])
9.5606 	EXP 	DepressionQuestionnaire: units = 'height'
9.5606 	EXP 	DepressionQuestionnaire: depth = 0
9.5606 	EXP 	WelcomeText: autoDraw = True
11.5766 	EXP 	WelcomeText: autoDraw = False
11.5766 	EXP 	DepressionQuestionnaire: autoDraw = True
13.4435 	DATA 	Mouse: Left button down, pos=(734,1)
13.4761 	EXP 	DepressionQuestionnaire: autoDraw = False
13.4761 	EXP 	instructionsText: autoDraw = True
13.5493 	DATA 	Mouse:  Left button up, pos=(734,1)
14.3227 	EXP 	Imported picPaths.xlsx as conditions, 6 conditions, 4 params
14.3230 	EXP 	Created sequence: sequential, trialTypes=6, nReps=1, seed=None
14.3233 	EXP 	New trial (rep=0, index=0): {'startImage': 'C:\\Users\\hesselmann\\Desktop\\PsychoPyUniformityIllusion\\UniformityIllusionPsychoPy\\Pics\\1start.png', 'midImage': 'C:\\Users\\hesselmann\\Desktop\\PsychoPyUniformityIllusion\\UniformityIllusionPsychoPy\\Pics\\1a.png', 'endImage': 'C:\\Users\\hesselmann\\Desktop\\PsychoPyUniformityIllusion\\UniformityIllusionPsychoPy\\Pics\\1a.png', 'AB': 'a'}
14.5434 	DATA 	Keypress: space
14.5937 	EXP 	instructionsText: autoDraw = False
14.5937 	EXP 	hasPeriphery: size = array([1.77777778, 1.        ])
14.5937 	EXP 	hasPeriphery: image = 'C:\\Users\\hesselmann\\Desktop\\PsychoPyUniformityIllusion\\UniformityIllusionPsychoPy\\Pics\\1a.png'
14.5937 	EXP 	noPeriphery: size = array([1.77777778, 1.        ])
14.5937 	EXP 	noPeriphery: image = 'C:\\Users\\hesselmann\\Desktop\\PsychoPyUniformityIllusion\\UniformityIllusionPsychoPy\\Pics\\1start.png'
14.5937 	EXP 	final: size = array([1.77777778, 1.        ])
14.5937 	EXP 	final: image = 'C:\\Users\\hesselmann\\Desktop\\PsychoPyUniformityIllusion\\UniformityIllusionPsychoPy\\Pics\\1a.png'
14.5937 	EXP 	hasPeriphery: autoDraw = True
14.5937 	EXP 	hasPeriphery: texRes = 128.0
14.5937 	EXP 	noPeriphery: autoDraw = True
14.5937 	EXP 	noPeriphery: texRes = 128.0
14.5937 	EXP 	blank_screen: autoDraw = True
14.5937 	EXP 	text: autoDraw = True
14.7439 	EXP 	hasPeriphery: texRes = 128.0
14.7439 	EXP 	noPeriphery: texRes = 128.0
14.8763 	EXP 	hasPeriphery: texRes = 128.0
14.8763 	EXP 	noPeriphery: texRes = 128.0
14.8763 	EXP 	blank_screen: autoDraw = False
15.0097 	EXP 	hasPeriphery: texRes = 128.0
15.0097 	EXP 	noPeriphery: texRes = 128.0
15.1433 	EXP 	hasPeriphery: texRes = 128.0
15.1433 	EXP 	noPeriphery: texRes = 128.0
15.2763 	EXP 	hasPeriphery: texRes = 128.0
15.2763 	EXP 	noPeriphery: texRes = 128.0
15.4100 	EXP 	hasPeriphery: texRes = 128.0
15.4100 	EXP 	noPeriphery: texRes = 128.0
15.5761 	EXP 	hasPeriphery: texRes = 128.0
15.5761 	EXP 	noPeriphery: texRes = 128.0
15.7093 	EXP 	hasPeriphery: texRes = 128.0
15.7093 	EXP 	noPeriphery: texRes = 128.0
15.8596 	EXP 	hasPeriphery: texRes = 128.0
15.8596 	EXP 	noPeriphery: texRes = 128.0
16.0100 	EXP 	hasPeriphery: texRes = 128.0
16.0100 	EXP 	noPeriphery: texRes = 128.0
16.1604 	EXP 	hasPeriphery: texRes = 128.0
16.1604 	EXP 	noPeriphery: texRes = 128.0
16.3099 	EXP 	hasPeriphery: texRes = 128.0
16.3099 	EXP 	noPeriphery: texRes = 128.0
16.4425 	EXP 	hasPeriphery: texRes = 128.0
16.4425 	EXP 	noPeriphery: texRes = 128.0
16.5758 	EXP 	hasPeriphery: texRes = 128.0
16.5758 	EXP 	noPeriphery: texRes = 128.0
16.7097 	EXP 	hasPeriphery: texRes = 128.0
16.7097 	EXP 	noPeriphery: texRes = 128.0
16.8594 	EXP 	hasPeriphery: texRes = 128.0
16.8594 	EXP 	noPeriphery: texRes = 128.0
17.0102 	EXP 	hasPeriphery: texRes = 128.0
17.0102 	EXP 	noPeriphery: texRes = 128.0
17.1425 	EXP 	hasPeriphery: texRes = 128.0
17.1425 	EXP 	noPeriphery: texRes = 128.0
17.2759 	EXP 	hasPeriphery: texRes = 128.0
17.2759 	EXP 	noPeriphery: texRes = 128.0
17.4934 	EXP 	hasPeriphery: texRes = 128.0
17.4934 	EXP 	noPeriphery: texRes = 128.0
17.4934 	EXP 	final: autoDraw = True
17.4934 	EXP 	final: texRes = 128.0
17.7095 	EXP 	hasPeriphery: texRes = 128.0
17.7095 	EXP 	noPeriphery: texRes = 128.0
17.7095 	EXP 	final: texRes = 128.0
17.9094 	EXP 	hasPeriphery: texRes = 128.0
17.9094 	EXP 	noPeriphery: texRes = 128.0
17.9094 	EXP 	final: texRes = 128.0
18.1090 	EXP 	hasPeriphery: texRes = 128.0
18.1090 	EXP 	noPeriphery: texRes = 128.0
18.1090 	EXP 	final: texRes = 128.0
18.2385 	EXP 	New trial (rep=0, index=1): {'startImage': 'C:\\Users\\hesselmann\\Desktop\\PsychoPyUniformityIllusion\\UniformityIllusionPsychoPy\\Pics\\1start.png', 'midImage': 'C:\\Users\\hesselmann\\Desktop\\PsychoPyUniformityIllusion\\UniformityIllusionPsychoPy\\Pics\\1a.png', 'endImage': 'C:\\Users\\hesselmann\\Desktop\\PsychoPyUniformityIllusion\\UniformityIllusionPsychoPy\\Pics\\1b.png', 'AB': 'b'}
18.4623 	DATA 	Keypress: space
18.5090 	EXP 	hasPeriphery: texRes = 128.0
18.5090 	EXP 	noPeriphery: texRes = 128.0
18.5090 	EXP 	final: texRes = 128.0
18.5090 	EXP 	hasPeriphery: autoDraw = False
18.5090 	EXP 	noPeriphery: autoDraw = False
18.5090 	EXP 	final: autoDraw = False
18.5090 	EXP 	blank_screen: autoDraw = False
18.5090 	EXP 	text: autoDraw = False
18.5090 	EXP 	hasPeriphery: size = array([1.77777778, 1.        ])
18.5090 	EXP 	hasPeriphery: image = 'C:\\Users\\hesselmann\\Desktop\\PsychoPyUniformityIllusion\\UniformityIllusionPsychoPy\\Pics\\1a.png'
18.5090 	EXP 	noPeriphery: size = array([1.77777778, 1.        ])
18.5090 	EXP 	noPeriphery: image = 'C:\\Users\\hesselmann\\Desktop\\PsychoPyUniformityIllusion\\UniformityIllusionPsychoPy\\Pics\\1start.png'
18.5090 	EXP 	final: size = array([1.77777778, 1.        ])
18.5090 	EXP 	final: image = 'C:\\Users\\hesselmann\\Desktop\\PsychoPyUniformityIllusion\\UniformityIllusionPsychoPy\\Pics\\1b.png'
18.5090 	EXP 	hasPeriphery: autoDraw = True
18.5090 	EXP 	hasPeriphery: texRes = 128.0
18.5090 	EXP 	noPeriphery: autoDraw = True
18.5090 	EXP 	noPeriphery: texRes = 128.0
18.5090 	EXP 	blank_screen: autoDraw = True
18.5090 	EXP 	text: autoDraw = True
18.6598 	EXP 	hasPeriphery: texRes = 128.0
18.6598 	EXP 	noPeriphery: texRes = 128.0
18.8090 	EXP 	hasPeriphery: texRes = 128.0
18.8090 	EXP 	noPeriphery: texRes = 128.0
18.8090 	EXP 	blank_screen: autoDraw = False
18.9425 	EXP 	hasPeriphery: texRes = 128.0
18.9425 	EXP 	noPeriphery: texRes = 128.0
19.0926 	EXP 	hasPeriphery: texRes = 128.0
19.0926 	EXP 	noPeriphery: texRes = 128.0
19.2261 	EXP 	hasPeriphery: texRes = 128.0
19.2261 	EXP 	noPeriphery: texRes = 128.0
19.3759 	EXP 	hasPeriphery: texRes = 128.0
19.3759 	EXP 	noPeriphery: texRes = 128.0
19.5093 	EXP 	hasPeriphery: texRes = 128.0
19.5093 	EXP 	noPeriphery: texRes = 128.0
19.6589 	EXP 	hasPeriphery: texRes = 128.0
19.6589 	EXP 	noPeriphery: texRes = 128.0
19.8093 	EXP 	hasPeriphery: texRes = 128.0
19.8093 	EXP 	noPeriphery: texRes = 128.0
19.9424 	EXP 	hasPeriphery: texRes = 128.0
19.9424 	EXP 	noPeriphery: texRes = 128.0
20.0764 	EXP 	hasPeriphery: texRes = 128.0
20.0764 	EXP 	noPeriphery: texRes = 128.0
20.2089 	EXP 	hasPeriphery: texRes = 128.0
20.2089 	EXP 	noPeriphery: texRes = 128.0
20.3424 	EXP 	hasPeriphery: texRes = 128.0
20.3424 	EXP 	noPeriphery: texRes = 128.0
20.4759 	EXP 	hasPeriphery: texRes = 128.0
20.4759 	EXP 	noPeriphery: texRes = 128.0
20.6255 	EXP 	hasPeriphery: texRes = 128.0
20.6255 	EXP 	noPeriphery: texRes = 128.0
20.7588 	EXP 	hasPeriphery: texRes = 128.0
20.7588 	EXP 	noPeriphery: texRes = 128.0
20.8927 	EXP 	hasPeriphery: texRes = 128.0
20.8927 	EXP 	noPeriphery: texRes = 128.0
21.0259 	EXP 	hasPeriphery: texRes = 128.0
21.0259 	EXP 	noPeriphery: texRes = 128.0
21.1588 	EXP 	hasPeriphery: texRes = 128.0
21.1588 	EXP 	noPeriphery: texRes = 128.0
21.3592 	EXP 	hasPeriphery: texRes = 128.0
21.3592 	EXP 	noPeriphery: texRes = 128.0
21.3592 	EXP 	final: autoDraw = True
21.3592 	EXP 	final: texRes = 128.0
21.5596 	EXP 	hasPeriphery: texRes = 128.0
21.5596 	EXP 	noPeriphery: texRes = 128.0
21.5596 	EXP 	final: texRes = 128.0
21.7596 	EXP 	hasPeriphery: texRes = 128.0
21.7596 	EXP 	noPeriphery: texRes = 128.0
21.7596 	EXP 	final: texRes = 128.0
21.9601 	EXP 	hasPeriphery: texRes = 128.0
21.9601 	EXP 	noPeriphery: texRes = 128.0
21.9601 	EXP 	final: texRes = 128.0
22.1591 	EXP 	hasPeriphery: texRes = 128.0
22.1591 	EXP 	noPeriphery: texRes = 128.0
22.1591 	EXP 	final: texRes = 128.0
22.3592 	EXP 	hasPeriphery: texRes = 128.0
22.3592 	EXP 	noPeriphery: texRes = 128.0
22.3592 	EXP 	final: texRes = 128.0
22.5593 	EXP 	hasPeriphery: texRes = 128.0
22.5593 	EXP 	noPeriphery: texRes = 128.0
22.5593 	EXP 	final: texRes = 128.0
22.7587 	EXP 	hasPeriphery: texRes = 128.0
22.7587 	EXP 	noPeriphery: texRes = 128.0
22.7587 	EXP 	final: texRes = 128.0
22.9421 	EXP 	hasPeriphery: texRes = 128.0
22.9421 	EXP 	noPeriphery: texRes = 128.0
22.9421 	EXP 	final: texRes = 128.0
23.1420 	EXP 	hasPeriphery: texRes = 128.0
23.1420 	EXP 	noPeriphery: texRes = 128.0
23.1420 	EXP 	final: texRes = 128.0
23.3253 	EXP 	hasPeriphery: texRes = 128.0
23.3253 	EXP 	noPeriphery: texRes = 128.0
23.3253 	EXP 	final: texRes = 128.0
23.5255 	EXP 	hasPeriphery: texRes = 128.0
23.5255 	EXP 	noPeriphery: texRes = 128.0
23.5255 	EXP 	final: texRes = 128.0
23.7092 	EXP 	hasPeriphery: texRes = 128.0
23.7092 	EXP 	noPeriphery: texRes = 128.0
23.7092 	EXP 	final: texRes = 128.0
23.9093 	EXP 	hasPeriphery: texRes = 128.0
23.9093 	EXP 	noPeriphery: texRes = 128.0
23.9093 	EXP 	final: texRes = 128.0
24.1258 	EXP 	hasPeriphery: texRes = 128.0
24.1258 	EXP 	noPeriphery: texRes = 128.0
24.1258 	EXP 	final: texRes = 128.0
24.3267 	EXP 	hasPeriphery: texRes = 128.0
24.3267 	EXP 	noPeriphery: texRes = 128.0
24.3267 	EXP 	final: texRes = 128.0
24.5258 	EXP 	hasPeriphery: texRes = 128.0
24.5258 	EXP 	noPeriphery: texRes = 128.0
24.5258 	EXP 	final: texRes = 128.0
24.7256 	EXP 	hasPeriphery: texRes = 128.0
24.7256 	EXP 	noPeriphery: texRes = 128.0
24.7256 	EXP 	final: texRes = 128.0
24.9255 	EXP 	hasPeriphery: texRes = 128.0
24.9255 	EXP 	noPeriphery: texRes = 128.0
24.9255 	EXP 	final: texRes = 128.0
25.1252 	EXP 	hasPeriphery: texRes = 128.0
25.1252 	EXP 	noPeriphery: texRes = 128.0
25.1252 	EXP 	final: texRes = 128.0
25.3251 	EXP 	hasPeriphery: texRes = 128.0
25.3251 	EXP 	noPeriphery: texRes = 128.0
25.3251 	EXP 	final: texRes = 128.0
25.5251 	EXP 	hasPeriphery: texRes = 128.0
25.5251 	EXP 	noPeriphery: texRes = 128.0
25.5251 	EXP 	final: texRes = 128.0
25.7263 	EXP 	hasPeriphery: texRes = 128.0
25.7263 	EXP 	noPeriphery: texRes = 128.0
25.7263 	EXP 	final: texRes = 128.0
25.9253 	EXP 	hasPeriphery: texRes = 128.0
25.9253 	EXP 	noPeriphery: texRes = 128.0
25.9253 	EXP 	final: texRes = 128.0
26.1256 	EXP 	hasPeriphery: texRes = 128.0
26.1256 	EXP 	noPeriphery: texRes = 128.0
26.1256 	EXP 	final: texRes = 128.0
26.3251 	EXP 	hasPeriphery: texRes = 128.0
26.3251 	EXP 	noPeriphery: texRes = 128.0
26.3251 	EXP 	final: texRes = 128.0
26.5250 	EXP 	hasPeriphery: texRes = 128.0
26.5250 	EXP 	noPeriphery: texRes = 128.0
26.5250 	EXP 	final: texRes = 128.0
26.7250 	EXP 	hasPeriphery: texRes = 128.0
26.7250 	EXP 	noPeriphery: texRes = 128.0
26.7250 	EXP 	final: texRes = 128.0
26.9090 	EXP 	hasPeriphery: texRes = 128.0
26.9090 	EXP 	noPeriphery: texRes = 128.0
26.9090 	EXP 	final: texRes = 128.0
27.1083 	EXP 	hasPeriphery: texRes = 128.0
27.1083 	EXP 	noPeriphery: texRes = 128.0
27.1083 	EXP 	final: texRes = 128.0
27.2916 	EXP 	hasPeriphery: texRes = 128.0
27.2916 	EXP 	noPeriphery: texRes = 128.0
27.2916 	EXP 	final: texRes = 128.0
27.4924 	EXP 	hasPeriphery: texRes = 128.0
27.4924 	EXP 	noPeriphery: texRes = 128.0
27.4924 	EXP 	final: texRes = 128.0
27.6749 	EXP 	hasPeriphery: texRes = 128.0
27.6749 	EXP 	noPeriphery: texRes = 128.0
27.6749 	EXP 	final: texRes = 128.0
27.8583 	EXP 	hasPeriphery: texRes = 128.0
27.8583 	EXP 	noPeriphery: texRes = 128.0
27.8583 	EXP 	final: texRes = 128.0
28.0423 	EXP 	hasPeriphery: texRes = 128.0
28.0423 	EXP 	noPeriphery: texRes = 128.0
28.0423 	EXP 	final: texRes = 128.0
28.2430 	EXP 	hasPeriphery: texRes = 128.0
28.2430 	EXP 	noPeriphery: texRes = 128.0
28.2430 	EXP 	final: texRes = 128.0
28.4425 	EXP 	hasPeriphery: texRes = 128.0
28.4425 	EXP 	noPeriphery: texRes = 128.0
28.4425 	EXP 	final: texRes = 128.0
28.6423 	EXP 	hasPeriphery: texRes = 128.0
28.6423 	EXP 	noPeriphery: texRes = 128.0
28.6423 	EXP 	final: texRes = 128.0
28.7256 	EXP 	hasPeriphery: autoDraw = False
28.7256 	EXP 	noPeriphery: autoDraw = False
28.7256 	EXP 	final: texRes = 128.0
28.8090 	EXP 	final: texRes = 128.0
28.8925 	EXP 	final: texRes = 128.0
28.9756 	EXP 	final: texRes = 128.0
29.0581 	EXP 	final: texRes = 128.0
29.1418 	EXP 	final: texRes = 128.0
29.2260 	EXP 	final: texRes = 128.0
29.3089 	EXP 	final: texRes = 128.0
29.3915 	EXP 	final: texRes = 128.0
29.4760 	EXP 	final: texRes = 128.0
29.5585 	EXP 	final: texRes = 128.0
29.6420 	EXP 	final: texRes = 128.0
29.7247 	EXP 	final: texRes = 128.0
29.8087 	EXP 	final: texRes = 128.0
29.8918 	EXP 	final: texRes = 128.0
29.9755 	EXP 	final: texRes = 128.0
30.0584 	EXP 	final: texRes = 128.0
30.1425 	EXP 	final: texRes = 128.0
30.2255 	EXP 	final: texRes = 128.0
30.3087 	EXP 	final: texRes = 128.0
30.3921 	EXP 	final: texRes = 128.0
30.4751 	EXP 	final: texRes = 128.0
30.5588 	EXP 	final: texRes = 128.0
30.6421 	EXP 	final: texRes = 128.0
30.7247 	EXP 	final: texRes = 128.0
30.8080 	EXP 	final: texRes = 128.0
30.8925 	EXP 	final: texRes = 128.0
30.9754 	EXP 	final: texRes = 128.0
31.0584 	EXP 	final: texRes = 128.0
31.1417 	EXP 	final: texRes = 128.0
31.2250 	EXP 	final: texRes = 128.0
31.2749 	DATA 	Keypress: space
31.3092 	EXP 	final: texRes = 128.0
31.3566 	EXP 	New trial (rep=0, index=2): {'startImage': 'C:\\Users\\hesselmann\\Desktop\\PsychoPyUniformityIllusion\\UniformityIllusionPsychoPy\\Pics\\2start.png', 'midImage': 'C:\\Users\\hesselmann\\Desktop\\PsychoPyUniformityIllusion\\UniformityIllusionPsychoPy\\Pics\\2a.png', 'endImage': 'C:\\Users\\hesselmann\\Desktop\\PsychoPyUniformityIllusion\\UniformityIllusionPsychoPy\\Pics\\2a.png', 'AB': 'a'}
31.5913 	EXP 	final: texRes = 128.0
31.5913 	EXP 	hasPeriphery: autoDraw = False
31.5913 	EXP 	noPeriphery: autoDraw = False
31.5913 	EXP 	final: autoDraw = False
31.5913 	EXP 	blank_screen: autoDraw = False
31.5913 	EXP 	text: autoDraw = False
31.5913 	EXP 	hasPeriphery: size = array([1.77777778, 1.        ])
31.5913 	EXP 	hasPeriphery: image = 'C:\\Users\\hesselmann\\Desktop\\PsychoPyUniformityIllusion\\UniformityIllusionPsychoPy\\Pics\\2a.png'
31.5913 	EXP 	noPeriphery: size = array([1.77777778, 1.        ])
31.5913 	EXP 	noPeriphery: image = 'C:\\Users\\hesselmann\\Desktop\\PsychoPyUniformityIllusion\\UniformityIllusionPsychoPy\\Pics\\2start.png'
31.5913 	EXP 	final: size = array([1.77777778, 1.        ])
31.5913 	EXP 	final: image = 'C:\\Users\\hesselmann\\Desktop\\PsychoPyUniformityIllusion\\UniformityIllusionPsychoPy\\Pics\\2a.png'
31.5913 	EXP 	hasPeriphery: autoDraw = True
31.5913 	EXP 	hasPeriphery: texRes = 128.0
31.5913 	EXP 	noPeriphery: autoDraw = True
31.5913 	EXP 	noPeriphery: texRes = 128.0
31.5913 	EXP 	blank_screen: autoDraw = True
31.5913 	EXP 	text: autoDraw = True
31.7083 	EXP 	hasPeriphery: texRes = 128.0
31.7083 	EXP 	noPeriphery: texRes = 128.0
31.8416 	EXP 	hasPeriphery: texRes = 128.0
31.8416 	EXP 	noPeriphery: texRes = 128.0
31.8416 	EXP 	blank_screen: autoDraw = False
31.9588 	EXP 	hasPeriphery: texRes = 128.0
31.9588 	EXP 	noPeriphery: texRes = 128.0
32.0748 	EXP 	hasPeriphery: texRes = 128.0
32.0748 	EXP 	noPeriphery: texRes = 128.0
32.1912 	EXP 	hasPeriphery: texRes = 128.0
32.1912 	EXP 	noPeriphery: texRes = 128.0
32.3084 	EXP 	hasPeriphery: texRes = 128.0
32.3084 	EXP 	noPeriphery: texRes = 128.0
32.4247 	EXP 	hasPeriphery: texRes = 128.0
32.4247 	EXP 	noPeriphery: texRes = 128.0
32.5412 	EXP 	hasPeriphery: texRes = 128.0
32.5412 	EXP 	noPeriphery: texRes = 128.0
32.6587 	EXP 	hasPeriphery: texRes = 128.0
32.6587 	EXP 	noPeriphery: texRes = 128.0
32.7912 	EXP 	hasPeriphery: texRes = 128.0
32.7912 	EXP 	noPeriphery: texRes = 128.0
32.9084 	EXP 	hasPeriphery: texRes = 128.0
32.9084 	EXP 	noPeriphery: texRes = 128.0
33.0249 	EXP 	hasPeriphery: texRes = 128.0
33.0249 	EXP 	noPeriphery: texRes = 128.0
33.1415 	EXP 	hasPeriphery: texRes = 128.0
33.1415 	EXP 	noPeriphery: texRes = 128.0
33.2590 	EXP 	hasPeriphery: texRes = 128.0
33.2590 	EXP 	noPeriphery: texRes = 128.0
33.3747 	EXP 	hasPeriphery: texRes = 128.0
33.3747 	EXP 	noPeriphery: texRes = 128.0
33.4914 	EXP 	hasPeriphery: texRes = 128.0
33.4914 	EXP 	noPeriphery: texRes = 128.0
33.6078 	EXP 	hasPeriphery: texRes = 128.0
33.6078 	EXP 	noPeriphery: texRes = 128.0
33.7251 	EXP 	hasPeriphery: texRes = 128.0
33.7251 	EXP 	noPeriphery: texRes = 128.0
33.8581 	EXP 	hasPeriphery: texRes = 128.0
33.8581 	EXP 	noPeriphery: texRes = 128.0
33.9744 	EXP 	hasPeriphery: texRes = 128.0
33.9744 	EXP 	noPeriphery: texRes = 128.0
34.0918 	EXP 	hasPeriphery: texRes = 128.0
34.0918 	EXP 	noPeriphery: texRes = 128.0
34.2082 	EXP 	hasPeriphery: texRes = 128.0
34.2082 	EXP 	noPeriphery: texRes = 128.0
34.3252 	EXP 	hasPeriphery: texRes = 128.0
34.3252 	EXP 	noPeriphery: texRes = 128.0
34.4578 	EXP 	hasPeriphery: texRes = 128.0
34.4578 	EXP 	noPeriphery: texRes = 128.0
34.5747 	EXP 	hasPeriphery: texRes = 128.0
34.5747 	EXP 	noPeriphery: texRes = 128.0
34.6914 	EXP 	hasPeriphery: texRes = 128.0
34.6914 	EXP 	noPeriphery: texRes = 128.0
34.8084 	EXP 	hasPeriphery: texRes = 128.0
34.8084 	EXP 	noPeriphery: texRes = 128.0
34.9251 	EXP 	hasPeriphery: texRes = 128.0
34.9251 	EXP 	noPeriphery: texRes = 128.0
35.0418 	EXP 	hasPeriphery: texRes = 128.0
35.0418 	EXP 	noPeriphery: texRes = 128.0
35.2080 	EXP 	hasPeriphery: texRes = 128.0
35.2080 	EXP 	noPeriphery: texRes = 128.0
35.2080 	EXP 	final: autoDraw = True
35.2080 	EXP 	final: texRes = 128.0
35.3753 	EXP 	hasPeriphery: texRes = 128.0
35.3753 	EXP 	noPeriphery: texRes = 128.0
35.3753 	EXP 	final: texRes = 128.0
35.5415 	EXP 	hasPeriphery: texRes = 128.0
35.5415 	EXP 	noPeriphery: texRes = 128.0
35.5415 	EXP 	final: texRes = 128.0
35.7079 	EXP 	hasPeriphery: texRes = 128.0
35.7079 	EXP 	noPeriphery: texRes = 128.0
35.7079 	EXP 	final: texRes = 128.0
35.8110 	EXP 	New trial (rep=0, index=3): {'startImage': 'C:\\Users\\hesselmann\\Desktop\\PsychoPyUniformityIllusion\\UniformityIllusionPsychoPy\\Pics\\2start.png', 'midImage': 'C:\\Users\\hesselmann\\Desktop\\PsychoPyUniformityIllusion\\UniformityIllusionPsychoPy\\Pics\\2a.png', 'endImage': 'C:\\Users\\hesselmann\\Desktop\\PsychoPyUniformityIllusion\\UniformityIllusionPsychoPy\\Pics\\2b.png', 'AB': 'b'}
35.9708 	DATA 	Keypress: space
36.0249 	EXP 	hasPeriphery: texRes = 128.0
36.0249 	EXP 	noPeriphery: texRes = 128.0
36.0249 	EXP 	final: texRes = 128.0
36.0249 	EXP 	hasPeriphery: autoDraw = False
36.0249 	EXP 	noPeriphery: autoDraw = False
36.0249 	EXP 	final: autoDraw = False
36.0249 	EXP 	blank_screen: autoDraw = False
36.0249 	EXP 	text: autoDraw = False
36.0249 	EXP 	hasPeriphery: size = array([1.77777778, 1.        ])
36.0249 	EXP 	hasPeriphery: image = 'C:\\Users\\hesselmann\\Desktop\\PsychoPyUniformityIllusion\\UniformityIllusionPsychoPy\\Pics\\2a.png'
36.0249 	EXP 	noPeriphery: size = array([1.77777778, 1.        ])
36.0249 	EXP 	noPeriphery: image = 'C:\\Users\\hesselmann\\Desktop\\PsychoPyUniformityIllusion\\UniformityIllusionPsychoPy\\Pics\\2start.png'
36.0249 	EXP 	final: size = array([1.77777778, 1.        ])
36.0249 	EXP 	final: image = 'C:\\Users\\hesselmann\\Desktop\\PsychoPyUniformityIllusion\\UniformityIllusionPsychoPy\\Pics\\2b.png'
36.0249 	EXP 	hasPeriphery: autoDraw = True
36.0249 	EXP 	hasPeriphery: texRes = 128.0
36.0249 	EXP 	noPeriphery: autoDraw = True
36.0249 	EXP 	noPeriphery: texRes = 128.0
36.0249 	EXP 	blank_screen: autoDraw = True
36.0249 	EXP 	text: autoDraw = True
36.1576 	EXP 	hasPeriphery: texRes = 128.0
36.1576 	EXP 	noPeriphery: texRes = 128.0
36.2748 	EXP 	hasPeriphery: texRes = 128.0
36.2748 	EXP 	noPeriphery: texRes = 128.0
36.2748 	EXP 	blank_screen: autoDraw = False
36.4082 	EXP 	hasPeriphery: texRes = 128.0
36.4082 	EXP 	noPeriphery: texRes = 128.0
36.5247 	EXP 	hasPeriphery: texRes = 128.0
36.5247 	EXP 	noPeriphery: texRes = 128.0
36.6413 	EXP 	hasPeriphery: texRes = 128.0
36.6413 	EXP 	noPeriphery: texRes = 128.0
36.7580 	EXP 	hasPeriphery: texRes = 128.0
36.7580 	EXP 	noPeriphery: texRes = 128.0
36.8757 	EXP 	hasPeriphery: texRes = 128.0
36.8757 	EXP 	noPeriphery: texRes = 128.0
37.0080 	EXP 	hasPeriphery: texRes = 128.0
37.0080 	EXP 	noPeriphery: texRes = 128.0
37.1246 	EXP 	hasPeriphery: texRes = 128.0
37.1246 	EXP 	noPeriphery: texRes = 128.0
37.2584 	EXP 	hasPeriphery: texRes = 128.0
37.2584 	EXP 	noPeriphery: texRes = 128.0
37.3749 	EXP 	hasPeriphery: texRes = 128.0
37.3749 	EXP 	noPeriphery: texRes = 128.0
37.5077 	EXP 	hasPeriphery: texRes = 128.0
37.5077 	EXP 	noPeriphery: texRes = 128.0
37.6254 	EXP 	hasPeriphery: texRes = 128.0
37.6254 	EXP 	noPeriphery: texRes = 128.0
37.7587 	EXP 	hasPeriphery: texRes = 128.0
37.7587 	EXP 	noPeriphery: texRes = 128.0
37.8743 	EXP 	hasPeriphery: texRes = 128.0
37.8743 	EXP 	noPeriphery: texRes = 128.0
37.9915 	EXP 	hasPeriphery: texRes = 128.0
37.9915 	EXP 	noPeriphery: texRes = 128.0
38.1075 	EXP 	hasPeriphery: texRes = 128.0
38.1075 	EXP 	noPeriphery: texRes = 128.0
38.2249 	EXP 	hasPeriphery: texRes = 128.0
38.2249 	EXP 	noPeriphery: texRes = 128.0
38.3585 	EXP 	hasPeriphery: texRes = 128.0
38.3585 	EXP 	noPeriphery: texRes = 128.0
38.4743 	EXP 	hasPeriphery: texRes = 128.0
38.4743 	EXP 	noPeriphery: texRes = 128.0
38.5908 	EXP 	hasPeriphery: texRes = 128.0
38.5908 	EXP 	noPeriphery: texRes = 128.0
38.7085 	EXP 	hasPeriphery: texRes = 128.0
38.7085 	EXP 	noPeriphery: texRes = 128.0
38.8416 	EXP 	hasPeriphery: texRes = 128.0
38.8416 	EXP 	noPeriphery: texRes = 128.0
38.9577 	EXP 	hasPeriphery: texRes = 128.0
38.9577 	EXP 	noPeriphery: texRes = 128.0
39.0742 	EXP 	hasPeriphery: texRes = 128.0
39.0742 	EXP 	noPeriphery: texRes = 128.0
39.2074 	EXP 	hasPeriphery: texRes = 128.0
39.2074 	EXP 	noPeriphery: texRes = 128.0
39.3240 	EXP 	hasPeriphery: texRes = 128.0
39.3240 	EXP 	noPeriphery: texRes = 128.0
39.4412 	EXP 	hasPeriphery: texRes = 128.0
39.4412 	EXP 	noPeriphery: texRes = 128.0
39.5742 	EXP 	hasPeriphery: texRes = 128.0
39.5742 	EXP 	noPeriphery: texRes = 128.0
39.7415 	EXP 	hasPeriphery: texRes = 128.0
39.7415 	EXP 	noPeriphery: texRes = 128.0
39.7415 	EXP 	final: autoDraw = True
39.7415 	EXP 	final: texRes = 128.0
39.9245 	EXP 	hasPeriphery: texRes = 128.0
39.9245 	EXP 	noPeriphery: texRes = 128.0
39.9245 	EXP 	final: texRes = 128.0
40.0913 	EXP 	hasPeriphery: texRes = 128.0
40.0913 	EXP 	noPeriphery: texRes = 128.0
40.0913 	EXP 	final: texRes = 128.0
40.2573 	EXP 	hasPeriphery: texRes = 128.0
40.2573 	EXP 	noPeriphery: texRes = 128.0
40.2573 	EXP 	final: texRes = 128.0
40.4242 	EXP 	hasPeriphery: texRes = 128.0
40.4242 	EXP 	noPeriphery: texRes = 128.0
40.4242 	EXP 	final: texRes = 128.0
40.5908 	EXP 	hasPeriphery: texRes = 128.0
40.5908 	EXP 	noPeriphery: texRes = 128.0
40.5908 	EXP 	final: texRes = 128.0
40.7575 	EXP 	hasPeriphery: texRes = 128.0
40.7575 	EXP 	noPeriphery: texRes = 128.0
40.7575 	EXP 	final: texRes = 128.0
40.9074 	EXP 	hasPeriphery: texRes = 128.0
40.9074 	EXP 	noPeriphery: texRes = 128.0
40.9074 	EXP 	final: texRes = 128.0
41.0738 	EXP 	hasPeriphery: texRes = 128.0
41.0738 	EXP 	noPeriphery: texRes = 128.0
41.0738 	EXP 	final: texRes = 128.0
41.2242 	EXP 	hasPeriphery: texRes = 128.0
41.2242 	EXP 	noPeriphery: texRes = 128.0
41.2242 	EXP 	final: texRes = 128.0
41.3911 	EXP 	hasPeriphery: texRes = 128.0
41.3911 	EXP 	noPeriphery: texRes = 128.0
41.3911 	EXP 	final: texRes = 128.0
41.5584 	EXP 	hasPeriphery: texRes = 128.0
41.5584 	EXP 	noPeriphery: texRes = 128.0
41.5584 	EXP 	final: texRes = 128.0
41.7242 	EXP 	hasPeriphery: texRes = 128.0
41.7242 	EXP 	noPeriphery: texRes = 128.0
41.7242 	EXP 	final: texRes = 128.0
41.8905 	EXP 	hasPeriphery: texRes = 128.0
41.8905 	EXP 	noPeriphery: texRes = 128.0
41.8905 	EXP 	final: texRes = 128.0
42.0575 	EXP 	hasPeriphery: texRes = 128.0
42.0575 	EXP 	noPeriphery: texRes = 128.0
42.0575 	EXP 	final: texRes = 128.0
42.2241 	EXP 	hasPeriphery: texRes = 128.0
42.2241 	EXP 	noPeriphery: texRes = 128.0
42.2241 	EXP 	final: texRes = 128.0
42.3904 	EXP 	hasPeriphery: texRes = 128.0
42.3904 	EXP 	noPeriphery: texRes = 128.0
42.3904 	EXP 	final: texRes = 128.0
42.5575 	EXP 	hasPeriphery: texRes = 128.0
42.5575 	EXP 	noPeriphery: texRes = 128.0
42.5575 	EXP 	final: texRes = 128.0
42.7078 	EXP 	hasPeriphery: texRes = 128.0
42.7078 	EXP 	noPeriphery: texRes = 128.0
42.7078 	EXP 	final: texRes = 128.0
42.8737 	EXP 	hasPeriphery: texRes = 128.0
42.8737 	EXP 	noPeriphery: texRes = 128.0
42.8737 	EXP 	final: texRes = 128.0
43.0407 	EXP 	hasPeriphery: texRes = 128.0
43.0407 	EXP 	noPeriphery: texRes = 128.0
43.0407 	EXP 	final: texRes = 128.0
43.2070 	EXP 	hasPeriphery: texRes = 128.0
43.2070 	EXP 	noPeriphery: texRes = 128.0
43.2070 	EXP 	final: texRes = 128.0
43.3736 	EXP 	hasPeriphery: texRes = 128.0
43.3736 	EXP 	noPeriphery: texRes = 128.0
43.3736 	EXP 	final: texRes = 128.0
43.5410 	EXP 	hasPeriphery: texRes = 128.0
43.5410 	EXP 	noPeriphery: texRes = 128.0
43.5410 	EXP 	final: texRes = 128.0
43.7077 	EXP 	hasPeriphery: texRes = 128.0
43.7077 	EXP 	noPeriphery: texRes = 128.0
43.7077 	EXP 	final: texRes = 128.0
43.8903 	EXP 	hasPeriphery: texRes = 128.0
43.8903 	EXP 	noPeriphery: texRes = 128.0
43.8903 	EXP 	final: texRes = 128.0
44.0402 	EXP 	hasPeriphery: texRes = 128.0
44.0402 	EXP 	noPeriphery: texRes = 128.0
44.0402 	EXP 	final: texRes = 128.0
44.2073 	EXP 	hasPeriphery: texRes = 128.0
44.2073 	EXP 	noPeriphery: texRes = 128.0
44.2073 	EXP 	final: texRes = 128.0
44.3743 	EXP 	hasPeriphery: texRes = 128.0
44.3743 	EXP 	noPeriphery: texRes = 128.0
44.3743 	EXP 	final: texRes = 128.0
44.5582 	EXP 	hasPeriphery: texRes = 128.0
44.5582 	EXP 	noPeriphery: texRes = 128.0
44.5582 	EXP 	final: texRes = 128.0
44.7250 	EXP 	hasPeriphery: texRes = 128.0
44.7250 	EXP 	noPeriphery: texRes = 128.0
44.7250 	EXP 	final: texRes = 128.0
44.9077 	EXP 	hasPeriphery: texRes = 128.0
44.9077 	EXP 	noPeriphery: texRes = 128.0
44.9077 	EXP 	final: texRes = 128.0
45.0902 	EXP 	hasPeriphery: texRes = 128.0
45.0902 	EXP 	noPeriphery: texRes = 128.0
45.0902 	EXP 	final: texRes = 128.0
45.2573 	EXP 	hasPeriphery: texRes = 128.0
45.2573 	EXP 	noPeriphery: texRes = 128.0
45.2573 	EXP 	final: texRes = 128.0
45.4243 	EXP 	hasPeriphery: texRes = 128.0
45.4243 	EXP 	noPeriphery: texRes = 128.0
45.4243 	EXP 	final: texRes = 128.0
45.5735 	EXP 	hasPeriphery: texRes = 128.0
45.5735 	EXP 	noPeriphery: texRes = 128.0
45.5735 	EXP 	final: texRes = 128.0
45.7405 	EXP 	hasPeriphery: texRes = 128.0
45.7405 	EXP 	noPeriphery: texRes = 128.0
45.7405 	EXP 	final: texRes = 128.0
45.9080 	EXP 	hasPeriphery: texRes = 128.0
45.9080 	EXP 	noPeriphery: texRes = 128.0
45.9080 	EXP 	final: texRes = 128.0
46.0738 	EXP 	hasPeriphery: texRes = 128.0
46.0738 	EXP 	noPeriphery: texRes = 128.0
46.0738 	EXP 	final: texRes = 128.0
46.1410 	EXP 	hasPeriphery: autoDraw = False
46.1410 	EXP 	noPeriphery: autoDraw = False
46.1410 	EXP 	final: texRes = 128.0
46.2073 	EXP 	final: texRes = 128.0
46.2738 	EXP 	final: texRes = 128.0
46.3410 	EXP 	final: texRes = 128.0
46.4075 	EXP 	final: texRes = 128.0
46.4733 	EXP 	final: texRes = 128.0
46.5401 	EXP 	final: texRes = 128.0
46.6075 	EXP 	final: texRes = 128.0
46.6742 	EXP 	final: texRes = 128.0
46.7411 	EXP 	final: texRes = 128.0
46.8076 	EXP 	final: texRes = 128.0
46.8737 	EXP 	final: texRes = 128.0
46.9407 	EXP 	final: texRes = 128.0
47.0067 	EXP 	final: texRes = 128.0
47.0741 	EXP 	final: texRes = 128.0
47.1410 	EXP 	final: texRes = 128.0
47.2076 	EXP 	final: texRes = 128.0
47.2738 	EXP 	final: texRes = 128.0
47.3410 	EXP 	final: texRes = 128.0
47.4066 	EXP 	final: texRes = 128.0
47.4742 	EXP 	final: texRes = 128.0
47.5402 	EXP 	final: texRes = 128.0
47.6066 	EXP 	final: texRes = 128.0
47.6422 	DATA 	Keypress: space
47.6737 	EXP 	final: texRes = 128.0
47.7063 	EXP 	New trial (rep=0, index=4): {'startImage': 'C:\\Users\\hesselmann\\Desktop\\PsychoPyUniformityIllusion\\UniformityIllusionPsychoPy\\Pics\\3start.png', 'midImage': 'C:\\Users\\hesselmann\\Desktop\\PsychoPyUniformityIllusion\\UniformityIllusionPsychoPy\\Pics\\3a.png', 'endImage': 'C:\\Users\\hesselmann\\Desktop\\PsychoPyUniformityIllusion\\UniformityIllusionPsychoPy\\Pics\\3a.png', 'AB': 'a'}
47.9403 	EXP 	final: texRes = 128.0
47.9403 	EXP 	hasPeriphery: autoDraw = False
47.9403 	EXP 	noPeriphery: autoDraw = False
47.9403 	EXP 	final: autoDraw = False
47.9403 	EXP 	blank_screen: autoDraw = False
47.9403 	EXP 	text: autoDraw = False
47.9403 	EXP 	hasPeriphery: size = array([1.77777778, 1.        ])
47.9403 	EXP 	hasPeriphery: image = 'C:\\Users\\hesselmann\\Desktop\\PsychoPyUniformityIllusion\\UniformityIllusionPsychoPy\\Pics\\3a.png'
47.9403 	EXP 	noPeriphery: size = array([1.77777778, 1.        ])
47.9403 	EXP 	noPeriphery: image = 'C:\\Users\\hesselmann\\Desktop\\PsychoPyUniformityIllusion\\UniformityIllusionPsychoPy\\Pics\\3start.png'
47.9403 	EXP 	final: size = array([1.77777778, 1.        ])
47.9403 	EXP 	final: image = 'C:\\Users\\hesselmann\\Desktop\\PsychoPyUniformityIllusion\\UniformityIllusionPsychoPy\\Pics\\3a.png'
47.9403 	EXP 	hasPeriphery: autoDraw = True
47.9403 	EXP 	hasPeriphery: texRes = 128.0
47.9403 	EXP 	noPeriphery: autoDraw = True
47.9403 	EXP 	noPeriphery: texRes = 128.0
47.9403 	EXP 	blank_screen: autoDraw = True
47.9403 	EXP 	text: autoDraw = True
48.0741 	EXP 	hasPeriphery: texRes = 128.0
48.0741 	EXP 	noPeriphery: texRes = 128.0
48.2074 	EXP 	hasPeriphery: texRes = 128.0
48.2074 	EXP 	noPeriphery: texRes = 128.0
48.2074 	EXP 	blank_screen: autoDraw = False
48.3236 	EXP 	hasPeriphery: texRes = 128.0
48.3236 	EXP 	noPeriphery: texRes = 128.0
48.4402 	EXP 	hasPeriphery: texRes = 128.0
48.4402 	EXP 	noPeriphery: texRes = 128.0
48.5732 	EXP 	hasPeriphery: texRes = 128.0
48.5732 	EXP 	noPeriphery: texRes = 128.0
48.6903 	EXP 	hasPeriphery: texRes = 128.0
48.6903 	EXP 	noPeriphery: texRes = 128.0
48.8232 	EXP 	hasPeriphery: texRes = 128.0
48.8232 	EXP 	noPeriphery: texRes = 128.0
48.9405 	EXP 	hasPeriphery: texRes = 128.0
48.9405 	EXP 	noPeriphery: texRes = 128.0
49.0575 	EXP 	hasPeriphery: texRes = 128.0
49.0575 	EXP 	noPeriphery: texRes = 128.0
49.1735 	EXP 	hasPeriphery: texRes = 128.0
49.1735 	EXP 	noPeriphery: texRes = 128.0
49.2902 	EXP 	hasPeriphery: texRes = 128.0
49.2902 	EXP 	noPeriphery: texRes = 128.0
49.4065 	EXP 	hasPeriphery: texRes = 128.0
49.4065 	EXP 	noPeriphery: texRes = 128.0
49.5399 	EXP 	hasPeriphery: texRes = 128.0
49.5399 	EXP 	noPeriphery: texRes = 128.0
49.6572 	EXP 	hasPeriphery: texRes = 128.0
49.6572 	EXP 	noPeriphery: texRes = 128.0
49.7741 	EXP 	hasPeriphery: texRes = 128.0
49.7741 	EXP 	noPeriphery: texRes = 128.0
49.8898 	EXP 	hasPeriphery: texRes = 128.0
49.8898 	EXP 	noPeriphery: texRes = 128.0
50.0066 	EXP 	hasPeriphery: texRes = 128.0
50.0066 	EXP 	noPeriphery: texRes = 128.0
50.1231 	EXP 	hasPeriphery: texRes = 128.0
50.1231 	EXP 	noPeriphery: texRes = 128.0
50.2405 	EXP 	hasPeriphery: texRes = 128.0
50.2405 	EXP 	noPeriphery: texRes = 128.0
50.3569 	EXP 	hasPeriphery: texRes = 128.0
50.3569 	EXP 	noPeriphery: texRes = 128.0
50.4897 	EXP 	hasPeriphery: texRes = 128.0
50.4897 	EXP 	noPeriphery: texRes = 128.0
50.6238 	EXP 	hasPeriphery: texRes = 128.0
50.6238 	EXP 	noPeriphery: texRes = 128.0
50.7406 	EXP 	hasPeriphery: texRes = 128.0
50.7406 	EXP 	noPeriphery: texRes = 128.0
50.8734 	EXP 	hasPeriphery: texRes = 128.0
50.8734 	EXP 	noPeriphery: texRes = 128.0
50.9900 	EXP 	hasPeriphery: texRes = 128.0
50.9900 	EXP 	noPeriphery: texRes = 128.0
51.1064 	EXP 	hasPeriphery: texRes = 128.0
51.1064 	EXP 	noPeriphery: texRes = 128.0
51.2235 	EXP 	hasPeriphery: texRes = 128.0
51.2235 	EXP 	noPeriphery: texRes = 128.0
51.3567 	EXP 	hasPeriphery: texRes = 128.0
51.3567 	EXP 	noPeriphery: texRes = 128.0
51.4899 	EXP 	hasPeriphery: texRes = 128.0
51.4899 	EXP 	noPeriphery: texRes = 128.0
51.6567 	EXP 	hasPeriphery: texRes = 128.0
51.6567 	EXP 	noPeriphery: texRes = 128.0
51.6567 	EXP 	final: autoDraw = True
51.6567 	EXP 	final: texRes = 128.0
51.8007 	DATA 	Keypress: space
51.8400 	EXP 	hasPeriphery: texRes = 128.0
51.8400 	EXP 	noPeriphery: texRes = 128.0
51.8400 	EXP 	final: texRes = 128.0
51.9422 	EXP 	New trial (rep=0, index=5): {'startImage': 'C:\\Users\\hesselmann\\Desktop\\PsychoPyUniformityIllusion\\UniformityIllusionPsychoPy\\Pics\\3start.png', 'midImage': 'C:\\Users\\hesselmann\\Desktop\\PsychoPyUniformityIllusion\\UniformityIllusionPsychoPy\\Pics\\3a.png', 'endImage': 'C:\\Users\\hesselmann\\Desktop\\PsychoPyUniformityIllusion\\UniformityIllusionPsychoPy\\Pics\\3b.png', 'AB': 'b'}
52.1733 	EXP 	hasPeriphery: texRes = 128.0
52.1733 	EXP 	noPeriphery: texRes = 128.0
52.1733 	EXP 	final: texRes = 128.0
52.1733 	EXP 	hasPeriphery: autoDraw = False
52.1733 	EXP 	noPeriphery: autoDraw = False
52.1733 	EXP 	final: autoDraw = False
52.1733 	EXP 	blank_screen: autoDraw = False
52.1733 	EXP 	text: autoDraw = False
52.1733 	EXP 	hasPeriphery: size = array([1.77777778, 1.        ])
52.1733 	EXP 	hasPeriphery: image = 'C:\\Users\\hesselmann\\Desktop\\PsychoPyUniformityIllusion\\UniformityIllusionPsychoPy\\Pics\\3a.png'
52.1733 	EXP 	noPeriphery: size = array([1.77777778, 1.        ])
52.1733 	EXP 	noPeriphery: image = 'C:\\Users\\hesselmann\\Desktop\\PsychoPyUniformityIllusion\\UniformityIllusionPsychoPy\\Pics\\3start.png'
52.1733 	EXP 	final: size = array([1.77777778, 1.        ])
52.1733 	EXP 	final: image = 'C:\\Users\\hesselmann\\Desktop\\PsychoPyUniformityIllusion\\UniformityIllusionPsychoPy\\Pics\\3b.png'
52.1733 	EXP 	hasPeriphery: autoDraw = True
52.1733 	EXP 	hasPeriphery: texRes = 128.0
52.1733 	EXP 	noPeriphery: autoDraw = True
52.1733 	EXP 	noPeriphery: texRes = 128.0
52.1733 	EXP 	blank_screen: autoDraw = True
52.1733 	EXP 	text: autoDraw = True
52.3062 	EXP 	hasPeriphery: texRes = 128.0
52.3062 	EXP 	noPeriphery: texRes = 128.0
52.4396 	EXP 	hasPeriphery: texRes = 128.0
52.4396 	EXP 	noPeriphery: texRes = 128.0
52.4396 	EXP 	blank_screen: autoDraw = False
52.5570 	EXP 	hasPeriphery: texRes = 128.0
52.5570 	EXP 	noPeriphery: texRes = 128.0
52.6732 	EXP 	hasPeriphery: texRes = 128.0
52.6732 	EXP 	noPeriphery: texRes = 128.0
52.7899 	EXP 	hasPeriphery: texRes = 128.0
52.7899 	EXP 	noPeriphery: texRes = 128.0
52.9062 	EXP 	hasPeriphery: texRes = 128.0
52.9062 	EXP 	noPeriphery: texRes = 128.0
53.0231 	EXP 	hasPeriphery: texRes = 128.0
53.0231 	EXP 	noPeriphery: texRes = 128.0
53.1402 	EXP 	hasPeriphery: texRes = 128.0
53.1402 	EXP 	noPeriphery: texRes = 128.0
53.2567 	EXP 	hasPeriphery: texRes = 128.0
53.2567 	EXP 	noPeriphery: texRes = 128.0
53.3736 	EXP 	hasPeriphery: texRes = 128.0
53.3736 	EXP 	noPeriphery: texRes = 128.0
53.5066 	EXP 	hasPeriphery: texRes = 128.0
53.5066 	EXP 	noPeriphery: texRes = 128.0
53.6235 	EXP 	hasPeriphery: texRes = 128.0
53.6235 	EXP 	noPeriphery: texRes = 128.0
53.7402 	EXP 	hasPeriphery: texRes = 128.0
53.7402 	EXP 	noPeriphery: texRes = 128.0
53.8561 	EXP 	hasPeriphery: texRes = 128.0
53.8561 	EXP 	noPeriphery: texRes = 128.0
53.9737 	EXP 	hasPeriphery: texRes = 128.0
53.9737 	EXP 	noPeriphery: texRes = 128.0
54.1061 	EXP 	hasPeriphery: texRes = 128.0
54.1061 	EXP 	noPeriphery: texRes = 128.0
54.2241 	EXP 	hasPeriphery: texRes = 128.0
54.2241 	EXP 	noPeriphery: texRes = 128.0
54.3398 	EXP 	hasPeriphery: texRes = 128.0
54.3398 	EXP 	noPeriphery: texRes = 128.0
54.4729 	EXP 	hasPeriphery: texRes = 128.0
54.4729 	EXP 	noPeriphery: texRes = 128.0
54.6399 	EXP 	hasPeriphery: texRes = 128.0
54.6399 	EXP 	noPeriphery: texRes = 128.0
54.6399 	EXP 	final: autoDraw = True
54.6399 	EXP 	final: texRes = 128.0
54.8068 	EXP 	hasPeriphery: texRes = 128.0
54.8068 	EXP 	noPeriphery: texRes = 128.0
54.8068 	EXP 	final: texRes = 128.0
54.9727 	EXP 	hasPeriphery: texRes = 128.0
54.9727 	EXP 	noPeriphery: texRes = 128.0
54.9727 	EXP 	final: texRes = 128.0
55.1393 	EXP 	hasPeriphery: texRes = 128.0
55.1393 	EXP 	noPeriphery: texRes = 128.0
55.1393 	EXP 	final: texRes = 128.0
55.3231 	EXP 	hasPeriphery: texRes = 128.0
55.3231 	EXP 	noPeriphery: texRes = 128.0
55.3231 	EXP 	final: texRes = 128.0
55.4893 	EXP 	hasPeriphery: texRes = 128.0
55.4893 	EXP 	noPeriphery: texRes = 128.0
55.4893 	EXP 	final: texRes = 128.0
55.6569 	EXP 	hasPeriphery: texRes = 128.0
55.6569 	EXP 	noPeriphery: texRes = 128.0
55.6569 	EXP 	final: texRes = 128.0
55.8394 	EXP 	hasPeriphery: texRes = 128.0
55.8394 	EXP 	noPeriphery: texRes = 128.0
55.8394 	EXP 	final: texRes = 128.0
56.0063 	EXP 	hasPeriphery: texRes = 128.0
56.0063 	EXP 	noPeriphery: texRes = 128.0
56.0063 	EXP 	final: texRes = 128.0
56.1734 	EXP 	hasPeriphery: texRes = 128.0
56.1734 	EXP 	noPeriphery: texRes = 128.0
56.1734 	EXP 	final: texRes = 128.0
56.3567 	EXP 	hasPeriphery: texRes = 128.0
56.3567 	EXP 	noPeriphery: texRes = 128.0
56.3567 	EXP 	final: texRes = 128.0
56.5235 	EXP 	hasPeriphery: texRes = 128.0
56.5235 	EXP 	noPeriphery: texRes = 128.0
56.5235 	EXP 	final: texRes = 128.0
56.7063 	EXP 	hasPeriphery: texRes = 128.0
56.7063 	EXP 	noPeriphery: texRes = 128.0
56.7063 	EXP 	final: texRes = 128.0
56.8725 	EXP 	hasPeriphery: texRes = 128.0
56.8725 	EXP 	noPeriphery: texRes = 128.0
56.8725 	EXP 	final: texRes = 128.0
57.0559 	EXP 	hasPeriphery: texRes = 128.0
57.0559 	EXP 	noPeriphery: texRes = 128.0
57.0559 	EXP 	final: texRes = 128.0
57.2392 	EXP 	hasPeriphery: texRes = 128.0
57.2392 	EXP 	noPeriphery: texRes = 128.0
57.2392 	EXP 	final: texRes = 128.0
57.4058 	EXP 	hasPeriphery: texRes = 128.0
57.4058 	EXP 	noPeriphery: texRes = 128.0
57.4058 	EXP 	final: texRes = 128.0
57.5725 	EXP 	hasPeriphery: texRes = 128.0
57.5725 	EXP 	noPeriphery: texRes = 128.0
57.5725 	EXP 	final: texRes = 128.0
57.7395 	EXP 	hasPeriphery: texRes = 128.0
57.7395 	EXP 	noPeriphery: texRes = 128.0
57.7395 	EXP 	final: texRes = 128.0
57.9058 	EXP 	hasPeriphery: texRes = 128.0
57.9058 	EXP 	noPeriphery: texRes = 128.0
57.9058 	EXP 	final: texRes = 128.0
58.0732 	EXP 	hasPeriphery: texRes = 128.0
58.0732 	EXP 	noPeriphery: texRes = 128.0
58.0732 	EXP 	final: texRes = 128.0
58.2391 	EXP 	hasPeriphery: texRes = 128.0
58.2391 	EXP 	noPeriphery: texRes = 128.0
58.2391 	EXP 	final: texRes = 128.0
58.4064 	EXP 	hasPeriphery: texRes = 128.0
58.4064 	EXP 	noPeriphery: texRes = 128.0
58.4064 	EXP 	final: texRes = 128.0
58.5732 	EXP 	hasPeriphery: texRes = 128.0
58.5732 	EXP 	noPeriphery: texRes = 128.0
58.5732 	EXP 	final: texRes = 128.0
58.7391 	EXP 	hasPeriphery: texRes = 128.0
58.7391 	EXP 	noPeriphery: texRes = 128.0
58.7391 	EXP 	final: texRes = 128.0
58.9057 	EXP 	hasPeriphery: texRes = 128.0
58.9057 	EXP 	noPeriphery: texRes = 128.0
58.9057 	EXP 	final: texRes = 128.0
59.0727 	EXP 	hasPeriphery: texRes = 128.0
59.0727 	EXP 	noPeriphery: texRes = 128.0
59.0727 	EXP 	final: texRes = 128.0
59.2399 	EXP 	hasPeriphery: texRes = 128.0
59.2399 	EXP 	noPeriphery: texRes = 128.0
59.2399 	EXP 	final: texRes = 128.0
59.4224 	EXP 	hasPeriphery: texRes = 128.0
59.4224 	EXP 	noPeriphery: texRes = 128.0
59.4224 	EXP 	final: texRes = 128.0
59.5894 	EXP 	hasPeriphery: texRes = 128.0
59.5894 	EXP 	noPeriphery: texRes = 128.0
59.5894 	EXP 	final: texRes = 128.0
59.7728 	EXP 	hasPeriphery: texRes = 128.0
59.7728 	EXP 	noPeriphery: texRes = 128.0
59.7728 	EXP 	final: texRes = 128.0
59.9389 	EXP 	hasPeriphery: texRes = 128.0
59.9389 	EXP 	noPeriphery: texRes = 128.0
59.9389 	EXP 	final: texRes = 128.0
60.1060 	EXP 	hasPeriphery: texRes = 128.0
60.1060 	EXP 	noPeriphery: texRes = 128.0
60.1060 	EXP 	final: texRes = 128.0
60.2732 	EXP 	hasPeriphery: texRes = 128.0
60.2732 	EXP 	noPeriphery: texRes = 128.0
60.2732 	EXP 	final: texRes = 128.0
60.4389 	EXP 	hasPeriphery: texRes = 128.0
60.4389 	EXP 	noPeriphery: texRes = 128.0
60.4389 	EXP 	final: texRes = 128.0
60.6227 	EXP 	hasPeriphery: texRes = 128.0
60.6227 	EXP 	noPeriphery: texRes = 128.0
60.6227 	EXP 	final: texRes = 128.0
60.7896 	EXP 	hasPeriphery: texRes = 128.0
60.7896 	EXP 	noPeriphery: texRes = 128.0
60.7896 	EXP 	final: texRes = 128.0
60.9555 	EXP 	hasPeriphery: texRes = 128.0
60.9555 	EXP 	noPeriphery: texRes = 128.0
60.9555 	EXP 	final: texRes = 128.0
61.1222 	EXP 	hasPeriphery: texRes = 128.0
61.1222 	EXP 	noPeriphery: texRes = 128.0
61.1222 	EXP 	final: texRes = 128.0
61.2892 	EXP 	hasPeriphery: texRes = 128.0
61.2892 	EXP 	noPeriphery: texRes = 128.0
61.2892 	EXP 	final: texRes = 128.0
61.4560 	EXP 	hasPeriphery: texRes = 128.0
61.4560 	EXP 	noPeriphery: texRes = 128.0
61.4560 	EXP 	final: texRes = 128.0
61.6392 	EXP 	hasPeriphery: texRes = 128.0
61.6392 	EXP 	noPeriphery: texRes = 128.0
61.6392 	EXP 	final: texRes = 128.0
61.8057 	EXP 	hasPeriphery: texRes = 128.0
61.8057 	EXP 	noPeriphery: texRes = 128.0
61.8057 	EXP 	final: texRes = 128.0
61.9721 	EXP 	hasPeriphery: texRes = 128.0
61.9721 	EXP 	noPeriphery: texRes = 128.0
61.9721 	EXP 	final: texRes = 128.0
62.1392 	EXP 	hasPeriphery: texRes = 128.0
62.1392 	EXP 	noPeriphery: texRes = 128.0
62.1392 	EXP 	final: texRes = 128.0
62.3054 	EXP 	hasPeriphery: texRes = 128.0
62.3054 	EXP 	noPeriphery: texRes = 128.0
62.3054 	EXP 	final: texRes = 128.0
62.3733 	EXP 	hasPeriphery: autoDraw = False
62.3733 	EXP 	noPeriphery: autoDraw = False
62.3733 	EXP 	final: texRes = 128.0
62.4393 	EXP 	final: texRes = 128.0
62.5224 	EXP 	final: texRes = 128.0
62.5887 	EXP 	final: texRes = 128.0
62.6554 	EXP 	final: texRes = 128.0
62.7221 	EXP 	final: texRes = 128.0
62.7898 	EXP 	final: texRes = 128.0
62.8558 	EXP 	final: texRes = 128.0
62.9220 	EXP 	final: texRes = 128.0
62.9887 	EXP 	final: texRes = 128.0
63.0556 	EXP 	final: texRes = 128.0
63.1224 	EXP 	final: texRes = 128.0
63.1887 	EXP 	final: texRes = 128.0
63.2554 	EXP 	final: texRes = 128.0
63.3220 	EXP 	final: texRes = 128.0
63.3886 	EXP 	final: texRes = 128.0
63.4556 	EXP 	final: texRes = 128.0
63.5221 	EXP 	final: texRes = 128.0
63.5888 	EXP 	final: texRes = 128.0
63.6566 	EXP 	final: texRes = 128.0
63.7228 	EXP 	final: texRes = 128.0
63.8054 	EXP 	final: texRes = 128.0
63.8720 	EXP 	final: texRes = 128.0
63.9390 	EXP 	final: texRes = 128.0
64.0053 	EXP 	final: texRes = 128.0
64.0720 	EXP 	final: texRes = 128.0
64.1387 	EXP 	final: texRes = 128.0
64.2067 	EXP 	final: texRes = 128.0
64.2720 	EXP 	final: texRes = 128.0
64.3393 	EXP 	final: texRes = 128.0
64.4056 	EXP 	final: texRes = 128.0
64.4724 	EXP 	final: texRes = 128.0
64.5385 	EXP 	final: texRes = 128.0
64.5797 	DATA 	Keypress: escape
64.6054 	EXP 	final: texRes = 128.0
64.6731 	EXP 	final: texRes = 128.0
64.8236 	EXP 	window1: mouseVisible = True
