1.0107 	WARNING 	We strongly recommend you activate the PTB sound engine in PsychoPy prefs as the preferred audio engine. Its timing is vastly superior. Your prefs are currently set to use ['sounddevice', 'PTB', 'pyo', 'pygame'] (in that order).
5.9179 	EXP 	Created window1 = Window(allowGUI=False, allowStencil=False, autoLog=True, backendConf=UNKNOWN, bitsMode=UNKNOWN, blendMode='avg', bpc=(8, 8, 8), color=array([0, 0, 0]), colorSpace='rgb', depthBits=8, fullscr=<method-wrapper '__getattribute__' of attributeSetter object at 0x0000024DAF5850F0>, gamma=None, gammaErrorPolicy='raise', lms=UNKNOWN, monitor=<psychopy.monitors.calibTools.Monitor object at 0x0000024DAF518748>, multiSample=False, name='window1', numSamples=2, pos=[0.0, 0.0], screen=0, size=array([1920, 1080]), stencilBits=0, stereo=False, units='height', useFBO=True, useRetina=False, viewOri=0.0, viewPos=None, viewScale=None, waitBlanking=True, winType='pyglet')
5.9181 	EXP 	window1: mouseVisible = True
5.9181 	EXP 	window1: recordFrameIntervals = False
6.0504 	EXP 	window1: recordFrameIntervals = True
6.1976 	EXP 	window1: recordFrameIntervals = False
6.7096 	EXP 	Created WelcomeText = TextStim(__class__=<class 'psychopy.visual.text.TextStim'>, alignHoriz=method-wrapper(...), alignText='center', alignVert=method-wrapper(...), anchorHoriz='center', anchorVert='center', antialias=True, autoLog=True, bold=False, color=array([1, 1, 1]), colorSpace='rgb', contrast=1.0, depth=0.0, flipHoriz=False, flipVert=False, font='Open Sans', fontFiles=[], height=0.1, italic=False, languageStyle='LTR', name='WelcomeText', opacity=1, ori=0.0, pos=array([0., 0.]), rgb=UNKNOWN, text='Welcome to our Study!', units='height', win=Window(...), wrapWidth=1)
6.7257 	EXP 	Imported depression.xlsx as conditions, 2 conditions, 12 params
6.7269 	EXP 	Question text: Sadness
6.7485 	EXP 	window1: mouseVisible = True
6.7819 	EXP 	Question text: Pessimism
6.7893 	EXP 	window1: mouseVisible = True
6.8115 	EXP 	window1: mouseVisible = True
6.8156 	EXP 	Created unnamed Rect = Rect(__class__=<class 'psychopy.visual.rect.Rect'>, autoDraw=False, autoLog=True, closeShape=True, color=method-wrapper(...), colorSpace='rgb', contrast=None, depth=0, fillColor=array([0, 0, 0]), fillColorSpace='rgb', fillRGB=UNKNOWN, interpolate=True, lineColor=array([0, 0, 0]), lineColorSpace='rgb', lineRGB=UNKNOWN, lineWidth=1.5, name='unnamed Rect', opacity=0, ori=0.0, pos=array([0., 0.]), size=array([0., 0.]), units='height', vertices=ndarray(...), win=Window(...))
6.8229 	EXP 	Created DepressionQuestionnaire = <psychopy.visual.form.Form object at 0x0000024DB24AAB00>
6.8463 	EXP 	window1: mouseVisible = True
6.8898 	EXP 	Created instructionsText = TextStim(__class__=<class 'psychopy.visual.text.TextStim'>, alignHoriz=method-wrapper(...), alignText='center', alignVert=method-wrapper(...), anchorHoriz='center', anchorVert='center', antialias=True, autoLog=True, bold=False, color=array([1, 1, 1]), colorSpace='rgb', contrast=1.0, depth=0.0, flipHoriz=False, flipVert=False, font='Open Sans', fontFiles=[], height=0.04, italic=False, languageStyle='LTR', name='instructionsText', opacity=1, ori=0.0, pos=array([0., 0.]), rgb=UNKNOWN, text=str(...), units='height', win=Window(...), wrapWidth=1)
6.8930 	EXP 	Created hasPeriphery = ImageStim(__class__=<class 'psychopy.visual.image.ImageStim'>, autoLog=True, color=array([1, 1, 1]), colorSpace='rgb', contrast=1.0, depth=-1.0, flipHoriz=False, flipVert=False, image='sin', interpolate=True, mask=None, maskParams=None, name='hasPeriphery', opacity=1.0, ori=0.0, pos=array([0., 0.]), size=array([0.5, 0.5]), texRes=128.0, units='height', win=Window(...))
6.8956 	EXP 	Created noPeriphery = ImageStim(__class__=<class 'psychopy.visual.image.ImageStim'>, autoLog=True, color=array([1, 1, 1]), colorSpace='rgb', contrast=1.0, depth=-3.0, flipHoriz=False, flipVert=False, image='sin', interpolate=True, mask=None, maskParams=None, name='noPeriphery', opacity=1.0, ori=0.0, pos=array([0., 0.]), size=array([0.5, 0.5]), texRes=128.0, units='height', win=Window(...))
6.8978 	EXP 	Created final = ImageStim(__class__=<class 'psychopy.visual.image.ImageStim'>, autoLog=True, color=array([1, 1, 1]), colorSpace='rgb', contrast=1.0, depth=-4.0, flipHoriz=False, flipVert=False, image='sin', interpolate=True, mask=None, maskParams=None, name='final', opacity=1.0, ori=0.0, pos=array([0., 0.]), size=array([0.5, 0.5]), texRes=128.0, units='height', win=Window(...))
6.8989 	EXP 	Created blank_screen = Rect(__class__=<class 'psychopy.visual.rect.Rect'>, autoDraw=False, autoLog=True, closeShape=True, color=method-wrapper(...), colorSpace='rgb', contrast=None, depth=-5.0, fillColor=array([1, 1, 1]), fillColorSpace='rgb', fillRGB=UNKNOWN, interpolate=True, lineColor=array([1, 1, 1]), lineColorSpace='rgb', lineRGB=UNKNOWN, lineWidth=1.0, name='blank_screen', opacity=1.0, ori=0.0, pos=array([0., 0.]), size=array([2., 2.]), units='height', vertices=ndarray(...), win=Window(...))
6.9048 	EXP 	Created text = TextStim(__class__=<class 'psychopy.visual.text.TextStim'>, alignHoriz=method-wrapper(...), alignText='center', alignVert=method-wrapper(...), anchorHoriz='center', anchorVert='center', antialias=True, autoLog=True, bold=False, color=array([ 1, -1, -1]), colorSpace='rgb', contrast=1.0, depth=-6.0, flipHoriz=False, flipVert=False, font='Open Sans', fontFiles=[], height=0.1, italic=False, languageStyle='LTR', name='text', opacity=1, ori=0.0, pos=array([0., 0.]), rgb=UNKNOWN, text='+', units='height', win=Window(...), wrapWidth=1)
6.9155 	EXP 	Created WelcomeText = TextStim(__class__=<class 'psychopy.visual.text.TextStim'>, alignHoriz=method-wrapper(...), alignText='center', alignVert=method-wrapper(...), anchorHoriz='center', anchorVert='center', antialias=True, autoLog=True, bold=False, color=array([1, 1, 1]), colorSpace='rgb', contrast=1.0, depth=0.0, flipHoriz=False, flipVert=False, font='Open Sans', fontFiles=[], height=0.1, italic=False, languageStyle='LTR', name='WelcomeText', opacity=1, ori=0.0, pos=array([0., 0.]), rgb=UNKNOWN, text='Welcome to our Study!', units='height', win=Window(...), wrapWidth=1)
6.9181 	EXP 	Created hasPeriphery = ImageStim(__class__=<class 'psychopy.visual.image.ImageStim'>, autoLog=True, color=array([1, 1, 1]), colorSpace='rgb', contrast=1.0, depth=-1.0, flipHoriz=False, flipVert=False, image='sin', interpolate=True, mask=None, maskParams=None, name='hasPeriphery', opacity=1.0, ori=0.0, pos=array([0., 0.]), size=array([0.5, 0.5]), texRes=128.0, units='height', win=Window(...))
6.9206 	EXP 	Created noPeriphery = ImageStim(__class__=<class 'psychopy.visual.image.ImageStim'>, autoLog=True, color=array([1, 1, 1]), colorSpace='rgb', contrast=1.0, depth=-3.0, flipHoriz=False, flipVert=False, image='sin', interpolate=True, mask=None, maskParams=None, name='noPeriphery', opacity=1.0, ori=0.0, pos=array([0., 0.]), size=array([0.5, 0.5]), texRes=128.0, units='height', win=Window(...))
6.9230 	EXP 	Created final = ImageStim(__class__=<class 'psychopy.visual.image.ImageStim'>, autoLog=True, color=array([1, 1, 1]), colorSpace='rgb', contrast=1.0, depth=-4.0, flipHoriz=False, flipVert=False, image='sin', interpolate=True, mask=None, maskParams=None, name='final', opacity=1.0, ori=0.0, pos=array([0., 0.]), size=array([0.5, 0.5]), texRes=128.0, units='height', win=Window(...))
6.9242 	EXP 	Created blank_screen = Rect(__class__=<class 'psychopy.visual.rect.Rect'>, autoDraw=False, autoLog=True, closeShape=True, color=method-wrapper(...), colorSpace='rgb', contrast=None, depth=-5.0, fillColor=array([1, 1, 1]), fillColorSpace='rgb', fillRGB=UNKNOWN, interpolate=True, lineColor=array([1, 1, 1]), lineColorSpace='rgb', lineRGB=UNKNOWN, lineWidth=1.0, name='blank_screen', opacity=1.0, ori=0.0, pos=array([0., 0.]), size=array([2., 2.]), units='height', vertices=ndarray(...), win=Window(...))
6.9259 	EXP 	Created text = TextStim(__class__=<class 'psychopy.visual.text.TextStim'>, alignHoriz=method-wrapper(...), alignText='center', alignVert=method-wrapper(...), anchorHoriz='center', anchorVert='center', antialias=True, autoLog=True, bold=False, color=array([ 1, -1, -1]), colorSpace='rgb', contrast=1.0, depth=-6.0, flipHoriz=False, flipVert=False, font='Open Sans', fontFiles=[], height=0.1, italic=False, languageStyle='LTR', name='text', opacity=1, ori=0.0, pos=array([0., 0.]), rgb=UNKNOWN, text='+', units='height', win=Window(...), wrapWidth=1)
6.9700 	EXP 	unnamed Form: autoLog = True
6.9700 	EXP 	DepressionQuestionnaire: name = 'DepressionQuestionnaire'
6.9700 	EXP 	DepressionQuestionnaire: size = (3.5, 1)
6.9700 	EXP 	DepressionQuestionnaire: size = array([3.5, 1. ])
6.9700 	EXP 	DepressionQuestionnaire: units = 'height'
6.9700 	EXP 	DepressionQuestionnaire: depth = 0
6.9700 	EXP 	WelcomeText: autoDraw = True
8.9840 	EXP 	WelcomeText: autoDraw = False
8.9840 	EXP 	DepressionQuestionnaire: autoDraw = True
9.8481 	DATA 	Mouse: Left button down, pos=(563,71)
9.9040 	EXP 	DepressionQuestionnaire: autoDraw = False
9.9040 	EXP 	instructionsText: autoDraw = True
9.9363 	DATA 	Mouse:  Left button up, pos=(563,71)
10.1583 	EXP 	Imported picPaths.xlsx as conditions, 6 conditions, 4 params
10.1586 	EXP 	Created sequence: sequential, trialTypes=6, nReps=1, seed=None
10.1589 	EXP 	New trial (rep=0, index=0): {'startImage': 'C:\\Users\\hesselmann\\Desktop\\PsychoPyUniformityIllusion\\UniformityIllusionPsychoPy\\Pics\\1start.png', 'midImage': 'C:\\Users\\hesselmann\\Desktop\\PsychoPyUniformityIllusion\\UniformityIllusionPsychoPy\\Pics\\1a.png', 'endImage': 'C:\\Users\\hesselmann\\Desktop\\PsychoPyUniformityIllusion\\UniformityIllusionPsychoPy\\Pics\\1a.png', 'AB': 'a'}
10.4064 	DATA 	Keypress: space
10.4503 	EXP 	instructionsText: autoDraw = False
10.4503 	EXP 	hasPeriphery: size = array([1.77777778, 1.        ])
10.4503 	EXP 	hasPeriphery: image = 'C:\\Users\\hesselmann\\Desktop\\PsychoPyUniformityIllusion\\UniformityIllusionPsychoPy\\Pics\\1a.png'
10.4503 	EXP 	noPeriphery: size = array([1.77777778, 1.        ])
10.4503 	EXP 	noPeriphery: image = 'C:\\Users\\hesselmann\\Desktop\\PsychoPyUniformityIllusion\\UniformityIllusionPsychoPy\\Pics\\1start.png'
10.4503 	EXP 	final: size = array([1.77777778, 1.        ])
10.4503 	EXP 	final: image = 'C:\\Users\\hesselmann\\Desktop\\PsychoPyUniformityIllusion\\UniformityIllusionPsychoPy\\Pics\\1a.png'
10.4503 	EXP 	hasPeriphery: autoDraw = True
10.4503 	EXP 	hasPeriphery: texRes = 128.0
10.4503 	EXP 	noPeriphery: autoDraw = True
10.4503 	EXP 	noPeriphery: texRes = 128.0
10.4503 	EXP 	text: autoDraw = True
10.5977 	EXP 	hasPeriphery: texRes = 128.0
10.5977 	EXP 	noPeriphery: texRes = 128.0
10.7312 	EXP 	hasPeriphery: texRes = 128.0
10.7312 	EXP 	noPeriphery: texRes = 128.0
10.8780 	EXP 	hasPeriphery: texRes = 128.0
10.8780 	EXP 	noPeriphery: texRes = 128.0
11.0371 	EXP 	hasPeriphery: texRes = 128.0
11.0371 	EXP 	noPeriphery: texRes = 128.0
11.1842 	EXP 	hasPeriphery: texRes = 128.0
11.1842 	EXP 	noPeriphery: texRes = 128.0
11.3445 	EXP 	hasPeriphery: texRes = 128.0
11.3445 	EXP 	noPeriphery: texRes = 128.0
11.4908 	EXP 	hasPeriphery: texRes = 128.0
11.4908 	EXP 	noPeriphery: texRes = 128.0
11.6375 	EXP 	hasPeriphery: texRes = 128.0
11.6375 	EXP 	noPeriphery: texRes = 128.0
11.7838 	EXP 	hasPeriphery: texRes = 128.0
11.7838 	EXP 	noPeriphery: texRes = 128.0
11.9310 	EXP 	hasPeriphery: texRes = 128.0
11.9310 	EXP 	noPeriphery: texRes = 128.0
12.0772 	EXP 	hasPeriphery: texRes = 128.0
12.0772 	EXP 	noPeriphery: texRes = 128.0
12.2247 	EXP 	hasPeriphery: texRes = 128.0
12.2247 	EXP 	noPeriphery: texRes = 128.0
12.3710 	EXP 	hasPeriphery: texRes = 128.0
12.3710 	EXP 	noPeriphery: texRes = 128.0
12.5180 	EXP 	hasPeriphery: texRes = 128.0
12.5180 	EXP 	noPeriphery: texRes = 128.0
12.6643 	EXP 	hasPeriphery: texRes = 128.0
12.6643 	EXP 	noPeriphery: texRes = 128.0
12.8110 	EXP 	hasPeriphery: texRes = 128.0
12.8110 	EXP 	noPeriphery: texRes = 128.0
12.9576 	EXP 	hasPeriphery: texRes = 128.0
12.9576 	EXP 	noPeriphery: texRes = 128.0
13.1040 	EXP 	hasPeriphery: texRes = 128.0
13.1040 	EXP 	noPeriphery: texRes = 128.0
13.2507 	EXP 	hasPeriphery: texRes = 128.0
13.2507 	EXP 	noPeriphery: texRes = 128.0
13.3977 	EXP 	hasPeriphery: texRes = 128.0
13.3977 	EXP 	noPeriphery: texRes = 128.0
13.5443 	EXP 	hasPeriphery: texRes = 128.0
13.5443 	EXP 	noPeriphery: texRes = 128.0
13.6782 	EXP 	hasPeriphery: texRes = 128.0
13.6782 	EXP 	noPeriphery: texRes = 128.0
13.8245 	EXP 	hasPeriphery: texRes = 128.0
13.8245 	EXP 	noPeriphery: texRes = 128.0
13.9707 	EXP 	hasPeriphery: texRes = 128.0
13.9707 	EXP 	noPeriphery: texRes = 128.0
14.1179 	EXP 	hasPeriphery: texRes = 128.0
14.1179 	EXP 	noPeriphery: texRes = 128.0
14.2641 	EXP 	hasPeriphery: texRes = 128.0
14.2641 	EXP 	noPeriphery: texRes = 128.0
14.4112 	EXP 	hasPeriphery: texRes = 128.0
14.4112 	EXP 	noPeriphery: texRes = 128.0
14.5575 	EXP 	hasPeriphery: texRes = 128.0
14.5575 	EXP 	noPeriphery: texRes = 128.0
14.6911 	EXP 	hasPeriphery: texRes = 128.0
14.6911 	EXP 	noPeriphery: texRes = 128.0
14.8384 	EXP 	hasPeriphery: texRes = 128.0
14.8384 	EXP 	noPeriphery: texRes = 128.0
14.9845 	EXP 	hasPeriphery: texRes = 128.0
14.9845 	EXP 	noPeriphery: texRes = 128.0
15.1312 	EXP 	hasPeriphery: texRes = 128.0
15.1312 	EXP 	noPeriphery: texRes = 128.0
15.2778 	EXP 	hasPeriphery: texRes = 128.0
15.2778 	EXP 	noPeriphery: texRes = 128.0
15.4249 	EXP 	hasPeriphery: texRes = 128.0
15.4249 	EXP 	noPeriphery: texRes = 128.0
15.5709 	EXP 	hasPeriphery: texRes = 128.0
15.5709 	EXP 	noPeriphery: texRes = 128.0
15.5709 	EXP 	blank_screen: autoDraw = True
15.7846 	EXP 	hasPeriphery: texRes = 128.0
15.7846 	EXP 	noPeriphery: texRes = 128.0
15.7846 	EXP 	final: autoDraw = True
15.7846 	EXP 	final: texRes = 128.0
15.9976 	EXP 	hasPeriphery: texRes = 128.0
15.9976 	EXP 	noPeriphery: texRes = 128.0
15.9976 	EXP 	final: texRes = 128.0
15.9976 	EXP 	blank_screen: autoDraw = False
16.2115 	EXP 	hasPeriphery: texRes = 128.0
16.2115 	EXP 	noPeriphery: texRes = 128.0
16.2115 	EXP 	final: texRes = 128.0
16.4243 	EXP 	hasPeriphery: texRes = 128.0
16.4243 	EXP 	noPeriphery: texRes = 128.0
16.4243 	EXP 	final: texRes = 128.0
16.6514 	EXP 	hasPeriphery: texRes = 128.0
16.6514 	EXP 	noPeriphery: texRes = 128.0
16.6514 	EXP 	final: texRes = 128.0
16.8777 	EXP 	hasPeriphery: texRes = 128.0
16.8777 	EXP 	noPeriphery: texRes = 128.0
16.8777 	EXP 	final: texRes = 128.0
17.0914 	EXP 	hasPeriphery: texRes = 128.0
17.0914 	EXP 	noPeriphery: texRes = 128.0
17.0914 	EXP 	final: texRes = 128.0
17.0914 	EXP 	blank_screen: autoDraw = True
17.3047 	EXP 	hasPeriphery: texRes = 128.0
17.3047 	EXP 	noPeriphery: texRes = 128.0
17.3047 	EXP 	final: texRes = 128.0
17.5185 	EXP 	hasPeriphery: texRes = 128.0
17.5185 	EXP 	noPeriphery: texRes = 128.0
17.5185 	EXP 	final: texRes = 128.0
17.5185 	EXP 	blank_screen: autoDraw = False
17.7444 	EXP 	hasPeriphery: texRes = 128.0
17.7444 	EXP 	noPeriphery: texRes = 128.0
17.7444 	EXP 	final: texRes = 128.0
17.9587 	EXP 	hasPeriphery: texRes = 128.0
17.9587 	EXP 	noPeriphery: texRes = 128.0
17.9587 	EXP 	final: texRes = 128.0
18.1852 	EXP 	hasPeriphery: texRes = 128.0
18.1852 	EXP 	noPeriphery: texRes = 128.0
18.1852 	EXP 	final: texRes = 128.0
18.3845 	EXP 	hasPeriphery: texRes = 128.0
18.3845 	EXP 	noPeriphery: texRes = 128.0
18.3845 	EXP 	final: texRes = 128.0
18.5979 	EXP 	hasPeriphery: texRes = 128.0
18.5979 	EXP 	noPeriphery: texRes = 128.0
18.5979 	EXP 	final: texRes = 128.0
18.5979 	EXP 	blank_screen: autoDraw = True
18.8124 	EXP 	hasPeriphery: texRes = 128.0
18.8124 	EXP 	noPeriphery: texRes = 128.0
18.8124 	EXP 	final: texRes = 128.0
18.9756 	EXP 	New trial (rep=0, index=1): {'startImage': 'C:\\Users\\hesselmann\\Desktop\\PsychoPyUniformityIllusion\\UniformityIllusionPsychoPy\\Pics\\1start.png', 'midImage': 'C:\\Users\\hesselmann\\Desktop\\PsychoPyUniformityIllusion\\UniformityIllusionPsychoPy\\Pics\\1a.png', 'endImage': 'C:\\Users\\hesselmann\\Desktop\\PsychoPyUniformityIllusion\\UniformityIllusionPsychoPy\\Pics\\1b.png', 'AB': 'b'}
19.2180 	DATA 	Keypress: space
19.2513 	EXP 	hasPeriphery: texRes = 128.0
19.2513 	EXP 	noPeriphery: texRes = 128.0
19.2513 	EXP 	final: texRes = 128.0
19.2513 	EXP 	blank_screen: autoDraw = False
19.2513 	EXP 	hasPeriphery: autoDraw = False
19.2513 	EXP 	noPeriphery: autoDraw = False
19.2513 	EXP 	final: autoDraw = False
19.2513 	EXP 	blank_screen: autoDraw = False
19.2513 	EXP 	text: autoDraw = False
19.2513 	EXP 	hasPeriphery: size = array([1.77777778, 1.        ])
19.2513 	EXP 	hasPeriphery: image = 'C:\\Users\\hesselmann\\Desktop\\PsychoPyUniformityIllusion\\UniformityIllusionPsychoPy\\Pics\\1a.png'
19.2513 	EXP 	noPeriphery: size = array([1.77777778, 1.        ])
19.2513 	EXP 	noPeriphery: image = 'C:\\Users\\hesselmann\\Desktop\\PsychoPyUniformityIllusion\\UniformityIllusionPsychoPy\\Pics\\1start.png'
19.2513 	EXP 	final: size = array([1.77777778, 1.        ])
19.2513 	EXP 	final: image = 'C:\\Users\\hesselmann\\Desktop\\PsychoPyUniformityIllusion\\UniformityIllusionPsychoPy\\Pics\\1b.png'
19.2513 	EXP 	hasPeriphery: autoDraw = True
19.2513 	EXP 	hasPeriphery: texRes = 128.0
19.2513 	EXP 	noPeriphery: autoDraw = True
19.2513 	EXP 	noPeriphery: texRes = 128.0
19.2513 	EXP 	text: autoDraw = True
19.3983 	EXP 	hasPeriphery: texRes = 128.0
19.3983 	EXP 	noPeriphery: texRes = 128.0
19.5454 	EXP 	hasPeriphery: texRes = 128.0
19.5454 	EXP 	noPeriphery: texRes = 128.0
19.6926 	EXP 	hasPeriphery: texRes = 128.0
19.6926 	EXP 	noPeriphery: texRes = 128.0
19.8517 	EXP 	hasPeriphery: texRes = 128.0
19.8517 	EXP 	noPeriphery: texRes = 128.0
19.9990 	EXP 	hasPeriphery: texRes = 128.0
19.9990 	EXP 	noPeriphery: texRes = 128.0
20.1447 	EXP 	hasPeriphery: texRes = 128.0
20.1447 	EXP 	noPeriphery: texRes = 128.0
20.2917 	EXP 	hasPeriphery: texRes = 128.0
20.2917 	EXP 	noPeriphery: texRes = 128.0
20.4380 	EXP 	hasPeriphery: texRes = 128.0
20.4380 	EXP 	noPeriphery: texRes = 128.0
20.5852 	EXP 	hasPeriphery: texRes = 128.0
20.5852 	EXP 	noPeriphery: texRes = 128.0
20.7188 	EXP 	hasPeriphery: texRes = 128.0
20.7188 	EXP 	noPeriphery: texRes = 128.0
20.8647 	EXP 	hasPeriphery: texRes = 128.0
20.8647 	EXP 	noPeriphery: texRes = 128.0
21.0123 	EXP 	hasPeriphery: texRes = 128.0
21.0123 	EXP 	noPeriphery: texRes = 128.0
21.1581 	EXP 	hasPeriphery: texRes = 128.0
21.1581 	EXP 	noPeriphery: texRes = 128.0
21.3048 	EXP 	hasPeriphery: texRes = 128.0
21.3048 	EXP 	noPeriphery: texRes = 128.0
21.4527 	EXP 	hasPeriphery: texRes = 128.0
21.4527 	EXP 	noPeriphery: texRes = 128.0
21.6119 	EXP 	hasPeriphery: texRes = 128.0
21.6119 	EXP 	noPeriphery: texRes = 128.0
21.7458 	EXP 	hasPeriphery: texRes = 128.0
21.7458 	EXP 	noPeriphery: texRes = 128.0
21.8919 	EXP 	hasPeriphery: texRes = 128.0
21.8919 	EXP 	noPeriphery: texRes = 128.0
22.0523 	EXP 	hasPeriphery: texRes = 128.0
22.0523 	EXP 	noPeriphery: texRes = 128.0
22.1984 	EXP 	hasPeriphery: texRes = 128.0
22.1984 	EXP 	noPeriphery: texRes = 128.0
22.3454 	EXP 	hasPeriphery: texRes = 128.0
22.3454 	EXP 	noPeriphery: texRes = 128.0
22.5049 	EXP 	hasPeriphery: texRes = 128.0
22.5049 	EXP 	noPeriphery: texRes = 128.0
22.6517 	EXP 	hasPeriphery: texRes = 128.0
22.6517 	EXP 	noPeriphery: texRes = 128.0
22.7983 	EXP 	hasPeriphery: texRes = 128.0
22.7983 	EXP 	noPeriphery: texRes = 128.0
22.9453 	EXP 	hasPeriphery: texRes = 128.0
22.9453 	EXP 	noPeriphery: texRes = 128.0
23.0920 	EXP 	hasPeriphery: texRes = 128.0
23.0920 	EXP 	noPeriphery: texRes = 128.0
23.2387 	EXP 	hasPeriphery: texRes = 128.0
23.2387 	EXP 	noPeriphery: texRes = 128.0
23.3854 	EXP 	hasPeriphery: texRes = 128.0
23.3854 	EXP 	noPeriphery: texRes = 128.0
23.5317 	EXP 	hasPeriphery: texRes = 128.0
23.5317 	EXP 	noPeriphery: texRes = 128.0
23.6790 	EXP 	hasPeriphery: texRes = 128.0
23.6790 	EXP 	noPeriphery: texRes = 128.0
23.8251 	EXP 	hasPeriphery: texRes = 128.0
23.8251 	EXP 	noPeriphery: texRes = 128.0
23.9717 	EXP 	hasPeriphery: texRes = 128.0
23.9717 	EXP 	noPeriphery: texRes = 128.0
24.1188 	EXP 	hasPeriphery: texRes = 128.0
24.1188 	EXP 	noPeriphery: texRes = 128.0
24.2654 	EXP 	hasPeriphery: texRes = 128.0
24.2654 	EXP 	noPeriphery: texRes = 128.0
24.4250 	EXP 	hasPeriphery: texRes = 128.0
24.4250 	EXP 	noPeriphery: texRes = 128.0
24.4250 	EXP 	blank_screen: autoDraw = True
24.6653 	EXP 	hasPeriphery: texRes = 128.0
24.6653 	EXP 	noPeriphery: texRes = 128.0
24.6653 	EXP 	final: autoDraw = True
24.6653 	EXP 	final: texRes = 128.0
24.8924 	EXP 	hasPeriphery: texRes = 128.0
24.8924 	EXP 	noPeriphery: texRes = 128.0
24.8924 	EXP 	final: texRes = 128.0
24.8924 	EXP 	blank_screen: autoDraw = False
25.1060 	EXP 	hasPeriphery: texRes = 128.0
25.1060 	EXP 	noPeriphery: texRes = 128.0
25.1060 	EXP 	final: texRes = 128.0
25.3189 	EXP 	hasPeriphery: texRes = 128.0
25.3189 	EXP 	noPeriphery: texRes = 128.0
25.3189 	EXP 	final: texRes = 128.0
25.5324 	EXP 	hasPeriphery: texRes = 128.0
25.5324 	EXP 	noPeriphery: texRes = 128.0
25.5324 	EXP 	final: texRes = 128.0
25.7462 	EXP 	hasPeriphery: texRes = 128.0
25.7462 	EXP 	noPeriphery: texRes = 128.0
25.7462 	EXP 	final: texRes = 128.0
25.9595 	EXP 	hasPeriphery: texRes = 128.0
25.9595 	EXP 	noPeriphery: texRes = 128.0
25.9595 	EXP 	final: texRes = 128.0
25.9595 	EXP 	blank_screen: autoDraw = True
26.1726 	EXP 	hasPeriphery: texRes = 128.0
26.1726 	EXP 	noPeriphery: texRes = 128.0
26.1726 	EXP 	final: texRes = 128.0
26.3857 	EXP 	hasPeriphery: texRes = 128.0
26.3857 	EXP 	noPeriphery: texRes = 128.0
26.3857 	EXP 	final: texRes = 128.0
26.3857 	EXP 	blank_screen: autoDraw = False
26.5987 	EXP 	hasPeriphery: texRes = 128.0
26.5987 	EXP 	noPeriphery: texRes = 128.0
26.5987 	EXP 	final: texRes = 128.0
26.8123 	EXP 	hasPeriphery: texRes = 128.0
26.8123 	EXP 	noPeriphery: texRes = 128.0
26.8123 	EXP 	final: texRes = 128.0
27.0254 	EXP 	hasPeriphery: texRes = 128.0
27.0254 	EXP 	noPeriphery: texRes = 128.0
27.0254 	EXP 	final: texRes = 128.0
27.2391 	EXP 	hasPeriphery: texRes = 128.0
27.2391 	EXP 	noPeriphery: texRes = 128.0
27.2391 	EXP 	final: texRes = 128.0
27.4654 	EXP 	hasPeriphery: texRes = 128.0
27.4654 	EXP 	noPeriphery: texRes = 128.0
27.4654 	EXP 	final: texRes = 128.0
27.4654 	EXP 	blank_screen: autoDraw = True
27.6794 	EXP 	hasPeriphery: texRes = 128.0
27.6794 	EXP 	noPeriphery: texRes = 128.0
27.6794 	EXP 	final: texRes = 128.0
27.8921 	EXP 	hasPeriphery: texRes = 128.0
27.8921 	EXP 	noPeriphery: texRes = 128.0
27.8921 	EXP 	final: texRes = 128.0
27.8921 	EXP 	blank_screen: autoDraw = False
28.1058 	EXP 	hasPeriphery: texRes = 128.0
28.1058 	EXP 	noPeriphery: texRes = 128.0
28.1058 	EXP 	final: texRes = 128.0
28.3192 	EXP 	hasPeriphery: texRes = 128.0
28.3192 	EXP 	noPeriphery: texRes = 128.0
28.3192 	EXP 	final: texRes = 128.0
28.5322 	EXP 	hasPeriphery: texRes = 128.0
28.5322 	EXP 	noPeriphery: texRes = 128.0
28.5322 	EXP 	final: texRes = 128.0
28.7326 	EXP 	hasPeriphery: texRes = 128.0
28.7326 	EXP 	noPeriphery: texRes = 128.0
28.7326 	EXP 	final: texRes = 128.0
28.9463 	EXP 	hasPeriphery: texRes = 128.0
28.9463 	EXP 	noPeriphery: texRes = 128.0
28.9463 	EXP 	final: texRes = 128.0
28.9463 	EXP 	blank_screen: autoDraw = True
29.1726 	EXP 	hasPeriphery: texRes = 128.0
29.1726 	EXP 	noPeriphery: texRes = 128.0
29.1726 	EXP 	final: texRes = 128.0
29.3856 	EXP 	hasPeriphery: texRes = 128.0
29.3856 	EXP 	noPeriphery: texRes = 128.0
29.3856 	EXP 	final: texRes = 128.0
29.3856 	EXP 	blank_screen: autoDraw = False
29.4656 	EXP 	hasPeriphery: autoDraw = False
29.4656 	EXP 	noPeriphery: autoDraw = False
29.4656 	EXP 	final: texRes = 128.0
29.5462 	EXP 	final: texRes = 128.0
29.6263 	EXP 	final: texRes = 128.0
29.7059 	EXP 	final: texRes = 128.0
29.7856 	EXP 	final: texRes = 128.0
29.8660 	EXP 	final: texRes = 128.0
29.9590 	EXP 	final: texRes = 128.0
30.0393 	EXP 	final: texRes = 128.0
30.1324 	EXP 	final: texRes = 128.0
30.2124 	EXP 	final: texRes = 128.0
30.2924 	EXP 	final: texRes = 128.0
30.3723 	EXP 	final: texRes = 128.0
30.4535 	EXP 	final: texRes = 128.0
30.5329 	EXP 	final: texRes = 128.0
30.6130 	EXP 	final: texRes = 128.0
30.6927 	EXP 	final: texRes = 128.0
30.7727 	EXP 	final: texRes = 128.0
30.8524 	EXP 	final: texRes = 128.0
30.9324 	EXP 	final: texRes = 128.0
31.0128 	EXP 	final: texRes = 128.0
31.1065 	EXP 	final: texRes = 128.0
31.1589 	EXP 	New trial (rep=0, index=2): {'startImage': 'C:\\Users\\hesselmann\\Desktop\\PsychoPyUniformityIllusion\\UniformityIllusionPsychoPy\\Pics\\2start.png', 'midImage': 'C:\\Users\\hesselmann\\Desktop\\PsychoPyUniformityIllusion\\UniformityIllusionPsychoPy\\Pics\\2a.png', 'endImage': 'C:\\Users\\hesselmann\\Desktop\\PsychoPyUniformityIllusion\\UniformityIllusionPsychoPy\\Pics\\2a.png', 'AB': 'a'}
31.3994 	EXP 	final: texRes = 128.0
31.3994 	EXP 	hasPeriphery: autoDraw = False
31.3994 	EXP 	noPeriphery: autoDraw = False
31.3994 	EXP 	final: autoDraw = False
31.3994 	EXP 	blank_screen: autoDraw = False
31.3994 	EXP 	text: autoDraw = False
31.3994 	EXP 	hasPeriphery: size = array([1.77777778, 1.        ])
31.3994 	EXP 	hasPeriphery: image = 'C:\\Users\\hesselmann\\Desktop\\PsychoPyUniformityIllusion\\UniformityIllusionPsychoPy\\Pics\\2a.png'
31.3994 	EXP 	noPeriphery: size = array([1.77777778, 1.        ])
31.3994 	EXP 	noPeriphery: image = 'C:\\Users\\hesselmann\\Desktop\\PsychoPyUniformityIllusion\\UniformityIllusionPsychoPy\\Pics\\2start.png'
31.3994 	EXP 	final: size = array([1.77777778, 1.        ])
31.3994 	EXP 	final: image = 'C:\\Users\\hesselmann\\Desktop\\PsychoPyUniformityIllusion\\UniformityIllusionPsychoPy\\Pics\\2a.png'
31.3994 	EXP 	hasPeriphery: autoDraw = True
31.3994 	EXP 	hasPeriphery: texRes = 128.0
31.3994 	EXP 	noPeriphery: autoDraw = True
31.3994 	EXP 	noPeriphery: texRes = 128.0
31.3994 	EXP 	text: autoDraw = True
31.5328 	EXP 	hasPeriphery: texRes = 128.0
31.5328 	EXP 	noPeriphery: texRes = 128.0
31.6542 	EXP 	hasPeriphery: texRes = 128.0
31.6542 	EXP 	noPeriphery: texRes = 128.0
31.7866 	EXP 	hasPeriphery: texRes = 128.0
31.7866 	EXP 	noPeriphery: texRes = 128.0
31.9197 	EXP 	hasPeriphery: texRes = 128.0
31.9197 	EXP 	noPeriphery: texRes = 128.0
32.0525 	EXP 	hasPeriphery: texRes = 128.0
32.0525 	EXP 	noPeriphery: texRes = 128.0
32.1861 	EXP 	hasPeriphery: texRes = 128.0
32.1861 	EXP 	noPeriphery: texRes = 128.0
32.3193 	EXP 	hasPeriphery: texRes = 128.0
32.3193 	EXP 	noPeriphery: texRes = 128.0
32.4531 	EXP 	hasPeriphery: texRes = 128.0
32.4531 	EXP 	noPeriphery: texRes = 128.0
32.5872 	EXP 	hasPeriphery: texRes = 128.0
32.5872 	EXP 	noPeriphery: texRes = 128.0
32.7070 	EXP 	hasPeriphery: texRes = 128.0
32.7070 	EXP 	noPeriphery: texRes = 128.0
32.8397 	EXP 	hasPeriphery: texRes = 128.0
32.8397 	EXP 	noPeriphery: texRes = 128.0
32.9729 	EXP 	hasPeriphery: texRes = 128.0
32.9729 	EXP 	noPeriphery: texRes = 128.0
33.0708 	DATA 	Keypress: space
33.1066 	EXP 	hasPeriphery: texRes = 128.0
33.1066 	EXP 	noPeriphery: texRes = 128.0
33.1864 	EXP 	New trial (rep=0, index=3): {'startImage': 'C:\\Users\\hesselmann\\Desktop\\PsychoPyUniformityIllusion\\UniformityIllusionPsychoPy\\Pics\\2start.png', 'midImage': 'C:\\Users\\hesselmann\\Desktop\\PsychoPyUniformityIllusion\\UniformityIllusionPsychoPy\\Pics\\2a.png', 'endImage': 'C:\\Users\\hesselmann\\Desktop\\PsychoPyUniformityIllusion\\UniformityIllusionPsychoPy\\Pics\\2b.png', 'AB': 'b'}
33.4138 	EXP 	hasPeriphery: texRes = 128.0
33.4138 	EXP 	noPeriphery: texRes = 128.0
33.4138 	EXP 	hasPeriphery: autoDraw = False
33.4138 	EXP 	noPeriphery: autoDraw = False
33.4138 	EXP 	final: autoDraw = False
33.4138 	EXP 	blank_screen: autoDraw = False
33.4138 	EXP 	text: autoDraw = False
33.4138 	EXP 	hasPeriphery: size = array([1.77777778, 1.        ])
33.4138 	EXP 	hasPeriphery: image = 'C:\\Users\\hesselmann\\Desktop\\PsychoPyUniformityIllusion\\UniformityIllusionPsychoPy\\Pics\\2a.png'
33.4138 	EXP 	noPeriphery: size = array([1.77777778, 1.        ])
33.4138 	EXP 	noPeriphery: image = 'C:\\Users\\hesselmann\\Desktop\\PsychoPyUniformityIllusion\\UniformityIllusionPsychoPy\\Pics\\2start.png'
33.4138 	EXP 	final: size = array([1.77777778, 1.        ])
33.4138 	EXP 	final: image = 'C:\\Users\\hesselmann\\Desktop\\PsychoPyUniformityIllusion\\UniformityIllusionPsychoPy\\Pics\\2b.png'
33.4138 	EXP 	hasPeriphery: autoDraw = True
33.4138 	EXP 	hasPeriphery: texRes = 128.0
33.4138 	EXP 	noPeriphery: autoDraw = True
33.4138 	EXP 	noPeriphery: texRes = 128.0
33.4138 	EXP 	text: autoDraw = True
33.5460 	EXP 	hasPeriphery: texRes = 128.0
33.5460 	EXP 	noPeriphery: texRes = 128.0
33.6798 	EXP 	hasPeriphery: texRes = 128.0
33.6798 	EXP 	noPeriphery: texRes = 128.0
33.8131 	EXP 	hasPeriphery: texRes = 128.0
33.8131 	EXP 	noPeriphery: texRes = 128.0
33.9460 	EXP 	hasPeriphery: texRes = 128.0
33.9460 	EXP 	noPeriphery: texRes = 128.0
34.0931 	EXP 	hasPeriphery: texRes = 128.0
34.0931 	EXP 	noPeriphery: texRes = 128.0
34.1939 	DATA 	Keypress: space
34.2261 	EXP 	hasPeriphery: texRes = 128.0
34.2261 	EXP 	noPeriphery: texRes = 128.0
34.3059 	EXP 	New trial (rep=0, index=4): {'startImage': 'C:\\Users\\hesselmann\\Desktop\\PsychoPyUniformityIllusion\\UniformityIllusionPsychoPy\\Pics\\3start.png', 'midImage': 'C:\\Users\\hesselmann\\Desktop\\PsychoPyUniformityIllusion\\UniformityIllusionPsychoPy\\Pics\\3a.png', 'endImage': 'C:\\Users\\hesselmann\\Desktop\\PsychoPyUniformityIllusion\\UniformityIllusionPsychoPy\\Pics\\3a.png', 'AB': 'a'}
34.5465 	EXP 	hasPeriphery: texRes = 128.0
34.5465 	EXP 	noPeriphery: texRes = 128.0
34.5465 	EXP 	hasPeriphery: autoDraw = False
34.5465 	EXP 	noPeriphery: autoDraw = False
34.5465 	EXP 	final: autoDraw = False
34.5465 	EXP 	blank_screen: autoDraw = False
34.5465 	EXP 	text: autoDraw = False
34.5465 	EXP 	hasPeriphery: size = array([1.77777778, 1.        ])
34.5465 	EXP 	hasPeriphery: image = 'C:\\Users\\hesselmann\\Desktop\\PsychoPyUniformityIllusion\\UniformityIllusionPsychoPy\\Pics\\3a.png'
34.5465 	EXP 	noPeriphery: size = array([1.77777778, 1.        ])
34.5465 	EXP 	noPeriphery: image = 'C:\\Users\\hesselmann\\Desktop\\PsychoPyUniformityIllusion\\UniformityIllusionPsychoPy\\Pics\\3start.png'
34.5465 	EXP 	final: size = array([1.77777778, 1.        ])
34.5465 	EXP 	final: image = 'C:\\Users\\hesselmann\\Desktop\\PsychoPyUniformityIllusion\\UniformityIllusionPsychoPy\\Pics\\3a.png'
34.5465 	EXP 	hasPeriphery: autoDraw = True
34.5465 	EXP 	hasPeriphery: texRes = 128.0
34.5465 	EXP 	noPeriphery: autoDraw = True
34.5465 	EXP 	noPeriphery: texRes = 128.0
34.5465 	EXP 	text: autoDraw = True
34.6799 	EXP 	hasPeriphery: texRes = 128.0
34.6799 	EXP 	noPeriphery: texRes = 128.0
34.8129 	EXP 	hasPeriphery: texRes = 128.0
34.8129 	EXP 	noPeriphery: texRes = 128.0
34.9162 	DATA 	Keypress: space
34.9466 	EXP 	hasPeriphery: texRes = 128.0
34.9466 	EXP 	noPeriphery: texRes = 128.0
35.0308 	EXP 	New trial (rep=0, index=5): {'startImage': 'C:\\Users\\hesselmann\\Desktop\\PsychoPyUniformityIllusion\\UniformityIllusionPsychoPy\\Pics\\3start.png', 'midImage': 'C:\\Users\\hesselmann\\Desktop\\PsychoPyUniformityIllusion\\UniformityIllusionPsychoPy\\Pics\\3a.png', 'endImage': 'C:\\Users\\hesselmann\\Desktop\\PsychoPyUniformityIllusion\\UniformityIllusionPsychoPy\\Pics\\3b.png', 'AB': 'b'}
35.2662 	EXP 	hasPeriphery: texRes = 128.0
35.2662 	EXP 	noPeriphery: texRes = 128.0
35.2662 	EXP 	hasPeriphery: autoDraw = False
35.2662 	EXP 	noPeriphery: autoDraw = False
35.2662 	EXP 	final: autoDraw = False
35.2662 	EXP 	blank_screen: autoDraw = False
35.2662 	EXP 	text: autoDraw = False
35.2662 	EXP 	hasPeriphery: size = array([1.77777778, 1.        ])
35.2662 	EXP 	hasPeriphery: image = 'C:\\Users\\hesselmann\\Desktop\\PsychoPyUniformityIllusion\\UniformityIllusionPsychoPy\\Pics\\3a.png'
35.2662 	EXP 	noPeriphery: size = array([1.77777778, 1.        ])
35.2662 	EXP 	noPeriphery: image = 'C:\\Users\\hesselmann\\Desktop\\PsychoPyUniformityIllusion\\UniformityIllusionPsychoPy\\Pics\\3start.png'
35.2662 	EXP 	final: size = array([1.77777778, 1.        ])
35.2662 	EXP 	final: image = 'C:\\Users\\hesselmann\\Desktop\\PsychoPyUniformityIllusion\\UniformityIllusionPsychoPy\\Pics\\3b.png'
35.2662 	EXP 	hasPeriphery: autoDraw = True
35.2662 	EXP 	hasPeriphery: texRes = 128.0
35.2662 	EXP 	noPeriphery: autoDraw = True
35.2662 	EXP 	noPeriphery: texRes = 128.0
35.2662 	EXP 	text: autoDraw = True
35.3996 	EXP 	hasPeriphery: texRes = 128.0
35.3996 	EXP 	noPeriphery: texRes = 128.0
35.5335 	EXP 	hasPeriphery: texRes = 128.0
35.5335 	EXP 	noPeriphery: texRes = 128.0
35.6663 	EXP 	hasPeriphery: texRes = 128.0
35.6663 	EXP 	noPeriphery: texRes = 128.0
35.7996 	EXP 	hasPeriphery: texRes = 128.0
35.7996 	EXP 	noPeriphery: texRes = 128.0
35.9329 	EXP 	hasPeriphery: texRes = 128.0
35.9329 	EXP 	noPeriphery: texRes = 128.0
36.0663 	EXP 	hasPeriphery: texRes = 128.0
36.0663 	EXP 	noPeriphery: texRes = 128.0
36.2000 	EXP 	hasPeriphery: texRes = 128.0
36.2000 	EXP 	noPeriphery: texRes = 128.0
36.3335 	EXP 	hasPeriphery: texRes = 128.0
36.3335 	EXP 	noPeriphery: texRes = 128.0
36.4674 	EXP 	hasPeriphery: texRes = 128.0
36.4674 	EXP 	noPeriphery: texRes = 128.0
36.6000 	EXP 	hasPeriphery: texRes = 128.0
36.6000 	EXP 	noPeriphery: texRes = 128.0
36.7202 	EXP 	hasPeriphery: texRes = 128.0
36.7202 	EXP 	noPeriphery: texRes = 128.0
36.8534 	EXP 	hasPeriphery: texRes = 128.0
36.8534 	EXP 	noPeriphery: texRes = 128.0
36.9875 	EXP 	hasPeriphery: texRes = 128.0
36.9875 	EXP 	noPeriphery: texRes = 128.0
37.1204 	EXP 	hasPeriphery: texRes = 128.0
37.1204 	EXP 	noPeriphery: texRes = 128.0
37.2535 	EXP 	hasPeriphery: texRes = 128.0
37.2535 	EXP 	noPeriphery: texRes = 128.0
37.3864 	EXP 	hasPeriphery: texRes = 128.0
37.3864 	EXP 	noPeriphery: texRes = 128.0
37.5202 	EXP 	hasPeriphery: texRes = 128.0
37.5202 	EXP 	noPeriphery: texRes = 128.0
37.6533 	EXP 	hasPeriphery: texRes = 128.0
37.6533 	EXP 	noPeriphery: texRes = 128.0
37.8002 	EXP 	hasPeriphery: texRes = 128.0
37.8002 	EXP 	noPeriphery: texRes = 128.0
37.9335 	EXP 	hasPeriphery: texRes = 128.0
37.9335 	EXP 	noPeriphery: texRes = 128.0
38.0673 	EXP 	hasPeriphery: texRes = 128.0
38.0673 	EXP 	noPeriphery: texRes = 128.0
38.2002 	EXP 	hasPeriphery: texRes = 128.0
38.2002 	EXP 	noPeriphery: texRes = 128.0
38.3334 	EXP 	hasPeriphery: texRes = 128.0
38.3334 	EXP 	noPeriphery: texRes = 128.0
38.4798 	EXP 	hasPeriphery: texRes = 128.0
38.4798 	EXP 	noPeriphery: texRes = 128.0
38.6136 	EXP 	hasPeriphery: texRes = 128.0
38.6136 	EXP 	noPeriphery: texRes = 128.0
38.7336 	EXP 	hasPeriphery: texRes = 128.0
38.7336 	EXP 	noPeriphery: texRes = 128.0
38.8673 	EXP 	hasPeriphery: texRes = 128.0
38.8673 	EXP 	noPeriphery: texRes = 128.0
39.0007 	EXP 	hasPeriphery: texRes = 128.0
39.0007 	EXP 	noPeriphery: texRes = 128.0
39.1333 	EXP 	hasPeriphery: texRes = 128.0
39.1333 	EXP 	noPeriphery: texRes = 128.0
39.2670 	EXP 	hasPeriphery: texRes = 128.0
39.2670 	EXP 	noPeriphery: texRes = 128.0
39.4137 	EXP 	hasPeriphery: texRes = 128.0
39.4137 	EXP 	noPeriphery: texRes = 128.0
39.5469 	EXP 	hasPeriphery: texRes = 128.0
39.5469 	EXP 	noPeriphery: texRes = 128.0
39.6940 	EXP 	hasPeriphery: texRes = 128.0
39.6940 	EXP 	noPeriphery: texRes = 128.0
39.8406 	EXP 	hasPeriphery: texRes = 128.0
39.8406 	EXP 	noPeriphery: texRes = 128.0
39.9867 	EXP 	hasPeriphery: texRes = 128.0
39.9867 	EXP 	noPeriphery: texRes = 128.0
39.9867 	EXP 	blank_screen: autoDraw = True
40.1734 	EXP 	hasPeriphery: texRes = 128.0
40.1734 	EXP 	noPeriphery: texRes = 128.0
40.1734 	EXP 	final: autoDraw = True
40.1734 	EXP 	final: texRes = 128.0
40.3608 	EXP 	hasPeriphery: texRes = 128.0
40.3608 	EXP 	noPeriphery: texRes = 128.0
40.3608 	EXP 	final: texRes = 128.0
40.3608 	EXP 	blank_screen: autoDraw = False
40.5613 	EXP 	hasPeriphery: texRes = 128.0
40.5613 	EXP 	noPeriphery: texRes = 128.0
40.5613 	EXP 	final: texRes = 128.0
40.7610 	EXP 	hasPeriphery: texRes = 128.0
40.7610 	EXP 	noPeriphery: texRes = 128.0
40.7610 	EXP 	final: texRes = 128.0
40.9477 	EXP 	hasPeriphery: texRes = 128.0
40.9477 	EXP 	noPeriphery: texRes = 128.0
40.9477 	EXP 	final: texRes = 128.0
41.1338 	EXP 	hasPeriphery: texRes = 128.0
41.1338 	EXP 	noPeriphery: texRes = 128.0
41.1338 	EXP 	final: texRes = 128.0
41.3340 	EXP 	hasPeriphery: texRes = 128.0
41.3340 	EXP 	noPeriphery: texRes = 128.0
41.3340 	EXP 	final: texRes = 128.0
41.3340 	EXP 	blank_screen: autoDraw = True
41.5340 	EXP 	hasPeriphery: texRes = 128.0
41.5340 	EXP 	noPeriphery: texRes = 128.0
41.5340 	EXP 	final: texRes = 128.0
41.7212 	EXP 	hasPeriphery: texRes = 128.0
41.7212 	EXP 	noPeriphery: texRes = 128.0
41.7212 	EXP 	final: texRes = 128.0
41.7212 	EXP 	blank_screen: autoDraw = False
41.9072 	EXP 	hasPeriphery: texRes = 128.0
41.9072 	EXP 	noPeriphery: texRes = 128.0
41.9072 	EXP 	final: texRes = 128.0
42.0947 	EXP 	hasPeriphery: texRes = 128.0
42.0947 	EXP 	noPeriphery: texRes = 128.0
42.0947 	EXP 	final: texRes = 128.0
42.2802 	EXP 	hasPeriphery: texRes = 128.0
42.2802 	EXP 	noPeriphery: texRes = 128.0
42.2802 	EXP 	final: texRes = 128.0
42.4677 	EXP 	hasPeriphery: texRes = 128.0
42.4677 	EXP 	noPeriphery: texRes = 128.0
42.4677 	EXP 	final: texRes = 128.0
42.6680 	EXP 	hasPeriphery: texRes = 128.0
42.6680 	EXP 	noPeriphery: texRes = 128.0
42.6680 	EXP 	final: texRes = 128.0
42.6680 	EXP 	blank_screen: autoDraw = True
42.8537 	EXP 	hasPeriphery: texRes = 128.0
42.8537 	EXP 	noPeriphery: texRes = 128.0
42.8537 	EXP 	final: texRes = 128.0
43.0537 	EXP 	hasPeriphery: texRes = 128.0
43.0537 	EXP 	noPeriphery: texRes = 128.0
43.0537 	EXP 	final: texRes = 128.0
43.0537 	EXP 	blank_screen: autoDraw = False
43.2415 	EXP 	hasPeriphery: texRes = 128.0
43.2415 	EXP 	noPeriphery: texRes = 128.0
43.2415 	EXP 	final: texRes = 128.0
43.4406 	EXP 	hasPeriphery: texRes = 128.0
43.4406 	EXP 	noPeriphery: texRes = 128.0
43.4406 	EXP 	final: texRes = 128.0
43.6278 	EXP 	hasPeriphery: texRes = 128.0
43.6278 	EXP 	noPeriphery: texRes = 128.0
43.6278 	EXP 	final: texRes = 128.0
43.8137 	EXP 	hasPeriphery: texRes = 128.0
43.8137 	EXP 	noPeriphery: texRes = 128.0
43.8137 	EXP 	final: texRes = 128.0
44.0137 	EXP 	hasPeriphery: texRes = 128.0
44.0137 	EXP 	noPeriphery: texRes = 128.0
44.0137 	EXP 	final: texRes = 128.0
44.0137 	EXP 	blank_screen: autoDraw = True
44.2138 	EXP 	hasPeriphery: texRes = 128.0
44.2138 	EXP 	noPeriphery: texRes = 128.0
44.2138 	EXP 	final: texRes = 128.0
44.4005 	EXP 	hasPeriphery: texRes = 128.0
44.4005 	EXP 	noPeriphery: texRes = 128.0
44.4005 	EXP 	final: texRes = 128.0
44.4005 	EXP 	blank_screen: autoDraw = False
44.5871 	EXP 	hasPeriphery: texRes = 128.0
44.5871 	EXP 	noPeriphery: texRes = 128.0
44.5871 	EXP 	final: texRes = 128.0
44.7744 	EXP 	hasPeriphery: texRes = 128.0
44.7744 	EXP 	noPeriphery: texRes = 128.0
44.7744 	EXP 	final: texRes = 128.0
44.9605 	EXP 	hasPeriphery: texRes = 128.0
44.9605 	EXP 	noPeriphery: texRes = 128.0
44.9605 	EXP 	final: texRes = 128.0
45.1746 	EXP 	hasPeriphery: texRes = 128.0
45.1746 	EXP 	noPeriphery: texRes = 128.0
45.1746 	EXP 	final: texRes = 128.0
45.3605 	EXP 	hasPeriphery: texRes = 128.0
45.3605 	EXP 	noPeriphery: texRes = 128.0
45.3605 	EXP 	final: texRes = 128.0
45.4405 	EXP 	hasPeriphery: autoDraw = False
45.4405 	EXP 	noPeriphery: autoDraw = False
45.4405 	EXP 	final: texRes = 128.0
45.5209 	EXP 	final: texRes = 128.0
45.6010 	EXP 	final: texRes = 128.0
45.6682 	EXP 	final: texRes = 128.0
45.7476 	EXP 	final: texRes = 128.0
45.8277 	EXP 	final: texRes = 128.0
45.9078 	EXP 	final: texRes = 128.0
45.9874 	EXP 	final: texRes = 128.0
46.0677 	EXP 	final: texRes = 128.0
46.1482 	EXP 	final: texRes = 128.0
46.2276 	EXP 	final: texRes = 128.0
46.3088 	EXP 	final: texRes = 128.0
46.3881 	EXP 	final: texRes = 128.0
46.4681 	EXP 	final: texRes = 128.0
46.5478 	EXP 	final: texRes = 128.0
46.6280 	EXP 	final: texRes = 128.0
46.6940 	EXP 	final: texRes = 128.0
46.7740 	EXP 	final: texRes = 128.0
46.8544 	EXP 	final: texRes = 128.0
46.9345 	EXP 	final: texRes = 128.0
47.0141 	EXP 	final: texRes = 128.0
47.0945 	EXP 	final: texRes = 128.0
47.1740 	EXP 	final: texRes = 128.0
47.2411 	EXP 	final: texRes = 128.0
47.2411 	EXP 	hasPeriphery: autoDraw = False
47.2411 	EXP 	noPeriphery: autoDraw = False
47.2411 	EXP 	final: autoDraw = False
47.2411 	EXP 	blank_screen: autoDraw = False
47.2411 	EXP 	text: autoDraw = False
47.2411 	EXP 	WelcomeText: autoDraw = True
48.2713 	DATA 	Keypress: escape
48.4745 	EXP 	window1: mouseVisible = True
