1.0300 	WARNING 	We strongly recommend you activate the PTB sound engine in PsychoPy prefs as the preferred audio engine. Its timing is vastly superior. Your prefs are currently set to use ['sounddevice', 'PTB', 'pyo', 'pygame'] (in that order).
6.0967 	EXP 	Created window1 = Window(allowGUI=False, allowStencil=False, autoLog=True, backendConf=UNKNOWN, bitsMode=UNKNOWN, blendMode='avg', bpc=(8, 8, 8), color=array([0, 0, 0]), colorSpace='rgb', depthBits=8, fullscr=<method-wrapper '__getattribute__' of attributeSetter object at 0x000002310E364EB8>, gamma=None, gammaErrorPolicy='raise', lms=UNKNOWN, monitor=<psychopy.monitors.calibTools.Monitor object at 0x000002310E384550>, multiSample=False, name='window1', numSamples=2, pos=[0.0, 0.0], screen=0, size=array([1920, 1080]), stencilBits=0, stereo=False, units='height', useFBO=True, useRetina=False, viewOri=0.0, viewPos=None, viewScale=None, waitBlanking=True, winType='pyglet')
6.0969 	EXP 	window1: mouseVisible = True
6.0970 	EXP 	window1: recordFrameIntervals = False
6.2636 	EXP 	window1: recordFrameIntervals = True
6.4462 	EXP 	window1: recordFrameIntervals = False
6.8370 	EXP 	Created WelcomeText = TextStim(__class__=<class 'psychopy.visual.text.TextStim'>, alignHoriz=method-wrapper(...), alignText='center', alignVert=method-wrapper(...), anchorHoriz='center', anchorVert='center', antialias=True, autoLog=True, bold=False, color=array([1, 1, 1]), colorSpace='rgb', contrast=1.0, depth=0.0, flipHoriz=False, flipVert=False, font='Open Sans', fontFiles=[], height=0.1, italic=False, languageStyle='LTR', name='WelcomeText', opacity=1, ori=0.0, pos=array([0., 0.]), rgb=UNKNOWN, text='Welcome to our Study!', units='height', win=Window(...), wrapWidth=1)
6.8515 	EXP 	Imported depression.xlsx as conditions, 2 conditions, 12 params
6.8525 	EXP 	Question text: Sadness
6.8780 	EXP 	window1: mouseVisible = True
6.9178 	EXP 	Question text: Pessimism
6.9288 	EXP 	window1: mouseVisible = True
6.9547 	EXP 	window1: mouseVisible = True
6.9593 	EXP 	Created unnamed Rect = Rect(__class__=<class 'psychopy.visual.rect.Rect'>, autoDraw=False, autoLog=True, closeShape=True, color=method-wrapper(...), colorSpace='rgb', contrast=None, depth=0, fillColor=array([0, 0, 0]), fillColorSpace='rgb', fillRGB=UNKNOWN, interpolate=True, lineColor=array([0, 0, 0]), lineColorSpace='rgb', lineRGB=UNKNOWN, lineWidth=1.5, name='unnamed Rect', opacity=0, ori=0.0, pos=array([0., 0.]), size=array([0., 0.]), units='height', vertices=ndarray(...), win=Window(...))
6.9670 	EXP 	Created DepressionQuestionnaire = <psychopy.visual.form.Form object at 0x0000023110DAF7F0>
6.9914 	EXP 	window1: mouseVisible = True
7.0409 	EXP 	Created instructionsText = TextStim(__class__=<class 'psychopy.visual.text.TextStim'>, alignHoriz=method-wrapper(...), alignText='center', alignVert=method-wrapper(...), anchorHoriz='center', anchorVert='center', antialias=True, autoLog=True, bold=False, color=array([1, 1, 1]), colorSpace='rgb', contrast=1.0, depth=0.0, flipHoriz=False, flipVert=False, font='Open Sans', fontFiles=[], height=0.04, italic=False, languageStyle='LTR', name='instructionsText', opacity=1, ori=0.0, pos=array([0., 0.]), rgb=UNKNOWN, text=str(...), units='height', win=Window(...), wrapWidth=1)
7.0420 	EXP 	Created blank_screen = Rect(__class__=<class 'psychopy.visual.rect.Rect'>, autoDraw=False, autoLog=True, closeShape=True, color=method-wrapper(...), colorSpace='rgb', contrast=None, depth=-1.0, fillColor=array([1, 1, 1]), fillColorSpace='rgb', fillRGB=UNKNOWN, interpolate=True, lineColor=array([1, 1, 1]), lineColorSpace='rgb', lineRGB=UNKNOWN, lineWidth=1.0, name='blank_screen', opacity=1, ori=0.0, pos=array([0., 0.]), size=array([2., 2.]), units='height', vertices=ndarray(...), win=Window(...))
7.0450 	EXP 	Created hasPeriphery = ImageStim(__class__=<class 'psychopy.visual.image.ImageStim'>, autoLog=True, color=array([1, 1, 1]), colorSpace='rgb', contrast=1.0, depth=-2.0, flipHoriz=False, flipVert=False, image='sin', interpolate=True, mask=None, maskParams=None, name='hasPeriphery', opacity=1.0, ori=0.0, pos=array([0., 0.]), size=array([0.5, 0.5]), texRes=128.0, units='height', win=Window(...))
7.0476 	EXP 	Created noPeriphery = ImageStim(__class__=<class 'psychopy.visual.image.ImageStim'>, autoLog=True, color=array([1, 1, 1]), colorSpace='rgb', contrast=1.0, depth=-4.0, flipHoriz=False, flipVert=False, image='sin', interpolate=True, mask=None, maskParams=None, name='noPeriphery', opacity=1.0, ori=0.0, pos=array([0., 0.]), size=array([0.5, 0.5]), texRes=128.0, units='height', win=Window(...))
7.0529 	EXP 	Created text = TextStim(__class__=<class 'psychopy.visual.text.TextStim'>, alignHoriz=method-wrapper(...), alignText='center', alignVert=method-wrapper(...), anchorHoriz='center', anchorVert='center', antialias=True, autoLog=True, bold=False, color=array([ 1, -1, -1]), colorSpace='rgb', contrast=1.0, depth=-5.0, flipHoriz=False, flipVert=False, font='Open Sans', fontFiles=[], height=0.1, italic=False, languageStyle='LTR', name='text', opacity=1, ori=0.0, pos=array([0., 0.]), rgb=UNKNOWN, text='+', units='height', win=Window(...), wrapWidth=1)
7.0640 	EXP 	Created WelcomeText = TextStim(__class__=<class 'psychopy.visual.text.TextStim'>, alignHoriz=method-wrapper(...), alignText='center', alignVert=method-wrapper(...), anchorHoriz='center', anchorVert='center', antialias=True, autoLog=True, bold=False, color=array([1, 1, 1]), colorSpace='rgb', contrast=1.0, depth=0.0, flipHoriz=False, flipVert=False, font='Open Sans', fontFiles=[], height=0.1, italic=False, languageStyle='LTR', name='WelcomeText', opacity=1, ori=0.0, pos=array([0., 0.]), rgb=UNKNOWN, text='Welcome to our Study!', units='height', win=Window(...), wrapWidth=1)
7.0665 	EXP 	Created hasPeriphery_2 = ImageStim(__class__=<class 'psychopy.visual.image.ImageStim'>, autoLog=True, color=array([1, 1, 1]), colorSpace='rgb', contrast=1.0, depth=-1.0, flipHoriz=False, flipVert=False, image='sin', interpolate=True, mask=None, maskParams=None, name='hasPeriphery_2', opacity=1.0, ori=0.0, pos=array([0., 0.]), size=array([0.5, 0.5]), texRes=128.0, units='height', win=Window(...))
7.0688 	EXP 	Created noPeriphery_2 = ImageStim(__class__=<class 'psychopy.visual.image.ImageStim'>, autoLog=True, color=array([1, 1, 1]), colorSpace='rgb', contrast=1.0, depth=-3.0, flipHoriz=False, flipVert=False, image='sin', interpolate=True, mask=None, maskParams=None, name='noPeriphery_2', opacity=1.0, ori=0.0, pos=array([0., 0.]), size=array([0.5, 0.5]), texRes=128.0, units='height', win=Window(...))
7.0705 	EXP 	Created text_2 = TextStim(__class__=<class 'psychopy.visual.text.TextStim'>, alignHoriz=method-wrapper(...), alignText='center', alignVert=method-wrapper(...), anchorHoriz='center', anchorVert='center', antialias=True, autoLog=True, bold=False, color=array([ 1, -1, -1]), colorSpace='rgb', contrast=1.0, depth=-4.0, flipHoriz=False, flipVert=False, font='Open Sans', fontFiles=[], height=0.1, italic=False, languageStyle='LTR', name='text_2', opacity=1, ori=0.0, pos=array([0., 0.]), rgb=UNKNOWN, text='+', units='height', win=Window(...), wrapWidth=1)
7.1130 	EXP 	unnamed Form: autoLog = True
7.1130 	EXP 	DepressionQuestionnaire: name = 'DepressionQuestionnaire'
7.1130 	EXP 	DepressionQuestionnaire: size = (3.5, 1)
7.1130 	EXP 	DepressionQuestionnaire: size = array([3.5, 1. ])
7.1130 	EXP 	DepressionQuestionnaire: units = 'height'
7.1130 	EXP 	DepressionQuestionnaire: depth = 0
7.1130 	EXP 	WelcomeText: autoDraw = True
9.1295 	EXP 	WelcomeText: autoDraw = False
9.1295 	EXP 	DepressionQuestionnaire: autoDraw = True
9.7118 	DATA 	Mouse: Left button down, pos=(867,1)
9.7621 	EXP 	DepressionQuestionnaire: autoDraw = False
9.7621 	EXP 	instructionsText: autoDraw = True
9.8347 	DATA 	Mouse:  Left button up, pos=(866,1)
10.1427 	EXP 	Imported picPaths.xlsx as conditions, 6 conditions, 3 params
10.1430 	EXP 	Created sequence: sequential, trialTypes=6, nReps=1, seed=None
10.1433 	EXP 	New trial (rep=0, index=0): {'startImage': 'C:\\Users\\hesselmann\\Desktop\\PsychoPyUniformityIllusion\\UniformityIllusionPsychoPy\\Pics\\1start.png', 'endImage': 'C:\\Users\\hesselmann\\Desktop\\PsychoPyUniformityIllusion\\UniformityIllusionPsychoPy\\Pics\\1a.png', 'AB': 'a'}
10.3327 	DATA 	Keypress: space
10.3796 	EXP 	instructionsText: autoDraw = False
10.3796 	EXP 	hasPeriphery: size = array([1.77777778, 1.        ])
10.3796 	EXP 	hasPeriphery: image = 'C:\\Users\\hesselmann\\Desktop\\PsychoPyUniformityIllusion\\UniformityIllusionPsychoPy\\Pics\\1a.png'
10.3796 	EXP 	noPeriphery: size = array([1.77777778, 1.        ])
10.3796 	EXP 	noPeriphery: image = 'C:\\Users\\hesselmann\\Desktop\\PsychoPyUniformityIllusion\\UniformityIllusionPsychoPy\\Pics\\1start.png'
10.3796 	EXP 	blank_screen: autoDraw = True
10.3796 	EXP 	hasPeriphery: autoDraw = True
10.3796 	EXP 	hasPeriphery: texRes = 128.0
10.3796 	EXP 	noPeriphery: autoDraw = True
10.3796 	EXP 	noPeriphery: texRes = 128.0
10.3796 	EXP 	text: autoDraw = True
10.5297 	EXP 	hasPeriphery: texRes = 128.0
10.5297 	EXP 	noPeriphery: texRes = 128.0
10.6958 	EXP 	hasPeriphery: texRes = 128.0
10.6958 	EXP 	noPeriphery: texRes = 128.0
10.8456 	EXP 	hasPeriphery: texRes = 128.0
10.8456 	EXP 	noPeriphery: texRes = 128.0
10.9960 	EXP 	hasPeriphery: texRes = 128.0
10.9960 	EXP 	noPeriphery: texRes = 128.0
11.1456 	EXP 	hasPeriphery: texRes = 128.0
11.1456 	EXP 	noPeriphery: texRes = 128.0
11.2951 	EXP 	hasPeriphery: texRes = 128.0
11.2951 	EXP 	noPeriphery: texRes = 128.0
11.4292 	EXP 	hasPeriphery: texRes = 128.0
11.4292 	EXP 	noPeriphery: texRes = 128.0
11.5621 	EXP 	blank_screen: autoDraw = False
11.5621 	EXP 	hasPeriphery: texRes = 128.0
11.5621 	EXP 	noPeriphery: texRes = 128.0
11.6954 	EXP 	hasPeriphery: texRes = 128.0
11.6954 	EXP 	noPeriphery: texRes = 128.0
11.8289 	EXP 	hasPeriphery: texRes = 128.0
11.8289 	EXP 	noPeriphery: texRes = 128.0
11.9622 	EXP 	hasPeriphery: texRes = 128.0
11.9622 	EXP 	noPeriphery: texRes = 128.0
12.0949 	EXP 	hasPeriphery: texRes = 128.0
12.0949 	EXP 	noPeriphery: texRes = 128.0
12.2283 	EXP 	hasPeriphery: texRes = 128.0
12.2283 	EXP 	noPeriphery: texRes = 128.0
12.3620 	EXP 	hasPeriphery: texRes = 128.0
12.3620 	EXP 	noPeriphery: texRes = 128.0
12.4948 	EXP 	hasPeriphery: texRes = 128.0
12.4948 	EXP 	noPeriphery: texRes = 128.0
12.6290 	EXP 	hasPeriphery: texRes = 128.0
12.6290 	EXP 	noPeriphery: texRes = 128.0
12.7620 	EXP 	hasPeriphery: texRes = 128.0
12.7620 	EXP 	noPeriphery: texRes = 128.0
12.8950 	EXP 	hasPeriphery: texRes = 128.0
12.8950 	EXP 	noPeriphery: texRes = 128.0
13.0285 	EXP 	hasPeriphery: texRes = 128.0
13.0285 	EXP 	noPeriphery: texRes = 128.0
13.1622 	EXP 	hasPeriphery: texRes = 128.0
13.1622 	EXP 	noPeriphery: texRes = 128.0
13.2637 	DATA 	Keypress: escape
13.3115 	EXP 	hasPeriphery: texRes = 128.0
13.3115 	EXP 	noPeriphery: texRes = 128.0
13.4449 	EXP 	hasPeriphery: texRes = 128.0
13.4449 	EXP 	noPeriphery: texRes = 128.0
13.6878 	EXP 	window1: mouseVisible = True
