1.0600 	WARNING 	We strongly recommend you activate the PTB sound engine in PsychoPy prefs as the preferred audio engine. Its timing is vastly superior. Your prefs are currently set to use ['sounddevice', 'PTB', 'pyo', 'pygame'] (in that order).
6.2487 	EXP 	Created window1 = Window(allowGUI=False, allowStencil=False, autoLog=True, backendConf=UNKNOWN, bitsMode=UNKNOWN, blendMode='avg', bpc=(8, 8, 8), color=array([0, 0, 0]), colorSpace='rgb', depthBits=8, fullscr=<method-wrapper '__getattribute__' of attributeSetter object at 0x000001F37D6C4F60>, gamma=None, gammaErrorPolicy='raise', lms=UNKNOWN, monitor=<psychopy.monitors.calibTools.Monitor object at 0x000001F37D5EF5F8>, multiSample=False, name='window1', numSamples=2, pos=[0.0, 0.0], screen=0, size=array([1920, 1080]), stencilBits=0, stereo=False, units='height', useFBO=True, useRetina=False, viewOri=0.0, viewPos=None, viewScale=None, waitBlanking=True, winType='pyglet')
6.2489 	EXP 	window1: mouseVisible = True
6.2489 	EXP 	window1: recordFrameIntervals = False
6.4159 	EXP 	window1: recordFrameIntervals = True
6.5985 	EXP 	window1: recordFrameIntervals = False
6.9845 	EXP 	Created WelcomeText = TextStim(__class__=<class 'psychopy.visual.text.TextStim'>, alignHoriz=method-wrapper(...), alignText='center', alignVert=method-wrapper(...), anchorHoriz='center', anchorVert='center', antialias=True, autoLog=True, bold=False, color=array([1, 1, 1]), colorSpace='rgb', contrast=1.0, depth=0.0, flipHoriz=False, flipVert=False, font='Open Sans', fontFiles=[], height=0.1, italic=False, languageStyle='LTR', name='WelcomeText', opacity=1, ori=0.0, pos=array([0., 0.]), rgb=UNKNOWN, text='Welcome to our Study!', units='height', win=Window(...), wrapWidth=1)
7.0014 	EXP 	Imported depression.xlsx as conditions, 2 conditions, 12 params
7.0027 	EXP 	Question text: Sadness
7.0207 	EXP 	window1: mouseVisible = True
7.0521 	EXP 	Question text: Pessimism
7.0596 	EXP 	window1: mouseVisible = True
7.0821 	EXP 	window1: mouseVisible = True
7.0863 	EXP 	Created unnamed Rect = Rect(__class__=<class 'psychopy.visual.rect.Rect'>, autoDraw=False, autoLog=True, closeShape=True, color=method-wrapper(...), colorSpace='rgb', contrast=None, depth=0, fillColor=array([0, 0, 0]), fillColorSpace='rgb', fillRGB=UNKNOWN, interpolate=True, lineColor=array([0, 0, 0]), lineColorSpace='rgb', lineRGB=UNKNOWN, lineWidth=1.5, name='unnamed Rect', opacity=0, ori=0.0, pos=array([0., 0.]), size=array([0., 0.]), units='height', vertices=ndarray(...), win=Window(...))
7.0932 	EXP 	Created DepressionQuestionnaire = <psychopy.visual.form.Form object at 0x000001F30044F3C8>
7.1169 	EXP 	window1: mouseVisible = True
7.1627 	EXP 	Created instructionsText = TextStim(__class__=<class 'psychopy.visual.text.TextStim'>, alignHoriz=method-wrapper(...), alignText='center', alignVert=method-wrapper(...), anchorHoriz='center', anchorVert='center', antialias=True, autoLog=True, bold=False, color=array([1, 1, 1]), colorSpace='rgb', contrast=1.0, depth=0.0, flipHoriz=False, flipVert=False, font='Open Sans', fontFiles=[], height=0.04, italic=False, languageStyle='LTR', name='instructionsText', opacity=1, ori=0.0, pos=array([0., 0.]), rgb=UNKNOWN, text=str(...), units='height', win=Window(...), wrapWidth=1)
7.1658 	EXP 	Created hasPeriphery = ImageStim(__class__=<class 'psychopy.visual.image.ImageStim'>, autoLog=True, color=array([1, 1, 1]), colorSpace='rgb', contrast=1.0, depth=-1.0, flipHoriz=False, flipVert=False, image='sin', interpolate=True, mask=None, maskParams=None, name='hasPeriphery', opacity=1.0, ori=0.0, pos=array([0., 0.]), size=array([0.5, 0.5]), texRes=128.0, units='height', win=Window(...))
7.1683 	EXP 	Created noPeriphery = ImageStim(__class__=<class 'psychopy.visual.image.ImageStim'>, autoLog=True, color=array([1, 1, 1]), colorSpace='rgb', contrast=1.0, depth=-3.0, flipHoriz=False, flipVert=False, image='sin', interpolate=True, mask=None, maskParams=None, name='noPeriphery', opacity=1.0, ori=0.0, pos=array([0., 0.]), size=array([0.5, 0.5]), texRes=128.0, units='height', win=Window(...))
7.1708 	EXP 	Created final = ImageStim(__class__=<class 'psychopy.visual.image.ImageStim'>, autoLog=True, color=array([1, 1, 1]), colorSpace='rgb', contrast=1.0, depth=-4.0, flipHoriz=False, flipVert=False, image='sin', interpolate=True, mask=None, maskParams=None, name='final', opacity=1.0, ori=0.0, pos=array([0., 0.]), size=array([0.5, 0.5]), texRes=128.0, units='height', win=Window(...))
7.1721 	EXP 	Created blank_screen = Rect(__class__=<class 'psychopy.visual.rect.Rect'>, autoDraw=False, autoLog=True, closeShape=True, color=method-wrapper(...), colorSpace='rgb', contrast=None, depth=-5.0, fillColor=array([1, 1, 1]), fillColorSpace='rgb', fillRGB=UNKNOWN, interpolate=True, lineColor=array([1, 1, 1]), lineColorSpace='rgb', lineRGB=UNKNOWN, lineWidth=1.0, name='blank_screen', opacity=1.0, ori=0.0, pos=array([0., 0.]), size=array([2., 2.]), units='height', vertices=ndarray(...), win=Window(...))
7.1777 	EXP 	Created text = TextStim(__class__=<class 'psychopy.visual.text.TextStim'>, alignHoriz=method-wrapper(...), alignText='center', alignVert=method-wrapper(...), anchorHoriz='center', anchorVert='center', antialias=True, autoLog=True, bold=False, color=array([ 1, -1, -1]), colorSpace='rgb', contrast=1.0, depth=-6.0, flipHoriz=False, flipVert=False, font='Open Sans', fontFiles=[], height=0.1, italic=False, languageStyle='LTR', name='text', opacity=1, ori=0.0, pos=array([0., 0.]), rgb=UNKNOWN, text='+', units='height', win=Window(...), wrapWidth=1)
7.1886 	EXP 	Created WelcomeText = TextStim(__class__=<class 'psychopy.visual.text.TextStim'>, alignHoriz=method-wrapper(...), alignText='center', alignVert=method-wrapper(...), anchorHoriz='center', anchorVert='center', antialias=True, autoLog=True, bold=False, color=array([1, 1, 1]), colorSpace='rgb', contrast=1.0, depth=0.0, flipHoriz=False, flipVert=False, font='Open Sans', fontFiles=[], height=0.1, italic=False, languageStyle='LTR', name='WelcomeText', opacity=1, ori=0.0, pos=array([0., 0.]), rgb=UNKNOWN, text='Welcome to our Study!', units='height', win=Window(...), wrapWidth=1)
7.1912 	EXP 	Created hasPeriphery_2 = ImageStim(__class__=<class 'psychopy.visual.image.ImageStim'>, autoLog=True, color=array([1, 1, 1]), colorSpace='rgb', contrast=1.0, depth=-1.0, flipHoriz=False, flipVert=False, image='sin', interpolate=True, mask=None, maskParams=None, name='hasPeriphery_2', opacity=1.0, ori=0.0, pos=array([0., 0.]), size=array([0.5, 0.5]), texRes=128.0, units='height', win=Window(...))
7.1935 	EXP 	Created noPeriphery_2 = ImageStim(__class__=<class 'psychopy.visual.image.ImageStim'>, autoLog=True, color=array([1, 1, 1]), colorSpace='rgb', contrast=1.0, depth=-3.0, flipHoriz=False, flipVert=False, image='sin', interpolate=True, mask=None, maskParams=None, name='noPeriphery_2', opacity=1.0, ori=0.0, pos=array([0., 0.]), size=array([0.5, 0.5]), texRes=128.0, units='height', win=Window(...))
7.1953 	EXP 	Created text_2 = TextStim(__class__=<class 'psychopy.visual.text.TextStim'>, alignHoriz=method-wrapper(...), alignText='center', alignVert=method-wrapper(...), anchorHoriz='center', anchorVert='center', antialias=True, autoLog=True, bold=False, color=array([ 1, -1, -1]), colorSpace='rgb', contrast=1.0, depth=-4.0, flipHoriz=False, flipVert=False, font='Open Sans', fontFiles=[], height=0.1, italic=False, languageStyle='LTR', name='text_2', opacity=1, ori=0.0, pos=array([0., 0.]), rgb=UNKNOWN, text='+', units='height', win=Window(...), wrapWidth=1)
7.2485 	EXP 	unnamed Form: autoLog = True
7.2485 	EXP 	DepressionQuestionnaire: name = 'DepressionQuestionnaire'
7.2485 	EXP 	DepressionQuestionnaire: size = (3.5, 1)
7.2485 	EXP 	DepressionQuestionnaire: size = array([3.5, 1. ])
7.2485 	EXP 	DepressionQuestionnaire: units = 'height'
7.2485 	EXP 	DepressionQuestionnaire: depth = 0
7.2485 	EXP 	WelcomeText: autoDraw = True
9.2489 	EXP 	WelcomeText: autoDraw = False
9.2489 	EXP 	DepressionQuestionnaire: autoDraw = True
10.0656 	DATA 	Mouse: Left button down, pos=(682,105)
10.0981 	EXP 	DepressionQuestionnaire: autoDraw = False
10.0981 	EXP 	instructionsText: autoDraw = True
10.1855 	DATA 	Mouse:  Left button up, pos=(681,104)
10.4713 	DATA 	Keypress: space
10.5117 	EXP 	Imported picPaths.xlsx as conditions, 6 conditions, 4 params
10.5120 	EXP 	Created sequence: sequential, trialTypes=6, nReps=1, seed=None
10.5123 	EXP 	New trial (rep=0, index=0): {'startImage': 'C:\\Users\\hesselmann\\Desktop\\PsychoPyUniformityIllusion\\UniformityIllusionPsychoPy\\Pics\\1start.png', 'midImage': 'C:\\Users\\hesselmann\\Desktop\\PsychoPyUniformityIllusion\\UniformityIllusionPsychoPy\\Pics\\1a.png', 'endImage': 'C:\\Users\\hesselmann\\Desktop\\PsychoPyUniformityIllusion\\UniformityIllusionPsychoPy\\Pics\\1a.png', 'AB': 'a'}
10.7981 	EXP 	instructionsText: autoDraw = False
10.7981 	EXP 	hasPeriphery: size = array([1.77777778, 1.        ])
10.7981 	EXP 	hasPeriphery: image = 'C:\\Users\\hesselmann\\Desktop\\PsychoPyUniformityIllusion\\UniformityIllusionPsychoPy\\Pics\\1a.png'
10.7981 	EXP 	noPeriphery: size = array([1.77777778, 1.        ])
10.7981 	EXP 	noPeriphery: image = 'C:\\Users\\hesselmann\\Desktop\\PsychoPyUniformityIllusion\\UniformityIllusionPsychoPy\\Pics\\1start.png'
10.7981 	EXP 	final: size = array([1.77777778, 1.        ])
10.7981 	EXP 	final: image = 'C:\\Users\\hesselmann\\Desktop\\PsychoPyUniformityIllusion\\UniformityIllusionPsychoPy\\Pics\\1a.png'
10.7981 	EXP 	hasPeriphery: autoDraw = True
10.7981 	EXP 	hasPeriphery: texRes = 128.0
10.7981 	EXP 	noPeriphery: autoDraw = True
10.7981 	EXP 	noPeriphery: texRes = 128.0
10.7981 	EXP 	blank_screen: autoDraw = True
10.7981 	EXP 	text: autoDraw = True
10.9476 	EXP 	hasPeriphery: texRes = 128.0
10.9476 	EXP 	noPeriphery: texRes = 128.0
11.0979 	EXP 	hasPeriphery: texRes = 128.0
11.0979 	EXP 	noPeriphery: texRes = 128.0
11.0979 	EXP 	blank_screen: autoDraw = False
11.2306 	EXP 	hasPeriphery: texRes = 128.0
11.2306 	EXP 	noPeriphery: texRes = 128.0
11.3644 	EXP 	hasPeriphery: texRes = 128.0
11.3644 	EXP 	noPeriphery: texRes = 128.0
11.4976 	EXP 	hasPeriphery: texRes = 128.0
11.4976 	EXP 	noPeriphery: texRes = 128.0
11.6310 	EXP 	hasPeriphery: texRes = 128.0
11.6310 	EXP 	noPeriphery: texRes = 128.0
11.7643 	EXP 	hasPeriphery: texRes = 128.0
11.7643 	EXP 	noPeriphery: texRes = 128.0
11.8969 	EXP 	hasPeriphery: texRes = 128.0
11.8969 	EXP 	noPeriphery: texRes = 128.0
12.0302 	EXP 	hasPeriphery: texRes = 128.0
12.0302 	EXP 	noPeriphery: texRes = 128.0
12.1638 	EXP 	hasPeriphery: texRes = 128.0
12.1638 	EXP 	noPeriphery: texRes = 128.0
12.2970 	EXP 	hasPeriphery: texRes = 128.0
12.2970 	EXP 	noPeriphery: texRes = 128.0
12.4305 	EXP 	hasPeriphery: texRes = 128.0
12.4305 	EXP 	noPeriphery: texRes = 128.0
12.5644 	EXP 	hasPeriphery: texRes = 128.0
12.5644 	EXP 	noPeriphery: texRes = 128.0
12.6974 	EXP 	hasPeriphery: texRes = 128.0
12.6974 	EXP 	noPeriphery: texRes = 128.0
12.8300 	EXP 	hasPeriphery: texRes = 128.0
12.8300 	EXP 	noPeriphery: texRes = 128.0
12.9637 	EXP 	hasPeriphery: texRes = 128.0
12.9637 	EXP 	noPeriphery: texRes = 128.0
13.0971 	EXP 	hasPeriphery: texRes = 128.0
13.0971 	EXP 	noPeriphery: texRes = 128.0
13.2307 	EXP 	hasPeriphery: texRes = 128.0
13.2307 	EXP 	noPeriphery: texRes = 128.0
13.3639 	EXP 	hasPeriphery: texRes = 128.0
13.3639 	EXP 	noPeriphery: texRes = 128.0
13.4972 	EXP 	hasPeriphery: texRes = 128.0
13.4972 	EXP 	noPeriphery: texRes = 128.0
13.6302 	EXP 	hasPeriphery: texRes = 128.0
13.6302 	EXP 	noPeriphery: texRes = 128.0
13.7634 	EXP 	hasPeriphery: texRes = 128.0
13.7634 	EXP 	noPeriphery: texRes = 128.0
13.8968 	EXP 	hasPeriphery: texRes = 128.0
13.8968 	EXP 	noPeriphery: texRes = 128.0
14.0305 	EXP 	hasPeriphery: texRes = 128.0
14.0305 	EXP 	noPeriphery: texRes = 128.0
14.1807 	EXP 	hasPeriphery: texRes = 128.0
14.1807 	EXP 	noPeriphery: texRes = 128.0
14.3130 	EXP 	hasPeriphery: texRes = 128.0
14.3130 	EXP 	noPeriphery: texRes = 128.0
14.4468 	EXP 	hasPeriphery: texRes = 128.0
14.4468 	EXP 	noPeriphery: texRes = 128.0
14.5805 	EXP 	hasPeriphery: texRes = 128.0
14.5805 	EXP 	noPeriphery: texRes = 128.0
14.7135 	EXP 	hasPeriphery: texRes = 128.0
14.7135 	EXP 	noPeriphery: texRes = 128.0
14.9129 	EXP 	hasPeriphery: texRes = 128.0
14.9129 	EXP 	noPeriphery: texRes = 128.0
14.9129 	EXP 	final: autoDraw = True
14.9129 	EXP 	final: texRes = 128.0
15.1140 	EXP 	hasPeriphery: texRes = 128.0
15.1140 	EXP 	noPeriphery: texRes = 128.0
15.1140 	EXP 	final: texRes = 128.0
15.3297 	EXP 	hasPeriphery: texRes = 128.0
15.3297 	EXP 	noPeriphery: texRes = 128.0
15.3297 	EXP 	final: texRes = 128.0
15.5299 	EXP 	hasPeriphery: texRes = 128.0
15.5299 	EXP 	noPeriphery: texRes = 128.0
15.5299 	EXP 	final: texRes = 128.0
15.7294 	EXP 	hasPeriphery: texRes = 128.0
15.7294 	EXP 	noPeriphery: texRes = 128.0
15.7294 	EXP 	final: texRes = 128.0
15.9464 	EXP 	hasPeriphery: texRes = 128.0
15.9464 	EXP 	noPeriphery: texRes = 128.0
15.9464 	EXP 	final: texRes = 128.0
16.1468 	EXP 	hasPeriphery: texRes = 128.0
16.1468 	EXP 	noPeriphery: texRes = 128.0
16.1468 	EXP 	final: texRes = 128.0
16.3460 	EXP 	hasPeriphery: texRes = 128.0
16.3460 	EXP 	noPeriphery: texRes = 128.0
16.3460 	EXP 	final: texRes = 128.0
16.5463 	EXP 	hasPeriphery: texRes = 128.0
16.5463 	EXP 	noPeriphery: texRes = 128.0
16.5463 	EXP 	final: texRes = 128.0
16.7467 	EXP 	hasPeriphery: texRes = 128.0
16.7467 	EXP 	noPeriphery: texRes = 128.0
16.7467 	EXP 	final: texRes = 128.0
16.9465 	EXP 	hasPeriphery: texRes = 128.0
16.9465 	EXP 	noPeriphery: texRes = 128.0
16.9465 	EXP 	final: texRes = 128.0
17.1462 	EXP 	hasPeriphery: texRes = 128.0
17.1462 	EXP 	noPeriphery: texRes = 128.0
17.1462 	EXP 	final: texRes = 128.0
17.3458 	EXP 	hasPeriphery: texRes = 128.0
17.3458 	EXP 	noPeriphery: texRes = 128.0
17.3458 	EXP 	final: texRes = 128.0
17.5306 	EXP 	hasPeriphery: texRes = 128.0
17.5306 	EXP 	noPeriphery: texRes = 128.0
17.5306 	EXP 	final: texRes = 128.0
17.7461 	EXP 	hasPeriphery: texRes = 128.0
17.7461 	EXP 	noPeriphery: texRes = 128.0
17.7461 	EXP 	final: texRes = 128.0
17.9460 	EXP 	hasPeriphery: texRes = 128.0
17.9460 	EXP 	noPeriphery: texRes = 128.0
17.9460 	EXP 	final: texRes = 128.0
18.1464 	EXP 	hasPeriphery: texRes = 128.0
18.1464 	EXP 	noPeriphery: texRes = 128.0
18.1464 	EXP 	final: texRes = 128.0
18.3459 	EXP 	hasPeriphery: texRes = 128.0
18.3459 	EXP 	noPeriphery: texRes = 128.0
18.3459 	EXP 	final: texRes = 128.0
18.5461 	EXP 	hasPeriphery: texRes = 128.0
18.5461 	EXP 	noPeriphery: texRes = 128.0
18.5461 	EXP 	final: texRes = 128.0
18.7463 	EXP 	hasPeriphery: texRes = 128.0
18.7463 	EXP 	noPeriphery: texRes = 128.0
18.7463 	EXP 	final: texRes = 128.0
18.9292 	EXP 	hasPeriphery: texRes = 128.0
18.9292 	EXP 	noPeriphery: texRes = 128.0
18.9292 	EXP 	final: texRes = 128.0
19.1125 	EXP 	hasPeriphery: texRes = 128.0
19.1125 	EXP 	noPeriphery: texRes = 128.0
19.1125 	EXP 	final: texRes = 128.0
19.3290 	EXP 	hasPeriphery: texRes = 128.0
19.3290 	EXP 	noPeriphery: texRes = 128.0
19.3290 	EXP 	final: texRes = 128.0
19.5127 	EXP 	hasPeriphery: texRes = 128.0
19.5127 	EXP 	noPeriphery: texRes = 128.0
19.5127 	EXP 	final: texRes = 128.0
19.6955 	EXP 	hasPeriphery: texRes = 128.0
19.6955 	EXP 	noPeriphery: texRes = 128.0
19.6955 	EXP 	final: texRes = 128.0
19.8957 	EXP 	hasPeriphery: texRes = 128.0
19.8957 	EXP 	noPeriphery: texRes = 128.0
19.8957 	EXP 	final: texRes = 128.0
20.0793 	EXP 	hasPeriphery: texRes = 128.0
20.0793 	EXP 	noPeriphery: texRes = 128.0
20.0793 	EXP 	final: texRes = 128.0
20.2630 	EXP 	hasPeriphery: texRes = 128.0
20.2630 	EXP 	noPeriphery: texRes = 128.0
20.2630 	EXP 	final: texRes = 128.0
20.4785 	EXP 	hasPeriphery: texRes = 128.0
20.4785 	EXP 	noPeriphery: texRes = 128.0
20.4785 	EXP 	final: texRes = 128.0
20.6626 	EXP 	hasPeriphery: texRes = 128.0
20.6626 	EXP 	noPeriphery: texRes = 128.0
20.6626 	EXP 	final: texRes = 128.0
20.8458 	EXP 	hasPeriphery: texRes = 128.0
20.8458 	EXP 	noPeriphery: texRes = 128.0
20.8458 	EXP 	final: texRes = 128.0
20.9287 	EXP 	hasPeriphery: autoDraw = False
20.9287 	EXP 	noPeriphery: autoDraw = False
20.9287 	EXP 	final: texRes = 128.0
21.0117 	EXP 	final: texRes = 128.0
21.0950 	EXP 	final: texRes = 128.0
21.1787 	EXP 	final: texRes = 128.0
21.2620 	EXP 	final: texRes = 128.0
21.3449 	EXP 	final: texRes = 128.0
21.4286 	EXP 	final: texRes = 128.0
21.5120 	EXP 	final: texRes = 128.0
21.5953 	EXP 	final: texRes = 128.0
21.6790 	EXP 	final: texRes = 128.0
21.7620 	EXP 	final: texRes = 128.0
21.8456 	EXP 	final: texRes = 128.0
21.9287 	EXP 	final: texRes = 128.0
22.0115 	EXP 	final: texRes = 128.0
22.0952 	EXP 	final: texRes = 128.0
22.1786 	EXP 	final: texRes = 128.0
22.2614 	EXP 	final: texRes = 128.0
22.3451 	EXP 	final: texRes = 128.0
22.4287 	EXP 	final: texRes = 128.0
22.5116 	EXP 	final: texRes = 128.0
22.5954 	EXP 	final: texRes = 128.0
22.6782 	EXP 	final: texRes = 128.0
22.7621 	EXP 	final: texRes = 128.0
22.8452 	EXP 	final: texRes = 128.0
22.9284 	EXP 	final: texRes = 128.0
23.0113 	EXP 	final: texRes = 128.0
23.0952 	EXP 	final: texRes = 128.0
23.1779 	EXP 	final: texRes = 128.0
23.2617 	EXP 	final: texRes = 128.0
23.3450 	EXP 	final: texRes = 128.0
23.4282 	EXP 	final: texRes = 128.0
23.5113 	EXP 	final: texRes = 128.0
23.5949 	EXP 	final: texRes = 128.0
23.6788 	EXP 	final: texRes = 128.0
23.7615 	EXP 	final: texRes = 128.0
23.8452 	EXP 	final: texRes = 128.0
23.9278 	EXP 	final: texRes = 128.0
24.0120 	EXP 	final: texRes = 128.0
24.0952 	EXP 	final: texRes = 128.0
24.1790 	EXP 	final: texRes = 128.0
24.2610 	EXP 	final: texRes = 128.0
24.3448 	EXP 	final: texRes = 128.0
24.4283 	EXP 	final: texRes = 128.0
24.5115 	EXP 	final: texRes = 128.0
24.5957 	EXP 	final: texRes = 128.0
24.6776 	EXP 	final: texRes = 128.0
24.7609 	EXP 	final: texRes = 128.0
24.8454 	EXP 	final: texRes = 128.0
24.9280 	EXP 	final: texRes = 128.0
25.0109 	EXP 	final: texRes = 128.0
25.0948 	EXP 	final: texRes = 128.0
25.1782 	EXP 	final: texRes = 128.0
25.2616 	EXP 	final: texRes = 128.0
25.3443 	EXP 	final: texRes = 128.0
25.4275 	EXP 	final: texRes = 128.0
25.5113 	EXP 	final: texRes = 128.0
25.5950 	EXP 	final: texRes = 128.0
25.6782 	EXP 	final: texRes = 128.0
25.7612 	EXP 	final: texRes = 128.0
25.8449 	EXP 	final: texRes = 128.0
25.9278 	EXP 	final: texRes = 128.0
26.0111 	EXP 	final: texRes = 128.0
26.0944 	EXP 	final: texRes = 128.0
26.1774 	EXP 	final: texRes = 128.0
26.2610 	EXP 	final: texRes = 128.0
26.3440 	EXP 	final: texRes = 128.0
26.4273 	EXP 	final: texRes = 128.0
26.5106 	EXP 	final: texRes = 128.0
26.5939 	EXP 	final: texRes = 128.0
26.6772 	EXP 	final: texRes = 128.0
26.7249 	DATA 	Keypress: space
26.7613 	EXP 	final: texRes = 128.0
26.8091 	EXP 	New trial (rep=0, index=1): {'startImage': 'C:\\Users\\hesselmann\\Desktop\\PsychoPyUniformityIllusion\\UniformityIllusionPsychoPy\\Pics\\1start.png', 'midImage': 'C:\\Users\\hesselmann\\Desktop\\PsychoPyUniformityIllusion\\UniformityIllusionPsychoPy\\Pics\\1a.png', 'endImage': 'C:\\Users\\hesselmann\\Desktop\\PsychoPyUniformityIllusion\\UniformityIllusionPsychoPy\\Pics\\1b.png', 'AB': 'b'}
27.0605 	EXP 	final: texRes = 128.0
27.0605 	EXP 	hasPeriphery: autoDraw = False
27.0605 	EXP 	noPeriphery: autoDraw = False
27.0605 	EXP 	final: autoDraw = False
27.0605 	EXP 	blank_screen: autoDraw = False
27.0605 	EXP 	text: autoDraw = False
27.0605 	EXP 	hasPeriphery: size = array([1.77777778, 1.        ])
27.0605 	EXP 	hasPeriphery: image = 'C:\\Users\\hesselmann\\Desktop\\PsychoPyUniformityIllusion\\UniformityIllusionPsychoPy\\Pics\\1a.png'
27.0605 	EXP 	noPeriphery: size = array([1.77777778, 1.        ])
27.0605 	EXP 	noPeriphery: image = 'C:\\Users\\hesselmann\\Desktop\\PsychoPyUniformityIllusion\\UniformityIllusionPsychoPy\\Pics\\1start.png'
27.0605 	EXP 	final: size = array([1.77777778, 1.        ])
27.0605 	EXP 	final: image = 'C:\\Users\\hesselmann\\Desktop\\PsychoPyUniformityIllusion\\UniformityIllusionPsychoPy\\Pics\\1b.png'
27.0605 	EXP 	hasPeriphery: autoDraw = True
27.0605 	EXP 	hasPeriphery: texRes = 128.0
27.0605 	EXP 	noPeriphery: autoDraw = True
27.0605 	EXP 	noPeriphery: texRes = 128.0
27.0605 	EXP 	blank_screen: autoDraw = True
27.0605 	EXP 	text: autoDraw = True
27.1944 	EXP 	hasPeriphery: texRes = 128.0
27.1944 	EXP 	noPeriphery: texRes = 128.0
27.3438 	EXP 	hasPeriphery: texRes = 128.0
27.3438 	EXP 	noPeriphery: texRes = 128.0
27.3438 	EXP 	blank_screen: autoDraw = False
27.4937 	EXP 	hasPeriphery: texRes = 128.0
27.4937 	EXP 	noPeriphery: texRes = 128.0
27.6273 	EXP 	hasPeriphery: texRes = 128.0
27.6273 	EXP 	noPeriphery: texRes = 128.0
27.7606 	EXP 	hasPeriphery: texRes = 128.0
27.7606 	EXP 	noPeriphery: texRes = 128.0
27.8942 	EXP 	hasPeriphery: texRes = 128.0
27.8942 	EXP 	noPeriphery: texRes = 128.0
28.0282 	EXP 	hasPeriphery: texRes = 128.0
28.0282 	EXP 	noPeriphery: texRes = 128.0
28.1775 	EXP 	hasPeriphery: texRes = 128.0
28.1775 	EXP 	noPeriphery: texRes = 128.0
28.3106 	EXP 	hasPeriphery: texRes = 128.0
28.3106 	EXP 	noPeriphery: texRes = 128.0
28.4435 	EXP 	hasPeriphery: texRes = 128.0
28.4435 	EXP 	noPeriphery: texRes = 128.0
28.5768 	EXP 	hasPeriphery: texRes = 128.0
28.5768 	EXP 	noPeriphery: texRes = 128.0
28.7109 	EXP 	hasPeriphery: texRes = 128.0
28.7109 	EXP 	noPeriphery: texRes = 128.0
28.8606 	EXP 	hasPeriphery: texRes = 128.0
28.8606 	EXP 	noPeriphery: texRes = 128.0
29.0105 	EXP 	hasPeriphery: texRes = 128.0
29.0105 	EXP 	noPeriphery: texRes = 128.0
29.1443 	EXP 	hasPeriphery: texRes = 128.0
29.1443 	EXP 	noPeriphery: texRes = 128.0
29.2934 	EXP 	hasPeriphery: texRes = 128.0
29.2934 	EXP 	noPeriphery: texRes = 128.0
29.4267 	EXP 	hasPeriphery: texRes = 128.0
29.4267 	EXP 	noPeriphery: texRes = 128.0
29.5608 	EXP 	hasPeriphery: texRes = 128.0
29.5608 	EXP 	noPeriphery: texRes = 128.0
29.6937 	EXP 	hasPeriphery: texRes = 128.0
29.6937 	EXP 	noPeriphery: texRes = 128.0
29.8271 	EXP 	hasPeriphery: texRes = 128.0
29.8271 	EXP 	noPeriphery: texRes = 128.0
29.9603 	EXP 	hasPeriphery: texRes = 128.0
29.9603 	EXP 	noPeriphery: texRes = 128.0
30.0941 	EXP 	hasPeriphery: texRes = 128.0
30.0941 	EXP 	noPeriphery: texRes = 128.0
30.2269 	EXP 	hasPeriphery: texRes = 128.0
30.2269 	EXP 	noPeriphery: texRes = 128.0
30.3598 	EXP 	hasPeriphery: texRes = 128.0
30.3598 	EXP 	noPeriphery: texRes = 128.0
30.4931 	EXP 	hasPeriphery: texRes = 128.0
30.4931 	EXP 	noPeriphery: texRes = 128.0
30.6269 	EXP 	hasPeriphery: texRes = 128.0
30.6269 	EXP 	noPeriphery: texRes = 128.0
30.7601 	EXP 	hasPeriphery: texRes = 128.0
30.7601 	EXP 	noPeriphery: texRes = 128.0
30.8935 	EXP 	hasPeriphery: texRes = 128.0
30.8935 	EXP 	noPeriphery: texRes = 128.0
31.0271 	EXP 	hasPeriphery: texRes = 128.0
31.0271 	EXP 	noPeriphery: texRes = 128.0
31.2271 	EXP 	hasPeriphery: texRes = 128.0
31.2271 	EXP 	noPeriphery: texRes = 128.0
31.2271 	EXP 	final: autoDraw = True
31.2271 	EXP 	final: texRes = 128.0
31.4266 	EXP 	hasPeriphery: texRes = 128.0
31.4266 	EXP 	noPeriphery: texRes = 128.0
31.4266 	EXP 	final: texRes = 128.0
31.6100 	EXP 	hasPeriphery: texRes = 128.0
31.6100 	EXP 	noPeriphery: texRes = 128.0
31.6100 	EXP 	final: texRes = 128.0
31.8100 	EXP 	hasPeriphery: texRes = 128.0
31.8100 	EXP 	noPeriphery: texRes = 128.0
31.8100 	EXP 	final: texRes = 128.0
32.0095 	EXP 	hasPeriphery: texRes = 128.0
32.0095 	EXP 	noPeriphery: texRes = 128.0
32.0095 	EXP 	final: texRes = 128.0
32.2101 	EXP 	hasPeriphery: texRes = 128.0
32.2101 	EXP 	noPeriphery: texRes = 128.0
32.2101 	EXP 	final: texRes = 128.0
32.4102 	EXP 	hasPeriphery: texRes = 128.0
32.4102 	EXP 	noPeriphery: texRes = 128.0
32.4102 	EXP 	final: texRes = 128.0
32.5927 	EXP 	hasPeriphery: texRes = 128.0
32.5927 	EXP 	noPeriphery: texRes = 128.0
32.5927 	EXP 	final: texRes = 128.0
32.7760 	EXP 	hasPeriphery: texRes = 128.0
32.7760 	EXP 	noPeriphery: texRes = 128.0
32.7760 	EXP 	final: texRes = 128.0
32.9764 	EXP 	hasPeriphery: texRes = 128.0
32.9764 	EXP 	noPeriphery: texRes = 128.0
32.9764 	EXP 	final: texRes = 128.0
33.1763 	EXP 	hasPeriphery: texRes = 128.0
33.1763 	EXP 	noPeriphery: texRes = 128.0
33.1763 	EXP 	final: texRes = 128.0
33.3596 	EXP 	hasPeriphery: texRes = 128.0
33.3596 	EXP 	noPeriphery: texRes = 128.0
33.3596 	EXP 	final: texRes = 128.0
33.5433 	EXP 	hasPeriphery: texRes = 128.0
33.5433 	EXP 	noPeriphery: texRes = 128.0
33.5433 	EXP 	final: texRes = 128.0
33.7262 	EXP 	hasPeriphery: texRes = 128.0
33.7262 	EXP 	noPeriphery: texRes = 128.0
33.7262 	EXP 	final: texRes = 128.0
33.9095 	EXP 	hasPeriphery: texRes = 128.0
33.9095 	EXP 	noPeriphery: texRes = 128.0
33.9095 	EXP 	final: texRes = 128.0
34.1091 	EXP 	hasPeriphery: texRes = 128.0
34.1091 	EXP 	noPeriphery: texRes = 128.0
34.1091 	EXP 	final: texRes = 128.0
34.2924 	EXP 	hasPeriphery: texRes = 128.0
34.2924 	EXP 	noPeriphery: texRes = 128.0
34.2924 	EXP 	final: texRes = 128.0
34.4760 	EXP 	hasPeriphery: texRes = 128.0
34.4760 	EXP 	noPeriphery: texRes = 128.0
34.4760 	EXP 	final: texRes = 128.0
34.6595 	EXP 	hasPeriphery: texRes = 128.0
34.6595 	EXP 	noPeriphery: texRes = 128.0
34.6595 	EXP 	final: texRes = 128.0
34.8594 	EXP 	hasPeriphery: texRes = 128.0
34.8594 	EXP 	noPeriphery: texRes = 128.0
34.8594 	EXP 	final: texRes = 128.0
35.0422 	EXP 	hasPeriphery: texRes = 128.0
35.0422 	EXP 	noPeriphery: texRes = 128.0
35.0422 	EXP 	final: texRes = 128.0
35.2262 	EXP 	hasPeriphery: texRes = 128.0
35.2262 	EXP 	noPeriphery: texRes = 128.0
35.2262 	EXP 	final: texRes = 128.0
35.4092 	EXP 	hasPeriphery: texRes = 128.0
35.4092 	EXP 	noPeriphery: texRes = 128.0
35.4092 	EXP 	final: texRes = 128.0
35.5925 	EXP 	hasPeriphery: texRes = 128.0
35.5925 	EXP 	noPeriphery: texRes = 128.0
35.5925 	EXP 	final: texRes = 128.0
35.7920 	EXP 	hasPeriphery: texRes = 128.0
35.7920 	EXP 	noPeriphery: texRes = 128.0
35.7920 	EXP 	final: texRes = 128.0
35.9926 	EXP 	hasPeriphery: texRes = 128.0
35.9926 	EXP 	noPeriphery: texRes = 128.0
35.9926 	EXP 	final: texRes = 128.0
36.1924 	EXP 	hasPeriphery: texRes = 128.0
36.1924 	EXP 	noPeriphery: texRes = 128.0
36.1924 	EXP 	final: texRes = 128.0
36.3920 	EXP 	hasPeriphery: texRes = 128.0
36.3920 	EXP 	noPeriphery: texRes = 128.0
36.3920 	EXP 	final: texRes = 128.0
36.5923 	EXP 	hasPeriphery: texRes = 128.0
36.5923 	EXP 	noPeriphery: texRes = 128.0
36.5923 	EXP 	final: texRes = 128.0
36.7919 	EXP 	hasPeriphery: texRes = 128.0
36.7919 	EXP 	noPeriphery: texRes = 128.0
36.7919 	EXP 	final: texRes = 128.0
36.9924 	EXP 	hasPeriphery: texRes = 128.0
36.9924 	EXP 	noPeriphery: texRes = 128.0
36.9924 	EXP 	final: texRes = 128.0
37.1920 	EXP 	hasPeriphery: texRes = 128.0
37.1920 	EXP 	noPeriphery: texRes = 128.0
37.1920 	EXP 	final: texRes = 128.0
37.2751 	EXP 	hasPeriphery: autoDraw = False
37.2751 	EXP 	noPeriphery: autoDraw = False
37.2751 	EXP 	final: texRes = 128.0
37.3584 	EXP 	final: texRes = 128.0
37.4420 	EXP 	final: texRes = 128.0
37.5251 	EXP 	final: texRes = 128.0
37.6085 	EXP 	final: texRes = 128.0
37.6917 	EXP 	final: texRes = 128.0
37.7750 	EXP 	final: texRes = 128.0
37.8586 	EXP 	final: texRes = 128.0
37.9421 	EXP 	final: texRes = 128.0
38.0250 	EXP 	final: texRes = 128.0
38.1088 	EXP 	final: texRes = 128.0
38.1919 	EXP 	final: texRes = 128.0
38.2755 	EXP 	final: texRes = 128.0
38.3582 	EXP 	final: texRes = 128.0
38.4419 	EXP 	final: texRes = 128.0
38.5248 	EXP 	final: texRes = 128.0
38.6087 	EXP 	final: texRes = 128.0
38.6915 	EXP 	final: texRes = 128.0
38.7752 	EXP 	final: texRes = 128.0
38.8596 	EXP 	final: texRes = 128.0
38.9423 	EXP 	final: texRes = 128.0
39.0247 	EXP 	final: texRes = 128.0
39.1085 	EXP 	final: texRes = 128.0
39.1926 	EXP 	final: texRes = 128.0
39.2747 	EXP 	final: texRes = 128.0
39.3580 	EXP 	final: texRes = 128.0
39.4417 	EXP 	final: texRes = 128.0
39.5247 	EXP 	final: texRes = 128.0
39.6085 	EXP 	final: texRes = 128.0
39.6922 	EXP 	final: texRes = 128.0
39.7752 	EXP 	final: texRes = 128.0
39.8591 	EXP 	final: texRes = 128.0
39.9418 	EXP 	final: texRes = 128.0
40.0246 	EXP 	final: texRes = 128.0
40.1079 	EXP 	final: texRes = 128.0
40.1920 	EXP 	final: texRes = 128.0
40.2753 	EXP 	final: texRes = 128.0
40.3585 	EXP 	final: texRes = 128.0
40.4411 	EXP 	final: texRes = 128.0
40.5254 	EXP 	final: texRes = 128.0
40.6082 	EXP 	final: texRes = 128.0
40.6915 	EXP 	final: texRes = 128.0
40.7751 	EXP 	final: texRes = 128.0
40.8581 	EXP 	final: texRes = 128.0
40.9418 	EXP 	final: texRes = 128.0
41.0259 	EXP 	final: texRes = 128.0
41.1083 	EXP 	final: texRes = 128.0
41.1917 	EXP 	final: texRes = 128.0
41.2743 	EXP 	final: texRes = 128.0
41.3580 	EXP 	final: texRes = 128.0
41.4413 	EXP 	final: texRes = 128.0
41.5246 	EXP 	final: texRes = 128.0
41.6077 	EXP 	final: texRes = 128.0
41.6908 	EXP 	final: texRes = 128.0
41.7746 	EXP 	final: texRes = 128.0
41.8579 	EXP 	final: texRes = 128.0
41.9416 	EXP 	final: texRes = 128.0
42.0245 	EXP 	final: texRes = 128.0
42.1082 	EXP 	final: texRes = 128.0
42.1908 	EXP 	final: texRes = 128.0
42.2749 	EXP 	final: texRes = 128.0
42.3579 	EXP 	final: texRes = 128.0
42.4411 	EXP 	final: texRes = 128.0
42.5248 	EXP 	final: texRes = 128.0
42.6082 	EXP 	final: texRes = 128.0
42.6908 	EXP 	final: texRes = 128.0
42.7744 	EXP 	final: texRes = 128.0
42.8578 	EXP 	final: texRes = 128.0
42.9418 	EXP 	final: texRes = 128.0
43.0240 	EXP 	final: texRes = 128.0
43.1078 	EXP 	final: texRes = 128.0
43.1910 	EXP 	final: texRes = 128.0
43.2751 	EXP 	final: texRes = 128.0
43.2909 	EXP 	final: autoDraw = False
53.5773 	EXP 	New trial (rep=0, index=2): {'startImage': 'C:\\Users\\hesselmann\\Desktop\\PsychoPyUniformityIllusion\\UniformityIllusionPsychoPy\\Pics\\2start.png', 'midImage': 'C:\\Users\\hesselmann\\Desktop\\PsychoPyUniformityIllusion\\UniformityIllusionPsychoPy\\Pics\\2a.png', 'endImage': 'C:\\Users\\hesselmann\\Desktop\\PsychoPyUniformityIllusion\\UniformityIllusionPsychoPy\\Pics\\2a.png', 'AB': 'a'}
53.7595 	DATA 	Keypress: space
53.8054 	EXP 	hasPeriphery: autoDraw = False
53.8054 	EXP 	noPeriphery: autoDraw = False
53.8054 	EXP 	final: autoDraw = False
53.8054 	EXP 	blank_screen: autoDraw = False
53.8054 	EXP 	text: autoDraw = False
53.8054 	EXP 	hasPeriphery: size = array([1.77777778, 1.        ])
53.8054 	EXP 	hasPeriphery: image = 'C:\\Users\\hesselmann\\Desktop\\PsychoPyUniformityIllusion\\UniformityIllusionPsychoPy\\Pics\\2a.png'
53.8054 	EXP 	noPeriphery: size = array([1.77777778, 1.        ])
53.8054 	EXP 	noPeriphery: image = 'C:\\Users\\hesselmann\\Desktop\\PsychoPyUniformityIllusion\\UniformityIllusionPsychoPy\\Pics\\2start.png'
53.8054 	EXP 	final: size = array([1.77777778, 1.        ])
53.8054 	EXP 	final: image = 'C:\\Users\\hesselmann\\Desktop\\PsychoPyUniformityIllusion\\UniformityIllusionPsychoPy\\Pics\\2a.png'
53.8054 	EXP 	hasPeriphery: autoDraw = True
53.8054 	EXP 	hasPeriphery: texRes = 128.0
53.8054 	EXP 	noPeriphery: autoDraw = True
53.8054 	EXP 	noPeriphery: texRes = 128.0
53.8054 	EXP 	blank_screen: autoDraw = True
53.8054 	EXP 	text: autoDraw = True
53.9392 	EXP 	hasPeriphery: texRes = 128.0
53.9392 	EXP 	noPeriphery: texRes = 128.0
54.0563 	EXP 	hasPeriphery: texRes = 128.0
54.0563 	EXP 	noPeriphery: texRes = 128.0
54.0563 	EXP 	blank_screen: autoDraw = False
54.1729 	EXP 	hasPeriphery: texRes = 128.0
54.1729 	EXP 	noPeriphery: texRes = 128.0
54.3058 	EXP 	hasPeriphery: texRes = 128.0
54.3058 	EXP 	noPeriphery: texRes = 128.0
54.4217 	EXP 	hasPeriphery: texRes = 128.0
54.4217 	EXP 	noPeriphery: texRes = 128.0
54.5391 	EXP 	hasPeriphery: texRes = 128.0
54.5391 	EXP 	noPeriphery: texRes = 128.0
54.6557 	EXP 	hasPeriphery: texRes = 128.0
54.6557 	EXP 	noPeriphery: texRes = 128.0
54.7720 	EXP 	hasPeriphery: texRes = 128.0
54.7720 	EXP 	noPeriphery: texRes = 128.0
54.8898 	EXP 	hasPeriphery: texRes = 128.0
54.8898 	EXP 	noPeriphery: texRes = 128.0
55.0220 	EXP 	hasPeriphery: texRes = 128.0
55.0220 	EXP 	noPeriphery: texRes = 128.0
55.1389 	EXP 	hasPeriphery: texRes = 128.0
55.1389 	EXP 	noPeriphery: texRes = 128.0
55.2556 	EXP 	hasPeriphery: texRes = 128.0
55.2556 	EXP 	noPeriphery: texRes = 128.0
55.3722 	EXP 	hasPeriphery: texRes = 128.0
55.3722 	EXP 	noPeriphery: texRes = 128.0
55.4889 	EXP 	hasPeriphery: texRes = 128.0
55.4889 	EXP 	noPeriphery: texRes = 128.0
55.6052 	EXP 	hasPeriphery: texRes = 128.0
55.6052 	EXP 	noPeriphery: texRes = 128.0
55.7222 	EXP 	hasPeriphery: texRes = 128.0
55.7222 	EXP 	noPeriphery: texRes = 128.0
55.8392 	EXP 	hasPeriphery: texRes = 128.0
55.8392 	EXP 	noPeriphery: texRes = 128.0
55.9274 	DATA 	Keypress: escape
55.9563 	EXP 	hasPeriphery: texRes = 128.0
55.9563 	EXP 	noPeriphery: texRes = 128.0
56.0892 	EXP 	hasPeriphery: texRes = 128.0
56.0892 	EXP 	noPeriphery: texRes = 128.0
56.3006 	EXP 	window1: mouseVisible = True
