1.0023 	WARNING 	We strongly recommend you activate the PTB sound engine in PsychoPy prefs as the preferred audio engine. Its timing is vastly superior. Your prefs are currently set to use ['sounddevice', 'PTB', 'pyo', 'pygame'] (in that order).
6.1051 	EXP 	Created window1 = Window(allowGUI=False, allowStencil=False, autoLog=True, backendConf=UNKNOWN, bitsMode=UNKNOWN, blendMode='avg', bpc=(8, 8, 8), color=array([0, 0, 0]), colorSpace='rgb', depthBits=8, fullscr=<method-wrapper '__getattribute__' of attributeSetter object at 0x00000198FBD75F60>, gamma=None, gammaErrorPolicy='raise', lms=UNKNOWN, monitor=<psychopy.monitors.calibTools.Monitor object at 0x00000198FBC975F8>, multiSample=False, name='window1', numSamples=2, pos=[0.0, 0.0], screen=0, size=array([1920, 1080]), stencilBits=0, stereo=False, units='height', useFBO=True, useRetina=False, viewOri=0.0, viewPos=None, viewScale=None, waitBlanking=True, winType='pyglet')
6.1053 	EXP 	window1: mouseVisible = True
6.1053 	EXP 	window1: recordFrameIntervals = False
6.2708 	EXP 	window1: recordFrameIntervals = True
6.4541 	EXP 	window1: recordFrameIntervals = False
6.8337 	EXP 	Created WelcomeText = TextStim(__class__=<class 'psychopy.visual.text.TextStim'>, alignHoriz=method-wrapper(...), alignText='center', alignVert=method-wrapper(...), anchorHoriz='center', anchorVert='center', antialias=True, autoLog=True, bold=False, color=array([1, 1, 1]), colorSpace='rgb', contrast=1.0, depth=0.0, flipHoriz=False, flipVert=False, font='Open Sans', fontFiles=[], height=0.1, italic=False, languageStyle='LTR', name='WelcomeText', opacity=1, ori=0.0, pos=array([0., 0.]), rgb=UNKNOWN, text='Welcome to our Study!', units='height', win=Window(...), wrapWidth=1)
6.8516 	EXP 	Imported depression.xlsx as conditions, 2 conditions, 12 params
6.8530 	EXP 	Question text: Sadness
6.8841 	EXP 	window1: mouseVisible = True
6.9164 	EXP 	Question text: Pessimism
6.9277 	EXP 	window1: mouseVisible = True
6.9498 	EXP 	window1: mouseVisible = True
6.9540 	EXP 	Created unnamed Rect = Rect(__class__=<class 'psychopy.visual.rect.Rect'>, autoDraw=False, autoLog=True, closeShape=True, color=method-wrapper(...), colorSpace='rgb', contrast=None, depth=0, fillColor=array([0, 0, 0]), fillColorSpace='rgb', fillRGB=UNKNOWN, interpolate=True, lineColor=array([0, 0, 0]), lineColorSpace='rgb', lineRGB=UNKNOWN, lineWidth=1.5, name='unnamed Rect', opacity=0, ori=0.0, pos=array([0., 0.]), size=array([0., 0.]), units='height', vertices=ndarray(...), win=Window(...))
6.9616 	EXP 	Created DepressionQuestionnaire = <psychopy.visual.form.Form object at 0x00000198FE7D03C8>
6.9852 	EXP 	window1: mouseVisible = True
7.0334 	EXP 	Created instructionsText = TextStim(__class__=<class 'psychopy.visual.text.TextStim'>, alignHoriz=method-wrapper(...), alignText='center', alignVert=method-wrapper(...), anchorHoriz='center', anchorVert='center', antialias=True, autoLog=True, bold=False, color=array([1, 1, 1]), colorSpace='rgb', contrast=1.0, depth=0.0, flipHoriz=False, flipVert=False, font='Open Sans', fontFiles=[], height=0.04, italic=False, languageStyle='LTR', name='instructionsText', opacity=1, ori=0.0, pos=array([0., 0.]), rgb=UNKNOWN, text=str(...), units='height', win=Window(...), wrapWidth=1)
7.0375 	EXP 	Created hasPeriphery = ImageStim(__class__=<class 'psychopy.visual.image.ImageStim'>, autoLog=True, color=array([1, 1, 1]), colorSpace='rgb', contrast=1.0, depth=-1.0, flipHoriz=False, flipVert=False, image='sin', interpolate=True, mask=None, maskParams=None, name='hasPeriphery', opacity=1.0, ori=0.0, pos=array([0., 0.]), size=array([0.5, 0.5]), texRes=128.0, units='height', win=Window(...))
7.0402 	EXP 	Created noPeriphery = ImageStim(__class__=<class 'psychopy.visual.image.ImageStim'>, autoLog=True, color=array([1, 1, 1]), colorSpace='rgb', contrast=1.0, depth=-3.0, flipHoriz=False, flipVert=False, image='sin', interpolate=True, mask=None, maskParams=None, name='noPeriphery', opacity=1.0, ori=0.0, pos=array([0., 0.]), size=array([0.5, 0.5]), texRes=128.0, units='height', win=Window(...))
7.0424 	EXP 	Created final = ImageStim(__class__=<class 'psychopy.visual.image.ImageStim'>, autoLog=True, color=array([1, 1, 1]), colorSpace='rgb', contrast=1.0, depth=-4.0, flipHoriz=False, flipVert=False, image='sin', interpolate=True, mask=None, maskParams=None, name='final', opacity=1.0, ori=0.0, pos=array([0., 0.]), size=array([0.5, 0.5]), texRes=128.0, units='height', win=Window(...))
7.0434 	EXP 	Created blank_screen = Rect(__class__=<class 'psychopy.visual.rect.Rect'>, autoDraw=False, autoLog=True, closeShape=True, color=method-wrapper(...), colorSpace='rgb', contrast=None, depth=-5.0, fillColor=array([1, 1, 1]), fillColorSpace='rgb', fillRGB=UNKNOWN, interpolate=True, lineColor=array([1, 1, 1]), lineColorSpace='rgb', lineRGB=UNKNOWN, lineWidth=1.0, name='blank_screen', opacity=1.0, ori=0.0, pos=array([0., 0.]), size=array([2., 2.]), units='height', vertices=ndarray(...), win=Window(...))
7.0494 	EXP 	Created text = TextStim(__class__=<class 'psychopy.visual.text.TextStim'>, alignHoriz=method-wrapper(...), alignText='center', alignVert=method-wrapper(...), anchorHoriz='center', anchorVert='center', antialias=True, autoLog=True, bold=False, color=array([ 1, -1, -1]), colorSpace='rgb', contrast=1.0, depth=-6.0, flipHoriz=False, flipVert=False, font='Open Sans', fontFiles=[], height=0.1, italic=False, languageStyle='LTR', name='text', opacity=1, ori=0.0, pos=array([0., 0.]), rgb=UNKNOWN, text='+', units='height', win=Window(...), wrapWidth=1)
7.0601 	EXP 	Created WelcomeText = TextStim(__class__=<class 'psychopy.visual.text.TextStim'>, alignHoriz=method-wrapper(...), alignText='center', alignVert=method-wrapper(...), anchorHoriz='center', anchorVert='center', antialias=True, autoLog=True, bold=False, color=array([1, 1, 1]), colorSpace='rgb', contrast=1.0, depth=0.0, flipHoriz=False, flipVert=False, font='Open Sans', fontFiles=[], height=0.1, italic=False, languageStyle='LTR', name='WelcomeText', opacity=1, ori=0.0, pos=array([0., 0.]), rgb=UNKNOWN, text='Welcome to our Study!', units='height', win=Window(...), wrapWidth=1)
7.0627 	EXP 	Created hasPeriphery_2 = ImageStim(__class__=<class 'psychopy.visual.image.ImageStim'>, autoLog=True, color=array([1, 1, 1]), colorSpace='rgb', contrast=1.0, depth=-1.0, flipHoriz=False, flipVert=False, image='sin', interpolate=True, mask=None, maskParams=None, name='hasPeriphery_2', opacity=1.0, ori=0.0, pos=array([0., 0.]), size=array([0.5, 0.5]), texRes=128.0, units='height', win=Window(...))
7.0650 	EXP 	Created noPeriphery_2 = ImageStim(__class__=<class 'psychopy.visual.image.ImageStim'>, autoLog=True, color=array([1, 1, 1]), colorSpace='rgb', contrast=1.0, depth=-3.0, flipHoriz=False, flipVert=False, image='sin', interpolate=True, mask=None, maskParams=None, name='noPeriphery_2', opacity=1.0, ori=0.0, pos=array([0., 0.]), size=array([0.5, 0.5]), texRes=128.0, units='height', win=Window(...))
7.0668 	EXP 	Created text_2 = TextStim(__class__=<class 'psychopy.visual.text.TextStim'>, alignHoriz=method-wrapper(...), alignText='center', alignVert=method-wrapper(...), anchorHoriz='center', anchorVert='center', antialias=True, autoLog=True, bold=False, color=array([ 1, -1, -1]), colorSpace='rgb', contrast=1.0, depth=-4.0, flipHoriz=False, flipVert=False, font='Open Sans', fontFiles=[], height=0.1, italic=False, languageStyle='LTR', name='text_2', opacity=1, ori=0.0, pos=array([0., 0.]), rgb=UNKNOWN, text='+', units='height', win=Window(...), wrapWidth=1)
7.1211 	EXP 	unnamed Form: autoLog = True
7.1211 	EXP 	DepressionQuestionnaire: name = 'DepressionQuestionnaire'
7.1211 	EXP 	DepressionQuestionnaire: size = (3.5, 1)
7.1211 	EXP 	DepressionQuestionnaire: size = array([3.5, 1. ])
7.1211 	EXP 	DepressionQuestionnaire: units = 'height'
7.1211 	EXP 	DepressionQuestionnaire: depth = 0
7.1211 	EXP 	WelcomeText: autoDraw = True
9.1206 	EXP 	WelcomeText: autoDraw = False
9.1206 	EXP 	DepressionQuestionnaire: autoDraw = True
9.8875 	DATA 	Mouse: Left button down, pos=(776,35)
9.9207 	EXP 	DepressionQuestionnaire: autoDraw = False
9.9207 	EXP 	instructionsText: autoDraw = True
9.9584 	DATA 	Mouse:  Left button up, pos=(776,35)
10.4340 	EXP 	Imported picPaths.xlsx as conditions, 6 conditions, 4 params
10.4343 	EXP 	Created sequence: sequential, trialTypes=6, nReps=1, seed=None
10.4345 	EXP 	New trial (rep=0, index=0): {'startImage': 'C:\\Users\\hesselmann\\Desktop\\PsychoPyUniformityIllusion\\UniformityIllusionPsychoPy\\Pics\\1start.png', 'midImage': 'C:\\Users\\hesselmann\\Desktop\\PsychoPyUniformityIllusion\\UniformityIllusionPsychoPy\\Pics\\1a.png', 'endImage': 'C:\\Users\\hesselmann\\Desktop\\PsychoPyUniformityIllusion\\UniformityIllusionPsychoPy\\Pics\\1a.png', 'AB': 'a'}
10.6565 	DATA 	Keypress: space
10.7207 	EXP 	instructionsText: autoDraw = False
10.7207 	EXP 	hasPeriphery: size = array([1.77777778, 1.        ])
10.7207 	EXP 	hasPeriphery: image = 'C:\\Users\\hesselmann\\Desktop\\PsychoPyUniformityIllusion\\UniformityIllusionPsychoPy\\Pics\\1a.png'
10.7207 	EXP 	noPeriphery: size = array([1.77777778, 1.        ])
10.7207 	EXP 	noPeriphery: image = 'C:\\Users\\hesselmann\\Desktop\\PsychoPyUniformityIllusion\\UniformityIllusionPsychoPy\\Pics\\1start.png'
10.7207 	EXP 	final: size = array([1.77777778, 1.        ])
10.7207 	EXP 	final: image = 'C:\\Users\\hesselmann\\Desktop\\PsychoPyUniformityIllusion\\UniformityIllusionPsychoPy\\Pics\\1a.png'
10.7207 	EXP 	hasPeriphery: autoDraw = True
10.7207 	EXP 	hasPeriphery: texRes = 128.0
10.7207 	EXP 	noPeriphery: autoDraw = True
10.7207 	EXP 	noPeriphery: texRes = 128.0
10.7207 	EXP 	blank_screen: autoDraw = True
10.7207 	EXP 	text: autoDraw = True
10.8705 	EXP 	hasPeriphery: texRes = 128.0
10.8705 	EXP 	noPeriphery: texRes = 128.0
11.0031 	EXP 	hasPeriphery: texRes = 128.0
11.0031 	EXP 	noPeriphery: texRes = 128.0
11.0031 	EXP 	blank_screen: autoDraw = False
11.1369 	EXP 	hasPeriphery: texRes = 128.0
11.1369 	EXP 	noPeriphery: texRes = 128.0
11.2697 	EXP 	hasPeriphery: texRes = 128.0
11.2697 	EXP 	noPeriphery: texRes = 128.0
11.4040 	EXP 	hasPeriphery: texRes = 128.0
11.4040 	EXP 	noPeriphery: texRes = 128.0
11.5366 	EXP 	hasPeriphery: texRes = 128.0
11.5366 	EXP 	noPeriphery: texRes = 128.0
11.6699 	EXP 	hasPeriphery: texRes = 128.0
11.6699 	EXP 	noPeriphery: texRes = 128.0
11.8029 	EXP 	hasPeriphery: texRes = 128.0
11.8029 	EXP 	noPeriphery: texRes = 128.0
11.9365 	EXP 	hasPeriphery: texRes = 128.0
11.9365 	EXP 	noPeriphery: texRes = 128.0
12.0702 	EXP 	hasPeriphery: texRes = 128.0
12.0702 	EXP 	noPeriphery: texRes = 128.0
12.2196 	EXP 	hasPeriphery: texRes = 128.0
12.2196 	EXP 	noPeriphery: texRes = 128.0
12.3532 	EXP 	hasPeriphery: texRes = 128.0
12.3532 	EXP 	noPeriphery: texRes = 128.0
12.5031 	EXP 	hasPeriphery: texRes = 128.0
12.5031 	EXP 	noPeriphery: texRes = 128.0
12.6364 	EXP 	hasPeriphery: texRes = 128.0
12.6364 	EXP 	noPeriphery: texRes = 128.0
12.7694 	EXP 	hasPeriphery: texRes = 128.0
12.7694 	EXP 	noPeriphery: texRes = 128.0
12.9031 	EXP 	hasPeriphery: texRes = 128.0
12.9031 	EXP 	noPeriphery: texRes = 128.0
13.0368 	EXP 	hasPeriphery: texRes = 128.0
13.0368 	EXP 	noPeriphery: texRes = 128.0
13.1860 	EXP 	hasPeriphery: texRes = 128.0
13.1860 	EXP 	noPeriphery: texRes = 128.0
13.3201 	EXP 	hasPeriphery: texRes = 128.0
13.3201 	EXP 	noPeriphery: texRes = 128.0
13.4693 	EXP 	hasPeriphery: texRes = 128.0
13.4693 	EXP 	noPeriphery: texRes = 128.0
13.6038 	EXP 	hasPeriphery: texRes = 128.0
13.6038 	EXP 	noPeriphery: texRes = 128.0
13.7530 	EXP 	hasPeriphery: texRes = 128.0
13.7530 	EXP 	noPeriphery: texRes = 128.0
13.8863 	EXP 	hasPeriphery: texRes = 128.0
13.8863 	EXP 	noPeriphery: texRes = 128.0
14.0196 	EXP 	hasPeriphery: texRes = 128.0
14.0196 	EXP 	noPeriphery: texRes = 128.0
14.1695 	EXP 	hasPeriphery: texRes = 128.0
14.1695 	EXP 	noPeriphery: texRes = 128.0
14.3034 	EXP 	hasPeriphery: texRes = 128.0
14.3034 	EXP 	noPeriphery: texRes = 128.0
14.4526 	EXP 	hasPeriphery: texRes = 128.0
14.4526 	EXP 	noPeriphery: texRes = 128.0
14.5870 	EXP 	hasPeriphery: texRes = 128.0
14.5870 	EXP 	noPeriphery: texRes = 128.0
14.7367 	EXP 	hasPeriphery: texRes = 128.0
14.7367 	EXP 	noPeriphery: texRes = 128.0
14.9364 	EXP 	hasPeriphery: texRes = 128.0
14.9364 	EXP 	noPeriphery: texRes = 128.0
14.9364 	EXP 	final: autoDraw = True
14.9364 	EXP 	final: texRes = 128.0
15.1363 	EXP 	hasPeriphery: texRes = 128.0
15.1363 	EXP 	noPeriphery: texRes = 128.0
15.1363 	EXP 	final: texRes = 128.0
15.3364 	EXP 	hasPeriphery: texRes = 128.0
15.3364 	EXP 	noPeriphery: texRes = 128.0
15.3364 	EXP 	final: texRes = 128.0
15.5196 	EXP 	hasPeriphery: texRes = 128.0
15.5196 	EXP 	noPeriphery: texRes = 128.0
15.5196 	EXP 	final: texRes = 128.0
15.7195 	EXP 	hasPeriphery: texRes = 128.0
15.7195 	EXP 	noPeriphery: texRes = 128.0
15.7195 	EXP 	final: texRes = 128.0
15.8692 	DATA 	Keypress: space
15.9204 	EXP 	hasPeriphery: texRes = 128.0
15.9204 	EXP 	noPeriphery: texRes = 128.0
15.9204 	EXP 	final: texRes = 128.0
16.0688 	EXP 	New trial (rep=0, index=1): {'startImage': 'C:\\Users\\hesselmann\\Desktop\\PsychoPyUniformityIllusion\\UniformityIllusionPsychoPy\\Pics\\1start.png', 'midImage': 'C:\\Users\\hesselmann\\Desktop\\PsychoPyUniformityIllusion\\UniformityIllusionPsychoPy\\Pics\\1a.png', 'endImage': 'C:\\Users\\hesselmann\\Desktop\\PsychoPyUniformityIllusion\\UniformityIllusionPsychoPy\\Pics\\1b.png', 'AB': 'b'}
16.3526 	EXP 	hasPeriphery: texRes = 128.0
16.3526 	EXP 	noPeriphery: texRes = 128.0
16.3526 	EXP 	final: texRes = 128.0
16.3526 	EXP 	hasPeriphery: autoDraw = False
16.3526 	EXP 	noPeriphery: autoDraw = False
16.3526 	EXP 	final: autoDraw = False
16.3526 	EXP 	blank_screen: autoDraw = False
16.3526 	EXP 	text: autoDraw = False
16.3526 	EXP 	hasPeriphery: size = array([1.77777778, 1.        ])
16.3526 	EXP 	hasPeriphery: image = 'C:\\Users\\hesselmann\\Desktop\\PsychoPyUniformityIllusion\\UniformityIllusionPsychoPy\\Pics\\1a.png'
16.3526 	EXP 	noPeriphery: size = array([1.77777778, 1.        ])
16.3526 	EXP 	noPeriphery: image = 'C:\\Users\\hesselmann\\Desktop\\PsychoPyUniformityIllusion\\UniformityIllusionPsychoPy\\Pics\\1start.png'
16.3526 	EXP 	final: size = array([1.77777778, 1.        ])
16.3526 	EXP 	final: image = 'C:\\Users\\hesselmann\\Desktop\\PsychoPyUniformityIllusion\\UniformityIllusionPsychoPy\\Pics\\1b.png'
16.3526 	EXP 	hasPeriphery: autoDraw = True
16.3526 	EXP 	hasPeriphery: texRes = 128.0
16.3526 	EXP 	noPeriphery: autoDraw = True
16.3526 	EXP 	noPeriphery: texRes = 128.0
16.3526 	EXP 	blank_screen: autoDraw = True
16.3526 	EXP 	text: autoDraw = True
16.5028 	EXP 	hasPeriphery: texRes = 128.0
16.5028 	EXP 	noPeriphery: texRes = 128.0
16.6361 	EXP 	hasPeriphery: texRes = 128.0
16.6361 	EXP 	noPeriphery: texRes = 128.0
16.6361 	EXP 	blank_screen: autoDraw = False
16.7691 	EXP 	hasPeriphery: texRes = 128.0
16.7691 	EXP 	noPeriphery: texRes = 128.0
16.9198 	EXP 	hasPeriphery: texRes = 128.0
16.9198 	EXP 	noPeriphery: texRes = 128.0
17.0531 	EXP 	hasPeriphery: texRes = 128.0
17.0531 	EXP 	noPeriphery: texRes = 128.0
17.2027 	EXP 	hasPeriphery: texRes = 128.0
17.2027 	EXP 	noPeriphery: texRes = 128.0
17.3358 	EXP 	hasPeriphery: texRes = 128.0
17.3358 	EXP 	noPeriphery: texRes = 128.0
17.4699 	EXP 	hasPeriphery: texRes = 128.0
17.4699 	EXP 	noPeriphery: texRes = 128.0
17.6029 	EXP 	hasPeriphery: texRes = 128.0
17.6029 	EXP 	noPeriphery: texRes = 128.0
17.7362 	EXP 	hasPeriphery: texRes = 128.0
17.7362 	EXP 	noPeriphery: texRes = 128.0
17.8856 	EXP 	hasPeriphery: texRes = 128.0
17.8856 	EXP 	noPeriphery: texRes = 128.0
18.0198 	EXP 	hasPeriphery: texRes = 128.0
18.0198 	EXP 	noPeriphery: texRes = 128.0
18.1525 	EXP 	hasPeriphery: texRes = 128.0
18.1525 	EXP 	noPeriphery: texRes = 128.0
18.2857 	EXP 	hasPeriphery: texRes = 128.0
18.2857 	EXP 	noPeriphery: texRes = 128.0
18.4189 	EXP 	hasPeriphery: texRes = 128.0
18.4189 	EXP 	noPeriphery: texRes = 128.0
18.5527 	EXP 	hasPeriphery: texRes = 128.0
18.5527 	EXP 	noPeriphery: texRes = 128.0
18.6863 	EXP 	hasPeriphery: texRes = 128.0
18.6863 	EXP 	noPeriphery: texRes = 128.0
18.8356 	EXP 	hasPeriphery: texRes = 128.0
18.8356 	EXP 	noPeriphery: texRes = 128.0
18.9859 	EXP 	hasPeriphery: texRes = 128.0
18.9859 	EXP 	noPeriphery: texRes = 128.0
19.1855 	EXP 	hasPeriphery: texRes = 128.0
19.1855 	EXP 	noPeriphery: texRes = 128.0
19.1855 	EXP 	final: autoDraw = True
19.1855 	EXP 	final: texRes = 128.0
19.3696 	EXP 	hasPeriphery: texRes = 128.0
19.3696 	EXP 	noPeriphery: texRes = 128.0
19.3696 	EXP 	final: texRes = 128.0
19.5522 	EXP 	hasPeriphery: texRes = 128.0
19.5522 	EXP 	noPeriphery: texRes = 128.0
19.5522 	EXP 	final: texRes = 128.0
19.7521 	EXP 	hasPeriphery: texRes = 128.0
19.7521 	EXP 	noPeriphery: texRes = 128.0
19.7521 	EXP 	final: texRes = 128.0
19.9358 	EXP 	hasPeriphery: texRes = 128.0
19.9358 	EXP 	noPeriphery: texRes = 128.0
19.9358 	EXP 	final: texRes = 128.0
20.1367 	EXP 	hasPeriphery: texRes = 128.0
20.1367 	EXP 	noPeriphery: texRes = 128.0
20.1367 	EXP 	final: texRes = 128.0
20.3521 	EXP 	hasPeriphery: texRes = 128.0
20.3521 	EXP 	noPeriphery: texRes = 128.0
20.3521 	EXP 	final: texRes = 128.0
20.5525 	EXP 	hasPeriphery: texRes = 128.0
20.5525 	EXP 	noPeriphery: texRes = 128.0
20.5525 	EXP 	final: texRes = 128.0
20.7536 	EXP 	hasPeriphery: texRes = 128.0
20.7536 	EXP 	noPeriphery: texRes = 128.0
20.7536 	EXP 	final: texRes = 128.0
20.9359 	EXP 	hasPeriphery: texRes = 128.0
20.9359 	EXP 	noPeriphery: texRes = 128.0
20.9359 	EXP 	final: texRes = 128.0
21.1357 	EXP 	hasPeriphery: texRes = 128.0
21.1357 	EXP 	noPeriphery: texRes = 128.0
21.1357 	EXP 	final: texRes = 128.0
21.3367 	EXP 	hasPeriphery: texRes = 128.0
21.3367 	EXP 	noPeriphery: texRes = 128.0
21.3367 	EXP 	final: texRes = 128.0
21.5353 	EXP 	hasPeriphery: texRes = 128.0
21.5353 	EXP 	noPeriphery: texRes = 128.0
21.5353 	EXP 	final: texRes = 128.0
21.7369 	EXP 	hasPeriphery: texRes = 128.0
21.7369 	EXP 	noPeriphery: texRes = 128.0
21.7369 	EXP 	final: texRes = 128.0
21.9353 	EXP 	hasPeriphery: texRes = 128.0
21.9353 	EXP 	noPeriphery: texRes = 128.0
21.9353 	EXP 	final: texRes = 128.0
22.1353 	EXP 	hasPeriphery: texRes = 128.0
22.1353 	EXP 	noPeriphery: texRes = 128.0
22.1353 	EXP 	final: texRes = 128.0
22.3354 	EXP 	hasPeriphery: texRes = 128.0
22.3354 	EXP 	noPeriphery: texRes = 128.0
22.3354 	EXP 	final: texRes = 128.0
22.5358 	EXP 	hasPeriphery: texRes = 128.0
22.5358 	EXP 	noPeriphery: texRes = 128.0
22.5358 	EXP 	final: texRes = 128.0
22.7357 	EXP 	hasPeriphery: texRes = 128.0
22.7357 	EXP 	noPeriphery: texRes = 128.0
22.7357 	EXP 	final: texRes = 128.0
22.9870 	EXP 	window1: mouseVisible = True
