1.0469 	WARNING 	We strongly recommend you activate the PTB sound engine in PsychoPy prefs as the preferred audio engine. Its timing is vastly superior. Your prefs are currently set to use ['sounddevice', 'PTB', 'pyo', 'pygame'] (in that order).
6.4978 	EXP 	Created window1 = Window(allowGUI=False, allowStencil=False, autoLog=True, backendConf=UNKNOWN, bitsMode=UNKNOWN, blendMode='avg', bpc=(8, 8, 8), color=array([0, 0, 0]), colorSpace='rgb', depthBits=8, fullscr=<method-wrapper '__getattribute__' of attributeSetter object at 0x000002AC012A4E10>, gamma=None, gammaErrorPolicy='raise', lms=UNKNOWN, monitor=<psychopy.monitors.calibTools.Monitor object at 0x000002AC011FE4A8>, multiSample=False, name='window1', numSamples=2, pos=[0.0, 0.0], screen=0, size=array([1920, 1080]), stencilBits=0, stereo=False, units='height', useFBO=True, useRetina=False, viewOri=0.0, viewPos=None, viewScale=None, waitBlanking=True, winType='pyglet')
6.4980 	EXP 	window1: mouseVisible = True
6.4981 	EXP 	window1: recordFrameIntervals = False
6.6642 	EXP 	window1: recordFrameIntervals = True
6.8469 	EXP 	window1: recordFrameIntervals = False
7.3493 	EXP 	Created WelcomeText = TextStim(__class__=<class 'psychopy.visual.text.TextStim'>, alignHoriz=method-wrapper(...), alignText='center', alignVert=method-wrapper(...), anchorHoriz='center', anchorVert='center', antialias=True, autoLog=True, bold=False, color=array([1, 1, 1]), colorSpace='rgb', contrast=1.0, depth=0.0, flipHoriz=False, flipVert=False, font='Open Sans', fontFiles=[], height=0.1, italic=False, languageStyle='LTR', name='WelcomeText', opacity=1, ori=0.0, pos=array([0., 0.]), rgb=UNKNOWN, text='Welcome to our Study!', units='height', win=Window(...), wrapWidth=1)
7.3637 	EXP 	Imported test.xlsx as conditions, 1 conditions, 11 params
7.3647 	EXP 	Question text: test
7.3871 	EXP 	window1: mouseVisible = True
7.4192 	EXP 	window1: mouseVisible = True
7.4245 	EXP 	Created unnamed Rect = Rect(__class__=<class 'psychopy.visual.rect.Rect'>, autoDraw=False, autoLog=True, closeShape=True, color=method-wrapper(...), colorSpace='rgb', contrast=None, depth=0, fillColor=array([0, 0, 0]), fillColorSpace='rgb', fillRGB=UNKNOWN, interpolate=True, lineColor=array([0, 0, 0]), lineColorSpace='rgb', lineRGB=UNKNOWN, lineWidth=1.5, name='unnamed Rect', opacity=0, ori=0.0, pos=array([0., 0.]), size=array([0., 0.]), units='height', vertices=ndarray(...), win=Window(...))
7.4304 	EXP 	Created DepressionQuestionnaire = <psychopy.visual.form.Form object at 0x000002AC03D3A710>
7.4608 	EXP 	window1: mouseVisible = True
7.4767 	EXP 	Created instructionsText = TextStim(__class__=<class 'psychopy.visual.text.TextStim'>, alignHoriz=method-wrapper(...), alignText='center', alignVert=method-wrapper(...), anchorHoriz='center', anchorVert='center', antialias=True, autoLog=True, bold=False, color=array([1, 1, 1]), colorSpace='rgb', contrast=1.0, depth=0.0, flipHoriz=False, flipVert=False, font='Open Sans', fontFiles=[], height=0.1, italic=False, languageStyle='LTR', name='instructionsText', opacity=1, ori=0.0, pos=array([0., 0.]), rgb=UNKNOWN, text='Any text\n\nincluding line breaks', units='height', win=Window(...), wrapWidth=1)
7.4812 	EXP 	Created hasPeriphery = ImageStim(__class__=<class 'psychopy.visual.image.ImageStim'>, autoLog=True, color=array([1, 1, 1]), colorSpace='rgb', contrast=1.0, depth=0.0, flipHoriz=False, flipVert=False, image='sin', interpolate=True, mask=None, maskParams=None, name='hasPeriphery', opacity=1.0, ori=0.0, pos=array([0., 0.]), size=array([0.5, 0.5]), texRes=128.0, units='height', win=Window(...))
7.4841 	EXP 	Created noPeriphery = ImageStim(__class__=<class 'psychopy.visual.image.ImageStim'>, autoLog=True, color=array([1, 1, 1]), colorSpace='rgb', contrast=1.0, depth=-2.0, flipHoriz=False, flipVert=False, image='sin', interpolate=True, mask=None, maskParams=None, name='noPeriphery', opacity=1.0, ori=0.0, pos=array([0., 0.]), size=array([0.5, 0.5]), texRes=128.0, units='height', win=Window(...))
7.4895 	EXP 	Created text = TextStim(__class__=<class 'psychopy.visual.text.TextStim'>, alignHoriz=method-wrapper(...), alignText='center', alignVert=method-wrapper(...), anchorHoriz='center', anchorVert='center', antialias=True, autoLog=True, bold=False, color=array([ 1, -1, -1]), colorSpace='rgb', contrast=1.0, depth=-3.0, flipHoriz=False, flipVert=False, font='Open Sans', fontFiles=[], height=0.1, italic=False, languageStyle='LTR', name='text', opacity=1, ori=0.0, pos=array([0., 0.]), rgb=UNKNOWN, text='+', units='height', win=Window(...), wrapWidth=1)
7.4936 	EXP 	Created WelcomeText = TextStim(__class__=<class 'psychopy.visual.text.TextStim'>, alignHoriz=method-wrapper(...), alignText='center', alignVert=method-wrapper(...), anchorHoriz='center', anchorVert='center', antialias=True, autoLog=True, bold=False, color=array([1, 1, 1]), colorSpace='rgb', contrast=1.0, depth=0.0, flipHoriz=False, flipVert=False, font='Open Sans', fontFiles=[], height=0.1, italic=False, languageStyle='LTR', name='WelcomeText', opacity=1, ori=0.0, pos=array([0., 0.]), rgb=UNKNOWN, text='Welcome to our Study!', units='height', win=Window(...), wrapWidth=1)
7.4962 	EXP 	Created hasPeriphery_2 = ImageStim(__class__=<class 'psychopy.visual.image.ImageStim'>, autoLog=True, color=array([1, 1, 1]), colorSpace='rgb', contrast=1.0, depth=0.0, flipHoriz=False, flipVert=False, image='sin', interpolate=True, mask=None, maskParams=None, name='hasPeriphery_2', opacity=1.0, ori=0.0, pos=array([0., 0.]), size=array([0.5, 0.5]), texRes=128.0, units='height', win=Window(...))
7.4991 	EXP 	Created noPeriphery_2 = ImageStim(__class__=<class 'psychopy.visual.image.ImageStim'>, autoLog=True, color=array([1, 1, 1]), colorSpace='rgb', contrast=1.0, depth=-2.0, flipHoriz=False, flipVert=False, image='sin', interpolate=True, mask=None, maskParams=None, name='noPeriphery_2', opacity=1.0, ori=0.0, pos=array([0., 0.]), size=array([0.5, 0.5]), texRes=128.0, units='height', win=Window(...))
7.5025 	EXP 	Created text_2 = TextStim(__class__=<class 'psychopy.visual.text.TextStim'>, alignHoriz=method-wrapper(...), alignText='center', alignVert=method-wrapper(...), anchorHoriz='center', anchorVert='center', antialias=True, autoLog=True, bold=False, color=array([ 1, -1, -1]), colorSpace='rgb', contrast=1.0, depth=-3.0, flipHoriz=False, flipVert=False, font='Open Sans', fontFiles=[], height=0.1, italic=False, languageStyle='LTR', name='text_2', opacity=1, ori=0.0, pos=array([0., 0.]), rgb=UNKNOWN, text='+', units='height', win=Window(...), wrapWidth=1)
7.5474 	EXP 	unnamed Form: autoLog = True
7.5474 	EXP 	DepressionQuestionnaire: name = 'DepressionQuestionnaire'
7.5474 	EXP 	DepressionQuestionnaire: size = (1, 1)
7.5474 	EXP 	DepressionQuestionnaire: size = array([1., 1.])
7.5474 	EXP 	DepressionQuestionnaire: units = 'height'
7.5474 	EXP 	DepressionQuestionnaire: depth = 0
7.5474 	EXP 	WelcomeText: autoDraw = True
9.5468 	EXP 	WelcomeText: autoDraw = False
9.5468 	EXP 	DepressionQuestionnaire: autoDraw = True
10.5803 	DATA 	Mouse: wheel shift=(0,-1), pos=(978,520)
10.5846 	DATA 	Mouse: wheel shift=(0,-1), pos=(977,520)
10.6131 	DATA 	Mouse: wheel shift=(0,-3), pos=(977,520)
10.6172 	DATA 	Mouse: wheel shift=(0,-1), pos=(977,520)
10.6230 	DATA 	Mouse: wheel shift=(0,-1), pos=(977,520)
10.6467 	DATA 	Mouse: wheel shift=(0,-1), pos=(975,522)
10.9801 	DATA 	Mouse: wheel shift=(0,-2), pos=(973,523)
10.9841 	DATA 	Mouse: wheel shift=(0,-1), pos=(973,523)
11.0138 	DATA 	Mouse: wheel shift=(0,-2), pos=(973,523)
11.2468 	DATA 	Mouse: wheel shift=(0,-2), pos=(991,517)
11.2796 	DATA 	Mouse: wheel shift=(0,-4), pos=(992,513)
11.2897 	DATA 	Mouse: wheel shift=(0,-1), pos=(992,512)
11.3134 	DATA 	Mouse: wheel shift=(0,-1), pos=(993,511)
11.4463 	DATA 	Mouse: wheel shift=(0,2), pos=(993,511)
11.4501 	DATA 	Mouse: wheel shift=(0,1), pos=(993,511)
11.4800 	DATA 	Mouse: wheel shift=(0,2), pos=(993,511)
11.4898 	DATA 	Mouse: wheel shift=(0,1), pos=(993,511)
11.5135 	DATA 	Mouse: wheel shift=(0,1), pos=(993,511)
11.5463 	DATA 	Mouse: wheel shift=(0,1), pos=(994,511)
12.0172 	DATA 	Keypress: escape
12.3074 	EXP 	window1: mouseVisible = True
