1.0357 	WARNING 	We strongly recommend you activate the PTB sound engine in PsychoPy prefs as the preferred audio engine. Its timing is vastly superior. Your prefs are currently set to use ['sounddevice', 'PTB', 'pyo', 'pygame'] (in that order).
5.9507 	EXP 	Created window1 = Window(allowGUI=False, allowStencil=False, autoLog=True, backendConf=UNKNOWN, bitsMode=UNKNOWN, blendMode='avg', bpc=(8, 8, 8), color=array([0, 0, 0]), colorSpace='rgb', depthBits=8, fullscr=<method-wrapper '__getattribute__' of attributeSetter object at 0x000001856D016F60>, gamma=None, gammaErrorPolicy='raise', lms=UNKNOWN, monitor=<psychopy.monitors.calibTools.Monitor object at 0x000001856CF3F5F8>, multiSample=False, name='window1', numSamples=2, pos=[0.0, 0.0], screen=0, size=array([1920, 1080]), stencilBits=0, stereo=False, units='height', useFBO=True, useRetina=False, viewOri=0.0, viewPos=None, viewScale=None, waitBlanking=True, winType='pyglet')
5.9510 	EXP 	window1: mouseVisible = True
5.9510 	EXP 	window1: recordFrameIntervals = False
6.0835 	EXP 	window1: recordFrameIntervals = True
6.2303 	EXP 	window1: recordFrameIntervals = False
6.7461 	EXP 	Created WelcomeText = TextStim(__class__=<class 'psychopy.visual.text.TextStim'>, alignHoriz=method-wrapper(...), alignText='center', alignVert=method-wrapper(...), anchorHoriz='center', anchorVert='center', antialias=True, autoLog=True, bold=False, color=array([1, 1, 1]), colorSpace='rgb', contrast=1.0, depth=0.0, flipHoriz=False, flipVert=False, font='Open Sans', fontFiles=[], height=0.1, italic=False, languageStyle='LTR', name='WelcomeText', opacity=1, ori=0.0, pos=array([0., 0.]), rgb=UNKNOWN, text='Welcome to our Study!', units='height', win=Window(...), wrapWidth=1)
6.7641 	EXP 	Imported depression.xlsx as conditions, 2 conditions, 12 params
6.7655 	EXP 	Question text: Sadness
6.7890 	EXP 	window1: mouseVisible = True
6.8226 	EXP 	Question text: Pessimism
6.8303 	EXP 	window1: mouseVisible = True
6.8530 	EXP 	window1: mouseVisible = True
6.8572 	EXP 	Created unnamed Rect = Rect(__class__=<class 'psychopy.visual.rect.Rect'>, autoDraw=False, autoLog=True, closeShape=True, color=method-wrapper(...), colorSpace='rgb', contrast=None, depth=0, fillColor=array([0, 0, 0]), fillColorSpace='rgb', fillRGB=UNKNOWN, interpolate=True, lineColor=array([0, 0, 0]), lineColorSpace='rgb', lineRGB=UNKNOWN, lineWidth=1.5, name='unnamed Rect', opacity=0, ori=0.0, pos=array([0., 0.]), size=array([0., 0.]), units='height', vertices=ndarray(...), win=Window(...))
6.8645 	EXP 	Created DepressionQuestionnaire = <psychopy.visual.form.Form object at 0x000001856FD3B3C8>
6.8880 	EXP 	window1: mouseVisible = True
6.9360 	EXP 	Created instructionsText = TextStim(__class__=<class 'psychopy.visual.text.TextStim'>, alignHoriz=method-wrapper(...), alignText='center', alignVert=method-wrapper(...), anchorHoriz='center', anchorVert='center', antialias=True, autoLog=True, bold=False, color=array([1, 1, 1]), colorSpace='rgb', contrast=1.0, depth=0.0, flipHoriz=False, flipVert=False, font='Open Sans', fontFiles=[], height=0.04, italic=False, languageStyle='LTR', name='instructionsText', opacity=1, ori=0.0, pos=array([0., 0.]), rgb=UNKNOWN, text=str(...), units='height', win=Window(...), wrapWidth=1)
6.9395 	EXP 	Created hasPeriphery = ImageStim(__class__=<class 'psychopy.visual.image.ImageStim'>, autoLog=True, color=array([1, 1, 1]), colorSpace='rgb', contrast=1.0, depth=-1.0, flipHoriz=False, flipVert=False, image='sin', interpolate=True, mask=None, maskParams=None, name='hasPeriphery', opacity=1.0, ori=0.0, pos=array([0., 0.]), size=array([0.5, 0.5]), texRes=128.0, units='height', win=Window(...))
6.9419 	EXP 	Created noPeriphery = ImageStim(__class__=<class 'psychopy.visual.image.ImageStim'>, autoLog=True, color=array([1, 1, 1]), colorSpace='rgb', contrast=1.0, depth=-3.0, flipHoriz=False, flipVert=False, image='sin', interpolate=True, mask=None, maskParams=None, name='noPeriphery', opacity=1.0, ori=0.0, pos=array([0., 0.]), size=array([0.5, 0.5]), texRes=128.0, units='height', win=Window(...))
6.9441 	EXP 	Created final = ImageStim(__class__=<class 'psychopy.visual.image.ImageStim'>, autoLog=True, color=array([1, 1, 1]), colorSpace='rgb', contrast=1.0, depth=-4.0, flipHoriz=False, flipVert=False, image='sin', interpolate=True, mask=None, maskParams=None, name='final', opacity=1.0, ori=0.0, pos=array([0., 0.]), size=array([0.5, 0.5]), texRes=128.0, units='height', win=Window(...))
6.9452 	EXP 	Created blank_screen = Rect(__class__=<class 'psychopy.visual.rect.Rect'>, autoDraw=False, autoLog=True, closeShape=True, color=method-wrapper(...), colorSpace='rgb', contrast=None, depth=-5.0, fillColor=array([1, 1, 1]), fillColorSpace='rgb', fillRGB=UNKNOWN, interpolate=True, lineColor=array([1, 1, 1]), lineColorSpace='rgb', lineRGB=UNKNOWN, lineWidth=1.0, name='blank_screen', opacity=1.0, ori=0.0, pos=array([0., 0.]), size=array([2., 2.]), units='height', vertices=ndarray(...), win=Window(...))
6.9512 	EXP 	Created text = TextStim(__class__=<class 'psychopy.visual.text.TextStim'>, alignHoriz=method-wrapper(...), alignText='center', alignVert=method-wrapper(...), anchorHoriz='center', anchorVert='center', antialias=True, autoLog=True, bold=False, color=array([ 1, -1, -1]), colorSpace='rgb', contrast=1.0, depth=-6.0, flipHoriz=False, flipVert=False, font='Open Sans', fontFiles=[], height=0.1, italic=False, languageStyle='LTR', name='text', opacity=1, ori=0.0, pos=array([0., 0.]), rgb=UNKNOWN, text='+', units='height', win=Window(...), wrapWidth=1)
6.9621 	EXP 	Created WelcomeText = TextStim(__class__=<class 'psychopy.visual.text.TextStim'>, alignHoriz=method-wrapper(...), alignText='center', alignVert=method-wrapper(...), anchorHoriz='center', anchorVert='center', antialias=True, autoLog=True, bold=False, color=array([1, 1, 1]), colorSpace='rgb', contrast=1.0, depth=0.0, flipHoriz=False, flipVert=False, font='Open Sans', fontFiles=[], height=0.1, italic=False, languageStyle='LTR', name='WelcomeText', opacity=1, ori=0.0, pos=array([0., 0.]), rgb=UNKNOWN, text='Welcome to our Study!', units='height', win=Window(...), wrapWidth=1)
6.9647 	EXP 	Created hasPeriphery_2 = ImageStim(__class__=<class 'psychopy.visual.image.ImageStim'>, autoLog=True, color=array([1, 1, 1]), colorSpace='rgb', contrast=1.0, depth=-1.0, flipHoriz=False, flipVert=False, image='sin', interpolate=True, mask=None, maskParams=None, name='hasPeriphery_2', opacity=1.0, ori=0.0, pos=array([0., 0.]), size=array([0.5, 0.5]), texRes=128.0, units='height', win=Window(...))
6.9670 	EXP 	Created noPeriphery_2 = ImageStim(__class__=<class 'psychopy.visual.image.ImageStim'>, autoLog=True, color=array([1, 1, 1]), colorSpace='rgb', contrast=1.0, depth=-3.0, flipHoriz=False, flipVert=False, image='sin', interpolate=True, mask=None, maskParams=None, name='noPeriphery_2', opacity=1.0, ori=0.0, pos=array([0., 0.]), size=array([0.5, 0.5]), texRes=128.0, units='height', win=Window(...))
6.9688 	EXP 	Created text_2 = TextStim(__class__=<class 'psychopy.visual.text.TextStim'>, alignHoriz=method-wrapper(...), alignText='center', alignVert=method-wrapper(...), anchorHoriz='center', anchorVert='center', antialias=True, autoLog=True, bold=False, color=array([ 1, -1, -1]), colorSpace='rgb', contrast=1.0, depth=-4.0, flipHoriz=False, flipVert=False, font='Open Sans', fontFiles=[], height=0.1, italic=False, languageStyle='LTR', name='text_2', opacity=1, ori=0.0, pos=array([0., 0.]), rgb=UNKNOWN, text='+', units='height', win=Window(...), wrapWidth=1)
7.0165 	EXP 	unnamed Form: autoLog = True
7.0165 	EXP 	DepressionQuestionnaire: name = 'DepressionQuestionnaire'
7.0165 	EXP 	DepressionQuestionnaire: size = (3.5, 1)
7.0165 	EXP 	DepressionQuestionnaire: size = array([3.5, 1. ])
7.0165 	EXP 	DepressionQuestionnaire: units = 'height'
7.0165 	EXP 	DepressionQuestionnaire: depth = 0
7.0165 	EXP 	WelcomeText: autoDraw = True
9.0306 	EXP 	WelcomeText: autoDraw = False
9.0306 	EXP 	DepressionQuestionnaire: autoDraw = True
9.7613 	DATA 	Mouse: Left button down, pos=(603,40)
9.8172 	EXP 	DepressionQuestionnaire: autoDraw = False
9.8172 	EXP 	instructionsText: autoDraw = True
9.8481 	DATA 	Mouse:  Left button up, pos=(603,40)
10.6165 	EXP 	Imported picPaths.xlsx as conditions, 6 conditions, 4 params
10.6168 	EXP 	Created sequence: sequential, trialTypes=6, nReps=1, seed=None
10.6172 	EXP 	New trial (rep=0, index=0): {'startImage': 'C:\\Users\\hesselmann\\Desktop\\PsychoPyUniformityIllusion\\UniformityIllusionPsychoPy\\Pics\\1start.png', 'midImage': 'C:\\Users\\hesselmann\\Desktop\\PsychoPyUniformityIllusion\\UniformityIllusionPsychoPy\\Pics\\1a.png', 'endImage': 'C:\\Users\\hesselmann\\Desktop\\PsychoPyUniformityIllusion\\UniformityIllusionPsychoPy\\Pics\\1a.png', 'AB': 'a'}
10.8506 	DATA 	Keypress: space
10.8974 	EXP 	instructionsText: autoDraw = False
10.8974 	EXP 	hasPeriphery: size = array([1.77777778, 1.        ])
10.8974 	EXP 	hasPeriphery: image = 'C:\\Users\\hesselmann\\Desktop\\PsychoPyUniformityIllusion\\UniformityIllusionPsychoPy\\Pics\\1a.png'
10.8974 	EXP 	noPeriphery: size = array([1.77777778, 1.        ])
10.8974 	EXP 	noPeriphery: image = 'C:\\Users\\hesselmann\\Desktop\\PsychoPyUniformityIllusion\\UniformityIllusionPsychoPy\\Pics\\1start.png'
10.8974 	EXP 	final: size = array([1.77777778, 1.        ])
10.8974 	EXP 	final: image = 'C:\\Users\\hesselmann\\Desktop\\PsychoPyUniformityIllusion\\UniformityIllusionPsychoPy\\Pics\\1a.png'
10.8974 	EXP 	hasPeriphery: autoDraw = True
10.8974 	EXP 	hasPeriphery: texRes = 128.0
10.8974 	EXP 	noPeriphery: autoDraw = True
10.8974 	EXP 	noPeriphery: texRes = 128.0
10.8974 	EXP 	text: autoDraw = True
11.0434 	EXP 	hasPeriphery: texRes = 128.0
11.0434 	EXP 	noPeriphery: texRes = 128.0
11.1904 	EXP 	hasPeriphery: texRes = 128.0
11.1904 	EXP 	noPeriphery: texRes = 128.0
11.3373 	EXP 	hasPeriphery: texRes = 128.0
11.3373 	EXP 	noPeriphery: texRes = 128.0
11.4969 	EXP 	hasPeriphery: texRes = 128.0
11.4969 	EXP 	noPeriphery: texRes = 128.0
11.6447 	EXP 	hasPeriphery: texRes = 128.0
11.6447 	EXP 	noPeriphery: texRes = 128.0
11.7906 	EXP 	hasPeriphery: texRes = 128.0
11.7906 	EXP 	noPeriphery: texRes = 128.0
11.9232 	EXP 	hasPeriphery: texRes = 128.0
11.9232 	EXP 	noPeriphery: texRes = 128.0
12.0700 	EXP 	hasPeriphery: texRes = 128.0
12.0700 	EXP 	noPeriphery: texRes = 128.0
12.2170 	EXP 	hasPeriphery: texRes = 128.0
12.2170 	EXP 	noPeriphery: texRes = 128.0
12.3637 	EXP 	hasPeriphery: texRes = 128.0
12.3637 	EXP 	noPeriphery: texRes = 128.0
12.5100 	EXP 	hasPeriphery: texRes = 128.0
12.5100 	EXP 	noPeriphery: texRes = 128.0
12.6566 	EXP 	hasPeriphery: texRes = 128.0
12.6566 	EXP 	noPeriphery: texRes = 128.0
12.8045 	EXP 	hasPeriphery: texRes = 128.0
12.8045 	EXP 	noPeriphery: texRes = 128.0
12.9508 	EXP 	hasPeriphery: texRes = 128.0
12.9508 	EXP 	noPeriphery: texRes = 128.0
13.0971 	EXP 	hasPeriphery: texRes = 128.0
13.0971 	EXP 	noPeriphery: texRes = 128.0
13.2438 	EXP 	hasPeriphery: texRes = 128.0
13.2438 	EXP 	noPeriphery: texRes = 128.0
13.3908 	EXP 	hasPeriphery: texRes = 128.0
13.3908 	EXP 	noPeriphery: texRes = 128.0
13.5368 	EXP 	hasPeriphery: texRes = 128.0
13.5368 	EXP 	noPeriphery: texRes = 128.0
13.6842 	EXP 	hasPeriphery: texRes = 128.0
13.6842 	EXP 	noPeriphery: texRes = 128.0
13.8838 	EXP 	hasPeriphery: texRes = 128.0
13.8838 	EXP 	noPeriphery: texRes = 128.0
13.8838 	EXP 	final: autoDraw = True
13.8838 	EXP 	final: texRes = 128.0
14.0977 	EXP 	hasPeriphery: texRes = 128.0
14.0977 	EXP 	noPeriphery: texRes = 128.0
14.0977 	EXP 	final: texRes = 128.0
14.0977 	EXP 	blank_screen: autoDraw = True
14.3106 	EXP 	hasPeriphery: texRes = 128.0
14.3106 	EXP 	noPeriphery: texRes = 128.0
14.3106 	EXP 	final: texRes = 128.0
14.5239 	EXP 	hasPeriphery: texRes = 128.0
14.5239 	EXP 	noPeriphery: texRes = 128.0
14.5239 	EXP 	final: texRes = 128.0
14.5239 	EXP 	blank_screen: autoDraw = False
14.7373 	EXP 	hasPeriphery: texRes = 128.0
14.7373 	EXP 	noPeriphery: texRes = 128.0
14.7373 	EXP 	final: texRes = 128.0
14.9369 	EXP 	hasPeriphery: texRes = 128.0
14.9369 	EXP 	noPeriphery: texRes = 128.0
14.9369 	EXP 	final: texRes = 128.0
15.1507 	EXP 	hasPeriphery: texRes = 128.0
15.1507 	EXP 	noPeriphery: texRes = 128.0
15.1507 	EXP 	final: texRes = 128.0
15.3507 	EXP 	hasPeriphery: texRes = 128.0
15.3507 	EXP 	noPeriphery: texRes = 128.0
15.3507 	EXP 	final: texRes = 128.0
15.5641 	EXP 	hasPeriphery: texRes = 128.0
15.5641 	EXP 	noPeriphery: texRes = 128.0
15.5641 	EXP 	final: texRes = 128.0
15.5641 	EXP 	blank_screen: autoDraw = True
15.7777 	EXP 	hasPeriphery: texRes = 128.0
15.7777 	EXP 	noPeriphery: texRes = 128.0
15.7777 	EXP 	final: texRes = 128.0
15.9774 	EXP 	hasPeriphery: texRes = 128.0
15.9774 	EXP 	noPeriphery: texRes = 128.0
15.9774 	EXP 	final: texRes = 128.0
15.9774 	EXP 	blank_screen: autoDraw = False
16.1778 	EXP 	hasPeriphery: texRes = 128.0
16.1778 	EXP 	noPeriphery: texRes = 128.0
16.1778 	EXP 	final: texRes = 128.0
16.3903 	EXP 	hasPeriphery: texRes = 128.0
16.3903 	EXP 	noPeriphery: texRes = 128.0
16.3903 	EXP 	final: texRes = 128.0
16.5913 	EXP 	hasPeriphery: texRes = 128.0
16.5913 	EXP 	noPeriphery: texRes = 128.0
16.5913 	EXP 	final: texRes = 128.0
16.8046 	EXP 	hasPeriphery: texRes = 128.0
16.8046 	EXP 	noPeriphery: texRes = 128.0
16.8046 	EXP 	final: texRes = 128.0
17.0176 	EXP 	hasPeriphery: texRes = 128.0
17.0176 	EXP 	noPeriphery: texRes = 128.0
17.0176 	EXP 	final: texRes = 128.0
17.0176 	EXP 	blank_screen: autoDraw = True
17.2304 	EXP 	hasPeriphery: texRes = 128.0
17.2304 	EXP 	noPeriphery: texRes = 128.0
17.2304 	EXP 	final: texRes = 128.0
17.4308 	EXP 	hasPeriphery: texRes = 128.0
17.4308 	EXP 	noPeriphery: texRes = 128.0
17.4308 	EXP 	final: texRes = 128.0
17.4308 	EXP 	blank_screen: autoDraw = False
17.6442 	EXP 	hasPeriphery: texRes = 128.0
17.6442 	EXP 	noPeriphery: texRes = 128.0
17.6442 	EXP 	final: texRes = 128.0
17.8575 	EXP 	hasPeriphery: texRes = 128.0
17.8575 	EXP 	noPeriphery: texRes = 128.0
17.8575 	EXP 	final: texRes = 128.0
18.0716 	EXP 	hasPeriphery: texRes = 128.0
18.0716 	EXP 	noPeriphery: texRes = 128.0
18.0716 	EXP 	final: texRes = 128.0
18.2973 	EXP 	hasPeriphery: texRes = 128.0
18.2973 	EXP 	noPeriphery: texRes = 128.0
18.2973 	EXP 	final: texRes = 128.0
18.5110 	EXP 	hasPeriphery: texRes = 128.0
18.5110 	EXP 	noPeriphery: texRes = 128.0
18.5110 	EXP 	final: texRes = 128.0
18.5110 	EXP 	blank_screen: autoDraw = True
18.7242 	EXP 	hasPeriphery: texRes = 128.0
18.7242 	EXP 	noPeriphery: texRes = 128.0
18.7242 	EXP 	final: texRes = 128.0
18.9376 	EXP 	hasPeriphery: texRes = 128.0
18.9376 	EXP 	noPeriphery: texRes = 128.0
18.9376 	EXP 	final: texRes = 128.0
18.9376 	EXP 	blank_screen: autoDraw = False
19.1510 	EXP 	hasPeriphery: texRes = 128.0
19.1510 	EXP 	noPeriphery: texRes = 128.0
19.1510 	EXP 	final: texRes = 128.0
19.3643 	EXP 	hasPeriphery: texRes = 128.0
19.3643 	EXP 	noPeriphery: texRes = 128.0
19.3643 	EXP 	final: texRes = 128.0
19.5778 	EXP 	hasPeriphery: texRes = 128.0
19.5778 	EXP 	noPeriphery: texRes = 128.0
19.5778 	EXP 	final: texRes = 128.0
19.7907 	EXP 	hasPeriphery: texRes = 128.0
19.7907 	EXP 	noPeriphery: texRes = 128.0
19.7907 	EXP 	final: texRes = 128.0
20.0044 	EXP 	hasPeriphery: texRes = 128.0
20.0044 	EXP 	noPeriphery: texRes = 128.0
20.0044 	EXP 	final: texRes = 128.0
20.0044 	EXP 	blank_screen: autoDraw = True
20.2174 	EXP 	hasPeriphery: texRes = 128.0
20.2174 	EXP 	noPeriphery: texRes = 128.0
20.2174 	EXP 	final: texRes = 128.0
20.4311 	EXP 	hasPeriphery: texRes = 128.0
20.4311 	EXP 	noPeriphery: texRes = 128.0
20.4311 	EXP 	final: texRes = 128.0
20.4311 	EXP 	blank_screen: autoDraw = False
20.6445 	EXP 	hasPeriphery: texRes = 128.0
20.6445 	EXP 	noPeriphery: texRes = 128.0
20.6445 	EXP 	final: texRes = 128.0
20.8583 	EXP 	hasPeriphery: texRes = 128.0
20.8583 	EXP 	noPeriphery: texRes = 128.0
20.8583 	EXP 	final: texRes = 128.0
21.0578 	EXP 	hasPeriphery: texRes = 128.0
21.0578 	EXP 	noPeriphery: texRes = 128.0
21.0578 	EXP 	final: texRes = 128.0
21.1381 	EXP 	hasPeriphery: autoDraw = False
21.1381 	EXP 	noPeriphery: autoDraw = False
21.1381 	EXP 	final: texRes = 128.0
21.2309 	EXP 	final: texRes = 128.0
21.3109 	EXP 	final: texRes = 128.0
21.3912 	EXP 	final: texRes = 128.0
21.4720 	EXP 	final: texRes = 128.0
21.5654 	EXP 	final: texRes = 128.0
21.6450 	EXP 	final: texRes = 128.0
21.7248 	EXP 	final: texRes = 128.0
21.8046 	EXP 	final: texRes = 128.0
21.8851 	EXP 	final: texRes = 128.0
21.9646 	EXP 	final: texRes = 128.0
22.0447 	EXP 	final: texRes = 128.0
22.1248 	EXP 	final: texRes = 128.0
22.2050 	EXP 	final: texRes = 128.0
22.2850 	EXP 	final: texRes = 128.0
22.3644 	EXP 	final: texRes = 128.0
22.4443 	EXP 	final: texRes = 128.0
22.5248 	EXP 	final: texRes = 128.0
22.6047 	EXP 	final: texRes = 128.0
22.6847 	EXP 	final: texRes = 128.0
22.7653 	EXP 	final: texRes = 128.0
22.8131 	EXP 	New trial (rep=0, index=1): {'startImage': 'C:\\Users\\hesselmann\\Desktop\\PsychoPyUniformityIllusion\\UniformityIllusionPsychoPy\\Pics\\1start.png', 'midImage': 'C:\\Users\\hesselmann\\Desktop\\PsychoPyUniformityIllusion\\UniformityIllusionPsychoPy\\Pics\\1a.png', 'endImage': 'C:\\Users\\hesselmann\\Desktop\\PsychoPyUniformityIllusion\\UniformityIllusionPsychoPy\\Pics\\1b.png', 'AB': 'b'}
23.0851 	EXP 	final: texRes = 128.0
23.0851 	EXP 	hasPeriphery: autoDraw = False
23.0851 	EXP 	noPeriphery: autoDraw = False
23.0851 	EXP 	final: autoDraw = False
23.0851 	EXP 	blank_screen: autoDraw = False
23.0851 	EXP 	text: autoDraw = False
23.0851 	EXP 	hasPeriphery: size = array([1.77777778, 1.        ])
23.0851 	EXP 	hasPeriphery: image = 'C:\\Users\\hesselmann\\Desktop\\PsychoPyUniformityIllusion\\UniformityIllusionPsychoPy\\Pics\\1a.png'
23.0851 	EXP 	noPeriphery: size = array([1.77777778, 1.        ])
23.0851 	EXP 	noPeriphery: image = 'C:\\Users\\hesselmann\\Desktop\\PsychoPyUniformityIllusion\\UniformityIllusionPsychoPy\\Pics\\1start.png'
23.0851 	EXP 	final: size = array([1.77777778, 1.        ])
23.0851 	EXP 	final: image = 'C:\\Users\\hesselmann\\Desktop\\PsychoPyUniformityIllusion\\UniformityIllusionPsychoPy\\Pics\\1b.png'
23.0851 	EXP 	hasPeriphery: autoDraw = True
23.0851 	EXP 	hasPeriphery: texRes = 128.0
23.0851 	EXP 	noPeriphery: autoDraw = True
23.0851 	EXP 	noPeriphery: texRes = 128.0
23.0851 	EXP 	text: autoDraw = True
23.2314 	EXP 	hasPeriphery: texRes = 128.0
23.2314 	EXP 	noPeriphery: texRes = 128.0
23.3778 	EXP 	hasPeriphery: texRes = 128.0
23.3778 	EXP 	noPeriphery: texRes = 128.0
23.5248 	EXP 	hasPeriphery: texRes = 128.0
23.5248 	EXP 	noPeriphery: texRes = 128.0
23.6718 	EXP 	hasPeriphery: texRes = 128.0
23.6718 	EXP 	noPeriphery: texRes = 128.0
23.8185 	EXP 	hasPeriphery: texRes = 128.0
23.8185 	EXP 	noPeriphery: texRes = 128.0
23.9645 	EXP 	hasPeriphery: texRes = 128.0
23.9645 	EXP 	noPeriphery: texRes = 128.0
24.0985 	EXP 	hasPeriphery: texRes = 128.0
24.0985 	EXP 	noPeriphery: texRes = 128.0
24.2445 	EXP 	hasPeriphery: texRes = 128.0
24.2445 	EXP 	noPeriphery: texRes = 128.0
24.3778 	EXP 	hasPeriphery: texRes = 128.0
24.3778 	EXP 	noPeriphery: texRes = 128.0
24.5249 	EXP 	hasPeriphery: texRes = 128.0
24.5249 	EXP 	noPeriphery: texRes = 128.0
24.6718 	EXP 	hasPeriphery: texRes = 128.0
24.6718 	EXP 	noPeriphery: texRes = 128.0
24.8179 	EXP 	hasPeriphery: texRes = 128.0
24.8179 	EXP 	noPeriphery: texRes = 128.0
24.9516 	EXP 	hasPeriphery: texRes = 128.0
24.9516 	EXP 	noPeriphery: texRes = 128.0
25.0981 	EXP 	hasPeriphery: texRes = 128.0
25.0981 	EXP 	noPeriphery: texRes = 128.0
25.2452 	EXP 	hasPeriphery: texRes = 128.0
25.2452 	EXP 	noPeriphery: texRes = 128.0
25.4050 	EXP 	hasPeriphery: texRes = 128.0
25.4050 	EXP 	noPeriphery: texRes = 128.0
25.5379 	EXP 	hasPeriphery: texRes = 128.0
25.5379 	EXP 	noPeriphery: texRes = 128.0
25.6712 	EXP 	hasPeriphery: texRes = 128.0
25.6712 	EXP 	noPeriphery: texRes = 128.0
25.8314 	EXP 	hasPeriphery: texRes = 128.0
25.8314 	EXP 	noPeriphery: texRes = 128.0
25.9646 	EXP 	hasPeriphery: texRes = 128.0
25.9646 	EXP 	noPeriphery: texRes = 128.0
26.1259 	EXP 	hasPeriphery: texRes = 128.0
26.1259 	EXP 	noPeriphery: texRes = 128.0
26.2713 	EXP 	hasPeriphery: texRes = 128.0
26.2713 	EXP 	noPeriphery: texRes = 128.0
26.4181 	EXP 	hasPeriphery: texRes = 128.0
26.4181 	EXP 	noPeriphery: texRes = 128.0
26.5653 	EXP 	hasPeriphery: texRes = 128.0
26.5653 	EXP 	noPeriphery: texRes = 128.0
26.7252 	EXP 	hasPeriphery: texRes = 128.0
26.7252 	EXP 	noPeriphery: texRes = 128.0
26.8588 	EXP 	hasPeriphery: texRes = 128.0
26.8588 	EXP 	noPeriphery: texRes = 128.0
27.0053 	EXP 	hasPeriphery: texRes = 128.0
27.0053 	EXP 	noPeriphery: texRes = 128.0
27.1519 	EXP 	hasPeriphery: texRes = 128.0
27.1519 	EXP 	noPeriphery: texRes = 128.0
27.3115 	EXP 	hasPeriphery: texRes = 128.0
27.3115 	EXP 	noPeriphery: texRes = 128.0
27.5118 	EXP 	hasPeriphery: texRes = 128.0
27.5118 	EXP 	noPeriphery: texRes = 128.0
27.5118 	EXP 	final: autoDraw = True
27.5118 	EXP 	final: texRes = 128.0
27.7249 	EXP 	hasPeriphery: texRes = 128.0
27.7249 	EXP 	noPeriphery: texRes = 128.0
27.7249 	EXP 	final: texRes = 128.0
27.9382 	EXP 	hasPeriphery: texRes = 128.0
27.9382 	EXP 	noPeriphery: texRes = 128.0
27.9382 	EXP 	final: texRes = 128.0
28.1650 	EXP 	hasPeriphery: texRes = 128.0
28.1650 	EXP 	noPeriphery: texRes = 128.0
28.1650 	EXP 	final: texRes = 128.0
28.3656 	EXP 	hasPeriphery: texRes = 128.0
28.3656 	EXP 	noPeriphery: texRes = 128.0
28.3656 	EXP 	final: texRes = 128.0
28.5788 	EXP 	hasPeriphery: texRes = 128.0
28.5788 	EXP 	noPeriphery: texRes = 128.0
28.5788 	EXP 	final: texRes = 128.0
28.5788 	EXP 	blank_screen: autoDraw = True
28.7920 	EXP 	hasPeriphery: texRes = 128.0
28.7920 	EXP 	noPeriphery: texRes = 128.0
28.7920 	EXP 	final: texRes = 128.0
28.9920 	EXP 	hasPeriphery: texRes = 128.0
28.9920 	EXP 	noPeriphery: texRes = 128.0
28.9920 	EXP 	final: texRes = 128.0
28.9920 	EXP 	blank_screen: autoDraw = False
29.1920 	EXP 	hasPeriphery: texRes = 128.0
29.1920 	EXP 	noPeriphery: texRes = 128.0
29.1920 	EXP 	final: texRes = 128.0
29.3924 	EXP 	hasPeriphery: texRes = 128.0
29.3924 	EXP 	noPeriphery: texRes = 128.0
29.3924 	EXP 	final: texRes = 128.0
29.6050 	EXP 	hasPeriphery: texRes = 128.0
29.6050 	EXP 	noPeriphery: texRes = 128.0
29.6050 	EXP 	final: texRes = 128.0
29.8191 	EXP 	hasPeriphery: texRes = 128.0
29.8191 	EXP 	noPeriphery: texRes = 128.0
29.8191 	EXP 	final: texRes = 128.0
30.0317 	EXP 	hasPeriphery: texRes = 128.0
30.0317 	EXP 	noPeriphery: texRes = 128.0
30.0317 	EXP 	final: texRes = 128.0
30.0317 	EXP 	blank_screen: autoDraw = True
30.2457 	EXP 	hasPeriphery: texRes = 128.0
30.2457 	EXP 	noPeriphery: texRes = 128.0
30.2457 	EXP 	final: texRes = 128.0
30.4585 	EXP 	hasPeriphery: texRes = 128.0
30.4585 	EXP 	noPeriphery: texRes = 128.0
30.4585 	EXP 	final: texRes = 128.0
30.4585 	EXP 	blank_screen: autoDraw = False
30.6592 	EXP 	hasPeriphery: texRes = 128.0
30.6592 	EXP 	noPeriphery: texRes = 128.0
30.6592 	EXP 	final: texRes = 128.0
30.8852 	EXP 	hasPeriphery: texRes = 128.0
30.8852 	EXP 	noPeriphery: texRes = 128.0
30.8852 	EXP 	final: texRes = 128.0
31.0861 	EXP 	hasPeriphery: texRes = 128.0
31.0861 	EXP 	noPeriphery: texRes = 128.0
31.0861 	EXP 	final: texRes = 128.0
31.2985 	EXP 	hasPeriphery: texRes = 128.0
31.2985 	EXP 	noPeriphery: texRes = 128.0
31.2985 	EXP 	final: texRes = 128.0
31.5127 	EXP 	hasPeriphery: texRes = 128.0
31.5127 	EXP 	noPeriphery: texRes = 128.0
31.5127 	EXP 	final: texRes = 128.0
31.5127 	EXP 	blank_screen: autoDraw = True
31.7256 	EXP 	hasPeriphery: texRes = 128.0
31.7256 	EXP 	noPeriphery: texRes = 128.0
31.7256 	EXP 	final: texRes = 128.0
31.9252 	EXP 	hasPeriphery: texRes = 128.0
31.9252 	EXP 	noPeriphery: texRes = 128.0
31.9252 	EXP 	final: texRes = 128.0
31.9252 	EXP 	blank_screen: autoDraw = False
32.1262 	EXP 	hasPeriphery: texRes = 128.0
32.1262 	EXP 	noPeriphery: texRes = 128.0
32.1262 	EXP 	final: texRes = 128.0
32.3390 	EXP 	hasPeriphery: texRes = 128.0
32.3390 	EXP 	noPeriphery: texRes = 128.0
32.3390 	EXP 	final: texRes = 128.0
32.5386 	EXP 	hasPeriphery: texRes = 128.0
32.5386 	EXP 	noPeriphery: texRes = 128.0
32.5386 	EXP 	final: texRes = 128.0
32.7660 	EXP 	hasPeriphery: texRes = 128.0
32.7660 	EXP 	noPeriphery: texRes = 128.0
32.7660 	EXP 	final: texRes = 128.0
32.9787 	EXP 	hasPeriphery: texRes = 128.0
32.9787 	EXP 	noPeriphery: texRes = 128.0
32.9787 	EXP 	final: texRes = 128.0
32.9787 	EXP 	blank_screen: autoDraw = True
33.1924 	EXP 	hasPeriphery: texRes = 128.0
33.1924 	EXP 	noPeriphery: texRes = 128.0
33.1924 	EXP 	final: texRes = 128.0
33.2724 	EXP 	hasPeriphery: autoDraw = False
33.2724 	EXP 	noPeriphery: autoDraw = False
33.2724 	EXP 	final: texRes = 128.0
33.2724 	EXP 	blank_screen: autoDraw = False
33.3528 	EXP 	final: texRes = 128.0
33.4328 	EXP 	final: texRes = 128.0
33.5258 	EXP 	final: texRes = 128.0
33.6054 	EXP 	final: texRes = 128.0
33.6855 	EXP 	final: texRes = 128.0
33.7662 	EXP 	final: texRes = 128.0
33.8454 	EXP 	final: texRes = 128.0
33.9262 	EXP 	final: texRes = 128.0
34.0059 	EXP 	final: texRes = 128.0
34.0859 	EXP 	final: texRes = 128.0
34.1662 	EXP 	final: texRes = 128.0
34.2459 	EXP 	final: texRes = 128.0
34.3258 	EXP 	final: texRes = 128.0
34.4192 	EXP 	final: texRes = 128.0
34.4994 	EXP 	final: texRes = 128.0
34.5793 	EXP 	final: texRes = 128.0
34.6594 	EXP 	final: texRes = 128.0
34.7392 	EXP 	final: texRes = 128.0
34.8327 	EXP 	final: texRes = 128.0
34.9124 	EXP 	final: texRes = 128.0
34.9930 	EXP 	final: texRes = 128.0
35.0455 	EXP 	New trial (rep=0, index=2): {'startImage': 'C:\\Users\\hesselmann\\Desktop\\PsychoPyUniformityIllusion\\UniformityIllusionPsychoPy\\Pics\\2start.png', 'midImage': 'C:\\Users\\hesselmann\\Desktop\\PsychoPyUniformityIllusion\\UniformityIllusionPsychoPy\\Pics\\2a.png', 'endImage': 'C:\\Users\\hesselmann\\Desktop\\PsychoPyUniformityIllusion\\UniformityIllusionPsychoPy\\Pics\\2a.png', 'AB': 'a'}
35.2722 	EXP 	final: texRes = 128.0
35.2722 	EXP 	hasPeriphery: autoDraw = False
35.2722 	EXP 	noPeriphery: autoDraw = False
35.2722 	EXP 	final: autoDraw = False
35.2722 	EXP 	blank_screen: autoDraw = False
35.2722 	EXP 	text: autoDraw = False
35.2722 	EXP 	hasPeriphery: size = array([1.77777778, 1.        ])
35.2722 	EXP 	hasPeriphery: image = 'C:\\Users\\hesselmann\\Desktop\\PsychoPyUniformityIllusion\\UniformityIllusionPsychoPy\\Pics\\2a.png'
35.2722 	EXP 	noPeriphery: size = array([1.77777778, 1.        ])
35.2722 	EXP 	noPeriphery: image = 'C:\\Users\\hesselmann\\Desktop\\PsychoPyUniformityIllusion\\UniformityIllusionPsychoPy\\Pics\\2start.png'
35.2722 	EXP 	final: size = array([1.77777778, 1.        ])
35.2722 	EXP 	final: image = 'C:\\Users\\hesselmann\\Desktop\\PsychoPyUniformityIllusion\\UniformityIllusionPsychoPy\\Pics\\2a.png'
35.2722 	EXP 	hasPeriphery: autoDraw = True
35.2722 	EXP 	hasPeriphery: texRes = 128.0
35.2722 	EXP 	noPeriphery: autoDraw = True
35.2722 	EXP 	noPeriphery: texRes = 128.0
35.2722 	EXP 	text: autoDraw = True
35.4059 	EXP 	hasPeriphery: texRes = 128.0
35.4059 	EXP 	noPeriphery: texRes = 128.0
35.5268 	EXP 	hasPeriphery: texRes = 128.0
35.5268 	EXP 	noPeriphery: texRes = 128.0
35.6594 	EXP 	hasPeriphery: texRes = 128.0
35.6594 	EXP 	noPeriphery: texRes = 128.0
35.7927 	EXP 	hasPeriphery: texRes = 128.0
35.7927 	EXP 	noPeriphery: texRes = 128.0
35.9127 	EXP 	hasPeriphery: texRes = 128.0
35.9127 	EXP 	noPeriphery: texRes = 128.0
36.0324 	EXP 	hasPeriphery: texRes = 128.0
36.0324 	EXP 	noPeriphery: texRes = 128.0
36.1529 	EXP 	hasPeriphery: texRes = 128.0
36.1529 	EXP 	noPeriphery: texRes = 128.0
36.2858 	EXP 	hasPeriphery: texRes = 128.0
36.2858 	EXP 	noPeriphery: texRes = 128.0
36.4064 	EXP 	hasPeriphery: texRes = 128.0
36.4064 	EXP 	noPeriphery: texRes = 128.0
36.5261 	EXP 	hasPeriphery: texRes = 128.0
36.5261 	EXP 	noPeriphery: texRes = 128.0
36.6457 	EXP 	hasPeriphery: texRes = 128.0
36.6457 	EXP 	noPeriphery: texRes = 128.0
36.7658 	EXP 	hasPeriphery: texRes = 128.0
36.7658 	EXP 	noPeriphery: texRes = 128.0
36.8861 	EXP 	hasPeriphery: texRes = 128.0
36.8861 	EXP 	noPeriphery: texRes = 128.0
37.0191 	EXP 	hasPeriphery: texRes = 128.0
37.0191 	EXP 	noPeriphery: texRes = 128.0
37.1393 	EXP 	hasPeriphery: texRes = 128.0
37.1393 	EXP 	noPeriphery: texRes = 128.0
37.2728 	EXP 	hasPeriphery: texRes = 128.0
37.2728 	EXP 	noPeriphery: texRes = 128.0
37.3932 	EXP 	hasPeriphery: texRes = 128.0
37.3932 	EXP 	noPeriphery: texRes = 128.0
37.5127 	EXP 	hasPeriphery: texRes = 128.0
37.5127 	EXP 	noPeriphery: texRes = 128.0
37.6592 	EXP 	hasPeriphery: texRes = 128.0
37.6592 	EXP 	noPeriphery: texRes = 128.0
37.7932 	EXP 	hasPeriphery: texRes = 128.0
37.7932 	EXP 	noPeriphery: texRes = 128.0
37.9126 	EXP 	hasPeriphery: texRes = 128.0
37.9126 	EXP 	noPeriphery: texRes = 128.0
38.0329 	EXP 	hasPeriphery: texRes = 128.0
38.0329 	EXP 	noPeriphery: texRes = 128.0
38.1528 	EXP 	hasPeriphery: texRes = 128.0
38.1528 	EXP 	noPeriphery: texRes = 128.0
38.2730 	EXP 	hasPeriphery: texRes = 128.0
38.2730 	EXP 	noPeriphery: texRes = 128.0
38.4196 	EXP 	hasPeriphery: texRes = 128.0
38.4196 	EXP 	noPeriphery: texRes = 128.0
38.5396 	EXP 	hasPeriphery: texRes = 128.0
38.5396 	EXP 	noPeriphery: texRes = 128.0
38.6600 	EXP 	hasPeriphery: texRes = 128.0
38.6600 	EXP 	noPeriphery: texRes = 128.0
38.7926 	EXP 	hasPeriphery: texRes = 128.0
38.7926 	EXP 	noPeriphery: texRes = 128.0
38.9130 	EXP 	hasPeriphery: texRes = 128.0
38.9130 	EXP 	noPeriphery: texRes = 128.0
39.0998 	EXP 	hasPeriphery: texRes = 128.0
39.0998 	EXP 	noPeriphery: texRes = 128.0
39.0998 	EXP 	final: autoDraw = True
39.0998 	EXP 	final: texRes = 128.0
39.2860 	EXP 	hasPeriphery: texRes = 128.0
39.2860 	EXP 	noPeriphery: texRes = 128.0
39.2860 	EXP 	final: texRes = 128.0
39.4730 	EXP 	hasPeriphery: texRes = 128.0
39.4730 	EXP 	noPeriphery: texRes = 128.0
39.4730 	EXP 	final: texRes = 128.0
39.6470 	EXP 	hasPeriphery: texRes = 128.0
39.6470 	EXP 	noPeriphery: texRes = 128.0
39.6470 	EXP 	final: texRes = 128.0
39.8337 	EXP 	hasPeriphery: texRes = 128.0
39.8337 	EXP 	noPeriphery: texRes = 128.0
39.8337 	EXP 	final: texRes = 128.0
40.0199 	EXP 	hasPeriphery: texRes = 128.0
40.0199 	EXP 	noPeriphery: texRes = 128.0
40.0199 	EXP 	final: texRes = 128.0
40.0199 	EXP 	blank_screen: autoDraw = True
40.2061 	EXP 	hasPeriphery: texRes = 128.0
40.2061 	EXP 	noPeriphery: texRes = 128.0
40.2061 	EXP 	final: texRes = 128.0
40.3934 	EXP 	hasPeriphery: texRes = 128.0
40.3934 	EXP 	noPeriphery: texRes = 128.0
40.3934 	EXP 	final: texRes = 128.0
40.3934 	EXP 	blank_screen: autoDraw = False
40.5662 	EXP 	hasPeriphery: texRes = 128.0
40.5662 	EXP 	noPeriphery: texRes = 128.0
40.5662 	EXP 	final: texRes = 128.0
40.7399 	EXP 	hasPeriphery: texRes = 128.0
40.7399 	EXP 	noPeriphery: texRes = 128.0
40.7399 	EXP 	final: texRes = 128.0
40.9266 	EXP 	hasPeriphery: texRes = 128.0
40.9266 	EXP 	noPeriphery: texRes = 128.0
40.9266 	EXP 	final: texRes = 128.0
41.0995 	EXP 	hasPeriphery: texRes = 128.0
41.0995 	EXP 	noPeriphery: texRes = 128.0
41.0995 	EXP 	final: texRes = 128.0
41.2862 	EXP 	hasPeriphery: texRes = 128.0
41.2862 	EXP 	noPeriphery: texRes = 128.0
41.2862 	EXP 	final: texRes = 128.0
41.2862 	EXP 	blank_screen: autoDraw = True
41.4731 	EXP 	hasPeriphery: texRes = 128.0
41.4731 	EXP 	noPeriphery: texRes = 128.0
41.4731 	EXP 	final: texRes = 128.0
41.6463 	EXP 	hasPeriphery: texRes = 128.0
41.6463 	EXP 	noPeriphery: texRes = 128.0
41.6463 	EXP 	final: texRes = 128.0
41.6463 	EXP 	blank_screen: autoDraw = False
41.8201 	EXP 	hasPeriphery: texRes = 128.0
41.8201 	EXP 	noPeriphery: texRes = 128.0
41.8201 	EXP 	final: texRes = 128.0
41.9933 	EXP 	hasPeriphery: texRes = 128.0
41.9933 	EXP 	noPeriphery: texRes = 128.0
41.9933 	EXP 	final: texRes = 128.0
42.1665 	EXP 	hasPeriphery: texRes = 128.0
42.1665 	EXP 	noPeriphery: texRes = 128.0
42.1665 	EXP 	final: texRes = 128.0
42.3403 	EXP 	hasPeriphery: texRes = 128.0
42.3403 	EXP 	noPeriphery: texRes = 128.0
42.3403 	EXP 	final: texRes = 128.0
42.5264 	EXP 	hasPeriphery: texRes = 128.0
42.5264 	EXP 	noPeriphery: texRes = 128.0
42.5264 	EXP 	final: texRes = 128.0
42.5264 	EXP 	blank_screen: autoDraw = True
42.7134 	EXP 	hasPeriphery: texRes = 128.0
42.7134 	EXP 	noPeriphery: texRes = 128.0
42.7134 	EXP 	final: texRes = 128.0
42.8997 	EXP 	hasPeriphery: texRes = 128.0
42.8997 	EXP 	noPeriphery: texRes = 128.0
42.8997 	EXP 	final: texRes = 128.0
42.8997 	EXP 	blank_screen: autoDraw = False
43.0868 	EXP 	hasPeriphery: texRes = 128.0
43.0868 	EXP 	noPeriphery: texRes = 128.0
43.0868 	EXP 	final: texRes = 128.0
43.2737 	EXP 	hasPeriphery: texRes = 128.0
43.2737 	EXP 	noPeriphery: texRes = 128.0
43.2737 	EXP 	final: texRes = 128.0
43.4598 	EXP 	hasPeriphery: texRes = 128.0
43.4598 	EXP 	noPeriphery: texRes = 128.0
43.4598 	EXP 	final: texRes = 128.0
43.6333 	EXP 	hasPeriphery: texRes = 128.0
43.6333 	EXP 	noPeriphery: texRes = 128.0
43.6333 	EXP 	final: texRes = 128.0
43.8204 	EXP 	hasPeriphery: texRes = 128.0
43.8204 	EXP 	noPeriphery: texRes = 128.0
43.8204 	EXP 	final: texRes = 128.0
43.8204 	EXP 	blank_screen: autoDraw = True
44.0065 	EXP 	hasPeriphery: texRes = 128.0
44.0065 	EXP 	noPeriphery: texRes = 128.0
44.0065 	EXP 	final: texRes = 128.0
44.1805 	EXP 	hasPeriphery: texRes = 128.0
44.1805 	EXP 	noPeriphery: texRes = 128.0
44.1805 	EXP 	final: texRes = 128.0
44.1805 	EXP 	blank_screen: autoDraw = False
44.3535 	EXP 	hasPeriphery: texRes = 128.0
44.3535 	EXP 	noPeriphery: texRes = 128.0
44.3535 	EXP 	final: texRes = 128.0
44.5265 	EXP 	hasPeriphery: texRes = 128.0
44.5265 	EXP 	noPeriphery: texRes = 128.0
44.5265 	EXP 	final: texRes = 128.0
44.7003 	EXP 	hasPeriphery: texRes = 128.0
44.7003 	EXP 	noPeriphery: texRes = 128.0
44.7003 	EXP 	final: texRes = 128.0
44.8999 	EXP 	hasPeriphery: texRes = 128.0
44.8999 	EXP 	noPeriphery: texRes = 128.0
44.8999 	EXP 	final: texRes = 128.0
45.0870 	EXP 	hasPeriphery: texRes = 128.0
45.0870 	EXP 	noPeriphery: texRes = 128.0
45.0870 	EXP 	final: texRes = 128.0
45.0870 	EXP 	blank_screen: autoDraw = True
45.2869 	EXP 	hasPeriphery: texRes = 128.0
45.2869 	EXP 	noPeriphery: texRes = 128.0
45.2869 	EXP 	final: texRes = 128.0
45.3666 	EXP 	hasPeriphery: autoDraw = False
45.3666 	EXP 	noPeriphery: autoDraw = False
45.3666 	EXP 	final: texRes = 128.0
45.3666 	EXP 	blank_screen: autoDraw = False
45.4467 	EXP 	final: texRes = 128.0
45.5270 	EXP 	final: texRes = 128.0
45.6067 	EXP 	final: texRes = 128.0
45.6734 	EXP 	final: texRes = 128.0
45.7546 	EXP 	final: texRes = 128.0
45.8338 	EXP 	final: texRes = 128.0
45.9007 	EXP 	final: texRes = 128.0
45.9804 	EXP 	final: texRes = 128.0
46.0600 	EXP 	final: texRes = 128.0
46.1407 	EXP 	final: texRes = 128.0
46.2209 	EXP 	final: texRes = 128.0
46.3001 	EXP 	final: texRes = 128.0
46.3804 	EXP 	final: texRes = 128.0
46.4601 	EXP 	final: texRes = 128.0
46.5410 	EXP 	final: texRes = 128.0
46.6208 	EXP 	final: texRes = 128.0
46.7001 	EXP 	final: texRes = 128.0
46.7805 	EXP 	final: texRes = 128.0
46.8606 	EXP 	final: texRes = 128.0
46.9401 	EXP 	final: texRes = 128.0
47.0204 	EXP 	final: texRes = 128.0
47.1008 	EXP 	final: texRes = 128.0
47.1809 	EXP 	final: texRes = 128.0
47.2237 	EXP 	New trial (rep=0, index=3): {'startImage': 'C:\\Users\\hesselmann\\Desktop\\PsychoPyUniformityIllusion\\UniformityIllusionPsychoPy\\Pics\\2start.png', 'midImage': 'C:\\Users\\hesselmann\\Desktop\\PsychoPyUniformityIllusion\\UniformityIllusionPsychoPy\\Pics\\2a.png', 'endImage': 'C:\\Users\\hesselmann\\Desktop\\PsychoPyUniformityIllusion\\UniformityIllusionPsychoPy\\Pics\\2b.png', 'AB': 'b'}
47.4475 	EXP 	final: texRes = 128.0
47.4475 	EXP 	hasPeriphery: autoDraw = False
47.4475 	EXP 	noPeriphery: autoDraw = False
47.4475 	EXP 	final: autoDraw = False
47.4475 	EXP 	blank_screen: autoDraw = False
47.4475 	EXP 	text: autoDraw = False
47.4475 	EXP 	hasPeriphery: size = array([1.77777778, 1.        ])
47.4475 	EXP 	hasPeriphery: image = 'C:\\Users\\hesselmann\\Desktop\\PsychoPyUniformityIllusion\\UniformityIllusionPsychoPy\\Pics\\2a.png'
47.4475 	EXP 	noPeriphery: size = array([1.77777778, 1.        ])
47.4475 	EXP 	noPeriphery: image = 'C:\\Users\\hesselmann\\Desktop\\PsychoPyUniformityIllusion\\UniformityIllusionPsychoPy\\Pics\\2start.png'
47.4475 	EXP 	final: size = array([1.77777778, 1.        ])
47.4475 	EXP 	final: image = 'C:\\Users\\hesselmann\\Desktop\\PsychoPyUniformityIllusion\\UniformityIllusionPsychoPy\\Pics\\2b.png'
47.4475 	EXP 	hasPeriphery: autoDraw = True
47.4475 	EXP 	hasPeriphery: texRes = 128.0
47.4475 	EXP 	noPeriphery: autoDraw = True
47.4475 	EXP 	noPeriphery: texRes = 128.0
47.4475 	EXP 	text: autoDraw = True
47.5806 	EXP 	hasPeriphery: texRes = 128.0
47.5806 	EXP 	noPeriphery: texRes = 128.0
47.7009 	EXP 	hasPeriphery: texRes = 128.0
47.7009 	EXP 	noPeriphery: texRes = 128.0
47.8345 	EXP 	hasPeriphery: texRes = 128.0
47.8345 	EXP 	noPeriphery: texRes = 128.0
47.9539 	EXP 	hasPeriphery: texRes = 128.0
47.9539 	EXP 	noPeriphery: texRes = 128.0
48.0747 	EXP 	hasPeriphery: texRes = 128.0
48.0747 	EXP 	noPeriphery: texRes = 128.0
48.1936 	EXP 	hasPeriphery: texRes = 128.0
48.1936 	EXP 	noPeriphery: texRes = 128.0
48.3143 	EXP 	hasPeriphery: texRes = 128.0
48.3143 	EXP 	noPeriphery: texRes = 128.0
48.4341 	EXP 	hasPeriphery: texRes = 128.0
48.4341 	EXP 	noPeriphery: texRes = 128.0
48.5539 	EXP 	hasPeriphery: texRes = 128.0
48.5539 	EXP 	noPeriphery: texRes = 128.0
48.6744 	EXP 	hasPeriphery: texRes = 128.0
48.6744 	EXP 	noPeriphery: texRes = 128.0
48.8084 	EXP 	hasPeriphery: texRes = 128.0
48.8084 	EXP 	noPeriphery: texRes = 128.0
48.9416 	EXP 	hasPeriphery: texRes = 128.0
48.9416 	EXP 	noPeriphery: texRes = 128.0
49.0611 	EXP 	hasPeriphery: texRes = 128.0
49.0611 	EXP 	noPeriphery: texRes = 128.0
49.1937 	EXP 	hasPeriphery: texRes = 128.0
49.1937 	EXP 	noPeriphery: texRes = 128.0
49.3140 	EXP 	hasPeriphery: texRes = 128.0
49.3140 	EXP 	noPeriphery: texRes = 128.0
49.4340 	EXP 	hasPeriphery: texRes = 128.0
49.4340 	EXP 	noPeriphery: texRes = 128.0
49.5540 	EXP 	hasPeriphery: texRes = 128.0
49.5540 	EXP 	noPeriphery: texRes = 128.0
49.6741 	EXP 	hasPeriphery: texRes = 128.0
49.6741 	EXP 	noPeriphery: texRes = 128.0
49.7938 	EXP 	hasPeriphery: texRes = 128.0
49.7938 	EXP 	noPeriphery: texRes = 128.0
49.9271 	EXP 	hasPeriphery: texRes = 128.0
49.9271 	EXP 	noPeriphery: texRes = 128.0
50.0471 	EXP 	hasPeriphery: texRes = 128.0
50.0471 	EXP 	noPeriphery: texRes = 128.0
50.1675 	EXP 	hasPeriphery: texRes = 128.0
50.1675 	EXP 	noPeriphery: texRes = 128.0
50.3007 	EXP 	hasPeriphery: texRes = 128.0
50.3007 	EXP 	noPeriphery: texRes = 128.0
50.4206 	EXP 	hasPeriphery: texRes = 128.0
50.4206 	EXP 	noPeriphery: texRes = 128.0
50.5414 	EXP 	hasPeriphery: texRes = 128.0
50.5414 	EXP 	noPeriphery: texRes = 128.0
50.6611 	EXP 	hasPeriphery: texRes = 128.0
50.6611 	EXP 	noPeriphery: texRes = 128.0
50.7811 	EXP 	hasPeriphery: texRes = 128.0
50.7811 	EXP 	noPeriphery: texRes = 128.0
50.9146 	EXP 	hasPeriphery: texRes = 128.0
50.9146 	EXP 	noPeriphery: texRes = 128.0
51.0343 	EXP 	hasPeriphery: texRes = 128.0
51.0343 	EXP 	noPeriphery: texRes = 128.0
51.2085 	EXP 	hasPeriphery: texRes = 128.0
51.2085 	EXP 	noPeriphery: texRes = 128.0
51.2085 	EXP 	final: autoDraw = True
51.2085 	EXP 	final: texRes = 128.0
51.3946 	EXP 	hasPeriphery: texRes = 128.0
51.3946 	EXP 	noPeriphery: texRes = 128.0
51.3946 	EXP 	final: texRes = 128.0
51.5676 	EXP 	hasPeriphery: texRes = 128.0
51.5676 	EXP 	noPeriphery: texRes = 128.0
51.5676 	EXP 	final: texRes = 128.0
51.7412 	EXP 	hasPeriphery: texRes = 128.0
51.7412 	EXP 	noPeriphery: texRes = 128.0
51.7412 	EXP 	final: texRes = 128.0
51.9140 	EXP 	hasPeriphery: texRes = 128.0
51.9140 	EXP 	noPeriphery: texRes = 128.0
51.9140 	EXP 	final: texRes = 128.0
52.1010 	EXP 	hasPeriphery: texRes = 128.0
52.1010 	EXP 	noPeriphery: texRes = 128.0
52.1010 	EXP 	final: texRes = 128.0
52.1010 	EXP 	blank_screen: autoDraw = True
52.2873 	EXP 	hasPeriphery: texRes = 128.0
52.2873 	EXP 	noPeriphery: texRes = 128.0
52.2873 	EXP 	final: texRes = 128.0
52.4607 	EXP 	hasPeriphery: texRes = 128.0
52.4607 	EXP 	noPeriphery: texRes = 128.0
52.4607 	EXP 	final: texRes = 128.0
52.4607 	EXP 	blank_screen: autoDraw = False
52.6340 	EXP 	hasPeriphery: texRes = 128.0
52.6340 	EXP 	noPeriphery: texRes = 128.0
52.6340 	EXP 	final: texRes = 128.0
52.8081 	EXP 	hasPeriphery: texRes = 128.0
52.8081 	EXP 	noPeriphery: texRes = 128.0
52.8081 	EXP 	final: texRes = 128.0
52.9808 	EXP 	hasPeriphery: texRes = 128.0
52.9808 	EXP 	noPeriphery: texRes = 128.0
52.9808 	EXP 	final: texRes = 128.0
53.1674 	EXP 	hasPeriphery: texRes = 128.0
53.1674 	EXP 	noPeriphery: texRes = 128.0
53.1674 	EXP 	final: texRes = 128.0
53.3541 	EXP 	hasPeriphery: texRes = 128.0
53.3541 	EXP 	noPeriphery: texRes = 128.0
53.3541 	EXP 	final: texRes = 128.0
53.3541 	EXP 	blank_screen: autoDraw = True
53.5412 	EXP 	hasPeriphery: texRes = 128.0
53.5412 	EXP 	noPeriphery: texRes = 128.0
53.5412 	EXP 	final: texRes = 128.0
53.7145 	EXP 	hasPeriphery: texRes = 128.0
53.7145 	EXP 	noPeriphery: texRes = 128.0
53.7145 	EXP 	final: texRes = 128.0
53.7145 	EXP 	blank_screen: autoDraw = False
53.8875 	EXP 	hasPeriphery: texRes = 128.0
53.8875 	EXP 	noPeriphery: texRes = 128.0
53.8875 	EXP 	final: texRes = 128.0
54.0609 	EXP 	hasPeriphery: texRes = 128.0
54.0609 	EXP 	noPeriphery: texRes = 128.0
54.0609 	EXP 	final: texRes = 128.0
54.2341 	EXP 	hasPeriphery: texRes = 128.0
54.2341 	EXP 	noPeriphery: texRes = 128.0
54.2341 	EXP 	final: texRes = 128.0
54.4075 	EXP 	hasPeriphery: texRes = 128.0
54.4075 	EXP 	noPeriphery: texRes = 128.0
54.4075 	EXP 	final: texRes = 128.0
54.5943 	EXP 	hasPeriphery: texRes = 128.0
54.5943 	EXP 	noPeriphery: texRes = 128.0
54.5943 	EXP 	final: texRes = 128.0
54.5943 	EXP 	blank_screen: autoDraw = True
54.7814 	EXP 	hasPeriphery: texRes = 128.0
54.7814 	EXP 	noPeriphery: texRes = 128.0
54.7814 	EXP 	final: texRes = 128.0
54.9676 	EXP 	hasPeriphery: texRes = 128.0
54.9676 	EXP 	noPeriphery: texRes = 128.0
54.9676 	EXP 	final: texRes = 128.0
54.9676 	EXP 	blank_screen: autoDraw = False
55.1416 	EXP 	hasPeriphery: texRes = 128.0
55.1416 	EXP 	noPeriphery: texRes = 128.0
55.1416 	EXP 	final: texRes = 128.0
55.3280 	EXP 	hasPeriphery: texRes = 128.0
55.3280 	EXP 	noPeriphery: texRes = 128.0
55.3280 	EXP 	final: texRes = 128.0
55.5147 	EXP 	hasPeriphery: texRes = 128.0
55.5147 	EXP 	noPeriphery: texRes = 128.0
55.5147 	EXP 	final: texRes = 128.0
55.6884 	EXP 	hasPeriphery: texRes = 128.0
55.6884 	EXP 	noPeriphery: texRes = 128.0
55.6884 	EXP 	final: texRes = 128.0
55.8751 	EXP 	hasPeriphery: texRes = 128.0
55.8751 	EXP 	noPeriphery: texRes = 128.0
55.8751 	EXP 	final: texRes = 128.0
55.8751 	EXP 	blank_screen: autoDraw = True
56.0477 	EXP 	hasPeriphery: texRes = 128.0
56.0477 	EXP 	noPeriphery: texRes = 128.0
56.0477 	EXP 	final: texRes = 128.0
56.2216 	EXP 	hasPeriphery: texRes = 128.0
56.2216 	EXP 	noPeriphery: texRes = 128.0
56.2216 	EXP 	final: texRes = 128.0
56.2216 	EXP 	blank_screen: autoDraw = False
56.4078 	EXP 	hasPeriphery: texRes = 128.0
56.4078 	EXP 	noPeriphery: texRes = 128.0
56.4078 	EXP 	final: texRes = 128.0
56.5811 	EXP 	hasPeriphery: texRes = 128.0
56.5811 	EXP 	noPeriphery: texRes = 128.0
56.5811 	EXP 	final: texRes = 128.0
56.7677 	EXP 	hasPeriphery: texRes = 128.0
56.7677 	EXP 	noPeriphery: texRes = 128.0
56.7677 	EXP 	final: texRes = 128.0
56.9411 	EXP 	hasPeriphery: texRes = 128.0
56.9411 	EXP 	noPeriphery: texRes = 128.0
56.9411 	EXP 	final: texRes = 128.0
57.1278 	EXP 	hasPeriphery: texRes = 128.0
57.1278 	EXP 	noPeriphery: texRes = 128.0
57.1278 	EXP 	final: texRes = 128.0
57.1278 	EXP 	blank_screen: autoDraw = True
57.3158 	EXP 	hasPeriphery: texRes = 128.0
57.3158 	EXP 	noPeriphery: texRes = 128.0
57.3158 	EXP 	final: texRes = 128.0
57.5011 	EXP 	hasPeriphery: texRes = 128.0
57.5011 	EXP 	noPeriphery: texRes = 128.0
57.5011 	EXP 	final: texRes = 128.0
57.5011 	EXP 	blank_screen: autoDraw = False
57.5686 	EXP 	hasPeriphery: autoDraw = False
57.5686 	EXP 	noPeriphery: autoDraw = False
57.5686 	EXP 	final: texRes = 128.0
57.6349 	EXP 	final: texRes = 128.0
57.7011 	EXP 	final: texRes = 128.0
57.7681 	EXP 	final: texRes = 128.0
57.8345 	EXP 	final: texRes = 128.0
57.9023 	EXP 	final: texRes = 128.0
57.9682 	EXP 	final: texRes = 128.0
58.0359 	EXP 	final: texRes = 128.0
58.1019 	EXP 	final: texRes = 128.0
58.1686 	EXP 	final: texRes = 128.0
58.2348 	EXP 	final: texRes = 128.0
58.3019 	EXP 	final: texRes = 128.0
58.3686 	EXP 	final: texRes = 128.0
58.4355 	EXP 	final: texRes = 128.0
58.5024 	EXP 	final: texRes = 128.0
58.5819 	EXP 	final: texRes = 128.0
58.6479 	EXP 	final: texRes = 128.0
58.7153 	EXP 	final: texRes = 128.0
58.7821 	EXP 	final: texRes = 128.0
58.8480 	EXP 	final: texRes = 128.0
58.9150 	EXP 	final: texRes = 128.0
58.9819 	EXP 	final: texRes = 128.0
59.0614 	EXP 	final: texRes = 128.0
59.1288 	EXP 	final: texRes = 128.0
59.1947 	EXP 	final: texRes = 128.0
59.2614 	EXP 	final: texRes = 128.0
59.3290 	EXP 	final: texRes = 128.0
59.3672 	EXP 	New trial (rep=0, index=4): {'startImage': 'C:\\Users\\hesselmann\\Desktop\\PsychoPyUniformityIllusion\\UniformityIllusionPsychoPy\\Pics\\3start.png', 'midImage': 'C:\\Users\\hesselmann\\Desktop\\PsychoPyUniformityIllusion\\UniformityIllusionPsychoPy\\Pics\\3a.png', 'endImage': 'C:\\Users\\hesselmann\\Desktop\\PsychoPyUniformityIllusion\\UniformityIllusionPsychoPy\\Pics\\3a.png', 'AB': 'a'}
59.6349 	EXP 	final: texRes = 128.0
59.6349 	EXP 	hasPeriphery: autoDraw = False
59.6349 	EXP 	noPeriphery: autoDraw = False
59.6349 	EXP 	final: autoDraw = False
59.6349 	EXP 	blank_screen: autoDraw = False
59.6349 	EXP 	text: autoDraw = False
59.6349 	EXP 	hasPeriphery: size = array([1.77777778, 1.        ])
59.6349 	EXP 	hasPeriphery: image = 'C:\\Users\\hesselmann\\Desktop\\PsychoPyUniformityIllusion\\UniformityIllusionPsychoPy\\Pics\\3a.png'
59.6349 	EXP 	noPeriphery: size = array([1.77777778, 1.        ])
59.6349 	EXP 	noPeriphery: image = 'C:\\Users\\hesselmann\\Desktop\\PsychoPyUniformityIllusion\\UniformityIllusionPsychoPy\\Pics\\3start.png'
59.6349 	EXP 	final: size = array([1.77777778, 1.        ])
59.6349 	EXP 	final: image = 'C:\\Users\\hesselmann\\Desktop\\PsychoPyUniformityIllusion\\UniformityIllusionPsychoPy\\Pics\\3a.png'
59.6349 	EXP 	hasPeriphery: autoDraw = True
59.6349 	EXP 	hasPeriphery: texRes = 128.0
59.6349 	EXP 	noPeriphery: autoDraw = True
59.6349 	EXP 	noPeriphery: texRes = 128.0
59.6349 	EXP 	text: autoDraw = True
59.7680 	EXP 	hasPeriphery: texRes = 128.0
59.7680 	EXP 	noPeriphery: texRes = 128.0
59.8885 	EXP 	hasPeriphery: texRes = 128.0
59.8885 	EXP 	noPeriphery: texRes = 128.0
60.0214 	EXP 	hasPeriphery: texRes = 128.0
60.0214 	EXP 	noPeriphery: texRes = 128.0
60.1548 	EXP 	hasPeriphery: texRes = 128.0
60.1548 	EXP 	noPeriphery: texRes = 128.0
60.2881 	EXP 	hasPeriphery: texRes = 128.0
60.2881 	EXP 	noPeriphery: texRes = 128.0
60.4215 	EXP 	hasPeriphery: texRes = 128.0
60.4215 	EXP 	noPeriphery: texRes = 128.0
60.5415 	EXP 	hasPeriphery: texRes = 128.0
60.5415 	EXP 	noPeriphery: texRes = 128.0
60.6752 	EXP 	hasPeriphery: texRes = 128.0
60.6752 	EXP 	noPeriphery: texRes = 128.0
60.8086 	EXP 	hasPeriphery: texRes = 128.0
60.8086 	EXP 	noPeriphery: texRes = 128.0
60.9283 	EXP 	hasPeriphery: texRes = 128.0
60.9283 	EXP 	noPeriphery: texRes = 128.0
61.0617 	EXP 	hasPeriphery: texRes = 128.0
61.0617 	EXP 	noPeriphery: texRes = 128.0
61.1949 	EXP 	hasPeriphery: texRes = 128.0
61.1949 	EXP 	noPeriphery: texRes = 128.0
61.3282 	EXP 	hasPeriphery: texRes = 128.0
61.3282 	EXP 	noPeriphery: texRes = 128.0
61.4616 	EXP 	hasPeriphery: texRes = 128.0
61.4616 	EXP 	noPeriphery: texRes = 128.0
61.5823 	EXP 	hasPeriphery: texRes = 128.0
61.5823 	EXP 	noPeriphery: texRes = 128.0
61.7153 	EXP 	hasPeriphery: texRes = 128.0
61.7153 	EXP 	noPeriphery: texRes = 128.0
61.8489 	EXP 	hasPeriphery: texRes = 128.0
61.8489 	EXP 	noPeriphery: texRes = 128.0
61.9820 	EXP 	hasPeriphery: texRes = 128.0
61.9820 	EXP 	noPeriphery: texRes = 128.0
62.1153 	EXP 	hasPeriphery: texRes = 128.0
62.1153 	EXP 	noPeriphery: texRes = 128.0
62.2489 	EXP 	hasPeriphery: texRes = 128.0
62.2489 	EXP 	noPeriphery: texRes = 128.0
62.3824 	EXP 	hasPeriphery: texRes = 128.0
62.3824 	EXP 	noPeriphery: texRes = 128.0
62.5154 	EXP 	hasPeriphery: texRes = 128.0
62.5154 	EXP 	noPeriphery: texRes = 128.0
62.6489 	EXP 	hasPeriphery: texRes = 128.0
62.6489 	EXP 	noPeriphery: texRes = 128.0
62.7817 	EXP 	hasPeriphery: texRes = 128.0
62.7817 	EXP 	noPeriphery: texRes = 128.0
62.9021 	EXP 	hasPeriphery: texRes = 128.0
62.9021 	EXP 	noPeriphery: texRes = 128.0
63.0354 	EXP 	hasPeriphery: texRes = 128.0
63.0354 	EXP 	noPeriphery: texRes = 128.0
63.1684 	EXP 	hasPeriphery: texRes = 128.0
63.1684 	EXP 	noPeriphery: texRes = 128.0
63.3029 	EXP 	hasPeriphery: texRes = 128.0
63.3029 	EXP 	noPeriphery: texRes = 128.0
63.4358 	EXP 	hasPeriphery: texRes = 128.0
63.4358 	EXP 	noPeriphery: texRes = 128.0
63.6222 	EXP 	hasPeriphery: texRes = 128.0
63.6222 	EXP 	noPeriphery: texRes = 128.0
63.6222 	EXP 	final: autoDraw = True
63.6222 	EXP 	final: texRes = 128.0
63.8085 	EXP 	hasPeriphery: texRes = 128.0
63.8085 	EXP 	noPeriphery: texRes = 128.0
63.8085 	EXP 	final: texRes = 128.0
63.9818 	EXP 	hasPeriphery: texRes = 128.0
63.9818 	EXP 	noPeriphery: texRes = 128.0
63.9818 	EXP 	final: texRes = 128.0
64.1689 	EXP 	hasPeriphery: texRes = 128.0
64.1689 	EXP 	noPeriphery: texRes = 128.0
64.1689 	EXP 	final: texRes = 128.0
64.3560 	EXP 	hasPeriphery: texRes = 128.0
64.3560 	EXP 	noPeriphery: texRes = 128.0
64.3560 	EXP 	final: texRes = 128.0
64.5552 	EXP 	hasPeriphery: texRes = 128.0
64.5552 	EXP 	noPeriphery: texRes = 128.0
64.5552 	EXP 	final: texRes = 128.0
64.5552 	EXP 	blank_screen: autoDraw = True
64.7425 	EXP 	hasPeriphery: texRes = 128.0
64.7425 	EXP 	noPeriphery: texRes = 128.0
64.7425 	EXP 	final: texRes = 128.0
64.9290 	EXP 	hasPeriphery: texRes = 128.0
64.9290 	EXP 	noPeriphery: texRes = 128.0
64.9290 	EXP 	final: texRes = 128.0
64.9290 	EXP 	blank_screen: autoDraw = False
65.1156 	EXP 	hasPeriphery: texRes = 128.0
65.1156 	EXP 	noPeriphery: texRes = 128.0
65.1156 	EXP 	final: texRes = 128.0
65.2887 	EXP 	hasPeriphery: texRes = 128.0
65.2887 	EXP 	noPeriphery: texRes = 128.0
65.2887 	EXP 	final: texRes = 128.0
65.4753 	EXP 	hasPeriphery: texRes = 128.0
65.4753 	EXP 	noPeriphery: texRes = 128.0
65.4753 	EXP 	final: texRes = 128.0
65.6624 	EXP 	hasPeriphery: texRes = 128.0
65.6624 	EXP 	noPeriphery: texRes = 128.0
65.6624 	EXP 	final: texRes = 128.0
65.8491 	EXP 	hasPeriphery: texRes = 128.0
65.8491 	EXP 	noPeriphery: texRes = 128.0
65.8491 	EXP 	final: texRes = 128.0
65.8491 	EXP 	blank_screen: autoDraw = True
66.0360 	EXP 	hasPeriphery: texRes = 128.0
66.0360 	EXP 	noPeriphery: texRes = 128.0
66.0360 	EXP 	final: texRes = 128.0
66.2234 	EXP 	hasPeriphery: texRes = 128.0
66.2234 	EXP 	noPeriphery: texRes = 128.0
66.2234 	EXP 	final: texRes = 128.0
66.2234 	EXP 	blank_screen: autoDraw = False
66.4092 	EXP 	hasPeriphery: texRes = 128.0
66.4092 	EXP 	noPeriphery: texRes = 128.0
66.4092 	EXP 	final: texRes = 128.0
66.5955 	EXP 	hasPeriphery: texRes = 128.0
66.5955 	EXP 	noPeriphery: texRes = 128.0
66.5955 	EXP 	final: texRes = 128.0
66.7821 	EXP 	hasPeriphery: texRes = 128.0
66.7821 	EXP 	noPeriphery: texRes = 128.0
66.7821 	EXP 	final: texRes = 128.0
66.9555 	EXP 	hasPeriphery: texRes = 128.0
66.9555 	EXP 	noPeriphery: texRes = 128.0
66.9555 	EXP 	final: texRes = 128.0
67.1425 	EXP 	hasPeriphery: texRes = 128.0
67.1425 	EXP 	noPeriphery: texRes = 128.0
67.1425 	EXP 	final: texRes = 128.0
67.1425 	EXP 	blank_screen: autoDraw = True
67.3299 	EXP 	hasPeriphery: texRes = 128.0
67.3299 	EXP 	noPeriphery: texRes = 128.0
67.3299 	EXP 	final: texRes = 128.0
67.5165 	EXP 	hasPeriphery: texRes = 128.0
67.5165 	EXP 	noPeriphery: texRes = 128.0
67.5165 	EXP 	final: texRes = 128.0
67.5165 	EXP 	blank_screen: autoDraw = False
67.7021 	EXP 	hasPeriphery: texRes = 128.0
67.7021 	EXP 	noPeriphery: texRes = 128.0
67.7021 	EXP 	final: texRes = 128.0
67.8902 	EXP 	hasPeriphery: texRes = 128.0
67.8902 	EXP 	noPeriphery: texRes = 128.0
67.8902 	EXP 	final: texRes = 128.0
68.0756 	EXP 	hasPeriphery: texRes = 128.0
68.0756 	EXP 	noPeriphery: texRes = 128.0
68.0756 	EXP 	final: texRes = 128.0
68.2626 	EXP 	hasPeriphery: texRes = 128.0
68.2626 	EXP 	noPeriphery: texRes = 128.0
68.2626 	EXP 	final: texRes = 128.0
68.4497 	EXP 	hasPeriphery: texRes = 128.0
68.4497 	EXP 	noPeriphery: texRes = 128.0
68.4497 	EXP 	final: texRes = 128.0
68.4497 	EXP 	blank_screen: autoDraw = True
68.6490 	EXP 	hasPeriphery: texRes = 128.0
68.6490 	EXP 	noPeriphery: texRes = 128.0
68.6490 	EXP 	final: texRes = 128.0
68.8362 	EXP 	hasPeriphery: texRes = 128.0
68.8362 	EXP 	noPeriphery: texRes = 128.0
68.8362 	EXP 	final: texRes = 128.0
68.8362 	EXP 	blank_screen: autoDraw = False
69.0099 	EXP 	hasPeriphery: texRes = 128.0
69.0099 	EXP 	noPeriphery: texRes = 128.0
69.0099 	EXP 	final: texRes = 128.0
69.1957 	EXP 	hasPeriphery: texRes = 128.0
69.1957 	EXP 	noPeriphery: texRes = 128.0
69.1957 	EXP 	final: texRes = 128.0
69.3831 	EXP 	hasPeriphery: texRes = 128.0
69.3831 	EXP 	noPeriphery: texRes = 128.0
69.3831 	EXP 	final: texRes = 128.0
69.5828 	EXP 	hasPeriphery: texRes = 128.0
69.5828 	EXP 	noPeriphery: texRes = 128.0
69.5828 	EXP 	final: texRes = 128.0
69.7691 	EXP 	hasPeriphery: texRes = 128.0
69.7691 	EXP 	noPeriphery: texRes = 128.0
69.7691 	EXP 	final: texRes = 128.0
69.8495 	EXP 	hasPeriphery: autoDraw = False
69.8495 	EXP 	noPeriphery: autoDraw = False
69.8495 	EXP 	final: texRes = 128.0
69.9157 	EXP 	final: texRes = 128.0
69.9830 	EXP 	final: texRes = 128.0
70.0624 	EXP 	final: texRes = 128.0
70.1291 	EXP 	final: texRes = 128.0
70.2098 	EXP 	final: texRes = 128.0
70.2896 	EXP 	final: texRes = 128.0
70.3698 	EXP 	final: texRes = 128.0
70.4493 	EXP 	final: texRes = 128.0
70.5295 	EXP 	final: texRes = 128.0
70.6100 	EXP 	final: texRes = 128.0
70.6892 	EXP 	final: texRes = 128.0
70.7693 	EXP 	final: texRes = 128.0
70.8492 	EXP 	final: texRes = 128.0
70.9159 	EXP 	final: texRes = 128.0
70.9963 	EXP 	final: texRes = 128.0
71.0759 	EXP 	final: texRes = 128.0
71.1567 	EXP 	final: texRes = 128.0
71.2363 	EXP 	final: texRes = 128.0
71.3159 	EXP 	final: texRes = 128.0
71.3968 	EXP 	final: texRes = 128.0
71.4767 	EXP 	final: texRes = 128.0
71.5561 	EXP 	final: texRes = 128.0
71.5991 	EXP 	New trial (rep=0, index=5): {'startImage': 'C:\\Users\\hesselmann\\Desktop\\PsychoPyUniformityIllusion\\UniformityIllusionPsychoPy\\Pics\\3start.png', 'midImage': 'C:\\Users\\hesselmann\\Desktop\\PsychoPyUniformityIllusion\\UniformityIllusionPsychoPy\\Pics\\3a.png', 'endImage': 'C:\\Users\\hesselmann\\Desktop\\PsychoPyUniformityIllusion\\UniformityIllusionPsychoPy\\Pics\\3b.png', 'AB': 'b'}
71.8632 	EXP 	final: texRes = 128.0
71.8632 	EXP 	hasPeriphery: autoDraw = False
71.8632 	EXP 	noPeriphery: autoDraw = False
71.8632 	EXP 	final: autoDraw = False
71.8632 	EXP 	blank_screen: autoDraw = False
71.8632 	EXP 	text: autoDraw = False
71.8632 	EXP 	hasPeriphery: size = array([1.77777778, 1.        ])
71.8632 	EXP 	hasPeriphery: image = 'C:\\Users\\hesselmann\\Desktop\\PsychoPyUniformityIllusion\\UniformityIllusionPsychoPy\\Pics\\3a.png'
71.8632 	EXP 	noPeriphery: size = array([1.77777778, 1.        ])
71.8632 	EXP 	noPeriphery: image = 'C:\\Users\\hesselmann\\Desktop\\PsychoPyUniformityIllusion\\UniformityIllusionPsychoPy\\Pics\\3start.png'
71.8632 	EXP 	final: size = array([1.77777778, 1.        ])
71.8632 	EXP 	final: image = 'C:\\Users\\hesselmann\\Desktop\\PsychoPyUniformityIllusion\\UniformityIllusionPsychoPy\\Pics\\3b.png'
71.8632 	EXP 	hasPeriphery: autoDraw = True
71.8632 	EXP 	hasPeriphery: texRes = 128.0
71.8632 	EXP 	noPeriphery: autoDraw = True
71.8632 	EXP 	noPeriphery: texRes = 128.0
71.8632 	EXP 	text: autoDraw = True
71.9966 	EXP 	hasPeriphery: texRes = 128.0
71.9966 	EXP 	noPeriphery: texRes = 128.0
72.1293 	EXP 	hasPeriphery: texRes = 128.0
72.1293 	EXP 	noPeriphery: texRes = 128.0
72.2638 	EXP 	hasPeriphery: texRes = 128.0
72.2638 	EXP 	noPeriphery: texRes = 128.0
72.4097 	EXP 	hasPeriphery: texRes = 128.0
72.4097 	EXP 	noPeriphery: texRes = 128.0
72.5428 	EXP 	hasPeriphery: texRes = 128.0
72.5428 	EXP 	noPeriphery: texRes = 128.0
72.6764 	EXP 	hasPeriphery: texRes = 128.0
72.6764 	EXP 	noPeriphery: texRes = 128.0
72.8094 	EXP 	hasPeriphery: texRes = 128.0
72.8094 	EXP 	noPeriphery: texRes = 128.0
72.9432 	EXP 	hasPeriphery: texRes = 128.0
72.9432 	EXP 	noPeriphery: texRes = 128.0
73.0765 	EXP 	hasPeriphery: texRes = 128.0
73.0765 	EXP 	noPeriphery: texRes = 128.0
73.2094 	EXP 	hasPeriphery: texRes = 128.0
73.2094 	EXP 	noPeriphery: texRes = 128.0
73.3430 	EXP 	hasPeriphery: texRes = 128.0
73.3430 	EXP 	noPeriphery: texRes = 128.0
73.4761 	EXP 	hasPeriphery: texRes = 128.0
73.4761 	EXP 	noPeriphery: texRes = 128.0
73.6098 	EXP 	hasPeriphery: texRes = 128.0
73.6098 	EXP 	noPeriphery: texRes = 128.0
73.7430 	EXP 	hasPeriphery: texRes = 128.0
73.7430 	EXP 	noPeriphery: texRes = 128.0
73.8761 	EXP 	hasPeriphery: texRes = 128.0
73.8761 	EXP 	noPeriphery: texRes = 128.0
73.9965 	EXP 	hasPeriphery: texRes = 128.0
73.9965 	EXP 	noPeriphery: texRes = 128.0
74.1302 	EXP 	hasPeriphery: texRes = 128.0
74.1302 	EXP 	noPeriphery: texRes = 128.0
74.2634 	EXP 	hasPeriphery: texRes = 128.0
74.2634 	EXP 	noPeriphery: texRes = 128.0
74.3962 	EXP 	hasPeriphery: texRes = 128.0
74.3962 	EXP 	noPeriphery: texRes = 128.0
74.5300 	EXP 	hasPeriphery: texRes = 128.0
74.5300 	EXP 	noPeriphery: texRes = 128.0
74.6629 	EXP 	hasPeriphery: texRes = 128.0
74.6629 	EXP 	noPeriphery: texRes = 128.0
74.7966 	EXP 	hasPeriphery: texRes = 128.0
74.7966 	EXP 	noPeriphery: texRes = 128.0
74.9301 	EXP 	hasPeriphery: texRes = 128.0
74.9301 	EXP 	noPeriphery: texRes = 128.0
75.0629 	EXP 	hasPeriphery: texRes = 128.0
75.0629 	EXP 	noPeriphery: texRes = 128.0
75.1970 	EXP 	hasPeriphery: texRes = 128.0
75.1970 	EXP 	noPeriphery: texRes = 128.0
75.3162 	EXP 	hasPeriphery: texRes = 128.0
75.3162 	EXP 	noPeriphery: texRes = 128.0
75.4500 	EXP 	hasPeriphery: texRes = 128.0
75.4500 	EXP 	noPeriphery: texRes = 128.0
75.5833 	EXP 	hasPeriphery: texRes = 128.0
75.5833 	EXP 	noPeriphery: texRes = 128.0
75.7170 	EXP 	hasPeriphery: texRes = 128.0
75.7170 	EXP 	noPeriphery: texRes = 128.0
75.9030 	EXP 	hasPeriphery: texRes = 128.0
75.9030 	EXP 	noPeriphery: texRes = 128.0
75.9030 	EXP 	final: autoDraw = True
75.9030 	EXP 	final: texRes = 128.0
76.0764 	EXP 	hasPeriphery: texRes = 128.0
76.0764 	EXP 	noPeriphery: texRes = 128.0
76.0764 	EXP 	final: texRes = 128.0
76.2631 	EXP 	hasPeriphery: texRes = 128.0
76.2631 	EXP 	noPeriphery: texRes = 128.0
76.2631 	EXP 	final: texRes = 128.0
76.4497 	EXP 	hasPeriphery: texRes = 128.0
76.4497 	EXP 	noPeriphery: texRes = 128.0
76.4497 	EXP 	final: texRes = 128.0
76.6365 	EXP 	hasPeriphery: texRes = 128.0
76.6365 	EXP 	noPeriphery: texRes = 128.0
76.6365 	EXP 	final: texRes = 128.0
76.8235 	EXP 	hasPeriphery: texRes = 128.0
76.8235 	EXP 	noPeriphery: texRes = 128.0
76.8235 	EXP 	final: texRes = 128.0
76.8235 	EXP 	blank_screen: autoDraw = True
77.0105 	EXP 	hasPeriphery: texRes = 128.0
77.0105 	EXP 	noPeriphery: texRes = 128.0
77.0105 	EXP 	final: texRes = 128.0
77.1965 	EXP 	hasPeriphery: texRes = 128.0
77.1965 	EXP 	noPeriphery: texRes = 128.0
77.1965 	EXP 	final: texRes = 128.0
77.1965 	EXP 	blank_screen: autoDraw = False
77.3838 	EXP 	hasPeriphery: texRes = 128.0
77.3838 	EXP 	noPeriphery: texRes = 128.0
77.3838 	EXP 	final: texRes = 128.0
77.5835 	EXP 	hasPeriphery: texRes = 128.0
77.5835 	EXP 	noPeriphery: texRes = 128.0
77.5835 	EXP 	final: texRes = 128.0
77.7700 	EXP 	hasPeriphery: texRes = 128.0
77.7700 	EXP 	noPeriphery: texRes = 128.0
77.7700 	EXP 	final: texRes = 128.0
77.9439 	EXP 	hasPeriphery: texRes = 128.0
77.9439 	EXP 	noPeriphery: texRes = 128.0
77.9439 	EXP 	final: texRes = 128.0
78.1302 	EXP 	hasPeriphery: texRes = 128.0
78.1302 	EXP 	noPeriphery: texRes = 128.0
78.1302 	EXP 	final: texRes = 128.0
78.1302 	EXP 	blank_screen: autoDraw = True
78.3169 	EXP 	hasPeriphery: texRes = 128.0
78.3169 	EXP 	noPeriphery: texRes = 128.0
78.3169 	EXP 	final: texRes = 128.0
78.5033 	EXP 	hasPeriphery: texRes = 128.0
78.5033 	EXP 	noPeriphery: texRes = 128.0
78.5033 	EXP 	final: texRes = 128.0
78.5033 	EXP 	blank_screen: autoDraw = False
78.6903 	EXP 	hasPeriphery: texRes = 128.0
78.6903 	EXP 	noPeriphery: texRes = 128.0
78.6903 	EXP 	final: texRes = 128.0
78.8770 	EXP 	hasPeriphery: texRes = 128.0
78.8770 	EXP 	noPeriphery: texRes = 128.0
78.8770 	EXP 	final: texRes = 128.0
79.0499 	EXP 	hasPeriphery: texRes = 128.0
79.0499 	EXP 	noPeriphery: texRes = 128.0
79.0499 	EXP 	final: texRes = 128.0
79.2238 	EXP 	hasPeriphery: texRes = 128.0
79.2238 	EXP 	noPeriphery: texRes = 128.0
79.2238 	EXP 	final: texRes = 128.0
79.4104 	EXP 	hasPeriphery: texRes = 128.0
79.4104 	EXP 	noPeriphery: texRes = 128.0
79.4104 	EXP 	final: texRes = 128.0
79.4104 	EXP 	blank_screen: autoDraw = True
79.5968 	EXP 	hasPeriphery: texRes = 128.0
79.5968 	EXP 	noPeriphery: texRes = 128.0
79.5968 	EXP 	final: texRes = 128.0
79.7833 	EXP 	hasPeriphery: texRes = 128.0
79.7833 	EXP 	noPeriphery: texRes = 128.0
79.7833 	EXP 	final: texRes = 128.0
79.7833 	EXP 	blank_screen: autoDraw = False
79.9701 	EXP 	hasPeriphery: texRes = 128.0
79.9701 	EXP 	noPeriphery: texRes = 128.0
79.9701 	EXP 	final: texRes = 128.0
80.1572 	EXP 	hasPeriphery: texRes = 128.0
80.1572 	EXP 	noPeriphery: texRes = 128.0
80.1572 	EXP 	final: texRes = 128.0
80.3439 	EXP 	hasPeriphery: texRes = 128.0
80.3439 	EXP 	noPeriphery: texRes = 128.0
80.3439 	EXP 	final: texRes = 128.0
80.5305 	EXP 	hasPeriphery: texRes = 128.0
80.5305 	EXP 	noPeriphery: texRes = 128.0
80.5305 	EXP 	final: texRes = 128.0
80.7168 	EXP 	hasPeriphery: texRes = 128.0
80.7168 	EXP 	noPeriphery: texRes = 128.0
80.7168 	EXP 	final: texRes = 128.0
80.7168 	EXP 	blank_screen: autoDraw = True
80.9049 	EXP 	hasPeriphery: texRes = 128.0
80.9049 	EXP 	noPeriphery: texRes = 128.0
80.9049 	EXP 	final: texRes = 128.0
81.0902 	EXP 	hasPeriphery: texRes = 128.0
81.0902 	EXP 	noPeriphery: texRes = 128.0
81.0902 	EXP 	final: texRes = 128.0
81.0902 	EXP 	blank_screen: autoDraw = False
81.2910 	EXP 	hasPeriphery: texRes = 128.0
81.2910 	EXP 	noPeriphery: texRes = 128.0
81.2910 	EXP 	final: texRes = 128.0
81.4776 	EXP 	hasPeriphery: texRes = 128.0
81.4776 	EXP 	noPeriphery: texRes = 128.0
81.4776 	EXP 	final: texRes = 128.0
81.6636 	EXP 	hasPeriphery: texRes = 128.0
81.6636 	EXP 	noPeriphery: texRes = 128.0
81.6636 	EXP 	final: texRes = 128.0
81.8503 	EXP 	hasPeriphery: texRes = 128.0
81.8503 	EXP 	noPeriphery: texRes = 128.0
81.8503 	EXP 	final: texRes = 128.0
81.9177 	EXP 	hasPeriphery: autoDraw = False
81.9177 	EXP 	noPeriphery: autoDraw = False
81.9177 	EXP 	final: texRes = 128.0
81.9970 	EXP 	final: texRes = 128.0
82.0770 	EXP 	final: texRes = 128.0
82.1570 	EXP 	final: texRes = 128.0
82.2374 	EXP 	final: texRes = 128.0
82.3173 	EXP 	final: texRes = 128.0
82.3978 	EXP 	final: texRes = 128.0
82.4774 	EXP 	final: texRes = 128.0
82.5571 	EXP 	final: texRes = 128.0
82.6377 	EXP 	final: texRes = 128.0
82.7179 	EXP 	final: texRes = 128.0
82.7978 	EXP 	final: texRes = 128.0
82.8776 	EXP 	final: texRes = 128.0
82.9571 	EXP 	final: texRes = 128.0
83.0375 	EXP 	final: texRes = 128.0
83.1175 	EXP 	final: texRes = 128.0
83.1978 	EXP 	final: texRes = 128.0
83.2778 	EXP 	final: texRes = 128.0
83.3578 	EXP 	final: texRes = 128.0
83.4375 	EXP 	final: texRes = 128.0
83.5173 	EXP 	final: texRes = 128.0
83.5976 	EXP 	final: texRes = 128.0
83.6772 	EXP 	final: texRes = 128.0
83.7576 	EXP 	final: texRes = 128.0
83.8244 	EXP 	final: texRes = 128.0
83.8244 	EXP 	hasPeriphery: autoDraw = False
83.8244 	EXP 	noPeriphery: autoDraw = False
83.8244 	EXP 	final: autoDraw = False
83.8244 	EXP 	blank_screen: autoDraw = False
83.8244 	EXP 	text: autoDraw = False
83.8244 	EXP 	WelcomeText: autoDraw = True
85.8205 	EXP 	Imported picPaths.xlsx as conditions, 24 conditions, 4 params
85.8208 	EXP 	Created sequence: sequential, trialTypes=24, nReps=1, seed=None
85.8211 	EXP 	New trial (rep=0, index=0): {'startImage': 'C:\\Users\\hesselmann\\Desktop\\PsychoPyUniformityIllusion\\UniformityIllusionPsychoPy\\Pics\\4start.png', 'midImage': 'C:\\Users\\hesselmann\\Desktop\\PsychoPyUniformityIllusion\\UniformityIllusionPsychoPy\\Pics\\4a.png', 'endImage': 'C:\\Users\\hesselmann\\Desktop\\PsychoPyUniformityIllusion\\UniformityIllusionPsychoPy\\Pics\\4a.png', 'AB': 'a'}
86.0510 	EXP 	WelcomeText: autoDraw = False
86.0510 	EXP 	hasPeriphery_2: size = array([1.77777778, 1.        ])
86.0510 	EXP 	hasPeriphery_2: image = 'C:\\Users\\hesselmann\\Desktop\\PsychoPyUniformityIllusion\\UniformityIllusionPsychoPy\\Pics\\4a.png'
86.0510 	EXP 	noPeriphery_2: size = array([1.77777778, 1.        ])
86.0510 	EXP 	noPeriphery_2: image = 'C:\\Users\\hesselmann\\Desktop\\PsychoPyUniformityIllusion\\UniformityIllusionPsychoPy\\Pics\\4start.png'
86.0510 	EXP 	hasPeriphery_2: autoDraw = True
86.0510 	EXP 	hasPeriphery_2: texRes = 128.0
86.0510 	EXP 	noPeriphery_2: autoDraw = True
86.0510 	EXP 	noPeriphery_2: texRes = 128.0
86.0510 	EXP 	text_2: autoDraw = True
86.1845 	EXP 	hasPeriphery_2: texRes = 128.0
86.1845 	EXP 	noPeriphery_2: texRes = 128.0
86.3177 	EXP 	hasPeriphery_2: texRes = 128.0
86.3177 	EXP 	noPeriphery_2: texRes = 128.0
86.4514 	EXP 	hasPeriphery_2: texRes = 128.0
86.4514 	EXP 	noPeriphery_2: texRes = 128.0
86.5848 	EXP 	hasPeriphery_2: texRes = 128.0
86.5848 	EXP 	noPeriphery_2: texRes = 128.0
86.7185 	EXP 	hasPeriphery_2: texRes = 128.0
86.7185 	EXP 	noPeriphery_2: texRes = 128.0
86.8512 	EXP 	hasPeriphery_2: texRes = 128.0
86.8512 	EXP 	noPeriphery_2: texRes = 128.0
86.9351 	DATA 	Keypress: escape
86.9844 	EXP 	hasPeriphery_2: texRes = 128.0
86.9844 	EXP 	noPeriphery_2: texRes = 128.0
87.2383 	EXP 	window1: mouseVisible = True
