1.0871 	WARNING 	We strongly recommend you activate the PTB sound engine in PsychoPy prefs as the preferred audio engine. Its timing is vastly superior. Your prefs are currently set to use ['sounddevice', 'PTB', 'pyo', 'pygame'] (in that order).
6.4843 	EXP 	Created window1 = Window(allowGUI=False, allowStencil=False, autoLog=True, backendConf=UNKNOWN, bitsMode=UNKNOWN, blendMode='avg', bpc=(8, 8, 8), color=array([0, 0, 0]), colorSpace='rgb', depthBits=8, fullscr=<method-wrapper '__getattribute__' of attributeSetter object at 0x00000207DA3D4E80>, gamma=None, gammaErrorPolicy='raise', lms=UNKNOWN, monitor=<psychopy.monitors.calibTools.Monitor object at 0x00000207DA3AE518>, multiSample=False, name='window1', numSamples=2, pos=[0.0, 0.0], screen=0, size=array([1920, 1080]), stencilBits=0, stereo=False, units='height', useFBO=True, useRetina=False, viewOri=0.0, viewPos=None, viewScale=None, waitBlanking=True, winType='pyglet')
6.4845 	EXP 	window1: mouseVisible = True
6.4846 	EXP 	window1: recordFrameIntervals = False
6.6509 	EXP 	window1: recordFrameIntervals = True
6.8333 	EXP 	window1: recordFrameIntervals = False
7.3117 	EXP 	Created WelcomeText = TextStim(__class__=<class 'psychopy.visual.text.TextStim'>, alignHoriz=method-wrapper(...), alignText='center', alignVert=method-wrapper(...), anchorHoriz='center', anchorVert='center', antialias=True, autoLog=True, bold=False, color=array([1, 1, 1]), colorSpace='rgb', contrast=1.0, depth=0.0, flipHoriz=False, flipVert=False, font='Open Sans', fontFiles=[], height=0.1, italic=False, languageStyle='LTR', name='WelcomeText', opacity=1, ori=0.0, pos=array([0., 0.]), rgb=UNKNOWN, text='Welcome to our Study!', units='height', win=Window(...), wrapWidth=1)
7.3259 	EXP 	Imported test.xlsx as conditions, 1 conditions, 11 params
7.3268 	EXP 	Question text: test
7.3410 	EXP 	window1: mouseVisible = True
7.3740 	EXP 	window1: mouseVisible = True
7.3780 	EXP 	Created unnamed Rect = Rect(__class__=<class 'psychopy.visual.rect.Rect'>, autoDraw=False, autoLog=True, closeShape=True, color=method-wrapper(...), colorSpace='rgb', contrast=None, depth=0, fillColor=array([0, 0, 0]), fillColorSpace='rgb', fillRGB=UNKNOWN, interpolate=True, lineColor=array([0, 0, 0]), lineColorSpace='rgb', lineRGB=UNKNOWN, lineWidth=1.5, name='unnamed Rect', opacity=0, ori=0.0, pos=array([0., 0.]), size=array([0., 0.]), units='height', vertices=ndarray(...), win=Window(...))
7.3841 	EXP 	Created DepressionQuestionnaire = <psychopy.visual.form.Form object at 0x00000207DCF32F28>
7.4072 	EXP 	window1: mouseVisible = True
7.4209 	EXP 	Created instructionsText = TextStim(__class__=<class 'psychopy.visual.text.TextStim'>, alignHoriz=method-wrapper(...), alignText='center', alignVert=method-wrapper(...), anchorHoriz='center', anchorVert='center', antialias=True, autoLog=True, bold=False, color=array([1, 1, 1]), colorSpace='rgb', contrast=1.0, depth=0.0, flipHoriz=False, flipVert=False, font='Open Sans', fontFiles=[], height=0.1, italic=False, languageStyle='LTR', name='instructionsText', opacity=1, ori=0.0, pos=array([0., 0.]), rgb=UNKNOWN, text='Any text\n\nincluding line breaks', units='height', win=Window(...), wrapWidth=1)
7.4240 	EXP 	Created hasPeriphery = ImageStim(__class__=<class 'psychopy.visual.image.ImageStim'>, autoLog=True, color=array([1, 1, 1]), colorSpace='rgb', contrast=1.0, depth=0.0, flipHoriz=False, flipVert=False, image='sin', interpolate=True, mask=None, maskParams=None, name='hasPeriphery', opacity=1.0, ori=0.0, pos=array([0., 0.]), size=array([0.5, 0.5]), texRes=128.0, units='height', win=Window(...))
7.4265 	EXP 	Created noPeriphery = ImageStim(__class__=<class 'psychopy.visual.image.ImageStim'>, autoLog=True, color=array([1, 1, 1]), colorSpace='rgb', contrast=1.0, depth=-2.0, flipHoriz=False, flipVert=False, image='sin', interpolate=True, mask=None, maskParams=None, name='noPeriphery', opacity=1.0, ori=0.0, pos=array([0., 0.]), size=array([0.5, 0.5]), texRes=128.0, units='height', win=Window(...))
7.4313 	EXP 	Created text = TextStim(__class__=<class 'psychopy.visual.text.TextStim'>, alignHoriz=method-wrapper(...), alignText='center', alignVert=method-wrapper(...), anchorHoriz='center', anchorVert='center', antialias=True, autoLog=True, bold=False, color=array([ 1, -1, -1]), colorSpace='rgb', contrast=1.0, depth=-3.0, flipHoriz=False, flipVert=False, font='Open Sans', fontFiles=[], height=0.1, italic=False, languageStyle='LTR', name='text', opacity=1, ori=0.0, pos=array([0., 0.]), rgb=UNKNOWN, text='+', units='height', win=Window(...), wrapWidth=1)
7.4345 	EXP 	Created WelcomeText = TextStim(__class__=<class 'psychopy.visual.text.TextStim'>, alignHoriz=method-wrapper(...), alignText='center', alignVert=method-wrapper(...), anchorHoriz='center', anchorVert='center', antialias=True, autoLog=True, bold=False, color=array([1, 1, 1]), colorSpace='rgb', contrast=1.0, depth=0.0, flipHoriz=False, flipVert=False, font='Open Sans', fontFiles=[], height=0.1, italic=False, languageStyle='LTR', name='WelcomeText', opacity=1, ori=0.0, pos=array([0., 0.]), rgb=UNKNOWN, text='Welcome to our Study!', units='height', win=Window(...), wrapWidth=1)
7.4369 	EXP 	Created hasPeriphery_2 = ImageStim(__class__=<class 'psychopy.visual.image.ImageStim'>, autoLog=True, color=array([1, 1, 1]), colorSpace='rgb', contrast=1.0, depth=0.0, flipHoriz=False, flipVert=False, image='sin', interpolate=True, mask=None, maskParams=None, name='hasPeriphery_2', opacity=1.0, ori=0.0, pos=array([0., 0.]), size=array([0.5, 0.5]), texRes=128.0, units='height', win=Window(...))
7.4392 	EXP 	Created noPeriphery_2 = ImageStim(__class__=<class 'psychopy.visual.image.ImageStim'>, autoLog=True, color=array([1, 1, 1]), colorSpace='rgb', contrast=1.0, depth=-2.0, flipHoriz=False, flipVert=False, image='sin', interpolate=True, mask=None, maskParams=None, name='noPeriphery_2', opacity=1.0, ori=0.0, pos=array([0., 0.]), size=array([0.5, 0.5]), texRes=128.0, units='height', win=Window(...))
7.4409 	EXP 	Created text_2 = TextStim(__class__=<class 'psychopy.visual.text.TextStim'>, alignHoriz=method-wrapper(...), alignText='center', alignVert=method-wrapper(...), anchorHoriz='center', anchorVert='center', antialias=True, autoLog=True, bold=False, color=array([ 1, -1, -1]), colorSpace='rgb', contrast=1.0, depth=-3.0, flipHoriz=False, flipVert=False, font='Open Sans', fontFiles=[], height=0.1, italic=False, languageStyle='LTR', name='text_2', opacity=1, ori=0.0, pos=array([0., 0.]), rgb=UNKNOWN, text='+', units='height', win=Window(...), wrapWidth=1)
7.4829 	EXP 	unnamed Form: autoLog = True
7.4829 	EXP 	DepressionQuestionnaire: name = 'DepressionQuestionnaire'
7.4829 	EXP 	DepressionQuestionnaire: size = (1, 0.7)
7.4829 	EXP 	DepressionQuestionnaire: size = array([1. , 0.7])
7.4829 	EXP 	DepressionQuestionnaire: units = 'height'
7.4829 	EXP 	DepressionQuestionnaire: depth = 0
7.4829 	EXP 	WelcomeText: autoDraw = True
8.3365 	DATA 	Keypress: space
9.4829 	EXP 	WelcomeText: autoDraw = False
9.4829 	EXP 	DepressionQuestionnaire: autoDraw = True
11.5508 	DATA 	Mouse: Left button down, pos=(1197,476)
11.7168 	DATA 	Mouse:  Left button up, pos=(1205,473)
12.0163 	DATA 	Mouse: Left button down, pos=(1278,531)
12.0487 	EXP 	DepressionQuestionnaire: autoDraw = False
12.0487 	EXP 	instructionsText: autoDraw = True
12.1046 	DATA 	Mouse:  Left button up, pos=(1278,531)
13.0197 	DATA 	Keypress: space
13.0453 	EXP 	Imported picPaths.xlsx as conditions, 6 conditions, 3 params
13.0456 	EXP 	Created sequence: sequential, trialTypes=6, nReps=1, seed=None
13.0459 	EXP 	New trial (rep=0, index=0): {'startImage': 'C:\\Users\\hesselmann\\Desktop\\PsychoPyUniformityIllusion\\UniformityIllusionPsychoPy\\Pics\\1start.png', 'endImage': 'C:\\Users\\hesselmann\\Desktop\\PsychoPyUniformityIllusion\\UniformityIllusionPsychoPy\\Pics\\1a.png', 'AB': 'a'}
13.2651 	EXP 	instructionsText: autoDraw = False
13.2651 	EXP 	hasPeriphery: size = array([1.77777778, 1.        ])
13.2651 	EXP 	hasPeriphery: image = 'C:\\Users\\hesselmann\\Desktop\\PsychoPyUniformityIllusion\\UniformityIllusionPsychoPy\\Pics\\1a.png'
13.2651 	EXP 	noPeriphery: size = array([1.77777778, 1.        ])
13.2651 	EXP 	noPeriphery: image = 'C:\\Users\\hesselmann\\Desktop\\PsychoPyUniformityIllusion\\UniformityIllusionPsychoPy\\Pics\\1start.png'
13.2651 	EXP 	hasPeriphery: autoDraw = True
13.2651 	EXP 	hasPeriphery: texRes = 128.0
13.2651 	EXP 	noPeriphery: autoDraw = True
13.2651 	EXP 	noPeriphery: texRes = 128.0
13.2651 	EXP 	text: autoDraw = True
13.3984 	EXP 	hasPeriphery: texRes = 128.0
13.3984 	EXP 	noPeriphery: texRes = 128.0
13.5321 	EXP 	hasPeriphery: texRes = 128.0
13.5321 	EXP 	noPeriphery: texRes = 128.0
13.6651 	EXP 	hasPeriphery: texRes = 128.0
13.6651 	EXP 	noPeriphery: texRes = 128.0
13.7517 	EXP 	New trial (rep=0, index=1): {'startImage': 'C:\\Users\\hesselmann\\Desktop\\PsychoPyUniformityIllusion\\UniformityIllusionPsychoPy\\Pics\\1start.png', 'endImage': 'C:\\Users\\hesselmann\\Desktop\\PsychoPyUniformityIllusion\\UniformityIllusionPsychoPy\\Pics\\1b.png', 'AB': 'b'}
13.9241 	DATA 	Keypress: space
13.9650 	EXP 	hasPeriphery: texRes = 128.0
13.9650 	EXP 	noPeriphery: texRes = 128.0
13.9650 	EXP 	hasPeriphery: autoDraw = False
13.9650 	EXP 	noPeriphery: autoDraw = False
13.9650 	EXP 	text: autoDraw = False
13.9650 	EXP 	hasPeriphery: size = array([1.77777778, 1.        ])
13.9650 	EXP 	hasPeriphery: image = 'C:\\Users\\hesselmann\\Desktop\\PsychoPyUniformityIllusion\\UniformityIllusionPsychoPy\\Pics\\1b.png'
13.9650 	EXP 	noPeriphery: size = array([1.77777778, 1.        ])
13.9650 	EXP 	noPeriphery: image = 'C:\\Users\\hesselmann\\Desktop\\PsychoPyUniformityIllusion\\UniformityIllusionPsychoPy\\Pics\\1start.png'
13.9650 	EXP 	hasPeriphery: autoDraw = True
13.9650 	EXP 	hasPeriphery: texRes = 128.0
13.9650 	EXP 	noPeriphery: autoDraw = True
13.9650 	EXP 	noPeriphery: texRes = 128.0
13.9650 	EXP 	text: autoDraw = True
14.0987 	EXP 	hasPeriphery: texRes = 128.0
14.0987 	EXP 	noPeriphery: texRes = 128.0
14.1919 	DATA 	Keypress: space
14.2316 	EXP 	hasPeriphery: texRes = 128.0
14.2316 	EXP 	noPeriphery: texRes = 128.0
14.3187 	EXP 	New trial (rep=0, index=2): {'startImage': 'C:\\Users\\hesselmann\\Desktop\\PsychoPyUniformityIllusion\\UniformityIllusionPsychoPy\\Pics\\2start.png', 'endImage': 'C:\\Users\\hesselmann\\Desktop\\PsychoPyUniformityIllusion\\UniformityIllusionPsychoPy\\Pics\\2a.png', 'AB': 'a'}
14.4982 	EXP 	hasPeriphery: texRes = 128.0
14.4982 	EXP 	noPeriphery: texRes = 128.0
14.4982 	EXP 	hasPeriphery: autoDraw = False
14.4982 	EXP 	noPeriphery: autoDraw = False
14.4982 	EXP 	text: autoDraw = False
14.4982 	EXP 	hasPeriphery: size = array([1.77777778, 1.        ])
14.4982 	EXP 	hasPeriphery: image = 'C:\\Users\\hesselmann\\Desktop\\PsychoPyUniformityIllusion\\UniformityIllusionPsychoPy\\Pics\\2a.png'
14.4982 	EXP 	noPeriphery: size = array([1.77777778, 1.        ])
14.4982 	EXP 	noPeriphery: image = 'C:\\Users\\hesselmann\\Desktop\\PsychoPyUniformityIllusion\\UniformityIllusionPsychoPy\\Pics\\2start.png'
14.4982 	EXP 	hasPeriphery: autoDraw = True
14.4982 	EXP 	hasPeriphery: texRes = 128.0
14.4982 	EXP 	noPeriphery: autoDraw = True
14.4982 	EXP 	noPeriphery: texRes = 128.0
14.4982 	EXP 	text: autoDraw = True
14.6153 	EXP 	hasPeriphery: texRes = 128.0
14.6153 	EXP 	noPeriphery: texRes = 128.0
14.7322 	EXP 	hasPeriphery: texRes = 128.0
14.7322 	EXP 	noPeriphery: texRes = 128.0
14.8070 	EXP 	New trial (rep=0, index=3): {'startImage': 'C:\\Users\\hesselmann\\Desktop\\PsychoPyUniformityIllusion\\UniformityIllusionPsychoPy\\Pics\\2start.png', 'endImage': 'C:\\Users\\hesselmann\\Desktop\\PsychoPyUniformityIllusion\\UniformityIllusionPsychoPy\\Pics\\2b.png', 'AB': 'b'}
14.9356 	DATA 	Keypress: space
14.9822 	EXP 	hasPeriphery: texRes = 128.0
14.9822 	EXP 	noPeriphery: texRes = 128.0
14.9822 	EXP 	hasPeriphery: autoDraw = False
14.9822 	EXP 	noPeriphery: autoDraw = False
14.9822 	EXP 	text: autoDraw = False
14.9822 	EXP 	hasPeriphery: size = array([1.77777778, 1.        ])
14.9822 	EXP 	hasPeriphery: image = 'C:\\Users\\hesselmann\\Desktop\\PsychoPyUniformityIllusion\\UniformityIllusionPsychoPy\\Pics\\2b.png'
14.9822 	EXP 	noPeriphery: size = array([1.77777778, 1.        ])
14.9822 	EXP 	noPeriphery: image = 'C:\\Users\\hesselmann\\Desktop\\PsychoPyUniformityIllusion\\UniformityIllusionPsychoPy\\Pics\\2start.png'
14.9822 	EXP 	hasPeriphery: autoDraw = True
14.9822 	EXP 	hasPeriphery: texRes = 128.0
14.9822 	EXP 	noPeriphery: autoDraw = True
14.9822 	EXP 	noPeriphery: texRes = 128.0
14.9822 	EXP 	text: autoDraw = True
15.0981 	EXP 	hasPeriphery: texRes = 128.0
15.0981 	EXP 	noPeriphery: texRes = 128.0
15.2148 	EXP 	hasPeriphery: texRes = 128.0
15.2148 	EXP 	noPeriphery: texRes = 128.0
15.2846 	DATA 	Keypress: space
15.3323 	EXP 	hasPeriphery: texRes = 128.0
15.3323 	EXP 	noPeriphery: texRes = 128.0
15.3986 	EXP 	New trial (rep=0, index=4): {'startImage': 'C:\\Users\\hesselmann\\Desktop\\PsychoPyUniformityIllusion\\UniformityIllusionPsychoPy\\Pics\\3start.png', 'endImage': 'C:\\Users\\hesselmann\\Desktop\\PsychoPyUniformityIllusion\\UniformityIllusionPsychoPy\\Pics\\3a.png', 'AB': 'a'}
15.5822 	EXP 	hasPeriphery: texRes = 128.0
15.5822 	EXP 	noPeriphery: texRes = 128.0
15.5822 	EXP 	hasPeriphery: autoDraw = False
15.5822 	EXP 	noPeriphery: autoDraw = False
15.5822 	EXP 	text: autoDraw = False
15.5822 	EXP 	hasPeriphery: size = array([1.77777778, 1.        ])
15.5822 	EXP 	hasPeriphery: image = 'C:\\Users\\hesselmann\\Desktop\\PsychoPyUniformityIllusion\\UniformityIllusionPsychoPy\\Pics\\3a.png'
15.5822 	EXP 	noPeriphery: size = array([1.77777778, 1.        ])
15.5822 	EXP 	noPeriphery: image = 'C:\\Users\\hesselmann\\Desktop\\PsychoPyUniformityIllusion\\UniformityIllusionPsychoPy\\Pics\\3start.png'
15.5822 	EXP 	hasPeriphery: autoDraw = True
15.5822 	EXP 	hasPeriphery: texRes = 128.0
15.5822 	EXP 	noPeriphery: autoDraw = True
15.5822 	EXP 	noPeriphery: texRes = 128.0
15.5822 	EXP 	text: autoDraw = True
15.6990 	EXP 	hasPeriphery: texRes = 128.0
15.6990 	EXP 	noPeriphery: texRes = 128.0
15.8146 	EXP 	hasPeriphery: texRes = 128.0
15.8146 	EXP 	noPeriphery: texRes = 128.0
15.8877 	EXP 	New trial (rep=0, index=5): {'startImage': 'C:\\Users\\hesselmann\\Desktop\\PsychoPyUniformityIllusion\\UniformityIllusionPsychoPy\\Pics\\3start.png', 'endImage': 'C:\\Users\\hesselmann\\Desktop\\PsychoPyUniformityIllusion\\UniformityIllusionPsychoPy\\Pics\\3b.png', 'AB': 'b'}
16.0326 	DATA 	Keypress: space
16.0812 	EXP 	hasPeriphery: texRes = 128.0
16.0812 	EXP 	noPeriphery: texRes = 128.0
16.0812 	EXP 	hasPeriphery: autoDraw = False
16.0812 	EXP 	noPeriphery: autoDraw = False
16.0812 	EXP 	text: autoDraw = False
16.0812 	EXP 	hasPeriphery: size = array([1.77777778, 1.        ])
16.0812 	EXP 	hasPeriphery: image = 'C:\\Users\\hesselmann\\Desktop\\PsychoPyUniformityIllusion\\UniformityIllusionPsychoPy\\Pics\\3b.png'
16.0812 	EXP 	noPeriphery: size = array([1.77777778, 1.        ])
16.0812 	EXP 	noPeriphery: image = 'C:\\Users\\hesselmann\\Desktop\\PsychoPyUniformityIllusion\\UniformityIllusionPsychoPy\\Pics\\3start.png'
16.0812 	EXP 	hasPeriphery: autoDraw = True
16.0812 	EXP 	hasPeriphery: texRes = 128.0
16.0812 	EXP 	noPeriphery: autoDraw = True
16.0812 	EXP 	noPeriphery: texRes = 128.0
16.0812 	EXP 	text: autoDraw = True
16.2145 	EXP 	hasPeriphery: texRes = 128.0
16.2145 	EXP 	noPeriphery: texRes = 128.0
16.3478 	EXP 	hasPeriphery: texRes = 128.0
16.3478 	EXP 	noPeriphery: texRes = 128.0
16.4310 	DATA 	Keypress: space
16.4482 	EXP 	hasPeriphery: texRes = 128.0
16.4482 	EXP 	noPeriphery: texRes = 128.0
16.4482 	EXP 	hasPeriphery: autoDraw = False
16.4482 	EXP 	noPeriphery: autoDraw = False
16.4482 	EXP 	text: autoDraw = False
16.4482 	EXP 	WelcomeText: autoDraw = True
18.4406 	EXP 	Imported picPaths.xlsx as conditions, 23 conditions, 3 params
18.4409 	EXP 	Created sequence: sequential, trialTypes=23, nReps=1, seed=None
18.4412 	EXP 	New trial (rep=0, index=0): {'startImage': 'C:\\Users\\hesselmann\\Desktop\\PsychoPyUniformityIllusion\\UniformityIllusionPsychoPy\\Pics\\4start.png', 'endImage': 'C:\\Users\\hesselmann\\Desktop\\PsychoPyUniformityIllusion\\UniformityIllusionPsychoPy\\Pics\\4b.png', 'AB': 'b'}
18.6311 	EXP 	WelcomeText: autoDraw = False
18.6311 	EXP 	hasPeriphery_2: size = array([1.77777778, 1.        ])
18.6311 	EXP 	hasPeriphery_2: image = 'C:\\Users\\hesselmann\\Desktop\\PsychoPyUniformityIllusion\\UniformityIllusionPsychoPy\\Pics\\4b.png'
18.6311 	EXP 	noPeriphery_2: size = array([1.77777778, 1.        ])
18.6311 	EXP 	noPeriphery_2: image = 'C:\\Users\\hesselmann\\Desktop\\PsychoPyUniformityIllusion\\UniformityIllusionPsychoPy\\Pics\\4start.png'
18.6311 	EXP 	hasPeriphery_2: autoDraw = True
18.6311 	EXP 	hasPeriphery_2: texRes = 128.0
18.6311 	EXP 	noPeriphery_2: autoDraw = True
18.6311 	EXP 	noPeriphery_2: texRes = 128.0
18.6311 	EXP 	text_2: autoDraw = True
18.7487 	EXP 	hasPeriphery_2: texRes = 128.0
18.7487 	EXP 	noPeriphery_2: texRes = 128.0
18.8809 	EXP 	hasPeriphery_2: texRes = 128.0
18.8809 	EXP 	noPeriphery_2: texRes = 128.0
18.9977 	EXP 	hasPeriphery_2: texRes = 128.0
18.9977 	EXP 	noPeriphery_2: texRes = 128.0
19.1154 	EXP 	hasPeriphery_2: texRes = 128.0
19.1154 	EXP 	noPeriphery_2: texRes = 128.0
19.2310 	EXP 	hasPeriphery_2: texRes = 128.0
19.2310 	EXP 	noPeriphery_2: texRes = 128.0
19.3476 	EXP 	hasPeriphery_2: texRes = 128.0
19.3476 	EXP 	noPeriphery_2: texRes = 128.0
19.4639 	EXP 	hasPeriphery_2: texRes = 128.0
19.4639 	EXP 	noPeriphery_2: texRes = 128.0
19.5813 	EXP 	hasPeriphery_2: texRes = 128.0
19.5813 	EXP 	noPeriphery_2: texRes = 128.0
19.7142 	EXP 	hasPeriphery_2: texRes = 128.0
19.7142 	EXP 	noPeriphery_2: texRes = 128.0
19.7847 	EXP 	New trial (rep=0, index=1): {'startImage': 'C:\\Users\\hesselmann\\Desktop\\PsychoPyUniformityIllusion\\UniformityIllusionPsychoPy\\Pics\\5start.png', 'endImage': 'C:\\Users\\hesselmann\\Desktop\\PsychoPyUniformityIllusion\\UniformityIllusionPsychoPy\\Pics\\5a.png', 'AB': 'a'}
19.9766 	DATA 	Keypress: space
20.0137 	EXP 	hasPeriphery_2: texRes = 128.0
20.0137 	EXP 	noPeriphery_2: texRes = 128.0
20.0137 	EXP 	hasPeriphery_2: autoDraw = False
20.0137 	EXP 	noPeriphery_2: autoDraw = False
20.0137 	EXP 	text_2: autoDraw = False
20.0137 	EXP 	hasPeriphery_2: size = array([1.77777778, 1.        ])
20.0137 	EXP 	hasPeriphery_2: image = 'C:\\Users\\hesselmann\\Desktop\\PsychoPyUniformityIllusion\\UniformityIllusionPsychoPy\\Pics\\5a.png'
20.0137 	EXP 	noPeriphery_2: size = array([1.77777778, 1.        ])
20.0137 	EXP 	noPeriphery_2: image = 'C:\\Users\\hesselmann\\Desktop\\PsychoPyUniformityIllusion\\UniformityIllusionPsychoPy\\Pics\\5start.png'
20.0137 	EXP 	hasPeriphery_2: autoDraw = True
20.0137 	EXP 	hasPeriphery_2: texRes = 128.0
20.0137 	EXP 	noPeriphery_2: autoDraw = True
20.0137 	EXP 	noPeriphery_2: texRes = 128.0
20.0137 	EXP 	text_2: autoDraw = True
20.1643 	EXP 	hasPeriphery_2: texRes = 128.0
20.1643 	EXP 	noPeriphery_2: texRes = 128.0
20.3149 	EXP 	hasPeriphery_2: texRes = 128.0
20.3149 	EXP 	noPeriphery_2: texRes = 128.0
20.4815 	EXP 	hasPeriphery_2: texRes = 128.0
20.4815 	EXP 	noPeriphery_2: texRes = 128.0
20.5792 	EXP 	New trial (rep=0, index=2): {'startImage': 'C:\\Users\\hesselmann\\Desktop\\PsychoPyUniformityIllusion\\UniformityIllusionPsychoPy\\Pics\\5start.png', 'endImage': 'C:\\Users\\hesselmann\\Desktop\\PsychoPyUniformityIllusion\\UniformityIllusionPsychoPy\\Pics\\5b.png', 'AB': 'b'}
20.7617 	DATA 	Keypress: space
20.7973 	EXP 	hasPeriphery_2: texRes = 128.0
20.7973 	EXP 	noPeriphery_2: texRes = 128.0
20.7973 	EXP 	hasPeriphery_2: autoDraw = False
20.7973 	EXP 	noPeriphery_2: autoDraw = False
20.7973 	EXP 	text_2: autoDraw = False
20.7973 	EXP 	hasPeriphery_2: size = array([1.77777778, 1.        ])
20.7973 	EXP 	hasPeriphery_2: image = 'C:\\Users\\hesselmann\\Desktop\\PsychoPyUniformityIllusion\\UniformityIllusionPsychoPy\\Pics\\5b.png'
20.7973 	EXP 	noPeriphery_2: size = array([1.77777778, 1.        ])
20.7973 	EXP 	noPeriphery_2: image = 'C:\\Users\\hesselmann\\Desktop\\PsychoPyUniformityIllusion\\UniformityIllusionPsychoPy\\Pics\\5start.png'
20.7973 	EXP 	hasPeriphery_2: autoDraw = True
20.7973 	EXP 	hasPeriphery_2: texRes = 128.0
20.7973 	EXP 	noPeriphery_2: autoDraw = True
20.7973 	EXP 	noPeriphery_2: texRes = 128.0
20.7973 	EXP 	text_2: autoDraw = True
20.9306 	EXP 	hasPeriphery_2: texRes = 128.0
20.9306 	EXP 	noPeriphery_2: texRes = 128.0
21.0644 	EXP 	hasPeriphery_2: texRes = 128.0
21.0644 	EXP 	noPeriphery_2: texRes = 128.0
21.1972 	EXP 	hasPeriphery_2: texRes = 128.0
21.1972 	EXP 	noPeriphery_2: texRes = 128.0
21.3311 	EXP 	hasPeriphery_2: texRes = 128.0
21.3311 	EXP 	noPeriphery_2: texRes = 128.0
21.4647 	EXP 	hasPeriphery_2: texRes = 128.0
21.4647 	EXP 	noPeriphery_2: texRes = 128.0
21.5707 	DATA 	Keypress: space
21.6142 	EXP 	hasPeriphery_2: texRes = 128.0
21.6142 	EXP 	noPeriphery_2: texRes = 128.0
21.7033 	EXP 	New trial (rep=0, index=3): {'startImage': 'C:\\Users\\hesselmann\\Desktop\\PsychoPyUniformityIllusion\\UniformityIllusionPsychoPy\\Pics\\6start.png', 'endImage': 'C:\\Users\\hesselmann\\Desktop\\PsychoPyUniformityIllusion\\UniformityIllusionPsychoPy\\Pics\\6a.png', 'AB': 'a'}
21.9138 	EXP 	hasPeriphery_2: texRes = 128.0
21.9138 	EXP 	noPeriphery_2: texRes = 128.0
21.9138 	EXP 	hasPeriphery_2: autoDraw = False
21.9138 	EXP 	noPeriphery_2: autoDraw = False
21.9138 	EXP 	text_2: autoDraw = False
21.9138 	EXP 	hasPeriphery_2: size = array([1.77777778, 1.        ])
21.9138 	EXP 	hasPeriphery_2: image = 'C:\\Users\\hesselmann\\Desktop\\PsychoPyUniformityIllusion\\UniformityIllusionPsychoPy\\Pics\\6a.png'
21.9138 	EXP 	noPeriphery_2: size = array([1.77777778, 1.        ])
21.9138 	EXP 	noPeriphery_2: image = 'C:\\Users\\hesselmann\\Desktop\\PsychoPyUniformityIllusion\\UniformityIllusionPsychoPy\\Pics\\6start.png'
21.9138 	EXP 	hasPeriphery_2: autoDraw = True
21.9138 	EXP 	hasPeriphery_2: texRes = 128.0
21.9138 	EXP 	noPeriphery_2: autoDraw = True
21.9138 	EXP 	noPeriphery_2: texRes = 128.0
21.9138 	EXP 	text_2: autoDraw = True
22.0475 	EXP 	hasPeriphery_2: texRes = 128.0
22.0475 	EXP 	noPeriphery_2: texRes = 128.0
22.1801 	EXP 	hasPeriphery_2: texRes = 128.0
22.1801 	EXP 	noPeriphery_2: texRes = 128.0
22.3138 	EXP 	hasPeriphery_2: texRes = 128.0
22.3138 	EXP 	noPeriphery_2: texRes = 128.0
22.4474 	EXP 	hasPeriphery_2: texRes = 128.0
22.4474 	EXP 	noPeriphery_2: texRes = 128.0
22.5801 	EXP 	hasPeriphery_2: texRes = 128.0
22.5801 	EXP 	noPeriphery_2: texRes = 128.0
22.7299 	EXP 	hasPeriphery_2: texRes = 128.0
22.7299 	EXP 	noPeriphery_2: texRes = 128.0
22.8636 	EXP 	hasPeriphery_2: texRes = 128.0
22.8636 	EXP 	noPeriphery_2: texRes = 128.0
22.9972 	EXP 	hasPeriphery_2: texRes = 128.0
22.9972 	EXP 	noPeriphery_2: texRes = 128.0
23.1306 	EXP 	hasPeriphery_2: texRes = 128.0
23.1306 	EXP 	noPeriphery_2: texRes = 128.0
23.2636 	EXP 	hasPeriphery_2: texRes = 128.0
23.2636 	EXP 	noPeriphery_2: texRes = 128.0
23.3977 	EXP 	hasPeriphery_2: texRes = 128.0
23.3977 	EXP 	noPeriphery_2: texRes = 128.0
23.5298 	EXP 	hasPeriphery_2: texRes = 128.0
23.5298 	EXP 	noPeriphery_2: texRes = 128.0
23.6634 	EXP 	hasPeriphery_2: texRes = 128.0
23.6634 	EXP 	noPeriphery_2: texRes = 128.0
23.7976 	EXP 	hasPeriphery_2: texRes = 128.0
23.7976 	EXP 	noPeriphery_2: texRes = 128.0
23.9308 	EXP 	hasPeriphery_2: texRes = 128.0
23.9308 	EXP 	noPeriphery_2: texRes = 128.0
24.0630 	EXP 	hasPeriphery_2: texRes = 128.0
24.0630 	EXP 	noPeriphery_2: texRes = 128.0
24.1968 	EXP 	hasPeriphery_2: texRes = 128.0
24.1968 	EXP 	noPeriphery_2: texRes = 128.0
24.3296 	EXP 	hasPeriphery_2: texRes = 128.0
24.3296 	EXP 	noPeriphery_2: texRes = 128.0
24.4640 	EXP 	hasPeriphery_2: texRes = 128.0
24.4640 	EXP 	noPeriphery_2: texRes = 128.0
24.5966 	EXP 	hasPeriphery_2: texRes = 128.0
24.5966 	EXP 	noPeriphery_2: texRes = 128.0
24.7303 	EXP 	hasPeriphery_2: texRes = 128.0
24.7303 	EXP 	noPeriphery_2: texRes = 128.0
24.8636 	EXP 	hasPeriphery_2: texRes = 128.0
24.8636 	EXP 	noPeriphery_2: texRes = 128.0
24.9967 	EXP 	hasPeriphery_2: texRes = 128.0
24.9967 	EXP 	noPeriphery_2: texRes = 128.0
25.1304 	EXP 	hasPeriphery_2: texRes = 128.0
25.1304 	EXP 	noPeriphery_2: texRes = 128.0
25.2636 	EXP 	hasPeriphery_2: texRes = 128.0
25.2636 	EXP 	noPeriphery_2: texRes = 128.0
25.3963 	EXP 	hasPeriphery_2: texRes = 128.0
25.3963 	EXP 	noPeriphery_2: texRes = 128.0
25.5298 	EXP 	hasPeriphery_2: texRes = 128.0
25.5298 	EXP 	noPeriphery_2: texRes = 128.0
25.6640 	EXP 	hasPeriphery_2: texRes = 128.0
25.6640 	EXP 	noPeriphery_2: texRes = 128.0
25.7960 	EXP 	hasPeriphery_2: texRes = 128.0
25.7960 	EXP 	noPeriphery_2: texRes = 128.0
25.9300 	EXP 	hasPeriphery_2: texRes = 128.0
25.9300 	EXP 	noPeriphery_2: texRes = 128.0
26.0626 	EXP 	hasPeriphery_2: texRes = 128.0
26.0626 	EXP 	noPeriphery_2: texRes = 128.0
26.1959 	EXP 	hasPeriphery_2: texRes = 128.0
26.1959 	EXP 	noPeriphery_2: texRes = 128.0
26.3303 	EXP 	hasPeriphery_2: texRes = 128.0
26.3303 	EXP 	noPeriphery_2: texRes = 128.0
26.4625 	EXP 	hasPeriphery_2: texRes = 128.0
26.4625 	EXP 	noPeriphery_2: texRes = 128.0
26.5498 	DATA 	Keypress: escape
26.5959 	EXP 	hasPeriphery_2: texRes = 128.0
26.5959 	EXP 	noPeriphery_2: texRes = 128.0
26.8242 	EXP 	window1: mouseVisible = True
