1.0185 	WARNING 	We strongly recommend you activate the PTB sound engine in PsychoPy prefs as the preferred audio engine. Its timing is vastly superior. Your prefs are currently set to use ['sounddevice', 'PTB', 'pyo', 'pygame'] (in that order).
6.1754 	EXP 	Created window1 = Window(allowGUI=False, allowStencil=False, autoLog=True, backendConf=UNKNOWN, bitsMode=UNKNOWN, blendMode='avg', bpc=(8, 8, 8), color=array([0, 0, 0]), colorSpace='rgb', depthBits=8, fullscr=<method-wrapper '__getattribute__' of attributeSetter object at 0x000001529C9A4EB8>, gamma=None, gammaErrorPolicy='raise', lms=UNKNOWN, monitor=<psychopy.monitors.calibTools.Monitor object at 0x000001529C980518>, multiSample=False, name='window1', numSamples=2, pos=[0.0, 0.0], screen=0, size=array([1920, 1080]), stencilBits=0, stereo=False, units='height', useFBO=True, useRetina=False, viewOri=0.0, viewPos=None, viewScale=None, waitBlanking=True, winType='pyglet')
6.1756 	EXP 	window1: mouseVisible = True
6.1757 	EXP 	window1: recordFrameIntervals = False
6.3413 	EXP 	window1: recordFrameIntervals = True
6.5251 	EXP 	window1: recordFrameIntervals = False
6.9177 	EXP 	Created WelcomeText = TextStim(__class__=<class 'psychopy.visual.text.TextStim'>, alignHoriz=method-wrapper(...), alignText='center', alignVert=method-wrapper(...), anchorHoriz='center', anchorVert='center', antialias=True, autoLog=True, bold=False, color=array([1, 1, 1]), colorSpace='rgb', contrast=1.0, depth=0.0, flipHoriz=False, flipVert=False, font='Open Sans', fontFiles=[], height=0.1, italic=False, languageStyle='LTR', name='WelcomeText', opacity=1, ori=0.0, pos=array([0., 0.]), rgb=UNKNOWN, text='Welcome to our Study!', units='height', win=Window(...), wrapWidth=1)
6.9341 	EXP 	Imported depression.xlsx as conditions, 2 conditions, 12 params
6.9353 	EXP 	Question text: Sadness
6.9719 	EXP 	window1: mouseVisible = True
7.0017 	EXP 	Question text: Pessimism
7.0134 	EXP 	window1: mouseVisible = True
7.0360 	EXP 	window1: mouseVisible = True
7.0403 	EXP 	Created unnamed Rect = Rect(__class__=<class 'psychopy.visual.rect.Rect'>, autoDraw=False, autoLog=True, closeShape=True, color=method-wrapper(...), colorSpace='rgb', contrast=None, depth=0, fillColor=array([0, 0, 0]), fillColorSpace='rgb', fillRGB=UNKNOWN, interpolate=True, lineColor=array([0, 0, 0]), lineColorSpace='rgb', lineRGB=UNKNOWN, lineWidth=1.5, name='unnamed Rect', opacity=0, ori=0.0, pos=array([0., 0.]), size=array([0., 0.]), units='height', vertices=ndarray(...), win=Window(...))
7.0475 	EXP 	Created DepressionQuestionnaire = <psychopy.visual.form.Form object at 0x000001529F7F27B8>
7.0706 	EXP 	window1: mouseVisible = True
7.1151 	EXP 	Created instructionsText = TextStim(__class__=<class 'psychopy.visual.text.TextStim'>, alignHoriz=method-wrapper(...), alignText='center', alignVert=method-wrapper(...), anchorHoriz='center', anchorVert='center', antialias=True, autoLog=True, bold=False, color=array([1, 1, 1]), colorSpace='rgb', contrast=1.0, depth=0.0, flipHoriz=False, flipVert=False, font='Open Sans', fontFiles=[], height=0.04, italic=False, languageStyle='LTR', name='instructionsText', opacity=1, ori=0.0, pos=array([0., 0.]), rgb=UNKNOWN, text=str(...), units='height', win=Window(...), wrapWidth=1)
7.1182 	EXP 	Created hasPeriphery = ImageStim(__class__=<class 'psychopy.visual.image.ImageStim'>, autoLog=True, color=array([1, 1, 1]), colorSpace='rgb', contrast=1.0, depth=-1.0, flipHoriz=False, flipVert=False, image='sin', interpolate=True, mask=None, maskParams=None, name='hasPeriphery', opacity=1.0, ori=0.0, pos=array([0., 0.]), size=array([0.5, 0.5]), texRes=128.0, units='height', win=Window(...))
7.1207 	EXP 	Created noPeriphery = ImageStim(__class__=<class 'psychopy.visual.image.ImageStim'>, autoLog=True, color=array([1, 1, 1]), colorSpace='rgb', contrast=1.0, depth=-3.0, flipHoriz=False, flipVert=False, image='sin', interpolate=True, mask=None, maskParams=None, name='noPeriphery', opacity=1.0, ori=0.0, pos=array([0., 0.]), size=array([0.5, 0.5]), texRes=128.0, units='height', win=Window(...))
7.1217 	EXP 	Created blank_screen = Rect(__class__=<class 'psychopy.visual.rect.Rect'>, autoDraw=False, autoLog=True, closeShape=True, color=method-wrapper(...), colorSpace='rgb', contrast=None, depth=-4.0, fillColor=array([1, 1, 1]), fillColorSpace='rgb', fillRGB=UNKNOWN, interpolate=True, lineColor=array([1, 1, 1]), lineColorSpace='rgb', lineRGB=UNKNOWN, lineWidth=1.0, name='blank_screen', opacity=1.0, ori=0.0, pos=array([0., 0.]), size=array([2., 1.]), units='height', vertices=ndarray(...), win=Window(...))
7.1275 	EXP 	Created text = TextStim(__class__=<class 'psychopy.visual.text.TextStim'>, alignHoriz=method-wrapper(...), alignText='center', alignVert=method-wrapper(...), anchorHoriz='center', anchorVert='center', antialias=True, autoLog=True, bold=False, color=array([ 1, -1, -1]), colorSpace='rgb', contrast=1.0, depth=-5.0, flipHoriz=False, flipVert=False, font='Open Sans', fontFiles=[], height=0.1, italic=False, languageStyle='LTR', name='text', opacity=1, ori=0.0, pos=array([0., 0.]), rgb=UNKNOWN, text='+', units='height', win=Window(...), wrapWidth=1)
7.1379 	EXP 	Created WelcomeText = TextStim(__class__=<class 'psychopy.visual.text.TextStim'>, alignHoriz=method-wrapper(...), alignText='center', alignVert=method-wrapper(...), anchorHoriz='center', anchorVert='center', antialias=True, autoLog=True, bold=False, color=array([1, 1, 1]), colorSpace='rgb', contrast=1.0, depth=0.0, flipHoriz=False, flipVert=False, font='Open Sans', fontFiles=[], height=0.1, italic=False, languageStyle='LTR', name='WelcomeText', opacity=1, ori=0.0, pos=array([0., 0.]), rgb=UNKNOWN, text='Welcome to our Study!', units='height', win=Window(...), wrapWidth=1)
7.1405 	EXP 	Created hasPeriphery_2 = ImageStim(__class__=<class 'psychopy.visual.image.ImageStim'>, autoLog=True, color=array([1, 1, 1]), colorSpace='rgb', contrast=1.0, depth=-1.0, flipHoriz=False, flipVert=False, image='sin', interpolate=True, mask=None, maskParams=None, name='hasPeriphery_2', opacity=1.0, ori=0.0, pos=array([0., 0.]), size=array([0.5, 0.5]), texRes=128.0, units='height', win=Window(...))
7.1427 	EXP 	Created noPeriphery_2 = ImageStim(__class__=<class 'psychopy.visual.image.ImageStim'>, autoLog=True, color=array([1, 1, 1]), colorSpace='rgb', contrast=1.0, depth=-3.0, flipHoriz=False, flipVert=False, image='sin', interpolate=True, mask=None, maskParams=None, name='noPeriphery_2', opacity=1.0, ori=0.0, pos=array([0., 0.]), size=array([0.5, 0.5]), texRes=128.0, units='height', win=Window(...))
7.1444 	EXP 	Created text_2 = TextStim(__class__=<class 'psychopy.visual.text.TextStim'>, alignHoriz=method-wrapper(...), alignText='center', alignVert=method-wrapper(...), anchorHoriz='center', anchorVert='center', antialias=True, autoLog=True, bold=False, color=array([ 1, -1, -1]), colorSpace='rgb', contrast=1.0, depth=-4.0, flipHoriz=False, flipVert=False, font='Open Sans', fontFiles=[], height=0.1, italic=False, languageStyle='LTR', name='text_2', opacity=1, ori=0.0, pos=array([0., 0.]), rgb=UNKNOWN, text='+', units='height', win=Window(...), wrapWidth=1)
7.1912 	EXP 	unnamed Form: autoLog = True
7.1912 	EXP 	DepressionQuestionnaire: name = 'DepressionQuestionnaire'
7.1912 	EXP 	DepressionQuestionnaire: size = (3.5, 1)
7.1912 	EXP 	DepressionQuestionnaire: size = array([3.5, 1. ])
7.1912 	EXP 	DepressionQuestionnaire: units = 'height'
7.1912 	EXP 	DepressionQuestionnaire: depth = 0
7.1912 	EXP 	WelcomeText: autoDraw = True
9.2078 	EXP 	WelcomeText: autoDraw = False
9.2078 	EXP 	DepressionQuestionnaire: autoDraw = True
9.6464 	DATA 	Keypress: space
10.1544 	DATA 	Mouse: Left button down, pos=(677,4)
10.2073 	EXP 	DepressionQuestionnaire: autoDraw = False
10.2073 	EXP 	instructionsText: autoDraw = True
10.2781 	DATA 	Mouse:  Left button up, pos=(677,4)
10.8126 	DATA 	Keypress: space
10.8542 	EXP 	Imported picPaths.xlsx as conditions, 6 conditions, 4 params
10.8545 	EXP 	Created sequence: sequential, trialTypes=6, nReps=1, seed=None
10.8547 	EXP 	New trial (rep=0, index=0): {'startImage': 'C:\\Users\\hesselmann\\Desktop\\PsychoPyUniformityIllusion\\UniformityIllusionPsychoPy\\Pics\\1start.png', 'midImage': 'C:\\Users\\hesselmann\\Desktop\\PsychoPyUniformityIllusion\\UniformityIllusionPsychoPy\\Pics\\1a.png', 'endImage': 'C:\\Users\\hesselmann\\Desktop\\PsychoPyUniformityIllusion\\UniformityIllusionPsychoPy\\Pics\\1a.png', 'AB': 'a'}
11.0749 	EXP 	instructionsText: autoDraw = False
11.0749 	EXP 	hasPeriphery: size = array([1.77777778, 1.        ])
11.0749 	EXP 	hasPeriphery: image = 'C:\\Users\\hesselmann\\Desktop\\PsychoPyUniformityIllusion\\UniformityIllusionPsychoPy\\Pics\\1a.png'
11.0749 	EXP 	noPeriphery: size = array([1.77777778, 1.        ])
11.0749 	EXP 	noPeriphery: image = 'C:\\Users\\hesselmann\\Desktop\\PsychoPyUniformityIllusion\\UniformityIllusionPsychoPy\\Pics\\1start.png'
11.0749 	EXP 	hasPeriphery: autoDraw = True
11.0749 	EXP 	hasPeriphery: texRes = 128.0
11.0749 	EXP 	noPeriphery: autoDraw = True
11.0749 	EXP 	noPeriphery: texRes = 128.0
11.0749 	EXP 	text: autoDraw = True
11.2071 	EXP 	hasPeriphery: texRes = 128.0
11.2071 	EXP 	noPeriphery: texRes = 128.0
11.3419 	EXP 	hasPeriphery: texRes = 128.0
11.3419 	EXP 	noPeriphery: texRes = 128.0
11.4907 	EXP 	hasPeriphery: texRes = 128.0
11.4907 	EXP 	noPeriphery: texRes = 128.0
11.6237 	EXP 	hasPeriphery: texRes = 128.0
11.6237 	EXP 	noPeriphery: texRes = 128.0
11.7742 	EXP 	hasPeriphery: texRes = 128.0
11.7742 	EXP 	noPeriphery: texRes = 128.0
11.7742 	EXP 	blank_screen: autoDraw = True
11.9405 	EXP 	hasPeriphery: texRes = 128.0
11.9405 	EXP 	noPeriphery: texRes = 128.0
11.9405 	EXP 	blank_screen: autoDraw = False
12.0753 	EXP 	hasPeriphery: texRes = 128.0
12.0753 	EXP 	noPeriphery: texRes = 128.0
12.2238 	EXP 	hasPeriphery: texRes = 128.0
12.2238 	EXP 	noPeriphery: texRes = 128.0
12.3746 	EXP 	hasPeriphery: texRes = 128.0
12.3746 	EXP 	noPeriphery: texRes = 128.0
12.5238 	EXP 	hasPeriphery: texRes = 128.0
12.5238 	EXP 	noPeriphery: texRes = 128.0
12.5238 	EXP 	blank_screen: autoDraw = True
12.6738 	EXP 	hasPeriphery: texRes = 128.0
12.6738 	EXP 	noPeriphery: texRes = 128.0
12.6738 	EXP 	blank_screen: autoDraw = False
12.8075 	EXP 	hasPeriphery: texRes = 128.0
12.8075 	EXP 	noPeriphery: texRes = 128.0
12.9571 	EXP 	hasPeriphery: texRes = 128.0
12.9571 	EXP 	noPeriphery: texRes = 128.0
13.0900 	EXP 	hasPeriphery: texRes = 128.0
13.0900 	EXP 	noPeriphery: texRes = 128.0
13.2233 	EXP 	hasPeriphery: texRes = 128.0
13.2233 	EXP 	noPeriphery: texRes = 128.0
13.3566 	EXP 	hasPeriphery: texRes = 128.0
13.3566 	EXP 	noPeriphery: texRes = 128.0
13.4898 	EXP 	hasPeriphery: texRes = 128.0
13.4898 	EXP 	noPeriphery: texRes = 128.0
13.6403 	EXP 	hasPeriphery: texRes = 128.0
13.6403 	EXP 	noPeriphery: texRes = 128.0
13.7736 	EXP 	hasPeriphery: texRes = 128.0
13.7736 	EXP 	noPeriphery: texRes = 128.0
13.9070 	EXP 	hasPeriphery: texRes = 128.0
13.9070 	EXP 	noPeriphery: texRes = 128.0
14.0568 	EXP 	hasPeriphery: texRes = 128.0
14.0568 	EXP 	noPeriphery: texRes = 128.0
14.1901 	EXP 	hasPeriphery: texRes = 128.0
14.1901 	EXP 	noPeriphery: texRes = 128.0
14.3233 	EXP 	hasPeriphery: texRes = 128.0
14.3233 	EXP 	noPeriphery: texRes = 128.0
14.4571 	EXP 	hasPeriphery: texRes = 128.0
14.4571 	EXP 	noPeriphery: texRes = 128.0
14.5900 	EXP 	hasPeriphery: texRes = 128.0
14.5900 	EXP 	noPeriphery: texRes = 128.0
14.7397 	EXP 	hasPeriphery: texRes = 128.0
14.7397 	EXP 	noPeriphery: texRes = 128.0
14.8729 	EXP 	hasPeriphery: texRes = 128.0
14.8729 	EXP 	noPeriphery: texRes = 128.0
15.0069 	EXP 	hasPeriphery: texRes = 128.0
15.0069 	EXP 	noPeriphery: texRes = 128.0
15.1404 	EXP 	hasPeriphery: texRes = 128.0
15.1404 	EXP 	noPeriphery: texRes = 128.0
15.2736 	EXP 	hasPeriphery: texRes = 128.0
15.2736 	EXP 	noPeriphery: texRes = 128.0
15.4070 	EXP 	hasPeriphery: texRes = 128.0
15.4070 	EXP 	noPeriphery: texRes = 128.0
15.5395 	EXP 	hasPeriphery: texRes = 128.0
15.5395 	EXP 	noPeriphery: texRes = 128.0
15.6728 	EXP 	hasPeriphery: texRes = 128.0
15.6728 	EXP 	noPeriphery: texRes = 128.0
15.8065 	EXP 	hasPeriphery: texRes = 128.0
15.8065 	EXP 	noPeriphery: texRes = 128.0
15.9399 	EXP 	hasPeriphery: texRes = 128.0
15.9399 	EXP 	noPeriphery: texRes = 128.0
16.0894 	EXP 	hasPeriphery: texRes = 128.0
16.0894 	EXP 	noPeriphery: texRes = 128.0
16.2230 	EXP 	hasPeriphery: texRes = 128.0
16.2230 	EXP 	noPeriphery: texRes = 128.0
16.3568 	EXP 	hasPeriphery: texRes = 128.0
16.3568 	EXP 	noPeriphery: texRes = 128.0
16.4676 	DATA 	Keypress: space
16.5067 	EXP 	hasPeriphery: texRes = 128.0
16.5067 	EXP 	noPeriphery: texRes = 128.0
16.5936 	EXP 	New trial (rep=0, index=1): {'startImage': 'C:\\Users\\hesselmann\\Desktop\\PsychoPyUniformityIllusion\\UniformityIllusionPsychoPy\\Pics\\1start.png', 'midImage': 'C:\\Users\\hesselmann\\Desktop\\PsychoPyUniformityIllusion\\UniformityIllusionPsychoPy\\Pics\\1a.png', 'endImage': 'C:\\Users\\hesselmann\\Desktop\\PsychoPyUniformityIllusion\\UniformityIllusionPsychoPy\\Pics\\1b.png', 'AB': 'b'}
16.8065 	EXP 	hasPeriphery: texRes = 128.0
16.8065 	EXP 	noPeriphery: texRes = 128.0
16.8065 	EXP 	hasPeriphery: autoDraw = False
16.8065 	EXP 	noPeriphery: autoDraw = False
16.8065 	EXP 	blank_screen: autoDraw = False
16.8065 	EXP 	text: autoDraw = False
16.8065 	EXP 	hasPeriphery: size = array([1.77777778, 1.        ])
16.8065 	EXP 	hasPeriphery: image = 'C:\\Users\\hesselmann\\Desktop\\PsychoPyUniformityIllusion\\UniformityIllusionPsychoPy\\Pics\\1b.png'
16.8065 	EXP 	noPeriphery: size = array([1.77777778, 1.        ])
16.8065 	EXP 	noPeriphery: image = 'C:\\Users\\hesselmann\\Desktop\\PsychoPyUniformityIllusion\\UniformityIllusionPsychoPy\\Pics\\1start.png'
16.8065 	EXP 	hasPeriphery: autoDraw = True
16.8065 	EXP 	hasPeriphery: texRes = 128.0
16.8065 	EXP 	noPeriphery: autoDraw = True
16.8065 	EXP 	noPeriphery: texRes = 128.0
16.8065 	EXP 	text: autoDraw = True
16.9395 	EXP 	hasPeriphery: texRes = 128.0
16.9395 	EXP 	noPeriphery: texRes = 128.0
17.0729 	EXP 	hasPeriphery: texRes = 128.0
17.0729 	EXP 	noPeriphery: texRes = 128.0
17.2059 	EXP 	hasPeriphery: texRes = 128.0
17.2059 	EXP 	noPeriphery: texRes = 128.0
17.3399 	EXP 	hasPeriphery: texRes = 128.0
17.3399 	EXP 	noPeriphery: texRes = 128.0
17.4896 	EXP 	hasPeriphery: texRes = 128.0
17.4896 	EXP 	noPeriphery: texRes = 128.0
17.4896 	EXP 	blank_screen: autoDraw = True
17.6238 	EXP 	hasPeriphery: texRes = 128.0
17.6238 	EXP 	noPeriphery: texRes = 128.0
17.6238 	EXP 	blank_screen: autoDraw = False
17.7557 	EXP 	hasPeriphery: texRes = 128.0
17.7557 	EXP 	noPeriphery: texRes = 128.0
17.9062 	EXP 	hasPeriphery: texRes = 128.0
17.9062 	EXP 	noPeriphery: texRes = 128.0
18.0390 	EXP 	hasPeriphery: texRes = 128.0
18.0390 	EXP 	noPeriphery: texRes = 128.0
18.1889 	EXP 	hasPeriphery: texRes = 128.0
18.1889 	EXP 	noPeriphery: texRes = 128.0
18.1889 	EXP 	blank_screen: autoDraw = True
18.3231 	EXP 	hasPeriphery: texRes = 128.0
18.3231 	EXP 	noPeriphery: texRes = 128.0
18.3231 	EXP 	blank_screen: autoDraw = False
18.4736 	EXP 	hasPeriphery: texRes = 128.0
18.4736 	EXP 	noPeriphery: texRes = 128.0
18.6230 	EXP 	hasPeriphery: texRes = 128.0
18.6230 	EXP 	noPeriphery: texRes = 128.0
18.7560 	EXP 	hasPeriphery: texRes = 128.0
18.7560 	EXP 	noPeriphery: texRes = 128.0
18.8891 	EXP 	hasPeriphery: texRes = 128.0
18.8891 	EXP 	noPeriphery: texRes = 128.0
19.0392 	EXP 	hasPeriphery: texRes = 128.0
19.0392 	EXP 	noPeriphery: texRes = 128.0
19.1730 	EXP 	hasPeriphery: texRes = 128.0
19.1730 	EXP 	noPeriphery: texRes = 128.0
19.3232 	EXP 	hasPeriphery: texRes = 128.0
19.3232 	EXP 	noPeriphery: texRes = 128.0
19.4555 	EXP 	hasPeriphery: texRes = 128.0
19.4555 	EXP 	noPeriphery: texRes = 128.0
19.5894 	EXP 	hasPeriphery: texRes = 128.0
19.5894 	EXP 	noPeriphery: texRes = 128.0
19.7391 	EXP 	hasPeriphery: texRes = 128.0
19.7391 	EXP 	noPeriphery: texRes = 128.0
19.8719 	EXP 	hasPeriphery: texRes = 128.0
19.8719 	EXP 	noPeriphery: texRes = 128.0
20.0235 	EXP 	hasPeriphery: texRes = 128.0
20.0235 	EXP 	noPeriphery: texRes = 128.0
20.1562 	EXP 	hasPeriphery: texRes = 128.0
20.1562 	EXP 	noPeriphery: texRes = 128.0
20.3057 	EXP 	hasPeriphery: texRes = 128.0
20.3057 	EXP 	noPeriphery: texRes = 128.0
20.4389 	EXP 	hasPeriphery: texRes = 128.0
20.4389 	EXP 	noPeriphery: texRes = 128.0
20.5725 	EXP 	hasPeriphery: texRes = 128.0
20.5725 	EXP 	noPeriphery: texRes = 128.0
20.7055 	EXP 	hasPeriphery: texRes = 128.0
20.7055 	EXP 	noPeriphery: texRes = 128.0
20.8384 	EXP 	hasPeriphery: texRes = 128.0
20.8384 	EXP 	noPeriphery: texRes = 128.0
20.9718 	EXP 	hasPeriphery: texRes = 128.0
20.9718 	EXP 	noPeriphery: texRes = 128.0
21.1057 	EXP 	hasPeriphery: texRes = 128.0
21.1057 	EXP 	noPeriphery: texRes = 128.0
21.2556 	EXP 	hasPeriphery: texRes = 128.0
21.2556 	EXP 	noPeriphery: texRes = 128.0
21.4062 	EXP 	hasPeriphery: texRes = 128.0
21.4062 	EXP 	noPeriphery: texRes = 128.0
21.5385 	EXP 	hasPeriphery: texRes = 128.0
21.5385 	EXP 	noPeriphery: texRes = 128.0
21.6717 	EXP 	hasPeriphery: texRes = 128.0
21.6717 	EXP 	noPeriphery: texRes = 128.0
21.8049 	EXP 	hasPeriphery: texRes = 128.0
21.8049 	EXP 	noPeriphery: texRes = 128.0
21.9386 	EXP 	hasPeriphery: texRes = 128.0
21.9386 	EXP 	noPeriphery: texRes = 128.0
22.0715 	EXP 	hasPeriphery: texRes = 128.0
22.0715 	EXP 	noPeriphery: texRes = 128.0
22.2052 	EXP 	hasPeriphery: texRes = 128.0
22.2052 	EXP 	noPeriphery: texRes = 128.0
22.3385 	EXP 	hasPeriphery: texRes = 128.0
22.3385 	EXP 	noPeriphery: texRes = 128.0
22.4881 	EXP 	hasPeriphery: texRes = 128.0
22.4881 	EXP 	noPeriphery: texRes = 128.0
22.6214 	EXP 	hasPeriphery: texRes = 128.0
22.6214 	EXP 	noPeriphery: texRes = 128.0
22.7714 	EXP 	hasPeriphery: texRes = 128.0
22.7714 	EXP 	noPeriphery: texRes = 128.0
22.9217 	EXP 	hasPeriphery: texRes = 128.0
22.9217 	EXP 	noPeriphery: texRes = 128.0
23.0549 	EXP 	hasPeriphery: texRes = 128.0
23.0549 	EXP 	noPeriphery: texRes = 128.0
23.2050 	EXP 	hasPeriphery: texRes = 128.0
23.2050 	EXP 	noPeriphery: texRes = 128.0
23.3385 	EXP 	hasPeriphery: texRes = 128.0
23.3385 	EXP 	noPeriphery: texRes = 128.0
23.4721 	EXP 	hasPeriphery: texRes = 128.0
23.4721 	EXP 	noPeriphery: texRes = 128.0
23.6216 	EXP 	hasPeriphery: texRes = 128.0
23.6216 	EXP 	noPeriphery: texRes = 128.0
23.7553 	EXP 	hasPeriphery: texRes = 128.0
23.7553 	EXP 	noPeriphery: texRes = 128.0
23.8878 	EXP 	hasPeriphery: texRes = 128.0
23.8878 	EXP 	noPeriphery: texRes = 128.0
24.0384 	EXP 	hasPeriphery: texRes = 128.0
24.0384 	EXP 	noPeriphery: texRes = 128.0
24.1713 	EXP 	hasPeriphery: texRes = 128.0
24.1713 	EXP 	noPeriphery: texRes = 128.0
24.3048 	EXP 	hasPeriphery: texRes = 128.0
24.3048 	EXP 	noPeriphery: texRes = 128.0
24.4385 	EXP 	hasPeriphery: texRes = 128.0
24.4385 	EXP 	noPeriphery: texRes = 128.0
24.5876 	EXP 	hasPeriphery: texRes = 128.0
24.5876 	EXP 	noPeriphery: texRes = 128.0
24.7218 	EXP 	hasPeriphery: texRes = 128.0
24.7218 	EXP 	noPeriphery: texRes = 128.0
24.8722 	EXP 	hasPeriphery: texRes = 128.0
24.8722 	EXP 	noPeriphery: texRes = 128.0
25.0047 	EXP 	hasPeriphery: texRes = 128.0
25.0047 	EXP 	noPeriphery: texRes = 128.0
25.1380 	EXP 	hasPeriphery: texRes = 128.0
25.1380 	EXP 	noPeriphery: texRes = 128.0
25.2712 	EXP 	hasPeriphery: texRes = 128.0
25.2712 	EXP 	noPeriphery: texRes = 128.0
25.4214 	EXP 	hasPeriphery: texRes = 128.0
25.4214 	EXP 	noPeriphery: texRes = 128.0
25.5719 	EXP 	hasPeriphery: texRes = 128.0
25.5719 	EXP 	noPeriphery: texRes = 128.0
25.7044 	EXP 	hasPeriphery: texRes = 128.0
25.7044 	EXP 	noPeriphery: texRes = 128.0
25.8374 	EXP 	hasPeriphery: texRes = 128.0
25.8374 	EXP 	noPeriphery: texRes = 128.0
25.9714 	EXP 	hasPeriphery: texRes = 128.0
25.9714 	EXP 	noPeriphery: texRes = 128.0
26.1046 	EXP 	hasPeriphery: texRes = 128.0
26.1046 	EXP 	noPeriphery: texRes = 128.0
26.2389 	EXP 	hasPeriphery: texRes = 128.0
26.2389 	EXP 	noPeriphery: texRes = 128.0
26.3880 	EXP 	hasPeriphery: texRes = 128.0
26.3880 	EXP 	noPeriphery: texRes = 128.0
26.5215 	EXP 	hasPeriphery: texRes = 128.0
26.5215 	EXP 	noPeriphery: texRes = 128.0
26.6706 	EXP 	hasPeriphery: texRes = 128.0
26.6706 	EXP 	noPeriphery: texRes = 128.0
26.8045 	EXP 	hasPeriphery: texRes = 128.0
26.8045 	EXP 	noPeriphery: texRes = 128.0
26.8208 	EXP 	hasPeriphery: autoDraw = False
26.8208 	EXP 	noPeriphery: autoDraw = False
31.5588 	EXP 	New trial (rep=0, index=2): {'startImage': 'C:\\Users\\hesselmann\\Desktop\\PsychoPyUniformityIllusion\\UniformityIllusionPsychoPy\\Pics\\2start.png', 'midImage': 'C:\\Users\\hesselmann\\Desktop\\PsychoPyUniformityIllusion\\UniformityIllusionPsychoPy\\Pics\\2a.png', 'endImage': 'C:\\Users\\hesselmann\\Desktop\\PsychoPyUniformityIllusion\\UniformityIllusionPsychoPy\\Pics\\2a.png', 'AB': 'a'}
31.6943 	DATA 	Keypress: space
31.7368 	EXP 	hasPeriphery: autoDraw = False
31.7368 	EXP 	noPeriphery: autoDraw = False
31.7368 	EXP 	blank_screen: autoDraw = False
31.7368 	EXP 	text: autoDraw = False
31.7368 	EXP 	hasPeriphery: size = array([1.77777778, 1.        ])
31.7368 	EXP 	hasPeriphery: image = 'C:\\Users\\hesselmann\\Desktop\\PsychoPyUniformityIllusion\\UniformityIllusionPsychoPy\\Pics\\2a.png'
31.7368 	EXP 	noPeriphery: size = array([1.77777778, 1.        ])
31.7368 	EXP 	noPeriphery: image = 'C:\\Users\\hesselmann\\Desktop\\PsychoPyUniformityIllusion\\UniformityIllusionPsychoPy\\Pics\\2start.png'
31.7368 	EXP 	hasPeriphery: autoDraw = True
31.7368 	EXP 	hasPeriphery: texRes = 128.0
31.7368 	EXP 	noPeriphery: autoDraw = True
31.7368 	EXP 	noPeriphery: texRes = 128.0
31.7368 	EXP 	text: autoDraw = True
31.8535 	EXP 	hasPeriphery: texRes = 128.0
31.8535 	EXP 	noPeriphery: texRes = 128.0
31.9699 	EXP 	hasPeriphery: texRes = 128.0
31.9699 	EXP 	noPeriphery: texRes = 128.0
32.0861 	EXP 	hasPeriphery: texRes = 128.0
32.0861 	EXP 	noPeriphery: texRes = 128.0
32.2034 	EXP 	hasPeriphery: texRes = 128.0
32.2034 	EXP 	noPeriphery: texRes = 128.0
32.3370 	EXP 	hasPeriphery: texRes = 128.0
32.3370 	EXP 	noPeriphery: texRes = 128.0
32.3370 	EXP 	blank_screen: autoDraw = True
32.4528 	EXP 	hasPeriphery: texRes = 128.0
32.4528 	EXP 	noPeriphery: texRes = 128.0
32.4528 	EXP 	blank_screen: autoDraw = False
32.5701 	EXP 	hasPeriphery: texRes = 128.0
32.5701 	EXP 	noPeriphery: texRes = 128.0
32.7031 	EXP 	hasPeriphery: texRes = 128.0
32.7031 	EXP 	noPeriphery: texRes = 128.0
32.8198 	EXP 	hasPeriphery: texRes = 128.0
32.8198 	EXP 	noPeriphery: texRes = 128.0
32.9527 	EXP 	hasPeriphery: texRes = 128.0
32.9527 	EXP 	noPeriphery: texRes = 128.0
32.9527 	EXP 	blank_screen: autoDraw = True
33.0863 	EXP 	hasPeriphery: texRes = 128.0
33.0863 	EXP 	noPeriphery: texRes = 128.0
33.0863 	EXP 	blank_screen: autoDraw = False
33.2204 	EXP 	hasPeriphery: texRes = 128.0
33.2204 	EXP 	noPeriphery: texRes = 128.0
33.3531 	EXP 	hasPeriphery: texRes = 128.0
33.3531 	EXP 	noPeriphery: texRes = 128.0
33.4695 	EXP 	hasPeriphery: texRes = 128.0
33.4695 	EXP 	noPeriphery: texRes = 128.0
33.5862 	EXP 	hasPeriphery: texRes = 128.0
33.5862 	EXP 	noPeriphery: texRes = 128.0
33.7196 	EXP 	hasPeriphery: texRes = 128.0
33.7196 	EXP 	noPeriphery: texRes = 128.0
33.8360 	EXP 	hasPeriphery: texRes = 128.0
33.8360 	EXP 	noPeriphery: texRes = 128.0
33.9694 	EXP 	hasPeriphery: texRes = 128.0
33.9694 	EXP 	noPeriphery: texRes = 128.0
34.1028 	EXP 	hasPeriphery: texRes = 128.0
34.1028 	EXP 	noPeriphery: texRes = 128.0
34.2193 	EXP 	hasPeriphery: texRes = 128.0
34.2193 	EXP 	noPeriphery: texRes = 128.0
34.3538 	EXP 	hasPeriphery: texRes = 128.0
34.3538 	EXP 	noPeriphery: texRes = 128.0
34.4694 	EXP 	hasPeriphery: texRes = 128.0
34.4694 	EXP 	noPeriphery: texRes = 128.0
34.5860 	EXP 	hasPeriphery: texRes = 128.0
34.5860 	EXP 	noPeriphery: texRes = 128.0
34.7026 	EXP 	hasPeriphery: texRes = 128.0
34.7026 	EXP 	noPeriphery: texRes = 128.0
34.8189 	EXP 	hasPeriphery: texRes = 128.0
34.8189 	EXP 	noPeriphery: texRes = 128.0
34.9355 	EXP 	hasPeriphery: texRes = 128.0
34.9355 	EXP 	noPeriphery: texRes = 128.0
35.0529 	EXP 	hasPeriphery: texRes = 128.0
35.0529 	EXP 	noPeriphery: texRes = 128.0
35.1863 	EXP 	hasPeriphery: texRes = 128.0
35.1863 	EXP 	noPeriphery: texRes = 128.0
35.3025 	EXP 	hasPeriphery: texRes = 128.0
35.3025 	EXP 	noPeriphery: texRes = 128.0
35.4195 	EXP 	hasPeriphery: texRes = 128.0
35.4195 	EXP 	noPeriphery: texRes = 128.0
35.5534 	EXP 	hasPeriphery: texRes = 128.0
35.5534 	EXP 	noPeriphery: texRes = 128.0
35.6688 	EXP 	hasPeriphery: texRes = 128.0
35.6688 	EXP 	noPeriphery: texRes = 128.0
35.7863 	EXP 	hasPeriphery: texRes = 128.0
35.7863 	EXP 	noPeriphery: texRes = 128.0
35.9021 	EXP 	hasPeriphery: texRes = 128.0
35.9021 	EXP 	noPeriphery: texRes = 128.0
36.0194 	EXP 	hasPeriphery: texRes = 128.0
36.0194 	EXP 	noPeriphery: texRes = 128.0
36.1363 	EXP 	hasPeriphery: texRes = 128.0
36.1363 	EXP 	noPeriphery: texRes = 128.0
36.2692 	EXP 	hasPeriphery: texRes = 128.0
36.2692 	EXP 	noPeriphery: texRes = 128.0
36.3860 	EXP 	hasPeriphery: texRes = 128.0
36.3860 	EXP 	noPeriphery: texRes = 128.0
36.5023 	EXP 	hasPeriphery: texRes = 128.0
36.5023 	EXP 	noPeriphery: texRes = 128.0
36.6357 	EXP 	hasPeriphery: texRes = 128.0
36.6357 	EXP 	noPeriphery: texRes = 128.0
36.7518 	EXP 	hasPeriphery: texRes = 128.0
36.7518 	EXP 	noPeriphery: texRes = 128.0
36.8687 	EXP 	hasPeriphery: texRes = 128.0
36.8687 	EXP 	noPeriphery: texRes = 128.0
36.9855 	EXP 	hasPeriphery: texRes = 128.0
36.9855 	EXP 	noPeriphery: texRes = 128.0
37.1031 	EXP 	hasPeriphery: texRes = 128.0
37.1031 	EXP 	noPeriphery: texRes = 128.0
37.2185 	EXP 	hasPeriphery: texRes = 128.0
37.2185 	EXP 	noPeriphery: texRes = 128.0
37.3350 	EXP 	hasPeriphery: texRes = 128.0
37.3350 	EXP 	noPeriphery: texRes = 128.0
37.4518 	EXP 	hasPeriphery: texRes = 128.0
37.4518 	EXP 	noPeriphery: texRes = 128.0
37.5688 	EXP 	hasPeriphery: texRes = 128.0
37.5688 	EXP 	noPeriphery: texRes = 128.0
37.6860 	EXP 	hasPeriphery: texRes = 128.0
37.6860 	EXP 	noPeriphery: texRes = 128.0
37.8022 	EXP 	hasPeriphery: texRes = 128.0
37.8022 	EXP 	noPeriphery: texRes = 128.0
37.9185 	EXP 	hasPeriphery: texRes = 128.0
37.9185 	EXP 	noPeriphery: texRes = 128.0
38.0527 	EXP 	hasPeriphery: texRes = 128.0
38.0527 	EXP 	noPeriphery: texRes = 128.0
38.1683 	EXP 	hasPeriphery: texRes = 128.0
38.1683 	EXP 	noPeriphery: texRes = 128.0
38.2853 	EXP 	hasPeriphery: texRes = 128.0
38.2853 	EXP 	noPeriphery: texRes = 128.0
38.4015 	EXP 	hasPeriphery: texRes = 128.0
38.4015 	EXP 	noPeriphery: texRes = 128.0
38.5181 	EXP 	hasPeriphery: texRes = 128.0
38.5181 	EXP 	noPeriphery: texRes = 128.0
38.6355 	EXP 	hasPeriphery: texRes = 128.0
38.6355 	EXP 	noPeriphery: texRes = 128.0
38.7520 	EXP 	hasPeriphery: texRes = 128.0
38.7520 	EXP 	noPeriphery: texRes = 128.0
38.8851 	EXP 	hasPeriphery: texRes = 128.0
38.8851 	EXP 	noPeriphery: texRes = 128.0
39.0018 	EXP 	hasPeriphery: texRes = 128.0
39.0018 	EXP 	noPeriphery: texRes = 128.0
39.1181 	EXP 	hasPeriphery: texRes = 128.0
39.1181 	EXP 	noPeriphery: texRes = 128.0
39.2350 	EXP 	hasPeriphery: texRes = 128.0
39.2350 	EXP 	noPeriphery: texRes = 128.0
39.3518 	EXP 	hasPeriphery: texRes = 128.0
39.3518 	EXP 	noPeriphery: texRes = 128.0
39.4695 	EXP 	hasPeriphery: texRes = 128.0
39.4695 	EXP 	noPeriphery: texRes = 128.0
39.5488 	DATA 	Keypress: space
39.5846 	EXP 	hasPeriphery: texRes = 128.0
39.5846 	EXP 	noPeriphery: texRes = 128.0
39.6518 	EXP 	New trial (rep=0, index=3): {'startImage': 'C:\\Users\\hesselmann\\Desktop\\PsychoPyUniformityIllusion\\UniformityIllusionPsychoPy\\Pics\\2start.png', 'midImage': 'C:\\Users\\hesselmann\\Desktop\\PsychoPyUniformityIllusion\\UniformityIllusionPsychoPy\\Pics\\2a.png', 'endImage': 'C:\\Users\\hesselmann\\Desktop\\PsychoPyUniformityIllusion\\UniformityIllusionPsychoPy\\Pics\\2b.png', 'AB': 'b'}
39.8185 	EXP 	hasPeriphery: texRes = 128.0
39.8185 	EXP 	noPeriphery: texRes = 128.0
39.8185 	EXP 	hasPeriphery: autoDraw = False
39.8185 	EXP 	noPeriphery: autoDraw = False
39.8185 	EXP 	blank_screen: autoDraw = False
39.8185 	EXP 	text: autoDraw = False
39.8185 	EXP 	hasPeriphery: size = array([1.77777778, 1.        ])
39.8185 	EXP 	hasPeriphery: image = 'C:\\Users\\hesselmann\\Desktop\\PsychoPyUniformityIllusion\\UniformityIllusionPsychoPy\\Pics\\2b.png'
39.8185 	EXP 	noPeriphery: size = array([1.77777778, 1.        ])
39.8185 	EXP 	noPeriphery: image = 'C:\\Users\\hesselmann\\Desktop\\PsychoPyUniformityIllusion\\UniformityIllusionPsychoPy\\Pics\\2start.png'
39.8185 	EXP 	hasPeriphery: autoDraw = True
39.8185 	EXP 	hasPeriphery: texRes = 128.0
39.8185 	EXP 	noPeriphery: autoDraw = True
39.8185 	EXP 	noPeriphery: texRes = 128.0
39.8185 	EXP 	text: autoDraw = True
39.9348 	EXP 	hasPeriphery: texRes = 128.0
39.9348 	EXP 	noPeriphery: texRes = 128.0
40.0526 	EXP 	hasPeriphery: texRes = 128.0
40.0526 	EXP 	noPeriphery: texRes = 128.0
40.1850 	EXP 	hasPeriphery: texRes = 128.0
40.1850 	EXP 	noPeriphery: texRes = 128.0
40.3186 	EXP 	hasPeriphery: texRes = 128.0
40.3186 	EXP 	noPeriphery: texRes = 128.0
40.4515 	EXP 	hasPeriphery: texRes = 128.0
40.4515 	EXP 	noPeriphery: texRes = 128.0
40.4515 	EXP 	blank_screen: autoDraw = True
40.5680 	EXP 	hasPeriphery: texRes = 128.0
40.5680 	EXP 	noPeriphery: texRes = 128.0
40.5680 	EXP 	blank_screen: autoDraw = False
40.6846 	EXP 	hasPeriphery: texRes = 128.0
40.6846 	EXP 	noPeriphery: texRes = 128.0
40.8021 	EXP 	hasPeriphery: texRes = 128.0
40.8021 	EXP 	noPeriphery: texRes = 128.0
40.9180 	EXP 	hasPeriphery: texRes = 128.0
40.9180 	EXP 	noPeriphery: texRes = 128.0
41.0349 	EXP 	hasPeriphery: texRes = 128.0
41.0349 	EXP 	noPeriphery: texRes = 128.0
41.0349 	EXP 	blank_screen: autoDraw = True
41.1516 	EXP 	hasPeriphery: texRes = 128.0
41.1516 	EXP 	noPeriphery: texRes = 128.0
41.1516 	EXP 	blank_screen: autoDraw = False
41.2677 	EXP 	hasPeriphery: texRes = 128.0
41.2677 	EXP 	noPeriphery: texRes = 128.0
41.3847 	EXP 	hasPeriphery: texRes = 128.0
41.3847 	EXP 	noPeriphery: texRes = 128.0
41.5013 	EXP 	hasPeriphery: texRes = 128.0
41.5013 	EXP 	noPeriphery: texRes = 128.0
41.6183 	EXP 	hasPeriphery: texRes = 128.0
41.6183 	EXP 	noPeriphery: texRes = 128.0
41.7344 	EXP 	hasPeriphery: texRes = 128.0
41.7344 	EXP 	noPeriphery: texRes = 128.0
41.8508 	EXP 	hasPeriphery: texRes = 128.0
41.8508 	EXP 	noPeriphery: texRes = 128.0
41.9678 	EXP 	hasPeriphery: texRes = 128.0
41.9678 	EXP 	noPeriphery: texRes = 128.0
42.0842 	EXP 	hasPeriphery: texRes = 128.0
42.0842 	EXP 	noPeriphery: texRes = 128.0
42.2012 	EXP 	hasPeriphery: texRes = 128.0
42.2012 	EXP 	noPeriphery: texRes = 128.0
42.3186 	EXP 	hasPeriphery: texRes = 128.0
42.3186 	EXP 	noPeriphery: texRes = 128.0
42.4344 	EXP 	hasPeriphery: texRes = 128.0
42.4344 	EXP 	noPeriphery: texRes = 128.0
42.5507 	EXP 	hasPeriphery: texRes = 128.0
42.5507 	EXP 	noPeriphery: texRes = 128.0
42.6673 	EXP 	hasPeriphery: texRes = 128.0
42.6673 	EXP 	noPeriphery: texRes = 128.0
42.7845 	EXP 	hasPeriphery: texRes = 128.0
42.7845 	EXP 	noPeriphery: texRes = 128.0
42.9014 	EXP 	hasPeriphery: texRes = 128.0
42.9014 	EXP 	noPeriphery: texRes = 128.0
43.0174 	EXP 	hasPeriphery: texRes = 128.0
43.0174 	EXP 	noPeriphery: texRes = 128.0
43.1351 	EXP 	hasPeriphery: texRes = 128.0
43.1351 	EXP 	noPeriphery: texRes = 128.0
43.2510 	EXP 	hasPeriphery: texRes = 128.0
43.2510 	EXP 	noPeriphery: texRes = 128.0
43.3686 	EXP 	hasPeriphery: texRes = 128.0
43.3686 	EXP 	noPeriphery: texRes = 128.0
43.4848 	EXP 	hasPeriphery: texRes = 128.0
43.4848 	EXP 	noPeriphery: texRes = 128.0
43.6009 	EXP 	hasPeriphery: texRes = 128.0
43.6009 	EXP 	noPeriphery: texRes = 128.0
43.7176 	EXP 	hasPeriphery: texRes = 128.0
43.7176 	EXP 	noPeriphery: texRes = 128.0
43.8338 	EXP 	hasPeriphery: texRes = 128.0
43.8338 	EXP 	noPeriphery: texRes = 128.0
43.9509 	EXP 	hasPeriphery: texRes = 128.0
43.9509 	EXP 	noPeriphery: texRes = 128.0
44.0679 	EXP 	hasPeriphery: texRes = 128.0
44.0679 	EXP 	noPeriphery: texRes = 128.0
44.1840 	EXP 	hasPeriphery: texRes = 128.0
44.1840 	EXP 	noPeriphery: texRes = 128.0
44.3008 	EXP 	hasPeriphery: texRes = 128.0
44.3008 	EXP 	noPeriphery: texRes = 128.0
44.4176 	EXP 	hasPeriphery: texRes = 128.0
44.4176 	EXP 	noPeriphery: texRes = 128.0
44.5336 	EXP 	hasPeriphery: texRes = 128.0
44.5336 	EXP 	noPeriphery: texRes = 128.0
44.6508 	EXP 	hasPeriphery: texRes = 128.0
44.6508 	EXP 	noPeriphery: texRes = 128.0
44.7670 	EXP 	hasPeriphery: texRes = 128.0
44.7670 	EXP 	noPeriphery: texRes = 128.0
44.8846 	EXP 	hasPeriphery: texRes = 128.0
44.8846 	EXP 	noPeriphery: texRes = 128.0
45.0006 	EXP 	hasPeriphery: texRes = 128.0
45.0006 	EXP 	noPeriphery: texRes = 128.0
45.1168 	EXP 	hasPeriphery: texRes = 128.0
45.1168 	EXP 	noPeriphery: texRes = 128.0
45.2336 	EXP 	hasPeriphery: texRes = 128.0
45.2336 	EXP 	noPeriphery: texRes = 128.0
45.3501 	EXP 	hasPeriphery: texRes = 128.0
45.3501 	EXP 	noPeriphery: texRes = 128.0
45.4667 	EXP 	hasPeriphery: texRes = 128.0
45.4667 	EXP 	noPeriphery: texRes = 128.0
45.5838 	EXP 	hasPeriphery: texRes = 128.0
45.5838 	EXP 	noPeriphery: texRes = 128.0
45.7005 	EXP 	hasPeriphery: texRes = 128.0
45.7005 	EXP 	noPeriphery: texRes = 128.0
45.8168 	EXP 	hasPeriphery: texRes = 128.0
45.8168 	EXP 	noPeriphery: texRes = 128.0
45.9349 	EXP 	hasPeriphery: texRes = 128.0
45.9349 	EXP 	noPeriphery: texRes = 128.0
46.0504 	EXP 	hasPeriphery: texRes = 128.0
46.0504 	EXP 	noPeriphery: texRes = 128.0
46.1671 	EXP 	hasPeriphery: texRes = 128.0
46.1671 	EXP 	noPeriphery: texRes = 128.0
46.2833 	EXP 	hasPeriphery: texRes = 128.0
46.2833 	EXP 	noPeriphery: texRes = 128.0
46.4004 	EXP 	hasPeriphery: texRes = 128.0
46.4004 	EXP 	noPeriphery: texRes = 128.0
46.5180 	EXP 	hasPeriphery: texRes = 128.0
46.5180 	EXP 	noPeriphery: texRes = 128.0
46.6337 	EXP 	hasPeriphery: texRes = 128.0
46.6337 	EXP 	noPeriphery: texRes = 128.0
46.7666 	EXP 	hasPeriphery: texRes = 128.0
46.7666 	EXP 	noPeriphery: texRes = 128.0
46.8833 	EXP 	hasPeriphery: texRes = 128.0
46.8833 	EXP 	noPeriphery: texRes = 128.0
47.0008 	EXP 	hasPeriphery: texRes = 128.0
47.0008 	EXP 	noPeriphery: texRes = 128.0
47.1331 	EXP 	hasPeriphery: texRes = 128.0
47.1331 	EXP 	noPeriphery: texRes = 128.0
47.2497 	EXP 	hasPeriphery: texRes = 128.0
47.2497 	EXP 	noPeriphery: texRes = 128.0
47.3664 	EXP 	hasPeriphery: texRes = 128.0
47.3664 	EXP 	noPeriphery: texRes = 128.0
47.4831 	EXP 	hasPeriphery: texRes = 128.0
47.4831 	EXP 	noPeriphery: texRes = 128.0
47.5997 	EXP 	hasPeriphery: texRes = 128.0
47.5997 	EXP 	noPeriphery: texRes = 128.0
47.7166 	EXP 	hasPeriphery: texRes = 128.0
47.7166 	EXP 	noPeriphery: texRes = 128.0
47.8330 	EXP 	hasPeriphery: texRes = 128.0
47.8330 	EXP 	noPeriphery: texRes = 128.0
47.9497 	EXP 	hasPeriphery: texRes = 128.0
47.9497 	EXP 	noPeriphery: texRes = 128.0
48.0671 	EXP 	hasPeriphery: texRes = 128.0
48.0671 	EXP 	noPeriphery: texRes = 128.0
48.1830 	EXP 	hasPeriphery: texRes = 128.0
48.1830 	EXP 	noPeriphery: texRes = 128.0
48.3005 	EXP 	hasPeriphery: texRes = 128.0
48.3005 	EXP 	noPeriphery: texRes = 128.0
48.4170 	EXP 	hasPeriphery: texRes = 128.0
48.4170 	EXP 	noPeriphery: texRes = 128.0
48.5334 	EXP 	hasPeriphery: texRes = 128.0
48.5334 	EXP 	noPeriphery: texRes = 128.0
48.6507 	EXP 	hasPeriphery: texRes = 128.0
48.6507 	EXP 	noPeriphery: texRes = 128.0
48.7664 	EXP 	hasPeriphery: texRes = 128.0
48.7664 	EXP 	noPeriphery: texRes = 128.0
48.8835 	EXP 	hasPeriphery: texRes = 128.0
48.8835 	EXP 	noPeriphery: texRes = 128.0
49.0001 	EXP 	hasPeriphery: texRes = 128.0
49.0001 	EXP 	noPeriphery: texRes = 128.0
49.1163 	EXP 	hasPeriphery: texRes = 128.0
49.1163 	EXP 	noPeriphery: texRes = 128.0
49.2335 	EXP 	hasPeriphery: texRes = 128.0
49.2335 	EXP 	noPeriphery: texRes = 128.0
49.3497 	EXP 	hasPeriphery: texRes = 128.0
49.3497 	EXP 	noPeriphery: texRes = 128.0
49.4667 	EXP 	hasPeriphery: texRes = 128.0
49.4667 	EXP 	noPeriphery: texRes = 128.0
49.5830 	EXP 	hasPeriphery: texRes = 128.0
49.5830 	EXP 	noPeriphery: texRes = 128.0
49.7005 	EXP 	hasPeriphery: texRes = 128.0
49.7005 	EXP 	noPeriphery: texRes = 128.0
49.8171 	EXP 	hasPeriphery: texRes = 128.0
49.8171 	EXP 	noPeriphery: texRes = 128.0
49.8339 	EXP 	hasPeriphery: autoDraw = False
49.8339 	EXP 	noPeriphery: autoDraw = False
65.1505 	EXP 	New trial (rep=0, index=4): {'startImage': 'C:\\Users\\hesselmann\\Desktop\\PsychoPyUniformityIllusion\\UniformityIllusionPsychoPy\\Pics\\3start.png', 'midImage': 'C:\\Users\\hesselmann\\Desktop\\PsychoPyUniformityIllusion\\UniformityIllusionPsychoPy\\Pics\\3a.png', 'endImage': 'C:\\Users\\hesselmann\\Desktop\\PsychoPyUniformityIllusion\\UniformityIllusionPsychoPy\\Pics\\3a.png', 'AB': 'a'}
65.2948 	DATA 	Keypress: space
65.3470 	EXP 	hasPeriphery: autoDraw = False
65.3470 	EXP 	noPeriphery: autoDraw = False
65.3470 	EXP 	blank_screen: autoDraw = False
65.3470 	EXP 	text: autoDraw = False
65.3470 	EXP 	hasPeriphery: size = array([1.77777778, 1.        ])
65.3470 	EXP 	hasPeriphery: image = 'C:\\Users\\hesselmann\\Desktop\\PsychoPyUniformityIllusion\\UniformityIllusionPsychoPy\\Pics\\3a.png'
65.3470 	EXP 	noPeriphery: size = array([1.77777778, 1.        ])
65.3470 	EXP 	noPeriphery: image = 'C:\\Users\\hesselmann\\Desktop\\PsychoPyUniformityIllusion\\UniformityIllusionPsychoPy\\Pics\\3start.png'
65.3470 	EXP 	hasPeriphery: autoDraw = True
65.3470 	EXP 	hasPeriphery: texRes = 128.0
65.3470 	EXP 	noPeriphery: autoDraw = True
65.3470 	EXP 	noPeriphery: texRes = 128.0
65.3470 	EXP 	text: autoDraw = True
65.4636 	EXP 	hasPeriphery: texRes = 128.0
65.4636 	EXP 	noPeriphery: texRes = 128.0
65.5795 	EXP 	hasPeriphery: texRes = 128.0
65.5795 	EXP 	noPeriphery: texRes = 128.0
65.6962 	EXP 	hasPeriphery: texRes = 128.0
65.6962 	EXP 	noPeriphery: texRes = 128.0
65.8128 	EXP 	hasPeriphery: texRes = 128.0
65.8128 	EXP 	noPeriphery: texRes = 128.0
65.9467 	EXP 	hasPeriphery: texRes = 128.0
65.9467 	EXP 	noPeriphery: texRes = 128.0
65.9467 	EXP 	blank_screen: autoDraw = True
66.0631 	EXP 	hasPeriphery: texRes = 128.0
66.0631 	EXP 	noPeriphery: texRes = 128.0
66.0631 	EXP 	blank_screen: autoDraw = False
66.1802 	EXP 	hasPeriphery: texRes = 128.0
66.1802 	EXP 	noPeriphery: texRes = 128.0
66.2965 	EXP 	hasPeriphery: texRes = 128.0
66.2965 	EXP 	noPeriphery: texRes = 128.0
66.4126 	EXP 	hasPeriphery: texRes = 128.0
66.4126 	EXP 	noPeriphery: texRes = 128.0
66.5459 	EXP 	hasPeriphery: texRes = 128.0
66.5459 	EXP 	noPeriphery: texRes = 128.0
66.5459 	EXP 	blank_screen: autoDraw = True
66.6630 	EXP 	hasPeriphery: texRes = 128.0
66.6630 	EXP 	noPeriphery: texRes = 128.0
66.6630 	EXP 	blank_screen: autoDraw = False
66.7792 	EXP 	hasPeriphery: texRes = 128.0
66.7792 	EXP 	noPeriphery: texRes = 128.0
66.9129 	EXP 	hasPeriphery: texRes = 128.0
66.9129 	EXP 	noPeriphery: texRes = 128.0
67.0291 	EXP 	hasPeriphery: texRes = 128.0
67.0291 	EXP 	noPeriphery: texRes = 128.0
67.1461 	EXP 	hasPeriphery: texRes = 128.0
67.1461 	EXP 	noPeriphery: texRes = 128.0
67.2628 	EXP 	hasPeriphery: texRes = 128.0
67.2628 	EXP 	noPeriphery: texRes = 128.0
67.3794 	EXP 	hasPeriphery: texRes = 128.0
67.3794 	EXP 	noPeriphery: texRes = 128.0
67.4958 	EXP 	hasPeriphery: texRes = 128.0
67.4958 	EXP 	noPeriphery: texRes = 128.0
67.6137 	EXP 	hasPeriphery: texRes = 128.0
67.6137 	EXP 	noPeriphery: texRes = 128.0
67.7459 	EXP 	hasPeriphery: texRes = 128.0
67.7459 	EXP 	noPeriphery: texRes = 128.0
67.8627 	EXP 	hasPeriphery: texRes = 128.0
67.8627 	EXP 	noPeriphery: texRes = 128.0
67.9795 	EXP 	hasPeriphery: texRes = 128.0
67.9795 	EXP 	noPeriphery: texRes = 128.0
68.0960 	EXP 	hasPeriphery: texRes = 128.0
68.0960 	EXP 	noPeriphery: texRes = 128.0
68.2135 	EXP 	hasPeriphery: texRes = 128.0
68.2135 	EXP 	noPeriphery: texRes = 128.0
68.3293 	EXP 	hasPeriphery: texRes = 128.0
68.3293 	EXP 	noPeriphery: texRes = 128.0
68.4622 	EXP 	hasPeriphery: texRes = 128.0
68.4622 	EXP 	noPeriphery: texRes = 128.0
68.5792 	EXP 	hasPeriphery: texRes = 128.0
68.5792 	EXP 	noPeriphery: texRes = 128.0
68.6963 	EXP 	hasPeriphery: texRes = 128.0
68.6963 	EXP 	noPeriphery: texRes = 128.0
68.8126 	EXP 	hasPeriphery: texRes = 128.0
68.8126 	EXP 	noPeriphery: texRes = 128.0
68.9289 	EXP 	hasPeriphery: texRes = 128.0
68.9289 	EXP 	noPeriphery: texRes = 128.0
69.0456 	EXP 	hasPeriphery: texRes = 128.0
69.0456 	EXP 	noPeriphery: texRes = 128.0
69.1621 	EXP 	hasPeriphery: texRes = 128.0
69.1621 	EXP 	noPeriphery: texRes = 128.0
69.2787 	EXP 	hasPeriphery: texRes = 128.0
69.2787 	EXP 	noPeriphery: texRes = 128.0
69.3957 	EXP 	hasPeriphery: texRes = 128.0
69.3957 	EXP 	noPeriphery: texRes = 128.0
69.4724 	DATA 	Keypress: escape
69.5133 	EXP 	hasPeriphery: texRes = 128.0
69.5133 	EXP 	noPeriphery: texRes = 128.0
69.7153 	EXP 	window1: mouseVisible = True
