1.0112 	WARNING 	We strongly recommend you activate the PTB sound engine in PsychoPy prefs as the preferred audio engine. Its timing is vastly superior. Your prefs are currently set to use ['sounddevice', 'PTB', 'pyo', 'pygame'] (in that order).
5.8666 	EXP 	Created window1 = Window(allowGUI=False, allowStencil=False, autoLog=True, backendConf=UNKNOWN, bitsMode=UNKNOWN, blendMode='avg', bpc=(8, 8, 8), color=array([0, 0, 0]), colorSpace='rgb', depthBits=8, fullscr=<method-wrapper '__getattribute__' of attributeSetter object at 0x0000019FB86F50F0>, gamma=None, gammaErrorPolicy='raise', lms=UNKNOWN, monitor=<psychopy.monitors.calibTools.Monitor object at 0x0000019FB878F748>, multiSample=False, name='window1', numSamples=2, pos=[0.0, 0.0], screen=0, size=array([1920, 1080]), stencilBits=0, stereo=False, units='height', useFBO=True, useRetina=False, viewOri=0.0, viewPos=None, viewScale=None, waitBlanking=True, winType='pyglet')
5.8669 	EXP 	window1: mouseVisible = True
5.8669 	EXP 	window1: recordFrameIntervals = False
6.0003 	EXP 	window1: recordFrameIntervals = True
6.1464 	EXP 	window1: recordFrameIntervals = False
6.6658 	EXP 	Created WelcomeText = TextStim(__class__=<class 'psychopy.visual.text.TextStim'>, alignHoriz=method-wrapper(...), alignText='center', alignVert=method-wrapper(...), anchorHoriz='center', anchorVert='center', antialias=True, autoLog=True, bold=False, color=array([1, 1, 1]), colorSpace='rgb', contrast=1.0, depth=0.0, flipHoriz=False, flipVert=False, font='Open Sans', fontFiles=[], height=0.1, italic=False, languageStyle='LTR', name='WelcomeText', opacity=1, ori=0.0, pos=array([0., 0.]), rgb=UNKNOWN, text='Welcome to our Study!', units='height', win=Window(...), wrapWidth=1)
6.6839 	EXP 	Imported depression.xlsx as conditions, 2 conditions, 12 params
6.6853 	EXP 	Question text: Sadness
6.7168 	EXP 	window1: mouseVisible = True
6.7514 	EXP 	Question text: Pessimism
6.7624 	EXP 	window1: mouseVisible = True
6.7843 	EXP 	window1: mouseVisible = True
6.7891 	EXP 	Created unnamed Rect = Rect(__class__=<class 'psychopy.visual.rect.Rect'>, autoDraw=False, autoLog=True, closeShape=True, color=method-wrapper(...), colorSpace='rgb', contrast=None, depth=0, fillColor=array([0, 0, 0]), fillColorSpace='rgb', fillRGB=UNKNOWN, interpolate=True, lineColor=array([0, 0, 0]), lineColorSpace='rgb', lineRGB=UNKNOWN, lineWidth=1.5, name='unnamed Rect', opacity=0, ori=0.0, pos=array([0., 0.]), size=array([0., 0.]), units='height', vertices=ndarray(...), win=Window(...))
6.7959 	EXP 	Created DepressionQuestionnaire = <psychopy.visual.form.Form object at 0x0000019FBB6A6B00>
6.8199 	EXP 	window1: mouseVisible = True
6.8636 	EXP 	Created instructionsText = TextStim(__class__=<class 'psychopy.visual.text.TextStim'>, alignHoriz=method-wrapper(...), alignText='center', alignVert=method-wrapper(...), anchorHoriz='center', anchorVert='center', antialias=True, autoLog=True, bold=False, color=array([1, 1, 1]), colorSpace='rgb', contrast=1.0, depth=0.0, flipHoriz=False, flipVert=False, font='Open Sans', fontFiles=[], height=0.04, italic=False, languageStyle='LTR', name='instructionsText', opacity=1, ori=0.0, pos=array([0., 0.]), rgb=UNKNOWN, text=str(...), units='height', win=Window(...), wrapWidth=1)
6.8673 	EXP 	Created hasPeriphery = ImageStim(__class__=<class 'psychopy.visual.image.ImageStim'>, autoLog=True, color=array([1, 1, 1]), colorSpace='rgb', contrast=1.0, depth=-1.0, flipHoriz=False, flipVert=False, image='sin', interpolate=True, mask=None, maskParams=None, name='hasPeriphery', opacity=1.0, ori=0.0, pos=array([0., 0.]), size=array([0.5, 0.5]), texRes=128.0, units='height', win=Window(...))
6.8699 	EXP 	Created noPeriphery = ImageStim(__class__=<class 'psychopy.visual.image.ImageStim'>, autoLog=True, color=array([1, 1, 1]), colorSpace='rgb', contrast=1.0, depth=-3.0, flipHoriz=False, flipVert=False, image='sin', interpolate=True, mask=None, maskParams=None, name='noPeriphery', opacity=1.0, ori=0.0, pos=array([0., 0.]), size=array([0.5, 0.5]), texRes=128.0, units='height', win=Window(...))
6.8721 	EXP 	Created final = ImageStim(__class__=<class 'psychopy.visual.image.ImageStim'>, autoLog=True, color=array([1, 1, 1]), colorSpace='rgb', contrast=1.0, depth=-4.0, flipHoriz=False, flipVert=False, image='sin', interpolate=True, mask=None, maskParams=None, name='final', opacity=1.0, ori=0.0, pos=array([0., 0.]), size=array([0.5, 0.5]), texRes=128.0, units='height', win=Window(...))
6.8731 	EXP 	Created blank_screen = Rect(__class__=<class 'psychopy.visual.rect.Rect'>, autoDraw=False, autoLog=True, closeShape=True, color=method-wrapper(...), colorSpace='rgb', contrast=None, depth=-5.0, fillColor=array([1, 1, 1]), fillColorSpace='rgb', fillRGB=UNKNOWN, interpolate=True, lineColor=array([1, 1, 1]), lineColorSpace='rgb', lineRGB=UNKNOWN, lineWidth=1.0, name='blank_screen', opacity=1.0, ori=0.0, pos=array([0., 0.]), size=array([2., 2.]), units='height', vertices=ndarray(...), win=Window(...))
6.8798 	EXP 	Created text = TextStim(__class__=<class 'psychopy.visual.text.TextStim'>, alignHoriz=method-wrapper(...), alignText='center', alignVert=method-wrapper(...), anchorHoriz='center', anchorVert='center', antialias=True, autoLog=True, bold=False, color=array([ 1, -1, -1]), colorSpace='rgb', contrast=1.0, depth=-6.0, flipHoriz=False, flipVert=False, font='Open Sans', fontFiles=[], height=0.1, italic=False, languageStyle='LTR', name='text', opacity=1, ori=0.0, pos=array([0., 0.]), rgb=UNKNOWN, text='+', units='height', win=Window(...), wrapWidth=1)
6.8903 	EXP 	Created WelcomeText = TextStim(__class__=<class 'psychopy.visual.text.TextStim'>, alignHoriz=method-wrapper(...), alignText='center', alignVert=method-wrapper(...), anchorHoriz='center', anchorVert='center', antialias=True, autoLog=True, bold=False, color=array([1, 1, 1]), colorSpace='rgb', contrast=1.0, depth=0.0, flipHoriz=False, flipVert=False, font='Open Sans', fontFiles=[], height=0.1, italic=False, languageStyle='LTR', name='WelcomeText', opacity=1, ori=0.0, pos=array([0., 0.]), rgb=UNKNOWN, text='Welcome to our Study!', units='height', win=Window(...), wrapWidth=1)
6.8929 	EXP 	Created hasPeriphery = ImageStim(__class__=<class 'psychopy.visual.image.ImageStim'>, autoLog=True, color=array([1, 1, 1]), colorSpace='rgb', contrast=1.0, depth=-1.0, flipHoriz=False, flipVert=False, image='sin', interpolate=True, mask=None, maskParams=None, name='hasPeriphery', opacity=1.0, ori=0.0, pos=array([0., 0.]), size=array([0.5, 0.5]), texRes=128.0, units='height', win=Window(...))
6.8953 	EXP 	Created noPeriphery = ImageStim(__class__=<class 'psychopy.visual.image.ImageStim'>, autoLog=True, color=array([1, 1, 1]), colorSpace='rgb', contrast=1.0, depth=-3.0, flipHoriz=False, flipVert=False, image='sin', interpolate=True, mask=None, maskParams=None, name='noPeriphery', opacity=1.0, ori=0.0, pos=array([0., 0.]), size=array([0.5, 0.5]), texRes=128.0, units='height', win=Window(...))
6.8976 	EXP 	Created final = ImageStim(__class__=<class 'psychopy.visual.image.ImageStim'>, autoLog=True, color=array([1, 1, 1]), colorSpace='rgb', contrast=1.0, depth=-4.0, flipHoriz=False, flipVert=False, image='sin', interpolate=True, mask=None, maskParams=None, name='final', opacity=1.0, ori=0.0, pos=array([0., 0.]), size=array([0.5, 0.5]), texRes=128.0, units='height', win=Window(...))
6.8987 	EXP 	Created blank_screen = Rect(__class__=<class 'psychopy.visual.rect.Rect'>, autoDraw=False, autoLog=True, closeShape=True, color=method-wrapper(...), colorSpace='rgb', contrast=None, depth=-5.0, fillColor=array([1, 1, 1]), fillColorSpace='rgb', fillRGB=UNKNOWN, interpolate=True, lineColor=array([1, 1, 1]), lineColorSpace='rgb', lineRGB=UNKNOWN, lineWidth=1.0, name='blank_screen', opacity=1.0, ori=0.0, pos=array([0., 0.]), size=array([2., 2.]), units='height', vertices=ndarray(...), win=Window(...))
6.9004 	EXP 	Created text = TextStim(__class__=<class 'psychopy.visual.text.TextStim'>, alignHoriz=method-wrapper(...), alignText='center', alignVert=method-wrapper(...), anchorHoriz='center', anchorVert='center', antialias=True, autoLog=True, bold=False, color=array([ 1, -1, -1]), colorSpace='rgb', contrast=1.0, depth=-6.0, flipHoriz=False, flipVert=False, font='Open Sans', fontFiles=[], height=0.1, italic=False, languageStyle='LTR', name='text', opacity=1, ori=0.0, pos=array([0., 0.]), rgb=UNKNOWN, text='+', units='height', win=Window(...), wrapWidth=1)
6.9459 	EXP 	unnamed Form: autoLog = True
6.9459 	EXP 	DepressionQuestionnaire: name = 'DepressionQuestionnaire'
6.9459 	EXP 	DepressionQuestionnaire: size = (3.5, 1)
6.9459 	EXP 	DepressionQuestionnaire: size = array([3.5, 1. ])
6.9459 	EXP 	DepressionQuestionnaire: units = 'height'
6.9459 	EXP 	DepressionQuestionnaire: depth = 0
6.9459 	EXP 	WelcomeText: autoDraw = True
8.9465 	EXP 	WelcomeText: autoDraw = False
8.9465 	EXP 	DepressionQuestionnaire: autoDraw = True
9.8423 	DATA 	Mouse: Left button down, pos=(676,77)
9.8936 	EXP 	DepressionQuestionnaire: autoDraw = False
9.8936 	EXP 	instructionsText: autoDraw = True
9.9519 	DATA 	Mouse:  Left button up, pos=(676,77)
10.5992 	EXP 	Imported picPaths.xlsx as conditions, 6 conditions, 4 params
10.5995 	EXP 	Created sequence: sequential, trialTypes=6, nReps=1, seed=None
10.5998 	EXP 	New trial (rep=0, index=0): {'startImage': 'C:\\Users\\hesselmann\\Desktop\\PsychoPyUniformityIllusion\\UniformityIllusionPsychoPy\\Pics\\1start.png', 'midImage': 'C:\\Users\\hesselmann\\Desktop\\PsychoPyUniformityIllusion\\UniformityIllusionPsychoPy\\Pics\\1a.png', 'endImage': 'C:\\Users\\hesselmann\\Desktop\\PsychoPyUniformityIllusion\\UniformityIllusionPsychoPy\\Pics\\1a.png', 'AB': 'a'}
10.8426 	DATA 	Keypress: space
10.8929 	EXP 	instructionsText: autoDraw = False
10.8929 	EXP 	hasPeriphery: size = array([1.77777778, 1.        ])
10.8929 	EXP 	hasPeriphery: image = 'C:\\Users\\hesselmann\\Desktop\\PsychoPyUniformityIllusion\\UniformityIllusionPsychoPy\\Pics\\1a.png'
10.8929 	EXP 	noPeriphery: size = array([1.77777778, 1.        ])
10.8929 	EXP 	noPeriphery: image = 'C:\\Users\\hesselmann\\Desktop\\PsychoPyUniformityIllusion\\UniformityIllusionPsychoPy\\Pics\\1start.png'
10.8929 	EXP 	final: size = array([1.77777778, 1.        ])
10.8929 	EXP 	final: image = 'C:\\Users\\hesselmann\\Desktop\\PsychoPyUniformityIllusion\\UniformityIllusionPsychoPy\\Pics\\1a.png'
10.8929 	EXP 	hasPeriphery: autoDraw = True
10.8929 	EXP 	hasPeriphery: texRes = 128.0
10.8929 	EXP 	noPeriphery: autoDraw = True
10.8929 	EXP 	noPeriphery: texRes = 128.0
10.8929 	EXP 	text: autoDraw = True
11.0537 	EXP 	hasPeriphery: texRes = 128.0
11.0537 	EXP 	noPeriphery: texRes = 128.0
11.2000 	EXP 	hasPeriphery: texRes = 128.0
11.2000 	EXP 	noPeriphery: texRes = 128.0
11.3469 	EXP 	hasPeriphery: texRes = 128.0
11.3469 	EXP 	noPeriphery: texRes = 128.0
11.4937 	EXP 	hasPeriphery: texRes = 128.0
11.4937 	EXP 	noPeriphery: texRes = 128.0
11.6404 	EXP 	hasPeriphery: texRes = 128.0
11.6404 	EXP 	noPeriphery: texRes = 128.0
11.7871 	EXP 	hasPeriphery: texRes = 128.0
11.7871 	EXP 	noPeriphery: texRes = 128.0
11.9337 	EXP 	hasPeriphery: texRes = 128.0
11.9337 	EXP 	noPeriphery: texRes = 128.0
12.0797 	EXP 	hasPeriphery: texRes = 128.0
12.0797 	EXP 	noPeriphery: texRes = 128.0
12.2271 	EXP 	hasPeriphery: texRes = 128.0
12.2271 	EXP 	noPeriphery: texRes = 128.0
12.3735 	EXP 	hasPeriphery: texRes = 128.0
12.3735 	EXP 	noPeriphery: texRes = 128.0
12.5206 	EXP 	hasPeriphery: texRes = 128.0
12.5206 	EXP 	noPeriphery: texRes = 128.0
12.6805 	EXP 	hasPeriphery: texRes = 128.0
12.6805 	EXP 	noPeriphery: texRes = 128.0
12.8272 	EXP 	hasPeriphery: texRes = 128.0
12.8272 	EXP 	noPeriphery: texRes = 128.0
12.9740 	EXP 	hasPeriphery: texRes = 128.0
12.9740 	EXP 	noPeriphery: texRes = 128.0
13.1198 	EXP 	hasPeriphery: texRes = 128.0
13.1198 	EXP 	noPeriphery: texRes = 128.0
13.2666 	EXP 	hasPeriphery: texRes = 128.0
13.2666 	EXP 	noPeriphery: texRes = 128.0
13.4132 	EXP 	hasPeriphery: texRes = 128.0
13.4132 	EXP 	noPeriphery: texRes = 128.0
13.5602 	EXP 	hasPeriphery: texRes = 128.0
13.5602 	EXP 	noPeriphery: texRes = 128.0
13.7073 	EXP 	hasPeriphery: texRes = 128.0
13.7073 	EXP 	noPeriphery: texRes = 128.0
13.9205 	EXP 	hasPeriphery: texRes = 128.0
13.9205 	EXP 	noPeriphery: texRes = 128.0
13.9205 	EXP 	final: autoDraw = True
13.9205 	EXP 	final: texRes = 128.0
14.1338 	EXP 	hasPeriphery: texRes = 128.0
14.1338 	EXP 	noPeriphery: texRes = 128.0
14.1338 	EXP 	final: texRes = 128.0
14.1338 	EXP 	blank_screen: autoDraw = True
14.3603 	EXP 	hasPeriphery: texRes = 128.0
14.3603 	EXP 	noPeriphery: texRes = 128.0
14.3603 	EXP 	final: texRes = 128.0
14.5740 	EXP 	hasPeriphery: texRes = 128.0
14.5740 	EXP 	noPeriphery: texRes = 128.0
14.5740 	EXP 	final: texRes = 128.0
14.5740 	EXP 	blank_screen: autoDraw = False
14.7870 	EXP 	hasPeriphery: texRes = 128.0
14.7870 	EXP 	noPeriphery: texRes = 128.0
14.7870 	EXP 	final: texRes = 128.0
14.9870 	EXP 	hasPeriphery: texRes = 128.0
14.9870 	EXP 	noPeriphery: texRes = 128.0
14.9870 	EXP 	final: texRes = 128.0
15.1870 	EXP 	hasPeriphery: texRes = 128.0
15.1870 	EXP 	noPeriphery: texRes = 128.0
15.1870 	EXP 	final: texRes = 128.0
15.4007 	EXP 	hasPeriphery: texRes = 128.0
15.4007 	EXP 	noPeriphery: texRes = 128.0
15.4007 	EXP 	final: texRes = 128.0
15.6271 	EXP 	hasPeriphery: texRes = 128.0
15.6271 	EXP 	noPeriphery: texRes = 128.0
15.6271 	EXP 	final: texRes = 128.0
15.6271 	EXP 	blank_screen: autoDraw = True
15.8540 	EXP 	hasPeriphery: texRes = 128.0
15.8540 	EXP 	noPeriphery: texRes = 128.0
15.8540 	EXP 	final: texRes = 128.0
16.0810 	EXP 	hasPeriphery: texRes = 128.0
16.0810 	EXP 	noPeriphery: texRes = 128.0
16.0810 	EXP 	final: texRes = 128.0
16.0810 	EXP 	blank_screen: autoDraw = False
16.2938 	EXP 	hasPeriphery: texRes = 128.0
16.2938 	EXP 	noPeriphery: texRes = 128.0
16.2938 	EXP 	final: texRes = 128.0
16.5072 	EXP 	hasPeriphery: texRes = 128.0
16.5072 	EXP 	noPeriphery: texRes = 128.0
16.5072 	EXP 	final: texRes = 128.0
16.7208 	EXP 	hasPeriphery: texRes = 128.0
16.7208 	EXP 	noPeriphery: texRes = 128.0
16.7208 	EXP 	final: texRes = 128.0
16.9339 	EXP 	hasPeriphery: texRes = 128.0
16.9339 	EXP 	noPeriphery: texRes = 128.0
16.9339 	EXP 	final: texRes = 128.0
17.1474 	EXP 	hasPeriphery: texRes = 128.0
17.1474 	EXP 	noPeriphery: texRes = 128.0
17.1474 	EXP 	final: texRes = 128.0
17.1474 	EXP 	blank_screen: autoDraw = True
17.3739 	EXP 	hasPeriphery: texRes = 128.0
17.3739 	EXP 	noPeriphery: texRes = 128.0
17.3739 	EXP 	final: texRes = 128.0
17.5743 	EXP 	hasPeriphery: texRes = 128.0
17.5743 	EXP 	noPeriphery: texRes = 128.0
17.5743 	EXP 	final: texRes = 128.0
17.5743 	EXP 	blank_screen: autoDraw = False
17.7876 	EXP 	hasPeriphery: texRes = 128.0
17.7876 	EXP 	noPeriphery: texRes = 128.0
17.7876 	EXP 	final: texRes = 128.0
18.0010 	EXP 	hasPeriphery: texRes = 128.0
18.0010 	EXP 	noPeriphery: texRes = 128.0
18.0010 	EXP 	final: texRes = 128.0
18.2144 	EXP 	hasPeriphery: texRes = 128.0
18.2144 	EXP 	noPeriphery: texRes = 128.0
18.2144 	EXP 	final: texRes = 128.0
18.4278 	EXP 	hasPeriphery: texRes = 128.0
18.4278 	EXP 	noPeriphery: texRes = 128.0
18.4278 	EXP 	final: texRes = 128.0
18.6410 	EXP 	hasPeriphery: texRes = 128.0
18.6410 	EXP 	noPeriphery: texRes = 128.0
18.6410 	EXP 	final: texRes = 128.0
18.6410 	EXP 	blank_screen: autoDraw = True
18.8674 	EXP 	hasPeriphery: texRes = 128.0
18.8674 	EXP 	noPeriphery: texRes = 128.0
18.8674 	EXP 	final: texRes = 128.0
19.0808 	EXP 	hasPeriphery: texRes = 128.0
19.0808 	EXP 	noPeriphery: texRes = 128.0
19.0808 	EXP 	final: texRes = 128.0
19.0808 	EXP 	blank_screen: autoDraw = False
19.2945 	EXP 	hasPeriphery: texRes = 128.0
19.2945 	EXP 	noPeriphery: texRes = 128.0
19.2945 	EXP 	final: texRes = 128.0
19.4938 	EXP 	hasPeriphery: texRes = 128.0
19.4938 	EXP 	noPeriphery: texRes = 128.0
19.4938 	EXP 	final: texRes = 128.0
19.6942 	EXP 	hasPeriphery: texRes = 128.0
19.6942 	EXP 	noPeriphery: texRes = 128.0
19.6942 	EXP 	final: texRes = 128.0
19.9071 	EXP 	hasPeriphery: texRes = 128.0
19.9071 	EXP 	noPeriphery: texRes = 128.0
19.9071 	EXP 	final: texRes = 128.0
20.1213 	EXP 	hasPeriphery: texRes = 128.0
20.1213 	EXP 	noPeriphery: texRes = 128.0
20.1213 	EXP 	final: texRes = 128.0
20.1213 	EXP 	blank_screen: autoDraw = True
20.3339 	EXP 	hasPeriphery: texRes = 128.0
20.3339 	EXP 	noPeriphery: texRes = 128.0
20.3339 	EXP 	final: texRes = 128.0
20.5343 	EXP 	hasPeriphery: texRes = 128.0
20.5343 	EXP 	noPeriphery: texRes = 128.0
20.5343 	EXP 	final: texRes = 128.0
20.5343 	EXP 	blank_screen: autoDraw = False
20.7342 	EXP 	hasPeriphery: texRes = 128.0
20.7342 	EXP 	noPeriphery: texRes = 128.0
20.7342 	EXP 	final: texRes = 128.0
20.9480 	EXP 	hasPeriphery: texRes = 128.0
20.9480 	EXP 	noPeriphery: texRes = 128.0
20.9480 	EXP 	final: texRes = 128.0
21.0280 	EXP 	hasPeriphery: autoDraw = False
21.0280 	EXP 	noPeriphery: autoDraw = False
21.0280 	EXP 	final: texRes = 128.0
21.1077 	EXP 	final: texRes = 128.0
21.1873 	EXP 	final: texRes = 128.0
21.2677 	EXP 	final: texRes = 128.0
21.3615 	EXP 	final: texRes = 128.0
21.4411 	EXP 	final: texRes = 128.0
21.5209 	EXP 	final: texRes = 128.0
21.6011 	EXP 	final: texRes = 128.0
21.6814 	EXP 	final: texRes = 128.0
21.7615 	EXP 	final: texRes = 128.0
21.8416 	EXP 	final: texRes = 128.0
21.9210 	EXP 	final: texRes = 128.0
22.0014 	EXP 	final: texRes = 128.0
22.0814 	EXP 	final: texRes = 128.0
22.1744 	EXP 	final: texRes = 128.0
22.2544 	EXP 	final: texRes = 128.0
22.3341 	EXP 	final: texRes = 128.0
22.4145 	EXP 	final: texRes = 128.0
22.4952 	EXP 	final: texRes = 128.0
22.5745 	EXP 	final: texRes = 128.0
22.6541 	EXP 	final: texRes = 128.0
22.7349 	EXP 	final: texRes = 128.0
22.8149 	EXP 	final: texRes = 128.0
22.8945 	EXP 	final: texRes = 128.0
22.9745 	EXP 	final: texRes = 128.0
22.9745 	EXP 	text: autoDraw = False
23.0545 	EXP 	final: texRes = 128.0
23.1346 	EXP 	final: texRes = 128.0
23.2146 	EXP 	final: texRes = 128.0
23.2944 	EXP 	final: texRes = 128.0
23.3746 	EXP 	final: texRes = 128.0
23.4542 	EXP 	final: texRes = 128.0
23.5346 	EXP 	final: texRes = 128.0
23.6150 	EXP 	final: texRes = 128.0
23.6944 	EXP 	final: texRes = 128.0
23.7751 	EXP 	final: texRes = 128.0
23.8543 	EXP 	final: texRes = 128.0
23.9344 	EXP 	final: texRes = 128.0
24.0149 	EXP 	final: texRes = 128.0
24.0946 	EXP 	final: texRes = 128.0
24.1753 	EXP 	final: texRes = 128.0
24.2546 	EXP 	final: texRes = 128.0
24.3350 	EXP 	final: texRes = 128.0
24.4146 	EXP 	final: texRes = 128.0
24.4945 	EXP 	final: texRes = 128.0
24.5752 	EXP 	final: texRes = 128.0
24.6542 	EXP 	final: texRes = 128.0
24.7347 	EXP 	final: texRes = 128.0
24.8147 	EXP 	final: texRes = 128.0
24.8944 	EXP 	final: texRes = 128.0
24.9747 	EXP 	final: texRes = 128.0
25.0551 	EXP 	final: texRes = 128.0
25.1348 	EXP 	final: texRes = 128.0
25.2148 	EXP 	final: texRes = 128.0
25.2948 	EXP 	final: texRes = 128.0
25.3755 	EXP 	final: texRes = 128.0
25.4547 	EXP 	final: texRes = 128.0
25.5351 	EXP 	final: texRes = 128.0
25.6156 	EXP 	final: texRes = 128.0
25.6948 	EXP 	final: texRes = 128.0
25.7752 	EXP 	final: texRes = 128.0
25.8553 	EXP 	final: texRes = 128.0
25.9354 	EXP 	final: texRes = 128.0
26.0015 	EXP 	final: texRes = 128.0
26.0015 	EXP 	final: autoDraw = False
31.3539 	EXP 	New trial (rep=0, index=1): {'startImage': 'C:\\Users\\hesselmann\\Desktop\\PsychoPyUniformityIllusion\\UniformityIllusionPsychoPy\\Pics\\1start.png', 'midImage': 'C:\\Users\\hesselmann\\Desktop\\PsychoPyUniformityIllusion\\UniformityIllusionPsychoPy\\Pics\\1a.png', 'endImage': 'C:\\Users\\hesselmann\\Desktop\\PsychoPyUniformityIllusion\\UniformityIllusionPsychoPy\\Pics\\1b.png', 'AB': 'b'}
31.5870 	DATA 	Keypress: space
31.6292 	EXP 	hasPeriphery: autoDraw = False
31.6292 	EXP 	noPeriphery: autoDraw = False
31.6292 	EXP 	final: autoDraw = False
31.6292 	EXP 	blank_screen: autoDraw = False
31.6292 	EXP 	text: autoDraw = False
31.6292 	EXP 	hasPeriphery: size = array([1.77777778, 1.        ])
31.6292 	EXP 	hasPeriphery: image = 'C:\\Users\\hesselmann\\Desktop\\PsychoPyUniformityIllusion\\UniformityIllusionPsychoPy\\Pics\\1a.png'
31.6292 	EXP 	noPeriphery: size = array([1.77777778, 1.        ])
31.6292 	EXP 	noPeriphery: image = 'C:\\Users\\hesselmann\\Desktop\\PsychoPyUniformityIllusion\\UniformityIllusionPsychoPy\\Pics\\1start.png'
31.6292 	EXP 	final: size = array([1.77777778, 1.        ])
31.6292 	EXP 	final: image = 'C:\\Users\\hesselmann\\Desktop\\PsychoPyUniformityIllusion\\UniformityIllusionPsychoPy\\Pics\\1b.png'
31.6292 	EXP 	hasPeriphery: autoDraw = True
31.6292 	EXP 	hasPeriphery: texRes = 128.0
31.6292 	EXP 	noPeriphery: autoDraw = True
31.6292 	EXP 	noPeriphery: texRes = 128.0
31.6292 	EXP 	text: autoDraw = True
31.7758 	EXP 	hasPeriphery: texRes = 128.0
31.7758 	EXP 	noPeriphery: texRes = 128.0
31.9225 	EXP 	hasPeriphery: texRes = 128.0
31.9225 	EXP 	noPeriphery: texRes = 128.0
32.0688 	EXP 	hasPeriphery: texRes = 128.0
32.0688 	EXP 	noPeriphery: texRes = 128.0
32.2155 	EXP 	hasPeriphery: texRes = 128.0
32.2155 	EXP 	noPeriphery: texRes = 128.0
32.3621 	EXP 	hasPeriphery: texRes = 128.0
32.3621 	EXP 	noPeriphery: texRes = 128.0
32.4952 	EXP 	hasPeriphery: texRes = 128.0
32.4952 	EXP 	noPeriphery: texRes = 128.0
32.6422 	EXP 	hasPeriphery: texRes = 128.0
32.6422 	EXP 	noPeriphery: texRes = 128.0
32.7892 	EXP 	hasPeriphery: texRes = 128.0
32.7892 	EXP 	noPeriphery: texRes = 128.0
32.9355 	EXP 	hasPeriphery: texRes = 128.0
32.9355 	EXP 	noPeriphery: texRes = 128.0
33.0818 	EXP 	hasPeriphery: texRes = 128.0
33.0818 	EXP 	noPeriphery: texRes = 128.0
33.2291 	EXP 	hasPeriphery: texRes = 128.0
33.2291 	EXP 	noPeriphery: texRes = 128.0
33.3762 	EXP 	hasPeriphery: texRes = 128.0
33.3762 	EXP 	noPeriphery: texRes = 128.0
33.5089 	EXP 	hasPeriphery: texRes = 128.0
33.5089 	EXP 	noPeriphery: texRes = 128.0
33.6562 	EXP 	hasPeriphery: texRes = 128.0
33.6562 	EXP 	noPeriphery: texRes = 128.0
33.8022 	EXP 	hasPeriphery: texRes = 128.0
33.8022 	EXP 	noPeriphery: texRes = 128.0
33.9488 	EXP 	hasPeriphery: texRes = 128.0
33.9488 	EXP 	noPeriphery: texRes = 128.0
34.0955 	EXP 	hasPeriphery: texRes = 128.0
34.0955 	EXP 	noPeriphery: texRes = 128.0
34.2419 	EXP 	hasPeriphery: texRes = 128.0
34.2419 	EXP 	noPeriphery: texRes = 128.0
34.3898 	EXP 	hasPeriphery: texRes = 128.0
34.3898 	EXP 	noPeriphery: texRes = 128.0
34.5353 	EXP 	hasPeriphery: texRes = 128.0
34.5353 	EXP 	noPeriphery: texRes = 128.0
34.6827 	EXP 	hasPeriphery: texRes = 128.0
34.6827 	EXP 	noPeriphery: texRes = 128.0
34.8297 	EXP 	hasPeriphery: texRes = 128.0
34.8297 	EXP 	noPeriphery: texRes = 128.0
34.9761 	EXP 	hasPeriphery: texRes = 128.0
34.9761 	EXP 	noPeriphery: texRes = 128.0
35.1221 	EXP 	hasPeriphery: texRes = 128.0
35.1221 	EXP 	noPeriphery: texRes = 128.0
35.2691 	EXP 	hasPeriphery: texRes = 128.0
35.2691 	EXP 	noPeriphery: texRes = 128.0
35.4158 	EXP 	hasPeriphery: texRes = 128.0
35.4158 	EXP 	noPeriphery: texRes = 128.0
35.5628 	EXP 	hasPeriphery: texRes = 128.0
35.5628 	EXP 	noPeriphery: texRes = 128.0
35.7088 	EXP 	hasPeriphery: texRes = 128.0
35.7088 	EXP 	noPeriphery: texRes = 128.0
35.8557 	EXP 	hasPeriphery: texRes = 128.0
35.8557 	EXP 	noPeriphery: texRes = 128.0
36.0559 	EXP 	hasPeriphery: texRes = 128.0
36.0559 	EXP 	noPeriphery: texRes = 128.0
36.0559 	EXP 	final: autoDraw = True
36.0559 	EXP 	final: texRes = 128.0
36.2698 	EXP 	hasPeriphery: texRes = 128.0
36.2698 	EXP 	noPeriphery: texRes = 128.0
36.2698 	EXP 	final: texRes = 128.0
36.4824 	EXP 	hasPeriphery: texRes = 128.0
36.4824 	EXP 	noPeriphery: texRes = 128.0
36.4824 	EXP 	final: texRes = 128.0
36.6955 	EXP 	hasPeriphery: texRes = 128.0
36.6955 	EXP 	noPeriphery: texRes = 128.0
36.6955 	EXP 	final: texRes = 128.0
36.9093 	EXP 	hasPeriphery: texRes = 128.0
36.9093 	EXP 	noPeriphery: texRes = 128.0
36.9093 	EXP 	final: texRes = 128.0
37.1223 	EXP 	hasPeriphery: texRes = 128.0
37.1223 	EXP 	noPeriphery: texRes = 128.0
37.1223 	EXP 	final: texRes = 128.0
37.1223 	EXP 	blank_screen: autoDraw = True
37.3355 	EXP 	hasPeriphery: texRes = 128.0
37.3355 	EXP 	noPeriphery: texRes = 128.0
37.3355 	EXP 	final: texRes = 128.0
37.5368 	EXP 	hasPeriphery: texRes = 128.0
37.5368 	EXP 	noPeriphery: texRes = 128.0
37.5368 	EXP 	final: texRes = 128.0
37.5368 	EXP 	blank_screen: autoDraw = False
37.7490 	EXP 	hasPeriphery: texRes = 128.0
37.7490 	EXP 	noPeriphery: texRes = 128.0
37.7490 	EXP 	final: texRes = 128.0
37.9494 	EXP 	hasPeriphery: texRes = 128.0
37.9494 	EXP 	noPeriphery: texRes = 128.0
37.9494 	EXP 	final: texRes = 128.0
38.1635 	EXP 	hasPeriphery: texRes = 128.0
38.1635 	EXP 	noPeriphery: texRes = 128.0
38.1635 	EXP 	final: texRes = 128.0
38.3761 	EXP 	hasPeriphery: texRes = 128.0
38.3761 	EXP 	noPeriphery: texRes = 128.0
38.3761 	EXP 	final: texRes = 128.0
38.5898 	EXP 	hasPeriphery: texRes = 128.0
38.5898 	EXP 	noPeriphery: texRes = 128.0
38.5898 	EXP 	final: texRes = 128.0
38.5898 	EXP 	blank_screen: autoDraw = True
38.8032 	EXP 	hasPeriphery: texRes = 128.0
38.8032 	EXP 	noPeriphery: texRes = 128.0
38.8032 	EXP 	final: texRes = 128.0
39.0291 	EXP 	hasPeriphery: texRes = 128.0
39.0291 	EXP 	noPeriphery: texRes = 128.0
39.0291 	EXP 	final: texRes = 128.0
39.0291 	EXP 	blank_screen: autoDraw = False
39.2295 	EXP 	hasPeriphery: texRes = 128.0
39.2295 	EXP 	noPeriphery: texRes = 128.0
39.2295 	EXP 	final: texRes = 128.0
39.4295 	EXP 	hasPeriphery: texRes = 128.0
39.4295 	EXP 	noPeriphery: texRes = 128.0
39.4295 	EXP 	final: texRes = 128.0
39.6558 	EXP 	hasPeriphery: texRes = 128.0
39.6558 	EXP 	noPeriphery: texRes = 128.0
39.6558 	EXP 	final: texRes = 128.0
39.8558 	EXP 	hasPeriphery: texRes = 128.0
39.8558 	EXP 	noPeriphery: texRes = 128.0
39.8558 	EXP 	final: texRes = 128.0
40.0695 	EXP 	hasPeriphery: texRes = 128.0
40.0695 	EXP 	noPeriphery: texRes = 128.0
40.0695 	EXP 	final: texRes = 128.0
40.0695 	EXP 	blank_screen: autoDraw = True
40.2835 	EXP 	hasPeriphery: texRes = 128.0
40.2835 	EXP 	noPeriphery: texRes = 128.0
40.2835 	EXP 	final: texRes = 128.0
40.4962 	EXP 	hasPeriphery: texRes = 128.0
40.4962 	EXP 	noPeriphery: texRes = 128.0
40.4962 	EXP 	final: texRes = 128.0
40.4962 	EXP 	blank_screen: autoDraw = False
40.6960 	EXP 	hasPeriphery: texRes = 128.0
40.6960 	EXP 	noPeriphery: texRes = 128.0
40.6960 	EXP 	final: texRes = 128.0
40.9098 	EXP 	hasPeriphery: texRes = 128.0
40.9098 	EXP 	noPeriphery: texRes = 128.0
40.9098 	EXP 	final: texRes = 128.0
41.1226 	EXP 	hasPeriphery: texRes = 128.0
41.1226 	EXP 	noPeriphery: texRes = 128.0
41.1226 	EXP 	final: texRes = 128.0
41.3234 	EXP 	hasPeriphery: texRes = 128.0
41.3234 	EXP 	noPeriphery: texRes = 128.0
41.3234 	EXP 	final: texRes = 128.0
41.5364 	EXP 	hasPeriphery: texRes = 128.0
41.5364 	EXP 	noPeriphery: texRes = 128.0
41.5364 	EXP 	final: texRes = 128.0
41.5364 	EXP 	blank_screen: autoDraw = True
41.7498 	EXP 	hasPeriphery: texRes = 128.0
41.7498 	EXP 	noPeriphery: texRes = 128.0
41.7498 	EXP 	final: texRes = 128.0
41.8294 	EXP 	hasPeriphery: autoDraw = False
41.8294 	EXP 	noPeriphery: autoDraw = False
41.8294 	EXP 	final: texRes = 128.0
41.8294 	EXP 	blank_screen: autoDraw = False
41.9234 	EXP 	final: texRes = 128.0
42.0030 	EXP 	final: texRes = 128.0
42.0827 	EXP 	final: texRes = 128.0
42.1635 	EXP 	final: texRes = 128.0
42.2431 	EXP 	final: texRes = 128.0
42.3231 	EXP 	final: texRes = 128.0
42.4027 	EXP 	final: texRes = 128.0
42.4828 	EXP 	final: texRes = 128.0
42.5628 	EXP 	final: texRes = 128.0
42.6432 	EXP 	final: texRes = 128.0
42.7235 	EXP 	final: texRes = 128.0
42.8028 	EXP 	final: texRes = 128.0
42.8835 	EXP 	final: texRes = 128.0
42.9769 	EXP 	final: texRes = 128.0
43.0569 	EXP 	final: texRes = 128.0
43.1365 	EXP 	final: texRes = 128.0
43.2162 	EXP 	final: texRes = 128.0
43.2971 	EXP 	final: texRes = 128.0
43.3765 	EXP 	final: texRes = 128.0
43.4567 	EXP 	final: texRes = 128.0
43.5365 	EXP 	final: texRes = 128.0
43.6164 	EXP 	final: texRes = 128.0
43.6964 	EXP 	final: texRes = 128.0
43.6964 	EXP 	text: autoDraw = False
43.7762 	EXP 	final: texRes = 128.0
43.8563 	EXP 	final: texRes = 128.0
43.9366 	EXP 	final: texRes = 128.0
44.0163 	EXP 	final: texRes = 128.0
44.0970 	EXP 	final: texRes = 128.0
44.1772 	EXP 	final: texRes = 128.0
44.2570 	EXP 	final: texRes = 128.0
44.3368 	EXP 	final: texRes = 128.0
44.4168 	EXP 	final: texRes = 128.0
44.4970 	EXP 	final: texRes = 128.0
44.5763 	EXP 	final: texRes = 128.0
44.6567 	EXP 	final: texRes = 128.0
44.7370 	EXP 	final: texRes = 128.0
44.8173 	EXP 	final: texRes = 128.0
44.8981 	EXP 	final: texRes = 128.0
44.9774 	EXP 	final: texRes = 128.0
45.0704 	EXP 	final: texRes = 128.0
45.1504 	EXP 	final: texRes = 128.0
45.2301 	EXP 	final: texRes = 128.0
45.3105 	EXP 	final: texRes = 128.0
45.3896 	EXP 	final: texRes = 128.0
45.4706 	EXP 	final: texRes = 128.0
45.5498 	EXP 	final: texRes = 128.0
45.6298 	EXP 	final: texRes = 128.0
45.7098 	EXP 	final: texRes = 128.0
45.7902 	EXP 	final: texRes = 128.0
45.8702 	EXP 	final: texRes = 128.0
45.9506 	EXP 	final: texRes = 128.0
46.0305 	EXP 	final: texRes = 128.0
46.1105 	EXP 	final: texRes = 128.0
46.1905 	EXP 	final: texRes = 128.0
46.2702 	EXP 	final: texRes = 128.0
46.3504 	EXP 	final: texRes = 128.0
46.4299 	EXP 	final: texRes = 128.0
46.5106 	EXP 	final: texRes = 128.0
46.5906 	EXP 	final: texRes = 128.0
46.6702 	EXP 	final: texRes = 128.0
46.7506 	EXP 	final: texRes = 128.0
46.8436 	EXP 	final: texRes = 128.0
46.9239 	EXP 	final: texRes = 128.0
47.0036 	EXP 	final: texRes = 128.0
47.0837 	EXP 	final: texRes = 128.0
47.1636 	EXP 	final: texRes = 128.0
47.2443 	EXP 	final: texRes = 128.0
47.3236 	EXP 	final: texRes = 128.0
47.4035 	EXP 	final: texRes = 128.0
47.4833 	EXP 	final: texRes = 128.0
47.5637 	EXP 	final: texRes = 128.0
47.6433 	EXP 	final: texRes = 128.0
47.7236 	EXP 	final: texRes = 128.0
47.8040 	EXP 	final: texRes = 128.0
47.8842 	EXP 	final: texRes = 128.0
47.9641 	EXP 	final: texRes = 128.0
48.0440 	EXP 	final: texRes = 128.0
48.1113 	EXP 	final: texRes = 128.0
48.1113 	EXP 	final: autoDraw = False
48.8212 	DATA 	Keypress: escape
49.0756 	EXP 	window1: mouseVisible = True
