1.0464 	WARNING 	We strongly recommend you activate the PTB sound engine in PsychoPy prefs as the preferred audio engine. Its timing is vastly superior. Your prefs are currently set to use ['sounddevice', 'PTB', 'pyo', 'pygame'] (in that order).
5.9209 	EXP 	Created window1 = Window(allowGUI=False, allowStencil=False, autoLog=True, backendConf=UNKNOWN, bitsMode=UNKNOWN, blendMode='avg', bpc=(8, 8, 8), color=array([0, 0, 0]), colorSpace='rgb', depthBits=8, fullscr=<method-wrapper '__getattribute__' of attributeSetter object at 0x000001B90ABA6F60>, gamma=None, gammaErrorPolicy='raise', lms=UNKNOWN, monitor=<psychopy.monitors.calibTools.Monitor object at 0x000001B90AACF5C0>, multiSample=False, name='window1', numSamples=2, pos=[0.0, 0.0], screen=0, size=array([1920, 1080]), stencilBits=0, stereo=False, units='height', useFBO=True, useRetina=False, viewOri=0.0, viewPos=None, viewScale=None, waitBlanking=True, winType='pyglet')
5.9211 	EXP 	window1: mouseVisible = True
5.9212 	EXP 	window1: recordFrameIntervals = False
6.0534 	EXP 	window1: recordFrameIntervals = True
6.2010 	EXP 	window1: recordFrameIntervals = False
6.7190 	EXP 	Created WelcomeText = TextStim(__class__=<class 'psychopy.visual.text.TextStim'>, alignHoriz=method-wrapper(...), alignText='center', alignVert=method-wrapper(...), anchorHoriz='center', anchorVert='center', antialias=True, autoLog=True, bold=False, color=array([1, 1, 1]), colorSpace='rgb', contrast=1.0, depth=0.0, flipHoriz=False, flipVert=False, font='Open Sans', fontFiles=[], height=0.1, italic=False, languageStyle='LTR', name='WelcomeText', opacity=1, ori=0.0, pos=array([0., 0.]), rgb=UNKNOWN, text='Welcome to our Study!', units='height', win=Window(...), wrapWidth=1)
6.7371 	EXP 	Imported depression.xlsx as conditions, 2 conditions, 12 params
6.7385 	EXP 	Question text: Sadness
6.7611 	EXP 	window1: mouseVisible = True
6.7944 	EXP 	Question text: Pessimism
6.8020 	EXP 	window1: mouseVisible = True
6.8266 	EXP 	window1: mouseVisible = True
6.8315 	EXP 	Created unnamed Rect = Rect(__class__=<class 'psychopy.visual.rect.Rect'>, autoDraw=False, autoLog=True, closeShape=True, color=method-wrapper(...), colorSpace='rgb', contrast=None, depth=0, fillColor=array([0, 0, 0]), fillColorSpace='rgb', fillRGB=UNKNOWN, interpolate=True, lineColor=array([0, 0, 0]), lineColorSpace='rgb', lineRGB=UNKNOWN, lineWidth=1.5, name='unnamed Rect', opacity=0, ori=0.0, pos=array([0., 0.]), size=array([0., 0.]), units='height', vertices=ndarray(...), win=Window(...))
6.8384 	EXP 	Created DepressionQuestionnaire = <psychopy.visual.form.Form object at 0x000001B90D86A3C8>
6.8621 	EXP 	window1: mouseVisible = True
6.9054 	EXP 	Created instructionsText = TextStim(__class__=<class 'psychopy.visual.text.TextStim'>, alignHoriz=method-wrapper(...), alignText='center', alignVert=method-wrapper(...), anchorHoriz='center', anchorVert='center', antialias=True, autoLog=True, bold=False, color=array([1, 1, 1]), colorSpace='rgb', contrast=1.0, depth=0.0, flipHoriz=False, flipVert=False, font='Open Sans', fontFiles=[], height=0.04, italic=False, languageStyle='LTR', name='instructionsText', opacity=1, ori=0.0, pos=array([0., 0.]), rgb=UNKNOWN, text=str(...), units='height', win=Window(...), wrapWidth=1)
6.9084 	EXP 	Created hasPeriphery = ImageStim(__class__=<class 'psychopy.visual.image.ImageStim'>, autoLog=True, color=array([1, 1, 1]), colorSpace='rgb', contrast=1.0, depth=-1.0, flipHoriz=False, flipVert=False, image='sin', interpolate=True, mask=None, maskParams=None, name='hasPeriphery', opacity=1.0, ori=0.0, pos=array([0., 0.]), size=array([0.5, 0.5]), texRes=128.0, units='height', win=Window(...))
6.9110 	EXP 	Created noPeriphery = ImageStim(__class__=<class 'psychopy.visual.image.ImageStim'>, autoLog=True, color=array([1, 1, 1]), colorSpace='rgb', contrast=1.0, depth=-3.0, flipHoriz=False, flipVert=False, image='sin', interpolate=True, mask=None, maskParams=None, name='noPeriphery', opacity=1.0, ori=0.0, pos=array([0., 0.]), size=array([0.5, 0.5]), texRes=128.0, units='height', win=Window(...))
6.9132 	EXP 	Created final = ImageStim(__class__=<class 'psychopy.visual.image.ImageStim'>, autoLog=True, color=array([1, 1, 1]), colorSpace='rgb', contrast=1.0, depth=-4.0, flipHoriz=False, flipVert=False, image='sin', interpolate=True, mask=None, maskParams=None, name='final', opacity=1.0, ori=0.0, pos=array([0., 0.]), size=array([0.5, 0.5]), texRes=128.0, units='height', win=Window(...))
6.9143 	EXP 	Created blank_screen = Rect(__class__=<class 'psychopy.visual.rect.Rect'>, autoDraw=False, autoLog=True, closeShape=True, color=method-wrapper(...), colorSpace='rgb', contrast=None, depth=-5.0, fillColor=array([1, 1, 1]), fillColorSpace='rgb', fillRGB=UNKNOWN, interpolate=True, lineColor=array([1, 1, 1]), lineColorSpace='rgb', lineRGB=UNKNOWN, lineWidth=1.0, name='blank_screen', opacity=1.0, ori=0.0, pos=array([0., 0.]), size=array([2., 2.]), units='height', vertices=ndarray(...), win=Window(...))
6.9197 	EXP 	Created text = TextStim(__class__=<class 'psychopy.visual.text.TextStim'>, alignHoriz=method-wrapper(...), alignText='center', alignVert=method-wrapper(...), anchorHoriz='center', anchorVert='center', antialias=True, autoLog=True, bold=False, color=array([ 1, -1, -1]), colorSpace='rgb', contrast=1.0, depth=-6.0, flipHoriz=False, flipVert=False, font='Open Sans', fontFiles=[], height=0.1, italic=False, languageStyle='LTR', name='text', opacity=1, ori=0.0, pos=array([0., 0.]), rgb=UNKNOWN, text='+', units='height', win=Window(...), wrapWidth=1)
6.9310 	EXP 	Created WelcomeText = TextStim(__class__=<class 'psychopy.visual.text.TextStim'>, alignHoriz=method-wrapper(...), alignText='center', alignVert=method-wrapper(...), anchorHoriz='center', anchorVert='center', antialias=True, autoLog=True, bold=False, color=array([1, 1, 1]), colorSpace='rgb', contrast=1.0, depth=0.0, flipHoriz=False, flipVert=False, font='Open Sans', fontFiles=[], height=0.1, italic=False, languageStyle='LTR', name='WelcomeText', opacity=1, ori=0.0, pos=array([0., 0.]), rgb=UNKNOWN, text='Welcome to our Study!', units='height', win=Window(...), wrapWidth=1)
6.9335 	EXP 	Created hasPeriphery_2 = ImageStim(__class__=<class 'psychopy.visual.image.ImageStim'>, autoLog=True, color=array([1, 1, 1]), colorSpace='rgb', contrast=1.0, depth=-1.0, flipHoriz=False, flipVert=False, image='sin', interpolate=True, mask=None, maskParams=None, name='hasPeriphery_2', opacity=1.0, ori=0.0, pos=array([0., 0.]), size=array([0.5, 0.5]), texRes=128.0, units='height', win=Window(...))
6.9359 	EXP 	Created noPeriphery_2 = ImageStim(__class__=<class 'psychopy.visual.image.ImageStim'>, autoLog=True, color=array([1, 1, 1]), colorSpace='rgb', contrast=1.0, depth=-3.0, flipHoriz=False, flipVert=False, image='sin', interpolate=True, mask=None, maskParams=None, name='noPeriphery_2', opacity=1.0, ori=0.0, pos=array([0., 0.]), size=array([0.5, 0.5]), texRes=128.0, units='height', win=Window(...))
6.9378 	EXP 	Created text_2 = TextStim(__class__=<class 'psychopy.visual.text.TextStim'>, alignHoriz=method-wrapper(...), alignText='center', alignVert=method-wrapper(...), anchorHoriz='center', anchorVert='center', antialias=True, autoLog=True, bold=False, color=array([ 1, -1, -1]), colorSpace='rgb', contrast=1.0, depth=-4.0, flipHoriz=False, flipVert=False, font='Open Sans', fontFiles=[], height=0.1, italic=False, languageStyle='LTR', name='text_2', opacity=1, ori=0.0, pos=array([0., 0.]), rgb=UNKNOWN, text='+', units='height', win=Window(...), wrapWidth=1)
6.9867 	EXP 	unnamed Form: autoLog = True
6.9867 	EXP 	DepressionQuestionnaire: name = 'DepressionQuestionnaire'
6.9867 	EXP 	DepressionQuestionnaire: size = (3.5, 1)
6.9867 	EXP 	DepressionQuestionnaire: size = array([3.5, 1. ])
6.9867 	EXP 	DepressionQuestionnaire: units = 'height'
6.9867 	EXP 	DepressionQuestionnaire: depth = 0
6.9867 	EXP 	WelcomeText: autoDraw = True
9.0000 	EXP 	WelcomeText: autoDraw = False
9.0000 	EXP 	DepressionQuestionnaire: autoDraw = True
9.6368 	DATA 	Mouse: Left button down, pos=(755,76)
9.6950 	EXP 	DepressionQuestionnaire: autoDraw = False
9.6950 	EXP 	instructionsText: autoDraw = True
9.7248 	DATA 	Mouse:  Left button up, pos=(754,75)
10.1885 	EXP 	Imported picPaths.xlsx as conditions, 6 conditions, 4 params
10.1888 	EXP 	Created sequence: sequential, trialTypes=6, nReps=1, seed=None
10.1891 	EXP 	New trial (rep=0, index=0): {'startImage': 'C:\\Users\\hesselmann\\Desktop\\PsychoPyUniformityIllusion\\UniformityIllusionPsychoPy\\Pics\\1start.png', 'midImage': 'C:\\Users\\hesselmann\\Desktop\\PsychoPyUniformityIllusion\\UniformityIllusionPsychoPy\\Pics\\1a.png', 'endImage': 'C:\\Users\\hesselmann\\Desktop\\PsychoPyUniformityIllusion\\UniformityIllusionPsychoPy\\Pics\\1a.png', 'AB': 'a'}
10.4304 	DATA 	Keypress: space
10.4805 	EXP 	instructionsText: autoDraw = False
10.4805 	EXP 	hasPeriphery: size = array([1.77777778, 1.        ])
10.4805 	EXP 	hasPeriphery: image = 'C:\\Users\\hesselmann\\Desktop\\PsychoPyUniformityIllusion\\UniformityIllusionPsychoPy\\Pics\\1a.png'
10.4805 	EXP 	noPeriphery: size = array([1.77777778, 1.        ])
10.4805 	EXP 	noPeriphery: image = 'C:\\Users\\hesselmann\\Desktop\\PsychoPyUniformityIllusion\\UniformityIllusionPsychoPy\\Pics\\1start.png'
10.4805 	EXP 	final: size = array([1.77777778, 1.        ])
10.4805 	EXP 	final: image = 'C:\\Users\\hesselmann\\Desktop\\PsychoPyUniformityIllusion\\UniformityIllusionPsychoPy\\Pics\\1a.png'
10.4805 	EXP 	hasPeriphery: autoDraw = True
10.4805 	EXP 	hasPeriphery: texRes = 128.0
10.4805 	EXP 	noPeriphery: autoDraw = True
10.4805 	EXP 	noPeriphery: texRes = 128.0
10.4805 	EXP 	text: autoDraw = True
10.6268 	EXP 	hasPeriphery: texRes = 128.0
10.6268 	EXP 	noPeriphery: texRes = 128.0
10.7734 	EXP 	hasPeriphery: texRes = 128.0
10.7734 	EXP 	noPeriphery: texRes = 128.0
10.9207 	EXP 	hasPeriphery: texRes = 128.0
10.9207 	EXP 	noPeriphery: texRes = 128.0
11.0677 	EXP 	hasPeriphery: texRes = 128.0
11.0677 	EXP 	noPeriphery: texRes = 128.0
11.2273 	EXP 	hasPeriphery: texRes = 128.0
11.2273 	EXP 	noPeriphery: texRes = 128.0
11.3743 	EXP 	hasPeriphery: texRes = 128.0
11.3743 	EXP 	noPeriphery: texRes = 128.0
11.5206 	EXP 	hasPeriphery: texRes = 128.0
11.5206 	EXP 	noPeriphery: texRes = 128.0
11.6673 	EXP 	hasPeriphery: texRes = 128.0
11.6673 	EXP 	noPeriphery: texRes = 128.0
11.8140 	EXP 	hasPeriphery: texRes = 128.0
11.8140 	EXP 	noPeriphery: texRes = 128.0
11.9608 	EXP 	hasPeriphery: texRes = 128.0
11.9608 	EXP 	noPeriphery: texRes = 128.0
12.1073 	EXP 	hasPeriphery: texRes = 128.0
12.1073 	EXP 	noPeriphery: texRes = 128.0
12.2548 	EXP 	hasPeriphery: texRes = 128.0
12.2548 	EXP 	noPeriphery: texRes = 128.0
12.4136 	EXP 	hasPeriphery: texRes = 128.0
12.4136 	EXP 	noPeriphery: texRes = 128.0
12.5611 	EXP 	hasPeriphery: texRes = 128.0
12.5611 	EXP 	noPeriphery: texRes = 128.0
12.7204 	EXP 	hasPeriphery: texRes = 128.0
12.7204 	EXP 	noPeriphery: texRes = 128.0
12.8672 	EXP 	hasPeriphery: texRes = 128.0
12.8672 	EXP 	noPeriphery: texRes = 128.0
13.0137 	EXP 	hasPeriphery: texRes = 128.0
13.0137 	EXP 	noPeriphery: texRes = 128.0
13.1603 	EXP 	hasPeriphery: texRes = 128.0
13.1603 	EXP 	noPeriphery: texRes = 128.0
13.3079 	EXP 	hasPeriphery: texRes = 128.0
13.3079 	EXP 	noPeriphery: texRes = 128.0
13.5341 	EXP 	hasPeriphery: texRes = 128.0
13.5341 	EXP 	noPeriphery: texRes = 128.0
13.5341 	EXP 	final: autoDraw = True
13.5341 	EXP 	final: texRes = 128.0
13.7616 	EXP 	hasPeriphery: texRes = 128.0
13.7616 	EXP 	noPeriphery: texRes = 128.0
13.7616 	EXP 	final: texRes = 128.0
13.7616 	EXP 	blank_screen: autoDraw = True
13.9741 	EXP 	hasPeriphery: texRes = 128.0
13.9741 	EXP 	noPeriphery: texRes = 128.0
13.9741 	EXP 	final: texRes = 128.0
14.1748 	EXP 	hasPeriphery: texRes = 128.0
14.1748 	EXP 	noPeriphery: texRes = 128.0
14.1748 	EXP 	final: texRes = 128.0
14.1748 	EXP 	blank_screen: autoDraw = False
14.3871 	EXP 	hasPeriphery: texRes = 128.0
14.3871 	EXP 	noPeriphery: texRes = 128.0
14.3871 	EXP 	final: texRes = 128.0
14.6142 	EXP 	hasPeriphery: texRes = 128.0
14.6142 	EXP 	noPeriphery: texRes = 128.0
14.6142 	EXP 	final: texRes = 128.0
14.8285 	EXP 	hasPeriphery: texRes = 128.0
14.8285 	EXP 	noPeriphery: texRes = 128.0
14.8285 	EXP 	final: texRes = 128.0
15.0410 	EXP 	hasPeriphery: texRes = 128.0
15.0410 	EXP 	noPeriphery: texRes = 128.0
15.0410 	EXP 	final: texRes = 128.0
15.2153 	DATA 	Keypress: space
15.2406 	EXP 	hasPeriphery: texRes = 128.0
15.2406 	EXP 	noPeriphery: texRes = 128.0
15.2406 	EXP 	final: texRes = 128.0
15.3878 	EXP 	New trial (rep=0, index=1): {'startImage': 'C:\\Users\\hesselmann\\Desktop\\PsychoPyUniformityIllusion\\UniformityIllusionPsychoPy\\Pics\\1start.png', 'midImage': 'C:\\Users\\hesselmann\\Desktop\\PsychoPyUniformityIllusion\\UniformityIllusionPsychoPy\\Pics\\1a.png', 'endImage': 'C:\\Users\\hesselmann\\Desktop\\PsychoPyUniformityIllusion\\UniformityIllusionPsychoPy\\Pics\\1b.png', 'AB': 'b'}
15.6547 	EXP 	hasPeriphery: texRes = 128.0
15.6547 	EXP 	noPeriphery: texRes = 128.0
15.6547 	EXP 	final: texRes = 128.0
15.6547 	EXP 	hasPeriphery: autoDraw = False
15.6547 	EXP 	noPeriphery: autoDraw = False
15.6547 	EXP 	final: autoDraw = False
15.6547 	EXP 	blank_screen: autoDraw = False
15.6547 	EXP 	text: autoDraw = False
15.6547 	EXP 	hasPeriphery: size = array([1.77777778, 1.        ])
15.6547 	EXP 	hasPeriphery: image = 'C:\\Users\\hesselmann\\Desktop\\PsychoPyUniformityIllusion\\UniformityIllusionPsychoPy\\Pics\\1a.png'
15.6547 	EXP 	noPeriphery: size = array([1.77777778, 1.        ])
15.6547 	EXP 	noPeriphery: image = 'C:\\Users\\hesselmann\\Desktop\\PsychoPyUniformityIllusion\\UniformityIllusionPsychoPy\\Pics\\1start.png'
15.6547 	EXP 	final: size = array([1.77777778, 1.        ])
15.6547 	EXP 	final: image = 'C:\\Users\\hesselmann\\Desktop\\PsychoPyUniformityIllusion\\UniformityIllusionPsychoPy\\Pics\\1b.png'
15.6547 	EXP 	hasPeriphery: autoDraw = True
15.6547 	EXP 	hasPeriphery: texRes = 128.0
15.6547 	EXP 	noPeriphery: autoDraw = True
15.6547 	EXP 	noPeriphery: texRes = 128.0
15.6547 	EXP 	text: autoDraw = True
15.8011 	EXP 	hasPeriphery: texRes = 128.0
15.8011 	EXP 	noPeriphery: texRes = 128.0
15.9484 	EXP 	hasPeriphery: texRes = 128.0
15.9484 	EXP 	noPeriphery: texRes = 128.0
16.0946 	EXP 	hasPeriphery: texRes = 128.0
16.0946 	EXP 	noPeriphery: texRes = 128.0
16.2410 	EXP 	hasPeriphery: texRes = 128.0
16.2410 	EXP 	noPeriphery: texRes = 128.0
16.3877 	EXP 	hasPeriphery: texRes = 128.0
16.3877 	EXP 	noPeriphery: texRes = 128.0
16.5344 	EXP 	hasPeriphery: texRes = 128.0
16.5344 	EXP 	noPeriphery: texRes = 128.0
16.6807 	EXP 	hasPeriphery: texRes = 128.0
16.6807 	EXP 	noPeriphery: texRes = 128.0
16.8281 	EXP 	hasPeriphery: texRes = 128.0
16.8281 	EXP 	noPeriphery: texRes = 128.0
16.9744 	EXP 	hasPeriphery: texRes = 128.0
16.9744 	EXP 	noPeriphery: texRes = 128.0
17.1212 	EXP 	hasPeriphery: texRes = 128.0
17.1212 	EXP 	noPeriphery: texRes = 128.0
17.2679 	EXP 	hasPeriphery: texRes = 128.0
17.2679 	EXP 	noPeriphery: texRes = 128.0
17.4282 	EXP 	hasPeriphery: texRes = 128.0
17.4282 	EXP 	noPeriphery: texRes = 128.0
17.5749 	EXP 	hasPeriphery: texRes = 128.0
17.5749 	EXP 	noPeriphery: texRes = 128.0
17.7347 	EXP 	hasPeriphery: texRes = 128.0
17.7347 	EXP 	noPeriphery: texRes = 128.0
17.8808 	EXP 	hasPeriphery: texRes = 128.0
17.8808 	EXP 	noPeriphery: texRes = 128.0
18.0282 	EXP 	hasPeriphery: texRes = 128.0
18.0282 	EXP 	noPeriphery: texRes = 128.0
18.1616 	EXP 	hasPeriphery: texRes = 128.0
18.1616 	EXP 	noPeriphery: texRes = 128.0
18.3080 	EXP 	hasPeriphery: texRes = 128.0
18.3080 	EXP 	noPeriphery: texRes = 128.0
18.4546 	EXP 	hasPeriphery: texRes = 128.0
18.4546 	EXP 	noPeriphery: texRes = 128.0
18.6542 	EXP 	hasPeriphery: texRes = 128.0
18.6542 	EXP 	noPeriphery: texRes = 128.0
18.6542 	EXP 	final: autoDraw = True
18.6542 	EXP 	final: texRes = 128.0
18.8676 	EXP 	hasPeriphery: texRes = 128.0
18.8676 	EXP 	noPeriphery: texRes = 128.0
18.8676 	EXP 	final: texRes = 128.0
18.8676 	EXP 	blank_screen: autoDraw = True
19.0813 	EXP 	hasPeriphery: texRes = 128.0
19.0813 	EXP 	noPeriphery: texRes = 128.0
19.0813 	EXP 	final: texRes = 128.0
19.2948 	EXP 	hasPeriphery: texRes = 128.0
19.2948 	EXP 	noPeriphery: texRes = 128.0
19.2948 	EXP 	final: texRes = 128.0
19.2948 	EXP 	blank_screen: autoDraw = False
19.5214 	EXP 	hasPeriphery: texRes = 128.0
19.5214 	EXP 	noPeriphery: texRes = 128.0
19.5214 	EXP 	final: texRes = 128.0
19.7344 	EXP 	hasPeriphery: texRes = 128.0
19.7344 	EXP 	noPeriphery: texRes = 128.0
19.7344 	EXP 	final: texRes = 128.0
19.9488 	EXP 	hasPeriphery: texRes = 128.0
19.9488 	EXP 	noPeriphery: texRes = 128.0
19.9488 	EXP 	final: texRes = 128.0
20.1757 	EXP 	hasPeriphery: texRes = 128.0
20.1757 	EXP 	noPeriphery: texRes = 128.0
20.1757 	EXP 	final: texRes = 128.0
20.4014 	EXP 	hasPeriphery: texRes = 128.0
20.4014 	EXP 	noPeriphery: texRes = 128.0
20.4014 	EXP 	final: texRes = 128.0
20.6151 	EXP 	hasPeriphery: texRes = 128.0
20.6151 	EXP 	noPeriphery: texRes = 128.0
20.6151 	EXP 	final: texRes = 128.0
20.8415 	EXP 	hasPeriphery: texRes = 128.0
20.8415 	EXP 	noPeriphery: texRes = 128.0
20.8415 	EXP 	final: texRes = 128.0
21.0417 	EXP 	hasPeriphery: texRes = 128.0
21.0417 	EXP 	noPeriphery: texRes = 128.0
21.0417 	EXP 	final: texRes = 128.0
21.2420 	EXP 	hasPeriphery: texRes = 128.0
21.2420 	EXP 	noPeriphery: texRes = 128.0
21.2420 	EXP 	final: texRes = 128.0
21.4547 	EXP 	hasPeriphery: texRes = 128.0
21.4547 	EXP 	noPeriphery: texRes = 128.0
21.4547 	EXP 	final: texRes = 128.0
21.6679 	EXP 	hasPeriphery: texRes = 128.0
21.6679 	EXP 	noPeriphery: texRes = 128.0
21.6679 	EXP 	final: texRes = 128.0
21.8682 	EXP 	hasPeriphery: texRes = 128.0
21.8682 	EXP 	noPeriphery: texRes = 128.0
21.8682 	EXP 	final: texRes = 128.0
22.0683 	EXP 	hasPeriphery: texRes = 128.0
22.0683 	EXP 	noPeriphery: texRes = 128.0
22.0683 	EXP 	final: texRes = 128.0
22.2683 	EXP 	hasPeriphery: texRes = 128.0
22.2683 	EXP 	noPeriphery: texRes = 128.0
22.2683 	EXP 	final: texRes = 128.0
22.4689 	EXP 	hasPeriphery: texRes = 128.0
22.4689 	EXP 	noPeriphery: texRes = 128.0
22.4689 	EXP 	final: texRes = 128.0
22.6816 	EXP 	hasPeriphery: texRes = 128.0
22.6816 	EXP 	noPeriphery: texRes = 128.0
22.6816 	EXP 	final: texRes = 128.0
22.8958 	EXP 	hasPeriphery: texRes = 128.0
22.8958 	EXP 	noPeriphery: texRes = 128.0
22.8958 	EXP 	final: texRes = 128.0
23.1084 	EXP 	hasPeriphery: texRes = 128.0
23.1084 	EXP 	noPeriphery: texRes = 128.0
23.1084 	EXP 	final: texRes = 128.0
23.3085 	EXP 	hasPeriphery: texRes = 128.0
23.3085 	EXP 	noPeriphery: texRes = 128.0
23.3085 	EXP 	final: texRes = 128.0
23.5092 	EXP 	hasPeriphery: texRes = 128.0
23.5092 	EXP 	noPeriphery: texRes = 128.0
23.5092 	EXP 	final: texRes = 128.0
23.7220 	EXP 	hasPeriphery: texRes = 128.0
23.7220 	EXP 	noPeriphery: texRes = 128.0
23.7220 	EXP 	final: texRes = 128.0
23.9356 	EXP 	hasPeriphery: texRes = 128.0
23.9356 	EXP 	noPeriphery: texRes = 128.0
23.9356 	EXP 	final: texRes = 128.0
24.1357 	EXP 	hasPeriphery: texRes = 128.0
24.1357 	EXP 	noPeriphery: texRes = 128.0
24.1357 	EXP 	final: texRes = 128.0
24.3621 	EXP 	hasPeriphery: texRes = 128.0
24.3621 	EXP 	noPeriphery: texRes = 128.0
24.3621 	EXP 	final: texRes = 128.0
24.5749 	EXP 	hasPeriphery: texRes = 128.0
24.5749 	EXP 	noPeriphery: texRes = 128.0
24.5749 	EXP 	final: texRes = 128.0
24.8015 	EXP 	hasPeriphery: texRes = 128.0
24.8015 	EXP 	noPeriphery: texRes = 128.0
24.8015 	EXP 	final: texRes = 128.0
25.0286 	EXP 	hasPeriphery: texRes = 128.0
25.0286 	EXP 	noPeriphery: texRes = 128.0
25.0286 	EXP 	final: texRes = 128.0
25.2286 	EXP 	hasPeriphery: texRes = 128.0
25.2286 	EXP 	noPeriphery: texRes = 128.0
25.2286 	EXP 	final: texRes = 128.0
25.4290 	EXP 	hasPeriphery: texRes = 128.0
25.4290 	EXP 	noPeriphery: texRes = 128.0
25.4290 	EXP 	final: texRes = 128.0
25.6416 	EXP 	hasPeriphery: texRes = 128.0
25.6416 	EXP 	noPeriphery: texRes = 128.0
25.6416 	EXP 	final: texRes = 128.0
25.7220 	EXP 	hasPeriphery: autoDraw = False
25.7220 	EXP 	noPeriphery: autoDraw = False
25.7220 	EXP 	final: texRes = 128.0
25.8023 	EXP 	final: texRes = 128.0
25.8827 	EXP 	final: texRes = 128.0
25.9620 	EXP 	final: texRes = 128.0
26.0423 	EXP 	final: texRes = 128.0
26.1224 	EXP 	final: texRes = 128.0
26.2024 	EXP 	final: texRes = 128.0
26.2816 	EXP 	final: texRes = 128.0
26.3619 	EXP 	final: texRes = 128.0
26.4421 	EXP 	final: texRes = 128.0
26.5224 	EXP 	final: texRes = 128.0
26.6158 	EXP 	final: texRes = 128.0
26.6954 	EXP 	final: texRes = 128.0
26.7515 	DATA 	Keypress: escape
26.7758 	EXP 	final: texRes = 128.0
26.8554 	EXP 	final: texRes = 128.0
26.9354 	EXP 	final: texRes = 128.0
27.1484 	EXP 	window1: mouseVisible = True
