1.0616 	WARNING 	We strongly recommend you activate the PTB sound engine in PsychoPy prefs as the preferred audio engine. Its timing is vastly superior. Your prefs are currently set to use ['sounddevice', 'PTB', 'pyo', 'pygame'] (in that order).
6.8499 	EXP 	Created window1 = Window(allowGUI=False, allowStencil=False, autoLog=True, backendConf=UNKNOWN, bitsMode=UNKNOWN, blendMode='avg', bpc=(8, 8, 8), color=array([0, 0, 0]), colorSpace='rgb', depthBits=8, fullscr=<method-wrapper '__getattribute__' of attributeSetter object at 0x0000019FA79A4E10>, gamma=None, gammaErrorPolicy='raise', lms=UNKNOWN, monitor=<psychopy.monitors.calibTools.Monitor object at 0x0000019FA797E4A8>, multiSample=False, name='window1', numSamples=2, pos=[0.0, 0.0], screen=0, size=array([1920, 1080]), stencilBits=0, stereo=False, units='height', useFBO=True, useRetina=False, viewOri=0.0, viewPos=None, viewScale=None, waitBlanking=True, winType='pyglet')
6.8501 	EXP 	window1: mouseVisible = True
6.8501 	EXP 	window1: recordFrameIntervals = False
7.0161 	EXP 	window1: recordFrameIntervals = True
7.1992 	EXP 	window1: recordFrameIntervals = False
7.6796 	EXP 	Created WelcomeText = TextStim(__class__=<class 'psychopy.visual.text.TextStim'>, alignHoriz=method-wrapper(...), alignText='center', alignVert=method-wrapper(...), anchorHoriz='center', anchorVert='center', antialias=True, autoLog=True, bold=False, color=array([1, 1, 1]), colorSpace='rgb', contrast=1.0, depth=0.0, flipHoriz=False, flipVert=False, font='Open Sans', fontFiles=[], height=0.1, italic=False, languageStyle='LTR', name='WelcomeText', opacity=1, ori=0.0, pos=array([0., 0.]), rgb=UNKNOWN, text='Welcome to our Study!', units='height', win=Window(...), wrapWidth=1)
7.6938 	EXP 	Imported depression.xlsx as conditions, 2 conditions, 12 params
7.6948 	EXP 	Question text: Sadness
7.7156 	EXP 	window1: mouseVisible = True
7.7468 	EXP 	Question text: Pessimism
7.7545 	EXP 	window1: mouseVisible = True
7.7767 	EXP 	window1: mouseVisible = True
7.7811 	EXP 	Created unnamed Rect = Rect(__class__=<class 'psychopy.visual.rect.Rect'>, autoDraw=False, autoLog=True, closeShape=True, color=method-wrapper(...), colorSpace='rgb', contrast=None, depth=0, fillColor=array([0, 0, 0]), fillColorSpace='rgb', fillRGB=UNKNOWN, interpolate=True, lineColor=array([0, 0, 0]), lineColorSpace='rgb', lineRGB=UNKNOWN, lineWidth=1.5, name='unnamed Rect', opacity=0, ori=0.0, pos=array([0., 0.]), size=array([0., 0.]), units='height', vertices=ndarray(...), win=Window(...))
7.7888 	EXP 	Created DepressionQuestionnaire = <psychopy.visual.form.Form object at 0x0000019FAA7F4748>
7.8127 	EXP 	window1: mouseVisible = True
7.8556 	EXP 	Created instructionsText = TextStim(__class__=<class 'psychopy.visual.text.TextStim'>, alignHoriz=method-wrapper(...), alignText='center', alignVert=method-wrapper(...), anchorHoriz='center', anchorVert='center', antialias=True, autoLog=True, bold=False, color=array([1, 1, 1]), colorSpace='rgb', contrast=1.0, depth=0.0, flipHoriz=False, flipVert=False, font='Open Sans', fontFiles=[], height=0.04, italic=False, languageStyle='LTR', name='instructionsText', opacity=1, ori=0.0, pos=array([0., 0.]), rgb=UNKNOWN, text=str(...), units='height', win=Window(...), wrapWidth=1)
7.8591 	EXP 	Created hasPeriphery = ImageStim(__class__=<class 'psychopy.visual.image.ImageStim'>, autoLog=True, color=array([1, 1, 1]), colorSpace='rgb', contrast=1.0, depth=-1.0, flipHoriz=False, flipVert=False, image='sin', interpolate=True, mask=None, maskParams=None, name='hasPeriphery', opacity=1.0, ori=0.0, pos=array([0., 0.]), size=array([0.5, 0.5]), texRes=128.0, units='height', win=Window(...))
7.8616 	EXP 	Created noPeriphery = ImageStim(__class__=<class 'psychopy.visual.image.ImageStim'>, autoLog=True, color=array([1, 1, 1]), colorSpace='rgb', contrast=1.0, depth=-3.0, flipHoriz=False, flipVert=False, image='sin', interpolate=True, mask=None, maskParams=None, name='noPeriphery', opacity=1.0, ori=0.0, pos=array([0., 0.]), size=array([0.5, 0.5]), texRes=128.0, units='height', win=Window(...))
7.8674 	EXP 	Created text = TextStim(__class__=<class 'psychopy.visual.text.TextStim'>, alignHoriz=method-wrapper(...), alignText='center', alignVert=method-wrapper(...), anchorHoriz='center', anchorVert='center', antialias=True, autoLog=True, bold=False, color=array([ 1, -1, -1]), colorSpace='rgb', contrast=1.0, depth=-4.0, flipHoriz=False, flipVert=False, font='Open Sans', fontFiles=[], height=0.1, italic=False, languageStyle='LTR', name='text', opacity=1, ori=0.0, pos=array([0., 0.]), rgb=UNKNOWN, text='+', units='height', win=Window(...), wrapWidth=1)
7.8787 	EXP 	Created WelcomeText = TextStim(__class__=<class 'psychopy.visual.text.TextStim'>, alignHoriz=method-wrapper(...), alignText='center', alignVert=method-wrapper(...), anchorHoriz='center', anchorVert='center', antialias=True, autoLog=True, bold=False, color=array([1, 1, 1]), colorSpace='rgb', contrast=1.0, depth=0.0, flipHoriz=False, flipVert=False, font='Open Sans', fontFiles=[], height=0.1, italic=False, languageStyle='LTR', name='WelcomeText', opacity=1, ori=0.0, pos=array([0., 0.]), rgb=UNKNOWN, text='Welcome to our Study!', units='height', win=Window(...), wrapWidth=1)
7.8812 	EXP 	Created hasPeriphery_2 = ImageStim(__class__=<class 'psychopy.visual.image.ImageStim'>, autoLog=True, color=array([1, 1, 1]), colorSpace='rgb', contrast=1.0, depth=0.0, flipHoriz=False, flipVert=False, image='sin', interpolate=True, mask=None, maskParams=None, name='hasPeriphery_2', opacity=1.0, ori=0.0, pos=array([0., 0.]), size=array([0.5, 0.5]), texRes=128.0, units='height', win=Window(...))
7.8835 	EXP 	Created noPeriphery_2 = ImageStim(__class__=<class 'psychopy.visual.image.ImageStim'>, autoLog=True, color=array([1, 1, 1]), colorSpace='rgb', contrast=1.0, depth=-2.0, flipHoriz=False, flipVert=False, image='sin', interpolate=True, mask=None, maskParams=None, name='noPeriphery_2', opacity=1.0, ori=0.0, pos=array([0., 0.]), size=array([0.5, 0.5]), texRes=128.0, units='height', win=Window(...))
7.8852 	EXP 	Created text_2 = TextStim(__class__=<class 'psychopy.visual.text.TextStim'>, alignHoriz=method-wrapper(...), alignText='center', alignVert=method-wrapper(...), anchorHoriz='center', anchorVert='center', antialias=True, autoLog=True, bold=False, color=array([ 1, -1, -1]), colorSpace='rgb', contrast=1.0, depth=-3.0, flipHoriz=False, flipVert=False, font='Open Sans', fontFiles=[], height=0.1, italic=False, languageStyle='LTR', name='text_2', opacity=1, ori=0.0, pos=array([0., 0.]), rgb=UNKNOWN, text='+', units='height', win=Window(...), wrapWidth=1)
7.9332 	EXP 	unnamed Form: autoLog = True
7.9332 	EXP 	DepressionQuestionnaire: name = 'DepressionQuestionnaire'
7.9332 	EXP 	DepressionQuestionnaire: size = (3.5, 1)
7.9332 	EXP 	DepressionQuestionnaire: size = array([3.5, 1. ])
7.9332 	EXP 	DepressionQuestionnaire: units = 'height'
7.9332 	EXP 	DepressionQuestionnaire: depth = 0
7.9332 	EXP 	WelcomeText: autoDraw = True
9.9488 	EXP 	WelcomeText: autoDraw = False
9.9488 	EXP 	DepressionQuestionnaire: autoDraw = True
10.8330 	DATA 	Mouse: Left button down, pos=(694,87)
10.8828 	EXP 	DepressionQuestionnaire: autoDraw = False
10.8828 	EXP 	instructionsText: autoDraw = True
10.9537 	DATA 	Mouse:  Left button up, pos=(694,87)
12.1289 	EXP 	Imported picPaths.xlsx as conditions, 6 conditions, 3 params
12.1292 	EXP 	Created sequence: sequential, trialTypes=6, nReps=1, seed=None
12.1295 	EXP 	New trial (rep=0, index=0): {'startImage': 'C:\\Users\\hesselmann\\Desktop\\PsychoPyUniformityIllusion\\UniformityIllusionPsychoPy\\Pics\\1start.png', 'endImage': 'C:\\Users\\hesselmann\\Desktop\\PsychoPyUniformityIllusion\\UniformityIllusionPsychoPy\\Pics\\1a.png', 'AB': 'a'}
12.3074 	DATA 	Keypress: space
12.3495 	EXP 	instructionsText: autoDraw = False
12.3495 	EXP 	hasPeriphery: size = array([1.77777778, 1.        ])
12.3495 	EXP 	hasPeriphery: image = 'C:\\Users\\hesselmann\\Desktop\\PsychoPyUniformityIllusion\\UniformityIllusionPsychoPy\\Pics\\1a.png'
12.3495 	EXP 	noPeriphery: size = array([1.77777778, 1.        ])
12.3495 	EXP 	noPeriphery: image = 'C:\\Users\\hesselmann\\Desktop\\PsychoPyUniformityIllusion\\UniformityIllusionPsychoPy\\Pics\\1start.png'
12.3495 	EXP 	hasPeriphery: autoDraw = True
12.3495 	EXP 	hasPeriphery: texRes = 128.0
12.3495 	EXP 	noPeriphery: autoDraw = True
12.3495 	EXP 	noPeriphery: texRes = 128.0
12.3495 	EXP 	text: autoDraw = True
12.4830 	EXP 	hasPeriphery: texRes = 128.0
12.4830 	EXP 	noPeriphery: texRes = 128.0
12.6321 	EXP 	hasPeriphery: texRes = 128.0
12.6321 	EXP 	noPeriphery: texRes = 128.0
12.7661 	EXP 	hasPeriphery: texRes = 128.0
12.7661 	EXP 	noPeriphery: texRes = 128.0
12.9319 	EXP 	hasPeriphery: texRes = 128.0
12.9319 	EXP 	noPeriphery: texRes = 128.0
13.0652 	EXP 	hasPeriphery: texRes = 128.0
13.0652 	EXP 	noPeriphery: texRes = 128.0
13.2151 	EXP 	hasPeriphery: texRes = 128.0
13.2151 	EXP 	noPeriphery: texRes = 128.0
13.3490 	EXP 	hasPeriphery: texRes = 128.0
13.3490 	EXP 	noPeriphery: texRes = 128.0
13.4822 	EXP 	hasPeriphery: texRes = 128.0
13.4822 	EXP 	noPeriphery: texRes = 128.0
13.6153 	EXP 	hasPeriphery: texRes = 128.0
13.6153 	EXP 	noPeriphery: texRes = 128.0
13.7489 	EXP 	hasPeriphery: texRes = 128.0
13.7489 	EXP 	noPeriphery: texRes = 128.0
13.8819 	EXP 	hasPeriphery: texRes = 128.0
13.8819 	EXP 	noPeriphery: texRes = 128.0
14.0152 	EXP 	hasPeriphery: texRes = 128.0
14.0152 	EXP 	noPeriphery: texRes = 128.0
14.1485 	EXP 	hasPeriphery: texRes = 128.0
14.1485 	EXP 	noPeriphery: texRes = 128.0
14.2822 	EXP 	hasPeriphery: texRes = 128.0
14.2822 	EXP 	noPeriphery: texRes = 128.0
14.4317 	EXP 	hasPeriphery: texRes = 128.0
14.4317 	EXP 	noPeriphery: texRes = 128.0
14.5658 	EXP 	hasPeriphery: texRes = 128.0
14.5658 	EXP 	noPeriphery: texRes = 128.0
14.6988 	EXP 	hasPeriphery: texRes = 128.0
14.6988 	EXP 	noPeriphery: texRes = 128.0
14.8319 	EXP 	hasPeriphery: texRes = 128.0
14.8319 	EXP 	noPeriphery: texRes = 128.0
14.9651 	EXP 	hasPeriphery: texRes = 128.0
14.9651 	EXP 	noPeriphery: texRes = 128.0
15.1157 	EXP 	hasPeriphery: texRes = 128.0
15.1157 	EXP 	noPeriphery: texRes = 128.0
15.2819 	EXP 	hasPeriphery: texRes = 128.0
15.2819 	EXP 	noPeriphery: texRes = 128.0
15.4152 	EXP 	hasPeriphery: texRes = 128.0
15.4152 	EXP 	noPeriphery: texRes = 128.0
15.5650 	EXP 	hasPeriphery: texRes = 128.0
15.5650 	EXP 	noPeriphery: texRes = 128.0
15.6995 	EXP 	hasPeriphery: texRes = 128.0
15.6995 	EXP 	noPeriphery: texRes = 128.0
15.8485 	EXP 	hasPeriphery: texRes = 128.0
15.8485 	EXP 	noPeriphery: texRes = 128.0
15.9822 	EXP 	hasPeriphery: texRes = 128.0
15.9822 	EXP 	noPeriphery: texRes = 128.0
16.1316 	EXP 	hasPeriphery: texRes = 128.0
16.1316 	EXP 	noPeriphery: texRes = 128.0
16.2650 	EXP 	hasPeriphery: texRes = 128.0
16.2650 	EXP 	noPeriphery: texRes = 128.0
16.3982 	EXP 	hasPeriphery: texRes = 128.0
16.3982 	EXP 	noPeriphery: texRes = 128.0
16.5316 	EXP 	hasPeriphery: texRes = 128.0
16.5316 	EXP 	noPeriphery: texRes = 128.0
16.6658 	EXP 	hasPeriphery: texRes = 128.0
16.6658 	EXP 	noPeriphery: texRes = 128.0
16.8149 	EXP 	hasPeriphery: texRes = 128.0
16.8149 	EXP 	noPeriphery: texRes = 128.0
16.9484 	EXP 	hasPeriphery: texRes = 128.0
16.9484 	EXP 	noPeriphery: texRes = 128.0
17.0987 	EXP 	hasPeriphery: texRes = 128.0
17.0987 	EXP 	noPeriphery: texRes = 128.0
17.2316 	EXP 	hasPeriphery: texRes = 128.0
17.2316 	EXP 	noPeriphery: texRes = 128.0
17.3649 	EXP 	hasPeriphery: texRes = 128.0
17.3649 	EXP 	noPeriphery: texRes = 128.0
17.4982 	EXP 	hasPeriphery: texRes = 128.0
17.4982 	EXP 	noPeriphery: texRes = 128.0
17.6315 	EXP 	hasPeriphery: texRes = 128.0
17.6315 	EXP 	noPeriphery: texRes = 128.0
17.7648 	EXP 	hasPeriphery: texRes = 128.0
17.7648 	EXP 	noPeriphery: texRes = 128.0
17.8984 	EXP 	hasPeriphery: texRes = 128.0
17.8984 	EXP 	noPeriphery: texRes = 128.0
18.0319 	EXP 	hasPeriphery: texRes = 128.0
18.0319 	EXP 	noPeriphery: texRes = 128.0
18.1648 	EXP 	hasPeriphery: texRes = 128.0
18.1648 	EXP 	noPeriphery: texRes = 128.0
18.2982 	EXP 	hasPeriphery: texRes = 128.0
18.2982 	EXP 	noPeriphery: texRes = 128.0
18.4321 	EXP 	hasPeriphery: texRes = 128.0
18.4321 	EXP 	noPeriphery: texRes = 128.0
18.5814 	EXP 	hasPeriphery: texRes = 128.0
18.5814 	EXP 	noPeriphery: texRes = 128.0
18.7150 	EXP 	hasPeriphery: texRes = 128.0
18.7150 	EXP 	noPeriphery: texRes = 128.0
18.8648 	EXP 	hasPeriphery: texRes = 128.0
18.8648 	EXP 	noPeriphery: texRes = 128.0
18.9994 	EXP 	hasPeriphery: texRes = 128.0
18.9994 	EXP 	noPeriphery: texRes = 128.0
19.1480 	EXP 	hasPeriphery: texRes = 128.0
19.1480 	EXP 	noPeriphery: texRes = 128.0
19.2984 	EXP 	hasPeriphery: texRes = 128.0
19.2984 	EXP 	noPeriphery: texRes = 128.0
19.4314 	EXP 	hasPeriphery: texRes = 128.0
19.4314 	EXP 	noPeriphery: texRes = 128.0
19.5647 	EXP 	hasPeriphery: texRes = 128.0
19.5647 	EXP 	noPeriphery: texRes = 128.0
19.6980 	EXP 	hasPeriphery: texRes = 128.0
19.6980 	EXP 	noPeriphery: texRes = 128.0
19.8321 	EXP 	hasPeriphery: texRes = 128.0
19.8321 	EXP 	noPeriphery: texRes = 128.0
19.9647 	EXP 	hasPeriphery: texRes = 128.0
19.9647 	EXP 	noPeriphery: texRes = 128.0
20.0980 	EXP 	hasPeriphery: texRes = 128.0
20.0980 	EXP 	noPeriphery: texRes = 128.0
20.2313 	EXP 	hasPeriphery: texRes = 128.0
20.2313 	EXP 	noPeriphery: texRes = 128.0
20.3654 	EXP 	hasPeriphery: texRes = 128.0
20.3654 	EXP 	noPeriphery: texRes = 128.0
20.4979 	EXP 	hasPeriphery: texRes = 128.0
20.4979 	EXP 	noPeriphery: texRes = 128.0
20.6316 	EXP 	hasPeriphery: texRes = 128.0
20.6316 	EXP 	noPeriphery: texRes = 128.0
20.7650 	EXP 	hasPeriphery: texRes = 128.0
20.7650 	EXP 	noPeriphery: texRes = 128.0
20.8991 	EXP 	hasPeriphery: texRes = 128.0
20.8991 	EXP 	noPeriphery: texRes = 128.0
21.0486 	EXP 	hasPeriphery: texRes = 128.0
21.0486 	EXP 	noPeriphery: texRes = 128.0
21.1816 	EXP 	hasPeriphery: texRes = 128.0
21.1816 	EXP 	noPeriphery: texRes = 128.0
21.3153 	EXP 	hasPeriphery: texRes = 128.0
21.3153 	EXP 	noPeriphery: texRes = 128.0
21.4649 	EXP 	hasPeriphery: texRes = 128.0
21.4649 	EXP 	noPeriphery: texRes = 128.0
21.6158 	EXP 	hasPeriphery: texRes = 128.0
21.6158 	EXP 	noPeriphery: texRes = 128.0
21.7487 	EXP 	hasPeriphery: texRes = 128.0
21.7487 	EXP 	noPeriphery: texRes = 128.0
21.8821 	EXP 	hasPeriphery: texRes = 128.0
21.8821 	EXP 	noPeriphery: texRes = 128.0
22.0315 	EXP 	hasPeriphery: texRes = 128.0
22.0315 	EXP 	noPeriphery: texRes = 128.0
22.1648 	EXP 	hasPeriphery: texRes = 128.0
22.1648 	EXP 	noPeriphery: texRes = 128.0
22.3152 	EXP 	hasPeriphery: texRes = 128.0
22.3152 	EXP 	noPeriphery: texRes = 128.0
22.4490 	EXP 	hasPeriphery: texRes = 128.0
22.4490 	EXP 	noPeriphery: texRes = 128.0
22.4649 	EXP 	hasPeriphery: autoDraw = False
22.4649 	EXP 	noPeriphery: autoDraw = False
23.6027 	EXP 	New trial (rep=0, index=1): {'startImage': 'C:\\Users\\hesselmann\\Desktop\\PsychoPyUniformityIllusion\\UniformityIllusionPsychoPy\\Pics\\1start.png', 'endImage': 'C:\\Users\\hesselmann\\Desktop\\PsychoPyUniformityIllusion\\UniformityIllusionPsychoPy\\Pics\\1b.png', 'AB': 'b'}
23.7776 	DATA 	Keypress: space
23.8144 	EXP 	hasPeriphery: autoDraw = False
23.8144 	EXP 	noPeriphery: autoDraw = False
23.8144 	EXP 	text: autoDraw = False
23.8144 	EXP 	hasPeriphery: size = array([1.77777778, 1.        ])
23.8144 	EXP 	hasPeriphery: image = 'C:\\Users\\hesselmann\\Desktop\\PsychoPyUniformityIllusion\\UniformityIllusionPsychoPy\\Pics\\1b.png'
23.8144 	EXP 	noPeriphery: size = array([1.77777778, 1.        ])
23.8144 	EXP 	noPeriphery: image = 'C:\\Users\\hesselmann\\Desktop\\PsychoPyUniformityIllusion\\UniformityIllusionPsychoPy\\Pics\\1start.png'
23.8144 	EXP 	hasPeriphery: autoDraw = True
23.8144 	EXP 	hasPeriphery: texRes = 128.0
23.8144 	EXP 	noPeriphery: autoDraw = True
23.8144 	EXP 	noPeriphery: texRes = 128.0
23.8144 	EXP 	text: autoDraw = True
23.9484 	EXP 	hasPeriphery: texRes = 128.0
23.9484 	EXP 	noPeriphery: texRes = 128.0
24.0813 	EXP 	hasPeriphery: texRes = 128.0
24.0813 	EXP 	noPeriphery: texRes = 128.0
24.2143 	EXP 	hasPeriphery: texRes = 128.0
24.2143 	EXP 	noPeriphery: texRes = 128.0
24.3476 	EXP 	hasPeriphery: texRes = 128.0
24.3476 	EXP 	noPeriphery: texRes = 128.0
24.4813 	EXP 	hasPeriphery: texRes = 128.0
24.4813 	EXP 	noPeriphery: texRes = 128.0
24.6142 	EXP 	hasPeriphery: texRes = 128.0
24.6142 	EXP 	noPeriphery: texRes = 128.0
24.7475 	EXP 	hasPeriphery: texRes = 128.0
24.7475 	EXP 	noPeriphery: texRes = 128.0
24.8979 	EXP 	hasPeriphery: texRes = 128.0
24.8979 	EXP 	noPeriphery: texRes = 128.0
25.0315 	EXP 	hasPeriphery: texRes = 128.0
25.0315 	EXP 	noPeriphery: texRes = 128.0
25.1642 	EXP 	hasPeriphery: texRes = 128.0
25.1642 	EXP 	noPeriphery: texRes = 128.0
25.2983 	EXP 	hasPeriphery: texRes = 128.0
25.2983 	EXP 	noPeriphery: texRes = 128.0
25.4475 	EXP 	hasPeriphery: texRes = 128.0
25.4475 	EXP 	noPeriphery: texRes = 128.0
25.5808 	EXP 	hasPeriphery: texRes = 128.0
25.5808 	EXP 	noPeriphery: texRes = 128.0
25.7154 	EXP 	hasPeriphery: texRes = 128.0
25.7154 	EXP 	noPeriphery: texRes = 128.0
25.8648 	EXP 	hasPeriphery: texRes = 128.0
25.8648 	EXP 	noPeriphery: texRes = 128.0
25.9979 	EXP 	hasPeriphery: texRes = 128.0
25.9979 	EXP 	noPeriphery: texRes = 128.0
26.1475 	EXP 	hasPeriphery: texRes = 128.0
26.1475 	EXP 	noPeriphery: texRes = 128.0
26.2988 	EXP 	hasPeriphery: texRes = 128.0
26.2988 	EXP 	noPeriphery: texRes = 128.0
26.4481 	EXP 	hasPeriphery: texRes = 128.0
26.4481 	EXP 	noPeriphery: texRes = 128.0
26.5811 	EXP 	hasPeriphery: texRes = 128.0
26.5811 	EXP 	noPeriphery: texRes = 128.0
26.7151 	EXP 	hasPeriphery: texRes = 128.0
26.7151 	EXP 	noPeriphery: texRes = 128.0
26.8644 	EXP 	hasPeriphery: texRes = 128.0
26.8644 	EXP 	noPeriphery: texRes = 128.0
27.0145 	EXP 	hasPeriphery: texRes = 128.0
27.0145 	EXP 	noPeriphery: texRes = 128.0
27.1477 	EXP 	hasPeriphery: texRes = 128.0
27.1477 	EXP 	noPeriphery: texRes = 128.0
27.2817 	EXP 	hasPeriphery: texRes = 128.0
27.2817 	EXP 	noPeriphery: texRes = 128.0
27.3907 	DATA 	Keypress: escape
27.4310 	EXP 	hasPeriphery: texRes = 128.0
27.4310 	EXP 	noPeriphery: texRes = 128.0
27.6542 	EXP 	window1: mouseVisible = True
