1.0308 	WARNING 	We strongly recommend you activate the PTB sound engine in PsychoPy prefs as the preferred audio engine. Its timing is vastly superior. Your prefs are currently set to use ['sounddevice', 'PTB', 'pyo', 'pygame'] (in that order).
7.0534 	EXP 	Created window1 = Window(allowGUI=False, allowStencil=False, autoLog=True, backendConf=UNKNOWN, bitsMode=UNKNOWN, blendMode='avg', bpc=(8, 8, 8), color=array([0, 0, 0]), colorSpace='rgb', depthBits=8, fullscr=<method-wrapper '__getattribute__' of attributeSetter object at 0x00000137860D4EB8>, gamma=None, gammaErrorPolicy='raise', lms=UNKNOWN, monitor=<psychopy.monitors.calibTools.Monitor object at 0x00000137860B0550>, multiSample=False, name='window1', numSamples=2, pos=[0.0, 0.0], screen=0, size=array([1920, 1080]), stencilBits=0, stereo=False, units='height', useFBO=True, useRetina=False, viewOri=0.0, viewPos=None, viewScale=None, waitBlanking=True, winType='pyglet')
7.0536 	EXP 	window1: mouseVisible = True
7.0537 	EXP 	window1: recordFrameIntervals = False
7.2197 	EXP 	window1: recordFrameIntervals = True
7.4028 	EXP 	window1: recordFrameIntervals = False
7.7809 	EXP 	Created WelcomeText = TextStim(__class__=<class 'psychopy.visual.text.TextStim'>, alignHoriz=method-wrapper(...), alignText='center', alignVert=method-wrapper(...), anchorHoriz='center', anchorVert='center', antialias=True, autoLog=True, bold=False, color=array([1, 1, 1]), colorSpace='rgb', contrast=1.0, depth=0.0, flipHoriz=False, flipVert=False, font='Open Sans', fontFiles=[], height=0.1, italic=False, languageStyle='LTR', name='WelcomeText', opacity=1, ori=0.0, pos=array([0., 0.]), rgb=UNKNOWN, text='Welcome to our Study!', units='height', win=Window(...), wrapWidth=1)
7.7984 	EXP 	Imported depression.xlsx as conditions, 2 conditions, 12 params
7.7996 	EXP 	Question text: Sadness
7.8253 	EXP 	window1: mouseVisible = True
7.8612 	EXP 	Question text: Pessimism
7.8748 	EXP 	window1: mouseVisible = True
7.8974 	EXP 	window1: mouseVisible = True
7.9017 	EXP 	Created unnamed Rect = Rect(__class__=<class 'psychopy.visual.rect.Rect'>, autoDraw=False, autoLog=True, closeShape=True, color=method-wrapper(...), colorSpace='rgb', contrast=None, depth=0, fillColor=array([0, 0, 0]), fillColorSpace='rgb', fillRGB=UNKNOWN, interpolate=True, lineColor=array([0, 0, 0]), lineColorSpace='rgb', lineRGB=UNKNOWN, lineWidth=1.5, name='unnamed Rect', opacity=0, ori=0.0, pos=array([0., 0.]), size=array([0., 0.]), units='height', vertices=ndarray(...), win=Window(...))
7.9088 	EXP 	Created DepressionQuestionnaire = <psychopy.visual.form.Form object at 0x0000013788B4B7B8>
7.9322 	EXP 	window1: mouseVisible = True
7.9759 	EXP 	Created instructionsText = TextStim(__class__=<class 'psychopy.visual.text.TextStim'>, alignHoriz=method-wrapper(...), alignText='center', alignVert=method-wrapper(...), anchorHoriz='center', anchorVert='center', antialias=True, autoLog=True, bold=False, color=array([1, 1, 1]), colorSpace='rgb', contrast=1.0, depth=0.0, flipHoriz=False, flipVert=False, font='Open Sans', fontFiles=[], height=0.04, italic=False, languageStyle='LTR', name='instructionsText', opacity=1, ori=0.0, pos=array([0., 0.]), rgb=UNKNOWN, text=str(...), units='height', win=Window(...), wrapWidth=1)
7.9789 	EXP 	Created hasPeriphery = ImageStim(__class__=<class 'psychopy.visual.image.ImageStim'>, autoLog=True, color=array([1, 1, 1]), colorSpace='rgb', contrast=1.0, depth=-1.0, flipHoriz=False, flipVert=False, image='sin', interpolate=True, mask=None, maskParams=None, name='hasPeriphery', opacity=1.0, ori=0.0, pos=array([0., 0.]), size=array([0.5, 0.5]), texRes=128.0, units='height', win=Window(...))
7.9813 	EXP 	Created noPeriphery = ImageStim(__class__=<class 'psychopy.visual.image.ImageStim'>, autoLog=True, color=array([1, 1, 1]), colorSpace='rgb', contrast=1.0, depth=-3.0, flipHoriz=False, flipVert=False, image='sin', interpolate=True, mask=None, maskParams=None, name='noPeriphery', opacity=1.0, ori=0.0, pos=array([0., 0.]), size=array([0.5, 0.5]), texRes=128.0, units='height', win=Window(...))
7.9824 	EXP 	Created blank_screen = Rect(__class__=<class 'psychopy.visual.rect.Rect'>, autoDraw=False, autoLog=True, closeShape=True, color=method-wrapper(...), colorSpace='rgb', contrast=None, depth=-4.0, fillColor=array([1, 1, 1]), fillColorSpace='rgb', fillRGB=UNKNOWN, interpolate=True, lineColor=array([1, 1, 1]), lineColorSpace='rgb', lineRGB=UNKNOWN, lineWidth=1.0, name='blank_screen', opacity=1.0, ori=0.0, pos=array([0., 0.]), size=array([1., 1.]), units='height', vertices=ndarray(...), win=Window(...))
7.9890 	EXP 	Created text = TextStim(__class__=<class 'psychopy.visual.text.TextStim'>, alignHoriz=method-wrapper(...), alignText='center', alignVert=method-wrapper(...), anchorHoriz='center', anchorVert='center', antialias=True, autoLog=True, bold=False, color=array([ 1, -1, -1]), colorSpace='rgb', contrast=1.0, depth=-5.0, flipHoriz=False, flipVert=False, font='Open Sans', fontFiles=[], height=0.1, italic=False, languageStyle='LTR', name='text', opacity=1, ori=0.0, pos=array([0., 0.]), rgb=UNKNOWN, text='+', units='height', win=Window(...), wrapWidth=1)
7.9998 	EXP 	Created WelcomeText = TextStim(__class__=<class 'psychopy.visual.text.TextStim'>, alignHoriz=method-wrapper(...), alignText='center', alignVert=method-wrapper(...), anchorHoriz='center', anchorVert='center', antialias=True, autoLog=True, bold=False, color=array([1, 1, 1]), colorSpace='rgb', contrast=1.0, depth=0.0, flipHoriz=False, flipVert=False, font='Open Sans', fontFiles=[], height=0.1, italic=False, languageStyle='LTR', name='WelcomeText', opacity=1, ori=0.0, pos=array([0., 0.]), rgb=UNKNOWN, text='Welcome to our Study!', units='height', win=Window(...), wrapWidth=1)
8.0034 	EXP 	Created hasPeriphery_2 = ImageStim(__class__=<class 'psychopy.visual.image.ImageStim'>, autoLog=True, color=array([1, 1, 1]), colorSpace='rgb', contrast=1.0, depth=-1.0, flipHoriz=False, flipVert=False, image='sin', interpolate=True, mask=None, maskParams=None, name='hasPeriphery_2', opacity=1.0, ori=0.0, pos=array([0., 0.]), size=array([0.5, 0.5]), texRes=128.0, units='height', win=Window(...))
8.0066 	EXP 	Created noPeriphery_2 = ImageStim(__class__=<class 'psychopy.visual.image.ImageStim'>, autoLog=True, color=array([1, 1, 1]), colorSpace='rgb', contrast=1.0, depth=-3.0, flipHoriz=False, flipVert=False, image='sin', interpolate=True, mask=None, maskParams=None, name='noPeriphery_2', opacity=1.0, ori=0.0, pos=array([0., 0.]), size=array([0.5, 0.5]), texRes=128.0, units='height', win=Window(...))
8.0090 	EXP 	Created text_2 = TextStim(__class__=<class 'psychopy.visual.text.TextStim'>, alignHoriz=method-wrapper(...), alignText='center', alignVert=method-wrapper(...), anchorHoriz='center', anchorVert='center', antialias=True, autoLog=True, bold=False, color=array([ 1, -1, -1]), colorSpace='rgb', contrast=1.0, depth=-4.0, flipHoriz=False, flipVert=False, font='Open Sans', fontFiles=[], height=0.1, italic=False, languageStyle='LTR', name='text_2', opacity=1, ori=0.0, pos=array([0., 0.]), rgb=UNKNOWN, text='+', units='height', win=Window(...), wrapWidth=1)
8.0526 	EXP 	unnamed Form: autoLog = True
8.0526 	EXP 	DepressionQuestionnaire: name = 'DepressionQuestionnaire'
8.0526 	EXP 	DepressionQuestionnaire: size = (3.5, 1)
8.0526 	EXP 	DepressionQuestionnaire: size = array([3.5, 1. ])
8.0526 	EXP 	DepressionQuestionnaire: units = 'height'
8.0526 	EXP 	DepressionQuestionnaire: depth = 0
8.0526 	EXP 	WelcomeText: autoDraw = True
10.0695 	EXP 	WelcomeText: autoDraw = False
10.0695 	EXP 	DepressionQuestionnaire: autoDraw = True
10.2068 	DATA 	Keypress: space
10.7027 	DATA 	Mouse: Left button down, pos=(649,34)
10.7361 	EXP 	DepressionQuestionnaire: autoDraw = False
10.7361 	EXP 	instructionsText: autoDraw = True
10.8230 	DATA 	Mouse:  Left button up, pos=(649,34)
11.1306 	EXP 	Imported picPaths.xlsx as conditions, 6 conditions, 3 params
11.1309 	EXP 	Created sequence: sequential, trialTypes=6, nReps=1, seed=None
11.1312 	EXP 	New trial (rep=0, index=0): {'startImage': 'C:\\Users\\hesselmann\\Desktop\\PsychoPyUniformityIllusion\\UniformityIllusionPsychoPy\\Pics\\1start.png', 'endImage': 'C:\\Users\\hesselmann\\Desktop\\PsychoPyUniformityIllusion\\UniformityIllusionPsychoPy\\Pics\\1a.png', 'AB': 'a'}
11.3281 	DATA 	Keypress: space
11.3694 	EXP 	instructionsText: autoDraw = False
11.3694 	EXP 	hasPeriphery: size = array([1.77777778, 1.        ])
11.3694 	EXP 	hasPeriphery: image = 'C:\\Users\\hesselmann\\Desktop\\PsychoPyUniformityIllusion\\UniformityIllusionPsychoPy\\Pics\\1a.png'
11.3694 	EXP 	noPeriphery: size = array([1.77777778, 1.        ])
11.3694 	EXP 	noPeriphery: image = 'C:\\Users\\hesselmann\\Desktop\\PsychoPyUniformityIllusion\\UniformityIllusionPsychoPy\\Pics\\1start.png'
11.3694 	EXP 	hasPeriphery: autoDraw = True
11.3694 	EXP 	hasPeriphery: texRes = 128.0
11.3694 	EXP 	noPeriphery: autoDraw = True
11.3694 	EXP 	noPeriphery: texRes = 128.0
11.3694 	EXP 	text: autoDraw = True
11.5022 	EXP 	hasPeriphery: texRes = 128.0
11.5022 	EXP 	noPeriphery: texRes = 128.0
11.6350 	EXP 	hasPeriphery: texRes = 128.0
11.6350 	EXP 	noPeriphery: texRes = 128.0
11.7690 	EXP 	hasPeriphery: texRes = 128.0
11.7690 	EXP 	noPeriphery: texRes = 128.0
11.9023 	EXP 	hasPeriphery: texRes = 128.0
11.9023 	EXP 	noPeriphery: texRes = 128.0
12.0350 	EXP 	hasPeriphery: texRes = 128.0
12.0350 	EXP 	noPeriphery: texRes = 128.0
12.1681 	EXP 	hasPeriphery: texRes = 128.0
12.1681 	EXP 	noPeriphery: texRes = 128.0
12.3027 	EXP 	hasPeriphery: texRes = 128.0
12.3027 	EXP 	noPeriphery: texRes = 128.0
12.4348 	EXP 	hasPeriphery: texRes = 128.0
12.4348 	EXP 	noPeriphery: texRes = 128.0
12.5688 	EXP 	hasPeriphery: texRes = 128.0
12.5688 	EXP 	noPeriphery: texRes = 128.0
12.7022 	EXP 	hasPeriphery: texRes = 128.0
12.7022 	EXP 	noPeriphery: texRes = 128.0
12.8351 	EXP 	hasPeriphery: texRes = 128.0
12.8351 	EXP 	noPeriphery: texRes = 128.0
12.9684 	EXP 	hasPeriphery: texRes = 128.0
12.9684 	EXP 	noPeriphery: texRes = 128.0
13.1021 	EXP 	hasPeriphery: texRes = 128.0
13.1021 	EXP 	noPeriphery: texRes = 128.0
13.2346 	EXP 	hasPeriphery: texRes = 128.0
13.2346 	EXP 	noPeriphery: texRes = 128.0
13.3689 	EXP 	hasPeriphery: texRes = 128.0
13.3689 	EXP 	noPeriphery: texRes = 128.0
13.5020 	EXP 	hasPeriphery: texRes = 128.0
13.5020 	EXP 	noPeriphery: texRes = 128.0
13.6356 	EXP 	hasPeriphery: texRes = 128.0
13.6356 	EXP 	noPeriphery: texRes = 128.0
13.7683 	EXP 	hasPeriphery: texRes = 128.0
13.7683 	EXP 	noPeriphery: texRes = 128.0
13.9015 	EXP 	hasPeriphery: texRes = 128.0
13.9015 	EXP 	noPeriphery: texRes = 128.0
14.0353 	EXP 	hasPeriphery: texRes = 128.0
14.0353 	EXP 	noPeriphery: texRes = 128.0
14.1681 	EXP 	hasPeriphery: texRes = 128.0
14.1681 	EXP 	noPeriphery: texRes = 128.0
14.3015 	EXP 	hasPeriphery: texRes = 128.0
14.3015 	EXP 	noPeriphery: texRes = 128.0
14.4352 	EXP 	hasPeriphery: texRes = 128.0
14.4352 	EXP 	noPeriphery: texRes = 128.0
14.5684 	EXP 	hasPeriphery: texRes = 128.0
14.5684 	EXP 	noPeriphery: texRes = 128.0
14.7014 	EXP 	hasPeriphery: texRes = 128.0
14.7014 	EXP 	noPeriphery: texRes = 128.0
14.8355 	EXP 	hasPeriphery: texRes = 128.0
14.8355 	EXP 	noPeriphery: texRes = 128.0
14.9684 	EXP 	hasPeriphery: texRes = 128.0
14.9684 	EXP 	noPeriphery: texRes = 128.0
15.1013 	EXP 	hasPeriphery: texRes = 128.0
15.1013 	EXP 	noPeriphery: texRes = 128.0
15.2508 	EXP 	hasPeriphery: texRes = 128.0
15.2508 	EXP 	noPeriphery: texRes = 128.0
15.4675 	EXP 	hasPeriphery: texRes = 128.0
15.4675 	EXP 	noPeriphery: texRes = 128.0
15.4675 	EXP 	blank_screen: autoDraw = True
15.6010 	EXP 	hasPeriphery: texRes = 128.0
15.6010 	EXP 	noPeriphery: texRes = 128.0
15.7512 	EXP 	hasPeriphery: texRes = 128.0
15.7512 	EXP 	noPeriphery: texRes = 128.0
15.7512 	EXP 	blank_screen: autoDraw = False
15.8845 	EXP 	hasPeriphery: texRes = 128.0
15.8845 	EXP 	noPeriphery: texRes = 128.0
16.0186 	EXP 	hasPeriphery: texRes = 128.0
16.0186 	EXP 	noPeriphery: texRes = 128.0
16.1682 	EXP 	hasPeriphery: texRes = 128.0
16.1682 	EXP 	noPeriphery: texRes = 128.0
16.3009 	EXP 	hasPeriphery: texRes = 128.0
16.3009 	EXP 	noPeriphery: texRes = 128.0
16.4340 	EXP 	hasPeriphery: texRes = 128.0
16.4340 	EXP 	noPeriphery: texRes = 128.0
16.5673 	EXP 	hasPeriphery: texRes = 128.0
16.5673 	EXP 	noPeriphery: texRes = 128.0
16.7013 	EXP 	hasPeriphery: texRes = 128.0
16.7013 	EXP 	noPeriphery: texRes = 128.0
16.8343 	EXP 	hasPeriphery: texRes = 128.0
16.8343 	EXP 	noPeriphery: texRes = 128.0
16.9680 	EXP 	hasPeriphery: texRes = 128.0
16.9680 	EXP 	noPeriphery: texRes = 128.0
17.1017 	EXP 	hasPeriphery: texRes = 128.0
17.1017 	EXP 	noPeriphery: texRes = 128.0
17.2511 	EXP 	hasPeriphery: texRes = 128.0
17.2511 	EXP 	noPeriphery: texRes = 128.0
17.3846 	EXP 	hasPeriphery: texRes = 128.0
17.3846 	EXP 	noPeriphery: texRes = 128.0
17.5175 	EXP 	hasPeriphery: texRes = 128.0
17.5175 	EXP 	noPeriphery: texRes = 128.0
17.6504 	EXP 	hasPeriphery: texRes = 128.0
17.6504 	EXP 	noPeriphery: texRes = 128.0
17.7837 	EXP 	hasPeriphery: texRes = 128.0
17.7837 	EXP 	noPeriphery: texRes = 128.0
17.9186 	EXP 	hasPeriphery: texRes = 128.0
17.9186 	EXP 	noPeriphery: texRes = 128.0
18.0670 	EXP 	hasPeriphery: texRes = 128.0
18.0670 	EXP 	noPeriphery: texRes = 128.0
18.2007 	EXP 	hasPeriphery: texRes = 128.0
18.2007 	EXP 	noPeriphery: texRes = 128.0
18.3336 	EXP 	hasPeriphery: texRes = 128.0
18.3336 	EXP 	noPeriphery: texRes = 128.0
18.4677 	EXP 	hasPeriphery: texRes = 128.0
18.4677 	EXP 	noPeriphery: texRes = 128.0
18.6006 	EXP 	hasPeriphery: texRes = 128.0
18.6006 	EXP 	noPeriphery: texRes = 128.0
18.7339 	EXP 	hasPeriphery: texRes = 128.0
18.7339 	EXP 	noPeriphery: texRes = 128.0
18.8669 	EXP 	hasPeriphery: texRes = 128.0
18.8669 	EXP 	noPeriphery: texRes = 128.0
19.0009 	EXP 	hasPeriphery: texRes = 128.0
19.0009 	EXP 	noPeriphery: texRes = 128.0
19.1341 	EXP 	hasPeriphery: texRes = 128.0
19.1341 	EXP 	noPeriphery: texRes = 128.0
19.2667 	EXP 	hasPeriphery: texRes = 128.0
19.2667 	EXP 	noPeriphery: texRes = 128.0
19.4009 	EXP 	hasPeriphery: texRes = 128.0
19.4009 	EXP 	noPeriphery: texRes = 128.0
19.5343 	EXP 	hasPeriphery: texRes = 128.0
19.5343 	EXP 	noPeriphery: texRes = 128.0
19.6676 	EXP 	hasPeriphery: texRes = 128.0
19.6676 	EXP 	noPeriphery: texRes = 128.0
19.8000 	EXP 	hasPeriphery: texRes = 128.0
19.8000 	EXP 	noPeriphery: texRes = 128.0
19.9335 	EXP 	hasPeriphery: texRes = 128.0
19.9335 	EXP 	noPeriphery: texRes = 128.0
20.0670 	EXP 	hasPeriphery: texRes = 128.0
20.0670 	EXP 	noPeriphery: texRes = 128.0
20.2007 	EXP 	hasPeriphery: texRes = 128.0
20.2007 	EXP 	noPeriphery: texRes = 128.0
20.3332 	EXP 	hasPeriphery: texRes = 128.0
20.3332 	EXP 	noPeriphery: texRes = 128.0
20.4672 	EXP 	hasPeriphery: texRes = 128.0
20.4672 	EXP 	noPeriphery: texRes = 128.0
20.5564 	DATA 	Keypress: escape
20.6002 	EXP 	hasPeriphery: texRes = 128.0
20.6002 	EXP 	noPeriphery: texRes = 128.0
20.8242 	EXP 	window1: mouseVisible = True
1.0644 	WARNING 	We strongly recommend you activate the PTB sound engine in PsychoPy prefs as the preferred audio engine. Its timing is vastly superior. Your prefs are currently set to use ['sounddevice', 'PTB', 'pyo', 'pygame'] (in that order).
6.2007 	EXP 	Created window1 = Window(allowGUI=False, allowStencil=False, autoLog=True, backendConf=UNKNOWN, bitsMode=UNKNOWN, blendMode='avg', bpc=(8, 8, 8), color=array([0, 0, 0]), colorSpace='rgb', depthBits=8, fullscr=<method-wrapper '__getattribute__' of attributeSetter object at 0x0000025446C15EB8>, gamma=None, gammaErrorPolicy='raise', lms=UNKNOWN, monitor=<psychopy.monitors.calibTools.Monitor object at 0x0000025446BF1550>, multiSample=False, name='window1', numSamples=2, pos=[0.0, 0.0], screen=0, size=array([1920, 1080]), stencilBits=0, stereo=False, units='height', useFBO=True, useRetina=False, viewOri=0.0, viewPos=None, viewScale=None, waitBlanking=True, winType='pyglet')
6.2010 	EXP 	window1: mouseVisible = True
6.2010 	EXP 	window1: recordFrameIntervals = False
6.3678 	EXP 	window1: recordFrameIntervals = True
6.5509 	EXP 	window1: recordFrameIntervals = False
6.9229 	EXP 	Created WelcomeText = TextStim(__class__=<class 'psychopy.visual.text.TextStim'>, alignHoriz=method-wrapper(...), alignText='center', alignVert=method-wrapper(...), anchorHoriz='center', anchorVert='center', antialias=True, autoLog=True, bold=False, color=array([1, 1, 1]), colorSpace='rgb', contrast=1.0, depth=0.0, flipHoriz=False, flipVert=False, font='Open Sans', fontFiles=[], height=0.1, italic=False, languageStyle='LTR', name='WelcomeText', opacity=1, ori=0.0, pos=array([0., 0.]), rgb=UNKNOWN, text='Welcome to our Study!', units='height', win=Window(...), wrapWidth=1)
6.9412 	EXP 	Imported depression.xlsx as conditions, 2 conditions, 12 params
6.9425 	EXP 	Question text: Sadness
6.9638 	EXP 	window1: mouseVisible = True
6.9962 	EXP 	Question text: Pessimism
7.0037 	EXP 	window1: mouseVisible = True
7.0269 	EXP 	window1: mouseVisible = True
7.0311 	EXP 	Created unnamed Rect = Rect(__class__=<class 'psychopy.visual.rect.Rect'>, autoDraw=False, autoLog=True, closeShape=True, color=method-wrapper(...), colorSpace='rgb', contrast=None, depth=0, fillColor=array([0, 0, 0]), fillColorSpace='rgb', fillRGB=UNKNOWN, interpolate=True, lineColor=array([0, 0, 0]), lineColorSpace='rgb', lineRGB=UNKNOWN, lineWidth=1.5, name='unnamed Rect', opacity=0, ori=0.0, pos=array([0., 0.]), size=array([0., 0.]), units='height', vertices=ndarray(...), win=Window(...))
7.0385 	EXP 	Created DepressionQuestionnaire = <psychopy.visual.form.Form object at 0x0000025449A30780>
7.0623 	EXP 	window1: mouseVisible = True
7.1085 	EXP 	Created instructionsText = TextStim(__class__=<class 'psychopy.visual.text.TextStim'>, alignHoriz=method-wrapper(...), alignText='center', alignVert=method-wrapper(...), anchorHoriz='center', anchorVert='center', antialias=True, autoLog=True, bold=False, color=array([1, 1, 1]), colorSpace='rgb', contrast=1.0, depth=0.0, flipHoriz=False, flipVert=False, font='Open Sans', fontFiles=[], height=0.04, italic=False, languageStyle='LTR', name='instructionsText', opacity=1, ori=0.0, pos=array([0., 0.]), rgb=UNKNOWN, text=str(...), units='height', win=Window(...), wrapWidth=1)
7.1120 	EXP 	Created hasPeriphery = ImageStim(__class__=<class 'psychopy.visual.image.ImageStim'>, autoLog=True, color=array([1, 1, 1]), colorSpace='rgb', contrast=1.0, depth=-1.0, flipHoriz=False, flipVert=False, image='sin', interpolate=True, mask=None, maskParams=None, name='hasPeriphery', opacity=1.0, ori=0.0, pos=array([0., 0.]), size=array([0.5, 0.5]), texRes=128.0, units='height', win=Window(...))
7.1146 	EXP 	Created noPeriphery = ImageStim(__class__=<class 'psychopy.visual.image.ImageStim'>, autoLog=True, color=array([1, 1, 1]), colorSpace='rgb', contrast=1.0, depth=-3.0, flipHoriz=False, flipVert=False, image='sin', interpolate=True, mask=None, maskParams=None, name='noPeriphery', opacity=1.0, ori=0.0, pos=array([0., 0.]), size=array([0.5, 0.5]), texRes=128.0, units='height', win=Window(...))
7.1157 	EXP 	Created blank_screen = Rect(__class__=<class 'psychopy.visual.rect.Rect'>, autoDraw=False, autoLog=True, closeShape=True, color=method-wrapper(...), colorSpace='rgb', contrast=None, depth=-4.0, fillColor=array([1, 1, 1]), fillColorSpace='rgb', fillRGB=UNKNOWN, interpolate=True, lineColor=array([1, 1, 1]), lineColorSpace='rgb', lineRGB=UNKNOWN, lineWidth=1.0, name='blank_screen', opacity=1.0, ori=0.0, pos=array([0., 0.]), size=array([2., 2.]), units='height', vertices=ndarray(...), win=Window(...))
7.1210 	EXP 	Created text = TextStim(__class__=<class 'psychopy.visual.text.TextStim'>, alignHoriz=method-wrapper(...), alignText='center', alignVert=method-wrapper(...), anchorHoriz='center', anchorVert='center', antialias=True, autoLog=True, bold=False, color=array([ 1, -1, -1]), colorSpace='rgb', contrast=1.0, depth=-5.0, flipHoriz=False, flipVert=False, font='Open Sans', fontFiles=[], height=0.1, italic=False, languageStyle='LTR', name='text', opacity=1, ori=0.0, pos=array([0., 0.]), rgb=UNKNOWN, text='+', units='height', win=Window(...), wrapWidth=1)
7.1320 	EXP 	Created WelcomeText = TextStim(__class__=<class 'psychopy.visual.text.TextStim'>, alignHoriz=method-wrapper(...), alignText='center', alignVert=method-wrapper(...), anchorHoriz='center', anchorVert='center', antialias=True, autoLog=True, bold=False, color=array([1, 1, 1]), colorSpace='rgb', contrast=1.0, depth=0.0, flipHoriz=False, flipVert=False, font='Open Sans', fontFiles=[], height=0.1, italic=False, languageStyle='LTR', name='WelcomeText', opacity=1, ori=0.0, pos=array([0., 0.]), rgb=UNKNOWN, text='Welcome to our Study!', units='height', win=Window(...), wrapWidth=1)
7.1346 	EXP 	Created hasPeriphery_2 = ImageStim(__class__=<class 'psychopy.visual.image.ImageStim'>, autoLog=True, color=array([1, 1, 1]), colorSpace='rgb', contrast=1.0, depth=-1.0, flipHoriz=False, flipVert=False, image='sin', interpolate=True, mask=None, maskParams=None, name='hasPeriphery_2', opacity=1.0, ori=0.0, pos=array([0., 0.]), size=array([0.5, 0.5]), texRes=128.0, units='height', win=Window(...))
7.1368 	EXP 	Created noPeriphery_2 = ImageStim(__class__=<class 'psychopy.visual.image.ImageStim'>, autoLog=True, color=array([1, 1, 1]), colorSpace='rgb', contrast=1.0, depth=-3.0, flipHoriz=False, flipVert=False, image='sin', interpolate=True, mask=None, maskParams=None, name='noPeriphery_2', opacity=1.0, ori=0.0, pos=array([0., 0.]), size=array([0.5, 0.5]), texRes=128.0, units='height', win=Window(...))
7.1385 	EXP 	Created text_2 = TextStim(__class__=<class 'psychopy.visual.text.TextStim'>, alignHoriz=method-wrapper(...), alignText='center', alignVert=method-wrapper(...), anchorHoriz='center', anchorVert='center', antialias=True, autoLog=True, bold=False, color=array([ 1, -1, -1]), colorSpace='rgb', contrast=1.0, depth=-4.0, flipHoriz=False, flipVert=False, font='Open Sans', fontFiles=[], height=0.1, italic=False, languageStyle='LTR', name='text_2', opacity=1, ori=0.0, pos=array([0., 0.]), rgb=UNKNOWN, text='+', units='height', win=Window(...), wrapWidth=1)
7.1839 	EXP 	unnamed Form: autoLog = True
7.1839 	EXP 	DepressionQuestionnaire: name = 'DepressionQuestionnaire'
7.1839 	EXP 	DepressionQuestionnaire: size = (3.5, 1)
7.1839 	EXP 	DepressionQuestionnaire: size = array([3.5, 1. ])
7.1839 	EXP 	DepressionQuestionnaire: units = 'height'
7.1839 	EXP 	DepressionQuestionnaire: depth = 0
7.1839 	EXP 	WelcomeText: autoDraw = True
9.2001 	EXP 	WelcomeText: autoDraw = False
9.2001 	EXP 	DepressionQuestionnaire: autoDraw = True
10.1662 	DATA 	Mouse: Left button down, pos=(571,37)
10.1992 	EXP 	DepressionQuestionnaire: autoDraw = False
10.1992 	EXP 	instructionsText: autoDraw = True
10.2541 	DATA 	Mouse:  Left button up, pos=(571,37)
10.5950 	EXP 	Imported picPaths.xlsx as conditions, 6 conditions, 3 params
10.5953 	EXP 	Created sequence: sequential, trialTypes=6, nReps=1, seed=None
10.5956 	EXP 	New trial (rep=0, index=0): {'startImage': 'C:\\Users\\hesselmann\\Desktop\\PsychoPyUniformityIllusion\\UniformityIllusionPsychoPy\\Pics\\1start.png', 'endImage': 'C:\\Users\\hesselmann\\Desktop\\PsychoPyUniformityIllusion\\UniformityIllusionPsychoPy\\Pics\\1a.png', 'AB': 'a'}
10.7700 	DATA 	Keypress: space
10.8163 	EXP 	instructionsText: autoDraw = False
10.8163 	EXP 	hasPeriphery: size = array([1.77777778, 1.        ])
10.8163 	EXP 	hasPeriphery: image = 'C:\\Users\\hesselmann\\Desktop\\PsychoPyUniformityIllusion\\UniformityIllusionPsychoPy\\Pics\\1a.png'
10.8163 	EXP 	noPeriphery: size = array([1.77777778, 1.        ])
10.8163 	EXP 	noPeriphery: image = 'C:\\Users\\hesselmann\\Desktop\\PsychoPyUniformityIllusion\\UniformityIllusionPsychoPy\\Pics\\1start.png'
10.8163 	EXP 	hasPeriphery: autoDraw = True
10.8163 	EXP 	hasPeriphery: texRes = 128.0
10.8163 	EXP 	noPeriphery: autoDraw = True
10.8163 	EXP 	noPeriphery: texRes = 128.0
10.8163 	EXP 	text: autoDraw = True
10.9660 	EXP 	hasPeriphery: texRes = 128.0
10.9660 	EXP 	noPeriphery: texRes = 128.0
11.0997 	EXP 	hasPeriphery: texRes = 128.0
11.0997 	EXP 	noPeriphery: texRes = 128.0
11.2324 	EXP 	hasPeriphery: texRes = 128.0
11.2324 	EXP 	noPeriphery: texRes = 128.0
11.3660 	EXP 	hasPeriphery: texRes = 128.0
11.3660 	EXP 	noPeriphery: texRes = 128.0
11.4992 	EXP 	hasPeriphery: texRes = 128.0
11.4992 	EXP 	noPeriphery: texRes = 128.0
11.6329 	EXP 	hasPeriphery: texRes = 128.0
11.6329 	EXP 	noPeriphery: texRes = 128.0
11.7657 	EXP 	hasPeriphery: texRes = 128.0
11.7657 	EXP 	noPeriphery: texRes = 128.0
11.8997 	EXP 	hasPeriphery: texRes = 128.0
11.8997 	EXP 	noPeriphery: texRes = 128.0
12.0325 	EXP 	hasPeriphery: texRes = 128.0
12.0325 	EXP 	noPeriphery: texRes = 128.0
12.1659 	EXP 	hasPeriphery: texRes = 128.0
12.1659 	EXP 	noPeriphery: texRes = 128.0
12.2995 	EXP 	hasPeriphery: texRes = 128.0
12.2995 	EXP 	noPeriphery: texRes = 128.0
12.4324 	EXP 	hasPeriphery: texRes = 128.0
12.4324 	EXP 	noPeriphery: texRes = 128.0
12.5654 	EXP 	hasPeriphery: texRes = 128.0
12.5654 	EXP 	noPeriphery: texRes = 128.0
12.6991 	EXP 	hasPeriphery: texRes = 128.0
12.6991 	EXP 	noPeriphery: texRes = 128.0
12.8320 	EXP 	hasPeriphery: texRes = 128.0
12.8320 	EXP 	noPeriphery: texRes = 128.0
12.9653 	EXP 	hasPeriphery: texRes = 128.0
12.9653 	EXP 	noPeriphery: texRes = 128.0
13.0986 	EXP 	hasPeriphery: texRes = 128.0
13.0986 	EXP 	noPeriphery: texRes = 128.0
13.2326 	EXP 	hasPeriphery: texRes = 128.0
13.2326 	EXP 	noPeriphery: texRes = 128.0
13.3826 	EXP 	hasPeriphery: texRes = 128.0
13.3826 	EXP 	noPeriphery: texRes = 128.0
13.5159 	EXP 	hasPeriphery: texRes = 128.0
13.5159 	EXP 	noPeriphery: texRes = 128.0
13.6489 	EXP 	hasPeriphery: texRes = 128.0
13.6489 	EXP 	noPeriphery: texRes = 128.0
13.7826 	EXP 	hasPeriphery: texRes = 128.0
13.7826 	EXP 	noPeriphery: texRes = 128.0
13.9318 	EXP 	hasPeriphery: texRes = 128.0
13.9318 	EXP 	noPeriphery: texRes = 128.0
14.0191 	EXP 	New trial (rep=0, index=1): {'startImage': 'C:\\Users\\hesselmann\\Desktop\\PsychoPyUniformityIllusion\\UniformityIllusionPsychoPy\\Pics\\1start.png', 'endImage': 'C:\\Users\\hesselmann\\Desktop\\PsychoPyUniformityIllusion\\UniformityIllusionPsychoPy\\Pics\\1b.png', 'AB': 'b'}
14.2003 	DATA 	Keypress: space
14.2488 	EXP 	hasPeriphery: texRes = 128.0
14.2488 	EXP 	noPeriphery: texRes = 128.0
14.2488 	EXP 	hasPeriphery: autoDraw = False
14.2488 	EXP 	noPeriphery: autoDraw = False
14.2488 	EXP 	blank_screen: autoDraw = False
14.2488 	EXP 	text: autoDraw = False
14.2488 	EXP 	hasPeriphery: size = array([1.77777778, 1.        ])
14.2488 	EXP 	hasPeriphery: image = 'C:\\Users\\hesselmann\\Desktop\\PsychoPyUniformityIllusion\\UniformityIllusionPsychoPy\\Pics\\1b.png'
14.2488 	EXP 	noPeriphery: size = array([1.77777778, 1.        ])
14.2488 	EXP 	noPeriphery: image = 'C:\\Users\\hesselmann\\Desktop\\PsychoPyUniformityIllusion\\UniformityIllusionPsychoPy\\Pics\\1start.png'
14.2488 	EXP 	hasPeriphery: autoDraw = True
14.2488 	EXP 	hasPeriphery: texRes = 128.0
14.2488 	EXP 	noPeriphery: autoDraw = True
14.2488 	EXP 	noPeriphery: texRes = 128.0
14.2488 	EXP 	text: autoDraw = True
14.3821 	EXP 	hasPeriphery: texRes = 128.0
14.3821 	EXP 	noPeriphery: texRes = 128.0
14.5158 	EXP 	hasPeriphery: texRes = 128.0
14.5158 	EXP 	noPeriphery: texRes = 128.0
14.6657 	EXP 	hasPeriphery: texRes = 128.0
14.6657 	EXP 	noPeriphery: texRes = 128.0
14.7984 	EXP 	hasPeriphery: texRes = 128.0
14.7984 	EXP 	noPeriphery: texRes = 128.0
14.9321 	EXP 	hasPeriphery: texRes = 128.0
14.9321 	EXP 	noPeriphery: texRes = 128.0
15.0651 	EXP 	hasPeriphery: texRes = 128.0
15.0651 	EXP 	noPeriphery: texRes = 128.0
15.1988 	EXP 	hasPeriphery: texRes = 128.0
15.1988 	EXP 	noPeriphery: texRes = 128.0
15.3317 	EXP 	hasPeriphery: texRes = 128.0
15.3317 	EXP 	noPeriphery: texRes = 128.0
15.4658 	EXP 	hasPeriphery: texRes = 128.0
15.4658 	EXP 	noPeriphery: texRes = 128.0
15.5985 	EXP 	hasPeriphery: texRes = 128.0
15.5985 	EXP 	noPeriphery: texRes = 128.0
15.7319 	EXP 	hasPeriphery: texRes = 128.0
15.7319 	EXP 	noPeriphery: texRes = 128.0
15.8655 	EXP 	hasPeriphery: texRes = 128.0
15.8655 	EXP 	noPeriphery: texRes = 128.0
16.0155 	EXP 	hasPeriphery: texRes = 128.0
16.0155 	EXP 	noPeriphery: texRes = 128.0
16.1486 	EXP 	hasPeriphery: texRes = 128.0
16.1486 	EXP 	noPeriphery: texRes = 128.0
16.2427 	DATA 	Keypress: escape
16.2815 	EXP 	hasPeriphery: texRes = 128.0
16.2815 	EXP 	noPeriphery: texRes = 128.0
16.4315 	EXP 	hasPeriphery: texRes = 128.0
16.4315 	EXP 	noPeriphery: texRes = 128.0
16.6821 	EXP 	window1: mouseVisible = True
