1.0127 	WARNING 	We strongly recommend you activate the PTB sound engine in PsychoPy prefs as the preferred audio engine. Its timing is vastly superior. Your prefs are currently set to use ['sounddevice', 'PTB', 'pyo', 'pygame'] (in that order).
11.7383 	EXP 	Created window1 = Window(allowGUI=False, allowStencil=False, autoLog=True, backendConf=UNKNOWN, bitsMode=UNKNOWN, blendMode='avg', bpc=(8, 8, 8), color=array([0, 0, 0]), colorSpace='rgb', depthBits=8, fullscr=<method-wrapper '__getattribute__' of attributeSetter object at 0x00000256C0914EF0>, gamma=None, gammaErrorPolicy='raise', lms=UNKNOWN, monitor=<psychopy.monitors.calibTools.Monitor object at 0x00000256C0934588>, multiSample=False, name='window1', numSamples=2, pos=[0.0, 0.0], screen=0, size=array([1920, 1080]), stencilBits=0, stereo=False, units='height', useFBO=True, useRetina=False, viewOri=0.0, viewPos=None, viewScale=None, waitBlanking=True, winType='pyglet')
11.7385 	EXP 	window1: mouseVisible = True
11.7385 	EXP 	window1: recordFrameIntervals = False
11.9041 	EXP 	window1: recordFrameIntervals = True
12.0880 	EXP 	window1: recordFrameIntervals = False
12.7436 	EXP 	Created WelcomeText = TextStim(__class__=<class 'psychopy.visual.text.TextStim'>, alignHoriz=method-wrapper(...), alignText='center', alignVert=method-wrapper(...), anchorHoriz='center', anchorVert='center', antialias=True, autoLog=True, bold=False, color=array([1, 1, 1]), colorSpace='rgb', contrast=1.0, depth=0.0, flipHoriz=False, flipVert=False, font='Open Sans', fontFiles=[], height=0.1, italic=False, languageStyle='LTR', name='WelcomeText', opacity=1, ori=0.0, pos=array([0., 0.]), rgb=UNKNOWN, text='Welcome to our Study!', units='height', win=Window(...), wrapWidth=1)
12.7634 	EXP 	Imported depression.xlsx as conditions, 2 conditions, 12 params
12.7644 	EXP 	Question text: Sadness
12.8186 	EXP 	window1: mouseVisible = True
12.8460 	EXP 	Question text: Pessimism
12.8536 	EXP 	window1: mouseVisible = True
12.8757 	EXP 	window1: mouseVisible = True
12.8801 	EXP 	Created unnamed Rect = Rect(__class__=<class 'psychopy.visual.rect.Rect'>, autoDraw=False, autoLog=True, closeShape=True, color=method-wrapper(...), colorSpace='rgb', contrast=None, depth=0, fillColor=array([0, 0, 0]), fillColorSpace='rgb', fillRGB=UNKNOWN, interpolate=True, lineColor=array([0, 0, 0]), lineColorSpace='rgb', lineRGB=UNKNOWN, lineWidth=1.5, name='unnamed Rect', opacity=0, ori=0.0, pos=array([0., 0.]), size=array([0., 0.]), units='height', vertices=ndarray(...), win=Window(...))
12.8959 	EXP 	Created DepressionQuestionnaire = <psychopy.visual.form.Form object at 0x00000256C338F7F0>
12.9302 	EXP 	window1: mouseVisible = True
12.9735 	EXP 	Created instructionsText = TextStim(__class__=<class 'psychopy.visual.text.TextStim'>, alignHoriz=method-wrapper(...), alignText='center', alignVert=method-wrapper(...), anchorHoriz='center', anchorVert='center', antialias=True, autoLog=True, bold=False, color=array([1, 1, 1]), colorSpace='rgb', contrast=1.0, depth=0.0, flipHoriz=False, flipVert=False, font='Open Sans', fontFiles=[], height=0.04, italic=False, languageStyle='LTR', name='instructionsText', opacity=1, ori=0.0, pos=array([0., 0.]), rgb=UNKNOWN, text=str(...), units='height', win=Window(...), wrapWidth=1)
12.9769 	EXP 	Created hasPeriphery = ImageStim(__class__=<class 'psychopy.visual.image.ImageStim'>, autoLog=True, color=array([1, 1, 1]), colorSpace='rgb', contrast=1.0, depth=-1.0, flipHoriz=False, flipVert=False, image='sin', interpolate=True, mask=None, maskParams=None, name='hasPeriphery', opacity=1.0, ori=0.0, pos=array([0., 0.]), size=array([0.5, 0.5]), texRes=128.0, units='height', win=Window(...))
12.9794 	EXP 	Created noPeriphery = ImageStim(__class__=<class 'psychopy.visual.image.ImageStim'>, autoLog=True, color=array([1, 1, 1]), colorSpace='rgb', contrast=1.0, depth=-3.0, flipHoriz=False, flipVert=False, image='sin', interpolate=True, mask=None, maskParams=None, name='noPeriphery', opacity=1.0, ori=0.0, pos=array([0., 0.]), size=array([0.5, 0.5]), texRes=128.0, units='height', win=Window(...))
12.9805 	EXP 	Created blank_screen = Rect(__class__=<class 'psychopy.visual.rect.Rect'>, autoDraw=False, autoLog=True, closeShape=True, color=method-wrapper(...), colorSpace='rgb', contrast=None, depth=-4.0, fillColor=array([1, 1, 1]), fillColorSpace='rgb', fillRGB=UNKNOWN, interpolate=True, lineColor=array([1, 1, 1]), lineColorSpace='rgb', lineRGB=UNKNOWN, lineWidth=1.0, name='blank_screen', opacity=1.0, ori=0.0, pos=array([0., 0.]), size=array([2., 1.]), units='height', vertices=ndarray(...), win=Window(...))
12.9857 	EXP 	Created text = TextStim(__class__=<class 'psychopy.visual.text.TextStim'>, alignHoriz=method-wrapper(...), alignText='center', alignVert=method-wrapper(...), anchorHoriz='center', anchorVert='center', antialias=True, autoLog=True, bold=False, color=array([ 1, -1, -1]), colorSpace='rgb', contrast=1.0, depth=-5.0, flipHoriz=False, flipVert=False, font='Open Sans', fontFiles=[], height=0.1, italic=False, languageStyle='LTR', name='text', opacity=1, ori=0.0, pos=array([0., 0.]), rgb=UNKNOWN, text='+', units='height', win=Window(...), wrapWidth=1)
12.9962 	EXP 	Created WelcomeText = TextStim(__class__=<class 'psychopy.visual.text.TextStim'>, alignHoriz=method-wrapper(...), alignText='center', alignVert=method-wrapper(...), anchorHoriz='center', anchorVert='center', antialias=True, autoLog=True, bold=False, color=array([1, 1, 1]), colorSpace='rgb', contrast=1.0, depth=0.0, flipHoriz=False, flipVert=False, font='Open Sans', fontFiles=[], height=0.1, italic=False, languageStyle='LTR', name='WelcomeText', opacity=1, ori=0.0, pos=array([0., 0.]), rgb=UNKNOWN, text='Welcome to our Study!', units='height', win=Window(...), wrapWidth=1)
12.9987 	EXP 	Created hasPeriphery_2 = ImageStim(__class__=<class 'psychopy.visual.image.ImageStim'>, autoLog=True, color=array([1, 1, 1]), colorSpace='rgb', contrast=1.0, depth=-1.0, flipHoriz=False, flipVert=False, image='sin', interpolate=True, mask=None, maskParams=None, name='hasPeriphery_2', opacity=1.0, ori=0.0, pos=array([0., 0.]), size=array([0.5, 0.5]), texRes=128.0, units='height', win=Window(...))
13.0010 	EXP 	Created noPeriphery_2 = ImageStim(__class__=<class 'psychopy.visual.image.ImageStim'>, autoLog=True, color=array([1, 1, 1]), colorSpace='rgb', contrast=1.0, depth=-3.0, flipHoriz=False, flipVert=False, image='sin', interpolate=True, mask=None, maskParams=None, name='noPeriphery_2', opacity=1.0, ori=0.0, pos=array([0., 0.]), size=array([0.5, 0.5]), texRes=128.0, units='height', win=Window(...))
13.0027 	EXP 	Created text_2 = TextStim(__class__=<class 'psychopy.visual.text.TextStim'>, alignHoriz=method-wrapper(...), alignText='center', alignVert=method-wrapper(...), anchorHoriz='center', anchorVert='center', antialias=True, autoLog=True, bold=False, color=array([ 1, -1, -1]), colorSpace='rgb', contrast=1.0, depth=-4.0, flipHoriz=False, flipVert=False, font='Open Sans', fontFiles=[], height=0.1, italic=False, languageStyle='LTR', name='text_2', opacity=1, ori=0.0, pos=array([0., 0.]), rgb=UNKNOWN, text='+', units='height', win=Window(...), wrapWidth=1)
13.0545 	EXP 	unnamed Form: autoLog = True
13.0545 	EXP 	DepressionQuestionnaire: name = 'DepressionQuestionnaire'
13.0545 	EXP 	DepressionQuestionnaire: size = (3.5, 1)
13.0545 	EXP 	DepressionQuestionnaire: size = array([3.5, 1. ])
13.0545 	EXP 	DepressionQuestionnaire: units = 'height'
13.0545 	EXP 	DepressionQuestionnaire: depth = 0
13.0545 	EXP 	WelcomeText: autoDraw = True
15.0534 	EXP 	WelcomeText: autoDraw = False
15.0534 	EXP 	DepressionQuestionnaire: autoDraw = True
16.5554 	DATA 	Mouse: Left button down, pos=(703,41)
16.5874 	EXP 	DepressionQuestionnaire: autoDraw = False
16.5874 	EXP 	instructionsText: autoDraw = True
16.7592 	DATA 	Mouse:  Left button up, pos=(703,41)
17.3757 	DATA 	Keypress: space
18.5912 	DATA 	Mouse: Left button down, pos=(980,255)
18.6919 	DATA 	Mouse:  Left button up, pos=(978,248)
18.8508 	EXP 	Imported picPaths.xlsx as conditions, 6 conditions, 4 params
18.8511 	EXP 	Created sequence: sequential, trialTypes=6, nReps=1, seed=None
18.8515 	EXP 	New trial (rep=0, index=0): {'startImage': 'C:\\Users\\hesselmann\\Desktop\\PsychoPyUniformityIllusion\\UniformityIllusionPsychoPy\\Pics\\1start.png', 'midImage': 'C:\\Users\\hesselmann\\Desktop\\PsychoPyUniformityIllusion\\UniformityIllusionPsychoPy\\Pics\\1a.png', 'endImage': 'C:\\Users\\hesselmann\\Desktop\\PsychoPyUniformityIllusion\\UniformityIllusionPsychoPy\\Pics\\1a.png', 'AB': 'a'}
19.0395 	DATA 	Keypress: space
19.0874 	EXP 	instructionsText: autoDraw = False
19.0874 	EXP 	hasPeriphery: size = array([1.77777778, 1.        ])
19.0874 	EXP 	hasPeriphery: image = 'C:\\Users\\hesselmann\\Desktop\\PsychoPyUniformityIllusion\\UniformityIllusionPsychoPy\\Pics\\1a.png'
19.0874 	EXP 	noPeriphery: size = array([1.77777778, 1.        ])
19.0874 	EXP 	noPeriphery: image = 'C:\\Users\\hesselmann\\Desktop\\PsychoPyUniformityIllusion\\UniformityIllusionPsychoPy\\Pics\\1start.png'
19.0874 	EXP 	hasPeriphery: autoDraw = True
19.0874 	EXP 	hasPeriphery: texRes = 128.0
19.0874 	EXP 	noPeriphery: autoDraw = True
19.0874 	EXP 	noPeriphery: texRes = 128.0
19.0874 	EXP 	text: autoDraw = True
19.2198 	EXP 	hasPeriphery: texRes = 128.0
19.2198 	EXP 	noPeriphery: texRes = 128.0
19.3702 	EXP 	hasPeriphery: texRes = 128.0
19.3702 	EXP 	noPeriphery: texRes = 128.0
19.3702 	EXP 	blank_screen: autoDraw = True
19.5031 	EXP 	hasPeriphery: texRes = 128.0
19.5031 	EXP 	noPeriphery: texRes = 128.0
19.5031 	EXP 	blank_screen: autoDraw = False
19.6374 	EXP 	hasPeriphery: texRes = 128.0
19.6374 	EXP 	noPeriphery: texRes = 128.0
19.7867 	EXP 	hasPeriphery: texRes = 128.0
19.7867 	EXP 	noPeriphery: texRes = 128.0
19.7867 	EXP 	blank_screen: autoDraw = True
19.9369 	EXP 	hasPeriphery: texRes = 128.0
19.9369 	EXP 	noPeriphery: texRes = 128.0
19.9369 	EXP 	blank_screen: autoDraw = False
20.1036 	EXP 	hasPeriphery: texRes = 128.0
20.1036 	EXP 	noPeriphery: texRes = 128.0
20.1036 	EXP 	blank_screen: autoDraw = True
20.2532 	EXP 	hasPeriphery: texRes = 128.0
20.2532 	EXP 	noPeriphery: texRes = 128.0
20.2532 	EXP 	blank_screen: autoDraw = False
20.3864 	EXP 	hasPeriphery: texRes = 128.0
20.3864 	EXP 	noPeriphery: texRes = 128.0
20.5375 	EXP 	hasPeriphery: texRes = 128.0
20.5375 	EXP 	noPeriphery: texRes = 128.0
20.5375 	EXP 	blank_screen: autoDraw = True
20.6703 	EXP 	hasPeriphery: texRes = 128.0
20.6703 	EXP 	noPeriphery: texRes = 128.0
20.6703 	EXP 	blank_screen: autoDraw = False
20.8197 	EXP 	hasPeriphery: texRes = 128.0
20.8197 	EXP 	noPeriphery: texRes = 128.0
20.9530 	EXP 	hasPeriphery: texRes = 128.0
20.9530 	EXP 	noPeriphery: texRes = 128.0
21.0864 	EXP 	hasPeriphery: texRes = 128.0
21.0864 	EXP 	noPeriphery: texRes = 128.0
21.2196 	EXP 	hasPeriphery: texRes = 128.0
21.2196 	EXP 	noPeriphery: texRes = 128.0
21.3530 	EXP 	hasPeriphery: texRes = 128.0
21.3530 	EXP 	noPeriphery: texRes = 128.0
21.4873 	EXP 	hasPeriphery: texRes = 128.0
21.4873 	EXP 	noPeriphery: texRes = 128.0
21.6371 	EXP 	hasPeriphery: texRes = 128.0
21.6371 	EXP 	noPeriphery: texRes = 128.0
21.7697 	EXP 	hasPeriphery: texRes = 128.0
21.7697 	EXP 	noPeriphery: texRes = 128.0
21.9029 	EXP 	hasPeriphery: texRes = 128.0
21.9029 	EXP 	noPeriphery: texRes = 128.0
22.0363 	EXP 	hasPeriphery: texRes = 128.0
22.0363 	EXP 	noPeriphery: texRes = 128.0
22.1695 	EXP 	hasPeriphery: texRes = 128.0
22.1695 	EXP 	noPeriphery: texRes = 128.0
22.3030 	EXP 	hasPeriphery: texRes = 128.0
22.3030 	EXP 	noPeriphery: texRes = 128.0
22.4370 	EXP 	hasPeriphery: texRes = 128.0
22.4370 	EXP 	noPeriphery: texRes = 128.0
22.5706 	EXP 	hasPeriphery: texRes = 128.0
22.5706 	EXP 	noPeriphery: texRes = 128.0
22.7199 	EXP 	hasPeriphery: texRes = 128.0
22.7199 	EXP 	noPeriphery: texRes = 128.0
22.8532 	EXP 	hasPeriphery: texRes = 128.0
22.8532 	EXP 	noPeriphery: texRes = 128.0
22.9870 	EXP 	hasPeriphery: texRes = 128.0
22.9870 	EXP 	noPeriphery: texRes = 128.0
23.1364 	EXP 	hasPeriphery: texRes = 128.0
23.1364 	EXP 	noPeriphery: texRes = 128.0
23.2695 	EXP 	hasPeriphery: texRes = 128.0
23.2695 	EXP 	noPeriphery: texRes = 128.0
23.4036 	EXP 	hasPeriphery: texRes = 128.0
23.4036 	EXP 	noPeriphery: texRes = 128.0
23.5536 	EXP 	hasPeriphery: texRes = 128.0
23.5536 	EXP 	noPeriphery: texRes = 128.0
23.6867 	EXP 	hasPeriphery: texRes = 128.0
23.6867 	EXP 	noPeriphery: texRes = 128.0
23.8204 	EXP 	hasPeriphery: texRes = 128.0
23.8204 	EXP 	noPeriphery: texRes = 128.0
23.9702 	EXP 	hasPeriphery: texRes = 128.0
23.9702 	EXP 	noPeriphery: texRes = 128.0
24.1035 	EXP 	hasPeriphery: texRes = 128.0
24.1035 	EXP 	noPeriphery: texRes = 128.0
24.2527 	EXP 	hasPeriphery: texRes = 128.0
24.2527 	EXP 	noPeriphery: texRes = 128.0
24.3867 	EXP 	hasPeriphery: texRes = 128.0
24.3867 	EXP 	noPeriphery: texRes = 128.0
24.5360 	EXP 	hasPeriphery: texRes = 128.0
24.5360 	EXP 	noPeriphery: texRes = 128.0
24.6693 	EXP 	hasPeriphery: texRes = 128.0
24.6693 	EXP 	noPeriphery: texRes = 128.0
24.8199 	EXP 	hasPeriphery: texRes = 128.0
24.8199 	EXP 	noPeriphery: texRes = 128.0
24.9697 	EXP 	hasPeriphery: texRes = 128.0
24.9697 	EXP 	noPeriphery: texRes = 128.0
25.1027 	EXP 	hasPeriphery: texRes = 128.0
25.1027 	EXP 	noPeriphery: texRes = 128.0
25.2526 	EXP 	hasPeriphery: texRes = 128.0
25.2526 	EXP 	noPeriphery: texRes = 128.0
25.3862 	EXP 	hasPeriphery: texRes = 128.0
25.3862 	EXP 	noPeriphery: texRes = 128.0
25.5194 	EXP 	hasPeriphery: texRes = 128.0
25.5194 	EXP 	noPeriphery: texRes = 128.0
25.6538 	EXP 	hasPeriphery: texRes = 128.0
25.6538 	EXP 	noPeriphery: texRes = 128.0
25.7865 	EXP 	hasPeriphery: texRes = 128.0
25.7865 	EXP 	noPeriphery: texRes = 128.0
25.8927 	EXP 	New trial (rep=0, index=1): {'startImage': 'C:\\Users\\hesselmann\\Desktop\\PsychoPyUniformityIllusion\\UniformityIllusionPsychoPy\\Pics\\1start.png', 'midImage': 'C:\\Users\\hesselmann\\Desktop\\PsychoPyUniformityIllusion\\UniformityIllusionPsychoPy\\Pics\\1a.png', 'endImage': 'C:\\Users\\hesselmann\\Desktop\\PsychoPyUniformityIllusion\\UniformityIllusionPsychoPy\\Pics\\1b.png', 'AB': 'b'}
26.0726 	DATA 	Keypress: space
26.1196 	EXP 	hasPeriphery: texRes = 128.0
26.1196 	EXP 	noPeriphery: texRes = 128.0
26.1196 	EXP 	hasPeriphery: autoDraw = False
26.1196 	EXP 	noPeriphery: autoDraw = False
26.1196 	EXP 	blank_screen: autoDraw = False
26.1196 	EXP 	text: autoDraw = False
26.1196 	EXP 	hasPeriphery: size = array([1.77777778, 1.        ])
26.1196 	EXP 	hasPeriphery: image = 'C:\\Users\\hesselmann\\Desktop\\PsychoPyUniformityIllusion\\UniformityIllusionPsychoPy\\Pics\\1b.png'
26.1196 	EXP 	noPeriphery: size = array([1.77777778, 1.        ])
26.1196 	EXP 	noPeriphery: image = 'C:\\Users\\hesselmann\\Desktop\\PsychoPyUniformityIllusion\\UniformityIllusionPsychoPy\\Pics\\1start.png'
26.1196 	EXP 	hasPeriphery: autoDraw = True
26.1196 	EXP 	hasPeriphery: texRes = 128.0
26.1196 	EXP 	noPeriphery: autoDraw = True
26.1196 	EXP 	noPeriphery: texRes = 128.0
26.1196 	EXP 	text: autoDraw = True
26.2534 	EXP 	hasPeriphery: texRes = 128.0
26.2534 	EXP 	noPeriphery: texRes = 128.0
26.4028 	EXP 	hasPeriphery: texRes = 128.0
26.4028 	EXP 	noPeriphery: texRes = 128.0
26.4028 	EXP 	blank_screen: autoDraw = True
26.5363 	EXP 	hasPeriphery: texRes = 128.0
26.5363 	EXP 	noPeriphery: texRes = 128.0
26.5363 	EXP 	blank_screen: autoDraw = False
26.6864 	EXP 	hasPeriphery: texRes = 128.0
26.6864 	EXP 	noPeriphery: texRes = 128.0
26.8529 	EXP 	hasPeriphery: texRes = 128.0
26.8529 	EXP 	noPeriphery: texRes = 128.0
26.8529 	EXP 	blank_screen: autoDraw = True
26.9860 	EXP 	hasPeriphery: texRes = 128.0
26.9860 	EXP 	noPeriphery: texRes = 128.0
26.9860 	EXP 	blank_screen: autoDraw = False
27.1365 	EXP 	hasPeriphery: texRes = 128.0
27.1365 	EXP 	noPeriphery: texRes = 128.0
27.1365 	EXP 	blank_screen: autoDraw = True
27.2696 	EXP 	hasPeriphery: texRes = 128.0
27.2696 	EXP 	noPeriphery: texRes = 128.0
27.2696 	EXP 	blank_screen: autoDraw = False
27.4029 	EXP 	hasPeriphery: texRes = 128.0
27.4029 	EXP 	noPeriphery: texRes = 128.0
27.5358 	EXP 	hasPeriphery: texRes = 128.0
27.5358 	EXP 	noPeriphery: texRes = 128.0
27.5358 	EXP 	blank_screen: autoDraw = True
27.6862 	EXP 	hasPeriphery: texRes = 128.0
27.6862 	EXP 	noPeriphery: texRes = 128.0
27.6862 	EXP 	blank_screen: autoDraw = False
27.8195 	EXP 	hasPeriphery: texRes = 128.0
27.8195 	EXP 	noPeriphery: texRes = 128.0
27.9691 	EXP 	hasPeriphery: texRes = 128.0
27.9691 	EXP 	noPeriphery: texRes = 128.0
28.1036 	EXP 	hasPeriphery: texRes = 128.0
28.1036 	EXP 	noPeriphery: texRes = 128.0
28.2700 	EXP 	hasPeriphery: texRes = 128.0
28.2700 	EXP 	noPeriphery: texRes = 128.0
28.4028 	EXP 	hasPeriphery: texRes = 128.0
28.4028 	EXP 	noPeriphery: texRes = 128.0
28.5359 	EXP 	hasPeriphery: texRes = 128.0
28.5359 	EXP 	noPeriphery: texRes = 128.0
28.6699 	EXP 	hasPeriphery: texRes = 128.0
28.6699 	EXP 	noPeriphery: texRes = 128.0
28.8028 	EXP 	hasPeriphery: texRes = 128.0
28.8028 	EXP 	noPeriphery: texRes = 128.0
28.9363 	EXP 	hasPeriphery: texRes = 128.0
28.9363 	EXP 	noPeriphery: texRes = 128.0
29.0693 	EXP 	hasPeriphery: texRes = 128.0
29.0693 	EXP 	noPeriphery: texRes = 128.0
29.2190 	EXP 	hasPeriphery: texRes = 128.0
29.2190 	EXP 	noPeriphery: texRes = 128.0
29.3528 	EXP 	hasPeriphery: texRes = 128.0
29.3528 	EXP 	noPeriphery: texRes = 128.0
29.4857 	EXP 	hasPeriphery: texRes = 128.0
29.4857 	EXP 	noPeriphery: texRes = 128.0
29.6197 	EXP 	hasPeriphery: texRes = 128.0
29.6197 	EXP 	noPeriphery: texRes = 128.0
29.7531 	EXP 	hasPeriphery: texRes = 128.0
29.7531 	EXP 	noPeriphery: texRes = 128.0
29.8868 	EXP 	hasPeriphery: texRes = 128.0
29.8868 	EXP 	noPeriphery: texRes = 128.0
30.0194 	EXP 	hasPeriphery: texRes = 128.0
30.0194 	EXP 	noPeriphery: texRes = 128.0
30.1531 	EXP 	hasPeriphery: texRes = 128.0
30.1531 	EXP 	noPeriphery: texRes = 128.0
30.3023 	EXP 	hasPeriphery: texRes = 128.0
30.3023 	EXP 	noPeriphery: texRes = 128.0
30.4360 	EXP 	hasPeriphery: texRes = 128.0
30.4360 	EXP 	noPeriphery: texRes = 128.0
30.5696 	EXP 	hasPeriphery: texRes = 128.0
30.5696 	EXP 	noPeriphery: texRes = 128.0
30.7031 	EXP 	hasPeriphery: texRes = 128.0
30.7031 	EXP 	noPeriphery: texRes = 128.0
30.8362 	EXP 	hasPeriphery: texRes = 128.0
30.8362 	EXP 	noPeriphery: texRes = 128.0
30.9693 	EXP 	hasPeriphery: texRes = 128.0
30.9693 	EXP 	noPeriphery: texRes = 128.0
31.1026 	EXP 	hasPeriphery: texRes = 128.0
31.1026 	EXP 	noPeriphery: texRes = 128.0
31.2355 	EXP 	hasPeriphery: texRes = 128.0
31.2355 	EXP 	noPeriphery: texRes = 128.0
31.3692 	EXP 	hasPeriphery: texRes = 128.0
31.3692 	EXP 	noPeriphery: texRes = 128.0
31.5022 	EXP 	hasPeriphery: texRes = 128.0
31.5022 	EXP 	noPeriphery: texRes = 128.0
31.6521 	EXP 	hasPeriphery: texRes = 128.0
31.6521 	EXP 	noPeriphery: texRes = 128.0
31.8026 	EXP 	hasPeriphery: texRes = 128.0
31.8026 	EXP 	noPeriphery: texRes = 128.0
31.9359 	EXP 	hasPeriphery: texRes = 128.0
31.9359 	EXP 	noPeriphery: texRes = 128.0
32.0695 	EXP 	hasPeriphery: texRes = 128.0
32.0695 	EXP 	noPeriphery: texRes = 128.0
32.2196 	EXP 	hasPeriphery: texRes = 128.0
32.2196 	EXP 	noPeriphery: texRes = 128.0
32.3693 	EXP 	hasPeriphery: texRes = 128.0
32.3693 	EXP 	noPeriphery: texRes = 128.0
32.5196 	EXP 	hasPeriphery: texRes = 128.0
32.5196 	EXP 	noPeriphery: texRes = 128.0
32.6692 	EXP 	hasPeriphery: texRes = 128.0
32.6692 	EXP 	noPeriphery: texRes = 128.0
32.8372 	EXP 	hasPeriphery: texRes = 128.0
32.8372 	EXP 	noPeriphery: texRes = 128.0
32.9694 	EXP 	hasPeriphery: texRes = 128.0
32.9694 	EXP 	noPeriphery: texRes = 128.0
33.1030 	EXP 	hasPeriphery: texRes = 128.0
33.1030 	EXP 	noPeriphery: texRes = 128.0
33.2526 	EXP 	hasPeriphery: texRes = 128.0
33.2526 	EXP 	noPeriphery: texRes = 128.0
33.3859 	EXP 	hasPeriphery: texRes = 128.0
33.3859 	EXP 	noPeriphery: texRes = 128.0
33.4776 	DATA 	Keypress: space
33.5187 	EXP 	hasPeriphery: texRes = 128.0
33.5187 	EXP 	noPeriphery: texRes = 128.0
33.6085 	EXP 	New trial (rep=0, index=2): {'startImage': 'C:\\Users\\hesselmann\\Desktop\\PsychoPyUniformityIllusion\\UniformityIllusionPsychoPy\\Pics\\2start.png', 'midImage': 'C:\\Users\\hesselmann\\Desktop\\PsychoPyUniformityIllusion\\UniformityIllusionPsychoPy\\Pics\\2a.png', 'endImage': 'C:\\Users\\hesselmann\\Desktop\\PsychoPyUniformityIllusion\\UniformityIllusionPsychoPy\\Pics\\2a.png', 'AB': 'a'}
33.8020 	EXP 	hasPeriphery: texRes = 128.0
33.8020 	EXP 	noPeriphery: texRes = 128.0
33.8020 	EXP 	hasPeriphery: autoDraw = False
33.8020 	EXP 	noPeriphery: autoDraw = False
33.8020 	EXP 	blank_screen: autoDraw = False
33.8020 	EXP 	text: autoDraw = False
33.8020 	EXP 	hasPeriphery: size = array([1.77777778, 1.        ])
33.8020 	EXP 	hasPeriphery: image = 'C:\\Users\\hesselmann\\Desktop\\PsychoPyUniformityIllusion\\UniformityIllusionPsychoPy\\Pics\\2a.png'
33.8020 	EXP 	noPeriphery: size = array([1.77777778, 1.        ])
33.8020 	EXP 	noPeriphery: image = 'C:\\Users\\hesselmann\\Desktop\\PsychoPyUniformityIllusion\\UniformityIllusionPsychoPy\\Pics\\2start.png'
33.8020 	EXP 	hasPeriphery: autoDraw = True
33.8020 	EXP 	hasPeriphery: texRes = 128.0
33.8020 	EXP 	noPeriphery: autoDraw = True
33.8020 	EXP 	noPeriphery: texRes = 128.0
33.8020 	EXP 	text: autoDraw = True
33.9193 	EXP 	hasPeriphery: texRes = 128.0
33.9193 	EXP 	noPeriphery: texRes = 128.0
34.0360 	EXP 	hasPeriphery: texRes = 128.0
34.0360 	EXP 	noPeriphery: texRes = 128.0
34.0360 	EXP 	blank_screen: autoDraw = True
34.1686 	EXP 	hasPeriphery: texRes = 128.0
34.1686 	EXP 	noPeriphery: texRes = 128.0
34.1686 	EXP 	blank_screen: autoDraw = False
34.2863 	EXP 	hasPeriphery: texRes = 128.0
34.2863 	EXP 	noPeriphery: texRes = 128.0
34.4028 	EXP 	hasPeriphery: texRes = 128.0
34.4028 	EXP 	noPeriphery: texRes = 128.0
34.4028 	EXP 	blank_screen: autoDraw = True
34.5355 	EXP 	hasPeriphery: texRes = 128.0
34.5355 	EXP 	noPeriphery: texRes = 128.0
34.5355 	EXP 	blank_screen: autoDraw = False
34.6858 	EXP 	hasPeriphery: texRes = 128.0
34.6858 	EXP 	noPeriphery: texRes = 128.0
34.6858 	EXP 	blank_screen: autoDraw = True
34.8023 	EXP 	hasPeriphery: texRes = 128.0
34.8023 	EXP 	noPeriphery: texRes = 128.0
34.8023 	EXP 	blank_screen: autoDraw = False
34.9189 	EXP 	hasPeriphery: texRes = 128.0
34.9189 	EXP 	noPeriphery: texRes = 128.0
35.0352 	EXP 	hasPeriphery: texRes = 128.0
35.0352 	EXP 	noPeriphery: texRes = 128.0
35.0352 	EXP 	blank_screen: autoDraw = True
35.1519 	EXP 	hasPeriphery: texRes = 128.0
35.1519 	EXP 	noPeriphery: texRes = 128.0
35.1519 	EXP 	blank_screen: autoDraw = False
35.2692 	EXP 	hasPeriphery: texRes = 128.0
35.2692 	EXP 	noPeriphery: texRes = 128.0
35.3859 	EXP 	hasPeriphery: texRes = 128.0
35.3859 	EXP 	noPeriphery: texRes = 128.0
35.5031 	EXP 	hasPeriphery: texRes = 128.0
35.5031 	EXP 	noPeriphery: texRes = 128.0
35.6361 	EXP 	hasPeriphery: texRes = 128.0
35.6361 	EXP 	noPeriphery: texRes = 128.0
35.7524 	EXP 	hasPeriphery: texRes = 128.0
35.7524 	EXP 	noPeriphery: texRes = 128.0
35.8697 	EXP 	hasPeriphery: texRes = 128.0
35.8697 	EXP 	noPeriphery: texRes = 128.0
35.9856 	EXP 	hasPeriphery: texRes = 128.0
35.9856 	EXP 	noPeriphery: texRes = 128.0
36.1192 	EXP 	hasPeriphery: texRes = 128.0
36.1192 	EXP 	noPeriphery: texRes = 128.0
36.2526 	EXP 	hasPeriphery: texRes = 128.0
36.2526 	EXP 	noPeriphery: texRes = 128.0
36.3688 	EXP 	hasPeriphery: texRes = 128.0
36.3688 	EXP 	noPeriphery: texRes = 128.0
36.4856 	EXP 	hasPeriphery: texRes = 128.0
36.4856 	EXP 	noPeriphery: texRes = 128.0
36.6190 	EXP 	hasPeriphery: texRes = 128.0
36.6190 	EXP 	noPeriphery: texRes = 128.0
36.7358 	EXP 	hasPeriphery: texRes = 128.0
36.7358 	EXP 	noPeriphery: texRes = 128.0
36.8517 	EXP 	hasPeriphery: texRes = 128.0
36.8517 	EXP 	noPeriphery: texRes = 128.0
36.9698 	EXP 	hasPeriphery: texRes = 128.0
36.9698 	EXP 	noPeriphery: texRes = 128.0
37.1018 	EXP 	hasPeriphery: texRes = 128.0
37.1018 	EXP 	noPeriphery: texRes = 128.0
37.2183 	EXP 	hasPeriphery: texRes = 128.0
37.2183 	EXP 	noPeriphery: texRes = 128.0
37.3354 	EXP 	hasPeriphery: texRes = 128.0
37.3354 	EXP 	noPeriphery: texRes = 128.0
37.4524 	EXP 	hasPeriphery: texRes = 128.0
37.4524 	EXP 	noPeriphery: texRes = 128.0
37.5854 	EXP 	hasPeriphery: texRes = 128.0
37.5854 	EXP 	noPeriphery: texRes = 128.0
37.7187 	EXP 	hasPeriphery: texRes = 128.0
37.7187 	EXP 	noPeriphery: texRes = 128.0
37.8354 	EXP 	hasPeriphery: texRes = 128.0
37.8354 	EXP 	noPeriphery: texRes = 128.0
37.9527 	EXP 	hasPeriphery: texRes = 128.0
37.9527 	EXP 	noPeriphery: texRes = 128.0
38.0850 	EXP 	hasPeriphery: texRes = 128.0
38.0850 	EXP 	noPeriphery: texRes = 128.0
38.2018 	EXP 	hasPeriphery: texRes = 128.0
38.2018 	EXP 	noPeriphery: texRes = 128.0
38.3189 	EXP 	hasPeriphery: texRes = 128.0
38.3189 	EXP 	noPeriphery: texRes = 128.0
38.4516 	EXP 	hasPeriphery: texRes = 128.0
38.4516 	EXP 	noPeriphery: texRes = 128.0
38.5691 	EXP 	hasPeriphery: texRes = 128.0
38.5691 	EXP 	noPeriphery: texRes = 128.0
38.7028 	EXP 	hasPeriphery: texRes = 128.0
38.7028 	EXP 	noPeriphery: texRes = 128.0
38.8186 	EXP 	hasPeriphery: texRes = 128.0
38.8186 	EXP 	noPeriphery: texRes = 128.0
38.8878 	EXP 	New trial (rep=0, index=3): {'startImage': 'C:\\Users\\hesselmann\\Desktop\\PsychoPyUniformityIllusion\\UniformityIllusionPsychoPy\\Pics\\2start.png', 'midImage': 'C:\\Users\\hesselmann\\Desktop\\PsychoPyUniformityIllusion\\UniformityIllusionPsychoPy\\Pics\\2a.png', 'endImage': 'C:\\Users\\hesselmann\\Desktop\\PsychoPyUniformityIllusion\\UniformityIllusionPsychoPy\\Pics\\2b.png', 'AB': 'b'}
39.0112 	DATA 	Keypress: space
39.0525 	EXP 	hasPeriphery: texRes = 128.0
39.0525 	EXP 	noPeriphery: texRes = 128.0
39.0525 	EXP 	hasPeriphery: autoDraw = False
39.0525 	EXP 	noPeriphery: autoDraw = False
39.0525 	EXP 	blank_screen: autoDraw = False
39.0525 	EXP 	text: autoDraw = False
39.0525 	EXP 	hasPeriphery: size = array([1.77777778, 1.        ])
39.0525 	EXP 	hasPeriphery: image = 'C:\\Users\\hesselmann\\Desktop\\PsychoPyUniformityIllusion\\UniformityIllusionPsychoPy\\Pics\\2b.png'
39.0525 	EXP 	noPeriphery: size = array([1.77777778, 1.        ])
39.0525 	EXP 	noPeriphery: image = 'C:\\Users\\hesselmann\\Desktop\\PsychoPyUniformityIllusion\\UniformityIllusionPsychoPy\\Pics\\2start.png'
39.0525 	EXP 	hasPeriphery: autoDraw = True
39.0525 	EXP 	hasPeriphery: texRes = 128.0
39.0525 	EXP 	noPeriphery: autoDraw = True
39.0525 	EXP 	noPeriphery: texRes = 128.0
39.0525 	EXP 	text: autoDraw = True
39.1682 	EXP 	hasPeriphery: texRes = 128.0
39.1682 	EXP 	noPeriphery: texRes = 128.0
39.2856 	EXP 	hasPeriphery: texRes = 128.0
39.2856 	EXP 	noPeriphery: texRes = 128.0
39.2856 	EXP 	blank_screen: autoDraw = True
39.4019 	EXP 	hasPeriphery: texRes = 128.0
39.4019 	EXP 	noPeriphery: texRes = 128.0
39.4019 	EXP 	blank_screen: autoDraw = False
39.5188 	EXP 	hasPeriphery: texRes = 128.0
39.5188 	EXP 	noPeriphery: texRes = 128.0
39.6517 	EXP 	hasPeriphery: texRes = 128.0
39.6517 	EXP 	noPeriphery: texRes = 128.0
39.6517 	EXP 	blank_screen: autoDraw = True
39.7689 	EXP 	hasPeriphery: texRes = 128.0
39.7689 	EXP 	noPeriphery: texRes = 128.0
39.7689 	EXP 	blank_screen: autoDraw = False
39.8858 	EXP 	hasPeriphery: texRes = 128.0
39.8858 	EXP 	noPeriphery: texRes = 128.0
39.8858 	EXP 	blank_screen: autoDraw = True
40.0015 	EXP 	hasPeriphery: texRes = 128.0
40.0015 	EXP 	noPeriphery: texRes = 128.0
40.0015 	EXP 	blank_screen: autoDraw = False
40.1190 	EXP 	hasPeriphery: texRes = 128.0
40.1190 	EXP 	noPeriphery: texRes = 128.0
40.2516 	EXP 	hasPeriphery: texRes = 128.0
40.2516 	EXP 	noPeriphery: texRes = 128.0
40.2516 	EXP 	blank_screen: autoDraw = True
40.3681 	EXP 	hasPeriphery: texRes = 128.0
40.3681 	EXP 	noPeriphery: texRes = 128.0
40.3681 	EXP 	blank_screen: autoDraw = False
40.4851 	EXP 	hasPeriphery: texRes = 128.0
40.4851 	EXP 	noPeriphery: texRes = 128.0
40.6015 	EXP 	hasPeriphery: texRes = 128.0
40.6015 	EXP 	noPeriphery: texRes = 128.0
40.7184 	EXP 	hasPeriphery: texRes = 128.0
40.7184 	EXP 	noPeriphery: texRes = 128.0
40.8347 	EXP 	hasPeriphery: texRes = 128.0
40.8347 	EXP 	noPeriphery: texRes = 128.0
40.9517 	EXP 	hasPeriphery: texRes = 128.0
40.9517 	EXP 	noPeriphery: texRes = 128.0
41.0696 	EXP 	hasPeriphery: texRes = 128.0
41.0696 	EXP 	noPeriphery: texRes = 128.0
41.1855 	EXP 	hasPeriphery: texRes = 128.0
41.1855 	EXP 	noPeriphery: texRes = 128.0
41.3181 	EXP 	hasPeriphery: texRes = 128.0
41.3181 	EXP 	noPeriphery: texRes = 128.0
41.4355 	EXP 	hasPeriphery: texRes = 128.0
41.4355 	EXP 	noPeriphery: texRes = 128.0
41.5521 	EXP 	hasPeriphery: texRes = 128.0
41.5521 	EXP 	noPeriphery: texRes = 128.0
41.6688 	EXP 	hasPeriphery: texRes = 128.0
41.6688 	EXP 	noPeriphery: texRes = 128.0
41.7849 	EXP 	hasPeriphery: texRes = 128.0
41.7849 	EXP 	noPeriphery: texRes = 128.0
41.9018 	EXP 	hasPeriphery: texRes = 128.0
41.9018 	EXP 	noPeriphery: texRes = 128.0
42.0180 	EXP 	hasPeriphery: texRes = 128.0
42.0180 	EXP 	noPeriphery: texRes = 128.0
42.1351 	EXP 	hasPeriphery: texRes = 128.0
42.1351 	EXP 	noPeriphery: texRes = 128.0
42.2679 	EXP 	hasPeriphery: texRes = 128.0
42.2679 	EXP 	noPeriphery: texRes = 128.0
42.3850 	EXP 	hasPeriphery: texRes = 128.0
42.3850 	EXP 	noPeriphery: texRes = 128.0
42.5016 	EXP 	hasPeriphery: texRes = 128.0
42.5016 	EXP 	noPeriphery: texRes = 128.0
42.6187 	EXP 	hasPeriphery: texRes = 128.0
42.6187 	EXP 	noPeriphery: texRes = 128.0
42.7351 	EXP 	hasPeriphery: texRes = 128.0
42.7351 	EXP 	noPeriphery: texRes = 128.0
42.8520 	EXP 	hasPeriphery: texRes = 128.0
42.8520 	EXP 	noPeriphery: texRes = 128.0
42.9687 	EXP 	hasPeriphery: texRes = 128.0
42.9687 	EXP 	noPeriphery: texRes = 128.0
43.0853 	EXP 	hasPeriphery: texRes = 128.0
43.0853 	EXP 	noPeriphery: texRes = 128.0
43.2020 	EXP 	hasPeriphery: texRes = 128.0
43.2020 	EXP 	noPeriphery: texRes = 128.0
43.3182 	EXP 	hasPeriphery: texRes = 128.0
43.3182 	EXP 	noPeriphery: texRes = 128.0
43.4349 	EXP 	hasPeriphery: texRes = 128.0
43.4349 	EXP 	noPeriphery: texRes = 128.0
43.5519 	EXP 	hasPeriphery: texRes = 128.0
43.5519 	EXP 	noPeriphery: texRes = 128.0
43.6679 	EXP 	hasPeriphery: texRes = 128.0
43.6679 	EXP 	noPeriphery: texRes = 128.0
43.7844 	EXP 	hasPeriphery: texRes = 128.0
43.7844 	EXP 	noPeriphery: texRes = 128.0
43.9011 	EXP 	hasPeriphery: texRes = 128.0
43.9011 	EXP 	noPeriphery: texRes = 128.0
44.0185 	EXP 	hasPeriphery: texRes = 128.0
44.0185 	EXP 	noPeriphery: texRes = 128.0
44.1353 	EXP 	hasPeriphery: texRes = 128.0
44.1353 	EXP 	noPeriphery: texRes = 128.0
44.2511 	EXP 	hasPeriphery: texRes = 128.0
44.2511 	EXP 	noPeriphery: texRes = 128.0
44.3682 	EXP 	hasPeriphery: texRes = 128.0
44.3682 	EXP 	noPeriphery: texRes = 128.0
44.4848 	EXP 	hasPeriphery: texRes = 128.0
44.4848 	EXP 	noPeriphery: texRes = 128.0
44.6015 	EXP 	hasPeriphery: texRes = 128.0
44.6015 	EXP 	noPeriphery: texRes = 128.0
44.7186 	EXP 	hasPeriphery: texRes = 128.0
44.7186 	EXP 	noPeriphery: texRes = 128.0
44.8344 	EXP 	hasPeriphery: texRes = 128.0
44.8344 	EXP 	noPeriphery: texRes = 128.0
44.9514 	EXP 	hasPeriphery: texRes = 128.0
44.9514 	EXP 	noPeriphery: texRes = 128.0
45.0684 	EXP 	hasPeriphery: texRes = 128.0
45.0684 	EXP 	noPeriphery: texRes = 128.0
45.1845 	EXP 	hasPeriphery: texRes = 128.0
45.1845 	EXP 	noPeriphery: texRes = 128.0
45.3013 	EXP 	hasPeriphery: texRes = 128.0
45.3013 	EXP 	noPeriphery: texRes = 128.0
45.4189 	EXP 	hasPeriphery: texRes = 128.0
45.4189 	EXP 	noPeriphery: texRes = 128.0
45.5351 	EXP 	hasPeriphery: texRes = 128.0
45.5351 	EXP 	noPeriphery: texRes = 128.0
45.6514 	EXP 	hasPeriphery: texRes = 128.0
45.6514 	EXP 	noPeriphery: texRes = 128.0
45.7688 	EXP 	hasPeriphery: texRes = 128.0
45.7688 	EXP 	noPeriphery: texRes = 128.0
45.8844 	EXP 	hasPeriphery: texRes = 128.0
45.8844 	EXP 	noPeriphery: texRes = 128.0
46.0017 	EXP 	hasPeriphery: texRes = 128.0
46.0017 	EXP 	noPeriphery: texRes = 128.0
46.1176 	EXP 	hasPeriphery: texRes = 128.0
46.1176 	EXP 	noPeriphery: texRes = 128.0
46.2351 	EXP 	hasPeriphery: texRes = 128.0
46.2351 	EXP 	noPeriphery: texRes = 128.0
46.3515 	EXP 	hasPeriphery: texRes = 128.0
46.3515 	EXP 	noPeriphery: texRes = 128.0
46.4682 	EXP 	hasPeriphery: texRes = 128.0
46.4682 	EXP 	noPeriphery: texRes = 128.0
46.5848 	EXP 	hasPeriphery: texRes = 128.0
46.5848 	EXP 	noPeriphery: texRes = 128.0
46.7178 	EXP 	hasPeriphery: texRes = 128.0
46.7178 	EXP 	noPeriphery: texRes = 128.0
46.8351 	EXP 	hasPeriphery: texRes = 128.0
46.8351 	EXP 	noPeriphery: texRes = 128.0
46.9525 	EXP 	hasPeriphery: texRes = 128.0
46.9525 	EXP 	noPeriphery: texRes = 128.0
47.0691 	EXP 	hasPeriphery: texRes = 128.0
47.0691 	EXP 	noPeriphery: texRes = 128.0
47.1845 	EXP 	hasPeriphery: texRes = 128.0
47.1845 	EXP 	noPeriphery: texRes = 128.0
47.3013 	EXP 	hasPeriphery: texRes = 128.0
47.3013 	EXP 	noPeriphery: texRes = 128.0
47.4179 	EXP 	hasPeriphery: texRes = 128.0
47.4179 	EXP 	noPeriphery: texRes = 128.0
47.5350 	EXP 	hasPeriphery: texRes = 128.0
47.5350 	EXP 	noPeriphery: texRes = 128.0
47.6513 	EXP 	hasPeriphery: texRes = 128.0
47.6513 	EXP 	noPeriphery: texRes = 128.0
47.7675 	EXP 	hasPeriphery: texRes = 128.0
47.7675 	EXP 	noPeriphery: texRes = 128.0
47.8847 	EXP 	hasPeriphery: texRes = 128.0
47.8847 	EXP 	noPeriphery: texRes = 128.0
48.0179 	EXP 	hasPeriphery: texRes = 128.0
48.0179 	EXP 	noPeriphery: texRes = 128.0
48.1345 	EXP 	hasPeriphery: texRes = 128.0
48.1345 	EXP 	noPeriphery: texRes = 128.0
48.2508 	EXP 	hasPeriphery: texRes = 128.0
48.2508 	EXP 	noPeriphery: texRes = 128.0
48.3678 	EXP 	hasPeriphery: texRes = 128.0
48.3678 	EXP 	noPeriphery: texRes = 128.0
48.4848 	EXP 	hasPeriphery: texRes = 128.0
48.4848 	EXP 	noPeriphery: texRes = 128.0
48.6017 	EXP 	hasPeriphery: texRes = 128.0
48.6017 	EXP 	noPeriphery: texRes = 128.0
48.7343 	EXP 	hasPeriphery: texRes = 128.0
48.7343 	EXP 	noPeriphery: texRes = 128.0
48.8511 	EXP 	hasPeriphery: texRes = 128.0
48.8511 	EXP 	noPeriphery: texRes = 128.0
48.9679 	EXP 	hasPeriphery: texRes = 128.0
48.9679 	EXP 	noPeriphery: texRes = 128.0
49.0849 	EXP 	hasPeriphery: texRes = 128.0
49.0849 	EXP 	noPeriphery: texRes = 128.0
49.1015 	EXP 	hasPeriphery: autoDraw = False
49.1015 	EXP 	noPeriphery: autoDraw = False
50.0233 	EXP 	New trial (rep=0, index=4): {'startImage': 'C:\\Users\\hesselmann\\Desktop\\PsychoPyUniformityIllusion\\UniformityIllusionPsychoPy\\Pics\\3start.png', 'midImage': 'C:\\Users\\hesselmann\\Desktop\\PsychoPyUniformityIllusion\\UniformityIllusionPsychoPy\\Pics\\3a.png', 'endImage': 'C:\\Users\\hesselmann\\Desktop\\PsychoPyUniformityIllusion\\UniformityIllusionPsychoPy\\Pics\\3a.png', 'AB': 'a'}
50.1649 	DATA 	Keypress: space
50.2009 	EXP 	hasPeriphery: autoDraw = False
50.2009 	EXP 	noPeriphery: autoDraw = False
50.2009 	EXP 	blank_screen: autoDraw = False
50.2009 	EXP 	text: autoDraw = False
50.2009 	EXP 	hasPeriphery: size = array([1.77777778, 1.        ])
50.2009 	EXP 	hasPeriphery: image = 'C:\\Users\\hesselmann\\Desktop\\PsychoPyUniformityIllusion\\UniformityIllusionPsychoPy\\Pics\\3a.png'
50.2009 	EXP 	noPeriphery: size = array([1.77777778, 1.        ])
50.2009 	EXP 	noPeriphery: image = 'C:\\Users\\hesselmann\\Desktop\\PsychoPyUniformityIllusion\\UniformityIllusionPsychoPy\\Pics\\3start.png'
50.2009 	EXP 	hasPeriphery: autoDraw = True
50.2009 	EXP 	hasPeriphery: texRes = 128.0
50.2009 	EXP 	noPeriphery: autoDraw = True
50.2009 	EXP 	noPeriphery: texRes = 128.0
50.2009 	EXP 	text: autoDraw = True
50.3179 	EXP 	hasPeriphery: texRes = 128.0
50.3179 	EXP 	noPeriphery: texRes = 128.0
50.4512 	EXP 	hasPeriphery: texRes = 128.0
50.4512 	EXP 	noPeriphery: texRes = 128.0
50.4512 	EXP 	blank_screen: autoDraw = True
50.5672 	EXP 	hasPeriphery: texRes = 128.0
50.5672 	EXP 	noPeriphery: texRes = 128.0
50.5672 	EXP 	blank_screen: autoDraw = False
50.7011 	EXP 	hasPeriphery: texRes = 128.0
50.7011 	EXP 	noPeriphery: texRes = 128.0
50.8339 	EXP 	hasPeriphery: texRes = 128.0
50.8339 	EXP 	noPeriphery: texRes = 128.0
50.8339 	EXP 	blank_screen: autoDraw = True
50.9509 	EXP 	hasPeriphery: texRes = 128.0
50.9509 	EXP 	noPeriphery: texRes = 128.0
50.9509 	EXP 	blank_screen: autoDraw = False
51.0843 	EXP 	hasPeriphery: texRes = 128.0
51.0843 	EXP 	noPeriphery: texRes = 128.0
51.0843 	EXP 	blank_screen: autoDraw = True
51.2009 	EXP 	hasPeriphery: texRes = 128.0
51.2009 	EXP 	noPeriphery: texRes = 128.0
51.2009 	EXP 	blank_screen: autoDraw = False
51.3338 	EXP 	hasPeriphery: texRes = 128.0
51.3338 	EXP 	noPeriphery: texRes = 128.0
51.4675 	EXP 	hasPeriphery: texRes = 128.0
51.4675 	EXP 	noPeriphery: texRes = 128.0
51.4675 	EXP 	blank_screen: autoDraw = True
51.5840 	EXP 	hasPeriphery: texRes = 128.0
51.5840 	EXP 	noPeriphery: texRes = 128.0
51.5840 	EXP 	blank_screen: autoDraw = False
51.7010 	EXP 	hasPeriphery: texRes = 128.0
51.7010 	EXP 	noPeriphery: texRes = 128.0
51.8179 	EXP 	hasPeriphery: texRes = 128.0
51.8179 	EXP 	noPeriphery: texRes = 128.0
51.9342 	EXP 	hasPeriphery: texRes = 128.0
51.9342 	EXP 	noPeriphery: texRes = 128.0
52.0508 	EXP 	hasPeriphery: texRes = 128.0
52.0508 	EXP 	noPeriphery: texRes = 128.0
52.1675 	EXP 	hasPeriphery: texRes = 128.0
52.1675 	EXP 	noPeriphery: texRes = 128.0
52.3007 	EXP 	hasPeriphery: texRes = 128.0
52.3007 	EXP 	noPeriphery: texRes = 128.0
52.4178 	EXP 	hasPeriphery: texRes = 128.0
52.4178 	EXP 	noPeriphery: texRes = 128.0
52.5342 	EXP 	hasPeriphery: texRes = 128.0
52.5342 	EXP 	noPeriphery: texRes = 128.0
52.6506 	EXP 	hasPeriphery: texRes = 128.0
52.6506 	EXP 	noPeriphery: texRes = 128.0
52.7842 	EXP 	hasPeriphery: texRes = 128.0
52.7842 	EXP 	noPeriphery: texRes = 128.0
52.9005 	EXP 	hasPeriphery: texRes = 128.0
52.9005 	EXP 	noPeriphery: texRes = 128.0
53.0174 	EXP 	hasPeriphery: texRes = 128.0
53.0174 	EXP 	noPeriphery: texRes = 128.0
53.1338 	EXP 	hasPeriphery: texRes = 128.0
53.1338 	EXP 	noPeriphery: texRes = 128.0
53.2503 	EXP 	hasPeriphery: texRes = 128.0
53.2503 	EXP 	noPeriphery: texRes = 128.0
53.3674 	EXP 	hasPeriphery: texRes = 128.0
53.3674 	EXP 	noPeriphery: texRes = 128.0
53.4841 	EXP 	hasPeriphery: texRes = 128.0
53.4841 	EXP 	noPeriphery: texRes = 128.0
53.6011 	EXP 	hasPeriphery: texRes = 128.0
53.6011 	EXP 	noPeriphery: texRes = 128.0
53.7341 	EXP 	hasPeriphery: texRes = 128.0
53.7341 	EXP 	noPeriphery: texRes = 128.0
53.8510 	EXP 	hasPeriphery: texRes = 128.0
53.8510 	EXP 	noPeriphery: texRes = 128.0
53.9670 	EXP 	hasPeriphery: texRes = 128.0
53.9670 	EXP 	noPeriphery: texRes = 128.0
54.0841 	EXP 	hasPeriphery: texRes = 128.0
54.0841 	EXP 	noPeriphery: texRes = 128.0
54.2003 	EXP 	hasPeriphery: texRes = 128.0
54.2003 	EXP 	noPeriphery: texRes = 128.0
54.3336 	EXP 	hasPeriphery: texRes = 128.0
54.3336 	EXP 	noPeriphery: texRes = 128.0
54.4673 	EXP 	hasPeriphery: texRes = 128.0
54.4673 	EXP 	noPeriphery: texRes = 128.0
54.5843 	EXP 	hasPeriphery: texRes = 128.0
54.5843 	EXP 	noPeriphery: texRes = 128.0
54.7178 	EXP 	hasPeriphery: texRes = 128.0
54.7178 	EXP 	noPeriphery: texRes = 128.0
54.8509 	EXP 	hasPeriphery: texRes = 128.0
54.8509 	EXP 	noPeriphery: texRes = 128.0
54.9677 	EXP 	hasPeriphery: texRes = 128.0
54.9677 	EXP 	noPeriphery: texRes = 128.0
55.0839 	EXP 	hasPeriphery: texRes = 128.0
55.0839 	EXP 	noPeriphery: texRes = 128.0
55.2010 	EXP 	hasPeriphery: texRes = 128.0
55.2010 	EXP 	noPeriphery: texRes = 128.0
55.3337 	EXP 	hasPeriphery: texRes = 128.0
55.3337 	EXP 	noPeriphery: texRes = 128.0
55.4514 	EXP 	hasPeriphery: texRes = 128.0
55.4514 	EXP 	noPeriphery: texRes = 128.0
55.5842 	EXP 	hasPeriphery: texRes = 128.0
55.5842 	EXP 	noPeriphery: texRes = 128.0
55.7009 	EXP 	hasPeriphery: texRes = 128.0
55.7009 	EXP 	noPeriphery: texRes = 128.0
55.8335 	EXP 	hasPeriphery: texRes = 128.0
55.8335 	EXP 	noPeriphery: texRes = 128.0
55.9509 	EXP 	hasPeriphery: texRes = 128.0
55.9509 	EXP 	noPeriphery: texRes = 128.0
56.0672 	EXP 	hasPeriphery: texRes = 128.0
56.0672 	EXP 	noPeriphery: texRes = 128.0
56.1838 	EXP 	hasPeriphery: texRes = 128.0
56.1838 	EXP 	noPeriphery: texRes = 128.0
56.3168 	EXP 	hasPeriphery: texRes = 128.0
56.3168 	EXP 	noPeriphery: texRes = 128.0
56.4338 	EXP 	hasPeriphery: texRes = 128.0
56.4338 	EXP 	noPeriphery: texRes = 128.0
56.5505 	EXP 	hasPeriphery: texRes = 128.0
56.5505 	EXP 	noPeriphery: texRes = 128.0
56.6676 	EXP 	hasPeriphery: texRes = 128.0
56.6676 	EXP 	noPeriphery: texRes = 128.0
56.8005 	EXP 	hasPeriphery: texRes = 128.0
56.8005 	EXP 	noPeriphery: texRes = 128.0
56.9172 	EXP 	hasPeriphery: texRes = 128.0
56.9172 	EXP 	noPeriphery: texRes = 128.0
57.0337 	EXP 	hasPeriphery: texRes = 128.0
57.0337 	EXP 	noPeriphery: texRes = 128.0
57.1508 	EXP 	hasPeriphery: texRes = 128.0
57.1508 	EXP 	noPeriphery: texRes = 128.0
57.2846 	EXP 	hasPeriphery: texRes = 128.0
57.2846 	EXP 	noPeriphery: texRes = 128.0
57.4004 	EXP 	hasPeriphery: texRes = 128.0
57.4004 	EXP 	noPeriphery: texRes = 128.0
57.5174 	EXP 	hasPeriphery: texRes = 128.0
57.5174 	EXP 	noPeriphery: texRes = 128.0
57.6341 	EXP 	hasPeriphery: texRes = 128.0
57.6341 	EXP 	noPeriphery: texRes = 128.0
57.7676 	EXP 	hasPeriphery: texRes = 128.0
57.7676 	EXP 	noPeriphery: texRes = 128.0
57.8841 	EXP 	hasPeriphery: texRes = 128.0
57.8841 	EXP 	noPeriphery: texRes = 128.0
58.0007 	EXP 	hasPeriphery: texRes = 128.0
58.0007 	EXP 	noPeriphery: texRes = 128.0
58.1170 	EXP 	hasPeriphery: texRes = 128.0
58.1170 	EXP 	noPeriphery: texRes = 128.0
58.2502 	EXP 	hasPeriphery: texRes = 128.0
58.2502 	EXP 	noPeriphery: texRes = 128.0
58.3670 	EXP 	hasPeriphery: texRes = 128.0
58.3670 	EXP 	noPeriphery: texRes = 128.0
58.4845 	EXP 	hasPeriphery: texRes = 128.0
58.4845 	EXP 	noPeriphery: texRes = 128.0
58.6166 	EXP 	hasPeriphery: texRes = 128.0
58.6166 	EXP 	noPeriphery: texRes = 128.0
58.7509 	EXP 	hasPeriphery: texRes = 128.0
58.7509 	EXP 	noPeriphery: texRes = 128.0
58.8669 	EXP 	hasPeriphery: texRes = 128.0
58.8669 	EXP 	noPeriphery: texRes = 128.0
58.9836 	EXP 	hasPeriphery: texRes = 128.0
58.9836 	EXP 	noPeriphery: texRes = 128.0
59.1007 	EXP 	hasPeriphery: texRes = 128.0
59.1007 	EXP 	noPeriphery: texRes = 128.0
59.2341 	EXP 	hasPeriphery: texRes = 128.0
59.2341 	EXP 	noPeriphery: texRes = 128.0
59.3506 	EXP 	hasPeriphery: texRes = 128.0
59.3506 	EXP 	noPeriphery: texRes = 128.0
59.4665 	EXP 	hasPeriphery: texRes = 128.0
59.4665 	EXP 	noPeriphery: texRes = 128.0
59.5835 	EXP 	hasPeriphery: texRes = 128.0
59.5835 	EXP 	noPeriphery: texRes = 128.0
59.7005 	EXP 	hasPeriphery: texRes = 128.0
59.7005 	EXP 	noPeriphery: texRes = 128.0
59.8165 	EXP 	hasPeriphery: texRes = 128.0
59.8165 	EXP 	noPeriphery: texRes = 128.0
59.9339 	EXP 	hasPeriphery: texRes = 128.0
59.9339 	EXP 	noPeriphery: texRes = 128.0
60.0502 	EXP 	hasPeriphery: texRes = 128.0
60.0502 	EXP 	noPeriphery: texRes = 128.0
60.1667 	EXP 	hasPeriphery: texRes = 128.0
60.1667 	EXP 	noPeriphery: texRes = 128.0
60.2998 	EXP 	hasPeriphery: texRes = 128.0
60.2998 	EXP 	noPeriphery: texRes = 128.0
60.3164 	EXP 	hasPeriphery: autoDraw = False
60.3164 	EXP 	noPeriphery: autoDraw = False
61.0885 	EXP 	New trial (rep=0, index=5): {'startImage': 'C:\\Users\\hesselmann\\Desktop\\PsychoPyUniformityIllusion\\UniformityIllusionPsychoPy\\Pics\\3start.png', 'midImage': 'C:\\Users\\hesselmann\\Desktop\\PsychoPyUniformityIllusion\\UniformityIllusionPsychoPy\\Pics\\3a.png', 'endImage': 'C:\\Users\\hesselmann\\Desktop\\PsychoPyUniformityIllusion\\UniformityIllusionPsychoPy\\Pics\\3b.png', 'AB': 'b'}
61.2477 	DATA 	Keypress: space
61.2998 	EXP 	hasPeriphery: autoDraw = False
61.2998 	EXP 	noPeriphery: autoDraw = False
61.2998 	EXP 	blank_screen: autoDraw = False
61.2998 	EXP 	text: autoDraw = False
61.2998 	EXP 	hasPeriphery: size = array([1.77777778, 1.        ])
61.2998 	EXP 	hasPeriphery: image = 'C:\\Users\\hesselmann\\Desktop\\PsychoPyUniformityIllusion\\UniformityIllusionPsychoPy\\Pics\\3b.png'
61.2998 	EXP 	noPeriphery: size = array([1.77777778, 1.        ])
61.2998 	EXP 	noPeriphery: image = 'C:\\Users\\hesselmann\\Desktop\\PsychoPyUniformityIllusion\\UniformityIllusionPsychoPy\\Pics\\3start.png'
61.2998 	EXP 	hasPeriphery: autoDraw = True
61.2998 	EXP 	hasPeriphery: texRes = 128.0
61.2998 	EXP 	noPeriphery: autoDraw = True
61.2998 	EXP 	noPeriphery: texRes = 128.0
61.2998 	EXP 	text: autoDraw = True
61.4172 	EXP 	hasPeriphery: texRes = 128.0
61.4172 	EXP 	noPeriphery: texRes = 128.0
61.5505 	EXP 	hasPeriphery: texRes = 128.0
61.5505 	EXP 	noPeriphery: texRes = 128.0
61.5505 	EXP 	blank_screen: autoDraw = True
61.6831 	EXP 	hasPeriphery: texRes = 128.0
61.6831 	EXP 	noPeriphery: texRes = 128.0
61.6831 	EXP 	blank_screen: autoDraw = False
61.7999 	EXP 	hasPeriphery: texRes = 128.0
61.7999 	EXP 	noPeriphery: texRes = 128.0
61.9337 	EXP 	hasPeriphery: texRes = 128.0
61.9337 	EXP 	noPeriphery: texRes = 128.0
61.9337 	EXP 	blank_screen: autoDraw = True
62.0500 	EXP 	hasPeriphery: texRes = 128.0
62.0500 	EXP 	noPeriphery: texRes = 128.0
62.0500 	EXP 	blank_screen: autoDraw = False
62.1838 	EXP 	hasPeriphery: texRes = 128.0
62.1838 	EXP 	noPeriphery: texRes = 128.0
62.1838 	EXP 	blank_screen: autoDraw = True
62.3164 	EXP 	hasPeriphery: texRes = 128.0
62.3164 	EXP 	noPeriphery: texRes = 128.0
62.3164 	EXP 	blank_screen: autoDraw = False
62.4337 	EXP 	hasPeriphery: texRes = 128.0
62.4337 	EXP 	noPeriphery: texRes = 128.0
62.5667 	EXP 	hasPeriphery: texRes = 128.0
62.5667 	EXP 	noPeriphery: texRes = 128.0
62.5667 	EXP 	blank_screen: autoDraw = True
62.6835 	EXP 	hasPeriphery: texRes = 128.0
62.6835 	EXP 	noPeriphery: texRes = 128.0
62.6835 	EXP 	blank_screen: autoDraw = False
62.7998 	EXP 	hasPeriphery: texRes = 128.0
62.7998 	EXP 	noPeriphery: texRes = 128.0
62.9166 	EXP 	hasPeriphery: texRes = 128.0
62.9166 	EXP 	noPeriphery: texRes = 128.0
63.0334 	EXP 	hasPeriphery: texRes = 128.0
63.0334 	EXP 	noPeriphery: texRes = 128.0
63.1500 	EXP 	hasPeriphery: texRes = 128.0
63.1500 	EXP 	noPeriphery: texRes = 128.0
63.2828 	EXP 	hasPeriphery: texRes = 128.0
63.2828 	EXP 	noPeriphery: texRes = 128.0
63.4003 	EXP 	hasPeriphery: texRes = 128.0
63.4003 	EXP 	noPeriphery: texRes = 128.0
63.5163 	EXP 	hasPeriphery: texRes = 128.0
63.5163 	EXP 	noPeriphery: texRes = 128.0
63.6337 	EXP 	hasPeriphery: texRes = 128.0
63.6337 	EXP 	noPeriphery: texRes = 128.0
63.7662 	EXP 	hasPeriphery: texRes = 128.0
63.7662 	EXP 	noPeriphery: texRes = 128.0
63.8832 	EXP 	hasPeriphery: texRes = 128.0
63.8832 	EXP 	noPeriphery: texRes = 128.0
64.0165 	EXP 	hasPeriphery: texRes = 128.0
64.0165 	EXP 	noPeriphery: texRes = 128.0
64.1336 	EXP 	hasPeriphery: texRes = 128.0
64.1336 	EXP 	noPeriphery: texRes = 128.0
64.2665 	EXP 	hasPeriphery: texRes = 128.0
64.2665 	EXP 	noPeriphery: texRes = 128.0
64.3832 	EXP 	hasPeriphery: texRes = 128.0
64.3832 	EXP 	noPeriphery: texRes = 128.0
64.5005 	EXP 	hasPeriphery: texRes = 128.0
64.5005 	EXP 	noPeriphery: texRes = 128.0
64.6332 	EXP 	hasPeriphery: texRes = 128.0
64.6332 	EXP 	noPeriphery: texRes = 128.0
64.7495 	EXP 	hasPeriphery: texRes = 128.0
64.7495 	EXP 	noPeriphery: texRes = 128.0
64.8672 	EXP 	hasPeriphery: texRes = 128.0
64.8672 	EXP 	noPeriphery: texRes = 128.0
64.9997 	EXP 	hasPeriphery: texRes = 128.0
64.9997 	EXP 	noPeriphery: texRes = 128.0
65.1331 	EXP 	hasPeriphery: texRes = 128.0
65.1331 	EXP 	noPeriphery: texRes = 128.0
65.2499 	EXP 	hasPeriphery: texRes = 128.0
65.2499 	EXP 	noPeriphery: texRes = 128.0
65.3827 	EXP 	hasPeriphery: texRes = 128.0
65.3827 	EXP 	noPeriphery: texRes = 128.0
65.5003 	EXP 	hasPeriphery: texRes = 128.0
65.5003 	EXP 	noPeriphery: texRes = 128.0
65.6170 	EXP 	hasPeriphery: texRes = 128.0
65.6170 	EXP 	noPeriphery: texRes = 128.0
65.7332 	EXP 	hasPeriphery: texRes = 128.0
65.7332 	EXP 	noPeriphery: texRes = 128.0
65.8504 	EXP 	hasPeriphery: texRes = 128.0
65.8504 	EXP 	noPeriphery: texRes = 128.0
65.9279 	DATA 	Keypress: escape
65.9663 	EXP 	hasPeriphery: texRes = 128.0
65.9663 	EXP 	noPeriphery: texRes = 128.0
66.1967 	EXP 	window1: mouseVisible = True
