1.0224 	WARNING 	We strongly recommend you activate the PTB sound engine in PsychoPy prefs as the preferred audio engine. Its timing is vastly superior. Your prefs are currently set to use ['sounddevice', 'PTB', 'pyo', 'pygame'] (in that order).
10.0387 	EXP 	Created window1 = Window(allowGUI=False, allowStencil=False, autoLog=True, backendConf=UNKNOWN, bitsMode=UNKNOWN, blendMode='avg', bpc=(8, 8, 8), color=array([0, 0, 0]), colorSpace='rgb', depthBits=8, fullscr=<method-wrapper '__getattribute__' of attributeSetter object at 0x00000204620E5F60>, gamma=None, gammaErrorPolicy='raise', lms=UNKNOWN, monitor=<psychopy.monitors.calibTools.Monitor object at 0x00000204620075F8>, multiSample=False, name='window1', numSamples=2, pos=[0.0, 0.0], screen=0, size=array([1920, 1080]), stencilBits=0, stereo=False, units='height', useFBO=True, useRetina=False, viewOri=0.0, viewPos=None, viewScale=None, waitBlanking=True, winType='pyglet')
10.0389 	EXP 	window1: mouseVisible = True
10.0389 	EXP 	window1: recordFrameIntervals = False
10.2041 	EXP 	window1: recordFrameIntervals = True
10.3880 	EXP 	window1: recordFrameIntervals = False
10.7649 	EXP 	Created WelcomeText = TextStim(__class__=<class 'psychopy.visual.text.TextStim'>, alignHoriz=method-wrapper(...), alignText='center', alignVert=method-wrapper(...), anchorHoriz='center', anchorVert='center', antialias=True, autoLog=True, bold=False, color=array([1, 1, 1]), colorSpace='rgb', contrast=1.0, depth=0.0, flipHoriz=False, flipVert=False, font='Open Sans', fontFiles=[], height=0.1, italic=False, languageStyle='LTR', name='WelcomeText', opacity=1, ori=0.0, pos=array([0., 0.]), rgb=UNKNOWN, text='Welcome to our Study!', units='height', win=Window(...), wrapWidth=1)
10.7818 	EXP 	Imported depression.xlsx as conditions, 2 conditions, 12 params
10.7831 	EXP 	Question text: Sadness
10.8051 	EXP 	window1: mouseVisible = True
10.8406 	EXP 	Question text: Pessimism
10.8495 	EXP 	window1: mouseVisible = True
10.8744 	EXP 	window1: mouseVisible = True
10.8788 	EXP 	Created unnamed Rect = Rect(__class__=<class 'psychopy.visual.rect.Rect'>, autoDraw=False, autoLog=True, closeShape=True, color=method-wrapper(...), colorSpace='rgb', contrast=None, depth=0, fillColor=array([0, 0, 0]), fillColorSpace='rgb', fillRGB=UNKNOWN, interpolate=True, lineColor=array([0, 0, 0]), lineColorSpace='rgb', lineRGB=UNKNOWN, lineWidth=1.5, name='unnamed Rect', opacity=0, ori=0.0, pos=array([0., 0.]), size=array([0., 0.]), units='height', vertices=ndarray(...), win=Window(...))
10.8857 	EXP 	Created DepressionQuestionnaire = <psychopy.visual.form.Form object at 0x0000020464B403C8>
10.9090 	EXP 	window1: mouseVisible = True
10.9699 	EXP 	Created instructionsText = TextStim(__class__=<class 'psychopy.visual.text.TextStim'>, alignHoriz=method-wrapper(...), alignText='center', alignVert=method-wrapper(...), anchorHoriz='center', anchorVert='center', antialias=True, autoLog=True, bold=False, color=array([1, 1, 1]), colorSpace='rgb', contrast=1.0, depth=0.0, flipHoriz=False, flipVert=False, font='Open Sans', fontFiles=[], height=0.04, italic=False, languageStyle='LTR', name='instructionsText', opacity=1, ori=0.0, pos=array([0., 0.]), rgb=UNKNOWN, text=str(...), units='height', win=Window(...), wrapWidth=1)
10.9730 	EXP 	Created hasPeriphery = ImageStim(__class__=<class 'psychopy.visual.image.ImageStim'>, autoLog=True, color=array([1, 1, 1]), colorSpace='rgb', contrast=1.0, depth=-1.0, flipHoriz=False, flipVert=False, image='sin', interpolate=True, mask=None, maskParams=None, name='hasPeriphery', opacity=1.0, ori=0.0, pos=array([0., 0.]), size=array([0.5, 0.5]), texRes=128.0, units='height', win=Window(...))
10.9757 	EXP 	Created noPeriphery = ImageStim(__class__=<class 'psychopy.visual.image.ImageStim'>, autoLog=True, color=array([1, 1, 1]), colorSpace='rgb', contrast=1.0, depth=-3.0, flipHoriz=False, flipVert=False, image='sin', interpolate=True, mask=None, maskParams=None, name='noPeriphery', opacity=1.0, ori=0.0, pos=array([0., 0.]), size=array([0.5, 0.5]), texRes=128.0, units='height', win=Window(...))
10.9780 	EXP 	Created final = ImageStim(__class__=<class 'psychopy.visual.image.ImageStim'>, autoLog=True, color=array([1, 1, 1]), colorSpace='rgb', contrast=1.0, depth=-4.0, flipHoriz=False, flipVert=False, image='sin', interpolate=True, mask=None, maskParams=None, name='final', opacity=1.0, ori=0.0, pos=array([0., 0.]), size=array([0.5, 0.5]), texRes=128.0, units='height', win=Window(...))
10.9791 	EXP 	Created blank_screen = Rect(__class__=<class 'psychopy.visual.rect.Rect'>, autoDraw=False, autoLog=True, closeShape=True, color=method-wrapper(...), colorSpace='rgb', contrast=None, depth=-5.0, fillColor=array([1, 1, 1]), fillColorSpace='rgb', fillRGB=UNKNOWN, interpolate=True, lineColor=array([1, 1, 1]), lineColorSpace='rgb', lineRGB=UNKNOWN, lineWidth=1.0, name='blank_screen', opacity=1.0, ori=0.0, pos=array([0., 0.]), size=array([2., 2.]), units='height', vertices=ndarray(...), win=Window(...))
10.9849 	EXP 	Created text = TextStim(__class__=<class 'psychopy.visual.text.TextStim'>, alignHoriz=method-wrapper(...), alignText='center', alignVert=method-wrapper(...), anchorHoriz='center', anchorVert='center', antialias=True, autoLog=True, bold=False, color=array([ 1, -1, -1]), colorSpace='rgb', contrast=1.0, depth=-6.0, flipHoriz=False, flipVert=False, font='Open Sans', fontFiles=[], height=0.1, italic=False, languageStyle='LTR', name='text', opacity=1, ori=0.0, pos=array([0., 0.]), rgb=UNKNOWN, text='+', units='height', win=Window(...), wrapWidth=1)
10.9958 	EXP 	Created WelcomeText = TextStim(__class__=<class 'psychopy.visual.text.TextStim'>, alignHoriz=method-wrapper(...), alignText='center', alignVert=method-wrapper(...), anchorHoriz='center', anchorVert='center', antialias=True, autoLog=True, bold=False, color=array([1, 1, 1]), colorSpace='rgb', contrast=1.0, depth=0.0, flipHoriz=False, flipVert=False, font='Open Sans', fontFiles=[], height=0.1, italic=False, languageStyle='LTR', name='WelcomeText', opacity=1, ori=0.0, pos=array([0., 0.]), rgb=UNKNOWN, text='Welcome to our Study!', units='height', win=Window(...), wrapWidth=1)
10.9985 	EXP 	Created hasPeriphery_2 = ImageStim(__class__=<class 'psychopy.visual.image.ImageStim'>, autoLog=True, color=array([1, 1, 1]), colorSpace='rgb', contrast=1.0, depth=-1.0, flipHoriz=False, flipVert=False, image='sin', interpolate=True, mask=None, maskParams=None, name='hasPeriphery_2', opacity=1.0, ori=0.0, pos=array([0., 0.]), size=array([0.5, 0.5]), texRes=128.0, units='height', win=Window(...))
11.0008 	EXP 	Created noPeriphery_2 = ImageStim(__class__=<class 'psychopy.visual.image.ImageStim'>, autoLog=True, color=array([1, 1, 1]), colorSpace='rgb', contrast=1.0, depth=-3.0, flipHoriz=False, flipVert=False, image='sin', interpolate=True, mask=None, maskParams=None, name='noPeriphery_2', opacity=1.0, ori=0.0, pos=array([0., 0.]), size=array([0.5, 0.5]), texRes=128.0, units='height', win=Window(...))
11.0026 	EXP 	Created text_2 = TextStim(__class__=<class 'psychopy.visual.text.TextStim'>, alignHoriz=method-wrapper(...), alignText='center', alignVert=method-wrapper(...), anchorHoriz='center', anchorVert='center', antialias=True, autoLog=True, bold=False, color=array([ 1, -1, -1]), colorSpace='rgb', contrast=1.0, depth=-4.0, flipHoriz=False, flipVert=False, font='Open Sans', fontFiles=[], height=0.1, italic=False, languageStyle='LTR', name='text_2', opacity=1, ori=0.0, pos=array([0., 0.]), rgb=UNKNOWN, text='+', units='height', win=Window(...), wrapWidth=1)
11.0543 	EXP 	unnamed Form: autoLog = True
11.0543 	EXP 	DepressionQuestionnaire: name = 'DepressionQuestionnaire'
11.0543 	EXP 	DepressionQuestionnaire: size = (3.5, 1)
11.0543 	EXP 	DepressionQuestionnaire: size = array([3.5, 1. ])
11.0543 	EXP 	DepressionQuestionnaire: units = 'height'
11.0543 	EXP 	DepressionQuestionnaire: depth = 0
11.0543 	EXP 	WelcomeText: autoDraw = True
13.0545 	EXP 	WelcomeText: autoDraw = False
13.0545 	EXP 	DepressionQuestionnaire: autoDraw = True
13.8873 	DATA 	Mouse: Left button down, pos=(706,46)
13.9205 	EXP 	DepressionQuestionnaire: autoDraw = False
13.9205 	EXP 	instructionsText: autoDraw = True
13.9591 	DATA 	Mouse:  Left button up, pos=(706,46)
14.4674 	EXP 	Imported picPaths.xlsx as conditions, 6 conditions, 4 params
14.4677 	EXP 	Created sequence: sequential, trialTypes=6, nReps=1, seed=None
14.4680 	EXP 	New trial (rep=0, index=0): {'startImage': 'C:\\Users\\hesselmann\\Desktop\\PsychoPyUniformityIllusion\\UniformityIllusionPsychoPy\\Pics\\1start.png', 'midImage': 'C:\\Users\\hesselmann\\Desktop\\PsychoPyUniformityIllusion\\UniformityIllusionPsychoPy\\Pics\\1a.png', 'endImage': 'C:\\Users\\hesselmann\\Desktop\\PsychoPyUniformityIllusion\\UniformityIllusionPsychoPy\\Pics\\1a.png', 'AB': 'a'}
14.6913 	DATA 	Keypress: space
14.7540 	EXP 	instructionsText: autoDraw = False
14.7540 	EXP 	hasPeriphery: size = array([1.77777778, 1.        ])
14.7540 	EXP 	hasPeriphery: image = 'C:\\Users\\hesselmann\\Desktop\\PsychoPyUniformityIllusion\\UniformityIllusionPsychoPy\\Pics\\1a.png'
14.7540 	EXP 	noPeriphery: size = array([1.77777778, 1.        ])
14.7540 	EXP 	noPeriphery: image = 'C:\\Users\\hesselmann\\Desktop\\PsychoPyUniformityIllusion\\UniformityIllusionPsychoPy\\Pics\\1start.png'
14.7540 	EXP 	final: size = array([1.77777778, 1.        ])
14.7540 	EXP 	final: image = 'C:\\Users\\hesselmann\\Desktop\\PsychoPyUniformityIllusion\\UniformityIllusionPsychoPy\\Pics\\1a.png'
14.7540 	EXP 	hasPeriphery: autoDraw = True
14.7540 	EXP 	hasPeriphery: texRes = 128.0
14.7540 	EXP 	noPeriphery: autoDraw = True
14.7540 	EXP 	noPeriphery: texRes = 128.0
14.7540 	EXP 	blank_screen: autoDraw = True
14.7540 	EXP 	text: autoDraw = True
14.9045 	EXP 	hasPeriphery: texRes = 128.0
14.9045 	EXP 	noPeriphery: texRes = 128.0
15.0533 	EXP 	hasPeriphery: texRes = 128.0
15.0533 	EXP 	noPeriphery: texRes = 128.0
15.0533 	EXP 	blank_screen: autoDraw = False
15.1873 	EXP 	hasPeriphery: texRes = 128.0
15.1873 	EXP 	noPeriphery: texRes = 128.0
15.3202 	EXP 	hasPeriphery: texRes = 128.0
15.3202 	EXP 	noPeriphery: texRes = 128.0
15.4708 	EXP 	hasPeriphery: texRes = 128.0
15.4708 	EXP 	noPeriphery: texRes = 128.0
15.6037 	EXP 	hasPeriphery: texRes = 128.0
15.6037 	EXP 	noPeriphery: texRes = 128.0
15.7377 	EXP 	hasPeriphery: texRes = 128.0
15.7377 	EXP 	noPeriphery: texRes = 128.0
15.8870 	EXP 	hasPeriphery: texRes = 128.0
15.8870 	EXP 	noPeriphery: texRes = 128.0
16.0371 	EXP 	hasPeriphery: texRes = 128.0
16.0371 	EXP 	noPeriphery: texRes = 128.0
16.1702 	EXP 	hasPeriphery: texRes = 128.0
16.1702 	EXP 	noPeriphery: texRes = 128.0
16.3203 	EXP 	hasPeriphery: texRes = 128.0
16.3203 	EXP 	noPeriphery: texRes = 128.0
16.4536 	EXP 	hasPeriphery: texRes = 128.0
16.4536 	EXP 	noPeriphery: texRes = 128.0
16.5873 	EXP 	hasPeriphery: texRes = 128.0
16.5873 	EXP 	noPeriphery: texRes = 128.0
16.7210 	EXP 	hasPeriphery: texRes = 128.0
16.7210 	EXP 	noPeriphery: texRes = 128.0
16.8707 	EXP 	hasPeriphery: texRes = 128.0
16.8707 	EXP 	noPeriphery: texRes = 128.0
17.0202 	EXP 	hasPeriphery: texRes = 128.0
17.0202 	EXP 	noPeriphery: texRes = 128.0
17.1702 	EXP 	hasPeriphery: texRes = 128.0
17.1702 	EXP 	noPeriphery: texRes = 128.0
17.3035 	EXP 	hasPeriphery: texRes = 128.0
17.3035 	EXP 	noPeriphery: texRes = 128.0
17.4534 	EXP 	hasPeriphery: texRes = 128.0
17.4534 	EXP 	noPeriphery: texRes = 128.0
17.5868 	EXP 	hasPeriphery: texRes = 128.0
17.5868 	EXP 	noPeriphery: texRes = 128.0
17.7204 	EXP 	hasPeriphery: texRes = 128.0
17.7204 	EXP 	noPeriphery: texRes = 128.0
17.8533 	EXP 	hasPeriphery: texRes = 128.0
17.8533 	EXP 	noPeriphery: texRes = 128.0
17.9864 	EXP 	hasPeriphery: texRes = 128.0
17.9864 	EXP 	noPeriphery: texRes = 128.0
18.1368 	EXP 	hasPeriphery: texRes = 128.0
18.1368 	EXP 	noPeriphery: texRes = 128.0
18.2707 	EXP 	hasPeriphery: texRes = 128.0
18.2707 	EXP 	noPeriphery: texRes = 128.0
18.4203 	EXP 	hasPeriphery: texRes = 128.0
18.4203 	EXP 	noPeriphery: texRes = 128.0
18.5531 	EXP 	hasPeriphery: texRes = 128.0
18.5531 	EXP 	noPeriphery: texRes = 128.0
18.6864 	EXP 	hasPeriphery: texRes = 128.0
18.6864 	EXP 	noPeriphery: texRes = 128.0
18.8204 	EXP 	hasPeriphery: texRes = 128.0
18.8204 	EXP 	noPeriphery: texRes = 128.0
19.0200 	EXP 	hasPeriphery: texRes = 128.0
19.0200 	EXP 	noPeriphery: texRes = 128.0
19.0200 	EXP 	final: autoDraw = True
19.0200 	EXP 	final: texRes = 128.0
19.2201 	EXP 	hasPeriphery: texRes = 128.0
19.2201 	EXP 	noPeriphery: texRes = 128.0
19.2201 	EXP 	final: texRes = 128.0
19.4202 	EXP 	hasPeriphery: texRes = 128.0
19.4202 	EXP 	noPeriphery: texRes = 128.0
19.4202 	EXP 	final: texRes = 128.0
19.6201 	EXP 	hasPeriphery: texRes = 128.0
19.6201 	EXP 	noPeriphery: texRes = 128.0
19.6201 	EXP 	final: texRes = 128.0
19.8199 	EXP 	hasPeriphery: texRes = 128.0
19.8199 	EXP 	noPeriphery: texRes = 128.0
19.8199 	EXP 	final: texRes = 128.0
20.0195 	EXP 	hasPeriphery: texRes = 128.0
20.0195 	EXP 	noPeriphery: texRes = 128.0
20.0195 	EXP 	final: texRes = 128.0
20.2199 	EXP 	hasPeriphery: texRes = 128.0
20.2199 	EXP 	noPeriphery: texRes = 128.0
20.2199 	EXP 	final: texRes = 128.0
20.4199 	EXP 	hasPeriphery: texRes = 128.0
20.4199 	EXP 	noPeriphery: texRes = 128.0
20.4199 	EXP 	final: texRes = 128.0
20.5544 	EXP 	New trial (rep=0, index=1): {'startImage': 'C:\\Users\\hesselmann\\Desktop\\PsychoPyUniformityIllusion\\UniformityIllusionPsychoPy\\Pics\\1start.png', 'midImage': 'C:\\Users\\hesselmann\\Desktop\\PsychoPyUniformityIllusion\\UniformityIllusionPsychoPy\\Pics\\1a.png', 'endImage': 'C:\\Users\\hesselmann\\Desktop\\PsychoPyUniformityIllusion\\UniformityIllusionPsychoPy\\Pics\\1b.png', 'AB': 'b'}
20.7687 	DATA 	Keypress: space
20.8194 	EXP 	hasPeriphery: texRes = 128.0
20.8194 	EXP 	noPeriphery: texRes = 128.0
20.8194 	EXP 	final: texRes = 128.0
20.8194 	EXP 	hasPeriphery: autoDraw = False
20.8194 	EXP 	noPeriphery: autoDraw = False
20.8194 	EXP 	final: autoDraw = False
20.8194 	EXP 	blank_screen: autoDraw = False
20.8194 	EXP 	text: autoDraw = False
20.8194 	EXP 	hasPeriphery: size = array([1.77777778, 1.        ])
20.8194 	EXP 	hasPeriphery: image = 'C:\\Users\\hesselmann\\Desktop\\PsychoPyUniformityIllusion\\UniformityIllusionPsychoPy\\Pics\\1a.png'
20.8194 	EXP 	noPeriphery: size = array([1.77777778, 1.        ])
20.8194 	EXP 	noPeriphery: image = 'C:\\Users\\hesselmann\\Desktop\\PsychoPyUniformityIllusion\\UniformityIllusionPsychoPy\\Pics\\1start.png'
20.8194 	EXP 	final: size = array([1.77777778, 1.        ])
20.8194 	EXP 	final: image = 'C:\\Users\\hesselmann\\Desktop\\PsychoPyUniformityIllusion\\UniformityIllusionPsychoPy\\Pics\\1b.png'
20.8194 	EXP 	hasPeriphery: autoDraw = True
20.8194 	EXP 	hasPeriphery: texRes = 128.0
20.8194 	EXP 	noPeriphery: autoDraw = True
20.8194 	EXP 	noPeriphery: texRes = 128.0
20.8194 	EXP 	blank_screen: autoDraw = True
20.8194 	EXP 	text: autoDraw = True
20.9698 	EXP 	hasPeriphery: texRes = 128.0
20.9698 	EXP 	noPeriphery: texRes = 128.0
21.1032 	EXP 	hasPeriphery: texRes = 128.0
21.1032 	EXP 	noPeriphery: texRes = 128.0
21.1032 	EXP 	blank_screen: autoDraw = False
21.2361 	EXP 	hasPeriphery: texRes = 128.0
21.2361 	EXP 	noPeriphery: texRes = 128.0
21.3698 	EXP 	hasPeriphery: texRes = 128.0
21.3698 	EXP 	noPeriphery: texRes = 128.0
21.5030 	EXP 	hasPeriphery: texRes = 128.0
21.5030 	EXP 	noPeriphery: texRes = 128.0
21.6361 	EXP 	hasPeriphery: texRes = 128.0
21.6361 	EXP 	noPeriphery: texRes = 128.0
21.7694 	EXP 	hasPeriphery: texRes = 128.0
21.7694 	EXP 	noPeriphery: texRes = 128.0
21.9027 	EXP 	hasPeriphery: texRes = 128.0
21.9027 	EXP 	noPeriphery: texRes = 128.0
22.0369 	EXP 	hasPeriphery: texRes = 128.0
22.0369 	EXP 	noPeriphery: texRes = 128.0
22.1705 	EXP 	hasPeriphery: texRes = 128.0
22.1705 	EXP 	noPeriphery: texRes = 128.0
22.3031 	EXP 	hasPeriphery: texRes = 128.0
22.3031 	EXP 	noPeriphery: texRes = 128.0
22.4366 	EXP 	hasPeriphery: texRes = 128.0
22.4366 	EXP 	noPeriphery: texRes = 128.0
22.5693 	EXP 	hasPeriphery: texRes = 128.0
22.5693 	EXP 	noPeriphery: texRes = 128.0
22.7027 	EXP 	hasPeriphery: texRes = 128.0
22.7027 	EXP 	noPeriphery: texRes = 128.0
22.8376 	EXP 	hasPeriphery: texRes = 128.0
22.8376 	EXP 	noPeriphery: texRes = 128.0
22.9862 	EXP 	hasPeriphery: texRes = 128.0
22.9862 	EXP 	noPeriphery: texRes = 128.0
23.1197 	EXP 	hasPeriphery: texRes = 128.0
23.1197 	EXP 	noPeriphery: texRes = 128.0
23.2530 	EXP 	hasPeriphery: texRes = 128.0
23.2530 	EXP 	noPeriphery: texRes = 128.0
23.3864 	EXP 	hasPeriphery: texRes = 128.0
23.3864 	EXP 	noPeriphery: texRes = 128.0
23.5359 	EXP 	hasPeriphery: texRes = 128.0
23.5359 	EXP 	noPeriphery: texRes = 128.0
23.6696 	EXP 	hasPeriphery: texRes = 128.0
23.6696 	EXP 	noPeriphery: texRes = 128.0
23.8033 	EXP 	hasPeriphery: texRes = 128.0
23.8033 	EXP 	noPeriphery: texRes = 128.0
23.9363 	EXP 	hasPeriphery: texRes = 128.0
23.9363 	EXP 	noPeriphery: texRes = 128.0
24.0863 	EXP 	hasPeriphery: texRes = 128.0
24.0863 	EXP 	noPeriphery: texRes = 128.0
24.2196 	EXP 	hasPeriphery: texRes = 128.0
24.2196 	EXP 	noPeriphery: texRes = 128.0
24.3533 	EXP 	hasPeriphery: texRes = 128.0
24.3533 	EXP 	noPeriphery: texRes = 128.0
24.4858 	EXP 	hasPeriphery: texRes = 128.0
24.4858 	EXP 	noPeriphery: texRes = 128.0
24.6200 	EXP 	hasPeriphery: texRes = 128.0
24.6200 	EXP 	noPeriphery: texRes = 128.0
24.7527 	EXP 	hasPeriphery: texRes = 128.0
24.7527 	EXP 	noPeriphery: texRes = 128.0
24.9693 	EXP 	hasPeriphery: texRes = 128.0
24.9693 	EXP 	noPeriphery: texRes = 128.0
24.9693 	EXP 	final: autoDraw = True
24.9693 	EXP 	final: texRes = 128.0
25.1169 	DATA 	Keypress: space
25.1525 	EXP 	hasPeriphery: texRes = 128.0
25.1525 	EXP 	noPeriphery: texRes = 128.0
25.1525 	EXP 	final: texRes = 128.0
25.2795 	EXP 	New trial (rep=0, index=2): {'startImage': 'C:\\Users\\hesselmann\\Desktop\\PsychoPyUniformityIllusion\\UniformityIllusionPsychoPy\\Pics\\2start.png', 'midImage': 'C:\\Users\\hesselmann\\Desktop\\PsychoPyUniformityIllusion\\UniformityIllusionPsychoPy\\Pics\\2a.png', 'endImage': 'C:\\Users\\hesselmann\\Desktop\\PsychoPyUniformityIllusion\\UniformityIllusionPsychoPy\\Pics\\2a.png', 'AB': 'a'}
25.5031 	EXP 	hasPeriphery: texRes = 128.0
25.5031 	EXP 	noPeriphery: texRes = 128.0
25.5031 	EXP 	final: texRes = 128.0
25.5031 	EXP 	hasPeriphery: autoDraw = False
25.5031 	EXP 	noPeriphery: autoDraw = False
25.5031 	EXP 	final: autoDraw = False
25.5031 	EXP 	blank_screen: autoDraw = False
25.5031 	EXP 	text: autoDraw = False
25.5031 	EXP 	hasPeriphery: size = array([1.77777778, 1.        ])
25.5031 	EXP 	hasPeriphery: image = 'C:\\Users\\hesselmann\\Desktop\\PsychoPyUniformityIllusion\\UniformityIllusionPsychoPy\\Pics\\2a.png'
25.5031 	EXP 	noPeriphery: size = array([1.77777778, 1.        ])
25.5031 	EXP 	noPeriphery: image = 'C:\\Users\\hesselmann\\Desktop\\PsychoPyUniformityIllusion\\UniformityIllusionPsychoPy\\Pics\\2start.png'
25.5031 	EXP 	final: size = array([1.77777778, 1.        ])
25.5031 	EXP 	final: image = 'C:\\Users\\hesselmann\\Desktop\\PsychoPyUniformityIllusion\\UniformityIllusionPsychoPy\\Pics\\2a.png'
25.5031 	EXP 	hasPeriphery: autoDraw = True
25.5031 	EXP 	hasPeriphery: texRes = 128.0
25.5031 	EXP 	noPeriphery: autoDraw = True
25.5031 	EXP 	noPeriphery: texRes = 128.0
25.5031 	EXP 	blank_screen: autoDraw = True
25.5031 	EXP 	text: autoDraw = True
25.6369 	EXP 	hasPeriphery: texRes = 128.0
25.6369 	EXP 	noPeriphery: texRes = 128.0
25.7691 	EXP 	hasPeriphery: texRes = 128.0
25.7691 	EXP 	noPeriphery: texRes = 128.0
25.7691 	EXP 	blank_screen: autoDraw = False
25.8861 	EXP 	hasPeriphery: texRes = 128.0
25.8861 	EXP 	noPeriphery: texRes = 128.0
26.0023 	EXP 	hasPeriphery: texRes = 128.0
26.0023 	EXP 	noPeriphery: texRes = 128.0
26.1361 	EXP 	hasPeriphery: texRes = 128.0
26.1361 	EXP 	noPeriphery: texRes = 128.0
26.2533 	EXP 	hasPeriphery: texRes = 128.0
26.2533 	EXP 	noPeriphery: texRes = 128.0
26.3864 	EXP 	hasPeriphery: texRes = 128.0
26.3864 	EXP 	noPeriphery: texRes = 128.0
26.5031 	EXP 	hasPeriphery: texRes = 128.0
26.5031 	EXP 	noPeriphery: texRes = 128.0
26.6196 	EXP 	hasPeriphery: texRes = 128.0
26.6196 	EXP 	noPeriphery: texRes = 128.0
26.7364 	EXP 	hasPeriphery: texRes = 128.0
26.7364 	EXP 	noPeriphery: texRes = 128.0
26.8692 	EXP 	hasPeriphery: texRes = 128.0
26.8692 	EXP 	noPeriphery: texRes = 128.0
26.9870 	EXP 	hasPeriphery: texRes = 128.0
26.9870 	EXP 	noPeriphery: texRes = 128.0
27.1189 	EXP 	hasPeriphery: texRes = 128.0
27.1189 	EXP 	noPeriphery: texRes = 128.0
27.2356 	EXP 	hasPeriphery: texRes = 128.0
27.2356 	EXP 	noPeriphery: texRes = 128.0
27.3522 	EXP 	hasPeriphery: texRes = 128.0
27.3522 	EXP 	noPeriphery: texRes = 128.0
27.4689 	EXP 	hasPeriphery: texRes = 128.0
27.4689 	EXP 	noPeriphery: texRes = 128.0
27.5859 	EXP 	hasPeriphery: texRes = 128.0
27.5859 	EXP 	noPeriphery: texRes = 128.0
27.7034 	EXP 	hasPeriphery: texRes = 128.0
27.7034 	EXP 	noPeriphery: texRes = 128.0
27.8195 	EXP 	hasPeriphery: texRes = 128.0
27.8195 	EXP 	noPeriphery: texRes = 128.0
27.9867 	EXP 	hasPeriphery: texRes = 128.0
27.9867 	EXP 	noPeriphery: texRes = 128.0
27.9867 	EXP 	final: autoDraw = True
27.9867 	EXP 	final: texRes = 128.0
28.1694 	EXP 	hasPeriphery: texRes = 128.0
28.1694 	EXP 	noPeriphery: texRes = 128.0
28.1694 	EXP 	final: texRes = 128.0
28.3357 	EXP 	hasPeriphery: texRes = 128.0
28.3357 	EXP 	noPeriphery: texRes = 128.0
28.3357 	EXP 	final: texRes = 128.0
28.5026 	EXP 	hasPeriphery: texRes = 128.0
28.5026 	EXP 	noPeriphery: texRes = 128.0
28.5026 	EXP 	final: texRes = 128.0
28.6867 	EXP 	hasPeriphery: texRes = 128.0
28.6867 	EXP 	noPeriphery: texRes = 128.0
28.6867 	EXP 	final: texRes = 128.0
28.8529 	EXP 	hasPeriphery: texRes = 128.0
28.8529 	EXP 	noPeriphery: texRes = 128.0
28.8529 	EXP 	final: texRes = 128.0
29.0188 	EXP 	hasPeriphery: texRes = 128.0
29.0188 	EXP 	noPeriphery: texRes = 128.0
29.0188 	EXP 	final: texRes = 128.0
29.1862 	EXP 	hasPeriphery: texRes = 128.0
29.1862 	EXP 	noPeriphery: texRes = 128.0
29.1862 	EXP 	final: texRes = 128.0
29.3693 	EXP 	hasPeriphery: texRes = 128.0
29.3693 	EXP 	noPeriphery: texRes = 128.0
29.3693 	EXP 	final: texRes = 128.0
29.5527 	EXP 	hasPeriphery: texRes = 128.0
29.5527 	EXP 	noPeriphery: texRes = 128.0
29.5527 	EXP 	final: texRes = 128.0
29.7361 	EXP 	hasPeriphery: texRes = 128.0
29.7361 	EXP 	noPeriphery: texRes = 128.0
29.7361 	EXP 	final: texRes = 128.0
29.9025 	EXP 	hasPeriphery: texRes = 128.0
29.9025 	EXP 	noPeriphery: texRes = 128.0
29.9025 	EXP 	final: texRes = 128.0
30.0687 	EXP 	hasPeriphery: texRes = 128.0
30.0687 	EXP 	noPeriphery: texRes = 128.0
30.0687 	EXP 	final: texRes = 128.0
30.2361 	EXP 	hasPeriphery: texRes = 128.0
30.2361 	EXP 	noPeriphery: texRes = 128.0
30.2361 	EXP 	final: texRes = 128.0
30.4028 	EXP 	hasPeriphery: texRes = 128.0
30.4028 	EXP 	noPeriphery: texRes = 128.0
30.4028 	EXP 	final: texRes = 128.0
30.5862 	EXP 	hasPeriphery: texRes = 128.0
30.5862 	EXP 	noPeriphery: texRes = 128.0
30.5862 	EXP 	final: texRes = 128.0
30.7524 	EXP 	hasPeriphery: texRes = 128.0
30.7524 	EXP 	noPeriphery: texRes = 128.0
30.7524 	EXP 	final: texRes = 128.0
30.9188 	EXP 	hasPeriphery: texRes = 128.0
30.9188 	EXP 	noPeriphery: texRes = 128.0
30.9188 	EXP 	final: texRes = 128.0
31.1023 	EXP 	hasPeriphery: texRes = 128.0
31.1023 	EXP 	noPeriphery: texRes = 128.0
31.1023 	EXP 	final: texRes = 128.0
31.2692 	EXP 	hasPeriphery: texRes = 128.0
31.2692 	EXP 	noPeriphery: texRes = 128.0
31.2692 	EXP 	final: texRes = 128.0
31.4353 	EXP 	hasPeriphery: texRes = 128.0
31.4353 	EXP 	noPeriphery: texRes = 128.0
31.4353 	EXP 	final: texRes = 128.0
31.5536 	EXP 	New trial (rep=0, index=3): {'startImage': 'C:\\Users\\hesselmann\\Desktop\\PsychoPyUniformityIllusion\\UniformityIllusionPsychoPy\\Pics\\2start.png', 'midImage': 'C:\\Users\\hesselmann\\Desktop\\PsychoPyUniformityIllusion\\UniformityIllusionPsychoPy\\Pics\\2a.png', 'endImage': 'C:\\Users\\hesselmann\\Desktop\\PsychoPyUniformityIllusion\\UniformityIllusionPsychoPy\\Pics\\2b.png', 'AB': 'b'}
31.7284 	DATA 	Keypress: space
31.7691 	EXP 	hasPeriphery: texRes = 128.0
31.7691 	EXP 	noPeriphery: texRes = 128.0
31.7691 	EXP 	final: texRes = 128.0
31.7691 	EXP 	hasPeriphery: autoDraw = False
31.7691 	EXP 	noPeriphery: autoDraw = False
31.7691 	EXP 	final: autoDraw = False
31.7691 	EXP 	blank_screen: autoDraw = False
31.7691 	EXP 	text: autoDraw = False
31.7691 	EXP 	hasPeriphery: size = array([1.77777778, 1.        ])
31.7691 	EXP 	hasPeriphery: image = 'C:\\Users\\hesselmann\\Desktop\\PsychoPyUniformityIllusion\\UniformityIllusionPsychoPy\\Pics\\2a.png'
31.7691 	EXP 	noPeriphery: size = array([1.77777778, 1.        ])
31.7691 	EXP 	noPeriphery: image = 'C:\\Users\\hesselmann\\Desktop\\PsychoPyUniformityIllusion\\UniformityIllusionPsychoPy\\Pics\\2start.png'
31.7691 	EXP 	final: size = array([1.77777778, 1.        ])
31.7691 	EXP 	final: image = 'C:\\Users\\hesselmann\\Desktop\\PsychoPyUniformityIllusion\\UniformityIllusionPsychoPy\\Pics\\2b.png'
31.7691 	EXP 	hasPeriphery: autoDraw = True
31.7691 	EXP 	hasPeriphery: texRes = 128.0
31.7691 	EXP 	noPeriphery: autoDraw = True
31.7691 	EXP 	noPeriphery: texRes = 128.0
31.7691 	EXP 	blank_screen: autoDraw = True
31.7691 	EXP 	text: autoDraw = True
31.9023 	EXP 	hasPeriphery: texRes = 128.0
31.9023 	EXP 	noPeriphery: texRes = 128.0
32.0193 	EXP 	hasPeriphery: texRes = 128.0
32.0193 	EXP 	noPeriphery: texRes = 128.0
32.0193 	EXP 	blank_screen: autoDraw = False
32.1358 	EXP 	hasPeriphery: texRes = 128.0
32.1358 	EXP 	noPeriphery: texRes = 128.0
32.2691 	EXP 	hasPeriphery: texRes = 128.0
32.2691 	EXP 	noPeriphery: texRes = 128.0
32.3858 	EXP 	hasPeriphery: texRes = 128.0
32.3858 	EXP 	noPeriphery: texRes = 128.0
32.5019 	EXP 	hasPeriphery: texRes = 128.0
32.5019 	EXP 	noPeriphery: texRes = 128.0
32.6184 	EXP 	hasPeriphery: texRes = 128.0
32.6184 	EXP 	noPeriphery: texRes = 128.0
32.7519 	EXP 	hasPeriphery: texRes = 128.0
32.7519 	EXP 	noPeriphery: texRes = 128.0
32.8852 	EXP 	hasPeriphery: texRes = 128.0
32.8852 	EXP 	noPeriphery: texRes = 128.0
33.0189 	EXP 	hasPeriphery: texRes = 128.0
33.0189 	EXP 	noPeriphery: texRes = 128.0
33.1519 	EXP 	hasPeriphery: texRes = 128.0
33.1519 	EXP 	noPeriphery: texRes = 128.0
33.2684 	EXP 	hasPeriphery: texRes = 128.0
33.2684 	EXP 	noPeriphery: texRes = 128.0
33.3852 	EXP 	hasPeriphery: texRes = 128.0
33.3852 	EXP 	noPeriphery: texRes = 128.0
33.5022 	EXP 	hasPeriphery: texRes = 128.0
33.5022 	EXP 	noPeriphery: texRes = 128.0
33.6184 	EXP 	hasPeriphery: texRes = 128.0
33.6184 	EXP 	noPeriphery: texRes = 128.0
33.7360 	EXP 	hasPeriphery: texRes = 128.0
33.7360 	EXP 	noPeriphery: texRes = 128.0
33.8517 	EXP 	hasPeriphery: texRes = 128.0
33.8517 	EXP 	noPeriphery: texRes = 128.0
33.9688 	EXP 	hasPeriphery: texRes = 128.0
33.9688 	EXP 	noPeriphery: texRes = 128.0
34.0855 	EXP 	hasPeriphery: texRes = 128.0
34.0855 	EXP 	noPeriphery: texRes = 128.0
34.2018 	EXP 	hasPeriphery: texRes = 128.0
34.2018 	EXP 	noPeriphery: texRes = 128.0
34.3184 	EXP 	hasPeriphery: texRes = 128.0
34.3184 	EXP 	noPeriphery: texRes = 128.0
34.4358 	EXP 	hasPeriphery: texRes = 128.0
34.4358 	EXP 	noPeriphery: texRes = 128.0
34.5517 	EXP 	hasPeriphery: texRes = 128.0
34.5517 	EXP 	noPeriphery: texRes = 128.0
34.6687 	EXP 	hasPeriphery: texRes = 128.0
34.6687 	EXP 	noPeriphery: texRes = 128.0
34.7853 	EXP 	hasPeriphery: texRes = 128.0
34.7853 	EXP 	noPeriphery: texRes = 128.0
34.9023 	EXP 	hasPeriphery: texRes = 128.0
34.9023 	EXP 	noPeriphery: texRes = 128.0
35.0193 	EXP 	hasPeriphery: texRes = 128.0
35.0193 	EXP 	noPeriphery: texRes = 128.0
35.1358 	EXP 	hasPeriphery: texRes = 128.0
35.1358 	EXP 	noPeriphery: texRes = 128.0
35.2528 	EXP 	hasPeriphery: texRes = 128.0
35.2528 	EXP 	noPeriphery: texRes = 128.0
35.4193 	EXP 	hasPeriphery: texRes = 128.0
35.4193 	EXP 	noPeriphery: texRes = 128.0
35.4193 	EXP 	final: autoDraw = True
35.4193 	EXP 	final: texRes = 128.0
35.5866 	EXP 	hasPeriphery: texRes = 128.0
35.5866 	EXP 	noPeriphery: texRes = 128.0
35.5866 	EXP 	final: texRes = 128.0
35.7686 	EXP 	hasPeriphery: texRes = 128.0
35.7686 	EXP 	noPeriphery: texRes = 128.0
35.7686 	EXP 	final: texRes = 128.0
35.9348 	EXP 	hasPeriphery: texRes = 128.0
35.9348 	EXP 	noPeriphery: texRes = 128.0
35.9348 	EXP 	final: texRes = 128.0
36.1017 	EXP 	hasPeriphery: texRes = 128.0
36.1017 	EXP 	noPeriphery: texRes = 128.0
36.1017 	EXP 	final: texRes = 128.0
36.2690 	EXP 	hasPeriphery: texRes = 128.0
36.2690 	EXP 	noPeriphery: texRes = 128.0
36.2690 	EXP 	final: texRes = 128.0
36.4519 	EXP 	hasPeriphery: texRes = 128.0
36.4519 	EXP 	noPeriphery: texRes = 128.0
36.4519 	EXP 	final: texRes = 128.0
36.6191 	EXP 	hasPeriphery: texRes = 128.0
36.6191 	EXP 	noPeriphery: texRes = 128.0
36.6191 	EXP 	final: texRes = 128.0
36.7852 	EXP 	hasPeriphery: texRes = 128.0
36.7852 	EXP 	noPeriphery: texRes = 128.0
36.7852 	EXP 	final: texRes = 128.0
36.9517 	EXP 	hasPeriphery: texRes = 128.0
36.9517 	EXP 	noPeriphery: texRes = 128.0
36.9517 	EXP 	final: texRes = 128.0
37.1182 	EXP 	hasPeriphery: texRes = 128.0
37.1182 	EXP 	noPeriphery: texRes = 128.0
37.1182 	EXP 	final: texRes = 128.0
37.2861 	EXP 	hasPeriphery: texRes = 128.0
37.2861 	EXP 	noPeriphery: texRes = 128.0
37.2861 	EXP 	final: texRes = 128.0
37.4687 	EXP 	hasPeriphery: texRes = 128.0
37.4687 	EXP 	noPeriphery: texRes = 128.0
37.4687 	EXP 	final: texRes = 128.0
37.6355 	EXP 	hasPeriphery: texRes = 128.0
37.6355 	EXP 	noPeriphery: texRes = 128.0
37.6355 	EXP 	final: texRes = 128.0
37.8020 	EXP 	hasPeriphery: texRes = 128.0
37.8020 	EXP 	noPeriphery: texRes = 128.0
37.8020 	EXP 	final: texRes = 128.0
37.9687 	EXP 	hasPeriphery: texRes = 128.0
37.9687 	EXP 	noPeriphery: texRes = 128.0
37.9687 	EXP 	final: texRes = 128.0
38.1184 	EXP 	hasPeriphery: texRes = 128.0
38.1184 	EXP 	noPeriphery: texRes = 128.0
38.1184 	EXP 	final: texRes = 128.0
38.2851 	EXP 	hasPeriphery: texRes = 128.0
38.2851 	EXP 	noPeriphery: texRes = 128.0
38.2851 	EXP 	final: texRes = 128.0
38.4688 	EXP 	hasPeriphery: texRes = 128.0
38.4688 	EXP 	noPeriphery: texRes = 128.0
38.4688 	EXP 	final: texRes = 128.0
38.6358 	EXP 	hasPeriphery: texRes = 128.0
38.6358 	EXP 	noPeriphery: texRes = 128.0
38.6358 	EXP 	final: texRes = 128.0
38.8017 	EXP 	hasPeriphery: texRes = 128.0
38.8017 	EXP 	noPeriphery: texRes = 128.0
38.8017 	EXP 	final: texRes = 128.0
38.9679 	EXP 	hasPeriphery: texRes = 128.0
38.9679 	EXP 	noPeriphery: texRes = 128.0
38.9679 	EXP 	final: texRes = 128.0
39.1350 	EXP 	hasPeriphery: texRes = 128.0
39.1350 	EXP 	noPeriphery: texRes = 128.0
39.1350 	EXP 	final: texRes = 128.0
39.3017 	EXP 	hasPeriphery: texRes = 128.0
39.3017 	EXP 	noPeriphery: texRes = 128.0
39.3017 	EXP 	final: texRes = 128.0
39.4688 	EXP 	hasPeriphery: texRes = 128.0
39.4688 	EXP 	noPeriphery: texRes = 128.0
39.4688 	EXP 	final: texRes = 128.0
39.6351 	EXP 	hasPeriphery: texRes = 128.0
39.6351 	EXP 	noPeriphery: texRes = 128.0
39.6351 	EXP 	final: texRes = 128.0
39.8026 	EXP 	hasPeriphery: texRes = 128.0
39.8026 	EXP 	noPeriphery: texRes = 128.0
39.8026 	EXP 	final: texRes = 128.0
39.9684 	EXP 	hasPeriphery: texRes = 128.0
39.9684 	EXP 	noPeriphery: texRes = 128.0
39.9684 	EXP 	final: texRes = 128.0
40.1350 	EXP 	hasPeriphery: texRes = 128.0
40.1350 	EXP 	noPeriphery: texRes = 128.0
40.1350 	EXP 	final: texRes = 128.0
40.3012 	EXP 	hasPeriphery: texRes = 128.0
40.3012 	EXP 	noPeriphery: texRes = 128.0
40.3012 	EXP 	final: texRes = 128.0
40.4683 	EXP 	hasPeriphery: texRes = 128.0
40.4683 	EXP 	noPeriphery: texRes = 128.0
40.4683 	EXP 	final: texRes = 128.0
40.6361 	EXP 	hasPeriphery: texRes = 128.0
40.6361 	EXP 	noPeriphery: texRes = 128.0
40.6361 	EXP 	final: texRes = 128.0
40.8182 	EXP 	hasPeriphery: texRes = 128.0
40.8182 	EXP 	noPeriphery: texRes = 128.0
40.8182 	EXP 	final: texRes = 128.0
40.9563 	DATA 	Keypress: space
40.9854 	EXP 	hasPeriphery: texRes = 128.0
40.9854 	EXP 	noPeriphery: texRes = 128.0
40.9854 	EXP 	final: texRes = 128.0
41.0948 	EXP 	New trial (rep=0, index=4): {'startImage': 'C:\\Users\\hesselmann\\Desktop\\PsychoPyUniformityIllusion\\UniformityIllusionPsychoPy\\Pics\\3start.png', 'midImage': 'C:\\Users\\hesselmann\\Desktop\\PsychoPyUniformityIllusion\\UniformityIllusionPsychoPy\\Pics\\3a.png', 'endImage': 'C:\\Users\\hesselmann\\Desktop\\PsychoPyUniformityIllusion\\UniformityIllusionPsychoPy\\Pics\\3a.png', 'AB': 'a'}
41.3177 	EXP 	hasPeriphery: texRes = 128.0
41.3177 	EXP 	noPeriphery: texRes = 128.0
41.3177 	EXP 	final: texRes = 128.0
41.3177 	EXP 	hasPeriphery: autoDraw = False
41.3177 	EXP 	noPeriphery: autoDraw = False
41.3177 	EXP 	final: autoDraw = False
41.3177 	EXP 	blank_screen: autoDraw = False
41.3177 	EXP 	text: autoDraw = False
41.3177 	EXP 	hasPeriphery: size = array([1.77777778, 1.        ])
41.3177 	EXP 	hasPeriphery: image = 'C:\\Users\\hesselmann\\Desktop\\PsychoPyUniformityIllusion\\UniformityIllusionPsychoPy\\Pics\\3a.png'
41.3177 	EXP 	noPeriphery: size = array([1.77777778, 1.        ])
41.3177 	EXP 	noPeriphery: image = 'C:\\Users\\hesselmann\\Desktop\\PsychoPyUniformityIllusion\\UniformityIllusionPsychoPy\\Pics\\3start.png'
41.3177 	EXP 	final: size = array([1.77777778, 1.        ])
41.3177 	EXP 	final: image = 'C:\\Users\\hesselmann\\Desktop\\PsychoPyUniformityIllusion\\UniformityIllusionPsychoPy\\Pics\\3a.png'
41.3177 	EXP 	hasPeriphery: autoDraw = True
41.3177 	EXP 	hasPeriphery: texRes = 128.0
41.3177 	EXP 	noPeriphery: autoDraw = True
41.3177 	EXP 	noPeriphery: texRes = 128.0
41.3177 	EXP 	blank_screen: autoDraw = True
41.3177 	EXP 	text: autoDraw = True
41.4516 	EXP 	hasPeriphery: texRes = 128.0
41.4516 	EXP 	noPeriphery: texRes = 128.0
41.5689 	EXP 	hasPeriphery: texRes = 128.0
41.5689 	EXP 	noPeriphery: texRes = 128.0
41.5689 	EXP 	blank_screen: autoDraw = False
41.7019 	EXP 	hasPeriphery: texRes = 128.0
41.7019 	EXP 	noPeriphery: texRes = 128.0
41.8184 	EXP 	hasPeriphery: texRes = 128.0
41.8184 	EXP 	noPeriphery: texRes = 128.0
41.9514 	EXP 	hasPeriphery: texRes = 128.0
41.9514 	EXP 	noPeriphery: texRes = 128.0
42.0683 	EXP 	hasPeriphery: texRes = 128.0
42.0683 	EXP 	noPeriphery: texRes = 128.0
42.1848 	EXP 	hasPeriphery: texRes = 128.0
42.1848 	EXP 	noPeriphery: texRes = 128.0
42.3184 	EXP 	hasPeriphery: texRes = 128.0
42.3184 	EXP 	noPeriphery: texRes = 128.0
42.4510 	EXP 	hasPeriphery: texRes = 128.0
42.4510 	EXP 	noPeriphery: texRes = 128.0
42.5680 	EXP 	hasPeriphery: texRes = 128.0
42.5680 	EXP 	noPeriphery: texRes = 128.0
42.6847 	EXP 	hasPeriphery: texRes = 128.0
42.6847 	EXP 	noPeriphery: texRes = 128.0
42.8014 	EXP 	hasPeriphery: texRes = 128.0
42.8014 	EXP 	noPeriphery: texRes = 128.0
42.9181 	EXP 	hasPeriphery: texRes = 128.0
42.9181 	EXP 	noPeriphery: texRes = 128.0
43.0523 	EXP 	hasPeriphery: texRes = 128.0
43.0523 	EXP 	noPeriphery: texRes = 128.0
43.1684 	EXP 	hasPeriphery: texRes = 128.0
43.1684 	EXP 	noPeriphery: texRes = 128.0
43.2847 	EXP 	hasPeriphery: texRes = 128.0
43.2847 	EXP 	noPeriphery: texRes = 128.0
43.4181 	EXP 	hasPeriphery: texRes = 128.0
43.4181 	EXP 	noPeriphery: texRes = 128.0
43.5350 	EXP 	hasPeriphery: texRes = 128.0
43.5350 	EXP 	noPeriphery: texRes = 128.0
43.6515 	EXP 	hasPeriphery: texRes = 128.0
43.6515 	EXP 	noPeriphery: texRes = 128.0
43.8180 	EXP 	hasPeriphery: texRes = 128.0
43.8180 	EXP 	noPeriphery: texRes = 128.0
43.8180 	EXP 	final: autoDraw = True
43.8180 	EXP 	final: texRes = 128.0
43.9851 	EXP 	hasPeriphery: texRes = 128.0
43.9851 	EXP 	noPeriphery: texRes = 128.0
43.9851 	EXP 	final: texRes = 128.0
44.1516 	EXP 	hasPeriphery: texRes = 128.0
44.1516 	EXP 	noPeriphery: texRes = 128.0
44.1516 	EXP 	final: texRes = 128.0
44.3342 	EXP 	hasPeriphery: texRes = 128.0
44.3342 	EXP 	noPeriphery: texRes = 128.0
44.3342 	EXP 	final: texRes = 128.0
44.5013 	EXP 	hasPeriphery: texRes = 128.0
44.5013 	EXP 	noPeriphery: texRes = 128.0
44.5013 	EXP 	final: texRes = 128.0
44.6846 	EXP 	hasPeriphery: texRes = 128.0
44.6846 	EXP 	noPeriphery: texRes = 128.0
44.6846 	EXP 	final: texRes = 128.0
44.8516 	EXP 	hasPeriphery: texRes = 128.0
44.8516 	EXP 	noPeriphery: texRes = 128.0
44.8516 	EXP 	final: texRes = 128.0
45.0348 	EXP 	hasPeriphery: texRes = 128.0
45.0348 	EXP 	noPeriphery: texRes = 128.0
45.0348 	EXP 	final: texRes = 128.0
45.2179 	EXP 	hasPeriphery: texRes = 128.0
45.2179 	EXP 	noPeriphery: texRes = 128.0
45.2179 	EXP 	final: texRes = 128.0
45.4180 	EXP 	hasPeriphery: texRes = 128.0
45.4180 	EXP 	noPeriphery: texRes = 128.0
45.4180 	EXP 	final: texRes = 128.0
45.5848 	EXP 	hasPeriphery: texRes = 128.0
45.5848 	EXP 	noPeriphery: texRes = 128.0
45.5848 	EXP 	final: texRes = 128.0
45.7227 	DATA 	Keypress: escape
45.7513 	EXP 	hasPeriphery: texRes = 128.0
45.7513 	EXP 	noPeriphery: texRes = 128.0
45.7513 	EXP 	final: texRes = 128.0
46.0127 	EXP 	window1: mouseVisible = True
