1.0168 	WARNING 	We strongly recommend you activate the PTB sound engine in PsychoPy prefs as the preferred audio engine. Its timing is vastly superior. Your prefs are currently set to use ['sounddevice', 'PTB', 'pyo', 'pygame'] (in that order).
9.2708 	EXP 	Created window1 = Window(allowGUI=False, allowStencil=False, autoLog=True, backendConf=UNKNOWN, bitsMode=UNKNOWN, blendMode='avg', bpc=(8, 8, 8), color=array([0, 0, 0]), colorSpace='rgb', depthBits=8, fullscr=<method-wrapper '__getattribute__' of attributeSetter object at 0x0000022489555EF0>, gamma=None, gammaErrorPolicy='raise', lms=UNKNOWN, monitor=<psychopy.monitors.calibTools.Monitor object at 0x0000022489575588>, multiSample=False, name='window1', numSamples=2, pos=[0.0, 0.0], screen=0, size=array([1920, 1080]), stencilBits=0, stereo=False, units='height', useFBO=True, useRetina=False, viewOri=0.0, viewPos=None, viewScale=None, waitBlanking=True, winType='pyglet')
9.2710 	EXP 	window1: mouseVisible = True
9.2710 	EXP 	window1: recordFrameIntervals = False
9.4368 	EXP 	window1: recordFrameIntervals = True
9.6197 	EXP 	window1: recordFrameIntervals = False
10.0410 	EXP 	Created WelcomeText = TextStim(__class__=<class 'psychopy.visual.text.TextStim'>, alignHoriz=method-wrapper(...), alignText='center', alignVert=method-wrapper(...), anchorHoriz='center', anchorVert='center', antialias=True, autoLog=True, bold=False, color=array([1, 1, 1]), colorSpace='rgb', contrast=1.0, depth=0.0, flipHoriz=False, flipVert=False, font='Open Sans', fontFiles=[], height=0.1, italic=False, languageStyle='LTR', name='WelcomeText', opacity=1, ori=0.0, pos=array([0., 0.]), rgb=UNKNOWN, text='Welcome to our Study!', units='height', win=Window(...), wrapWidth=1)
10.0567 	EXP 	Imported depression.xlsx as conditions, 2 conditions, 12 params
10.0581 	EXP 	Question text: Sadness
10.0859 	EXP 	window1: mouseVisible = True
10.1231 	EXP 	Question text: Pessimism
10.1309 	EXP 	window1: mouseVisible = True
10.1587 	EXP 	window1: mouseVisible = True
10.1632 	EXP 	Created unnamed Rect = Rect(__class__=<class 'psychopy.visual.rect.Rect'>, autoDraw=False, autoLog=True, closeShape=True, color=method-wrapper(...), colorSpace='rgb', contrast=None, depth=0, fillColor=array([0, 0, 0]), fillColorSpace='rgb', fillRGB=UNKNOWN, interpolate=True, lineColor=array([0, 0, 0]), lineColorSpace='rgb', lineRGB=UNKNOWN, lineWidth=1.5, name='unnamed Rect', opacity=0, ori=0.0, pos=array([0., 0.]), size=array([0., 0.]), units='height', vertices=ndarray(...), win=Window(...))
10.1745 	EXP 	Created DepressionQuestionnaire = <psychopy.visual.form.Form object at 0x000002248BFEF7F0>
10.1984 	EXP 	window1: mouseVisible = True
10.2424 	EXP 	Created instructionsText = TextStim(__class__=<class 'psychopy.visual.text.TextStim'>, alignHoriz=method-wrapper(...), alignText='center', alignVert=method-wrapper(...), anchorHoriz='center', anchorVert='center', antialias=True, autoLog=True, bold=False, color=array([1, 1, 1]), colorSpace='rgb', contrast=1.0, depth=0.0, flipHoriz=False, flipVert=False, font='Open Sans', fontFiles=[], height=0.04, italic=False, languageStyle='LTR', name='instructionsText', opacity=1, ori=0.0, pos=array([0., 0.]), rgb=UNKNOWN, text=str(...), units='height', win=Window(...), wrapWidth=1)
10.2523 	EXP 	Created hasPeriphery = ImageStim(__class__=<class 'psychopy.visual.image.ImageStim'>, autoLog=True, color=array([1, 1, 1]), colorSpace='rgb', contrast=1.0, depth=-1.0, flipHoriz=False, flipVert=False, image='sin', interpolate=True, mask=None, maskParams=None, name='hasPeriphery', opacity=1.0, ori=0.0, pos=array([0., 0.]), size=array([0.5, 0.5]), texRes=128.0, units='height', win=Window(...))
10.2559 	EXP 	Created noPeriphery = ImageStim(__class__=<class 'psychopy.visual.image.ImageStim'>, autoLog=True, color=array([1, 1, 1]), colorSpace='rgb', contrast=1.0, depth=-3.0, flipHoriz=False, flipVert=False, image='sin', interpolate=True, mask=None, maskParams=None, name='noPeriphery', opacity=1.0, ori=0.0, pos=array([0., 0.]), size=array([0.5, 0.5]), texRes=128.0, units='height', win=Window(...))
10.2575 	EXP 	Created blank_screen = Rect(__class__=<class 'psychopy.visual.rect.Rect'>, autoDraw=False, autoLog=True, closeShape=True, color=method-wrapper(...), colorSpace='rgb', contrast=None, depth=-4.0, fillColor=array([1, 1, 1]), fillColorSpace='rgb', fillRGB=UNKNOWN, interpolate=True, lineColor=array([1, 1, 1]), lineColorSpace='rgb', lineRGB=UNKNOWN, lineWidth=1.0, name='blank_screen', opacity=1.0, ori=0.0, pos=array([0., 0.]), size=array([2., 1.]), units='height', vertices=ndarray(...), win=Window(...))
10.2647 	EXP 	Created text = TextStim(__class__=<class 'psychopy.visual.text.TextStim'>, alignHoriz=method-wrapper(...), alignText='center', alignVert=method-wrapper(...), anchorHoriz='center', anchorVert='center', antialias=True, autoLog=True, bold=False, color=array([ 1, -1, -1]), colorSpace='rgb', contrast=1.0, depth=-5.0, flipHoriz=False, flipVert=False, font='Open Sans', fontFiles=[], height=0.1, italic=False, languageStyle='LTR', name='text', opacity=1, ori=0.0, pos=array([0., 0.]), rgb=UNKNOWN, text='+', units='height', win=Window(...), wrapWidth=1)
10.2800 	EXP 	Created WelcomeText = TextStim(__class__=<class 'psychopy.visual.text.TextStim'>, alignHoriz=method-wrapper(...), alignText='center', alignVert=method-wrapper(...), anchorHoriz='center', anchorVert='center', antialias=True, autoLog=True, bold=False, color=array([1, 1, 1]), colorSpace='rgb', contrast=1.0, depth=0.0, flipHoriz=False, flipVert=False, font='Open Sans', fontFiles=[], height=0.1, italic=False, languageStyle='LTR', name='WelcomeText', opacity=1, ori=0.0, pos=array([0., 0.]), rgb=UNKNOWN, text='Welcome to our Study!', units='height', win=Window(...), wrapWidth=1)
10.2836 	EXP 	Created hasPeriphery_2 = ImageStim(__class__=<class 'psychopy.visual.image.ImageStim'>, autoLog=True, color=array([1, 1, 1]), colorSpace='rgb', contrast=1.0, depth=-1.0, flipHoriz=False, flipVert=False, image='sin', interpolate=True, mask=None, maskParams=None, name='hasPeriphery_2', opacity=1.0, ori=0.0, pos=array([0., 0.]), size=array([0.5, 0.5]), texRes=128.0, units='height', win=Window(...))
10.2869 	EXP 	Created noPeriphery_2 = ImageStim(__class__=<class 'psychopy.visual.image.ImageStim'>, autoLog=True, color=array([1, 1, 1]), colorSpace='rgb', contrast=1.0, depth=-3.0, flipHoriz=False, flipVert=False, image='sin', interpolate=True, mask=None, maskParams=None, name='noPeriphery_2', opacity=1.0, ori=0.0, pos=array([0., 0.]), size=array([0.5, 0.5]), texRes=128.0, units='height', win=Window(...))
10.2894 	EXP 	Created text_2 = TextStim(__class__=<class 'psychopy.visual.text.TextStim'>, alignHoriz=method-wrapper(...), alignText='center', alignVert=method-wrapper(...), anchorHoriz='center', anchorVert='center', antialias=True, autoLog=True, bold=False, color=array([ 1, -1, -1]), colorSpace='rgb', contrast=1.0, depth=-4.0, flipHoriz=False, flipVert=False, font='Open Sans', fontFiles=[], height=0.1, italic=False, languageStyle='LTR', name='text_2', opacity=1, ori=0.0, pos=array([0., 0.]), rgb=UNKNOWN, text='+', units='height', win=Window(...), wrapWidth=1)
10.3548 	EXP 	unnamed Form: autoLog = True
10.3548 	EXP 	DepressionQuestionnaire: name = 'DepressionQuestionnaire'
10.3548 	EXP 	DepressionQuestionnaire: size = (3.5, 1)
10.3548 	EXP 	DepressionQuestionnaire: size = array([3.5, 1. ])
10.3548 	EXP 	DepressionQuestionnaire: units = 'height'
10.3548 	EXP 	DepressionQuestionnaire: depth = 0
10.3548 	EXP 	WelcomeText: autoDraw = True
12.3522 	EXP 	WelcomeText: autoDraw = False
12.3522 	EXP 	DepressionQuestionnaire: autoDraw = True
13.2733 	DATA 	Mouse: Left button down, pos=(694,85)
13.3355 	EXP 	DepressionQuestionnaire: autoDraw = False
13.3355 	EXP 	instructionsText: autoDraw = True
13.3909 	DATA 	Mouse:  Left button up, pos=(694,83)
13.7998 	EXP 	Imported picPaths.xlsx as conditions, 6 conditions, 4 params
13.8001 	EXP 	Created sequence: sequential, trialTypes=6, nReps=1, seed=None
13.8005 	EXP 	New trial (rep=0, index=0): {'startImage': 'C:\\Users\\hesselmann\\Desktop\\PsychoPyUniformityIllusion\\UniformityIllusionPsychoPy\\Pics\\1start.png', 'midImage': 'C:\\Users\\hesselmann\\Desktop\\PsychoPyUniformityIllusion\\UniformityIllusionPsychoPy\\Pics\\1a.png', 'endImage': 'C:\\Users\\hesselmann\\Desktop\\PsychoPyUniformityIllusion\\UniformityIllusionPsychoPy\\Pics\\1a.png', 'AB': 'a'}
14.0026 	DATA 	Keypress: space
14.0545 	EXP 	instructionsText: autoDraw = False
14.0545 	EXP 	hasPeriphery: size = array([1.77777778, 1.        ])
14.0545 	EXP 	hasPeriphery: image = 'C:\\Users\\hesselmann\\Desktop\\PsychoPyUniformityIllusion\\UniformityIllusionPsychoPy\\Pics\\1a.png'
14.0545 	EXP 	noPeriphery: size = array([1.77777778, 1.        ])
14.0545 	EXP 	noPeriphery: image = 'C:\\Users\\hesselmann\\Desktop\\PsychoPyUniformityIllusion\\UniformityIllusionPsychoPy\\Pics\\1start.png'
14.0545 	EXP 	hasPeriphery: autoDraw = True
14.0545 	EXP 	hasPeriphery: texRes = 128.0
14.0545 	EXP 	noPeriphery: autoDraw = True
14.0545 	EXP 	noPeriphery: texRes = 128.0
14.0545 	EXP 	text: autoDraw = True
14.2115 	EXP 	hasPeriphery: texRes = 128.0
14.2115 	EXP 	noPeriphery: texRes = 128.0
14.4687 	EXP 	hasPeriphery: texRes = 128.0
14.4687 	EXP 	noPeriphery: texRes = 128.0
14.4687 	EXP 	blank_screen: autoDraw = True
14.6713 	EXP 	hasPeriphery: texRes = 128.0
14.6713 	EXP 	noPeriphery: texRes = 128.0
14.6713 	EXP 	blank_screen: autoDraw = False
14.8854 	EXP 	hasPeriphery: texRes = 128.0
14.8854 	EXP 	noPeriphery: texRes = 128.0
15.0522 	EXP 	hasPeriphery: texRes = 128.0
15.0522 	EXP 	noPeriphery: texRes = 128.0
15.0522 	EXP 	blank_screen: autoDraw = True
15.2354 	EXP 	hasPeriphery: texRes = 128.0
15.2354 	EXP 	noPeriphery: texRes = 128.0
15.2354 	EXP 	blank_screen: autoDraw = False
15.4354 	EXP 	hasPeriphery: texRes = 128.0
15.4354 	EXP 	noPeriphery: texRes = 128.0
15.4354 	EXP 	blank_screen: autoDraw = True
15.5853 	EXP 	hasPeriphery: texRes = 128.0
15.5853 	EXP 	noPeriphery: texRes = 128.0
15.5853 	EXP 	blank_screen: autoDraw = False
15.7186 	EXP 	hasPeriphery: texRes = 128.0
15.7186 	EXP 	noPeriphery: texRes = 128.0
15.8687 	EXP 	hasPeriphery: texRes = 128.0
15.8687 	EXP 	noPeriphery: texRes = 128.0
15.8687 	EXP 	blank_screen: autoDraw = True
16.0019 	EXP 	hasPeriphery: texRes = 128.0
16.0019 	EXP 	noPeriphery: texRes = 128.0
16.0019 	EXP 	blank_screen: autoDraw = False
16.1352 	EXP 	hasPeriphery: texRes = 128.0
16.1352 	EXP 	noPeriphery: texRes = 128.0
16.2686 	EXP 	hasPeriphery: texRes = 128.0
16.2686 	EXP 	noPeriphery: texRes = 128.0
16.4019 	EXP 	hasPeriphery: texRes = 128.0
16.4019 	EXP 	noPeriphery: texRes = 128.0
16.5359 	EXP 	hasPeriphery: texRes = 128.0
16.5359 	EXP 	noPeriphery: texRes = 128.0
16.6692 	EXP 	hasPeriphery: texRes = 128.0
16.6692 	EXP 	noPeriphery: texRes = 128.0
16.8023 	EXP 	hasPeriphery: texRes = 128.0
16.8023 	EXP 	noPeriphery: texRes = 128.0
16.9359 	EXP 	hasPeriphery: texRes = 128.0
16.9359 	EXP 	noPeriphery: texRes = 128.0
17.0689 	EXP 	hasPeriphery: texRes = 128.0
17.0689 	EXP 	noPeriphery: texRes = 128.0
17.2196 	EXP 	hasPeriphery: texRes = 128.0
17.2196 	EXP 	noPeriphery: texRes = 128.0
17.3688 	EXP 	hasPeriphery: texRes = 128.0
17.3688 	EXP 	noPeriphery: texRes = 128.0
17.5029 	EXP 	hasPeriphery: texRes = 128.0
17.5029 	EXP 	noPeriphery: texRes = 128.0
17.6530 	EXP 	hasPeriphery: texRes = 128.0
17.6530 	EXP 	noPeriphery: texRes = 128.0
17.7851 	EXP 	hasPeriphery: texRes = 128.0
17.7851 	EXP 	noPeriphery: texRes = 128.0
17.9184 	EXP 	hasPeriphery: texRes = 128.0
17.9184 	EXP 	noPeriphery: texRes = 128.0
18.0529 	EXP 	hasPeriphery: texRes = 128.0
18.0529 	EXP 	noPeriphery: texRes = 128.0
18.1855 	EXP 	hasPeriphery: texRes = 128.0
18.1855 	EXP 	noPeriphery: texRes = 128.0
18.3184 	EXP 	hasPeriphery: texRes = 128.0
18.3184 	EXP 	noPeriphery: texRes = 128.0
18.4518 	EXP 	hasPeriphery: texRes = 128.0
18.4518 	EXP 	noPeriphery: texRes = 128.0
18.6025 	EXP 	hasPeriphery: texRes = 128.0
18.6025 	EXP 	noPeriphery: texRes = 128.0
18.7517 	EXP 	hasPeriphery: texRes = 128.0
18.7517 	EXP 	noPeriphery: texRes = 128.0
18.8853 	EXP 	hasPeriphery: texRes = 128.0
18.8853 	EXP 	noPeriphery: texRes = 128.0
19.0197 	EXP 	hasPeriphery: texRes = 128.0
19.0197 	EXP 	noPeriphery: texRes = 128.0
19.1691 	EXP 	hasPeriphery: texRes = 128.0
19.1691 	EXP 	noPeriphery: texRes = 128.0
19.3019 	EXP 	hasPeriphery: texRes = 128.0
19.3019 	EXP 	noPeriphery: texRes = 128.0
19.4359 	EXP 	hasPeriphery: texRes = 128.0
19.4359 	EXP 	noPeriphery: texRes = 128.0
19.5358 	EXP 	New trial (rep=0, index=1): {'startImage': 'C:\\Users\\hesselmann\\Desktop\\PsychoPyUniformityIllusion\\UniformityIllusionPsychoPy\\Pics\\1start.png', 'midImage': 'C:\\Users\\hesselmann\\Desktop\\PsychoPyUniformityIllusion\\UniformityIllusionPsychoPy\\Pics\\1a.png', 'endImage': 'C:\\Users\\hesselmann\\Desktop\\PsychoPyUniformityIllusion\\UniformityIllusionPsychoPy\\Pics\\1b.png', 'AB': 'b'}
19.7144 	DATA 	Keypress: space
19.7516 	EXP 	hasPeriphery: texRes = 128.0
19.7516 	EXP 	noPeriphery: texRes = 128.0
19.7516 	EXP 	hasPeriphery: autoDraw = False
19.7516 	EXP 	noPeriphery: autoDraw = False
19.7516 	EXP 	blank_screen: autoDraw = False
19.7516 	EXP 	text: autoDraw = False
19.7516 	EXP 	hasPeriphery: size = array([1.77777778, 1.        ])
19.7516 	EXP 	hasPeriphery: image = 'C:\\Users\\hesselmann\\Desktop\\PsychoPyUniformityIllusion\\UniformityIllusionPsychoPy\\Pics\\1b.png'
19.7516 	EXP 	noPeriphery: size = array([1.77777778, 1.        ])
19.7516 	EXP 	noPeriphery: image = 'C:\\Users\\hesselmann\\Desktop\\PsychoPyUniformityIllusion\\UniformityIllusionPsychoPy\\Pics\\1start.png'
19.7516 	EXP 	hasPeriphery: autoDraw = True
19.7516 	EXP 	hasPeriphery: texRes = 128.0
19.7516 	EXP 	noPeriphery: autoDraw = True
19.7516 	EXP 	noPeriphery: texRes = 128.0
19.7516 	EXP 	text: autoDraw = True
19.8853 	EXP 	hasPeriphery: texRes = 128.0
19.8853 	EXP 	noPeriphery: texRes = 128.0
20.0349 	EXP 	hasPeriphery: texRes = 128.0
20.0349 	EXP 	noPeriphery: texRes = 128.0
20.0349 	EXP 	blank_screen: autoDraw = True
20.1849 	EXP 	hasPeriphery: texRes = 128.0
20.1849 	EXP 	noPeriphery: texRes = 128.0
20.1849 	EXP 	blank_screen: autoDraw = False
20.3353 	EXP 	hasPeriphery: texRes = 128.0
20.3353 	EXP 	noPeriphery: texRes = 128.0
20.4855 	EXP 	hasPeriphery: texRes = 128.0
20.4855 	EXP 	noPeriphery: texRes = 128.0
20.4855 	EXP 	blank_screen: autoDraw = True
20.6350 	EXP 	hasPeriphery: texRes = 128.0
20.6350 	EXP 	noPeriphery: texRes = 128.0
20.6350 	EXP 	blank_screen: autoDraw = False
20.7864 	EXP 	hasPeriphery: texRes = 128.0
20.7864 	EXP 	noPeriphery: texRes = 128.0
20.7864 	EXP 	blank_screen: autoDraw = True
20.9190 	EXP 	hasPeriphery: texRes = 128.0
20.9190 	EXP 	noPeriphery: texRes = 128.0
20.9190 	EXP 	blank_screen: autoDraw = False
21.0515 	EXP 	hasPeriphery: texRes = 128.0
21.0515 	EXP 	noPeriphery: texRes = 128.0
21.2027 	EXP 	hasPeriphery: texRes = 128.0
21.2027 	EXP 	noPeriphery: texRes = 128.0
21.2027 	EXP 	blank_screen: autoDraw = True
21.3349 	EXP 	hasPeriphery: texRes = 128.0
21.3349 	EXP 	noPeriphery: texRes = 128.0
21.3349 	EXP 	blank_screen: autoDraw = False
21.4685 	EXP 	hasPeriphery: texRes = 128.0
21.4685 	EXP 	noPeriphery: texRes = 128.0
21.6186 	EXP 	hasPeriphery: texRes = 128.0
21.6186 	EXP 	noPeriphery: texRes = 128.0
21.7515 	EXP 	hasPeriphery: texRes = 128.0
21.7515 	EXP 	noPeriphery: texRes = 128.0
21.8852 	EXP 	hasPeriphery: texRes = 128.0
21.8852 	EXP 	noPeriphery: texRes = 128.0
22.0181 	EXP 	hasPeriphery: texRes = 128.0
22.0181 	EXP 	noPeriphery: texRes = 128.0
22.1520 	EXP 	hasPeriphery: texRes = 128.0
22.1520 	EXP 	noPeriphery: texRes = 128.0
22.3028 	EXP 	hasPeriphery: texRes = 128.0
22.3028 	EXP 	noPeriphery: texRes = 128.0
22.4351 	EXP 	hasPeriphery: texRes = 128.0
22.4351 	EXP 	noPeriphery: texRes = 128.0
22.5687 	EXP 	hasPeriphery: texRes = 128.0
22.5687 	EXP 	noPeriphery: texRes = 128.0
22.7014 	EXP 	hasPeriphery: texRes = 128.0
22.7014 	EXP 	noPeriphery: texRes = 128.0
22.8347 	EXP 	hasPeriphery: texRes = 128.0
22.8347 	EXP 	noPeriphery: texRes = 128.0
22.9680 	EXP 	hasPeriphery: texRes = 128.0
22.9680 	EXP 	noPeriphery: texRes = 128.0
23.1189 	EXP 	hasPeriphery: texRes = 128.0
23.1189 	EXP 	noPeriphery: texRes = 128.0
23.2518 	EXP 	hasPeriphery: texRes = 128.0
23.2518 	EXP 	noPeriphery: texRes = 128.0
23.4014 	EXP 	hasPeriphery: texRes = 128.0
23.4014 	EXP 	noPeriphery: texRes = 128.0
23.5352 	EXP 	hasPeriphery: texRes = 128.0
23.5352 	EXP 	noPeriphery: texRes = 128.0
23.6849 	EXP 	hasPeriphery: texRes = 128.0
23.6849 	EXP 	noPeriphery: texRes = 128.0
23.8184 	EXP 	hasPeriphery: texRes = 128.0
23.8184 	EXP 	noPeriphery: texRes = 128.0
23.9054 	EXP 	New trial (rep=0, index=2): {'startImage': 'C:\\Users\\hesselmann\\Desktop\\PsychoPyUniformityIllusion\\UniformityIllusionPsychoPy\\Pics\\2start.png', 'midImage': 'C:\\Users\\hesselmann\\Desktop\\PsychoPyUniformityIllusion\\UniformityIllusionPsychoPy\\Pics\\2a.png', 'endImage': 'C:\\Users\\hesselmann\\Desktop\\PsychoPyUniformityIllusion\\UniformityIllusionPsychoPy\\Pics\\2a.png', 'AB': 'a'}
24.0521 	DATA 	Keypress: space
24.1015 	EXP 	hasPeriphery: texRes = 128.0
24.1015 	EXP 	noPeriphery: texRes = 128.0
24.1015 	EXP 	hasPeriphery: autoDraw = False
24.1015 	EXP 	noPeriphery: autoDraw = False
24.1015 	EXP 	blank_screen: autoDraw = False
24.1015 	EXP 	text: autoDraw = False
24.1015 	EXP 	hasPeriphery: size = array([1.77777778, 1.        ])
24.1015 	EXP 	hasPeriphery: image = 'C:\\Users\\hesselmann\\Desktop\\PsychoPyUniformityIllusion\\UniformityIllusionPsychoPy\\Pics\\2a.png'
24.1015 	EXP 	noPeriphery: size = array([1.77777778, 1.        ])
24.1015 	EXP 	noPeriphery: image = 'C:\\Users\\hesselmann\\Desktop\\PsychoPyUniformityIllusion\\UniformityIllusionPsychoPy\\Pics\\2start.png'
24.1015 	EXP 	hasPeriphery: autoDraw = True
24.1015 	EXP 	hasPeriphery: texRes = 128.0
24.1015 	EXP 	noPeriphery: autoDraw = True
24.1015 	EXP 	noPeriphery: texRes = 128.0
24.1015 	EXP 	text: autoDraw = True
24.2183 	EXP 	hasPeriphery: texRes = 128.0
24.2183 	EXP 	noPeriphery: texRes = 128.0
24.3521 	EXP 	hasPeriphery: texRes = 128.0
24.3521 	EXP 	noPeriphery: texRes = 128.0
24.3521 	EXP 	blank_screen: autoDraw = True
24.4686 	EXP 	hasPeriphery: texRes = 128.0
24.4686 	EXP 	noPeriphery: texRes = 128.0
24.4686 	EXP 	blank_screen: autoDraw = False
24.6014 	EXP 	hasPeriphery: texRes = 128.0
24.6014 	EXP 	noPeriphery: texRes = 128.0
24.7347 	EXP 	hasPeriphery: texRes = 128.0
24.7347 	EXP 	noPeriphery: texRes = 128.0
24.7347 	EXP 	blank_screen: autoDraw = True
24.8515 	EXP 	hasPeriphery: texRes = 128.0
24.8515 	EXP 	noPeriphery: texRes = 128.0
24.8515 	EXP 	blank_screen: autoDraw = False
24.9853 	EXP 	hasPeriphery: texRes = 128.0
24.9853 	EXP 	noPeriphery: texRes = 128.0
24.9853 	EXP 	blank_screen: autoDraw = True
25.1016 	EXP 	hasPeriphery: texRes = 128.0
25.1016 	EXP 	noPeriphery: texRes = 128.0
25.1016 	EXP 	blank_screen: autoDraw = False
25.2182 	EXP 	hasPeriphery: texRes = 128.0
25.2182 	EXP 	noPeriphery: texRes = 128.0
25.3512 	EXP 	hasPeriphery: texRes = 128.0
25.3512 	EXP 	noPeriphery: texRes = 128.0
25.3512 	EXP 	blank_screen: autoDraw = True
25.4682 	EXP 	hasPeriphery: texRes = 128.0
25.4682 	EXP 	noPeriphery: texRes = 128.0
25.4682 	EXP 	blank_screen: autoDraw = False
25.6012 	EXP 	hasPeriphery: texRes = 128.0
25.6012 	EXP 	noPeriphery: texRes = 128.0
25.7180 	EXP 	hasPeriphery: texRes = 128.0
25.7180 	EXP 	noPeriphery: texRes = 128.0
25.8345 	EXP 	hasPeriphery: texRes = 128.0
25.8345 	EXP 	noPeriphery: texRes = 128.0
25.9515 	EXP 	hasPeriphery: texRes = 128.0
25.9515 	EXP 	noPeriphery: texRes = 128.0
26.0847 	EXP 	hasPeriphery: texRes = 128.0
26.0847 	EXP 	noPeriphery: texRes = 128.0
26.2011 	EXP 	hasPeriphery: texRes = 128.0
26.2011 	EXP 	noPeriphery: texRes = 128.0
26.3178 	EXP 	hasPeriphery: texRes = 128.0
26.3178 	EXP 	noPeriphery: texRes = 128.0
26.4345 	EXP 	hasPeriphery: texRes = 128.0
26.4345 	EXP 	noPeriphery: texRes = 128.0
26.5511 	EXP 	hasPeriphery: texRes = 128.0
26.5511 	EXP 	noPeriphery: texRes = 128.0
26.6844 	EXP 	hasPeriphery: texRes = 128.0
26.6844 	EXP 	noPeriphery: texRes = 128.0
26.8010 	EXP 	hasPeriphery: texRes = 128.0
26.8010 	EXP 	noPeriphery: texRes = 128.0
26.9177 	EXP 	hasPeriphery: texRes = 128.0
26.9177 	EXP 	noPeriphery: texRes = 128.0
27.0343 	EXP 	hasPeriphery: texRes = 128.0
27.0343 	EXP 	noPeriphery: texRes = 128.0
27.1510 	EXP 	hasPeriphery: texRes = 128.0
27.1510 	EXP 	noPeriphery: texRes = 128.0
27.2679 	EXP 	hasPeriphery: texRes = 128.0
27.2679 	EXP 	noPeriphery: texRes = 128.0
27.3852 	EXP 	hasPeriphery: texRes = 128.0
27.3852 	EXP 	noPeriphery: texRes = 128.0
27.5016 	EXP 	hasPeriphery: texRes = 128.0
27.5016 	EXP 	noPeriphery: texRes = 128.0
27.6344 	EXP 	hasPeriphery: texRes = 128.0
27.6344 	EXP 	noPeriphery: texRes = 128.0
27.7510 	EXP 	hasPeriphery: texRes = 128.0
27.7510 	EXP 	noPeriphery: texRes = 128.0
27.8850 	EXP 	hasPeriphery: texRes = 128.0
27.8850 	EXP 	noPeriphery: texRes = 128.0
28.0010 	EXP 	hasPeriphery: texRes = 128.0
28.0010 	EXP 	noPeriphery: texRes = 128.0
28.1189 	EXP 	hasPeriphery: texRes = 128.0
28.1189 	EXP 	noPeriphery: texRes = 128.0
28.2345 	EXP 	hasPeriphery: texRes = 128.0
28.2345 	EXP 	noPeriphery: texRes = 128.0
28.3509 	EXP 	hasPeriphery: texRes = 128.0
28.3509 	EXP 	noPeriphery: texRes = 128.0
28.4847 	EXP 	hasPeriphery: texRes = 128.0
28.4847 	EXP 	noPeriphery: texRes = 128.0
28.5734 	EXP 	New trial (rep=0, index=3): {'startImage': 'C:\\Users\\hesselmann\\Desktop\\PsychoPyUniformityIllusion\\UniformityIllusionPsychoPy\\Pics\\2start.png', 'midImage': 'C:\\Users\\hesselmann\\Desktop\\PsychoPyUniformityIllusion\\UniformityIllusionPsychoPy\\Pics\\2a.png', 'endImage': 'C:\\Users\\hesselmann\\Desktop\\PsychoPyUniformityIllusion\\UniformityIllusionPsychoPy\\Pics\\2b.png', 'AB': 'b'}
28.7247 	DATA 	Keypress: space
28.7679 	EXP 	hasPeriphery: texRes = 128.0
28.7679 	EXP 	noPeriphery: texRes = 128.0
28.7679 	EXP 	hasPeriphery: autoDraw = False
28.7679 	EXP 	noPeriphery: autoDraw = False
28.7679 	EXP 	blank_screen: autoDraw = False
28.7679 	EXP 	text: autoDraw = False
28.7679 	EXP 	hasPeriphery: size = array([1.77777778, 1.        ])
28.7679 	EXP 	hasPeriphery: image = 'C:\\Users\\hesselmann\\Desktop\\PsychoPyUniformityIllusion\\UniformityIllusionPsychoPy\\Pics\\2b.png'
28.7679 	EXP 	noPeriphery: size = array([1.77777778, 1.        ])
28.7679 	EXP 	noPeriphery: image = 'C:\\Users\\hesselmann\\Desktop\\PsychoPyUniformityIllusion\\UniformityIllusionPsychoPy\\Pics\\2start.png'
28.7679 	EXP 	hasPeriphery: autoDraw = True
28.7679 	EXP 	hasPeriphery: texRes = 128.0
28.7679 	EXP 	noPeriphery: autoDraw = True
28.7679 	EXP 	noPeriphery: texRes = 128.0
28.7679 	EXP 	text: autoDraw = True
28.8844 	EXP 	hasPeriphery: texRes = 128.0
28.8844 	EXP 	noPeriphery: texRes = 128.0
29.0009 	EXP 	hasPeriphery: texRes = 128.0
29.0009 	EXP 	noPeriphery: texRes = 128.0
29.0009 	EXP 	blank_screen: autoDraw = True
29.1342 	EXP 	hasPeriphery: texRes = 128.0
29.1342 	EXP 	noPeriphery: texRes = 128.0
29.1342 	EXP 	blank_screen: autoDraw = False
29.2520 	EXP 	hasPeriphery: texRes = 128.0
29.2520 	EXP 	noPeriphery: texRes = 128.0
29.3677 	EXP 	hasPeriphery: texRes = 128.0
29.3677 	EXP 	noPeriphery: texRes = 128.0
29.3677 	EXP 	blank_screen: autoDraw = True
29.4848 	EXP 	hasPeriphery: texRes = 128.0
29.4848 	EXP 	noPeriphery: texRes = 128.0
29.4848 	EXP 	blank_screen: autoDraw = False
29.6175 	EXP 	hasPeriphery: texRes = 128.0
29.6175 	EXP 	noPeriphery: texRes = 128.0
29.6175 	EXP 	blank_screen: autoDraw = True
29.7341 	EXP 	hasPeriphery: texRes = 128.0
29.7341 	EXP 	noPeriphery: texRes = 128.0
29.7341 	EXP 	blank_screen: autoDraw = False
29.8507 	EXP 	hasPeriphery: texRes = 128.0
29.8507 	EXP 	noPeriphery: texRes = 128.0
29.9679 	EXP 	hasPeriphery: texRes = 128.0
29.9679 	EXP 	noPeriphery: texRes = 128.0
29.9679 	EXP 	blank_screen: autoDraw = True
30.0842 	EXP 	hasPeriphery: texRes = 128.0
30.0842 	EXP 	noPeriphery: texRes = 128.0
30.0842 	EXP 	blank_screen: autoDraw = False
30.2012 	EXP 	hasPeriphery: texRes = 128.0
30.2012 	EXP 	noPeriphery: texRes = 128.0
30.3183 	EXP 	hasPeriphery: texRes = 128.0
30.3183 	EXP 	noPeriphery: texRes = 128.0
30.4512 	EXP 	hasPeriphery: texRes = 128.0
30.4512 	EXP 	noPeriphery: texRes = 128.0
30.5845 	EXP 	hasPeriphery: texRes = 128.0
30.5845 	EXP 	noPeriphery: texRes = 128.0
30.7179 	EXP 	hasPeriphery: texRes = 128.0
30.7179 	EXP 	noPeriphery: texRes = 128.0
30.8345 	EXP 	hasPeriphery: texRes = 128.0
30.8345 	EXP 	noPeriphery: texRes = 128.0
30.9519 	EXP 	hasPeriphery: texRes = 128.0
30.9519 	EXP 	noPeriphery: texRes = 128.0
31.0844 	EXP 	hasPeriphery: texRes = 128.0
31.0844 	EXP 	noPeriphery: texRes = 128.0
31.2011 	EXP 	hasPeriphery: texRes = 128.0
31.2011 	EXP 	noPeriphery: texRes = 128.0
31.3175 	EXP 	hasPeriphery: texRes = 128.0
31.3175 	EXP 	noPeriphery: texRes = 128.0
31.4340 	EXP 	hasPeriphery: texRes = 128.0
31.4340 	EXP 	noPeriphery: texRes = 128.0
31.5511 	EXP 	hasPeriphery: texRes = 128.0
31.5511 	EXP 	noPeriphery: texRes = 128.0
31.6673 	EXP 	hasPeriphery: texRes = 128.0
31.6673 	EXP 	noPeriphery: texRes = 128.0
31.7840 	EXP 	hasPeriphery: texRes = 128.0
31.7840 	EXP 	noPeriphery: texRes = 128.0
31.9012 	EXP 	hasPeriphery: texRes = 128.0
31.9012 	EXP 	noPeriphery: texRes = 128.0
32.0173 	EXP 	hasPeriphery: texRes = 128.0
32.0173 	EXP 	noPeriphery: texRes = 128.0
32.1340 	EXP 	hasPeriphery: texRes = 128.0
32.1340 	EXP 	noPeriphery: texRes = 128.0
32.2510 	EXP 	hasPeriphery: texRes = 128.0
32.2510 	EXP 	noPeriphery: texRes = 128.0
32.3673 	EXP 	hasPeriphery: texRes = 128.0
32.3673 	EXP 	noPeriphery: texRes = 128.0
32.5006 	EXP 	hasPeriphery: texRes = 128.0
32.5006 	EXP 	noPeriphery: texRes = 128.0
32.6177 	EXP 	hasPeriphery: texRes = 128.0
32.6177 	EXP 	noPeriphery: texRes = 128.0
32.7343 	EXP 	hasPeriphery: texRes = 128.0
32.7343 	EXP 	noPeriphery: texRes = 128.0
32.8505 	EXP 	hasPeriphery: texRes = 128.0
32.8505 	EXP 	noPeriphery: texRes = 128.0
32.9672 	EXP 	hasPeriphery: texRes = 128.0
32.9672 	EXP 	noPeriphery: texRes = 128.0
33.0840 	EXP 	hasPeriphery: texRes = 128.0
33.0840 	EXP 	noPeriphery: texRes = 128.0
33.2009 	EXP 	hasPeriphery: texRes = 128.0
33.2009 	EXP 	noPeriphery: texRes = 128.0
33.3174 	EXP 	hasPeriphery: texRes = 128.0
33.3174 	EXP 	noPeriphery: texRes = 128.0
33.4343 	EXP 	hasPeriphery: texRes = 128.0
33.4343 	EXP 	noPeriphery: texRes = 128.0
33.5511 	EXP 	hasPeriphery: texRes = 128.0
33.5511 	EXP 	noPeriphery: texRes = 128.0
33.6762 	EXP 	hasPeriphery: texRes = 128.0
33.6762 	EXP 	noPeriphery: texRes = 128.0
33.8008 	EXP 	hasPeriphery: texRes = 128.0
33.8008 	EXP 	noPeriphery: texRes = 128.0
33.9173 	EXP 	hasPeriphery: texRes = 128.0
33.9173 	EXP 	noPeriphery: texRes = 128.0
34.0338 	EXP 	hasPeriphery: texRes = 128.0
34.0338 	EXP 	noPeriphery: texRes = 128.0
34.1504 	EXP 	hasPeriphery: texRes = 128.0
34.1504 	EXP 	noPeriphery: texRes = 128.0
34.2189 	EXP 	New trial (rep=0, index=4): {'startImage': 'C:\\Users\\hesselmann\\Desktop\\PsychoPyUniformityIllusion\\UniformityIllusionPsychoPy\\Pics\\3start.png', 'midImage': 'C:\\Users\\hesselmann\\Desktop\\PsychoPyUniformityIllusion\\UniformityIllusionPsychoPy\\Pics\\3a.png', 'endImage': 'C:\\Users\\hesselmann\\Desktop\\PsychoPyUniformityIllusion\\UniformityIllusionPsychoPy\\Pics\\3a.png', 'AB': 'a'}
34.3892 	DATA 	Keypress: space
34.4344 	EXP 	hasPeriphery: texRes = 128.0
34.4344 	EXP 	noPeriphery: texRes = 128.0
34.4344 	EXP 	hasPeriphery: autoDraw = False
34.4344 	EXP 	noPeriphery: autoDraw = False
34.4344 	EXP 	blank_screen: autoDraw = False
34.4344 	EXP 	text: autoDraw = False
34.4344 	EXP 	hasPeriphery: size = array([1.77777778, 1.        ])
34.4344 	EXP 	hasPeriphery: image = 'C:\\Users\\hesselmann\\Desktop\\PsychoPyUniformityIllusion\\UniformityIllusionPsychoPy\\Pics\\3a.png'
34.4344 	EXP 	noPeriphery: size = array([1.77777778, 1.        ])
34.4344 	EXP 	noPeriphery: image = 'C:\\Users\\hesselmann\\Desktop\\PsychoPyUniformityIllusion\\UniformityIllusionPsychoPy\\Pics\\3start.png'
34.4344 	EXP 	hasPeriphery: autoDraw = True
34.4344 	EXP 	hasPeriphery: texRes = 128.0
34.4344 	EXP 	noPeriphery: autoDraw = True
34.4344 	EXP 	noPeriphery: texRes = 128.0
34.4344 	EXP 	text: autoDraw = True
34.5672 	EXP 	hasPeriphery: texRes = 128.0
34.5672 	EXP 	noPeriphery: texRes = 128.0
34.7174 	EXP 	hasPeriphery: texRes = 128.0
34.7174 	EXP 	noPeriphery: texRes = 128.0
34.7174 	EXP 	blank_screen: autoDraw = True
34.8504 	EXP 	hasPeriphery: texRes = 128.0
34.8504 	EXP 	noPeriphery: texRes = 128.0
34.8504 	EXP 	blank_screen: autoDraw = False
34.9838 	EXP 	hasPeriphery: texRes = 128.0
34.9838 	EXP 	noPeriphery: texRes = 128.0
35.1171 	EXP 	hasPeriphery: texRes = 128.0
35.1171 	EXP 	noPeriphery: texRes = 128.0
35.1171 	EXP 	blank_screen: autoDraw = True
35.2340 	EXP 	hasPeriphery: texRes = 128.0
35.2340 	EXP 	noPeriphery: texRes = 128.0
35.2340 	EXP 	blank_screen: autoDraw = False
35.3837 	EXP 	hasPeriphery: texRes = 128.0
35.3837 	EXP 	noPeriphery: texRes = 128.0
35.3837 	EXP 	blank_screen: autoDraw = True
35.5171 	EXP 	hasPeriphery: texRes = 128.0
35.5171 	EXP 	noPeriphery: texRes = 128.0
35.5171 	EXP 	blank_screen: autoDraw = False
35.6555 	EXP 	hasPeriphery: texRes = 128.0
35.6555 	EXP 	noPeriphery: texRes = 128.0
35.8008 	EXP 	hasPeriphery: texRes = 128.0
35.8008 	EXP 	noPeriphery: texRes = 128.0
35.8008 	EXP 	blank_screen: autoDraw = True
35.9172 	EXP 	hasPeriphery: texRes = 128.0
35.9172 	EXP 	noPeriphery: texRes = 128.0
35.9172 	EXP 	blank_screen: autoDraw = False
36.0336 	EXP 	hasPeriphery: texRes = 128.0
36.0336 	EXP 	noPeriphery: texRes = 128.0
36.1506 	EXP 	hasPeriphery: texRes = 128.0
36.1506 	EXP 	noPeriphery: texRes = 128.0
36.2670 	EXP 	hasPeriphery: texRes = 128.0
36.2670 	EXP 	noPeriphery: texRes = 128.0
36.3841 	EXP 	hasPeriphery: texRes = 128.0
36.3841 	EXP 	noPeriphery: texRes = 128.0
36.5003 	EXP 	hasPeriphery: texRes = 128.0
36.5003 	EXP 	noPeriphery: texRes = 128.0
36.6336 	EXP 	hasPeriphery: texRes = 128.0
36.6336 	EXP 	noPeriphery: texRes = 128.0
36.7503 	EXP 	hasPeriphery: texRes = 128.0
36.7503 	EXP 	noPeriphery: texRes = 128.0
36.8836 	EXP 	hasPeriphery: texRes = 128.0
36.8836 	EXP 	noPeriphery: texRes = 128.0
37.0168 	EXP 	hasPeriphery: texRes = 128.0
37.0168 	EXP 	noPeriphery: texRes = 128.0
37.1335 	EXP 	hasPeriphery: texRes = 128.0
37.1335 	EXP 	noPeriphery: texRes = 128.0
37.2675 	EXP 	hasPeriphery: texRes = 128.0
37.2675 	EXP 	noPeriphery: texRes = 128.0
37.3835 	EXP 	hasPeriphery: texRes = 128.0
37.3835 	EXP 	noPeriphery: texRes = 128.0
37.5010 	EXP 	hasPeriphery: texRes = 128.0
37.5010 	EXP 	noPeriphery: texRes = 128.0
37.6335 	EXP 	hasPeriphery: texRes = 128.0
37.6335 	EXP 	noPeriphery: texRes = 128.0
37.7502 	EXP 	hasPeriphery: texRes = 128.0
37.7502 	EXP 	noPeriphery: texRes = 128.0
37.8671 	EXP 	hasPeriphery: texRes = 128.0
37.8671 	EXP 	noPeriphery: texRes = 128.0
37.9836 	EXP 	hasPeriphery: texRes = 128.0
37.9836 	EXP 	noPeriphery: texRes = 128.0
38.1005 	EXP 	hasPeriphery: texRes = 128.0
38.1005 	EXP 	noPeriphery: texRes = 128.0
38.2168 	EXP 	hasPeriphery: texRes = 128.0
38.2168 	EXP 	noPeriphery: texRes = 128.0
38.3338 	EXP 	hasPeriphery: texRes = 128.0
38.3338 	EXP 	noPeriphery: texRes = 128.0
38.4668 	EXP 	hasPeriphery: texRes = 128.0
38.4668 	EXP 	noPeriphery: texRes = 128.0
38.6001 	EXP 	hasPeriphery: texRes = 128.0
38.6001 	EXP 	noPeriphery: texRes = 128.0
38.7167 	EXP 	hasPeriphery: texRes = 128.0
38.7167 	EXP 	noPeriphery: texRes = 128.0
38.8340 	EXP 	hasPeriphery: texRes = 128.0
38.8340 	EXP 	noPeriphery: texRes = 128.0
38.9677 	EXP 	hasPeriphery: texRes = 128.0
38.9677 	EXP 	noPeriphery: texRes = 128.0
39.1001 	EXP 	hasPeriphery: texRes = 128.0
39.1001 	EXP 	noPeriphery: texRes = 128.0
39.2171 	EXP 	hasPeriphery: texRes = 128.0
39.2171 	EXP 	noPeriphery: texRes = 128.0
39.3337 	EXP 	hasPeriphery: texRes = 128.0
39.3337 	EXP 	noPeriphery: texRes = 128.0
39.4503 	EXP 	hasPeriphery: texRes = 128.0
39.4503 	EXP 	noPeriphery: texRes = 128.0
39.5834 	EXP 	hasPeriphery: texRes = 128.0
39.5834 	EXP 	noPeriphery: texRes = 128.0
39.7006 	EXP 	hasPeriphery: texRes = 128.0
39.7006 	EXP 	noPeriphery: texRes = 128.0
39.8335 	EXP 	hasPeriphery: texRes = 128.0
39.8335 	EXP 	noPeriphery: texRes = 128.0
39.9666 	EXP 	hasPeriphery: texRes = 128.0
39.9666 	EXP 	noPeriphery: texRes = 128.0
40.0836 	EXP 	hasPeriphery: texRes = 128.0
40.0836 	EXP 	noPeriphery: texRes = 128.0
40.1999 	EXP 	hasPeriphery: texRes = 128.0
40.1999 	EXP 	noPeriphery: texRes = 128.0
40.3177 	EXP 	hasPeriphery: texRes = 128.0
40.3177 	EXP 	noPeriphery: texRes = 128.0
40.4503 	EXP 	hasPeriphery: texRes = 128.0
40.4503 	EXP 	noPeriphery: texRes = 128.0
40.5839 	EXP 	hasPeriphery: texRes = 128.0
40.5839 	EXP 	noPeriphery: texRes = 128.0
40.7003 	EXP 	hasPeriphery: texRes = 128.0
40.7003 	EXP 	noPeriphery: texRes = 128.0
40.8181 	EXP 	hasPeriphery: texRes = 128.0
40.8181 	EXP 	noPeriphery: texRes = 128.0
40.9502 	EXP 	hasPeriphery: texRes = 128.0
40.9502 	EXP 	noPeriphery: texRes = 128.0
41.0674 	EXP 	hasPeriphery: texRes = 128.0
41.0674 	EXP 	noPeriphery: texRes = 128.0
41.2002 	EXP 	hasPeriphery: texRes = 128.0
41.2002 	EXP 	noPeriphery: texRes = 128.0
41.3167 	EXP 	hasPeriphery: texRes = 128.0
41.3167 	EXP 	noPeriphery: texRes = 128.0
41.4336 	EXP 	hasPeriphery: texRes = 128.0
41.4336 	EXP 	noPeriphery: texRes = 128.0
41.5507 	EXP 	hasPeriphery: texRes = 128.0
41.5507 	EXP 	noPeriphery: texRes = 128.0
41.6674 	EXP 	hasPeriphery: texRes = 128.0
41.6674 	EXP 	noPeriphery: texRes = 128.0
41.7839 	EXP 	hasPeriphery: texRes = 128.0
41.7839 	EXP 	noPeriphery: texRes = 128.0
41.9006 	EXP 	hasPeriphery: texRes = 128.0
41.9006 	EXP 	noPeriphery: texRes = 128.0
42.0340 	EXP 	hasPeriphery: texRes = 128.0
42.0340 	EXP 	noPeriphery: texRes = 128.0
42.1511 	EXP 	hasPeriphery: texRes = 128.0
42.1511 	EXP 	noPeriphery: texRes = 128.0
42.2838 	EXP 	hasPeriphery: texRes = 128.0
42.2838 	EXP 	noPeriphery: texRes = 128.0
42.4007 	EXP 	hasPeriphery: texRes = 128.0
42.4007 	EXP 	noPeriphery: texRes = 128.0
42.5344 	EXP 	hasPeriphery: texRes = 128.0
42.5344 	EXP 	noPeriphery: texRes = 128.0
42.6503 	EXP 	hasPeriphery: texRes = 128.0
42.6503 	EXP 	noPeriphery: texRes = 128.0
42.7673 	EXP 	hasPeriphery: texRes = 128.0
42.7673 	EXP 	noPeriphery: texRes = 128.0
42.9005 	EXP 	hasPeriphery: texRes = 128.0
42.9005 	EXP 	noPeriphery: texRes = 128.0
43.0167 	EXP 	hasPeriphery: texRes = 128.0
43.0167 	EXP 	noPeriphery: texRes = 128.0
43.0936 	DATA 	Keypress: escape
43.1342 	EXP 	hasPeriphery: texRes = 128.0
43.1342 	EXP 	noPeriphery: texRes = 128.0
43.3767 	EXP 	window1: mouseVisible = True
