1.0704 	WARNING 	We strongly recommend you activate the PTB sound engine in PsychoPy prefs as the preferred audio engine. Its timing is vastly superior. Your prefs are currently set to use ['sounddevice', 'PTB', 'pyo', 'pygame'] (in that order).
6.2577 	EXP 	Created window1 = Window(allowGUI=False, allowStencil=False, autoLog=True, backendConf=UNKNOWN, bitsMode=UNKNOWN, blendMode='avg', bpc=(8, 8, 8), color=array([0, 0, 0]), colorSpace='rgb', depthBits=8, fullscr=<method-wrapper '__getattribute__' of attributeSetter object at 0x0000020CAA0850F0>, gamma=None, gammaErrorPolicy='raise', lms=UNKNOWN, monitor=<psychopy.monitors.calibTools.Monitor object at 0x0000020CAA018710>, multiSample=False, name='window1', numSamples=2, pos=[0.0, 0.0], screen=0, size=array([1920, 1080]), stencilBits=0, stereo=False, units='height', useFBO=True, useRetina=False, viewOri=0.0, viewPos=None, viewScale=None, waitBlanking=True, winType='pyglet')
6.2579 	EXP 	window1: mouseVisible = True
6.2579 	EXP 	window1: recordFrameIntervals = False
6.3904 	EXP 	window1: recordFrameIntervals = True
6.5379 	EXP 	window1: recordFrameIntervals = False
7.0270 	EXP 	Created WelcomeText = TextStim(__class__=<class 'psychopy.visual.text.TextStim'>, alignHoriz=method-wrapper(...), alignText='center', alignVert=method-wrapper(...), anchorHoriz='center', anchorVert='center', antialias=True, autoLog=True, bold=False, color=array([1, 1, 1]), colorSpace='rgb', contrast=1.0, depth=0.0, flipHoriz=False, flipVert=False, font='Open Sans', fontFiles=[], height=0.1, italic=False, languageStyle='LTR', name='WelcomeText', opacity=1, ori=0.0, pos=array([0., 0.]), rgb=UNKNOWN, text='Welcome to our Study!', units='height', win=Window(...), wrapWidth=1)
7.0403 	EXP 	Imported depression.xlsx as conditions, 2 conditions, 12 params
7.0413 	EXP 	Question text: Sadness
7.0662 	EXP 	window1: mouseVisible = True
7.0974 	EXP 	Question text: Pessimism
7.1087 	EXP 	window1: mouseVisible = True
7.1332 	EXP 	window1: mouseVisible = True
7.1376 	EXP 	Created unnamed Rect = Rect(__class__=<class 'psychopy.visual.rect.Rect'>, autoDraw=False, autoLog=True, closeShape=True, color=method-wrapper(...), colorSpace='rgb', contrast=None, depth=0, fillColor=array([0, 0, 0]), fillColorSpace='rgb', fillRGB=UNKNOWN, interpolate=True, lineColor=array([0, 0, 0]), lineColorSpace='rgb', lineRGB=UNKNOWN, lineWidth=1.5, name='unnamed Rect', opacity=0, ori=0.0, pos=array([0., 0.]), size=array([0., 0.]), units='height', vertices=ndarray(...), win=Window(...))
7.1446 	EXP 	Created DepressionQuestionnaire = <psychopy.visual.form.Form object at 0x0000020CACEF8B00>
7.1680 	EXP 	window1: mouseVisible = True
7.2124 	EXP 	Created instructionsText = TextStim(__class__=<class 'psychopy.visual.text.TextStim'>, alignHoriz=method-wrapper(...), alignText='center', alignVert=method-wrapper(...), anchorHoriz='center', anchorVert='center', antialias=True, autoLog=True, bold=False, color=array([1, 1, 1]), colorSpace='rgb', contrast=1.0, depth=0.0, flipHoriz=False, flipVert=False, font='Open Sans', fontFiles=[], height=0.04, italic=False, languageStyle='LTR', name='instructionsText', opacity=1, ori=0.0, pos=array([0., 0.]), rgb=UNKNOWN, text=str(...), units='height', win=Window(...), wrapWidth=1)
7.2154 	EXP 	Created hasPeriphery = ImageStim(__class__=<class 'psychopy.visual.image.ImageStim'>, autoLog=True, color=array([1, 1, 1]), colorSpace='rgb', contrast=1.0, depth=-1.0, flipHoriz=False, flipVert=False, image='sin', interpolate=True, mask=None, maskParams=None, name='hasPeriphery', opacity=1.0, ori=0.0, pos=array([0., 0.]), size=array([0.5, 0.5]), texRes=128.0, units='height', win=Window(...))
7.2180 	EXP 	Created noPeriphery = ImageStim(__class__=<class 'psychopy.visual.image.ImageStim'>, autoLog=True, color=array([1, 1, 1]), colorSpace='rgb', contrast=1.0, depth=-3.0, flipHoriz=False, flipVert=False, image='sin', interpolate=True, mask=None, maskParams=None, name='noPeriphery', opacity=1.0, ori=0.0, pos=array([0., 0.]), size=array([0.5, 0.5]), texRes=128.0, units='height', win=Window(...))
7.2203 	EXP 	Created final = ImageStim(__class__=<class 'psychopy.visual.image.ImageStim'>, autoLog=True, color=array([1, 1, 1]), colorSpace='rgb', contrast=1.0, depth=-4.0, flipHoriz=False, flipVert=False, image='sin', interpolate=True, mask=None, maskParams=None, name='final', opacity=1.0, ori=0.0, pos=array([0., 0.]), size=array([0.5, 0.5]), texRes=128.0, units='height', win=Window(...))
7.2214 	EXP 	Created blank_screen = Rect(__class__=<class 'psychopy.visual.rect.Rect'>, autoDraw=False, autoLog=True, closeShape=True, color=method-wrapper(...), colorSpace='rgb', contrast=None, depth=-5.0, fillColor=array([1, 1, 1]), fillColorSpace='rgb', fillRGB=UNKNOWN, interpolate=True, lineColor=array([1, 1, 1]), lineColorSpace='rgb', lineRGB=UNKNOWN, lineWidth=1.0, name='blank_screen', opacity=1.0, ori=0.0, pos=array([0., 0.]), size=array([2., 2.]), units='height', vertices=ndarray(...), win=Window(...))
7.2276 	EXP 	Created text = TextStim(__class__=<class 'psychopy.visual.text.TextStim'>, alignHoriz=method-wrapper(...), alignText='center', alignVert=method-wrapper(...), anchorHoriz='center', anchorVert='center', antialias=True, autoLog=True, bold=False, color=array([ 1, -1, -1]), colorSpace='rgb', contrast=1.0, depth=-6.0, flipHoriz=False, flipVert=False, font='Open Sans', fontFiles=[], height=0.1, italic=False, languageStyle='LTR', name='text', opacity=1, ori=0.0, pos=array([0., 0.]), rgb=UNKNOWN, text='+', units='height', win=Window(...), wrapWidth=1)
7.2386 	EXP 	Created WelcomeText = TextStim(__class__=<class 'psychopy.visual.text.TextStim'>, alignHoriz=method-wrapper(...), alignText='center', alignVert=method-wrapper(...), anchorHoriz='center', anchorVert='center', antialias=True, autoLog=True, bold=False, color=array([1, 1, 1]), colorSpace='rgb', contrast=1.0, depth=0.0, flipHoriz=False, flipVert=False, font='Open Sans', fontFiles=[], height=0.1, italic=False, languageStyle='LTR', name='WelcomeText', opacity=1, ori=0.0, pos=array([0., 0.]), rgb=UNKNOWN, text='Welcome to our Study!', units='height', win=Window(...), wrapWidth=1)
7.2412 	EXP 	Created hasPeriphery = ImageStim(__class__=<class 'psychopy.visual.image.ImageStim'>, autoLog=True, color=array([1, 1, 1]), colorSpace='rgb', contrast=1.0, depth=-1.0, flipHoriz=False, flipVert=False, image='sin', interpolate=True, mask=None, maskParams=None, name='hasPeriphery', opacity=1.0, ori=0.0, pos=array([0., 0.]), size=array([0.5, 0.5]), texRes=128.0, units='height', win=Window(...))
7.2436 	EXP 	Created noPeriphery = ImageStim(__class__=<class 'psychopy.visual.image.ImageStim'>, autoLog=True, color=array([1, 1, 1]), colorSpace='rgb', contrast=1.0, depth=-3.0, flipHoriz=False, flipVert=False, image='sin', interpolate=True, mask=None, maskParams=None, name='noPeriphery', opacity=1.0, ori=0.0, pos=array([0., 0.]), size=array([0.5, 0.5]), texRes=128.0, units='height', win=Window(...))
7.2460 	EXP 	Created final = ImageStim(__class__=<class 'psychopy.visual.image.ImageStim'>, autoLog=True, color=array([1, 1, 1]), colorSpace='rgb', contrast=1.0, depth=-4.0, flipHoriz=False, flipVert=False, image='sin', interpolate=True, mask=None, maskParams=None, name='final', opacity=1.0, ori=0.0, pos=array([0., 0.]), size=array([0.5, 0.5]), texRes=128.0, units='height', win=Window(...))
7.2471 	EXP 	Created blank_screen = Rect(__class__=<class 'psychopy.visual.rect.Rect'>, autoDraw=False, autoLog=True, closeShape=True, color=method-wrapper(...), colorSpace='rgb', contrast=None, depth=-5.0, fillColor=array([1, 1, 1]), fillColorSpace='rgb', fillRGB=UNKNOWN, interpolate=True, lineColor=array([1, 1, 1]), lineColorSpace='rgb', lineRGB=UNKNOWN, lineWidth=1.0, name='blank_screen', opacity=1.0, ori=0.0, pos=array([0., 0.]), size=array([2., 2.]), units='height', vertices=ndarray(...), win=Window(...))
7.2489 	EXP 	Created text = TextStim(__class__=<class 'psychopy.visual.text.TextStim'>, alignHoriz=method-wrapper(...), alignText='center', alignVert=method-wrapper(...), anchorHoriz='center', anchorVert='center', antialias=True, autoLog=True, bold=False, color=array([ 1, -1, -1]), colorSpace='rgb', contrast=1.0, depth=-6.0, flipHoriz=False, flipVert=False, font='Open Sans', fontFiles=[], height=0.1, italic=False, languageStyle='LTR', name='text', opacity=1, ori=0.0, pos=array([0., 0.]), rgb=UNKNOWN, text='+', units='height', win=Window(...), wrapWidth=1)
7.2978 	EXP 	unnamed Form: autoLog = True
7.2978 	EXP 	DepressionQuestionnaire: name = 'DepressionQuestionnaire'
7.2978 	EXP 	DepressionQuestionnaire: size = (3.5, 1)
7.2978 	EXP 	DepressionQuestionnaire: size = array([3.5, 1. ])
7.2978 	EXP 	DepressionQuestionnaire: units = 'height'
7.2978 	EXP 	DepressionQuestionnaire: depth = 0
7.2978 	EXP 	WelcomeText: autoDraw = True
9.2986 	EXP 	WelcomeText: autoDraw = False
9.2986 	EXP 	DepressionQuestionnaire: autoDraw = True
10.4180 	DATA 	Mouse: Left button down, pos=(534,35)
10.4447 	EXP 	DepressionQuestionnaire: autoDraw = False
10.4447 	EXP 	instructionsText: autoDraw = True
10.5030 	DATA 	Mouse:  Left button up, pos=(537,38)
11.1245 	EXP 	Imported picPaths.xlsx as conditions, 6 conditions, 4 params
11.1248 	EXP 	Created sequence: sequential, trialTypes=6, nReps=1, seed=None
11.1251 	EXP 	New trial (rep=0, index=0): {'startImage': 'C:\\Users\\hesselmann\\Desktop\\PsychoPyUniformityIllusion\\UniformityIllusionPsychoPy\\Pics\\1start.png', 'midImage': 'C:\\Users\\hesselmann\\Desktop\\PsychoPyUniformityIllusion\\UniformityIllusionPsychoPy\\Pics\\1a.png', 'endImage': 'C:\\Users\\hesselmann\\Desktop\\PsychoPyUniformityIllusion\\UniformityIllusionPsychoPy\\Pics\\1a.png', 'AB': 'a'}
11.3684 	DATA 	Keypress: space
11.4046 	EXP 	instructionsText: autoDraw = False
11.4046 	EXP 	hasPeriphery: size = array([1.77777778, 1.        ])
11.4046 	EXP 	hasPeriphery: image = 'C:\\Users\\hesselmann\\Desktop\\PsychoPyUniformityIllusion\\UniformityIllusionPsychoPy\\Pics\\1a.png'
11.4046 	EXP 	noPeriphery: size = array([1.77777778, 1.        ])
11.4046 	EXP 	noPeriphery: image = 'C:\\Users\\hesselmann\\Desktop\\PsychoPyUniformityIllusion\\UniformityIllusionPsychoPy\\Pics\\1start.png'
11.4046 	EXP 	final: size = array([1.77777778, 1.        ])
11.4046 	EXP 	final: image = 'C:\\Users\\hesselmann\\Desktop\\PsychoPyUniformityIllusion\\UniformityIllusionPsychoPy\\Pics\\1a.png'
11.4046 	EXP 	hasPeriphery: autoDraw = True
11.4046 	EXP 	hasPeriphery: texRes = 128.0
11.4046 	EXP 	noPeriphery: autoDraw = True
11.4046 	EXP 	noPeriphery: texRes = 128.0
11.4046 	EXP 	text: autoDraw = True
11.5239 	DATA 	Keypress: space
11.5649 	EXP 	hasPeriphery: texRes = 128.0
11.5649 	EXP 	noPeriphery: texRes = 128.0
11.7116 	EXP 	hasPeriphery: texRes = 128.0
11.7116 	EXP 	noPeriphery: texRes = 128.0
11.8578 	EXP 	hasPeriphery: texRes = 128.0
11.8578 	EXP 	noPeriphery: texRes = 128.0
11.9911 	EXP 	hasPeriphery: texRes = 128.0
11.9911 	EXP 	noPeriphery: texRes = 128.0
12.0924 	DATA 	Keypress: space
12.1382 	EXP 	hasPeriphery: texRes = 128.0
12.1382 	EXP 	noPeriphery: texRes = 128.0
12.2485 	EXP 	New trial (rep=0, index=1): {'startImage': 'C:\\Users\\hesselmann\\Desktop\\PsychoPyUniformityIllusion\\UniformityIllusionPsychoPy\\Pics\\1start.png', 'midImage': 'C:\\Users\\hesselmann\\Desktop\\PsychoPyUniformityIllusion\\UniformityIllusionPsychoPy\\Pics\\1a.png', 'endImage': 'C:\\Users\\hesselmann\\Desktop\\PsychoPyUniformityIllusion\\UniformityIllusionPsychoPy\\Pics\\1b.png', 'AB': 'b'}
12.4781 	DATA 	Keypress: space
12.5115 	EXP 	hasPeriphery: texRes = 128.0
12.5115 	EXP 	noPeriphery: texRes = 128.0
12.5115 	EXP 	hasPeriphery: autoDraw = False
12.5115 	EXP 	noPeriphery: autoDraw = False
12.5115 	EXP 	final: autoDraw = False
12.5115 	EXP 	blank_screen: autoDraw = False
12.5115 	EXP 	text: autoDraw = False
12.5115 	EXP 	hasPeriphery: size = array([1.77777778, 1.        ])
12.5115 	EXP 	hasPeriphery: image = 'C:\\Users\\hesselmann\\Desktop\\PsychoPyUniformityIllusion\\UniformityIllusionPsychoPy\\Pics\\1a.png'
12.5115 	EXP 	noPeriphery: size = array([1.77777778, 1.        ])
12.5115 	EXP 	noPeriphery: image = 'C:\\Users\\hesselmann\\Desktop\\PsychoPyUniformityIllusion\\UniformityIllusionPsychoPy\\Pics\\1start.png'
12.5115 	EXP 	final: size = array([1.77777778, 1.        ])
12.5115 	EXP 	final: image = 'C:\\Users\\hesselmann\\Desktop\\PsychoPyUniformityIllusion\\UniformityIllusionPsychoPy\\Pics\\1b.png'
12.5115 	EXP 	hasPeriphery: autoDraw = True
12.5115 	EXP 	hasPeriphery: texRes = 128.0
12.5115 	EXP 	noPeriphery: autoDraw = True
12.5115 	EXP 	noPeriphery: texRes = 128.0
12.5115 	EXP 	text: autoDraw = True
12.6576 	EXP 	hasPeriphery: texRes = 128.0
12.6576 	EXP 	noPeriphery: texRes = 128.0
12.8047 	EXP 	hasPeriphery: texRes = 128.0
12.8047 	EXP 	noPeriphery: texRes = 128.0
12.8980 	EXP 	New trial (rep=0, index=2): {'startImage': 'C:\\Users\\hesselmann\\Desktop\\PsychoPyUniformityIllusion\\UniformityIllusionPsychoPy\\Pics\\2start.png', 'midImage': 'C:\\Users\\hesselmann\\Desktop\\PsychoPyUniformityIllusion\\UniformityIllusionPsychoPy\\Pics\\2a.png', 'endImage': 'C:\\Users\\hesselmann\\Desktop\\PsychoPyUniformityIllusion\\UniformityIllusionPsychoPy\\Pics\\2a.png', 'AB': 'a'}
13.0873 	DATA 	Keypress: space
13.1245 	EXP 	hasPeriphery: texRes = 128.0
13.1245 	EXP 	noPeriphery: texRes = 128.0
13.1245 	EXP 	hasPeriphery: autoDraw = False
13.1245 	EXP 	noPeriphery: autoDraw = False
13.1245 	EXP 	final: autoDraw = False
13.1245 	EXP 	blank_screen: autoDraw = False
13.1245 	EXP 	text: autoDraw = False
13.1245 	EXP 	hasPeriphery: size = array([1.77777778, 1.        ])
13.1245 	EXP 	hasPeriphery: image = 'C:\\Users\\hesselmann\\Desktop\\PsychoPyUniformityIllusion\\UniformityIllusionPsychoPy\\Pics\\2a.png'
13.1245 	EXP 	noPeriphery: size = array([1.77777778, 1.        ])
13.1245 	EXP 	noPeriphery: image = 'C:\\Users\\hesselmann\\Desktop\\PsychoPyUniformityIllusion\\UniformityIllusionPsychoPy\\Pics\\2start.png'
13.1245 	EXP 	final: size = array([1.77777778, 1.        ])
13.1245 	EXP 	final: image = 'C:\\Users\\hesselmann\\Desktop\\PsychoPyUniformityIllusion\\UniformityIllusionPsychoPy\\Pics\\2a.png'
13.1245 	EXP 	hasPeriphery: autoDraw = True
13.1245 	EXP 	hasPeriphery: texRes = 128.0
13.1245 	EXP 	noPeriphery: autoDraw = True
13.1245 	EXP 	noPeriphery: texRes = 128.0
13.1245 	EXP 	text: autoDraw = True
13.2576 	EXP 	hasPeriphery: texRes = 128.0
13.2576 	EXP 	noPeriphery: texRes = 128.0
13.3783 	EXP 	hasPeriphery: texRes = 128.0
13.3783 	EXP 	noPeriphery: texRes = 128.0
13.5118 	EXP 	hasPeriphery: texRes = 128.0
13.5118 	EXP 	noPeriphery: texRes = 128.0
13.5930 	EXP 	New trial (rep=0, index=3): {'startImage': 'C:\\Users\\hesselmann\\Desktop\\PsychoPyUniformityIllusion\\UniformityIllusionPsychoPy\\Pics\\2start.png', 'midImage': 'C:\\Users\\hesselmann\\Desktop\\PsychoPyUniformityIllusion\\UniformityIllusionPsychoPy\\Pics\\2a.png', 'endImage': 'C:\\Users\\hesselmann\\Desktop\\PsychoPyUniformityIllusion\\UniformityIllusionPsychoPy\\Pics\\2b.png', 'AB': 'b'}
13.7778 	DATA 	Keypress: space
13.8178 	EXP 	hasPeriphery: texRes = 128.0
13.8178 	EXP 	noPeriphery: texRes = 128.0
13.8178 	EXP 	hasPeriphery: autoDraw = False
13.8178 	EXP 	noPeriphery: autoDraw = False
13.8178 	EXP 	final: autoDraw = False
13.8178 	EXP 	blank_screen: autoDraw = False
13.8178 	EXP 	text: autoDraw = False
13.8178 	EXP 	hasPeriphery: size = array([1.77777778, 1.        ])
13.8178 	EXP 	hasPeriphery: image = 'C:\\Users\\hesselmann\\Desktop\\PsychoPyUniformityIllusion\\UniformityIllusionPsychoPy\\Pics\\2a.png'
13.8178 	EXP 	noPeriphery: size = array([1.77777778, 1.        ])
13.8178 	EXP 	noPeriphery: image = 'C:\\Users\\hesselmann\\Desktop\\PsychoPyUniformityIllusion\\UniformityIllusionPsychoPy\\Pics\\2start.png'
13.8178 	EXP 	final: size = array([1.77777778, 1.        ])
13.8178 	EXP 	final: image = 'C:\\Users\\hesselmann\\Desktop\\PsychoPyUniformityIllusion\\UniformityIllusionPsychoPy\\Pics\\2b.png'
13.8178 	EXP 	hasPeriphery: autoDraw = True
13.8178 	EXP 	hasPeriphery: texRes = 128.0
13.8178 	EXP 	noPeriphery: autoDraw = True
13.8178 	EXP 	noPeriphery: texRes = 128.0
13.8178 	EXP 	text: autoDraw = True
13.9381 	EXP 	hasPeriphery: texRes = 128.0
13.9381 	EXP 	noPeriphery: texRes = 128.0
14.0231 	DATA 	Keypress: space
14.0581 	EXP 	hasPeriphery: texRes = 128.0
14.0581 	EXP 	noPeriphery: texRes = 128.0
14.1391 	EXP 	New trial (rep=0, index=4): {'startImage': 'C:\\Users\\hesselmann\\Desktop\\PsychoPyUniformityIllusion\\UniformityIllusionPsychoPy\\Pics\\3start.png', 'midImage': 'C:\\Users\\hesselmann\\Desktop\\PsychoPyUniformityIllusion\\UniformityIllusionPsychoPy\\Pics\\3a.png', 'endImage': 'C:\\Users\\hesselmann\\Desktop\\PsychoPyUniformityIllusion\\UniformityIllusionPsychoPy\\Pics\\3a.png', 'AB': 'a'}
14.3777 	EXP 	hasPeriphery: texRes = 128.0
14.3777 	EXP 	noPeriphery: texRes = 128.0
14.3777 	EXP 	hasPeriphery: autoDraw = False
14.3777 	EXP 	noPeriphery: autoDraw = False
14.3777 	EXP 	final: autoDraw = False
14.3777 	EXP 	blank_screen: autoDraw = False
14.3777 	EXP 	text: autoDraw = False
14.3777 	EXP 	hasPeriphery: size = array([1.77777778, 1.        ])
14.3777 	EXP 	hasPeriphery: image = 'C:\\Users\\hesselmann\\Desktop\\PsychoPyUniformityIllusion\\UniformityIllusionPsychoPy\\Pics\\3a.png'
14.3777 	EXP 	noPeriphery: size = array([1.77777778, 1.        ])
14.3777 	EXP 	noPeriphery: image = 'C:\\Users\\hesselmann\\Desktop\\PsychoPyUniformityIllusion\\UniformityIllusionPsychoPy\\Pics\\3start.png'
14.3777 	EXP 	final: size = array([1.77777778, 1.        ])
14.3777 	EXP 	final: image = 'C:\\Users\\hesselmann\\Desktop\\PsychoPyUniformityIllusion\\UniformityIllusionPsychoPy\\Pics\\3a.png'
14.3777 	EXP 	hasPeriphery: autoDraw = True
14.3777 	EXP 	hasPeriphery: texRes = 128.0
14.3777 	EXP 	noPeriphery: autoDraw = True
14.3777 	EXP 	noPeriphery: texRes = 128.0
14.3777 	EXP 	text: autoDraw = True
14.5111 	EXP 	hasPeriphery: texRes = 128.0
14.5111 	EXP 	noPeriphery: texRes = 128.0
14.6444 	EXP 	hasPeriphery: texRes = 128.0
14.6444 	EXP 	noPeriphery: texRes = 128.0
14.7281 	EXP 	New trial (rep=0, index=5): {'startImage': 'C:\\Users\\hesselmann\\Desktop\\PsychoPyUniformityIllusion\\UniformityIllusionPsychoPy\\Pics\\3start.png', 'midImage': 'C:\\Users\\hesselmann\\Desktop\\PsychoPyUniformityIllusion\\UniformityIllusionPsychoPy\\Pics\\3a.png', 'endImage': 'C:\\Users\\hesselmann\\Desktop\\PsychoPyUniformityIllusion\\UniformityIllusionPsychoPy\\Pics\\3b.png', 'AB': 'b'}
14.9236 	DATA 	Keypress: space
14.9649 	EXP 	hasPeriphery: texRes = 128.0
14.9649 	EXP 	noPeriphery: texRes = 128.0
14.9649 	EXP 	hasPeriphery: autoDraw = False
14.9649 	EXP 	noPeriphery: autoDraw = False
14.9649 	EXP 	final: autoDraw = False
14.9649 	EXP 	blank_screen: autoDraw = False
14.9649 	EXP 	text: autoDraw = False
14.9649 	EXP 	hasPeriphery: size = array([1.77777778, 1.        ])
14.9649 	EXP 	hasPeriphery: image = 'C:\\Users\\hesselmann\\Desktop\\PsychoPyUniformityIllusion\\UniformityIllusionPsychoPy\\Pics\\3a.png'
14.9649 	EXP 	noPeriphery: size = array([1.77777778, 1.        ])
14.9649 	EXP 	noPeriphery: image = 'C:\\Users\\hesselmann\\Desktop\\PsychoPyUniformityIllusion\\UniformityIllusionPsychoPy\\Pics\\3start.png'
14.9649 	EXP 	final: size = array([1.77777778, 1.        ])
14.9649 	EXP 	final: image = 'C:\\Users\\hesselmann\\Desktop\\PsychoPyUniformityIllusion\\UniformityIllusionPsychoPy\\Pics\\3b.png'
14.9649 	EXP 	hasPeriphery: autoDraw = True
14.9649 	EXP 	hasPeriphery: texRes = 128.0
14.9649 	EXP 	noPeriphery: autoDraw = True
14.9649 	EXP 	noPeriphery: texRes = 128.0
14.9649 	EXP 	text: autoDraw = True
15.0984 	EXP 	hasPeriphery: texRes = 128.0
15.0984 	EXP 	noPeriphery: texRes = 128.0
15.2316 	EXP 	hasPeriphery: texRes = 128.0
15.2316 	EXP 	noPeriphery: texRes = 128.0
15.3646 	EXP 	hasPeriphery: texRes = 128.0
15.3646 	EXP 	noPeriphery: texRes = 128.0
15.4538 	DATA 	Keypress: space
15.4979 	EXP 	hasPeriphery: texRes = 128.0
15.4979 	EXP 	noPeriphery: texRes = 128.0
15.6046 	EXP 	hasPeriphery: texRes = 128.0
15.6046 	EXP 	noPeriphery: texRes = 128.0
15.6046 	EXP 	hasPeriphery: autoDraw = False
15.6046 	EXP 	noPeriphery: autoDraw = False
15.6046 	EXP 	final: autoDraw = False
15.6046 	EXP 	blank_screen: autoDraw = False
15.6046 	EXP 	text: autoDraw = False
15.6046 	EXP 	WelcomeText: autoDraw = True
17.6016 	EXP 	Imported picPaths.xlsx as conditions, 24 conditions, 4 params
17.6019 	EXP 	Created sequence: sequential, trialTypes=24, nReps=1, seed=None
17.6021 	EXP 	New trial (rep=0, index=0): {'startImage': 'C:\\Users\\hesselmann\\Desktop\\PsychoPyUniformityIllusion\\UniformityIllusionPsychoPy\\Pics\\4start.png', 'midImage': 'C:\\Users\\hesselmann\\Desktop\\PsychoPyUniformityIllusion\\UniformityIllusionPsychoPy\\Pics\\4a.png', 'endImage': 'C:\\Users\\hesselmann\\Desktop\\PsychoPyUniformityIllusion\\UniformityIllusionPsychoPy\\Pics\\4a.png', 'AB': 'a'}
17.8322 	EXP 	WelcomeText: autoDraw = False
17.8322 	EXP 	hasPeriphery: size = array([1.77777778, 1.        ])
17.8322 	EXP 	hasPeriphery: image = 'C:\\Users\\hesselmann\\Desktop\\PsychoPyUniformityIllusion\\UniformityIllusionPsychoPy\\Pics\\4a.png'
17.8322 	EXP 	noPeriphery: size = array([1.77777778, 1.        ])
17.8322 	EXP 	noPeriphery: image = 'C:\\Users\\hesselmann\\Desktop\\PsychoPyUniformityIllusion\\UniformityIllusionPsychoPy\\Pics\\4start.png'
17.8322 	EXP 	final: size = array([1.77777778, 1.        ])
17.8322 	EXP 	final: image = 'C:\\Users\\hesselmann\\Desktop\\PsychoPyUniformityIllusion\\UniformityIllusionPsychoPy\\Pics\\4a.png'
17.8322 	EXP 	hasPeriphery: autoDraw = True
17.8322 	EXP 	hasPeriphery: texRes = 128.0
17.8322 	EXP 	noPeriphery: autoDraw = True
17.8322 	EXP 	noPeriphery: texRes = 128.0
17.8322 	EXP 	text: autoDraw = True
17.9524 	EXP 	hasPeriphery: texRes = 128.0
17.9524 	EXP 	noPeriphery: texRes = 128.0
18.0849 	EXP 	hasPeriphery: texRes = 128.0
18.0849 	EXP 	noPeriphery: texRes = 128.0
18.2182 	EXP 	hasPeriphery: texRes = 128.0
18.2182 	EXP 	noPeriphery: texRes = 128.0
18.3523 	EXP 	hasPeriphery: texRes = 128.0
18.3523 	EXP 	noPeriphery: texRes = 128.0
18.4849 	EXP 	hasPeriphery: texRes = 128.0
18.4849 	EXP 	noPeriphery: texRes = 128.0
18.6186 	EXP 	hasPeriphery: texRes = 128.0
18.6186 	EXP 	noPeriphery: texRes = 128.0
18.7520 	EXP 	hasPeriphery: texRes = 128.0
18.7520 	EXP 	noPeriphery: texRes = 128.0
18.8853 	EXP 	hasPeriphery: texRes = 128.0
18.8853 	EXP 	noPeriphery: texRes = 128.0
19.0187 	EXP 	hasPeriphery: texRes = 128.0
19.0187 	EXP 	noPeriphery: texRes = 128.0
19.1518 	EXP 	hasPeriphery: texRes = 128.0
19.1518 	EXP 	noPeriphery: texRes = 128.0
19.2850 	EXP 	hasPeriphery: texRes = 128.0
19.2850 	EXP 	noPeriphery: texRes = 128.0
19.4183 	EXP 	hasPeriphery: texRes = 128.0
19.4183 	EXP 	noPeriphery: texRes = 128.0
19.5526 	EXP 	hasPeriphery: texRes = 128.0
19.5526 	EXP 	noPeriphery: texRes = 128.0
19.6854 	EXP 	hasPeriphery: texRes = 128.0
19.6854 	EXP 	noPeriphery: texRes = 128.0
19.8184 	EXP 	hasPeriphery: texRes = 128.0
19.8184 	EXP 	noPeriphery: texRes = 128.0
19.9387 	EXP 	hasPeriphery: texRes = 128.0
19.9387 	EXP 	noPeriphery: texRes = 128.0
20.0724 	EXP 	hasPeriphery: texRes = 128.0
20.0724 	EXP 	noPeriphery: texRes = 128.0
20.1917 	EXP 	hasPeriphery: texRes = 128.0
20.1917 	EXP 	noPeriphery: texRes = 128.0
20.3258 	EXP 	hasPeriphery: texRes = 128.0
20.3258 	EXP 	noPeriphery: texRes = 128.0
20.5117 	EXP 	hasPeriphery: texRes = 128.0
20.5117 	EXP 	noPeriphery: texRes = 128.0
20.5117 	EXP 	final: autoDraw = True
20.5117 	EXP 	final: texRes = 128.0
20.7121 	EXP 	hasPeriphery: texRes = 128.0
20.7121 	EXP 	noPeriphery: texRes = 128.0
20.7121 	EXP 	blank_screen: autoDraw = True
20.7121 	EXP 	final: texRes = 128.0
20.9118 	EXP 	hasPeriphery: texRes = 128.0
20.9118 	EXP 	noPeriphery: texRes = 128.0
20.9118 	EXP 	final: texRes = 128.0
21.0987 	EXP 	hasPeriphery: texRes = 128.0
21.0987 	EXP 	noPeriphery: texRes = 128.0
21.0987 	EXP 	blank_screen: autoDraw = False
21.0987 	EXP 	final: texRes = 128.0
21.2702 	DATA 	Keypress: space
21.2988 	EXP 	hasPeriphery: texRes = 128.0
21.2988 	EXP 	noPeriphery: texRes = 128.0
21.2988 	EXP 	final: texRes = 128.0
21.4157 	EXP 	New trial (rep=0, index=1): {'startImage': 'C:\\Users\\hesselmann\\Desktop\\PsychoPyUniformityIllusion\\UniformityIllusionPsychoPy\\Pics\\4start.png', 'midImage': 'C:\\Users\\hesselmann\\Desktop\\PsychoPyUniformityIllusion\\UniformityIllusionPsychoPy\\Pics\\4a.png', 'endImage': 'C:\\Users\\hesselmann\\Desktop\\PsychoPyUniformityIllusion\\UniformityIllusionPsychoPy\\Pics\\4b.png', 'AB': 'b'}
21.6318 	EXP 	hasPeriphery: texRes = 128.0
21.6318 	EXP 	noPeriphery: texRes = 128.0
21.6318 	EXP 	final: texRes = 128.0
21.6318 	EXP 	hasPeriphery: autoDraw = False
21.6318 	EXP 	noPeriphery: autoDraw = False
21.6318 	EXP 	final: autoDraw = False
21.6318 	EXP 	blank_screen: autoDraw = False
21.6318 	EXP 	text: autoDraw = False
21.6318 	EXP 	hasPeriphery: size = array([1.77777778, 1.        ])
21.6318 	EXP 	hasPeriphery: image = 'C:\\Users\\hesselmann\\Desktop\\PsychoPyUniformityIllusion\\UniformityIllusionPsychoPy\\Pics\\4a.png'
21.6318 	EXP 	noPeriphery: size = array([1.77777778, 1.        ])
21.6318 	EXP 	noPeriphery: image = 'C:\\Users\\hesselmann\\Desktop\\PsychoPyUniformityIllusion\\UniformityIllusionPsychoPy\\Pics\\4start.png'
21.6318 	EXP 	final: size = array([1.77777778, 1.        ])
21.6318 	EXP 	final: image = 'C:\\Users\\hesselmann\\Desktop\\PsychoPyUniformityIllusion\\UniformityIllusionPsychoPy\\Pics\\4b.png'
21.6318 	EXP 	hasPeriphery: autoDraw = True
21.6318 	EXP 	hasPeriphery: texRes = 128.0
21.6318 	EXP 	noPeriphery: autoDraw = True
21.6318 	EXP 	noPeriphery: texRes = 128.0
21.6318 	EXP 	text: autoDraw = True
21.7652 	EXP 	hasPeriphery: texRes = 128.0
21.7652 	EXP 	noPeriphery: texRes = 128.0
21.8852 	EXP 	hasPeriphery: texRes = 128.0
21.8852 	EXP 	noPeriphery: texRes = 128.0
22.0052 	EXP 	hasPeriphery: texRes = 128.0
22.0052 	EXP 	noPeriphery: texRes = 128.0
22.1393 	EXP 	hasPeriphery: texRes = 128.0
22.1393 	EXP 	noPeriphery: texRes = 128.0
22.2726 	EXP 	hasPeriphery: texRes = 128.0
22.2726 	EXP 	noPeriphery: texRes = 128.0
22.4056 	EXP 	hasPeriphery: texRes = 128.0
22.4056 	EXP 	noPeriphery: texRes = 128.0
22.5523 	EXP 	hasPeriphery: texRes = 128.0
22.5523 	EXP 	noPeriphery: texRes = 128.0
22.6853 	EXP 	hasPeriphery: texRes = 128.0
22.6853 	EXP 	noPeriphery: texRes = 128.0
22.8187 	EXP 	hasPeriphery: texRes = 128.0
22.8187 	EXP 	noPeriphery: texRes = 128.0
22.9524 	EXP 	hasPeriphery: texRes = 128.0
22.9524 	EXP 	noPeriphery: texRes = 128.0
23.0864 	EXP 	hasPeriphery: texRes = 128.0
23.0864 	EXP 	noPeriphery: texRes = 128.0
23.2187 	EXP 	hasPeriphery: texRes = 128.0
23.2187 	EXP 	noPeriphery: texRes = 128.0
23.3524 	EXP 	hasPeriphery: texRes = 128.0
23.3524 	EXP 	noPeriphery: texRes = 128.0
23.4861 	EXP 	hasPeriphery: texRes = 128.0
23.4861 	EXP 	noPeriphery: texRes = 128.0
23.6325 	EXP 	hasPeriphery: texRes = 128.0
23.6325 	EXP 	noPeriphery: texRes = 128.0
23.7660 	EXP 	hasPeriphery: texRes = 128.0
23.7660 	EXP 	noPeriphery: texRes = 128.0
23.9128 	EXP 	hasPeriphery: texRes = 128.0
23.9128 	EXP 	noPeriphery: texRes = 128.0
24.0454 	EXP 	hasPeriphery: texRes = 128.0
24.0454 	EXP 	noPeriphery: texRes = 128.0
24.1791 	EXP 	hasPeriphery: texRes = 128.0
24.1791 	EXP 	noPeriphery: texRes = 128.0
24.3128 	EXP 	hasPeriphery: texRes = 128.0
24.3128 	EXP 	noPeriphery: texRes = 128.0
24.4462 	EXP 	hasPeriphery: texRes = 128.0
24.4462 	EXP 	noPeriphery: texRes = 128.0
24.5791 	EXP 	hasPeriphery: texRes = 128.0
24.5791 	EXP 	noPeriphery: texRes = 128.0
24.7129 	EXP 	hasPeriphery: texRes = 128.0
24.7129 	EXP 	noPeriphery: texRes = 128.0
24.8466 	EXP 	hasPeriphery: texRes = 128.0
24.8466 	EXP 	noPeriphery: texRes = 128.0
24.9659 	EXP 	hasPeriphery: texRes = 128.0
24.9659 	EXP 	noPeriphery: texRes = 128.0
25.0989 	EXP 	hasPeriphery: texRes = 128.0
25.0989 	EXP 	noPeriphery: texRes = 128.0
25.2328 	EXP 	hasPeriphery: texRes = 128.0
25.2328 	EXP 	noPeriphery: texRes = 128.0
25.3656 	EXP 	hasPeriphery: texRes = 128.0
25.3656 	EXP 	noPeriphery: texRes = 128.0
25.4993 	EXP 	hasPeriphery: texRes = 128.0
25.4993 	EXP 	noPeriphery: texRes = 128.0
25.6726 	EXP 	hasPeriphery: texRes = 128.0
25.6726 	EXP 	noPeriphery: texRes = 128.0
25.6726 	EXP 	final: autoDraw = True
25.6726 	EXP 	final: texRes = 128.0
25.8593 	EXP 	hasPeriphery: texRes = 128.0
25.8593 	EXP 	noPeriphery: texRes = 128.0
25.8593 	EXP 	final: texRes = 128.0
26.0326 	EXP 	hasPeriphery: texRes = 128.0
26.0326 	EXP 	noPeriphery: texRes = 128.0
26.0326 	EXP 	final: texRes = 128.0
26.2065 	EXP 	hasPeriphery: texRes = 128.0
26.2065 	EXP 	noPeriphery: texRes = 128.0
26.2065 	EXP 	final: texRes = 128.0
26.3926 	EXP 	hasPeriphery: texRes = 128.0
26.3926 	EXP 	noPeriphery: texRes = 128.0
26.3926 	EXP 	final: texRes = 128.0
26.5801 	EXP 	hasPeriphery: texRes = 128.0
26.5801 	EXP 	noPeriphery: texRes = 128.0
26.5801 	EXP 	blank_screen: autoDraw = True
26.5801 	EXP 	final: texRes = 128.0
26.7802 	EXP 	hasPeriphery: texRes = 128.0
26.7802 	EXP 	noPeriphery: texRes = 128.0
26.7802 	EXP 	final: texRes = 128.0
26.9662 	EXP 	hasPeriphery: texRes = 128.0
26.9662 	EXP 	noPeriphery: texRes = 128.0
26.9662 	EXP 	blank_screen: autoDraw = False
26.9662 	EXP 	final: texRes = 128.0
27.1399 	EXP 	hasPeriphery: texRes = 128.0
27.1399 	EXP 	noPeriphery: texRes = 128.0
27.1399 	EXP 	final: texRes = 128.0
27.3257 	EXP 	hasPeriphery: texRes = 128.0
27.3257 	EXP 	noPeriphery: texRes = 128.0
27.3257 	EXP 	final: texRes = 128.0
27.5262 	EXP 	hasPeriphery: texRes = 128.0
27.5262 	EXP 	noPeriphery: texRes = 128.0
27.5262 	EXP 	final: texRes = 128.0
27.6992 	EXP 	hasPeriphery: texRes = 128.0
27.6992 	EXP 	noPeriphery: texRes = 128.0
27.6992 	EXP 	final: texRes = 128.0
27.8866 	EXP 	hasPeriphery: texRes = 128.0
27.8866 	EXP 	noPeriphery: texRes = 128.0
27.8866 	EXP 	blank_screen: autoDraw = True
27.8866 	EXP 	final: texRes = 128.0
28.0725 	EXP 	hasPeriphery: texRes = 128.0
28.0725 	EXP 	noPeriphery: texRes = 128.0
28.0725 	EXP 	final: texRes = 128.0
28.2462 	EXP 	hasPeriphery: texRes = 128.0
28.2462 	EXP 	noPeriphery: texRes = 128.0
28.2462 	EXP 	blank_screen: autoDraw = False
28.2462 	EXP 	final: texRes = 128.0
28.4331 	EXP 	hasPeriphery: texRes = 128.0
28.4331 	EXP 	noPeriphery: texRes = 128.0
28.4331 	EXP 	final: texRes = 128.0
28.6196 	EXP 	hasPeriphery: texRes = 128.0
28.6196 	EXP 	noPeriphery: texRes = 128.0
28.6196 	EXP 	final: texRes = 128.0
28.7728 	DATA 	Keypress: space
28.8063 	EXP 	hasPeriphery: texRes = 128.0
28.8063 	EXP 	noPeriphery: texRes = 128.0
28.8063 	EXP 	final: texRes = 128.0
28.9177 	EXP 	New trial (rep=0, index=2): {'startImage': 'C:\\Users\\hesselmann\\Desktop\\PsychoPyUniformityIllusion\\UniformityIllusionPsychoPy\\Pics\\5start.png', 'midImage': 'C:\\Users\\hesselmann\\Desktop\\PsychoPyUniformityIllusion\\UniformityIllusionPsychoPy\\Pics\\5a.png', 'endImage': 'C:\\Users\\hesselmann\\Desktop\\PsychoPyUniformityIllusion\\UniformityIllusionPsychoPy\\Pics\\5a.png', 'AB': 'a'}
29.2064 	EXP 	hasPeriphery: texRes = 128.0
29.2064 	EXP 	noPeriphery: texRes = 128.0
29.2064 	EXP 	final: texRes = 128.0
29.2064 	EXP 	hasPeriphery: autoDraw = False
29.2064 	EXP 	noPeriphery: autoDraw = False
29.2064 	EXP 	final: autoDraw = False
29.2064 	EXP 	blank_screen: autoDraw = False
29.2064 	EXP 	text: autoDraw = False
29.2064 	EXP 	hasPeriphery: size = array([1.77777778, 1.        ])
29.2064 	EXP 	hasPeriphery: image = 'C:\\Users\\hesselmann\\Desktop\\PsychoPyUniformityIllusion\\UniformityIllusionPsychoPy\\Pics\\5a.png'
29.2064 	EXP 	noPeriphery: size = array([1.77777778, 1.        ])
29.2064 	EXP 	noPeriphery: image = 'C:\\Users\\hesselmann\\Desktop\\PsychoPyUniformityIllusion\\UniformityIllusionPsychoPy\\Pics\\5start.png'
29.2064 	EXP 	final: size = array([1.77777778, 1.        ])
29.2064 	EXP 	final: image = 'C:\\Users\\hesselmann\\Desktop\\PsychoPyUniformityIllusion\\UniformityIllusionPsychoPy\\Pics\\5a.png'
29.2064 	EXP 	hasPeriphery: autoDraw = True
29.2064 	EXP 	hasPeriphery: texRes = 128.0
29.2064 	EXP 	noPeriphery: autoDraw = True
29.2064 	EXP 	noPeriphery: texRes = 128.0
29.2064 	EXP 	text: autoDraw = True
29.3660 	EXP 	hasPeriphery: texRes = 128.0
29.3660 	EXP 	noPeriphery: texRes = 128.0
29.5133 	EXP 	hasPeriphery: texRes = 128.0
29.5133 	EXP 	noPeriphery: texRes = 128.0
29.6600 	EXP 	hasPeriphery: texRes = 128.0
29.6600 	EXP 	noPeriphery: texRes = 128.0
29.8193 	EXP 	hasPeriphery: texRes = 128.0
29.8193 	EXP 	noPeriphery: texRes = 128.0
29.9664 	EXP 	hasPeriphery: texRes = 128.0
29.9664 	EXP 	noPeriphery: texRes = 128.0
30.1130 	EXP 	hasPeriphery: texRes = 128.0
30.1130 	EXP 	noPeriphery: texRes = 128.0
30.2607 	EXP 	hasPeriphery: texRes = 128.0
30.2607 	EXP 	noPeriphery: texRes = 128.0
30.3629 	EXP 	New trial (rep=0, index=3): {'startImage': 'C:\\Users\\hesselmann\\Desktop\\PsychoPyUniformityIllusion\\UniformityIllusionPsychoPy\\Pics\\5start.png', 'midImage': 'C:\\Users\\hesselmann\\Desktop\\PsychoPyUniformityIllusion\\UniformityIllusionPsychoPy\\Pics\\5a.png', 'endImage': 'C:\\Users\\hesselmann\\Desktop\\PsychoPyUniformityIllusion\\UniformityIllusionPsychoPy\\Pics\\5b.png', 'AB': 'b'}
30.6251 	DATA 	Keypress: space
30.6599 	EXP 	hasPeriphery: texRes = 128.0
30.6599 	EXP 	noPeriphery: texRes = 128.0
30.6599 	EXP 	hasPeriphery: autoDraw = False
30.6599 	EXP 	noPeriphery: autoDraw = False
30.6599 	EXP 	final: autoDraw = False
30.6599 	EXP 	blank_screen: autoDraw = False
30.6599 	EXP 	text: autoDraw = False
30.6599 	EXP 	hasPeriphery: size = array([1.77777778, 1.        ])
30.6599 	EXP 	hasPeriphery: image = 'C:\\Users\\hesselmann\\Desktop\\PsychoPyUniformityIllusion\\UniformityIllusionPsychoPy\\Pics\\5a.png'
30.6599 	EXP 	noPeriphery: size = array([1.77777778, 1.        ])
30.6599 	EXP 	noPeriphery: image = 'C:\\Users\\hesselmann\\Desktop\\PsychoPyUniformityIllusion\\UniformityIllusionPsychoPy\\Pics\\5start.png'
30.6599 	EXP 	final: size = array([1.77777778, 1.        ])
30.6599 	EXP 	final: image = 'C:\\Users\\hesselmann\\Desktop\\PsychoPyUniformityIllusion\\UniformityIllusionPsychoPy\\Pics\\5b.png'
30.6599 	EXP 	hasPeriphery: autoDraw = True
30.6599 	EXP 	hasPeriphery: texRes = 128.0
30.6599 	EXP 	noPeriphery: autoDraw = True
30.6599 	EXP 	noPeriphery: texRes = 128.0
30.6599 	EXP 	text: autoDraw = True
30.8202 	EXP 	hasPeriphery: texRes = 128.0
30.8202 	EXP 	noPeriphery: texRes = 128.0
30.9661 	EXP 	hasPeriphery: texRes = 128.0
30.9661 	EXP 	noPeriphery: texRes = 128.0
31.1133 	EXP 	hasPeriphery: texRes = 128.0
31.1133 	EXP 	noPeriphery: texRes = 128.0
31.2731 	EXP 	hasPeriphery: texRes = 128.0
31.2731 	EXP 	noPeriphery: texRes = 128.0
31.4195 	EXP 	hasPeriphery: texRes = 128.0
31.4195 	EXP 	noPeriphery: texRes = 128.0
31.5669 	EXP 	hasPeriphery: texRes = 128.0
31.5669 	EXP 	noPeriphery: texRes = 128.0
31.7266 	EXP 	hasPeriphery: texRes = 128.0
31.7266 	EXP 	noPeriphery: texRes = 128.0
31.8739 	EXP 	hasPeriphery: texRes = 128.0
31.8739 	EXP 	noPeriphery: texRes = 128.0
32.0195 	EXP 	hasPeriphery: texRes = 128.0
32.0195 	EXP 	noPeriphery: texRes = 128.0
32.1663 	EXP 	hasPeriphery: texRes = 128.0
32.1663 	EXP 	noPeriphery: texRes = 128.0
32.3129 	EXP 	hasPeriphery: texRes = 128.0
32.3129 	EXP 	noPeriphery: texRes = 128.0
32.4732 	EXP 	hasPeriphery: texRes = 128.0
32.4732 	EXP 	noPeriphery: texRes = 128.0
32.6329 	EXP 	hasPeriphery: texRes = 128.0
32.6329 	EXP 	noPeriphery: texRes = 128.0
32.7941 	EXP 	hasPeriphery: texRes = 128.0
32.7941 	EXP 	noPeriphery: texRes = 128.0
32.9534 	EXP 	hasPeriphery: texRes = 128.0
32.9534 	EXP 	noPeriphery: texRes = 128.0
33.1002 	EXP 	hasPeriphery: texRes = 128.0
33.1002 	EXP 	noPeriphery: texRes = 128.0
33.2463 	EXP 	hasPeriphery: texRes = 128.0
33.2463 	EXP 	noPeriphery: texRes = 128.0
33.3939 	EXP 	hasPeriphery: texRes = 128.0
33.3939 	EXP 	noPeriphery: texRes = 128.0
33.5400 	EXP 	hasPeriphery: texRes = 128.0
33.5400 	EXP 	noPeriphery: texRes = 128.0
33.6998 	EXP 	hasPeriphery: texRes = 128.0
33.6998 	EXP 	noPeriphery: texRes = 128.0
33.8468 	EXP 	hasPeriphery: texRes = 128.0
33.8468 	EXP 	noPeriphery: texRes = 128.0
33.9931 	EXP 	hasPeriphery: texRes = 128.0
33.9931 	EXP 	noPeriphery: texRes = 128.0
34.1401 	EXP 	hasPeriphery: texRes = 128.0
34.1401 	EXP 	noPeriphery: texRes = 128.0
34.2864 	EXP 	hasPeriphery: texRes = 128.0
34.2864 	EXP 	noPeriphery: texRes = 128.0
34.4474 	EXP 	hasPeriphery: texRes = 128.0
34.4474 	EXP 	noPeriphery: texRes = 128.0
34.5935 	EXP 	hasPeriphery: texRes = 128.0
34.5935 	EXP 	noPeriphery: texRes = 128.0
34.7401 	EXP 	hasPeriphery: texRes = 128.0
34.7401 	EXP 	noPeriphery: texRes = 128.0
34.8865 	EXP 	hasPeriphery: texRes = 128.0
34.8865 	EXP 	noPeriphery: texRes = 128.0
35.0340 	EXP 	hasPeriphery: texRes = 128.0
35.0340 	EXP 	noPeriphery: texRes = 128.0
35.2474 	EXP 	hasPeriphery: texRes = 128.0
35.2474 	EXP 	noPeriphery: texRes = 128.0
35.2474 	EXP 	final: autoDraw = True
35.2474 	EXP 	final: texRes = 128.0
35.4602 	EXP 	hasPeriphery: texRes = 128.0
35.4602 	EXP 	noPeriphery: texRes = 128.0
35.4602 	EXP 	final: texRes = 128.0
35.6878 	EXP 	hasPeriphery: texRes = 128.0
35.6878 	EXP 	noPeriphery: texRes = 128.0
35.6878 	EXP 	final: texRes = 128.0
35.9133 	EXP 	hasPeriphery: texRes = 128.0
35.9133 	EXP 	noPeriphery: texRes = 128.0
35.9133 	EXP 	final: texRes = 128.0
36.1401 	EXP 	hasPeriphery: texRes = 128.0
36.1401 	EXP 	noPeriphery: texRes = 128.0
36.1401 	EXP 	final: texRes = 128.0
36.3807 	EXP 	hasPeriphery: texRes = 128.0
36.3807 	EXP 	noPeriphery: texRes = 128.0
36.3807 	EXP 	blank_screen: autoDraw = True
36.3807 	EXP 	final: texRes = 128.0
36.6200 	EXP 	hasPeriphery: texRes = 128.0
36.6200 	EXP 	noPeriphery: texRes = 128.0
36.6200 	EXP 	final: texRes = 128.0
36.8333 	EXP 	hasPeriphery: texRes = 128.0
36.8333 	EXP 	noPeriphery: texRes = 128.0
36.8333 	EXP 	blank_screen: autoDraw = False
36.8333 	EXP 	final: texRes = 128.0
37.0471 	EXP 	hasPeriphery: texRes = 128.0
37.0471 	EXP 	noPeriphery: texRes = 128.0
37.0471 	EXP 	final: texRes = 128.0
37.2601 	EXP 	hasPeriphery: texRes = 128.0
37.2601 	EXP 	noPeriphery: texRes = 128.0
37.2601 	EXP 	final: texRes = 128.0
37.4733 	EXP 	hasPeriphery: texRes = 128.0
37.4733 	EXP 	noPeriphery: texRes = 128.0
37.4733 	EXP 	final: texRes = 128.0
37.6868 	EXP 	hasPeriphery: texRes = 128.0
37.6868 	EXP 	noPeriphery: texRes = 128.0
37.6868 	EXP 	final: texRes = 128.0
37.9144 	EXP 	hasPeriphery: texRes = 128.0
37.9144 	EXP 	noPeriphery: texRes = 128.0
37.9144 	EXP 	blank_screen: autoDraw = True
37.9144 	EXP 	final: texRes = 128.0
38.1268 	EXP 	hasPeriphery: texRes = 128.0
38.1268 	EXP 	noPeriphery: texRes = 128.0
38.1268 	EXP 	final: texRes = 128.0
38.3669 	EXP 	hasPeriphery: texRes = 128.0
38.3669 	EXP 	noPeriphery: texRes = 128.0
38.3669 	EXP 	blank_screen: autoDraw = False
38.3669 	EXP 	final: texRes = 128.0
38.5806 	EXP 	hasPeriphery: texRes = 128.0
38.5806 	EXP 	noPeriphery: texRes = 128.0
38.5806 	EXP 	final: texRes = 128.0
38.7947 	EXP 	hasPeriphery: texRes = 128.0
38.7947 	EXP 	noPeriphery: texRes = 128.0
38.7947 	EXP 	final: texRes = 128.0
39.0206 	EXP 	hasPeriphery: texRes = 128.0
39.0206 	EXP 	noPeriphery: texRes = 128.0
39.0206 	EXP 	final: texRes = 128.0
39.2341 	EXP 	hasPeriphery: texRes = 128.0
39.2341 	EXP 	noPeriphery: texRes = 128.0
39.2341 	EXP 	final: texRes = 128.0
39.4740 	EXP 	hasPeriphery: texRes = 128.0
39.4740 	EXP 	noPeriphery: texRes = 128.0
39.4740 	EXP 	blank_screen: autoDraw = True
39.4740 	EXP 	final: texRes = 128.0
39.6873 	EXP 	hasPeriphery: texRes = 128.0
39.6873 	EXP 	noPeriphery: texRes = 128.0
39.6873 	EXP 	final: texRes = 128.0
39.9008 	EXP 	hasPeriphery: texRes = 128.0
39.9008 	EXP 	noPeriphery: texRes = 128.0
39.9008 	EXP 	blank_screen: autoDraw = False
39.9008 	EXP 	final: texRes = 128.0
40.1271 	EXP 	hasPeriphery: texRes = 128.0
40.1271 	EXP 	noPeriphery: texRes = 128.0
40.1271 	EXP 	final: texRes = 128.0
40.3411 	EXP 	hasPeriphery: texRes = 128.0
40.3411 	EXP 	noPeriphery: texRes = 128.0
40.3411 	EXP 	final: texRes = 128.0
40.5547 	EXP 	hasPeriphery: texRes = 128.0
40.5547 	EXP 	noPeriphery: texRes = 128.0
40.5547 	EXP 	final: texRes = 128.0
40.8076 	EXP 	hasPeriphery: texRes = 128.0
40.8076 	EXP 	noPeriphery: texRes = 128.0
40.8076 	EXP 	final: texRes = 128.0
40.8871 	EXP 	hasPeriphery: autoDraw = False
40.8871 	EXP 	noPeriphery: autoDraw = False
40.8871 	EXP 	final: texRes = 128.0
40.9678 	EXP 	final: texRes = 128.0
41.0472 	EXP 	final: texRes = 128.0
41.1283 	EXP 	final: texRes = 128.0
41.2071 	EXP 	final: texRes = 128.0
41.2879 	EXP 	final: texRes = 128.0
41.3675 	EXP 	final: texRes = 128.0
41.4479 	EXP 	final: texRes = 128.0
41.5280 	EXP 	final: texRes = 128.0
41.6205 	EXP 	final: texRes = 128.0
41.7009 	EXP 	final: texRes = 128.0
41.7811 	EXP 	final: texRes = 128.0
41.8613 	EXP 	final: texRes = 128.0
41.9406 	EXP 	final: texRes = 128.0
42.0209 	EXP 	final: texRes = 128.0
42.1006 	EXP 	final: texRes = 128.0
42.1806 	EXP 	final: texRes = 128.0
42.2613 	EXP 	final: texRes = 128.0
42.3415 	EXP 	final: texRes = 128.0
42.4215 	EXP 	final: texRes = 128.0
42.5006 	EXP 	final: texRes = 128.0
42.5817 	EXP 	final: texRes = 128.0
42.6357 	EXP 	New trial (rep=0, index=4): {'startImage': 'C:\\Users\\hesselmann\\Desktop\\PsychoPyUniformityIllusion\\UniformityIllusionPsychoPy\\Pics\\6start.png', 'midImage': 'C:\\Users\\hesselmann\\Desktop\\PsychoPyUniformityIllusion\\UniformityIllusionPsychoPy\\Pics\\6a.png', 'endImage': 'C:\\Users\\hesselmann\\Desktop\\PsychoPyUniformityIllusion\\UniformityIllusionPsychoPy\\Pics\\6a.png', 'AB': 'a'}
42.9276 	EXP 	final: texRes = 128.0
42.9276 	EXP 	hasPeriphery: autoDraw = False
42.9276 	EXP 	noPeriphery: autoDraw = False
42.9276 	EXP 	final: autoDraw = False
42.9276 	EXP 	blank_screen: autoDraw = False
42.9276 	EXP 	text: autoDraw = False
42.9276 	EXP 	hasPeriphery: size = array([1.77777778, 1.        ])
42.9276 	EXP 	hasPeriphery: image = 'C:\\Users\\hesselmann\\Desktop\\PsychoPyUniformityIllusion\\UniformityIllusionPsychoPy\\Pics\\6a.png'
42.9276 	EXP 	noPeriphery: size = array([1.77777778, 1.        ])
42.9276 	EXP 	noPeriphery: image = 'C:\\Users\\hesselmann\\Desktop\\PsychoPyUniformityIllusion\\UniformityIllusionPsychoPy\\Pics\\6start.png'
42.9276 	EXP 	final: size = array([1.77777778, 1.        ])
42.9276 	EXP 	final: image = 'C:\\Users\\hesselmann\\Desktop\\PsychoPyUniformityIllusion\\UniformityIllusionPsychoPy\\Pics\\6a.png'
42.9276 	EXP 	hasPeriphery: autoDraw = True
42.9276 	EXP 	hasPeriphery: texRes = 128.0
42.9276 	EXP 	noPeriphery: autoDraw = True
42.9276 	EXP 	noPeriphery: texRes = 128.0
42.9276 	EXP 	text: autoDraw = True
43.0743 	EXP 	hasPeriphery: texRes = 128.0
43.0743 	EXP 	noPeriphery: texRes = 128.0
43.1630 	EXP 	New trial (rep=0, index=5): {'startImage': 'C:\\Users\\hesselmann\\Desktop\\PsychoPyUniformityIllusion\\UniformityIllusionPsychoPy\\Pics\\6start.png', 'midImage': 'C:\\Users\\hesselmann\\Desktop\\PsychoPyUniformityIllusion\\UniformityIllusionPsychoPy\\Pics\\6a.png', 'endImage': 'C:\\Users\\hesselmann\\Desktop\\PsychoPyUniformityIllusion\\UniformityIllusionPsychoPy\\Pics\\6b.png', 'AB': 'b'}
43.4158 	DATA 	Keypress: space
43.4478 	EXP 	hasPeriphery: texRes = 128.0
43.4478 	EXP 	noPeriphery: texRes = 128.0
43.4478 	EXP 	hasPeriphery: autoDraw = False
43.4478 	EXP 	noPeriphery: autoDraw = False
43.4478 	EXP 	final: autoDraw = False
43.4478 	EXP 	blank_screen: autoDraw = False
43.4478 	EXP 	text: autoDraw = False
43.4478 	EXP 	hasPeriphery: size = array([1.77777778, 1.        ])
43.4478 	EXP 	hasPeriphery: image = 'C:\\Users\\hesselmann\\Desktop\\PsychoPyUniformityIllusion\\UniformityIllusionPsychoPy\\Pics\\6a.png'
43.4478 	EXP 	noPeriphery: size = array([1.77777778, 1.        ])
43.4478 	EXP 	noPeriphery: image = 'C:\\Users\\hesselmann\\Desktop\\PsychoPyUniformityIllusion\\UniformityIllusionPsychoPy\\Pics\\6start.png'
43.4478 	EXP 	final: size = array([1.77777778, 1.        ])
43.4478 	EXP 	final: image = 'C:\\Users\\hesselmann\\Desktop\\PsychoPyUniformityIllusion\\UniformityIllusionPsychoPy\\Pics\\6b.png'
43.4478 	EXP 	hasPeriphery: autoDraw = True
43.4478 	EXP 	hasPeriphery: texRes = 128.0
43.4478 	EXP 	noPeriphery: autoDraw = True
43.4478 	EXP 	noPeriphery: texRes = 128.0
43.4478 	EXP 	text: autoDraw = True
43.5952 	EXP 	hasPeriphery: texRes = 128.0
43.5952 	EXP 	noPeriphery: texRes = 128.0
43.7411 	EXP 	hasPeriphery: texRes = 128.0
43.7411 	EXP 	noPeriphery: texRes = 128.0
43.8740 	EXP 	hasPeriphery: texRes = 128.0
43.8740 	EXP 	noPeriphery: texRes = 128.0
44.0083 	EXP 	hasPeriphery: texRes = 128.0
44.0083 	EXP 	noPeriphery: texRes = 128.0
44.1547 	EXP 	hasPeriphery: texRes = 128.0
44.1547 	EXP 	noPeriphery: texRes = 128.0
44.3008 	EXP 	hasPeriphery: texRes = 128.0
44.3008 	EXP 	noPeriphery: texRes = 128.0
44.4475 	EXP 	hasPeriphery: texRes = 128.0
44.4475 	EXP 	noPeriphery: texRes = 128.0
44.5358 	EXP 	New trial (rep=0, index=6): {'startImage': 'C:\\Users\\hesselmann\\Desktop\\PsychoPyUniformityIllusion\\UniformityIllusionPsychoPy\\Pics\\7start.png', 'midImage': 'C:\\Users\\hesselmann\\Desktop\\PsychoPyUniformityIllusion\\UniformityIllusionPsychoPy\\Pics\\7a.png', 'endImage': 'C:\\Users\\hesselmann\\Desktop\\PsychoPyUniformityIllusion\\UniformityIllusionPsychoPy\\Pics\\7a.png', 'AB': None}
44.8316 	DATA 	Keypress: space
44.8607 	EXP 	hasPeriphery: texRes = 128.0
44.8607 	EXP 	noPeriphery: texRes = 128.0
44.8607 	EXP 	hasPeriphery: autoDraw = False
44.8607 	EXP 	noPeriphery: autoDraw = False
44.8607 	EXP 	final: autoDraw = False
44.8607 	EXP 	blank_screen: autoDraw = False
44.8607 	EXP 	text: autoDraw = False
44.8607 	EXP 	hasPeriphery: size = array([1.77777778, 1.        ])
44.8607 	EXP 	hasPeriphery: image = 'C:\\Users\\hesselmann\\Desktop\\PsychoPyUniformityIllusion\\UniformityIllusionPsychoPy\\Pics\\7a.png'
44.8607 	EXP 	noPeriphery: size = array([1.77777778, 1.        ])
44.8607 	EXP 	noPeriphery: image = 'C:\\Users\\hesselmann\\Desktop\\PsychoPyUniformityIllusion\\UniformityIllusionPsychoPy\\Pics\\7start.png'
44.8607 	EXP 	final: size = array([1.77777778, 1.        ])
44.8607 	EXP 	final: image = 'C:\\Users\\hesselmann\\Desktop\\PsychoPyUniformityIllusion\\UniformityIllusionPsychoPy\\Pics\\7a.png'
44.8607 	EXP 	hasPeriphery: autoDraw = True
44.8607 	EXP 	hasPeriphery: texRes = 128.0
44.8607 	EXP 	noPeriphery: autoDraw = True
44.8607 	EXP 	noPeriphery: texRes = 128.0
44.8607 	EXP 	text: autoDraw = True
45.0078 	EXP 	hasPeriphery: texRes = 128.0
45.0078 	EXP 	noPeriphery: texRes = 128.0
45.1542 	EXP 	hasPeriphery: texRes = 128.0
45.1542 	EXP 	noPeriphery: texRes = 128.0
45.3009 	EXP 	hasPeriphery: texRes = 128.0
45.3009 	EXP 	noPeriphery: texRes = 128.0
45.4479 	EXP 	hasPeriphery: texRes = 128.0
45.4479 	EXP 	noPeriphery: texRes = 128.0
45.6077 	EXP 	hasPeriphery: texRes = 128.0
45.6077 	EXP 	noPeriphery: texRes = 128.0
45.7178 	EXP 	New trial (rep=0, index=7): {'startImage': 'C:\\Users\\hesselmann\\Desktop\\PsychoPyUniformityIllusion\\UniformityIllusionPsychoPy\\Pics\\7start.png', 'midImage': 'C:\\Users\\hesselmann\\Desktop\\PsychoPyUniformityIllusion\\UniformityIllusionPsychoPy\\Pics\\7a.png', 'endImage': 'C:\\Users\\hesselmann\\Desktop\\PsychoPyUniformityIllusion\\UniformityIllusionPsychoPy\\Pics\\7b.png', 'AB': None}
45.9913 	DATA 	Keypress: space
46.0211 	EXP 	hasPeriphery: texRes = 128.0
46.0211 	EXP 	noPeriphery: texRes = 128.0
46.0211 	EXP 	hasPeriphery: autoDraw = False
46.0211 	EXP 	noPeriphery: autoDraw = False
46.0211 	EXP 	final: autoDraw = False
46.0211 	EXP 	blank_screen: autoDraw = False
46.0211 	EXP 	text: autoDraw = False
46.0211 	EXP 	hasPeriphery: size = array([1.77777778, 1.        ])
46.0211 	EXP 	hasPeriphery: image = 'C:\\Users\\hesselmann\\Desktop\\PsychoPyUniformityIllusion\\UniformityIllusionPsychoPy\\Pics\\7a.png'
46.0211 	EXP 	noPeriphery: size = array([1.77777778, 1.        ])
46.0211 	EXP 	noPeriphery: image = 'C:\\Users\\hesselmann\\Desktop\\PsychoPyUniformityIllusion\\UniformityIllusionPsychoPy\\Pics\\7start.png'
46.0211 	EXP 	final: size = array([1.77777778, 1.        ])
46.0211 	EXP 	final: image = 'C:\\Users\\hesselmann\\Desktop\\PsychoPyUniformityIllusion\\UniformityIllusionPsychoPy\\Pics\\7b.png'
46.0211 	EXP 	hasPeriphery: autoDraw = True
46.0211 	EXP 	hasPeriphery: texRes = 128.0
46.0211 	EXP 	noPeriphery: autoDraw = True
46.0211 	EXP 	noPeriphery: texRes = 128.0
46.0211 	EXP 	text: autoDraw = True
46.1815 	EXP 	hasPeriphery: texRes = 128.0
46.1815 	EXP 	noPeriphery: texRes = 128.0
46.3417 	EXP 	hasPeriphery: texRes = 128.0
46.3417 	EXP 	noPeriphery: texRes = 128.0
46.4877 	EXP 	hasPeriphery: texRes = 128.0
46.4877 	EXP 	noPeriphery: texRes = 128.0
46.6350 	EXP 	hasPeriphery: texRes = 128.0
46.6350 	EXP 	noPeriphery: texRes = 128.0
46.7810 	EXP 	hasPeriphery: texRes = 128.0
46.7810 	EXP 	noPeriphery: texRes = 128.0
46.9281 	EXP 	hasPeriphery: texRes = 128.0
46.9281 	EXP 	noPeriphery: texRes = 128.0
47.0747 	EXP 	hasPeriphery: texRes = 128.0
47.0747 	EXP 	noPeriphery: texRes = 128.0
47.2214 	EXP 	hasPeriphery: texRes = 128.0
47.2214 	EXP 	noPeriphery: texRes = 128.0
47.3677 	EXP 	hasPeriphery: texRes = 128.0
47.3677 	EXP 	noPeriphery: texRes = 128.0
47.5148 	EXP 	hasPeriphery: texRes = 128.0
47.5148 	EXP 	noPeriphery: texRes = 128.0
47.6620 	EXP 	hasPeriphery: texRes = 128.0
47.6620 	EXP 	noPeriphery: texRes = 128.0
47.8081 	EXP 	hasPeriphery: texRes = 128.0
47.8081 	EXP 	noPeriphery: texRes = 128.0
47.9547 	EXP 	hasPeriphery: texRes = 128.0
47.9547 	EXP 	noPeriphery: texRes = 128.0
48.1011 	EXP 	hasPeriphery: texRes = 128.0
48.1011 	EXP 	noPeriphery: texRes = 128.0
48.2478 	EXP 	hasPeriphery: texRes = 128.0
48.2478 	EXP 	noPeriphery: texRes = 128.0
48.3951 	EXP 	hasPeriphery: texRes = 128.0
48.3951 	EXP 	noPeriphery: texRes = 128.0
48.5418 	EXP 	hasPeriphery: texRes = 128.0
48.5418 	EXP 	noPeriphery: texRes = 128.0
48.6879 	EXP 	hasPeriphery: texRes = 128.0
48.6879 	EXP 	noPeriphery: texRes = 128.0
48.8349 	EXP 	hasPeriphery: texRes = 128.0
48.8349 	EXP 	noPeriphery: texRes = 128.0
49.0354 	EXP 	hasPeriphery: texRes = 128.0
49.0354 	EXP 	noPeriphery: texRes = 128.0
49.0354 	EXP 	final: autoDraw = True
49.0354 	EXP 	final: texRes = 128.0
49.2623 	EXP 	hasPeriphery: texRes = 128.0
49.2623 	EXP 	noPeriphery: texRes = 128.0
49.2623 	EXP 	blank_screen: autoDraw = True
49.2623 	EXP 	final: texRes = 128.0
49.4880 	EXP 	hasPeriphery: texRes = 128.0
49.4880 	EXP 	noPeriphery: texRes = 128.0
49.4880 	EXP 	final: texRes = 128.0
49.6879 	EXP 	hasPeriphery: texRes = 128.0
49.6879 	EXP 	noPeriphery: texRes = 128.0
49.6879 	EXP 	blank_screen: autoDraw = False
49.6879 	EXP 	final: texRes = 128.0
49.9018 	EXP 	hasPeriphery: texRes = 128.0
49.9018 	EXP 	noPeriphery: texRes = 128.0
49.9018 	EXP 	final: texRes = 128.0
50.1017 	EXP 	hasPeriphery: texRes = 128.0
50.1017 	EXP 	noPeriphery: texRes = 128.0
50.1017 	EXP 	final: texRes = 128.0
50.3014 	EXP 	hasPeriphery: texRes = 128.0
50.3014 	EXP 	noPeriphery: texRes = 128.0
50.3014 	EXP 	final: texRes = 128.0
50.5018 	EXP 	hasPeriphery: texRes = 128.0
50.5018 	EXP 	noPeriphery: texRes = 128.0
50.5018 	EXP 	final: texRes = 128.0
50.7154 	EXP 	hasPeriphery: texRes = 128.0
50.7154 	EXP 	noPeriphery: texRes = 128.0
50.7154 	EXP 	blank_screen: autoDraw = True
50.7154 	EXP 	final: texRes = 128.0
50.9419 	EXP 	hasPeriphery: texRes = 128.0
50.9419 	EXP 	noPeriphery: texRes = 128.0
50.9419 	EXP 	final: texRes = 128.0
51.1282 	EXP 	hasPeriphery: texRes = 128.0
51.1282 	EXP 	noPeriphery: texRes = 128.0
51.1282 	EXP 	blank_screen: autoDraw = False
51.1282 	EXP 	final: texRes = 128.0
51.3285 	EXP 	hasPeriphery: texRes = 128.0
51.3285 	EXP 	noPeriphery: texRes = 128.0
51.3285 	EXP 	final: texRes = 128.0
51.5285 	EXP 	hasPeriphery: texRes = 128.0
51.5285 	EXP 	noPeriphery: texRes = 128.0
51.5285 	EXP 	final: texRes = 128.0
51.7285 	EXP 	hasPeriphery: texRes = 128.0
51.7285 	EXP 	noPeriphery: texRes = 128.0
51.7285 	EXP 	final: texRes = 128.0
51.8707 	EXP 	New trial (rep=0, index=8): {'startImage': 'C:\\Users\\hesselmann\\Desktop\\PsychoPyUniformityIllusion\\UniformityIllusionPsychoPy\\Pics\\8start.png', 'midImage': 'C:\\Users\\hesselmann\\Desktop\\PsychoPyUniformityIllusion\\UniformityIllusionPsychoPy\\Pics\\8a.png', 'endImage': 'C:\\Users\\hesselmann\\Desktop\\PsychoPyUniformityIllusion\\UniformityIllusionPsychoPy\\Pics\\8a.png', 'AB': None}
52.1333 	DATA 	Keypress: space
52.1682 	EXP 	hasPeriphery: texRes = 128.0
52.1682 	EXP 	noPeriphery: texRes = 128.0
52.1682 	EXP 	final: texRes = 128.0
52.1682 	EXP 	hasPeriphery: autoDraw = False
52.1682 	EXP 	noPeriphery: autoDraw = False
52.1682 	EXP 	final: autoDraw = False
52.1682 	EXP 	blank_screen: autoDraw = False
52.1682 	EXP 	text: autoDraw = False
52.1682 	EXP 	hasPeriphery: size = array([1.77777778, 1.        ])
52.1682 	EXP 	hasPeriphery: image = 'C:\\Users\\hesselmann\\Desktop\\PsychoPyUniformityIllusion\\UniformityIllusionPsychoPy\\Pics\\8a.png'
52.1682 	EXP 	noPeriphery: size = array([1.77777778, 1.        ])
52.1682 	EXP 	noPeriphery: image = 'C:\\Users\\hesselmann\\Desktop\\PsychoPyUniformityIllusion\\UniformityIllusionPsychoPy\\Pics\\8start.png'
52.1682 	EXP 	final: size = array([1.77777778, 1.        ])
52.1682 	EXP 	final: image = 'C:\\Users\\hesselmann\\Desktop\\PsychoPyUniformityIllusion\\UniformityIllusionPsychoPy\\Pics\\8a.png'
52.1682 	EXP 	hasPeriphery: autoDraw = True
52.1682 	EXP 	hasPeriphery: texRes = 128.0
52.1682 	EXP 	noPeriphery: autoDraw = True
52.1682 	EXP 	noPeriphery: texRes = 128.0
52.1682 	EXP 	text: autoDraw = True
52.3149 	EXP 	hasPeriphery: texRes = 128.0
52.3149 	EXP 	noPeriphery: texRes = 128.0
52.4489 	EXP 	hasPeriphery: texRes = 128.0
52.4489 	EXP 	noPeriphery: texRes = 128.0
52.5950 	EXP 	hasPeriphery: texRes = 128.0
52.5950 	EXP 	noPeriphery: texRes = 128.0
52.7416 	EXP 	hasPeriphery: texRes = 128.0
52.7416 	EXP 	noPeriphery: texRes = 128.0
52.8752 	EXP 	hasPeriphery: texRes = 128.0
52.8752 	EXP 	noPeriphery: texRes = 128.0
53.0083 	EXP 	hasPeriphery: texRes = 128.0
53.0083 	EXP 	noPeriphery: texRes = 128.0
53.1416 	EXP 	hasPeriphery: texRes = 128.0
53.1416 	EXP 	noPeriphery: texRes = 128.0
53.2883 	EXP 	hasPeriphery: texRes = 128.0
53.2883 	EXP 	noPeriphery: texRes = 128.0
53.4226 	EXP 	hasPeriphery: texRes = 128.0
53.4226 	EXP 	noPeriphery: texRes = 128.0
53.5561 	EXP 	hasPeriphery: texRes = 128.0
53.5561 	EXP 	noPeriphery: texRes = 128.0
53.7017 	EXP 	hasPeriphery: texRes = 128.0
53.7017 	EXP 	noPeriphery: texRes = 128.0
53.8149 	DATA 	Keypress: space
53.8487 	EXP 	hasPeriphery: texRes = 128.0
53.8487 	EXP 	noPeriphery: texRes = 128.0
53.9427 	EXP 	New trial (rep=0, index=9): {'startImage': 'C:\\Users\\hesselmann\\Desktop\\PsychoPyUniformityIllusion\\UniformityIllusionPsychoPy\\Pics\\8start.png', 'midImage': 'C:\\Users\\hesselmann\\Desktop\\PsychoPyUniformityIllusion\\UniformityIllusionPsychoPy\\Pics\\8a.png', 'endImage': 'C:\\Users\\hesselmann\\Desktop\\PsychoPyUniformityIllusion\\UniformityIllusionPsychoPy\\Pics\\8b.png', 'AB': None}
54.2221 	EXP 	hasPeriphery: texRes = 128.0
54.2221 	EXP 	noPeriphery: texRes = 128.0
54.2221 	EXP 	hasPeriphery: autoDraw = False
54.2221 	EXP 	noPeriphery: autoDraw = False
54.2221 	EXP 	final: autoDraw = False
54.2221 	EXP 	blank_screen: autoDraw = False
54.2221 	EXP 	text: autoDraw = False
54.2221 	EXP 	hasPeriphery: size = array([1.77777778, 1.        ])
54.2221 	EXP 	hasPeriphery: image = 'C:\\Users\\hesselmann\\Desktop\\PsychoPyUniformityIllusion\\UniformityIllusionPsychoPy\\Pics\\8a.png'
54.2221 	EXP 	noPeriphery: size = array([1.77777778, 1.        ])
54.2221 	EXP 	noPeriphery: image = 'C:\\Users\\hesselmann\\Desktop\\PsychoPyUniformityIllusion\\UniformityIllusionPsychoPy\\Pics\\8start.png'
54.2221 	EXP 	final: size = array([1.77777778, 1.        ])
54.2221 	EXP 	final: image = 'C:\\Users\\hesselmann\\Desktop\\PsychoPyUniformityIllusion\\UniformityIllusionPsychoPy\\Pics\\8b.png'
54.2221 	EXP 	hasPeriphery: autoDraw = True
54.2221 	EXP 	hasPeriphery: texRes = 128.0
54.2221 	EXP 	noPeriphery: autoDraw = True
54.2221 	EXP 	noPeriphery: texRes = 128.0
54.2221 	EXP 	text: autoDraw = True
54.3684 	EXP 	hasPeriphery: texRes = 128.0
54.3684 	EXP 	noPeriphery: texRes = 128.0
54.5151 	EXP 	hasPeriphery: texRes = 128.0
54.5151 	EXP 	noPeriphery: texRes = 128.0
54.6622 	EXP 	hasPeriphery: texRes = 128.0
54.6622 	EXP 	noPeriphery: texRes = 128.0
54.7952 	EXP 	hasPeriphery: texRes = 128.0
54.7952 	EXP 	noPeriphery: texRes = 128.0
54.9288 	EXP 	hasPeriphery: texRes = 128.0
54.9288 	EXP 	noPeriphery: texRes = 128.0
55.0622 	EXP 	hasPeriphery: texRes = 128.0
55.0622 	EXP 	noPeriphery: texRes = 128.0
55.2085 	EXP 	hasPeriphery: texRes = 128.0
55.2085 	EXP 	noPeriphery: texRes = 128.0
55.3422 	EXP 	hasPeriphery: texRes = 128.0
55.3422 	EXP 	noPeriphery: texRes = 128.0
55.4764 	EXP 	hasPeriphery: texRes = 128.0
55.4764 	EXP 	noPeriphery: texRes = 128.0
55.6352 	EXP 	hasPeriphery: texRes = 128.0
55.6352 	EXP 	noPeriphery: texRes = 128.0
55.7823 	EXP 	hasPeriphery: texRes = 128.0
55.7823 	EXP 	noPeriphery: texRes = 128.0
55.9287 	EXP 	hasPeriphery: texRes = 128.0
55.9287 	EXP 	noPeriphery: texRes = 128.0
56.0620 	EXP 	hasPeriphery: texRes = 128.0
56.0620 	EXP 	noPeriphery: texRes = 128.0
56.1953 	EXP 	hasPeriphery: texRes = 128.0
56.1953 	EXP 	noPeriphery: texRes = 128.0
56.3294 	EXP 	hasPeriphery: texRes = 128.0
56.3294 	EXP 	noPeriphery: texRes = 128.0
56.4753 	EXP 	hasPeriphery: texRes = 128.0
56.4753 	EXP 	noPeriphery: texRes = 128.0
56.6223 	EXP 	hasPeriphery: texRes = 128.0
56.6223 	EXP 	noPeriphery: texRes = 128.0
56.7561 	EXP 	hasPeriphery: texRes = 128.0
56.7561 	EXP 	noPeriphery: texRes = 128.0
56.9024 	EXP 	hasPeriphery: texRes = 128.0
56.9024 	EXP 	noPeriphery: texRes = 128.0
57.0354 	EXP 	hasPeriphery: texRes = 128.0
57.0354 	EXP 	noPeriphery: texRes = 128.0
57.1824 	EXP 	hasPeriphery: texRes = 128.0
57.1824 	EXP 	noPeriphery: texRes = 128.0
57.3295 	EXP 	hasPeriphery: texRes = 128.0
57.3295 	EXP 	noPeriphery: texRes = 128.0
57.4765 	EXP 	hasPeriphery: texRes = 128.0
57.4765 	EXP 	noPeriphery: texRes = 128.0
57.6091 	EXP 	hasPeriphery: texRes = 128.0
57.6091 	EXP 	noPeriphery: texRes = 128.0
57.7557 	EXP 	hasPeriphery: texRes = 128.0
57.7557 	EXP 	noPeriphery: texRes = 128.0
57.9025 	EXP 	hasPeriphery: texRes = 128.0
57.9025 	EXP 	noPeriphery: texRes = 128.0
58.0364 	EXP 	hasPeriphery: texRes = 128.0
58.0364 	EXP 	noPeriphery: texRes = 128.0
58.1688 	EXP 	hasPeriphery: texRes = 128.0
58.1688 	EXP 	noPeriphery: texRes = 128.0
58.3033 	EXP 	hasPeriphery: texRes = 128.0
58.3033 	EXP 	noPeriphery: texRes = 128.0
58.4888 	EXP 	hasPeriphery: texRes = 128.0
58.4888 	EXP 	noPeriphery: texRes = 128.0
58.4888 	EXP 	final: autoDraw = True
58.4888 	EXP 	final: texRes = 128.0
58.6755 	EXP 	hasPeriphery: texRes = 128.0
58.6755 	EXP 	noPeriphery: texRes = 128.0
58.6755 	EXP 	final: texRes = 128.0
58.8626 	EXP 	hasPeriphery: texRes = 128.0
58.8626 	EXP 	noPeriphery: texRes = 128.0
58.8626 	EXP 	final: texRes = 128.0
59.0493 	EXP 	hasPeriphery: texRes = 128.0
59.0493 	EXP 	noPeriphery: texRes = 128.0
59.0493 	EXP 	final: texRes = 128.0
59.2360 	EXP 	hasPeriphery: texRes = 128.0
59.2360 	EXP 	noPeriphery: texRes = 128.0
59.2360 	EXP 	final: texRes = 128.0
59.4490 	EXP 	hasPeriphery: texRes = 128.0
59.4490 	EXP 	noPeriphery: texRes = 128.0
59.4490 	EXP 	blank_screen: autoDraw = True
59.4490 	EXP 	final: texRes = 128.0
59.6496 	EXP 	hasPeriphery: texRes = 128.0
59.6496 	EXP 	noPeriphery: texRes = 128.0
59.6496 	EXP 	final: texRes = 128.0
59.8490 	EXP 	hasPeriphery: texRes = 128.0
59.8490 	EXP 	noPeriphery: texRes = 128.0
59.8490 	EXP 	blank_screen: autoDraw = False
59.8490 	EXP 	final: texRes = 128.0
59.9927 	DATA 	Keypress: escape
60.0361 	EXP 	hasPeriphery: texRes = 128.0
60.0361 	EXP 	noPeriphery: texRes = 128.0
60.0361 	EXP 	final: texRes = 128.0
60.2933 	EXP 	window1: mouseVisible = True
