1.6408 	WARNING 	We strongly recommend you activate the PTB sound engine in PsychoPy prefs as the preferred audio engine. Its timing is vastly superior. Your prefs are currently set to use ['sounddevice', 'PTB', 'pyo', 'pygame'] (in that order).
11.9783 	WARNING 	Couldn't measure a consistent frame rate.
  - Is your graphics card set to sync to vertical blank?
  - Are you running other processes on your computer?

11.9788 	EXP 	Created window1 = Window(allowGUI=False, allowStencil=False, autoLog=True, backendConf=UNKNOWN, bitsMode=UNKNOWN, blendMode='avg', bpc=(8, 8, 8), color=array([0, 0, 0]), colorSpace='rgb', depthBits=8, fullscr=<method-wrapper '__getattribute__' of attributeSetter object at 0x000001B083F86400>, gamma=None, gammaErrorPolicy='raise', lms=UNKNOWN, monitor=<psychopy.monitors.calibTools.Monitor object at 0x000001B08405E780>, multiSample=False, name='window1', numSamples=2, pos=[0.0, 0.0], screen=0, size=array([1920, 1080]), stencilBits=0, stereo=False, units='height', useFBO=True, useRetina=False, viewOri=0.0, viewPos=None, viewScale=None, waitBlanking=True, winType='pyglet')
11.9791 	EXP 	window1: mouseVisible = True
11.9792 	EXP 	window1: recordFrameIntervals = False
12.1407 	EXP 	window1: recordFrameIntervals = True
12.1906 	WARNING 	t of last frame was 22.16ms (=1/45)
12.2289 	WARNING 	t of last frame was 21.84ms (=1/45)
12.3087 	WARNING 	t of last frame was 34.90ms (=1/28)
12.3571 	WARNING 	t of last frame was 33.17ms (=1/30)
12.4475 	WARNING 	Multiple dropped frames have occurred - I'll stop bothering you about them!
14.1088 	WARNING 	Couldn't measure a consistent frame rate.
  - Is your graphics card set to sync to vertical blank?
  - Are you running other processes on your computer?

14.7050 	EXP 	Created WelcomeText = TextStim(__class__=<class 'psychopy.visual.text.TextStim'>, alignHoriz=method-wrapper(...), alignText='center', alignVert=method-wrapper(...), anchorHoriz='center', anchorVert='center', antialias=True, autoLog=True, bold=False, color=array([1, 1, 1]), colorSpace='rgb', contrast=1.0, depth=0.0, flipHoriz=False, flipVert=False, font='Open Sans', fontFiles=[], height=0.1, italic=False, languageStyle='LTR', name='WelcomeText', opacity=1, ori=0.0, pos=array([0., 0.]), rgb=UNKNOWN, text='Welcome to our Study!', units='height', win=Window(...), wrapWidth=1)
14.7299 	EXP 	Imported depression.xlsx as conditions, 2 conditions, 12 params
14.7315 	EXP 	Question text: Sadness
14.7681 	EXP 	window1: mouseVisible = True
14.8122 	EXP 	Question text: Pessimism
14.8248 	EXP 	window1: mouseVisible = True
14.8549 	EXP 	window1: mouseVisible = True
14.8601 	EXP 	Created unnamed Rect = Rect(__class__=<class 'psychopy.visual.rect.Rect'>, autoDraw=False, autoLog=True, closeShape=True, color=method-wrapper(...), colorSpace='rgb', contrast=None, depth=0, fillColor=array([0, 0, 0]), fillColorSpace='rgb', fillRGB=UNKNOWN, interpolate=True, lineColor=array([0, 0, 0]), lineColorSpace='rgb', lineRGB=UNKNOWN, lineWidth=1.5, name='unnamed Rect', opacity=0, ori=0.0, pos=array([0., 0.]), size=array([0., 0.]), units='height', vertices=ndarray(...), win=Window(...))
14.8675 	EXP 	Created DepressionQuestionnaire = <psychopy.visual.form.Form object at 0x000001B086DAEAC8>
14.9032 	EXP 	window1: mouseVisible = True
14.9723 	EXP 	Created instructionsText = TextStim(__class__=<class 'psychopy.visual.text.TextStim'>, alignHoriz=method-wrapper(...), alignText='center', alignVert=method-wrapper(...), anchorHoriz='center', anchorVert='center', antialias=True, autoLog=True, bold=False, color=array([1, 1, 1]), colorSpace='rgb', contrast=1.0, depth=0.0, flipHoriz=False, flipVert=False, font='Open Sans', fontFiles=[], height=0.04, italic=False, languageStyle='LTR', name='instructionsText', opacity=1, ori=0.0, pos=array([0., 0.]), rgb=UNKNOWN, text=str(...), units='height', win=Window(...), wrapWidth=1)
14.9766 	EXP 	Created hasPeriphery = ImageStim(__class__=<class 'psychopy.visual.image.ImageStim'>, autoLog=True, color=array([1, 1, 1]), colorSpace='rgb', contrast=1.0, depth=0.0, flipHoriz=False, flipVert=False, image='sin', interpolate=True, mask=None, maskParams=None, name='hasPeriphery', opacity=1.0, ori=0.0, pos=array([0., 0.]), size=array([0.5, 0.5]), texRes=128.0, units='height', win=Window(...))
14.9801 	EXP 	Created noPeriphery = ImageStim(__class__=<class 'psychopy.visual.image.ImageStim'>, autoLog=True, color=array([1, 1, 1]), colorSpace='rgb', contrast=1.0, depth=-2.0, flipHoriz=False, flipVert=False, image='sin', interpolate=True, mask=None, maskParams=None, name='noPeriphery', opacity=1.0, ori=0.0, pos=array([0., 0.]), size=array([0.5, 0.5]), texRes=128.0, units='height', win=Window(...))
14.9885 	EXP 	Created text = TextStim(__class__=<class 'psychopy.visual.text.TextStim'>, alignHoriz=method-wrapper(...), alignText='center', alignVert=method-wrapper(...), anchorHoriz='center', anchorVert='center', antialias=True, autoLog=True, bold=False, color=array([ 1, -1, -1]), colorSpace='rgb', contrast=1.0, depth=-3.0, flipHoriz=False, flipVert=False, font='Open Sans', fontFiles=[], height=0.1, italic=False, languageStyle='LTR', name='text', opacity=1, ori=0.0, pos=array([0., 0.]), rgb=UNKNOWN, text='+', units='height', win=Window(...), wrapWidth=1)
15.0185 	EXP 	Created WelcomeText = TextStim(__class__=<class 'psychopy.visual.text.TextStim'>, alignHoriz=method-wrapper(...), alignText='center', alignVert=method-wrapper(...), anchorHoriz='center', anchorVert='center', antialias=True, autoLog=True, bold=False, color=array([1, 1, 1]), colorSpace='rgb', contrast=1.0, depth=0.0, flipHoriz=False, flipVert=False, font='Open Sans', fontFiles=[], height=0.1, italic=False, languageStyle='LTR', name='WelcomeText', opacity=1, ori=0.0, pos=array([0., 0.]), rgb=UNKNOWN, text='Welcome to our Study!', units='height', win=Window(...), wrapWidth=1)
15.0240 	EXP 	Created hasPeriphery_2 = ImageStim(__class__=<class 'psychopy.visual.image.ImageStim'>, autoLog=True, color=array([1, 1, 1]), colorSpace='rgb', contrast=1.0, depth=0.0, flipHoriz=False, flipVert=False, image='sin', interpolate=True, mask=None, maskParams=None, name='hasPeriphery_2', opacity=1.0, ori=0.0, pos=array([0., 0.]), size=array([0.5, 0.5]), texRes=128.0, units='height', win=Window(...))
15.0273 	EXP 	Created noPeriphery_2 = ImageStim(__class__=<class 'psychopy.visual.image.ImageStim'>, autoLog=True, color=array([1, 1, 1]), colorSpace='rgb', contrast=1.0, depth=-2.0, flipHoriz=False, flipVert=False, image='sin', interpolate=True, mask=None, maskParams=None, name='noPeriphery_2', opacity=1.0, ori=0.0, pos=array([0., 0.]), size=array([0.5, 0.5]), texRes=128.0, units='height', win=Window(...))
15.0297 	EXP 	Created text_2 = TextStim(__class__=<class 'psychopy.visual.text.TextStim'>, alignHoriz=method-wrapper(...), alignText='center', alignVert=method-wrapper(...), anchorHoriz='center', anchorVert='center', antialias=True, autoLog=True, bold=False, color=array([ 1, -1, -1]), colorSpace='rgb', contrast=1.0, depth=-3.0, flipHoriz=False, flipVert=False, font='Open Sans', fontFiles=[], height=0.1, italic=False, languageStyle='LTR', name='text_2', opacity=1, ori=0.0, pos=array([0., 0.]), rgb=UNKNOWN, text='+', units='height', win=Window(...), wrapWidth=1)
15.0734 	EXP 	unnamed Form: autoLog = True
15.0734 	EXP 	DepressionQuestionnaire: name = 'DepressionQuestionnaire'
15.0734 	EXP 	DepressionQuestionnaire: size = (3.5, 1)
15.0734 	EXP 	DepressionQuestionnaire: size = array([3.5, 1. ])
15.0734 	EXP 	DepressionQuestionnaire: units = 'height'
15.0734 	EXP 	DepressionQuestionnaire: depth = 0
15.0734 	EXP 	WelcomeText: autoDraw = True
17.1089 	EXP 	WelcomeText: autoDraw = False
17.1089 	EXP 	DepressionQuestionnaire: autoDraw = True
18.1143 	DATA 	Mouse: Left button down, pos=(817,19)
18.1975 	EXP 	DepressionQuestionnaire: autoDraw = False
18.1975 	EXP 	instructionsText: autoDraw = True
18.2044 	DATA 	Mouse:  Left button up, pos=(817,19)
19.4729 	EXP 	Imported picPaths.xlsx as conditions, 6 conditions, 3 params
19.4733 	EXP 	Created sequence: sequential, trialTypes=6, nReps=1, seed=None
19.4736 	EXP 	New trial (rep=0, index=0): {'startImage': 'C:\\Users\\hesselmann\\Desktop\\PsychoPyUniformityIllusion\\UniformityIllusionPsychoPy\\Pics\\1start.png', 'endImage': 'C:\\Users\\hesselmann\\Desktop\\PsychoPyUniformityIllusion\\UniformityIllusionPsychoPy\\Pics\\1a.png', 'AB': 'a'}
19.7151 	DATA 	Keypress: space
19.7566 	EXP 	instructionsText: autoDraw = False
19.7566 	EXP 	hasPeriphery: size = array([1.77777778, 1.        ])
19.7566 	EXP 	hasPeriphery: image = 'C:\\Users\\hesselmann\\Desktop\\PsychoPyUniformityIllusion\\UniformityIllusionPsychoPy\\Pics\\1a.png'
19.7566 	EXP 	noPeriphery: size = array([1.77777778, 1.        ])
19.7566 	EXP 	noPeriphery: image = 'C:\\Users\\hesselmann\\Desktop\\PsychoPyUniformityIllusion\\UniformityIllusionPsychoPy\\Pics\\1start.png'
19.7566 	EXP 	hasPeriphery: autoDraw = True
19.7566 	EXP 	hasPeriphery: texRes = 128.0
19.7566 	EXP 	noPeriphery: autoDraw = True
19.7566 	EXP 	noPeriphery: texRes = 128.0
19.7566 	EXP 	text: autoDraw = True
19.9294 	EXP 	hasPeriphery: texRes = 128.0
19.9294 	EXP 	noPeriphery: texRes = 128.0
20.1231 	EXP 	hasPeriphery: texRes = 128.0
20.1231 	EXP 	noPeriphery: texRes = 128.0
20.3139 	EXP 	hasPeriphery: texRes = 128.0
20.3139 	EXP 	noPeriphery: texRes = 128.0
20.5063 	EXP 	hasPeriphery: texRes = 128.0
20.5063 	EXP 	noPeriphery: texRes = 128.0
20.6931 	EXP 	hasPeriphery: texRes = 128.0
20.6931 	EXP 	noPeriphery: texRes = 128.0
20.8964 	EXP 	hasPeriphery: texRes = 128.0
20.8964 	EXP 	noPeriphery: texRes = 128.0
21.0909 	EXP 	hasPeriphery: texRes = 128.0
21.0909 	EXP 	noPeriphery: texRes = 128.0
21.2909 	EXP 	hasPeriphery: texRes = 128.0
21.2909 	EXP 	noPeriphery: texRes = 128.0
21.4375 	EXP 	New trial (rep=0, index=1): {'startImage': 'C:\\Users\\hesselmann\\Desktop\\PsychoPyUniformityIllusion\\UniformityIllusionPsychoPy\\Pics\\1start.png', 'endImage': 'C:\\Users\\hesselmann\\Desktop\\PsychoPyUniformityIllusion\\UniformityIllusionPsychoPy\\Pics\\1b.png', 'AB': 'b'}
21.6766 	DATA 	Keypress: space
21.7297 	EXP 	hasPeriphery: texRes = 128.0
21.7297 	EXP 	noPeriphery: texRes = 128.0
21.7297 	EXP 	hasPeriphery: autoDraw = False
21.7297 	EXP 	noPeriphery: autoDraw = False
21.7297 	EXP 	text: autoDraw = False
21.7297 	EXP 	hasPeriphery: size = array([1.77777778, 1.        ])
21.7297 	EXP 	hasPeriphery: image = 'C:\\Users\\hesselmann\\Desktop\\PsychoPyUniformityIllusion\\UniformityIllusionPsychoPy\\Pics\\1b.png'
21.7297 	EXP 	noPeriphery: size = array([1.77777778, 1.        ])
21.7297 	EXP 	noPeriphery: image = 'C:\\Users\\hesselmann\\Desktop\\PsychoPyUniformityIllusion\\UniformityIllusionPsychoPy\\Pics\\1start.png'
21.7297 	EXP 	hasPeriphery: autoDraw = True
21.7297 	EXP 	hasPeriphery: texRes = 128.0
21.7297 	EXP 	noPeriphery: autoDraw = True
21.7297 	EXP 	noPeriphery: texRes = 128.0
21.7297 	EXP 	text: autoDraw = True
21.9133 	EXP 	hasPeriphery: texRes = 128.0
21.9133 	EXP 	noPeriphery: texRes = 128.0
22.1071 	EXP 	hasPeriphery: texRes = 128.0
22.1071 	EXP 	noPeriphery: texRes = 128.0
22.3241 	EXP 	hasPeriphery: texRes = 128.0
22.3241 	EXP 	noPeriphery: texRes = 128.0
22.4683 	EXP 	New trial (rep=0, index=2): {'startImage': 'C:\\Users\\hesselmann\\Desktop\\PsychoPyUniformityIllusion\\UniformityIllusionPsychoPy\\Pics\\2start.png', 'endImage': 'C:\\Users\\hesselmann\\Desktop\\PsychoPyUniformityIllusion\\UniformityIllusionPsychoPy\\Pics\\2a.png', 'AB': 'a'}
22.6470 	DATA 	Keypress: space
22.6931 	EXP 	hasPeriphery: texRes = 128.0
22.6931 	EXP 	noPeriphery: texRes = 128.0
22.6931 	EXP 	hasPeriphery: autoDraw = False
22.6931 	EXP 	noPeriphery: autoDraw = False
22.6931 	EXP 	text: autoDraw = False
22.6931 	EXP 	hasPeriphery: size = array([1.77777778, 1.        ])
22.6931 	EXP 	hasPeriphery: image = 'C:\\Users\\hesselmann\\Desktop\\PsychoPyUniformityIllusion\\UniformityIllusionPsychoPy\\Pics\\2a.png'
22.6931 	EXP 	noPeriphery: size = array([1.77777778, 1.        ])
22.6931 	EXP 	noPeriphery: image = 'C:\\Users\\hesselmann\\Desktop\\PsychoPyUniformityIllusion\\UniformityIllusionPsychoPy\\Pics\\2start.png'
22.6931 	EXP 	hasPeriphery: autoDraw = True
22.6931 	EXP 	hasPeriphery: texRes = 128.0
22.6931 	EXP 	noPeriphery: autoDraw = True
22.6931 	EXP 	noPeriphery: texRes = 128.0
22.6931 	EXP 	text: autoDraw = True
22.8451 	EXP 	hasPeriphery: texRes = 128.0
22.8451 	EXP 	noPeriphery: texRes = 128.0
23.0237 	EXP 	hasPeriphery: texRes = 128.0
23.0237 	EXP 	noPeriphery: texRes = 128.0
23.1351 	EXP 	New trial (rep=0, index=3): {'startImage': 'C:\\Users\\hesselmann\\Desktop\\PsychoPyUniformityIllusion\\UniformityIllusionPsychoPy\\Pics\\2start.png', 'endImage': 'C:\\Users\\hesselmann\\Desktop\\PsychoPyUniformityIllusion\\UniformityIllusionPsychoPy\\Pics\\2b.png', 'AB': 'b'}
23.3166 	DATA 	Keypress: space
23.3561 	EXP 	hasPeriphery: texRes = 128.0
23.3561 	EXP 	noPeriphery: texRes = 128.0
23.3561 	EXP 	hasPeriphery: autoDraw = False
23.3561 	EXP 	noPeriphery: autoDraw = False
23.3561 	EXP 	text: autoDraw = False
23.3561 	EXP 	hasPeriphery: size = array([1.77777778, 1.        ])
23.3561 	EXP 	hasPeriphery: image = 'C:\\Users\\hesselmann\\Desktop\\PsychoPyUniformityIllusion\\UniformityIllusionPsychoPy\\Pics\\2b.png'
23.3561 	EXP 	noPeriphery: size = array([1.77777778, 1.        ])
23.3561 	EXP 	noPeriphery: image = 'C:\\Users\\hesselmann\\Desktop\\PsychoPyUniformityIllusion\\UniformityIllusionPsychoPy\\Pics\\2start.png'
23.3561 	EXP 	hasPeriphery: autoDraw = True
23.3561 	EXP 	hasPeriphery: texRes = 128.0
23.3561 	EXP 	noPeriphery: autoDraw = True
23.3561 	EXP 	noPeriphery: texRes = 128.0
23.3561 	EXP 	text: autoDraw = True
23.4908 	EXP 	hasPeriphery: texRes = 128.0
23.4908 	EXP 	noPeriphery: texRes = 128.0
23.6398 	EXP 	hasPeriphery: texRes = 128.0
23.6398 	EXP 	noPeriphery: texRes = 128.0
23.7363 	EXP 	New trial (rep=0, index=4): {'startImage': 'C:\\Users\\hesselmann\\Desktop\\PsychoPyUniformityIllusion\\UniformityIllusionPsychoPy\\Pics\\3start.png', 'endImage': 'C:\\Users\\hesselmann\\Desktop\\PsychoPyUniformityIllusion\\UniformityIllusionPsychoPy\\Pics\\3a.png', 'AB': 'a'}
23.9305 	DATA 	Keypress: space
23.9737 	EXP 	hasPeriphery: texRes = 128.0
23.9737 	EXP 	noPeriphery: texRes = 128.0
23.9737 	EXP 	hasPeriphery: autoDraw = False
23.9737 	EXP 	noPeriphery: autoDraw = False
23.9737 	EXP 	text: autoDraw = False
23.9737 	EXP 	hasPeriphery: size = array([1.77777778, 1.        ])
23.9737 	EXP 	hasPeriphery: image = 'C:\\Users\\hesselmann\\Desktop\\PsychoPyUniformityIllusion\\UniformityIllusionPsychoPy\\Pics\\3a.png'
23.9737 	EXP 	noPeriphery: size = array([1.77777778, 1.        ])
23.9737 	EXP 	noPeriphery: image = 'C:\\Users\\hesselmann\\Desktop\\PsychoPyUniformityIllusion\\UniformityIllusionPsychoPy\\Pics\\3start.png'
23.9737 	EXP 	hasPeriphery: autoDraw = True
23.9737 	EXP 	hasPeriphery: texRes = 128.0
23.9737 	EXP 	noPeriphery: autoDraw = True
23.9737 	EXP 	noPeriphery: texRes = 128.0
23.9737 	EXP 	text: autoDraw = True
24.1286 	EXP 	hasPeriphery: texRes = 128.0
24.1286 	EXP 	noPeriphery: texRes = 128.0
24.2323 	EXP 	New trial (rep=0, index=5): {'startImage': 'C:\\Users\\hesselmann\\Desktop\\PsychoPyUniformityIllusion\\UniformityIllusionPsychoPy\\Pics\\3start.png', 'endImage': 'C:\\Users\\hesselmann\\Desktop\\PsychoPyUniformityIllusion\\UniformityIllusionPsychoPy\\Pics\\3b.png', 'AB': 'b'}
24.4217 	DATA 	Keypress: space
24.4727 	EXP 	hasPeriphery: texRes = 128.0
24.4727 	EXP 	noPeriphery: texRes = 128.0
24.4727 	EXP 	hasPeriphery: autoDraw = False
24.4727 	EXP 	noPeriphery: autoDraw = False
24.4727 	EXP 	text: autoDraw = False
24.4727 	EXP 	hasPeriphery: size = array([1.77777778, 1.        ])
24.4727 	EXP 	hasPeriphery: image = 'C:\\Users\\hesselmann\\Desktop\\PsychoPyUniformityIllusion\\UniformityIllusionPsychoPy\\Pics\\3b.png'
24.4727 	EXP 	noPeriphery: size = array([1.77777778, 1.        ])
24.4727 	EXP 	noPeriphery: image = 'C:\\Users\\hesselmann\\Desktop\\PsychoPyUniformityIllusion\\UniformityIllusionPsychoPy\\Pics\\3start.png'
24.4727 	EXP 	hasPeriphery: autoDraw = True
24.4727 	EXP 	hasPeriphery: texRes = 128.0
24.4727 	EXP 	noPeriphery: autoDraw = True
24.4727 	EXP 	noPeriphery: texRes = 128.0
24.4727 	EXP 	text: autoDraw = True
24.6239 	EXP 	hasPeriphery: texRes = 128.0
24.6239 	EXP 	noPeriphery: texRes = 128.0
24.7539 	DATA 	Keypress: space
24.7895 	EXP 	hasPeriphery: texRes = 128.0
24.7895 	EXP 	noPeriphery: texRes = 128.0
24.9267 	EXP 	hasPeriphery: texRes = 128.0
24.9267 	EXP 	noPeriphery: texRes = 128.0
24.9267 	EXP 	hasPeriphery: autoDraw = False
24.9267 	EXP 	noPeriphery: autoDraw = False
24.9267 	EXP 	text: autoDraw = False
24.9267 	EXP 	WelcomeText: autoDraw = True
26.9403 	EXP 	Imported picPaths.xlsx as conditions, 24 conditions, 3 params
26.9407 	EXP 	Created sequence: sequential, trialTypes=24, nReps=1, seed=None
26.9410 	EXP 	New trial (rep=0, index=0): {'startImage': 'C:\\Users\\hesselmann\\Desktop\\PsychoPyUniformityIllusion\\UniformityIllusionPsychoPy\\Pics\\4start.png', 'endImage': 'C:\\Users\\hesselmann\\Desktop\\PsychoPyUniformityIllusion\\UniformityIllusionPsychoPy\\Pics\\4a.png', 'AB': 'a'}
27.2056 	EXP 	WelcomeText: autoDraw = False
27.2056 	EXP 	hasPeriphery_2: size = array([1.77777778, 1.        ])
27.2056 	EXP 	hasPeriphery_2: image = 'C:\\Users\\hesselmann\\Desktop\\PsychoPyUniformityIllusion\\UniformityIllusionPsychoPy\\Pics\\4a.png'
27.2056 	EXP 	noPeriphery_2: size = array([1.77777778, 1.        ])
27.2056 	EXP 	noPeriphery_2: image = 'C:\\Users\\hesselmann\\Desktop\\PsychoPyUniformityIllusion\\UniformityIllusionPsychoPy\\Pics\\4start.png'
27.2056 	EXP 	hasPeriphery_2: autoDraw = True
27.2056 	EXP 	hasPeriphery_2: texRes = 128.0
27.2056 	EXP 	noPeriphery_2: autoDraw = True
27.2056 	EXP 	noPeriphery_2: texRes = 128.0
27.2056 	EXP 	text_2: autoDraw = True
27.3738 	EXP 	hasPeriphery_2: texRes = 128.0
27.3738 	EXP 	noPeriphery_2: texRes = 128.0
27.5592 	EXP 	hasPeriphery_2: texRes = 128.0
27.5592 	EXP 	noPeriphery_2: texRes = 128.0
27.7418 	EXP 	hasPeriphery_2: texRes = 128.0
27.7418 	EXP 	noPeriphery_2: texRes = 128.0
27.8630 	EXP 	New trial (rep=0, index=1): {'startImage': 'C:\\Users\\hesselmann\\Desktop\\PsychoPyUniformityIllusion\\UniformityIllusionPsychoPy\\Pics\\4start.png', 'endImage': 'C:\\Users\\hesselmann\\Desktop\\PsychoPyUniformityIllusion\\UniformityIllusionPsychoPy\\Pics\\4b.png', 'AB': 'b'}
28.0666 	DATA 	Keypress: space
28.1096 	EXP 	hasPeriphery_2: texRes = 128.0
28.1096 	EXP 	noPeriphery_2: texRes = 128.0
28.1096 	EXP 	hasPeriphery_2: autoDraw = False
28.1096 	EXP 	noPeriphery_2: autoDraw = False
28.1096 	EXP 	text_2: autoDraw = False
28.1096 	EXP 	hasPeriphery_2: size = array([1.77777778, 1.        ])
28.1096 	EXP 	hasPeriphery_2: image = 'C:\\Users\\hesselmann\\Desktop\\PsychoPyUniformityIllusion\\UniformityIllusionPsychoPy\\Pics\\4b.png'
28.1096 	EXP 	noPeriphery_2: size = array([1.77777778, 1.        ])
28.1096 	EXP 	noPeriphery_2: image = 'C:\\Users\\hesselmann\\Desktop\\PsychoPyUniformityIllusion\\UniformityIllusionPsychoPy\\Pics\\4start.png'
28.1096 	EXP 	hasPeriphery_2: autoDraw = True
28.1096 	EXP 	hasPeriphery_2: texRes = 128.0
28.1096 	EXP 	noPeriphery_2: autoDraw = True
28.1096 	EXP 	noPeriphery_2: texRes = 128.0
28.1096 	EXP 	text_2: autoDraw = True
28.2459 	EXP 	hasPeriphery_2: texRes = 128.0
28.2459 	EXP 	noPeriphery_2: texRes = 128.0
28.3488 	EXP 	New trial (rep=0, index=2): {'startImage': 'C:\\Users\\hesselmann\\Desktop\\PsychoPyUniformityIllusion\\UniformityIllusionPsychoPy\\Pics\\5start.png', 'endImage': 'C:\\Users\\hesselmann\\Desktop\\PsychoPyUniformityIllusion\\UniformityIllusionPsychoPy\\Pics\\5a.png', 'AB': 'a'}
28.5716 	EXP 	New trial (rep=0, index=3): {'startImage': 'C:\\Users\\hesselmann\\Desktop\\PsychoPyUniformityIllusion\\UniformityIllusionPsychoPy\\Pics\\5start.png', 'endImage': 'C:\\Users\\hesselmann\\Desktop\\PsychoPyUniformityIllusion\\UniformityIllusionPsychoPy\\Pics\\5b.png', 'AB': 'b'}
28.8055 	EXP 	New trial (rep=0, index=4): {'startImage': 'C:\\Users\\hesselmann\\Desktop\\PsychoPyUniformityIllusion\\UniformityIllusionPsychoPy\\Pics\\6start.png', 'endImage': 'C:\\Users\\hesselmann\\Desktop\\PsychoPyUniformityIllusion\\UniformityIllusionPsychoPy\\Pics\\6a.png', 'AB': 'a'}
28.9967 	EXP 	New trial (rep=0, index=5): {'startImage': 'C:\\Users\\hesselmann\\Desktop\\PsychoPyUniformityIllusion\\UniformityIllusionPsychoPy\\Pics\\6start.png', 'endImage': 'C:\\Users\\hesselmann\\Desktop\\PsychoPyUniformityIllusion\\UniformityIllusionPsychoPy\\Pics\\6b.png', 'AB': 'b'}
29.1796 	EXP 	New trial (rep=0, index=6): {'startImage': 'C:\\Users\\hesselmann\\Desktop\\PsychoPyUniformityIllusion\\UniformityIllusionPsychoPy\\Pics\\7start.png', 'endImage': 'C:\\Users\\hesselmann\\Desktop\\PsychoPyUniformityIllusion\\UniformityIllusionPsychoPy\\Pics\\7a.png', 'AB': None}
29.4206 	EXP 	New trial (rep=0, index=7): {'startImage': 'C:\\Users\\hesselmann\\Desktop\\PsychoPyUniformityIllusion\\UniformityIllusionPsychoPy\\Pics\\7start.png', 'endImage': 'C:\\Users\\hesselmann\\Desktop\\PsychoPyUniformityIllusion\\UniformityIllusionPsychoPy\\Pics\\7b.png', 'AB': None}
29.6347 	EXP 	New trial (rep=0, index=8): {'startImage': 'C:\\Users\\hesselmann\\Desktop\\PsychoPyUniformityIllusion\\UniformityIllusionPsychoPy\\Pics\\8start.png', 'endImage': 'C:\\Users\\hesselmann\\Desktop\\PsychoPyUniformityIllusion\\UniformityIllusionPsychoPy\\Pics\\8a.png', 'AB': None}
29.8287 	EXP 	New trial (rep=0, index=9): {'startImage': 'C:\\Users\\hesselmann\\Desktop\\PsychoPyUniformityIllusion\\UniformityIllusionPsychoPy\\Pics\\8start.png', 'endImage': 'C:\\Users\\hesselmann\\Desktop\\PsychoPyUniformityIllusion\\UniformityIllusionPsychoPy\\Pics\\8b.png', 'AB': None}
30.0068 	EXP 	New trial (rep=0, index=10): {'startImage': 'C:\\Users\\hesselmann\\Desktop\\PsychoPyUniformityIllusion\\UniformityIllusionPsychoPy\\Pics\\9start.png', 'endImage': 'C:\\Users\\hesselmann\\Desktop\\PsychoPyUniformityIllusion\\UniformityIllusionPsychoPy\\Pics\\9a.png', 'AB': None}
30.1966 	EXP 	New trial (rep=0, index=11): {'startImage': 'C:\\Users\\hesselmann\\Desktop\\PsychoPyUniformityIllusion\\UniformityIllusionPsychoPy\\Pics\\9start.png', 'endImage': 'C:\\Users\\hesselmann\\Desktop\\PsychoPyUniformityIllusion\\UniformityIllusionPsychoPy\\Pics\\9b.png', 'AB': None}
30.4413 	EXP 	hasPeriphery_2: texRes = 128.0
30.4413 	EXP 	noPeriphery_2: texRes = 128.0
30.4413 	EXP 	hasPeriphery_2: autoDraw = False
30.4413 	EXP 	noPeriphery_2: autoDraw = False
30.4413 	EXP 	text_2: autoDraw = False
30.4413 	EXP 	hasPeriphery_2: size = array([1.77777778, 1.        ])
30.4413 	EXP 	hasPeriphery_2: image = 'C:\\Users\\hesselmann\\Desktop\\PsychoPyUniformityIllusion\\UniformityIllusionPsychoPy\\Pics\\5a.png'
30.4413 	EXP 	noPeriphery_2: size = array([1.77777778, 1.        ])
30.4413 	EXP 	noPeriphery_2: image = 'C:\\Users\\hesselmann\\Desktop\\PsychoPyUniformityIllusion\\UniformityIllusionPsychoPy\\Pics\\5start.png'
30.4413 	EXP 	hasPeriphery_2: autoDraw = True
30.4413 	EXP 	hasPeriphery_2: texRes = 128.0
30.4413 	EXP 	noPeriphery_2: autoDraw = True
30.4413 	EXP 	noPeriphery_2: texRes = 128.0
30.4413 	EXP 	text_2: autoDraw = True
30.4413 	EXP 	hasPeriphery_2: autoDraw = False
30.4413 	EXP 	noPeriphery_2: autoDraw = False
30.4413 	EXP 	text_2: autoDraw = False
30.4413 	EXP 	hasPeriphery_2: size = array([1.77777778, 1.        ])
30.4413 	EXP 	hasPeriphery_2: image = 'C:\\Users\\hesselmann\\Desktop\\PsychoPyUniformityIllusion\\UniformityIllusionPsychoPy\\Pics\\5b.png'
30.4413 	EXP 	noPeriphery_2: size = array([1.77777778, 1.        ])
30.4413 	EXP 	noPeriphery_2: image = 'C:\\Users\\hesselmann\\Desktop\\PsychoPyUniformityIllusion\\UniformityIllusionPsychoPy\\Pics\\5start.png'
30.4413 	EXP 	hasPeriphery_2: autoDraw = True
30.4413 	EXP 	hasPeriphery_2: texRes = 128.0
30.4413 	EXP 	noPeriphery_2: autoDraw = True
30.4413 	EXP 	noPeriphery_2: texRes = 128.0
30.4413 	EXP 	text_2: autoDraw = True
30.4413 	EXP 	hasPeriphery_2: autoDraw = False
30.4413 	EXP 	noPeriphery_2: autoDraw = False
30.4413 	EXP 	text_2: autoDraw = False
30.4413 	EXP 	hasPeriphery_2: size = array([1.77777778, 1.        ])
30.4413 	EXP 	hasPeriphery_2: image = 'C:\\Users\\hesselmann\\Desktop\\PsychoPyUniformityIllusion\\UniformityIllusionPsychoPy\\Pics\\6a.png'
30.4413 	EXP 	noPeriphery_2: size = array([1.77777778, 1.        ])
30.4413 	EXP 	noPeriphery_2: image = 'C:\\Users\\hesselmann\\Desktop\\PsychoPyUniformityIllusion\\UniformityIllusionPsychoPy\\Pics\\6start.png'
30.4413 	EXP 	hasPeriphery_2: autoDraw = True
30.4413 	EXP 	hasPeriphery_2: texRes = 128.0
30.4413 	EXP 	noPeriphery_2: autoDraw = True
30.4413 	EXP 	noPeriphery_2: texRes = 128.0
30.4413 	EXP 	text_2: autoDraw = True
30.4413 	EXP 	hasPeriphery_2: autoDraw = False
30.4413 	EXP 	noPeriphery_2: autoDraw = False
30.4413 	EXP 	text_2: autoDraw = False
30.4413 	EXP 	hasPeriphery_2: size = array([1.77777778, 1.        ])
30.4413 	EXP 	hasPeriphery_2: image = 'C:\\Users\\hesselmann\\Desktop\\PsychoPyUniformityIllusion\\UniformityIllusionPsychoPy\\Pics\\6b.png'
30.4413 	EXP 	noPeriphery_2: size = array([1.77777778, 1.        ])
30.4413 	EXP 	noPeriphery_2: image = 'C:\\Users\\hesselmann\\Desktop\\PsychoPyUniformityIllusion\\UniformityIllusionPsychoPy\\Pics\\6start.png'
30.4413 	EXP 	hasPeriphery_2: autoDraw = True
30.4413 	EXP 	hasPeriphery_2: texRes = 128.0
30.4413 	EXP 	noPeriphery_2: autoDraw = True
30.4413 	EXP 	noPeriphery_2: texRes = 128.0
30.4413 	EXP 	text_2: autoDraw = True
30.4413 	EXP 	hasPeriphery_2: autoDraw = False
30.4413 	EXP 	noPeriphery_2: autoDraw = False
30.4413 	EXP 	text_2: autoDraw = False
30.4413 	EXP 	hasPeriphery_2: size = array([1.77777778, 1.        ])
30.4413 	EXP 	hasPeriphery_2: image = 'C:\\Users\\hesselmann\\Desktop\\PsychoPyUniformityIllusion\\UniformityIllusionPsychoPy\\Pics\\7a.png'
30.4413 	EXP 	noPeriphery_2: size = array([1.77777778, 1.        ])
30.4413 	EXP 	noPeriphery_2: image = 'C:\\Users\\hesselmann\\Desktop\\PsychoPyUniformityIllusion\\UniformityIllusionPsychoPy\\Pics\\7start.png'
30.4413 	EXP 	hasPeriphery_2: autoDraw = True
30.4413 	EXP 	hasPeriphery_2: texRes = 128.0
30.4413 	EXP 	noPeriphery_2: autoDraw = True
30.4413 	EXP 	noPeriphery_2: texRes = 128.0
30.4413 	EXP 	text_2: autoDraw = True
30.4413 	EXP 	hasPeriphery_2: autoDraw = False
30.4413 	EXP 	noPeriphery_2: autoDraw = False
30.4413 	EXP 	text_2: autoDraw = False
30.4413 	EXP 	hasPeriphery_2: size = array([1.77777778, 1.        ])
30.4413 	EXP 	hasPeriphery_2: image = 'C:\\Users\\hesselmann\\Desktop\\PsychoPyUniformityIllusion\\UniformityIllusionPsychoPy\\Pics\\7b.png'
30.4413 	EXP 	noPeriphery_2: size = array([1.77777778, 1.        ])
30.4413 	EXP 	noPeriphery_2: image = 'C:\\Users\\hesselmann\\Desktop\\PsychoPyUniformityIllusion\\UniformityIllusionPsychoPy\\Pics\\7start.png'
30.4413 	EXP 	hasPeriphery_2: autoDraw = True
30.4413 	EXP 	hasPeriphery_2: texRes = 128.0
30.4413 	EXP 	noPeriphery_2: autoDraw = True
30.4413 	EXP 	noPeriphery_2: texRes = 128.0
30.4413 	EXP 	text_2: autoDraw = True
30.4413 	EXP 	hasPeriphery_2: autoDraw = False
30.4413 	EXP 	noPeriphery_2: autoDraw = False
30.4413 	EXP 	text_2: autoDraw = False
30.4413 	EXP 	hasPeriphery_2: size = array([1.77777778, 1.        ])
30.4413 	EXP 	hasPeriphery_2: image = 'C:\\Users\\hesselmann\\Desktop\\PsychoPyUniformityIllusion\\UniformityIllusionPsychoPy\\Pics\\8a.png'
30.4413 	EXP 	noPeriphery_2: size = array([1.77777778, 1.        ])
30.4413 	EXP 	noPeriphery_2: image = 'C:\\Users\\hesselmann\\Desktop\\PsychoPyUniformityIllusion\\UniformityIllusionPsychoPy\\Pics\\8start.png'
30.4413 	EXP 	hasPeriphery_2: autoDraw = True
30.4413 	EXP 	hasPeriphery_2: texRes = 128.0
30.4413 	EXP 	noPeriphery_2: autoDraw = True
30.4413 	EXP 	noPeriphery_2: texRes = 128.0
30.4413 	EXP 	text_2: autoDraw = True
30.4413 	EXP 	hasPeriphery_2: autoDraw = False
30.4413 	EXP 	noPeriphery_2: autoDraw = False
30.4413 	EXP 	text_2: autoDraw = False
30.4413 	EXP 	hasPeriphery_2: size = array([1.77777778, 1.        ])
30.4413 	EXP 	hasPeriphery_2: image = 'C:\\Users\\hesselmann\\Desktop\\PsychoPyUniformityIllusion\\UniformityIllusionPsychoPy\\Pics\\8b.png'
30.4413 	EXP 	noPeriphery_2: size = array([1.77777778, 1.        ])
30.4413 	EXP 	noPeriphery_2: image = 'C:\\Users\\hesselmann\\Desktop\\PsychoPyUniformityIllusion\\UniformityIllusionPsychoPy\\Pics\\8start.png'
30.4413 	EXP 	hasPeriphery_2: autoDraw = True
30.4413 	EXP 	hasPeriphery_2: texRes = 128.0
30.4413 	EXP 	noPeriphery_2: autoDraw = True
30.4413 	EXP 	noPeriphery_2: texRes = 128.0
30.4413 	EXP 	text_2: autoDraw = True
30.4413 	EXP 	hasPeriphery_2: autoDraw = False
30.4413 	EXP 	noPeriphery_2: autoDraw = False
30.4413 	EXP 	text_2: autoDraw = False
30.4413 	EXP 	hasPeriphery_2: size = array([1.77777778, 1.        ])
30.4413 	EXP 	hasPeriphery_2: image = 'C:\\Users\\hesselmann\\Desktop\\PsychoPyUniformityIllusion\\UniformityIllusionPsychoPy\\Pics\\9a.png'
30.4413 	EXP 	noPeriphery_2: size = array([1.77777778, 1.        ])
30.4413 	EXP 	noPeriphery_2: image = 'C:\\Users\\hesselmann\\Desktop\\PsychoPyUniformityIllusion\\UniformityIllusionPsychoPy\\Pics\\9start.png'
30.4413 	EXP 	hasPeriphery_2: autoDraw = True
30.4413 	EXP 	hasPeriphery_2: texRes = 128.0
30.4413 	EXP 	noPeriphery_2: autoDraw = True
30.4413 	EXP 	noPeriphery_2: texRes = 128.0
30.4413 	EXP 	text_2: autoDraw = True
30.4413 	EXP 	hasPeriphery_2: autoDraw = False
30.4413 	EXP 	noPeriphery_2: autoDraw = False
30.4413 	EXP 	text_2: autoDraw = False
30.4413 	EXP 	hasPeriphery_2: size = array([1.77777778, 1.        ])
30.4413 	EXP 	hasPeriphery_2: image = 'C:\\Users\\hesselmann\\Desktop\\PsychoPyUniformityIllusion\\UniformityIllusionPsychoPy\\Pics\\9b.png'
30.4413 	EXP 	noPeriphery_2: size = array([1.77777778, 1.        ])
30.4413 	EXP 	noPeriphery_2: image = 'C:\\Users\\hesselmann\\Desktop\\PsychoPyUniformityIllusion\\UniformityIllusionPsychoPy\\Pics\\9start.png'
30.4413 	EXP 	hasPeriphery_2: autoDraw = True
30.4413 	EXP 	hasPeriphery_2: texRes = 128.0
30.4413 	EXP 	noPeriphery_2: autoDraw = True
30.4413 	EXP 	noPeriphery_2: texRes = 128.0
30.4413 	EXP 	text_2: autoDraw = True
30.5936 	EXP 	hasPeriphery_2: texRes = 128.0
30.5936 	EXP 	noPeriphery_2: texRes = 128.0
30.7567 	EXP 	hasPeriphery_2: texRes = 128.0
30.7567 	EXP 	noPeriphery_2: texRes = 128.0
30.9221 	EXP 	hasPeriphery_2: texRes = 128.0
30.9221 	EXP 	noPeriphery_2: texRes = 128.0
31.0902 	EXP 	hasPeriphery_2: texRes = 128.0
31.0902 	EXP 	noPeriphery_2: texRes = 128.0
31.2575 	EXP 	hasPeriphery_2: texRes = 128.0
31.2575 	EXP 	noPeriphery_2: texRes = 128.0
31.4233 	EXP 	hasPeriphery_2: texRes = 128.0
31.4233 	EXP 	noPeriphery_2: texRes = 128.0
31.5886 	EXP 	hasPeriphery_2: texRes = 128.0
31.5886 	EXP 	noPeriphery_2: texRes = 128.0
31.7567 	EXP 	hasPeriphery_2: texRes = 128.0
31.7567 	EXP 	noPeriphery_2: texRes = 128.0
31.9223 	EXP 	hasPeriphery_2: texRes = 128.0
31.9223 	EXP 	noPeriphery_2: texRes = 128.0
32.0982 	EXP 	hasPeriphery_2: texRes = 128.0
32.0982 	EXP 	noPeriphery_2: texRes = 128.0
32.2553 	EXP 	hasPeriphery_2: texRes = 128.0
32.2553 	EXP 	noPeriphery_2: texRes = 128.0
32.4101 	EXP 	hasPeriphery_2: texRes = 128.0
32.4101 	EXP 	noPeriphery_2: texRes = 128.0
32.5746 	EXP 	hasPeriphery_2: texRes = 128.0
32.5746 	EXP 	noPeriphery_2: texRes = 128.0
32.7398 	EXP 	hasPeriphery_2: texRes = 128.0
32.7398 	EXP 	noPeriphery_2: texRes = 128.0
32.9065 	EXP 	hasPeriphery_2: texRes = 128.0
32.9065 	EXP 	noPeriphery_2: texRes = 128.0
33.0731 	EXP 	hasPeriphery_2: texRes = 128.0
33.0731 	EXP 	noPeriphery_2: texRes = 128.0
33.2277 	EXP 	hasPeriphery_2: texRes = 128.0
33.2277 	EXP 	noPeriphery_2: texRes = 128.0
33.3932 	EXP 	hasPeriphery_2: texRes = 128.0
33.3932 	EXP 	noPeriphery_2: texRes = 128.0
33.5618 	EXP 	hasPeriphery_2: texRes = 128.0
33.5618 	EXP 	noPeriphery_2: texRes = 128.0
33.7300 	EXP 	hasPeriphery_2: texRes = 128.0
33.7300 	EXP 	noPeriphery_2: texRes = 128.0
33.8937 	EXP 	hasPeriphery_2: texRes = 128.0
33.8937 	EXP 	noPeriphery_2: texRes = 128.0
34.0563 	EXP 	hasPeriphery_2: texRes = 128.0
34.0563 	EXP 	noPeriphery_2: texRes = 128.0
34.2259 	EXP 	hasPeriphery_2: texRes = 128.0
34.2259 	EXP 	noPeriphery_2: texRes = 128.0
34.3897 	EXP 	hasPeriphery_2: texRes = 128.0
34.3897 	EXP 	noPeriphery_2: texRes = 128.0
34.5432 	EXP 	hasPeriphery_2: texRes = 128.0
34.5432 	EXP 	noPeriphery_2: texRes = 128.0
34.7091 	EXP 	hasPeriphery_2: texRes = 128.0
34.7091 	EXP 	noPeriphery_2: texRes = 128.0
34.8429 	EXP 	hasPeriphery_2: texRes = 128.0
34.8429 	EXP 	noPeriphery_2: texRes = 128.0
35.0063 	EXP 	hasPeriphery_2: texRes = 128.0
35.0063 	EXP 	noPeriphery_2: texRes = 128.0
35.1751 	EXP 	hasPeriphery_2: texRes = 128.0
35.1751 	EXP 	noPeriphery_2: texRes = 128.0
35.3393 	EXP 	hasPeriphery_2: texRes = 128.0
35.3393 	EXP 	noPeriphery_2: texRes = 128.0
35.5064 	EXP 	hasPeriphery_2: texRes = 128.0
35.5064 	EXP 	noPeriphery_2: texRes = 128.0
35.6553 	EXP 	hasPeriphery_2: texRes = 128.0
35.6553 	EXP 	noPeriphery_2: texRes = 128.0
35.8110 	EXP 	hasPeriphery_2: texRes = 128.0
35.8110 	EXP 	noPeriphery_2: texRes = 128.0
35.9786 	EXP 	hasPeriphery_2: texRes = 128.0
35.9786 	EXP 	noPeriphery_2: texRes = 128.0
36.1395 	EXP 	hasPeriphery_2: texRes = 128.0
36.1395 	EXP 	noPeriphery_2: texRes = 128.0
36.2902 	EXP 	hasPeriphery_2: texRes = 128.0
36.2902 	EXP 	noPeriphery_2: texRes = 128.0
36.4561 	EXP 	hasPeriphery_2: texRes = 128.0
36.4561 	EXP 	noPeriphery_2: texRes = 128.0
36.6242 	EXP 	hasPeriphery_2: texRes = 128.0
36.6242 	EXP 	noPeriphery_2: texRes = 128.0
36.7764 	EXP 	hasPeriphery_2: texRes = 128.0
36.7764 	EXP 	noPeriphery_2: texRes = 128.0
36.9401 	EXP 	hasPeriphery_2: texRes = 128.0
36.9401 	EXP 	noPeriphery_2: texRes = 128.0
37.1068 	EXP 	hasPeriphery_2: texRes = 128.0
37.1068 	EXP 	noPeriphery_2: texRes = 128.0
37.2745 	EXP 	hasPeriphery_2: texRes = 128.0
37.2745 	EXP 	noPeriphery_2: texRes = 128.0
37.4560 	EXP 	hasPeriphery_2: texRes = 128.0
37.4560 	EXP 	noPeriphery_2: texRes = 128.0
37.6065 	EXP 	hasPeriphery_2: texRes = 128.0
37.6065 	EXP 	noPeriphery_2: texRes = 128.0
37.7746 	EXP 	hasPeriphery_2: texRes = 128.0
37.7746 	EXP 	noPeriphery_2: texRes = 128.0
37.9236 	EXP 	hasPeriphery_2: texRes = 128.0
37.9236 	EXP 	noPeriphery_2: texRes = 128.0
38.0905 	EXP 	hasPeriphery_2: texRes = 128.0
38.0905 	EXP 	noPeriphery_2: texRes = 128.0
38.2585 	EXP 	hasPeriphery_2: texRes = 128.0
38.2585 	EXP 	noPeriphery_2: texRes = 128.0
38.4214 	EXP 	hasPeriphery_2: texRes = 128.0
38.4214 	EXP 	noPeriphery_2: texRes = 128.0
38.5949 	EXP 	hasPeriphery_2: texRes = 128.0
38.5949 	EXP 	noPeriphery_2: texRes = 128.0
38.7549 	EXP 	hasPeriphery_2: texRes = 128.0
38.7549 	EXP 	noPeriphery_2: texRes = 128.0
38.9228 	EXP 	hasPeriphery_2: texRes = 128.0
38.9228 	EXP 	noPeriphery_2: texRes = 128.0
39.0897 	EXP 	hasPeriphery_2: texRes = 128.0
39.0897 	EXP 	noPeriphery_2: texRes = 128.0
39.2548 	EXP 	hasPeriphery_2: texRes = 128.0
39.2548 	EXP 	noPeriphery_2: texRes = 128.0
39.4117 	EXP 	hasPeriphery_2: texRes = 128.0
39.4117 	EXP 	noPeriphery_2: texRes = 128.0
39.5779 	EXP 	hasPeriphery_2: texRes = 128.0
39.5779 	EXP 	noPeriphery_2: texRes = 128.0
39.7380 	EXP 	hasPeriphery_2: texRes = 128.0
39.7380 	EXP 	noPeriphery_2: texRes = 128.0
39.9059 	EXP 	hasPeriphery_2: texRes = 128.0
39.9059 	EXP 	noPeriphery_2: texRes = 128.0
40.0589 	EXP 	hasPeriphery_2: texRes = 128.0
40.0589 	EXP 	noPeriphery_2: texRes = 128.0
40.2266 	EXP 	hasPeriphery_2: texRes = 128.0
40.2266 	EXP 	noPeriphery_2: texRes = 128.0
40.3907 	EXP 	hasPeriphery_2: texRes = 128.0
40.3907 	EXP 	noPeriphery_2: texRes = 128.0
40.5584 	EXP 	hasPeriphery_2: texRes = 128.0
40.5584 	EXP 	noPeriphery_2: texRes = 128.0
40.5877 	EXP 	hasPeriphery_2: autoDraw = False
40.5877 	EXP 	noPeriphery_2: autoDraw = False
40.9926 	EXP 	New trial (rep=0, index=12): {'startImage': 'C:\\Users\\hesselmann\\Desktop\\PsychoPyUniformityIllusion\\UniformityIllusionPsychoPy\\Pics\\10start.png', 'endImage': 'C:\\Users\\hesselmann\\Desktop\\PsychoPyUniformityIllusion\\UniformityIllusionPsychoPy\\Pics\\10a.png', 'AB': None}
41.2675 	EXP 	New trial (rep=0, index=13): {'startImage': 'C:\\Users\\hesselmann\\Desktop\\PsychoPyUniformityIllusion\\UniformityIllusionPsychoPy\\Pics\\10start.png', 'endImage': 'C:\\Users\\hesselmann\\Desktop\\PsychoPyUniformityIllusion\\UniformityIllusionPsychoPy\\Pics\\10b.png', 'AB': None}
41.5907 	EXP 	hasPeriphery_2: autoDraw = False
41.5907 	EXP 	noPeriphery_2: autoDraw = False
41.5907 	EXP 	text_2: autoDraw = False
41.5907 	EXP 	hasPeriphery_2: size = array([1.77777778, 1.        ])
41.5907 	EXP 	hasPeriphery_2: image = 'C:\\Users\\hesselmann\\Desktop\\PsychoPyUniformityIllusion\\UniformityIllusionPsychoPy\\Pics\\10a.png'
41.5907 	EXP 	noPeriphery_2: size = array([1.77777778, 1.        ])
41.5907 	EXP 	noPeriphery_2: image = 'C:\\Users\\hesselmann\\Desktop\\PsychoPyUniformityIllusion\\UniformityIllusionPsychoPy\\Pics\\10start.png'
41.5907 	EXP 	hasPeriphery_2: autoDraw = True
41.5907 	EXP 	hasPeriphery_2: texRes = 128.0
41.5907 	EXP 	noPeriphery_2: autoDraw = True
41.5907 	EXP 	noPeriphery_2: texRes = 128.0
41.5907 	EXP 	text_2: autoDraw = True
41.5907 	EXP 	hasPeriphery_2: autoDraw = False
41.5907 	EXP 	noPeriphery_2: autoDraw = False
41.5907 	EXP 	text_2: autoDraw = False
41.5907 	EXP 	hasPeriphery_2: size = array([1.77777778, 1.        ])
41.5907 	EXP 	hasPeriphery_2: image = 'C:\\Users\\hesselmann\\Desktop\\PsychoPyUniformityIllusion\\UniformityIllusionPsychoPy\\Pics\\10b.png'
41.5907 	EXP 	noPeriphery_2: size = array([1.77777778, 1.        ])
41.5907 	EXP 	noPeriphery_2: image = 'C:\\Users\\hesselmann\\Desktop\\PsychoPyUniformityIllusion\\UniformityIllusionPsychoPy\\Pics\\10start.png'
41.5907 	EXP 	hasPeriphery_2: autoDraw = True
41.5907 	EXP 	hasPeriphery_2: texRes = 128.0
41.5907 	EXP 	noPeriphery_2: autoDraw = True
41.5907 	EXP 	noPeriphery_2: texRes = 128.0
41.5907 	EXP 	text_2: autoDraw = True
41.7890 	EXP 	hasPeriphery_2: texRes = 128.0
41.7890 	EXP 	noPeriphery_2: texRes = 128.0
41.9876 	EXP 	hasPeriphery_2: texRes = 128.0
41.9876 	EXP 	noPeriphery_2: texRes = 128.0
42.1542 	EXP 	hasPeriphery_2: texRes = 128.0
42.1542 	EXP 	noPeriphery_2: texRes = 128.0
42.3581 	EXP 	hasPeriphery_2: texRes = 128.0
42.3581 	EXP 	noPeriphery_2: texRes = 128.0
42.5594 	EXP 	hasPeriphery_2: texRes = 128.0
42.5594 	EXP 	noPeriphery_2: texRes = 128.0
42.7126 	EXP 	New trial (rep=0, index=14): {'startImage': 'C:\\Users\\hesselmann\\Desktop\\PsychoPyUniformityIllusion\\UniformityIllusionPsychoPy\\Pics\\11start.png', 'endImage': 'C:\\Users\\hesselmann\\Desktop\\PsychoPyUniformityIllusion\\UniformityIllusionPsychoPy\\Pics\\11a.png', 'AB': None}
42.9936 	EXP 	New trial (rep=0, index=15): {'startImage': 'C:\\Users\\hesselmann\\Desktop\\PsychoPyUniformityIllusion\\UniformityIllusionPsychoPy\\Pics\\11start.png', 'endImage': 'C:\\Users\\hesselmann\\Desktop\\PsychoPyUniformityIllusion\\UniformityIllusionPsychoPy\\Pics\\11b.png', 'AB': None}
43.3110 	EXP 	hasPeriphery_2: texRes = 128.0
43.3110 	EXP 	noPeriphery_2: texRes = 128.0
43.3110 	EXP 	hasPeriphery_2: autoDraw = False
43.3110 	EXP 	noPeriphery_2: autoDraw = False
43.3110 	EXP 	text_2: autoDraw = False
43.3110 	EXP 	hasPeriphery_2: size = array([1.77777778, 1.        ])
43.3110 	EXP 	hasPeriphery_2: image = 'C:\\Users\\hesselmann\\Desktop\\PsychoPyUniformityIllusion\\UniformityIllusionPsychoPy\\Pics\\11a.png'
43.3110 	EXP 	noPeriphery_2: size = array([1.77777778, 1.        ])
43.3110 	EXP 	noPeriphery_2: image = 'C:\\Users\\hesselmann\\Desktop\\PsychoPyUniformityIllusion\\UniformityIllusionPsychoPy\\Pics\\11start.png'
43.3110 	EXP 	hasPeriphery_2: autoDraw = True
43.3110 	EXP 	hasPeriphery_2: texRes = 128.0
43.3110 	EXP 	noPeriphery_2: autoDraw = True
43.3110 	EXP 	noPeriphery_2: texRes = 128.0
43.3110 	EXP 	text_2: autoDraw = True
43.3110 	EXP 	hasPeriphery_2: autoDraw = False
43.3110 	EXP 	noPeriphery_2: autoDraw = False
43.3110 	EXP 	text_2: autoDraw = False
43.3110 	EXP 	hasPeriphery_2: size = array([1.77777778, 1.        ])
43.3110 	EXP 	hasPeriphery_2: image = 'C:\\Users\\hesselmann\\Desktop\\PsychoPyUniformityIllusion\\UniformityIllusionPsychoPy\\Pics\\11b.png'
43.3110 	EXP 	noPeriphery_2: size = array([1.77777778, 1.        ])
43.3110 	EXP 	noPeriphery_2: image = 'C:\\Users\\hesselmann\\Desktop\\PsychoPyUniformityIllusion\\UniformityIllusionPsychoPy\\Pics\\11start.png'
43.3110 	EXP 	hasPeriphery_2: autoDraw = True
43.3110 	EXP 	hasPeriphery_2: texRes = 128.0
43.3110 	EXP 	noPeriphery_2: autoDraw = True
43.3110 	EXP 	noPeriphery_2: texRes = 128.0
43.3110 	EXP 	text_2: autoDraw = True
43.5042 	EXP 	hasPeriphery_2: texRes = 128.0
43.5042 	EXP 	noPeriphery_2: texRes = 128.0
43.7041 	EXP 	hasPeriphery_2: texRes = 128.0
43.7041 	EXP 	noPeriphery_2: texRes = 128.0
43.9234 	EXP 	hasPeriphery_2: texRes = 128.0
43.9234 	EXP 	noPeriphery_2: texRes = 128.0
44.1225 	EXP 	hasPeriphery_2: texRes = 128.0
44.1225 	EXP 	noPeriphery_2: texRes = 128.0
44.3388 	EXP 	hasPeriphery_2: texRes = 128.0
44.3388 	EXP 	noPeriphery_2: texRes = 128.0
44.5555 	EXP 	hasPeriphery_2: texRes = 128.0
44.5555 	EXP 	noPeriphery_2: texRes = 128.0
44.7720 	EXP 	hasPeriphery_2: texRes = 128.0
44.7720 	EXP 	noPeriphery_2: texRes = 128.0
44.9887 	EXP 	hasPeriphery_2: texRes = 128.0
44.9887 	EXP 	noPeriphery_2: texRes = 128.0
45.1880 	EXP 	hasPeriphery_2: texRes = 128.0
45.1880 	EXP 	noPeriphery_2: texRes = 128.0
45.4040 	EXP 	hasPeriphery_2: texRes = 128.0
45.4040 	EXP 	noPeriphery_2: texRes = 128.0
45.6220 	EXP 	hasPeriphery_2: texRes = 128.0
45.6220 	EXP 	noPeriphery_2: texRes = 128.0
45.8111 	EXP 	hasPeriphery_2: texRes = 128.0
45.8111 	EXP 	noPeriphery_2: texRes = 128.0
46.0053 	EXP 	hasPeriphery_2: texRes = 128.0
46.0053 	EXP 	noPeriphery_2: texRes = 128.0
46.2071 	EXP 	hasPeriphery_2: texRes = 128.0
46.2071 	EXP 	noPeriphery_2: texRes = 128.0
46.4082 	EXP 	hasPeriphery_2: texRes = 128.0
46.4082 	EXP 	noPeriphery_2: texRes = 128.0
46.6039 	EXP 	hasPeriphery_2: texRes = 128.0
46.6039 	EXP 	noPeriphery_2: texRes = 128.0
46.8072 	EXP 	hasPeriphery_2: texRes = 128.0
46.8072 	EXP 	noPeriphery_2: texRes = 128.0
47.0064 	EXP 	hasPeriphery_2: texRes = 128.0
47.0064 	EXP 	noPeriphery_2: texRes = 128.0
47.2232 	EXP 	hasPeriphery_2: texRes = 128.0
47.2232 	EXP 	noPeriphery_2: texRes = 128.0
47.4385 	EXP 	hasPeriphery_2: texRes = 128.0
47.4385 	EXP 	noPeriphery_2: texRes = 128.0
47.6371 	EXP 	hasPeriphery_2: texRes = 128.0
47.6371 	EXP 	noPeriphery_2: texRes = 128.0
47.8553 	EXP 	hasPeriphery_2: texRes = 128.0
47.8553 	EXP 	noPeriphery_2: texRes = 128.0
48.0581 	EXP 	hasPeriphery_2: texRes = 128.0
48.0581 	EXP 	noPeriphery_2: texRes = 128.0
48.2132 	EXP 	New trial (rep=0, index=16): {'startImage': 'C:\\Users\\hesselmann\\Desktop\\PsychoPyUniformityIllusion\\UniformityIllusionPsychoPy\\Pics\\12start.png', 'endImage': 'C:\\Users\\hesselmann\\Desktop\\PsychoPyUniformityIllusion\\UniformityIllusionPsychoPy\\Pics\\12a.png', 'AB': None}
48.4050 	EXP 	New trial (rep=0, index=17): {'startImage': 'C:\\Users\\hesselmann\\Desktop\\PsychoPyUniformityIllusion\\UniformityIllusionPsychoPy\\Pics\\12start.png', 'endImage': 'C:\\Users\\hesselmann\\Desktop\\PsychoPyUniformityIllusion\\UniformityIllusionPsychoPy\\Pics\\12b.png', 'AB': None}
48.6170 	EXP 	New trial (rep=0, index=18): {'startImage': 'C:\\Users\\hesselmann\\Desktop\\PsychoPyUniformityIllusion\\UniformityIllusionPsychoPy\\Pics\\13start.png', 'endImage': 'C:\\Users\\hesselmann\\Desktop\\PsychoPyUniformityIllusion\\UniformityIllusionPsychoPy\\Pics\\13a.png', 'AB': None}
48.9151 	EXP 	New trial (rep=0, index=19): {'startImage': 'C:\\Users\\hesselmann\\Desktop\\PsychoPyUniformityIllusion\\UniformityIllusionPsychoPy\\Pics\\13start.png', 'endImage': 'C:\\Users\\hesselmann\\Desktop\\PsychoPyUniformityIllusion\\UniformityIllusionPsychoPy\\Pics\\13b.png', 'AB': None}
49.1881 	EXP 	New trial (rep=0, index=20): {'startImage': 'C:\\Users\\hesselmann\\Desktop\\PsychoPyUniformityIllusion\\UniformityIllusionPsychoPy\\Pics\\14start.png', 'endImage': 'C:\\Users\\hesselmann\\Desktop\\PsychoPyUniformityIllusion\\UniformityIllusionPsychoPy\\Pics\\14a.png', 'AB': None}
49.4482 	EXP 	New trial (rep=0, index=21): {'startImage': 'C:\\Users\\hesselmann\\Desktop\\PsychoPyUniformityIllusion\\UniformityIllusionPsychoPy\\Pics\\14start.png', 'endImage': 'C:\\Users\\hesselmann\\Desktop\\PsychoPyUniformityIllusion\\UniformityIllusionPsychoPy\\Pics\\14b.png', 'AB': None}
49.6584 	EXP 	New trial (rep=0, index=22): {'startImage': 'C:\\Users\\hesselmann\\Desktop\\PsychoPyUniformityIllusion\\UniformityIllusionPsychoPy\\Pics\\15start.png', 'endImage': 'C:\\Users\\hesselmann\\Desktop\\PsychoPyUniformityIllusion\\UniformityIllusionPsychoPy\\Pics\\15a.png', 'AB': None}
49.8323 	EXP 	New trial (rep=0, index=23): {'startImage': 'C:\\Users\\hesselmann\\Desktop\\PsychoPyUniformityIllusion\\UniformityIllusionPsychoPy\\Pics\\15start.png', 'endImage': 'C:\\Users\\hesselmann\\Desktop\\PsychoPyUniformityIllusion\\UniformityIllusionPsychoPy\\Pics\\15b.png', 'AB': None}
50.0049 	DATA 	Keypress: space
50.0208 	EXP 	hasPeriphery_2: texRes = 128.0
50.0208 	EXP 	noPeriphery_2: texRes = 128.0
50.0208 	EXP 	hasPeriphery_2: autoDraw = False
50.0208 	EXP 	noPeriphery_2: autoDraw = False
50.0208 	EXP 	text_2: autoDraw = False
50.0208 	EXP 	hasPeriphery_2: size = array([1.77777778, 1.        ])
50.0208 	EXP 	hasPeriphery_2: image = 'C:\\Users\\hesselmann\\Desktop\\PsychoPyUniformityIllusion\\UniformityIllusionPsychoPy\\Pics\\12a.png'
50.0208 	EXP 	noPeriphery_2: size = array([1.77777778, 1.        ])
50.0208 	EXP 	noPeriphery_2: image = 'C:\\Users\\hesselmann\\Desktop\\PsychoPyUniformityIllusion\\UniformityIllusionPsychoPy\\Pics\\12start.png'
50.0208 	EXP 	hasPeriphery_2: autoDraw = True
50.0208 	EXP 	hasPeriphery_2: texRes = 128.0
50.0208 	EXP 	noPeriphery_2: autoDraw = True
50.0208 	EXP 	noPeriphery_2: texRes = 128.0
50.0208 	EXP 	text_2: autoDraw = True
50.0208 	EXP 	hasPeriphery_2: autoDraw = False
50.0208 	EXP 	noPeriphery_2: autoDraw = False
50.0208 	EXP 	text_2: autoDraw = False
50.0208 	EXP 	hasPeriphery_2: size = array([1.77777778, 1.        ])
50.0208 	EXP 	hasPeriphery_2: image = 'C:\\Users\\hesselmann\\Desktop\\PsychoPyUniformityIllusion\\UniformityIllusionPsychoPy\\Pics\\12b.png'
50.0208 	EXP 	noPeriphery_2: size = array([1.77777778, 1.        ])
50.0208 	EXP 	noPeriphery_2: image = 'C:\\Users\\hesselmann\\Desktop\\PsychoPyUniformityIllusion\\UniformityIllusionPsychoPy\\Pics\\12start.png'
50.0208 	EXP 	hasPeriphery_2: autoDraw = True
50.0208 	EXP 	hasPeriphery_2: texRes = 128.0
50.0208 	EXP 	noPeriphery_2: autoDraw = True
50.0208 	EXP 	noPeriphery_2: texRes = 128.0
50.0208 	EXP 	text_2: autoDraw = True
50.0208 	EXP 	hasPeriphery_2: autoDraw = False
50.0208 	EXP 	noPeriphery_2: autoDraw = False
50.0208 	EXP 	text_2: autoDraw = False
50.0208 	EXP 	hasPeriphery_2: size = array([1.77777778, 1.        ])
50.0208 	EXP 	hasPeriphery_2: image = 'C:\\Users\\hesselmann\\Desktop\\PsychoPyUniformityIllusion\\UniformityIllusionPsychoPy\\Pics\\13a.png'
50.0208 	EXP 	noPeriphery_2: size = array([1.77777778, 1.        ])
50.0208 	EXP 	noPeriphery_2: image = 'C:\\Users\\hesselmann\\Desktop\\PsychoPyUniformityIllusion\\UniformityIllusionPsychoPy\\Pics\\13start.png'
50.0208 	EXP 	hasPeriphery_2: autoDraw = True
50.0208 	EXP 	hasPeriphery_2: texRes = 128.0
50.0208 	EXP 	noPeriphery_2: autoDraw = True
50.0208 	EXP 	noPeriphery_2: texRes = 128.0
50.0208 	EXP 	text_2: autoDraw = True
50.0208 	EXP 	hasPeriphery_2: autoDraw = False
50.0208 	EXP 	noPeriphery_2: autoDraw = False
50.0208 	EXP 	text_2: autoDraw = False
50.0208 	EXP 	hasPeriphery_2: size = array([1.77777778, 1.        ])
50.0208 	EXP 	hasPeriphery_2: image = 'C:\\Users\\hesselmann\\Desktop\\PsychoPyUniformityIllusion\\UniformityIllusionPsychoPy\\Pics\\13b.png'
50.0208 	EXP 	noPeriphery_2: size = array([1.77777778, 1.        ])
50.0208 	EXP 	noPeriphery_2: image = 'C:\\Users\\hesselmann\\Desktop\\PsychoPyUniformityIllusion\\UniformityIllusionPsychoPy\\Pics\\13start.png'
50.0208 	EXP 	hasPeriphery_2: autoDraw = True
50.0208 	EXP 	hasPeriphery_2: texRes = 128.0
50.0208 	EXP 	noPeriphery_2: autoDraw = True
50.0208 	EXP 	noPeriphery_2: texRes = 128.0
50.0208 	EXP 	text_2: autoDraw = True
50.0208 	EXP 	hasPeriphery_2: autoDraw = False
50.0208 	EXP 	noPeriphery_2: autoDraw = False
50.0208 	EXP 	text_2: autoDraw = False
50.0208 	EXP 	hasPeriphery_2: size = array([1.77777778, 1.        ])
50.0208 	EXP 	hasPeriphery_2: image = 'C:\\Users\\hesselmann\\Desktop\\PsychoPyUniformityIllusion\\UniformityIllusionPsychoPy\\Pics\\14a.png'
50.0208 	EXP 	noPeriphery_2: size = array([1.77777778, 1.        ])
50.0208 	EXP 	noPeriphery_2: image = 'C:\\Users\\hesselmann\\Desktop\\PsychoPyUniformityIllusion\\UniformityIllusionPsychoPy\\Pics\\14start.png'
50.0208 	EXP 	hasPeriphery_2: autoDraw = True
50.0208 	EXP 	hasPeriphery_2: texRes = 128.0
50.0208 	EXP 	noPeriphery_2: autoDraw = True
50.0208 	EXP 	noPeriphery_2: texRes = 128.0
50.0208 	EXP 	text_2: autoDraw = True
50.0208 	EXP 	hasPeriphery_2: autoDraw = False
50.0208 	EXP 	noPeriphery_2: autoDraw = False
50.0208 	EXP 	text_2: autoDraw = False
50.0208 	EXP 	hasPeriphery_2: size = array([1.77777778, 1.        ])
50.0208 	EXP 	hasPeriphery_2: image = 'C:\\Users\\hesselmann\\Desktop\\PsychoPyUniformityIllusion\\UniformityIllusionPsychoPy\\Pics\\14b.png'
50.0208 	EXP 	noPeriphery_2: size = array([1.77777778, 1.        ])
50.0208 	EXP 	noPeriphery_2: image = 'C:\\Users\\hesselmann\\Desktop\\PsychoPyUniformityIllusion\\UniformityIllusionPsychoPy\\Pics\\14start.png'
50.0208 	EXP 	hasPeriphery_2: autoDraw = True
50.0208 	EXP 	hasPeriphery_2: texRes = 128.0
50.0208 	EXP 	noPeriphery_2: autoDraw = True
50.0208 	EXP 	noPeriphery_2: texRes = 128.0
50.0208 	EXP 	text_2: autoDraw = True
50.0208 	EXP 	hasPeriphery_2: autoDraw = False
50.0208 	EXP 	noPeriphery_2: autoDraw = False
50.0208 	EXP 	text_2: autoDraw = False
50.0208 	EXP 	hasPeriphery_2: size = array([1.77777778, 1.        ])
50.0208 	EXP 	hasPeriphery_2: image = 'C:\\Users\\hesselmann\\Desktop\\PsychoPyUniformityIllusion\\UniformityIllusionPsychoPy\\Pics\\15a.png'
50.0208 	EXP 	noPeriphery_2: size = array([1.77777778, 1.        ])
50.0208 	EXP 	noPeriphery_2: image = 'C:\\Users\\hesselmann\\Desktop\\PsychoPyUniformityIllusion\\UniformityIllusionPsychoPy\\Pics\\15start.png'
50.0208 	EXP 	hasPeriphery_2: autoDraw = True
50.0208 	EXP 	hasPeriphery_2: texRes = 128.0
50.0208 	EXP 	noPeriphery_2: autoDraw = True
50.0208 	EXP 	noPeriphery_2: texRes = 128.0
50.0208 	EXP 	text_2: autoDraw = True
50.0208 	EXP 	hasPeriphery_2: autoDraw = False
50.0208 	EXP 	noPeriphery_2: autoDraw = False
50.0208 	EXP 	text_2: autoDraw = False
50.0208 	EXP 	hasPeriphery_2: size = array([1.77777778, 1.        ])
50.0208 	EXP 	hasPeriphery_2: image = 'C:\\Users\\hesselmann\\Desktop\\PsychoPyUniformityIllusion\\UniformityIllusionPsychoPy\\Pics\\15b.png'
50.0208 	EXP 	noPeriphery_2: size = array([1.77777778, 1.        ])
50.0208 	EXP 	noPeriphery_2: image = 'C:\\Users\\hesselmann\\Desktop\\PsychoPyUniformityIllusion\\UniformityIllusionPsychoPy\\Pics\\15start.png'
50.0208 	EXP 	hasPeriphery_2: autoDraw = True
50.0208 	EXP 	hasPeriphery_2: texRes = 128.0
50.0208 	EXP 	noPeriphery_2: autoDraw = True
50.0208 	EXP 	noPeriphery_2: texRes = 128.0
50.0208 	EXP 	text_2: autoDraw = True
50.0208 	EXP 	hasPeriphery_2: autoDraw = False
50.0208 	EXP 	noPeriphery_2: autoDraw = False
50.0208 	EXP 	text_2: autoDraw = False
50.3377 	EXP 	window1: mouseVisible = True
