1.0928 	WARNING 	We strongly recommend you activate the PTB sound engine in PsychoPy prefs as the preferred audio engine. Its timing is vastly superior. Your prefs are currently set to use ['sounddevice', 'PTB', 'pyo', 'pygame'] (in that order).
9.4542 	EXP 	Created window1 = Window(allowGUI=False, allowStencil=False, autoLog=True, backendConf=UNKNOWN, bitsMode=UNKNOWN, blendMode='avg', bpc=(8, 8, 8), color=array([0, 0, 0]), colorSpace='rgb', depthBits=8, fullscr=<method-wrapper '__getattribute__' of attributeSetter object at 0x000001F7C2D44E10>, gamma=None, gammaErrorPolicy='raise', lms=UNKNOWN, monitor=<psychopy.monitors.calibTools.Monitor object at 0x000001F7C2D1E4A8>, multiSample=False, name='window1', numSamples=2, pos=[0.0, 0.0], screen=0, size=array([1920, 1080]), stencilBits=0, stereo=False, units='height', useFBO=True, useRetina=False, viewOri=0.0, viewPos=None, viewScale=None, waitBlanking=True, winType='pyglet')
9.4544 	EXP 	window1: mouseVisible = True
9.4544 	EXP 	window1: recordFrameIntervals = False
9.6204 	EXP 	window1: recordFrameIntervals = True
9.8040 	EXP 	window1: recordFrameIntervals = False
10.5305 	EXP 	Created WelcomeText = TextStim(__class__=<class 'psychopy.visual.text.TextStim'>, alignHoriz=method-wrapper(...), alignText='center', alignVert=method-wrapper(...), anchorHoriz='center', anchorVert='center', antialias=True, autoLog=True, bold=False, color=array([1, 1, 1]), colorSpace='rgb', contrast=1.0, depth=0.0, flipHoriz=False, flipVert=False, font='Open Sans', fontFiles=[], height=0.1, italic=False, languageStyle='LTR', name='WelcomeText', opacity=1, ori=0.0, pos=array([0., 0.]), rgb=UNKNOWN, text='Welcome to our Study!', units='height', win=Window(...), wrapWidth=1)
10.5562 	EXP 	Imported depression.xlsx as conditions, 2 conditions, 12 params
10.5576 	EXP 	Question text: Sadness
10.5877 	EXP 	window1: mouseVisible = True
10.6187 	EXP 	Question text: Pessimism
10.6297 	EXP 	window1: mouseVisible = True
10.6528 	EXP 	window1: mouseVisible = True
10.6571 	EXP 	Created unnamed Rect = Rect(__class__=<class 'psychopy.visual.rect.Rect'>, autoDraw=False, autoLog=True, closeShape=True, color=method-wrapper(...), colorSpace='rgb', contrast=None, depth=0, fillColor=array([0, 0, 0]), fillColorSpace='rgb', fillRGB=UNKNOWN, interpolate=True, lineColor=array([0, 0, 0]), lineColorSpace='rgb', lineRGB=UNKNOWN, lineWidth=1.5, name='unnamed Rect', opacity=0, ori=0.0, pos=array([0., 0.]), size=array([0., 0.]), units='height', vertices=ndarray(...), win=Window(...))
10.6650 	EXP 	Created DepressionQuestionnaire = <psychopy.visual.form.Form object at 0x000001F7C5BC4710>
10.6879 	EXP 	window1: mouseVisible = True
10.7308 	EXP 	Created instructionsText = TextStim(__class__=<class 'psychopy.visual.text.TextStim'>, alignHoriz=method-wrapper(...), alignText='center', alignVert=method-wrapper(...), anchorHoriz='center', anchorVert='center', antialias=True, autoLog=True, bold=False, color=array([1, 1, 1]), colorSpace='rgb', contrast=1.0, depth=0.0, flipHoriz=False, flipVert=False, font='Open Sans', fontFiles=[], height=0.04, italic=False, languageStyle='LTR', name='instructionsText', opacity=1, ori=0.0, pos=array([0., 0.]), rgb=UNKNOWN, text=str(...), units='height', win=Window(...), wrapWidth=1)
10.7340 	EXP 	Created hasPeriphery = ImageStim(__class__=<class 'psychopy.visual.image.ImageStim'>, autoLog=True, color=array([1, 1, 1]), colorSpace='rgb', contrast=1.0, depth=-1.0, flipHoriz=False, flipVert=False, image='sin', interpolate=True, mask=None, maskParams=None, name='hasPeriphery', opacity=1.0, ori=0.0, pos=array([0., 0.]), size=array([0.5, 0.5]), texRes=128.0, units='height', win=Window(...))
10.7365 	EXP 	Created noPeriphery = ImageStim(__class__=<class 'psychopy.visual.image.ImageStim'>, autoLog=True, color=array([1, 1, 1]), colorSpace='rgb', contrast=1.0, depth=-3.0, flipHoriz=False, flipVert=False, image='sin', interpolate=True, mask=None, maskParams=None, name='noPeriphery', opacity=1.0, ori=0.0, pos=array([0., 0.]), size=array([0.5, 0.5]), texRes=128.0, units='height', win=Window(...))
10.7422 	EXP 	Created text = TextStim(__class__=<class 'psychopy.visual.text.TextStim'>, alignHoriz=method-wrapper(...), alignText='center', alignVert=method-wrapper(...), anchorHoriz='center', anchorVert='center', antialias=True, autoLog=True, bold=False, color=array([ 1, -1, -1]), colorSpace='rgb', contrast=1.0, depth=-4.0, flipHoriz=False, flipVert=False, font='Open Sans', fontFiles=[], height=0.1, italic=False, languageStyle='LTR', name='text', opacity=1, ori=0.0, pos=array([0., 0.]), rgb=UNKNOWN, text='+', units='height', win=Window(...), wrapWidth=1)
10.7529 	EXP 	Created WelcomeText = TextStim(__class__=<class 'psychopy.visual.text.TextStim'>, alignHoriz=method-wrapper(...), alignText='center', alignVert=method-wrapper(...), anchorHoriz='center', anchorVert='center', antialias=True, autoLog=True, bold=False, color=array([1, 1, 1]), colorSpace='rgb', contrast=1.0, depth=0.0, flipHoriz=False, flipVert=False, font='Open Sans', fontFiles=[], height=0.1, italic=False, languageStyle='LTR', name='WelcomeText', opacity=1, ori=0.0, pos=array([0., 0.]), rgb=UNKNOWN, text='Welcome to our Study!', units='height', win=Window(...), wrapWidth=1)
10.7555 	EXP 	Created hasPeriphery_2 = ImageStim(__class__=<class 'psychopy.visual.image.ImageStim'>, autoLog=True, color=array([1, 1, 1]), colorSpace='rgb', contrast=1.0, depth=0.0, flipHoriz=False, flipVert=False, image='sin', interpolate=True, mask=None, maskParams=None, name='hasPeriphery_2', opacity=1.0, ori=0.0, pos=array([0., 0.]), size=array([0.5, 0.5]), texRes=128.0, units='height', win=Window(...))
10.7577 	EXP 	Created noPeriphery_2 = ImageStim(__class__=<class 'psychopy.visual.image.ImageStim'>, autoLog=True, color=array([1, 1, 1]), colorSpace='rgb', contrast=1.0, depth=-2.0, flipHoriz=False, flipVert=False, image='sin', interpolate=True, mask=None, maskParams=None, name='noPeriphery_2', opacity=1.0, ori=0.0, pos=array([0., 0.]), size=array([0.5, 0.5]), texRes=128.0, units='height', win=Window(...))
10.7595 	EXP 	Created text_2 = TextStim(__class__=<class 'psychopy.visual.text.TextStim'>, alignHoriz=method-wrapper(...), alignText='center', alignVert=method-wrapper(...), anchorHoriz='center', anchorVert='center', antialias=True, autoLog=True, bold=False, color=array([ 1, -1, -1]), colorSpace='rgb', contrast=1.0, depth=-3.0, flipHoriz=False, flipVert=False, font='Open Sans', fontFiles=[], height=0.1, italic=False, languageStyle='LTR', name='text_2', opacity=1, ori=0.0, pos=array([0., 0.]), rgb=UNKNOWN, text='+', units='height', win=Window(...), wrapWidth=1)
10.8043 	EXP 	unnamed Form: autoLog = True
10.8043 	EXP 	DepressionQuestionnaire: name = 'DepressionQuestionnaire'
10.8043 	EXP 	DepressionQuestionnaire: size = (3.5, 1)
10.8043 	EXP 	DepressionQuestionnaire: size = array([3.5, 1. ])
10.8043 	EXP 	DepressionQuestionnaire: units = 'height'
10.8043 	EXP 	DepressionQuestionnaire: depth = 0
10.8043 	EXP 	WelcomeText: autoDraw = True
12.8207 	EXP 	WelcomeText: autoDraw = False
12.8207 	EXP 	DepressionQuestionnaire: autoDraw = True
14.1545 	DATA 	Mouse: Left button down, pos=(938,49)
14.1874 	EXP 	DepressionQuestionnaire: autoDraw = False
14.1874 	EXP 	instructionsText: autoDraw = True
14.2416 	DATA 	Mouse:  Left button up, pos=(938,46)
15.2168 	EXP 	Imported picPaths.xlsx as conditions, 6 conditions, 3 params
15.2171 	EXP 	Created sequence: sequential, trialTypes=6, nReps=1, seed=None
15.2174 	EXP 	New trial (rep=0, index=0): {'startImage': 'C:\\Users\\hesselmann\\Desktop\\PsychoPyUniformityIllusion\\UniformityIllusionPsychoPy\\Pics\\1start.png', 'endImage': 'C:\\Users\\hesselmann\\Desktop\\PsychoPyUniformityIllusion\\UniformityIllusionPsychoPy\\Pics\\1a.png', 'AB': 'a'}
15.3245 	DATA 	Keypress: space
15.3369 	EXP 	instructionsText: autoDraw = False
15.3369 	EXP 	hasPeriphery: size = array([1.77777778, 1.        ])
15.3369 	EXP 	hasPeriphery: image = 'C:\\Users\\hesselmann\\Desktop\\PsychoPyUniformityIllusion\\UniformityIllusionPsychoPy\\Pics\\1a.png'
15.3369 	EXP 	noPeriphery: size = array([1.77777778, 1.        ])
15.3369 	EXP 	noPeriphery: image = 'C:\\Users\\hesselmann\\Desktop\\PsychoPyUniformityIllusion\\UniformityIllusionPsychoPy\\Pics\\1start.png'
15.3369 	EXP 	text: autoDraw = True
17.4364 	EXP 	hasPeriphery: autoDraw = True
17.4364 	EXP 	hasPeriphery: texRes = 128.0
17.4364 	EXP 	noPeriphery: autoDraw = True
17.4364 	EXP 	noPeriphery: texRes = 128.0
17.5697 	EXP 	hasPeriphery: texRes = 128.0
17.5697 	EXP 	noPeriphery: texRes = 128.0
17.7034 	EXP 	hasPeriphery: texRes = 128.0
17.7034 	EXP 	noPeriphery: texRes = 128.0
17.8365 	EXP 	hasPeriphery: texRes = 128.0
17.8365 	EXP 	noPeriphery: texRes = 128.0
17.9865 	EXP 	hasPeriphery: texRes = 128.0
17.9865 	EXP 	noPeriphery: texRes = 128.0
18.1197 	EXP 	hasPeriphery: texRes = 128.0
18.1197 	EXP 	noPeriphery: texRes = 128.0
18.2532 	EXP 	hasPeriphery: texRes = 128.0
18.2532 	EXP 	noPeriphery: texRes = 128.0
18.4030 	EXP 	hasPeriphery: texRes = 128.0
18.4030 	EXP 	noPeriphery: texRes = 128.0
18.5364 	EXP 	hasPeriphery: texRes = 128.0
18.5364 	EXP 	noPeriphery: texRes = 128.0
18.6701 	EXP 	hasPeriphery: texRes = 128.0
18.6701 	EXP 	noPeriphery: texRes = 128.0
18.8208 	EXP 	hasPeriphery: texRes = 128.0
18.8208 	EXP 	noPeriphery: texRes = 128.0
18.9529 	EXP 	hasPeriphery: texRes = 128.0
18.9529 	EXP 	noPeriphery: texRes = 128.0
19.0863 	EXP 	hasPeriphery: texRes = 128.0
19.0863 	EXP 	noPeriphery: texRes = 128.0
19.2196 	EXP 	hasPeriphery: texRes = 128.0
19.2196 	EXP 	noPeriphery: texRes = 128.0
19.3529 	EXP 	hasPeriphery: texRes = 128.0
19.3529 	EXP 	noPeriphery: texRes = 128.0
19.4866 	EXP 	hasPeriphery: texRes = 128.0
19.4866 	EXP 	noPeriphery: texRes = 128.0
19.6199 	EXP 	hasPeriphery: texRes = 128.0
19.6199 	EXP 	noPeriphery: texRes = 128.0
19.7529 	EXP 	hasPeriphery: texRes = 128.0
19.7529 	EXP 	noPeriphery: texRes = 128.0
19.8864 	EXP 	hasPeriphery: texRes = 128.0
19.8864 	EXP 	noPeriphery: texRes = 128.0
20.0195 	EXP 	hasPeriphery: texRes = 128.0
20.0195 	EXP 	noPeriphery: texRes = 128.0
20.1695 	EXP 	hasPeriphery: texRes = 128.0
20.1695 	EXP 	noPeriphery: texRes = 128.0
20.3029 	EXP 	hasPeriphery: texRes = 128.0
20.3029 	EXP 	noPeriphery: texRes = 128.0
20.4362 	EXP 	hasPeriphery: texRes = 128.0
20.4362 	EXP 	noPeriphery: texRes = 128.0
20.5699 	EXP 	hasPeriphery: texRes = 128.0
20.5699 	EXP 	noPeriphery: texRes = 128.0
20.7032 	EXP 	hasPeriphery: texRes = 128.0
20.7032 	EXP 	noPeriphery: texRes = 128.0
20.8376 	EXP 	hasPeriphery: texRes = 128.0
20.8376 	EXP 	noPeriphery: texRes = 128.0
20.9865 	EXP 	hasPeriphery: texRes = 128.0
20.9865 	EXP 	noPeriphery: texRes = 128.0
21.1196 	EXP 	hasPeriphery: texRes = 128.0
21.1196 	EXP 	noPeriphery: texRes = 128.0
21.2535 	EXP 	hasPeriphery: texRes = 128.0
21.2535 	EXP 	noPeriphery: texRes = 128.0
21.3870 	EXP 	hasPeriphery: texRes = 128.0
21.3870 	EXP 	noPeriphery: texRes = 128.0
21.5196 	EXP 	hasPeriphery: texRes = 128.0
21.5196 	EXP 	noPeriphery: texRes = 128.0
21.6538 	EXP 	hasPeriphery: texRes = 128.0
21.6538 	EXP 	noPeriphery: texRes = 128.0
21.7868 	EXP 	hasPeriphery: texRes = 128.0
21.7868 	EXP 	noPeriphery: texRes = 128.0
21.9194 	EXP 	hasPeriphery: texRes = 128.0
21.9194 	EXP 	noPeriphery: texRes = 128.0
22.0534 	EXP 	hasPeriphery: texRes = 128.0
22.0534 	EXP 	noPeriphery: texRes = 128.0
22.1867 	EXP 	hasPeriphery: texRes = 128.0
22.1867 	EXP 	noPeriphery: texRes = 128.0
22.2797 	DATA 	Keypress: space
22.3201 	EXP 	hasPeriphery: texRes = 128.0
22.3201 	EXP 	noPeriphery: texRes = 128.0
22.4081 	EXP 	New trial (rep=0, index=1): {'startImage': 'C:\\Users\\hesselmann\\Desktop\\PsychoPyUniformityIllusion\\UniformityIllusionPsychoPy\\Pics\\1start.png', 'endImage': 'C:\\Users\\hesselmann\\Desktop\\PsychoPyUniformityIllusion\\UniformityIllusionPsychoPy\\Pics\\1b.png', 'AB': 'b'}
22.5361 	EXP 	hasPeriphery: texRes = 128.0
22.5361 	EXP 	noPeriphery: texRes = 128.0
22.5361 	EXP 	hasPeriphery: autoDraw = False
22.5361 	EXP 	noPeriphery: autoDraw = False
22.5361 	EXP 	text: autoDraw = False
22.5361 	EXP 	hasPeriphery: size = array([1.77777778, 1.        ])
22.5361 	EXP 	hasPeriphery: image = 'C:\\Users\\hesselmann\\Desktop\\PsychoPyUniformityIllusion\\UniformityIllusionPsychoPy\\Pics\\1b.png'
22.5361 	EXP 	noPeriphery: size = array([1.77777778, 1.        ])
22.5361 	EXP 	noPeriphery: image = 'C:\\Users\\hesselmann\\Desktop\\PsychoPyUniformityIllusion\\UniformityIllusionPsychoPy\\Pics\\1start.png'
22.5361 	EXP 	text: autoDraw = True
25.6361 	EXP 	hasPeriphery: autoDraw = True
25.6361 	EXP 	hasPeriphery: texRes = 128.0
25.6361 	EXP 	noPeriphery: autoDraw = True
25.6361 	EXP 	noPeriphery: texRes = 128.0
25.7698 	EXP 	hasPeriphery: texRes = 128.0
25.7698 	EXP 	noPeriphery: texRes = 128.0
25.9032 	EXP 	hasPeriphery: texRes = 128.0
25.9032 	EXP 	noPeriphery: texRes = 128.0
26.0360 	EXP 	hasPeriphery: texRes = 128.0
26.0360 	EXP 	noPeriphery: texRes = 128.0
26.1237 	EXP 	New trial (rep=0, index=2): {'startImage': 'C:\\Users\\hesselmann\\Desktop\\PsychoPyUniformityIllusion\\UniformityIllusionPsychoPy\\Pics\\2start.png', 'endImage': 'C:\\Users\\hesselmann\\Desktop\\PsychoPyUniformityIllusion\\UniformityIllusionPsychoPy\\Pics\\2a.png', 'AB': 'a'}
26.2251 	DATA 	Keypress: space
26.2363 	EXP 	hasPeriphery: texRes = 128.0
26.2363 	EXP 	noPeriphery: texRes = 128.0
26.2363 	EXP 	hasPeriphery: autoDraw = False
26.2363 	EXP 	noPeriphery: autoDraw = False
26.2363 	EXP 	text: autoDraw = False
26.2363 	EXP 	hasPeriphery: size = array([1.77777778, 1.        ])
26.2363 	EXP 	hasPeriphery: image = 'C:\\Users\\hesselmann\\Desktop\\PsychoPyUniformityIllusion\\UniformityIllusionPsychoPy\\Pics\\2a.png'
26.2363 	EXP 	noPeriphery: size = array([1.77777778, 1.        ])
26.2363 	EXP 	noPeriphery: image = 'C:\\Users\\hesselmann\\Desktop\\PsychoPyUniformityIllusion\\UniformityIllusionPsychoPy\\Pics\\2start.png'
26.2363 	EXP 	text: autoDraw = True
27.1739 	DATA 	Keypress: escape
27.4778 	EXP 	window1: mouseVisible = True
