1.0308 	WARNING 	We strongly recommend you activate the PTB sound engine in PsychoPy prefs as the preferred audio engine. Its timing is vastly superior. Your prefs are currently set to use ['sounddevice', 'PTB', 'pyo', 'pygame'] (in that order).
6.2115 	EXP 	Created window1 = Window(allowGUI=False, allowStencil=False, autoLog=True, backendConf=UNKNOWN, bitsMode=UNKNOWN, blendMode='avg', bpc=(8, 8, 8), color=array([0, 0, 0]), colorSpace='rgb', depthBits=8, fullscr=<method-wrapper '__getattribute__' of attributeSetter object at 0x00000215E6555E48>, gamma=None, gammaErrorPolicy='raise', lms=UNKNOWN, monitor=<psychopy.monitors.calibTools.Monitor object at 0x00000215E65304A8>, multiSample=False, name='window1', numSamples=2, pos=[0.0, 0.0], screen=0, size=array([1920, 1080]), stencilBits=0, stereo=False, units='height', useFBO=True, useRetina=False, viewOri=0.0, viewPos=None, viewScale=None, waitBlanking=True, winType='pyglet')
6.2118 	EXP 	window1: mouseVisible = True
6.2118 	EXP 	window1: recordFrameIntervals = False
6.3778 	EXP 	window1: recordFrameIntervals = True
6.5604 	EXP 	window1: recordFrameIntervals = False
6.9433 	EXP 	Created WelcomeText = TextStim(__class__=<class 'psychopy.visual.text.TextStim'>, alignHoriz=method-wrapper(...), alignText='center', alignVert=method-wrapper(...), anchorHoriz='center', anchorVert='center', antialias=True, autoLog=True, bold=False, color=array([1, 1, 1]), colorSpace='rgb', contrast=1.0, depth=0.0, flipHoriz=False, flipVert=False, font='Open Sans', fontFiles=[], height=0.1, italic=False, languageStyle='LTR', name='WelcomeText', opacity=1, ori=0.0, pos=array([0., 0.]), rgb=UNKNOWN, text='Welcome to our Study!', units='height', win=Window(...), wrapWidth=1)
6.9600 	EXP 	Imported depression.xlsx as conditions, 2 conditions, 12 params
6.9614 	EXP 	Question text: Sadness
6.9920 	EXP 	window1: mouseVisible = True
7.0207 	EXP 	Question text: Pessimism
7.0318 	EXP 	window1: mouseVisible = True
7.0538 	EXP 	window1: mouseVisible = True
7.0581 	EXP 	Created unnamed Rect = Rect(__class__=<class 'psychopy.visual.rect.Rect'>, autoDraw=False, autoLog=True, closeShape=True, color=method-wrapper(...), colorSpace='rgb', contrast=None, depth=0, fillColor=array([0, 0, 0]), fillColorSpace='rgb', fillRGB=UNKNOWN, interpolate=True, lineColor=array([0, 0, 0]), lineColorSpace='rgb', lineRGB=UNKNOWN, lineWidth=1.5, name='unnamed Rect', opacity=0, ori=0.0, pos=array([0., 0.]), size=array([0., 0.]), units='height', vertices=ndarray(...), win=Window(...))
7.0654 	EXP 	Created DepressionQuestionnaire = <psychopy.visual.form.Form object at 0x00000215E6A09E48>
7.0888 	EXP 	window1: mouseVisible = True
7.1347 	EXP 	Created instructionsText = TextStim(__class__=<class 'psychopy.visual.text.TextStim'>, alignHoriz=method-wrapper(...), alignText='center', alignVert=method-wrapper(...), anchorHoriz='center', anchorVert='center', antialias=True, autoLog=True, bold=False, color=array([1, 1, 1]), colorSpace='rgb', contrast=1.0, depth=0.0, flipHoriz=False, flipVert=False, font='Open Sans', fontFiles=[], height=0.04, italic=False, languageStyle='LTR', name='instructionsText', opacity=1, ori=0.0, pos=array([0., 0.]), rgb=UNKNOWN, text=str(...), units='height', win=Window(...), wrapWidth=1)
7.1379 	EXP 	Created hasPeriphery = ImageStim(__class__=<class 'psychopy.visual.image.ImageStim'>, autoLog=True, color=array([1, 1, 1]), colorSpace='rgb', contrast=1.0, depth=-1.0, flipHoriz=False, flipVert=False, image='sin', interpolate=True, mask=None, maskParams=None, name='hasPeriphery', opacity=1.0, ori=0.0, pos=array([0., 0.]), size=array([0.5, 0.5]), texRes=128.0, units='height', win=Window(...))
7.1410 	EXP 	Created noPeriphery = ImageStim(__class__=<class 'psychopy.visual.image.ImageStim'>, autoLog=True, color=array([1, 1, 1]), colorSpace='rgb', contrast=1.0, depth=-3.0, flipHoriz=False, flipVert=False, image='sin', interpolate=True, mask=None, maskParams=None, name='noPeriphery', opacity=1.0, ori=0.0, pos=array([0., 0.]), size=array([0.5, 0.5]), texRes=128.0, units='height', win=Window(...))
7.1421 	EXP 	Created blank_screen = Rect(__class__=<class 'psychopy.visual.rect.Rect'>, autoDraw=False, autoLog=True, closeShape=True, color=method-wrapper(...), colorSpace='rgb', contrast=None, depth=-4.0, fillColor=array([1, 1, 1]), fillColorSpace='rgb', fillRGB=UNKNOWN, interpolate=True, lineColor=array([1, 1, 1]), lineColorSpace='rgb', lineRGB=UNKNOWN, lineWidth=1.0, name='blank_screen', opacity=1.0, ori=0.0, pos=array([0., 0.]), size=array([2., 1.]), units='height', vertices=ndarray(...), win=Window(...))
7.1474 	EXP 	Created text = TextStim(__class__=<class 'psychopy.visual.text.TextStim'>, alignHoriz=method-wrapper(...), alignText='center', alignVert=method-wrapper(...), anchorHoriz='center', anchorVert='center', antialias=True, autoLog=True, bold=False, color=array([ 1, -1, -1]), colorSpace='rgb', contrast=1.0, depth=-5.0, flipHoriz=False, flipVert=False, font='Open Sans', fontFiles=[], height=0.1, italic=False, languageStyle='LTR', name='text', opacity=1, ori=0.0, pos=array([0., 0.]), rgb=UNKNOWN, text='+', units='height', win=Window(...), wrapWidth=1)
7.1582 	EXP 	Created WelcomeText = TextStim(__class__=<class 'psychopy.visual.text.TextStim'>, alignHoriz=method-wrapper(...), alignText='center', alignVert=method-wrapper(...), anchorHoriz='center', anchorVert='center', antialias=True, autoLog=True, bold=False, color=array([1, 1, 1]), colorSpace='rgb', contrast=1.0, depth=0.0, flipHoriz=False, flipVert=False, font='Open Sans', fontFiles=[], height=0.1, italic=False, languageStyle='LTR', name='WelcomeText', opacity=1, ori=0.0, pos=array([0., 0.]), rgb=UNKNOWN, text='Welcome to our Study!', units='height', win=Window(...), wrapWidth=1)
7.1607 	EXP 	Created hasPeriphery_2 = ImageStim(__class__=<class 'psychopy.visual.image.ImageStim'>, autoLog=True, color=array([1, 1, 1]), colorSpace='rgb', contrast=1.0, depth=-1.0, flipHoriz=False, flipVert=False, image='sin', interpolate=True, mask=None, maskParams=None, name='hasPeriphery_2', opacity=1.0, ori=0.0, pos=array([0., 0.]), size=array([0.5, 0.5]), texRes=128.0, units='height', win=Window(...))
7.1630 	EXP 	Created noPeriphery_2 = ImageStim(__class__=<class 'psychopy.visual.image.ImageStim'>, autoLog=True, color=array([1, 1, 1]), colorSpace='rgb', contrast=1.0, depth=-3.0, flipHoriz=False, flipVert=False, image='sin', interpolate=True, mask=None, maskParams=None, name='noPeriphery_2', opacity=1.0, ori=0.0, pos=array([0., 0.]), size=array([0.5, 0.5]), texRes=128.0, units='height', win=Window(...))
7.1647 	EXP 	Created text_2 = TextStim(__class__=<class 'psychopy.visual.text.TextStim'>, alignHoriz=method-wrapper(...), alignText='center', alignVert=method-wrapper(...), anchorHoriz='center', anchorVert='center', antialias=True, autoLog=True, bold=False, color=array([ 1, -1, -1]), colorSpace='rgb', contrast=1.0, depth=-4.0, flipHoriz=False, flipVert=False, font='Open Sans', fontFiles=[], height=0.1, italic=False, languageStyle='LTR', name='text_2', opacity=1, ori=0.0, pos=array([0., 0.]), rgb=UNKNOWN, text='+', units='height', win=Window(...), wrapWidth=1)
7.2104 	EXP 	unnamed Form: autoLog = True
7.2104 	EXP 	DepressionQuestionnaire: name = 'DepressionQuestionnaire'
7.2104 	EXP 	DepressionQuestionnaire: size = (3.5, 1)
7.2104 	EXP 	DepressionQuestionnaire: size = array([3.5, 1. ])
7.2104 	EXP 	DepressionQuestionnaire: units = 'height'
7.2104 	EXP 	DepressionQuestionnaire: depth = 0
7.2104 	EXP 	WelcomeText: autoDraw = True
9.2275 	EXP 	WelcomeText: autoDraw = False
9.2275 	EXP 	DepressionQuestionnaire: autoDraw = True
10.5940 	DATA 	Mouse: Left button down, pos=(650,63)
10.6272 	EXP 	DepressionQuestionnaire: autoDraw = False
10.6272 	EXP 	instructionsText: autoDraw = True
10.6652 	DATA 	Mouse:  Left button up, pos=(650,63)
11.4728 	EXP 	Imported picPaths.xlsx as conditions, 6 conditions, 3 params
11.4731 	EXP 	Created sequence: sequential, trialTypes=6, nReps=1, seed=None
11.4734 	EXP 	New trial (rep=0, index=0): {'startImage': 'C:\\Users\\hesselmann\\Desktop\\PsychoPyUniformityIllusion\\UniformityIllusionPsychoPy\\Pics\\1start.png', 'endImage': 'C:\\Users\\hesselmann\\Desktop\\PsychoPyUniformityIllusion\\UniformityIllusionPsychoPy\\Pics\\1a.png', 'AB': 'a'}
11.6475 	DATA 	Keypress: space
11.6929 	EXP 	instructionsText: autoDraw = False
11.6929 	EXP 	hasPeriphery: size = array([1.77777778, 1.        ])
11.6929 	EXP 	hasPeriphery: image = 'C:\\Users\\hesselmann\\Desktop\\PsychoPyUniformityIllusion\\UniformityIllusionPsychoPy\\Pics\\1a.png'
11.6929 	EXP 	noPeriphery: size = array([1.77777778, 1.        ])
11.6929 	EXP 	noPeriphery: image = 'C:\\Users\\hesselmann\\Desktop\\PsychoPyUniformityIllusion\\UniformityIllusionPsychoPy\\Pics\\1start.png'
11.6929 	EXP 	hasPeriphery: autoDraw = True
11.6929 	EXP 	hasPeriphery: texRes = 128.0
11.6929 	EXP 	noPeriphery: autoDraw = True
11.6929 	EXP 	noPeriphery: texRes = 128.0
11.6929 	EXP 	text: autoDraw = True
11.8258 	EXP 	hasPeriphery: texRes = 128.0
11.8258 	EXP 	noPeriphery: texRes = 128.0
11.9607 	EXP 	hasPeriphery: texRes = 128.0
11.9607 	EXP 	noPeriphery: texRes = 128.0
12.1098 	EXP 	hasPeriphery: texRes = 128.0
12.1098 	EXP 	noPeriphery: texRes = 128.0
12.2597 	EXP 	hasPeriphery: texRes = 128.0
12.2597 	EXP 	noPeriphery: texRes = 128.0
12.4100 	EXP 	hasPeriphery: texRes = 128.0
12.4100 	EXP 	noPeriphery: texRes = 128.0
12.4100 	EXP 	blank_screen: autoDraw = True
12.5595 	EXP 	hasPeriphery: texRes = 128.0
12.5595 	EXP 	noPeriphery: texRes = 128.0
12.5595 	EXP 	blank_screen: autoDraw = False
12.6927 	EXP 	hasPeriphery: texRes = 128.0
12.6927 	EXP 	noPeriphery: texRes = 128.0
12.8260 	EXP 	hasPeriphery: texRes = 128.0
12.8260 	EXP 	noPeriphery: texRes = 128.0
12.9597 	EXP 	hasPeriphery: texRes = 128.0
12.9597 	EXP 	noPeriphery: texRes = 128.0
13.1088 	EXP 	hasPeriphery: texRes = 128.0
13.1088 	EXP 	noPeriphery: texRes = 128.0
13.1088 	EXP 	blank_screen: autoDraw = True
13.2425 	EXP 	hasPeriphery: texRes = 128.0
13.2425 	EXP 	noPeriphery: texRes = 128.0
13.2425 	EXP 	blank_screen: autoDraw = False
13.3767 	EXP 	hasPeriphery: texRes = 128.0
13.3767 	EXP 	noPeriphery: texRes = 128.0
13.5262 	EXP 	hasPeriphery: texRes = 128.0
13.5262 	EXP 	noPeriphery: texRes = 128.0
13.6588 	EXP 	hasPeriphery: texRes = 128.0
13.6588 	EXP 	noPeriphery: texRes = 128.0
13.7921 	EXP 	hasPeriphery: texRes = 128.0
13.7921 	EXP 	noPeriphery: texRes = 128.0
13.9258 	EXP 	hasPeriphery: texRes = 128.0
13.9258 	EXP 	noPeriphery: texRes = 128.0
14.0587 	EXP 	hasPeriphery: texRes = 128.0
14.0587 	EXP 	noPeriphery: texRes = 128.0
14.1920 	EXP 	hasPeriphery: texRes = 128.0
14.1920 	EXP 	noPeriphery: texRes = 128.0
14.3253 	EXP 	hasPeriphery: texRes = 128.0
14.3253 	EXP 	noPeriphery: texRes = 128.0
14.4590 	EXP 	hasPeriphery: texRes = 128.0
14.4590 	EXP 	noPeriphery: texRes = 128.0
14.5923 	EXP 	hasPeriphery: texRes = 128.0
14.5923 	EXP 	noPeriphery: texRes = 128.0
14.7256 	EXP 	hasPeriphery: texRes = 128.0
14.7256 	EXP 	noPeriphery: texRes = 128.0
14.8585 	EXP 	hasPeriphery: texRes = 128.0
14.8585 	EXP 	noPeriphery: texRes = 128.0
14.9918 	EXP 	hasPeriphery: texRes = 128.0
14.9918 	EXP 	noPeriphery: texRes = 128.0
15.1251 	EXP 	hasPeriphery: texRes = 128.0
15.1251 	EXP 	noPeriphery: texRes = 128.0
15.2588 	EXP 	hasPeriphery: texRes = 128.0
15.2588 	EXP 	noPeriphery: texRes = 128.0
15.3922 	EXP 	hasPeriphery: texRes = 128.0
15.3922 	EXP 	noPeriphery: texRes = 128.0
15.5251 	EXP 	hasPeriphery: texRes = 128.0
15.5251 	EXP 	noPeriphery: texRes = 128.0
15.6587 	EXP 	hasPeriphery: texRes = 128.0
15.6587 	EXP 	noPeriphery: texRes = 128.0
15.7920 	EXP 	hasPeriphery: texRes = 128.0
15.7920 	EXP 	noPeriphery: texRes = 128.0
15.9252 	EXP 	hasPeriphery: texRes = 128.0
15.9252 	EXP 	noPeriphery: texRes = 128.0
16.0590 	EXP 	hasPeriphery: texRes = 128.0
16.0590 	EXP 	noPeriphery: texRes = 128.0
16.1924 	EXP 	hasPeriphery: texRes = 128.0
16.1924 	EXP 	noPeriphery: texRes = 128.0
16.3257 	EXP 	hasPeriphery: texRes = 128.0
16.3257 	EXP 	noPeriphery: texRes = 128.0
16.4754 	EXP 	hasPeriphery: texRes = 128.0
16.4754 	EXP 	noPeriphery: texRes = 128.0
16.6090 	EXP 	hasPeriphery: texRes = 128.0
16.6090 	EXP 	noPeriphery: texRes = 128.0
16.7419 	EXP 	hasPeriphery: texRes = 128.0
16.7419 	EXP 	noPeriphery: texRes = 128.0
16.8750 	EXP 	hasPeriphery: texRes = 128.0
16.8750 	EXP 	noPeriphery: texRes = 128.0
17.0250 	EXP 	hasPeriphery: texRes = 128.0
17.0250 	EXP 	noPeriphery: texRes = 128.0
17.1757 	EXP 	hasPeriphery: texRes = 128.0
17.1757 	EXP 	noPeriphery: texRes = 128.0
17.3258 	EXP 	hasPeriphery: texRes = 128.0
17.3258 	EXP 	noPeriphery: texRes = 128.0
17.4582 	EXP 	hasPeriphery: texRes = 128.0
17.4582 	EXP 	noPeriphery: texRes = 128.0
17.5919 	EXP 	hasPeriphery: texRes = 128.0
17.5919 	EXP 	noPeriphery: texRes = 128.0
17.7254 	EXP 	hasPeriphery: texRes = 128.0
17.7254 	EXP 	noPeriphery: texRes = 128.0
17.8579 	EXP 	hasPeriphery: texRes = 128.0
17.8579 	EXP 	noPeriphery: texRes = 128.0
17.9916 	EXP 	hasPeriphery: texRes = 128.0
17.9916 	EXP 	noPeriphery: texRes = 128.0
18.1249 	EXP 	hasPeriphery: texRes = 128.0
18.1249 	EXP 	noPeriphery: texRes = 128.0
18.2579 	EXP 	hasPeriphery: texRes = 128.0
18.2579 	EXP 	noPeriphery: texRes = 128.0
18.3917 	EXP 	hasPeriphery: texRes = 128.0
18.3917 	EXP 	noPeriphery: texRes = 128.0
18.5414 	EXP 	hasPeriphery: texRes = 128.0
18.5414 	EXP 	noPeriphery: texRes = 128.0
18.6915 	EXP 	hasPeriphery: texRes = 128.0
18.6915 	EXP 	noPeriphery: texRes = 128.0
18.8418 	EXP 	hasPeriphery: texRes = 128.0
18.8418 	EXP 	noPeriphery: texRes = 128.0
18.9753 	EXP 	hasPeriphery: texRes = 128.0
18.9753 	EXP 	noPeriphery: texRes = 128.0
19.1088 	EXP 	hasPeriphery: texRes = 128.0
19.1088 	EXP 	noPeriphery: texRes = 128.0
19.2417 	EXP 	hasPeriphery: texRes = 128.0
19.2417 	EXP 	noPeriphery: texRes = 128.0
19.3743 	EXP 	hasPeriphery: texRes = 128.0
19.3743 	EXP 	noPeriphery: texRes = 128.0
19.5081 	EXP 	hasPeriphery: texRes = 128.0
19.5081 	EXP 	noPeriphery: texRes = 128.0
19.6415 	EXP 	hasPeriphery: texRes = 128.0
19.6415 	EXP 	noPeriphery: texRes = 128.0
19.7924 	EXP 	hasPeriphery: texRes = 128.0
19.7924 	EXP 	noPeriphery: texRes = 128.0
19.9246 	EXP 	hasPeriphery: texRes = 128.0
19.9246 	EXP 	noPeriphery: texRes = 128.0
20.0751 	EXP 	hasPeriphery: texRes = 128.0
20.0751 	EXP 	noPeriphery: texRes = 128.0
20.2087 	EXP 	hasPeriphery: texRes = 128.0
20.2087 	EXP 	noPeriphery: texRes = 128.0
20.3412 	EXP 	hasPeriphery: texRes = 128.0
20.3412 	EXP 	noPeriphery: texRes = 128.0
20.4745 	EXP 	hasPeriphery: texRes = 128.0
20.4745 	EXP 	noPeriphery: texRes = 128.0
20.6075 	EXP 	hasPeriphery: texRes = 128.0
20.6075 	EXP 	noPeriphery: texRes = 128.0
20.7574 	EXP 	hasPeriphery: texRes = 128.0
20.7574 	EXP 	noPeriphery: texRes = 128.0
20.8915 	EXP 	hasPeriphery: texRes = 128.0
20.8915 	EXP 	noPeriphery: texRes = 128.0
21.0410 	EXP 	hasPeriphery: texRes = 128.0
21.0410 	EXP 	noPeriphery: texRes = 128.0
21.1751 	EXP 	hasPeriphery: texRes = 128.0
21.1751 	EXP 	noPeriphery: texRes = 128.0
21.3085 	EXP 	hasPeriphery: texRes = 128.0
21.3085 	EXP 	noPeriphery: texRes = 128.0
21.4409 	EXP 	hasPeriphery: texRes = 128.0
21.4409 	EXP 	noPeriphery: texRes = 128.0
21.5743 	EXP 	hasPeriphery: texRes = 128.0
21.5743 	EXP 	noPeriphery: texRes = 128.0
21.7079 	EXP 	hasPeriphery: texRes = 128.0
21.7079 	EXP 	noPeriphery: texRes = 128.0
21.7246 	EXP 	hasPeriphery: autoDraw = False
21.7246 	EXP 	noPeriphery: autoDraw = False
22.8790 	DATA 	Keypress: escape
23.0935 	EXP 	window1: mouseVisible = True
