1.0343 	WARNING 	We strongly recommend you activate the PTB sound engine in PsychoPy prefs as the preferred audio engine. Its timing is vastly superior. Your prefs are currently set to use ['sounddevice', 'PTB', 'pyo', 'pygame'] (in that order).
81.0448 	EXP 	Created window1 = Window(allowGUI=False, allowStencil=False, autoLog=True, backendConf=UNKNOWN, bitsMode=UNKNOWN, blendMode='avg', bpc=(8, 8, 8), color=array([0, 0, 0]), colorSpace='rgb', depthBits=8, fullscr=<method-wrapper '__getattribute__' of attributeSetter object at 0x0000024A1ADF3F60>, gamma=None, gammaErrorPolicy='raise', lms=UNKNOWN, monitor=<psychopy.monitors.calibTools.Monitor object at 0x0000024A1AD155C0>, multiSample=False, name='window1', numSamples=2, pos=[0.0, 0.0], screen=0, size=array([1920, 1080]), stencilBits=0, stereo=False, units='height', useFBO=True, useRetina=False, viewOri=0.0, viewPos=None, viewScale=None, waitBlanking=True, winType='pyglet')
81.0450 	EXP 	window1: mouseVisible = True
81.0451 	EXP 	window1: recordFrameIntervals = False
81.2111 	EXP 	window1: recordFrameIntervals = True
81.3945 	EXP 	window1: recordFrameIntervals = False
81.7848 	EXP 	Created WelcomeText = TextStim(__class__=<class 'psychopy.visual.text.TextStim'>, alignHoriz=method-wrapper(...), alignText='center', alignVert=method-wrapper(...), anchorHoriz='center', anchorVert='center', antialias=True, autoLog=True, bold=False, color=array([1, 1, 1]), colorSpace='rgb', contrast=1.0, depth=0.0, flipHoriz=False, flipVert=False, font='Open Sans', fontFiles=[], height=0.1, italic=False, languageStyle='LTR', name='WelcomeText', opacity=1, ori=0.0, pos=array([0., 0.]), rgb=UNKNOWN, text='Welcome to our Study!', units='height', win=Window(...), wrapWidth=1)
81.8021 	EXP 	Imported depression.xlsx as conditions, 2 conditions, 12 params
81.8034 	EXP 	Question text: Sadness
81.8241 	EXP 	window1: mouseVisible = True
81.8566 	EXP 	Question text: Pessimism
81.8640 	EXP 	window1: mouseVisible = True
81.8861 	EXP 	window1: mouseVisible = True
81.8902 	EXP 	Created unnamed Rect = Rect(__class__=<class 'psychopy.visual.rect.Rect'>, autoDraw=False, autoLog=True, closeShape=True, color=method-wrapper(...), colorSpace='rgb', contrast=None, depth=0, fillColor=array([0, 0, 0]), fillColorSpace='rgb', fillRGB=UNKNOWN, interpolate=True, lineColor=array([0, 0, 0]), lineColorSpace='rgb', lineRGB=UNKNOWN, lineWidth=1.5, name='unnamed Rect', opacity=0, ori=0.0, pos=array([0., 0.]), size=array([0., 0.]), units='height', vertices=ndarray(...), win=Window(...))
81.8976 	EXP 	Created DepressionQuestionnaire = <psychopy.visual.form.Form object at 0x0000024A1D85D3C8>
81.9209 	EXP 	window1: mouseVisible = True
81.9640 	EXP 	Created instructionsText = TextStim(__class__=<class 'psychopy.visual.text.TextStim'>, alignHoriz=method-wrapper(...), alignText='center', alignVert=method-wrapper(...), anchorHoriz='center', anchorVert='center', antialias=True, autoLog=True, bold=False, color=array([1, 1, 1]), colorSpace='rgb', contrast=1.0, depth=0.0, flipHoriz=False, flipVert=False, font='Open Sans', fontFiles=[], height=0.04, italic=False, languageStyle='LTR', name='instructionsText', opacity=1, ori=0.0, pos=array([0., 0.]), rgb=UNKNOWN, text=str(...), units='height', win=Window(...), wrapWidth=1)
81.9670 	EXP 	Created hasPeriphery = ImageStim(__class__=<class 'psychopy.visual.image.ImageStim'>, autoLog=True, color=array([1, 1, 1]), colorSpace='rgb', contrast=1.0, depth=-1.0, flipHoriz=False, flipVert=False, image='sin', interpolate=True, mask=None, maskParams=None, name='hasPeriphery', opacity=1.0, ori=0.0, pos=array([0., 0.]), size=array([0.5, 0.5]), texRes=128.0, units='height', win=Window(...))
81.9696 	EXP 	Created noPeriphery = ImageStim(__class__=<class 'psychopy.visual.image.ImageStim'>, autoLog=True, color=array([1, 1, 1]), colorSpace='rgb', contrast=1.0, depth=-3.0, flipHoriz=False, flipVert=False, image='sin', interpolate=True, mask=None, maskParams=None, name='noPeriphery', opacity=1.0, ori=0.0, pos=array([0., 0.]), size=array([0.5, 0.5]), texRes=128.0, units='height', win=Window(...))
81.9719 	EXP 	Created final = ImageStim(__class__=<class 'psychopy.visual.image.ImageStim'>, autoLog=True, color=array([1, 1, 1]), colorSpace='rgb', contrast=1.0, depth=-4.0, flipHoriz=False, flipVert=False, image='sin', interpolate=True, mask=None, maskParams=None, name='final', opacity=1.0, ori=0.0, pos=array([0., 0.]), size=array([0.5, 0.5]), texRes=128.0, units='height', win=Window(...))
81.9729 	EXP 	Created blank_screen = Rect(__class__=<class 'psychopy.visual.rect.Rect'>, autoDraw=False, autoLog=True, closeShape=True, color=method-wrapper(...), colorSpace='rgb', contrast=None, depth=-5.0, fillColor=array([1, 1, 1]), fillColorSpace='rgb', fillRGB=UNKNOWN, interpolate=True, lineColor=array([1, 1, 1]), lineColorSpace='rgb', lineRGB=UNKNOWN, lineWidth=1.0, name='blank_screen', opacity=1.0, ori=0.0, pos=array([0., 0.]), size=array([2., 2.]), units='height', vertices=ndarray(...), win=Window(...))
81.9784 	EXP 	Created text = TextStim(__class__=<class 'psychopy.visual.text.TextStim'>, alignHoriz=method-wrapper(...), alignText='center', alignVert=method-wrapper(...), anchorHoriz='center', anchorVert='center', antialias=True, autoLog=True, bold=False, color=array([ 1, -1, -1]), colorSpace='rgb', contrast=1.0, depth=-6.0, flipHoriz=False, flipVert=False, font='Open Sans', fontFiles=[], height=0.1, italic=False, languageStyle='LTR', name='text', opacity=1, ori=0.0, pos=array([0., 0.]), rgb=UNKNOWN, text='+', units='height', win=Window(...), wrapWidth=1)
81.9891 	EXP 	Created WelcomeText = TextStim(__class__=<class 'psychopy.visual.text.TextStim'>, alignHoriz=method-wrapper(...), alignText='center', alignVert=method-wrapper(...), anchorHoriz='center', anchorVert='center', antialias=True, autoLog=True, bold=False, color=array([1, 1, 1]), colorSpace='rgb', contrast=1.0, depth=0.0, flipHoriz=False, flipVert=False, font='Open Sans', fontFiles=[], height=0.1, italic=False, languageStyle='LTR', name='WelcomeText', opacity=1, ori=0.0, pos=array([0., 0.]), rgb=UNKNOWN, text='Welcome to our Study!', units='height', win=Window(...), wrapWidth=1)
81.9918 	EXP 	Created hasPeriphery_2 = ImageStim(__class__=<class 'psychopy.visual.image.ImageStim'>, autoLog=True, color=array([1, 1, 1]), colorSpace='rgb', contrast=1.0, depth=-1.0, flipHoriz=False, flipVert=False, image='sin', interpolate=True, mask=None, maskParams=None, name='hasPeriphery_2', opacity=1.0, ori=0.0, pos=array([0., 0.]), size=array([0.5, 0.5]), texRes=128.0, units='height', win=Window(...))
81.9943 	EXP 	Created noPeriphery_2 = ImageStim(__class__=<class 'psychopy.visual.image.ImageStim'>, autoLog=True, color=array([1, 1, 1]), colorSpace='rgb', contrast=1.0, depth=-3.0, flipHoriz=False, flipVert=False, image='sin', interpolate=True, mask=None, maskParams=None, name='noPeriphery_2', opacity=1.0, ori=0.0, pos=array([0., 0.]), size=array([0.5, 0.5]), texRes=128.0, units='height', win=Window(...))
81.9962 	EXP 	Created text_2 = TextStim(__class__=<class 'psychopy.visual.text.TextStim'>, alignHoriz=method-wrapper(...), alignText='center', alignVert=method-wrapper(...), anchorHoriz='center', anchorVert='center', antialias=True, autoLog=True, bold=False, color=array([ 1, -1, -1]), colorSpace='rgb', contrast=1.0, depth=-4.0, flipHoriz=False, flipVert=False, font='Open Sans', fontFiles=[], height=0.1, italic=False, languageStyle='LTR', name='text_2', opacity=1, ori=0.0, pos=array([0., 0.]), rgb=UNKNOWN, text='+', units='height', win=Window(...), wrapWidth=1)
82.0434 	EXP 	unnamed Form: autoLog = True
82.0434 	EXP 	DepressionQuestionnaire: name = 'DepressionQuestionnaire'
82.0434 	EXP 	DepressionQuestionnaire: size = (3.5, 1)
82.0434 	EXP 	DepressionQuestionnaire: size = array([3.5, 1. ])
82.0434 	EXP 	DepressionQuestionnaire: units = 'height'
82.0434 	EXP 	DepressionQuestionnaire: depth = 0
82.0434 	EXP 	WelcomeText: autoDraw = True
84.0607 	EXP 	WelcomeText: autoDraw = False
84.0607 	EXP 	DepressionQuestionnaire: autoDraw = True
86.2939 	DATA 	Mouse: Left button down, pos=(884,62)
86.3263 	EXP 	DepressionQuestionnaire: autoDraw = False
86.3263 	EXP 	instructionsText: autoDraw = True
86.4320 	DATA 	Mouse:  Left button up, pos=(884,62)
87.7056 	EXP 	Imported picPaths.xlsx as conditions, 6 conditions, 4 params
87.7059 	EXP 	Created sequence: sequential, trialTypes=6, nReps=1, seed=None
87.7062 	EXP 	New trial (rep=0, index=0): {'startImage': 'C:\\Users\\hesselmann\\Desktop\\PsychoPyUniformityIllusion\\UniformityIllusionPsychoPy\\Pics\\1start.png', 'midImage': 'C:\\Users\\hesselmann\\Desktop\\PsychoPyUniformityIllusion\\UniformityIllusionPsychoPy\\Pics\\1a.png', 'endImage': 'C:\\Users\\hesselmann\\Desktop\\PsychoPyUniformityIllusion\\UniformityIllusionPsychoPy\\Pics\\1a.png', 'AB': 'a'}
87.9287 	DATA 	Keypress: space
87.9756 	EXP 	instructionsText: autoDraw = False
87.9756 	EXP 	hasPeriphery: size = array([1.77777778, 1.        ])
87.9756 	EXP 	hasPeriphery: image = 'C:\\Users\\hesselmann\\Desktop\\PsychoPyUniformityIllusion\\UniformityIllusionPsychoPy\\Pics\\1a.png'
87.9756 	EXP 	noPeriphery: size = array([1.77777778, 1.        ])
87.9756 	EXP 	noPeriphery: image = 'C:\\Users\\hesselmann\\Desktop\\PsychoPyUniformityIllusion\\UniformityIllusionPsychoPy\\Pics\\1start.png'
87.9756 	EXP 	final: size = array([1.77777778, 1.        ])
87.9756 	EXP 	final: image = 'C:\\Users\\hesselmann\\Desktop\\PsychoPyUniformityIllusion\\UniformityIllusionPsychoPy\\Pics\\1a.png'
87.9756 	EXP 	hasPeriphery: autoDraw = True
87.9756 	EXP 	hasPeriphery: texRes = 128.0
87.9756 	EXP 	noPeriphery: autoDraw = True
87.9756 	EXP 	noPeriphery: texRes = 128.0
87.9756 	EXP 	blank_screen: autoDraw = True
87.9756 	EXP 	text: autoDraw = True
88.1269 	EXP 	hasPeriphery: texRes = 128.0
88.1269 	EXP 	noPeriphery: texRes = 128.0
88.2759 	EXP 	hasPeriphery: texRes = 128.0
88.2759 	EXP 	noPeriphery: texRes = 128.0
88.2759 	EXP 	blank_screen: autoDraw = False
88.4088 	EXP 	hasPeriphery: texRes = 128.0
88.4088 	EXP 	noPeriphery: texRes = 128.0
88.5428 	EXP 	hasPeriphery: texRes = 128.0
88.5428 	EXP 	noPeriphery: texRes = 128.0
88.6925 	EXP 	hasPeriphery: texRes = 128.0
88.6925 	EXP 	noPeriphery: texRes = 128.0
88.8255 	EXP 	hasPeriphery: texRes = 128.0
88.8255 	EXP 	noPeriphery: texRes = 128.0
88.9588 	EXP 	hasPeriphery: texRes = 128.0
88.9588 	EXP 	noPeriphery: texRes = 128.0
89.0921 	EXP 	hasPeriphery: texRes = 128.0
89.0921 	EXP 	noPeriphery: texRes = 128.0
89.2257 	EXP 	hasPeriphery: texRes = 128.0
89.2257 	EXP 	noPeriphery: texRes = 128.0
89.3591 	EXP 	hasPeriphery: texRes = 128.0
89.3591 	EXP 	noPeriphery: texRes = 128.0
89.4927 	EXP 	hasPeriphery: texRes = 128.0
89.4927 	EXP 	noPeriphery: texRes = 128.0
89.6256 	EXP 	hasPeriphery: texRes = 128.0
89.6256 	EXP 	noPeriphery: texRes = 128.0
89.7594 	EXP 	hasPeriphery: texRes = 128.0
89.7594 	EXP 	noPeriphery: texRes = 128.0
89.8919 	EXP 	hasPeriphery: texRes = 128.0
89.8919 	EXP 	noPeriphery: texRes = 128.0
90.0428 	EXP 	hasPeriphery: texRes = 128.0
90.0428 	EXP 	noPeriphery: texRes = 128.0
90.1756 	EXP 	hasPeriphery: texRes = 128.0
90.1756 	EXP 	noPeriphery: texRes = 128.0
90.3092 	EXP 	hasPeriphery: texRes = 128.0
90.3092 	EXP 	noPeriphery: texRes = 128.0
90.4429 	EXP 	hasPeriphery: texRes = 128.0
90.4429 	EXP 	noPeriphery: texRes = 128.0
90.5918 	EXP 	hasPeriphery: texRes = 128.0
90.5918 	EXP 	noPeriphery: texRes = 128.0
90.7250 	EXP 	hasPeriphery: texRes = 128.0
90.7250 	EXP 	noPeriphery: texRes = 128.0
90.8750 	EXP 	hasPeriphery: texRes = 128.0
90.8750 	EXP 	noPeriphery: texRes = 128.0
91.0253 	EXP 	hasPeriphery: texRes = 128.0
91.0253 	EXP 	noPeriphery: texRes = 128.0
91.1583 	EXP 	hasPeriphery: texRes = 128.0
91.1583 	EXP 	noPeriphery: texRes = 128.0
91.2924 	EXP 	hasPeriphery: texRes = 128.0
91.2924 	EXP 	noPeriphery: texRes = 128.0
91.4258 	EXP 	hasPeriphery: texRes = 128.0
91.4258 	EXP 	noPeriphery: texRes = 128.0
91.5590 	EXP 	hasPeriphery: texRes = 128.0
91.5590 	EXP 	noPeriphery: texRes = 128.0
91.6919 	EXP 	hasPeriphery: texRes = 128.0
91.6919 	EXP 	noPeriphery: texRes = 128.0
91.8420 	EXP 	hasPeriphery: texRes = 128.0
91.8420 	EXP 	noPeriphery: texRes = 128.0
91.9748 	EXP 	hasPeriphery: texRes = 128.0
91.9748 	EXP 	noPeriphery: texRes = 128.0
92.1247 	EXP 	hasPeriphery: texRes = 128.0
92.1247 	EXP 	noPeriphery: texRes = 128.0
92.1247 	EXP 	final: autoDraw = True
92.2752 	EXP 	hasPeriphery: texRes = 128.0
92.2752 	EXP 	noPeriphery: texRes = 128.0
92.4254 	EXP 	hasPeriphery: texRes = 128.0
92.4254 	EXP 	noPeriphery: texRes = 128.0
92.5747 	EXP 	hasPeriphery: texRes = 128.0
92.5747 	EXP 	noPeriphery: texRes = 128.0
92.7258 	EXP 	hasPeriphery: texRes = 128.0
92.7258 	EXP 	noPeriphery: texRes = 128.0
92.8751 	EXP 	hasPeriphery: texRes = 128.0
92.8751 	EXP 	noPeriphery: texRes = 128.0
93.0246 	EXP 	hasPeriphery: texRes = 128.0
93.0246 	EXP 	noPeriphery: texRes = 128.0
93.1745 	EXP 	hasPeriphery: texRes = 128.0
93.1745 	EXP 	noPeriphery: texRes = 128.0
93.3253 	EXP 	hasPeriphery: texRes = 128.0
93.3253 	EXP 	noPeriphery: texRes = 128.0
93.4745 	EXP 	hasPeriphery: texRes = 128.0
93.4745 	EXP 	noPeriphery: texRes = 128.0
93.6252 	EXP 	hasPeriphery: texRes = 128.0
93.6252 	EXP 	noPeriphery: texRes = 128.0
93.7744 	EXP 	hasPeriphery: texRes = 128.0
93.7744 	EXP 	noPeriphery: texRes = 128.0
93.9244 	EXP 	hasPeriphery: texRes = 128.0
93.9244 	EXP 	noPeriphery: texRes = 128.0
94.0744 	EXP 	hasPeriphery: texRes = 128.0
94.0744 	EXP 	noPeriphery: texRes = 128.0
94.2249 	EXP 	hasPeriphery: texRes = 128.0
94.2249 	EXP 	noPeriphery: texRes = 128.0
94.3912 	EXP 	hasPeriphery: texRes = 128.0
94.3912 	EXP 	noPeriphery: texRes = 128.0
94.5416 	EXP 	hasPeriphery: texRes = 128.0
94.5416 	EXP 	noPeriphery: texRes = 128.0
94.7081 	EXP 	hasPeriphery: texRes = 128.0
94.7081 	EXP 	noPeriphery: texRes = 128.0
94.8582 	EXP 	hasPeriphery: texRes = 128.0
94.8582 	EXP 	noPeriphery: texRes = 128.0
95.0251 	EXP 	hasPeriphery: texRes = 128.0
95.0251 	EXP 	noPeriphery: texRes = 128.0
95.1749 	EXP 	hasPeriphery: texRes = 128.0
95.1749 	EXP 	noPeriphery: texRes = 128.0
95.3241 	EXP 	hasPeriphery: texRes = 128.0
95.3241 	EXP 	noPeriphery: texRes = 128.0
95.4578 	EXP 	hasPeriphery: texRes = 128.0
95.4578 	EXP 	noPeriphery: texRes = 128.0
95.6082 	EXP 	hasPeriphery: texRes = 128.0
95.6082 	EXP 	noPeriphery: texRes = 128.0
95.7578 	EXP 	hasPeriphery: texRes = 128.0
95.7578 	EXP 	noPeriphery: texRes = 128.0
95.9073 	EXP 	hasPeriphery: texRes = 128.0
95.9073 	EXP 	noPeriphery: texRes = 128.0
96.0581 	EXP 	hasPeriphery: texRes = 128.0
96.0581 	EXP 	noPeriphery: texRes = 128.0
96.2073 	EXP 	hasPeriphery: texRes = 128.0
96.2073 	EXP 	noPeriphery: texRes = 128.0
96.3573 	EXP 	hasPeriphery: texRes = 128.0
96.3573 	EXP 	noPeriphery: texRes = 128.0
96.4913 	EXP 	hasPeriphery: texRes = 128.0
96.4913 	EXP 	noPeriphery: texRes = 128.0
96.6409 	EXP 	hasPeriphery: texRes = 128.0
96.6409 	EXP 	noPeriphery: texRes = 128.0
96.7910 	EXP 	hasPeriphery: texRes = 128.0
96.7910 	EXP 	noPeriphery: texRes = 128.0
96.9417 	EXP 	hasPeriphery: texRes = 128.0
96.9417 	EXP 	noPeriphery: texRes = 128.0
97.0912 	EXP 	hasPeriphery: texRes = 128.0
97.0912 	EXP 	noPeriphery: texRes = 128.0
97.2414 	EXP 	hasPeriphery: texRes = 128.0
97.2414 	EXP 	noPeriphery: texRes = 128.0
97.3910 	EXP 	hasPeriphery: texRes = 128.0
97.3910 	EXP 	noPeriphery: texRes = 128.0
97.5407 	EXP 	hasPeriphery: texRes = 128.0
97.5407 	EXP 	noPeriphery: texRes = 128.0
97.6903 	EXP 	hasPeriphery: texRes = 128.0
97.6903 	EXP 	noPeriphery: texRes = 128.0
97.8407 	EXP 	hasPeriphery: texRes = 128.0
97.8407 	EXP 	noPeriphery: texRes = 128.0
97.9909 	EXP 	hasPeriphery: texRes = 128.0
97.9909 	EXP 	noPeriphery: texRes = 128.0
98.0244 	EXP 	hasPeriphery: autoDraw = False
98.0244 	EXP 	noPeriphery: autoDraw = False
101.6293 	EXP 	New trial (rep=0, index=1): {'startImage': 'C:\\Users\\hesselmann\\Desktop\\PsychoPyUniformityIllusion\\UniformityIllusionPsychoPy\\Pics\\1start.png', 'midImage': 'C:\\Users\\hesselmann\\Desktop\\PsychoPyUniformityIllusion\\UniformityIllusionPsychoPy\\Pics\\1a.png', 'endImage': 'C:\\Users\\hesselmann\\Desktop\\PsychoPyUniformityIllusion\\UniformityIllusionPsychoPy\\Pics\\1b.png', 'AB': 'b'}
101.8561 	DATA 	Keypress: space
101.8899 	EXP 	hasPeriphery: autoDraw = False
101.8899 	EXP 	noPeriphery: autoDraw = False
101.8899 	EXP 	final: autoDraw = False
101.8899 	EXP 	blank_screen: autoDraw = False
101.8899 	EXP 	text: autoDraw = False
101.8899 	EXP 	hasPeriphery: size = array([1.77777778, 1.        ])
101.8899 	EXP 	hasPeriphery: image = 'C:\\Users\\hesselmann\\Desktop\\PsychoPyUniformityIllusion\\UniformityIllusionPsychoPy\\Pics\\1a.png'
101.8899 	EXP 	noPeriphery: size = array([1.77777778, 1.        ])
101.8899 	EXP 	noPeriphery: image = 'C:\\Users\\hesselmann\\Desktop\\PsychoPyUniformityIllusion\\UniformityIllusionPsychoPy\\Pics\\1start.png'
101.8899 	EXP 	final: size = array([1.77777778, 1.        ])
101.8899 	EXP 	final: image = 'C:\\Users\\hesselmann\\Desktop\\PsychoPyUniformityIllusion\\UniformityIllusionPsychoPy\\Pics\\1b.png'
101.8899 	EXP 	hasPeriphery: autoDraw = True
101.8899 	EXP 	hasPeriphery: texRes = 128.0
101.8899 	EXP 	noPeriphery: autoDraw = True
101.8899 	EXP 	noPeriphery: texRes = 128.0
101.8899 	EXP 	blank_screen: autoDraw = True
101.8899 	EXP 	text: autoDraw = True
102.0402 	EXP 	hasPeriphery: texRes = 128.0
102.0402 	EXP 	noPeriphery: texRes = 128.0
102.1731 	EXP 	hasPeriphery: texRes = 128.0
102.1731 	EXP 	noPeriphery: texRes = 128.0
102.1731 	EXP 	blank_screen: autoDraw = False
102.3068 	EXP 	hasPeriphery: texRes = 128.0
102.3068 	EXP 	noPeriphery: texRes = 128.0
102.4397 	EXP 	hasPeriphery: texRes = 128.0
102.4397 	EXP 	noPeriphery: texRes = 128.0
102.5739 	EXP 	hasPeriphery: texRes = 128.0
102.5739 	EXP 	noPeriphery: texRes = 128.0
102.7239 	EXP 	hasPeriphery: texRes = 128.0
102.7239 	EXP 	noPeriphery: texRes = 128.0
102.8570 	EXP 	hasPeriphery: texRes = 128.0
102.8570 	EXP 	noPeriphery: texRes = 128.0
102.9899 	EXP 	hasPeriphery: texRes = 128.0
102.9899 	EXP 	noPeriphery: texRes = 128.0
103.1406 	EXP 	hasPeriphery: texRes = 128.0
103.1406 	EXP 	noPeriphery: texRes = 128.0
103.2731 	EXP 	hasPeriphery: texRes = 128.0
103.2731 	EXP 	noPeriphery: texRes = 128.0
103.4062 	EXP 	hasPeriphery: texRes = 128.0
103.4062 	EXP 	noPeriphery: texRes = 128.0
103.5397 	EXP 	hasPeriphery: texRes = 128.0
103.5397 	EXP 	noPeriphery: texRes = 128.0
103.6732 	EXP 	hasPeriphery: texRes = 128.0
103.6732 	EXP 	noPeriphery: texRes = 128.0
103.8060 	EXP 	hasPeriphery: texRes = 128.0
103.8060 	EXP 	noPeriphery: texRes = 128.0
103.9395 	EXP 	hasPeriphery: texRes = 128.0
103.9395 	EXP 	noPeriphery: texRes = 128.0
104.0728 	EXP 	hasPeriphery: texRes = 128.0
104.0728 	EXP 	noPeriphery: texRes = 128.0
104.2061 	EXP 	hasPeriphery: texRes = 128.0
104.2061 	EXP 	noPeriphery: texRes = 128.0
104.3398 	EXP 	hasPeriphery: texRes = 128.0
104.3398 	EXP 	noPeriphery: texRes = 128.0
104.4894 	EXP 	hasPeriphery: texRes = 128.0
104.4894 	EXP 	noPeriphery: texRes = 128.0
104.6390 	EXP 	hasPeriphery: texRes = 128.0
104.6390 	EXP 	noPeriphery: texRes = 128.0
104.7889 	EXP 	hasPeriphery: texRes = 128.0
104.7889 	EXP 	noPeriphery: texRes = 128.0
104.9226 	EXP 	hasPeriphery: texRes = 128.0
104.9226 	EXP 	noPeriphery: texRes = 128.0
105.0560 	EXP 	hasPeriphery: texRes = 128.0
105.0560 	EXP 	noPeriphery: texRes = 128.0
105.1888 	EXP 	hasPeriphery: texRes = 128.0
105.1888 	EXP 	noPeriphery: texRes = 128.0
105.3228 	EXP 	hasPeriphery: texRes = 128.0
105.3228 	EXP 	noPeriphery: texRes = 128.0
105.4554 	EXP 	hasPeriphery: texRes = 128.0
105.4554 	EXP 	noPeriphery: texRes = 128.0
105.5890 	EXP 	hasPeriphery: texRes = 128.0
105.5890 	EXP 	noPeriphery: texRes = 128.0
105.7390 	EXP 	hasPeriphery: texRes = 128.0
105.7390 	EXP 	noPeriphery: texRes = 128.0
105.8724 	EXP 	hasPeriphery: texRes = 128.0
105.8724 	EXP 	noPeriphery: texRes = 128.0
106.0222 	EXP 	hasPeriphery: texRes = 128.0
106.0222 	EXP 	noPeriphery: texRes = 128.0
106.0222 	EXP 	final: autoDraw = True
106.1887 	EXP 	hasPeriphery: texRes = 128.0
106.1887 	EXP 	noPeriphery: texRes = 128.0
106.3220 	EXP 	hasPeriphery: texRes = 128.0
106.3220 	EXP 	noPeriphery: texRes = 128.0
106.4722 	EXP 	hasPeriphery: texRes = 128.0
106.4722 	EXP 	noPeriphery: texRes = 128.0
106.6056 	EXP 	hasPeriphery: texRes = 128.0
106.6056 	EXP 	noPeriphery: texRes = 128.0
106.7558 	EXP 	hasPeriphery: texRes = 128.0
106.7558 	EXP 	noPeriphery: texRes = 128.0
106.9055 	EXP 	hasPeriphery: texRes = 128.0
106.9055 	EXP 	noPeriphery: texRes = 128.0
107.0722 	EXP 	hasPeriphery: texRes = 128.0
107.0722 	EXP 	noPeriphery: texRes = 128.0
107.2218 	EXP 	hasPeriphery: texRes = 128.0
107.2218 	EXP 	noPeriphery: texRes = 128.0
107.3550 	EXP 	hasPeriphery: texRes = 128.0
107.3550 	EXP 	noPeriphery: texRes = 128.0
107.5051 	EXP 	hasPeriphery: texRes = 128.0
107.5051 	EXP 	noPeriphery: texRes = 128.0
107.6388 	EXP 	hasPeriphery: texRes = 128.0
107.6388 	EXP 	noPeriphery: texRes = 128.0
107.7890 	EXP 	hasPeriphery: texRes = 128.0
107.7890 	EXP 	noPeriphery: texRes = 128.0
107.9382 	EXP 	hasPeriphery: texRes = 128.0
107.9382 	EXP 	noPeriphery: texRes = 128.0
108.0884 	EXP 	hasPeriphery: texRes = 128.0
108.0884 	EXP 	noPeriphery: texRes = 128.0
108.2382 	EXP 	hasPeriphery: texRes = 128.0
108.2382 	EXP 	noPeriphery: texRes = 128.0
108.3715 	EXP 	hasPeriphery: texRes = 128.0
108.3715 	EXP 	noPeriphery: texRes = 128.0
108.5216 	EXP 	hasPeriphery: texRes = 128.0
108.5216 	EXP 	noPeriphery: texRes = 128.0
108.6549 	EXP 	hasPeriphery: texRes = 128.0
108.6549 	EXP 	noPeriphery: texRes = 128.0
108.8051 	EXP 	hasPeriphery: texRes = 128.0
108.8051 	EXP 	noPeriphery: texRes = 128.0
108.9547 	EXP 	hasPeriphery: texRes = 128.0
108.9547 	EXP 	noPeriphery: texRes = 128.0
109.1051 	EXP 	hasPeriphery: texRes = 128.0
109.1051 	EXP 	noPeriphery: texRes = 128.0
109.2553 	EXP 	hasPeriphery: texRes = 128.0
109.2553 	EXP 	noPeriphery: texRes = 128.0
109.4046 	EXP 	hasPeriphery: texRes = 128.0
109.4046 	EXP 	noPeriphery: texRes = 128.0
109.5556 	EXP 	hasPeriphery: texRes = 128.0
109.5556 	EXP 	noPeriphery: texRes = 128.0
109.6882 	EXP 	hasPeriphery: texRes = 128.0
109.6882 	EXP 	noPeriphery: texRes = 128.0
109.8383 	EXP 	hasPeriphery: texRes = 128.0
109.8383 	EXP 	noPeriphery: texRes = 128.0
109.9887 	EXP 	hasPeriphery: texRes = 128.0
109.9887 	EXP 	noPeriphery: texRes = 128.0
110.1382 	EXP 	hasPeriphery: texRes = 128.0
110.1382 	EXP 	noPeriphery: texRes = 128.0
110.2881 	EXP 	hasPeriphery: texRes = 128.0
110.2881 	EXP 	noPeriphery: texRes = 128.0
110.4381 	EXP 	hasPeriphery: texRes = 128.0
110.4381 	EXP 	noPeriphery: texRes = 128.0
110.5878 	EXP 	hasPeriphery: texRes = 128.0
110.5878 	EXP 	noPeriphery: texRes = 128.0
110.7210 	EXP 	hasPeriphery: texRes = 128.0
110.7210 	EXP 	noPeriphery: texRes = 128.0
110.8714 	EXP 	hasPeriphery: texRes = 128.0
110.8714 	EXP 	noPeriphery: texRes = 128.0
111.0213 	EXP 	hasPeriphery: texRes = 128.0
111.0213 	EXP 	noPeriphery: texRes = 128.0
111.1713 	EXP 	hasPeriphery: texRes = 128.0
111.1713 	EXP 	noPeriphery: texRes = 128.0
111.3216 	EXP 	hasPeriphery: texRes = 128.0
111.3216 	EXP 	noPeriphery: texRes = 128.0
111.4713 	EXP 	hasPeriphery: texRes = 128.0
111.4713 	EXP 	noPeriphery: texRes = 128.0
111.6213 	EXP 	hasPeriphery: texRes = 128.0
111.6213 	EXP 	noPeriphery: texRes = 128.0
111.7545 	EXP 	hasPeriphery: texRes = 128.0
111.7545 	EXP 	noPeriphery: texRes = 128.0
111.9043 	EXP 	hasPeriphery: texRes = 128.0
111.9043 	EXP 	noPeriphery: texRes = 128.0
111.9377 	EXP 	hasPeriphery: autoDraw = False
111.9377 	EXP 	noPeriphery: autoDraw = False
113.3417 	EXP 	New trial (rep=0, index=2): {'startImage': 'C:\\Users\\hesselmann\\Desktop\\PsychoPyUniformityIllusion\\UniformityIllusionPsychoPy\\Pics\\2start.png', 'midImage': 'C:\\Users\\hesselmann\\Desktop\\PsychoPyUniformityIllusion\\UniformityIllusionPsychoPy\\Pics\\2a.png', 'endImage': 'C:\\Users\\hesselmann\\Desktop\\PsychoPyUniformityIllusion\\UniformityIllusionPsychoPy\\Pics\\2a.png', 'AB': 'a'}
113.5116 	DATA 	Keypress: space
113.5719 	EXP 	hasPeriphery: autoDraw = False
113.5719 	EXP 	noPeriphery: autoDraw = False
113.5719 	EXP 	final: autoDraw = False
113.5719 	EXP 	blank_screen: autoDraw = False
113.5719 	EXP 	text: autoDraw = False
113.5719 	EXP 	hasPeriphery: size = array([1.77777778, 1.        ])
113.5719 	EXP 	hasPeriphery: image = 'C:\\Users\\hesselmann\\Desktop\\PsychoPyUniformityIllusion\\UniformityIllusionPsychoPy\\Pics\\2a.png'
113.5719 	EXP 	noPeriphery: size = array([1.77777778, 1.        ])
113.5719 	EXP 	noPeriphery: image = 'C:\\Users\\hesselmann\\Desktop\\PsychoPyUniformityIllusion\\UniformityIllusionPsychoPy\\Pics\\2start.png'
113.5719 	EXP 	final: size = array([1.77777778, 1.        ])
113.5719 	EXP 	final: image = 'C:\\Users\\hesselmann\\Desktop\\PsychoPyUniformityIllusion\\UniformityIllusionPsychoPy\\Pics\\2a.png'
113.5719 	EXP 	hasPeriphery: autoDraw = True
113.5719 	EXP 	hasPeriphery: texRes = 128.0
113.5719 	EXP 	noPeriphery: autoDraw = True
113.5719 	EXP 	noPeriphery: texRes = 128.0
113.5719 	EXP 	blank_screen: autoDraw = True
113.5719 	EXP 	text: autoDraw = True
113.7047 	EXP 	hasPeriphery: texRes = 128.0
113.7047 	EXP 	noPeriphery: texRes = 128.0
113.8204 	EXP 	hasPeriphery: texRes = 128.0
113.8204 	EXP 	noPeriphery: texRes = 128.0
113.8204 	EXP 	blank_screen: autoDraw = False
113.9383 	EXP 	hasPeriphery: texRes = 128.0
113.9383 	EXP 	noPeriphery: texRes = 128.0
114.0718 	EXP 	hasPeriphery: texRes = 128.0
114.0718 	EXP 	noPeriphery: texRes = 128.0
114.2047 	EXP 	hasPeriphery: texRes = 128.0
114.2047 	EXP 	noPeriphery: texRes = 128.0
114.3372 	EXP 	hasPeriphery: texRes = 128.0
114.3372 	EXP 	noPeriphery: texRes = 128.0
114.4536 	EXP 	hasPeriphery: texRes = 128.0
114.4536 	EXP 	noPeriphery: texRes = 128.0
114.5703 	EXP 	hasPeriphery: texRes = 128.0
114.5703 	EXP 	noPeriphery: texRes = 128.0
114.6873 	EXP 	hasPeriphery: texRes = 128.0
114.6873 	EXP 	noPeriphery: texRes = 128.0
114.8043 	EXP 	hasPeriphery: texRes = 128.0
114.8043 	EXP 	noPeriphery: texRes = 128.0
114.9210 	EXP 	hasPeriphery: texRes = 128.0
114.9210 	EXP 	noPeriphery: texRes = 128.0
115.0540 	EXP 	hasPeriphery: texRes = 128.0
115.0540 	EXP 	noPeriphery: texRes = 128.0
115.1868 	EXP 	hasPeriphery: texRes = 128.0
115.1868 	EXP 	noPeriphery: texRes = 128.0
115.3038 	EXP 	hasPeriphery: texRes = 128.0
115.3038 	EXP 	noPeriphery: texRes = 128.0
115.4208 	EXP 	hasPeriphery: texRes = 128.0
115.4208 	EXP 	noPeriphery: texRes = 128.0
115.5372 	EXP 	hasPeriphery: texRes = 128.0
115.5372 	EXP 	noPeriphery: texRes = 128.0
115.6537 	EXP 	hasPeriphery: texRes = 128.0
115.6537 	EXP 	noPeriphery: texRes = 128.0
115.7704 	EXP 	hasPeriphery: texRes = 128.0
115.7704 	EXP 	noPeriphery: texRes = 128.0
115.8869 	EXP 	hasPeriphery: texRes = 128.0
115.8869 	EXP 	noPeriphery: texRes = 128.0
116.0037 	EXP 	hasPeriphery: texRes = 128.0
116.0037 	EXP 	noPeriphery: texRes = 128.0
116.1376 	EXP 	hasPeriphery: texRes = 128.0
116.1376 	EXP 	noPeriphery: texRes = 128.0
116.2537 	EXP 	hasPeriphery: texRes = 128.0
116.2537 	EXP 	noPeriphery: texRes = 128.0
116.3703 	EXP 	hasPeriphery: texRes = 128.0
116.3703 	EXP 	noPeriphery: texRes = 128.0
116.4870 	EXP 	hasPeriphery: texRes = 128.0
116.4870 	EXP 	noPeriphery: texRes = 128.0
116.6033 	EXP 	hasPeriphery: texRes = 128.0
116.6033 	EXP 	noPeriphery: texRes = 128.0
116.7202 	EXP 	hasPeriphery: texRes = 128.0
116.7202 	EXP 	noPeriphery: texRes = 128.0
116.8377 	EXP 	hasPeriphery: texRes = 128.0
116.8377 	EXP 	noPeriphery: texRes = 128.0
116.9702 	EXP 	hasPeriphery: texRes = 128.0
116.9702 	EXP 	noPeriphery: texRes = 128.0
117.0872 	EXP 	hasPeriphery: texRes = 128.0
117.0872 	EXP 	noPeriphery: texRes = 128.0
117.2201 	EXP 	hasPeriphery: texRes = 128.0
117.2201 	EXP 	noPeriphery: texRes = 128.0
117.2201 	EXP 	final: autoDraw = True
117.3366 	EXP 	hasPeriphery: texRes = 128.0
117.3366 	EXP 	noPeriphery: texRes = 128.0
117.4708 	EXP 	hasPeriphery: texRes = 128.0
117.4708 	EXP 	noPeriphery: texRes = 128.0
117.6030 	EXP 	hasPeriphery: texRes = 128.0
117.6030 	EXP 	noPeriphery: texRes = 128.0
117.7201 	EXP 	hasPeriphery: texRes = 128.0
117.7201 	EXP 	noPeriphery: texRes = 128.0
117.8367 	EXP 	hasPeriphery: texRes = 128.0
117.8367 	EXP 	noPeriphery: texRes = 128.0
117.9705 	EXP 	hasPeriphery: texRes = 128.0
117.9705 	EXP 	noPeriphery: texRes = 128.0
118.1196 	EXP 	hasPeriphery: texRes = 128.0
118.1196 	EXP 	noPeriphery: texRes = 128.0
118.2366 	EXP 	hasPeriphery: texRes = 128.0
118.2366 	EXP 	noPeriphery: texRes = 128.0
118.3537 	EXP 	hasPeriphery: texRes = 128.0
118.3537 	EXP 	noPeriphery: texRes = 128.0
118.4867 	EXP 	hasPeriphery: texRes = 128.0
118.4867 	EXP 	noPeriphery: texRes = 128.0
118.6032 	EXP 	hasPeriphery: texRes = 128.0
118.6032 	EXP 	noPeriphery: texRes = 128.0
118.7202 	EXP 	hasPeriphery: texRes = 128.0
118.7202 	EXP 	noPeriphery: texRes = 128.0
118.8534 	EXP 	hasPeriphery: texRes = 128.0
118.8534 	EXP 	noPeriphery: texRes = 128.0
118.9864 	EXP 	hasPeriphery: texRes = 128.0
118.9864 	EXP 	noPeriphery: texRes = 128.0
119.1198 	EXP 	hasPeriphery: texRes = 128.0
119.1198 	EXP 	noPeriphery: texRes = 128.0
119.2534 	EXP 	hasPeriphery: texRes = 128.0
119.2534 	EXP 	noPeriphery: texRes = 128.0
119.3862 	EXP 	hasPeriphery: texRes = 128.0
119.3862 	EXP 	noPeriphery: texRes = 128.0
119.5193 	EXP 	hasPeriphery: texRes = 128.0
119.5193 	EXP 	noPeriphery: texRes = 128.0
119.6360 	EXP 	hasPeriphery: texRes = 128.0
119.6360 	EXP 	noPeriphery: texRes = 128.0
119.7529 	EXP 	hasPeriphery: texRes = 128.0
119.7529 	EXP 	noPeriphery: texRes = 128.0
119.8863 	EXP 	hasPeriphery: texRes = 128.0
119.8863 	EXP 	noPeriphery: texRes = 128.0
120.0192 	EXP 	hasPeriphery: texRes = 128.0
120.0192 	EXP 	noPeriphery: texRes = 128.0
120.1359 	EXP 	hasPeriphery: texRes = 128.0
120.1359 	EXP 	noPeriphery: texRes = 128.0
120.2531 	EXP 	hasPeriphery: texRes = 128.0
120.2531 	EXP 	noPeriphery: texRes = 128.0
120.3862 	EXP 	hasPeriphery: texRes = 128.0
120.3862 	EXP 	noPeriphery: texRes = 128.0
120.5198 	EXP 	hasPeriphery: texRes = 128.0
120.5198 	EXP 	noPeriphery: texRes = 128.0
120.6528 	EXP 	hasPeriphery: texRes = 128.0
120.6528 	EXP 	noPeriphery: texRes = 128.0
120.7694 	EXP 	hasPeriphery: texRes = 128.0
120.7694 	EXP 	noPeriphery: texRes = 128.0
120.9026 	EXP 	hasPeriphery: texRes = 128.0
120.9026 	EXP 	noPeriphery: texRes = 128.0
121.0357 	EXP 	hasPeriphery: texRes = 128.0
121.0357 	EXP 	noPeriphery: texRes = 128.0
121.1525 	EXP 	hasPeriphery: texRes = 128.0
121.1525 	EXP 	noPeriphery: texRes = 128.0
121.2860 	EXP 	hasPeriphery: texRes = 128.0
121.2860 	EXP 	noPeriphery: texRes = 128.0
121.4190 	EXP 	hasPeriphery: texRes = 128.0
121.4190 	EXP 	noPeriphery: texRes = 128.0
121.5529 	EXP 	hasPeriphery: texRes = 128.0
121.5529 	EXP 	noPeriphery: texRes = 128.0
121.6695 	EXP 	hasPeriphery: texRes = 128.0
121.6695 	EXP 	noPeriphery: texRes = 128.0
121.8030 	EXP 	hasPeriphery: texRes = 128.0
121.8030 	EXP 	noPeriphery: texRes = 128.0
121.9362 	EXP 	hasPeriphery: texRes = 128.0
121.9362 	EXP 	noPeriphery: texRes = 128.0
122.0688 	EXP 	hasPeriphery: texRes = 128.0
122.0688 	EXP 	noPeriphery: texRes = 128.0
122.1862 	EXP 	hasPeriphery: texRes = 128.0
122.1862 	EXP 	noPeriphery: texRes = 128.0
122.3025 	EXP 	hasPeriphery: texRes = 128.0
122.3025 	EXP 	noPeriphery: texRes = 128.0
122.4363 	EXP 	hasPeriphery: texRes = 128.0
122.4363 	EXP 	noPeriphery: texRes = 128.0
122.5695 	EXP 	hasPeriphery: texRes = 128.0
122.5695 	EXP 	noPeriphery: texRes = 128.0
122.6858 	EXP 	hasPeriphery: texRes = 128.0
122.6858 	EXP 	noPeriphery: texRes = 128.0
122.8020 	EXP 	hasPeriphery: texRes = 128.0
122.8020 	EXP 	noPeriphery: texRes = 128.0
122.9360 	EXP 	hasPeriphery: texRes = 128.0
122.9360 	EXP 	noPeriphery: texRes = 128.0
123.0690 	EXP 	hasPeriphery: texRes = 128.0
123.0690 	EXP 	noPeriphery: texRes = 128.0
123.1860 	EXP 	hasPeriphery: texRes = 128.0
123.1860 	EXP 	noPeriphery: texRes = 128.0
123.3192 	EXP 	hasPeriphery: texRes = 128.0
123.3192 	EXP 	noPeriphery: texRes = 128.0
123.4528 	EXP 	hasPeriphery: texRes = 128.0
123.4528 	EXP 	noPeriphery: texRes = 128.0
123.5859 	EXP 	hasPeriphery: texRes = 128.0
123.5859 	EXP 	noPeriphery: texRes = 128.0
123.6189 	EXP 	hasPeriphery: autoDraw = False
123.6189 	EXP 	noPeriphery: autoDraw = False
129.2674 	EXP 	final: texRes = 128.0
129.2674 	EXP 	final: autoDraw = False
134.9055 	DATA 	Keypress: space
134.9219 	EXP 	New trial (rep=0, index=3): {'startImage': 'C:\\Users\\hesselmann\\Desktop\\PsychoPyUniformityIllusion\\UniformityIllusionPsychoPy\\Pics\\2start.png', 'midImage': 'C:\\Users\\hesselmann\\Desktop\\PsychoPyUniformityIllusion\\UniformityIllusionPsychoPy\\Pics\\2a.png', 'endImage': 'C:\\Users\\hesselmann\\Desktop\\PsychoPyUniformityIllusion\\UniformityIllusionPsychoPy\\Pics\\2b.png', 'AB': 'b'}
135.1328 	EXP 	hasPeriphery: autoDraw = False
135.1328 	EXP 	noPeriphery: autoDraw = False
135.1328 	EXP 	final: autoDraw = False
135.1328 	EXP 	blank_screen: autoDraw = False
135.1328 	EXP 	text: autoDraw = False
135.1328 	EXP 	hasPeriphery: size = array([1.77777778, 1.        ])
135.1328 	EXP 	hasPeriphery: image = 'C:\\Users\\hesselmann\\Desktop\\PsychoPyUniformityIllusion\\UniformityIllusionPsychoPy\\Pics\\2a.png'
135.1328 	EXP 	noPeriphery: size = array([1.77777778, 1.        ])
135.1328 	EXP 	noPeriphery: image = 'C:\\Users\\hesselmann\\Desktop\\PsychoPyUniformityIllusion\\UniformityIllusionPsychoPy\\Pics\\2start.png'
135.1328 	EXP 	final: size = array([1.77777778, 1.        ])
135.1328 	EXP 	final: image = 'C:\\Users\\hesselmann\\Desktop\\PsychoPyUniformityIllusion\\UniformityIllusionPsychoPy\\Pics\\2b.png'
135.1328 	EXP 	hasPeriphery: autoDraw = True
135.1328 	EXP 	hasPeriphery: texRes = 128.0
135.1328 	EXP 	noPeriphery: autoDraw = True
135.1328 	EXP 	noPeriphery: texRes = 128.0
135.1328 	EXP 	blank_screen: autoDraw = True
135.1328 	EXP 	text: autoDraw = True
135.2662 	EXP 	hasPeriphery: texRes = 128.0
135.2662 	EXP 	noPeriphery: texRes = 128.0
135.3828 	EXP 	hasPeriphery: texRes = 128.0
135.3828 	EXP 	noPeriphery: texRes = 128.0
135.3828 	EXP 	blank_screen: autoDraw = False
135.4999 	EXP 	hasPeriphery: texRes = 128.0
135.4999 	EXP 	noPeriphery: texRes = 128.0
135.6177 	EXP 	hasPeriphery: texRes = 128.0
135.6177 	EXP 	noPeriphery: texRes = 128.0
135.7498 	EXP 	hasPeriphery: texRes = 128.0
135.7498 	EXP 	noPeriphery: texRes = 128.0
135.8661 	EXP 	hasPeriphery: texRes = 128.0
135.8661 	EXP 	noPeriphery: texRes = 128.0
135.9838 	EXP 	hasPeriphery: texRes = 128.0
135.9838 	EXP 	noPeriphery: texRes = 128.0
136.1166 	EXP 	hasPeriphery: texRes = 128.0
136.1166 	EXP 	noPeriphery: texRes = 128.0
136.2330 	EXP 	hasPeriphery: texRes = 128.0
136.2330 	EXP 	noPeriphery: texRes = 128.0
136.3497 	EXP 	hasPeriphery: texRes = 128.0
136.3497 	EXP 	noPeriphery: texRes = 128.0
136.4669 	EXP 	hasPeriphery: texRes = 128.0
136.4669 	EXP 	noPeriphery: texRes = 128.0
136.5827 	EXP 	hasPeriphery: texRes = 128.0
136.5827 	EXP 	noPeriphery: texRes = 128.0
136.6996 	EXP 	hasPeriphery: texRes = 128.0
136.6996 	EXP 	noPeriphery: texRes = 128.0
136.8166 	EXP 	hasPeriphery: texRes = 128.0
136.8166 	EXP 	noPeriphery: texRes = 128.0
136.9329 	EXP 	hasPeriphery: texRes = 128.0
136.9329 	EXP 	noPeriphery: texRes = 128.0
137.0492 	EXP 	hasPeriphery: texRes = 128.0
137.0492 	EXP 	noPeriphery: texRes = 128.0
137.1667 	EXP 	hasPeriphery: texRes = 128.0
137.1667 	EXP 	noPeriphery: texRes = 128.0
137.2828 	EXP 	hasPeriphery: texRes = 128.0
137.2828 	EXP 	noPeriphery: texRes = 128.0
137.3995 	EXP 	hasPeriphery: texRes = 128.0
137.3995 	EXP 	noPeriphery: texRes = 128.0
137.5157 	EXP 	hasPeriphery: texRes = 128.0
137.5157 	EXP 	noPeriphery: texRes = 128.0
137.6327 	EXP 	hasPeriphery: texRes = 128.0
137.6327 	EXP 	noPeriphery: texRes = 128.0
137.7498 	EXP 	hasPeriphery: texRes = 128.0
137.7498 	EXP 	noPeriphery: texRes = 128.0
137.8662 	EXP 	hasPeriphery: texRes = 128.0
137.8662 	EXP 	noPeriphery: texRes = 128.0
137.9829 	EXP 	hasPeriphery: texRes = 128.0
137.9829 	EXP 	noPeriphery: texRes = 128.0
138.1164 	EXP 	hasPeriphery: texRes = 128.0
138.1164 	EXP 	noPeriphery: texRes = 128.0
138.2323 	EXP 	hasPeriphery: texRes = 128.0
138.2323 	EXP 	noPeriphery: texRes = 128.0
138.3489 	EXP 	hasPeriphery: texRes = 128.0
138.3489 	EXP 	noPeriphery: texRes = 128.0
138.4664 	EXP 	hasPeriphery: texRes = 128.0
138.4664 	EXP 	noPeriphery: texRes = 128.0
138.5826 	EXP 	hasPeriphery: texRes = 128.0
138.5826 	EXP 	noPeriphery: texRes = 128.0
138.7155 	EXP 	hasPeriphery: texRes = 128.0
138.7155 	EXP 	noPeriphery: texRes = 128.0
138.7155 	EXP 	final: autoDraw = True
138.8495 	EXP 	hasPeriphery: texRes = 128.0
138.8495 	EXP 	noPeriphery: texRes = 128.0
138.9822 	EXP 	hasPeriphery: texRes = 128.0
138.9822 	EXP 	noPeriphery: texRes = 128.0
139.0997 	EXP 	hasPeriphery: texRes = 128.0
139.0997 	EXP 	noPeriphery: texRes = 128.0
139.2325 	EXP 	hasPeriphery: texRes = 128.0
139.2325 	EXP 	noPeriphery: texRes = 128.0
139.3657 	EXP 	hasPeriphery: texRes = 128.0
139.3657 	EXP 	noPeriphery: texRes = 128.0
139.4991 	EXP 	hasPeriphery: texRes = 128.0
139.4991 	EXP 	noPeriphery: texRes = 128.0
139.6166 	EXP 	hasPeriphery: texRes = 128.0
139.6166 	EXP 	noPeriphery: texRes = 128.0
139.7495 	EXP 	hasPeriphery: texRes = 128.0
139.7495 	EXP 	noPeriphery: texRes = 128.0
139.8819 	EXP 	hasPeriphery: texRes = 128.0
139.8819 	EXP 	noPeriphery: texRes = 128.0
139.9989 	EXP 	hasPeriphery: texRes = 128.0
139.9989 	EXP 	noPeriphery: texRes = 128.0
140.1162 	EXP 	hasPeriphery: texRes = 128.0
140.1162 	EXP 	noPeriphery: texRes = 128.0
140.2489 	EXP 	hasPeriphery: texRes = 128.0
140.2489 	EXP 	noPeriphery: texRes = 128.0
140.3820 	EXP 	hasPeriphery: texRes = 128.0
140.3820 	EXP 	noPeriphery: texRes = 128.0
140.5157 	EXP 	hasPeriphery: texRes = 128.0
140.5157 	EXP 	noPeriphery: texRes = 128.0
140.6324 	EXP 	hasPeriphery: texRes = 128.0
140.6324 	EXP 	noPeriphery: texRes = 128.0
140.7662 	EXP 	hasPeriphery: texRes = 128.0
140.7662 	EXP 	noPeriphery: texRes = 128.0
140.8992 	EXP 	hasPeriphery: texRes = 128.0
140.8992 	EXP 	noPeriphery: texRes = 128.0
141.0317 	EXP 	hasPeriphery: texRes = 128.0
141.0317 	EXP 	noPeriphery: texRes = 128.0
141.1654 	EXP 	hasPeriphery: texRes = 128.0
141.1654 	EXP 	noPeriphery: texRes = 128.0
141.2991 	EXP 	hasPeriphery: texRes = 128.0
141.2991 	EXP 	noPeriphery: texRes = 128.0
141.4486 	EXP 	hasPeriphery: texRes = 128.0
141.4486 	EXP 	noPeriphery: texRes = 128.0
141.5820 	EXP 	hasPeriphery: texRes = 128.0
141.5820 	EXP 	noPeriphery: texRes = 128.0
141.6999 	EXP 	hasPeriphery: texRes = 128.0
141.6999 	EXP 	noPeriphery: texRes = 128.0
141.8317 	EXP 	hasPeriphery: texRes = 128.0
141.8317 	EXP 	noPeriphery: texRes = 128.0
141.9482 	EXP 	hasPeriphery: texRes = 128.0
141.9482 	EXP 	noPeriphery: texRes = 128.0
142.0656 	EXP 	hasPeriphery: texRes = 128.0
142.0656 	EXP 	noPeriphery: texRes = 128.0
142.1814 	EXP 	hasPeriphery: texRes = 128.0
142.1814 	EXP 	noPeriphery: texRes = 128.0
142.3154 	EXP 	hasPeriphery: texRes = 128.0
142.3154 	EXP 	noPeriphery: texRes = 128.0
142.4481 	EXP 	hasPeriphery: texRes = 128.0
142.4481 	EXP 	noPeriphery: texRes = 128.0
142.5650 	EXP 	hasPeriphery: texRes = 128.0
142.5650 	EXP 	noPeriphery: texRes = 128.0
142.6987 	EXP 	hasPeriphery: texRes = 128.0
142.6987 	EXP 	noPeriphery: texRes = 128.0
142.8324 	EXP 	hasPeriphery: texRes = 128.0
142.8324 	EXP 	noPeriphery: texRes = 128.0
142.9820 	EXP 	hasPeriphery: texRes = 128.0
142.9820 	EXP 	noPeriphery: texRes = 128.0
143.0984 	EXP 	hasPeriphery: texRes = 128.0
143.0984 	EXP 	noPeriphery: texRes = 128.0
143.2320 	EXP 	hasPeriphery: texRes = 128.0
143.2320 	EXP 	noPeriphery: texRes = 128.0
143.3646 	EXP 	hasPeriphery: texRes = 128.0
143.3646 	EXP 	noPeriphery: texRes = 128.0
143.4983 	EXP 	hasPeriphery: texRes = 128.0
143.4983 	EXP 	noPeriphery: texRes = 128.0
143.6316 	EXP 	hasPeriphery: texRes = 128.0
143.6316 	EXP 	noPeriphery: texRes = 128.0
143.7652 	EXP 	hasPeriphery: texRes = 128.0
143.7652 	EXP 	noPeriphery: texRes = 128.0
143.8986 	EXP 	hasPeriphery: texRes = 128.0
143.8986 	EXP 	noPeriphery: texRes = 128.0
144.0313 	EXP 	hasPeriphery: texRes = 128.0
144.0313 	EXP 	noPeriphery: texRes = 128.0
144.1648 	EXP 	hasPeriphery: texRes = 128.0
144.1648 	EXP 	noPeriphery: texRes = 128.0
144.2978 	EXP 	hasPeriphery: texRes = 128.0
144.2978 	EXP 	noPeriphery: texRes = 128.0
144.4310 	EXP 	hasPeriphery: texRes = 128.0
144.4310 	EXP 	noPeriphery: texRes = 128.0
144.5644 	EXP 	hasPeriphery: texRes = 128.0
144.5644 	EXP 	noPeriphery: texRes = 128.0
144.6814 	EXP 	hasPeriphery: texRes = 128.0
144.6814 	EXP 	noPeriphery: texRes = 128.0
144.8146 	EXP 	hasPeriphery: texRes = 128.0
144.8146 	EXP 	noPeriphery: texRes = 128.0
144.9483 	EXP 	hasPeriphery: texRes = 128.0
144.9483 	EXP 	noPeriphery: texRes = 128.0
145.0642 	EXP 	hasPeriphery: texRes = 128.0
145.0642 	EXP 	noPeriphery: texRes = 128.0
145.1816 	EXP 	hasPeriphery: texRes = 128.0
145.1816 	EXP 	noPeriphery: texRes = 128.0
145.2145 	EXP 	hasPeriphery: autoDraw = False
145.2145 	EXP 	noPeriphery: autoDraw = False
150.7635 	EXP 	final: texRes = 128.0
150.7635 	EXP 	final: autoDraw = False
199.9095 	EXP 	New trial (rep=0, index=4): {'startImage': 'C:\\Users\\hesselmann\\Desktop\\PsychoPyUniformityIllusion\\UniformityIllusionPsychoPy\\Pics\\3start.png', 'midImage': 'C:\\Users\\hesselmann\\Desktop\\PsychoPyUniformityIllusion\\UniformityIllusionPsychoPy\\Pics\\3a.png', 'endImage': 'C:\\Users\\hesselmann\\Desktop\\PsychoPyUniformityIllusion\\UniformityIllusionPsychoPy\\Pics\\3a.png', 'AB': 'a'}
200.0975 	DATA 	Keypress: space
200.1533 	EXP 	hasPeriphery: autoDraw = False
200.1533 	EXP 	noPeriphery: autoDraw = False
200.1533 	EXP 	final: autoDraw = False
200.1533 	EXP 	blank_screen: autoDraw = False
200.1533 	EXP 	text: autoDraw = False
200.1533 	EXP 	hasPeriphery: size = array([1.77777778, 1.        ])
200.1533 	EXP 	hasPeriphery: image = 'C:\\Users\\hesselmann\\Desktop\\PsychoPyUniformityIllusion\\UniformityIllusionPsychoPy\\Pics\\3a.png'
200.1533 	EXP 	noPeriphery: size = array([1.77777778, 1.        ])
200.1533 	EXP 	noPeriphery: image = 'C:\\Users\\hesselmann\\Desktop\\PsychoPyUniformityIllusion\\UniformityIllusionPsychoPy\\Pics\\3start.png'
200.1533 	EXP 	final: size = array([1.77777778, 1.        ])
200.1533 	EXP 	final: image = 'C:\\Users\\hesselmann\\Desktop\\PsychoPyUniformityIllusion\\UniformityIllusionPsychoPy\\Pics\\3a.png'
200.1533 	EXP 	hasPeriphery: autoDraw = True
200.1533 	EXP 	hasPeriphery: texRes = 128.0
200.1533 	EXP 	noPeriphery: autoDraw = True
200.1533 	EXP 	noPeriphery: texRes = 128.0
200.1533 	EXP 	blank_screen: autoDraw = True
200.1533 	EXP 	text: autoDraw = True
200.2886 	EXP 	hasPeriphery: texRes = 128.0
200.2886 	EXP 	noPeriphery: texRes = 128.0
200.4202 	EXP 	hasPeriphery: texRes = 128.0
200.4202 	EXP 	noPeriphery: texRes = 128.0
200.4202 	EXP 	blank_screen: autoDraw = False
200.5372 	EXP 	hasPeriphery: texRes = 128.0
200.5372 	EXP 	noPeriphery: texRes = 128.0
200.6532 	EXP 	hasPeriphery: texRes = 128.0
200.6532 	EXP 	noPeriphery: texRes = 128.0
200.7702 	EXP 	hasPeriphery: texRes = 128.0
200.7702 	EXP 	noPeriphery: texRes = 128.0
200.8868 	EXP 	hasPeriphery: texRes = 128.0
200.8868 	EXP 	noPeriphery: texRes = 128.0
201.0034 	EXP 	hasPeriphery: texRes = 128.0
201.0034 	EXP 	noPeriphery: texRes = 128.0
201.1205 	EXP 	hasPeriphery: texRes = 128.0
201.1205 	EXP 	noPeriphery: texRes = 128.0
201.2364 	EXP 	hasPeriphery: texRes = 128.0
201.2364 	EXP 	noPeriphery: texRes = 128.0
201.3535 	EXP 	hasPeriphery: texRes = 128.0
201.3535 	EXP 	noPeriphery: texRes = 128.0
201.4704 	EXP 	hasPeriphery: texRes = 128.0
201.4704 	EXP 	noPeriphery: texRes = 128.0
201.5865 	EXP 	hasPeriphery: texRes = 128.0
201.5865 	EXP 	noPeriphery: texRes = 128.0
201.7196 	EXP 	hasPeriphery: texRes = 128.0
201.7196 	EXP 	noPeriphery: texRes = 128.0
201.8366 	EXP 	hasPeriphery: texRes = 128.0
201.8366 	EXP 	noPeriphery: texRes = 128.0
201.9528 	EXP 	hasPeriphery: texRes = 128.0
201.9528 	EXP 	noPeriphery: texRes = 128.0
202.0700 	EXP 	hasPeriphery: texRes = 128.0
202.0700 	EXP 	noPeriphery: texRes = 128.0
202.2028 	EXP 	hasPeriphery: texRes = 128.0
202.2028 	EXP 	noPeriphery: texRes = 128.0
202.3196 	EXP 	hasPeriphery: texRes = 128.0
202.3196 	EXP 	noPeriphery: texRes = 128.0
202.4536 	EXP 	hasPeriphery: texRes = 128.0
202.4536 	EXP 	noPeriphery: texRes = 128.0
202.5861 	EXP 	hasPeriphery: texRes = 128.0
202.5861 	EXP 	noPeriphery: texRes = 128.0
202.5861 	EXP 	final: autoDraw = True
202.7203 	EXP 	hasPeriphery: texRes = 128.0
202.7203 	EXP 	noPeriphery: texRes = 128.0
202.8531 	EXP 	hasPeriphery: texRes = 128.0
202.8531 	EXP 	noPeriphery: texRes = 128.0
202.9860 	EXP 	hasPeriphery: texRes = 128.0
202.9860 	EXP 	noPeriphery: texRes = 128.0
203.1193 	EXP 	hasPeriphery: texRes = 128.0
203.1193 	EXP 	noPeriphery: texRes = 128.0
203.2530 	EXP 	hasPeriphery: texRes = 128.0
203.2530 	EXP 	noPeriphery: texRes = 128.0
203.3865 	EXP 	hasPeriphery: texRes = 128.0
203.3865 	EXP 	noPeriphery: texRes = 128.0
203.5200 	EXP 	hasPeriphery: texRes = 128.0
203.5200 	EXP 	noPeriphery: texRes = 128.0
203.6529 	EXP 	hasPeriphery: texRes = 128.0
203.6529 	EXP 	noPeriphery: texRes = 128.0
203.7870 	EXP 	hasPeriphery: texRes = 128.0
203.7870 	EXP 	noPeriphery: texRes = 128.0
203.9362 	EXP 	hasPeriphery: texRes = 128.0
203.9362 	EXP 	noPeriphery: texRes = 128.0
204.0691 	EXP 	hasPeriphery: texRes = 128.0
204.0691 	EXP 	noPeriphery: texRes = 128.0
204.2024 	EXP 	hasPeriphery: texRes = 128.0
204.2024 	EXP 	noPeriphery: texRes = 128.0
204.3361 	EXP 	hasPeriphery: texRes = 128.0
204.3361 	EXP 	noPeriphery: texRes = 128.0
204.4695 	EXP 	hasPeriphery: texRes = 128.0
204.4695 	EXP 	noPeriphery: texRes = 128.0
204.6032 	EXP 	hasPeriphery: texRes = 128.0
204.6032 	EXP 	noPeriphery: texRes = 128.0
204.7358 	EXP 	hasPeriphery: texRes = 128.0
204.7358 	EXP 	noPeriphery: texRes = 128.0
204.8693 	EXP 	hasPeriphery: texRes = 128.0
204.8693 	EXP 	noPeriphery: texRes = 128.0
205.0023 	EXP 	hasPeriphery: texRes = 128.0
205.0023 	EXP 	noPeriphery: texRes = 128.0
205.1356 	EXP 	hasPeriphery: texRes = 128.0
205.1356 	EXP 	noPeriphery: texRes = 128.0
205.2689 	EXP 	hasPeriphery: texRes = 128.0
205.2689 	EXP 	noPeriphery: texRes = 128.0
205.4028 	EXP 	hasPeriphery: texRes = 128.0
205.4028 	EXP 	noPeriphery: texRes = 128.0
205.5355 	EXP 	hasPeriphery: texRes = 128.0
205.5355 	EXP 	noPeriphery: texRes = 128.0
205.6698 	EXP 	hasPeriphery: texRes = 128.0
205.6698 	EXP 	noPeriphery: texRes = 128.0
205.8029 	EXP 	hasPeriphery: texRes = 128.0
205.8029 	EXP 	noPeriphery: texRes = 128.0
205.9354 	EXP 	hasPeriphery: texRes = 128.0
205.9354 	EXP 	noPeriphery: texRes = 128.0
206.0693 	EXP 	hasPeriphery: texRes = 128.0
206.0693 	EXP 	noPeriphery: texRes = 128.0
206.2023 	EXP 	hasPeriphery: texRes = 128.0
206.2023 	EXP 	noPeriphery: texRes = 128.0
206.3364 	EXP 	hasPeriphery: texRes = 128.0
206.3364 	EXP 	noPeriphery: texRes = 128.0
206.4855 	EXP 	hasPeriphery: texRes = 128.0
206.4855 	EXP 	noPeriphery: texRes = 128.0
206.6189 	EXP 	hasPeriphery: texRes = 128.0
206.6189 	EXP 	noPeriphery: texRes = 128.0
206.7523 	EXP 	hasPeriphery: texRes = 128.0
206.7523 	EXP 	noPeriphery: texRes = 128.0
206.8852 	EXP 	hasPeriphery: texRes = 128.0
206.8852 	EXP 	noPeriphery: texRes = 128.0
207.0189 	EXP 	hasPeriphery: texRes = 128.0
207.0189 	EXP 	noPeriphery: texRes = 128.0
207.1689 	EXP 	hasPeriphery: texRes = 128.0
207.1689 	EXP 	noPeriphery: texRes = 128.0
207.3018 	EXP 	hasPeriphery: texRes = 128.0
207.3018 	EXP 	noPeriphery: texRes = 128.0
207.4358 	EXP 	hasPeriphery: texRes = 128.0
207.4358 	EXP 	noPeriphery: texRes = 128.0
207.5854 	EXP 	hasPeriphery: texRes = 128.0
207.5854 	EXP 	noPeriphery: texRes = 128.0
207.6780 	DATA 	Keypress: escape
207.7186 	EXP 	hasPeriphery: texRes = 128.0
207.7186 	EXP 	noPeriphery: texRes = 128.0
207.8526 	EXP 	hasPeriphery: texRes = 128.0
207.8526 	EXP 	noPeriphery: texRes = 128.0
208.0369 	EXP 	window1: mouseVisible = True
