1.0487 	WARNING 	We strongly recommend you activate the PTB sound engine in PsychoPy prefs as the preferred audio engine. Its timing is vastly superior. Your prefs are currently set to use ['sounddevice', 'PTB', 'pyo', 'pygame'] (in that order).
6.7957 	EXP 	Created window1 = Window(allowGUI=False, allowStencil=False, autoLog=True, backendConf=UNKNOWN, bitsMode=UNKNOWN, blendMode='avg', bpc=(8, 8, 8), color=array([0, 0, 0]), colorSpace='rgb', depthBits=8, fullscr=<method-wrapper '__getattribute__' of attributeSetter object at 0x0000019784025EB8>, gamma=None, gammaErrorPolicy='raise', lms=UNKNOWN, monitor=<psychopy.monitors.calibTools.Monitor object at 0x0000019784000550>, multiSample=False, name='window1', numSamples=2, pos=[0.0, 0.0], screen=0, size=array([1920, 1080]), stencilBits=0, stereo=False, units='height', useFBO=True, useRetina=False, viewOri=0.0, viewPos=None, viewScale=None, waitBlanking=True, winType='pyglet')
6.7960 	EXP 	window1: mouseVisible = True
6.7960 	EXP 	window1: recordFrameIntervals = False
6.9617 	EXP 	window1: recordFrameIntervals = True
7.1446 	EXP 	window1: recordFrameIntervals = False
7.5372 	EXP 	Created WelcomeText = TextStim(__class__=<class 'psychopy.visual.text.TextStim'>, alignHoriz=method-wrapper(...), alignText='center', alignVert=method-wrapper(...), anchorHoriz='center', anchorVert='center', antialias=True, autoLog=True, bold=False, color=array([1, 1, 1]), colorSpace='rgb', contrast=1.0, depth=0.0, flipHoriz=False, flipVert=False, font='Open Sans', fontFiles=[], height=0.1, italic=False, languageStyle='LTR', name='WelcomeText', opacity=1, ori=0.0, pos=array([0., 0.]), rgb=UNKNOWN, text='Welcome to our Study!', units='height', win=Window(...), wrapWidth=1)
7.5566 	EXP 	Imported depression.xlsx as conditions, 2 conditions, 12 params
7.5579 	EXP 	Question text: Sadness
7.5898 	EXP 	window1: mouseVisible = True
7.6208 	EXP 	Question text: Pessimism
7.6320 	EXP 	window1: mouseVisible = True
7.6544 	EXP 	window1: mouseVisible = True
7.6586 	EXP 	Created unnamed Rect = Rect(__class__=<class 'psychopy.visual.rect.Rect'>, autoDraw=False, autoLog=True, closeShape=True, color=method-wrapper(...), colorSpace='rgb', contrast=None, depth=0, fillColor=array([0, 0, 0]), fillColorSpace='rgb', fillRGB=UNKNOWN, interpolate=True, lineColor=array([0, 0, 0]), lineColorSpace='rgb', lineRGB=UNKNOWN, lineWidth=1.5, name='unnamed Rect', opacity=0, ori=0.0, pos=array([0., 0.]), size=array([0., 0.]), units='height', vertices=ndarray(...), win=Window(...))
7.6656 	EXP 	Created DepressionQuestionnaire = <psychopy.visual.form.Form object at 0x0000019786ADC780>
7.6896 	EXP 	window1: mouseVisible = True
7.7330 	EXP 	Created instructionsText = TextStim(__class__=<class 'psychopy.visual.text.TextStim'>, alignHoriz=method-wrapper(...), alignText='center', alignVert=method-wrapper(...), anchorHoriz='center', anchorVert='center', antialias=True, autoLog=True, bold=False, color=array([1, 1, 1]), colorSpace='rgb', contrast=1.0, depth=0.0, flipHoriz=False, flipVert=False, font='Open Sans', fontFiles=[], height=0.04, italic=False, languageStyle='LTR', name='instructionsText', opacity=1, ori=0.0, pos=array([0., 0.]), rgb=UNKNOWN, text=str(...), units='height', win=Window(...), wrapWidth=1)
7.7360 	EXP 	Created hasPeriphery = ImageStim(__class__=<class 'psychopy.visual.image.ImageStim'>, autoLog=True, color=array([1, 1, 1]), colorSpace='rgb', contrast=1.0, depth=-1.0, flipHoriz=False, flipVert=False, image='sin', interpolate=True, mask=None, maskParams=None, name='hasPeriphery', opacity=1.0, ori=0.0, pos=array([0., 0.]), size=array([0.5, 0.5]), texRes=128.0, units='height', win=Window(...))
7.7386 	EXP 	Created noPeriphery = ImageStim(__class__=<class 'psychopy.visual.image.ImageStim'>, autoLog=True, color=array([1, 1, 1]), colorSpace='rgb', contrast=1.0, depth=-3.0, flipHoriz=False, flipVert=False, image='sin', interpolate=True, mask=None, maskParams=None, name='noPeriphery', opacity=1.0, ori=0.0, pos=array([0., 0.]), size=array([0.5, 0.5]), texRes=128.0, units='height', win=Window(...))
7.7396 	EXP 	Created blank_screen = Rect(__class__=<class 'psychopy.visual.rect.Rect'>, autoDraw=False, autoLog=True, closeShape=True, color=method-wrapper(...), colorSpace='rgb', contrast=None, depth=-4.0, fillColor=array([1, 1, 1]), fillColorSpace='rgb', fillRGB=UNKNOWN, interpolate=True, lineColor=array([1, 1, 1]), lineColorSpace='rgb', lineRGB=UNKNOWN, lineWidth=1.0, name='blank_screen', opacity=1.0, ori=0.0, pos=array([0., 0.]), size=array([2., 1.]), units='height', vertices=ndarray(...), win=Window(...))
7.7449 	EXP 	Created text = TextStim(__class__=<class 'psychopy.visual.text.TextStim'>, alignHoriz=method-wrapper(...), alignText='center', alignVert=method-wrapper(...), anchorHoriz='center', anchorVert='center', antialias=True, autoLog=True, bold=False, color=array([ 1, -1, -1]), colorSpace='rgb', contrast=1.0, depth=-5.0, flipHoriz=False, flipVert=False, font='Open Sans', fontFiles=[], height=0.1, italic=False, languageStyle='LTR', name='text', opacity=1, ori=0.0, pos=array([0., 0.]), rgb=UNKNOWN, text='+', units='height', win=Window(...), wrapWidth=1)
7.7556 	EXP 	Created WelcomeText = TextStim(__class__=<class 'psychopy.visual.text.TextStim'>, alignHoriz=method-wrapper(...), alignText='center', alignVert=method-wrapper(...), anchorHoriz='center', anchorVert='center', antialias=True, autoLog=True, bold=False, color=array([1, 1, 1]), colorSpace='rgb', contrast=1.0, depth=0.0, flipHoriz=False, flipVert=False, font='Open Sans', fontFiles=[], height=0.1, italic=False, languageStyle='LTR', name='WelcomeText', opacity=1, ori=0.0, pos=array([0., 0.]), rgb=UNKNOWN, text='Welcome to our Study!', units='height', win=Window(...), wrapWidth=1)
7.7582 	EXP 	Created hasPeriphery_2 = ImageStim(__class__=<class 'psychopy.visual.image.ImageStim'>, autoLog=True, color=array([1, 1, 1]), colorSpace='rgb', contrast=1.0, depth=-1.0, flipHoriz=False, flipVert=False, image='sin', interpolate=True, mask=None, maskParams=None, name='hasPeriphery_2', opacity=1.0, ori=0.0, pos=array([0., 0.]), size=array([0.5, 0.5]), texRes=128.0, units='height', win=Window(...))
7.7604 	EXP 	Created noPeriphery_2 = ImageStim(__class__=<class 'psychopy.visual.image.ImageStim'>, autoLog=True, color=array([1, 1, 1]), colorSpace='rgb', contrast=1.0, depth=-3.0, flipHoriz=False, flipVert=False, image='sin', interpolate=True, mask=None, maskParams=None, name='noPeriphery_2', opacity=1.0, ori=0.0, pos=array([0., 0.]), size=array([0.5, 0.5]), texRes=128.0, units='height', win=Window(...))
7.7621 	EXP 	Created text_2 = TextStim(__class__=<class 'psychopy.visual.text.TextStim'>, alignHoriz=method-wrapper(...), alignText='center', alignVert=method-wrapper(...), anchorHoriz='center', anchorVert='center', antialias=True, autoLog=True, bold=False, color=array([ 1, -1, -1]), colorSpace='rgb', contrast=1.0, depth=-4.0, flipHoriz=False, flipVert=False, font='Open Sans', fontFiles=[], height=0.1, italic=False, languageStyle='LTR', name='text_2', opacity=1, ori=0.0, pos=array([0., 0.]), rgb=UNKNOWN, text='+', units='height', win=Window(...), wrapWidth=1)
7.8114 	EXP 	unnamed Form: autoLog = True
7.8114 	EXP 	DepressionQuestionnaire: name = 'DepressionQuestionnaire'
7.8114 	EXP 	DepressionQuestionnaire: size = (3.5, 1)
7.8114 	EXP 	DepressionQuestionnaire: size = array([3.5, 1. ])
7.8114 	EXP 	DepressionQuestionnaire: units = 'height'
7.8114 	EXP 	DepressionQuestionnaire: depth = 0
7.8114 	EXP 	WelcomeText: autoDraw = True
9.8277 	EXP 	WelcomeText: autoDraw = False
9.8277 	EXP 	DepressionQuestionnaire: autoDraw = True
10.6609 	DATA 	Mouse: Left button down, pos=(847,3)
10.6937 	EXP 	DepressionQuestionnaire: autoDraw = False
10.6937 	EXP 	instructionsText: autoDraw = True
10.7655 	DATA 	Mouse:  Left button up, pos=(845,1)
11.7784 	EXP 	Imported picPaths.xlsx as conditions, 6 conditions, 4 params
11.7787 	EXP 	Created sequence: sequential, trialTypes=6, nReps=1, seed=None
11.7790 	EXP 	New trial (rep=0, index=0): {'startImage': 'C:\\Users\\hesselmann\\Desktop\\PsychoPyUniformityIllusion\\UniformityIllusionPsychoPy\\Pics\\1start.png', 'midImage': 'C:\\Users\\hesselmann\\Desktop\\PsychoPyUniformityIllusion\\UniformityIllusionPsychoPy\\Pics\\1a.png', 'endImage': 'C:\\Users\\hesselmann\\Desktop\\PsychoPyUniformityIllusion\\UniformityIllusionPsychoPy\\Pics\\1a.png', 'AB': 'a'}
11.9560 	DATA 	Keypress: space
12.0112 	EXP 	instructionsText: autoDraw = False
12.0112 	EXP 	hasPeriphery: size = array([1.77777778, 1.        ])
12.0112 	EXP 	hasPeriphery: image = 'C:\\Users\\hesselmann\\Desktop\\PsychoPyUniformityIllusion\\UniformityIllusionPsychoPy\\Pics\\1a.png'
12.0112 	EXP 	noPeriphery: size = array([1.77777778, 1.        ])
12.0112 	EXP 	noPeriphery: image = 'C:\\Users\\hesselmann\\Desktop\\PsychoPyUniformityIllusion\\UniformityIllusionPsychoPy\\Pics\\1start.png'
12.0112 	EXP 	hasPeriphery: autoDraw = True
12.0112 	EXP 	hasPeriphery: texRes = 128.0
12.0112 	EXP 	noPeriphery: autoDraw = True
12.0112 	EXP 	noPeriphery: texRes = 128.0
12.0112 	EXP 	text: autoDraw = True
12.1605 	EXP 	hasPeriphery: texRes = 128.0
12.1605 	EXP 	noPeriphery: texRes = 128.0
12.2934 	EXP 	hasPeriphery: texRes = 128.0
12.2934 	EXP 	noPeriphery: texRes = 128.0
12.4270 	EXP 	hasPeriphery: texRes = 128.0
12.4270 	EXP 	noPeriphery: texRes = 128.0
12.5778 	EXP 	hasPeriphery: texRes = 128.0
12.5778 	EXP 	noPeriphery: texRes = 128.0
12.7444 	EXP 	hasPeriphery: texRes = 128.0
12.7444 	EXP 	noPeriphery: texRes = 128.0
12.7444 	EXP 	blank_screen: autoDraw = True
12.8770 	EXP 	hasPeriphery: texRes = 128.0
12.8770 	EXP 	noPeriphery: texRes = 128.0
12.8770 	EXP 	blank_screen: autoDraw = False
13.0270 	EXP 	hasPeriphery: texRes = 128.0
13.0270 	EXP 	noPeriphery: texRes = 128.0
13.1770 	EXP 	hasPeriphery: texRes = 128.0
13.1770 	EXP 	noPeriphery: texRes = 128.0
13.3102 	EXP 	hasPeriphery: texRes = 128.0
13.3102 	EXP 	noPeriphery: texRes = 128.0
13.4600 	EXP 	hasPeriphery: texRes = 128.0
13.4600 	EXP 	noPeriphery: texRes = 128.0
13.4600 	EXP 	blank_screen: autoDraw = True
13.5931 	EXP 	hasPeriphery: texRes = 128.0
13.5931 	EXP 	noPeriphery: texRes = 128.0
13.5931 	EXP 	blank_screen: autoDraw = False
13.7264 	EXP 	hasPeriphery: texRes = 128.0
13.7264 	EXP 	noPeriphery: texRes = 128.0
13.8598 	EXP 	hasPeriphery: texRes = 128.0
13.8598 	EXP 	noPeriphery: texRes = 128.0
13.9936 	EXP 	hasPeriphery: texRes = 128.0
13.9936 	EXP 	noPeriphery: texRes = 128.0
14.1431 	EXP 	hasPeriphery: texRes = 128.0
14.1431 	EXP 	noPeriphery: texRes = 128.0
14.2770 	EXP 	hasPeriphery: texRes = 128.0
14.2770 	EXP 	noPeriphery: texRes = 128.0
14.4100 	EXP 	hasPeriphery: texRes = 128.0
14.4100 	EXP 	noPeriphery: texRes = 128.0
14.5437 	EXP 	hasPeriphery: texRes = 128.0
14.5437 	EXP 	noPeriphery: texRes = 128.0
14.6933 	EXP 	hasPeriphery: texRes = 128.0
14.6933 	EXP 	noPeriphery: texRes = 128.0
14.8264 	EXP 	hasPeriphery: texRes = 128.0
14.8264 	EXP 	noPeriphery: texRes = 128.0
14.9596 	EXP 	hasPeriphery: texRes = 128.0
14.9596 	EXP 	noPeriphery: texRes = 128.0
15.1103 	EXP 	hasPeriphery: texRes = 128.0
15.1103 	EXP 	noPeriphery: texRes = 128.0
15.2769 	EXP 	hasPeriphery: texRes = 128.0
15.2769 	EXP 	noPeriphery: texRes = 128.0
15.4110 	EXP 	hasPeriphery: texRes = 128.0
15.4110 	EXP 	noPeriphery: texRes = 128.0
15.5433 	EXP 	hasPeriphery: texRes = 128.0
15.5433 	EXP 	noPeriphery: texRes = 128.0
15.6764 	EXP 	hasPeriphery: texRes = 128.0
15.6764 	EXP 	noPeriphery: texRes = 128.0
15.8103 	EXP 	hasPeriphery: texRes = 128.0
15.8103 	EXP 	noPeriphery: texRes = 128.0
15.9027 	DATA 	Keypress: escape
15.9426 	EXP 	hasPeriphery: texRes = 128.0
15.9426 	EXP 	noPeriphery: texRes = 128.0
16.1417 	EXP 	window1: mouseVisible = True
