1.0607 	WARNING 	We strongly recommend you activate the PTB sound engine in PsychoPy prefs as the preferred audio engine. Its timing is vastly superior. Your prefs are currently set to use ['sounddevice', 'PTB', 'pyo', 'pygame'] (in that order).
6.1611 	EXP 	Created window1 = Window(allowGUI=False, allowStencil=False, autoLog=True, backendConf=UNKNOWN, bitsMode=UNKNOWN, blendMode='avg', bpc=(8, 8, 8), color=array([0, 0, 0]), colorSpace='rgb', depthBits=8, fullscr=<method-wrapper '__getattribute__' of attributeSetter object at 0x000001E290B64EF0>, gamma=None, gammaErrorPolicy='raise', lms=UNKNOWN, monitor=<psychopy.monitors.calibTools.Monitor object at 0x000001E290A84550>, multiSample=False, name='window1', numSamples=2, pos=[0.0, 0.0], screen=0, size=array([1920, 1080]), stencilBits=0, stereo=False, units='height', useFBO=True, useRetina=False, viewOri=0.0, viewPos=None, viewScale=None, waitBlanking=True, winType='pyglet')
6.1613 	EXP 	window1: mouseVisible = True
6.1613 	EXP 	window1: recordFrameIntervals = False
6.3270 	EXP 	window1: recordFrameIntervals = True
6.5104 	EXP 	window1: recordFrameIntervals = False
6.9117 	EXP 	Created WelcomeText = TextStim(__class__=<class 'psychopy.visual.text.TextStim'>, alignHoriz=method-wrapper(...), alignText='center', alignVert=method-wrapper(...), anchorHoriz='center', anchorVert='center', antialias=True, autoLog=True, bold=False, color=array([1, 1, 1]), colorSpace='rgb', contrast=1.0, depth=0.0, flipHoriz=False, flipVert=False, font='Open Sans', fontFiles=[], height=0.1, italic=False, languageStyle='LTR', name='WelcomeText', opacity=1, ori=0.0, pos=array([0., 0.]), rgb=UNKNOWN, text='Welcome to our Study!', units='height', win=Window(...), wrapWidth=1)
6.9303 	EXP 	Imported depression.xlsx as conditions, 2 conditions, 12 params
6.9315 	EXP 	Question text: Sadness
6.9529 	EXP 	window1: mouseVisible = True
6.9862 	EXP 	Question text: Pessimism
6.9935 	EXP 	window1: mouseVisible = True
7.0162 	EXP 	window1: mouseVisible = True
7.0206 	EXP 	Created unnamed Rect = Rect(__class__=<class 'psychopy.visual.rect.Rect'>, autoDraw=False, autoLog=True, closeShape=True, color=method-wrapper(...), colorSpace='rgb', contrast=None, depth=0, fillColor=array([0, 0, 0]), fillColorSpace='rgb', fillRGB=UNKNOWN, interpolate=True, lineColor=array([0, 0, 0]), lineColorSpace='rgb', lineRGB=UNKNOWN, lineWidth=1.5, name='unnamed Rect', opacity=0, ori=0.0, pos=array([0., 0.]), size=array([0., 0.]), units='height', vertices=ndarray(...), win=Window(...))
7.0277 	EXP 	Created DepressionQuestionnaire = <psychopy.visual.form.Form object at 0x000001E2936367B8>
7.0572 	EXP 	window1: mouseVisible = True
7.1030 	EXP 	Created instructionsText = TextStim(__class__=<class 'psychopy.visual.text.TextStim'>, alignHoriz=method-wrapper(...), alignText='center', alignVert=method-wrapper(...), anchorHoriz='center', anchorVert='center', antialias=True, autoLog=True, bold=False, color=array([1, 1, 1]), colorSpace='rgb', contrast=1.0, depth=0.0, flipHoriz=False, flipVert=False, font='Open Sans', fontFiles=[], height=0.04, italic=False, languageStyle='LTR', name='instructionsText', opacity=1, ori=0.0, pos=array([0., 0.]), rgb=UNKNOWN, text=str(...), units='height', win=Window(...), wrapWidth=1)
7.1062 	EXP 	Created hasPeriphery = ImageStim(__class__=<class 'psychopy.visual.image.ImageStim'>, autoLog=True, color=array([1, 1, 1]), colorSpace='rgb', contrast=1.0, depth=-1.0, flipHoriz=False, flipVert=False, image='sin', interpolate=True, mask=None, maskParams=None, name='hasPeriphery', opacity=1.0, ori=0.0, pos=array([0., 0.]), size=array([0.5, 0.5]), texRes=128.0, units='height', win=Window(...))
7.1087 	EXP 	Created noPeriphery = ImageStim(__class__=<class 'psychopy.visual.image.ImageStim'>, autoLog=True, color=array([1, 1, 1]), colorSpace='rgb', contrast=1.0, depth=-3.0, flipHoriz=False, flipVert=False, image='sin', interpolate=True, mask=None, maskParams=None, name='noPeriphery', opacity=1.0, ori=0.0, pos=array([0., 0.]), size=array([0.5, 0.5]), texRes=128.0, units='height', win=Window(...))
7.1110 	EXP 	Created final = ImageStim(__class__=<class 'psychopy.visual.image.ImageStim'>, autoLog=True, color=array([1, 1, 1]), colorSpace='rgb', contrast=1.0, depth=-4.0, flipHoriz=False, flipVert=False, image='sin', interpolate=True, mask=None, maskParams=None, name='final', opacity=1, ori=0.0, pos=array([0., 0.]), size=array([0.5, 0.5]), texRes=128.0, units='height', win=Window(...))
7.1120 	EXP 	Created blank_screen = Rect(__class__=<class 'psychopy.visual.rect.Rect'>, autoDraw=False, autoLog=True, closeShape=True, color=method-wrapper(...), colorSpace='rgb', contrast=None, depth=-5.0, fillColor=array([1, 1, 1]), fillColorSpace='rgb', fillRGB=UNKNOWN, interpolate=True, lineColor=array([1, 1, 1]), lineColorSpace='rgb', lineRGB=UNKNOWN, lineWidth=1.0, name='blank_screen', opacity=1.0, ori=0.0, pos=array([0., 0.]), size=array([2., 2.]), units='height', vertices=ndarray(...), win=Window(...))
7.1174 	EXP 	Created text = TextStim(__class__=<class 'psychopy.visual.text.TextStim'>, alignHoriz=method-wrapper(...), alignText='center', alignVert=method-wrapper(...), anchorHoriz='center', anchorVert='center', antialias=True, autoLog=True, bold=False, color=array([ 1, -1, -1]), colorSpace='rgb', contrast=1.0, depth=-6.0, flipHoriz=False, flipVert=False, font='Open Sans', fontFiles=[], height=0.1, italic=False, languageStyle='LTR', name='text', opacity=1, ori=0.0, pos=array([0., 0.]), rgb=UNKNOWN, text='+', units='height', win=Window(...), wrapWidth=1)
7.1281 	EXP 	Created WelcomeText = TextStim(__class__=<class 'psychopy.visual.text.TextStim'>, alignHoriz=method-wrapper(...), alignText='center', alignVert=method-wrapper(...), anchorHoriz='center', anchorVert='center', antialias=True, autoLog=True, bold=False, color=array([1, 1, 1]), colorSpace='rgb', contrast=1.0, depth=0.0, flipHoriz=False, flipVert=False, font='Open Sans', fontFiles=[], height=0.1, italic=False, languageStyle='LTR', name='WelcomeText', opacity=1, ori=0.0, pos=array([0., 0.]), rgb=UNKNOWN, text='Welcome to our Study!', units='height', win=Window(...), wrapWidth=1)
7.1307 	EXP 	Created hasPeriphery_2 = ImageStim(__class__=<class 'psychopy.visual.image.ImageStim'>, autoLog=True, color=array([1, 1, 1]), colorSpace='rgb', contrast=1.0, depth=-1.0, flipHoriz=False, flipVert=False, image='sin', interpolate=True, mask=None, maskParams=None, name='hasPeriphery_2', opacity=1.0, ori=0.0, pos=array([0., 0.]), size=array([0.5, 0.5]), texRes=128.0, units='height', win=Window(...))
7.1330 	EXP 	Created noPeriphery_2 = ImageStim(__class__=<class 'psychopy.visual.image.ImageStim'>, autoLog=True, color=array([1, 1, 1]), colorSpace='rgb', contrast=1.0, depth=-3.0, flipHoriz=False, flipVert=False, image='sin', interpolate=True, mask=None, maskParams=None, name='noPeriphery_2', opacity=1.0, ori=0.0, pos=array([0., 0.]), size=array([0.5, 0.5]), texRes=128.0, units='height', win=Window(...))
7.1348 	EXP 	Created text_2 = TextStim(__class__=<class 'psychopy.visual.text.TextStim'>, alignHoriz=method-wrapper(...), alignText='center', alignVert=method-wrapper(...), anchorHoriz='center', anchorVert='center', antialias=True, autoLog=True, bold=False, color=array([ 1, -1, -1]), colorSpace='rgb', contrast=1.0, depth=-4.0, flipHoriz=False, flipVert=False, font='Open Sans', fontFiles=[], height=0.1, italic=False, languageStyle='LTR', name='text_2', opacity=1, ori=0.0, pos=array([0., 0.]), rgb=UNKNOWN, text='+', units='height', win=Window(...), wrapWidth=1)
7.1773 	EXP 	unnamed Form: autoLog = True
7.1773 	EXP 	DepressionQuestionnaire: name = 'DepressionQuestionnaire'
7.1773 	EXP 	DepressionQuestionnaire: size = (3.5, 1)
7.1773 	EXP 	DepressionQuestionnaire: size = array([3.5, 1. ])
7.1773 	EXP 	DepressionQuestionnaire: units = 'height'
7.1773 	EXP 	DepressionQuestionnaire: depth = 0
7.1773 	EXP 	WelcomeText: autoDraw = True
8.1474 	DATA 	Keypress: space
9.1933 	EXP 	WelcomeText: autoDraw = False
9.1933 	EXP 	DepressionQuestionnaire: autoDraw = True
9.8934 	DATA 	Mouse: Left button down, pos=(720,23)
9.9262 	EXP 	DepressionQuestionnaire: autoDraw = False
9.9262 	EXP 	instructionsText: autoDraw = True
9.9978 	DATA 	Mouse:  Left button up, pos=(719,23)
10.3735 	EXP 	Imported picPaths.xlsx as conditions, 6 conditions, 4 params
10.3738 	EXP 	Created sequence: sequential, trialTypes=6, nReps=1, seed=None
10.3741 	EXP 	New trial (rep=0, index=0): {'startImage': 'C:\\Users\\hesselmann\\Desktop\\PsychoPyUniformityIllusion\\UniformityIllusionPsychoPy\\Pics\\1start.png', 'midImage': 'C:\\Users\\hesselmann\\Desktop\\PsychoPyUniformityIllusion\\UniformityIllusionPsychoPy\\Pics\\1a.png', 'endImage': 'C:\\Users\\hesselmann\\Desktop\\PsychoPyUniformityIllusion\\UniformityIllusionPsychoPy\\Pics\\1a.png', 'AB': 'a'}
10.5952 	DATA 	Keypress: space
10.6589 	EXP 	instructionsText: autoDraw = False
10.6589 	EXP 	hasPeriphery: size = array([1.77777778, 1.        ])
10.6589 	EXP 	hasPeriphery: image = 'C:\\Users\\hesselmann\\Desktop\\PsychoPyUniformityIllusion\\UniformityIllusionPsychoPy\\Pics\\1a.png'
10.6589 	EXP 	noPeriphery: size = array([1.77777778, 1.        ])
10.6589 	EXP 	noPeriphery: image = 'C:\\Users\\hesselmann\\Desktop\\PsychoPyUniformityIllusion\\UniformityIllusionPsychoPy\\Pics\\1start.png'
10.6589 	EXP 	final: size = array([1.77777778, 1.        ])
10.6589 	EXP 	final: image = 'C:\\Users\\hesselmann\\Desktop\\PsychoPyUniformityIllusion\\UniformityIllusionPsychoPy\\Pics\\1a.png'
10.6589 	EXP 	hasPeriphery: autoDraw = True
10.6589 	EXP 	hasPeriphery: texRes = 128.0
10.6589 	EXP 	noPeriphery: autoDraw = True
10.6589 	EXP 	noPeriphery: texRes = 128.0
10.6589 	EXP 	blank_screen: autoDraw = True
10.6589 	EXP 	text: autoDraw = True
10.8091 	EXP 	hasPeriphery: texRes = 128.0
10.8091 	EXP 	noPeriphery: texRes = 128.0
10.9427 	EXP 	hasPeriphery: texRes = 128.0
10.9427 	EXP 	noPeriphery: texRes = 128.0
10.9427 	EXP 	blank_screen: autoDraw = False
11.0757 	EXP 	hasPeriphery: texRes = 128.0
11.0757 	EXP 	noPeriphery: texRes = 128.0
11.2094 	EXP 	hasPeriphery: texRes = 128.0
11.2094 	EXP 	noPeriphery: texRes = 128.0
11.3429 	EXP 	hasPeriphery: texRes = 128.0
11.3429 	EXP 	noPeriphery: texRes = 128.0
11.4761 	EXP 	hasPeriphery: texRes = 128.0
11.4761 	EXP 	noPeriphery: texRes = 128.0
11.6253 	EXP 	hasPeriphery: texRes = 128.0
11.6253 	EXP 	noPeriphery: texRes = 128.0
11.7591 	EXP 	hasPeriphery: texRes = 128.0
11.7591 	EXP 	noPeriphery: texRes = 128.0
11.8923 	EXP 	hasPeriphery: texRes = 128.0
11.8923 	EXP 	noPeriphery: texRes = 128.0
12.0251 	EXP 	hasPeriphery: texRes = 128.0
12.0251 	EXP 	noPeriphery: texRes = 128.0
12.1755 	EXP 	hasPeriphery: texRes = 128.0
12.1755 	EXP 	noPeriphery: texRes = 128.0
12.3089 	EXP 	hasPeriphery: texRes = 128.0
12.3089 	EXP 	noPeriphery: texRes = 128.0
12.4418 	EXP 	hasPeriphery: texRes = 128.0
12.4418 	EXP 	noPeriphery: texRes = 128.0
12.5758 	EXP 	hasPeriphery: texRes = 128.0
12.5758 	EXP 	noPeriphery: texRes = 128.0
12.7091 	EXP 	hasPeriphery: texRes = 128.0
12.7091 	EXP 	noPeriphery: texRes = 128.0
12.8429 	EXP 	hasPeriphery: texRes = 128.0
12.8429 	EXP 	noPeriphery: texRes = 128.0
12.9750 	EXP 	hasPeriphery: texRes = 128.0
12.9750 	EXP 	noPeriphery: texRes = 128.0
13.1091 	EXP 	hasPeriphery: texRes = 128.0
13.1091 	EXP 	noPeriphery: texRes = 128.0
13.2584 	EXP 	hasPeriphery: texRes = 128.0
13.2584 	EXP 	noPeriphery: texRes = 128.0
13.4085 	EXP 	hasPeriphery: texRes = 128.0
13.4085 	EXP 	noPeriphery: texRes = 128.0
13.4085 	EXP 	final: autoDraw = True
13.5590 	EXP 	hasPeriphery: texRes = 128.0
13.5590 	EXP 	noPeriphery: texRes = 128.0
13.7090 	EXP 	hasPeriphery: texRes = 128.0
13.7090 	EXP 	noPeriphery: texRes = 128.0
13.8589 	EXP 	hasPeriphery: texRes = 128.0
13.8589 	EXP 	noPeriphery: texRes = 128.0
14.0085 	EXP 	hasPeriphery: texRes = 128.0
14.0085 	EXP 	noPeriphery: texRes = 128.0
14.1580 	EXP 	hasPeriphery: texRes = 128.0
14.1580 	EXP 	noPeriphery: texRes = 128.0
14.3085 	EXP 	hasPeriphery: texRes = 128.0
14.3085 	EXP 	noPeriphery: texRes = 128.0
14.3956 	EXP 	New trial (rep=0, index=1): {'startImage': 'C:\\Users\\hesselmann\\Desktop\\PsychoPyUniformityIllusion\\UniformityIllusionPsychoPy\\Pics\\1start.png', 'midImage': 'C:\\Users\\hesselmann\\Desktop\\PsychoPyUniformityIllusion\\UniformityIllusionPsychoPy\\Pics\\1a.png', 'endImage': 'C:\\Users\\hesselmann\\Desktop\\PsychoPyUniformityIllusion\\UniformityIllusionPsychoPy\\Pics\\1b.png', 'AB': 'b'}
14.6252 	DATA 	Keypress: space
14.6587 	EXP 	hasPeriphery: texRes = 128.0
14.6587 	EXP 	noPeriphery: texRes = 128.0
14.6587 	EXP 	hasPeriphery: autoDraw = False
14.6587 	EXP 	noPeriphery: autoDraw = False
14.6587 	EXP 	final: autoDraw = False
14.6587 	EXP 	blank_screen: autoDraw = False
14.6587 	EXP 	text: autoDraw = False
14.6587 	EXP 	hasPeriphery: size = array([1.77777778, 1.        ])
14.6587 	EXP 	hasPeriphery: image = 'C:\\Users\\hesselmann\\Desktop\\PsychoPyUniformityIllusion\\UniformityIllusionPsychoPy\\Pics\\1a.png'
14.6587 	EXP 	noPeriphery: size = array([1.77777778, 1.        ])
14.6587 	EXP 	noPeriphery: image = 'C:\\Users\\hesselmann\\Desktop\\PsychoPyUniformityIllusion\\UniformityIllusionPsychoPy\\Pics\\1start.png'
14.6587 	EXP 	final: size = array([1.77777778, 1.        ])
14.6587 	EXP 	final: image = 'C:\\Users\\hesselmann\\Desktop\\PsychoPyUniformityIllusion\\UniformityIllusionPsychoPy\\Pics\\1b.png'
14.6587 	EXP 	hasPeriphery: autoDraw = True
14.6587 	EXP 	hasPeriphery: texRes = 128.0
14.6587 	EXP 	noPeriphery: autoDraw = True
14.6587 	EXP 	noPeriphery: texRes = 128.0
14.6587 	EXP 	blank_screen: autoDraw = True
14.6587 	EXP 	text: autoDraw = True
14.8084 	EXP 	hasPeriphery: texRes = 128.0
14.8084 	EXP 	noPeriphery: texRes = 128.0
14.9424 	EXP 	hasPeriphery: texRes = 128.0
14.9424 	EXP 	noPeriphery: texRes = 128.0
14.9424 	EXP 	blank_screen: autoDraw = False
15.0753 	EXP 	hasPeriphery: texRes = 128.0
15.0753 	EXP 	noPeriphery: texRes = 128.0
15.2086 	EXP 	hasPeriphery: texRes = 128.0
15.2086 	EXP 	noPeriphery: texRes = 128.0
15.3417 	EXP 	hasPeriphery: texRes = 128.0
15.3417 	EXP 	noPeriphery: texRes = 128.0
15.4751 	EXP 	hasPeriphery: texRes = 128.0
15.4751 	EXP 	noPeriphery: texRes = 128.0
15.6078 	EXP 	hasPeriphery: texRes = 128.0
15.6078 	EXP 	noPeriphery: texRes = 128.0
15.7421 	EXP 	hasPeriphery: texRes = 128.0
15.7421 	EXP 	noPeriphery: texRes = 128.0
15.8744 	EXP 	hasPeriphery: texRes = 128.0
15.8744 	EXP 	noPeriphery: texRes = 128.0
16.0077 	EXP 	hasPeriphery: texRes = 128.0
16.0077 	EXP 	noPeriphery: texRes = 128.0
16.1420 	EXP 	hasPeriphery: texRes = 128.0
16.1420 	EXP 	noPeriphery: texRes = 128.0
16.2919 	EXP 	hasPeriphery: texRes = 128.0
16.2919 	EXP 	noPeriphery: texRes = 128.0
16.4242 	EXP 	hasPeriphery: texRes = 128.0
16.4242 	EXP 	noPeriphery: texRes = 128.0
16.5742 	EXP 	hasPeriphery: texRes = 128.0
16.5742 	EXP 	noPeriphery: texRes = 128.0
16.7075 	EXP 	hasPeriphery: texRes = 128.0
16.7075 	EXP 	noPeriphery: texRes = 128.0
16.8415 	EXP 	hasPeriphery: texRes = 128.0
16.8415 	EXP 	noPeriphery: texRes = 128.0
16.9909 	EXP 	hasPeriphery: texRes = 128.0
16.9909 	EXP 	noPeriphery: texRes = 128.0
17.1242 	EXP 	hasPeriphery: texRes = 128.0
17.1242 	EXP 	noPeriphery: texRes = 128.0
17.2576 	EXP 	hasPeriphery: texRes = 128.0
17.2576 	EXP 	noPeriphery: texRes = 128.0
17.4078 	EXP 	hasPeriphery: texRes = 128.0
17.4078 	EXP 	noPeriphery: texRes = 128.0
17.5411 	EXP 	hasPeriphery: texRes = 128.0
17.5411 	EXP 	noPeriphery: texRes = 128.0
17.6740 	EXP 	hasPeriphery: texRes = 128.0
17.6740 	EXP 	noPeriphery: texRes = 128.0
17.8244 	EXP 	hasPeriphery: texRes = 128.0
17.8244 	EXP 	noPeriphery: texRes = 128.0
17.9577 	EXP 	hasPeriphery: texRes = 128.0
17.9577 	EXP 	noPeriphery: texRes = 128.0
18.0906 	EXP 	hasPeriphery: texRes = 128.0
18.0906 	EXP 	noPeriphery: texRes = 128.0
18.2246 	EXP 	hasPeriphery: texRes = 128.0
18.2246 	EXP 	noPeriphery: texRes = 128.0
18.3581 	EXP 	hasPeriphery: texRes = 128.0
18.3581 	EXP 	noPeriphery: texRes = 128.0
18.4917 	EXP 	hasPeriphery: texRes = 128.0
18.4917 	EXP 	noPeriphery: texRes = 128.0
18.6410 	EXP 	hasPeriphery: texRes = 128.0
18.6410 	EXP 	noPeriphery: texRes = 128.0
18.7905 	EXP 	hasPeriphery: texRes = 128.0
18.7905 	EXP 	noPeriphery: texRes = 128.0
18.7905 	EXP 	final: autoDraw = True
18.9241 	EXP 	hasPeriphery: texRes = 128.0
18.9241 	EXP 	noPeriphery: texRes = 128.0
19.0905 	EXP 	hasPeriphery: texRes = 128.0
19.0905 	EXP 	noPeriphery: texRes = 128.0
19.1766 	EXP 	New trial (rep=0, index=2): {'startImage': 'C:\\Users\\hesselmann\\Desktop\\PsychoPyUniformityIllusion\\UniformityIllusionPsychoPy\\Pics\\2start.png', 'midImage': 'C:\\Users\\hesselmann\\Desktop\\PsychoPyUniformityIllusion\\UniformityIllusionPsychoPy\\Pics\\2a.png', 'endImage': 'C:\\Users\\hesselmann\\Desktop\\PsychoPyUniformityIllusion\\UniformityIllusionPsychoPy\\Pics\\2a.png', 'AB': 'a'}
19.3462 	DATA 	Keypress: space
19.3904 	EXP 	hasPeriphery: texRes = 128.0
19.3904 	EXP 	noPeriphery: texRes = 128.0
19.3904 	EXP 	hasPeriphery: autoDraw = False
19.3904 	EXP 	noPeriphery: autoDraw = False
19.3904 	EXP 	final: autoDraw = False
19.3904 	EXP 	blank_screen: autoDraw = False
19.3904 	EXP 	text: autoDraw = False
19.3904 	EXP 	hasPeriphery: size = array([1.77777778, 1.        ])
19.3904 	EXP 	hasPeriphery: image = 'C:\\Users\\hesselmann\\Desktop\\PsychoPyUniformityIllusion\\UniformityIllusionPsychoPy\\Pics\\2a.png'
19.3904 	EXP 	noPeriphery: size = array([1.77777778, 1.        ])
19.3904 	EXP 	noPeriphery: image = 'C:\\Users\\hesselmann\\Desktop\\PsychoPyUniformityIllusion\\UniformityIllusionPsychoPy\\Pics\\2start.png'
19.3904 	EXP 	final: size = array([1.77777778, 1.        ])
19.3904 	EXP 	final: image = 'C:\\Users\\hesselmann\\Desktop\\PsychoPyUniformityIllusion\\UniformityIllusionPsychoPy\\Pics\\2a.png'
19.3904 	EXP 	hasPeriphery: autoDraw = True
19.3904 	EXP 	hasPeriphery: texRes = 128.0
19.3904 	EXP 	noPeriphery: autoDraw = True
19.3904 	EXP 	noPeriphery: texRes = 128.0
19.3904 	EXP 	blank_screen: autoDraw = True
19.3904 	EXP 	text: autoDraw = True
19.5237 	EXP 	hasPeriphery: texRes = 128.0
19.5237 	EXP 	noPeriphery: texRes = 128.0
19.6404 	EXP 	hasPeriphery: texRes = 128.0
19.6404 	EXP 	noPeriphery: texRes = 128.0
19.6404 	EXP 	blank_screen: autoDraw = False
19.7574 	EXP 	hasPeriphery: texRes = 128.0
19.7574 	EXP 	noPeriphery: texRes = 128.0
19.8747 	EXP 	hasPeriphery: texRes = 128.0
19.8747 	EXP 	noPeriphery: texRes = 128.0
20.0073 	EXP 	hasPeriphery: texRes = 128.0
20.0073 	EXP 	noPeriphery: texRes = 128.0
20.1410 	EXP 	hasPeriphery: texRes = 128.0
20.1410 	EXP 	noPeriphery: texRes = 128.0
20.2577 	EXP 	hasPeriphery: texRes = 128.0
20.2577 	EXP 	noPeriphery: texRes = 128.0
20.3741 	EXP 	hasPeriphery: texRes = 128.0
20.3741 	EXP 	noPeriphery: texRes = 128.0
20.5076 	EXP 	hasPeriphery: texRes = 128.0
20.5076 	EXP 	noPeriphery: texRes = 128.0
20.6245 	EXP 	hasPeriphery: texRes = 128.0
20.6245 	EXP 	noPeriphery: texRes = 128.0
20.7405 	EXP 	hasPeriphery: texRes = 128.0
20.7405 	EXP 	noPeriphery: texRes = 128.0
20.8571 	EXP 	hasPeriphery: texRes = 128.0
20.8571 	EXP 	noPeriphery: texRes = 128.0
20.9736 	EXP 	hasPeriphery: texRes = 128.0
20.9736 	EXP 	noPeriphery: texRes = 128.0
21.0904 	EXP 	hasPeriphery: texRes = 128.0
21.0904 	EXP 	noPeriphery: texRes = 128.0
21.2069 	EXP 	hasPeriphery: texRes = 128.0
21.2069 	EXP 	noPeriphery: texRes = 128.0
21.3404 	EXP 	hasPeriphery: texRes = 128.0
21.3404 	EXP 	noPeriphery: texRes = 128.0
21.4567 	EXP 	hasPeriphery: texRes = 128.0
21.4567 	EXP 	noPeriphery: texRes = 128.0
21.5733 	EXP 	hasPeriphery: texRes = 128.0
21.5733 	EXP 	noPeriphery: texRes = 128.0
21.6903 	EXP 	hasPeriphery: texRes = 128.0
21.6903 	EXP 	noPeriphery: texRes = 128.0
21.8234 	EXP 	hasPeriphery: texRes = 128.0
21.8234 	EXP 	noPeriphery: texRes = 128.0
21.8234 	EXP 	final: autoDraw = True
21.9567 	EXP 	hasPeriphery: texRes = 128.0
21.9567 	EXP 	noPeriphery: texRes = 128.0
22.0731 	EXP 	hasPeriphery: texRes = 128.0
22.0731 	EXP 	noPeriphery: texRes = 128.0
22.1592 	DATA 	Keypress: space
22.2065 	EXP 	hasPeriphery: texRes = 128.0
22.2065 	EXP 	noPeriphery: texRes = 128.0
22.2769 	EXP 	New trial (rep=0, index=3): {'startImage': 'C:\\Users\\hesselmann\\Desktop\\PsychoPyUniformityIllusion\\UniformityIllusionPsychoPy\\Pics\\2start.png', 'midImage': 'C:\\Users\\hesselmann\\Desktop\\PsychoPyUniformityIllusion\\UniformityIllusionPsychoPy\\Pics\\2a.png', 'endImage': 'C:\\Users\\hesselmann\\Desktop\\PsychoPyUniformityIllusion\\UniformityIllusionPsychoPy\\Pics\\2b.png', 'AB': 'b'}
22.5067 	EXP 	hasPeriphery: texRes = 128.0
22.5067 	EXP 	noPeriphery: texRes = 128.0
22.5067 	EXP 	hasPeriphery: autoDraw = False
22.5067 	EXP 	noPeriphery: autoDraw = False
22.5067 	EXP 	final: autoDraw = False
22.5067 	EXP 	blank_screen: autoDraw = False
22.5067 	EXP 	text: autoDraw = False
22.5067 	EXP 	hasPeriphery: size = array([1.77777778, 1.        ])
22.5067 	EXP 	hasPeriphery: image = 'C:\\Users\\hesselmann\\Desktop\\PsychoPyUniformityIllusion\\UniformityIllusionPsychoPy\\Pics\\2a.png'
22.5067 	EXP 	noPeriphery: size = array([1.77777778, 1.        ])
22.5067 	EXP 	noPeriphery: image = 'C:\\Users\\hesselmann\\Desktop\\PsychoPyUniformityIllusion\\UniformityIllusionPsychoPy\\Pics\\2start.png'
22.5067 	EXP 	final: size = array([1.77777778, 1.        ])
22.5067 	EXP 	final: image = 'C:\\Users\\hesselmann\\Desktop\\PsychoPyUniformityIllusion\\UniformityIllusionPsychoPy\\Pics\\2b.png'
22.5067 	EXP 	hasPeriphery: autoDraw = True
22.5067 	EXP 	hasPeriphery: texRes = 128.0
22.5067 	EXP 	noPeriphery: autoDraw = True
22.5067 	EXP 	noPeriphery: texRes = 128.0
22.5067 	EXP 	blank_screen: autoDraw = True
22.5067 	EXP 	text: autoDraw = True
22.6399 	EXP 	hasPeriphery: texRes = 128.0
22.6399 	EXP 	noPeriphery: texRes = 128.0
22.7730 	EXP 	hasPeriphery: texRes = 128.0
22.7730 	EXP 	noPeriphery: texRes = 128.0
22.7730 	EXP 	blank_screen: autoDraw = False
22.8897 	EXP 	hasPeriphery: texRes = 128.0
22.8897 	EXP 	noPeriphery: texRes = 128.0
23.0069 	EXP 	hasPeriphery: texRes = 128.0
23.0069 	EXP 	noPeriphery: texRes = 128.0
23.1230 	EXP 	hasPeriphery: texRes = 128.0
23.1230 	EXP 	noPeriphery: texRes = 128.0
23.2404 	EXP 	hasPeriphery: texRes = 128.0
23.2404 	EXP 	noPeriphery: texRes = 128.0
23.3568 	EXP 	hasPeriphery: texRes = 128.0
23.3568 	EXP 	noPeriphery: texRes = 128.0
23.4896 	EXP 	hasPeriphery: texRes = 128.0
23.4896 	EXP 	noPeriphery: texRes = 128.0
23.6070 	EXP 	hasPeriphery: texRes = 128.0
23.6070 	EXP 	noPeriphery: texRes = 128.0
23.7236 	EXP 	hasPeriphery: texRes = 128.0
23.7236 	EXP 	noPeriphery: texRes = 128.0
23.8399 	EXP 	hasPeriphery: texRes = 128.0
23.8399 	EXP 	noPeriphery: texRes = 128.0
23.9564 	EXP 	hasPeriphery: texRes = 128.0
23.9564 	EXP 	noPeriphery: texRes = 128.0
24.0737 	EXP 	hasPeriphery: texRes = 128.0
24.0737 	EXP 	noPeriphery: texRes = 128.0
24.2068 	EXP 	hasPeriphery: texRes = 128.0
24.2068 	EXP 	noPeriphery: texRes = 128.0
24.3235 	EXP 	hasPeriphery: texRes = 128.0
24.3235 	EXP 	noPeriphery: texRes = 128.0
24.4405 	EXP 	hasPeriphery: texRes = 128.0
24.4405 	EXP 	noPeriphery: texRes = 128.0
24.5730 	EXP 	hasPeriphery: texRes = 128.0
24.5730 	EXP 	noPeriphery: texRes = 128.0
24.6893 	EXP 	hasPeriphery: texRes = 128.0
24.6893 	EXP 	noPeriphery: texRes = 128.0
24.8066 	EXP 	hasPeriphery: texRes = 128.0
24.8066 	EXP 	noPeriphery: texRes = 128.0
24.9410 	EXP 	hasPeriphery: texRes = 128.0
24.9410 	EXP 	noPeriphery: texRes = 128.0
24.9410 	EXP 	final: autoDraw = True
25.0729 	EXP 	hasPeriphery: texRes = 128.0
25.0729 	EXP 	noPeriphery: texRes = 128.0
25.2060 	EXP 	hasPeriphery: texRes = 128.0
25.2060 	EXP 	noPeriphery: texRes = 128.0
25.3396 	EXP 	hasPeriphery: texRes = 128.0
25.3396 	EXP 	noPeriphery: texRes = 128.0
25.4558 	EXP 	hasPeriphery: texRes = 128.0
25.4558 	EXP 	noPeriphery: texRes = 128.0
25.5901 	EXP 	hasPeriphery: texRes = 128.0
25.5901 	EXP 	noPeriphery: texRes = 128.0
25.7229 	EXP 	hasPeriphery: texRes = 128.0
25.7229 	EXP 	noPeriphery: texRes = 128.0
25.8562 	EXP 	hasPeriphery: texRes = 128.0
25.8562 	EXP 	noPeriphery: texRes = 128.0
25.9893 	EXP 	hasPeriphery: texRes = 128.0
25.9893 	EXP 	noPeriphery: texRes = 128.0
26.1057 	EXP 	hasPeriphery: texRes = 128.0
26.1057 	EXP 	noPeriphery: texRes = 128.0
26.1057 	EXP 	final: autoDraw = False
26.2394 	EXP 	hasPeriphery: texRes = 128.0
26.2394 	EXP 	noPeriphery: texRes = 128.0
26.3562 	EXP 	hasPeriphery: texRes = 128.0
26.3562 	EXP 	noPeriphery: texRes = 128.0
26.4723 	EXP 	hasPeriphery: texRes = 128.0
26.4723 	EXP 	noPeriphery: texRes = 128.0
26.5889 	EXP 	hasPeriphery: texRes = 128.0
26.5889 	EXP 	noPeriphery: texRes = 128.0
26.7060 	EXP 	hasPeriphery: texRes = 128.0
26.7060 	EXP 	noPeriphery: texRes = 128.0
26.8222 	EXP 	hasPeriphery: texRes = 128.0
26.8222 	EXP 	noPeriphery: texRes = 128.0
26.9388 	EXP 	hasPeriphery: texRes = 128.0
26.9388 	EXP 	noPeriphery: texRes = 128.0
27.0561 	EXP 	hasPeriphery: texRes = 128.0
27.0561 	EXP 	noPeriphery: texRes = 128.0
27.1888 	EXP 	hasPeriphery: texRes = 128.0
27.1888 	EXP 	noPeriphery: texRes = 128.0
27.3055 	EXP 	hasPeriphery: texRes = 128.0
27.3055 	EXP 	noPeriphery: texRes = 128.0
27.4221 	EXP 	hasPeriphery: texRes = 128.0
27.4221 	EXP 	noPeriphery: texRes = 128.0
27.4878 	EXP 	New trial (rep=0, index=4): {'startImage': 'C:\\Users\\hesselmann\\Desktop\\PsychoPyUniformityIllusion\\UniformityIllusionPsychoPy\\Pics\\3start.png', 'midImage': 'C:\\Users\\hesselmann\\Desktop\\PsychoPyUniformityIllusion\\UniformityIllusionPsychoPy\\Pics\\3a.png', 'endImage': 'C:\\Users\\hesselmann\\Desktop\\PsychoPyUniformityIllusion\\UniformityIllusionPsychoPy\\Pics\\3a.png', 'AB': 'a'}
27.6908 	DATA 	Keypress: space
27.7393 	EXP 	hasPeriphery: texRes = 128.0
27.7393 	EXP 	noPeriphery: texRes = 128.0
27.7393 	EXP 	hasPeriphery: autoDraw = False
27.7393 	EXP 	noPeriphery: autoDraw = False
27.7393 	EXP 	final: autoDraw = False
27.7393 	EXP 	blank_screen: autoDraw = False
27.7393 	EXP 	text: autoDraw = False
27.7393 	EXP 	hasPeriphery: size = array([1.77777778, 1.        ])
27.7393 	EXP 	hasPeriphery: image = 'C:\\Users\\hesselmann\\Desktop\\PsychoPyUniformityIllusion\\UniformityIllusionPsychoPy\\Pics\\3a.png'
27.7393 	EXP 	noPeriphery: size = array([1.77777778, 1.        ])
27.7393 	EXP 	noPeriphery: image = 'C:\\Users\\hesselmann\\Desktop\\PsychoPyUniformityIllusion\\UniformityIllusionPsychoPy\\Pics\\3start.png'
27.7393 	EXP 	final: size = array([1.77777778, 1.        ])
27.7393 	EXP 	final: image = 'C:\\Users\\hesselmann\\Desktop\\PsychoPyUniformityIllusion\\UniformityIllusionPsychoPy\\Pics\\3a.png'
27.7393 	EXP 	hasPeriphery: autoDraw = True
27.7393 	EXP 	hasPeriphery: texRes = 128.0
27.7393 	EXP 	noPeriphery: autoDraw = True
27.7393 	EXP 	noPeriphery: texRes = 128.0
27.7393 	EXP 	blank_screen: autoDraw = True
27.7393 	EXP 	text: autoDraw = True
27.8729 	EXP 	hasPeriphery: texRes = 128.0
27.8729 	EXP 	noPeriphery: texRes = 128.0
28.0057 	EXP 	hasPeriphery: texRes = 128.0
28.0057 	EXP 	noPeriphery: texRes = 128.0
28.0057 	EXP 	blank_screen: autoDraw = False
28.1223 	EXP 	hasPeriphery: texRes = 128.0
28.1223 	EXP 	noPeriphery: texRes = 128.0
28.2388 	EXP 	hasPeriphery: texRes = 128.0
28.2388 	EXP 	noPeriphery: texRes = 128.0
28.3556 	EXP 	hasPeriphery: texRes = 128.0
28.3556 	EXP 	noPeriphery: texRes = 128.0
28.4727 	EXP 	hasPeriphery: texRes = 128.0
28.4727 	EXP 	noPeriphery: texRes = 128.0
28.5885 	EXP 	hasPeriphery: texRes = 128.0
28.5885 	EXP 	noPeriphery: texRes = 128.0
28.7055 	EXP 	hasPeriphery: texRes = 128.0
28.7055 	EXP 	noPeriphery: texRes = 128.0
28.8226 	EXP 	hasPeriphery: texRes = 128.0
28.8226 	EXP 	noPeriphery: texRes = 128.0
28.9388 	EXP 	hasPeriphery: texRes = 128.0
28.9388 	EXP 	noPeriphery: texRes = 128.0
29.0718 	EXP 	hasPeriphery: texRes = 128.0
29.0718 	EXP 	noPeriphery: texRes = 128.0
29.1885 	EXP 	hasPeriphery: texRes = 128.0
29.1885 	EXP 	noPeriphery: texRes = 128.0
29.3051 	EXP 	hasPeriphery: texRes = 128.0
29.3051 	EXP 	noPeriphery: texRes = 128.0
29.4217 	EXP 	hasPeriphery: texRes = 128.0
29.4217 	EXP 	noPeriphery: texRes = 128.0
29.5383 	EXP 	hasPeriphery: texRes = 128.0
29.5383 	EXP 	noPeriphery: texRes = 128.0
29.6554 	EXP 	hasPeriphery: texRes = 128.0
29.6554 	EXP 	noPeriphery: texRes = 128.0
29.7720 	EXP 	hasPeriphery: texRes = 128.0
29.7720 	EXP 	noPeriphery: texRes = 128.0
29.8887 	EXP 	hasPeriphery: texRes = 128.0
29.8887 	EXP 	noPeriphery: texRes = 128.0
30.0061 	EXP 	hasPeriphery: texRes = 128.0
30.0061 	EXP 	noPeriphery: texRes = 128.0
30.1223 	EXP 	hasPeriphery: texRes = 128.0
30.1223 	EXP 	noPeriphery: texRes = 128.0
30.2382 	EXP 	hasPeriphery: texRes = 128.0
30.2382 	EXP 	noPeriphery: texRes = 128.0
30.3552 	EXP 	hasPeriphery: texRes = 128.0
30.3552 	EXP 	noPeriphery: texRes = 128.0
30.4715 	EXP 	hasPeriphery: texRes = 128.0
30.4715 	EXP 	noPeriphery: texRes = 128.0
30.6048 	EXP 	hasPeriphery: texRes = 128.0
30.6048 	EXP 	noPeriphery: texRes = 128.0
30.7214 	EXP 	hasPeriphery: texRes = 128.0
30.7214 	EXP 	noPeriphery: texRes = 128.0
30.8381 	EXP 	hasPeriphery: texRes = 128.0
30.8381 	EXP 	noPeriphery: texRes = 128.0
30.9547 	EXP 	hasPeriphery: texRes = 128.0
30.9547 	EXP 	noPeriphery: texRes = 128.0
31.0882 	EXP 	hasPeriphery: texRes = 128.0
31.0882 	EXP 	noPeriphery: texRes = 128.0
31.2214 	EXP 	hasPeriphery: texRes = 128.0
31.2214 	EXP 	noPeriphery: texRes = 128.0
31.3546 	EXP 	hasPeriphery: texRes = 128.0
31.3546 	EXP 	noPeriphery: texRes = 128.0
31.3546 	EXP 	final: autoDraw = True
31.4880 	EXP 	hasPeriphery: texRes = 128.0
31.4880 	EXP 	noPeriphery: texRes = 128.0
31.6213 	EXP 	hasPeriphery: texRes = 128.0
31.6213 	EXP 	noPeriphery: texRes = 128.0
31.7551 	EXP 	hasPeriphery: texRes = 128.0
31.7551 	EXP 	noPeriphery: texRes = 128.0
31.8880 	EXP 	hasPeriphery: texRes = 128.0
31.8880 	EXP 	noPeriphery: texRes = 128.0
32.0214 	EXP 	hasPeriphery: texRes = 128.0
32.0214 	EXP 	noPeriphery: texRes = 128.0
32.1545 	EXP 	hasPeriphery: texRes = 128.0
32.1545 	EXP 	noPeriphery: texRes = 128.0
32.2878 	EXP 	hasPeriphery: texRes = 128.0
32.2878 	EXP 	noPeriphery: texRes = 128.0
32.4214 	EXP 	hasPeriphery: texRes = 128.0
32.4214 	EXP 	noPeriphery: texRes = 128.0
32.5378 	EXP 	hasPeriphery: texRes = 128.0
32.5378 	EXP 	noPeriphery: texRes = 128.0
32.5378 	EXP 	final: autoDraw = False
32.6550 	EXP 	hasPeriphery: texRes = 128.0
32.6550 	EXP 	noPeriphery: texRes = 128.0
32.7711 	EXP 	hasPeriphery: texRes = 128.0
32.7711 	EXP 	noPeriphery: texRes = 128.0
32.8877 	EXP 	hasPeriphery: texRes = 128.0
32.8877 	EXP 	noPeriphery: texRes = 128.0
32.9612 	EXP 	New trial (rep=0, index=5): {'startImage': 'C:\\Users\\hesselmann\\Desktop\\PsychoPyUniformityIllusion\\UniformityIllusionPsychoPy\\Pics\\3start.png', 'midImage': 'C:\\Users\\hesselmann\\Desktop\\PsychoPyUniformityIllusion\\UniformityIllusionPsychoPy\\Pics\\3a.png', 'endImage': 'C:\\Users\\hesselmann\\Desktop\\PsychoPyUniformityIllusion\\UniformityIllusionPsychoPy\\Pics\\3b.png', 'AB': 'b'}
33.1639 	DATA 	Keypress: space
33.2043 	EXP 	hasPeriphery: texRes = 128.0
33.2043 	EXP 	noPeriphery: texRes = 128.0
33.2043 	EXP 	hasPeriphery: autoDraw = False
33.2043 	EXP 	noPeriphery: autoDraw = False
33.2043 	EXP 	final: autoDraw = False
33.2043 	EXP 	blank_screen: autoDraw = False
33.2043 	EXP 	text: autoDraw = False
33.2043 	EXP 	hasPeriphery: size = array([1.77777778, 1.        ])
33.2043 	EXP 	hasPeriphery: image = 'C:\\Users\\hesselmann\\Desktop\\PsychoPyUniformityIllusion\\UniformityIllusionPsychoPy\\Pics\\3a.png'
33.2043 	EXP 	noPeriphery: size = array([1.77777778, 1.        ])
33.2043 	EXP 	noPeriphery: image = 'C:\\Users\\hesselmann\\Desktop\\PsychoPyUniformityIllusion\\UniformityIllusionPsychoPy\\Pics\\3start.png'
33.2043 	EXP 	final: size = array([1.77777778, 1.        ])
33.2043 	EXP 	final: image = 'C:\\Users\\hesselmann\\Desktop\\PsychoPyUniformityIllusion\\UniformityIllusionPsychoPy\\Pics\\3b.png'
33.2043 	EXP 	hasPeriphery: autoDraw = True
33.2043 	EXP 	hasPeriphery: texRes = 128.0
33.2043 	EXP 	noPeriphery: autoDraw = True
33.2043 	EXP 	noPeriphery: texRes = 128.0
33.2043 	EXP 	blank_screen: autoDraw = True
33.2043 	EXP 	text: autoDraw = True
33.3376 	EXP 	hasPeriphery: texRes = 128.0
33.3376 	EXP 	noPeriphery: texRes = 128.0
33.4543 	EXP 	hasPeriphery: texRes = 128.0
33.4543 	EXP 	noPeriphery: texRes = 128.0
33.4543 	EXP 	blank_screen: autoDraw = False
33.5876 	EXP 	hasPeriphery: texRes = 128.0
33.5876 	EXP 	noPeriphery: texRes = 128.0
33.7055 	EXP 	hasPeriphery: texRes = 128.0
33.7055 	EXP 	noPeriphery: texRes = 128.0
33.8209 	EXP 	hasPeriphery: texRes = 128.0
33.8209 	EXP 	noPeriphery: texRes = 128.0
33.9377 	EXP 	hasPeriphery: texRes = 128.0
33.9377 	EXP 	noPeriphery: texRes = 128.0
34.0542 	EXP 	hasPeriphery: texRes = 128.0
34.0542 	EXP 	noPeriphery: texRes = 128.0
34.1711 	EXP 	hasPeriphery: texRes = 128.0
34.1711 	EXP 	noPeriphery: texRes = 128.0
34.2881 	EXP 	hasPeriphery: texRes = 128.0
34.2881 	EXP 	noPeriphery: texRes = 128.0
34.4041 	EXP 	hasPeriphery: texRes = 128.0
34.4041 	EXP 	noPeriphery: texRes = 128.0
34.5215 	EXP 	hasPeriphery: texRes = 128.0
34.5215 	EXP 	noPeriphery: texRes = 128.0
34.6548 	EXP 	hasPeriphery: texRes = 128.0
34.6548 	EXP 	noPeriphery: texRes = 128.0
34.7706 	EXP 	hasPeriphery: texRes = 128.0
34.7706 	EXP 	noPeriphery: texRes = 128.0
34.9039 	EXP 	hasPeriphery: texRes = 128.0
34.9039 	EXP 	noPeriphery: texRes = 128.0
35.0216 	EXP 	hasPeriphery: texRes = 128.0
35.0216 	EXP 	noPeriphery: texRes = 128.0
35.1539 	EXP 	hasPeriphery: texRes = 128.0
35.1539 	EXP 	noPeriphery: texRes = 128.0
35.2705 	EXP 	hasPeriphery: texRes = 128.0
35.2705 	EXP 	noPeriphery: texRes = 128.0
35.3876 	EXP 	hasPeriphery: texRes = 128.0
35.3876 	EXP 	noPeriphery: texRes = 128.0
35.5039 	EXP 	hasPeriphery: texRes = 128.0
35.5039 	EXP 	noPeriphery: texRes = 128.0
35.6212 	EXP 	hasPeriphery: texRes = 128.0
35.6212 	EXP 	noPeriphery: texRes = 128.0
35.7372 	EXP 	hasPeriphery: texRes = 128.0
35.7372 	EXP 	noPeriphery: texRes = 128.0
35.8546 	EXP 	hasPeriphery: texRes = 128.0
35.8546 	EXP 	noPeriphery: texRes = 128.0
35.9714 	EXP 	hasPeriphery: texRes = 128.0
35.9714 	EXP 	noPeriphery: texRes = 128.0
36.0870 	EXP 	hasPeriphery: texRes = 128.0
36.0870 	EXP 	noPeriphery: texRes = 128.0
36.2043 	EXP 	hasPeriphery: texRes = 128.0
36.2043 	EXP 	noPeriphery: texRes = 128.0
36.3213 	EXP 	hasPeriphery: texRes = 128.0
36.3213 	EXP 	noPeriphery: texRes = 128.0
36.4377 	EXP 	hasPeriphery: texRes = 128.0
36.4377 	EXP 	noPeriphery: texRes = 128.0
36.5540 	EXP 	hasPeriphery: texRes = 128.0
36.5540 	EXP 	noPeriphery: texRes = 128.0
36.6706 	EXP 	hasPeriphery: texRes = 128.0
36.6706 	EXP 	noPeriphery: texRes = 128.0
36.8043 	EXP 	hasPeriphery: texRes = 128.0
36.8043 	EXP 	noPeriphery: texRes = 128.0
36.8043 	EXP 	final: autoDraw = True
36.9373 	EXP 	hasPeriphery: texRes = 128.0
36.9373 	EXP 	noPeriphery: texRes = 128.0
37.0702 	EXP 	hasPeriphery: texRes = 128.0
37.0702 	EXP 	noPeriphery: texRes = 128.0
37.2042 	EXP 	hasPeriphery: texRes = 128.0
37.2042 	EXP 	noPeriphery: texRes = 128.0
37.3380 	EXP 	hasPeriphery: texRes = 128.0
37.3380 	EXP 	noPeriphery: texRes = 128.0
37.4705 	EXP 	hasPeriphery: texRes = 128.0
37.4705 	EXP 	noPeriphery: texRes = 128.0
37.6034 	EXP 	hasPeriphery: texRes = 128.0
37.6034 	EXP 	noPeriphery: texRes = 128.0
37.7375 	EXP 	hasPeriphery: texRes = 128.0
37.7375 	EXP 	noPeriphery: texRes = 128.0
37.8704 	EXP 	hasPeriphery: texRes = 128.0
37.8704 	EXP 	noPeriphery: texRes = 128.0
38.0037 	EXP 	hasPeriphery: texRes = 128.0
38.0037 	EXP 	noPeriphery: texRes = 128.0
38.0037 	EXP 	final: autoDraw = False
38.1204 	EXP 	hasPeriphery: texRes = 128.0
38.1204 	EXP 	noPeriphery: texRes = 128.0
38.2376 	EXP 	hasPeriphery: texRes = 128.0
38.2376 	EXP 	noPeriphery: texRes = 128.0
38.3541 	EXP 	hasPeriphery: texRes = 128.0
38.3541 	EXP 	noPeriphery: texRes = 128.0
38.4707 	EXP 	hasPeriphery: texRes = 128.0
38.4707 	EXP 	noPeriphery: texRes = 128.0
38.6037 	EXP 	hasPeriphery: texRes = 128.0
38.6037 	EXP 	noPeriphery: texRes = 128.0
38.7206 	EXP 	hasPeriphery: texRes = 128.0
38.7206 	EXP 	noPeriphery: texRes = 128.0
38.8370 	EXP 	hasPeriphery: texRes = 128.0
38.8370 	EXP 	noPeriphery: texRes = 128.0
38.9532 	EXP 	hasPeriphery: texRes = 128.0
38.9532 	EXP 	noPeriphery: texRes = 128.0
39.0698 	EXP 	hasPeriphery: texRes = 128.0
39.0698 	EXP 	noPeriphery: texRes = 128.0
39.2037 	EXP 	hasPeriphery: texRes = 128.0
39.2037 	EXP 	noPeriphery: texRes = 128.0
39.3197 	EXP 	hasPeriphery: texRes = 128.0
39.3197 	EXP 	noPeriphery: texRes = 128.0
39.4366 	EXP 	hasPeriphery: texRes = 128.0
39.4366 	EXP 	noPeriphery: texRes = 128.0
39.5536 	EXP 	hasPeriphery: texRes = 128.0
39.5536 	EXP 	noPeriphery: texRes = 128.0
39.6875 	EXP 	hasPeriphery: texRes = 128.0
39.6875 	EXP 	noPeriphery: texRes = 128.0
39.8203 	EXP 	hasPeriphery: texRes = 128.0
39.8203 	EXP 	noPeriphery: texRes = 128.0
39.9365 	EXP 	hasPeriphery: texRes = 128.0
39.9365 	EXP 	noPeriphery: texRes = 128.0
40.0537 	EXP 	hasPeriphery: texRes = 128.0
40.0537 	EXP 	noPeriphery: texRes = 128.0
40.1870 	EXP 	hasPeriphery: texRes = 128.0
40.1870 	EXP 	noPeriphery: texRes = 128.0
40.3197 	EXP 	hasPeriphery: texRes = 128.0
40.3197 	EXP 	noPeriphery: texRes = 128.0
40.4537 	EXP 	hasPeriphery: texRes = 128.0
40.4537 	EXP 	noPeriphery: texRes = 128.0
40.5699 	EXP 	hasPeriphery: texRes = 128.0
40.5699 	EXP 	noPeriphery: texRes = 128.0
40.6868 	EXP 	hasPeriphery: texRes = 128.0
40.6868 	EXP 	noPeriphery: texRes = 128.0
40.8029 	EXP 	hasPeriphery: texRes = 128.0
40.8029 	EXP 	noPeriphery: texRes = 128.0
40.9198 	EXP 	hasPeriphery: texRes = 128.0
40.9198 	EXP 	noPeriphery: texRes = 128.0
41.0366 	EXP 	hasPeriphery: texRes = 128.0
41.0366 	EXP 	noPeriphery: texRes = 128.0
41.1531 	EXP 	hasPeriphery: texRes = 128.0
41.1531 	EXP 	noPeriphery: texRes = 128.0
41.2696 	EXP 	hasPeriphery: texRes = 128.0
41.2696 	EXP 	noPeriphery: texRes = 128.0
41.3860 	EXP 	hasPeriphery: texRes = 128.0
41.3860 	EXP 	noPeriphery: texRes = 128.0
41.5027 	EXP 	hasPeriphery: texRes = 128.0
41.5027 	EXP 	noPeriphery: texRes = 128.0
41.6193 	EXP 	hasPeriphery: texRes = 128.0
41.6193 	EXP 	noPeriphery: texRes = 128.0
41.7526 	EXP 	hasPeriphery: texRes = 128.0
41.7526 	EXP 	noPeriphery: texRes = 128.0
41.8693 	EXP 	hasPeriphery: texRes = 128.0
41.8693 	EXP 	noPeriphery: texRes = 128.0
41.9866 	EXP 	hasPeriphery: texRes = 128.0
41.9866 	EXP 	noPeriphery: texRes = 128.0
42.1033 	EXP 	hasPeriphery: texRes = 128.0
42.1033 	EXP 	noPeriphery: texRes = 128.0
42.2364 	EXP 	hasPeriphery: texRes = 128.0
42.2364 	EXP 	noPeriphery: texRes = 128.0
42.3529 	EXP 	hasPeriphery: texRes = 128.0
42.3529 	EXP 	noPeriphery: texRes = 128.0
42.4692 	EXP 	hasPeriphery: texRes = 128.0
42.4692 	EXP 	noPeriphery: texRes = 128.0
42.5863 	EXP 	hasPeriphery: texRes = 128.0
42.5863 	EXP 	noPeriphery: texRes = 128.0
42.7025 	EXP 	hasPeriphery: texRes = 128.0
42.7025 	EXP 	noPeriphery: texRes = 128.0
42.8195 	EXP 	hasPeriphery: texRes = 128.0
42.8195 	EXP 	noPeriphery: texRes = 128.0
42.9357 	EXP 	hasPeriphery: texRes = 128.0
42.9357 	EXP 	noPeriphery: texRes = 128.0
43.0693 	EXP 	hasPeriphery: texRes = 128.0
43.0693 	EXP 	noPeriphery: texRes = 128.0
43.1861 	EXP 	hasPeriphery: texRes = 128.0
43.1861 	EXP 	noPeriphery: texRes = 128.0
43.3190 	EXP 	hasPeriphery: texRes = 128.0
43.3190 	EXP 	noPeriphery: texRes = 128.0
43.3359 	EXP 	hasPeriphery: autoDraw = False
43.3359 	EXP 	noPeriphery: autoDraw = False
44.0243 	DATA 	Keypress: escape
44.3325 	EXP 	window1: mouseVisible = True
