1.3136 	WARNING 	We strongly recommend you activate the PTB sound engine in PsychoPy prefs as the preferred audio engine. Its timing is vastly superior. Your prefs are currently set to use ['sounddevice', 'PTB', 'pyo', 'pygame'] (in that order).
9.6191 	EXP 	Created window1 = Window(allowGUI=False, allowStencil=False, autoLog=True, backendConf=UNKNOWN, bitsMode=UNKNOWN, blendMode='avg', bpc=(8, 8, 8), color=array([0, 0, 0]), colorSpace='rgb', depthBits=8, fullscr=<method-wrapper '__getattribute__' of attributeSetter object at 0x0000022B57815898>, gamma=None, gammaErrorPolicy='raise', lms=UNKNOWN, monitor=<psychopy.monitors.calibTools.Monitor object at 0x0000022B57837CC0>, multiSample=False, name='window1', numSamples=2, pos=[0.0, 0.0], screen=0, size=array([1920, 1080]), stencilBits=0, stereo=False, units='height', useFBO=True, useRetina=False, viewOri=0.0, viewPos=None, viewScale=None, waitBlanking=True, winType='pyglet')
9.6194 	EXP 	window1: mouseVisible = True
9.6195 	EXP 	window1: recordFrameIntervals = False
9.7850 	EXP 	window1: recordFrameIntervals = True
9.9685 	EXP 	window1: recordFrameIntervals = False
10.5077 	EXP 	Created WelcomeText = TextStim(__class__=<class 'psychopy.visual.text.TextStim'>, alignHoriz=method-wrapper(...), alignText='center', alignVert=method-wrapper(...), anchorHoriz='center', anchorVert='center', antialias=True, autoLog=True, bold=False, color=array([1, 1, 1]), colorSpace='rgb', contrast=1.0, depth=0.0, flipHoriz=False, flipVert=False, font='Open Sans', fontFiles=[], height=0.1, italic=False, languageStyle='LTR', name='WelcomeText', opacity=1, ori=0.0, pos=array([0., 0.]), rgb=UNKNOWN, text='Welcome to our Study!', units='height', win=Window(...), wrapWidth=1)
10.5290 	EXP 	Created instructionsText = TextStim(__class__=<class 'psychopy.visual.text.TextStim'>, alignHoriz=method-wrapper(...), alignText='center', alignVert=method-wrapper(...), anchorHoriz='center', anchorVert='center', antialias=True, autoLog=True, bold=False, color=array([1, 1, 1]), colorSpace='rgb', contrast=1.0, depth=0.0, flipHoriz=False, flipVert=False, font='Open Sans', fontFiles=[], height=0.1, italic=False, languageStyle='LTR', name='instructionsText', opacity=1, ori=0.0, pos=array([0., 0.]), rgb=UNKNOWN, text='Any text\n\nincluding line breaks', units='height', win=Window(...), wrapWidth=1)
10.7087 	EXP 	Created image = ImageStim(__class__=<class 'psychopy.visual.image.ImageStim'>, autoLog=True, color=array([1, 1, 1]), colorSpace='rgb', contrast=1.0, depth=0.0, flipHoriz=False, flipVert=False, image='stimuli\\\\3a.png', interpolate=True, mask=None, maskParams=None, name='image', opacity=1.0, ori=0.0, pos=array([0., 0.]), size=array([2., 2.]), texRes=128.0, units='height', win=Window(...))
10.7145 	EXP 	Created text = TextStim(__class__=<class 'psychopy.visual.text.TextStim'>, alignHoriz=method-wrapper(...), alignText='center', alignVert=method-wrapper(...), anchorHoriz='center', anchorVert='center', antialias=True, autoLog=True, bold=False, color=array([1, 1, 1]), colorSpace='rgb', contrast=1.0, depth=-1.0, flipHoriz=False, flipVert=False, font='Open Sans', fontFiles=[], height=0.1, italic=False, languageStyle='LTR', name='text', opacity=1, ori=0.0, pos=array([0., 0.]), rgb=UNKNOWN, text='+', units='height', win=Window(...), wrapWidth=1)
10.7690 	EXP 	WelcomeText: autoDraw = True
11.4390 	DATA 	Mouse: Left button down, pos=(938,583)
11.5726 	DATA 	Mouse:  Left button up, pos=(938,581)
11.9054 	DATA 	Keypress: space
12.7347 	EXP 	WelcomeText: autoDraw = False
12.7347 	EXP 	instructionsText: autoDraw = True
13.2562 	EXP 	Created sequence: random, trialTypes=1, nReps=5, seed=None
13.2565 	EXP 	New trial (rep=0, index=0): None
13.3057 	DATA 	Keypress: space
13.3346 	EXP 	instructionsText: autoDraw = False
13.3346 	EXP 	image: autoDraw = True
13.3346 	EXP 	image: texRes = 128.0
13.3346 	EXP 	text: autoDraw = True
13.3398 	EXP 	New trial (rep=1, index=0): None
13.3425 	EXP 	New trial (rep=2, index=0): None
13.3454 	EXP 	New trial (rep=3, index=0): None
13.3486 	EXP 	New trial (rep=4, index=0): None
13.3516 	EXP 	Created sequence: random, trialTypes=1, nReps=5, seed=None
13.3518 	EXP 	New trial (rep=0, index=0): None
13.3540 	EXP 	New trial (rep=1, index=0): None
13.3561 	EXP 	New trial (rep=2, index=0): None
13.3579 	EXP 	New trial (rep=3, index=0): None
13.3600 	EXP 	New trial (rep=4, index=0): None
13.3846 	EXP 	image: autoDraw = False
13.3846 	EXP 	text: autoDraw = False
13.3846 	EXP 	image: autoDraw = False
13.3846 	EXP 	text: autoDraw = False
13.3846 	EXP 	image: autoDraw = False
13.3846 	EXP 	text: autoDraw = False
13.3846 	EXP 	image: autoDraw = False
13.3846 	EXP 	text: autoDraw = False
13.3846 	EXP 	image: autoDraw = False
13.3846 	EXP 	text: autoDraw = False
13.5298 	EXP 	window1: mouseVisible = True
