1.0198 	WARNING 	We strongly recommend you activate the PTB sound engine in PsychoPy prefs as the preferred audio engine. Its timing is vastly superior. Your prefs are currently set to use ['sounddevice', 'PTB', 'pyo', 'pygame'] (in that order).
7.1887 	EXP 	Created window1 = Window(allowGUI=False, allowStencil=False, autoLog=True, backendConf=UNKNOWN, bitsMode=UNKNOWN, blendMode='avg', bpc=(8, 8, 8), color=array([0, 0, 0]), colorSpace='rgb', depthBits=8, fullscr=<method-wrapper '__getattribute__' of attributeSetter object at 0x00000226ED3148D0>, gamma=None, gammaErrorPolicy='raise', lms=UNKNOWN, monitor=<psychopy.monitors.calibTools.Monitor object at 0x00000226ED2E9F60>, multiSample=False, name='window1', numSamples=2, pos=[0.0, 0.0], screen=0, size=array([1920, 1080]), stencilBits=0, stereo=False, units='height', useFBO=True, useRetina=False, viewOri=0.0, viewPos=None, viewScale=None, waitBlanking=True, winType='pyglet')
7.1889 	EXP 	window1: mouseVisible = True
7.1889 	EXP 	window1: recordFrameIntervals = False
7.3549 	EXP 	window1: recordFrameIntervals = True
7.5388 	EXP 	window1: recordFrameIntervals = False
8.0200 	EXP 	Created WelcomeText = TextStim(__class__=<class 'psychopy.visual.text.TextStim'>, alignHoriz=method-wrapper(...), alignText='center', alignVert=method-wrapper(...), anchorHoriz='center', anchorVert='center', antialias=True, autoLog=True, bold=False, color=array([1, 1, 1]), colorSpace='rgb', contrast=1.0, depth=0.0, flipHoriz=False, flipVert=False, font='Open Sans', fontFiles=[], height=0.1, italic=False, languageStyle='LTR', name='WelcomeText', opacity=1, ori=0.0, pos=array([0., 0.]), rgb=UNKNOWN, text='Welcome to our Study!', units='height', win=Window(...), wrapWidth=1)
8.0339 	EXP 	Imported test.xlsx as conditions, 1 conditions, 11 params
8.0349 	EXP 	Question text: test
8.0534 	EXP 	window1: mouseVisible = True
8.0848 	EXP 	window1: mouseVisible = True
8.0889 	EXP 	Created unnamed Rect = Rect(__class__=<class 'psychopy.visual.rect.Rect'>, autoDraw=False, autoLog=True, closeShape=True, color=method-wrapper(...), colorSpace='rgb', contrast=None, depth=0, fillColor=array([0, 0, 0]), fillColorSpace='rgb', fillRGB=UNKNOWN, interpolate=True, lineColor=array([0, 0, 0]), lineColorSpace='rgb', lineRGB=UNKNOWN, lineWidth=1.5, name='unnamed Rect', opacity=0, ori=0.0, pos=array([0., 0.]), size=array([0., 0.]), units='height', vertices=ndarray(...), win=Window(...))
8.0946 	EXP 	Created DepressionQuestionnaire = <psychopy.visual.form.Form object at 0x00000226EFDEBA58>
8.1181 	EXP 	window1: mouseVisible = True
8.1316 	EXP 	Created instructionsText = TextStim(__class__=<class 'psychopy.visual.text.TextStim'>, alignHoriz=method-wrapper(...), alignText='center', alignVert=method-wrapper(...), anchorHoriz='center', anchorVert='center', antialias=True, autoLog=True, bold=False, color=array([1, 1, 1]), colorSpace='rgb', contrast=1.0, depth=0.0, flipHoriz=False, flipVert=False, font='Open Sans', fontFiles=[], height=0.1, italic=False, languageStyle='LTR', name='instructionsText', opacity=1, ori=0.0, pos=array([0., 0.]), rgb=UNKNOWN, text='Any text\n\nincluding line breaks', units='height', win=Window(...), wrapWidth=1)
8.2729 	EXP 	Created hasPeriphery = ImageStim(__class__=<class 'psychopy.visual.image.ImageStim'>, autoLog=True, color=array([1, 1, 1]), colorSpace='rgb', contrast=1.0, depth=0.0, flipHoriz=False, flipVert=False, image='stimuli\\\\3a.png', interpolate=True, mask=None, maskParams=None, name='hasPeriphery', opacity=1.0, ori=0.0, pos=array([0., 0.]), size=array([1.77777778, 1.        ]), texRes=128.0, units='height', win=Window(...))
8.2777 	EXP 	Created text = TextStim(__class__=<class 'psychopy.visual.text.TextStim'>, alignHoriz=method-wrapper(...), alignText='center', alignVert=method-wrapper(...), anchorHoriz='center', anchorVert='center', antialias=True, autoLog=True, bold=False, color=array([1, 1, 1]), colorSpace='rgb', contrast=1.0, depth=-1.0, flipHoriz=False, flipVert=False, font='Open Sans', fontFiles=[], height=0.1, italic=False, languageStyle='LTR', name='text', opacity=1, ori=0.0, pos=array([0., 0.]), rgb=UNKNOWN, text='+', units='height', win=Window(...), wrapWidth=1)
8.4167 	EXP 	Created noPeriphery = ImageStim(__class__=<class 'psychopy.visual.image.ImageStim'>, autoLog=True, color=array([1, 1, 1]), colorSpace='rgb', contrast=1.0, depth=-3.0, flipHoriz=False, flipVert=False, image='stimuli\\\\3start.png', interpolate=True, mask=None, maskParams=None, name='noPeriphery', opacity=1.0, ori=0.0, pos=array([0., 0.]), size=array([1.77777778, 1.        ]), texRes=128.0, units='height', win=Window(...))
8.4713 	EXP 	unnamed Form: autoLog = True
8.4713 	EXP 	DepressionQuestionnaire: name = 'DepressionQuestionnaire'
8.4713 	EXP 	DepressionQuestionnaire: size = (1, 0.7)
8.4713 	EXP 	DepressionQuestionnaire: size = array([1. , 0.7])
8.4713 	EXP 	DepressionQuestionnaire: units = 'height'
8.4713 	EXP 	DepressionQuestionnaire: depth = 0
8.4713 	EXP 	WelcomeText: autoDraw = True
9.1739 	DATA 	Keypress: space
10.1576 	DATA 	Keypress: space
10.4543 	EXP 	WelcomeText: autoDraw = False
10.4543 	EXP 	DepressionQuestionnaire: autoDraw = True
10.5875 	DATA 	Keypress: space
11.2554 	DATA 	Mouse: Left button down, pos=(854,546)
11.2871 	EXP 	DepressionQuestionnaire: autoDraw = False
11.2871 	EXP 	instructionsText: autoDraw = True
11.3251 	DATA 	Mouse:  Left button up, pos=(852,543)
16.4571 	EXP 	Created sequence: random, trialTypes=1, nReps=5, seed=None
16.4573 	EXP 	New trial (rep=0, index=0): None
16.5320 	DATA 	Keypress: space
16.5861 	EXP 	instructionsText: autoDraw = False
16.5861 	EXP 	hasPeriphery: autoDraw = True
16.5861 	EXP 	hasPeriphery: texRes = 128.0
16.5861 	EXP 	text: autoDraw = True
16.5861 	EXP 	noPeriphery: autoDraw = True
16.5861 	EXP 	noPeriphery: texRes = 128.0
16.7026 	EXP 	hasPeriphery: texRes = 128.0
16.7026 	EXP 	noPeriphery: texRes = 128.0
16.8190 	EXP 	hasPeriphery: texRes = 128.0
16.8190 	EXP 	noPeriphery: texRes = 128.0
16.9362 	EXP 	hasPeriphery: texRes = 128.0
16.9362 	EXP 	noPeriphery: texRes = 128.0
17.0523 	EXP 	hasPeriphery: texRes = 128.0
17.0523 	EXP 	noPeriphery: texRes = 128.0
17.1697 	EXP 	hasPeriphery: texRes = 128.0
17.1697 	EXP 	noPeriphery: texRes = 128.0
17.2871 	EXP 	hasPeriphery: texRes = 128.0
17.2871 	EXP 	noPeriphery: texRes = 128.0
17.4196 	EXP 	hasPeriphery: texRes = 128.0
17.4196 	EXP 	noPeriphery: texRes = 128.0
17.5369 	EXP 	hasPeriphery: texRes = 128.0
17.5369 	EXP 	noPeriphery: texRes = 128.0
17.6689 	EXP 	hasPeriphery: texRes = 128.0
17.6689 	EXP 	noPeriphery: texRes = 128.0
17.7862 	EXP 	hasPeriphery: texRes = 128.0
17.7862 	EXP 	noPeriphery: texRes = 128.0
17.9024 	EXP 	hasPeriphery: texRes = 128.0
17.9024 	EXP 	noPeriphery: texRes = 128.0
18.0192 	EXP 	hasPeriphery: texRes = 128.0
18.0192 	EXP 	noPeriphery: texRes = 128.0
18.1358 	EXP 	hasPeriphery: texRes = 128.0
18.1358 	EXP 	noPeriphery: texRes = 128.0
18.2527 	EXP 	hasPeriphery: texRes = 128.0
18.2527 	EXP 	noPeriphery: texRes = 128.0
18.3859 	EXP 	hasPeriphery: texRes = 128.0
18.3859 	EXP 	noPeriphery: texRes = 128.0
18.5021 	EXP 	hasPeriphery: texRes = 128.0
18.5021 	EXP 	noPeriphery: texRes = 128.0
18.6355 	EXP 	hasPeriphery: texRes = 128.0
18.6355 	EXP 	noPeriphery: texRes = 128.0
18.7519 	EXP 	hasPeriphery: texRes = 128.0
18.7519 	EXP 	noPeriphery: texRes = 128.0
18.8686 	EXP 	hasPeriphery: texRes = 128.0
18.8686 	EXP 	noPeriphery: texRes = 128.0
18.9858 	EXP 	hasPeriphery: texRes = 128.0
18.9858 	EXP 	noPeriphery: texRes = 128.0
19.1019 	EXP 	hasPeriphery: texRes = 128.0
19.1019 	EXP 	noPeriphery: texRes = 128.0
19.2188 	EXP 	hasPeriphery: texRes = 128.0
19.2188 	EXP 	noPeriphery: texRes = 128.0
19.3351 	EXP 	hasPeriphery: texRes = 128.0
19.3351 	EXP 	noPeriphery: texRes = 128.0
19.4518 	EXP 	hasPeriphery: texRes = 128.0
19.4518 	EXP 	noPeriphery: texRes = 128.0
19.5688 	EXP 	hasPeriphery: texRes = 128.0
19.5688 	EXP 	noPeriphery: texRes = 128.0
19.5854 	EXP 	hasPeriphery: autoDraw = False
19.5854 	EXP 	noPeriphery: autoDraw = False
23.4233 	DATA 	Keypress: escape
23.7987 	EXP 	window1: mouseVisible = True
