1.6347 	WARNING 	We strongly recommend you activate the PTB sound engine in PsychoPy prefs as the preferred audio engine. Its timing is vastly superior. Your prefs are currently set to use ['sounddevice', 'PTB', 'pyo', 'pygame'] (in that order).
12.7427 	WARNING 	Couldn't measure a consistent frame rate.
  - Is your graphics card set to sync to vertical blank?
  - Are you running other processes on your computer?

12.7433 	EXP 	Created window1 = Window(allowGUI=False, allowStencil=False, autoLog=True, backendConf=UNKNOWN, bitsMode=UNKNOWN, blendMode='avg', bpc=(8, 8, 8), color=array([0, 0, 0]), colorSpace='rgb', depthBits=8, fullscr=<method-wrapper '__getattribute__' of attributeSetter object at 0x000001B229E2E4A8>, gamma=None, gammaErrorPolicy='raise', lms=UNKNOWN, monitor=<psychopy.monitors.calibTools.Monitor object at 0x000001B229EC2B38>, multiSample=False, name='window1', numSamples=2, pos=[0.0, 0.0], screen=0, size=array([1920, 1080]), stencilBits=0, stereo=False, units='height', useFBO=True, useRetina=False, viewOri=0.0, viewPos=None, viewScale=None, waitBlanking=True, winType='pyglet')
12.7435 	EXP 	window1: mouseVisible = True
12.7436 	EXP 	window1: recordFrameIntervals = False
12.9847 	EXP 	window1: recordFrameIntervals = True
13.0592 	WARNING 	t of last frame was 33.52ms (=1/29)
13.1091 	WARNING 	t of last frame was 33.30ms (=1/30)
13.1986 	WARNING 	t of last frame was 22.88ms (=1/43)
13.2256 	WARNING 	t of last frame was 27.04ms (=1/36)
13.2758 	WARNING 	Multiple dropped frames have occurred - I'll stop bothering you about them!
15.0089 	WARNING 	Couldn't measure a consistent frame rate.
  - Is your graphics card set to sync to vertical blank?
  - Are you running other processes on your computer?

15.2511 	EXP 	Created WelcomeText = TextStim(__class__=<class 'psychopy.visual.text.TextStim'>, alignHoriz=method-wrapper(...), alignText='center', alignVert=method-wrapper(...), anchorHoriz='center', anchorVert='center', antialias=True, autoLog=True, bold=False, color=array([1, 1, 1]), colorSpace='rgb', contrast=1.0, depth=0.0, flipHoriz=False, flipVert=False, font='Open Sans', fontFiles=[], height=0.1, italic=False, languageStyle='LTR', name='WelcomeText', opacity=1, ori=0.0, pos=array([0., 0.]), rgb=UNKNOWN, text='Welcome to our Study!', units='height', win=Window(...), wrapWidth=1)
15.2795 	EXP 	Created instructionsText = TextStim(__class__=<class 'psychopy.visual.text.TextStim'>, alignHoriz=method-wrapper(...), alignText='center', alignVert=method-wrapper(...), anchorHoriz='center', anchorVert='center', antialias=True, autoLog=True, bold=False, color=array([1, 1, 1]), colorSpace='rgb', contrast=1.0, depth=0.0, flipHoriz=False, flipVert=False, font='Open Sans', fontFiles=[], height=0.1, italic=False, languageStyle='LTR', name='instructionsText', opacity=1, ori=0.0, pos=array([0., 0.]), rgb=UNKNOWN, text='Any text\n\nincluding line breaks', units='height', win=Window(...), wrapWidth=1)
15.4613 	EXP 	Created image = ImageStim(__class__=<class 'psychopy.visual.image.ImageStim'>, autoLog=True, color=array([1, 1, 1]), colorSpace='rgb', contrast=1.0, depth=0.0, flipHoriz=False, flipVert=False, image='stimuli\\\\3a.png', interpolate=True, mask=None, maskParams=None, name='image', opacity=1.0, ori=0.0, pos=array([0., 0.]), size=array([2., 2.]), texRes=128.0, units='height', win=Window(...))
15.4678 	EXP 	Created text = TextStim(__class__=<class 'psychopy.visual.text.TextStim'>, alignHoriz=method-wrapper(...), alignText='center', alignVert=method-wrapper(...), anchorHoriz='center', anchorVert='center', antialias=True, autoLog=True, bold=False, color=array([1, 1, 1]), colorSpace='rgb', contrast=1.0, depth=-1.0, flipHoriz=False, flipVert=False, font='Open Sans', fontFiles=[], height=0.1, italic=False, languageStyle='LTR', name='text', opacity=1, ori=0.0, pos=array([0., 0.]), rgb=UNKNOWN, text='+', units='height', win=Window(...), wrapWidth=1)
15.5165 	EXP 	WelcomeText: autoDraw = True
16.2789 	DATA 	Mouse: Left button down, pos=(841,647)
16.4288 	DATA 	Mouse:  Left button up, pos=(841,647)
16.5290 	DATA 	Keypress: space
16.8446 	DATA 	Keypress: space
17.4619 	DATA 	Mouse: Left button down, pos=(944,619)
17.5082 	EXP 	WelcomeText: autoDraw = False
17.5082 	EXP 	instructionsText: autoDraw = True
17.5640 	DATA 	Mouse:  Left button up, pos=(944,619)
17.9046 	EXP 	Created sequence: random, trialTypes=1, nReps=5, seed=None
17.9049 	EXP 	New trial (rep=0, index=0): None
17.9525 	DATA 	Keypress: space
17.9924 	EXP 	instructionsText: autoDraw = False
17.9924 	EXP 	image: autoDraw = True
17.9924 	EXP 	image: texRes = 128.0
17.9924 	EXP 	text: autoDraw = True
18.0756 	EXP 	image: texRes = 128.0
18.1659 	EXP 	image: texRes = 128.0
18.2588 	EXP 	image: texRes = 128.0
18.3509 	EXP 	image: texRes = 128.0
18.4477 	EXP 	image: texRes = 128.0
18.5413 	EXP 	image: texRes = 128.0
18.6338 	EXP 	image: texRes = 128.0
18.7247 	EXP 	image: texRes = 128.0
18.8250 	EXP 	image: texRes = 128.0
18.9317 	EXP 	image: texRes = 128.0
19.0254 	EXP 	image: texRes = 128.0
19.1101 	EXP 	image: texRes = 128.0
19.2079 	EXP 	image: texRes = 128.0
19.3083 	EXP 	image: texRes = 128.0
19.3727 	DATA 	Mouse: Left button down, pos=(925,578)
19.4086 	EXP 	image: texRes = 128.0
19.5167 	EXP 	image: texRes = 128.0
19.6080 	EXP 	image: texRes = 128.0
19.7086 	EXP 	image: texRes = 128.0
19.8101 	EXP 	image: texRes = 128.0
19.8962 	EXP 	image: texRes = 128.0
19.9918 	EXP 	image: texRes = 128.0
20.0528 	DATA 	Mouse:  Left button up, pos=(1023,487)
20.0880 	EXP 	image: texRes = 128.0
20.1743 	EXP 	image: texRes = 128.0
20.2687 	EXP 	image: texRes = 128.0
20.3579 	EXP 	image: texRes = 128.0
20.4463 	EXP 	image: texRes = 128.0
20.5410 	EXP 	image: texRes = 128.0
20.6242 	EXP 	image: texRes = 128.0
20.7095 	EXP 	image: texRes = 128.0
20.8269 	EXP 	image: texRes = 128.0
20.9077 	EXP 	image: texRes = 128.0
21.0074 	EXP 	image: texRes = 128.0
21.1172 	EXP 	image: texRes = 128.0
21.2129 	EXP 	image: texRes = 128.0
21.3085 	EXP 	image: texRes = 128.0
21.3921 	EXP 	image: texRes = 128.0
21.4907 	EXP 	image: texRes = 128.0
21.5748 	EXP 	image: texRes = 128.0
21.6755 	EXP 	image: texRes = 128.0
21.7742 	EXP 	image: texRes = 128.0
21.8740 	EXP 	image: texRes = 128.0
21.9663 	EXP 	image: texRes = 128.0
22.0575 	EXP 	image: texRes = 128.0
22.1492 	EXP 	image: texRes = 128.0
22.2406 	EXP 	image: texRes = 128.0
22.3314 	EXP 	image: texRes = 128.0
22.4321 	EXP 	image: texRes = 128.0
22.5244 	EXP 	image: texRes = 128.0
22.6251 	EXP 	image: texRes = 128.0
22.7071 	EXP 	image: texRes = 128.0
22.8071 	EXP 	image: texRes = 128.0
22.8907 	EXP 	image: texRes = 128.0
22.9849 	EXP 	image: texRes = 128.0
23.0847 	EXP 	image: texRes = 128.0
23.1801 	EXP 	image: texRes = 128.0
23.2752 	EXP 	image: texRes = 128.0
23.3744 	EXP 	image: texRes = 128.0
23.4753 	EXP 	image: texRes = 128.0
23.5740 	EXP 	image: texRes = 128.0
23.6660 	EXP 	image: texRes = 128.0
23.7650 	EXP 	image: texRes = 128.0
23.8569 	EXP 	image: texRes = 128.0
23.9525 	EXP 	image: texRes = 128.0
24.0466 	EXP 	image: texRes = 128.0
24.1404 	EXP 	image: texRes = 128.0
24.2304 	EXP 	image: texRes = 128.0
24.3235 	EXP 	image: texRes = 128.0
24.4168 	EXP 	image: texRes = 128.0
24.5139 	EXP 	image: texRes = 128.0
24.6077 	EXP 	image: texRes = 128.0
24.7069 	EXP 	image: texRes = 128.0
24.8067 	EXP 	image: texRes = 128.0
24.8928 	EXP 	image: texRes = 128.0
24.9911 	EXP 	image: texRes = 128.0
25.0930 	EXP 	image: texRes = 128.0
25.1746 	EXP 	image: texRes = 128.0
25.2733 	EXP 	image: texRes = 128.0
25.3733 	EXP 	image: texRes = 128.0
25.4752 	EXP 	image: texRes = 128.0
25.5692 	EXP 	image: texRes = 128.0
25.6568 	EXP 	image: texRes = 128.0
25.7510 	EXP 	image: texRes = 128.0
25.8398 	EXP 	image: texRes = 128.0
25.9487 	EXP 	image: texRes = 128.0
26.0398 	EXP 	image: texRes = 128.0
26.1399 	EXP 	image: texRes = 128.0
26.2429 	EXP 	image: texRes = 128.0
26.3400 	EXP 	image: texRes = 128.0
26.4407 	EXP 	image: texRes = 128.0
26.5230 	EXP 	image: texRes = 128.0
26.6262 	EXP 	image: texRes = 128.0
26.7248 	EXP 	image: texRes = 128.0
26.8270 	EXP 	image: texRes = 128.0
26.9249 	EXP 	image: texRes = 128.0
27.0264 	EXP 	image: texRes = 128.0
27.1266 	EXP 	image: texRes = 128.0
27.2229 	EXP 	image: texRes = 128.0
27.3229 	EXP 	image: texRes = 128.0
27.4281 	EXP 	image: texRes = 128.0
27.5238 	EXP 	image: texRes = 128.0
27.6228 	EXP 	image: texRes = 128.0
27.7077 	EXP 	image: texRes = 128.0
27.8105 	EXP 	image: texRes = 128.0
27.9142 	EXP 	image: texRes = 128.0
28.0066 	EXP 	image: texRes = 128.0
28.0228 	EXP 	image: autoDraw = False
53.6114 	DATA 	Keypress: escape
53.8909 	EXP 	window1: mouseVisible = True
